‘direct-space’
 Biochemistry
AI
ALEPH experiment
Ab Initio
Ab initio
Ab-Initio
Advanced
Agricoltural and Environmental Science
Agricolture
Agricultural Biochemistry and Nutrition
Agricultural Sciences
Agricultural and Environmental Science
Amorphous
Analysis
Analytical
Anatomy
Anatomy and Cell Biology
Anatomy and Developmental Biology
Animal
Animal Behaviour
Animal and Plant Sciences
Applications
Applied
Architectural
Arsenic
Artificial
Astronomical
Astronomy
Astrophysics
Atomic
Automated
Based
Bio Engineering
Bio-Engineering
Bio-Medical Physics & Bio-Engineering
Bio-inspired
Biochemical Engineering
Biochemical Pathology
Biochemistry
Biochemistry and Biophysics
Biochemistry and Microbiology
Biochemistry and Molecular Biology
Biogeochemistry
Biological
Biological Chemistry
Biological Chemistry and Molecular Pharmacology
Biological Science
Biological Sciences
Biological and Nutritional Sciences
Biology
Biology as Applied to Medicine
Biomechanical Engineering
Biomedical
Biomedical Sciences
Biomolecular
Biomolecular Organization
Biomolecular Sciences
Biophotonics
Biophysics
Biotechnology
Botany
Botany and Microbiology
Brain
Brain and Cognitive Science
Breeding
Bristol
Business
CS
Cancer
Cancer Research
Cardiovascular
Catalysis
Cell
Cell Biology
Cell Biology and Cell Biophysics
Cell Physiology
Cell and Molecular Biophysics
Cellular
Cellular Biology
Cellular and Molecular Physiology
Chemical
Chemical Engineering
Chemical Technology
Chemical and Biochemical Engineering
Chemistry
Chemistry and Molecular Biophysics & Biochemistry
Clinical Biochemistry
Clinical Pharmacology
Clinical Sciences and Services
Clinical Veterinary Medicine
Clinical Veterinary Science
Coding
Cognition
Cognitive
Cognitive Perceptual and Brain Sciences
Cognitive Science
Collisions
Communication
Communications
Complexity
Computation
Computational
Computational and Systems
Computer
Computer Science
Computing
Condensed
Cosmology
Craniofacial Development
Crop Productivity and Improvement
Crystallography
Cybernetics
Data
Decision
Department of Anatomy
Deriving
Detection
Determination
Development
Developmental Biology
Digestive Diseases
Discipline
Disease
Drug-Design
Dynamics
Earth and Environmental Sciences
Ecological
Ecology
Ecology and Evolutionary Biology
Electrical
Electrochemistry
Electromechanical
Electronic
Electronics
Energy
Engineering
Engineering Science
Entomology
Environmental
Environmental Toxicology
Ergonomics
Evolution of
Experimental
Experimental Psychology
External Psychology
Farm Animal and Equine Medicine and Surgey
Financial
Food Biosciences
Food and Biological Sciences
Food and Nutritional Science
Food and Nutritional Sciences
Food and Rural
Forests
Fusion
Game Theory
Gene Regulation and Expression
Genetics
Genetics and Microbiology
Genomics and Development
Geographical
Geology
Geology and Mining
Geosciences
Graphics
Gravitational
Health
Heterogeneous Catalysis
High
Higher Education
History
Human
Human Metabolism & Clinical Biochemistry
Human Toxicity
Human and Animal Biology
Human-Computer
Hypermedia
Image
Imaging
Immunity
Immunology
Industrial
Infectious
Informatics
Information
Information Studies
Innate
Inorganic
Instrumentation
Intelligence
Intelligent
Interactions
Interdisciplinary Research
Ionospheric
Laboratory of Molecular Biology
Language
Laser
Lasers
Learning
Learnings
Life
Life Science
Life Sciences
Linguistic
Linguistics
Low
Machine
Machines
Macromolecular Chemistry
Magnetic
Magnetospheric
Management
Manufacturing
Markets
Materials
Materials Physics
Mathematical
Mathematical Sciences
Mathematics
Mathematics and Optometry and Neuroscience
Maths
Matter
Mechanical
Mechanical Engineering
Mechanisms
Med
Medical
Medical Biophysics
Medical Physics and Biophysics
Medical School Genetics
Medicinal
Medicine
Membrane
Metal-containing
Metallurgy and Science of Materials
Method
Methodology
Methods
Metrics
Metrology
Microbe
Microbiology
Microbiology, Immunology and Molecular Genetics
Microelectronics
Microsystems
Millimetre
Molecular
Molecular Biology
Molecular Biology and Biotechnology
Molecular Biophysics
Molecular Biophysics and Biochemistry
Molecular Genetics
Molecular Medicine
Molecular Microbiology
Molecular Neurobiology
Molecular Neurobiology Research
Molecular Pharmacology
Molecular and Cell Biology
Molecular and Genetic Medicine
Molecular and Human Genetics
Multimedia
Musicology
Nanomaterials
Nanoscale
Nanotechnology
Natural
Natural Sciences
Negotiation
Neural
Neural-Symbolic Computation
Neurobiology
Neuroendocrinology
Neurogenetics
Neurophysiology
Neuroscience
Non-linear
Nonlinear
Numerical
Nutrition
Observational
Obstetrics and Gynaecology
Oncology
Optical
Optics
Optoelectronics
Oral Biology
Organic
Organic Chemistry
Organometallic
Oxide
Paediatrics
Particle
Particles
Pathogen
Pathology
Pharmaceutical
Pharmaceutical Sciences
Pharmacological Sciences
Pharmacology
Pharmacology and Therapeutics
Pharmacutical Sciences
Pharmacy
Pharmacy and Biomedical Sciences
Phatology
Philosophy
Photochemistry
Photoelectron
Photonics
Physical
Physics
Physiological Sciences
Physiology
Physiology and Anatomy
Physiology and Pharmacology
Physiology of Organisms
Physiology, Anatomy and Genetics
Plant
Plant Biology
Plant Science
Plant Sciences
Plant-
Polymer
Population Health
Primary Health Care
Printmaking
Probability and Statistics
Process
Process Research
Processing
Professional IT
Protection
Psychology
Pure
Radiation
Radio-Astronomy
Radio-astronomy
Relativity
Reproduction
Reproductive Biology
Reproductive Developmental Medicine
Research
Resistances
Resonance
Resources
Rheumatology
Rhizosphere carbon-flow
Robotic
Robotics
Safety
Science
Sciences
Scientific
Security
Semiconductor
Semiconductors
Ship
Signal
Signalling
Social
Software
Solid State
Solution
Solutions
Space
Species
Spectroscopy
Speech
Staff
Statistics
Strategy and Resources
Structural
Structural Biology
Structure
Submillimetre
Superconductors
Support
Supra
Supramolecular
Surface
Surface Science
Surgery
Synthetic
Systematic
Systems
Teaching
Technologies
Technology
Telecommunications
Temperature
Terrestrial
Theoretical
Theoretical Physics
Theroetical
Translational
Veterinary
Veterinary Basic Sciences
Veterinary Clinical Sciences
Veterinary Medicine
Veterinary Pathology
Virology
Vision
Vision Sciences
Visualisation
Web
Welfare
Wireless
Women's Health
X-ray
Zoology
Zoology and Electrical Engineering
ab-initio
advanced
ai
amorphous
analysis
analytical
animal
applications
applied
architectural
arsenic
artificial
astronomical
astronomy
astrophysics
atomic
automated
based
bio-inspired
biochemistry
biogeochemistry
biological
biology
biomedical
biophotonics
biophysics
breeding
business
catalysis
cell
cellular
chemical
chemistry
coding
cognition
cognitive
collisions
communication
communications
complexity
computation
computational
computer
computer science
computing
condensed
cosmology
data
decision
deriving
detection
determination
development
direct-space
discipline
disease
drug-design
dynamics
ecology
electrical
electrochemistry
electromechanical
electronic
electronics
energy
engineering
environmental
evolution of
experimental
financial
fusion
game theory
genetics
geographical
geology
graphics
gravitational
high
higher education
history
human
hypermedia
image
imaging
immunity
in Plants
in plants
industrial
infectious
informatics
information
innate
inorganic
instrumentation
intelligence
intelligent
interactions
interdisciplinary research
ionospheric
language
laser
lasers
learning
learnings
linguistic
linguistics
low
machine
machines
magnetic
magnetospheric
management
manufacturing
markets
materials
mathematical
mathematics
maths
matter
mechanical
mechanisms
med
medical
medicinal
membrane
metal-containing
method
methodology
methods
metrics
metrology
microelectronics
microsystems
molecular
multimedia
musicology
nanomaterials
nanoscale
nanotechnology
natural
negotiation
neural
neural-symbolic computation
neurobiology
non-linear
nonlinear
numerical
observational
optical
optics
optoelectronics
organic
organometallic
oxide
particle
particles
pharmaceutical
philosophy
photochemistry
photoelectron
photonics
physics
physiology
polymer
printmaking
process
process research
processing
professional IT
protection
psychology
pure
radiation
radio-astronomy
relativity
resistances
resonance
rhizosphere carbon-flow
safety
science
sciences
scientific
security
semiconductor
semiconductors
ship
signal
signalling
social
software
solid state
solution
solutions
space
species
spectroscopy
speech
staff
statistics
structural
structure
studies of AGN
superconductors
support
supra
supramolecular
surface
surface science
surgery
synthetic
systematic
systems
teaching
technologies
telecommunications
temperature
theoretical
theroetical
translational
virology
visualisation
web
welfare
wireless
x-ray
zoology