ADMINISTRATION
AGENCE
AGENCES
AGENCIES
AGENCY
ASSOCIATION
AUTHORITY
AUTORITE
Administration
Agence
Agences
Agency
Association
Assoc.
Assoc
Authority
Autorité
BANK
BANQUE
BOARD
BROTHERHOOD
BUREAU
Bank
Banque
Board
Brotherhood
Building Society
Bureau
CAISSE
CATHEDRAL
CHURCH
CLINIC
CLINIQUE
COMMISSION
COMMITTEE
COMMUNITY
CONSEIL
CORPORATION
COUNCIL
Caisse
Cathedral
Choir
Church
Clinic
Clinique
Club
Commission
Committee
Community
Confederation
Conseil
Corporation
Council
Crew
DEPARTEMENT
DEPARTMENT
DIRECTORATE
DIVISION
Directorate
Département
EGLISE
ESTATE
ETAT
Eglise
Ensemble
Estate
Etat
FEDERATION
FOUNDATION
FRIENDS
FUND
Federation
Foundation
Friends
Fund
Fédération
GUILD
Guild
HEALTH AUTHORITY
HOME
HOSPITAL
HOTEL
HOTELS
Health Authority
Home
Hospital
Hotel
Hotels
LOCAL AUTHORITY
LOCAL HEALTH AUTHORITY
Local Authority
Local Health Authority
MAGAZINE
MINISTERE
MINISTRY
MUSEE
MUSEUM
Magazine
Ministry
Ministère
Museum
Musèe
OBSERVATOIRE
OBSERVATORY
OFFICE
Observatoire
Observatory
Office
Orchestra
PARTENAIRES
PARTENARIAT
PARTNERS
PARTNERSHIP
PARTY
PLANT
Partenaires
Partenariat
Partners
Partnership
Party
Plant
Polytechnic
Quartet
REGIONAL AUTHORITY
REGIONAL HEALTH AUTHORITY
Regional Authority
Regional Health Authority
SERVICE
SOCIETY
SQUADRON
SUBCOMMITTEE
Service
Social Club
Societe
Society
Société
Squadron
Subcommittee
Syndicat
Tribunal
TRUST
Trust
UNION
USINE
Union
Usine
WORKERS
Ware
Workers
clinique
federation
ministère
syndicat
état
IEEE
museum
Facility
facility
Establishment
Platform
Journal
