Aixirivali
Aixirivall
Aixirvall
Aixovall
Andorra
Andorra la Vella
Andorra-Vieille
Andorre
Andorre-la-Vieille
Andorre-Vieille
Ansalonga
Anyós
Arans
Arinsal
Aubinyà
Auvinya
Biçisarri
Bixessarri
Bixisarri
Canillo
Casas Vila
Certers
Certés
Eixirivall
El Pui
Els Bons
El Serrat
Els Plans
El Tarter
El Tremat
El Vilar
Encamp
Engordany
Ercs
Ercz
Erez
Erts
Escaldas
Escaldes
Escàs
Fontaneda
Juberri
Juverri
La Cortinada
La Costa
L'Aldosa
L'Aldosa
La Maçana
La Massana
Las Escadas
la Vieja
Les Bons
Les Escaldes
Llors
Llorta
Llorts
Llumeneres
Lors
Lo Serrat
Mas d'Alins
Mas de Ribafeta
Meritxell
Molleres
Mosquera
Nagol
Ordino
Pal
Pas de la Casa
Prats
Puiol del Piu
Ransol
Sanctuaire de Meritxeli
Sanctuaire de Meritxell
San Joan de Casettas
San Juliá
Santa Coloma
Santa Juliá de Loria
Sant Joan de Casellas
Sant Joan de Caselles
Sant Julià de Lòria
Sant Juliá
Sant Pere
Santuari de Meritxell
Segudet
Sertes
Sispony
Soldeu
Sornàs
Vila
Vixesarri
Xixerella
