Aberdeen
Aberdeen Village
All Saints
All Saints Village
Barnes Hill
Barnes Hill Village
Bats Cave
Belmont
Bendals
Bendals Village
Bethesda
Bethesda Village
Betty's Hope
Big Duers
Bishops
Blakes
Blubber Valley
Bolands
Boland Village
Bolans
Boon House
Branns Hamlet
Buckleys
Burkes
Cades Bay
Carlisle
Carlisle
Carlisle's Estate
Cassada Gardens
Cedar Grove
Cedar Grove Village
Cedar Hall
Cedar Valley Mill
Christian Hill
Clare Hall
Claremont
Clarence House
Cobbs Cross
Cochranes
Cocoa Hall
Coconut Hall
Codrington
Codrington Village
Collins
Comfort Hall
Crab Hill
Crab Hill Village
Creekside
Crosbies
Delaps
Doigs
Dulcina
Ebenezer
Emanuel
English Harbour Town
Falmouth
Far Hill Village
Ffryes
Fitches Creek
Fitzroy Town
Five Islands Village
Freeman
Freemans
Freemanville
Freemonville
Freetown
Freetown Village
Frryes
Gambles
Gaynors
Gilberts
Glanvilles
Glebe
Golden Grove
Grants
Gray House
Gray House Village
Grays
Grays
Grays Hill
Green Bay
Gunthorpes
Hamiltons
Hamiltons Village
Harveys
Herberts
Jennings
Jennings Village
John Hughes
Johnson Point
Johnson Point Village
Johnsons Point
Lavingtons
Liberta
Liberta Village
Little Duer
Little Duers
Long Lane
Lower Lyons
Lyon
Lyons
Mathew
Matthews
Mayers
Mercers Creek
Mill Reef Club
Montpelier
Morris Loobys
Mount William
Mount Williem
New Division
Newfield
Newfield Village
New Winthorpes
Old Road
Old Road Town
Old Road Village
Orange Valley Mill
Osbourn
Painter Village
Pares
Pares Village
Parham
Parrys
Pattersons Dwelling House
Pattersons
Paynter
Paynters
Piggotts
Pigots Village
Pigotts
Potters
Potters Village
Renfrew
Rotten Town
Saint John
Saint John's
Saint Johnstone Village
Saint Johnston
Saint Johnston Village
Saint Lukes
Saint Lukes Village
Saint Mark's
Saint Marks Village
Saint Philips
Sawcolts
Seaforth
Seaforths
Seatons
Seatons Village
Sea View Farm
Seton Village
Sign
Simpson
Spencers
Sutherlands Development
Sweets
Sweets Village
Swetes
Swetes Village
Table Hill Gordon
The Brook
The Caves
The Diamond
The Garden
The Grove
Tomlinson
Urlings
Urlins
Vernons
Watsons
Watson
Weatherills
Wickhams
Wickham
Willikie's
Willikies
Willis Freemans
Willock Village
Willoughby
Winthorpes Village
Woods
Yorks
