Bethel
Betty Hill
Blowing Point Village
Cannifist
Cauls Bottom
Chalvilles
Crocus Hill
Deep Waters
East End
East End Village
Ebenezer
George Hill
Island Harbour
Junks Hole
Little Dicks
Little Dix
Long Bay Village
Long Ground
Long Path
Lower South Hill
Mahogany Tree
Mount Fortune
North Hill Village
North Side
Rey Hill
Saint Mary's
Sandy Ground Village
Shoal Bay Village
Shoal Village
South Hill Village
Stoney Ground
The Copse
The Farrington
The Forest
The Quarter
The Valley
Valley
Wattices
Welches Hill
Welches
West End Village
White Hill
