Angochi
Arasji
Babijn
Balashi
Barcelona
Blumond
Boton
Brasil
Bringamosa
Bubali
Bushiribana
Bushiribans
Butucu
Calabas
Calbas
Camacuri
Canashito
Canashitu
Cas Ariba
Cas di Paloma
Cashero
Casibari
Catashi
Catiri
Ceru Colorado
Coba Lodo
Cumaná
Cunucu Abao
Cura Cabai
Dacota
Druif
Falcon
Fontein
Gasparito
Jamanota
Jan Flemming
Juwana Morto
Largo Cadushi
Mabon
Macuarima
Madiki
Mahuma
Marawiel
Maria Mài
Meiveld
Moco
Modansa
Mon Pos
Morgenster
Noord Cura Cabai
Noord
Nuñe
Oranjestad
Palm Beach
Paradera
Paradijs
Paraguaná
Parkietenbos
Pavía
Picaron
Piedra Plat
Plantersrust
Playa
Ponton
Pos Abao
Pos Chikito
Pos Chikitu
Primavera
Roncado
Rooi Afó
Rooi Bosal
Rooi Cochi
Rooi Congo
Rooi Hundo
Rooi Master
Rooi Prikichi
Sabana Basora
Sabana Berde
Sabana Blancoe
Sabana Blanco
Sabana Grandi
Sabana Liber
Sabana
Sabana Westpunt
Sabaneta
Sabanía Abao
Saliña Cerca
San Barbola
San Fuego
Santa Anna
Santa Cruz
Santa Helena
Santa Martha
Savaneta
Savoneta
Savonet
Sero Blanco
Sero Colorado
Shaba
Shabiruri
Shete
Shiribana
Simeon Antonio
Sint Anna
Sint Nicolaas
Siribana
Soledad
Solito
Tamarijn
Tanki Flip
Tanki Lender
Tarabana
Washington
Wayaca
Westpunt
