Airy Hill
Alexandra
Allen View
Alleynedale
Allmans
Animal Flower Cave
Apes Hill
Appleby
Applewhaites
Archer
Archers
Arch Hall
Arthurs Seat
Ashbury
Ashton Hall
Atlantic Shores
Babbs
Bagatelle
Bairds
Bakers
Bank Hall
Bannatyne
Bathsheba
Baxters
Bayfield
Bayley
Bayleys
Bayville
Belair
Bel Air
Belle
Belleplaine
Belmont
Benab
Bennetts
Benny Hall
Benthams
Bentleys
Bibbys Lane
Bishops
Bissex
Blackmans
Black Rock
Blacksage Alley
Blades
Blades Hill
Bloomsbury
Blowers
Blue Waters
Boarded Hall
Bonwell
Boscobelle
Bourbon
Bowmanston
Branchbury
Breedy's
Brereton
Bridgefield
Bridgetown
Briggs
Brighton
Brighton
Brittons Hill
Brome Field
Bruce
Bruce Vale
Buckden House
Bulkely Factory
Bushy Park
Callendar
Campaign Castle
Canefield
Cane Vale
Cane Wood
Carlton
Carrington
Carrington
Carter
Castle
Castle Grant
Cattlewash
Cave Hill
Cave Hill
Chance Hall
Chancery Lane
Chapman
Charnocks
Cheapside
Checker Hall
Cherry Grove
Cheshire
Chimborazo
Christie
Church Hill
Church View
Church Village
Clapham
Cleland
Clermont
Cliff
Cliff Cottage
Clifton Hall
Clifton Hill
Cluffs
Coach Hill
Coconut Hall
Codrington
Codrington
Codrington College
Coffee Gully
Coles Cave
Coles Pasture
College Savannah
Colleton
Colleton
Collins
Congo Road
Connell Town
Constant
Content
Cottage
Cottage
Cottage Vale
Cove
Coverly
Crab Hill
Dash Valley
Date Tree Hill
Deacons
Diamond Corner
Diamond Valley
Dover
Drax Hall
Drax Hall Hope
Drax Hall Jump
Draxhall Woods
Drax Hill Green
Dukes
Dunscombe
Durant
Durants
Durants
Durham
Ealing Grove
Ealing Park
Eastbourne
East Lynne
Easy Hall
Ebenezer
Ebworth
Eden Lodge
Edey
Edgecumbe
Edge Hill
Elizabeth Park
Ellerton
Ellesmere
Ellis Castle
Endeavour
Endeavour
Enterprise
Exchange
Fairfield
Fairfield
Fairview
Fair View
Fairy Valley
Fairy Valley Rock
Farmers
Farm Road
Fisher Pond
Fitts
Flatfield
Flat Rock
Folkestone Park
Fortescue
Foster Hall
Foster Hall
Fosters
Foul Bay
Four Cross Roads
Four Roads
Four Winds
Frazers
Free Hill
Free Hill
French
Frere Pilgrim
Friendship
Friendship Terrace
Frizers
Fruitful Hill
Fustic
Gall Hill
Garrison
Gays
Gemswick
Gibbes
Gibbons Boggs
Gibbons
Gibbs
Glebe Land
Golden Grove
Golden Ridge
Good Intene
Goodland
Graeme Hall
Grape Hall
Graveyard
Grazettes
Green Garden
Green Hill
Greenidge
Greenland
Greens
Greenwich
Gregg Farm
Groeme Hall
Guinea
Haggatt Hall
Half Acre
Halton
Hannays
Hannays
Hannays Tenantry
Harris
Harrismith
Harrisons
Harrow
Hastings
Haymans Factory
Haynes Field
Haynesville
Heddings
Henley
Henrys
Heywoods
Heywoods Village
Highgate
Highgate House
Highland
Hillaby
Hillcrest
Holders
Holetown
Hope
Hopeland
Hopewell
Hopewell
Hothersal
Hothersal Turning
Howells
Hoytes
Hoytes
Husbands
Husbands
Inch Marlowe
Indian Ground
Industry Hall
Jackmans
Jackson
Jamestown Park
Jemmotts
Jericho
Jezreel
Joes River
Jordan
Jordans
Josey Hill
Kelzer Hill
Kendal Factory
Kendal Hill
Kendal
Kent
Kingsland
Kirtons
Lakes
Lamberts
Lancaster
Lascelles
Lazaretto
Lead Vale
Lears
Lemon Arbour
Less Beholden
Lewis Vale
Lion Castle Tenantry
Lion
Litchfield
Little Battaleys
Locust Hall
Lodge Road
Lords Castle
Lower Birneys
Lower Carlton
Lower Estate
Lower Greys
Lowland
Lowland
Lowlands
Lowthers
Lucas Street
Luke Hill
Malvern
Mangrove
Mangrove
Mapp Hill
Marchfield
Marine Gardens
Market Hill
Marley Vale
Martins Bay
Massiah Street
Maxwell Coast
Maxwell Hill
Maxwell
Maycock
Maynards
Melverton
Melvin Hill
Merricks
Mile and a Quarter
Molyneux
Montrose
Moonshine Hall
Moore Hill
Moores
Morgan Lewis
Mount Brevitor
Mount Friendship
Mount Gay
Mount Hillaby
Mount
Mount Pleasant
Mount Pleasant
Mount Royer
Mount Standfast
Mount Stepney
Mount View
Mount Wilton
Mullins
Navy Gardens
Neils
Nesfield
Newbury
Newcastle
New Orleans
Newton Terrace
Nicholas Abbey
Ocean City
Oistins
Oistin's Town
Oldbury
Old Post Office
Orange Hill
Orange Hill
Oughtersons
Oxford
Oxnards
Packers
Padmore
Palmers
Paragon
Parish Land
Pegwell
Pickerings
Pie Corner
Pilgrim Place
Pilgrim Road
Pine Housing Estate
Pinelands
Pine
Plumtree
Pool
Poreys Spring
Porters
Portland
Prerogative
Prior Park
Prospect
Prospect
Proutes
Providence
Redland
Redmans
Reeds Hill
Regency Park
Rendezvous
Retreat
Retreat
Retreat
Rices
River
Roach
Robinsons
Rock Dundo
Rock Dundo
Rockfield
Rock Hall
Rock Hall
Rock Hall
Rockley
Rosegate
Rose Hill
Rouen
Round Rock
Rowans
Ruby
Saint Andrews
Saint Davids
Saint Elizabeths
Saint Judes
Saint Lawrence
Saint Margarets
Saint Marks
Saint Martins
Saint Mathias
Saint Nicholas
Salmond
Salters
Sam Lords Castle
Sandford
Sandy Lane
Sargeant
Sayes Court
Scarboro
Scarborough
Seales
Sealy Hall
Sealy Hill
Searles
Seaview
Seaview
Seaview
Sedge Pond
Sheraton Park
Sherbourne
Shop Hill
Shorey
Silver Hill
Silver Sands
Sion Hill
Sion Hill
Six Cross Roads
Six Mens
Skeenes Hill
Small Hope
Small Town
South District
Speightstown
Spencers
Spreightstown
Springfield
Spring Hall
Spring Head
Station Hill
Stepney
Stewart Hill
St. Patricks
Stroude Land
Sturges
Sugar Hill
Summervale
Sunbury
Sunset Crest
Supers
Surinam
Sutherland Road
Swanns
Sweet Bottom
Sweet Vale
Tent Bay
The Baltic
The Bridge Town
The Crane
The Garden
The Glebe
The Hole
The Risk
The Whim
Thicket
Thornbury Hill
Todds
Top Rock
Trents
Trents
Turners Hall
Turnpike
Two Mile Hill
Union Hall
Union
Upper Carlton
Upper Parks
Upper Salmonds
Valley
Vaucluse Factory
Vauxhall
Venture
Verdun
Vineyard
Wakefield Tenantry
Wakefield
Walkers Terrace
Walkes Spring
Walronds
Wanstead
Warleigh
Warners
Warrens
Waterford
Watts Village
Waverley Cot
Welches
Welchman Hall
Welchtown
Welch Town
Welch Town
Wellhouse
Well Road
Westmoreland
Weston
Weymouth
White Hall
Whitehaven
White Hill
Wilcox
Wildey
Wilson Hill
Windsor
Windy Hill
Windy Ridge
Woodbourne
Workhall
Worthing
Wotton
Yorkshire
