Abanga
Abérékui
Abra
Abra
Absendo
Absouma
Absouya
Adjan
Adoudji
Afini
Ahkoudèwe
Akoundèl
Aladiou
Alaga
Alalé
Alalé
Alamini
Alamou
Alana
Alapéra
Alfiré
Aligaga
Alkoma
Alkousiri
Almandé
Alobiga
Alondi
Alondigwéna
Alora
Alouba
Amdalay
Améné
Aménékui
Aminbiri
Amvo
Anaga
Anbarkoura
Andékanda
Andemtenga
Andem Yarsé
Andeulay
Anékui
Ankouma
Ankouna
Ankuna
Ansolma
Ansouara
Ansouri
Antia
Antoa
Antoua
Aoréama
Aoura
Aourèma
Ara
Arakora
Aranboura
Arbèté
Arbollé
Aribinda
Ariblana
Arly
Arofo
Arouesma
Assio
Attoum
Atyéri
Atyoungbana
Avogonia
Ayaraba
Ayoubakolon
Aziga
Bâa
Bâ
Ba
Babanloua
Babé
Babéden
Babédo
Babéré
Babéréké
Babié
Babié
Babiétéoun
Babirka
Babo
Babonga
Babouadi
Babou
Baboura
Bacibédo
Bada
Badabiessan
Badala
Badalougou
Badara
Badara
Badèdsi
Badéma
Badema
Badéna
Badet
Badiéré
Badigna
Badinga
Badinga
Badinogo
Badinogo
Badinogou
Badnogo
Badnogo
Badnogo
Badnogo
Badnogo
Badnogo I
Badnogo II
Bado
Bado
Badongo
Badongo
Badora
Badoré
Badorio
Badougou
Bafèlè
Bafina
Baforo
Bagaben
Bagaben
Bagadé
Bagadogo
Bagadogo
Bagadowoégen
Bagahanba
Bagala
Bagammssi
Bagamnini
Bagandé
Bagané
Bagané
Bagane
Bagarao
Bagaré
Bagaré
Bagaré
Bagari
Bagassi
Bagata
Bagayiri
Bagbanano
Bagbanao
Bagbili
Bagéou
Bagéré
Baghélogo
Bagou
Bagou
Bagoudé
Bagouédara
Bagouoko
Bagouzia
Bagozougou
Bagpélogo
Bagpélogo
Bagré
Bagsalogo
Bagtogodo
Baguemnini
Baguéra
Baguéré
Baguiomo
Bahamaka
Baham
Bahanéré
Bahara
Bahiti
Bahniaga
Bahon
Bahoun
Baimbaiga
Baka
Bakara
Bakaribotégou
Bakaribougou
Bakaridougou
Bakata
Bakel
Bakiensom
Bakina
Baklouté
Bako
Bako
Bakogo
Bakono
Bakonorisso
Bakori
Bakotinga
Bakotou
Bakotourou
Bakouani
Bakou
Bakoui
Bakouléna
Bakoumba
Bakoun
Bakounbila
Bakouté
Bakouyo
Bakpara
Bala
Bala
Balabéssanko
Balam
Balambalo
Balandagou
Balangadi
Balanti
Balao
Balavé
Balayé
Balbara
Balbou
Balé
Balé
Balé
Balégogo
Balèl
Balel
Balèmba
Balèmyouré
Balga
Balingara
Baliniar
Balinséra
Balkoui
Balkouin
Balmen
Balo
Balo
Balogo
Baloko
Balolé
Balongé
Balongen
Balongodouo
Balonguen
Balonguen
Balonza
Baloum
Bama
Bama
Bama
Bama
Bamako
Bamako
Bambako
Bam
Bambara
Bambé
Bambéni
Bamblé
Bambori
Bamdékiri
Bamena
Baména
Bamga
Bamgué
Bamguèl
Bamgueul Ndao
Bamguil
Bamilaré
Bamilari
Bammilari
Bamparou
Bana
Bana
Bana
Bana
Bana
Banahari
Banana
Bananba
Banankélédara
Banankoro
Banankoro
Banaorodougou
Banaouradougou
Bana Sokoura
Ban
Ban
Banbéou
Banbigouabri
Banboulo
Bandaguéra
Bandakélesso
Bandakoro
Bandalon
Banda Napoli
Bandania
Bandatenga
Bandatenga Koui
Bandé
Bandéga
Bandékiri
Bandéo-Naponé
Bandeo Naporé
Bandiédaga
Bandikirini
Bandio
Bandiosi
Bandoué
Bandougou
Bané
Bané
Banébira
Banéga
Banemba
Banfaré
Banfora
Banfoulagué
Banfoutagué
Bangaba
Bangabakha
Banga
Banga
Bangala
Bangaré
Bangasoko
Bangassago
Bangassé
Bangassé
Bangassi
Bangassi
Bangassoko
Bangataka
Bangay
Bangèl
Bangnésomé
Bango
Bango
Bango Mossi
Bangozougou
Bangré
Bangré
Bangrézanga
Banguéma
Banguèmsom
Banguessommba
Banguiou
Banguissamé
Banhassi
Banh
Banhié
Banhounou
Baniaba
Baniara
Bani
Bani
Bani
Bani
Banidjoari
Banika
Baniotenga
Baniou
Banipoulé
Baniri
Banizoumbou
Bankandi
Bankatatougou
Bankoni
Bankoré
Bankorosso Gamadou
Bankouma
Bankouma
Bankouma
Bankouman
Bankoumani
Bankoura
Bankui
Banlioura
Banlo
Banmbé
Banmbili
Banmwanou
Bannho
Bannogo
Bannsyaga
Banogo
Banogo
Banon
Banoualé
Banouban
Banou
Banou
Banou
Banouila
Banoumba
Banounou
Banpolé
Banpon
Banpourounga
Bansigui
Banta
Bantogodo
Bantolé
Bantouani
Bantougdo
Banvar
Banzani
Banzo
Bao
Baodogo
Baoguen
Baola
Baongué
Baonoré
Baoudoumboin
Baouèné
Baougen
Baougou Poré
Baouiga
Bapla
Bara
Bara
Bara
Baraboulé
Barabule
Baradogo
Barakpéré
Barakui
Barakyemdé Bangari
Barakyengo
Baralé
Baraléongo
Baraliyiri
Baramini
Baramiougou
Barana
Barané
Barani
Barao
Baraptenga
Barbé
Baré
Baré
Baren
Barga
Barga
Bargabouga
Bargaré
Barglinsé
Bargo
Bargo
Bargo
Bariba
Bari
Bari
Bariboi
Baribsi
Baribsi
Baribsi
Bariéra
Barihiri
Baringira
Baringuira
Barkana
Barkéa
Barkoui
Barkoundouba
Barkoura
Barkuy
Barkwitenga
Barla
Barlara
Barlé
Barlé
Barlé
Barlé
Barma
Barma
Barnoro
Baro
Barogo
Barogo
Barolé
Barsa
Barsabologo
Barsalgo
Barsalogho
Barsalogo
Barssé
Bartenga
Bartera
Bartibogou
Bartibogu
Bartibougou
Bartorogo
Bartyaga
Baryou
Basabéga
Basambougou
Basanam
Basantenga
Basbèdo
Basbédo
Basbyédo
Basci
Basémyan
Basémy
Basèotenga
Basgana
Basibedo
Basiéi
Basinènè
Basinga
Baskondo
Baskorma
Baskouda
Baskoudré
Baskoudré
Baskounda
Baskouré
Baskouré
Basma
Basnéré
Basnéré
Basnéré
Basora
Bassana
Bassan
Bassan
Bassanga
Bassangoro
Bassawarga
Bassawassa
Bassé
Bassébétanga
Basséko
Basséloko
Bassema
Bassénéré
Basséra
Bassia
Bassiam
Bassi
Bassibédo
Bassinan
Bassinsa
Bassiri
Bassiyam
Bassomen
Bassomkoukouri
Basson
Basszéïdo
Bastioua
Basziri
Basziri
Batabogou
Batagné
Batakolo
Batanga
Batenga
Batiara
Batibogou
Batié
Batié Blé
Batiélé
Batiéni
Batié Nord
Bâtinga
Batiti
Batiyiri
Bato
Batondo
Batono
Battili
Batyèmina
Bauiga
Baviguékaha
Bavilè
Bawango
Bayalo
Bayalongo
Ba Yangasso
Bayé
Bayeldo
Bayendé Foulgo
Bayiri
Bazan
Bazanfaré
Bazanforé
Bazanwara
Bazilakoa
Bazoulé
Béanna
Bébatenga
Bebda
Bébéré
Béboula
Bèbtenga
Béchikopérou
Bédari
Bédougou
Bédyamé
Bèfasin
Bèfassi
Béfoara
Béga
Begeuntiga
Bégouabéna
Béguédo
Béguèmtigué
Béguentigué
Bégueumdré
Béguintigui
Bèiga
Béka
Béko
Békoura
Békui
Békui
Békuy
Béla
Bélagaré
Bélaherla
Bélarkaré
Bélé
Bélé
Bélé
Bélégré
Béléguenga
Béléhédé
Bélékédé
Bélèl
Bèlèl
Bélembaoguen
Bélèmbouliguen
Belga
Bèlgo
Bélgou
Bélinga
Bélinkora
Béllapoum
Bellara
Bèllaré
Bellaré Maga
Bellaré Malbo
Bélo
Bélogo
Bèlsa Kouy
Béma
Bème
Bemkoudougou
Béna
Bénanso
Bénatenga
Bénavéro
Ben
Bèndogo
Bendogo
Bèndogo
Bèndogo
Bendorko
Bendougou
Bèné
Bénéga
Bénéré
Bengré
Benguéden
Bènh
Béni
Beniéné
Bénié Tanga
Béninséra
Béniou
Bennsé
Bénogo
Benourougou
Benté
Benurugu
Béongourgou
Bèotenga
Béquélé
Béra
Béranga
Béréba
Béré
Bérégadougou
Bèrèkwè
Bérénkui
Beringa
Berma
Berni
Bérsaga
Bésetenga
Bèstigré
Béta
Bétaré
Bétiessan
Béto
Beun
Beune
Bèybèy
Béyoura
Bezena
Bial
Biassaga
Biba
Bibgou
Bibiou
Biboum
Bida
Bida
Biddi
Bidibawoye
Bidi
Bidi
Bidi
Bidiga
Bidougou
Biédogo
Biéha
Bielfadouo
Bielméra
Biéna
Biengane
Biforo
Bigué
Biguissi
Bihoun
Bika
Bikatawa
Bilakoka
Bilakongo
Bilambyoubilé
Bilanbar
Bilanga
Bilanga Yanga
Bilanguen
Bilatio
Bilbalé
Bilbalgo
Bilbalogo
Bilbalogo
Bilbalogo
Bilembare
Bilgou
Bilgoutenga
Bilgutenga
Bilhembaré
Bilibalogo
Biliga
Bilina
Bilogo
Bilogotenga
Bilougou
Bimabidéni
Bimbéla
Bimé
Bina
Binadèni
Binbéla
Binbélinko
Bin
Binda
Bindé
Bindéré
Bindo
Bindogo
Bindogo
Bindogo
Bindogo
Bindoro
Bindougou
Bindowé
Binga
Bingali
Bingbéma
Bingo
Bingo
Bingo
Bingo
Bingo
Binguèl
Binguèl Dafédji
Bini
Bini
Binjo
Binkili
Binndé
Binnguédougou
Binogo
Binola
Binsboumbou
Binsboumbou
Binségué
Binsigué
Binstéguéré
Binté
Binvar
Bion
Biongo
Biou
Bira
Birabodo
Bira Gondogo
Birgou
Birgui
Birgui
Biribéna
Biri
Biriguima
Birigui Tèyga
Birkinao
Birmanga
Birniolpori
Biron Bobo
Biron Marka
Birou
Birou
Birouro
Bisiga
Bisigen
Bisigui Yolgo
Biska
Bisma
Bisnaba
Bisnogo
Bissa
Bissa
Bissan
Bissandéré
Bissandéro
Bissandérou
Bisserké
Bissga
Bissia
Bissiga
Bissiga
Bissiga
Bissiga
Bissiga
Bissigen
Bissiguen
Bissiguen
Bissigui
Bissigui
Bissigui
Bissiguila
Bissiguin
Bissimila
Bissinga
Bissingen
Bissiri
Bissiri
Bissiri
Bisso
Bitébaka
Bitia
Bitiako
Bitou
Bitté
Bittou
Bittu
Biyou
Bladi
Blari
Blé
Blédougou
Bleni
Boa
Boaboadyoari
Boadèni
Boaken
Boala
Boala
Boala
Boalé
Boalen
Boalen
Boalga
Boallé
Boara
Boaré
Boargou
Boasa
Boassa
Boau
Bobéra
Bobéta
Bo
Bô
Boboanga
Bobo Dioulasso
Bobo-Diulasso
Bobonon
Bobora
Bobora
Boboragogo
Bodana
Bodéol
Bodgi
Bodialindara
Bodou
Bodu
Bodya
Bodyargou
Boénessen-Petit
Bogadèlbi
Bogadouga
Bogaloumo
Bogaloura
Bogandé
Bogden
Bogèl
Bogo
Bogoden
Bogodogo
Bogro
Bogué
Bogué
Boguéli
Bogui
Bohara
Bohira
Boho Béréba
Boho
Boho
Boho
Boho Kari
Bohongou
Bohui
Boilguen
Boillé
Boin
Bointenga
Boka
Boké
Boken
Boken
Boken
Boken
Boken
Boken
Boken
Bokin
Bokiourou
Boko
Bokoro
Bokowen
Bokui
Bokui
Bokui
Bokui
Bokui-Ouest
Bokwen
Bola
Bola
Bolala
Bolanbar
Bolaré
Bolay
Bolé
Bolgo
Bollaé
Bollé
Bollé
Bolo
Bolo
Bolo
Bolo
Bologbé
Bologo
Bolomona
Bolongtonga
Bolonguen
Bolontou
Boloro
Bolougban
Boman
Bombanyenga
Bombara
Bomboué
Bombouéla
Bomoï
Bompé
Bomponi
Bona
Bona
Bonadougou
Bonamba
Bonam
Bonam
Bonapio
Bonatenga
Bonba
Bonbambina
Bonbara
Bonbofa
Bön
Bon
Bon
Bonbongou
Bonbouéla
Bonboura
Bonda
Bondé
Bondigui
Bondimwana
Bondo
Bondokui
Bondoména
Bondoni
Bondori
Bondorola
Bondoukoui
Bondoukuy
Bondouména
Bondoura
Bondukui
Bonéssen
Bonfan
Bonfeso
Bonfesso
Bonga
Bonga
Bonga
Bongandé
Bongola
Bongori
Bongou
Boni
Bonissé
Bonko
Bonko
Bonkoré
Bonkosséra
Bonkoulou
Bonkoulou
Bonna
Bonogo
Bonohoun
Bonpé
Bonpéla
Bonpéla
Bonro
Bonsan
Bonsaré
Bonséga
Bonsera
Bonsié
Bonsiéga
Bonsongari
Bonsora
Bonsoungou
Bonsungu
Bonta
Bontanmbima
Bontioli
Bontou
Bonvalé
Bonyolo
Bonyori
Bonza
Bonzan
Bonzan
Bopié
Bopiel
Bora
Boré
Borgané
Borgataka
Bori
Boriho
Borilli
Boriogo
Boriou
Borko
Borma
Bormangou
Boro
Borodogo
Borogo
Borom
Boromissi
Boromissi
Boromissi
Boromo
Boromossi
Boron
Boron
Boroya
Bosangré
Bosé
Boséga
Bosongri
Bosségal
Bossèy Barabé
Bossey
Bossèy Boubakari
Bossèydiabé
Bossèy Dogabé
Bosseye
Bossié
Bossien
Bosso
Bossogo
Bossomnomogo
Bossomnoré
Bossongari
Bossongri
Bossonguiri
Bossora
Bossoura
Boswendé
Boté
Botédji
Boto
Boto
Boto
Botonou
Botou
Botou
Bottogo
Bouabou
Bouadi Sa
Bouahoun
Bouambélédougou
Bouan
Bouan
Bouandé
Bouandra
Bouandyaga
Bouanékui
Bouanga
Bouang
Bouantenga
Bouari
Bouassié
Bouasso
Bouban
Bou
Bou
Bou
Bou
Boubou
Bouboulou
Bouchouwilé
Boudangou
Boudangou
Boudaogo
Boudéré
Boudialindara
Boudiédara
Boudiéri
Boudongho
Boudou Oudoundou
Boudri
Boudri
Boudry
Boudtenga
Boudtinga
Bouema
Bouendé
Bouenkoubouga
Bouèn Yaga
Bouéré
Boufian
Bouga
Bouganyana
Bougaratanga
Bougé
Bougo
Bougou
Bougoula
Bougoula
Bougoula
Bougoulé
Bougouléma
Bougoulom
Bougoumbarga
Bougoumtenga
Bougounam
Bougounamé
Bougounam Gonga
Bougounam Koudré
Bougounam Poalogo Gonga
Bougounou
Bougoura
Bougoura
Bougouré
Bougouré
Bougouré
Bougouré
Bougouritenga
Bougousso
Bougpelsé
Bougrala
Bougren
Bougtenga
Bougué
Bouhahoun
Bouhaoun
Boui
Bouidi
Bouiga
Bouilio
Bouioua
Boukarou
Boukéré
Boukéro
Boukou
Boukou
Boukou
Boukou
Boukouma
Bouktenga
Boukui
Boula
Boulala
Boulani
Boulanporo
Boularé
Boulbi
Boulé
Boulé
Boulé
Boulé
Boulékéssi
Boulèl
Bouléma
Boulempourou
Boulga
Boulgou
Boulgou
Boulgué
Boulgué
Boulgyè
Bouli
Bouli
Bouli
Bouli
Bouli
Bouli
Boulikéssi
Boulinbé
Boulin Kiéra
Boulioure
Boulissi
Boulkènga
Boulkom
Boulkon
Boulli
Boulli
Boulli
Boulli Foulbés
Boulma
Boulmanga
Boulmiougo
Boulmiougou
Boulmiougou
Boulmongo
Boulomdé
Boulon
Boulonga
Boulouaka
Boulouballa
Boulou
Boulou
Bouloudouo
Boulougan
Boulougnidi
Boulougou
Boulougou
Boulouguen
Boulougui
Bouloulou
Bouloumana
Bouloumbouyaka
Bouloum Nabyiri
Bouloumpéra
Boulounga
Boulounidi
Boulounsi
Boulouré
Boulouzouama
Bouloy
Bouloy
Bouloy Tiouli
Boulpéla
Boulpon
Boulporé
Boulsa
Boulsen
Boulsen
Boulsen
Boulsi
Boulsin
Boulssa
Boultaka
Boultouanou
Boulwando
Boulwango
Boulyanké
Boulyèndé
Boulyèndi
Boulzanga
Bouma
Boumanga
Boumboulou
Bouméo
Boum Iri
Boumtenga
Boumwana
Bouna
Bouna
Bouna
Bouna
Bouna
Boun
Boundouguèl
Boundoukanba
Boundyani
Bouné
Bouné
Bounfara
Bounga
Boungan
Boungou
Boungou
Bouni
Bouni
Bounkoura
Bounomtoré
Bounou
Bounou
Bounou
Bounoumbara
Bounouna
Bounpa
Bountara
Boupèngou
Boura
Boura
Boura
Boura
Boura
Boura
Bourasso
Bouravalé
Bourba
Bouré
Bouré
Bouré
Bourèli
Bourèta
Bourétéoun
Bourga
Bourgo
Bourgou
Bourgou
Bouria
Bouri
Bouri
Bouri
Bourimé
Bouriona
Bouri Ronsé
Bourki
Bourkina
Bourma
Bourmantougou
Bouro
Bouro
Bouron
Bourou
Bourou
Bourou
Bouroubourou
Bourouga
Bourougouna
Bouroukomo
Bouroum
Bouroum Bouroum
Bouroumtinga
Bourroum
Boursouma
Bourtinguèl
Bourtyana
Bour Yiri
Bourzanga
Bourzenga
Bourzoaga
Bouséra
Bousoukoula
Bousouma
Bousouma
Bousrima
Boussangli
Boussara
Boussé
Boussé
Bousséra
Boussikomi
Bousso
Boussou
Boussougou
Boussougou
Boussoukoula
Boussoulbi
Boussouma
Boussouma
Boussouma
Boussouma
Boussoum
Bouté
Boutenga
Bouti
Bouti
Boutidié
Boutiourou
Boutoko
Boutontou
Boutougou
Boutwanou
Bouyasé
Bouyoua
Bouyounou
Bouyra
Bouzan
Bouzourou
Boyagué
Bozo
Brama
Brankagou
Brédié
Brimonga
Bronakouli
Broudabogou
Broudabougou
Bruniora
Buambeledugu
Budangu
Bugure
Bulsa
Bulugnidi
Bura
Bura
Burasso
Buron
Burum
Burumburum
Busse
Busso
Bussu
Bussuma
Bussuma
Butidie
Bwakou
Bwalyè
Bwania
Bwatam
Bwatamtonga
Bwenbwangou
Bwo
Bwolonga
Bwomtani
Bwon
Bwoni
Byati
Byépou
Byiri
Byisiga
Byiwèlè
Bylyonvalsè
Caro
Cassou
Cassu
Cella
Chalro
Chanboulga
Chapani
Chédana
Cheriba
Chion
Chokoro
Cissé
Cmin-Yanga
Coala
Coala
Comboussougou
Comin-Yanga
Comondi
Compo-Yorgo
Coumbili
Coumbo
Dabanadéni
Dabaré
Dabéga
Dabèsma
Dabibougou
Dabinséma
Dabiou
Dabladouo
Dablétéon
Dablo
Dabo
Dabogtinga
Dabokéré
Dabolé
Daboré
Dabosommnoré
Dabossomnoré
Dabou
Dabougou
Daboura
Daboura
Daboura
Dabourkou
Dabozir
Dabozougi
Dabu
Dabura
Dabzouri
Da
Da
Da
Dadogo
Dadou
Dadounga
Dadounga
Dadounin
Dafala
Dafi
Dafinao
Dafingso
Dafinso
Daflé
Dafolé
Dafya
Dagalé
Dagamba
Dagaridyé
Dagbondouo
Dagitenga
Dagmongo
Dagnongo
Dagou
Dagou
Dagouma
Daguili
Dahiri
Dahisma
Daho
Dahon
Dahouré
Daïassemnoré
Daimesala
Daimessala
Daka
Dakana
Dakaporé
Dakaye
Dakaye
Dakira
Dakiri
Dakisé
Dakiskyéma
Dakissé
Dakistyèma
Dakka
Dakola
Dakolé
Dakon
Dakongo
Dakoni
Dakonsen
Dakonsen
Dakontéon
Dakoré
Dakoro
Dakoué
Dakoui
Dakoula
Dakouli
Dakoura
Dakouy
Dakpolo Tanzou
Dâkré
Dakui
Dala
Dalan
Dalati
Daléna
Daliéra
Dalinga
Dalinpouo
Dalo
Dalo
Dalo
Dalomo
Dalonpouo
Dalou
Daltenga
Damali
Damana
Damanadio
Damandigui
Damané
Damapouy
Dambatao
Dambé
Dambreguéssé
Damdégou
Damdyata
Damèsèn
Damèsma
Damiougou
Damira
Damkarko Daga
Damkarko Nayiri
Damkiéta
Damkoko
Damkyata
Dammba
Dammzoussi
Damongto
Dampa
Dampan
Dampéla
Damperla
Damsi
Damzoussi
Dana
Dana
Dana
Danamiara
Dananbara
Danaongo
Danawa
Danbagan
Danbal
Danbélala
Danbouti
Dan
Dan
Dandé
Dandéré
Dandéré
Dandiarama
Dandougou
Dandougou
Dandugu
Danèmbana
Danfi
Danfinnso
Danfouna
Dangadé
Dango
Dangoé
Dangouadougou
Dangouara
Dangou
Dangoumana
Dangoumani
Dangouna
Dangounané
Dangounani
Danguadugu
Dangué
Danhal
Danhal Pangara
Danhal Pira
Danhana
Danialo
Dani
Daniéra
Danikoy
Danin
Dankale
Dankalle
Dankallo
Dankana
Dankanaou
Dankara
Dankari
Dankoblé
Dankondou
Dankongou
Dankoui
Dankouro
Dankouy
Dankui
Danlion
Dan Maïssara
Dano
Dano
Danouin
Danoura
Danpan
Danpieri
Dansé
Dantchiadi
Dantoloma
Dantyabonga
Daobaongo
Dao
Daoga
Daouanguèlé
Daouiba
Daouirba
Daouré
Dapala
Dapana
Dapané
Dapélégo
Dapelgho
Dapélgo
Dapèlgotenga
Dapélogo
Daplatéoun
Dapoa
Dapola
Dapologo
Dapota
Dapouri
Dapoya
Dapoya
Dapoya
Dapri
Darabide
Dara
Daralomgomdé
Daramandougou
Darbiti
Darbonoré
Daré
Daréniara
Dargo
Dargouma
Darguèné
Darigma
Darigma
Dariguim
Daringuim
Darkoa
Darkotanzou
Daro
Darogo
Darou
Dar Salam
Darsalam
Dar Salam
Darsalam
Darsalam
Darsalami
Dasalami
Dasamkandé
Dasisa
Dasisé
Dasomé
Dassa
Dassamkandé
Dassampouigo
Dassamtanga
Dassara
Dassari
Dassasgo
Dassé
Dassèmbinda
Dassèmnatenga
Dassouri
Dassouri
Dassuri
Datagma
Datambi
Datiga
Datomo
Dawaka
Dawanégombé
Dawanégombé
Dawanégomdé
Dawanégomdé
Dawanégomdé
Dawané Goundé
Dawango
Dawélgué
Dawidéma
Daworo
Dayagrétenga
Dayari
Dayasèmnoré
Dayassémnoré
Dayéré
Dayoubsi
Dazanré
Dazouba
Débé
Débèl
Débèntia
Débéré Arba
Débéré Boulga
Débéré
Débérélink
Débéré Talata
Debéwambé
Débildani
De
Dédéra
Dédonia
Dédougou
Dedugu
Défitara
Dégué Dégué
Dèguélé
Dékar
Dékona
Dékoura
Délèga
Déléré
Delga
Delga
Délisara
Délkoupourou
Déma
Dèmbam
Dèmbéla
Dèmbila
Dembo
Dèm
Demekuy
Demmbourla
Dèmnoua
Demnoudèndé
Demnouo
Demounoudoré
Dèmtou
Dendiagou
Dénéa
Dénéon
Denga
Dènga
Dengo
Dénguilga
Denia
Dénissa
Denkéna
Denkoro
Dénouara
Dèntiéna
Dèntougou
Déou
Dépèrgou
Derbaré
Déré
Déré
Déregboué
Dérégoué
Derfogo
Derga
Dergané
Derpon
Dessa
Dessé
Dessé
Dessé
Dessi
Desso
Déssouma
Diabatou
Diabatou
Diaberé
Diabiga
Diaboandi
Diabo
Diaboulola
Dia
Diaga
Diaguilla
Diaka
Diakolga
Diakora
Diakoumafindougou
Diala
Dialakoro
Dialgay
Dialgaye
Diali
Dialla
Diallo
Dialo
Dialo
Dialo
Diamanso
Diamen
Diana
Dianapéroudouo
Dianbilé
Diandarama
Dian
Dian
Diandioura
Dianga
Dianga
Diangadoré
Diangara
Dianguéni
Diankondi
Diankoudougou
Diankougou
Dianlé
Dianra
Diansara
Diansia
Diantara
Diantiogo
Dianvor
Dianvor
Dianvour
Dianzé
Diapaga
Diapangou
Diapangu
Diapouargou
Diarabakoko
Diara
Diaradougou
Diarakoro
Diarakoro
Diari
Diarkadougou
Diasara
Diassara
Dïatara
Diatou
Diayala
Diay
Dibga
Dibi
Dibiloa
Dibilou
Dibilu
Dibiti
Diboulou
Di
Didié
Didièl
Didir
Didjé
Didri
Didyir
Didyr
Diébiga
Diébiou
Diéborodouo
Diébougou
Diébourma
Diébourou
Diebugu
Diéfoula
Diefourma
Diéfourouma
Diefula
Diégbanao
Diégonao
Diéka
Diékan
Diékui
Diélé
Diélen
Diélindiala
Diélisso
Diémi
Diémoukourou
Diéna
Diéna Sanakina
Dièndiè
Dien
Diéni
Diensara
Diensi
Dienwellé
Diépé
Diépéra
Diépéré
Diépo
Diéri
Diérisso
Diérizien
Dierma
Diérou
Diesoko
Diesso
Diessou
Diétour
Diga
Digatao
Digguiel
Digouéra
Digouéra
Digré
Diguèl
Diguemzougou
Diguia
Digui
Diguila
Diguila
Dihalo
Diina
Dikbé
Dikbéré
Dima
Dima
Dima
Dimarnia
Dimarnia
Dimassa
Dimbo
Dim
Dimikui
Dimistenga
Dimistenga
Dimkilga
Dimnogoué
Dimolo
Dimpaltenga
Dina
Dinakongo
Dina Lahi
Dinalahi
Dinalay
Dinaoro
Dindara
Dindérésso
Dindérisso
Dindou
Dinénéména
Dingasso
Dinguéla
Dinguiri
Dinkabara
Dinkémina
Dinkiéma
Dinkouro
Dinndéresso
Dinngasso
Dintiéna
Dintigé
Dioami
Dioara
Diobou
Dio
Dio
Dio
Diofogo
Dioga
Diogoré
Diogota
Diokodougou
Diokongo
Diokui
Diolé
Diolé
Diolloa
Diolonpo
Dioloumpouka
Diomga
Diomkalaga
Diomou
Diona
Diona
Dionbal
Diondiona
Diondougou
Dionga
Diongo
Diongolo
Dionkalga
Dionkélé
Dionléra
Dionounou
Dionsé
Dionso
Dionso
Diontala
Diorétion
Dioriré
Dioro
Diorossaminso
Diorossiamanso
Diosso
Diossogou
Diouga
Diougodio
Diougouara
Dioulanpara
Dioulo
Dioulou
Dioumsogui
Dioumssogui
Dioun
Diourao
Diouroum
Diouroum-Kassoum
Diouroun-Kassoun
Dipéo
Dipianga
Dipienga
Dira
Diri
Diri
Disini
Dissankoui
Dissanku
Dissankui
Dissankuy
Dissasso
Disségou
Dissétéon
Dissi
Dissinai
Dissin
Dissini
Dissomé
Dissongou
Ditein
Ditmiga
Diurum
Diyalé
Diyara
Diyou
Djébiga
Djéré
Djibasso
Djibilou
Djibo
Djibomou
Djibséma
Djidjé
Djigo
Djigoué
Djigouéma
Djigouéna
Djiguintenga
Djika
Djikando
Djimbara
Djimbouari
Djindjerma
Djinfouara
Djipa
Djipologo
Djissara
Dnya
Doaga
Doamga
Doaren
Dobegnana
Dobégnéma
Dobéna
Dobéna
Dobèrè
Dobola
Dobolo
Dobougou
Doboun
Dobouni
Dodola
Dodougou
Dofénéga
Dofiguisso
Doga
Dogbola
Dogo
Dogo
Dogona
Dogora
Dogwèma
Dohasé
Dohassé
Dohoun
Doka
Dokberpa
Dokita
Dokoui
Dokui
Dokuy
Dolma
Dolochi
Dolo
Dolo
Dolonio
Doloumba
Domana
Domaré
Domatéoun
Dombaré
Dombi
Domdélé
Domekoui
Domekui
Dommbaré
Domni
Domoni
Donafa
Donbokui
Dondolé
Don
Dondoulma
Dongo
Dongolona
Donguen
Doni
Donio
Donka
Donko
Donkoména
Donkoro
Donkui
Donmentenga
Dono
Donombéné
Donommbèné
Donona
Donousso
Donpo
Donsé
Donsé
Donsen
Donsen
Donsen
Donsen
Donsen
Donsin
Donssé
Doolo
Dopala
Dopané
Dopané
Dora
Dora
Dorè
Dorgo
Dori
Dori
Dori Yagha
Doro
Dorokui
Dorosamienso
Dorossiamenso
Dorougau
Dorouma
Dossen
Dossi
Dossola
Dotoka
Dotolo
Douaguen
Douamtenga
Douargou
Douayan
Doubalé
Douban
Doubaré
Doubgué
Doubgué Peul
Doubilé
Douboulisi
Doubouni
Doubtyari
Dou
Dou
Dou
Doudoubangou
Doudou Birifore
Doudou
Doudou
Doudou
Doudoulsi
Douènda
Dougouasso
Dougoudialama
Dougou
Dougouloumi
Dougoumato
Dougouré
Dougouri
Douia
Doukouma
Doukourani
Doulaï Diassa
Doulgou
Douliro
Doulou
Doulougen
Doulougou
Douma
Doumagou
Doumakélé
Douman
Doumbala
Doumbara
Doumbou
Doumié
Doumien
Doumissibanko
Doumolé
Doumou
Doumoukora
Doumtenga
Doumtenga
Douna
Dounan
Doundé
Doundégué
Doundéré
Doundoudougou
Doundougou
Doundoulma
Doundouni
Doungou
Dounio
Dounkora
Dounkoro
Dounkou
Dounlia
Dountéla
Douré
Douré
Douré
Douré
Douré
Douré
Douré
Douré
Douré
Douré
Douré
Douré
Douri
Douro
Dourotenga
Dourotinga
Dourou
Douroufa
Douroukou
Douroula
Dourtenga
Doussacé
Doussaré
Doussi
Dousso
Doussoula
Doutié
Doutome
Doutonblé
Doya
Doyama
Doyana
Dui
Dumié
Dunan
Duo
Duri
Durotenga
Durula
Dwaba
Dwagen
Dyabafouanou
Dyadyoana
Dyagnona
Dyagorou
Dyagourgadé
Dyagourou
Dyaka
Dyakolra
Dyala
Dyamanga
Dyamdiara
Dyamona
Dyamona
Dyamondi
Dyamou
Dyamwandé
Dyanbwatouna
Dyanga
Dyanga
Dyanguéni
Dyannkaka
Dyaonguèl
Dyapa
Dyapwargou
Dyapya
Dyatondi
Dyédyogo
Dyéfourgou
Dyéla
Dyéléko
Dyelkoto
Dyemba
Dyemsongo
Dyendéré
Dyendyennima
Dyépo
Dyèpoungo
Dyéréden
Dyéré
Dyéséma
Dyiwari
Dyogodougou
Dyogora
Dyoko
Dyongan
Dyoro
Dyoukoura
Dyoungodyo
Dyowanga
Een
Ekoulkola
Elémira
Elinga
Elinyin
Emdémtenga
Em Mbang Em Béro
Ennessé
Etwayou
Fada-Ngourma
Fada N'Gourma
Fada-n-Gurma
Fadeba
Fadio
Fadona
Fadyi
Fafo
Fairdi Syénou
Faka Bouli
Faka Boulli
Faka
Fakara
Fakéna
Fakouna
Fakuna
Falagountou
Faléwé
Falou
Fama
Famberla
Famtenga
Fanbéréla
Fandamasso
Faniagara
Faniga
Fankui
Fankuy
Fanon
Fantafâta
Faogodo
Faon
Faoundé
Faoundé
Faradofasso
Fara
Fara
Farakordéni
Farakoro
Farakorosso
Farakui
Faramama
Faramana
Faramoura
Fargui
Farkasso
Faro
Faten
Fatiana
Fatmatenga
Fatoma
Faunde
Fayiri
Fegué
Féléhué
Félékué
Félènga
Fénéguéré
Fénéramé
Fénérré
Ferka
Fétigné
Féto Garsay
Fétokobi
Fétombalé
Fétonèlba
Féto Nouri
Fido
Fié
Fié
Fien
Figuialaré
Fikiéri
Filakora
Filakui
Filandé
Fili
Filifili
Filio
Fillé
Fina
Finégata
Fin
Finfinra
Finguila
Fini
Finima
Finng
Finougou
Finza
Firguindé
Firguindi
Firka
Fitégné
Fitéo
Fitien
Fitingué
Foadyendyengou
Fobiri
Fô
Fofora
Fofora
Fogouldé
Folanzo
Folenso
Folgou
Folgou
Foloni
Folonzo
Fon
Foni
Fono
Fonzan
Forgané
Forgui Bisnogo
Forgui
Foroba
Fosinfogou
Fotigué
Fotora
Fottigué
Fouadé
Fouanbouandi
Fouanmbori
Fouanmbwanou
Foubourou
Foufou
Fouga
Fougagbé
Fouidéboko
Foula
Foulagountou
Foulali
Foulasso
Foulba
Foulgo
Foulgo Koken
Foulgou
Foulou
Fouloumzougou
Foumagasso
Foumassa
Founa
Founfouna
Founzan
Foura
Fourcoingbam
Fourga
Fourgui
Fourkoura
Fourkoussou
Fouroufo
Fourou
Fourouma
Fouroumani
Fouti
Foutouri
Foutrigui
Fouzan
Fovéli
Fwadougou
Fwanmbouani
Fyofonou
Gaboandi
Gaboandi
Gaboandou
Gaboro
Gabouanli
Gabou
Gabou
Gabouga
Gabouga
Gabouga
Gabwama
Gada
Gafal
Ga
Gagen
Gago
Gagouli
Gagui
Gaguli
Gahandou
Gaigou
Gaïma
Gakoula
Gala
Galanga
Galébougou
Galéré
Galgouli
Galla
Galo
Galouenga
Gamadou
Gambastenga
Gambélédougou
Gamdéni
Gampala
Gampéla
Gam Silmimosé
Gamtiki
Gana
Ganagoulo
Ganben
Gandado
Gandaogo
Gandatingo
Gandèntenga
Gandi
Gandi
Gandouré
Ganésé
Ganés
Gangadogo
Gan
Gangana
Ganganden
Ganganden
Gangankoudyaga
Gangaol
Gangargui
Gangargui Yarsé
Gangen
Ganho
Ganiangé
Gani
Gani
Ganion
Gankéré
Gankoko
Gankoula
Ganonguen
Ganpéla
Ganpéologo
Gansouna
Ganta
Ganten
Ganten
Gantodoga
Gantodro
Gantolsougo
Ganworodo
Ganyéla
Ganzi
Ganzogo
Ganzourgou
Gaoga
Gao
Gaoko
Gaoko
Gaongho
Gaongo
Gaora
Gaoua
Gaoua
Gapar
Garango
Garansé
Garansé
Garatouba
Garbogoum
Garéba
Gargaboulli
Garga
Garga
Gargandi
Gargo
Gargo
Garguen
Garibonga
Garidi
Garikeré
Garitenga
Garka
Garkéré
Garouendé
Garou
Garpéné
Garpoulou
Gasamdamdé
Gasédonka
Gasèl Bila
Gasèl Diam Diodo
Gasèl Lidji
Gaséna
Gasgo
Gaskaé
Gaskaé Kodogen
Gaské
Gaskindé
Gasogo
Gasoum
Gaspyéri
Gassan
Gassèl
Gassèl Kadié
Gassèl Nwaradji
Gasséré
Gassiliki
Gassinko
Gasson
Gassongo
Gassougou
Gatabré
Gatapoula
Gatougou
Gattari
Gaua
Gawa
Gaya
Gayarmou
Gayéri
Gazourougou
Gbaba
Gbalara
Gbangbo
Gbara
Gbassamo
Gbéindi
Gbinbéna
Gbingué
Gboin
Gbonboulo
Gbonfiasso
Gbossara
Géselnay
Ghighi
Gidé
Gienbilé
Giliéni
Gingou Toungou
Giumbale
Gnenga
Gninga
Goaba
Goa
Goala
Goalga
Goana
Goanguen
Goantenga
Goargo
Goatéré
Gobi
Gobila
Gobila
Godbila
Godé
Godé
Godé
Godé
Godé
Godé
Goden
Goden
Goden
Goden
Goden
Godé Sarya
Godin
Godin
Godin
Godiyr
Godo
Godou
Godou
Godren
Godyiri
Godyr
Goen
Goéré
Goersa
Gogen
Gogen
Gogen
Gogen
Goghin
Gogo
Gogo
Gogo
Gogo
Gogonapou
Gogozougou
Goguen
Goguen
Goguen
Goguin
Goguin
Gogwin
Gogyir
Gohipoua
Goïalé
Goindé
Goindougouba
Goindougouni
Going
Goin
Goini
Goini Tonbo
Goko
Golé
Golgountou
Golmidou
Golo
Gombélédougou
Gomboro
Gomboussougou
Gomdiri
Gomdoro
Gomé
Gommbo
Gommpéla
Gomnaoré
Gompèlgo
Gomtenga
Gomwadini
Gonbon
Gonbré
Gondékoubé
Gondologo
Gondoro
Gondyori
Gongho
Gon
Gon
Gongonbili
Gongonbiro
Gongon
Gongongou
Gongonka
Gongorol
Gongorona
Gongouré
Gongoya
Goni
Gonion Bouli
Gonion
Gonken
Gono
Gonon
Gonou
Gonponsago
Gonsbilen
Gonsé
Gonsé
Gonsé
Gonsé
Gonsen
Gonsen
Gonsen
Gonsin
Gonskassenga
Gontouhoré
Gonu
Gopi
Gora Gane
Goragi
Gora
Gorasola
Goré
Goré
Gorèl
Goren
Goren
Gorgadji
Gorgane
Gorgo
Gorgoloro
Gorguèl
Gori
Gorki
Goro
Goroguen
Gorolkolé
Gorombouli
Gorom-Gorom
Goronbouli
Gorongo
Goron
Goropouli
Goroua
Goroué
Gorougbé
Gorouolkadyé
Gorouolkolé
Gorouré
Goroy
Gorpéné
Gorpérégora
Gorpouli
Gorsi
Gosina
Gossiamandara
Gossina
Gosso
Gotogou
Gouaèna
Gouala
Goualé
Gouanba
Gouankadéné
Gouansé
Gouara
Gouaréen
Gouari
Gouasa
Gouassa
Gouatenga
Gouatéré
Goubi
Goubla
Goubré
Gouda
Goudlé
Goudogo
Goudou
Goudré
Goudré
Goudren
Goudren
Goudri
Goudri
Goué
Gouéli
Gouèngo
Gouéra
Gouéra
Gouéré
Gougen Pissi
Gougogo
Gou
Gougou
Gougué
Gouilibila
Gouim
Gouindougouba
Gouindougouni
Gouinéré
Gouingo
Gouin
Gouiouri
Goula
Goulana
Goulé
Gouli Godiaré
Gouli
Gouli
Goulivodé
Goulmiougou
Goulogo
Goulo
Goulouba
Gouloubala
Goulouga
Goulouguen
Gouloumbassa
Gouloumtouba
Goulouré
Goulouré
Gouma
Goumalél
Goumbapari
Goumbio
Goumbo
Goumé
Goumi
Goumiougou
Goumisi
Goumissi
Goummsé
Goumodyo
Goumogo
Goumou
Goumparé
Goumpar
Goumsa
Goumsé
Goumsi
Goumtoaga
Goumtoro
Gounda
Goundi
Goundou
Goundoukay
Goundoukouba
Goundré
Gounga
Gounga
Goungé
Goungla
Goungnen
Goungou
Goun
Goungré Tanga
Gounguen
Gounguen
Gounguèn
Goungué Yolgo
Gounndi
Gountoudié
Gountouré
Gountouwala
Gounyin
Goupana
Goura
Gourango
Gouran
Gouraogo
Gourbaré
Gourcy
Gouréba
Gourèl Manma
Gouren
Gourésen
Gourga
Gourgou
Gourgou
Gouria
Gouri
Gouri
Gourkyana
Gourlè
Gourma
Gourmassa
Gournyel
Gouromo
Gourongo
Gouropila
Gourouga
Gourou
Gourouma
Gouroungo
Gourpila
Goursi
Goursi
Goursi
Gousey Laba
Gousi
Goussirite
Goutaro
Goutoula
Gouym
Gowin
Grina
Guédou
Guéguéré
Guéhébra
Guékouna
Guélan
Guéléongo
Guéléoungo
Guélou
Guèmni Ouro Nama
Guéna
Guèndé
Guénéména
Guénié
Guénien
Guensen
Guerbagoum
Guerbogou
Guerbogoum
Guéré
Guérina
Guessa
Guèssèdangué
Guèssèdannyè
Guéssèlnay
Guesséré
Guestoguen
Gueswendé
Guéyri
Guiao
Guiaro
Guibaré
Guibé
Guiboanndi
Guibou
Guiddé
Guiddéré
Guidoy
Guidritenga
Guiéboro
Guiéfourgou
Guiékéma
Guiéléba
Guienbilé
Guien
Guiéré
Guiérgo
Guiernogo
Gui
Gui
Guigui
Guihiré
Guikpéré
Guila
Guila
Guilakora
Guilakoro Tiopanao
Guilanio
Guilaniora
Guilé
Guilma
Guilongou
Guilonguen
Guinboro
Guinda
Guindé
Guiné
Guingou-Tioungou
Guinguédougou
Guinguini
Guininguédougou
Guinnsi
Guiongou
Guioumbalé
Guipa
Guipdéra
Guipo
Guira
Guirga
Guirgo
Guirgo
Guirgo
Guiri Guiri
Guirina
Guisendyori
Guissangou
Guissikoro
Guistogen
Guitanga
Guitti
Gumpar
Gundi
Gurga
Gurgu
Gursi
Gwabaga
Gwahala
Gwanda
Gwanga
Gwapéga
Gyéfourgou
Gyé
Gyéren
Gyido
Gyinouama
Haba
Haba
Haba
Habé
Habri
Hagado
Haho
Halgué
Haloko
Hamélé
Hanhoui
Hantoukoura
Hargadangou
Hasbialahou
Héla
Héla
Hélé
Hèlga
Hella
Hellé
Hello Bokona
Hello Bondou
Hello
Hemkoa
Hèmmkoa
Hériba
Hitté
Hoga
Hogo
Hokélirou
Hoko
Homo
Honda
Honsbaogo
Horé
Houbandé
Houbé
Houdé
Houlli
Houndé
Housi
Hunde
Iarogo
Iba
Ibal
Ibangoto
Ibélé
Ibéré
Ibi
Ibi Koudré
Ibi Palga
Ibobo
Ibogo
Ibomboue
Ibonboué
Ibounini
Ibouréni
Ichenguilita
Idietou
Idiou
Idyandyari
Iérifoula
Ierifula
Ifidi
Ifoukar
Igodoga
Igondara
Igouri
Ikouten
Ikyèmden
Ilaga
Iléala
Ilémaka
Iliwatèna
Illa
Illigué
Illigué
Illiyala
Ilyala
Imanndé
Imansorho
Imansoro
Imaré
Imassogo
Imassoko
Imassolo
Imatoro
Imégou
Imiga
Imigou
Imiougou
Imiougou
Imkouka
Immigou
Immigu
Imsélé
Imyiré
Imyougou
Indangara
Indibi
Inga
Ingané
Ingaré
Inguépé
Inguilbo
Ingulbo
Inkanpira
Inpéréga
Intara
Intaya
Intiédougou
Intiedugu
Intoulé
Intoumpira
Ipala
Ipala
Ipala
Ipala
Ipala
Ipala
Ipala
Ipala
Ipala
Ipala Wobsen
Ipal
Ipélé
Ipéli
Ipelsé
Ipèndo
Ipiel
Ipo
Ira
Irédié
Iria
Iridiaka
Iridie
Irikourounko
Irim
Irino
Irino
Irkou
Isouka
Isouka
Issaogo
Issaô
Issigui
Itao
Itaoua
Itènga
Itian
Ividié
Iwara
Izir
Jebiga
Jérifoula
Jibasso
Jibo
Jimbara
Jipologo
Jitoera
Jmansogo
Jntiedougou
Jolés Ouidi
Joungo
Jourès Ouidi
Jungo
Kaabougou
Kaba
Kabala
Kabala
Kabao
Kabaralé
Kabarikaha
Kabaro
Kabba
Kabéba
Kabega
Kabégha
Kabera
Kabinou
Kabo
Kabo
Kabolé
Kabora
Kaboré
Kaboro
Kabouda
Kaboudo
Kaboulé
Kaboulé
Kabourou
Kachirga
Kada
Kadenguen
Kadenkada
Kadiatéon
Kadiel
Kadio
Kadonda
Kadougou
Kadyanbédayiri
Kaèl
Kafozanga
Kagamzensé
Kagangamoré
Kagaré
Kagouli
Kagtoudi
Kahel
Kahin
Kaho
Kaïbo
Kaïbo Niaogo
Kaïboulo
Kaïera
Kaïfouna
Ka In
Kaka
Kakati
Kakin
Kakobaratenga
Kakoumana
Kakouna
Kaktinga
Kalabo
Kalagaré
Kalaho
Kalaktéga
Kalambaogo
Kalamondo
Kalamtogo
Kalanbouli
Kalangbara
Kalankada
Kalanporo
Kalao
Kaldéra
Kalédougou
Kaléhéma
Kaléhéna
Kalé
Kalé
Kalèmbaougou
Kaléwiga
Kalgondé
Kalidouani
Kaligogo
Kaligri
Kalimpouré
Kalindi
Kalindou
Kalinga
Kalinga
Kalinpo
Kalio
Kalio
Kalitaga
Kalkiendé
Kalla
Kaloganogo
Kalohomé
Kalo
Kalo
Kalo
Kalomba
Kalo Tampané
Kalouartenga
Kalouènga
Kalougyésé
Kalpongo
Kalsagado
Kalsagado
Kalsaka
Kalsé
Kalsé
Kalsé
Kalsen
Kalséo
Kalso
Kalsolo
Kalwaka
Kalyo
Kalzi
Kamadéna
Kamadéna
Kama
Kamanangora
Kamandéna
Kamankadougou
Kamantéon
Kamba
Kambaridéni
Kambarive
Kamboinsé
Kamboise
Kamélédala
Kamgwamtenga
Kamigyi
Kamina
Kaminiankoro
Kaminogo
Kamissi
Kamkandé
Kammbondogué
Kammssado
Kamona
Kampelzézougo
Kampiti
Kampoaga
Kampouéyorgho
Kampti
Kampyagui
Kamsado
Kamsado
Kamsansé
Kamsaongtenga
Kamsé
Kamsi
Kamsi
Kamsogo
Kamsongouin
Kamtenga
Kana
Kana
Kana
Kanakoulé
Kanamissé
Kanba
Kanboensé
Kanbo
Kanbouensé
Kanchari
Kancognan
Kanda
Kandargyana
Kandatenga
Kandaye
Kandé
Kandéni
Kando
Kandoré
Kandyéba
Kangalaba
Kangala
Kangarsé
Kangaye
Kangounadéni
Kangoura
Kangue
Kanguen
Kanhiré
Kaniagara
Kaniagara
Kaniana
Kaniéléké
Kankadyanga
Kankaguen
Kankalaba
Kankala
Kankala
Kankali
Kankalsi
Kankambaogo
Kankamsé
Kankamsen
Kan
Kankande
Kankandi
Kankandyaga
Kankané
Kankané
Kankanfogou
Kankanfogwol
Kankangou
Kankanguen
Kankani
Kankankiaga
Kankanndé
Kankano
Kankanraga
Kankantiana
Kankassi
Kankonion
Kankono
Kankota
Kankoumana
Kankouradéni
Kankuyo
Kankwari
Kanlayénou
Kanmba
Kanmpandi
Kanono
Kanouaragou
Kanougou
Kanpenga
Kanptyali
Kansara
Kansara
Kantari
Kantchari
Kantion
Kanvara
Kanyèndé
Kaogen
Kao
Kaoken
Kaongen
Kaonghin
Kaongo
Kaonguin
Kaonsé
Kaora
Kaou
Kapaha
Kapa
Kapéré
Kapoa
Kapol
Kapon
Kapori
Karaba
Karabolé
Karadi
Karadyé
Karagtangen
Karakoro
Karaktanguen
Karamassasso
Karangasso
Karankaso
Karankaso
Karankasso
Karankasso
Karapességo
Karasso
Karatenga
Karatiébougou
Karba
Karé
Karé
Karé
Karékoui
Karékounré
Karékouri
Karékui
Karékuy
Karémama
Karémanguel
Karénankali
Karengatenga
Karéo
Karétokosel
Karétokossel
Karfiguéla
Kargaga
Karga
Kargatenga
Kargo
Kargou
Kargouzi
Kari
Kari
Karka
Karkouidigen
Karkouidiguen
Karma
Karma
Karmanma
Karmoukyakya
Karna
Karna
Karo
Karpélé
Karporé
Karsandi
Kartasso
Karyégou
Kary
Kasandé
Kasari
Kashili
Kasila
Kaso
Kasou
Kassaga
Kassaho
Kassa
Kassa
Kassandé
Kassanga
Kassan
Kasséba
Kasséba Mossi
Kasséba-Samo
Kasséguéra
Kassita
Kassité
Kassodo
Kasso
Kasso
Kassola
Kassombodé
Kasson
Kassougou
Kassou
Kassou
Kassoum
Katabtenga
Katafona
Kataga
Katana
Katanga
Katchi
Katchirga
Katenga
Katian
Katierla
Kati
Katiou
Katiou
Katiyim
Katjirka
Katombaogo
Katonga
Katon
Katoua
Kawara
Kawara
Kawara
Kawin
Kaya
Kaya
Kaya
Kaya
Kayal
Kayao
Kayébila
Kayéré
Kayérobou
Kayéro
Kayo
Kayo
Kayokorogo
Kayon
Kayoro
Kazanga
Kazim
Kbélé
Kédéyèdé
Kékaba
Kéka
Kéké
Kékélesso
Kèlbo Foulbés
Kèlbo-Foulcés
Kelbo
Kelbora
Kèlbo Yarcés
Kélégom
Kélékom
Kèlèl
Kéléni
Kéléso
Kélesso
Kelgueme
Kélia
Kèlsio
Kèlsoubairi
Kémasso
Kémé
Kémou
Kendèmbay
Kéné Kéné
Kénéko
Kénéma
Kénéma
Kénésoumdé
Kenkiéné
Kénou
Kéra
Kéranboro
Kérédé
Kéréna
Kéri
Kèrta
Kéryaogen
Kéryaoguen
Kesse
Kessembodé
Kesson Bodé
Kessorou
Kessourou
Khyon
Kia
Kialiéro
Kialuin
Kiao
Kiapré
Kibé
Kibila
Kibiri
Kiboulougou
Kibtanga
Kiébani
Kiébo
Kiéden
Kiédéyendé
Kiédié
Kiédi
Kiedpalgo
Kiédui
Kié
Kié
Kié
Kiéko
Kiékouyou
Kiéléguem
Kiélla
Kiembara
Kièmna
Kien
Kientara
Kiépalogo
Kiéré
Kiéré
Kiéréma
Kierma
Kièro
Kiéssourou
Kietanga
Kiétégo
Kiétou
Kietou
Kikidéni
Kikigogo
Kikilma
Kikwa
Kila
Kilari
Kiléma
Kilibo
Kiligiri
Kilima
Kilingota
Kilissimoko
Kilkyaga
Kilongota
Kilouen
Kilou
Kimidougou
Kimini
Kimini
Kinana
Kindia
Kindiba
Kindi
Kindogo
Kindougou
Kinga
Kinga
Kingria
Kinia
Kini-Kini
Kinkélou
Kinkoro
Kinpéo
Kinpi
Kinséré
Kinsiké
Kinsiré
Kinsouyinkyéma
Kinyanga
Kinzim
Kioma
Kipala
Kipir
Kira
Kiré
Kirga
Kirgou
Kirgoutenga
Kirgutenga
Kiria
Kiribi
Kiribina
Kiriblé
Kirien
Kirigtenga
Kiri
Kiri
Kirikiri
Kirikoudogo
Kirilonga
Kirina
Kirio
Kiriolol
Kirissitanga
Kirsi
Kirsiri
Kirta
Kisligoémé
Kison
Kissidé
Kitodougou
Kiyéri
Klani
Koagma
Koaken
Koaken
Koaken
Koaken
Koaken
Koaken Koanda
Koakin
Koakin
Koalaga
Koala
Koala
Koala
Koalla
Koalla
Koalo
Koaltinquin
Koana
Koanda
Koanguen
Koankè
Koankin
Koanta
Koara
Koara
Koasanga
Koassaga
Koassa
Koassanga
Koayo
Koba
Kobanbou
Koban
Kobaré
Kobar
Kobato
Kobiadiassa
Kobindyégo
Kobini
Kobogo
Kobo
Kobori
Kobougou
Koboundouen
Kobouré
Koboutéon Tienkbé
Kobrou
Kobssé
Kodagou
Kodala
Kodara
Kodassari
Kodemendé
Kodézoaga
Kodiéné
Kodima
Kodioloy Loboy
Kodjai
Kodjani
Kodjar
Kodjoani
Kodogo
Kodomendé
Kodougou
Kodouro
Kodro
Kodyé
Kodyèl
Kodyengou
Kodyolay
Koédogo
Koéna
Koéna
Koen
Koetchongo
Kofila
Kofindren
Kogho
Kogmasogo
Kogo
Kogo
Kogola
Kogoma
Kogomou
Kogonogen
Kogonoguen
Kogori
Kogotenga
Kogoudou
Kogoué
Kohda
Kohipéré
Koho
Koho
Kohorasso
Koibéné
Koikonba
Koin
Koiratégui
Koirétégui
Kojar
Koka
Koken
Kokim
Kô
Ko
Kokoaga
Kokogou
Kokoi
Koko
Koko
Kokolgho
Kokolibou
Kokolioou
Kokologbarao
Kokologo
Kokon
Kokonsé
Kokora
Kokora
Kokoraré
Kokoré
Kokoro
Kokoroué
Kokorouré
Kokossé Nabikomé
Kokou
Kokoum
Kokoun
Kola
Kolakwé
Kolana
Kolangaligui
Kolankan
Kolastenga
Koléga
Koléka
Kolèl
Kolérou
Koleru
Kolessi
Kolgotanpané
Kolibié
Kolibila
Kolindioura
Kolinka
Kolkol
Kolkolyiri
Kolkouom
Kollé
Kollo
Kolobassama
Kolobo Samba
Kolodiou
Kologanaba
Kolognaba
Kolognaba
Kologoéro
Kologo
Kologonaba
Kologonaba
Kologoro
Kologo Sama
Kologossamba
Kologoudé
Kologoukom
Kolokaga
Kolokandé
Kolokan Gouré Bâ
Kolokan
Koloko
Kolo
Kolokolo
Kolokom
Kolokom
Kolokom
Kolokom
Kolokom
Kolokouamé
Kolokoum
Kolokouomé
Kololo
Kolomkom
Kolongalona
Kolonguikom
Kolonida
Kolonkan-Goure Bâ
Kolonkan Goure Diallo
Kolonkani Bâ
Kolonkan
Kolonkan Sirakoro
Kolonkouakou
Kolonkoum
Kolonkoura
Kolonkwom
Kolonzo
Kolouaga
Kolouoko
Komadougou
Koma
Komanmpouma
Komaya
Kombedogo
Kombéolé
Kombikombissigui
Kombisiri
Kombissiguiri
Kombissiri
Komboari
Komboéga
Komboinsé
Kombori
Kombori
Kombos Yargo
Kombouédogo
Kombouensé
Komboussougou
Komé
Komésentenga
Komiargo
Komin-Yanga
Komkaga
Komki-Ipala
Komki
Komléla
Kommbouri
Kommkoro
Komo
Komona
Komondi
Komondi
Komonga
Kompiembiga
Kompongou
Kompongu
Kompyalga
Komsiléga
Komsilga
Komsilga
Komsilga
Komsilga
Komsilgha
Komtaka
Komtenga
Komtigré
Komtoéga
Komtoéga
Komtoega
Komwana
Komwanndi
Konadougou
Kona
Kona
Kona
Kona
Konankira
Konankoïna
Konankoïne
Konankoira
Konbatyégou
Konbili
Konblétéoun
Konbobsi
Konbori
Konbouassi
Konbwissi
Koncognan
Kondaya
Konden
Kondibito
Kondibito
Kondiboken
Kondidyoaga
Kondié
Kondilma
Kondogombenga
Kondon
Kondouagou
Kondouboéga
Kondoubouéra
Kondougou
Kondougoumbenga
Kondrin
Koné
Konékongo
Konga
Konga
Kongango
Kongaye
Kongbélegban
Kongoba
Kongoba
Kongodian
Kongohouro
Kongolika
Kongolikan
Kongolikan
Kongolikoro
Kongosso
Kongoussen
Kongoussi
Kongozana
Kongtoro
Konguen
Konhadougou
Konhadou
Konhadu
Koniam
Konioudou
Konka
Konkané
Konkar
Konkéra
Konkoï
Konkoliko
Kon
Konkossé
Konkossi
Konkoubiri
Konkoubougui
Konkouéra
Konkouissé
Konkouliko
Konkouni
Konkousse
Konkui Koura
Konkwisen
Konlèntyaga
Konligidi
Konlobéwandé
Konmestenga
Konndui
Konntyana
Konokaha
Kono
Kononga
Konpiébiga
Konpi
Konséoulga
Konsori
Kontaga
Kontama
Kontéguéré
Kontiadi
Kontiana
Kontigé
Kontigué
Kontikoura
Kontioro
Kontopénga
Kontyandi
Kontyégou
Kontyénaba
Konzèna
Konzio
Koodjina
Koona
Kopapinzi
Kopélougou
Kopéndi
Kopéré
Koper
Kopoï
Kopsséré
Kopti
Korabou
Kora
Koran
Koratenga
Korbé
Kordié
Koréba
Koré
Koréziena
Koria
Koriba Kinkéni
Koriba
Koriba Tanzou
Kori
Korkoakin
Korkobièl
Korko
Korko Nabitenga
Korko-Natenga
Korobi
Korobou
Korogo
Korogo
Korogoro
Koroko
Koro
Koro
Koro
Koro
Koroma
Koromassoro
Korombéré
Korombouli
Koromé
Korom
Koronaba
Korongon
Koronkoura
Koronpéré
Koronso
Korossaboloro
Korosso
Korro
Korsimoro
Koryèndé
Kosela
Kosgo
Kosili
Kosilsi
Kosmassem
Kosmasson
Kosoden
Kosodo
Kosoguen
Kosoro
Kossala
Kossami
Kossara
Kosségo
Kossé
Kossiam
Kossoba
Kossoden
Kossodo
Kossogo
Kossogué
Kosso
Kosso
Kosso
Kosso
Kosso
Kosso
Kossonkoré
Kossougoudou
Kossouka
Kostènga
Kota
Kotambari
Kotantoré
Kotédougou
Kotédougou
Kotélé
Koti
Kotina
Kotonano
Kotoua
Kotoudeni
Kotou
Kotoula
Kotoura
Kottia
Kotyanboubagou
Kotyari
Kouabkouka
Koua
Kouakoua
Kouakoualé
Kouakouna
Kouakourouma
Kouala
Koualma
Koualtangen
Koualtanguen
Kouana
Kouana
Kouandré
Kouaneyan
Kouanga
Kouangouasso
Kouantou
Kouapkouka
Kouaré
Kouasé
Kouassanga
Kouassé
Kouatchongo
Kouatou
Kouayargou
Koubabako
Kouba
Kouba
Kouba
Kouba
Koubaye
Koubé
Koubéogué
Koubi
Kouboin
Koubon
Kouboulou
Koubouré
Koubourgou
Koubri
Koubri
Koubri Nabmanaguéma
Koubri Nagbangré
Koubry
Koudio
Koudio
Koudiougou
Koudma
Koudmi
Koudougou
Koudougou
Koudougou
Koudoumbo
Koudouwoégen
Koudsi
Koudyantyagou
Koudyéré
Kouékembissiga
Koué
Koué
Kouékoueso
Kouèkouesso
Kouélimanghanfesso
Kouéna
Kouentou
Kouérédéni
Kouéré
Kouére
Kouetchongo
Kouga
Kougmassogo
Kougo Tenga
Kougouandi
Kougoubaga
Kougoudouguen
Kougoué
Kougoula Paka
Kougoularé
Kougoura
Kougouri
Kougouri
Kougousoulô
Kougpaka
Kougpela
Kougpéla
Kougren
Kougri
Kougsabla
Kougsen
Kougui
Kouhini
Kouhoulogo
Kouhoulongou
Kouidi
Koui
Koui
Kouikourkodya
Kouila
Kouila
Kouiléra
Kouima
Kouini
Kouizili
Kouka
Kouka
Kouka
Koukana
Koukankangou
Koukébako
Kouken
Kouken
Kouken
Koukin
Koukin
Kouknogo
Kouko
Koukomnoré
Koukonoré
Koukotyoungou
Kou
Koukouiré
Koukouldi
Koukouli
Koukouli
Koukoulou
Koukounkoulouga
Koukouré
Koukourouba
Koukourouna
Koukourousso
Koukousen
Koukpéla
Koukpéla
Koukpélen
Koukpyata
Kouksabla
Koukzandé
Koulagane
Koula
Koularé
Koulbalé
Koulbé
Koulbi Yoratéoun
Koulébéaga
Kouléguézougou
Kouléré
Koulétéon
Koulga
Koulgoren
Kouliba
Koulibéré
Koulibié
Koulibila
Kouliga
Koulikamsé
Kouli
Koulima
Kouliniéré
Koulinion
Koulinkouna
Koulirouré
Koulitenga
Koulkianga
Koulli
Koulmyougou
Koulnatenga
Koulogo
Koulogo
Koulogo
Koulogrouré
Kouloho
Kouloken
Kouloko
Koulo
Koulopagaré
Koulorouré
Koulouéogo
Koulouéogo
Koulou Ganda
Koulougbélé
Koulougo
Koulougoto
Koulou Houli
Koulouko
Koulou
Kouloukpé
Koulouloura
Kouloumasatenga
Kouloumbou
Koulouméogou
Kouloungou Iré
Kouloungou
Koulouoko
Koulouwagadi
Koulpéléga
Koulpélé
Koulpelga
Koulpellé
Koulpissi
Koulpissi
Koulponsgo
Koulto
Koulwéogo
Koulwéogo
Koulwoko
Koumadougou
Kouma
Koumana
Koumandara
Koumandi
Koumbadougou
Koumbango
Koumbani
Koumbara
Koumbara
Koumbataka
Koumbia
Koumbili
Koumbogoro
Koumbo
Koumbori
Koumbou
Koumbouli
Koumbouri
Koumbranga
Koumbri
Koumdanioré
Koumdanyoré
Kouména
Koumi
Koumirtenga
Koumisi
Koumkoulré
Koumna
Koumnéré
Koumnoro
Koumsaga
Koumsyéogo
Koumzorodogo
Kouna
Kouna
Kounandé
Kounandia
Kounda
Kounda
Koundi
Koundimi Ba
Koundimi Soudéni
Koundla
Koundogo
Koundouba
Koundougou
Koundougou
Koundoula
Kounende
Kounga
Koungny
Koungwo
Kounia
Kouni
Kouni
Kounkoubri
Kounkouna
Kounla
Kounla
Kounou
Kounouma
Kounti
Kountséni
Kounyenga
Kounyi
Kouoio
Kouoro
Kouosseye
Koupéala
Koupéla
Koupéla
Koupéla
Koupéla
Koupèl Alfa
Koupélen
Koupellé
Koupélogo
Koupéné
Koupessara
Koupouello
Kourakou
Koura
Kouranga
Kourani
Kourao
Kourba-Bagaré
Kourba
Kourba
Kourba-Mogo
Kourbobagaré
Kourdyana
Kourésilogo
Kourfèl Sidiki
Kourgano
Kourgou
Kourgou
Kourian
Kourigué
Kouri
Kouri
Kouri
Kouri
Kouri
Kouri
Kouri
Kourinion
Kourissiensé
Kouritenga
Kouritenga
Kourit Yaoguen
Kourki
Kour
Kourkourkodya
Kourloungou
Kourma
Kournéré
Kouro
Kourori
Kourouba
Kourou Bogo
Kourouboulli
Kouroué
Kouroufina
Kourougou
Kourougou
Kourouguéré
Kouroukida
Kourou
Kourou
Kouroukui
Kourouma
Kouroumana
Kouroumani
Koursiéra
Koursiéra
Kourya
Kouryaoguen
Koury
Kousiani
Kousila
Kousoulougou
Kousoumason
Koussadaga
Koussana
Koussaro
Koussia
Koussiri
Koussiri
Koussougoudou
Koussougou
Koussouka
Koutakou
Kouta
Koutiama
Koutiana
Koutiana
Koutiélé
Kouti
Koutinasogo
Koutoberlé
Koutoubéré
Koutoura
Koutoura
Koutséni
Koutyagou
Kouyé
Kouyéra
Kouy
Kouyougou
Kouzié
Kovio
Kovri
Kowari
Koyanga
Koyati
Koyéné
Koygouroua
Kpakpara
Kpala
Kpandiao
Kpanpouna
Kpantianao
Kpapalanboura
Kpapirao
Kparanta
Kpé
Kpéra
Kpéré
Kpétora
Kpoko
Kpo
Kpoumané
Kpuéré
Kroumweogo
Ktédia
Kubaye
Kudugu
Kuechongo
Kuékuéra
Kuila
Kuko
Kukuldi
Kulbe
Kulu
Kulungu
Kumbara
Kumbia
Kumbili
Kumbo
Kunande
Kundugu
Kupela
Kurao
Kurba
Kuri
Kuritenga
Kurmen
Kusiani
Kussuka
Kwademen
Kwadifagou
Kwaké
Kwandibouri
Kwantu
Kwaré Manguèl
Kwarkorodi
Kwénani
Kwèn
Kwensé
Kwèsé
Kwila
Kwilisen
Kwini
Kwon
Kwotougou
Kyabya
Kya
Kyala
Kyébelga
Kyeka
Kyékopologo
Kyèlèlkyopè
Kyèlla
Kyémpalgo
Kyèndyaga
Kyenkiélogo
Kyentenga
Kyèntsom
Kyérèlsé
Kyikan
Kyon
Kyoro
Laba
Labara
Labara
Labarani
Labelongo
Labian
Labièn
Labola
Labouli
Ladio
Lado
Ladouenda
Lâdou
Ladouré
Ladré
Ladré
Laésséno
Lafya
Lagitenga
Lago
Lago
Lagparé
Lagué
Lagyana
Lagyou
Lahagi
Lahalé
Lahallé
Lahiraso
Lahirasso
Laho
Lahol
Lahoura
Lai
Lakaré
Lako
Lakoniégué
La
Lâ
La
Laléara
Lalé
Lalé
Lalgai
Lalgaye
Lalgué
Lalipouré
Lallaga
Lalla
Lallé
Lallé
Lalma
Lalnoyiri
Lalou
Lama
Lamana Kassirga
Lamana Koria
Lambila-Poko
Lambouaka
Lamdamaol
Lammzoussi
Lammzoussi
Lamona
Lamoussadaga
Lampyadi
Lamzoudo
Lamzoudo
La Nabili
Lanbara
Lanbdoga
Landenkonou
Landro
Lanférakora
Lanferia
Lanfiéra
Langara
Langouérou
Lankassaga
Lankian
Lankoé
Lankoue
Lankwé
Lankyanya
Lan
Lan
Lannyé
Lanogo
Lantadi
Lantaga
Lanta
Lantao
Lantaoro
Lantari
Lanviéra
Laogo
Lao
Lao
Lao
Lao
Lao
Laongo Lango
Laongo Yanga
Laordé
Laougou
Laponé
Lapyo
Lara
Laralé Wéoguen
Larama
Laranfiara
Laranfiéra
Laranfiéra
Larbi
Laré
Laré
Larga
Largogo
Largo
Larhala
Larlé
Larlé Wéoguen
Larmanga
Laro
Larou
Lassané
Lasso
Lassonpwéri
Latara
Latian
Lati
La Titon
La Toden
La Todin
Latou
Latou
Lawa
Laway
Lawen
Layavri
Laye
Lay
Léamtenga
Léba
Léba
Lébanga
Lébéré Béla
Lebiélé
Lébra
Lédéré
Lédigué
Léfarako
Léfara
Léfourba
Legbouindigui
Lègmoin
Légouré
Léguéma
Lehitanga
Léï
Leko
Lékoro
Lekoui
Lèkou
Lékouy
Lékui
Lékuy
Lélarma
Lelasso
Lèlèdo
Lélègsé
Léléguéné
Lélèguéssé
Lélé
Lèlèrama
Léli
Lélingo
Lelkom
Lèlkom
Lèmbonoro
Lémini
Lemmka
Lemmka
Lemmkora
Lèmnongo
Lèmséré
Léna
Léna
Lenga
Lengou
Lénobila
Lénon
Léo
Léongo
Leosgotenga
Léotzenga
Léoura
Léournyou
Léra
Lèrbou
Lérébi
Léré
Léré Nganay
Lergo
Lèrguiddé
Léri
Lermitéra
Lérou
Leséré
Lèssam
Lesséré
Létiéfésso
Lévara
Lèvri
Leyé
Lèy Sèno
Lézogotenga
Liaba
Lia
Libira
Libirira
Libouré
Lidara
Lienguiélégué
Ligomdé
Liguidibouéma
Liguidi Malgam
Liguid Malgam
Lihoula
Liki
Likinkelsé
Lilbouré Ladré
Lilbouré
Lilbouré
Lilbouré
Lilbouré
Lilebouré
Lilengo
Lilgomdé
Li
Lilibouri
Liliga
Liligondé
Liligonndé
Lilikana
Lillibouré
Lilyala
Limamaréoguen
Limbéré
Limmba
Limnaogo
Limnongen
Linédi
Linguékoro
Linguékoro
Linguékoro
Linguépéssako
Linkilga
Linoghin
Linoguen
Linoguen
Linogwé
Linogwé
Linoré
Linsé
Lintéba
Lioudougou
Liougou
Lioulgou
Lioulgou
Lipaka
Lipa
Lip
Liptougou
Liptugu
Listenga
Liyala
Loaba
Loada
Loaga
Loa
Loanga
Loanga
Loanga
Loari
Loatenga
Lobio
Lobouga
Lobrou
Lodéra
Lofigaho
Loga
Logboloro
Logobili
Logobou
Logo
Logolona
Logoniégué
Logué
Loguil
Lohagué
Lokhoso
Lokindé
Lokodia
Loko
Lokolona
Lokomiégué
Lokona
Lokoniege
Lokoniégué
Lokono
Lokono
Lokori
Lokosso
Lolio
Lolnango
Lo
Lo
Lomana
Lombila
Lonani
Lonbélé
Londjonpo
Lonfilougou
Longa
Longa
Longo
Longoro
Longouré
Longué
Lonkankui
Lonkan
Lon
Lonnti
Lonntya
Lontari
Lontya
Lopal
Lopoï
Lorgou
Lorhoso
Lorhosso
Lori
Lorobili
Loroféresso
Loro
Loro
Loroni
Loropéni
Lorou
Loroumdo
Losogou
Lossa
Lossa
Loto
Louanga
Louara
Loubalganga
Loubre
Louda
Louda
Loudoudji
Loué
Louga
Louga
Lougoubissi
Lougouma
Lougouri
Louguékèmé
Lougué
Lougwé
Louka
Louké
Loukéré Boki
Loukouara
Loukoura
Louksi
Louksi Nabayiri
Louléo
Loulgou
Loullégou
Loulogou
Lou
Lou
Loulougou
Loulouka
Loumana
Loumbila
Loumbipoko
Loumpini
Lounadéni
Lounga
Loungo
Loungue
Lounogo
Louré
Lourfa
Lourgou
Louroudyè
Louta
Lovegou
Lozano
Lozetenga
Luda
Luidi
Luin
Lu
Lumana
Lumbila
Luniongo
Luta
Maba
Madamao
Madiabari
Madiagdune
Madiagouné
Madiagune
Madjoari
Madjori
Mado
Madori
Madou Dien
Madoudji
Madougou
Mâdou
Madou
Madyabari
Madyir
Mafoulou
Mafou
Magadogo
Magasaré
Magdogo
Mahamadi
Mahon
Mahoula
Maissadioga
Majori
Makanfesso
Makataka
Makianfesso
Mako
Makongo
Makoui
Makouy
Makui
Makui
Malabo
Malamgomdé
Malba
Malbo
Malémi
Malioma
Malléré
Mal
Malori
Malouibwara
Malou
Maltéoun
Malviré
Mamaifô
Mamangou
Mamanguel
Mamanguèt
Mamantougou
Mamantugu
Mamassiol
Mambouri
Maméré
Mamouana
Mamougou
Mamou
Mamounborgou
Mamountorgou
Mamountougou
Mamoupourgou
Manafian
Manago
Managsombo
Mana
Mana
Mana
Mananpoupéra
Manboua
Mandala
Mandé
Mandesso
Mandiari
Mandié Bagaré
Mandié
Mandouba
Mandyari
Manébaogo
Manéfiam
Manéga
Manéga
Manégsombo
Manéguessoumbo
Mané
Mané
Manéra
Manésa
Manéssa
Manéssé
Manévelle
Manfou
Mangadian
Mangagou
Manga
Manga
Mangodaga
Mangodara
Mangoudougou
Mangoulima
Mangoulma
Mangou
Manguen
Manguinao
Mangyé
Manié
Manikui
Mani
Mani
Mankarga
Mankoména
Mankoula
Manlora
Manoa
Manon
Manoualé
Manougou
Manpoura
Mansila
Mantabina
Mantchagou
Mantiabdioga
Mantiankui
Mantougou
Manyimasso
Manzogo
Manzour
Maon
Maoula
Maouréna
Mara
Mara
Marango
Marébama
Maréniassam
Margo
Margou
Maridyanga
Maridyiwaga
Mariou
Markoye
Markoy
Marlogou
Marmousyargo
Maroa
Maro
Marougou
Marsila
Masa
Masiri
Masré
Massadéhirikoro
Massafogo
Massako
Massala
Massalo
Massara
Massigoré
Masso
Massougou
Masyénwouné
Maté
Matiacouali
Matiakoali
Matiakouali
Matiakuali
Mati
Matourkou
Maunodou
Mawé
Mbangui
Mébaré
Mébaré
Mébar
Médéga
Mèdou
Megué
Méguet
Méhana
Méhari
Meir
Méjia
Méka
Méko
Mélime
Mélio
Mèlou
Mé
Méméré
Mendéren
Ménégou
Menegu
Méné
Menné
Méno
Mèntaô
Mépa
Mèra
Mesma
Mésséga
Messimnogo
Métio
Mia
Miana
Miankoïne
Mian
Midèbdo
Midjéka
Migui
Milima
Milimtenga
Milpo
Mina
Mina
Mindénina
Minguèl Péta
Miniankoro
Miniéra
Minimi
Minissia
Minissian
Minkagora
Minkiro
Minoungou
Mintara
Minttamon
Miperdouo
Missidia
Missikilo
Missiri
Mitiérédougou
Mitiéridougou
Moadaga
Moadougou
Moaga
Moaka
Moaken
Moakin
Moaliassan
Moami
Moa
Moanéga
Moani
Moanta
Moara
Moara
Moara
Moaza
Mobéga
Modoma Nabamahogma
Modréguiam
Moémé
Moessen
Mogadangou
Mogandébouré
Mogden
Mogodé
Mogoden
Mogolaga
Mogommbouli
Mogom
Mogoumnore
Mogtédo
Moguéya
Mohouna
Moimbé
Moira
Moiré
Moissi
Moka
Moké Linoré
Moken
Moken
Mokin
Mokin
Mokléré
Mokoin
Moko
Mokouna
Moktédo
Molé
Molokadoum
Momba
Momné
Mondi
Mondon
Moné
Monemtenga
Monga
Mongomboulli
Mongoni
Mongonon
Moni
Monkoma
Monkoui
Monkuy
Monlouri
Monmassa
Mon
Monon
Monpabi
Montiokoui
Montionkui
Montionkui
Montioukoy
Montyonkuy
Monyargo
Mopiènga
Mopyénga
Morédaga
Morgombouli
Moriba
Moribarasso
Morini
Morobasso
Morobogo
Morolaba
Moro
Morotaba
Morou
Mosko
Mossadé
Mossi
Mossitenga
Mossona
Mossoum
Motenga
Motoulou
Mouamone
Moua
Mouanga
Mouèmè
Mougaré
Mougoulsen
Mougounisi
Mougounougaboko
Mougoussen
Mougué
Mougué
Mouindasso
Mouka
Mouka
Moukaven
Moukouen
Mouléla
Moulé
Moulépo
Moulola
Moulo
Moulourou
Mou
Mou
Moumougou
Mouna
Mouna
Mouna
Moundia Bogo
Moundia
Mounéré
Mouni
Mouni
Mounioupélé
Mounkui
Mourdéni
Mourdié
Mouryala
Mousoumourou
Moussakongo
Moussakui
Moussé Bohongou
Mousséo
Moussobadougou
Moussobadougou
Moussodougou
Moussoua
Moussoumourou
Mousyo
Moutia
Mouti
Mouviello
Mouviélo
Mouzoumou
Moyaba
Mozi
Mozonon
Mpara
Mpogona
Nabadogogo
Nabadogo
Nabadogo
Nabadogo
Nabadogo
Nabagalé
Nabaga
Nabakiesma
Nabakoutou
Nabakyesma
Nabalé
Nabamahogma
Nabamboura
Nabangré Yiri
Nabaningou
Nabanoré
Nabaraboga
Nabara
Nabara
Nabasnoguen
Nabasonogo
Nabassiniguima
Nabasso
Nabataniodieniou
Nabatyèsma
Nabayiri
Nabazané
Nabazinéréma
Nabdabogho
Nabéaoudiyiri
Nabégyan
Nabélé
Nabélen
Nabenda
Nabéné
Nabengué
Nabenli
Naben
Nabéré
Nabibougou
Nabigma
Nabiléyemdi
Nabintiésan
Nabintiessan
Nabiri
Nabissonnré
Nabitenga
Nabitenga
Nabitenga
Nabitenga
Nabitenga
Nabitiben
Nabiyaré
Nabiyili
Nablaliassan
Nablétéon
Nabmanaguéma
Nabmangom
Nabmasa
Nabmassa
Nabmassa
Nabmayaoren
Nabnougomzougo
Nabodogo
Nabodogo
Nabogen
Nabo
Nabon
Nabon
Nabonsombo
Naboré
Naborgane
Naboro
Naboua
Nabouanou
Nabougou
Nabougou
Naboula
Nabou
Naboundaga
Nabounguira
Nabouri
Nabu
Nadème
Nadéna
Nadiabondi
Nadiagoun
Nadian
Nadiogo
Nadiolo
Nadion
Nadioutenga
Nadono
Nadonou
Nadoulou
Nadyari
Naf Banka
Nafodou
Nafo
Nafona
Nafona
Naforgo
Nafouma
Nafouna
Naftenga
Nagapsé
Nagaré
Nagaren
Nagari
Nagbare
Nagomtenga
Nago
Nagouandi
Nagraogo
Nagren
Nagréongo
Nagséné
Naguéléma
Naguré
Nagyongou
Nagzougou
Nahaitenga
Nahari
Nahartenga
Nahartenga
Nahatenga
Nahatyanga
Nahili
Nahi
Nahi
Nahirindio
Nahoué
Nahrenga
Nahrtenga
Naïalagué
Naïalagué
Naira
Naisinango
Nakaba
Nakalbo
Nakamhoura
Nakandié
Nakaré
Nakari
Nakar
Nakata
Nakiétéon
Nakoalba
Nakoalo
Nakoayaro
Nakola
Nakombogo
Nakomestenga
Nakomgo
Nakomko
Nakomogo
Nakomogo
Nakomoro
Nakomtenga
Nakomtenga
Nakomtenga
Nako
Nakonbogo
Nakonbogo
Nakouéréziré
Nakoumbourou
Nakou
Nakoun
Nakourtenga
Nakpalé
Nakui
Naku
Nalahoudo
Nalélé
Naléra
Nalougou
Nalyèmbouti
Namaga
Namagaré
Namagé
Nama
Namandala
Namanéguéma
Namangama
Namantyari
Namasa
Namasa
Namasa
Namasa
Namasiri
Namassa
Namassa
Namassa
Namassa
Namassa
Namassa
Namassa
Namassa
Namayari
Nambé
Nambèrya
Nambingen
Namboya
Namissigma
Namissiguima
Namissiguima
Namobonga
Namoumkouka
Namoungou
Namounou
Namountogo
Nampondi
Nampougou
Namsigi
Namsiglia
Namsiguia
Namsiguia
Namsiguia
Namsigui
Namssiguia
Namtenga
Namtenga
Namungu
Nam Yimi
Na
Nana
Nanano
Nanbil
Nanbi
Nanbira
Nanbira
Nanblégane
Nanboubotara
Nanbouna
Nandiala
Nandoli
Nandou
Nanéni
Nangari
Nangodi
Nangolo
Nango
Nangoum
Nangouna
Nango Yarsé
Nanguila
Nanhari
Naniagara
Nanièrma
Naniessé
Nanissonga
Nankissé
Nankoa
Nankou
Nanlégué
Nanogo
Nanom
Nanoro
Nanou
Nanourgou
Nantandougou
Nantiora
Naoubé
Naoungo
Naouri
Naouri
Napadé
Napagabtenga Goungen
Napagatenga Gounguin
Napalédougou
Napaléré
Napalgé
Napalgué
Napalgué
Napalgué
Napalré
Napamboubou
Napamboumba
Napamboumbou
Napango
Napan
Naparo
Napatogo
Napin
Naponabilipoka
Naponé
Naponé
Napouren
Narabaradélé
Narabingou
Naradabaganga
Naralé
Naralingo
Narbingou
Narbingou
Naré
Naré
Naré
Nariou
Narobé
Naro
Nartaoli
Nartenga
Nasabdou
Nasabdou
Nashi
Nasinguiri
Nasoulou
Nasré
Nasré
Nasrétenga
Nassanba
Nassan
Nassara
Nassarlanga
Nasséma
Nassimé
Nassobogué
Nassolon
Nasso
Nassougou
Nassoulou
Nassoumbou
Nassoumfou
Natabouanga
Natan
Naténa
Natenga
Natèrgou
Natiaboani
Natiédiougou
Natimsa
Natizogo
Naton
Natougou
Natoumbanga
Natoumpé
Natyadé
Natyaga
Natyari
Naugouma
Navéninso
Navielgan
Navirikpoué
Navouboukiba
Navrigbé
Navronkué
Nayaba
Nayalgay
Nayam Poussougou
Nayirsi
Nayouré
Nayouri
Nayuri
Nazougou
Nazouma
Nazounga
Nbié
Ndana
Ndiaba
Ndiélo
Ndorlaba
Ndorola
Ndosso
Ndoulangou
Ndyarèndèl
Nébba
Nebbou
Nebbou
Nebbu
Nébéa
Nébiélianayou
Nebon
Nébouli
Nébou
Nébourou
Nèbya
Nèbyano
Nèden
Nédogo
Nédogo
Nédogo
Néfanasso
Négarpoulou
Nègomo
Néguéni
Negwarpoulou
Nègyo
Nèhirsen
Néhourou
Nèlba
Nélinpéra
Néliri
Nemalahi
Néména
Nemnen
Néna
Népoen
Nérakorosso
Néréko
Nerfondougou
Nésapo
Nésémtenga
Néssagarou
Nessané
Nessano
Nessega
Nèssèmtenga
Nétaré
Nétiana
Nétiao
Néviri
Néviri
Névri
Névri
Ngana
Ngoldyiga
Ngolokéréla
Ngolol Gnibi
Ngongordé
Ngorlani
Ngorolaba
Ngorolani
Ngorolani
Ngorouerla
Niabouré
Niabouri
Niadorgou
Niaga
Niagassi
Niagassi
Niagbalandoura
Niagma
Niakana
Niakongo
Niako
Nialé
Niallé
Niamadougou
Niamana
Niamankui
Niamberéla
Niamberla
Niaména
Niamguiéla
Niamounou
Nianankoro
Nianbougouzi
Niandala
Nianéguen
Niangado
Niangaye
Niang
Niangolobougou
Niangolokaha
Niangoloko
Niangouéla
Nianguèl
Nianha
Nia
Nianiniara
Niankadougou
Niankar
Niankoiné
Niankoré
Niankorodougou
Niankouni
Niankui
Nianley
Nianmankui
Nianmbéréla
Nianmpédougou
Niannakoro
Niannankoro
Nianongo
Niansoroni
Niansou
Niantana
Niantono
Niaogho
Niaôgo
Niaogo
Niaongo
Niaouré
Niapa
Niaptana
Niaradou
Niarafo
Niarba
Niarébama
Niaré
Niassan
Niassari
Niassono
Niawé
Nibardo
Nibasso
Nibèlla
Nibétion
Nidaga
Nidon
Nidrihida
Niéba
Niebo
Niébouré
Nièbsé
Niebure
Niéfoma
Nièga
Niégo
Niéguéma
Niégué
Niéguéni
Niémano
Niéména
Niémé
Niempourou
Niempuru
Niéna
Niénanou
Niendékui
Niendéra
Niéné
Niéné
Niènièga
Niénipourou
Nienka
Nienpira
Niényon
Niérégoua
Niérézangakaha
Nieskoko
Niesoga
Niésséga
Niessé
Niessin
Niessoga
Nifopoma
Nignéga
Nignéna
Nigtéba
Nigui
Nigui
Niliri
Nimaré
Nimbo
Nimboré
Nimdi
Nimfogma
Nimina
Nimi
Nimlogodo
Nimpouro
Ninbira
Ninbo
Nindangou
Nindaongo
Nindapourgou
Ninengo
Ningaré
Ningbouma
Ninigué
Nini Nobéré
Ninion
Ninitenga
Ninkana
Ninkolo
Ninnougou
Ninpouya
Nintira
Ninyiri
Nioasna
Niobaré
Niobol
Nioboulo
Niofara
Niofila
Niogo
Niogossé
Niogotenga
Nioko II
Nioko I
Nioko
Nioksen
Niolka
Niompourou
Niongou
Niongou
Nioniogo
Nioniogo
Nionio
Nionion
Nion
Nion
Nionranga
Niopléfogo
Nioranga
Niorida
Niorka
Nioro
Niôro
Niorotenga
Niouma
Nioumfoarma
Niou
Niou
Nipopoma
Nipoui
Niradora
Niratoma
Niséo
Nisouangen
Nissalé
Nisséo
Nissibi
Nissimtoaéra
Nitenga
Nitiédougou
Nito
Nitoré
Niuma
Niu
Niyonbini
Nizéle
Nizèl
Nkanpira
Nkonpira
Noada
Noaka
Noakui
Noali
Noalli
Noatenga
Nobédo
Nobéré
Nobgatenga
Nobieul
Nobihili
Nobili
Noboli
Noborodo
Nobsen
Nobwèl
Noésen
Noésé
Noéssé
Nofin
Nogé
Nogodoum
Nogo
Nogo
Nogosséto
Nogoungo
Nogtaba
Nohoro
Noibiri
Noka
Nokomtenga
Nokoui
Nokourou
Nokouy
Noli
Nolonkonto
Nombiti
Nomégamé
Nomépouga
Nomikdou
Nomo
Nomo
Nonfesso
Nongestenga
Nongofaéré
Nongofaere
Nongofaïre
Nongo Fayéré
Nongofayéré
Nongomto
Nongo
Nongo
Nongo
Nongossom
Nongou
Nongou
Nongsom
Nonguin
Nonkéména
Nonkiero
Nonlado
Nô
Nonouaènba
Noperdo
Nopo
Norakinga
Norakounko
Nora
Nordé
Noré
Noro
Notétenga
Notou
Nouankui
Noufodou
Nouhoungo
Noukouala
Noulé
Noulli
Noumbyari
Noumkori
Noumoudara
Noumoukédougou
Noumoukiédougou
Noumousso
Nouna
Noungou
Noungou
Noungou
Noungou
Noungourgou
Nouni
Nounou
Nouontira
Noussou
Noussou
Nowé
Noyoda
Ntobougou
Ntohiro
Numudara
Numukiedugu
Nunu
Nwentenga
Nyabolandi
Nyabonguédé
Nyafari
Nyafwana
Nyaguére
Nyakanmbou
Nyamanga
Nyamouyoro
Nyamtyarini
Nyanaren
Nyandagen
Nyangado
Nyangala
Nyanga
Nyangoro
Nyapaga
Nyapani
Nyapsi
Nyaptana
Nyaré
Nyarhalé
Nyèdkaorgo
Nyégha
Nyembila
Nyèmné
Nyèm
Nyèmpyéma
Nyenyon
Nyetkouihima
Nyiémé
Nyifou
Nyimatoulay
Nyimini
Nyinndalo
Nyipétouaga
Nyivlala
Nyoko
Nyoko
Nyoko
Nyok Warben
Nyonaré
Nyongouragou
Nyonnyogo
Nyon
Nyonyogo
Nyonyogo
Nyonyopalogo
Nyoptyenga
Nyoro
Nyoroshen
Nyosé
Nyoumotogo
Nyou
Oaldé
Oassenfouégué
Oassennfouégué
Obiaga
Obikyibo
Obiré
Oboungouni
Oburnou
Odé
Odona
Odoukou
Odyini
Oébé
Ogola Rougué
Oiudtenga
Ok Mbang Ha
Okouéra
Okounou
Okwanou
Ongarou
Onyapalyangou
Onyodyaougo
Ooya
Opaou
Ora
Orégui
Orgaré
Orkoulpo
Ormitara
Orodara
Orodara
Orodaro
Oro Mango
Oronédou
Oronkua
Orowo
Osso
Ossora
Otolou
Otoulou
Ouabari
Ouabbédé
Ouabiyiri
Ouaboti
Ouabouadi
Ouabzougou
Ouadangou
Ouadinogo
Ouagadi
Ouagadouga
Ouagadougou
Ouagali
Ouagoulé
Ouaguèssi
Ouahabou
Ouahigouya
Ouakara
Ouakirimabougou
Ouako
Ouakou
Ouakuy
Oualaga
Oualambi
Oualèmbi
Oualodi
Oualogotenga
Oualogtenga
Ouambolé
Ouampéga
Ouamtenga
Ouanda
Ouangardé
Ouangla
Ouangolodougou
Ouanobé
Ouansoua
Ouanyimdi
Oua
Ouapalgué
Ouapassé
Ouapassé
Ouapassi
Ouapassi
Ouapassi
Ouarakoui
Ouarakuy
Ouarégou
Ouargaye
Ouargay
Ouargué
Ouarkoye
Ouarkoy
Ouarmini
Ouarou
Ouarové
Ouassa
Ouassoudi
Ouatenga
Ouatiano
Ouatigué
Ouatigué
Ouatigué
Ouatini
Ouatinoma
Ouatinoma
Ouatinoma
Ouatnapa
Ouavoussé
Ouavoussé
Ouavoussé
Ouayalgui
Ouayalgui
Oua Yarsé
Ouayen
Ouaylé
Ouayounkom
Ouayou
Ouazeulé
Ouazindi
Oubarédo
Oubaye
Oubélé Saba
Oudouga
Oudoundayiré
Oudyoumoudi
Ouédégen
Ouédégin
Ouédéguen
Ouèdga
Ouédkingo
Ouédogo Boken
Ouédogo-Petit
Ouédsé
Ouéenga
Ouégléga
Ouéguéda
Ouéguédo
Oueguélédougou
Ouéléni
Ouélinwissen
Ouembatenga
Ouémhiri
Ouèmyaoguen
Ouenaftenga
Ouènboulougou
Ouendigui
Ouendopoli
Ouendoupoli
Ouengo
Ouenné
Ouenzego
Ouéotenga
Oué
Oué
Oué
Ouéré
Ouéré
Ouéro
Ouessa
Ouézélé
Ouezendougou
Oufré
Ouga
Ougarou
Ougarou
Ouga Yarsé
Ouhabou
Ouhiangossi
Ouibtenga
Ouidibaogo
Ouidi
Ouidi
Ouidi
Ouidi
Ouidtogen
Ouidtoguen
Ouilawa
Ouilé
Ouilibouma
Ouiligo
Ouilimtéoga
Ouindébélabé
Ouindigui
Ouintini
Oui
Ouipaolgho
Ouissega
Ouissiga
Ouitenga
Oukoulérou
Oukoulourou
Oulali
Oulandé
Oulani
Oula
Oula
Oula
Oulbéra
Oulélo
Oulfaré
Oulfaré
Oulfo Alfa
Ouliassan
Oulmana
Oulmasoutou
Oulo Ba
Oulo
Oulo
Oulouguèl
Oulouha
Ouloungoura
Oulphou Alpha
Oulsalta
Oumboli
Oumnogo
Ounaré
Oundétané
Ounigaré
Ounougou
Ounsoumpéra
Ountadini
Ountokoulga
Ounzégo
Ounzéogo
Ouobdaga
Ouobzougou
Ouolonkoto
Ouolonkoto
Ouolo
Ouoméné Gombélé
Ouona
Ouo
Ouoroko
Ouoro
Ouoroponou
Ouoté
Ouotté
Oupaon
Oupounou
Ourba
Ouré Foulbés
Ouré Rimaïbés
Ouré Sèno
Ourgou
Ourgou Yargo
Ourgou Yarsé
Ourinlona
Ouri
Ouri
Ourka
Ourkyaguèl
Ouro Aidio
Ouro Aladji
Ouro Alkali
Ouro Allaguè
Ouro Amadou Sibiri
Ouro Ama Youkoué
Ouroay Saba
Ouro Bagoum
Ouro Bambé
Ouro Bèdé
Ouro Bèldèhidé
Ouro Bèlko
Ouro Bidi
Ouro Binguèlbata
Ouro Boga
Ourobo Guèlsawa
Ouro Boki
Ouro Boulé
Ouro Daka
Ouro Diami
Ouro Dyambara
Ouro Dyanigangoré
Ouro Dyapa
Ouro Foulbé
Ouro Foulgoubé
Ouro Gamou
Ouro Gaobè
Ouro Guèngri
Ouro Haman
Ouro Kaka
Ouro Kirgadé
Ouro Kirsi
Ouro Konou
Ouro Kwasan
Ouro Lima
Ouro Mamel
Ouro Mossibé
Ouro Mounyan
Ouro Niébe
Ouro Noma
Ouro
Ouro
Ouro
Ouro Pabou
Ouro Rounga
Ouro-Sabé
Ouro Sabou
Ouro Sadoubé
Ouro Sadyo
Ouro Sambo
Ouro Sambo
Ouro Sawadyo
Ouro Sibiri
Ouro Solé
Ouro Tambèlla
Ouro Tiari
Ouro Tongogo
Ouro-Torobé
Ouro Torodé
Ouro Tyârima
Ouroubi
Ouroubono
Ouroué
Ourougou
Ourougué
Ourouko
Ouroukou
Ourouyama
Ouro Yaro
Ouro Yongodé
Oursi
Oursy
Oury
Ousoukosoko
Outaga
Outiela
Outila
Outilouini
Outoulou
Outoum
Outourou
Ouyalgui
Ouyayé
Ouzéni
Pabanbou
Pabouga
Pabré
Pabré
Pademtenga
Padyanga
Paéni
Pagalaga
Pagou
Pagu
Pagyir
Pahin
Pailogo
Païra
Pakodé
Pakole
Pakoro
Pakosmoguen
Pakoudougou
Pala
Pala
Palen
Palèsgo
Paliho
Palogo
Paloua
Palsyanré
Pama
Pamasébouré
Pamboudyé
Pamdyega
Pamga
Pamnogen
Pamnoguen
Pamno Ouidi
Pamoussa
Pamtenga
Pamtoré
Pam Tousi
Pamtoussi
Panamanso
Panamasso
Pananbéra
Pana
Pana
Panassin
Pandamasso
Pandia
Pandisili
Pandyamboura
Panea
Panga
Pangara
Pangogo
Pangotenga
Pangtiga Yiri
Panhéla
Panien
Paniguibtenga
Pani
Pankankanti
Pankélé
Pankuéré
Panmpané
Panndyoa
Panon
Pano Ouléma
Pano
Panpakui
Panpanga
Panpangou
Panparsi
Pansa
Pansi
Pantianao
Pantionao
Pantoré
Pantour
Panyimasso
Paon
Paouantoré
Paoundé
Paoun
Pa
Pâ
Papala
Paradé
Parankui
Paranta
Parata
Paratenga
Parawinga
Parmam
Paroubri
Partiaga
Partiga
Partyaga
Pasbaolé
Paséna
Pasiblinga
Pasotenga
Paspanga
Paspanga
Paspanga
Paspanga
Passabou
Passakongo
Passakongo Tonbo
Passakonko
Passéna
Passepanga
Passiblinga
Passin
Patambima
Patel
Patenga
Patiarakui
Patiri
Patoura
Patouro
Pawantoré
Payalo
Payob Tenga
Péalaga
Pébiou
Péela Kibitiguia
Pégdwendé
Péhiri
Pékoua
Pékui
Pékuy
Pékwèndi
Pèkwènti
Pélaga
Péla
Pèla
Pélénia
Pélératanga
Pèlga
Pèlga
Pélhouté
Pélignan
Pèlla
Pèlla
Pellé
Pellé
Pellkissiga
Pélogo
Pelouté
Pèlsé
Pèlsia
Pèmpédi
Pèm
Pènbiti
Pènchyangou
Pèndiaga
Pèndianga
Pèndogo
Pendogou
Pendyaga
Penfouogo
Pènfwogo
Penga
Péniana
Péninko
Péni
Peno
Penpemdiadou
Penpèrga
Pensa
Pentiéri
Pényon
Péodogo
Péokoye
Péokoy
Péopéora
Péotyanga
Péoukoye
Péoukoy
Pê
Pépin
Pérakoui
Pérakouy
Pérakui
Perata
Perbolinbiro
Périgban
Périghan
Périkora
Périvé
Pèrkoa
Pèrkoa
Pèrko
Persélela
Pèssogotenga
Pesso
Pétabouli
Pétakolé
Péta
Péta
Pétégoli
Pétéguersé
Pétèl Ganki
Pétèl Habè
Pétélidé
Pétèl Kolé
Pétèl Kouléré
Petelnangué
Pétèl
Pétèl Tioudi
Pété Nyaki
Pétérébay
Péterui
Pètétolo
Pètogo
Pétoïssire
Pétooulo
Pétoy Bèiga
Pétoye
Pétoy
Pétra
Pèyla
Pézinga
Pia
Pia
Pibaoré
Piben
Piboré
Pibouré
Pibsé
Piédogo
Piéga
Piéla
Pienna
Pien
Pié
Pié
Piéré
Pigahiri
Pigen
Pigodo
Pihigi
Pikieko
Piladi
Piladji
Pilaji
Pilarka
Piléa
Pilèmpiguidi
Pilifou
Piliga
Piliktenga
Pilimpikou
Pilingara
Pilodé
Pilorguen
Pilsé
Pilsé
Pilsé Similsi
Pimpindiangou
Pina
Pinaptenga
Pini
Pinon
Pinou
Pinsa
Pinsi
Pinssin
Pintou
Pio
Piorogho
Pira
Pira Sogodé
Piri
Pirkon
Pisanianga
Pisen
Pisèn
Pisilparalé
Pissalé
Pissalogo
Pissélé
Pissié
Pissiga
Pissiga
Pissila
Pissin
Pissi
Pissi
Pissi
Pissi
Pissi
Pissi
Pissi
Pissi
Pissi Sobogo
Pissongé
Pitayré
Pitenga
Pitenga
Pitioko
Piti
Pitmoaga
Pitou
Piyou
Poalogo
Poa
Poa
Poa
Poa
Pobé Mengao
Pobé
Poboro
Poboro
Pobouro
Podébokou
Poédogo Bako
Poédogo
Poédogo
Poédogo
Poédro
Poé
Poésé
Poessen
Poëssé
Poèssé
Poéssé
Poéssé
Poéssé
Poéssé
Poëssin
Pogoldè
Pogonaoma
Pogoro
Pogoro
Pogowol
Poguia
Pohiro
Poïkoro
Poïne
Poin
Poï
Pokankanti
Poka
Poka
Pokarana
Pokoro
Polanko
Pola
Polen
Polesgo
Poli
Politionao
Polla
Pollé
Poloukpara
Poltionao
Pomé
Pompoï
Pondou
Pondyomongou
Poni
Ponissio
Ponoro
Ponsa
Pontiéba
Pontityaga
Popala
Popiho
Pô
Pô
Popoï
Pora
Poré
Porigbari
Pori
Pori
Poro
Posga
Posna
Posomtenga
Posso
Posso
Potyamanga
Potyandya
Potyèrtougou
Pouaiara
Pouan Youkondi
Poua
Pouarogoudi
Pouarougou
Poubouandi
Poudougué
Pouédogo
Pouèdogo
Pouédogo
Pouédoro
Pouénodoura
Poué
Pouèssen
Pouèssen
Pougma
Pougoubila
Pougoudou
Pougoumbèl
Pougounikougouri
Pougouzyégabaongo
Pougsdon
Pouima
Pouintinga
Pouitenga
Pouitenga-Tanlili
Pouken
Poulaba
Poulallé
Poullalé
Poulma
Pouloupoulou
Poundou
Pounéla
Poune
Pouni
Pouni
Pouni
Pounkougan
Pounkouyan
Pounouroukou
Poun
Pou
Pou
Poupourou
Poupyéna
Poura
Poura
Poura
Poura
Poura
Pouré
Pourgo
Pouri
Pournyango
Pourou
Pourra
Pourzougou
Pousghin
Pousgo
Pousguen
Pousmiougou
Pousougziga
Pousouwaka
Pousseumé
Poussoaca
Poussoaka
Poussougoubako
Poussouguen
Poussouma
Poussouwaka
Pouswaka
Pouswoko
Pousyanga
Pouytenga
Pouytenga Tanlili
Povéra
Poya
Poyésé
Pra
Prata
Pro
Puedoro
Puni
Pu
Pura
Pwédgo
Pwédogo
Pyéongou
Pyéren
Pyourgou
Raalé
Rabala
Rabélé
Rabinsma
Raboala
Rabouglitenga
Rabyiri
Racho
Rackay
Raffi
Ragilima
Rago
Ragounga
Raguéguéma
Rahalla
Rakalo
Rakalwéoguen
Raka
Rakaye
Rakay
Rakouessingo
Rallé
Rallé
Rallo
Ralo
Rambo
Rambo
Ramdolla
Ramèhessé
Ramensé
Ramèsman
Ramesma
Ramesoum
Ramessoum
Ramibouli
Raminsé
Rammbi
Rammbo
Ramongo
Ramonkodogo
Ramsé
Rana
Rana
Ranbo Foulbés
Ranbo
Ranga
Ranga
Raoguèba
Raoko
Raotenga
Raoumdé
Rapadama
Rapili
Rapougouma
Raskai
Rasko
Rassamtoundé
Rassombé
Rassomdé
Rassouli
Ravigi
Rawaziri
Réga
Rèka
Rèka
Réko
Renawa
Réo
Retkoulouga
Reunon
Riamsa
Ridimba
Ridimbo
Ridimmba
Ridri
Riguila
Rigui
Rihalo
Rikiba
Riligo
Rimanyama
Rima
Rimassa
Ringuéba
Riou
Rissiam
Rissi
Rissouma
Riziam
Roalaga
Roalba
Roba
Roba
Robèèna
Roblo
Rodoma
Rofo
Rogèmnogo
Rogo
Rogo
Roharla
Roin
Roko
Rokounga
Rollo
Rolornogo
Romtanguen
Ronché
Rondo
Rongo
Ronguen
Ronre
Ronsen
Ronsen
Ropala
Ropalé
Ropédama
Rougoumsouryibi
Rouko Foulbés
Rouko
Rouma
Roumbangou
Roumen
Roum-Tangué
Roumtenga
Roumtenga
Roumtiéliga
Roundé
Roundé
Roundi
Roungo
Roungoutouèguen
Rouni
Rounougou
Rounou
Rousen
Rousen
Routenga
Ryalo
Saaba
Saabé
Saabouga
Saadébilé
Saadogo
Saala
Saantou
Sabace
Saba
Saba
Saba
Saba
Saba
Sabassé
Sabatenga
Sabcé
Saben
Sabéo
Saberaoko
Saberdouo
Sabéren
Sabé
Sabéta
Sabiaon
Sabin
Sabir
Sabiyi
Sabletenga
Saboua
Saboué
Sabouga
Sabouli
Sabouli
Sabouré
Sabouri Nakora
Sabouri Natenga
Sabouri
Sabou
Sabou
Sabou
Sabou
Sabraogo
Sabraoguen
Sabra
Sabra
Sabra
Sabsen
Sabsé
Sabsé
Sabsé
Sabsin
Sabtenga
Sabtenga
Sabtenga
Sabtenga
Sabtinga
Sabtoana
Saburi
Sabu
Sabwanndi
Sabwoentenga
Sadaba
Sadagui
Sadan
Sadara
Sada
Sadian
Sadina
Sadoin
Sadon
Sadon
Sâdoro
Sadouan
Sadouen
Sadouin
Sadouré
Saduin
Saérou
Safané
Safia
Safi
Safi
Safo
Sagala
Sagaré
Sagle
Sago
Sago
Sagouita
Sagré
Saguen
Sagwèm
Sagwèm
Sahandou
Sahongo
Saho
Sahou
Saïrou
Sakabi
Sakala
Sakala
Sakaro
Sakatèmba
Sakoani
Sakoensé
Sakoensé
Sakoensé
Sakoincé
Sakoinsé
Sakoinsi
Sakouara
Sakoudi
Sakouiliga
Sakouissi
Sakoula
Sakouliga
Sakouli
Sakoumba
Sakou
Sakpelsé
Sakyèmbo
Salamboré
Salanga
Salanso
Salaren
Sala
Sala
Sala
Salbo
Salebo
Salé Koulé
Salé
Salimidougou
Salmimosa
Salmossi
Salna
Salogho
Salogo
Salorgo
Salo
Salro
Salsé
Salsi
Saltenga
Saltinga
Samakora
Samakui
Samandéni
Samané
Sama
Sambagou
Sambalgo
Sambalgou
Sambanaye
Sambaradougou
Samba
Samba
Samben
Samben
Samben
Sambga
Sambielgou
Sambiri
Sambisogo
Samboaga
Sambonay
Sambo
Sambouney
Sambouré
Sambrogo
Sambsen
Sambsin
Sambyalgou
Samèné
Samé
Samétienga
Samfolga
Samgaboané
Samissi
Sammba Bouli
Sammba
Sammpopo
Sammsaongo
Samné
Samoalgou
Samogan
Samogohiry
Samogo-Iri
Samohiri
Samokiri
Samokui
Samorogan
Samorogouan
Samorogwan
Samorokogan
Samorosso
Samou
Samou
Sampa
Sampelga
Sampéri
Sampogrétenga
Samporgo
Samsaka
Sam
Sam
Samtaba
Samtaba
Samtenga
Sanaba
Sananboré
Sananga
Sanankadougou
Sanankoro
Sanare
Sana
Sanata
Sanatyaga
Sanba
Sanboulanti
Sancé
Sancré
Sandakoro
Sandimisso
Sandogo
Sandogo
Sandogo
Sandoro
Sando
Sandro
Sandya
Sanékui
Sané
Sané
Sanflé
Sanfouo
Sangara
Sanga
Sanga
Sanga
Sanga
Sanga
Sanga Yarsé
Sangha
Sanghi
Sangi
Sang Naba
Sangolo
Sangona
Sango
Sangoudyérgouré
Sangouélema
Sangpelsé
Sanguéna
Sangyè
Sanhoui
Sani
Sani
Sani
Sankala
Sankoilétchagou
Sankolonpo
Sankondé
Sankoué
Sankoundougou
Sankpouéri
Sankwé
Sanmbani
Sanmbwani
Sanogho
Sanogo
Sanon
Sanoudoro
Sanoui
Sanpala
Sanpiti
Sanpoli
Sanré
Sansabonga
San
San
San
Sansana
Sansarabo
Sansé
Sanso
Santaba
Santaba
Santakoudgo
Santéna
Santiao
Santidougou
Santi
Santyari
Sanwara
Saodgho
Saodona
Saodora
Saonga
Saonguin
Saonré
Saorokui
Sao
Sao
Saoua
Saouga
Saouléni
Saoura
Saoutoumbo
Sapaca
Sapaga
Sapala
Sapara
Sapélo
Sapelsé
Saponé-Marché
Saponé Sabsen
Saponé
Sapo
Sapo
Sapoui
Sapou
Sapouy
Sapui
Saraba
Sara Békui
Saradabèyngo
Sarafiguiré
Sara-Hantiayé
Saramassi
Sarana
Sarandaye
Saran
Saraptinga Mossi
Saraptinga
Saraptinga Yarsé
Sara
Sara
Sarba
Sarbila
Sardi Ouala
Sarédoro
Sarédougou
Saré
Saré
Sargla
Sargo
Saria
Saria-Vili
Sarin
Sarkandiala
Sarkounda
Sarlé
Sarma
Sarogo
Saro
Sartenbilé
Sartenga
Sarya
Sarya
Sa
Sasaka
Sasa
Sassanbaré
Sassa
Sassa
Sassé
Sataba
Satambila
Satébé
Saterna
Saté
Sathonga
Satiri
Satir
Sati
Saton
Satyouri
Sau
Saven
Savili
Sawana
Sawa
Sayaga
Sayanga
Saya
Sayero
Sayé
Saye
Sayiri
Séaba
Sebba
Sébédougou
Sébéga
Sébéra
Sébéré
Sébila
Séboéra
Sébon
Sébounado
Seboun
Sedou Moukar
Séfoula
Ségala
Ségéden
Ségé
Séguéden
Séguéden
Séguéden
Séguéden
Séguédéré
Ségué Diara
Séguédin
Séguédin
Séguédougou
Seguedugu
Ségué Kourmiré
Séguélé
Séguénéga
Séguéré
Ségué
Ségué
Séhiré
Sékati
Séko
Sékouantou
Sékui
Sékwantou
Selaba
Selalara
Sèlbo
Sélikoro
Sella
Sélogen
Sélogen
Séloguen
Séloguen
Sélougou
Sélou
Seltouo
Sèmala
Sémandi
Sèmapoum
Semba
Sèmbou
Séména
Sémé
Semnoré
Sempelga
Sèmtenga
Séna
Senasso
Sendiri
Sèndou
Sénéguélé
Senéguen
Sénétyondi
Senguéna
Sengué
Séniéna
Sénobani
Sénokael
Sénokayé
Séno-Kayes
Séno Kay
Sénoulo
Senséné
Sensséné
Séoudgo
Séoulgué
Séou
Sépré
Sérapère
Séra
Sérédin
Séréfédougou
Sérékéni
Sérékini
Séréna
Séré
Séré
Sériba
Sériné
Serkissouma
Serkissoume
Serkissoum
Serkissume
Seroni
Sé
Sé
Sèssia
Session
Sétado
Sétondouo
Séwali
Séyé
Séyou
Sèy
Seytanga
Seytenga
Shalro
Shouma
Shyabwo
Siagadin
Sianga
Sianikoui
Sianko
Sian
Siaoré
Sia
Sia
Sia
Sibalo
Sibé
Sibi
Sibolobi
Siboudé
Sibou
Sibsé
Siby
Sidéradougou
Sidé
Sidga
Sidibèbè
Sidi
Sidogo
Sidoro
Sidoumoukar
Sidouré
Sidtenga
Sidtinga-Bangré
Siédougou
Siègdé
Siékoro
Siélé
Siélogué
Siénana
Siéna
Sièni
Sienko
Sienkoueye
Sien
Sien
Sien
Sièn
Siéra
Sifarasso
Siforasso
Sigémfousé
Sigenvosé
Siglé
Signogen
Signoguen
Signoren
Signoro
Sigoré
Sigorin
Sigoro
Sigouinaguen
Sigoungvoussé
Sigribila
Siguenoguin
Siguidé
Siguimoguen
Siguimououssi
Siguinnvoussé
Siguinoga
Siguinogoé
Siguinoguen
Siguinoguen
Siguinoguin
Siguinoré
Siguinvousé
Siguinvousé
Siguinvousé
Siguinvoussé
Siguinvoussé
Siguinvoussé
Siguinvoussé
Siguiri
Sihissène
Sika
Sika
Sikilala
Sikiré
Sikogo
Sikomtenga
Sikongo
Sikoro
Sikorosso
Sikré
Siktéon
Sikwamini
Silaléba
Silapéné
Silaro
Sila
Silba
Silébilé
Silêdou
Silemtenga
Silengen
Silgadji
Silga Toiga
Silguèy
Silia
Siliga
Siliguétouko
Silimi Mossi
Silinba
Sili
Silizougou
Silkouka
Silli
Silly
Silmidougou
Silmidougou
Silmieu
Silmigou
Silmi Nabayiri
Silmiougo
Silmiougou Bonboudi
Silmiougou
Silmiougou
Silmiougou
Silmiougou
Silmiougou
Silmisi
Silmissen
Silmissé
Silmissin
Silmissin
Silmissi
Silmissi
Silmitenga
Silmiyiri
Silmyougou
Silmyougou
Silmyougou
Silogo
Silorola
Siloum
Siltouko
Simanden
Sima
Sima
Simbaraboumba
Simbara Bumba
Simba
Similapo
Similisi
Simnogen
Simou
Simousso
Sim
Simusso
Sinano
Sinbadougou
Sindié
Sindiguessé
Sindio
Sindorola
Sindoukorony
Sindoukoro
Sindoukouroni
Sindou
Sindou
Sindukoro
Sindu
Sinémaydio
Sinétenga
Singa
Singatanga
Singdin
Singou
Singou
Singouziguen
Sinimiougou
Sinioguen
Sini
Sini
Sinkiéro
Sinkou
Sinndou
Sinofoussé
Sinogosso
Sinpiri
Sinsarga
Sinséguéden
Sinsiéné
Sinsinboudouo
Sinsiriko
Sinssenné
Sintasso
Sintelma
Sinténana
Sintio
Sintoèra
Sion
Sion
Sio
Sio
Siotéré
Siouimououssi
Siou
Sipohin
Siradougou
Sirakélé
Sirakoro
Sirakoro
Sirakorosso
Sirakourasso
Sirankoro
Sirdé
Sirfou
Sirga
Sirgui
Sirikoro
Siri
Sirkoun
Sirmissi
Siséma
Sisen
Sisè
Sisé
Sisé-Yarsé
Si
Sisili
Sissamba
Sissamba
Sissa
Sisséguéna
Sissen
Sissé
Sissé Yarcé
Sissé Yarogo
Sissilé
Sissili
Sissilli
Sitan
Sitenga
Sitiéna
Sitigo
Sivi
Siyoro
Smaïri
Soaga
Soakui
Soala
Soana
Soankui
Soapa
Soa
Soa
Soata
Sobaka
Sobara
Sobono
Sobon
Soboré
Sodairi
Sodien
Sodogo
Sodrotenga
Sofara
Soféri
Soffi
Soffokèl
Sofina
Sogodène
Sogoden
Sogoden
Sogoden
Sogoden
Sogolzi
Sogonaba
Sogopelsé
Sogosagasso
Sogo
Sogpelcé
Sogpélsé
Sogpélsé
Soguenya
Sogué
Sohodène
Soin
Sokomtenga
Sokorani
Sokorani
Sokorola
Sokoroni
Sokoro
Sokoro
Sokoudougou
Sokouloni
Sokouraba
Sokourani
Sokoura
Sokoura
Sokoura
Sokoura
Solané
Solanga
Sola
Solémana
Solemnoré
Solenso
Solenzo
Solé
Solhan
Solna
Solobo
Sologomnoré
Sologo Nogen
Sologo
Solomnoré
Soloromnoré
Solpé
Solsala
Solsi
Solzi
Somasen
Soma
Somassen
Somassi
Somatéon
Sombalgou
Sombalgu
Sombora
Somdamesma
Somdé
Somé
Somgandé
Somgandé
Somiaga
Somi
Somlamèsma
Somlamesma
Somlamésom
Somlayaka
Sommbo
Sommpéla
Somnaoèy
Somnawa
Sompora
Som
Somtingré
Somyaléguèm
Sonankui
Sona
Sona
Sonaway
Sonbola
Sondéré
Sondéré
Sondiré
Sondré
Sondré
Song Grétenga
Song Naba
Songnaba
Song Naba
Song Naba
Songo
Songo
Songotaba
Songotéon
Songou
Songpelsé
Songya
Soniaba
Soni
Sonkouissi
Sonoré
Sono
Sonpar
Sonpissi
Sonrogo
Sonrontyém
Son
Soragara
Sora
Sorboulgou
Sorden
Sorgo
Sorgo
Sorgo
Soriané
Soriba
Sorkon
Sorkon
Sorobouli
Soroden
Soroden
Soroden
Soroden
Soroden
Sorogo
Soroni
Soronkina
Soropèlisé
Soropendé
Soropéra
Sorosarasso
Soro
Soro
Sorossarasso
Soroumbara
Soroumbo
Soroumboura
So
Sospelga
Sossoré
Sosso
Sotenga
Sothonga
Soualmou
Souanko
Souarou
Soua
Soubakaniédougou
Soubakaniédougou
Soubaré
Soubéira
Soubéra
Soubèyra Nakoara
Soubèyra
Soubo
Souboui
Soubouye
Soubouy
Soubsi
Soudogo
Soudongui
Soudougny
Soudougou
Soudougou
Soudougou
Soudougui
Soudouwilya
Soudren
Sougbini
Sougoudou
Sougouléma
Sougouma
Sougouma
Sougoupyana
Sougou
Sougyendi
Souin
Soui
Souiyi
Souka
Soukèra
Soukoudiankouli
Soukoui
Soukountou
Soukouraba
Soukourani
Soukoura
Soukouy
Soukuy
Soula
Soula
Soula
Soula
Souli
Soulogo
Soulo
Soulougou
Souloungou
Soulountou
Soulou
Soulou
Soulou
Soumankui
Soumarabomba
Soumara Boumba
Soumarani
Souma
Souma
Souma
Soumbara
Soumdé
Soumeïla
Soumonkui
Soumousso
Soumoustenga
Soum
Soum
Souné
Soungaribougou
Soungaroundaga
Soungolo
Soungo
Souni
Sounlé
Sounoukoundinka
Soun
Sounsouna
Souomsé
Souonkobou
Souré
Sourgoubila
Sourgourbila
Sourgou
Souri
Souri
Souri
Sourisso
Sourkoudinga
Sourkoudougou
Sourkoutomo
Souroubè
Sourougoudou
Souroukoudinga
Souroukoudinka
Souroukoundinka
Sourouna
Sourou
Sourou
Sourou
Sourou
Sourrien
Sour
Souryala
Soury
Soussié
Soussou
Souwéra
Souxui
Souxuy
Soyapou
Subakaniedugu
Sui
Sukui
Sukuraba
Suldondé
Sulimiégou
Sulimissi
Sulungu
Suné
Surgu
Suru
Suru
Sussuta
Syèngou
Syèn
Syigo
Syoro
Tâa
Tabaremba
Tabio
Taboualé
Tabou
Tabou
Tabtenga
Tabu
Tadani
Tadotéo
Tafakou
Tafé
Tafogo
Taga
Taga
Tagbaladougou
Tago
Tagouassoni
Tagou
Tagyama
Tahati
Taima
Taima
Takaboungou
Takalédougou
Takasinlé
Takatami
Takora
Tako
Takoura
Takoutou
Takoyoyora
Takpo
Takpoulira
Talalé
Talamenga
Talanpoura
Talbonan
Talié
Talintoaga
Talkaouna
Talléouéguin
Tallé
Tallo
Talmigou
Talouèguen
Tama Bagma
Tamagan
Tamansongo
Tamasogo
Tamassaogo
Tamassari
Tamassogo
Tamassogo
Tamayaga
Tambaga
Tambaogo
Tambarga
Tambarga
Tambéla
Tamberi
Tambeten
Tambibourma
Tambidi
Tambifaogo
Tambifwanou
Tambiga
Tambiga
Tambiga
Tambiougou
Tambipèrga
Tambipour
Tambiri
Tambogo
Tambondi
Tambouana
Tambougou
Tambougou
Tambouri
Tamdho
Tamfoagou
Tamfoussé
Tamgaporé
Tamidou
Tamiga
Tamiga
Tamikpuéré
Tamiougou
Tamipar
Tamissi
Tamligéssé
Tammpouré
Tammpouya
Tammssé
Tamna
Tamniga
Tamniga
Tamoanka
Tamona
Tampanga
Tampaogo
Tampéla
Tampéri
Tampetou
Tampézi
Tampiko
Tamponga
Tampori
Tampoui
Tampoui
Tampoui
Tampoui
Tampoui
Tampoui
Tampouitenga
Tampouré
Tampour
Tampoussoumdi
Tampouye
Tampouy
Tampouy
Tampui
Tampwi
Tampwi
Tamréré
Tamsbongogo
Tamsen
Tamsé
Tamsé
Tamsé
Tamsé
Tamssin
Tamswéoghin
Tamsweoguen
Tamwonou
Tanada
Tanaden
Tanadé
Tanbalgo
Tanbaougou
Tanbarga
Tanbianga
Tanbilbongou
Tanbili
Tanbili
Tanbiri
Tanbolo
Tanbossa
Tanbouandi
Tanbwana
Tanbwanga
Tandaga
Tandaga
Tandaga
Tandaga
Tandakoy
Tandara
Tandaren
Tandouka
Tandou
Tandyallo
Tandyari
Tandyoua
Tanebya
Tané
Tané
Tanfogo
Tanfwogou
Tangabangoa
Tangadamen
Tangagari
Tangakoulouga
Tanganéro
Tangangari
Tangano
Tángapella
Tangaporé
Tangaré
Tangaré
Tangargen
Tangaséra Boken
Tangasogo
Tangassoko
Tanga
Tanga
Tanga
Tanga
Tanga
Tangatougou
Tangayé
Tangaye
Tangay
Tangay
Tangazougou
Tangbanano
Tangen-Dassouri
Tangen
Tangen
Tangen
Tangen
Tangen
Tangen
Tangen
Tangen Wobdo
Tangé
Tanghin-Dassouri
Tanghin
Tanghin
Tangin Dassouri
Tanglongo
Tangoden
Tangoko
Tangonko
Tangouéna
Tangoué
Tangouissi
Tangouko
Tangouna
Tangoura
Tangporé
Tangrawal
Tangséba
Tangséga
Tangséga
Tangséra
Tangséra
Tangsié
Tangsobintenga
Tanguen Bissiga
Tanguen-Dassouri
Tanguen
Tanguen
Tanguen
Tanguen
Tanguen
Tanguen
Tanguen
Tanguen
Tanguen
Tangué
Tangué
Tangué
Tangue
Tangué
Tanguiéma
Tanguiligui
Tanguilissi
Tanguin
Tanguin
Tanguin
Tangwoko
Tangyaka
Tangyé
Tang Yiba
Tangzougou
Tangzougou
Tanhiba
Tanhio
Tanhouna
Tanhya
Taniado
Taniangoro
Taniétéoun
Tani
Tani
Tankèdo
Tankiédougou
Tankogonadye
Tankogo
Tankogounadié
Tankolon
Tankora
Tankori
Tankotenga
Tankougounadié
Tankouli
Tankoulounga
Tankourou
Tankui
Tankuy
Tankwaou
Tankwarou
Tankwensé
Tankyaga
Tankyana
Tankyenga
Tankyilounga
Tanlalé
Tanlalé
Tanlallé
Tanlargen
Tanlarghin
Tanlarguen
Tanlarguin
Tanlarkouri
Tanlili
Tanlili
Tanlili
Tanlilli
Tanlouka
Tanloukoa
Tanloulé
Tanmbanpéra
Tanmbéfoana
Tanmbiga
Tanmbiwobogo
Tanmbongou
Tanmbouana
Tanmboubwanga
Tanmiga
Tanmounouma
Tanmpara
Tanmpélaga
Tanmpelga
Tanmpouy
Tanmwoko
Tann Fwogou
Tannfwo
Tanngrawal
Tannmyè
Tannyè
Tannyè
Tanpanga
Tanpelga
Tanpélga
Tanpelga
Tanpèlga
Tanpelga
Tanpèlga
Tanpé
Tanpogotenga
Tanporodoga
Tanpor
Tanpour
Tanpour
Tanpouya
Tansabèlgo
Tansabla
Tansablogo
Tansaboloré
Tansaboulougou
Tansahélogo
Tansarga
Tanséga
Tanséga
Tanséga
Tanséra
Tansèra
Tansé
Tansié
Tansila
Tansilia
Tansilla
Tansi
Tansobentenga
Tansobtangen
Tansobtenga
Tansogo
Tansologo
Tansonbingo
Tansopatogo
Tansyéga
Tantako
Tantalé
Tantaogo
Tanta
Tantéon
Tantéoun
Tantiabongou
Tantiabougou
Tantiaka
Tantili
Tantiora
Tantiri
Tantouo
Tantyana
Tantyoumbo
Tanvifo
Tanvi Nakamtenga
Tanvi Nakomtenga
Tanvi
Tanvi
Tanwaka
Tanwolbougou
Tanyoko
Tanzaka
Tanzéogo
Taoboullé
Taongué
Taonsoga
Taonsogo
Taonsogo
Taonsogo
Taonsogo
Taonsogo
Taonsogo
Taonsongo
Taon
Taosongo
Tao
Tao
Taoubania
Tapara
Taparé
Taparko Bagaré
Tapélara
Taperdouo
Tapéré
Tapoadyèrma
Tapoa
Tapogo
Tapoko
Tapotéon
Tapoulara
Tapoularo
Taptenga
Taptouen
Tapularo
Taraba
Tarala
Tarama
Taranga
Taréba
Taré
Taré
Taré
Tarfila
Targo
Tarkala
Tarmounouma
Tarou
Tasamakat
Tasé
Tasien
Tasombo
Tassamakat
Tassien
Tasten
Tasya
Ta
Tatakouélé
Tatana
Tatarko
Tatiri
Tatoukou
Tawaka
Tawori
Tayalo
Taya
Tayendé
Tchapani
Tchériba
Tchiba
Tébarébogué
Tébèla
Tébéra
Tébéré
Tébéré
Tébi
Tèbo
Téboudo
Tébré
Téfaré Parman
Tégo
Teguérétinga
Téguitté
Tékourou
Teksarabo
Télagama
Télédougou Kanyi
Télé
Télé
Télimbiro
Téloudi
Télouné
Télowal
Téma
Téma
Téméoura
Témétémésso
Temissi
Temnaoré
Tèmnoré
Temnoré
Temporé
Tèm
Ténado
Ténasouka
Ténasso
Téna
Téna
Téna
Téné
Tengadogo
Tengandogo
Tengangho
Tengangtanga
Tengassoko
Tengassopodogo
Tengoro
Tengo
Tengréla
Tengsobdogo
Tengsobiri
Tengsobodogo
Tengsobongo
Téninbo
Téni
Tenkodogo
Tenkotou
Ténoguen
Ténoré
Ténou
Tensobadogo
Tensobentenga
Tensobintenga
Tensobongo
Tensobtenga
Tensoro
Tensouka
Tentiga
Tentilou
Tèntogo
Téonsogo
Téonsogo
Téonsongo
Téossalogo
Téosségo
Téossogo
Téo
Téoulé
Téraka
Térako
Tèrbièl
Téreka
Téréko
Téré
Téri
Terpo
Tessépe
Tèstenga
Tésyamé
Tè
Téwodogo
Téwoko
Téyango
Tèyga
Téyoko
Téyoko
Tézouri
Thièo
Thion
Thioumtonga
Thiou
Thiu
Thyou
Tiabdou
Tiabga
Tiabongou
Tiafandouo
Tiafolboy
Tiagao
Tiakane
Tiakané
Tiakora
Tiakoro
Tiako
Tialba
Tialgo
Tiamien
Tiankoro
Tiankoura
Tiankui
Tiankura
Tiano
Tiano
Tianpara
Tianra
Tiao
Tiaou
Tiarakui
Tiara
Tiara
Tiaré
Tiaré
Tiargou
Tia
Tiau
Tiawama
Tibari
Tibari
Tiba
Tiba
Tibbo
Tiben
Tiben
Tiben
Tiben
Tibé
Tibé
Tibé
Tibé
Tibé
Tibga
Tibieldouo
Tibikoro
Tibila
Tibilindi
Tibili
Tibili
Tibiri
Tibitenga
Tibi
Tibo
Tibou
Tibsagabo
Tibtanga
Tibtenga
Tibtenga
Tickoui
Tidimtoa
Tidyala
Tiébata
Tiébélé Corabie
Tiébélé
Tiéblétenga
Tiéblé
Tiébon
Tiébo
Tiéfora
Tiéforo
Tiéga
Tiégo
Tiékaliédji
Tiékélinsso
Tiékél Ndiaki
Tiékel
Tiékon
Tiékouna
Tiékoura
Tiekui
Tiékuy
Tielka
Tiémana
Tièma
Tiéména
Tiémé
Tiéna
Tiénékui
Tiénékuy
Tiénéméné
Tiénéna
Tienga
Tiengouéra
Tienkouagalaga
Tienpagora
Tienséré
Tien
Tienzan
Tiéoudié
Tieradeni
Tiérako
Tiéra
Tiérékou
Tiéré
Tierga
Tiéribé
Tiéri
Tiéro
Tiéssourou
Tié
Tie
Tiforodo
Tifoukourou
Tifou
Tigaintiélé
Tigandalégé
Tigandalégué
Tigan
Tigaoren
Tiga
Tiga
Tigba
Tigné
Tigou
Tigré
Tigsarbo
Tiguendélga
Tiguikili
Tiguinzougué
Tikan
Tikaré
Tikétiona
Tikoumbablé
Tilanaoulé
Tilanpira
Tila
Tiléré
Tilé
Tilga
Tilibaka
Tiliba
Tiligui
Tilli
Timanéboen
Tima
Timbanga
Timboué
Timintira
Timtenga
Tin Agadèl
Tin-Akoff
Tin-Akof
Tinari
Tinatanboua
Tina
Tina
Tinba
Tinbéboutiona
Tinbiéla
Tinbissinano
Tinboko
Tinboué
Tinboukoura
Tinboura
Tindahané
Tindangou
Tindébam
Tindia
Tindiéra
Tindila
Tindilla
Tindonoui
Tinéguèné
Tiné
Tinfangué
Tingandogo Pissi
Tingé
Tingou
Tingrela
Tingué
Tinguitté
Tinhira
Tinibalé
Tiniboura
Tinié
Tinkakpéra
Tinkari
Tinkar
Tinkiéro
Tinkiro
Tinko
Tinkpoura
Tino
Tinpéréba
Tinpo
Tinsobdogo
Tinsobinbtinga
Tinsouka
Tintenga
Tintilo
Tintilou
Tin
Tintoura
Tinyé
Tiobiala
Tiobouro
Tiochin
Tiodié
Tiogo
Tioio
Tioké
Tioko
Tiokouy
Tiokpolotiona
Tiokui
Tioli
Tiolo
Tiolo
Tiomolo
Tiona
Tionboni
Tionbo
Tiongo
Tiongo
Tionkoui
Tionkoura
Tionkui
Tionkui
Tionouna
Tiontiomana
Tion
Tion
Tionzébougou
Tiopanao
Tiopanao
Tiopolo
Tiopolo
Tioro
Tiossanao
Tiosséra
Tio
Tio
Tiouéga
Tiougou
Tioulankoulo
Tioulo
Tioumkoum
Tiou
Tiou
Tiou
Tioyo
Tipakouti
Tiparga
Tira
Tirbou
Tirenkilé
Tirgo
Tiripéra
Tiri
Tirohari
Tirpo
Tissémé
Tissé
Tissé
Tissé
Tissimé
Tissimi
Tissi
Tissi
Titabé
Titabi
Titanaoulé
Tita Naponé
Titangen
Titan
Titao
Titao
Titara
Tita
Tita
Ti
Ti
Ti
Titim
Titintabé
Titouti
Tiu
Tivéra
Tiyéla
Tiyéllé
Tiyo
Tizilizyogo
Tjorohari
Toaètenga
Toanga
Toanta
Toaré
Tobanbou
Toba
Tobidioga
Tobielpo
Tobili
Tobil
Tobo
Tobouroura
Tobré
Todiame
Todié
Toébanaga
Toécé
Toédin
Toégen
Toégen
Toeghen
Toeghin
Toéguen
Toéguen
Toéguen
Toéguen
Toemiga
Toenguen
Toéré
Toese
Toèssen
Toéssen
Toéssé
Toéssé
Toëssé
Toèssé
Toèssé
Toéssé
Toessin
Toetenga
Toé
Toéyoko
Toéysen
Toéysen
Togen
Togoma
Togom Bangré
Togossé
Togotenga
Togo
Togoundé
Togourka
Toguen
Toguina
Tohéra
Tohévéra
Tohisènko
Toidyougou
Toïré
Toïsé
Toïssi
Toï Yako
Tokebango
Tokéra
Tokora
Tokoumi
Tokpoura
Tokyédogo
Tolandougou
Tolépéré
Tolépsi
Tolingué
Tolkaboua
Tolla
Tologo Yiri
Tolombou
Tolongo
Tolo
Tolsi
Tomabissi
Tomannga
Toma
Toma
Toma
Tombaga
Tombili
Toména
Tomwaka
Tona
Tonba
Tonbi
Tonbougoudou
Tondoura
Tonéi
Toné
Toné
Tone
Tonga
Tonga
Tongawabgoudé
Tongchogo
Tongogoden
Tongomayél
Tongomaye
Tongourou
Tongou
Tonguél
Tonguen
Tongué
Tonior
Toni
Tonkar
Tonkoroni
Tonogosso
Tonon
Tonore
Tonpéna
Tonpoména
Tonséré
Tontoloumboura
Ton
Ton
Tontonibouri
Tonton
Topana
Topéra
Topi
Torandougou
Tora
Tora
Tora
Tordo
Toré
Toré
Torkora
Toroba
Torodi
Torodo
Torogo
Torohiré
Torohiri
Toroïri
Torokoro
Torokoto
Torosso
Toro
Toroué
Torouodo
Tosogo
Toson
Totenga
Totenga
Tô
To
Toton
Touabré
Touaèguen
Touaga
Toubani
Touba
Touba
Toubiango
Toubouandi
Touboulondo
Toubouri
Toudou
Touébaka
Touéghen
Touékoundi
Toué
Touéyoko
Tougan
Tougatenga
Tougdou
Tougiri
Tougoméné
Tougo
Tougo
Tougo
Tougoudougou
Tougoufa
Tougouga
Tougoulema
Tougouri
Tougouri
Tougourousambo
Tougou
Tougou
Tougouya
Tougouya
Tougui
Touhaho
Touhousma
Touiré
Touka Bayèl
Touka Dionga
Touka Korno
Touka Ouronala
Touka Ouropila
Touka
Touka
Touken
Toukoro
Toukoro
Touko
Toukoudja
Toukouli
Toukouro
Toukwédo
Toula
Toula
Toulfé
Toulfwanou
Toulia
Touliguéré
Toulogo
Toulonga
Toulougo
Toulougou
Toulpouo
Toumani
Toumar
Touma
Touma
Toumbabri
Toumba
Toumbila
Toumouali
Toumouni
Toumouseni
Toumousséni
Touna
Toundoura
Toundou
Toungaré
Toungbagama
Toungouana
Toungouri
Toungou
Tounouma
Tounou
Tounou
Tountana
Toun
Tountou
Touokapika
Toupare
Toupintou
Toupogo
Touponé
Toura
Toura
Tourbou
Tourcoingbam
Tourendougou
Touré
Touri
Tourmana
Tourni
Tournoura
Tourny
Touronata
Tourouba
Tourouba
Touroukara
Touroukoro
Touroum
Tourou
Tousoukou
Toussiana
Toussiémasso
Toussiéma
Tousyégou
Toutako
Toutenga
Tou
Toutyindili
Touvor
Touya
Touziana
Towé
Toworodo
Towourougou
Toyandé
Toyoghdin
Toyorden
Toysé
Trakoulatenga
Tréfonziékaha
Tugan
Tuguri
Tugu
Tuguya
Tuili
Tuka
Turcoingbam
Turukoro
Twanni
Twégen
Twésé
Twessé
Twobangou
Twolonli
Twouba
Tyaboandou
Tyabo
Tyado
Tyaga
Tyalma
Tyamana
Tyamboandou
Tyamdoubou
Tyamou
Tyanbouli
Tyandanti
Tyanga
Tyangoré
Tyanougou
Tyantyardi
Tyantyarhabouli
Tyapafwanou
Tyara
Tyarégou
Tyarga
Tyargou
Tyatyawabo
Tyébadi
Tyébanaga
Tyébo
Tyégana
Tyékanyèbi
Tyékobo
Tyélolmalla
Tyélolmoré
Tyèlsom
Tyéma
Tyéna
Tyéna
Tyengourougué
Tyènkilibi
Tyenpalogo
Tyéntaka
Tyèpoli
Tyerbilanga
Tyereguen
Tyèrsoum
Tyétenga
Tyé
Tyétyégou
Tyibé
Tyinbila
Tyobou
Tyongol
Tyongo
Tyongoué
Tyor Angué
Tyo
Tyoula
Tyoumbonga
Tyouré
Tyouridi
Tyouti
Tyou
Uiengossi
Ulo
Umboli
Unzego
Uri
Uro-Sabe
Vagogo
Vakourkoula
Vala
Valiou
Vara
Varé
Vatenga
Vato
Vato
Vayaga
Védaga
Véldéhidi
Vèldé
Vélé Vélena
Vélia
Vendékaké
Vendéniébé
Vénogo
Verinkèra
Vila
Vila
Vila
Vilé
Vilibogo
Vilibouré
Vili Itaoré
Vili
Vili
Vilpalgo
Vily
Vinado
Vindé Boki
Vindifollo
Vindougouré
Vindou Outorou
Vipalgo
Vipalogo
Viré Sogodé
Virilona
Virou
Vi
Voaga
Voagha
Voho
Voko
Voro
Vosen Manéfyan
Vossé
Vossé
Vossora
Voubé
Vouini
Vouoro
Vourégane
Vouri
Vourou
Vour
Vousnango
Voyou
Voyu
Vrassan
Vrou
Vuè
Wabiyiri
Wabtenga
Wadara
Wadiel
Wagaden
Wagadugu
Wagandé
Wagara
Wagatenga
Wagaya
Wahablé
Wahabou
Wahirimabougou
Waiguya
Wakanalé
Wakara
Wako
Wako
Wakui
Wakui
Waléme
Walgilga
Wambouli
Wamdé Gaigou
Waména
Wami
Wanaré
Wanboué
Wangara
Wanga
Wangolodougou
Wangolodugu
Wangolopé
Wangtenga
Wangué
Wani
Wantarangou
Wantenga
Waouna
Waoura
Wapare
Wapati
Wapensé
Waraba
Warakui
Warana
Waranko
Wara
Wara
Wara
Wara
Warben
Warbio
Wari
Warkoye
Warmini
Warodogo
Warokui
Warou
Waro
Warpounou
Waru
Wasobè
Wassa
Watakalanga
Watara
Waténénamé
Watenga
Watigué
Watimona
Watinoma
Watinoma
Watinoma
Wationao
Watogo
Wattnoma
Watyouol
Wavouré
Wavousé
Wavousé
Wavouze
Wa
Wayalguen
Wayam
Wayen
Wazélé
Wazili
Wéanga
Wèda
Wédéïdairi
Wédékendou
Wédinsé
Wédoro
Wéï
Wéknaoré
Welba
Wéléni
Wélé Wélé
Wélinbélé
Wembairi
Wembazaka
Wèmtenga
Wemtenga
Wemtinga
Wemtinga
Wemtinga
Wendé
Wèndou
Wénontenga
Wensen
Wéotenga
Wérékui
Wéressé
Wéré
Wéré
Wéré
Wèré
Wèrla
Wésam
Wesa
Wésentenga
Wessa
Wétigué
Wétina
Wéti
Wé
Wé
Wézala Béré
Wézala
Widi
Widi
Wiho
Wile
Wiliga
Wilmisensi
Winba
Windé Oulo
Winga
Wintenga
Wintiara
Wintobaka
Win Wéléna
Win
Wiréha
Wiridia
Wiri
Witenga
Wizini
Wizin Kpopéri
Wobzonguen
Wodbila
Wodo
Woindigui
Wolankoto
Wolbyé
Wolé
Wolokonto
Wolokonto
Wolonkonto
Wolopékaha
Woméné Gombolé
Womsom
Wona
Wonkoro
Wono
Woré
Worobgo
Worokui
Woro
Woro
Woro
Woro
Woro
Wortoré
Woté
Wotienga Wobila
Wotte
Woula
Woulmassoutou
Woumitoguen
Woumtenga
Wouskongo
Wo
Woyboyré
Woyou
Yabansé
Yabaso
Yabasso
Yaba
Yabé
Yabogo
Yabonso
Yabo
Yabrétenga
Yactenga
Yada
Yadgayiri
Yadoumyéla
Yagabtenga
Yagaha
Yagamaro
Yagou
Yaguéma
Yaguen
Yahorin
Yahotinga
Yaho
Yaika
Yaïo
Yakabé
Yakala
Yakata
Yaka
Yaka
Yaké
Yaké
Yakin
Yakin
Yakoné
Yakouta
Yako
Yakranyimasso
Yaktenga
Yakuta
Yakzougou
Yalaga
Yalanga
Yalankoro
Yalasso
Yalatenga
Yalbouga
Yalégré
Yalé
Yalga
Yalga
Yalgho
Yalgo
Yalgo
Yalka
Yalka
Yalkoum
Yallé
Yallo
Yalogen
Yalo Gourounga
Yalogo
Yalogo
Yalogo
Yaloré
Yaloro
Yalo
Yalo
Yalroueougo
Yaltenga
Yamagyo
Yamana
Yamanyé
Yama
Yamba
Yamba
Yamboumbou
Yamganguen
Yamotenga
Yamou
Yamtenga
Yamtohiga
Yandaga
Yandégen
Yandima
Yanégé
Yangasso
Yanga
Yanga
Yaningué
Yankasso
Yankoro
Yankosso
Yansaré
Yansaré
Yantara
Yanté Digna
Yanyonadé
Yaogen
Yaogen
Yaogen
Yaogen
Yaogo
Yaoguen
Yaogué
Yaongou
Yaongo
Yaorin
Yaouren
Yapala
Yaramoko
Yaramou
Yaran
Yaran
Yara
Yarayé
Yarébila
Yaréyoumé
Yargatenga
Yarga
Yargo Kiongo
Yargou
Yargo
Yargo
Yargo
Yargo
Yargo
Yargo
Yargo
Yargo
Yargo
Yargo
Yargo
Yarkaré
Yarka
Yarobadé
Yarogen
Yarogo
Yarogo
Yarogo
Yaro Mokho
Yaro
Yarsen
Yarsé
Yarsé
Yarsé
Yarséyi
Yarsi
Yartenga
Yasso
Yatako
Yatenga
Ya
Yaya
Yayika
Yayo
Yazougou
Ybi
Ybomboué
Yéaïri
Yébélala
Yebel Bakolanga
Yéguéresso
Yéguéré
Yéhon
Yelbissi
Yelbouga
Yélébouga
Yelémbassé
Yélenbidou
Yélenga
Yélimbiri
Yélintara
Yélintoba
Yéli
Yelkoto
Yelmanarlé
Yélou
Yèmbago
Yemba
Yemsende
Yenbiro
Yendéré
Yèndiboré
Yenkui
Yènsèndini
Yensouti
Yèntènga
Yèntyaori
Yenvédougou
Yenza Konion
Yenza
Yéou
Yépéla
Yérakui
Yéra
Yéréfé
Yéréfoula Gans
Yéréfoula
Yérégane
Yérègue
Yéréko
Yèrgué
Yériba
Yéridyon
Yérifoula
Yérimbandi
Yérimbou
Yéssébé
Yétégomdé
Yétolo
Yé
Yibogo
Yikidiessé
Yikoudgo
Yikoudgo
Yikoudougo
Yilatenga
Yillialé
Yilou
Yimiougou
Yimlodogo
Yimouga
Yimyougou
Yinga
Yinou
Yipala
Yirané
Yiribou
Yirim
Yisèpougo
Yissouka
Yissouken
Yitenga
Yoada
Yoana
Yoatenga
Yoba
Yobiri
Yoda
Yogbogo
Yoi
Yokiaré
Yoldétéoun
Yolga
Yolonguira
Yolonioro
Yolontéra
Yoména
Yona
Yona
Yondé
Yonkui
Yoréko
Yoren
Yorgo Dar Salam
Yorgo Kosyama
Yorgo
Yorguen
Yoroga
Yorogo
Yoro
Yoro
Youbaga
Youba Naloto
Youba
Youba
Youbilinga
Youdoutenga
Youga
Yougoul Mandé
Yougounini
Yougoupélé
Yougoupyongou
Yougpelsé
Yougtenga
Yougui
Youken
Youkouka
Youlabako
Youloupo
Youlou
Youlo
Youmbara
Youmpoura
Youngou
Youngo
Yourouna
You
Yo
Yô
Yo
Yoyou
Yoyo
Ypelcé
Ypelsé
Ypelsi
Ypendo
Yuba
Yu
Zabartanga
Zaba
Zabéadougou
Zabéré
Zabga
Zablou
Zabo
Zabrétanga
Zabré
Zadierla
Zado
Zaèltenga
Zagadésen
Zagaltenga
Zaghtouli
Zagtouli
Zahatenga
Zahotoulgou
Zainzain
Zakarga
Zaka
Zaka
Zaken
Zaken
Zaké
Zakouré
Zakou
Zako
Zakui
Zakui
Zakuy
Zalagadé
Zalo
Zamakologo
Zambalaga
Zambala
Zambanaga
Zambanga
Zambéndé
Zambor
Zambo
Zamdogo
Zamé
Zamiolo
Zammsé
Zamnogo
Zamnogo
Zamoé
Zamo
Zamparaga
Zamsé
Zamsé
Zamsé
Zam
Zamzen
Zamzé
Zana Mogo
Zanawa
Zana
Zanbo
Zandékaha
Zandkom
Zandouré
Zanfana
Zanfara
Zanganyiara
Zanga
Zanga
Zangazoni
Zangbega
Zangboni
Zangélita
Zangendyésé
Zangogho
Zangogo
Zangokala
Zangongho
Zanguendiessé
Zanguen
Zangwi
Zankolaga
Zanna
Zanouna
Zano
Zano
Zanren
Zanré
Zanvi
Zan
Zanzi
Zaongo
Zaongo
Zaoro
Zaouara
Zaouna
Zao
Zapara
Zaptinga
Zarabili
Zarahougo
Zarayn
Zara
Zaren
Zarfi
Zargomé
Zargo
Zarsen
Zarzen
Zatahoula
Zatahulgu
Zavara
Zavera
Zawadoro
Zawara
Zayé
Zebba
Zébékaha
Zécco
Zégédégen
Zégédégen
Zégèdnogo
Zégomdé
Zéguédéga
Zéguédéga
Zéguédégen
Zeguedeghen
Zéguédéguen
Zéguédéguin
Zéguédéguin
Zéguédessé
Zéguédessé
Zehotoulo
Zéhui
Zékamsougoye
Zéka
Zékémzougou
Zékounga
Zéko
Zélasié
Zéla
Zélemsondé
Zélogo
Zélougou
Zémouapare
Zémpana
Zèmpasgo
Zemtoéga
Zénédéré
Zengressé
Zénin
Zénion
Zennloua
Zéoula
Zéoulé
Zérébougou
Zérédéguen
Zérédérin
Zergongo
Zerkom
Zerkoum
Zérounda
Zèsa
Zétégomdé
Zétenga
Zétgomdé
Zétonasso
Ziakui
Ziammbélé
Ziasso
Zibako
Zibalko
Zibri
Zibtenga
Ziédougou
Ziégo
Ziékui
Ziga
Ziga
Ziga
Ziga
Zigla Koulpélé
Zigla Pakala
Zigla Polosé
Zigla
Zigo
Ziguénoguen
Zikiémé
Zikomtenga
Zilaoro
Zilatéoun
Zimaré
Zimasso
Zimba
Zimidem
Zimidi
Zimidou
Zimiouzou
Zimkorom
Zimkouri
Zimmba
Zimou
Zimsa
Zimtenga
Zimyalagé
Zinab
Zinado
Zinarié
Zinaziélla
Zina
Zindiguessé
Zindigué
Zinedi
Zinékwé
Zingédagen
Zinguina
Ziniaré
Zinibéogo
Zinigen
Zinigma
Ziniguisé
Zinka Folapouo
Zinka
Zinkui
Zinou
Zintenga
Zintio
Zinyé
Ziou
Zio
Zipélaga
Zipélé
Ziré
Zisségré
Zitenga
Zitoessin
Zizi
Zizon
Zoaga
Zoamba
Zodoum
Zoétgomdé
Zogbéga
Zogoré
Zogo
Zolo
Zolo
Zomé
Zomkalga
Zomkalga
Zomnogo
Zomnogo
Zomouna
Zonankui
Zone de la Patte d'Oie
Zone pilote de Sissen
Zoner
Zonesso
Zongo Nabitenga
Zongowaétan
Zongo
Zongo
Zongo
Zongpiguen
Zonkin
Zono
Zonsé
Zontibé
Zon
Zon
Zonzo
Zoongo
Zorbo
Zore
Zorga
Zorgho
Zorgongo
Zorgo
Zorgo
Zorgo
Zorkoum
Zorogo
Zoro
Zorre
Zouandoma
Zoubakui
Zoudounga
Zougouma
Zougouma
Zougouna
Zougoungo
Zougountenga
Zougo
Zoukoundougou
Zoula
Zouloumtenga
Zoulo
Zouma
Zouma
Zouma
Zoumbara
Zoum
Zounara
Zoundi
Zoundouri
Zoungou
Zoungo
Zoungwa
Zoura
Zouri
Zourma
Zourtenga
Zouta
Zyanko
Zyiliwèlè
Zyonguen
