Abu Baham
Abu Mahir
Abu Saibi'
Abu Saybi`
Ad Dayr
Ad Diraz
Ad Dur
'Ain-ad-Dar
Ain al-Dar
Al `Adliyah
Al `Akr
Al `Akur
Al `Amar
Al `Aqr
Al `Aqur
Al `Askar
Al `Awali
Al Bid`ah
Al Buday`
Al Budayyi`
Al Busaytin
Al Chirabia
Al-Djasra
Al-Djufayr
Al Ghiraibat
Al Ghurayfah
Al Hadd
Al Hajar
Al Hamalah
Al-Hamla
Al Hidd
Al Hujayr
`Ali
Al Jabalah
Al Janabiyah
Al Jasrah
Al Jubaylat
Al Jufayr
Al-Kharidjiyya
Al Kharijiyah
Al Ma`amir
Al Mahuz
Al Malikiyah
Al-Malikiyya
Al Mamtalah
Al Manama
Al Manamah
Al Markh
Al Matallah
Al M'ttalah
Al-Muharrak
Al Muharraq
Al Mumattalah
Al Muqsha`
Al Musalla
Al Mutallah
Al Muwaylighah
Al Qadam
Al Qal`ah
Al Qaryah
Al Qurayyah
Al-Rifa` al Gharbi
Al-Rifa` al-Shamali
Al-Rifa` al-Sharki
Al-Rumaytha'
Al-Shakhura
Al Wasmiyah
Al-Zallak
Amar
`Amur
`An ad Dar
An Nuwaydirat
'Aqur
`Arad
Ar Rifa` al Gharbi
Ar Rifa`
Ar Rifa
Ar Rifa` ash Shamali
Ar Rifa` ash Sharqi
Ar Rumaytha
Ar Rumaythah
Ar Ruq`ah
Ash Shakhurah
`Askar
As Sahlah al Fawqiyah
As Sahlat al Hadriyah
As Sakhir
As Salihiyah
As Sanabis
`Awali
`Ayn ad Dar
Az Zallaq
Az Zimmah
Az Zinj
Badaiya`a
Bani Jamrah
Bapco
Barbar
Basatin
Bid`ah
Bilad al-Kadim
Bilad al Qadim
Bu Ashira
Bu `Ashirah
Budaia
Budaiya
Buday`ah
Budayya`
Bukuwa
Bu Quwah
Bu Quwwah
Buri
Busaitin
Dair-ar-Rahib
Dair
Dar al Manadil
Dar Chulaib
Dar Kulaib
Dar Kulayb
Dayr ar Rahib
Diraz
Djannusan
Djaww
Djidd Hafs
Dumistan
Dur
Galali
Gharaifa
Ghuraifa
Ghuraifah
Ghurayfah
Hadd
Hajar
Halah
Halat Abu Mahir
Halat Abu Mahur
Halat-al-Khalaifat
Halat al Khulayfat
Halat al Naim
Halat al-Salata
Halat an Na`im
Halat As-Saud
Halat as Sultah
Halat As Suluta
Halat-at-Khulaifat
Halat
Halat
Halat Nu`aym
Halat Umm al Baidh
Halat Umm al Bayd
Hamad Town
Hamala
Hamalah
Harbadiyah
Hidd
Hillah
Hillat `Abd as Salih
Hillat as Suq
Hillat
Hujair
Husair
Huwais
Ikur
Isa
Isa Town
Jabailat
Jabalah
Jabala
Jabalat al Burhamah
Jabalat Habashi
Jabalat Habshi
Jadd Hafs
Jafair
Jamalah
Jamala
Jamrah
Jamra
Janabiyah
Janabiya
Jannusan
Jasairah
Jasaira
Jasrah
Jasra
Jau
Jaw
Jaww
Jesera
Jidd al Hajj
Jidd `Ali
Jidd Hafs
Jid Hafs
Jubailat
Judd Ali
Judd Hafs
Jufair
Jumaylat
Jurdab
Jurdah
Jusayrah
Kaflan
Kaflar
Kalali
Karanah
Karbabad
Kariya
Karramah
Karrama
Karranah
Karrzakkan
Karzakkan
Kawarah
Kawrah
Kharijiyah
Kharijiya
Khulaffat
Khuwais
Khuways
Kirabad
Kubait
Kuraiya
Kuriya
Kuriya
Ma'amir
Madinat Hamad
Madinat `Isa
Magsha
Mahazzah
Mahuz
Makaba
Malichiya
Malikiyah
Manama
Manameh
Mani
Maqaba
Markh
Markuban
Marquban
Marwazan
Mattala
Medinat Isa
Menama
Moharek
Muharrak
Muharraq
Muharraq Town
Muhazza
Muhurraq
Muqsha'
Musalla
Mutallah
Muwailaha
Muwailghah
Naim
North Rifa`
Nur Juruft
Nuwaidirat
Nuwaidrat
Nuwaydirat
Oil City
Qadam
Qalali
Qalani
Qariya
Qaryah
Qarya
Qubayt
Quraiyah
Qurayyah
Qurayyah
Quryah
Raiya
Rayya
Rifaa Al Gharbi
Rifa'a Ash Shamal
Rifa`a Ash Sharqi
Rifa` al Gharbi
Rifa` al Qibli
Rifa` ash Shamal
Rifa' Ash Sharqi
Ruka'a
Rumaidhah
Rumaidha
Rumaithah
Rumaitha
Rumayz̧ah
Ruqa'ah
Ruq`ah
Sadad
Safiah
Safirah
Safrah
Sahlat-al-`Audah
Sahlat al `Awdah
Sahlat al Fuqiyah
Sahlat al Hadriyah
Sahlat-as-Saghirah
Sakhir
Salambad
Salmabad
Samahidj
Samahij
Sanabis
Sanad
Sar
Sar
Shaharakkan
Shahrakkan
Shakhurah
Shakhura
Shakhurq
Sihlatal Fukiya
Sihlatal Hadriya
Simahij
Sitrah
Sitra
Sufalah
Sufala
Tashshan
Tubli
Um al-Baidh
Um el Shajar
Umm al Hassam
Umm al-Hassam
Umm ash Shahin
Umm ash Shajar
Umm ash Shalum
Umm ash Shanin
Umm ash Sha`um
Umm ash Sholum
Umm Jidr
Wadiyah
Wadiyan
Wasmiyah
Wasmiya
West Rifa`
Zallaq
Zellaq
Zelzaq
Zimmah
Zimma
Zinj
