Bahanza
Bake
Bamba
Banda
Banda
Banda
Banga
Bangwe
Banza
Bariza
Batsimba
Bavumu
Baziro
Bidumu
Bigabiro
Bigera
Bigeri
Bigina
Bigombo
Bigugo
Bigugo
Bigugo
Bigugo
Bihahe
Bihanga
Bihari
Bihemba
Bihembe
Bihembe
Bihogana
Bihoge
Bihomvora
Bihororo
Bikanka
Bikingi
Bikobe
Bikobe
Binyura
Binyuro
Birambi
Birayi
Birayi
Bisenga
Bishikuzi
Bishuri
Bisibe
Bisiza
Bisoro
Bisoro
Bitaka
Bitare
Bitare
Bitare
Bitenga
Bogogwa
Bona
Bubanga
Bubanza
Bubenga
Bubenga
Bubu
Bucarenga
Bucuzi
Budahuga
Budida
Bugabira
Bugabiro
Buganda
Buganuka
Bugarama
Bugarama
Bugarama
Bugarure
Bugendana
Bugeni
Bugenyuzi
Bugogo
Bugoma
Bugomora
Bugondo
Bugorora
Buhana
Buhanda
Buhanda
Buhanza
Buhasa
Buheranyi
Buhevyi
Buhevyi
Buhevyi
Buhiga
Buhiga
Buhigwa
Buhigwe
Buhinda
Buhinda
Buhinda
Buhinyuza
Buhinyuza
Buhinyuza
Buhogo
Buhonga
Buhonga
Buhorana
Buhoro
Buhoro
Buhoro
Buhoyo
Buhu
Buhurana
Buhwamyi
Bujumbura
Bujuru
Bukamba
Bukanda
Bukanya
Bukemba
Bukeye
Bukeye
Bukinanyana
Bukinga
Bukinga
Bukinga
Bukinisha
Bukinisha
Bukinja
Bukirasazi
Bukobe
Bukorobwa
Bukuba
Bukukumbo
Bukurana
Bulamata
Bulameta
Bumba
Bumba
Bumba
Bungere
Buniha
Buniha
Bura
Buramata
Burambi
Buranga
Buraniro
Burarana
Burarana
Burasira
Buraza
Burazi
Bureau d'arrondissement Kabarore
Bureau d'arrondissement Kagoma
Bureau d'arrondissement Kigarama
Bureau d'arrondissement Nyamugari
Burembera
Burenza
Buriga
Burima
Burindira
Buringa
Buruhukiro
Burume
Burunga
Bururi
Busaro
Busesa
Bushabashi
Busiga
Busoni
Busoni
Buta
Butaganda
Butaganzwa
Butaganzwa
Butaha
Butaha
Butahana
Butambala
Butambara
Butambuka
Butanuka
Butara
Butare
Butarugera
Butarumanga
Butega
Butegana
Butegana
Buterama
Butezi
Butihinda
Butimbo
Butimbo
Butoga
Butora
Butwe
Butwe
Butwe
Butwe
Buvumo
Buvuzo
Buvyuko
Buye
Buyengero
Buyenzi
Buyogoma
Buzamana
Buzigo
Buziracanda
Buzirachanda
Buziramabinga
Buzirambenga
Buzirampfunya
Buziramugayo
Bwambarangwe
Bwasare
Bwashisha
Bweru
Bwirakare
Bwiza
Bwiza
Bwiza
Bwumanyi
Byamihoro
Cabire
Cakaka
Camazi
Cana
Canika
Canika
Cankuzo
Canzu
Carire
Cendajuru
Cera
Ceru
Ceru
Cewe
Chanzu
Cibitoke
Cibitoke
Cibwire
Cigome
Cirisha
Cishwa
Civugiza
Ciyando
Ciyubake
Coganyi
Coganyoni
Cogo
Condi
Cugaro
Cugaro
Cumba
Cunda
Cunywe
Curiza
Dabambe
Donzi
Dunga
Dutwaro
Fota
Funzwe
Gabuke
Gacaca
Gacekwe
Gacokwe
Gacu
Gafunzo
Gahabwa
Gahagaze
Gahaharo
Gahahe
Gahahe
Gahahe
Gahama
Gahama
Gahe
Gaheka
Gahembe
Gahera
Gahera
Gahinasazi
Gahinga
Gahise
Gahisi
Gahombo
Gahondo
Gahororo
Gahororo
Gahororo
Gahumba
Gahuro
Gahuru
Gahwije
Gakaka
Gakaze
Gakere
Gakoko
Gakoma
Gakombe
Gakombe
Gakombe
Gakome
Gakome
Gakore
Gakungwe
Gakwande
Gakwende
Ganga
Gasaba
Gasabira
Gasaka
Gasana
Gasanda
Gasanda
Gasanda
Gasaraga
Gasarara
Gasasira
Gasave
Gasave
Gasebeye
Gasegwa
Gasema
Gasema
Gaseme
Gasemo
Gasenyi
Gasenyi
Gasenyi
Gasenyi
Gasenyi
Gasenyi
Gasenyi
Gaseru
Gasezerwa
Gashanga
Gashanga
Gashashara
Gashikanwa
Gashikanwa
Gashingura
Gashirwe
Gashoho
Gashoka
Gashwi
Gasibe
Gasibe
Gasigati
Gasigwa
Gasivya
Gasobane
Gasongati
Gasongati
Gasorwe
Gasozi
Gasumba
Gasunu
Gasura
Gasurubwe
Gasyangiri
Gatabo
Gatabo
Gatabo
Gatabo
Gatanga
Gatanga
Gatanganikwa
Gatara
Gatare
Gatare
Gatare
Gatare
Gateke
Gaterama
Gatete
Gatimbiri
Gatoke
Gatonde
Gatongati
Gatongati
Gatongati
Gatongati
Gatongo
Gatonyangira
Gatsiro
Gatumba
Gatumbura
Gatumbuzi
Gatungaboro
Gatunguru
Gatunguru
Gatwaro
Gatwaro
Gatwaro
Gatwaro
Gatwe
Gatwe
Gicaca
Gicumboro
Gicumburo
Gicungwe
Gifunzo
Gifunzo
Gifunzo
Gihamagara
Gihama
Gihamba
Gihanga
Gihango
Giharo
Giheko
Giheru
Giheta
Giheta
Giheta
Gihindwe
Gihingo
Gihofi
Gihogazi
Gihoma
Gihoma
Gihomba
Gihongoro
Gihoro
Gihoro
Gihororo
Gihosho
Gihovu
Gihungwe
Gikobe
Gikokoma
Gikombe
Gikombe
Gikombe
Gikombe
Gikore
Gikundamvura
Gikurazo
Gikuyo
Gipfizi
Gisaba
Gisagara
Gisagara
Gisagazuba
Gisangazuba
Gisanze
Gisarenda
Gisasa
Giseke
Gisenga
Gisenga
Gisenga
Gisenga
Gisenyi
Gisenyi
Gisenyi
Gisezerwa
Gisha
Gishami
Gishehe
Gishiha
Gishiha
Gishinge
Gishingwe
Gishita
Gishubi
Gishungo
Gisibe
Gisivya
Gisiza
Gisoko
Gisonzoka
Gisoro
Gisorora
Gisovu
Gisozi
Gisozi
Gisuma
Gisuma
Gisure
Gisuru
Gisuru
Gitaba
Gitaba
Gitabi
Gitabi
Gitabo
Gitambutso
Gitamo
Gitanga
Gitanga
Gitanga
Gitanga
Gitanga
Gitanga
Gitanganika
Gitangaro
Gitara
Gitara
Gitaramuka
Gitaramuka
Gitaramuka
Gitare
Gitare
Gitarurwa
Gitega
Gitega
Gitega
Gitega
Gitega
Gitema
Gitenga
Giteranyi
Gitete
Gitezi
Gitibu
Gitibu
Gitobe
Gitobe
Gitobwe
Gitongo
Gitongwe
Gitovu
Gitsiro
Gitumba
Gitunguru
Gitura
Gitwa
Gitwa
Gitwa
Gitwa
Gitwaro
Gitwe
Goga
Gogoma
Gomba
Gwanira
Gwaniro
Gwasanga
Gwiyagiro
Higiro
Higiro
Horezo
Ihangiro
Ijenda
Ikavumu
Isale
Isale-Mugaruro
Isare
Isigi
Itaba
Itaba
Itaba
Iteka
Itwe
Janda
Jarama
Jenda
Jene
Jerama
Jerama
Kababi
Kabagari
Kabago
Kabakuro
Kabamba
Kabanga
Kabanga
Kabanga
Kabanga
Kabangira
Kabarambi
Kabari
Kabasa
Kabataha
Kabatwa
Kaberenge
Kabeza
Kabezi
Kabimba
Kabingo
Kabira
Kabirizi
Kabogi
Kabogora
Kabogoye
Kabo
Kabombo
Kabonde
Kabonga
Kabuga
Kabuguzo
Kabumba
Kabundugu
Kabungere
Kabungo
Kaburantwa
Kaburi
Kabuye
Kabuye
Kabuye
Kabuye
Kabuye
Kabuye
Kabuyekere
Kabuyenge
Kabuyogoma
Kabwitika
Kadina
Kaganza
Kagari
Kagari
Kagari
Kagati
Kagera
Kageyo
Kagezi
Kagina
Kagogo
Kagoma
Kagomogomo
Kagongo
Kaguhu
Kagunga
Kagunguma
Kagwema
Kagwema
Kagwena
Kajabure
Kajaga
Kajego
Kakumu
Kamakoko
Kamayi
Kamenge
Kamigisha
Kamiranzogera
Kamisave
Kamonyi
Kampunga
Kamukike
Kamusenyi
Kamvumvu
Kandaro
Kangozi
Kaniga
Kaniga
Kankima
Kanunga
Kanyami
Kanyembwa
Kanyenumbu
Kanyeregete
Kanyereza
Kanyinya
Kanyinya
Kanyinya
Kanyinya
Kanyinya
Kanyinya
Kanyomvyi
Kanyosha
Kanyuzwa
Karago
Karago
Karama
Karama
Karama
Karama
Karambi
Karambi
Karambi
Karambi
Karambi
Karambi
Karambi
Karambi
Kararire
Kararo
Karehe
Karehe
Karehe
Karembwe
Karemera
Karenga
Karera
Karera
Kariba
Kariga
Karimbi
Karinzi
Karinzi
Karinzi
Karinzi
Karira
Karira
Karonda
Karonge
Karugajo
Karugunda
Karuhera
Karukona
Karunyinya
Karunyinya
Karurama
Karusabo
Karuzi
Kasaka
Katabo
Katazimiza
Katoke
Katongati
Kavumu
Kavumu
Kavumu
Kavumu
Kavumu
Kavumu
Kavumu
Kavumu
Kavumu
Kavumu
Kavuruga
Kavuza
Kayabazi
Kayanga
Kayange
Kayanza
Kayero
Kayige
Kaykowe
Kayogoro
Kayogoro
Kayokwe
Kayongozi
Kaziga
Kebuko
Kerera
Kibago
Kibande
Kibande
Kibande
Kibande
Kibande
Kibango
Kibari
Kibatama
Kibaya
Kibaya
Kibaya
Kibenga
Kibenga
Kibenga
Kibimba
Kibimba
Kibimba
Kibimba
Kibingere
Kibinzi
Kibira
Kibirizi
Kibonangona
Kibonde
Kibonobono
Kibozi
Kibugazi
Kibumba
Kibumbu
Kibunda
Kibungere
Kibungere
Kibungo
Kibungure
Kibuye
Kibuye
Kibuye
Kibuye
Kibuye
Kidagarazi
Kidasha
Kidatemba
Kidiha
Kidogo
Kidumbugu
Kigabiro
Kigabiro
Kigabiro
Kigabo
Kigamba
Kiganda
Kiganda
Kigandu
Kiganza
Kigarama
Kigarama
Kigarama
Kigarama
Kigarama
Kigari
Kigari
Kigari
Kigasare
Kigazi
Kigeme
Kigenda
Kigende
Kigera
Kigera
Kigeyo
Kigina
Kigina
Kigogo
Kigogo
Kigo
Kigo
Kigoma
Kigomero
Kigomero
Kigora
Kigora
Kigozi
Kigufi
Kiguruka
Kiguruka
Kigutu
Kigwati
Kigwena
Kigwena
Kihanga
Kiheko
Kijugu
Kilemba
Kimani
Kimati
Kimeza
Kimina
Kimiranzovu
Kimongozi
Kinama
Kinama
Kinama
Kinama
Kinama
Kinama
Kinama
Kinani
Kinazi
Kinazi
Kingari
Kingoro
Kinihura
Kinoga
Kinombe
Kinombe
Kinoso
Kinwa
Kinyambo
Kinyamugera
Kinyanza
Kinyanzi
Kinyasheshe
Kinyinya
Kinyoni
Kinyoni
Kinyonza
Kinyovu
Kinyovu
Kinzerere
Kiofi
Kirabo
Kirabuke
Kirama
Kirama
Kirambi
Kirambi
Kiramvya
Kirare
Kirare
Kirari
Kirasa
Kiravumba
Kiravumba
Kirehe
Kirehe
Kirehe
Kirehe
Kireka
Kiremba
Kiremba
Kiremba
Kiremba
Kiremera
Kirerama
Kiribata
Kirima
Kirimba
Kirimbi
Kirinzi
Kirinzi
Kiripinga
Kiriza
Kirugungu
Kirundo
Kirungu
Kiryama
Kiryama
Kiryama
Kiryama
Kiryama
Kiryama
Kisabi
Kisenga
Kitara
Kitega
Kitega
Kitongo
Kivega
Kivimba
Kivoga
Kivoga
Kivoga
Kivoga
Kivoga
Kivoga
Kivoga
Kivoga
Kivogera
Kivubo
Kivumu
Kivumu
Kivumu
Kivumu
Kivumu
Kivungwe
Kivuruga
Kivuruga
Kivyihusha
Kiyagara
Kiyange
Kiyange
Kiyange
Kiyange
Kiyanza
Kiyenzi
Kiziba
Kiziba
Kiziba
Kiziba
Kizingoma
Kizuga
Kobero
Kobero
Kubahima
Kubahinia
Kumana
Kumana
Kumetente
Kumparo
Kumubanga
Kumubuga
Kumuguma
Kumuhafu
Kumuhera
Kumuhuma
Kumuka
Kumutende
Kumutente
Kumuzu
Kunkubi
Kuntunda
Kurasiro
Kurugabano
Kurunyinya
Kuwankero
Kuwico
Kuwigitabu
Kuwimpfizi
Kuwingwa
Kuwintaba
Kuwisovu
Kwihigiro
Kwinzero
Kwirarire
Kwishwi
Kwisigu
Kwisumo
Kwitaba
Kwitaba
Kwituro
Mabanda
Mabayi
Mabinga
Magara
Magara
Magarama
Magaramango
Mageyo
Mageyo
Mageyo
Mago
Maguruka
Mahamba
Mahando
Mahanga
Mahembe
Mahinda
Mahinga
Mahonda
Mahwa
Mahwane
Majuri
Makamba
Makamba
Makebuko
Makera
Makombe
Makoronkwe
Mamasake
Mamfu
Manenge
Manga
Manga
Mangoma
Manogo
Manyoni
Marambi
Maramuya
Maramvya
Maramvya
Maramvya
Marangara
Marari
Marembo
Mariza
Marizi
Martyazo
Martyazo
Marumane
Maruri
Maruri
Masabo
Masake
Masama
Masango
Masenga
Masenga
Masha
Mashiga
Masuma
Mata
Matana
Matara
Materwa
Matongo
Mavubi
Mayanza
Mazakinde
Mazege
Mazinga
Mbariza
Mbizi
Mbizi
Mbizi
Mbuga
Mbundura
Mbuye
Mbuye
Mibakwe
Mibanga
Mibare
Mibazo
Mibindi
Miciro
Miduha
Migarika
Migende
Migende
Migereka
Migereka
Migerere
Migezi
Migezi
Migina
Migongo
Miguruka
Mihama
Mihama
Miheto
Mihigo
Mihigo
Mihiza
Mihongo
Mikanira
Mikimba
Mikingu
Mikingu
Mikore
Mikore
Mikuku
Mikwaro
Minago
Minyare
Mirama
Mirayi
Miremera
Miremera
Miremera
Misasa
Misasa
Misasa
Mishiha
Mishira
Mitaha
Mitakataka
Mitoza
Mivumanyi
Mizenga
Mizigo
Mont Kibago
Mpama
Mpamarugamba
Mpanda
Mparo
Mpete
Mpinga-Kayove
Mpinga
Mpinga
Mpinga
Mpinga
Mponyi
Mpunge
Mubanga
Mubanga
Mubanga
Mubanga
Mubimbi
Mubira
Mubogora
Mubone
Mubuga
Mubuga
Mubuga
Mubuga
Mubukanye
Mubungere
Mubwiga
Mucagara
Mucori
Mudafraza
Mudahwera
Mudaraza
Mudende
Mudida
Mugabomure
Mugamba
Mugamba
Mugano
Mugano
Muganza
Mugarama
Mugara
Mugaruro
Mugatare
Mugazi
Mugeni
Mugerama
Mugera
Mugera
Mugerema
Mugerero
Mugina
Mugina
Mugobe
Mugobe
Mugobe
Mugoboka
Mugobweka
Mugogo
Mugogo
Mugomera
Mugona
Mugongomanga
Mugongo
Mugongo
Mugongo
Mugongora
Mugotora
Mugumya
Muguramo
Muguruka
Muhafu
Muhaganya
Muhagaze
Muhagaze
Muhama
Muhanda
Muhanda
Muhanga
Muhanga
Muharara
Muhare
Muharuro
Muhenja
Muhera
Muhetsi
Muhigira
Muhindo
Muhindo
Muhingo
Muhoroge
Muhororo
Muhororo
Muhororo
Muhoza
Muhumya
Muhuta
Muhuzo
Muhwanya
Muhwazi
Muhwazi
Mukabarangara
Mukamano
Muka
Mukanamba
Mukaroba
Mukigo
Mukike
Mukindu
Mukingiro
Mukingiro
Mukinya
Mukobe
Muko
Mukoni
Mukoni
Mukoni
Mukoni
Mukonko
Mukugu
Mukungugu
Mukuzanyana
Mumana
Mumasuma
Mumbanza
Mumbizi
Mumigende
Mumihindo
Mumivo
Mumpwishi
Mumuri
Munanira
Munanira
Munazi
Munege
Munege
Mungaji
Mungwa
Munini
Munterana
Muntita
Muntwana
Munyegere
Munyegeri
Munyika
Munyinya
Munyinya
Munyo
Munzenze
Munzugu
Murago
Murago
Murago
Murago
Murama
Murama
Murambagize
Muramba
Muramba
Muramba
Muramba
Muramba
Murambi
Murambo
Muramvya
Muramvya
Muramvya
Murangara
Murango
Murehe
Murehe
Murehe
Murehe
Murehe
Murehe
Mureke
Muremera
Muremera
Muremure
Murenda
Murenge
Murenguko
Murenguko
Murinda
Murira
Murore
Murore
Murubi
Murunazi
Murungurira
Murunyinya
Mururi
Mururinzi
Muruta
Murwampore
Murwanzu
Murwi
Murwoga
Muryakiyago
Muryakyago
Muryamvubu
Muryaruyigi
Musabagi
Musaga
Musaga
Musagara
Musagare
Musama
Musama
Musamba
Musamo
Musanga
Musasa
Musasa
Musaswe
Musave
Musave
Musave
Musave
Musavu
Musema
Musenga
Musenga
Musenga
Musenga
Musenyi
Musenyi
Musenyi
Musezero
Mushasha
Mushiha
Mushihi
Mushikanwa
Mushishi
Mushonji
Mushubi
Musigati
Musivya
Musivya
Musongati
Musorora
Musura
Musuti
Mutaho
Mutaho
Mutakura
Mutambara
Mutambu
Mutanga
Mutara
Mutare
Mutegeka
Mutenza
Muterama
Mutimbuzi
Mutobo
Mutobo
Mutobo
Mutoye
Mutoyi
Mutoyi
Mutukura
Mutumba
Mutumba
Mutumba
Mutwankoma
Muvugangoma
Muvumero
Muvumu
Muvumu
Muvyuko
Muyaga
Muyaga
Muyaga
Muyaga
Muyama
Muyange-Gashoho
Muyange
Muyange
Muyange
Muyange
Muyange
Muyange
Muyange
Muyange
Muyange
Muyebe
Muyebe
Muyebe
Muyebe
Muyinga
Muyogoro
Muyuga
Muyuga
Muzamba
Muzenga
Muzenga
Muzenga
Muzima
Muzimu
Muzi
Muzinda
Muzirangerera
Muzuga
Muzumure
Muzura
Mwakiro
Mwandaro
Mwange
Mwarambago
Mwarangabo
Mwaro
Mwayi
Mwebeya
Mwegera
Mwendo
Mwendo
Mweya
Mwibero
Mwibu
Mwiburaniro
Mwihayiro
Mwihero
Mwitaba
Mwiteka
Mwumba
Mwurire
Myugariro
Myukwe
Myuzi
Namba
Nanira
Ncanyi
Ncaramba
Ncarambo
Nciri
Ncunda
Ndagano
Ndaro
Ndaro
Ndava
Ndava
Ndava
Ndava
Ndava
Ndawa
Ndege
Ndego
Ndengane
Ndengane
Ndera
Ndimo
Ndora
Nemba
Ngagara
Ngambwe
Ngara
Ngara
Ngara
Ngara
Ngati
Ngere
Ngere
Ngobeke
Ngoma
Ngoma
Ngoma
Ngoma
Ngomiraronka
Ngonie
Ngonyi
Ngoro
Ngoro
Ngoro
Ngozi
Ninga
Ningwe
Nini
Nkamba
Nkanda
Nkavyi
Nkenke
Nkingo
Nkingu
Nkingu
Nkingu
Nkiranyi
Nkoma
Nkomera
Nkomero
Nkondo
Nkoronko
Nkoronko
Nkukwe
Nkurye
Noge
Ntabandwa
Ntabwome
Ntaho
Ntamba
Ntamba
Ntanda
Ntatemwa
Ntawantunze
Ntebe
Ntega
Ntentamaza
Nterakanonko
Nterakaronko
Nterana
Nterema
Ntita
Ntita
Ntunda
Ntunda
Ntunda
Numbwe
Nunga
Nyabahira
Nyabibugu
Nyabibuye
Nyabibuye
Nyabibuye
Nyabiduha
Nyabiganba
Nyabigina
Nyabigura
Nyabihanga
Nyabihanga
Nyabihanga
Nyabihanga
Nyabihange
Nyabikenke
Nyabikere
Nyabikere
Nyabikinja
Nyabikoma
Nyabikona
Nyabikonge
Nyabiraba
Nyabisaka
Nyabishinowi
Nyabisinda
Nyabisindu
Nyabisindu
Nyabitanga
Nyabitare
Nyabitsinda
Nyabitwe
Nyabugete
Nyabugimbu
Nyabugoye
Nyabuhuna
Nyabumwe
Nyabunigu
Nyabunya
Nyabusaro
Nyabutare
Nyabweru
Nyagahara
Nyagakobe
Nyagasasa
Nyagasenge
Nyagashubi
Nyagatoke
Nyagatovu
Nyagatovu
Nyagatovu
Nyagatwe
Nyagishiha
Nyagisovu
Nyagitwenzi
Nyagonga
Nyaguhaga
Nyakabiga
Nyakabingo
Nyakarambi
Nyakarambo
Nyakararo
Nyakatsi
Nyakavomo
Nyakayi
Nyakazu
Nyakerera
Nyakibaka
Nyakibanda
Nyakibanda
Nyakibereko
Nyakibuye
Nyakibuye
Nyakibuye
Nyakigati
Nyakigi
Nyakinazi
Nyakirehe
Nyakungo
Nyakuremba
Nyamaborogo
Nyamabuye
Nyamabuye
Nyamabuye
Nyamabuye
Nyamagana
Nyamagana
Nyamateke
Nyamayenzi
Nyamazi
Nyamazi
Nyambaba
Nyambeho
Nyambuye
Nyamibanga
Nyamigende
Nyamigongo
Nyamirama
Nyamirambo
Nyamirambo
Nyamirambo
Nyamirande
Nyamishiba
Nyamisoma
Nyamitare
Nyamivo
Nyamiyaga
Nyamiyaga
Nyampereza
Nyamubuye
Nyamugari
Nyamugari
Nyamugari
Nyamugari
Nyamugari
Nyamugari
Nyamuhanga
Nyamuhogoti
Nyamuko
Nyamurenge
Nyamurenza
Nyamusenyi
Nyamutabo
Nyamutobo
Nyamuyaga
Nyamuzi
Nyamyotsi
Nyanganda
Nyangati
Nyange
Nyange
Nyange
Nyange
Nyange
Nyangwa
Nyangwe
Nyankanda
Nyankara
Nyankere
Nyankorogo
Nyankubati
Nyankubushi
Nyantakara
Nyantunwa
Nyanza-Lac
Nyanza
Nyanza
Nyarubanga
Nyarubanga
Nyarubaye
Nyarubunyo
Nyarubuye
Nyarucamo
Nyarudehe
Nyarugano
Nyarugati
Nyarugegene
Nyaruhengeri
Nyarumanga
Nyarumanga
Nyarumanga
Nyarumanga
Nyarumashi
Nyarumonyi
Nyarumuri
Nyarunazi
Nyarunazi
Nyarunazi
Nyarurama
Nyarurambi
Nyarurambi
Nyarurambi
Nyarure
Nyarure
Nyaruruma
Nyarusabagi
Nyarusagare
Nyarusange
Nyarusange
Nyarusange
Nyarutambika
Nyaruteza
Nyarutiti
Nyarutumba
Nyarutwenzi
Nyaruyange
Nyarwonga
Nyawaga
Nyembuye
Nyesasa
Nyeshanga
Nyeshenza
Nyetasha
Nyogoro
Nyunzwe
Nzara
Nzibo
Nzobe
Nzove
Nzunga
Rabiro
Rabiro
Rambwe
Ramvya
Ramvya
Ranga
Rangare
Rangi
Rango
Rarire
Remba
Remera
Remera
Renga
Ringira
Rohero
Rubagabaga
Rubangabanga
Rubanga
Rubanga
Rubavu
Rubavu
Rubaya
Rubimba II
Rubimba
Rubimba
Rubindi
Rubirizi
Rubirizi
Rubirizi
Rubona
Rubuga
Rubuga
Rubura
Rubuye
Rucu
Rudegwe
Rugabano
Rugabo
Rugaga
Rugaju
Ruganda
Rugando
Rugano
Rugarama
Rugari
Rugari
Rugari
Rugari
Rugaruye
Rugata
Rugazi
Rugenge
Rugenge
Rugenge
Rugina
Rugina
Rugobwe
Rugogwe
Rugojo
Rugoma
Rugoma
Rugombero
Rugombo
Rugombo
Rugomero
Rugonga
Rugongo
Rugoti
Rugunga
Rugunga
Rugwiza
Ruhagarika
Ruhata
Ruhehe
Ruhengeri
Ruhinga
Ruhinga
Ruhinga
Ruhinga
Ruhinga
Ruhinga
Ruhogwe
Ruhoha
Ruhona
Ruhongore
Ruhongoro
Ruhorongo
Ruhororo
Ruhororo
Ruhuma
Ruhura
Rujeni
Rukago
Rukara
Rukere
Rukina
Rukina
Rukiniro
Rukobero
Rukoko
Rukoma
Rukonwe
Rukorobwa
Ruko
Rukoyoyo
Rukoyoyo
Rukuramigabo
Rukwega
Rulende
Rumanga
Rumeza
Ruminamina
Rumonge
Runazi
Runyangwe
Runyankezi
Runyinya
Runyinya
Runyoni
Runyonza
Runywero
Runzenze
Rurambira
Rurambira
Rurambi
Ruremba
Rurembera
Rurenda
Rurenga
Rurengera
Rurenzwa
Rurinzi
Rurinzi
Rusagamba
Rusagara
Rusaka
Rusakiro
Rusamaza
Rusange
Rusange
Rusarenda
Rusarenda
Rusasa
Rusasa
Rusenda
Rusengo
Rusengo
Ruseseka
Rushakashaka
Rushamvu
Rushiba
Rushiha
Rushombo
Rushubije
Rushubi
Rushuru
Rusigabangazi
Rusi
Rusi
Rusohanya
Rusumwe
Rusunu
Rusunwe
Rusura
Rusyanane
Rutabo
Rutamba
Rutamba
Rutambiro
Rutambiro
Rutambwe
Rutamo
Rutamo
Rutana
Rutana
Rutarabana
Rutare
Rutare
Rutegama
Rutegama
Rutega
Rutimbura
Rutoke
Rutoke
Rutoke
Rutonde
Rutonganikwa
Rutovu
Rutovu
Rutumo
Rutundu
Ruvigi
Ruvumura
Ruvumu
Ruvumu
Ruvumu
Ruvumu
Ruvumu
Ruvumu
Ruvuye
Ruyange
Ruyange
Ruyange
Ruyengo
Ruyenzi
Ruyenzi
Ruyigi
Ruyigi
Ruyivyi
Ruyogoro
Ruyogoro
Ruzibira
Ruzirakabogi
Ruzirasazi
Rwakagari
Rwamabare
Rwamabasa
Rwamabuye
Rwamahasa
Rwamatanga
Rwamiko
Rwampiri
Rwamvura
Rwangara
Rwaniro
Rwankona
Rwansonge
Rwansongo
Rwarama
Rwega
Rwegura
Rweru
Rweza
Rweza
Rwibaga
Rwihanza
Rwikubo
Rwimbogo
Rwimbogo
Rwinago
Rwingiri
Rwingoma
Rwinka
Rwinkona
Rwira
Rwisabi
Rwoga
Rwonga
Ryakaramba
Ryakarambo
Ryansoro
Ryaruhinda
Ryarumuri
Sagara
Sakanyege
Sankwi
Sema
Shanga
Shatanya
Shekera
Shembe
Shembe
Shinya
Shombo
Shori
Shoti
Showe
Sinini
Songa
Songa
Songorere
Songore
Sovu
Suture
Taba
Taba
Taba
Taba
Taba
Taba
Taba
Tabi
Takwe
Tangara
Tarire
Teka
Teka
Tetero
Teza
Titi
Tora
Twe
Tyazo
Usumbura
Uwimpfizi
Uwurugo
Vubi
Vugizo
Vugizo
Vumbi-Bukuba
Vumbi
Vumwe
Vungu
Vyanda
Vyinkona
Vyinkora
Vyuma
Vyuya
Wambogo
Yamuremye
Yanza
Yenda
Yonga
Zanandore
