Aba
Abala
Abata
Abéokouta
Abéokouta
Abidzi
Abintanga
Abitanga
Aboga
Abogo
Aboloumé
Abome
Abome Calavi
Abomey
Abomey-Calavi
Abotagon
Aboukoué
Abouta
Acadjama
Acadjamé
Achupa
Adakparo
Adakplamé
Adamé
Adamou
Adamoukparo
Adanhoue
Adanion
Adédéwo
Adèli
Adiaida
Adiaïdè
Adiamadiang
Adiassagon
Adidévo
Adimadégon
Adimalé
Adio
Adioti
Adjacin
Adjadjagon
Adjadji Bata
Adjadji-Zoungbomé
Adjadohondégon
Adjafa
Adjagbo
Adjaglamé
Adjaha
Adjah
Adjahakpa
Adjahomé
Adjakokou
Adjamingon
Adjanté
Adjaouèrè
Adjara
Adjara
Adjarra
Adjarra
Adjazon
Adjéhongon
Adjian
Adjido
Adjiga
Adjigó
Adjigo
Adjohon
Adjohoun
Adjohoun
Adjohoundja
Adjohoundjè
Adjovicodji
Adjoya
Adjozoumé
Adogblihoué
Adoglihoué
Adohoukparou
Adohoun
Adohoun-Lanzoumé
Adomougon
Adongon
Adoukoué
Afabeusse
Afakpara
Afanai
Afatalanga
Affamè
Affon
Affonor
Afodiobo
Afon
Agaladé
Agamé
Agamé-Ahotissa
Agan
Agandobaka
Agango
Agaoua
Agasousigon
Agassa Godomey
Agatagbo
Agatogba
Agatogbo
Agbagnizon
Agbalidè
Agbamégon
Agban
Agbanaté
Agbanboulou
Agbandabé
Agbandari
Agbangnizoun
Agbanou
Agbanson
Agbanta
Agbanzin
Agbanzinkpota
Agbasson
Agbato
Agbaton
Agbatou
Agbéhé
Agbengnisoé
Agbétogagon
Agbidimé
Agbladjé
Agblagato
Agblangandan
Agblankantan
Agblomé
Agblomé-Lévi
Agblomé-Zokli
Agblopa
Agbodji
Agbodranfo
Agbodranfo
Agbohosi
Agborro
Agbotagon
Agbotavou
Aghozongo
Aglaly
Agmaligon
Agnamé
Agnami
Agnangnan
Agnavou
Agnibandjin
Agnioké
Agnoulako
Agodogoué
Agofissi
Agohonhou
Agohoué-Balimé
Agokoué
Agombé
Agomé
Agon
Agon
Agondo
Agondogui
Agondopoué
Agonhohoun
Agonkamè
Agonlin
Agonmé
Agontomé
Agonvi
Agonvy
Agoréadji
Agossakoé
Agossouhoui
Agoua
Agouagon
Agouagou
Agoué
Agougan
Agougou
Agoukamè
Agouna
Agouna-Gaga
Agounogon
Agousotodji
Agoutomé
Agpro
Agrabansou
Agramarou
Agramidjodji
Agrimé
Agriné
Agua
Ague
Aguegue-Houedome
Agueouda
Aguidahoué
Aguigadji
Aguigaji
Aguigdiji
Aguna
Agwa
Agwagon
Agwe
Agweh
Ahévi
Ahihomé
Ahitinmé
Ahodedji
Ahogbé
Ahogbéia
Ahogbeya
Ahoho
Ahokan
Aholoboué
Ahomadégbé
Ahouamé
Ahouamé
Ahouansouri
Ahozon
Aïouégon
Aitedjou
Aïwadè
Ajaha
Ajara
Ajara
Ajarra
Ajetalanga
Ajigo
Ajohon
Akadja
Akakadoho
Akalokoupodji
Akapli
Akaradè
Akassato
Akbakota
Akékérou
Akete
Akiza
Aklamé
Aklampa
Aklanpa
Akleimé
Aklémé
Aklo
Aklo-Comé
Akodébakou
Akodéhao
Akoko
Akonabou
Akonana
Akonhoum
Akonoboué
Akouessa
Akoumokoumo
Akoutagba
Akoutaossé
Akpadanou
Akpakourou
Akpalodo
Akpamé
Akpao
Akpassi
Akpavé
Akpéa
Akpého-Dokpo
Akpékou
Akpéto
Akpinhiadji
Akpotonou
Akpouati
Akraké
Aladassicodji
Aladjarakola
Alafia
Alafia
Alafiakrou
Alafiarou
Alafiarou
Alafiarou
Alafiarou
Alafiarou-Koredorou
Alan
Alassane
Aledjo
Aledjo-Koura
Alejo-Kura
Alékpo
Alétoutou
Alfabé
Alfakouara
Alfakpara
Alfiarou
Aligoudo
Alitokoum
Allada
Allahé
Allodossicodji
Allomakanmé
Alnafinda
Aloba
Alohovè
Alori
Alouhouéhoué
Amakpa
Amavédagon
Amawihon
Amazon
Amédenta
Aménourou
Amer blanchi
Amou
Amoudokoé
Amoulecodji
Amoussoubrassouhoué
Amoussoulou
Anairé
Anandana
Ananinga
Anbéri-Goumbi
Anfin
Anfin
Angara
Angaradebou
Angara-Débou
Angara-Débu
Angara Deburu
Angaradéourou
Angradébourou
Anima
Anira
Ankouatia-Foumbéou
Anoun
Aobégon
Aota
Aouakamé
Aouiangon
Aouicodji
Aouniakamé
Apaki
Apékou
Aplahoué
Aplanou
Appi
Arafan
Arame
Arbonga
Arbordafia
Arérou
Arhlan
Ario
Arlan
Aro
Arodoro
Arou
Aroubéré
Arouna
Arraronmi
Asagon
Asogbenou
Assambé
Assanbé
Assanganlingon
Assankanmé
Assanoe
Assanté
Assanti
Assara
Assaradè
Assava
Assion
Assodè Kandia
Assogbenou
Assoghé
Asso Kandia
Assongaïssa
Assoumanda
Atabénou
Atadè
Atahoussar
Ataké
Ataki
Atakiri
Atakon
Atakou
Atakouzar
Atchapa
Atchengbe
Atchéribé
Atchérigbé
Atchérigté
Atchohoué
Atchoué
Atchoukpa
Atchoupa
Atchupa
Aténougon
Atessé
Athiémé
Atiakitam
Atianpakouda
Atieme
Atobokpou
Atokolibé
Atokolobé
Atokoloto
Atokou
Atomé-Ahévi
Atomé
Atomé-Avégamé
Atomé Végamé
Atome-Yegan
Attata
Attieme
Attogon
Attohoué
Atukobi
Auduntini
Auduntun
Avabodji
Avakpa
Avakpa-Motchokpevi
Avalli
Avamé
Avédji
Avegado
Avégamé
Avégodo
Avégodoui
Avicondji
Aviconji
Avlanku
Avlapamé
Avlékété
Avlékété-Plage
Avlo
Avocanzou
Avogbè
Avrankou
Avrékété
Avrekete Beach
Avrékété-Plage
Awansouri
Awé
Awétébi
Awidji
Aworo
Awoula
Ayahohoué
Ayanmé
Ayarade
Ayégourou
Ayékolélo
Ayetédjoun
Ayomi
Ayou
Azagounogon
Azangbé
Azaouirisse
Azaourissè
Azeleledji
Azimé
Azizacoue
Azizahoué
Azizonja
Azoé-Cada
Azohouè-Ahiho
Azohoué-Cada
Azohoué-Hiho
Azohouè-Kada
Azohoué-Oumbo
Azokangoudo
Azomé
Azonlihoué
Azoukpo
Azoumé
Azové
Bababa
Babadjimba
Babanzaouré
Babarou
Babayakou
Babédou
Babi
Babidé
Babiengda
Babiré
Baborimmborou
Babou
Baboulounparou
Bacankomé
Bachogon
Bacoussou
Bada
Badagba
Badefoourma
Badékparou
Badérou
Badjamé
Badjékali
Badji
Badjoudè
Badoré
Badori
Badou
Badu
Baffan
Bafilégou
Bagali
Bagalibéroukpané
Bagalipété
Bagania
Bagapodi
Bagaria
Bagassi
Bagazi
Bagborhoé
Bagoro
Bagou
Bagouri-Tounga
Bagouroulé
Bagu
Bagué
Bagueroa
Baguérou
Bagueru
Bagweru
Bahi
Bahica
Bahikassari
Bahô
Bahoumsinou
Baka
Bakaga
Bakana-Kari
Bakani
Bakaro
Bakayéré
Bakérou
Baki-Ngourbi
Bako
Bakonbérou
Bakou
Bakou Bouya
Bakounkparou
Bakounourou
Bakounourou
Bakousson
Bakpérou
Baku
Baladjira
Balma
Balouma
Bambreu
Bamisso
Bamouaga
Bamounin
Bana
Banamé-Assiangbomè
Banbari-Yendé
Banda
Bandara
Bandélouré
Bandéssar
Bane
Banérou
Bango
Bangoun
Bangrétamou
Banguiritamou
Bania-Fari
Baniba
Bani
Banibe
Banigbé
Banigouré
Baniguiri
Banikani
Banikani-Dono
Banikoara
Baningli
Baniniano
Baninkoulou
Baninzi
Bankabia
Bankaro
Bankoto
Bankoubou
Banon
Banoualou
Banouarou
Banou
Banouorou-Sanemou
Bansalé
Bantassoué
Banté
Bantoukou
Banworu
Baodjo
Baora
Baoudjo
Baoun
Baoureu
Baoussi
Baoussigando
Bapérou
Barabom
Baragouroussi
Barana
Baraouni
Bararou
Baratolo
Baré
Barei
Barél
Barérou
Bariba
Bari
Bari
Barikéké
Barissérou
Barman
Baro
Barou
Barpégou
Bartiékouhou
Bassa
Bassaoutiouri
Bassi
Bassila
Bassini
Bassion
Basso
Bassooussar
Bassoroko
Bassoussou
Bassoza
Batabourou
Batadji
Batakéssi
Batathoué
Batedji
Batéré
Batia
Batia
Batiaboto
Batiago
Batin
Batino
Batiowo
Batloudé
Bavou
Bawarou
Bayakou
Bazikou
Bazume
Béatougou
Bébarokou
Bébiéourou
Bédarou
Bédia
Bédika
Bédimé
Bédo
Bédo
Bédoudou
Béégouourou
Befa
Beffa
Bégairé
Bégangon
Bégourou
Bèhawalè
Béhé
Béhégouhourou
Béhokou
Bekandji
Békawara
Béké
Béké-Bouramé
Beket
Béko
Békonkoli
Bekourona
Béla
Bélébélèna
Belendiou
Belfoungou
Belko Kparou
Belléfoungou
Bembèrèkè
Bemrha Gonanga
Bénassi
Bénéchouto
Bènèdièsse
Bénéssi
Béniakou
Benntanko
Bénsakou
Bensékou
Béouroukparou
Bépouna
Bépouo
Béradourou
Béradourouga
Bérasson
Bérécingo
Beregnamno
Béréké
Bérékossou
Bérékouané
Bérékpané
Béréssarou
Béréyadou
Berhou
Béria
Berognama
Bérognamno
Berognanino
Bérokpané
Béroubassi
Bérou
Béroubouay
Béroubouaye
Bérougandou
Béroukpané
Béroupané
Bersingou
Berubuaye
Bessaka
Bessassi
Bessassi Bokko
Bessassi Boko
Bessassigando
Bessé
Bétékoura
Bétel
Bétérou
Bétigninangnon
Beumbè
Beumvar
Béwarangué
Béyassou
Béyassoupo
Bèydou
Biakou
Biangbébou
Biangourou
Bibi
Bibikparo
Bidaodè
Biè-Beussènnrha
Biébinsou
Bignigolrou
Biguina
Bikoro
Bilfoourha-Kpasingreu
Bilkolrha
Bimbéréké
Biniane
Biniéra
Binikoga
Binon-Intiéga
Binsakou
Binyikoulrhou
Biokao
Biomarou Gando
Bionga
Bionoma
Biossossa
Bira
Birdjinanga
Birikirou
Birimanga
Birinaki
Birni
Birnilafa
Birnilafia
Birnilaha
Birnitafia
Biro
Birou
Bissira
Blaka
Blé
Blémi
Blémi Gando
Bloblo
Boa
Boanna
Bobé
Bobéna
Bobené
Bobosso-Gata
Bodémè
Bodi
Bodjo
Bodom
Bofongarou
Bogbohonou
Bogo-Bogo
Bogolori-Kapahoun
Boguidji
Bohé
Bohicon
Bohimé
Bohoué
Bohoumkoara
Boïbablin
Boiffo
Boké
Bokérérou
Boko
Bokoro
Bokoto
Bokoutou
Bola
Bolimè
Bolimé
Boloundé
Bolounézéra
Bomako
Bombé
Bonbodié
Bonfanou
Bongourou
Boni
Bonikirou
Boni-Korokou
Bonipotoko
Bonkorou
Bonmbolo
Bonou
Bonvalou
Booumoo
Bopa
Bopokou
Boramou-Fari
Borarou
Boré
Boressinkou
Boréyèndé
Borha
Bori
Bori
Borko
Bornyani
Boro
Boro
Borodarou
Borodji
Borogou
Boroïendi
Borokou
Boromé
Boroné
Boronéga
Borosincou
Borosson
Borou
Boroukpalrh
Boroyende
Bortoko
Bosikpê
Bosou-Akidigba
Bossohoué
Bossouhoué
Boti
Boua
Boualango-Goldawi
Bouanri
Bouari
Bouatani
Bouay
Bouaye
Boubou
Bouboulé
Bouca
Bouchi
Boucoussourou
Boudaa
Boué
Bouérou-Bankrannou
Bouérou
Bouérou-Gourou
Bouessinakourou
Boué Takarou
Bougou
Bougourounkourou
Bougouténa
Bouhennrou
Bouhiakarou
Bouhihakao
Bouinkourou
Bouipikourou
Boukabérou
Bouka
Bouka Gando
Boukakékébé
Bouka Krikoubé
Boukaniéré
Bouko
Boukombé
Boukomoé
Boukonmbé-Zongo
Boukoro
Boukoubrou
Boukoumbé
Boulanki
Boulassaro
Bouliniéri
Bouloum
Bouloumizaké
Bouloupouya
Bouloutéké
Boumboussou
Boun
Boundé
Boundétingou
Boungou
Bouniako
Bounkossorou
Bounta
Bountiro
Bounza
Bouraboukparou
Boura
Bourahi Kparou
Bourainega
Bourakou
Bouralangou
Bouranga
Bourassérou
Bourbansifa
Bourdour
Bourdourha
Bourerou
Bourfa-Bourfa
Bouro
Bourogourou
Bourouyoré
Boussasambou
Boussigui
Boussinkouarou
Boutou
Boutouhoum
Boutoum
Bouyabourou
Bouyankoulou
Bouyérou
Bozikpé
Bozoumé
Bozume
Breudjinanga
Briniamaro
Bua
Buai
Buari
Buaye
Buka
Bukombe
Bulum
Butum
Cabare
Cada
Cadjèhoun
Campouya
Cana
Canvie
Carnotville
Carnoville
Catonou
Céra
Chabe
Chabégoguékparou
Chabi-Kouma
Chachu
Chalagoye
Charissekparou
Chatéhoué
Chauru
Chefo
Chéfou
Chefu
Chetti
Chiakanoukoné
Chien-Bouanbou
Chin
Choparacha
Clové
Cobédjo
Cococodji
Cocodji
Cocotomey
Coli
Comé
Compa
Condji
Copargo
Corossa
Cossa-Kamé
Cosso-Kame
Cotonou
Couba
Couffonou-Ananigon
Couffonou
Coussé
Coussi
Couzoumé
Cové
Daagbé
Daba
Dableurha
Dabogohoun
Dabogou
Daboka
Dabonkou
Dabou
Dabou
Dada
Dadji
Dadjo
Dagadagué
Dagarogoiparou
Dagassi
Dagbé
Dagoudikoé
Dagui
Dahé
Dahoué
Dahoué
Dajo
Dakérérou
Dakou
Dakou
Dakpla
Dalaboiga
Dalrakparou-Satieukeu
Dammbouti
Damon
Dan
Dando
Danganzi
Dangaré
Dangban
Dangbo
Dangou
Dangourou
Dangoussar
Dangu
Danguimapiga
Dani-Bango
Danissani
Danko
Dankou
Dankourou
Danmossi
Dano
Danré
Danri
Danri
Danta
Dapiendi
Dapla
Dapuérou
Daré
Darékpoto
Dari
Daringa
Darninga
Darno
Darno
Daro-Tempobré
Darou-Irou
Darou Kourarou
Daroukparou
Daroun
Darouno
Daroupara
Daroupera
Darouwirou
Daro-Wirou
Darupara
Dassa-Gledji
Dassaré
Dassari
Dassarou
Dassa-Zoumé
Dassa Zume
Dasso
Dasso
Dasso-Nialli
Dassori
Dato
Datori
Datori-Ganganba
Datori-Tiokossi
Davougon
Débo
Débou
Débrégourou
Décamè
Décame
Décamé
Décandji
Décomè
Dé
Dédéa
Dédénndeu
Dédéra
Degladono
Deïnga
Deingou
Deissa
Dékamé
Dékamé
Dékamé
Dékampé
Dékanmé
Dékbouroukparou
Dèkèrou
Dékin-Afio
Dékin-Fyo
Dekin-Hetin
Dékin-Hounhoué
Dékourou
Dékpo-Agnibandjin
Dékpo
Delli
Delli-Sahé
Déma
Demgo
Démon
Demou
Démou
Démoukoé
Dempage Tiéné
Dèmsirou
Dendourhou
Denga
Dengu
Déouigon
Dérassi
Déré
Dérégourou
Deressi
Derhirha
Déroubanou
Dérou
Dérou
Dessa
Détohou
Dévé
Déwa
Dhio
Diadia
Diallucu
Diapengou
Diapesskoura
Diapio
Diataou
Diboiri
Didinga
Diékouaré
Diènendonanga
Diengou
Dierhou Bareï
Dièrhou
Diésson
Digbagourou
Diguidirou
Diguinséré
Diho
Dikiatipouri
Dikinmbouni
Dikoin
Dikokoré
Dikonguné
Dimatadoni
Diné
Dinoun-Kouani
Dinsénou
Dipenntakouani
Dipoko
Dirépouro
Dissioulé
Ditapenndiéri
Djabata
Dja
Djagbalo
Djaho
Djakatomé
Djakotomé
Djakpengou
Djalloukou
Djalokou
Djaloukou
Djanglamé
Djanglanmé
Djébatin
Djéga
Djegan-Daho
Djègbé-Kanfangoudo
Djègbé-Vidouté
Djégékpodji
Djékbatin
Djema
Djenkème
Djérigbé
Djési
Djéssékou-Sinngreu
Djessi
Djibé
Djibimé
Djibo
Djidja
Djidjouzou
Djigbé
Djigbé
Djigoro
Djihami
Djimakoé
Djimé
Djina
Djipamé
Djogon
Djohoué
Djondjizoumé
Djopékan
Djoué
Djougou
Dobala
Dodji-Bata
Dô
Do
Dodokpané
Dodomé
Dodomé
Dodorou
Doga
Dogba
Dogba
Dogba
Dogbo
Dogbo Hahomé
Dogbo-Tota
Dogbouan
Dogla
Dogomasséri
Dogonkadé
Dogouabi
Dogué
Doh
Dohouimè
Doïssa
Doka
Dokoundji
Dokparou
Dolo
Dololi
Dolomè
Domé
Domé
Domé
Domézeka
Dompago
Dona
Don Agbodougbé
Don-Alonougbé
Donbarakou
Dondji-Zouin
Dondjo
Don
Donenga
Donfoourha-Tarhou
Donga
Dongatouapèroun
Dongo
Doningri
Donkaraouye
Donmbouré
Donouhorou
Donoumé
Dontou
Donwari
Doounglé
Dor
Dorgo
Dori
Doroubou
Dorounwérou
Dosso
Dotota
Douanni
Doubo
Doubranoua
Douérou
Dougba
Dougoulayé
Dougoussi
Doukoudérou
Doukoundri
Doukouongon
Doulou
Doumahou
Doumassi Kondji
Doumé
Doundakoro
Doungankparo
Dourapéroun
Douroubé
Doussa
Doutémi
Doutou
Doutou-Terre-Rouge
Dovalrha
Dovi-Cogbé
Dovi-Dizigo
Dovi-Dovè
Dovokpa
Dowali
Doyakou
Dozo
Dré
Drouon Gourou
Dukointonmbini
Dukondé
Dumbo
Dume
Duncassa
Dunkassa
Edjiridji
Eglimé
Ehwé
Ekaniklé
Ekiwo
Ekpa
Ekpaogan
Ekpé
Ekpélégnou
Ekpi
Elaou
Emayou
Eouihéra
Eratio
Essaignon
Esuimé
Evéji
Ewé
Fabasofa
Facinahoué
Fafa
Fafa
Faféré
Fafiré
Fagigarhoé
Faïmbé
Fakouatimanfa
Fakouètifé
Fakoun
Fanaborfa
Fana
Fandara
Fannouhoué
Farangnédou
Faranguédou
Farou
Fassoboufa
Fatôo
Fayaga
Fayèlro
Fayouré
Féhindoukou
Féhoun
Fène
Fénétongon
Féniagoubouté
Férékire
Ferme de Pséan
Fétan
Fétégou
Fétékou
Fiarou
Fidougou
Filou
Finfégou
Firi
Firihoum
Firohoun
Firou
Firu
Fitiparakou
Fititamon
Fô-Bouré
Fô-Fébirou
Fô
Fô
Fohoma
Foki
Fokouatéfé
Fokounfa
Fokparèï
Fonboko
Foncomé
Fonkpodji
Fontabi
Foopsoulrha
Fooptèlrha
Fo-Pébiou
Forané Kparou
Forparanga
Forparé
Fotidé
Fotiré
Fouay
Foumbarou
Foumbérha
Founga
Foungbeusse
Foungou
Foungpelrha
Founogo
Founougo
Fourayaka
Fouré
Fowa
Ga Alim
Gabaka
Ga Barouka
Gabasson
Gabé-Tounga
Gabo-Guindé
Gabori
Ga
Gâ
Gagavi
Gagbébou
Gagoulou
Gahô
Gaho
Ga Kakara
Gakassénou
Gakoué
Ga Koura
Gakpé
Gala
Galata
Galini
Gama
Gamagui
Gamali
Gamaré
Gamarou
Gamboré
Gamboudarou
Gamboué
Gambure
Gamia
Ga Mouka
Ganboré
Gandara
Gandérou
Gandjazoumé
Gando Baka
Gando Baka
Gando
Gando
Gando Ganga
Gando Gourou
Gandokoussoukou
Gandokpé
Gando Matchoré
Gando Pénérou
Gando Tiaka
Gandou Donsara
Ganégoussarou
Gangamou
Gangassi
Gangoulo
Gangouro
Ganikpérou
Ganinkoulou
Ganiperou
Gankpé
Gankponzali
Ganmbané
Ganmbodanrou
Gano
Ganouéréré
Ganou
Ganrou
Ganson
Gantodo
Ganvié
Gaoudyira
Gaougado
Garakounzi
Garakoursi
Garbèye-Koara
Garou
Garoutégui
Gassagadi
Gatakpal
Gatro
Gawara
Gawinzi
Gawonka
Ga Yakabou
Ga Yakasso
Gazagadi
Gaza Godami
Gaza Godome
Gaza Godomey
Gbadoa
Gbaguinrou
Gbakpodji
Gbanavé
Gbangbandjalefintam
Gbangbanga
Gbangbanrou
Gbangbar-Péroun
Gbanhi
Gbanté
Gbaouété
Gbari
Gbassa
Gbassa
Gbassara
Gbassé
Gbasso
Gbasson
Gbati
Gbebodji
Gbédakparou
Gbédé
Gbèdjehoun
Gbégon
Gbégourou
Gbéhonou
Gbehoué
Gbéké
Gbékendji
Gbékou
Gbékou-Mansou
Gbékou-Nansou
Gbeme
Gbémi
Gbèrankou
Gberniki
Gbéroubouè
Gbéroukpané
Gbessaka
Gbessara
Gbessaroupérou
Gbessassi
Gbessé
Gbésséra
Gbessi
Gbessou
Gbessou
Gbétébou
Gbetito
Gbézé
Gbezin
Gbézoumé
Gbinérou
Gbiniasso
Gbirikorou
Gbitébou
Gbitorou
Gblogblo
Gboli
Gboudia
Gbouiba
Gboumgboum
Gbozon
Geregbe
Gerigbe
Ghola
Gigogon
Gindoga
Glaouété
Glasoué
Glazoué
Glébodji
Globoui
Glodjogon
Glogougon
Glotomé
Gnanouhoué
Gnansi
Gnassata
Gnito
Gnonfihoué
Gobada
Gobiéra
Gobigourou
Gobijokparou
Gobikonoukparo
Goborou
Godohou
Godomè
Godomey
Gogayémia
Gogbo
Gogborérou
Gogonou
Gogorofiyenga
Gogoro
Gogossi
Gogounou
Gogué-Kpara
Goguinparou
Gokana
Gokirou
Golo-Djigbé
Golo
Gololouhoué
Golo-Tokpa
Gomaré
Gomarou
Gombétikoara
Gomé
Gomé
Gommboko
Gomparou
Gomparu
Gona
Gondo Gassakou
Gon
Gongoninga
Goni
Gonmbékoga
Gonmparou
Gonndeïzar
Gonoganémia
Gonogouaro
Gonongouné
Gononou
Gonoukoui
Gonponbouya
Gooundé
Goounkpa
Gorapèroun
Goré
Gorgoba
Gori Bouniérou
Gori
Gori
Gorobané
Gorobani
Gorobani
Goro
Goroguindé
Goromossorou
Gorosso
Gorou-Amouka
Goroubéri
Gorouganiamia
Gorou-Kanbou
Gosso
Gotélé
Gotingon
Gouadouménou
Goua
Gouandé
Gouarou
Goubararou
Gouboko
Goubougo
Goubou
Goué
Gouelgoulgoula
Gouforou
Gougono
Gougougon
Gougouno
Gougouta
Gouka
Goulalou
Goumarou
Goumbako
Goumbakou
Goumbékogou
Goumbiyako
Goumboussa
Goumboussar
Goumori
Goumourhou-Gpandolou
Goumourhou-Sinngreu
Gounakparou
Gounandi
Gounarou
Gounérou
Goungoun
Gouniako
Gouniénou
Gounin Ga
Gounin
Gounobiné
Gounourou
Gounparé
Gountia
Gourandi
Gouroubéri
Gourou
Gouroumarou
Gourou Wongouré
Goussin Saré
Goussonbouya
Goussougon
Goussounokparou
Gouta
Goutéré
Goutéré
Goutiéré
Goutodo
Goutoungadoni
Govié
Goya
Gozina
Grand-Popo
Great Popo
Grobani
Gue
Guéguézogon
Guéma
Guéma
Guénébé
Guéné
Guénélaga
Guérérou
Guéro
Guérou
Guéssébani
Guésséné
Guéssou
Guéssou
Guessou-Nord
Guessou-Sud
Guesu
Guézébani
Guézin
Guida
Guidankouarou
Guidanparo
Guienta
Guiguiso
Guiguizo
Guilmaro
Guinagourou
Guinaguru
Guinbérérou
Guinéloga
Guini
Guinkou
Guinrérou
Guinrou
Guiny
Guirali
Guiri
Guivan Bara
Gunaru
Gungun
Gursouhoué
Gwande
Hacrozon
Hadafon
Hagbladou
Hahonhoué
Haindé
Halafia
Halafia
Halatia
Hamadou
Hanagbo
Handé
Hangoumé
Haoula
Hebenogon
Hédéhoué
Hédéta
Hedjanahova
Hedjanamonou
Henhimé
Henvi
Hétin
Hétin-Sota
Hévé
Hévié
Hilacondji
Hila-Condji
Hila-Kondji
Hilia Kondji
Hinvi
Hizan Kogédé
Hodja
Hoégamé
Hogbahie
Hogbayé
Hoko
Hollibolo
Holli
Homé
Hondjin
Hondo
Hongon
Hon
Honhoun
Hontonou
Honvi
Hosahoué
Houédanhougon
Houedja
Houédomé
Houégamè
Houelli-Gaba
Houetan
Houéyogbé
Houeyogbé Pédah
Hougbamé
Houin
Houin
Houla
Houmbamé
Hounbézamé
Houndjokoué
Houndo
Houngo
Hounkamé
Hounoumè
Houo
Houtchatagon
Houtézoumè
Houton
Houvi
Hovenou
Hozin
Hozuin
Iaiadji
Ibokoto
Iboumakoro
Ibrassimga
Ichogandou
Idahim
Idahin
Idanyin
Idigny
Idi
Idokofo
Idonanda
Idouya
Ifanhim
Ifanhin
Igana
Igbéré
Igbomakoro
Igbré
Igini
Igolo
Igonza
Igouvino
Ikékonkou
Ikpélènion
Ilé
Illaco
Illara
Illémon
Illikimon
Iloni
Imafoté
Inadiponi
Inafonnté
Ina
Inkolonié
Ipobe
Irocogni
Irocogny
Isignan
Issaba
Issaka-Tounga
Issalé
Issélou
Issené
Itaco
Itchaba
Iton
Itorotiwé
Itouadé
Itoufa
Iyo
Jabeta
Jiga
Jimmba
Jougoi
Jugu
Kabagourou
Kabaloun
Kabaré
Kabarou
Kabatjaré
Kabayédou
Kabékakoungo
Kabidja
Kabitiéni
Kabiya
Kabogourou
Kabo
Kaborokpo
Kaboua
Kabro
Kadabida
Kadiané
Kadjimani
Kadolassi
Kadouaga
Kafingbé
Kagafa
Kaïhoué
Kaïi
Kaï
Kakandoni
Kakatané
Kakaténé
Kakatéou
Kakeudoni
Kako
Kakorogou
Kakouanga
Kakou
Kakpala
Kakpalrha
Kalabon
Kalalé
Kalavi
Kalé
Kalelé
Kalépoihon
Kali Gando
Kali
Kambatiouri
Kamiworou
Kammboura
Kamorho-Galorha
Kamorho-Sinngreu
Kamradour
Kana
Kanaoun
Kanau
Kanaun
Kanbaka
Kanbani
Kanbon
Kanbourfa
Kandéro
Kandérou
Kandia Koubong
Kandifo
Kandi
Kandjo
Kandou
Kané
Kangourou
Kaniama
Kanièfèlè
Kani
Kaninaranzéka
Kankalo
Kankari
Kankiakou
Kankini
Kankohoum-Dassari
Kankoué
Kankoueye
Kankouey
Kankoulrha-Beussènnrha
Kankoulrha
Kankoulrha-Neumrhou
Kankoulrha-Sinngreu
Kankoulzourha
Kankueye
Kanmboura
Kanoun
Kanpouya
Kanson
Kantanga
Kantapara
Kantoro
Kaouté
Karagounkourou
Karagoussou
Karahi
Karakoudassi
Karanba
Karatialrho
Kargui
Karibabara
Karikabana
Karikabara
Karikabaré
Kari
Karimama
Kariman
Karla
Karlroum-Dorha
Karlroum-Malérhou
Karobouarou
Karo
Karokoubou
Kassadé
Kassa
Kassako
Kassakpéré
Kassakpéré
Kassalia
Kassandari
Kassapoula
Kassarou
Katabam
Kataban
Katagon
Katakpalao
Katari
Katia
Katinga
Katiohoun
Katoulanga
Kau
Kawado
Kawakérou
Kawala
Kaya
Kayodé
Kayo
Kbati
Kboba
Kébérou
Kédékou
Kédiahon
Kèkèlèba
Kékélé
Kèkèlrha
Kékogourourou
Kékopo
Kélétomé
Kéméni
Kémétou Alidjo
Kémétou Pénézoulou
Kémo
Kémon
Kénékou
Kéni
Kénou
Kénoukpanou
Kéon
Kérarou
Kérébouya
Kérémou
Kérou Hirou
Kérou
Kérou
Kérou Wirou
Kessanzi
Kétékpa
Kétikpli
Kétonou
Kétou
Kétou
Ketu
Keyassié
Kialékounga
Kianatatingou
Kiandjo
Kiatiko
Kibi
Kidanoukpérou
Kidaroupérou
Kidaruperu
Kifirikpara
Kiga
Kigissoa
Kika
Kika
Kika
Kikanga
Kikèlè
Kikon
Kilaborou
Kilibo
Kilibo
Kilir
Kimkim
Kindassalé
Kindi
Kinkinhoué
Kinkpandan
Kinson
Kinta
Kinta
Kinto
Kiotoga
Kiouré
Kiparé
Kirané
Kiranga
Kirao
Kirigouzirounbérou
Kirindékoara
Kirinndou-Koara
Kiro
Kironbouya
Kisekan
Kissa
Kitikagando
Kiure
Klébogan
Klikoué
Koakoaliki
Koamogou
Koara-Tégui
Kobedio
Kobi
Kobli
Koda
Kodé
Kodiéri
Kodjahoué
Kodji
Kodji
Kodondière
Kodowari
Koféogboni
Koffaye
Kofouno
Kogbitokoé
Kogédé
Kohblé
Kohobéi
Kohobè
Kohoto
Kohou
Koi
Koiratégui
Kokabo
Koké
Kokéro
Kokiborou
Koki
Kokilbérou
Kokita
Kokoba
Kokobéga
Kokobé
Kokobré
Kokogou
Kokoirlé
Koko
Koko
Kokokolo
Kokolé
Kokongou
Kokontouga
Kokoourhou
Kokorobatchori
Kokoro
Kokoro
Kokorombatiouri
Kokotchi
Koko-Tombo
Kokotyi
Kokou
Kokourou
Kolimisi
Kolkondé
Kolobandé
Kolobi
Kologbé
Kolokondé
Kolomi
Kolondoko
Kolori
Kolrha
Komé
Komé
Komi
Komi-Koubabi
Komindè
Komindi
Komon
Komouhoué
Kompa
Kompanti
Kompatie
Kompatje
Komtè
Konanbougou
Kondéga-Déréporga
Kondelli
Konditéhon
Kondo
Konéhandri
Koné
Konéné
Koné-Niégosson
Konfokpa
Konfouda
Kongou
Kongou
Kongourou
Konia
Koniérégou
Koni
Koninga
Konkiéri
Konkobiri
Konkohoum
Konkoma
Konkon
Konkoto
Konkoubabou
Konouhoué
Konou
Konounworo
Konoye
Konpani
Konti
Kontoubarou
Kooumdè
Koourho
Kopargo
Kora
Korédorou
Korhou
Korikigourou
Kori
Korimama
Koriné-Worou
Korintissou
Korobani
Korogouzou
Korohui
Koroko
Koro
Korol
Korolongouzir
Korolongzi
Korongkoré
Korontière
Korou
Kososa
Kossa-Kamé
Kossar Aroum
Kossé
Kossia
Kossidarou
Kosso-Kamé
Kossokam
Kossokouangou
Kossokouangou
Kossou
Kossou
Kossou-Winra
Kossu
Kotadi
Kotaki
Kotan
Kotari
Kotiagou
Kotiari
Kotiohoum
Kotodiera
Kotokou
Kotonou
Kotonu
Kotoponga
Kotopounga
Kotoroukointéga
Kotowé
Kouaba
Kouabi
Kouabili
Kouaha
Koua
Koualégou
Kouamagouina
Kouandata
Kouandé
Kouanédata
Kouanéyoko
Kouangou
Kouan-Koukouangou
Kouantongou
Kouaratégui
Kouarfa
Kouba
Koubémorhou
Koubénébéné
Koubéri
Koubikondotéfanga
Koubirikou
Koubli
Kouboro
Koubou
Koubourédarou
Koubouré
Koudan-Mangou
Koudenndongou
Koudenngou
Kouékani
Kouendé
Kouffo
Kouforou Pissiga
Kougabou
Kouga
Kougbadji
Kougnangou
Kougourou
Kouinati
Kouintchourougou
Kouissigou
Koukadè
Koukapou
Koukérou
Koukogou
Koukokolo
Koukomou
Koukouagou
Koukouangou
Koukouan
Koukouantégou
Koukouantongou
Koukoubouébakou
Koukouékamé
Koukouloubènndi
Koukouogou
Koulabago
Koulikamè
Kouliné Worou
Koulkadouri
Koulotcho
Kouloumizi
Koumadérou
Koumago
Koumagou
Koumankenntiégou
Koumankourou
Koumantigou
Koumasso
Koumbéréka
Koumdé
Koumérou
Koumouna
Koumpehoum
Koumpené
Kounadogou
Kounadou
Kounakouro
Kounaniengou
Koundakpoé
Koundé
Koundjio
Kounégou
Koungarou
Koungmolra
Kouniangou
Kouniguenngou
Kounokogou
Kounounko
Kountchougou
Kountiago
Kountonri
Kountori
Kountouri
Kounyentoou
Kouolohon
Koupagou Korontière
Koupagou
Kouparou
Koupepergou
Koupointiégou
Koupokondo
Kouporgou
Kouram Kparou
Kourekparou
Kouri
Kouri
Kourinéga
Kourmali
Kourmalin
Kouroukougounga
Kourou
Kouroupèri
Kourourou
Kourouzourou
Kourvaou-Tiakeulrhou
Koussanzamou
Kousséga
Koussikana
Koussokouagou
Koussokouangou
Kousso
Koussonyigou
Koussougourou
Koussoukoingou
Koussoukoin-Kougou
Koussounté
Koutago
Koutagou
Koutakroukrou
Koutala
Koutamangou
Koutamongou
Koutanangou
Koutangou
Koutantagou
Koutatiégou
Koutayagou
Koutayakou
Koutchene Tchkoungou
Koutchounchoungou
Kouté
Koutiandi
Koutianti
Koutidiao
Koutiéga
Koutiékongou
Kouti
Kouti Ouéfi
Koutokabégou
Koutoubéri
Koutoudyir
Koutounga
Kouyadaké
Kouzoumé
Kouzounkpa
Kovedji
Kové
Koyadi
Koyanga
Koyohoué
Kozokamé
Kpabérhou
Kpako
Kpakoouranga
Kpakoumaré
Kpakpané
Kpakpayé
Kpalakérin
Kpalholé
Kpalifoourh
Kpali
Kpamalangou
Kpané-Bouyérou
Kpané
Kpannou
Kpano
Kpao
Kpaorha
Kpaoya
Kpapakri
Kpapassa
Kpari
Kparsi
Kpartago
Kpartao
Kpassabia
Kpatakpodji
Kpatébou
Kpati
Kpatoourh
Kpatoro
Kpéba
Kpèdèkpèdè
Kpélendiou
Kpelidè
Kpèloudè
Kpelrhou-Kparhoutè
Kpendi
Kpénou
Kpéré
Kpéré
Kpérérou
Kpéro
Kpéro Pogoro
Kpéroualou
Kpérou Guéra
Kpéssagou
Kpéssanrou
Kpessennta
Kpéssidara
Kpessi
Kpessilaka
Kpéssou
Kpessourou
Kpétékpa
Kpévi
Kpiiré
Kpingo
Kpingou
Kpla
Kpoba
Kpodaha
Kpodji
Kpomé
Kpomou
Kponta
Kpota
Kpotokpoto
Kpouindi
Kpovidji
Krikoubé
Krotokou
Ktipribouma
Kua
Kude
Kuti-Ilefi
Kuti Uefi
Kwade
Kwa
Kwande
Kwazi
Labloutangon
Ladjou
Lafendi
Lagbé
Lagbéré
Lagborché
Laïnta
Lalo
Lambounti
Lambouti
Lambuti
Lamséssé
Langbon
Lanhouetomé
Laniangou
Lanta-Egbelakou
Lantagon
Lanta-Kechikoé
Lanta-Kenokoé
Lanta-Komabou
Lanta
Lantédié
Laouga
Lapopolron
Lazare
Lazaret
Legbaholli
Legbasigon
Lékpa
Lèkpé
Lemba
Léro
Lété
Lévourhoé
Libantégando
Libantè
Liboussou
Likéré
Limèda
Linsa
Linsoupa
Liro
Lissazoumé
Lissegazoun
Lissè-Sokodomè
Loaka
Lobogo
Locogahoué
Locogohoué
Locoha
Locohoui
Locossa
Lodji
Logbo
Loko-Atoui
Lokokanmé
Lokonkouané
Lokossa-Glo
Lokossa
Lokossa-Tchikomé
Lokoui Bedjamé
Lo
Lolo
Loloungborho
Long-Agomey
Lonkli
Lonkly
Lonko
Loouga
Losi
Louanzi
Louba
Loubeta
Lougando
Lougba
Lougbao
Lougou Ga
Lougou
Lougounzi
Loukou
Loukpé
Loukpodji
Lou
Loumbou-Loumbou
Louo
Loussi
Loya
Lozi
Luba
Lugu
Lu
Madécali
Madekale
Madékali
Madekan
Madiana
Madiatom
Madjavi
Madjédé
Madoga
Madoukoka
Madukoka
Maga
Maga
Mahébagou
Mahontinga
Mahoun
Maka
Makpalado
Makpa
Makrou
Malanville
Maléborou
Mallanville
Malo
Malomi
Malou
Malounkoulou
Mamango
Mamassi
Mamassi-Peul
Mamazoura
Mammi
Mamoumou
Manafaga
Managbasso
Manfouka
Manigri
Mani
Manogayé
Manougou
Manoumou
Mansaré
Mansar
Manta
Maougbérhoé
Mapoboulou
Maragou
Marébo
Marégourou
Marekpo
Maréwordou
Marhou
Mari Gando
Mariguinta
Mariguira
Mari
Marloum Maléro
Maro
Masi
Massangari
Massaokparao
Massé
Massé
Massi
Matchoré
Mateo
Matéri
Matèté
Matioré
Matioukparou
Mayamon
Mayzégoukoara
Mbayako
Mborko
Méavékou
Médétogbo
Méhimarou
Mékrou-Gourou
Mendenkan
Méréga
Méridjonou
Meridjonu
Metamdjan
Métangnan
Méteton
Métlo
Métonougon
Meundosse
Meundostiouri
Miami
Miassi
Midotokpa
Mignonhito
Minanga
Mindielrha
Mindossi
Mindou
Miniki
Misségbo
Missérété
Missessin
Missessinto
Mitagbo
Mitro
Mochirha
Modia-Bangou
Modo-Tokpa
Mofir
Moka
Mokassa
Mokolé
Mokpa
Molla
Moloukou
Momongou
Mondji
Mondouro
Moné
Monkassa
Monko
Monmongou
Monon
Monorhou
Monoum
Monrou
Monsalé
Monsey
Morou
Mossei
Mossey
Mossitingou
Motéo
Mouarka
Mouéra
Mougnon
Moukontamou
Moumi
Moumoutioké
Moundéssi
Moundoukoga
Moundouro
Moundouro
Mounet
Mouniarou
Mounounbourfa
Mounountanzemou
Mourou
Mousoulou
Moussitingou
Moussonogi
Moussoukoto
Moussoumboundé
Moussouri
Movio
Mowari
Muru
Naataya
Nafa
Nafarou
Nafayodi
Naffa
Nafiarou
Nafora
Naganzi
Nagasséga
Naguességa
Naharou
Nahonta
Nakérou
Nalou
Namalkomrha
Namboulé
Nambouli
Nambouti
Namé
Namori
Namoutiaga
Namoutiéné
Nanagade
Nanagré
Nanarle
Nandaloutou
Nanébou
Nangatchori
Nangatiouri
Nanghohové
Nangobigando
Nanorlé
Nanporéyadé
Nansougou
Nansougou Simpassou
Nansougou-Sinapakoussou
Nansugu
Nantagata
Nantéri
Nantiango
Nantori
Naogon
Narfoungué
Narlirha
Narokou
Naro
Naroubé
Nassikonsi
Nassikoussi
Nassi
Nasso
Nassougou
Nassoukou
Nassou
Nassou-Toko
Nassugu
Natitingou
Natitingu
Nazeme
Nazoumé
Ndahonta
N'dali
Ndali
Ndiakada
Ndokpo
Négansi
Néganzi
Negléde
Nékinparo
Nékuéma
Nénébou
Neubrandé
Neumbakoulra
Ngbindo
Ngboungbou
Ngioro
Ngmèllang
Niabanmga
Niabirim Gando
Niafourhoum
Niakohoum
Niakpakabia
Niakparé
Niala
Nialodè
Niamadérou
Niamakouèkparé
Niambara
Niammbara
Niamolrhou
Niamsonga
Niana
Nianboulankoro
Niandarou
Niandaté
Niandianga
Niandi
Niandoko
Niangbakabiya
Niangou
Niangre
Nia Nianou
Niaouli
Niaou
Niarabana
Niaresséna
Niaro
Niaro
Niarosson
Niarougando
Niassalé
Niassi
Niassonga
Niassy
Niavo
Nicouécodji
Niégasson
Niégouno
Niégoussourou
Niéhon
Niékénébansou
Niékéné
Niékoubanta
Niekrebansou
Niéliboundé
Niémasson
Niénessani
Nienguéni
Nienkoussanmbou
Niirigou
Nika
Nikikpérou
Nikki
Nikki-Ouénou
Nikki-Wénou
Nikki-Wepu
Nikoué Condji
Nimmbéré
Ningoussou
Ninianégourou
Ninmbéré
Ninpouni
Niokalakale
Niokola
Nioné
Niongambi
Nionkalakafé
Nionkalakalé
Nioro
Nioroson
Niorou
Niotarouparou
Nitrouma
Nizouhabou
Nobrandé
Nohouéréré
Noïamo
Nomo-Kpara
Nonarlé
Nossinkparo
Nouadi
Nouangou
Nouanouarga
Noudovagon
Nouoka
Ntounkoué
Nyassy
Nyianandé
Obega
Obérougando
Obrabo
Odoakaba
Odoginba
Odokoriko
Odola
Odo Méta
Ofia
Ogougouworo
Oguéni
Ohibonga
Oinfa
Okeita
Okélakba
Oké-Odo
Okieta
Oki
Okio
Oko
Okoo
Okotorou
Okotoubou
Okounfo
Okouta-Boussa
Okoutaoko
Okpassa
Okpédié
Okpomèta
Oky
Olo
Olougbé
Omouali
Ondji
Onhoué
Onhoun
Onklou
Onkouéwata
Oroborokparou
Orokékékparou
Otala
Otiti
Otola
Ottohoé
Ouabou
Ouadjito
Ouagbo-Aliho
Ouagbo
Ouagui
Ouahoué
Ouaké
Ouakpé
Ouakpé
Ouali
Ouamako
Ouancon
Ouando
Ouanko
Ouansougon
Ouao
Ouaouata
Ouarandji
Ouarenzi
Ouaria
Ouari-Maro
Ouari
Ouarla
Ouassa-Béket
Ouassa
Ouassa
Ouassa-Pehunco
Oubangou
Oubérékou
Oubéro
Oubo
Oubou
Oudarou
Oudodoga
Oudouo
Oudou
Ouécé
Ouédémè
Ouédihoukoli
Ouedja
Ouédjlo
Ouedjologon
Ouédo-Aguéko
Ouédo-Gbadji
Ouédo
Ouègamè
Ouéga
Ouékè-Gbo
Ouékéré
Ouékè-Zoumè
Ouéli
Ouémé
Ouenounignon
Ouénou
Ouéougon
Ouéréké
Ouéré
Ouessa
Ouessémé
Ouésséné
Ouéssé
Ouéto
Oueto
Ouézoumé
Ougoubiga
Ouhonloupérou
Ouhouniago
Ouidah
Ouidah-Plage
Ouignan
Ouikladji
Ouinga
Ouinhri
Oui
Oukétérou
Ouko
Ouko
Oukouroukoukou
Oukpa
Oulaougou
Oularou
Ouliori
Oulouoni
Oumako
Oumbamé
Oumbezoumé
Oumgbègamè
Oumpon
Oumpou
Ounbèkuido
Oundo
Ouné
Ounet
Oungbehan
Oungblazo
Oungo
Ounhoué
Ounkanmé
Ounkémé Monoto
Ounkémé
Ounkointouhou
Ounto
Ouogui
Ouokon
Ouonko
Ouoria
Ouorora
Ouramonon
Ourara
Ourarou
Ourokoiro
Ourouba-Kouarou
Ouroubérounga
Ouroubérou
Ouroubouga
Ouroubou
Ouroufina
Ourougoura
Ourougouré
Ouroukouarbou
Ouroukouarébo
Ouroumaksarou
Ouroumanga
Ouroumossi
Ouroumou
Ouroungourou
Ouroutountaya
Outianhou
Outounteya
Outouoli
Outouoto
Ouvénoumédi
Ouyatpounga
Pabaté
Pabégo
Pabégou
Pabegu
Pachagon
Padé
Padové
Pagblé
Pahou
Pahu
Pako
Pakouka
Pakpané
Palara
Palarhou
Palohoué
Pambalao
Pananjora
Pandolou
Pandourou
Panelra
Pang-Pang
Panienandou
Pannaga
Paouga
Paougnan
Paouignan
Paoulakpa
Papakan
Papané
Parahoué
Parahue
Parakou
Paraku
Paréka
Pargouté
Pari
Paro
Parou
Partago
Partogo
Passagon
Passago
Passaou
Passar
Passo
Patahoué
Patandji
Patérou Gando
Patohoué
Pawignan
Payaké
Pazéka
Pchumko
Pébirou
Péda-Houéyogbé
Pédarou Gando
Pédarou
Pédé
Pédiji
Pégérékoga
Pégon
Pehonco
Péhonko
Péhon
Péhou
Péhumko
Péhunco
Péhunko
Pékéré
Pékinga
Pekpérékou
Pélékégon
Pélékongo
Pélélan
Pélé
Pélima
Pélinmpo
Pémessoulou
Pémovou
Pendissari
Pènèlan
Penesolu
Pénésoulou
Pénéssoulou
Penesulu
Pennsagou
Pennsibou
Pensougou
Péonga
Péounko
Pépékino
Pépélou
Pépépétérou
Peperkou
Pérégourou
Pèrèrè
Pérérou
Perma
Péroubouko
Pessar
Pessi
Péssoulou
Pessourou
Pétagba
Pétéki
Pétinou
Piami
Pigourou
Pigré
Pikire
Pingou
Pinhora
Pinkérinko
Pinzi
Piougou
Pipingou
Pira
Poba
Pobé
Pobinson
Podavé
Podji
Podji
Podo
Pogi
Pogou
Poguirou
Pokanmé
Pokina
Pokoussourou
Poludji
Pom-Pongou
Poncamé
Pondissari
Ponndon
Pont-Ana
Ponto Arhan
Porga
Porhou
Porto-Novo
Possèyèye
Pota
Potibakoutéga
Poto
Pototoumara
Pouébé
Pouéla
Poulagoyékire
Poungafaga
Poupouré
Pourari
Pouri
Pourniari
Povidji
Prékété
Pshumko
Quereke
Quinto
Rabanou
Rafaïtchikpa
Rhomté
Rini Lafia
Saapoupouta
Saare
Saa
Sâassibadou
Saâssissi
Sabalagban
Sabalouagba
Sabia-Aralé-Kpavo
Sabikawarou
Sabikono
Sabinésson
Sabiniékonkouarou
Sabi Sammbo
Sabissé Konpararou
Sabiyèrimafowa
Sabo
Sadatchi
Sadia-Kpara
Sagabia
Sagon
Sahé-Abigo
Sahé-Loukpé
Sahé
Saho
Sahouamé
Sahouane-Gléta
Sahoudo
Sahoué Dakpla
Sahoué Douto
Sahoué Doutou
Sahoué Houéyogbé
Sahoué Zougbonou
Sakabansi
Sakalanga
Sakana
Sakangaiparou
Sakannou
Sakaoua
Sakaro
Sakarou
Sakasson
Sakawa-Kouaratégui
Sakawa
Sakérérou
Sakété
Sakété
Sakoéhoum
Sakonou
Sako
Sako
Sakouani
Sakouan
Sakouna-Neugbawaperoun
Sakouna
Sakouoha II
Sakouoha I
Sakoursi
Sakpanou
Sakpéta
Sakpoa-Tani
Sakrigourou
Sakwan
Salakpalou
Salamanga
Salananga
Salmanga
Salonzi
Salou
Samadjagon
Samahou
Sambalrhou
Samérinéga
Samérou
Sami
Sammboga
Samokonarou
Samokonérou
Samoné
Samou
Sam
Sanagou
Sanahollou
Sanbéhou
Sanboga
Sanbuioum
Sandala
Sanda
Sandéou
Sandilo
Sanégado
Sanemou
Sanemu
Sangbaga
Sangbanga
Sangkoro
Sangou
Sangvarseu
Sanifoourh
Sanimé
Saninba
Saniouri
Sankoudé
Sankourou
Sanpéhou
Sanpéto
Sanro
Sanrou
San
Sansikagou
Sansi
Sanson
Sansora
Sansoro
Sanssandowéro
Santiahon
Santou
Santu
Sanworo
Sanyèrangou
Saodou
Saonzi
Saoré
Saoré-Son
Saoubézé
Saoutiouri
Saovsar
Sapaga
Sapandé
Sapantandi
Sarakpara
Sarakparou
Saramanga
Saramankoulou
Sarawalou
Sargayoré
Sargayouré
Sarhira
Saro
Saro
Sarro
Sa
Saségoui-Basago
Satoha
Savalou
Savalu
Savé
Savi
Sawere
Sawo
Sawoundi
Sayacrou
Sayakrou
Sayounga
Sayounkparo
Sazakounga
Sazué
Sébana
Sébé
Sébiro
Sébou
Sece
Secougourou Gando
Sécougourou
Sédjè
Sèdjé
Ségbana
Segbékérou
Sègbohouè
Segboroué
Segborue
Sègbo
Segbourne
Segbowe
Ségogourou
Ségoun
Ségourounga
Ségourou
Ségou
Ségou
Ségoutou
Ségré
Sèhon
Sèhoumi
Sein
Sékai
Sékalé
Sékanon
Sékaré
Sékéré
Séké
Sékkou
Sékoboumparo
Sékobounkpérou
Sèkolrho
Sékomkparo
Séko
Sekossononkparou
Sékougourou Gando
Sékougourou
Sékoukparou
Sékoupouarou
Sékou
Sélikiti
Sélonkparou
Sémalabokou
Semalrhou
Sémankalé
Sémé-Akiza
Séméhoun-Nanbouli
Sèmèrè
Sèmè
Semi
Semmbouassaré
Sénagvéou
Sénakouasso
Sénarou
Sendé
Sénouorou
Sénou
Senu
Séougégon
Sépounga
Seralra
Sérarou
Seraru
Séra
Sérébani
Sérébou
Serediounga
Sérékali
Sérékibé
Séré
Sérètiouri
Séré-Wandirou
Serhalrha
Sérholrhou
Séri
Serivèri
Serki-Fari
Sêroua
Sérouhé
Sérou
Serser
Sé
Sésséra
Sessérha
Séssé
Séterra
Setimsi
Setmsi-Kpemrhou
Setto
Seyadinkourou
Shini
Shin
Sibado
Siboongou
Sidé
Sidikoulou
Siénou
Siètarha
Siki
Sikki
Sikouro
Sikuro
Silra-Galorha
Simbékérou
Simia
Simlita
Sinabandou
Sinabanou
Sinaghéré
Sinagourougando
Sinagourou
Sinagourou
Sinaguru
Sinakpérou
Sinanagourou
Sinandé
Sinaou
Sinaou
Sinassénou
Sinassinrou
Sinawanonkoulou
Sinawarou
Sinawongourou
Sindori Tonéa
Sinékoga
Sinékparou
Sinendé
Singkiéni
Sinhoué-Hounto
Sinhoué-Logo
Sinhoué-Pota
Sinhoué
Sinhoué-Zoumé
Sinindé
Sinlito
Sinmpérékoga
Sinmpérékou
Sinmpérérou
Sinmpérou
Sinngreu
Sinoou
Sinou
Sinwa
Sinwogo
Siona
Siourou
Sirapara
Sirarou
Siréboiné
Sirikou
Siri
Sissikourou
Sissinou
Soammborékou
Soaodou
Soa
Sô-Ava
Sô Avo
So-Awa
Soa Wodou
Sobabinkbérou
Soborogou
Sobosigon
Sobou
Sô Chanhui
Socotindji
Sodémi
Sodjagotoe
Soédji
Soglocodji
Sogolocodji
Sogorou
Sogo
Sohon
Sohoué-Dovoté
Sohoué
Sohouhousahoué
Sohové
Soissaré
Soissarou
Soka
Soklogbo
Sokobo
Sokotendji
Sokotindji
Sokotinji
Sokoubou
Sokouéou
Sokouhoué
Sokoumbérou
Sokouméno
Sokoum
Sokouno
Sokplagon
Sokponta
Sommborou
Sonagouda
Sonaholou
Sona
Sonboa
Sondo-Tioka
Sondou
Sondo-Yendé
Songorogourou
Songo
Songoura
Sonhoré
Sonkoura
Sonkparé
Sonmbararou
Sonmbérékerekou
Sono
Sonoumon
Sonoumo
Sonoumo
Sonou
Sonpararou
Sonparérou
Sonri
Sonsonré
Sonsoro
Sontou
Sontu
Sonviroukpéré
Sonworé
Soouwèniango
Sopa
Sopa-Tangagon
Soria Gando
Soria
Sorigando
Sori
Sor
Sosabogto
So Shanhui
So
Sossagbeto
Sosso
So-Tchahoué
Sô Tchanhoué
Sotone
Sotta
Souanoum
Souanou
Souarou
Soubignoubé
Soubo
Soubroukou
Soudé
Soudoukouissaré
Soué
Sougoulo
Soukarou
Soukouhon
Soumarou Gando
Soumarou
Soumbégolo
Soumborhou
Soumou
Sounarou
Soun Soun
Sountou
Souré
Souro
Souroubora
Souroukou
Souroukouworou
Sourou
Sourou
Sousougon
Soussankparo
Soutégourou
Sovi
Sovlégni
Sô Zouco
So-Zouko
So-Zounko
So Zuco
Suinrou
Suinrou
Suiya
Suroko
Tabanga-Tiéta
Tabayorourou
Tabérou
Taboundè
Tadizougou
Tadogoyanta
Tadouata
Tadouennta
Tafenda
Tagayéyé
Tagnapéta
Tagoporga
Taguissaré
Tahoun
Taïacou
Taïakou
Taieta
Takalafia
Takété
Takiékounta
Takissari
Takon
Takonta
Takotiéta
Takouanta
Takouenta
Takounta
Takourté
Takou
Takouta
Takpararou
Talamgou
Tala
Talé
Tamaga
Tamandé
Tamankourou
Tamarégou
Tamarou
Tamaru
Tamasséka
Tambogoré
Tamiengou
Tamissari
Tammboukirou
Tamoté
Tamoussia
Tampèroun
Tamsar
Tanaka-Beri
Tanakpé
Tandafa
Tandara
Tandji
Tandji
Tandou
Tandsara
Tandu
Tanéka-Béri
Tanéka-Koko
Tanéka-Koro
Taneka-Koru
Tanféré
Tanforgou
Tanfoungé
Tangaramé
Tangbamora
Tangbamrha
Tangbo
Tangfoungou
Tangoueita
Tangsara
Tangsar
Tangueita
Tanguiéta
Taniapéta
Tani
Tankaro Ga
Tankaro
Tanka
Tankoalé
Tankonga
Tankougou
Tanmbaragou
Tanmbogakoundi
Tanmbogolé
Tanmboyotoufa
Tanmpègré
Tannda
Tannogou
Tannou
Tanogou
Tanogu
Tanougou
Tanpasséga
Tansé
Tantaka
Tan
Tantané
Tantanga
Tanta
Tanta
Tantéga
Tan-Teil
Tantiari
Tanto
Tantougou
Tanvé
Taouampouta
Taoufoungou
Tapoga
Tapoundoukounta
Tapounta
Tapouta
Tarbakou
Tarétarébouini
Tarissari
Tarpounga
Tassahounpourouporga
Tassénégourou
Tassé
Tassigourou
Tassita
Tasso
Tassoukouati
Tatanta
Tata
Tatountiéta
Tatouta
Tawanmpouta
Tayakou
Tchakalakou
Tchakelno
Tchakpécondji
Tchaladè
Tchalinga
Tchallah
Tchamoye
Tchanga
Tchangoata
Tchanhoué
Tchankouégou
Tchanou
Tchaourou
Tchatchou
Tchélenga
Tchélinga
Tchèmbèré
Tchengadé
Tcherigbé
Tchetti-Léma
Tchetti
Tcheumi-Tchoumi
Tchian
Tchiapécodji
Tchiatomè
Tchi-Avététa
Tchihozé
Tchi-Kada
Tchiko
Tchiomégon
Tchi
Tchito
Tchokobo
Tchokohoué
Tchokoladjou
Tchoué
Tchouè
Tchoukoang
Tchoukou
Tchoumi-Tchoumi
Tébo
Tébou
Tébuarou
Tebu
Téébani
Téfandou
Tegbo
Téhoukom
Tékouka
Tekpara
Tekparou
Tele
Télé
Tembieléka
Téméré
Temé
Téna
Tencé
Tendou
Tendu
Tennpobré
Tenntakou
Ténoukanmé
Téougourou Gando
Téou
Téparamaro
Térékouka
Téri
Tétounga
Tiadjèri
Tiaéta
Tiafarga
Tiafoouri
Tiahounkossi
Tiakakoulrha
Tiakalatou
Tiakénarè
Tiakeulro
Tiakpartia
Tiandarh
Tiangahonta
Tianga
Tiangoubou
Tiankongou
Tiankouéhoum
Tiankpèkou
Tiannokburoutenngou
Tiantéfa
Tian
Tian Wassaka
Tiapéta
Tiari
Tiarkouandé
Tiassi
Tia
Tiatiakou
Tiatiala
Tiatibouré
Tiatingou
Tiawéndé
Tiazaga
Tibaki
Ticou
Tiékarou
Tièkoumoundeu
Tiélé
Tiembaranga
Tiemrhou
Tiensitingou
Tiessikourbou
Tieuélra
Tigapérou
Tigninou
Tihoun
Tikito
Tikouka
Tikou
Timmba
Timmbérékou
Timmboïrou
Timmboyerou
Timolero
Tinaro
Tindarou
Tindawanga
Tindé
Tindji Assanline
Tindji
Tindou
Tinékonparou
Tinétine
Tinetini
Tinétinou
Tinganson
Tingourou
Tinhoulé
Tinou
Tinra
Tintagrou
Tintémou
Tinturo
Tinyinoun
Tioka
Tiori
Tiouka
Tioutioulrho
Tipaoti
Tiranga
Tisofonti
Tissarou
Tisserou
Tissofonti
Titongon
Titonzi-Kaouta
Tiwabéra
Tobaga
Tobé
Tobougué
Tobounkparo
Tobré
Tobr
Tocro
Todjanouko
Todjimè
Todji
Toffo
Togba
Togbodo
Togbota
Togodo
Togoudo
Tohanou
Tohongou
Tohoueta
Tohoué
Tohuiné
Toili
Tokamé-Kpodji
Tokamé
Tokanmè
Toké-Banta
Toké
Toki
Tokoï-Goungou
Tokoli
Tokoro
Tokorou
Tokoukou
Tokounkparo
Tokou
Tokpa
Tokpa
Tokpa
Tokpli
Tokpohoué
Tokpota
Tokpo
Tokuidoho
Toli
Toloma
Tometi
Tomi
Tonboutou
Tondibanda
Tondibouka
Tondi-Kinté
Tondi-Kouaria
Tondikouria
Tondjonkouin
Tonhoué
Tonkoté
Tonri Gando
Tonri
Topa
Topoga
Topo
Tora
Tora
Torawé
Tori-Bossito
Tori-Cada
Tori-Kada
Tori
Toroung
Torozougou
Torricada
Tosa
Tosougon
Tosoumé
Tossaou
Tosso
Tota
Toubounyindi
Toucountouna
Touga
Tougo
Touiklin
Toui
Toukadouo
Toukamé
Toukanté
Toukarou
Touka
Toukomindi
Toukontané
Touko
Toukountouna
Toukpéta
Touloua
Toumapénou
Toumé-Sakatou
Toumé
Toumi
Touna
Tounbou
Toungué
Tounouhoué
Tounoukégo
Tounoungrifoourha
Tounré
Tountarougando
Tountarou
Touoté
Toura
Tourokorou
Touroumini
Tourou
Toussali
Touvou
Touza
Touzou
Tovédogho
Toviklin
Tovlamé
Toyo
Trapiengou
Tsiglihoué
Tsizennkouga
Tsomanéhoué
Tui
Tuivi
Tukuntuma
Tuwi
Tyilirha
Unet
Vacon
Vakon
Vanhoui
Vanté-Avamitié
Vantè
Vedji
Véla
Vénahoué
Vivimé
Vivi
Vodomé
Volli-Latadji
Vomé-Végamè
Vossa
Wabé
Wabi
Wabou
Wadiéron
Wadi
Wadome
Waga
Wagbo
Wagui
Wakèdè
Wakékouara
Wakété
Wakoukouka
Wakou
Wakparou
Waladé
Walrou
Wami
Wamolrha
Wamoréga
Wandou
Wangouhoun
Wanko
Wanou
Wanrarou
Wansirou
Wan
Waoudo
Warandji
Waranji
Wara
Warayélenga
Waria
Wari-Maro
Wari
Warkouké
Waroua
Wassamorou
Wassamo
Wassa-Tobré
Wassia
Wassugon
Watéti
Watiélènnga
Watiponga
Watovi
Wavalrha
Wawalrha
Wawi
Wazume
Wéabara
Wédémé
Wèkèdè
Wèlèkoursi
Wenagourou
Wéna
Wengnam
Wénou
Wenu
Wéragando
Wéra
Wéréké
Wéré
Weria
Wesseme
Wesse
Wessi
Wétchétché
Wétènga
Wétiétié
Wetin Kuti
Wévaga
Wé Wé
Whydah
Wida Sea Town
Wida
Winséné
Wobé
Wodou
Wogi
Wogui
Woligourou
Wondou
Wongoulou
Woniouroukou
Wono
Wopa
Woré
Woré
Worora
Wororo
Worou Mokour Woro
Worou Sanou
Worou
Wotéré
Wotourou
Yabiti
Yabossissinou
Yabo
Yadia
Yagarafouguérou
Yagbo
Yagouennda
Yahoungou
Yakakparo
Yakamaro
Yakassirou
Yakassou Ga
Yaka
Yaki-Bourarou
Yakoko
Yakokparo
Yakouenntchié
Yakou
Yakpabé
Yakrigourou
Yakriguru
Yalou
Yalrhou
Yalrou
Yammbourga
Yamoussakparou
Yanéri
Yanpouiga
Yaobérégou
Yaodarou
Yarakéou
Yarama
Yarhoubarh
Yarhoudorh
Yarhoufoourh
Yari-Katére
Yari-Katé
Yarikou
Yari
Yarka
Yarra
Yassenntini
Yassirisson
Yatanrha
Yawéni
Yawi
Yayaro
Yégounobou
Yéhouémé
Yéhouhoué
Yékahou
Yénahoua
Yenbako
Yénékassé
Yerakyao
Yéraou
Yeratiao
Yérémarou
Yéré
Yéré
Yerissakou
Yéri
Yéroumagaya
Yétapo
Yétéré
Yévié
Yé
Yéyédi
Yidi
Yimmpisséri
Yogoterri
Yohongou
Yoko
Yokpanou
Yonobéré
Yoroussonga
Yorou
Youdi Ga
Youé
Yougourokparou
Yoularou
Youndisséti
Youpiri
Youroussonga
Yovogan
Yowaperoun
Yoyoli
Zadan
Zado
Zagnanado
Zakamé
Zakanmé
Zaka
Zambara
Zamé
Zanbara
Zandji
Zanloa
Zanmbara
Zé
Zibo
Zignan
Zinkamè
Zinkpè
Zinvié
Zinvié-Zounmè
Zivie
Zivié-Zounmé
Zobasagon
Zobodomé
Zodoumé
Zogbodomé
Zomakizi
Zona
Zondji
Zongo
Zonklandji
Zoudjamé
Zoudji
Zougodo
Zougoudo
Zougou-Pantrossi
Zougou
Zouguémé
Zouingonmè
Zoumbodji
Zoumbodji
Zoumbomé
Zoumè
Zoumoumè
Zoundja
Zoungahou
Zoungame
Zoungbodji
Zoungoudo
Zoungué
Zounké
Zounkpa
Zounkpé
Zounta
Zounto
Zouto
Zugu
Zumboji
Zume Passagon
