Abang
Bandar Seri Begawan
Bandong
Bangar
Bang Pangan
Bang Tangur
Batu Apoi
Belait
Benutan
Biang
Binchaya
Bintauran
Brooketon
Brunei
Brunei Town
Bruni
Buang Tawar
Bukit Puan
Butir
Danau
Istana Darul Hana
Jerudong
Kampong Abang
Kampong Amo
Kampong Ampar
Kampong Ampat Setengah
Kampong Anching
Kampong Baharu
Kampong Bakaladong
Kampong Bandong
Kampong Bangana
Kampong Bang Pangan
Kampong Bang Tagor
Kampong Bang Togor
Kampong Bantun
Kampong Baru Baru
Kampong Batang Duri
Kampong Batong
Kampong Batu Empat
Kampong Batu Lapan
Kampong Batu Marang
Kampong Bawong
Kampong Bebatek
Kampong Bebatok
Kampong Belaban
Kampong Belayong
Kampong Belima
Kampong Benuta
Kampong Benutan
Kampong Berakas
Kampong Berangan
Kampong Berbunot
Kampong Berdang
Kampong Beribi
Kampong Biang
Kampong Bibit
Kampong Binchaya
Kampong Bintauran
Kampong Birau
Kampong Buangang
Kampong Buang Bulan
Kampong Buangsakar
Kampong Buang Tawar
Kampong Bukit Bang Tangur
Kampong Bukit
Kampong Bukit Kota
Kampong Bukit Panggal
Kampong Bukit Sulang
Kampong Bukit Tambai
Kampong Bukok
Kampong Bunot
Kampong Bupangang
Kampong Bupungan
Kampong Burong Pingai Berakas
Kampong Burong Pingai
Kampong Damuan
Kampong Danau
Kampong Delima
Kampong Empat Setengah
Kampong Gadong
Kampong Ikas
Kampong Imang
Kampong Jangsak
Kampong Jerudong
Kampong Jerundong
Kampong Junjongan
Kampong Kalamasi
Kampong Kandang
Kampong Kapok
Kampong Kasat
Kampong Katimahar
Kampong Katok
Kampong Kayu Kapur
Kampong Kebia
Kampong Kebun
Kampong Kelalang
Kampong Keluyoh
Kampong Kenua
Kampong Kerangan Nyatan
Kampong Keriam
Kampong Ketimahar
Kampong Kiajong
Kampong Kiarong
Kampong Kiudang
Kampong Kiulap
Kampong Kobong
Kampong Kopang
Kampong Kota Batu
Kampong Krulap
Kampong Kuala Abang
Kampong Kuala Balai
Kampong Kuala Tutong
Kampong Kuala Ungar
Kampong Kuidang
Kampong Kupang
Kampong Kwidong
Kampong Labi
Kampong Labut
Kampong Lagu
Kampong Lambak
Kampong Lamunin
Kampong Layong
Kampong Lepong
Kampong Lilas
Kampong Limau Manis
Kampong Limpas
Kampong Lopat
Kampong Luagan Dudok
Kampong Lubok Johar
Kampong Lubok Johor
Kampong Lubok
Kampong Lubok Pulau
Kampong Lubok Tanjong Maya
Kampong Lugu
Kampong Lumapas
Kampong Luminin
Kampong Lupak Luas
Kampong Madewa
Kampong Mangkam
Kampong Mata Mata
Kampong Medaras
Kampong Mengawang
Kampong Mentiri
Kampong Menua
Kampong Menunggol
Kampong Menunggul
Kampong Meranti
Kampong Mongawang
Kampong Mulaut
Kampong Mulut
Kampong Mungkom
Kampong Mungunul
Kampong Nangka
Kampong Nong Kelulau
Kampong Padanok
Kampong Padnunok
Kampong Pagalan
Kampong Paganan
Kampong Pak
Kampong Palait
Kampong Panapa
Kampong Panchor Dulit
Kampong Panchor
Kampong Panchor Papan
Kampong Panchuran
Kampong Panchur Dulit
Kampong Panchur Papan
Kampong Pangkalan Mau
Kampong Pangkalan Parai
Kampong Pangkalan Piasau
Kampong Pangkalan Ran
Kampong Panjang
Kampong Pantau Marai
Kampong Paring
Kampong Parit Biang
Kampong Parit
Kampong Pasang
Kampong Patong
Kampong Pegalayan
Kampong Pelambayan
Kampong Pelombong
Kampong Pelumpong
Kampong Penabai
Kampong Penanjong
Kampong Penapar
Kampong Penchor Dulit
Kampong Penchor Papan
Kampong Pengkalan Batu
Kampong Pengkalan Maut
Kampong Pengkalan Parai
Kampong Pengkalan Piasau
Kampong Pengkalan Ran
Kampong Peninjau
Kampong Penonok
Kampong Penulud
Kampong Penyatang
Kampong Pepara
Kampong Pepatan
Kampong Peradayan
Kampong Perumpang
Kampong Perumpong
Kampong Perupok
Kampong Potong
Kampong Pudak
Kampong Pugat
Kampong Pulaie
Kampong Pulai
Kampong Pulau Muda
Kampong Purau Purau
Kampong Putat
Kampong Rambai
Kampong Rambal
Kampong Rampaya
Kampong Ranggu
Kampong Rendangan
Kampong Rimba
Kampong Riong
Kampong Sabun
Kampong Salam Bigar
Kampong Salapit
Kampong Sangkarai
Kampong Sawah
Kampong Selangan
Kampong Selayan
Kampong Selayun
Kampong Semabat
Kampong Sengkarai
Kampong Sengkurong
Kampong Sentul
Kampong Serasa
Kampong Serdang
Kampong Serusup
Kampong Sibakit
Kampong Sibut
Kampong Silirubai
Kampong Sinarubai
Kampong Sinaut
Kampong Sinonuk
Kampong Subok
Kampong Subun
Kampong Sumbiling
Kampong Sungai Asam
Kampong Sungai Besar
Kampong Sungai Bubus
Kampong Sungai Burong
Kampong Sungai Hanching
Kampong Sungai Kelugus
Kampong Sungai Lampai
Kampong Sungai Liang
Kampong Sungai Liang Kechil
Kampong Sungai Salam Begar
Kampong Supodian
Kampong Tanah Burok
Kampong Tanjong Berapan
Kampong Tanjong Durian
Kampong Tanjong
Kampong Tanjong Maya
Kampong Tanjong Menugan
Kampong Tanjong Menungan
Kampong Tanjong Nangka
Kampong Tanjong Santul
Kampong Telaga Baka
Kampong Telaga Beka
Kampong Telamba
Kampong Telisai
Kampong Terap Bau
Kampong Timahu
Kampong Timbunan
Kampong Tulang
Kampong Tunah Jambu
Kampong Tunggulian
Kampong Ugar
Kampong Ukong
Kampong Wasan
Karangan Nyatan
Karangen Nyatan
Karengen Nyatan
Kayukapur
Kebia
Ketimahar
Kiajong
Krangan Nyata
Kuala Balai
Kuala Belait
Kubong
Kupang
Kwala Balai
Kwala Belait
Labi
Lambak
Lilas
Lombak Pulau
Lombok
Luagan Dudok
Lubok Tanjong Maya
Lugu
Maura
Melilas
Muara
Nong Kelulau
Panaga
Panapar
Pangkalan Siong
Pelumpong
Penanjong
Pengkalan Maut
Pengkalan Piasau
Pengkalan Siong
Penulud
Perumpong
Purau Purau
Rambai
Rampayoh
Rasau
Rimba
Rumah Bawang Grang
Rumah Samawa
Rumah Supon
Salayan
Sangkurong
Sarasap
Sengkurong
Serasa
Seria
Subok
Sukang Hilir
Sukang
Tangki Ayer
Temada
Temburong
Tempuan Ugar
Tempuan Ugas
Tutong
Ukong
