Abercorn
Abraham Bay
Abraham's Bay
Adderleys
Adderly
Adelaide
Albert Town
Alexander
Alice Town
Alice Town
Allen
Alligator Bay Settlement
Alver Town
Anderson
Anderson
Andersons
Andros Town
Anne's Tract Settlement
Arthur's Town
Arthur Town
August Town
Bahring Point
Bailey's Town
Bailey Town
Bailey Town
Bains
Bain Town
Bain Town
Bannerman Town
Barataria Settlement
Baraterre
Bar Bay Settlement
Bastian Point
Bayley's Town
Bayley Town
Behring Point
Behring Point Settlement
Belair Estates
Bennet Harbour
Bennets Harbour
Bennetts Harbor
Bennett's Harbour
Bennett's Harbour Settlement
Berrys
Berrys Settlement
Betsy Bay
Bevans Town
Binnacle Hill
Binnacle Hill Settlement
Black Point
Black Point
Black Point Settlement
Blackwood Village
Blair Estates
Blanket Sound
Bluff
Bluff
Bluff
Bluff Settlement
Bluff Settlement
Bogue
Bowen Sound
Bowers
Bradford
Brandy Hill
Braudie Point
Braudies Point
Browns
Buckleys
Bullock Harbour
Bullocks Harbour
Bullocks Harbour Settlement
Burnt Ground
Burnt Ground Settlement
Cabbage Hill
Cabbage Point
Cabbage Point Settlement
Cable Beach
Cairey's
Calabash Bay
Calvin Hill
Camperdown
Cargill Creek
Carmichael Village
Cartwright
Cedar Harbor
Cedar Harbour
Charokee Sound Settlement
Cherokee
Cherokee Settlement
Cherokee Sound
Cherokee Village
Cheroki Sound
Chesters
Church Grove
City of Nassau
Clarence
Clarence Town
Clifton
Coakley Town
Coakly Town
Cockburn Town
Colebrooke Dale
Colebrooke Town
Colonel Hill
Conch Sound
Congo Town
Cooper's Town
Coral Harbor
Coral Harbour
Coral Heights
Cornishtown
Cove
Cove Settlement
Creek Village
Cripple Hill
Crossing Rocks
Crossing Rock Settlement
Crown Haven
Cunningham
Current
Current Island Settlement
Current Settlement
Curtis
Davis Settlement
Deadmans Cay
Deadmans Cay Settlement
Deep Creek
Deep Creek
Deep Creek Settlement
Delancey Town
Delectable Bay
Delectable Bay Settlement
Delectable
Devil Point
Devil's Point
Devil's Point Settlement
Dixons
Doctor's Creek
Douds
Douds Settlement
Driggs Hill
Driggs Hill Settlement
Dumfries
Dumfries Settlement
Duncan Town
Dundas Town
Dunmore
Dunmore Settlement
Dunmore Town
Eight Mile Rock
Englerston
Evil Point
Exuma Harbour Estates
Fairfield
Farmer's Hill
Farmers Hill Settlement
Farquharson
Fire Road Village
Forbes
Forbes Hill
Ford
Forest
Forest Settlement
Fortune Hill
Fox Town
Freeport City
Freeport
Freetown
Freetown
Freetown Settlement
French Wells
French Wells Settlement
Fresh Creek
Gaiters Settlement
Gaitor's
Galloway Landing
Gambier Village
Georgetown
Gilbert Grant
Glenelg
Glenelg Settlement
Glintons
Golden Gates Estates
Golden Grove
Golden Grove
Goodwill
Gordon's
Gordons Settlement
Governor Harbor
Governor Harbour
Governors Harbor
Governor's Harbour
Grays
Great Guana Cay
Green Castle
Green Turtle Cay
Green Turtle Cay Settlement
Green Turtle Key
Green Turtle Village
Gregory Town
Halls Landing
Harbour Estate
Harbour Island
Hard Bargain
Hard Bargain
Hard Bargain
Hard Bargain
Hard Bargain Settlement
Hard Bargin
Hard Hill
Harts Bay Hill
Hartswell
Hatchet Bay
Hatchet Bay Limited Settlement
Hawksbill
Hawks Nest
Hermitage
Highbury Park
High Rock
High Rock
High Rock Settlement
High Rocks
High Rock Village
Holdiday Track
Holmes Rock
Holmes' Rock Village
Hope Estate
Hope Town
Hope Town Settlement
Hunter Settlement
Hunters
Industrious Hill
Industrious Hill Settlement
James Cistern
James's Cistern
Jimmy Hill
John Millars
Kemps Bay
Kemps Bay Settlement
Killarney
Knowles
Knowles Village
Landrail Point
Landrail Point Settlement
Lisbon Creek
Lisbon Creek Settlement
Little Bay
Little Bay Settlement
Little Creek
Little Farmers Cay
Long Bay
Louis Town
Love Hill
Love
Lovely Bay
Lower Bogue
Lower Deadman's Cay
Lowe Sound
Lucaya
Macbride
Majors
Mangrove Bush
Mangrove Cay
Mangrove Cay Settlement
Man of War Cay
Man of War Sound
Mars Bay
Mars Bay Settlement
Marsh Harbor
Marsh Harbour
Martin Town
Masons Bay
Mastic Point
Mastic Point Settlement
Mathew Town
Matthew Town
Mc Bride
McCanns
McKanns
McKenzie
McLeans Town
McQueens
Mc Queens Settlement
Michelson
Millar Heights
Millars
Millars
Miller Hill
Miller
Millers Hill
Millers
Millers
Millerton
Millerton Settlement
Minns
Mitchison
Montreal
Morant Bay
Morgan's Bluff
Mortimers
Mortimers Settlement
Moss Town
Moss Town
Moss Town
Mount Hope
Mount Pleasant
Mount Thompson
Mount Thompson Settlement
Moxey Town
Murphy Town
Nassau City
Nassau Estate
Nassau
New Bight
New Bight Settlement
New Plymouth
New Plymouth Town
New Portsmouth
New Portsmouth Settlement
Nicholls Town
Nicolls Town
Nicols Town
Norman Castle
Normans Castle
North Palmetto Point
North Palmetto Point Settlement
Old Bight
Old Grays
Old Place
O'Neils
Orange Creek
Orange Hill
Owens Town
Palmetto Point
Pelican Point
Pelican Point Settlement
Philippi Settlement
Pibder Point Settlement
Pinder Point
Pinders
Pinders Point
Pinefield
Pine Ridge
Pinewood Gardens Estate
Pirates Well
Pirate Well
Pitts Town
Pitts Town Point
Polly Hill
Pompey Bay
Port Boyd
Port Boyd Settlement
Port Howe
Port Nelson
Pure Gold
Quarters
Ramsey
Ramsey's
Reckley Hill
Red Bay
Red Bay Settlement
Red Bays
Richmond Hill
Richmond Hill Settlement
Richmond
Riding Rocks
Roakers
Roberts Town
Rock Sound
Rokers Point Settlement
Roker's
Rollesville
Rolletown
Rolle Town
Rolleville
Roses
Roses Settlement
Roseville
Russell Town
Salina Point
Salina Point Settlement
Salt Pond
Salt Pond Settlement
Sam McKinnons
San Andros Bahama Village
San Andros
Sandilands Village
Sandy Point
Sandy Point Settlement
Savannah Sound
Savannah Sound Settlement
Savanna Sound
Scrub Hill
Sea Breeze Estates
Sea Grape
Sea Grape Village
Seaview Settlement
Self Town
Seminets
Seymours Settlement
Seymour's
Simms Settlement
Simms
Smith Bay Settlement
Smith Bay
Smith Point
Smith's Hill
Smiths Point Settlement
Snake Cay
Snug Corner
South Palmetto Point Settlement
South Palmetto Point
South Victoria Hill
Southwest Point
Spanish Wells Settlement
Spanish Wells
Spring City
Spring Point
Stafford Creek
Stafford
Staniard Creek Settlement
Staniard Creek
Stanyard Creek
Stapleton Gardens
Stella Maris
Stepentown
Stephenson Settlement
Stephenson
Stephentown
Stevens
Stevenston
Steventon
Stuart Manor
Sugar Loaf
Sweeting Cay
Sweeting's Cay Settlement
Sweetings Village
Taits
Tarpum Bay Settlement
Tarpum Bay
Tasculum
Tatnall
Tea Bay Settlement
Tea Bay
The Bight Settlement
The Bight
The Bight
The Bluff Settlement see The Bluff
The Bluff
The Bluff
The Charlton
The Current
The Ferry Settlement
The Forest
The Lot Settlement
The Lot
The Rock Cay
The Village
Thomas Town
Thurston Hill
Trial Farm
True Blue
Turnbull
Tusculum
Twin Lakes
United Estates
Upper Bogue
Victoria Hill
Victoria Village
Vincent Town
Water Cay Settlement
Water Cay
Waterford Settlement
Waterford
Waterloo
Wemyss Bight
Wemyss's Bight
Wemyss Settlement
Wemyss
Wemyss
West End Settlement
West End
West Waterloo
Whitehouse
Whymms Bight
William Hope
William's Town
Williams Town
William Town
Wilson City
Windermere
Winton Heights
Winton Meadows
Winton
Wood Cay Settlement
Wood Cay
Yamacraw Beach Estate
Zanicles Settlement
Zion Hill
Zonicles
