Alla
Ama
Atsho Chhubar
Bachap
Balfai
Bali
Barshong
Benkar
Beteni
Bhangbarai
Bhangtar
Bhurgaon
Bioka
Bitana
Borshang
Bumtang
Bumtang Tang
Bumthang
Buri Chu
Byakar Dzong
Byaradingka
Chalaika
Chamarchi
Chanchukha Dzong
Changchukha Dzong
Changra
Chapcha
Chapchha
Cha-shih-ch'ü-tsung
Chemaito
Chendebi
Chengmari
Chengmore
Chhukha
Chhukha Dzong
Chilo
Chirang
Chukha
Chungkar
Chuyul
Daga
Dagapela
Daifam
Dam
Damecha
Dametsi
Damoitsi
Damotse
Damphu
Damthang
Daphu
Dawakha
Demtsi
Denchukha
Denehukha
Dewangiri
Dhaje
Dhur
Diptsang
Dogsar
Domaphu
Domka
Donkar
Doring
Dorkha
Dorokha
Doronagaon
Dotanang
Drugyel Dzong
Duna Dzong
Dungna
Du Phodrang
Dzongsa Dzong
Galechugaon
Gangtey Gonpa
Gasa Dzong
Gasa
Gasila
Gesekha
Geylegphug
Ghunkarah
Giala
Gnimthenla
Gongchuandgaon
Go)nphu
Gyepozhing
Gyetsa
Ha Dzong
Ha
Haracha
Hatisar
Hilari
Hlari
Jakar
Jokhar Dzong
Jumsa
Kagha
Kalikhola
Kamganka
Kangpar
Kechangka
Kechungka
Kencho
Kenga
Kengkhar
Khamna
Khampa
Khar
Khenpa Dzong
Khitokha
Kisona
Kungtar
Kurjey
Kyapcha Dzong
Lalai
Lamedada
Lamidangra
Lamti
Lao
Laya
Lenlung
Lhedang
Lhuntshi
Lhuntsi Dzong
Lingshi Dzong
Lingshi Dzong
Lingshi
Lobnig
Louri
Lunana
Lung Chen
Manikyangsa
Maogaon
Mochhu
Momai Thang
Mongar Dzong
Mongar
Monka
Nab Chöte
Naitola
Naktsang
Namtil
Namtir
Nangnang
Naspe
Ngalangkang
Nganglam
Niche Kalikhola
Nimgong
Ningsang La
Ohemaito
Pachu
Pajo
Panbang
Pangkha
Panka
Paro Dzong
Paro
Pemagatsel
Pengkhua
Phisugaon
Phunchholing
Phuntsholing
Phuntsoling
Pieksao
Pimi
Pinkhua
Pinsoperi
Punaka
Punakha
Punakla
Rading
Radi
Raga
Rapley
Rife
Rimpung Dzong
Ritang
Rungzyung
Saidu
Sakden
Sakdon
Sakteng
Samchhi
Samchi
Samdrop
Samdrup Choling
Samdrup Jongkhar
Samdrup
Samtengang
Sana
Sanchi
Sangbay
Sangkari
Sarbhang
Sasoka
Sassi
Sawang
Sawaphu
Senghe Dzong
Sengor
Shabling
Shali
Shamgong Dzong
Shangong Dzong
Shapang
Sharitang
Sharithang
Shegaria
Shemgang
Shingbe
Shingkarap
Shiuji
Shodug
Shongar Dzong
Shuri
Sibsu
Singhi Dzong
Singur
Singye Dzong
Sipchu
Sombe Dzong
Somchi
Suchha
Sufali
Taga Dzong
Ta-Ga-Na
Ta-hsi-su-tsung
Ta-hsi-su-tun
Tala
Tamjee
Tamji
Tangsebi
Taripe
Taripo
Tash Chho Dzong
Tashi Chho Dzong
Tashi Chhuc Dzong
Tashi Gang Dzong
Tashigang
Tashigangtsi
Ta-shih-ch'u
Tashi Tang-tsi Dzong
Tashi Yangtse
Tashi Yang-tsi Dzong
Tashtanje
Tassisudon
Tendu
Thebong
Thimbu
Thimpago
Thimphu
Thimpu
Thimsing
Thrimshing
Thumgaon
Thunkar
Tima
Tobrang
Tongla Kenga
Tongsa Dzong
Tongsa
Torma Shong
Tormoshangsa
Tosumani
Tosuman
Trashi Chhödzong
Trashi Chö Dzong
Trashicho
Tsangka
Tse Kang
Tseshinang
Tshalunang
Tungka La
Ura
Usak
Wamrong
Wangchukling
Wangdiphodrang
Wangdü Phodrang
Weitsang
Yalang
Yuwak
Zarafi
