Aphiri
Babusi
Badiri
Bahonong
Baines Drift
Bakops
Bakwena
Barachu
Bebe
Boatenwana
Boatlaname
Bobonong
Bogo Gobo
Boitshoko
Bokaa
Bokspits
Boleki Village
Bonapitse
Bonapitse Stadt
Bonapitsi Stadt
Bontleng
Bonwapitse
Borakalalo Camp
Borakalalop Camp
Borakanelo
Botie
Botlapatla
Botswelelo
Broadhurst
Buitsiuang
Buitsivango
Bulukubalo
Chichales
Chiro Pan
Chor-he-samuke
Chuaning
Chuela
Chukudu Kraal
Chuma
Damara
Dauga
Dekar
Demarara
Detoie
Dichaobe Ramokwena
Dichaobe Ramokwenas
Dilalelo
Dinokana
Dirolos
Ditauana
Ditsinane
Dodo
Dukwe
Dukwe Quarantine Camp
Duma
Dumadumana
Dutlwe
Dwaha
Five Dunes
Francistown
Gabane
Gaberones Camp
Gaberones
Gaberones Village
Gaborone
Gadyana Pits
Galekgatshwane
Gaphatshwe
Gaphiri
Garaditau
Gehumdi
Gerufa
Geruf
Ghanzi
Goa
Gobojango
Gobokonkwane
Gomo
Gubujango
Gucta
Gutta
Gwaraha
Gweta
Habangan
Horeme
Hukuntsi
Ikwaka
Inkangwe
Jakops
Janeng
Joani
Joverega
Kabakai
Kabulabula
Kachikau
Kai-Kai
Kakamashe
Kakhoudi
Kakia
Kakoaka
Kakoro
Kalakamati
Kalakshani
Kalamare
Kalkfontein
Kangaras
Kang
Kanguma
Kanye
Karaka
Karamechen
Karamechen Stad
Kasane
Kashiambaras
Kasinka
Kataba
Kaunkwankwata
Kavimba
Kgamanes Post
Kgaphamadi
Kgomofatsha
Khabane
Khakalashwe
Khakhea
Khama
Khama Khama
Khanyeng
Khanzi
Kharekai
Khasabake
Khasebake
Khemsbok
Khnaitso
Khomodimo
Khomodimo Village
Khomo
Khoti
Khudumelapye
Khuis
Khutswe
Ki-e-Wonga
Kitsuhele
Kkhobi
Kkhoutsa
Kkhoutsiri
Kladiba
Kobajango
Kobojango
Kogu
Komane
Kopong
Kopong Villages
Krombi Pits
Kubu A Hachwe
Kudia Kam
Kudumalapshwe
Kudumatsi
Kuke
Kuki
Kukumane Kraal
Kuli
Kumba Pits
Kurametse
Kurametsi
Kwakhanai
Kwaraga
Kwedia
Labani
Lambeye
Lechaneng
Lechen
Lechomos
Lefase
Lefatsis
Leftka
Legwe
Lehututu
Lehwerane
Lekala
Lelotong
Lenake
Lenchwe Le Tau
Lephepe
Lesoane
Lethakane
Letlaking
Letlhajweng
Letlhakane
Letlhakawe
Letlhakeng
Letsili
Lettertree
Levisfontein
Likolwalo
Linakalablo
Lobatse
Lobatsi
Lobilos
Lohoklane
Lokala Drift
Lokala
Lokerane
Lokwabe
Lolale
Lothlekane
Lothlekane Well
Lotlakani
Lupani
Lutlhe
Luzwe
Maapi
Mabole
Mabosi
Mabosi Stadt
Mabuli
Mabutswe
Machaakha
Machaneng
Machaneng
Machenen
Macloutsie
Madibeng
Madinare
Madista
Maenga
Magothla
Mahalapitsa
Mahalapye
Mahalatswe
Maike
Maiphatelo
Maiyabane
Majana
Majaning
Makalamabedi
Makaleng
Makgobi's Stad
Makgobis Stadt
Makgobistad
Makkhalo
Maklautsi
Maklauts
Makoba
Makome
Makoro
Makuba
Makumbe
Makvekve
Makwa
Makwata East
Makwata
Malachoona
Malaka
Malake
Malalaling
Malatshi
Malau
Malekaoakkhomos
Mampi
Mamuno
Manduyan
Manduyan Stad
Manyana
Manyane
Maope
Marushela
Masame
Masarwa
Maseme
Mashendus
Mashopa
Masike
Massering
Massubia
Masunga
Masungas
Matangwan
Matangwan Stad
Matapa
Matepasane
Mathathane
Mathobudukwane
Mathubudukwane
Matima
Matlakhotse
Matlakola
Matlamanyane
Matlopi
Maunatlala
Maun
Mekomxana
Melekgon
Mena-a-Kwena
Mephato
Metsematluko
Metsemotlhaba
Micawber
Mirapene
Mmadinare
Mmaraka
Mmathubudkwane
Mmathubudukwane
Mmokolodi
Mmopone
Mmumoshweu
Moakhi
Mochosens
Mochudi
Mochudi Village
Mochumi
Mochumi Stad
Mochwere
Moeng
Mogapi
Mogapinyana
Mogoditsane
Mogoditshane
Mogoditshan
Mohembo
Moijabana
Moiyabana
Mojane
Mokatani
Mokaya
Mokhapinyana
Mokhokhelo
Mokhopetsana
Mokhopudis
Mokobeng
Mokokwane
Mokwatis
Molepolole
Molete
Molibatsi
Molorosi
Molusi
Monedi
Monnatlala
Mononyane
Montsadidi
Mookane
Mopipi
Moremaoto
Moreme
Morwamotsu
Mosetse
Moshupa
Moshwana
Moshwane
Mosikobale
Mosopa
Mosveng
Motlhatlokho
Motlotsane
Motloutse
Motusi Village
Moyonda
Mpechukudu
Mswazi
Mswazi Village
Muchenje
Muekekle
Muhembo
Mumungwe
Murumush
Mushu
Mutinyane
Naledi
Nata
Nekati
Ngwala
Ngwezumba
Njinga
Nkoyaphiri
Nojane
Nokaneng
Nokanen
Nokaning
Ntabis
Nwali
Nwanaeanoka
Odanakumadona
Old Palapye
Old Tati
Olifants Kloof
Omagaga
Omajaha
Ootsi
Ootsi Siding
Oramalai
Orapa
Otse
Pala Camp
Palapaye Road
Palapshwe
Palapye
Palapye Road
Palatswe
Pamashaba
Pandamatenga
Papascheem
Paranatungu
Penhalonga
Pepascheem
Pepe
Phala
Phikwe
Phikwe
Phologolo
Phukumakahu
Pikwe
Pikwe-Selibe
Pilane
Pilikwe
Puluhelo
Rakops
Rakuku
Ramakonami
Ramaphato
Rammu
Ramokwena's
Ramotsaodi
Ramotswa
Ramoutsa
Ranku
Rantsadi
Ranwanalenaus
Ratholo
Ratolo
Sadibas
Salapitos
Salidiro
Samahala's
Samandozis
Samusipas
Sanie
Sankauas Kraal
Sansake
Sapakanes
Sebe
Sebina
Sebutu
Sefhetla
Sefophe
Segara
Sehengo
Sehengos
Sehithwa
Sehithwe
Sekgwa
Sekhawawa
Sekheng
Sekhwawa
Sekoma
Sekumis Kraal
Selebi-Pikwe
Selebi
Selemela
Selibe-Phikwe
Selibe-Pikwe Mine Lease Area
Selibe
Selika
Seluipe
Senikh
Seokane
Serokhe
Serowe
Seruli
Sesaloa
Sesume
Sevrelela
Shadihadi
Shakawe
Shakawe
Shakse
Shakwe
Shaleshanto
Shashis
Shawila
Shawila Village
Shoshong
Shushong
Siambiza
Sihoro
Silokwalela
Simati
Skegau
Sofala
Soromesis
Stumkies Dam
Sua
Sukwane
Sunnyside
Tagu
Takachu
Tamasane
Tantebane
Tau Stadt
Tau
Thabatskudu
Thamaga
The Mall
Tikaseoulo
Tipa
Tlabala
Tlala Mabeli
Tlhape
Tlhapin
Tlhareseleele
Tlhareselele
Tlogoeankwes
Tlokhoetonnas
Tlokweng
Tlopse
Tobane
Tobgat
Tonota
Tonoto
Toping
Toteng
Totoru
Tsabong
Tsane
Tsau
Tsekanyani
Tshabong
Tshane
Tshapatain
Tshoroga
Tshwane
Tsienyane
Tsigara
Tsimo Ea Pula
Tsipi
Tsitle
Tsuli Village
Tubani
Village
Vlei
Wegdraai
Werda
Xhane
Zuwe
