Aguacale
Aguacate
Aguacate Camp
Alabama
Alabama Wharf
Alta Vista
America
Andersons Camp
Anthony's Bank
Aquacate
Arabato Camp
Arenal
August
Augustine
August Pine Ridge
Aventura
Bacalar Chico
Backlanding
Bakers
Baking Pot
Baldy Beacon
Baldy Ben
Baldy Sibun
Banana Bank
Baranca
Baranco
Barquedier Sierra
Barranco
Barton Ramie
Basil Jones
Beattie Pen
Belice
Belize
Belize City
Belmopan
Bengue Viejo
Benique Viejo del Carmen
Benque Ceiba
Benque Cieba
Benque Geiba
Benque Viejo
Benque Viejo
Benque Viejo del Carmen
Bermudian Landing
Big Creek
Big Eddy
Big Fall
Big Falls
Biscayne
Black Man Eddy
Black Rock
Blancancaux
Blancaneau
Blancaneaux
Blossom Bank
Blue Creek
Blue Creek
Blue Creek Village
Blue Creek Village
Blue Hole Camp
Blumenfeld
Bob Eiley
Bocotora
Bomba
Boom
Boom Town
Boon Town
Branch Mouth
Buena Vista
Buena Vista
Bullet Tree Falls
Burnham Hall
Burnt Ground
Burrell Boom
Burrell's Town
Butcher Burn
Butcher Burns
Cabra
Cabro
Cadena Camp
Cadena Creek Camp
Calcutta
Caledonia
Calera Camp
Callar Creek
Camelote
Campamento Esperanza
Campamento La Flor
Campamento Resumidero
Campamento Tintal
Campamento Unión
Campa Pita
Campa Rita
Canal Bank
Carib
Carib Settlement
Carmelita
Carmelita
Carolina
Cashew Tree
Casigüinic
Castile
Cattle Landing
Caves Branch
Caxigüinic
Caye Corker
Cayo
Cayo Town
Cebada Camp
Cedar Bank
Cedar Crossing
Central
Central Edwards
Chacan Chac Mol
Chakan Chak Mol
Chan Bank
Chan Chen
Chan Limon
Chan Pine Ridge
Chan Pond
Chan Quebrada
Chan Sapote
Chapayal
Chial
Chicago
Chichawata
Chorro
Chun Bank
Chunch
Chunox
Churchyard
Cockloft
Cocos
Cocos
Cocquericot
Cohune Ridge
Cojune Ridge
Columbia
Commerce Bight Village
Concepcion
Conejo
Consejo
Cool Shade
Copper Bank
Coquericot
Corasal
Corazal
Corosal
Corosalito
Corozal
Corozal
Corozalito
Corozalito
Corozalito
Corozon
Cotton Tree Bank
Cotton Tree
Cowboy Camp
Cowhead Creek
Cowpen
Cowpen
Crique Jute
Crique Sarco
Crique Sarco Village
Cristo Rey
Cristo Rey
Crooked Tree
Crossing Landing Bank
Cubeta Camp
Cubetas
Dancing Pool
Dangriga
Dangriga Town
Davis Bank
Delores Village
Dolores
Dolores
Dolores Village
Double Head Cabbage
Douglas
Drill Camp
Driving Camp
Dry Creek Bank
Duck Run
Duffy Bank
Edenthal
Egypt
El Arenal
El Brazo
El Cayo de San Ignacio
El Cayo
El Remate
El Retiro Camp
Esperanza Bank
Esperanza Camp
Esperanza
Esperanza
Esperanza
Estero
Estrella
Ferguson Bank
Fermin Reyes
Flour Camp
Flour Landing
Flowers Bank
Forest Home
Fork Camp
Fort George
Freetown Area
Freetown
Freetown Sibun
Gales Point
Gallon Jug
Garbutt's Falls
Georgetown
Georgeville
Gnadenfeld
Gnadenthal
Gongora
Good Living Camp
Gorosalito
Grace Bank
Gracy Rock Bank
Graham Creek
Grique Sarco
Guacamallo Camp
Guacamallo
Guana Church Bank
Guinea Grass
Hamidli Creek Settlement
Hattieville
Hattieville
Hawiia
Hellgate
Hercules
High
High Sand
Hill Bank
Hill Bank
Hinchasones
Honey Camp
Hopital
Hopkins
Iguana Creek Bank
Independence
Indian Church
Isabella
Ixcanhá
Jacinto Landing
Jacinto Lodge
Jalacte
Jimmy Cut
Jocote
Joe Wagner Boom
Joventud
Kaway Camp
Kaxil Unic
Kendal
La Democracia
Ladyville
La Flor Camp
Lagarto Bank
Lagarto
Lagoona
Laguna
Laguna
Lemonal
Libertad
Lime Walk
Listowel
Little Belize
Little Bermudian Landing
Locust Bank
Logan's Bank
Logarto
London
Long Bridge
Lord's Bank
Los Altos
Los Lirios Camp
Louisville
Lucky Strike Camp
Lucky Strike
Macaw Bank
Machaca Camp
Machaca
Machage
Mai Gate
Mammee Camp
Mango Creek
Maskalla
Maskall
Maskalls Bank
Maskalls
Maya Beach
Maya Mopan
May Pen
Medina Bank
Meditation
Melvin's Bank
Middle Bank
Middlesex
Middlesey
Millionario
Millionaro Camp
Monkey Fall
Monkey
Monkey River
Monkey River Town
Mopan
More Force
More Tomorrow
Mountain Cow
Mount Hope
Mullins
Mullins River
Mullins River Town
Nafreda
Nago Bank
Narrows Landing
Nasario Perez
Negroman
Neuendorf
Neustadt
Never Delay
New Egypt
New Haven
New Home
New Home
New Retiro
New Town
Nimu Punit
Norland
Nuendorf
Old Retiro
Ontario Village
Orange Walk
Orange Walk
Otoxha
Otoxha Village
Pachacan
Palmar Camp
Palmer Camp
Panama
Paraiso
Pascua Camp
Pascua Camp Two
Patchchacan
Patch Chakan
Pembroke Hall
Perry Bank
Pescado Camp
Pescado
Pettville
Piebra
Piedregal
Pilgrimage Valley
Placencia
Placentia
Placentia Village
Plant Sucker
Plasencia
Plaza Grande
Point Placentia
Pomona
Privassion Camp
Progreso
Progresso
Providencien
Puchetuck Camp
Puchituk Camp
Pucte
Puebla Nueva
Pueblo Nuevo
Pueblo Viejo
Punta Gorda
Punta Placencia
Quarry Hill
Quatro Leguas
Ramonal
Ramonal
Ranchito
Rancho Corozal
Rancho Dolores
Rancho Grande
Rancho
Ranger Camp
Red Bank
Regalia
Reinland
Rejolla
Remate
Resumadero Camp
Retiro
Revenge
Rice Station
Rio Blanco
Rito Bonillo
Roaring Creek
Rock Donda
Rock Dondo
Rockstone Pond
Rockville
Rosita
Rotiro
Round Hole Bank
Round Hole
Saint Paul's
Saint Thomas
Saint Vincent Block
Sale si Puede
Saltillo
San Andres
San Antonia
San Antonio
San Antonio
San Antonio
San Antonio
San Antonio Viejo
San Benito Poite
Sand Hill
San Esteban
San Estevan
San Felipe
San Felipe
San Felipe
San Fernando
San Francisco
San Ignacio
San Joaquin
San Jose Palmar
San Jose Palmer
San Jose
San Jose
San Jose
San Jose Soccoths
San Jose Succotz
San Juan Bank
San Juan
San Lazaro
San Lorenzo
San Lucas
San Luis
San Luis
San Miguel
San Miguel
San Narciso
San Pablo
San Pastor Camp
San Pastor
San Pedro Columbia
San Pedro Landing
San Pedro
San Pedro
San Pedro
San Pedro
San Roman
San Roman
Santa Ana
Santa Anna
Santa Clara
Santa Cruz
Santa Cruz
Santa Cruz
Santa Elena
Santa Elena
Santa Familia
Santana
Santana Village
Santa Rita
Santa Rosa
Santa Rosa
Santa Theresa
Santeneja
San Victor
Sarawina
Sarteneja
Saturday Creek
Savannah Bank
Sayab Camp
Scotland
Seine Bight
Seine Bight Village
Shipstern Landing
Shipstern
Shipyard
Sibun Camp
Sierra de Agua
Silk Grass
Silver Creek Bank
Silver Creek Camp
Silver Creek
Sittee
Soccotz
Socotz
Solomon Camp
South View Point
Spanish Lookout
Spring Camp
Stann Creek
Stann Creek Town
Stann Creek Village
Stanncrek
Succoths
Succotz
Swasey Branch Barquedier
Tacistal
Tacistal
Tacital
Tasital
Teakettle Bank
Teakettle Camp
Teakettle
Teakettle Village
Tintal
Toledo Settlement
Toro
Torro
Trapiche
Tres Brazos
Tres Leguas Mennonite Settlement
Tres Leguas Menonite Settlement
Tres Leguas
Trial Farm
Trinidad
Trio Camp
Tropical Park
Tu-Tu Camp
Tzokotz
Union Camp
Union Camp
Unitedville
Vaca
Valentin Camp
Valley of Peace
Vaquaros
Vaqueros
Villa Alfonso
Waha Leaf Camp
Wamil
Warree Camp
Warrie Camp
Washing Tree
Washing Tree Work
Water Bank
Watters Bank
White Hill
Willows Bank
Xaibe
Xaxe Venice
Xaxe Venic
Xcanha
Xcanluum
Xpicilha Village
Xpicilha
Yalbac Camp
Yalback
Yalbac
Yo Chen
Yo Creek
