Aba
Abakongo
Abakoumbou I
Abakoumbou II
Abati
Abau
Abba
Abba-Bogani
Abbo-Bogrimo
Abbo Bougrima
Abdoulaue
Abdoulaye
Aboa
Abo
Abo-Bougrima
Abo Bouyafé
Abo Bouyoufé
Aboghi
Abogi
Abolo
Abou
Abouma
Abou-Ndoulaf
Abrou
Abrou
Abrounda
Adabourou
Adama
Adanda
Adelaye
Adjou
Adodo
Adoum
Adoumandjali
Adoumbanziri
Adrousai
Adrouzal
Afrotcho
Agbaba
Agbandjo
Agbondjo
Agbosi
Agbrou
Agbrou
Agoua
Agoudou Manga
Agoumar
Agpa
Aguéné
Aguéné
Aguidé
Aguidi
Ahima
Ahiropa
Ahmed
Aïngounda
Aka
Aka
Akabanda
Akiado
Akiba
Akochio
Akodja
Akondo
Akotasokou
Akourousoulba
Akpa
Akpia
Aladji
Alakha
Alakhaï
Alama
Alatao
Alépa
Alihoui
Alim
Alinda
Alindao
Alindo
Aliou
Aliou
Ali Ouidja
Allahaï
Aloba
Aloïsa
Aloïza
Amada-Gaza
Amada Gaza
Amané
Amangba
Ambassilo
Ambérepi
Ambili
Ambili
Amboutcheka
Am Dafok
Am Daga
Amété
Aminagou
Amoko
Amousou
Anam
Ancien Bakani
Ancien Bambelo
Ancien Beina Wayo
Ancien Beya-Bashobo
Ancien Bô
Ancien Bodanga
Ancien Botoro
Ancien Dangado
Ancien Dangoro
Ancien Gombou
Ancien Goubéré
Ancien Ngoukou
Ancien Sapoua
Ancien Tapourou
Ancien Village Allim
Ancien Village de Gara
Ancien Village Ngam
Ancien Village Ngouassa
Ancien Zarou
Ancien Zemongo
Andjeguéré
Andjékapa
Andjha
Andjissara
Andjitolakri
Andjitoyo
Angaïda
Angara
Angbaka
Angbongué
Angola
Angora
Angoua
Angoula
Angzoung
Ano
Anzito
Aoléka
Aongouazo
Aouasa
Aoundayé
Aoundji
Aoussa
Aouya
Aouyalo
Araya
Ardo
Ardo Djaloré
Ariab
Armassi
Aroda
Aro Mafoungui
Asoulémaka
Assana
Assani
Assoukoumba
Atologbiri
Atongo
Atongo Bakari
Atongo-Bakary
Atongoeyé
Atta
Avindi
Awalawa
Awatchi
Awatchie
Aya
Ayaba
Azené
Azoumbéti
Azouyomba
Ba
Baba
Baba
Bababorobopan
Babaderé
Babadja
Babadja
Babadjia
Babadjou
Babadza
Babaga
Babaja
Babaka I
Babaka II
Babali
Babali
Babara
Babassoua
Babatoyo
Babaya
Babaza
Babazonga
Babé
Babéle
Babigoua
Babili
Babingo
Babingué
Babio
Babiro
Babona
Baboro
Baboua
Baboua
Babou
Baboudji
Babougué
Baboum
Babourou
Babua
Bac Bahi
Bacbaya
Bacbouta
Bac de la Lim
Bachi
Bada
Bada
Bada
Bada
Bada
Bada
Badabongo
Badaï
Badali
Badali
Badali
Badali II
Badali III
Badali IV
Badama
Badam
Badan
Badane
Badangao
Badé
Bade
Badéfoa
Badéla
Badélé-Tékia
Badene
Badéré
Badéré
Badet-Boutoni
Badéwa
Badia
Badikozonga
Badila-Betara
Badila-Betare
Badingbé
Badion
Badion
Badioro
Badja
Badja
Badja
Badjao
Badjia
Badjiao
Badji
Badjoli
Badjoliboto
Bado
Badok
Badolé
Badoli
Badolo
Badoma
Badom
Badon
Badongolé
Badoua
Badougoro
Badoukété
Badoukota
Badoulou
Badoulou
Badouma
Badulu
Badza
Bafago
Bafatoro
Bafili
Bafio
Bafio
Baforo
Bafou
Bafou
Baga
Baga
Baga
Baga
Bagadza
Bagafo
Bagali-Bouar
Baganda
Bagandou
Baganté
Bagara
Bagarabinza
Bagaragba
Bagari
Bagava
Bagayanga
Bagbanou
Bagbola
Bagbota
Bagboungbou
Bagima
Bagnéré
Bago
Bago
Bago
Bago
Bago
Bago
Bago
Bagolo
Bagonda
Bagono
Bagoro
Bagoso
Bagota
Bagou
Bagou
Bagoudou
Bagouélé
Bagouma
Bagourou
Bagoussa
Bagpo
Bagra
Baguera
Baguesseyouna
Baguiné
Bahamo
Bahoyo
Baïdoke
Baïdou
Baïna Bondio
Bakaba
Bakaba
Baka
Bakabeni
Bakabi
Bakadilo
Bakaï
Bakala
Bakala
Bakala
Bakala
Bakala Koupi
Bakaliféké
Bakalou
Bakanda
Bakandja
Bakanga
Bakanmbo
Bakaoua
Bakara
Bakaroua
Bakassa
Bakata
Bakaté
Bakbaïa
Bakbakaa
Bakbouta
Baké
Bakehé
Bakéla
Bakéla
Bakélé
Bakele
Bakéma Dengou
Bakéré Sapo
Bakété
Bakisa
Bakissa
Bakissa
Bakissa-Boukaya
Bakiti
Bakiti I
Bakiti II
Bako
Bakobo
Bakobo
Bakofio
Bakola
Bakolé
Bakolecpa
Bakolekpa
Bakolo
Bakolobo
Bakondji
Bakoro
Bakota
Bakota
Bakoua
Bakoua
Bakou
Bakoué
Bakoufro
Bakoui
Bakouma
Bakouma
Bakoumba
Bakoumbélépe
Bakoumbia
Bakuma
Balaba
Bala
Bala
Balada
Balahanda
Balakadjia
Balakété
Balanga
Balangana
Balango
Balao
Balé
Balé
Balego
Baléka
Balémé
Balepou
Baleyo
Balgué
Balia
Bali
Balidou
Balifondo
Baligo
Balikengé
Balimba
Balimingou
Balinga
Balinguéré
Balipou
Balisso
Baloko
Baloua
Baloua II
Balouba
Balouba Yakandjia
Baloudoua
Baloudou
Balteze
Bama
Bama
Bama
Bamadan
Bamae
Baman
Bamando
Bamango
Bamara
Bamara
Bamarabanda
Bamasa
Bamassara
Bamba
Bambala
Bam
Bambam
Bamban
Bamban
Bambara
Bambare
Bambaré
Bambari
Bambari
Bambari
Bambatilé
Bambé
Bambelo
Bambia
Bambi
Bambi
Bambio
Bambiti
Bambo
Bamboli
Bambonga
Bamboro
Bamboro II
Bambourou
Bambouti
Bamboyo
Bamingui
Bamou
Bana
Bana
Banabongo
Banaboussa
Banaguiro II
Banan
Banangi
Banasoun
Banaza
Banbam
Banban
Banbatara
Banbito
Banbouti
Banbouya
Bandaba
Banda
Banda
Banda
Banda
Banda
Banda
Bandaka
Bandakara
Bandakoleangba
Bandakpa
Bandamandjia
Bandani
Bandasi
Bande
Bandé
Bandélé
Bandengué
Bandengué
Bandévé
Bandi
Bandiforo
Bandin
Bandinga
Banding
Bandio Nagao
Bandio-Nagao
Bandio-Zouta
Bandja
Bandja
Bandja
Bandjia
Bandjipreu
Bandjiro
Bandoka
Bandolo
Bandongué
Bandoro
Bandoro
Bandoro Keté
Bandoua
Bandou
Bandou
Bandou
Bandoulo
Bandourou
Bandziforo
Bané
Banga Banda
Banga
Banga
Banga
Banga
Banga
Banga
Banga
Banga Batéré
Bangadou
Bangakété
Bangala
Bangala Boupane
Bangaladéké
Bangala Dipo
Bangambala
Bangambala
Banganendji
Bangani
Bangao
Bangapou
Bangara
Bangara
Bangardin
Bangarou
Bangasou
Bangasou Wéïgbo
Bangassou
Bangassou Issa
Bangassu
Bangasu
Bangato
Bangayanga
Bangay
Bangba
Bangba
Bangba
Bangba
Bangbali
Bangbali-Outmane
Bangbali Zakaria
Bang
Bangbari
Bangbata
Bangbi II
Bangé
Bang I
Bangifoutoula
Bangili
Banginomé
Bango
Bango
Bango
Bangobo
Bangoko
Bangolo
Bangolo
Bangombé
Bangonda
Bangondé
Bangora
Bangoran
Bangoro
Bangoro
Bangoro
Bangoro
Bangoro
Bangoro-Kété
Bangoro-Kota
Bangoto
Bangoto
Bangotto
Bangou
Bangou
Bangouma
Bangourou
Bangouta
Bangowen
Bangta
Bangué
Banguéla
Banguélé
Banguera
Banguéré
Bangui
Bangui
Bangui
Bangui I
Bangui II
Banguina
Banguinda
Bangui Ville
Bania
Bani
Banima
Baningue
Bankara
Bankoro
Banli
Banmba
Banmbo
Banou
Banoué
Bansaku
Banyélé Zimbala
Banza
Banzakou
Banzélé
Banzéti
Banzili
Banzoum
Baobanga
Bao
Bao
Bao Bato
Baoro
Baoro-Boubangoui
Baoro-Boudinghé
Baou
Baoui
Baoulé
Baouli
Baoulli
Baounda
Baouombo
Bara
Bara
Bara
Baraga
Baraïma
Barakabinga
Barama
Baranga
Barasi
Bardé
Baréamba
Barendocpa
Bari
Barka Bakobo
Barka
Barka
Barka
Barkabasso
Barka Bondio
Barka-Pandé
Barondo
Barraoua
Barré
Barrh
Barroua
Bartoua
Barusso
Barya
Baschobo
Basigbiri
Basi-Imba
Basilé-Kondo
Baso Bandja
Basobanga
Baso
Basolé
Bassa
Bassango
Bassélé
Bassélé
Bassibiri
Bassigbiri
Bassio
Bassirimba
Basso
Basso
Basso-Batara
Bassombo
Bassoré-Bopane
Bata
Bata
Bata I
Bata II
Batama
Batamba
Batam
Batana
Batangafo
Batara
Batari
Bati
Batibla
Batimbilika
Bato
Batoké
Batoko
Baton
Batondé
Batoua
Batoum
Battinga
Bavara
Bavara I
Bavara II
Bavara III
Bavoko I
Bavoko II
Bavora
Bavoundou
Bawara
Bawele
Bawi
Bawi I
Bawi II
Bawili
Bawombo
Baya
Baya
Baya
Bayacon
Baya-Kala
Bayala
Bayalo-Banou
Bayama
Bayanga
Bayanga
Bayanga
Bayanga-Boudéyé
Bayanga-Boyane
Bayanga Didi
Bayanga Kadeï
Bayangalé Djoukou
Bayangou
Bayao
Bayara
Baye
Baye-Bira
Bayélé
Bayo
Bayo Gana
Bayolo
Bayombakala
Bayombo
Bayongma
Bazakon
Bazama
Bazi
Bazien
Bazingéré
Bazingué
Bazinguere
Bazoro
Bazoua
Bazoua
Béa
Béago
Bebadou
Bé
Bebeloum
Bebili
Bébinguéré
Bebingui
Bebogda
Bébossouma
Bébou
Beboulo
Bebounda
Beboura
Béboura I
Béboura II
Béboura III
Bé-Boutou
Bébouzawé I
Bébouzawe II
Béboy I
Beboy II
Beboy IV
Bebozoro
Be-Butu
Bècondjo
Becondjo
Béda
Bédaïa
Bédaïa
Bédaïa II
Bedamara
Bedamara I
Bedamara II
Bédamar I
Bedam
Bédé
Bedé
Bedengué
Bedere
Bedinguili
Bedo
Bédobo
Bédogo
Bédombo
Bedonague
Bedongo
Bédongué
Bédongueï
Bedoro
Bédoua
Bégangoro
Begatara
Bégéda
Bégon
Bégoua
Bégouladjé
Beguila
Behedjio
Behenya
Behili
Behina
Beia-Bakoundé
Beïdou
Beïna-Boïmo
Beina-Bondio
Beinaboussingué
Beina-Domio
Beina Dumio
Beina Wayo
Beïna-Wayo
Beïre
Békaba
Békabamga
Békabassin
Békabéni
Békadili
Bekadjama
Békadjouta
Bekadjouta II
Bekadomba
Békagazi
Bekagomi
Békagoni
Békagourou
Békajouté
Bekakolo
Bekame
Békamoula
Békamoulé
Békamourou
Békanari
Békaoussi
Békassambo
Bekaye
Békazénan
Békazouta
Béké
Bekila
Békinga
Bekobien
Beko-Botére
Békofe
Békofe I
Bekon
Békonn
Bekor
Békoro
Békota
Bekouna
Bekoun
Békourou
Bélakoutou
Belama
Bélambi
Bélami
Belamli
Bélé
Bélé
Bélé
Belegué
Béle-Kété
Belé-Kota
Bélembé
Bélézé
Belibanda
Bélingé
Belingo
Bello
Bélogba
Beloko
Bélokokana
Belou
Bélou
Beltourou
Bemadjey
Bemaïdé
Bemaïdi
Bémala
Bemala
Bemal
Bemankola
Bemankoua
Bémankouna
Bemansara
Bembaffio
Bembé
Bembe
Bembé III
Bembé Ouadaka
Bembe Uadaka
Bembi
Bembo
Bembon II
Bembon III
Bembor
Bembor I
Bemboro
Bembouti
Bémina I
Bémina II
Benamkor
Benamkor-Mali
Benanh
Bendem Sakada
Bendiba
Bendi
Bendo
Bendongé
Bendouba
Bendoulabo
Bendouna
Bené
Benepa
Bénépi
Bénesa
Bengibé
Bengiri
Bengorou
Bengri
Benguima
Benguinia
Benima
Benodil
Benodil II
Bentogua
Beny-Toli
Beogombo I
Beogombo II
Beogombo IV
Beorbin
Béouan
Beozombo
Bépa
Bépa
Bépékassin
Berbérati
Béré
Beressi
Berthoua
Bertoua
Bessé
Besson
Betadji
Bétangana
Bétara
Betein
Béteïné
Betobainda I
Betobainda II
Beto
Bétoko
Betoko
Bétokomia
Bétokomia I
Bétokomia II
Bétokomia III
Betoranda II
Beuan
Bewili-Bomiki
Bewiti
Beya-Baschobo
Beya-Bashobo
Beya Basobo
Béya
Beya-Boshobo
Beyokara
Bezanga
Bézéli
Bezéré
Bézingala
Bezonwésé
Bézonwissé
Bgogibili
Bia
Bia
Biade
Biami
Bianda
Biandé
Bianga
Bianga
Bibabourou
Bibang
Bibolo
Bida
Bida
Bidadoua
Bidili
Bidoua
Biengou
Bigéné
Biguenne
Bihanga
Bihidou
Bikoula
Bikouma
Bila
Bilagaré
Bilari
Bilemo
Bilengo
Bili
Bili
Biliengo
Biliga
Bilima
Bilingui
Bilinguili
Bilolo
Bilsem
Bilsing
Bimba
Bimba
Bimbala
Bimbali
Bimbanou
Bimbélou
Bimbi
Bim
Bimbo
Bimenou
Bimo
Bimo
Bimodo
Binda
Bindali
Bindanga
Bindi
Bindi
Bindjo
Bindjou
Bindoy
Bindoye
Binféré
Binga
Binga
Bingakola
Bingès
Bingi
Bingifara
Binginimandji
Bingou
Bingue Boudoy
Binguibanda
Bingui
Bingui
Binguifara
Binguimalé
Binguimandji
Binguinendji
Binguiyo
Bini
Binima
Biobado
Bio
Bipoye
Bira
Bira Boyaré
Bira-Boyéré
Biranga
Birango
Birao
Bir-Batouma Moussa
Biri
Birini
Biro
Bisibanda
Bisingale'
Bissango
Bissao
Bissiamba
Bissiboro
Bissingalé
Bissingou-Birolo
Bissingou
Bissingou I
Bissingou II
Bissingou Koudouko
Bissio
Bissoro
Bissoula
Bita
Bitilifondi
Bito
Bitou
Bitto
Bladzimaye
Blalo
Blébanda
Bligaba
Boaka
Boakana
Boala
Boali
Boali
Boambéli
Boam Nioro
Boan
Boane I
Boane II
Boane III
Boanga
Boangé
Boanguélé
Boani
Boanzara
Boasé
Boaya
Boba
Boba
Bobadoulé
Bobadoumo
Bobadouna
Bobakélé
Bobaliya
Bobaloko
Bobalya
Boban
Bobandio
Bobandoro
Bobangui
Bobani
Bobani
Bobanou
Bobara-Senam
Bobassa
Bobassa I
Bobatoa
Bobatoua
Bobatoua
Bobatou
Bobatoya
Bobaya
Bobaya
Bobaye
Bobayen
Bobayo
Bobazi
Bobazonga
Bobdik
Bobdiki
Bobeke
Bobélé
Bobélé I
Bobélé II
Bobengui
Bobéra
Bobéré
Bobéré
Bobéti
Bobèya
Bobia
Bobia
Bobia I
Bobi
Bobilé
Bobili
Bobili
Bobili
Bobingui
Bobissi
Bô
Bo
Bo
Bo
Boboïn I
Boboïn II
Bobolo
Bobongo-Kela
Bobongui
Bobonzoulé
Bobossouma
Bobotonou
Boboua
Boboula
Bobouni II
Boboyo
Bocada
Bocaga
Bocagna
Bocaïoua
Bocambaya
Bocaranga
Bocaranga
Bocaranga I
Bocaranga II
Bocaranga III
Bocaranga IV
Bocayanga
Bocogoua
Bocongo
Bocoté
Bocoulou
Boda
Boda
Bodadoulé
Bodaga
Boda I
Bodaï
Bodali
Bodalou III
Bodana
Bodanga
Bodanga
Bodanga Dawili
Bodangafou
Bodanga II
Bodango
Bodangou
Bodangui
Bodangui
Bodara
Bodassoua
Bodé
Bodé
Bode
Bodeké
Bodélé
Bodélé
Bodemo
Bodéné
Bodéra
Bodésou
Bodessou
Bodéyé
Bodiki
Bodiki
Bodila
Bodingbé
Bodioui
Bodioula
Bodjomo
Bodoa
Bodobaye
Bodo
Bodo-Combo
Bodocté
Bodo-Gombo
Bodoko
Bodoli
Bodoli
Bodongue
Bodongué
Bodoni
Bodore
Bodosson
Bodoua
Bodou
Bodoué
Bodoukpo
Bodoukpo I
Bodoukpo II
Bodouma
Bodoum
Bodoupa
Bodoupa
Bodoupa
Bodoupoua
Bodoye
Bodro
Bodzoro
Boéssé
Boéssé
Bofadé
Bofala
Bofara
Bofére
Boffondo
Bofi
Bofidoua
Bofidoua
Bofilé
Bofilé-Kété
Bofill
Bofio
Bogadjio
Bogago
Bogalé-Kota
Bogali
Bogali
Bogali
Bogali-Keté
Bogama I
Bogama II
Bogam
Boganangoné
Bogan
Boganda
Bogané
Boganga
Bogangolo
Bogani
Bogani
Bogani
Bogani
Bogano
Bogardou
Bogari
Bogari
Bogassi
Bogaté
Bogaye
Bogba
Bogbadé
Bogbado
Bogbakono
Bogbala
Bogbaloko
Bogban
Bogbanou
Bogbara
Bogbati
Bogbatoua
Bogbayélé
Bogbayo
Bogbaza
Bogbazon
Bogbeli
Bogbéré
Bogbété
Bogbili
Bogbo
Bogbo
Bogbo
Bogbolo
Bogboro
Bogboua
Bogboya
Bogboyo
Bogdembé
Boghéra I
Boghéra II
Bogila Kété
Bogo
Bogo
Bogo
Bogodo
Bogo II
Bogoïn
Bogoin
Bogoin I
Bogok
Bogola
Bogolo
Bogolongo
Bogomba
Bogombé
Bogombo
Bogomte
Bogondo
Bogonon
Bogornou
Bogoro
Bogoté
Bogoté
Bogoto
Bogoudi
Bogoula
Bogouma
Bogoumba
Bogoum I
Bogoum II
Bogouna
Bogouni
Bogournou
Bogoya
Bogoyo
Bogualé
Bogue
Bogué
Boguele
Boguéra
Boguéré
Bogui
Boguila
Boguila
Boguila
Boguiné
Boguira
Boguissi
Bohain
Boh
Bohina
Bohola
Bohomandji
Bohouli
Boka
Bokada
Bokadoa
Bokambay
Bokam
Bokanga
Bokanga
Bokanga
Bokango
Bokassi
Bokassi I
Bokassi II
Bokaya
Bokba
Bokédé
Bokélé
Bokélí
Bokengé
Bokengé
Bokengé
Bokengué
Bokengué
Bokéti
Bokidi
Bokindo
Bokiti
Bokobo
Boko
Boko-Boudeye
Boko-Boutane
Bokoda
Bokodjo
Bokoete
Bokogo
Bokoin
Bokojo
Bokol
Bokolo
Bokomba
Bokombi
Bokomo
Bokomounga
Bokondé
Bokonete
Bokongo
Bokopélé
Bokopi
Bokoro
Bokoro
Bokosyin
Bokota
Bokota
Bokoté
Bokoté Kété
Bokoté Kota
Bokoté Sesé
Bokoto
Bokoto
Bokoto
Bokoto
Bokotolé
Bokoua
Bokoué
Bokoui
Bokoui
Bokoui
Bokoula
Bokoul
Bokouli
Bokouma
Bokoumo
Bokouté
Bokozou
Bokpali
Bokun
Bola
Bolaï
Bolaï
Bolaï I
Bolaï II
Bolanga
Bolat
Bolay
Bolé
Bole Larabao
Bolele
Bolia
Boli
Bolingué
Bolio
Bolitoa
Bollamba
Bollemba
Boloba
Bolo
Bolo
Bolo
Bolo
Bologo
Bologondjo
Bolom
Bolom
Bolondo
Boma
Bomagna-Kété
Bomanda
Bomandjia
Bomandjokou
Bomandoro
Bomangoa
Bomango
Bomango
Bomani
Bomassana
Bombabia
Bombala
Bombalou
Bombara
Bombara-Keté
Bombara-Kota
Bombaranga
Bombari
Bombaru
Bombassa
Bombé
Bombélé
Bombéré
Bombéré-Kété
Bombéré-Kota
Bombéya
Bombi
Bombi
Bombissi
Bombite
Bombiti
Bombo
Bombo
Bombo
Bomboko
Bombolo
Bomboua
Bomboula
Bomboula
Bome
Bomèsé
Bomondo
Bomorotro
Bomvoio
Bonabili
Bona
Bonaguiro
Bonanguido
Bonasé Kété
Bonasé Kota
Bonassi-Kété
Bonaye
Bonbe
Bondagé
Bondéli
Bondia
Bondia
Bondia Kété
Bondiba
Bondiforo
Bondila
Bondio
Bondjia
Bondji
Bondji
Bondji
Bondjio
Bondjoko
Bondobo
Bondo
Bondo
Bondo
Bondo
Bondogotio
Bondoro
Bondoro
Bondoro-Kété
Bondorokota
Bondoro-Kota
Bondoro Kota
Bondoui
Bondourou
Bondui
Bondziako
Bondzobo
Boné
Bonféré
Bongadi
Bongam
Bongamo
Bongana
Bongan
Bongango
Bongano
Bongano
Bonganou
Bongaro
Bongaro I
Bongassi
Bongato-Kota
Bongba
Bongba-Kota
Bongba Kotta
Bongbalo
Bongbo
Bongbo
Bong
Bongbota
Bongboto
Bongia
Bongim
Bongo
Bongo
Bongo
Bongo
Bongoke
Bongolo
Bongolo
Bongombé
Bongomboussi
Bongomme
Bongona Ngo
Bongone
Bongono
Bongono
Bongoro
Bongoro II
Bongossi
Bongota
Bongoto
Bongoué
Bongouna-Bangare
Bongoyo
Bonguélé
Bonguéré
Bongueté
Bonguia
Bongui
Bonguila-Keté
Bonguila Kétté
Bonguim
Boni
Bon I
Bon II
Bon III
Boningui
Bonini
Bonini
Bon IV
Bonjoko
Bonmbala Kété
Bonndo
Bonokon
Bonoye
Boossé
Boouham
Booula
Bopala
Bopassi
Bopaye
Boquoin
Borango
Borgéné
Bori
Bornou
Boro
Boro
Borobou
Borodoul
Borofio
Boroléo
Boromata
Borom
Boromo
Borondo
Borongué
Borossi
Borota
Boroto
Boroudou
Bosa I
Bosa II
Bosakala
Bosako
Bosambéle
Bosambo
Bosegue
Boségui
Bosélé
Bosembele
Bosembele
Bosiakongo
Bosido
Bosolé
Bosopana
Bosoui
Bosoumya
Bossa
Bossa
Bossaka
Bossakala
Bossako
Bossambo
Bossanda
Bossangoa
Bossango
Bossangoro
Bossaoui
Bosse
Bossé
Bossékada
Bossembale
Bossembali
Bossembali-Ngata
Bossembate
Bossembaté I
Bossembaté II
Bossembélé
Bossemboro
Bossembouio
Bossemforo
Bossemforo
Bossemptélé I
Bossemptélé II
Bossemtele I
Bossemtele II
Bossenli
Bosséra
Bossere
Bossewe
Bossewi
Bossiakongo
Bossi
Bossikara
Bossiki I
Bossindo
Bossobo
Bossogbien
Bossolé
Bossongo
Bossongo I
Bossongo II
Bossongo-ManÅ“uvres
Bossouamo
Bossoui
Bossoum
Bossoum Yaka
Bossoupé
Bossui
Bosui
Bosum
Bota
Botambi
Botanga
Botanga
Botanga III
Botaré
Botcho
Boté
Botédjo
Boteke
Botéké
Botembala
Botembéla
Botembélé
Botéré
Botingué
Botobadjia
Botobandjia
Boto
Boto
Botoguili
Botokoa
Botoko
Botokon
Botokoni
Botonga
Botopa
Botora
Botoro
Botoro
Botoro Gassa
Botoua
Botouba
Botoum
Botouni
Botoupe
Bottona
Boua
Boua
Boua
Boua-Boussik
Bouaka
Bouala
Bouala II
Bouali
Bouali
Bouana
Bouan
Bouani
Bouani II
Bouansen
Bouansouma
Bouara
Bouara
Bouar
Bouasi
Bouassi
Bouassi
Bouassi
Bouaye
Boubaboro Boupane
Bouba
Boubadji
Boubadoulé
Boubaéré
Boubaioro
Boubalan
Boubalia
Boubaloko
Boubanam
Boubananga
Boubangui
Boubanzégué
Boubara
Boubaré
Boubassoui
Bouba-Yanding
Boubayoro
Boubazon
Boubazone
Boubazongo
Boubisse
Bouboua
Bouboua I
Bouboua II
Boubou
Boubou
Bouboui
Bouca
Bouchia
Boucouété
Bouda
Bouda
Boudalo
Boudalou I
Boudanziri
Boudayo
Boudéa
Boudé
Boudia
Boudifou
Boudingué
Boudingui
Boudio
Boudja
Boudjoula
Boudo
Boudona
Boudouaboro
Boudoua
Boudoua
Boudou
Boudou
Boudouma
Boudoumba
Boudoupou
Boudoy
Boudoye
Boué
Bouento
Bouessé
Bouessi
Boufforo
Bouforo
Boufoura
Bougama
Bougang
Bougang I
Bougang II
Bougang III
Bougang IV
Bougango
Bouganguéné
Bougang V
Bougang-Zaoro
Bouganquéré
Bougarnga
Bougay Wantounou
Bougboui
Bougbuendé
Bougia
Bougoin
Bougoin
Bougompte
Bougonde-Kété
Bougone
Bougonou
Bougoua
Bougoui
Bougouin
Bougouna Bangare
Bougounoué
Bougouy
Bougouyo
Bougoyo
Bouguenemo
Bouguila
Bouguinas
Bouguinis
Bougwa
Bouiki
Bouikombo
Bouima
Bouka
Bouka-Kombo
Boukama
Boukaya
Boukaya I
Boukaya II
Boukéré
Boukété
Boukingué
Boukoko
Boukombo
Boukonté
Boukonté-Keté
Boukou
Boukoudoï
Boukoufia
Boukoufio
Boukoura
Boukourou
Boukoussé
Boula
Boula
Boulakaba
Boulambo
Boulangba
Boulangui
Bouli
Boulida
Boulin
Boul-Kinia
Boulo
Boulouba
Boulou
Boulouma Fabien
Bouloumboulou
Boulouvou
Bouma
Boumango II
Boumaranga
Boumari I
Boumari II
Boumasséna
Boumaya-Kota
Boumbabia
Boumbala
Boumbalo
Boumbalou
Boumbandjia
Boumbara
Boumbati
Boumbaye
Boumbé
Boumbé
Boumbé
Boumbou
Boumenkoy
Bouméntana
Boumia
Boumoroto
Bounassi-kota
Boun
Bounda
Bounda I
Bounda II
Boundara
Boundara
Boundia
Boundia III
Boundi
Boundi
Boundili
Boundio
Boundio
Boundjara
Boundjoko
Boundoi
Boundou
Boundouna
Boundoy
Bouné
Bounga
Boungba
Boungba-Keté
Boungoro
Boungou
Boungou
Boungoy
Boungué
Bounguia
Bounguilé
Bounou
Bounou
Bounsakou
Bounzakou
Bouoaya-Keté
Bouraka
Bourandjia
Bourassé
Bourma
Bourmou
Bourofio
Bourou
Bourou
Bourou
Bourou
Bouroufio
Bourou I
Bourou II
Bourouma
Bouroussé
Bousanos
Bousé
Bousoubossi
Boussabina
Boussa
Boussa
Boussahina
Boussaye
Boussé
Boussé Kana
Boussékès
Bousselé
Boussemba
Boussimba
Boussingo
Bouta
Boutane
Boutili
Boutiri
Boutouboué
Boutoumboué
Boutounou
Boutoupa
Bouyafé
Bouyali
Bouyambé
Bouyanga
Bouyanga
Bouyara
Bouyaré
Bouyay-Barya
Bouyay
Bouyay-Bouyombo
Bouyay-Lim
Bouyay-Yade
Bouyédou
Bouyeye
Bouza
Bouzandoré
Bouzandori
Bouzanou
Bouzélé
Bouzinga
Bowé
Bowili
Boyaban
Boya
Boya
Boya
Boya
Boya-Cessé
Boyacpa
Boyaka
Boyaka
Boyalibang
Boyali
Boyali
Boyalido I
Boyali I
Boyali II
Boyali III
Boyama
BoyamaII
Boyambi
Boyaram
Boyarié
Boybalé
Boybangoro
Boyéban
Boyélé
Boyemi
Boyéré
Boykazo
Boykétté
Boyoba
Boyo
Boyo
Boyo
Boyo
Boyo
Boyo
Boyombo
Boyongo
Boyonguéné
Boyonguere
Boyougara
Boytabie
Boywango
Bozaka
Bozali
Bozando
Bozanga
Bozanga
Bozanou
Bozanzon
Bozanzou
Bozégi
Bozegui
Bozélé-Boli
Bozelé
Bozian
Bozinga
Bozingua
Bozo
Bozo
Bozogwé I
Bozogwé II
Bozohoui
Bozoma
Bozoro
Bozoro
Bozou
Bozoum
Bozoun
Bozoy
Bozoy I
Bozoy II
Bozoy III
Bozoy IV
Bozum
Branza
Bremoundjou
Bria
Bril'Kinia
Brinda
Brini
Bromou
Brouda
Bruandjia
Buala
Buala
Buar
Bubangi
Bubangui
Buda
Budua
Bufforo
Bugarnga
Bugwala
Buka
Bukoko
Bukoué
Bula
Bumbe
Bune
Butiri
Butschia
Byakao
Caboro
Cacamba
Caconja
Cacosso
Cagana
Cagoro
Cagoue
Cagoué I
Cakada
Camba Oro Fortifié
Camp Bato
Camp Beda
Camp Bo-Niama
Camp Dondi
Camp du Kassaï
Campement Bilsemé
Campement Craoua
Campement de Mialouto
Campement Ngoéré
Campement Tao
Camp Kanjakoundjou
Camp Zézé
Cana II
Cango
Cangomo
Cangoro
Caoué
Caramba
Carangara
Caré
Carnot
Carré de Goulaba
Carré de Konvi
Carré de Ngamba
Carré de Sabo
Carré de Togounda
Carré-Ngamba
Catafé
Catambour
Catembour
Cawa
Cepa Campement
Cepa
Cerkain
Chanjé
Chef Nakou
Chef Omo
Chef Ouambésima
Chen-Boupané
Chessou
Chiwa
Coffo
Colingi
Colo
Congo
Corozien
Coumbal
Coupia
Crampel
Crépa
Dabakake
Dabakako
Dabé
Dabéré
Dabili
Dabizi
Dacoché
Dacpa
Dacpa Mindou
Dadai
Dadigba
Daembo
Dafourou
Daga
Dagba
Dagbama
Dagboyo
Dago
Dagofo
Dahal Azrak
Dahal Hadjèr
Dahou
Daigon
Daimbo
Daka
Dakadjia
Dakala
Dakala
Dakapo
Dakatimonga
Dakéti
Dakoma
Dakpa
Dalagbou
Dalakéré
Dalao
Dalassé
Dalé
Dalé
Dalh el Azrack
Dali
Dali
Dalinga
Dalio
Dalioua
Daliou
Dama
Dama
Damandji
Damangou
Damara
Damba
Damba
Damba
Dambagoua
Dambassa
Dambatoro
Dambazozo
Dambolo
Damboro
Dambouyasi
Dam
Damégra
Dami
Damonou
Damou
Damoussa
Danabopia
Dana
Dana
Danbisoa
Danding
Dangaba
Danga
Danga
Dangaoté
Dangavo
Dangavo
Dangba
Dangba
Dangbou
Dangé
Dangila
Dang-Lang
Dango
Dangoro
Dangou Badouma
Dangou
Dangou
Dangouya
Dangta
Danguya
Dankalé
Dankali
Dankobila
Danza
Danzi
Danzi
Dao
Dao II
Daoua
Daoué
Daouya
Daozou
Daradou
Daragoro
Darassa
Daré
Darfour
Dario
Daroguen
Dassima
Datoko
Datoli
Davigué
Dazou
Dazoungoua
Ddebo
Deagbourio
Deba
Déba
Debéré
Débéré
Debet
Debo III
Debrou
Dédé
Dédé Mokouba
Dédengué
Dedoumou
Defei
Dégbé-Maina
Degbé Zuama
Dégé
Degri
Deka
Deka
Dekamba
Déké
Deké
Dekoa
Deko
Déko I
Déko II
Dekolo
Dekoro
Dekoro
Dékoua
Dekou
Délanga
Délango
Délé
Délimbé
Dellé
Demakidji
Demanda
Demba
Demba
Demba
Dembateké
Dembé
Dembia
Demi Batchi
Denga
Dengbé
Deng
Dengémo
Dengma
Dengou
Denguiro
Dengwéno
Denikipa
Déo
Déou
Déou
Dépa
Depassera
Dépinda
Derbisaka
Déré
Dérékouba
Dessa
Dessi
Dévo
Diamako
Diamanda
Diaoké
Diapondji
Diare
Diba-Bouessa
Diba
Diba
Dibalo
Dibéré
Dibono
Diéka
Diema
Digba
Digna
Digo
Dihou
Dika-Boda
Dika
Dika
Dikélé
Diki
Dila
Dila
Dilapoko
Dimagolo
Dimanche
Dimba
Dimba
Dimbanga
Dimbasso
Dimbé
Dimbi
Dimbissi
Dimou
Dinda
Dinga
Dinga
Dinga I
Dinga II
Dingéré
Dingiri
Dinguéré
Dinguiro
Dinguro
Diogo
Dipa
Divou
Dizikou
Djabalo
Djabo-Bougrimo
Djabo
Djabossinda
Djabré
Djadé
Djadi
Djafalio
Djako
Djama
Djamassinda
Djamba
Djambala
Djamballa
Djambo
Djana
Djangala
Djangou
Djanguéré
Djaoro Konbo
Djaranga
Djéka
Djema
Djemah
Djembé
Djembe
Djembere
Djémbi
Djéziré
Djibo
Dji
Djigando
Djilabadou
Djimeti
Djinda
Djipolago
Djohobone
Djoho
Djohotehe
Djojom
Djoko
Djokosi
Djolinda
Djomboro
Djomo
Djomo
Djondo
Djongo
Djouarépeu
Djouda
Djouda
Djouhobanga
Djouho Battinga
Djoukou
Djoumbélé
Djoupa
Djousa
Djoussa
Djoutali
Dmama
Doaka-Bombount
Doaka
Dobamoundou
Dobane
Dobélé
Dobéré
Dobéré
Dobiti
Docoyo
Dodowa
Doé Békanane
Dogba
Dogbondji
Dogolomandji
Dogolongo
Dogoro Zegonta
Dohoga
Dohoukota
Doka-Bombount
Doka
Dokali
Doko
Doko
Dokondère
Dokoro
Dokoua
Dokouma
Doktoro
Dollo
Domadéré
Domadzia
Domagofo
Domali
Domandere
Domanga
Dombia
Doméderé
Doméré
Domété
Domisili
Domodo
Domo
Domolo
Donam
Donan
Donfèla
Donga
Donga
Dongali
Dongba
Dongbé
Dongo
Dongo
Dongo
Dongo
Dongo
Dongo I
Dongoubou
Dongou
Dongoudza
Dongoundza
Dongué
Dongué
Dongué
Dongué Yoyo
Donko
Donon
Donzi
Dopalia
Dora-Boya
Dori
Doro
Doroua
Dotoua
Douago
Doubi
Doublé
Dou
Dougbia
Dougouro
Doui
Doukili
Doukoubrou
Doukou
Doukoulou
Doukoumbé
Douksoudou
Doula
Doulouko
Douloungoa
Doumadjia
Douma
Doumba
Doumba
Doumdégué
Doum
Doumonou
Dounamendou
Dounga
Doungoaré
Doungou
Doungou
Doungou II
Doungou III
Doungouyangou
Douraxa
Douraza
Dourdour
Dourgo
Dourou
Doussi
Douzo
Dozomo Kété
Dramani
Dramassa
Dregadi
Drekapou
Dris
Dzenda
Dzouyamba
Ebi
Ebou
Ellé
Endjiméte
Engora
Enguélé
Enguelé II
Erbo
Erkana
Erkana
Essé
Ezegui
Ezo
Fada
Fadama
Fafara
Fafra
Fakengué
Fakoulé
Fakoulé I
Fakoulé II
Fambé
Fam
Fango
Fangou
Fara
Faranzala
Farikou
Faya
Faya I
Faya II
Fegoun
Feré
Fikabila
Finzane
Firi
Fô Bobinga
Fo Bounga
Fodé
Fô
Fola
Fongou
Foroboya
Foro
Fort Brussaux
Fort Brusseaux
Fort-Crampel
Fort de Posel
Fort de Possel
Fortifié de Boulouba
Fort-Sibut
Foudacpa
Foudakpa
Fouka
Foulbe
Fouma
Foungou
Foupio
Fourou
Frenguéré
Gaali
Gabatico
Gabia
Gaboua
Gaboua
Gadalo
Gadé
Gaderé
Gadey
Gadili
Gadja
Gado
Gadoulou
Gadza
Gadzé
Gadzia
Gadzi
Gadzoua
Gaforo
Gafourou
Gaga
Gahaiton
Gaigné
Gaima
Gaïta Maïnda
Galafondo
Gala
Gala
Gala
Galavo
Galedou
Galé
Galé
Galezou
Galimél
Gallo-Bouya
Gallo-Boyo
Galo
Galoua
Gamaka
Gamanga
Gamba
Gamba
Gambala
Gambarédé
Gamba Touré
Gambito
Gambo
Gambo
Gambondo
Gambongo
Gambongo
Gambou
Gambou
Gamboula
Gamga
Gamgam
Gami
Gamoula
Ganamandji
Ganbala
Ganbara
Ganbatoure
Ganda
Ganda
Gandakasya
Gandakokoti
Gandao
Gandé
Gandi
Gandio
Gangadouma I
Gangadouma II
Ganga
Ganga
Ganga
Ganga
Gangda
Gangé
Gangé
Gangui
Gani
Ganikpio
Ganli
Ganva
Ganza
Gaoda
Gaou
Gaounday
Gaounguere
Garaba
Gara
Gara
Garba
Garba
Garba
Garégoumo
Garga-Bongo
Garga Boutou
Garga Djalo
Garo
Garou-Mberé
Gasamba
Gasamba
Gasi-Pama
Gassamba
Gatoua
Gavobanda
Gawa
Gaypan
Gaza Daouda
Gaza
Gazao
Gazibeya
Gazi
Gazipama
Gazouikilo
Gazuine
Gbaba
Gbabele
Gbaberi
Gbada
Gbada
Gbadala
Gbadéré
Gbadissi
Gbadou
Gbadrou-Kandjia
Gbafio
Gba
Gbagra
Gbaguila
Gbairi
Gbakoulou
G'Balaba
Gbalia
Gbamongo
Gbana
Gbandé
Gbandi
Gbangué
Gbara
Gbéganda
Gbétihindjou
Gbileba
Gboda
Gbokopétémé
Gbopé
Gboundou
Gébé
Gedimba
Gedinba
Gédzé
Gémé
Genié
Gépanda
Gérégea
Gesimbala
Ghawe
Ghen-Boupane
Ghili
Giadé
Giako
Giangba
Gibada
Gida
Gigi
Gigi II
Gigiliwa
Gili
Gimodo
Gingélé
Ginidagini
Ginikoukourou
Ginimisé
Giouadingara
Gisibanda
Gita
Gobo
Gobolo
Gobongo
Goboudo
Godawa
Godéambolè
Godembéré
Godéré
Godjembere
Godjendji
Godo
Godomo
Godoroforo
Godouba
Godovo
Godowa
Godzara
Goffo
Goffo
Gofo
Gofo
Gofo
Gô
Gogo
Gogortah
Gogourtakoro
Gola
Gola
Gola
Gola
Gola-Kété
Gola-Kota
Golimo
Golo
Golongo
Golongoso
Golongosso
Gomba
Gombala
Gombé
Gombi
Gombo
Gombou
Gom
Gomogma
Gomo
Gomoka
Gomokien
Gondja
Gondo
Gondzou
Gonékou
Gongéré
Gongo
Gongourou
Goni
Gonika
Gonisa Nga Béa
Gonisanga Gassa
Gonobimbi
Gono Karré
Gontikiri
Gopala
Gopang
Gorbessé
Gordil
Gordil III
Gorobada
Gorom
Gorongo
Gotchélé
Gouabanda
Gouada
Gouadjia
Gouadji
Gouakanda
Gouakiri
Gouala
Gouamatou
Gouapou
Gouassi
Gouatagba
Goubadjia
Goubali
Goubanao
Goubango
Goubéré
Goubou
Goubourta Gallio
Goudamba
Goudjo
Goueydi
Gouhoutou
Gouin
Goukara
Goulaba
Goula
Gouleniero
Gouli
Goulikpa
Goulinga
Goulonga
Gouloungou
Gouma
Gouma
Goumba
Goumba
Goumbou
Gou Mbré
Goumélé
Goumindou
Goumissi
Goumou
Goumoun
Gounda
Gounda
Goundao
Goundelé
Goundja
Goundou
Goundzanza
Gounga
Goungou
Goungou
Goungué
Gouni
Gouni II
Gounkou
Gounouma
Gounté
Gounza
Goupandé
Goupeu
Goura
Gourbaka
Gourounda
Gousa
Gousgoua
Gousgua
Gousima
Gousoubanda
Gousoumalé
Goussa
Goussara
Goussemala
Gousséné
Goussiéma
Goussoubanda
Goussou
Goutilo
Goutingou
Goutou
Gouyali
Gouyambri
Gouza
Gouzé
Gouzé
Gova
Govobanda
Govo
Gowé
Goyo
Goz Amar
Goz Beïda
Gozion
Gozion I
Gozolo
Gozou
Gpouzou
Grand Elan
Grao
Graoua
Grapou
Gratagba
Gréfodé
Greko
Grekoudou
Grélindji
Grembassa
Grembizou
Grengakola
Grepao
Gribanda
Gribingi Morobanda
Gribizi
Gribizi I
Gribizi II
Grifode
Grifodi
Griko
Grima
Grimari
Grimoungou
Gripendé
Grivaï Pamia
Grofode
Gubere
Guédimba
Guédingou
Guéla
Guélédé
Guelegui
Guélemba
Guéloumanda
Guémé
Guéna
Guende
Guénébodo
Guéné
Guerede
Guéré
Gueremalé
Guerengou
Guérengou
Guibada
Guibanda
Guida
Guidemba
Guidokété
Guienda
Guigui
Guili
Guiliwoné
Guilo
Guimbo
Guinda
Guirki
Guissibanda
Guissi
Guita Koulouba
Guita Kuluba
Gungsen
Gwakaki
Gwakouzou
Habo
Haï
Hay I
Hay V
Hele
Herba
Hirra Banda
Hobe
Hokso I
Hokso II
Houluy
Hyrra Banda
Iakoli
Ianga
Ianikao
Ia Nomé
Iaté
Iawa
Ibilo
Idjiama
Idongo
Iforo
Igoua
Ikoumba II
Ikoumba I
Ikpiro
Ima
Imako
Imbatingou
Imila
Imokoro
Imoro
Inadi
Ina
Ingouadé
Inguissa
Ingwinda I
Inio
Inza
Inzia
Iongofongo
Iongoro
Iparapa
Ippi
Ippy
Ira Banda
Irma Baro
Irma Bouéki II
Irma-Bouéki II
Iromou
Irouta
Isaganzakara
Issa-Batanga
Issa
Issa
Issy
Iteï
Itinapalia
Izia
Jema
Jojo
Joundélé
Kabadou
Kabagombé
Kaba II
Kaba I
Kaba
Kaba
Kabaye
Kabodo
Kabo
Kaboro
Kabou
Kabou
Kacheu
Kada
Kada
Kadanga
Kadda
Kadékadjia
Kadera
Kadi
Kadja
Kadjama Kété
Kadjama Kota
Kadjema
Kafargada
Kaga Bandoro
Kaga-Doumba
Kaga Mbre
Kaga Nzé
Kagimo
Kagosso
Kagoué
Kagueno
Kahon
Kajema
Kaka
Kaka
Kakata
Kakato
Kaké
Kaki
Kakobo
Kako
Kakolingué
Kakosso
Kakoua
Kakouda
Kakou
Kakoumadé
Kalafala
Kalaga
Kalaï
Kalandao
Kalan
Kalapo
Kalaye
Kaligné-Souleyman
Kalomo
Kalouma
Kama
Kama
Kamana
Kamandjiki
Kamanga
Kamassoubourou
Kamba
Kamba
Kambakété
Kambakota
Kambamba
Kambaoro
Kambayéké
Kamizo
Kamodjo
Kamosso
Kana
Kana
Kanaré
Kanbanda
Kanda
Kanda
Kandakini
Kandja
Kandja
Kandja
Kandjia
Kandjia
Kandza
Kandzia
Kanga
Kanga
Kanga
Kangatou
Kango
Kangomo
Kangoro
Kangoro
Kangou
Kangou
Kangou
Kanguia
Kaolo
Kaori
Kaoua
Kaoua
Kaoui
Kaounang
Kaounga
Kaousa
Kaousoumgafay
Kapabanga
Kapa
Kaparakété
Kapou II
Kapou
Karabongo
Karafala
Karafara
Karagba
Karagoua
Karaoua
Karapara
Karaua
Karawa
Karazian
Karé
Karidimbo
Karou
Karoumba
Karwa
Kasa
Kasamba
Kasamoumbé
Kasay
Kassa
Kasséna Souleyman
Katambour
Katapo
Katé
Katé
Kateyo
Kati
Kaya
Kaya
Kayanga
Kaymba
Kazanga
Kazanga
Kazangba
Kazima
Kaziman
Kbandé
Kéa
Kebe
Kéché
Kedingué-Yawa
Kedja
Kegba
Kela
Kélé
Kélem
Kele-Pana
Kelinga
Kellé
Kéma
Kemba
Kembé
Kembé
Kembé
Kembouka
Kendé
Keningué
Kenkoussi
Kénouzou
Kentzou
Kéolo
Kera
Kéré
Kerela
Kérenké
Kerre
Kété
Kewiné
Keyo
Kiagué
Kibo
Kididji
Kidigra
Kidjigra
Kidjingou
Kidjipala
Kilibiti
Kindego
Kinga
Kinga
Kingui
Kitesa
Kitessa
Kitika
Kitogo
Kitossa
Kobadja
Kobadjia
Kobi
Kobingui
Koboro
Kodia
Kodi
Kodjé
Kodjo
Kodo
Koffo
Kofo
Kogay
Kogba
Kogé
Kogomalé
Kohiri
Kokab
Koka
Kokala
Ko
Ko
Kokol
Kokoro
Kokou
Kolaga
Kola
Kolanda
Kolaza
Kolengou
Kolinga
Kolobo
Kologbo
Kologo
Kolokobo
Kolo
Kolo
Kolo
Kolombala
Kolomboyo
Kolongo
Koloyo
Komalé
Komali
Komangué
Komasa
Kombelé
Komblé
Komboga
Kombo
Komboli
Komboussa
Kommanda
Komondji
Konagbem
Konbo
Koncon II
Koncon I
Kondo
Kondza
Konékaré
Konga
Konga
Kongbanga
Kongbo
Kongo
Kongolobadjia
Kongolo
Kongué
Konindi
Konré
Konvi
Koombo
Kopia
Kopia
Kopita
Kopou
Korango
Koré
Kori
Koroba
Korobo
Korobongo
Koro
Koroma
Korondo
Korongo
Koropele
Koropo
Koso
Kossendé
Kossidé
Kossindi
Kotagombé
Kota
Kota
Kotangou
Kotanguisa
Kotanguiza
Kotassé
Kotaya
Kotaya
Kotior
Kotoko
Kotokon
Koto-Kossona
Koto
Koto
Kottoro
Koualakadjia
Kouané
Kouangba
Kouango
Kouapéli
Koubougon Faranzala
Koubou
Koubou
Koubou
Koudia
Koudi
Koudjili
Koudouésé
Koudoukou
Koué
Kouga
Kougba
Kougourta-Boupane
Kougourta
Kougourta-Yanguéré
Kouissa
Kouisson-Baguila
Koukandjia
Kouki
Koukourou
Koula
Kouledo
Kouléo
Koulondji
Kouloukélé Bodanga
Kouloum
Kouloungou
Koumae
Kouma
Kouma
Koumandan
Koumara
Koumassa
Koumba
Koumba
Koumbala
Koumbal
Koumbanga
Koumbaré
Koumbé
Koumbéré
Koumbo
Koumbo
Koumou
Koumourou
Koumpala
Koumpo II
Koumpo
Kounabere
Kouna
Kounam
Kounanga
Kounang
Kounango
Kounan
Kounapapaya
Kounboli
Kounda
Kounda
Koundala
Koundé
Koundé
Koundi
Koundjouli
Koundou
Koungalou
Kouno
Kounouma
Kounouoro
Kounsay
Kounshé
Kountao
Kounyari
Koupa
Koupé
Koupia
Kourouko
Kourou
Koursani
Koursou
Kourta
Kousougéré
Kousse
Koussimandji
Koussou II
Koussou I
Koussou
Koussou
Koussoumandji
Koutchikako I
Koutchikako
Koutchingélé
Koutessako
Koutoukaye
Koutou
Kouya Koundou
Kouyara
Kouziti
Kouzouhondji
Kouzoukobou
Kouzoukoumbou
Kouzoumoutou
Kouzourassa
Kovongo Mia
Kowon
Koyaba
Koyardé
Koyo
Kozo
Kozoro
Kozza
Kpakpa
Kpakpalé
Kpanga
Kpava
Kpobanga
Kpô
Kpotolo
Krabassi
Kradé
Kragba
Krakoma
Kraoula
Krémou
Kribélé
Kribi
Kroro
Krouma
Kroume
Krume
Kuango
Kuga
Kuki
Kumbe
Kumde
Kwidibo
Labakézé
Labaso Ndousé
Labassondizé
Labazeke
Lafi
Lagaye
Laka
Lakotto
La Kotto
Lamaka
Lama
Lamba
Lambé
Lanbazou
Lando
Langandé
Langba
Languoa
Laodeka
Lao
Lao
La Ouagou
Laounza
Lapago
Lappa
Lara
Laso
Lasoubou
Latal
Lataya
Latémé
Lawa
Lawa
Layangba
Layobe
Lazangueré
Léa
Lébé II
Lébé I
Lébo
Lecpa
Léké
Lekpa
Léma
Léména
Lemoro
Lenda
Lengo
Lengou
Lengué
Lépourou
Lere
Les Mbré
Les Mbrés
Les Morouba
Les Moroubas
Letakossi
Letele
Lia
Lia Moya
Lia Pendé
Libada
Libanga
Libota
Lidjombo III
Lidjombo II
Lidjombo I
Lidjombo
Lidon
Lifaki
Ligara
Ligaza
Ligba
Ligba
Ligoua
Ligoua
Ligoué
Ligui
Ligui
Likaya
Likoualo
Likoundou
Lima
Limasa
Limassa
Limbo
Limbra
Limgua
Limouna
Limpo
Linda
Linga
Linga
Linga
Lingandonga
Lingangué
Lingaô
Lingou
Linguinguére
Lioto
Lioua
Liou
Liou
Liourou
Lissio
Litaba
Lito
Liton
Litoto
Litro
Liwagigi
Liwa
Liya
Loba
Loé
Logodé
Loka
Loko
Lokoti
Lokoti-Mbangui
Lokoti Yéléwéné
Lokotoumala
Lokpa
Loli
Lombo
Lopo
Lougba
Loukondja
Loulou
Louma
Loumbé
Loungba
Lparapa
Mabada
Mabeko
Mabga
Mabingi
Mabo
Mabo
Mabosso
Mabou
Maboussou
Macamba
Madabanda
Madabandougou
Madabazouma
Madabongo
Madagbendi
Madagnanikao
Madaïanikao
Madaïnga
Mada
Madambalé
Madamboya
Madanguéré
Madasaté
Madérégo
Madianikao
Madja
Madjia
Madjiboro
Madjoro
Madomalé
Madomali
Madongo
Madonguere
Madougou
Madoukou
Madoukou
Madoukou
Madou
Magamba
Magaza
Magazani
Magba
Magbazia
Magofolo
Magoumbissi
Mahamat
Mahi
Maiemoro
Maigalo
Maïkaba
Maïko
Maïkouma
Maïmoudou
Maïnon
Maiogou
Maipoutchou
Maïssou
Maïta
Maïtoukoulou
Maja
Makamba
Makele
Makeu
Makongo
Makossika
Makoubo
Makoulou
Makounda
Makoundja Wali
Makunda
Malagamba
Mala
Malambama
Malangamba
Malébassa
Malega
Maleho
Malekidji
Malembe
Malenbili
Malendji
Maléyonbo
Malibingui
Maliemba
Maligou
Malikara
Malikidza
Maliko
Malimbassa
Malingao
Malioro
Maliouaka
Malipo
Malipou
Malo
Malongo
Malongou
Mama
Mambéllé
Mambéré
Mambere
Mamboro
Mamboundja
Mambourou
Mami
Mamoun
Mamvoula
Manata
Mandaka
Manda
Mandamourou
Mandapi
Mandapou
Mandjio
Mandjiro
Mandjo
Mandobo
Mandoukou
Mandza
Manégoto
Maneké
Manga
Manga
Manga
Manganendji
Manga Oumar
Mangayassi
Mangé
Mangoe
Mango
Mangouada
Mangouyé
Manguéré
Manihot
Mani
Mann
Mano
Manovo
Manzengui
Maorka
Mapé
Mapouka
Marago
Marali
Marangoua
Marba
Marcounda
Maréga
Margobi
Maribanda
Marikara
Markounda
Marobanda
Maromassi
Maromba
Marsaka
Masengé Dakpa
Masengé Mandjia
Masen
Masini
Massamba
Massengué Badjia
Massina
Massinga
Massini
Massiri
Matafa
Matala
Matcha
Matchéka
Matiaba
Matoba
Mato
Matoumba
Matoungaye
Matoungo
Matoungou
Matreka
Mayaka
Mayde
Mayé
Mayo Lara
Mayomba
Mazamba
Mazengué
Mazogbo
Mazo
Mbaba
M'Bacca
Mbada
Mbade
Mbadjia
Mbadoro
Mbaé
Mbaé
Mbaé
Mbaga
Mbage
M'Bago
M'Bagué
Mbahouba
Mbaïki
Mbaka
Mbaka
Mbaka
Mbaka
Mbaké
Mbakié
Mbakoé
Mbakolo
Mbako-Ngounga
M'Bakou
M'Bakv
Mbalacpa
Mbala
Mbala
Mbalango
Mbalé
Mbali
Mbali
Mbali
Mbali
Mbama
Mba
M'Ba
Mbambalé
Mbamba
Mbamina
Mbam
Mbana
Mbanda
Mbangi
Mbangou
Mbangui
Mbapia
Mbaraga
Mbara
M'bara
Mbariganda
Mbari
Mbassa
M'Bata
Mbata
Mbata
Mbata
Mbaya
Mbayi
Mbaza
Mbéé
Mbéléba
Mbélé
Mbélé
Mbeli
MBelou II
Mbelou
Mbelu
Mbembé
Mbéré - Guili
Mbéré
Mbéré
Mbere
Mbere-Wock
Mbéti
Mbetti
Mbeu
Mbéwouga
Mbialé
Mbia
Mbiéla
Mbii
Mbiko
Mbiko
Mbiloba
Mbiloua
Mbima
Mbi
Mbime Yonga
Mbinda
Mbisiyanba
Mbissa
Mbiti
Mbokassa
Mboki
Mboko Mbi
Mboko
Mbolo Abétlanga
Mbolo III
Mbolo
Mbolo
Mbolo Yapendé
Mboma
Mboma
Mboma
Mbo
Mbo
Mbombo
Mbongoté
Mboola
Mborogo
Mboro
Mbossi
Mboto
Mboto
Mboukou
Mboula
Mboula
Mboulé
Mboulo
Mboulou
Mboum
Mboum
Mboundjia
Mbounou
Mbourougbou
Mbousa
Mbousi
Mboussa
Mboussoukou
Mboutou 2
Mboutou
Mboyé
Mboyo
Mbrés
Mbringui
Mbroua
Mbroua
Mbrouili
Méddou
Médé
Mékapambo
Meké
Mélégo
Mélé
Mélé
Meloupa
Membaï
Memi
Ménazien
Menbaï
Mendassou
Méné
Méné
Mengé Bokeugé
Mengolo
Méni
Meré Bodetoro
Méré Boudoytoro
Méré
Méri
Meskine
Meté
Mété
Métima
Méto
Miafondo
Mialouto
Miaméré
Miamété Adoum
Mia
Minam
Mindou
Mindou
Mindou
Mingala
Minima
Miningéré
Minoumbi
Mirné
Mirni
Moata
Mobassa
Mobaye
Mobie
Mobindi
Modalé
Modigi
Modikoulou
Modokouzou
Modomali-Mbrès
Modongouere
Modonguere
Mogba
Mogo
Mogwalo
Moho
Mokelo
Mokélo
Mokeno
Mokéro
Mokolo
Moko
Moko Ouana
Molambo
Molaye
Molay
Molomassi
Molo
Molongo
Molongo
Molongoti
Mo
Monboï
Monboundja
Mondélé
Mondio
Mondja
Mondoli
Mondongué
Mongangou
Mongobolo
Mongonga
Mongosi
Mongoumba
Mongounda
Mono
Mono
Mopoï-Inzinguino
Mopoï
Morkia
Morobanda
Moro
Morouba
Moroubanda
Moroubas
Moruba
Mosipa
Moskobandi
Motao
Moté
Motobaï
Moto
Motouka
Moudendio
Moudou
Mouka
Moukanda
Moukandji-Wali
Moukandji-Wall
Moukrou
Moundi
Moungotata
Moura
Mourou Kozo
Mouroumoudou
Mourou
Mourou
Moussa
Mouta
Mouto
Moutou
Muka
Mura
Nabawa
Nabondo
Nacaodé
Nadalanga
Nadélé
Nadjembe
Nadji-Boro
Nado
Nadzembé
Nadziboro
Nagati
Nagati
Nagaya
Nagbenang
Nagéso
Nago
Nagpanga
Nahim
Naho
Nahoto
Najiboro
Nakombo
Nakombo Sangha
Nakonmbo
Nakonmbo
Nakounji
Nalembé
Nalimo
Nambona
Nana
Nando
Nangaboli
Nanga
Nangoko
Nanjipo
Nao
Nara
Nassouri
Nassoury
Nbima
Ndabala
Ndagra
Ndagra
Ndakala
Ndakbama
Ndakossi
Ndalangé
Ndalé
Ndali
Ndambou
Ndanda
Ndangala
Ndanga
Ndaoua
Ndaouin
Ndavou
Ndaya
Ndayo
Ndéké II
Ndéké I
Ndéké
Ndélé
Ndélé
N'Delle
Ndéma
Ndemï
Ndengue
N'Dénikipa
Ndéou
Ndéré
Ndété
Ndetté
Ndiba Bouassa
Ndigouéra
Ndihouda
Ndihou
Ndikassi
Ndikogba
Ndima
Ndimango
Ndimbi
Ndim
Ndiouloussou
NDiououloussou
N'dipi
Ndiré
Ndiwa
Ndjala
Ndjanga
Ndjapou
Ndjebé
N'djeleteu
Ndjoukou
Ndobo
Ndoddé
Ndogba
Ndoka
Ndoke
Ndokpa
Ndol
Ndopa
Ndopata
N'Doré
Ndoro
Ndouane
Ndoubouri
Ndoué
Ndouhou
Ndoukou
Ndoukouzou
Ndoulou
Ndounga
Ndounga
Ndourouma
Ndousé
Ndouté
Ndouy
Ndrou
Néaoua
Ngaba
Ngabolo
Ngabo
Ngadza
Ngafara-Bagara
Ngago
Ngagoua
Ngaguené
Ngahondji
Ngaké
Ngaké
Ngakolako
Ngakoulapou
Ngalakpa
Ngalanda
Ngala
Ngalé
Ngalia
Ngama
Ngama
Ngama
Ngam
Ngamo
N'Ganda
Nganda
Ngandi
Ngandio
Ngandou
Ngaoda
Ngao
Ngao
Ngaoundaye II
Ngaoundaye I
Ngaoupou
Ngapo
Ngapo
Ngara
Ngassa
Ngavoro
Ngayé
Ngbakouta
Ngbima
Ngbindjou
Ngédé
Ngéné
Ngérengakola
Ngiako
Ngilé
Ngiwa
Ngoatchi
Ngobo
Ngodjo
N'Goéré
Ngohoua
Ngola
Ngola
Ngola
Ngolia
Ngolo
Ngolo
Ngoma
Ngombé
Ngombé
Ngombou
Ngonda
Ngongogbali
Ngongo
Ngono
Ngoro
Ngoro
Ngoro
Ngoro Sango
Ngoto
Ngoto
N'Goto
Ngoto
Ngotto
N'Gotto
Ngotto
Ngotto
Ngouada
Ngouaka
Ngoualéko
Ngouamoudjou
Ngouarapa
Ngoubadja
Ngouba
Ngoubia
Ngoubi
Ngoubi
Ngoubou
Ngoubou
Ngouboy
Ngoudjaka
Ngoudro
Ngouga
Ngougpé
Ngoukata
Ngoukou
Ngoula
Ngoula
Ngoulé
Ngoule
Ngoulé
Ngoulia
Ngoulibi
Ngoulo
Ngouloukwa
Ngoumbé
Ngoumbé
Ngoumbiri
Ngoumbiri
Ngounda
Ngoundi
Ngoundi
Ngoundji
Ngoundji
Ngounga
NGounzé
Ngoupé II
Ngoura
Ngourou
Ngoussa
Ngoussapa
Ngoussoua Campement
Ngoussoua
Ngoutéré
Ngouvota
Ngouvota
Ngouya
Ngouyingo
Ngouyo
Ngoyi
Ngréfara-Rengad
Ngrihou
Ngriko
Ngrouzou
Ngubu
Nguélé
Nguélin-Guélé
Nguéoua
Nguezé
Nguiabambam
Nguiabania
Nguianguéké
N'Guia
Ngui III
Ngui II
NGui I
Nguili
Nguilivou
Ngui
Nguio-Bouar
Nguiroungou
Nguitou
Ngwala
Niada
Niakamona
Niakari
Nialikao
Niama
Nianga Bitibanda
Niango Amané
Nibani
Nielo
Niémélé
Niem
Nineré
Nipa
Niro
Njeréoule
Njeroule
Njoko
Nodji Boro
Nogba
Nokessé
Nola
Noli
Nossi
Noua
Noubanda
Nouffou
Noufou
Nougolo
Noukassa
Noukousa
Nouma
Nsori
Nyémélé
Nyoneguene
Nzabé
Nzakara
Nzako
Nzakoundou
Nzakoun
Nzali
Nzamapoy
Nzambe
Nzanga
Nzaoua
Nzapoy
Nzéka
Nzemba
Nziaba
Nzoho
Nzoro
Nzouane Mano
Nzouma
Nzoum
Obongo-Fambé
Obo
Odjé
Oimbisi
Ombadé
Ongo
Orangou
Oroko
Oroma
Oroungou
Orsémay
Oté
Otto
Ouabéré
Ouacanga
Ouada II
Ouada
Ouadda
Ouaddé
Ouadimi
Ouaga
Ouaga
Ouago
Ouagou
Ouakana
Ouakanga
Ouaka
Ouakaouga
Ouaki II
Ouaki I
Ouakombo
Ouakoro
Ouakourou
Ouakoutbi
Oualaka
Oualambou
Oualapendo
Oualida
Ouamanda
Ouamandji
Ouama
Ouambaki
Ouambambassa
Ouamba
Ouambilo
Ouambirou
Ouamiri
Ouamou
Ouanangua
Ouanda-Djalé
Ouanda Djallé
Ouanda Djane
Ouandago
Ouandango
Ouanda
Ouanda
Ouandéro
Ouandjia
Ouando
Ouandougoua
Ouandza
Ouané
Ouangaye
Ouango
Ouango
Ouango
Ouanou
Ouansinguila
Ouantou
Oua
Ouapombo
Ouapo
Ouara
Ouara
Ouassara
Ouassinga
Ouaté
Ouaté
Ouatere
Ouatrou
Ouayambo
Ouayombo
Ouazoua
Oubi
Oubou
Ouda-Kété
Ouda-Kota
Oudjo
Ouembélé
Ouem
Ouenda
Ouendzé
Ouenguélé
Oueteké
Ouetélé
Ouga
Ouga
Ouihi-Goutehoko
Ouihi
Oui-Mayé
Ouimba
Ouin
Ouiya
Ouli
Oulou
Oulou
Oumara
Oumba
Oumba
Oundao
Oungo
Ouogo
Ouomba
Ouorodonga
Ouratonga
Ouré
Ouroudo
Ouroudou
Ourouguia Pélé
Ourou
Ourou
Ourou
Ouroupandé
Ouso
Outagba
Ouya
Ouyé
Ouza
Ouzou
Owou II
Owou
Oyé
Oyo
Ozo
Pabara
Pabé
Pabingi
Padang
Padou
Pagbama
Pagbana
Pagbingui
Pagonondji
Pago
Pagui
Pahi
Pahua
Pakasia
Pakioro
Pakou
Pakpa
Palambo
Palampana
Palanday
Pala
Palinda
Palingou
Palissio
Palombo
Pama II
Pama I
Pama
Pama
Pama
Pama
Pambara
Pamgou
Pamindou
Panbolinbo
Pandjimali
Pandoko
Pandou
Panenga
Pangakora
Pangakoura
Panga
Pangba
Pangba
Pangola
Pangoro
Pangoula
Pangou
Pania
Pani
Pan
Panyanga
Panzadounga
Panza
Panza
Paoua
Paoua
Paouara
Parabanda
Parada
Para
Paratio
Pasiki
Passara
Passoro
Passourou
Patahinga
Pata
Pata
Paté
Pâté
Pavondo
Payazo
Payo
Pazendji
Pazom
Pébo
Pékéto
Pékéyo
Pela
Pélopambou
Pembio
Pendé
Pendé
Pessellé
Petit Loko
Pia Bogou
Piangou
Piangu
Pibi
Pidimbaro
Pierla
Pierlat
Pigala
Pika
Pikapou
Pikeyo
Piko
Pimbi
Pingo Iangi
Pingo Pingo
Pinguere
Pinongo
Pin
Pissa
Pissara
Pitou
Plako
Pogo
Pogotiro
Poima
Pokinga
Pokoété III
Pokoété II
Pokoété I
Pokoli
Pokomandj
Poko
Pokpo
Polahi
Polisé
Polissé
Pololo
Pomboko
Pombolo
Pombo
Pondo
Pongbo
Pongoro II
Pongoro I
Pong
Popo
Poro
Possel
Poto
Potopoto
Potopoto
Potopoto
Poubaindi I
Poubangui
Poubati
Poubé
Poubol III
Poubol II
Poubol
Poudjio
Pougabara
Pouganga
Pougol
Pougoro
Pougouli
Poukao
Pouko
Poukoum
Poukou
Poulao III
Poulao II
Poulao I
Poulélé
Poulingba
Pouloubou
Poulou
Poumalé
Poumandji
Poumanga
Poumayasi
Poumbaidi II
Poumbari
Poumbata
Poumbé
Poumbe
Poumia
Poumonga
Pounambo
Poundo
Poungaro
Pouningua
Pounouka
Poupou
Pourou
Poutem
Pouyamba
Prama
Prokommandé
Quadda
Quango
Rafaï
Ramadan
Rayanga
Rebalé
Rébèndji
Rediangala
Regbanda
Regorombo
Rehou
Rekondji
Rendji
Rengandjia
Renimou
Réou
Rhamadame
Ringui
Roandji
Rohondji
Rokone al Arab
Rokouzou
Roma
Rombatoui
Rouhou
Sabanga
Saba
Sabayanga
Sabokiri
Sabone
Sabo
Sabou
Sacpamba
Sadi
Sadjer
Saga
Sagbado
Sago
Sakaï
Sakani
Sakany
Sakara-Koba
Sakarani
Sakaran
Sakéné
Sakola
Sakolongo
Sakombo
Sakoua
Sakoumba
Sakpa I
Sakpa
Salanga
Sala
Sala
Sallo
Salo
Salo
Samamouli
Samba-Bougoulou
Sambagoro
Sambagoulou
Samba Kouangue
Samba-Koumba
Sambara
Samba
Samba
Sambawanga
Sambia
Sambi
Samblé
Sambo
Sambourou
Samga Yanga
Sana
Sanbanboli
Sanba
Sandiba
Sando
Sanga
Sanga
Sangba
Sangbay
Sangé
Sangoldoro
Sango
Sangouya
Sanguéré
Sanmba
Sanmbo
Saoua
Sapapa
Sapoua
Sapua
Sapwa
Sarabanda
Saragouna
Saramadji
Sarangadjia
Sarki
Sasala
Sassara
Satema
Satoulou
Satoumba
Sayo
Sazélé
Sazou
Séangou
Sébala
Sébékélé
Sebenam
Sébokélé
Sébokéré
Sedaré
Segdou
Ségnéré
Séidi
Sékia II
Sekia
Sekou
Sélim
Sélim
Sembeli
Sénagoro
Sénago
Sénaphoro
Sengélé
Sengolo
Séoundou
Sépéré
Séraforo
Sérao
Sérébogbo
Serengua
Sergobo
Serpendé
Service
Sewi
Seyango
Siaka
Siako
Siango
Sibéré II
Sibéré I
Sibéré
Sibé
Sibut
Sida
Sidi
Sido
Sido
Siéma
Siembo
Sierama
Sié
Sikia
Siki
Siko
Sikoua
Sikou
Simandzéré
Simango
Simbakbé
Simbo
Simindou
Sinangba
Sinbidi
Sinda
Singa
Singa
Singuélé
Sinzongo
Sioumba
Sioumba
Siou
Siré
Siri
Sirobanga
Slimane
Soboko
Sodi
Sokodo
Sokoumba
Sokoyo
Solam
Sola
Solé
Somajénou
Sombe
Sombo
Somi
Sonboré
Songopaï
Songo
Songo
Songui
Sorma
Sô
Soso
Sosso
Sotio
Soukambo
Soukombo
Souko
Soulié
Souma
Souma
Soumba
Soumbé
Soumo
Soumousou
Soumouyassi
Sounba
Sounda
Soupe
Souris
Sourmane
Soussoungou
Sozo
Sulemaka
Tabana
Tabane
Tacoubanda
Tadano
Tagaradé
Tagbale
Tagba
Tagbra
Tagia
Tagoua
Tagoua
Tahui
Takadja
Takalama
Takara Gribinzi
Takara
Takbin
Takenjé
Takipandi
Takobanda
Takoubanda
Takou
Takpa
Talaboum
Talao
Tala
Talé
Taley
Talimou
Talim
Talo
Tamali
Tambourah
Tamboura
Tamingui
Tamourou
Tanbourah
Tandomazouma
Tanganésa
Tangara
Tanga
Tanget
Tangi
Tangounda
Tanguila
Tangui
Tanoyo
Tao
Tapourou
Tatakara
Tawangé
Tchabanda
Tchakani
Tchakoussou
Tchanga
Tchimayaga
Tchinda
Tchindomi
Tchingoto
Tchoko
Tchoubaga
Tedoa
Tédoua
Teguengue
Tékékolo
Telecpa
Télékafiona
Tel
Tengua
Tenzoule
Teou
Térèndji
Téré
Tété
Tétia III
Tétia I
Tétia
Tiangbi
Tidoua
Tidoué
Tidua
Tiessou
Tiguédao
Tigueda
Tihimba
Tikaya
Tikembé
Tilo
Timanda
Tingéré Mandjia
Tinguéré Mbi
Tiouedao
Tiri
Tiroungoulou
Tizaramba
Tizi
Toa
Tobalé
Tobili
Tobiti
Tofina
Togbo
Togbo
Togbo
Togo
Togounda
Togouo
Toki
Tokolo
Tokomondji
Tokoyo
Tolé
Tolisso
Tollé
Tolli
Tomba
Tombaye
Tombé
Tombola
Tombo
Tomboulo
Tomo
Tomrobo
Tondo
Tongolo
Tongo
Tongou
Tongouyassi
Toque
Torombo
Toro
Toro
Touaka
Touako
Toualéne
Touandio
Touangue
Touazòn
Toubara
Touga II
Touga I
Touga
Tougomalé
Tougounda
Touinguedé
Toulara II
Toulara I
Touloulou
Touloumbao I
Touloumbou
Toulounbou
Toumba
Toumba
Toumi
Toumori
Toumo
Tounda
Toungofaï
Toungoumalé
Toungoumali
Toura
Touté
Towé
Toyengué
Trendji
Trogoadé
Tromondji
Trouapou
Uadda
Uakauga
Uamu
Uanda Jale
Uandango
Uango
Vafio
Vamé
Vamini
Vangué
Vanou
Vaoutou-Boé
Vassako
Vassi-Ndokouya
Vata
Vevré
Vianda
Vilao
Vili
Village Zimbla
Vora
Votofo
Voudou III
Voudou I
Voudou
Vougba
Vougba
Voulapa
Voula
Voulazi
Vouloungba
Voulou
Voumou
Voundja
Voungba
Vrémay
Wabongo
Wada
Wagandja
Wagandjé
Waga
Wagou
Wakara
Wakoré
Wakpo
Wala
Walbay
Wali-Boykota
Wali Louka
Walpandji
Wama
Wambilo
Wambirou
Wambo
Wampo
Wananga
Wanbaki
Wanbanbasa
Wandalongo
Wando
Wanenga
Wanga
Wango Bangowili
Wango Kota
Wangué
Wanmbio
Wannou
Wanou Dodo
Wantounou-Petel
Wantou
Wapali
Wapo
Waraga
Warana
Watanga
Wata
Watéré-Galafondo
Watiguina
Watongbo
Waugué II
Wayombo
Wayoumbou
Wazoua
Wengana
Wérégangi
Wotoro
Yabada-Bakaba
Yabada Moroubas
Yabada Siguigui
Yabaka
Yabango
Yabarangba
Yabila
Yabimbo
Yabingué
Yabira
Yabita
Yaboko
Yaboro
Yabougoua
Yabo
Yabrou
Yacoli
Yacpa
Yaffara
Yaffo
Yafondo
Yagabora
Yagandza
Yagarandji
Yagbé
Yagboro
Yagouka
Yagou
Yahié
Yaji II
Yaji I
Yakamalé
Yakamona
Yakanda
Yakania
Yakatia
Yaka
Yakebé-Bayelou
Yakengué
Yakétché
Yakété
Yakidji
Yakidji
Yakoamba
Yakoli
Yakoma
Yakoro
Yakoro
Yakossi
Yakotako
Yakota
Yakota
Yakotoko
Yakoussou
Yakpa
Yalara
Yalégo
Yaligaza
Yalikao
Yalimbo
Yalinga
Yalingou
Yalingueré
Yalitébé
Yaloke
Yalongo
Yalouké
Yamalé
Yamalé
Yamalé
Yamali
Yamangoumolé
Yamara
Yama
Yamba-Benou
Yambala Koudouvélé
Yambala
Yambassa
Yamboro
Yambourou
Yamendé
Yaméné
Yamindou
Yamissi
Yamondo
Yananguéré
Yanbo
Yanda
Yandia
Yandiba
Yandine
Yandoa
Yangaday
Yangakola
Yangakola
Yangalia
Yangao
Yangasa
Yangassa
Yangata
Yangba
Yangbeu
Yangekete
Yangékota
Yangéré
Yangoa
Yangoforo
Yangou Birlo
Yangou Birolo
Yangou Brindji
Yangoudersa
Yangou Gala
Yangou Gongo
Yangouka
Yangou Kono
Yangoukou
Yangouko
Yangoulando
Yangoulika
Yangoumaka
Yangoumandji
Yangoumara
Yangoumia
Yangou Ndarsa
Yangouvé
Yangou
Yango
Yanguékota
Yanguere
Yankba
Yankouko
Yanoye
Yanoyé-Yenga
Yao II
Yao I
Yao Malikidza
Yaonga
Yaoudda
Yao
Yao
Yapara
Yapasira
Yapassira
Yapiya
Yapondo
Yaraoua
Yassara
Yassezo II
Yassibazanga
Yatagba
Yatchi
Yatémobou
Yatigamba
Yatigandza
Yatimbo
Yatoungou
Yawada
Yazinguéré
Yedingué
Yélé
Yellé
Yembé
Yené
Yenga
Yenguere
Yenguéré
Yengué
Yeni
Yéoua
Yerawa
Yeré
Yérima
Yetomane
Yévéré
Yimbi
Yogounandji
Yokota
Yoma
Yombo
Yombo
Yonbo
Yonga
Yongba
Yongo Bereke
Yongofongo
Yongoro
Yongo
Yongsama
Yoroyanga
Yoro
Yoro
Yota
Youbandji
Youforo
Yougana
Youhamba
Youkanga
Youkou
Younga
Youngou
Youngsiya
Zabé
Zabo-Mambé
Zaboutou
Zabo
Zagoua
Zagou
Zakaso
Zako
Zakoza
Zallo
Zalo
Zamahou
Zaman
Zamara
Zamba
Zamba
Zambé
Zambourou
Zamb
Zam
Zanbour
Zangandou
Zangara
Zanga
Zanga
Zangba
Zaoka
Zaoranya
Zaoroboné
Zaoro Dana
Zaorodinga
Zaorodona
Zaorodono
Zaoroguima
Zaorombone
Zaoromera
Zaoropata
Zaorosongou
Zaoro-War
Zaoroyanga Bondio
Zaoroyanga
Zaoro-Yanga
Zaouissi
Zaoulé
Zarami
Zara
Zarodama
Zaro Dinga
Zaromadjia
Zarou
Zawélé
Zazigba
Zeckébawane
Zéddi
Zeka-Baouane
Zeka-Baouene
Zemio
Zémi
Zemongo
Zendé
Zendi
Zéné
Zénian
Zenia
Zenie
Zépingi
Zerbiti
Zérégongo
Zereke
Zere
Zétoungou
Zeveyo
Zibongo
Ziendi
Ziko
Ziliko
Zimba
Zimbia
Zimé
Zimotto-Kembe
Zinda
Zinda
Zindi
Zinga
Zinga
Zingo Dwete
Zipo
Zoaro-Yanga
Zobé
Zofo
Zokombo
Zokoro
Zole
Zombéré
Zomia
Zomié
Zom
Zonbié
Zondo
Zongono
Zongo
Zonzo
Zoro
Zoro
Zotoua-Bombo
Zouasa
Zoubingui
Zougao
Zouginindja
Zougo
Zouguindja
Zouguinza
Zouhouli
Zouhou
Zoukombo
Zoukoutoumiala
Zoukoutouniala II
Zoukoutouniala I
Zoula
Zoula
Zoulouma
Zoumako
Zoumanga
Zoumangwa
Zoumbanga
Zoumbé
Zounanga
Zoundouli
Zoungakpio
Zounga
Zoungouyassi
Zouniaka
Zourou
Zoutinga
