Aba
Aba
Aba I
Abala
Abala
Abala
Abalaga
Abalaka
Abala-Ndolo
Abam
Abana
Abankima
Abatsambi
Abba
Abéa
Abéké
Abéla
Abéla
Abenga
Abéya
Abi
Abila
Abili
Abinga
Abo
Abo
Abogo
Aboko
Aboko I
Aboko II
Abolo
Abolo I
Abolo II
Abomo
Aboua
Abouma
Aboundji
Abvounougou
Abvoura
Adiala
Adiba
Adinagayenes
Adinga
Adinnga
Adjipo
Adzi
Adzié
Adzié I
Adzié II
Aéko
Afou
Afoudou
Afou-Moké
Ahouma
Aila
Akabandélé
Akabi
Akala
Akalamba
Akamo
Akamou
Akana
Akana
Akana I
Akana II
Akananga
Akao
Akara
Akaya
Akaymbala
Akélé
Akélé
Akéokoué
Akielé
Akombo
Akombo
Akomou
Akongo
Akongo
Akoua
Akou
Akou
Akoualebango
Akoui
Akounda
Akouo
Akousika
Akoussika
Ala
Alad
Alangon
Alangong
Alat
Alébo
Alégé Pira
Aléki
Alèmba
Alembé
Alémé
Aliémé
Aliéni
Aliéni I
Aliéni II
Alimba
Alion
Allébo
Allembe
Alleme
Alliéni
Allion
Ambabou
Ambali
Ambangui
Ambéla
Ambèndé
Ambimi
Amboangué
Ambombongo
Ambomi
Ambomo
Ambomo
Ambosso
Amboto
Amboué
Amboumi
Amiélé
Amina
Amo
Amosabo
Ampaka
Ampo
Ampo
Anbabou
Anbala
Anbéla
Anbiélé
Anbombongo
Ancien Bera Njoko
Ancien Bibaya
Ancien Chimpézé
Ancien Diambola
Ancien Diangala
Ancien Dola
Ancien Kivoko
Ancien Mabanzi
Ancien Madingo
Ancien Mémé
Ancien Ncessé
Ancien Ngonbé
Ancien Nioungui
Ancien Ntokossiala
Ancien Otala
Ancien Poste Madingo
Ancien Sandjala
Ancien Tchicongoula
Ancien Vouvou
Andébé
Andeko
Andjala
Andjoko
Andjoko II
Ando
Andouma
Andoumou
Andounou
Andziemé
Andzion
Andzogo
Andzoko
Andzounou
Angalé
Angali
Angama
Angama
Angao
Angiémé
Ango
Ango
Angoini
Angomo
Angomon
Angomon II
Angouala
Angoué
Angouélé
Angouéli
Angouéré
Angoulou I
Angoulou II
Anikou
Anka
Anka
Ankalaba
Ankana
Ankan
Ankandziana II
Anki
Ankono
Ankouadzia
Ankouandzion
Ankou
Ankouokari
Anséné
Antandé
Antangi
Antangui
Antanimpo
Antchoko
Antsoukou
Antsui
Antziémé
Anzian
Apémé
Apoko
Apombo
Apoto
Asa
Asalé
Aséné
Asengé
Asiéné
Asigi
Asina
Asingo
Asoko
Asombo
Asoumani
Assaki
Assaki-Moké
Assala
Assala
Assali
Assegbout
Assene
Assengué
Assiéné
Assiéné I
Assina
Assingui
Assoko
Assouangui
Assoukou
Assoumani
Assoumoundélé
Assoundélé
Atali
Atali
Atékou
Atékou I
Atékou II
Atékou III
Atelier Robin
Ati-Ati
Attention
Aubeville
Ayali
Ayandza
Ayari
Ayina
Azombo
Babali
Babéla
Babinga
Babinga
Bacbali
Bacongo
Bacoula
Bad
Bâde
Badekok
Bademousi
Badimo
Badimosi
Badimossi
Badinga
Badoungou
Badzok
Bagamba
Baggodo
Baisiet
Baissiet
Bakala
Bakava
Bakélo
Bakendje
Bakendzé
Bakouango
Bakouengo
Bakouenngo
Bakoula
Balabiletsi
Balabitetsi
Balanganba
Balémon
Balhoïs
Balhous
Bali
Balimo
Balouma
Balouro
Bama
Bamaganzo
Bamagode I
Bamagode II
Bamagod I
Bamagod II
Bamanganienzé
Bamanganzo
Bamba
Bamba
Bamba
Bambabamba
Bambala
Bambala
Bam
Bambama
Bambembe
Bamboma
Bambou
Bambouyi
Bamégod
Bampo
Banbama
Banbama II
Banbami
Banbidi
Banda
Banda
Banda-Kaye
Banda-Kayes
Bandakoumou
Bandéko
Bandi
Bandja
Bandjia
Bandjila
Bandjoko
Bandoye
Bandza
Bandza
Bandza
Bandzali
Bandza Moké
Bandzibikié
Bandzie
Bandziémé
Bandziémé
Bandzoko
Bandzoko
Bandzounou
Banga
Bangadi
Bangama
Bangasou
Bangassou
Bangá Vounga
Bangi
Bangi
Bango
Bango
Bango
Bangolo
Bangondo
Bangou
Bangouéné
Bangui
Banguila
Bangui-Motaba
Bangui-Salé
Bangwéné
Banianda
Bankousou
Bankoussou
Banpakasa
Bansilisi
Bantsé
Bantsiélissi
Bantsoussou
Banyanba
Banza Baka
Banza Bembé
Banza-Dounga
Banzagalangala
Banzageri
Banza-Gounga
Banzagueri
Banzamboma
Banzana-Gouéndé
Banzangoun
Banzanguéri
Banza-Tombo
Banziélé
Banziémo
Baobab de Brazza
Baoongo
Baoundele
Baponbo
Bara
Bara I
Bara II
Baratier
Bas-Kouilou
Bas Kwilou
Basongila
Basoupoulawawou
Bassamba
Basséla
Bassoupoulawawou
Bata-Bouka-Moukodi
Bata Louango
Batékok
Batsiessi
Batsingou
Baya
Baya
Baya
Baye-Loango
Bayengué
Bayombé
Bazam
Béaba
Béabéa
Béantsion
Bébézi
Beémpo
Béhentsio
Beingé
Békanga
Békanga I
Békanga II
Békombo
Békonmbo
Bela
Bela
Béla-Bongo
Bélé
Béllélo
Bèllevue
Belo
Béloulo
Bemba
Bemba-Loisa
Bembé
Bembé
Bembiké
Bembo Mboté
Bempo
Béna I
Béna II
Bendé
Bendza
Bendzé-Nagouéndé
Béné
Bene
Béne
Bengéko
Benséké
Bentzé
Benza
Bènzé
Bérandjoko
Bera-Ndjoko
Bérandjokou
Bera Njoko
Bésio
Bessala
Béssié
Bétikoumba
Bétou
Betou d' Ikoumba
Bétou d' Issassa
Bétoukoumba
Béyé-Mboulou
Bia
Biabiel
Biala
Bibaka
Bibanga
Bibaya
Bibay
Bibondo
Biboua
Biboubou
Bibroua
Bidoua
Bidoumo I
Bidoumou
Bidzaka Bakota
Bidzaka
Biéssi
Biessié
Bifousa
Bifoussa
Bihongo
Bihoua
Bikabisendé I
Bikabissémé
Bikabissendé
Bikabissendé I
Bikabissendé II
Bikakala
Bikala
Bikata
Bikéké
Bikié
Bikoka
Bikondolo
Bikonga
Bikongo
Bikouka
Bikoulou
Bikoumbi
Bikoumou
Bilala
Bilembé
Biliki
Bilinga
Bilolo
Bilongo
Bilouboudi
Biloungou
Bima Monziba
Bimanakassa
Bimba
Bimba
Bimbakassa
Bimbé
Bimbo
Bimbouloulou
Bimé
Bimsialoulou
Bindama
Binga
Bingui
Binkota
Binnsounga
Binnsounsou
Binouè
Binsounsou
Binzou
Binzou
Bio
Bio
Bioko
Biokono
Bipoye
Birou
Bisaï
Bisala
Bisambi I
Bisambi II
Bisel
Bisélé
Bisinza
Bisongo
Bissambi
Bissélé
Bissengu
Bissengui
Bissindji
Bissindji I
Bissindza
Bissindzi
Bissinja
Bissinnza
Bissongo
Bitala
Bitanbala
Bitata
Bitatolo
Bitéké
Bitélomono
Bitobianoka
Bitolo
Bitono
Bitoudila
Bitsala
Bitsandou
Bitsika I
Bitsika II
Bitsiki
Bitsoumani
Bivenzo
Bivoumbi
Bivoundoulou
Biyamba
Bizoua
Bli
Boa
Boa
Boali
Bobaka
Bobana
Bobanda
Bobangui
Bobélé
Bobi
Bobo
Bobongo
Bobousa
Bobuéta
Boby
Bodjata
Bodouango
Bodouango II
Bodouango III
Bodouongo
Bodzata
Bodzéka
Bodzendzo
Boémbé
Boganda
Boganda
Bogi
Bogo
Bogui
Bohoulou
Boilanga
Bokaba
Boka
Boka
Boka
Bokalé
Bokanda
Bokanga
Bokangue
Bokania
Bokania
Bokatola
Bokéta
Boko
Boko
Boko
Bokodzi
Bokokoto
Bokola
Bokolo
Bokoma
Bokombo
Bokombo
Bokonko
Bokoso
Bokoso II
Bokoso III
Boko Songho
Boko Songo
Bokoso Three
Bokoso Two
Bokouanbolo
Bokouélé
Boko Village
Bokwélé
Bola
Boléké
Boléko
Bolembé
Bolembo
Bollembé
Bolo
Bolomo
Boloso
Bolozo
Boma
Bomadanga
Bomadjokou
Boma-Essengué
Bomalinga
Bomandjokou
Bomandzokou
Bomassa
Bomasse
Bomassingué
Bombala
Bomboa
Bombo
Bombongo
Bomioko
Bomo
Bomo
Bomo I
Bomo II
Bomoye
Bonanga
Bonbé
Bonbokouta
Bonbongo
Bondi
Bondjo
Bondjodjouala
Bondjoumby
Bondo
Bondo
Bondo
Bondo I
Bondo II
Bondoki
Bondomako
Bondzalé
Bondzoumbé
Bonékak
Bonga
Bonga
Bonga
Bongandzi
Bongoï
Bongolo
Bongolo Midoumba
Bongombélé
Bongondo-Forêt
Boniala
Boniola-Boundja
Bonndo
Bonngoma-Botouali
Bonza
Bonzonda
Bop
Bop I
Bop II
Bordo
Bosalo
Boseka
Bosela
Bosemba
Bosendé
Bosobatélé
Boso
Bosomba
Bossaka
Bossaki
Bossala
Bosséla
Bossendé
Bosséré
Bossimba
Bosso II
Bossouaka
Bossoungui
Botaba
Botala
Botando
Botanga
Botango
Botchébé
Botéchiami
Boténa
Boté Sounga
Bote Soungo
Boto-Babinga
Botobo
Boto
Botongo
Botonou
Botouali
Botouali
Botouli
Botoungo
Bottobo
Boua
Boua
Boua-Boua
Bouaboua
Bouadi
Bouaki
Bouali
Bouali Gouli
Bouambé
Bouanga
Bouanila
Bouanissa
Bouansa
Bouanza
Bouba
Bouba
Boubangui
Boubé
Boubisi
Boubou
Bouboué
Boucy-Boucy
Bouda
Boudel
Boudianga
Boudiangou
Boudinga
Boudou
Boudouhou
Boudzouka
Boudzouka I
Boudzouka II
Boudzoumou
Bouégni
Bouemba
Bouembé
Bouende
Bouendé Nkombo
Bouèngué
Bouenza
Bouenzé
Bouesé
Boui
Bouïli
Boukabéne
Boukagni
Boukagni-Congotali
Boukagni Dilou
Boukakata
Boukala
Boukanzi
Bouka-Oussango
Boukéni
Boukiéro
Boukolo
Boukondjo
Boukonzo
Boukoulibouali
Boukoumoukongo
Boukouni-Favre
Boukoupaka
Boukou Pambou
Boulamalétchi
Boulanga
Boulania
Boula N'Kio
Boulankio
Boulankio I
Boulankio II
Boulapéssa
Boulemo
Bouli
Bouligi
Boulingi
Boulingui
Bouloka
Boulolo
Boulotombi
Boulou
Boulou
Bouloumounoua
Boulou-Ngui
Bouloupesse
Bouma
Bouma
Bouma
Boumakaba
Boumandjokou
Bouma Ollembé
Boumba
Boumba
Boumbi
Boumbou
Boumbou I
Boumbou II
Boume
Boumogni
Boumou
Bounda
Bounda
Boundel
Boundjali
Boundji
Boundji
Boundo
Boundou
Boundoukou
Boundoula
Boundzélé
Boundzoukou
Bounga
Bounga
Boungalou
Boungolo
Boungono
Boungoto
Boungou
Boungou
Boungou-Lesouka
Bouniangoulou
Bouninnga
Bounkassi
Bounsana
Bouomo
Boupanda
Bourou Moukouti
Bousamba
Bousoumouna
Boussamba
Boussendé
Boussi
Boussi-Boussi
Boussieli
Boussindé
Boussissi
Boutaba
Boutama
Boutanoka
Boutanzab
Boutazab
Boutembi
Boutenzab
Boutila
Boutili
Boutobo
Boutouma
Boutsana
Boutsari
Boutsouka
Bouvandji
Bouya
Bouyala
Bouyala
Bouyala I
Bouyala II
Bouyanou
Bouyengoulou
Bouyi
Bouyougou
Bouyoukou
Bowando
Boya
Boyaka
Boyéle
Boyellé
Boyenghé
Boyengué
Boyenngué
Boyéyé
Boyoko-Biri
Boyoko
Bozongo
Brazzaville
Brusseaux
Brusseauz
Buco
Bussinde
Butansab
Bvi
Bvie
Bwali
Bwanbé
Bwanlanga
Bwemba
Cabosse
Camp Avoine
Campement Antanimpo
Campement Ingou
Campement Inion
Campement Inyé
Campement Inyouémé
Campement Yama
Campo
Case Barnier
Cayo
Chéré
Chimpéze
Chinimi
Chiobo
Cimassissa
Comba
Como
Como
Compani
Condi-Baka
Condi-Baki
Condji
Congotali
Conkouati
Cote-Matève
Côte-Matève
Cotivindou
Dakar
Dakar-Komo
Dakar Mousolo
Daker
Dalat
Dambala
Damboanou
Dandi
Dchitou Bouala
Débrouillé
Débrouyé
De Chavannes
Demayon
Demboanou
Dembo Boto
Dembo
Dembouanou
Déméyong
Dendaba
Desbordesville
Dia
Diambala
Diambo Fouana
Diambola
Diambolo
Diambo Lounga
Diamboufana
Dianga
Diangala
Dianguala
Dibaba
Diba
Diba-Diba
Dibaguie
Dibaguil
Dibangou
Dibengi
Dibèngui
Dibéni
Dibouéta
Diboumba
Dibounkou
Didsandou
Dienga
Dietcho
Difounda
Dighandzy
Dighondzy
Dihétso
Dihetso
Dikamba
Diki
Dikokélé
Dikota
Dilou-Mamba
Dilou Manba
Dimba
Dimba
Dimbéko
Dimi
Dimina
Dimonika
Dimou
Dinda
Dinga
Dingandoki
Dinga Ndoki
Dingi
Dingi-Malembe
Dingui
Diosso
Diousala
Disiala-Dikana
Disiala
Disinga
Dissadikana
Dissandou
Ditadi
Ditali
Ditendolo
Ditouadila
Ditouga
Ditsandou
Ditsondou
Divanié
Divégni
Divenié
Divevi
Divina
Djabaka
Djadaka
Djambala
Djamballa
Djampono
Djanbala
Djanga
Djani
Djano
Djéba
Djeké
Djeke-na-Batolo
Djékénabotolo
Djemba
Djémi
Djéno
Djilampoutou
Djimba
Djinji
Djio
Djitoyé
Djoabouri
Djobokatoumbié
Djoko
Djoko
Djokomatoumbi
Djokossiba
Djokoumatombi
Djokoumatoumbi
DjonaWéle
Djongo
Djoua
Djouama
Djoubé
Djou
Djoumbélé
Djoundou
Djouo
Doba
Dodjima
Dola
Dola
Dolisie
Dolosie
Domayi
Dombando
Don
Doné
Dongo
Dongo
Dongo-Moké
Dongoniama
Dongo-Niama
Dongou
Dongue
Doua
Douakani
Douane
Doua-Ossendjo
Douari
Doubandjo
Doubila
Doudou
Douengué
Douhal
Doukabakoutala
Douka
Doukanga
Doulou
Douma
Douma
Douma I
Douma II
Doumakénia
Doumali
Doumanga
Doumanga
Doumanga III
Doumani
Doumaya
Doumay
Doumaye
Doumayi
Doumba
Doumbi
Dounèngué
Doungila
Doungou
Doungou
Doungou I
Doungou II
Dounguila
Douodjina
Doussoundzi
Douvolo
Douvoye
Dzabi
Dzaka
Dzala
Dzambississi
Dzandza
Dzandza
Dzanga
Dzanga
Dzanga
Dzanga
Dzani
Dzanza
Dzassi
Dzatakola
Dzéké
Dziba
Dziba
Dziba
Dziba Dziba
Dziba Dziba
Dziba-Dziba
Dziélé
Dziengele
Dziengo
Dziengoué Bakota
Dzikou
Dzinga
Dzingou
Dzio-Dzio
Dzo
Dzogo I
Dzogo II
Dzokomatoumbi
Dzokotro
Dzolokonzo
Dzongo
Dzouala
Dzouba
Dzoukoumioko
Dzoula
Dzoumbou
Eba-aja
Ebaba
Eba
Ebalad
Ebalade
Ebala
Ebala-Oyéké
Ebalo Yéké
Ebal Oyéké
Ebamba
Ebambé
Ebambi
Ebana
Ebani
Ebani
Ebélima
Ebélouma
Ebembé
Ebembé
Ebenda Mouéré
Ebéyi
Ebiamboma
Ebi
Ebiésé
Ebila
Ebili
Ebondamoré
Ebonga
Ebongo
Ebongo
Ebongu
Ebongui
Eboniman
Ebono
Ebonton
Eboro
Ebosso
Eboua
Ebou
Ebou
Ebouie
Ebouli
Eboumadanga
Eboundji
Ebounga
Eboungou
Ebouo
Eboyo
Ebva
Ebvoura
Edibabandza
Edibabanza
Edigui
Edikangoué
Ediki
Edjouga
Edola
Edou
Edzama
Edzéo
Edzouanséké
Edzouga
Edzoumou
Edzounou
Eéré
Efoundou
Egali
Eghui
Egoual-Gouol
Egoulgoul
Eguinndi
Ehounda
Ekadouma
Eka
Ekaga
Ekagna
Ekaka
Ekami
Ekanda
Ekania
Ekari
Ekasa
Ekassa
Ekassa
Ekébé
Ekélaki
Ekélé
Ekéri
Ekéyé
Ekey
Ekéyi
Ekié
Ekièmbé
Ekiéssé
Ekimou
Ekob I
Eko
Ekogo
Ekoli
Ekolo
Ekolomoué
Ekombébana
Ekomo
Ekondjo
Ekondjo
Ekondzo
Ekongo
Ekongo
Ekongo I
Ekongo II
Ekorokoro
Ekoso
Ekosso
Ekouamou
Ekouango
Ekouanguila
Ekouassendé
Ekouélé
Ekouèmbé
Ekouili
Ekouli
Ekouma
Ekoumani
Ekoum
Ekoumoukou
Ekounda
Ekoungou
Ekoungounou
Ekoungouonu
Ekouya
Ekovamou
Ekwamou
Ekwasendé
Ekwasendé-Moké
Elama-Avanizok
Elama
Elanga
Elembé
Elen
Elèn I
Elèn II
Eliélié
Elieli
Eligossayo
Elima
Elima Otoko
Elingossayo
Elion
Elissaldé
Ellene
Ellen I
Ellen II
Elo
Elogo
Elo I
Elo II
Elo III
Elolo
Elombé
Elondi
Elonga
Elonga I
Elonga II
Elongo
Elonzi
Eloudi
Elouna
Eloundi
Eloundji
Elounga
Elouo
Elouongouala
Elouongwala
Emania
Emanika
Embama
Embéné
Embeni
Emboli
Embouli
Embouli
Embouma
Embouon
Emonpibi
Empé
Empeï
Empoura
Endagui
Endéké
Endigui
Endiké
Endoulou
Endouo
Eneinkwéré
Engali
Engali
Engana
Enganaga
Enganga
Engankou
Engié
Engobé
Engonda
Engondo
Engoubé
Engouélé
Engouété
Engouma
Eniangamba
Eniémé
Eniémié
Enkandziana I
Enkandziana II
Enkatsiana
Enkéya
Enkosso
Enkouara
Enkoulou
Enta
Entou
Entsélé
Entsiami
Entsiélé
Entsiélé-Moké
Envellé
Enyélé
Enyellé
Enyiellé
Eouassi
Eouo
Eoura
Epa
Epale
Epal
Epana
Epari
Epédé
Epélé
Epéna
Epété
Epinantsa
Epinatsa
Epingé
Epoma
Epombo
Eposso
Epou
Epougnou
Epouho
Epoumou
Epoundou
Epounou
Esagi
Esala
Esami
Esan
Esanga
Esasaka
Esasiba
Esiala
Esial
Esibili
Esi
Esimbi
Esio
Esombi
Essa
Essala
Essiala
Essibili
Essi
Essimbi
Essingué
Essombi
Essongo
Essoukou
Essoura
Essouta
Etaba
Etaba
Etaba I
Etaba II
Etandi
Etdjama
Etébé II
Eté
Ete
Etiélé
Etiéme
Etiéné
Eti
Etiouk-Mindele
Etogo Tsami
Etoka
Etolo
Etono
Etono
Etonton
Etoro
Etoro II
Etoumba
Etoumbi
Etoumi
Etsi
Etsouali
Etzouésé
Eva
Ewasi
Ewo
Eyoka
Eyongo
Eyouga
Eyoulou
Eyoungou
Faraka
Favre
Fia
Fila
Foba
Fobo
Foota
Forêt de Malaka
Fort Pousset
Fort-Rousset
Fort Soufflay
Fota
Fouari
Fouatou
Foumbou
Foumo N'Zabi
Foundiba
Foundou-Foundou
Founfoundou
Founvou
Foura
Foura-Okangui
Fourastie
Fouta
Fouta
Fumu Zabi
Gabangola
Gabanoué
Gabanpakassa
Gabou
Gaboumi
Gagnia
Gakiélé
Gakili
Gakonde
Gala
Galoumboma
Gama
Gamakala
Gamalié
Gamawolo
Gamba
Gambari
Gambié
Gambi-Sissi
Gambo
Gambogo
Gamboma
Gambou-Dimani
Gamboulou
Gambouomo
Gamibakou
Gamikolé
Gamissakou
Gamissami
Gamissiba
Gamobalé
Gamotala
Gampoko
Ganba
Ganbié
Ganchou
Gandabinda
Ganda Chimpézé
Ganda
Gandicolo
Gandou
Gandou
Gandou Makanda
Gandzicole
Ganfou
Ganga-boungui
Gangalingolo
Gangania
Gangasa
Gangassa
Ganguebongui
Gania
Gankiélé
Gankoma
Gankou
Gankourou
Gantala
Gantchou
Gantchou Moké
Gantchou Sainte-Marie
Gantsankié
Gantsinké
Ganzikolo
Garabinzam
Gare Fourastier
Gatondo
Gatongo
Gatongo
Gatsou
Gayikay
Gélé-Okasa
Gelibi
Gengi
Gengue
Genzié
Gien
Gingidi
Girard
Giraud
Giri
Gite
Goa
Goban
Goelé
Gola
Gola I
Gola II
Golo
Goma
Goma J.B.
Gomansoussou
Goma Tchilonga
Goma-Tchilounga
Gomatchitche
Goma Tsétsé
Gombé
Goméché
Gonaka
Gonaka
Gonambila
Gondzo
Gonga
Gongala
Gongo
Gosi-Gosi
Gossi Gossi
Gouakandi
Gouali-Pesso
Gouanéboum
Gouanga
Gouangala
Goubangoyé
Gouéndé
Gouéné
Gouga
Gougua
Goui
Goulanbali
Goulangampina
Goulanganpini
Goulanpika
Goulgoul
Goulianza
Goulménèn
Goulonkila
Gouma
Goumbi
Goumina
Goumoukoutou
Goumounkoutou Biyéri
Gounantsio
Gounatsio
Gounda
Gounda
Goundi
Goundji
Goundzia
Goungou
Goungua
Gouoni
Goutanpika
Grand Bois
Grand Village
Guéla-Como
Guéla
Guélé
Guelé-Okassa
Guéna
Guengué
Guenzié
Guiabombo
Guinguidi
Guio
Guipini
Gwangala
Gwéné
Hamon
Hapilo
Haute Djouari
Haute Madzia
Hidi
Hikolo
Hinda
Hinga Dinika
Holle
Hollemoni
Houtziongo
Iamamba
Ibabi
Ibaka
Ibaki
Iballa
Ibamba
Ibamba
Ibanga
Ibéa
Ibé
Ibeké
Ibéké I
Ibélé Bobianka
Ibelima
Ibenga
Ibénidé
Ibeni
Ibiesse
Ibinda
Ibindouka
Iboboli
Iboka
Iboko
Ibolo
Ibonga
Ibongo
Ibonima
Ibouma
Ibouna
Ibounga
Idènga
Idiènguélé
Idjalatchingé
Idjima
Idoubi
Idoumi
Idzendi
Iediké
Ielo
Ifouga
Ifouka
Ifoundaka
Ifourou
Ifouta
Ifouta
Igéla
Igomi
Igouda
Igoyo
Ihimbou
Ihouda
Ihoura
Ihouta
Ikaï
Ikalou
Ikamba I
Ikamba
Ikamou
Ikasindé
Ikaya
Ikélemba
Ikemou
Ikengbégbélé
Ikingaoussa
Ikinnga Ouassa
Iko
Iko
Ikoko
Ikolomoye
Ikomi
Ikomo I
Ikomo
Ikonda
Ikongounou
Ikossa
Ikouanga
Ikouangala
Ikouangola
Ikouélé
Ikouembé
Ikou
Ikoumba
Ikoumou
Ikoumou-Okohoko
Ikounda
Ikoundoutaba
Ikouri
Ikwangala
Ilala
Ilanda
Ilanga
Ilanga
Ilanga
Ilébou
Ilèmbou
Ilendo
Ilenga
Illanga Djongo
Illanga
Illanga-na Dzongo
Ilokolangoué
Ilokoyo
Ilolo
Ilongo
Ilongué
Ilou-Madoungou
Ilounga
Iloungou
Ilouo
Ilou Panga
Imagna
Imagno
Imbali
Imbama
Imbana
Imbanda
Imbassa
Imbimi
Imbou
Imboula
Imbouli
Imboulo
Imbouri
Imfono
Imfoumbi
Imfouna
Imgama
Impani
Impe
Impfini Ntaso
Impfondo
Impfouba
Impini
Impo
Impo
Impo
Imponfo
Imporo
Impoumbi
Impouni
Imvouba
Inagna
Inda
Indanga
Indéké
Indo
Indoula
Indoulou
Indouma I
Indouna
Indzendi
Indzie
Indzomoka
Indzomoko
Inga Dihika
Inga
Inga
Inga
Ingakou
Ingama
Ingambé
Ingana
Inganga
Ingangouon
Ingébi
Ingélé
Ingien
Ingoini-Moké
Ingolo II
Ingolo I
Ingolo
Ingolo
Ingondo
Ingouani
Ingouanzami
Ingouélé
Ingouéné
Ingouéné
Ingou
Ingouli
Ingoumina
Ingouna
Ingouomo
Ingouoni-Moké
Ingué
Inguéke
Inguéla
Inguéna-Oyako
Inguina
Inguindi
Ingwéné
Iniéon
Iniounga
Inka
Inkala
Inkala-Matiba
Inkan
Inkia
Inkié
Inkiéno
Inko
Inkolo
Inkomi
Inkore
Inkouara
Inkoubi
Inkoué
Inkouélé
Inkouéri
Inkoui
Inkouli
Inkouo
Inkousou
Inkoussou
Inkoyo
Innguégué
Innguéké
Inokou
Inoné
Inoni
Inpini
Inpwéné
Insa
Insianva
Insini
Insouni
Inta
Intala
Intelé
Intésé
Intiélé
Intou II
Intou I
Intsiala
Intsiélé
Invoua
Invouni
Iokama
Iouesso
Ipènda
Ipini
Ipongi
Iposso
Ipouambala
Ipoungo
Ipwambala
Irebo
Irébou
Irogo
Isala
Isanga
Isemba
Isiélé
Isiengi
Isiolo
Isira
Isombo
Isongo
Isoubi
Issabi
Issami
Issanga
Issassa
Isséki
Issèmba
Issengué
Issiri
Issoko
Issongo
Itabi
Itandi
Itanga
Itatolo
Itébé
Ité
Itendi
Itinou-Simboula
Ito
Itou Madoungou
Itoumba
Itoumba
Itounou
Itsany
Itsosso
Itsotsou
Itzouésé
Ivaro
Ivarou
Ivosi
Ivouéma
Ivounza
Izoubi
Jacob
Jeudi
Kabadisou
Kaba
Kaba
Kaba
Kabala
Kabangui
Kabaniama II
Kabaniama I
Kabaniama
Kabasibinda
Kabi
Kabo
Kabos
Kadjouni
Kaganbanzi
Kai Bakou
Kaibinda
Kaïboungou
Kaï
Kailzoumbi
Kaka
Kakamani
Kakamoéka
Kakatiélo
Kakouma
Kalamboté
Kalanga
Kalébakota
Kali Otoko
Kamabangala
Kamba
Kamba-Kibinda
Kambala
Kamballa
Kamba Makonko
Kamba-Ntete
Kambo
Kami
Kamou
Kana
Kana
Kanana
Kanandji
Kananianga
Kanda
Kandéko
Kandi
Kandobo
Kandou
Kandsi
Kanga
Kanga
Kangakanga
Kangala
Kanga-Litoko
Kangamatoko
Kangatéma
Kangatima
Kangatima
Kango Matako
Kango Matoko
Kango Metoko
Kangouono
Kanguini
Kani Bakota
Kani
Kanio
Kankata
Kankouara
Kanpama
Kantala
Kantsé
Kanzi
Kaonga
Kaon
Kaounga Boudzoumou
Kaounga Dounga
Kaounga
Kaounga
Kaounga Kimbirima
Kaounga Renéville
Kaounga Sita
Kari
Karikari
Kariousoungou
Karitsoungou
Kari-Zoungou
Kassendé
Kataboumka
Katanbouka
Katara
Kati-Kati
Katsoko
Katy-Katy
Kay Doumanga
Kaye-Bakou
Kaye-Bonda
Kaye-Boungou
Kaye
Kaye
Kayé
Kaye-Mbakou
Kayes-Bakou
Kayes-Boungou
Kayes Doumanga
Kayes
Kayes
Kayes
Kayes-Madingou
Kayi
Kayi
Kay
Kay Mboukou
Kéba
Kébala
Kébana
Kébara
Kébili
Kebouli
Kébouya
Kékélé
Kékoumou
Kélé
Kelé
Kélékélé
Kéléma
Keléman
Kelembélé
Kélémié
Kéllé
Kelliémé
Kelli
Kéma
Kéman
Kemouani
Kempaka
Kénabouma
Kénabouna
Kendi
Kendouo
Kenge
Kengé
Kengé
Kengélé
Kengélé
Kengouani
Kengué
Kengwani
Kenstséle
Kentsélé
Kenvani
Kenvouani
Kenvouomo
Kepouya
Kérikéri
Kessala
Keta
Kétia
Ketougou
Kétouna
Kétouno
Ketta
Ketzoua
Kevougou
Kevou
Kiaba
Kiakouo
Kialé
Kialo
Kiama
Kiambi
Kiango
Kiani
Kiasala
Kiasi
Kiassi
Kiazi
Kibaka
Kibamba
Kibambatetsi
Kibana
Kibangi
Kibangou
Kibangou
Kibangou
Kibati
Kibemba
Kibembe
Kibendo
Kibidi
Kibindouka
Kibiti Bakota
Kibiti Batéké
Kibiti
Kibongou
Kibossi
Kibouandi
Kibouari
Kiboueenzé
Kibouendé II
Kibouendé I
Kibouendé
Kibouendé VIII
Kibouendé X
Kibouenze
Kibouilou
Kiboumbou
Kibounda
Kiboungama
Kiboungou
Kiboungou
Kiboutou
Kiboutou Koulendé
Kibuende
Kidamba Ngosi
Kidiba
Kidongo I
Kidongo
Kidounga
Kidzoumba
Kiébo
Kiélé
Kièngopolo
Kifimba
Kifoubou
Kifoulou
Kifouma II
Kifouma I
Kifouma
Kifouma
Kigama
Kigandou
Kihidi
Kihinda
Kihinnda
Kihzambi
Kiinda
Kiinnda
Kikambo
Kikanda
Kikanga
Kikanou
Kikaya II
Kikaya I
Kikayé
Kikembo
Kikièmou
Kikoba
Kikolo
Kikombo
Kikombolo
Kikompa I
Kikondi
Kikondo
Kikongo
Kikotokoto
Kikouangou
Kikouangou
Kikouimba
Kikoukou
Kikounga
Kikovo
Kikué
Kilanga
Kiléba
Kilébé-Moussia
Kilemba
Kilemba
Kilembélé
Kiloba
Kilonga
Kilouanba
Kiloubi
Kiloumbou
Kilounga
Kiloungou
Kilouoni
Kiloutou
Kimalou
Kimanda
Kimandou
Kimandza
Kimanika
Kimanza Ikongo
Kimanza
Kimanza Panga
Kimbaka
Kimba
Kimbala
Kimbama
Kimbana
Kimbanda
Kimbanda
Kimbanza
Kimbanzé
Kimbaoka II
Kimbaoka
Kimbasssi
Kimbédi
Kimbedi
Kimbélé II
Kimbélé I
Kimbélé
Kimbembé
Kimbenza
Kimbenza-Mouniére
Kimbenza-Ndiba
Kimbenza-Panzou
Kimbenze
Kimbesi
Kimbéti
Kimbimi
Kimbimi
Kimbinda-Kikouangou
Kimbinda
Kimboaka I
Kimbobe
Kimbonga
Kimbonga-Louamba
Kimbosi
Kimbossi
Kimboto
Kimboto
Kimboua
Kimbouala
Kimbouandi
Kimboubou
Kimboukou
Kimboukou
Kimboungou II
Kimboungou I
Kimbouni
Kimbounou
Kimbousi
Kimbouta
Kimdambou-Kaye
Kimengélé
Kimfikou
Kimfoula
Kimfoutila
Kimfoutou
Kimi Indzouala
Kimoanda
Kimoanza
Kimoele
Kimongo
Kimouanda
Kimouélé
Kimpakasa
Kimpala II
Kimpala
Kimpalala
Kimpalanga
Kimpambou
Kimpambou-Loukelo
Kimpandzou
Kimpandzou
Kimpanza
Kimpanzon
Kimpanzou
Kimpanzou
Kimpélé
Kimpelo
Kimpénga
Kimpéni
Kimpéri
Kimpesse
Kimpézi
Kimpika
Kimpila IV
Kimpila
Kimpolo II
Kimpolo I
Kimpolo
Kimpombo
Kimpombo
Kimpongi
Kimponzi
Kimpougi
Kimpougui
Kimpoungui
Kimpouo
Kimsembo
Kimvembé
Kimvimba
Kimwami
Kimzambi
Kinami
Kinam
Kinanga-Boutandou
Kinanga-Kenge
Kinanga
Kinanga-Londe
Kinanga-Makasa
Kinani
Kinbanba
Kindala
Kindamba Gouéri
Kindamba I
Kindamba
Kindamba
Kindamba
Kindamba-Ngouédi
Kindamba Nkana
Kindanba
Kindanba Mayéla
Kindanba Poto
Kindemba
Kindiangou
Kindibou
Kindingandoki
Kindonga
Kindongo II
Kindongo
Kindouga
Kindou
Kindoulanou
Kindoulou
Kindounga
Kindouoga
Kindouta
Kindzaka
Kinfikou
Kinfoutou
Kinga
Kingala
Kingama
Kingambini
Kingambo
Kinganboma
Kingandou
Kinganga
Kingani
Kingébé
Kingembo
Kingibi
Kingila
Kingimbi II
Kingimbi
Kingimi
Kingoi
Kingola
Kingola
Kingoli
Kingolo
Kingolo
Kingoma III
Kingoma I
Kingoma
Kingoma
Kingomo
Kingonda
Kingondala
Kingondala-Tsanga
Kingonongo
Kingouala
Kingouala
Kingouala Mbôla
Kingouala-Mbouese
Kingouala-Mboungou
Kingouala-Nsouadi
Kingouanga
Kingouansine
Kingoudi
Kingoué
Kingouila
Kingouoni
Kingoyé
Kingoyé
Kingoye-Loukala
Kinguébé
Kingué
Kinguélé
Kinguimbi
Kiniadi
Kinianbi
Kiniangi
Kiniati
Kiniati
Kinimbi
Kinimbi Mouléri
Kinimbi Nzouala
Kinkakasa
Kinkakassa
Kinkala II
Kinkala
Kinkala Sud
Kinkambou
Kinkanda
Kinkaya
Kinkembo
Kinkengue
Kinkibi
Kinkolésa
Kinkouambala
Kinkoula
Kinkoumba
Kinkoumba-Nkamba
Kinkoumba-Tanga
Kinkousou II
Kinkousou I
Kinkousou
Kinkozo
Kinkua
Kinndamba Bouninnga
Kinndamba
Kinndamba-Mouyondzi
Kinndamba Ngouéri
Kinndibou
Kinndounga
Kinndouta
Kinngandou
Kinngola
Kinngoli
Kinngoma
Kinngouala
Kinngouanga
Kinngoudi
Kinnguèmbo
Kinnguila
Kinnkakassa
Kinnkambou
Kinnkanda
Kinnkaya
Kinnkie
Kinnkila
Kinnkoumba
Kinnkoussou
Kinnsakou
Kinnsambo
Kinnsassa
Kinnsatou
Kinnsélé
Kinnsoumi
Kinnsoundi IV
Kinnsoundi
Kinnssassa
Kinntaba
Kinntamou
Kinntouari
Kinntoumba
Kinnzamba
Kinnzémba
Kinnziété
Kinnzoumba
Kinnzoumi
Kinnzoundi
Kinnzoundou
Kinouani
Kinsaba
Kinsaka
Kinsakou
Kinsambo
Kinsana
Kinsatou
Kinsélé
Kinshassa
Kinsimba
Kinsoko
Kinsouari
Kinsoumi
Kinsoundi
Kinsoundi
Kinsoundi Malonga
Kinsounga
Kinsoungui
Kintaba
Kintamba
Kintamou
Kintangoma
Kintanzi
Kintari
Kintélé
Kintibi
Kintoua
Kintouari
Kintoumba
Kintounga
Kintsaka
Kintsana
Kintsembo
Kintsimba
Kintsoko
Kintsoundi II
Kintsoundi
Kinvimba X
Kinzaba
Kinzambi
Kinzélé
Kinzié
Kinziéri
Kinzieta
Kinziété
Kinzoumi
Kinzoundi
Kinzoundou
Kinzoundou
Kionzo
Kiosi
Kioua
Kiowa
Kipanda II
Kipanda I
Kipanda
Kipandzou
Kipélé
Kipessi
Kiri
Kisanga
Kisasa
Kisendé
Kisenga
Kisengélé
Kisengélé Mayéla
Kisiambi
Kisiami
Kisielé
Kisinga
Kisisi
Kisonga
Kissanga
Kissenga
Kissenguélé
Kissiambi
Kissiélé
Kissinga
Kitabi
Kitadi
Kitamba II
Kitamba I
Kitanzi
Kitembé
Kitengui
Kitidi-Tounga
Kitiomo
Kitoko
Kitouma
Kitoumba
Kitoumba
Kitoundou
Kitounga
Kitouwo
Kitsakou I
Kitsakou
Kitsindi
Kitsitsidi
Kitsonga
Kitsoumbo
Kitsoumbou
Kitsounga
Kitza
Kitzoa
Kitzoa
Kivala
Kivandza
Kivangani
Kivanzi
Kivévé
Kivimba
Kivoudi
Kivoula
Kivouti
Kiyala
Kiyala
Kiynda
Kiyndou
Knanga Ntaki
Koal
Koani
Koaunga-Balawa
Kobi
Kodia
Koendi
Kogni-Kogni
Kokabikoulou
Koka
Koko
Kokoloungou
Kokoua
Kola
Kola
Koléde
Kolo
Kololo
Koma
Komba
Kombana
Kombo-Kombo
Komo
Komono
Kondé
Kondé
Kondé-Mbaka
Kondi
Kondi-Mbaka
Kondi-Plage
Kondo Sounga
Kondso
Konga
Kongalikou
Kongho
Kongokivounda
Kongo
Kongo
Kongo
Kongo
Kongotali
Kongoulou
Kongozoba
Koni-Koni
Konpanyi
Konziolo
Korogo II
Korogo I
Korogo
Koso
Kosouna
Kossouna
Kotchi
Kotemitef
Kotie
Koto
Kotomitef
Kotondi
Kouai
Kouaka
Kouaka
Kouali
Kouamba
Kouami
Kouamou
Kouanga
Kouango
Kouani
Kouanzé
Koubansaki
Koubemba
Koubotchi
Kouboua
Koubou
Koubou
Kouboulankoutou
Koudou
Koudoulou
Kouédika
Kouédiké
Koué
Kouélé
Koufoli
Koufoua Moukoulou
Kougni
Kougni
Koui
Kouilou
Kouimba
Kouka
Kouka
Kouka
Kouka Loko
Koukébéna
Koukébeséné
Koukébesséné
Kouko
Kou
Koukoua
Koukouala
Koukou
Koula-Mandi
Koula-Mandou
Koulengéne
Koulméléné
Koulmélén
Koulombo
Koulou
Koulou
Koulouo
Koumba
Koumbi Touzou
Koumbou
Koumbou Liambo
Koumbou-Liambou
Kouméya
Koumina
Koumou
Koumou
Koumounené
Kounda (CFHBC)
Kounda Katikati
Kounda
Kounda-Moliba
Kounda Nord
Kounda Sud
Koundi
Koundoumou
Koundoutaba
Koundzoulou-Miranda
Kounga
Kounga
Koungama
Koungou
Koungou
Koungou
Koungoulou
Kouni
Kouni
Kouni
Kounzoulou Français
Kounzoulou Idouani
Kounzoulou Marinoni
Kounzoulou Miranda
Kounzoulou Moké
Kouolo
Kouomi
Koura
Kousombi
Kousou Kanbana
Kousoukouma
Kousou
Koussanga
Koussou-Kambala
Koussou-Kambana
Koussoukouma
Kouta
Kouti
Koutina
Koutina-Nzambi
Koutou-Kobambi
Koutou
Koutsaya
Koutsaya Loubéoua
Kouya
Kouya
Kouyi
Kouyou-Gandza
Kouyou
Koyo
Koyo
Laga
Lalangoye
Lambi
La Mission
Landamambou
Landza
Langa-Bouennza
Langa-Langa
Langalanga
Lango
Lango
Langon
Langou
Lanza
Lari
La Sounda
Layiki
Lébagni
Lébala
Lébala
Lebanga
Lebango II
Lébango
Lebangui
Lébani Lenkala
Lébanyi
Lébaye
Le Baye
Lebayi
Lébayi
Lébay
Lébiga
Lebili
Leboko
Lebolo
Lébomo
Lébou
Lebounga
Le Briz
Lecania
Léchia
Lecori
Lecouna
Le Férik
Léfini
Lefinimpala
Léfoumou
Léfounou
Lefourou
Léfoutou
Leka
Lékana
Lekana
Lékana
Lékana
Lékangi
Lekania
Lékati II
Lékati I
Lékati
Lékélé
Lékendze
Lékendzié
Lékéti
Lekety
Lékita
Lékoli
Lékoli
Lekondji
Lékori
Lékouala
Lékouala
Lékouga
Lékoupe
Lekwon
Lemba
Lemba
Lembé
Lembo
Lemboumbou
Lémé
Lémigi
Lémigui
Lemvouri
lengé
Lèngo
Lengo
Lengoué
Lengue-lengué
Lèngui
Léngui-Léngui
Lenion
Lenkala
Lenzi
Léoia
Lépoua
Lépouba
Lérépanda
Lesanga
Les Bandas
Leshia
Lésia
Lésia-Tsounou
Lessanga
Les Saras
Lessia
Lessia
Lessia
Lessia-Tson
Léssio
Le Temps Passé
Léto
Letoumbou
Léwala
Léyomi
Lézou
Liambou-Néné
Libakoa
Libala
Libèngué
Liboka
Liboko
Libonga II
Libonga I
Libonga
Libonga
Liboua
Liboumbou
Libounga
Lidouma
Liémé
Lien
Lifoula
Liganga
Lihahi
Likaya
Liké
Likendzé
Likié
Liko
Likombo
Likomé
Likouakoua
Likouala
Likouangoula
Likouga
Likouka
Likounda
Likwakwa
Lilanga
Lima
Limo
Linganga
Lingo
Lingué
Lingué Naoué
Linguenawe
Lingue-Ongali
Lingué-Ongoye
Lingué-Ongoyo
Linkouala
Linyanga
Linzolo
Liongoli
Liouesso
Liouesso
Liouesso-Nord
Liouesso-Sud
Lipeité
Lipendja
Lipounou
Liranga
Lisalangomba
Lisandja
Lisanga
Lisanga
Lisiémi
Lisoukou
Lissengué
Lissiélo
Lissoukou
Loaka
Loandjili
Loango
Loango
Lobok
Loboko
Loboko
Lobo
Lobo-Moké
Lobomo
Lobonga
Loemba
Loengo
Lokakoua
Lokanda
Lokanga
Loko
Lokomo
Lokwéle
Lombe-Kombila
Lombé
Lombia
Lombolo
Lombo
Londa-Mataba
Londé Boundou
Londela-Kaye
Londéla-Kayes
Londela-Mpoukou
Longa-Seize
Longa-Senz
Longa Tènz
Longo-Bapou
Longo I
Longoli
Longo
Longo
Lonmbo
Lopembe
Lopo
Losange
Loso-Ngélé
Lossi
Losso-Nguélé
Lossy
Loto
Louanba
Louanga
Louango
Louantili
Louba
Loubamba
Loubanguila
Loubébézi
Loubetsi
Loubindou
Loubitoukou
Loubomo
Loubota
Louboto
Loubouk
Louboukou
Loubou
Louboulou
Louboulou
Loubumbou
Loudima Gare
Loudima
Loudima Poste
Loudjenvo
Louémo
Louendé
Louenga
Louengo
Louesi
Louéssi
Loufoula I
Loufouyou
Louguémo
Louhoumou
Louidma
Louila
Louingi
Louingui
Louinngui
Loukakou
Loukana
Loukanga
Loukanyi
Loukélo
Loukengo
Loukenine
Loukénini
Loukesi
Loukéssi
Loukokela
Loukoko
Loukoléla
Loukonga
Loukosi
Loukouala
Loukouala
Loukoulou
Loukoumou
Loukounga
Loukouni
Loukouo
Loukouta
Loulema
Loulemba
Loulimba
Loulimba
Loulombo
loulou-Mayékou
Loulou Moyéko
Loumanga
Loumbia III
Loumbia II
Loumbia I
Loumbia
Loumiki
Loumingou
Loumo
Loumou
Loundala
Loundou
Loundou
Loungou
Lounoua
Louolo
Louo
Louomi
Lousala
Louséka
Loussala
Loussa
Lousséka
Loussouogou
Loutembo
Loutété
Louvakou
Louvenza
Louvila
Louvila
Louvouiti
Louvoulou
Louvouti
Louza
Louzouri
Loyakou
Loyo
Loyotcho
Mâa
Maa
Mababa
Mabafi
Mabahassa
Mabakou
Mabalam
Mabanga
Mabangui
Mabassa
Mabaya
Mabaya
Mabela
Mabélou
Mabenda
Mabenga
Mabengo
Mabima
Mabimba
Mabinda
Mabindou
Mabirou
Mabiti
Maboko II
Maboko I
Maboko
Maboko
Maboko
Mabombé
Mabombo IV
Mabombo
Mabombo
Mabongo
Maboua
Maboudou
Maboukou
Maboulou
Mabounda Bakota
Mabounda Batéké
Mabounda
Mabwa
Macao
Madéba
Madiamilina
Madiba
Madibou
Madidi
Madimba
Madingo-Kayes
Madingo
Madingo
Madingou
Madingou
Madingou
Madiongo
Madjandja
Madjingo
Madjondo
Madoko
Madouma
Madouma
Madoungou
Madzaka
Madzala
Madzia
Madzila
Madzili
Madzouka
Madzounou II
Madzounou
Mafamba
Mafoubou
Mafoudou
Mafouka
Mafoula
Mafoulou
Mafousi
Mafoussi
Magabia
Magabiga
Magambomana
Magila
Magneli-Dimba
Magnéli
Magne
Magne Scirina
Magobé
Mahantsa
Mahitou
Mahitoutou
Mah
Mah
Mahoukou
Mahounda
Mahounda
Maïdombé
Maï-Dombé
Maïnama
Maïpili
Maïsa
Maïssa
Maïta
Makabala
Makaba
Makabana
Makabandilou
Makagadzoumou
Makaga I
Makaga
Makaga
Maka II
Maka I
Makaka
Makaka
Makaka
Makak
Makala
Maka
Maka
Makam
Makamou
Makanadé
Makana II
Makana I
Makana
Makanda
Makangala
Makanga
Makansala
Makaou
Makasa
Makasou Kola
Makassou Makola
Makaya
Makébé
Makéko
Makéla
Makélé
Makelieme
Makeliém
Makénengé
Makengo
Makéninga
Makié
Makoko
Makoko
Makokosa
Makokossa
Makola
Makolondanbo
Makondo-Mabengé
Makongo
Makotimpoko
Makotipoko
Makoto II
Makoto
Makoua
Makouango
Makouango
Makoubi
Makouékoué
Makoue
Makouhou
Makou
Makou
Makouma
Makouma-Sanmbo
Makounbou
Makoundi
Makoungou
Makoungou
Makouti
Malaba
Malala
Malala
Malambani
Malamouloura
Malanta
Malébé
Maléké
Maléla Bombé
Malélé
Malemba
Malembé II
Malembé I
Malembé
Malémbo
Malengé
Malengé
Malengo
Malengué
Malenngué
Malibéla
Malié
Mali
Malima
Malima
Malima
Malimba
Malimba
Malimbo
Mallembe
Mallembo Kinzema
Mallenibé
Malodi
Malolo
Malolo-Sinistre
Malolo-Village
Malonga
Maloukou-Bambou
Maloukou
Maloukou-Mélézé
Maloukou-Tréchot
Maloulou
Malou
Malouna
Ma
Ma
Mama
Mamba-Ma-Ilou
Mamba
Mamba
Mambanaïlou
Mambangué
Mambengé
Mambio
Mambomo
Mambongo
Mambouana
Mambouana
Mamélé
Mamokamba Niounvou
Mamouanda
Mampé
Mampoumou
Mampoutou
Mampouya
Mamwana
Mana
Manamié
Manbaba
Manbanaïlou
Manbia
Manbio
Manboumolé
Manda II
Manda I
Mandaka
Manda
Manda
Manda
Mandavasoukou
Mandevasoukou
Mandiélé
Mandili
Mandjandja
Mandjéli
Mando
Mandombé
Mandonbé
Mandouasoukou
Mandou Kitoto
Mandou
Mandou
Mandoundou
Mandou Ngoubi
Mandzala
Mandzala
Mandzi
Mandzoko
Manenga
Manengé
Manfoueté
Manfouté
Manfoutou
Manga-Dihika
Manga-Fili
Manga Kala
Mangakala
Manga Kala
Mangala
Mangala
Manga
Manga
Manga Misou
Manga-Missou
Mangandza
Mangandza
Mangandzi
Mangantza
Manganza
Mangélé
Mangola II
Mangola I
Mangola
Mango
Mangomé
Mangongo
Mangori
Mango-Tandou
Mangoufou
Mangouma
Mangoungou
Mangoungou
Mangué
Manguembé
Manguili
Manguiri
Manianga
Manianga
Maniangou
Maniéto
Maniol
Maniolo
Maniyonzi
Mankala
Mankami
Mankési
Mankisa
Mankondi
Mankondo
Mankonongo
Mankoukou
Mankousou
Mankoussa
Mankoussou
Manpimpa
Manpounou
Mansékessé
Mansiédi
Mansoulou
Mansoumba
Mantaba
Mantari
Mantébé
Mantéké
Mantélo
Mantsanira
Mantsende
Manyánga
Manzadonga
Manzakala
Manzaou
Manzi
Maouila
Maounda
Maouno
Maoutani
Mapakou
Mapangoy
Mapati
Mapaya
Mapéla
Mapémé
Mapinda II
Mapinda I
Mapinda
Mapinda
Mapondja
Marala
Maramba
Marata
Marcel
Marchand
Marche
Mardi
Mari
Masabi
Masaka
Masala
Masala
Masala
Masali
Masa
Masamasa
Masamvo
Masanba
Masanba Moutélélé
Masangi
Masangou II
Masangou I
Maségé
Maséké
Masendé
Masengo
Masésé
Masia
Masina
Masina
Masinjo
Masisa I
Masoété
Masoumou
Massaha
Massala
Massala
Massali
Massa
Massamassa
Massambi
Massamou
Massangui
Massassa-Lewémé
Masséla
Massembo-Loubaki
Massendjo
Masséssé
Massia
Massiambi
Massi
Massina
Massina
Massissia
Massoueté
Massouka
Matadi II
Matadi I
Matadi
Matadi
Matakall
Mataka
Matakani
Matala
Matalila
Matali
Matandala II
Matandala IV
Matandala
Matangi
Matangui
Matato
Matchi-Koyé
Mateba
Matéla
Matélé I
Matélé
Matemba
Matembo I
Matembo
Matensama
Matèntsama
Materé
Matiba
Matingou
Matinsama
Matiti
Matoko
Matoko
Matolo
Matombé II
Matombé I
Matombe
Matombé
Matondo
Matoto
Matoto
Matoulou
Matoumbi
Matoumbou
Matouridi
Matoutou
Matsanga
Matsendé
Matsiéné
Maty-Centre
Matzaka
Matzili
Matzouélé
Mavambou
Mavindza
Mavouadi
Mavouéla
Mavoula
Mavounogo
Mavounougou
Mavounou
Mavounoungou
Mawaténa
Mawila
Mayalama
Mayala
Mayala
Mayama
Mayama
Maya-Maya
Mayamboula
Mayanama
Mayanga
Mayanou Kinndamba
Mayanou
Mayeguéle
Mayékou
Mayela
Mayé
Mayénani
Mayéyé
Mayinga
Mayogo
Mayoko-Bakota
Mayoko
Mayoko
Mayola
Mayombé
Mayombo
Mayomé
Mayom
Mayondzi
Mayos
Mayossé
Mayouka
Mayouka
Mayoulou
Mazi
Mazinga
Mbaamba
Mbabidi
Mbadi
Mbaéso
Mbaka
Mbaka
Mbaka
Mbaka
Mbakidi
M'Bako
Mbakou II
Mbakou
Mbala
Mbala
Mbali
Mbali
Mbalouma
Mbalouma-Pointe-Noire
Mbalourou
Mbama Diari
Mbama
Mbama
Mbama
Mba
Mba
M'Ba
Mba
Mbamba
Mbami
Mbamou
Mbamou
Mbanba II
Mbanba I
Mbanba
Mbanba
Mbandza
Mbandza
Mbandza-Nkaka
Mbandza-Sanda
Mbanga
Mban
M'Ban
Mbantounga
Mbantsé
Mbanza Baka
Mbanza Bangou
Mbanza Bèmbé
Mbanza Galangala
Mbanza Gounga
Mbanza Guéri
Mbanza II
Mbanza Kaka
Mbanza Kimoukou
Mbanza-Kiniati
Mbanza Kolo
Mbanza Loukaya
Mbanza Mankondi
Mbanza
Mbanza
Mbanza Mikéngé
Mbanza Mikèngué
Mbanza-Ndounga
Mbanza Nganga
Mbanzangéri X
Mbanza-Ntombo
Mbanza Ouamba
Mbanza Poudi
Mbanza Sanda
Mbanza Tombo
Mbanza Zanga
Mbaya
Mbaya
Mbaya
Mbaya
Mbaya
Mbaya
Mbazok
Mbébagandou
Mbéha
Mbého
Mbeïé
Mbei
Mbelo
Mbémba
Mbemba
Mbemba Ndouala
Mbé
Mbé
Mbembé
Mbéna
Mbéndé
Mbèndza
Mbengo
Mbengue-Nianga
Mbengué-Nyanga
Mbengui-Mamagui
Mbenguimamba
Mbenza
Mbenzé
Mbessa-na-Obambi
Mbéssé
Mbésso-Ouambi
Mbésso Ouambi
Mbéti
Mbetou-d'Ikoumba
Mbetou-Issassa
Mbeyi-Mbola
Mbey Séké
Mbiédi II
Mbiédi I
Mbié
Mbiga
Mbiko
Mbila
M'Bima
Mbimbé
Mbina
Mbina-Monsiba
Mbinda
Mbiongo
Mbiri
Mbirou
Mbobo
M'Bobo
Mbobo
Mbogi
Mbogo
M'Bogo
Mbogui
Mboi
Mboko
Mboko
Mbokou I
M'Bokou
Mbokou
Mboli-Ebaka
Mboli
Mboli
M'Boli
Mboli-Yandza
Mboma
Mboma
Mboma
Mboma
Mboma-Ollembé
Mbomobakota
Mbomo III
Mbomo II
Mbomo I
Mbomo
M'Bomo
Mbomo
M'Bomo
Mbomo
Mbomo
Mbomo
Mbondo
Mbon
Mbonza
Mbota
Mboté-Kola
Mboté
Mboté
Mboté Moukando
Mbotikandou
Mbouaboua
Mbouala Maouolo
Mbouambé
Mboubé
Mboubé-Ondzala
M'Boubou
Mbouda
Mboudou
Mboudzi
Mbouéya
M'Bouila-Yandzo
Mboui
Mbouisi
Mbouki
Mboukoumassi
Mboukou
Mboulémo
Mbouli
M'Bouli
Mbouli-Paka
Mbouli-Yandzo
Mboulou
Mboulou
Mboulou
Mbouma
M'Bouma
Mbouma
Mbou
Mbou
Mboumou
Mbounda II
Mbounda I
Mbounda IV
Mboungou
Mbounou
Mbouomo
Mboutila
Mboutou
Mboutoutou
Mbouza
Mboya
Mbuku
M'Djoundou
Méango
Médiao
Mékakala
Mékala
Mékam
Mékana
Mékouka
Mekoum
Méléléké I
Mélen
Mélézé
Mélibou
Mémé
Menangéla
Ménanguéla
Menboua
Mendiong
Mendzala
Menfouté
Mengo
Mengo
Mensouk
Mépabé
Méragna
Mésoukound
Messimba
Méssouk
Méya
Mfagui
M'Fia
Mfilou
Mfilou-Poste
M'Foa
Mfoua
Mfouati
Mfou
Mfoumou
Mfouomo
Mfoura
Miaba
Miambi
Miami
Mianga
Miango
Mibami
Mibilou
Mibimba
Miboti
Mibouba
Mibouba
Mibouri Mountoubouna
Miconge
Micourou
Midimba
Midoumba
Midzaka
Miele II
Miélé I
Miélékoka
Miélékouka
Miélé-Kouka
Miélé-Makouya
Miélé
Mienanzambi
Miengé-Miengé
Miéni
Mifouma
Mifoumou
Mifoutamba
Migengé
Migété
Migoumbi
Miguèngué
Miguété
Mihanda
Mihété
Mikakaya
Mikamba II
Mikamba
Mikatou
Mikèl
Mikéndama
Mikila
Mikinndou
Mikizou
Mikokoto
Mikoma
Mikomé
Mikondo
Mikonge
Mikonj
Mikoua
Mikouania
Mikoubo
Mikoubou
Mikoudi
Mikouimba
Milamila
Miléléké II
Miléléké
Milélé
Milimba
Milimba
Millongi
Millongui
Milolo
Milombo
Milou
Miloundou
Mimbelli
Mimbelly
MimpalaII
Mimpousa
Mimpoussa
Mimpoutou
Mina
Minanga
Minda
Mindjala
Mindjoukou
Mindouli
Mindouli
Mindou
Mindou
Mindzo Dzoulou
Mindzoukou
Mingali
Mingali
Minga
Mingananga
Minganga
Mingaya
Mingélé
Mingélé
Mingenge
Mingo
Mingo
Minguélakoum
Minguengué
Minguerigue
Minguia
Minguilakoum
Minguila
Minkel
Minnguélé
Minnkamou
Minouka
Minsa Minsa
Minséré
Mintoubou II
Mintoubou I
Mintoubou
Minzère
Minzila
Minziti
Minzoukou
Miongo
Mipoundi
Misafou
Misama
Misa
Misamou
Misanda
Misanga
Misanvi Banda
Misasa Bakota
Misasa Batéké
Misasa
Misengé
Misimaniolé
Misimba
Misio
Misongo
Misousounbi
Missafou
Missama
Missa
Missa
Missanda
Missanga
Missassa Bakota
Missassa Batéké
Missassa
Missènga
Missima Miélé
Missimba
Missongo
Mitélé
Mité Mité
Mitiéné
Mitimiélé
Mitoko
Mitolo Bakota
Mitolo Batéké
Mitolo
Mitoto
Mitouba
Mitoula
Mitoumgou
Mitoungou
Mitouomi
Mitoya
Mitsiba
Mituomi
Mivoka
Miyamba
Miyaya II
Miyaya I
Mkasou
Mkisimbi
M. Nkoye
Moabi
Moaké
Moalou
Moalou
Moa
Moandangoma
Moanga Mapita
Moanga Moungoro
Moangangoba
Moanga Ngouba
Moango
Moango
Moangui
Moazengé
Mobaka
Mobala
Mobanga
Mobangui-Epoyo
Mobangui Matélé
Mobangui-Matélé
Mobangui-Poyo
Mobéla
Mobembo
Mobenga
Mobenzélé
Mobenzellé
Mobéyou
Mobia
Mobilangomo
Mobilangomo
Mobili
Mobili
Mobili
Mobindza
Mobiri
Mocaboula
Mocacoula
Modiba
Modokou
Modounou
Modzaka
Modzanghi
Moèmbé
Moetche
Mogandia
Mogangouélé
Mogouma
Mogou
Mohali
Mohitou
Moindjé
Moka
Mokana
Mokania-Babinga
Mokania II
Mokania
Mokatsou I
Mokatsou
Mokeko
Mokélo
Moké
Mokendo
Mokengi
Mokengui
Mokila
Mokili-Dembé
Mokina
Mokinda
Mokindo
Mokingué
Mokoko
Mokolébili
Mokonda
Mokondo
Mokongoulou
Mokouango
Mokouangounda
Mokoubidi
Mokouma
Mokounda
Mokoungou
Mokoyo
Mokpéténé
Moksétene
Mokwengo
Mokweténé
Molanda-Bossendé
Molangui-Zalatoi
Molébo
Molemba
Molembé Kombé
Molembé
Molembé
Molenda
Molingé-Nzalatoa
Moloko
Molomo
Molongo
Molongo Tiboundi
Molongo Tibundi
Moloundou
Mombanga
Mombellé
Mombelli
Mombellou
Mombelly
Mombenzélé
Mombili
Mo
Mompouo
Mompourou
Monbanga
Monbélé
Monbellou
Monbelly
Monco-Poukou
Mondéko
Mondomassoko I
Mondomassokou
Mondzangui
Mongalé
Mongandjo
Mongania
Mongo Kala
Mongolo
Mongomo
Mongo
Mongo
Mongopoukou
Mongo-Tandou
Mongouala
Mongoudou
Mongouma Bali
Mongouma Baye
Mongouma Moké
Mongouma
Monguélemba
Moni
Monkasa
Monpoutou
Mont Bélo
Mont Boukiéro
Montzonolo
Mopembé
Mopepa-Lobo
Mopombo
Mopouma
Mopounga
Mordeko
Mosambo
Mosana
Mosandjoko
Mosasako
Moségé
Mosembé
Mosengé
Mosété
Moshué
Mosindé
Mosingi
Mossaba
Mossaka II
Mossaka
Mossana
Mossembé
Mossendé
Mossendio
Mossendjo
Mossenghé
Mossengué
Mossété
Mossokoula
Motaba
Motala
Motala
Motaniba
Motanpa
Motémabiongo
Motendzi
Motété
Motoko
Motoko
Motokoumba
Motoli
Mototo
Motoukamba
Motoumongondé
Motsouémbé
Mouabi
Mouala
Mouali Gbangba
Mouali II
Mouali I
Mouali
Moualokali
Moualo
Moualou
Mouanda
Mouanda
Mouandjou
Mouangui
Mouarri
Moubangoudougou
Moubanza
Moubidi
Moubilangomo
Moubirié
Moubiri
Moubiya
Mouboma
Moubotsi
Mouboudou
Moubouyou
Mouchinga
Moudamba
Moudiengila
Moudilou
Moudilou
Moudni
Moudouma
Moudoumou
Moudoundou
Moudounga
Moudouno
Moudzanga II
Moudzanga I
Moudzanga
Moudzima
Mouembé
Moué
Mouengni
Mouèngué
Moufilou
Moufoubou
Moufougou
Moufouma
Mougala
Mougnamou
Mougnigou
Mougongo
Mougoudi
Mougoumi
Mougoundou
Mougoutou
Mouhoumi
Moui
Mouindi
Mouionzi
Moukaba-Itsaka
Moukaba
Moukala
Moukala
Moukambou
Moukanda
Moukanda
Moukandou
Moukasa
Moukasi
Moukassi
Moukatsou II
Moukéké
Moukilingomo
Moukodi
Moukogo
Moukola
Moukombitsi
Moukombo
Moukombo
Moukomokadi
Moukomo
Moukondo
Moukondo
Moukondza
Moukondzi
Moukonzi
Moukoso
Moukossi
Moukouagna II
Moukouagna I
Moukoualou
Moukouanya II
Moukouanya I
Moukouka
Moukoukoulou
Moukoulakenzo
Moukouloukoulou
Moukoulou
Moukoulou
Moukouma
Moukouma
Moukoungoulou
Moukounkou II
Moukounkou
Moukourounzenné
Moukousouna
Moulala
Moulamba II
Moulamba I
Moulamba
Moula
Moulandou Maambou
Moulandou
Moulanga
Mouléké
Moulé
Moulenda
Moulengo
Mouléri
Mouliéné
Mouliengéré
Mouliengoé
Mouliengué
Moulimba
Moulondo
Moulongui
Mouloundou
Mouloundou
Moumanga
Moumani
Moumbili
Moumbi
Moumbotsi
Mouméné
Mouméni
Moumpourou
Moumpoutou
Mounama
Mounda
Moundjéli
Mounembé
Moungembé
Moungengé
Moungoma
Moungoro
Moungoudi
Moungoudou
Moungouéri
Moungouma Moké
Moungoumi
Moungoundi
Moungoundou
Moungoundou-sud
Mouniengé
Mouniengué
Mounkala
Mounkasa
Mounkassa
Mounkomo II
Mounkomo I
Mounkouono
Mounoko
Mounombo
Mounoufoukou
Mounoumbouba
Mounou
Mounpoko
Mounséné
Mounsouélé
Mounsounsou
Mountélembisa
Mountélèmbissa
Mountélé
Mountenbésa
Mountissa
Mountoko
Mountota
Mountote
Mounzaba
Mouoni
Mouossouélé
Moupanou
Moupata
Moupepe
Moupitou
Moupou
Moupouonou
Moupoupa
Mouragni
Mourandjok
Mourima
Mouroumba
Mourounzouengué
Mousabou
Mousahou
Mousanda
Mousandzou
Mousanga-Mayaka
Mousangi
Mousaou II
Mousaou
Mousaou
Mousasi
Mouseingué
Mousélé
Mousenga
Mousengé
Mousenongo
Mousété
Mousia
Mousiengo
Mousinga
Mousinga
Mousondzi
Mousoumo
Moussabou
Moussahou
Moussamou Bouila
Moussamou Igoyo
Moussanda
Moussandjou
Moussaou
Moussènga
Moussengué
Moussénongo
Moussia
Moussia
Moussinnga
Moussogo
Moussolo Dakar
Moussoubou
Moutalango
Moutamba
Moutambou
Moutampa
Moutébé
Moutéki-Holo
Moutela
Moutela
Moutelembadi
Moutelembani
Moutélé
Moutélé
Moutélé-Mpadi
Moutelokiwolo
Moutembésa
Moutembese
Moutembessa
Moutenbisa
Moutènbissa
Moutesi
Moutéssi
Moutété
Moutiéné
Moutikouboua II
Mouti Kouboua
Moutikouboua
Moutimasoungou
Moutimatitsi
Moutimatitsi
Moutimatsitsi
Moutimoulou
Mouti
Moutimoutiri
Moutoko
Moutomba
Moutombo
Moutombo
Moutomoukadi
Moutouala
Moutoua
Moutouasala
Moutoumou
Moutoumounou
Moutsandou
Moutséné Bakota
Moutséné Batéké
Moutsengani
Moutsengan
Moutsiegé
Moutsila
Mouvendza
Mouvendzé
Mouvimba
Mouvinzé
Mouvissi
Mouyabi
Mouyabi
Mouyala
Mouyala
Mouyali
Mouyali
Mouyamba Dakar
Mouyamba
Mouyami
Mouyanga
Mouyani
Mouyantsé
Mouyé
Mouyénzoko
Mouyombi
Mouyondzi
Mouyougou
Mouzènbalala
Mouzènzé
Mouziéto
Mouzini
Movimba
Movisi
Movoumba
Movouto
Moyoko
Moyo
Moyoye II
Moyoye I
Moyoye
Moyoy II
Moyoy I
Moyoy
Mozolonmba
Mpagui
Mpakamatadi II
Mpakamatadi I
Mpaka
Mpaka
Mpaka
Mpalaka
Mpala-Léfini
Mpala
Mpaléké
Mpalou
Mpama
Mpana
M'Pana
Mpanga
Mpan
Mpasa
Mpasa
Mpasa
Mpasitolo
Mpassa
Mpassa-Village
Mpayaka
Mpého
Mpélo
Mpembe
Mpémo
Mpe
Mpé
Mpé
Mpengui
Mpéoula
Mpika
Mpila
Mpili
M'Pili
Mpini
Mpini
Mpira
Mpita
Mpita
Mpoka
Mpombo
Mpo
Mpon
Mpono I
Mposso
M'Pouakou
Mpouandzio
Mpouaya
Mpougui
Mpouïa
Mpoukou
Mpouli
Mpoumako
Mpoumou
Mpounga
Mpounou
Mpouomo
Mpouo
Mpouya Moké
Mpouya
Mpouya
Mtima
Mvagui
M'Vagui
Mvéso
Mvillila
Mvouaka
Mvouara
Mvoula
Mvouma
M'Vouma
Mvouma
Mvou
Mvounda
Mvoungouti
Mvouoma
Mvouta
Mvouta
Mvouti
Mvoutou
Mvuti
Mwagi
Mwali Gbangba
Mwa
Mwapwata
Mwenbé
Mwoni
Nafouka
Nagobé
Nakaoka
Nakoaka
Nakolédé
Namayon
Namobéssié
Namoukèmba
Nanga Loango
Nanga Mpili
Nanga Mpili
N'Cali
Ncésse
Ncossa
Ndaba
Ndallo II
Ndallo
Ndalo
Ndama
Ndama
Ndama-Zoa
Ndamba
Ndandou
Ndéba
Ndéléké
Ndélo
Ndemba
Ndembo
Ndendé
Ndiba
Ndili
Ndjokésséba
Ndjo
Ndjoundou
Ndjounou
Ndoba
Ndolé
Ndolé
Ndollo
Ndolo
Ndoma
Ndondji
Ndong
Ndongo
Ndongo
Ndongo
Ndouba
N'Doulé
Ndoulou
Ndoumba
Ndoumbi
Ndoumbi
Ndoumou
Ndouna
Ndounga
Ndouomi
Ndouo
Ndouo
Ndzakou
Ndzanga
Ndziégé
Ndzongo
N'Dzongo
Némayon
Nemayoug
Nembe
Néméyong
Néméyon
N'Gaba
Ngabé Moké
Ngabé
Ngakili
Ngakoma
Ngala
Ngalé-Babinga
Ngalé
Ngali
Ngamanbou
Ngaman
Ngamé
Ngamiboulou
Ngami
Ngami Ompaye
Ngamisiba
Ngamissiba
Ngamississa
Ngamouéri
Ngamoulouoni
Ngana
Nganat
Nganbaka
Nganba
Nganba
Nganchou
Nganda
Nganda
Nganda Pili
Nganda Simba
Ngandja
Ngandoulou
Ngandou
Nganga-Lingolo
Ngango
Ngania
Ngani
Ngani
Ngan
N'Gantchou
Ngantoko
N'Gao
Ngapimi
Ngara-Binsam
N'Gara-Binzam
Ngasala
Ngasa
Ngayi
N'Gayi
Ngbaka
Ngbala
Ngbondo
Ngéké
Ngéla
Ngélé
Ngelé
Ngélé
Ngélé Okasa
Ngengé
Ngiabombé
Ngidi
Ngila
Ngina
Ngingé
Ngiri
Ngobana
Ngobé
Ngobounda
Ngodivoua
Ngoemouma
N'Goemouma
Ngo II
N'Goïla
Ngoka
Ngoko
Ngola
Ngolé
Ngolé
Ngolé
Ngoloubondo
Ngoma Loupesi
Ngoma
Ngoma Tsé-Tsé
Ngombé
Ngombé
Ngomboulou
Ngomo
Ngomoutcha
Ngonakamina
Ngonaka
Ngonaka
Ngona Maloaongo
Ngonda
Ngondzi
N'Gondzi
Ngo
Ngongo
Ngongo
Ngonogo
Ngono
Ngouaboumou
Ngoua II
Ngoua I
Ngouakandi
Ngouala
Ngouala
Ngouananka
Ngouaneboum
Ngouané
Ngouangala
Ngouanga
Ngoua
N'Gouani
Ngoua Sandji
Ngouba
Ngoubili
Ngoubou
Ngoubou-Ngoubou
Ngoudi
Ngoudou
N'Goudou-N'Goudou
Ngouédi
Ngouélé
Ngouélé
Ngouéné
N'Gouené
Ngouéné
Ngouéri
Ngouindé
Ngouin
N'Gouin
Ngouin
Ngoukou
Ngoulonkila
Ngoulou
N'Goulou
Ngouma
Ngouma
Ngoumbi
N'Goumbi
Ngoumbou
Ngounda
Ngounda
Ngoundiba
Ngoundzia I
Ngounga
Ngounga
Ngoungi
Ngoungou
Ngoungou
Ngoungui
Ngouni
Ngounzia
Ngouomi
Ngouoni
Ngoyboma
Ngoyeboma
Ngoyébouma
Ngoyo
Ngoyo
Nguélé
Nguengué
Nguidi
Nguima
Nguina
Nguio
Nguiri
N'Guiri
Niaba
Niagai
Niague
Niali
Niandji
Niangadili
Niangalélé
Nianga
Nianga
Niangi
Niari
Niengo
Niété Boumba
Nimbakou
Nina
Niongo
Nionzi
Niossoka
Nioungi
Nitoumbi
Njoundou II
Nkala
Nkala
Nkama
Nkana
Nkana
Nkana
Nkanan
Nkangakanga
Nka
Nkan
N'Kaon
Nkasa
Nkasou
Nkaye
N'Kaye
Nkayi
Nké II
Nké I
Nkengé-Mandou
Nké
Nkenzo
Nkéwa Mpémo
Nkieni
Nkila
Nkila-Ntari
Nkitébé
Nkodé
Nkodia
Nkodia Nzanzi
Nkoi
Nkoki
Nkola
Nkola
Nkolbota
Nkolo
Nkolo
Nkombo
Nkomo
N'Komo
Nkonga
Nko
N'Ko
Nko
Nkono
N'Kono
Nkonou
Nkoo
Nkori
Nkoto
Nkoua
Nkoua
Nkoua
Nkoua
Nkouda
Nkoudi
Nkoué
Nkoula Mando
N'Koula Mandou
Nkoul I
Nkoulou
N'Koulou
Nkoulou
Nkoumou
Nkounda
Nkounda
Nkounga
Nkou
Nkouo
Nkouta
Nkoye
Nkoyi
Nkoy
Nlokou Olholo
Nokili-Ngongo
Nola-Moké
Nongue
Noumbou
Nounouka
Nozanghi
Npoumou
N'Pouya
Nsah
Nsaka
Nsamouna
Nsanga
Nsa
Nsiaki
Nsomo
Nsouélé
Nsoundé
Nsoundi
Nsounson
Nsounsou Moana
Ntala
Ntalla
Ntam
N'Tamo
Ntandou
Ntari Binnzèmba
Ntari Binzemba
Ntari
Ntchoumou
Ntchouo
Ntelé
Ntembo
Ntété
N'Tima
Ntokossiala
Ntokou Aimé
Ntokou-Fago
Ntokou-na-Otolo
Ntokou
Ntokou-Otolo
N'Tokouotolo
Ntokou-Otolou
Ntokou-Raymondville
Ntokou-Remondville
Ntombo-Manyanga
Ntombo
Ntongo-Atani
Ntoni
Ntou II
Ntou
N'Tou
Ntoupou
Ntsakabilou
Ntsama
Ntsami
Ntsatointoto
Ntsiami
Ntsimou
Ntsinankio
Ntsiri
N'Tsiri
Ntsoukou
Ntsou
Ntswankan
Nvoui
Nyali
Nyanga
Nzabi
Nzabi
Nzabi
Nzagamani
Nzakamé
Nzaka
Nzaki
Nzalamoni
Nzala
Nzali
Nzalokwé
Nzambi-na
Nzambi
Nzambi-Pogou
Nzambisisi
Nzangi
Nzao I
Nzaon
Nzaou
Nzasi
Nzasi
Nzassi
Nzaza II
Nzaza I
Nzedé
Nzékémé
Nzendé
Nziéké
Nzienzili
Nziéto
Nzila
Nzima
Nzombo
Nzombo
Nzomo
Nzomosi
Nzonzo
Nzouala
Nzoulabout
Nzoulou
Nzoungui
Nzou-Tari
Nzoyo
Oandzi
Obaba III
Obaba II
Obaba
Obako
Obala II
Obala I
Obala-Loango
Obala
Obala
Obana
Obana
Obanda
Obanga
Oban
Obaséné
Obéa
Obéké
Obelango
Obélé
Obélingo
Obéli
Obèmba
Obeme
Obenza
Obéré
Obési
Obessi
Obeya
Obéye
Obey
Obia
Obilaboma
Obilanboma II
Obilanboma
Obili
Obili
Obili
Obimba
Obindza
Oboko II
Oboko I
Oboko
Oboli
Oboli
Obolo
Obomba
Obomi
Obondjo
Obondo
Obongui
Obo
Oboo
Oboti
Obouala
Oboua
Obougou
Oboumba
Oboumi
Oboungui
Obouya
Obouya
Ochendé
Odia
Odicango
Odikango
Odikangou
Odinga
Odinnga
Odio
Odjika
Odjoulé
Odjouli
Odongo
Odoua
Odouka
Odoumina
Odoumouna
Odzala
Odzandongo
Odzatoni
Odzendongo
Odzianti
Odzia
Odziba
Odzika
Odzion
Odzoul
Ofoundou
Ofounou
Ofou
Ogna
Ognenguélé
Ogooué
Ohbanda
Ohembé
Ohoudi
Ohoué
Ohouri
Oibaguie
Oka-Bambou
Okaga
Okaï
Okalataka
Okali
Okamamoué
Okamamwé
Okamandibé
Okamoué
Okamwé
Okanabota
Okana
Okanda Pènda
Okando
Okangamwé
Okango
Okanyi
Oka
Oka
Oka
Okari
Okasa
Okassa
Okassa
Okassa
Okaya
Okaye
Okéka
Okéke
Okéla
Okélataka
Okele
Okélé
Okiala
Okia
Okiba
Okiéké
Okiélé
Okiéné
Okiéné
Okilandzouli
Okilandzouli
Okila
Okoba
Okogo
Okogo
Okokoko
Okoko
Okolo
Okombé
Okomwé
Okona
Okondji
Okondo
Okondo
Okondzi
Okonga
Okongo
Okongo
Okonkiou
Okonmwé
Oko
Oko
Oko-Oko
Okouampi
Okouassé
Okouassi
Okouba
Okoubi
Okouembé
Okoué
Okouéssé
Okoulou
Okouma
Okouma
Okouma
Okoumbili
Okouna
Okounda
Okounda
Okoundou II
Okoundou I
Okoundou
Okounga
Okoungou
Okoungou
Okouniou
Okouon
Okoura
Okouya
Okoyo
Okwanpi
Okwésé
Olana
Olano
Olébé
Olébi
Olélé
Olélé
Olembé
Olémé
Olémé
Olé
Oliéme
Oliémi
Olilamboma II
Olilamboma I
Oli
Oliri
Ollébi
Ollemé
Ollende-Bouma
Ollèndé
Olle
Ollibi
Olloli
Ollombo
Olloua
Ollou
Oloba
Ololi I
Ololi
Olombo
Olombo
Olonga
Olongoné
Olongo
Olono
Oloti
Oloua
Olouma
Olouno
Olounou I
Olounou
Olou
Olouo
Olouo
Ombala
Ombébo
Ombéké
Ombélé
Ombima
Ombina
Ombo
Omboye
Omboyi
Oméinkouéré
Omékingo
Omoï ancien Poste
Omoï Gouengué
Omoï Gouvengoué
Omoï Mokanda
Omoï
Omouandja
Omoy Bayombé II
Omoy Bayombé
Omoyé Mayombé
Omoy-Gadzita
Omoy Gouengé
Omoyi Ngadzita
Omoyi Wussu
Omoy Mokanda
Omoy Ngala
Omoy
Omoy
Omoytsani
Omoy Wusu
Omphounou
Omphourou
Ompoho
Omtchouomo
Omvoula
Onanga
Onan
Onchouondjoko
Ondaba
Ondaka
Ondama I
Ondama
Ondingi
Ondjouba
Ondongo
Ondouna
Ondzala
Ondza
Ondzatounou
Ondzela
Ondzeli
Ondzio
Onfounou
Ongali
Ongali
Onganaka
Ongendé
Ongéne
Ongia
Ongia
Ongo III
Ongomon
Ongomo
Ongondza II
Ongondza I
Ongonyi
Ongo
Ongouala
Ongouba
Ongouémé
Ongouli
Ongounda
Ongoundja
Ongouoni
Ongoye
Ongoy
Onguendé
Onguia-Endéli
Onguia
Onguia
Onguida
Onguido
Onguinda
Ongwala
Onianva
Onia
Onienga
Oniénguélé
Oningui
Oniombé
Onionbé
Onkala
Onkasa II
Onkasa
Onkassa II
Onkassa
Onkey
Onkiélé
Onkonoso
Onkonosso
Onkouma
Onna
Onnzélo
Onoabi
Onouèngué
Onpouana
Onsi
Ontabi
Ontchouandjoko
Ontchouomo
Ontchouo
Ontchouo
Ontogo
Ontolo
Onto
Ontourou
Ontsay
Ontsiaye
Onzala
Onzélé
Oouando
Ooua
Opagui
Opaka
Opa
Opari
Opfou
Opigui
Opi
Opokania
Oponga
Opouma
Opounda
Opounga
Opoungou
Opunga
Orienga
Osaga
Osangi
Osao
Osa
Osélé II
Osélé-Moké
Osélé
Osianka
Osia
Osiba
Osio
Ossaga
Ossaga
Ossaké
Ossaki
Ossambou
Ossanga
Ossangui
Ossangui
Ossao
Ossa
Ossa
Osségué
Ossélé
Ossélé
Ossia
Ossiélé
Ossindo
Ossio
Ossomba
Ossombo
Ossonangai
Ossouangui
Ossoué
Ossounga
Otabi
Otala
Otala
Otala
Otali
Otama
Otamba
Otamboko
Otambo
Otana
Otando
Ota
Otari
Otchalaka
Otchétché
Otchouanké
Otchouanoa
Otchulaka
Otéké
Otema
Otèndé
Otogo Ollibi
Otogo
Otoko
Otouéné
Otourou
Otsalaka
Otsato
Otsende
Otsendé
Otséné
Otsénié
Otsiendé
Otsindé
Otsini
Otsokia
Otsouandjoko
Otsouanta
Ottendé
Ottui
Otui
Otzatounou
Otzia
Ouaka
Oualala
Ouanda-Mpassa
Ouanda
Ouando
Ouandotanda
Ouandzi
Ouannaga
Ouaoua
Oubouéssé
Oudiomakobo
Oudji
Oudzima
Ouéka
Ouéndzé
Ouennza
Ouenzé
Ouenzia
Ouesso-Bila
Ouesso-Mbila
Ouesso-Moke
Ouésso
Ouinga
Oukébéné
Oukebeni
Oundjadoumou
Ounza
Ououa
Ourombi
Ouroum
Ourumbi
Oussi
Oussoumba-Issongué
Outa Ingama
Ovansoki
Ovendzé
Ovounigui
Owando
Owé
Owogui
Owoué
Oyaba
Oyabi-Boula
Oyabi
Oyala
Oyali
Oyali
Oyama
Oyananga
Oyana
Oyana
Oya
Oyeba
Oyèmbé
Oyendze
Oyènzé II
Oyènzé I
Oyé
Oyima
Oyombé
Oyombo
Oyomfoula
Oyomi
Oyonfoula
Oyongo
Oyongo
Oyo
Oyo
Oyoué II
Oyoué I
Oyoué
Oyou-Gamboma
Ozala
Ozéma
Padi
Pakandjako
Pakandjoko
Pakandjolo
Paka
Paka
Paka
Pakasa
Pakassa
Pakendé
Pako
Pakou
Palabaka
Pali
Pali
Palmeraie
Pama
Pamba II
Pamba I
Pamba-Odzaka
Pamba
Pamba
Pambo
Pampoko
Pana
Pandama
Panda
Pandi I
Pandil
Pandi Mamba
Pandi
Pandji Bouéti
Pandji
Pangala
Pangala
Pangala
Panga
Panga
Panga
Pangi
Pangola
Pangondamou
Pango
Pangou
Pangui-Boulou
Pangui
Papaye
Paris
Paris
Pasipé
Pasitolo
Passa
Passa
Passibé Nzomossi
Passimoni
Passi-Passi
Passitolo
Pastorale
Pati
Patra
Pémo
Pènda
Pengi
Péola
Pésamoto
Petit Bois
Petit Dandi
Petit Kimoele
Petit Kongokivounda
Petit Yandza
Picounda
Piémé
Pié
Pikamandéla
Pika-Songho
Pikasongo
Pikounda
Pilikondi
Pina
Pinda-Mbigou
Pindi
Pingouama
Pini
Placongo
Pointe Lékondé
Pointe-Noire
Pointe Noire
Pokola
Pombo-Bouendza
Pombocho
Pombo
Pombo
Pombosso
Ponbo
Ponga
Ponga
Pono
Pont du Niari
Popo
Pora Pama
Pori
Posi
Poté
Poti
Poto Poto II
Poto-Poto
Poto-Poto
Poto-Poto
Poto Poto
Poto Poto
Poudi
Pouéré-Essengué
Pouéré
Pouka
Poukoulou
Poulani
Poumako
Poumba-Ekok
Poumba-Ekoum II
Poumba-Ekoum I
Poumba Ekoum
Poumba Etiouk
Poumba
Poumba
Poumbou
Poumbou
Poumou
Pounamoué
Poundzou
Pounga
Poungou
Poungou-Poungou
Pounou
Pousamay
Pousou
Poussou
Pouyan
Ptso
Puri
Quartier Tchinouka
Quimpanza
Ranzi
Remondville
Renéville
Roundel
Route Eta
Saba
Safou
Saint-Benoît
Sainte-Marie
Sainte Radegonde
Saint-François de Boundji
Saint-François
Saint-Paul
Saint Pierre
Sakala
Sakameso
Sakamèsso
Sako
Salabiakou
Salambama
Salambé
Sala
Sala
Sambala
Samba
Sambitsou
Sandjala
Sandzou
Sanfil
Sangamvila
Sanga-Mvila
Sanga
Sanga Vila
Sangavimba II
Sangavimba I
Sango Bayoua
Sango
Sango
Sansa
Sansfil
Santa Maria
Sanza
Satou Bouala
Seca
Sédèk
Séka
Séké-Pembé
Séléké
Sembé
Sémbé
Sémo
Sengolo
Sèngo
Séré
Sésé
Séssé
Sexcello
Sexo
Sexse
Sexso
Siafoumou
Siafounou
Siala
Sialivako
Sialivakou
Sia
Sibakala
Sibibamba
Sibidi
Sibiti
Sibititi
Sibitou-Kouenda
Siésé
Sietamapoto
Sikama-Kamba
Sima
Simba
Simonbondo
Simon
Sinabatsoa
Sinansinga
Sinda
Sinda
Sindéla
Sine Bamba
Singabanana
Singa
Sinkaba
Sinngabanana
Sintou
Soasangou
Soasoa
Sonel-Louamba
Songa
Songho
Songo-Bayouha
Songo
Songo
Sossolo
Souaka
Souangi
Souangui
Souangui
Souanké Maniane
Souanke-Semne
Souanké
Souassoua
Soufflay
Sougoumano
Souki
Soukissa-Balloys
Soukomoyo
Soukou-Bouadi
Soukou-Madingou
Soukoumané
Soukoumonié
Soukou
Soukou
Soulou
Soulou
Soumalé Koyo
Soumbá-Likoyo
Soumba
Sounda
Soundi
Soungou
Soungui
Souou
Ssembe
Sténégé
Suangué
Taba
Tadimosi
Tadi
Talamich
Talangaï-Balloys
Tala-Ngai
Talangai
Talas
Tala
Tala-Tala
Talinga
Tama
Tandou-Bèndé
Tandou-Bengo
Tandou-Binzé
Tandou Bivenzé
Tandou Bizenzé
Tandou Matombé
Tandou Mboma
Tandou Mboukou
Tandou Mboulou
Tandou
Tandou Youbi
Tandou-Youmbi
Tanga
Tatoukila
Tchaba
Tchambitcho
Tchékapika
Tchéré
Tchérré
Tchibadika
Tchibala
Tchibamba
Tchibanda
Tchibangou
Tchibondji
Tchibota
Tchiboula
Tchicongoula
Tchiconkuati
Tchiendjili
Tchiendji
Tchikanou
Tchikapika
Tchikissaloko
Tchikongoula
Tchikoudouma
Tchikouimba
Tchikoundou-Malela
Tchikoundou
Tchilala
Tchilamana
Tchilimbi
Tchilonga
Tchilounga
Tchilounga
Tchilou
Tchimagni
Tchimbambouka
Tchimbanbouka
Tchimbanmba
Tchimbanmbouka
Tchimossi
Tchimpassi
Tchimpila
Tchingoli
Tchinguédi
Tchinguèmbéré
Tchiniambiloémé
Tchiniambi-Loemé
Tchiniambi
Tchinianmbiloémé
Tchinimi
Tchinionzi
Tchinouka
Tchiobo
Tchipouka
Tchisafou
Tchisakata
Tchisamanou
Tchisanga
Tchiséka
Tchissafou
Tchissakata
Tchissamanou
Tchissanga
Tchisséka
Tchissoko
Tchitanga
Tchitchounga
Tchitondi
Tchivoula
Tchiyèndji
Tchizalamou
Tchizondi
Tchizonzi
Tchono
Tchouanké
Tebele
Télémono
Tembele
Témbélé
Tembé
Tembé
Tenda Bizenzé
Tendou Bengo
Tension
Tenta
Tiamba
Tiboungama
Tibungama
Tiéli
Tiendzi
Tiénza
Tienzolo
Tié-Tié
Tikonzi
Tilala
Tililou
Tiliou
Tilouèmba
Timana
Timoukatsou
Tingoy
Tinkousou
Tinkoussou
Tionzo
Tipoye
Tipoy
Titi
Tokou-Hola
Tolo
Tomba
Tomba
Tombi
Tombi
Tombo Kolo
Tombo
Tonato
Tondo
Tongo Moké
Tongo
Tongo
Tonkama
Totodombi
Touakama
Touala
Toual
Touamaka
Touboula
Touesso
Toukakata
Toukoulaka
Toumbi
Toumbi
Toumbou
Toundou Siana
Toundou
Touo
Tourné
Traversbanc
Tsaba
Tsabouka
Tsabou-Tsabou
Tsali
Tsama II
Tsama I
Tsama-Lékoli
Tsama
Tsama
Tsampoko
Tsampokou
Tsampoto
Tsanda
Tsanga-Mbouma
Tsanganabiella
Tsanga
Tsanga
Tsangi
Tsangi
Tsangou
Tsani
Tsatou
Tséganpika
Tséka
Tséké-Mpembé
Tsembo
Tsénéné
Tsenga
Tsènguénabiéla
Tsétséké
Tsétsé
Tsiaki II
Tsiaki
Tsiako
Tsiangi II
Tsiangi I
Tsiangui I
Tsibakala
Tsibititi
Tsiboukou
Tsiéké
Tsiélelé
Tsiémayo
Tsiémé-Mandiélé
Tsikanou
Tsimba
Tsimboukou
Tsinéné
Tsingidi
Tsinguidi
Tsiounanamoutsandou
Tsitsa
Tsmiboukou
Tsokadoum
Tsokia
Tsomono I
Tsomono
Tsongapa
Tsongo II
Tsongo I
Tsongo-Otama
Tsongo-Pa
Tsongo
Tsotsokoumou
Tsouankan
Tsouengi
Tsoulookasa
Tsouma
Tsoumbou
Tsoumbou
Tsoundi
Tsouo
Tsou
Tzambisisi
Tzodzo
Uoussoundzi
Vaga
Vaka
Vandji
Vanga
Vanza
Véla
Vila
Vilikagni
Vilitagni
Village Babinga
Village Bacongo
Village Kondé
Village Mossaka
Villages Nghélé
Villages Tchissanga
Village Tiniambi
Vindoulou
Vindza
Vinnza
Vinza
Vista
Vivario
Voka
Vondza
Vono
Vouala
Vouali
Vouanza
Vouara
Vouga Itounou
Vouga
Vouga
Vouka
Vouka
Voulalikondé
Voulaniango II
Voulaniango I
Voulaniangou
Voula
Voula
Voule
Vouloumamba
Vouloumanba
Voulou
Voumamboko
Voumanboko
Vouma
Vounda II
Vounda I
Voundala
Vounda
Voungamonio
Voungouta
Vouti
Vouvou
Walala
Wala
Wanda Kouni
Wandakousombi
Wanda
Wéka
Wendzé
Yaba II
Yaba II
Yaba I
Yaba I
Yaba Mbéti
Yaba
Yaba
Yabongo
Yaka-yaka
Yakou
Yalalakissi
Yalala
Yalavounga
Yala Vounga
Yala
Yamadjélé
Yamamba
Yama-Moukondo
Yama
Yama
Yama
Yama
Yamba
Yamba
Yambiko
Yambo II
Yambo
Yanamba
Yanana
Yananga
Yana
Yanba
Yandza
Yandzila
Yanébout
Yanga Dzala
Yangala
Yanga
Yanga
Yanga
Yanga
Yangboue
Yangi
Yango
Yangui
Yanika
Yaniko
Yanou
Yaya Gare
Yaya
Yaya
Yaya
Yédéké
Yédiké
Yédiké
Yelma
Yembelangoye
Yembélangoy
Yembo
Yenanganou
Yèndé
Yéné Ganou I
Yénéganou
Yenenganou
Yenga
Yengo-Babinga
Yèngo Moké
Yèngo Monenn
Yengo
Yengo
Yetila
Yé
Yili
Yima
Yloumata
Yogo
Yokama
Yoka
Yoko
Yoko
Yombé
Yombo
Yongolo
Yonon
Youbi
Youiounkoye
Youkoy
Youlambali
Youlandzami
Youlandzami
Youlandziami
Youla Nzamé
Youlanziami
Youlokoyo
Youlou Bienge
Youlou Bièngué
Youloukoyé
Youloukoyi
Youlou Mayékou
Youlou Mokila
Youmba
Youmbé
Youmbi
Youmbo
Youngou
Youngou-Zassi
Yoyo
Yuomi
Zabata
Zabéta
Zabi
Zabi
Zalangoie
Zalangoye
Zalangoy
Zalangoy
Zalom
Zalongoye
Zalon
Zamba
Zambi-Kala
Zambi Sissi
Zambi
Zanaga Bakota
Zanaga Batéké
Zanaga
Zanghi
Zanzi
Zatchi
Zavanga II
Zavanga I
Zavanga
Zedimba
Zegabout
Zégabou
Zembé Tchécosso
Zevengé
Zevengue
Zialaba
Ziéto
Zilala
Zima
Zinga
Zingo
Zinnga
Zolabantou
Zolle
Zoloum
Zondé
Zonzo
Zouanké
Zouelabout
Zoulabouth
Zoulabout
Zoula
Zouloukabi
Zouloumongo
Zoulou
Zoul
Zoumboulaye
Zoumbou
Zouno Péna
Zouoba
Zou
