Amuri
Areora
Arorangi
Arutanga
Arutunga
Avarua
Avatiu
Home
Ivirua
Ivirua Village
Karanga Village
Kaumata Village
Kimiangatau Village
Mangarei Village
Mapumai
Matavera
Muri
Natikitea
Ngatangiia
Ngatiarua
Nikao
Nikaupara
Nukatere
Nukuao
Omoka
Omoko
Oneroa
Palmerston Island Village
Palmerston
Papaolematuu
Papapapaitai
Papapapaiuta
Pue
Reureu
Roto
Tamarua
Tamarua Village
Tauhunu
Tauhunu Village
Tautua
Tautu
Tava'enga Village
Teenui
Te Enui
Temakatea Village
Tengatangi
Tengatangi Village
Te Tautua
Titikaveka
Titikaweka
Toamua
Tukao
Tuko
Tuko Village
Vaipae
Village
