Abanico
Abarca
Abranquil
Abtao
Achacala
Achacollo
Achao
Achau
Achuelo
Achupallas
Agoni
Agua Amarga
Agua Amarilla
Agua Blanca
Agua Buena
Agua Buena
Agua Buena
Aguada
Aguada de Cachinal
Aguada del Pueblo
Agua de Doro
Agua de Lazo
Agua Dulce
Agua Fria
Agua Grande
Aguantao
Agua Salada
Aguas Blancas
Aguas Buenas
Aguas Buenas
Aguas Calientes
Aguas del Volcan
Ahinco
Ahoni
Aico
Aijota
Aillipen
Aillo Beter
Aillo Talor
Aimani
Ainco
Aiquina
Airacollo
Airo
Aisen
Aitue
Aitui
Aituy
Ajata
Alachildu
Alao
Alca
Alcantara
Alcerreca
Alcones
Alcones
Aldachildo
Aldachildu
Aldana
Alerce
Alfalfal
Alfalfalito
Alfalfito
Algarrobal
Algarrobito
Algarrobo
Algarrobo
Algarrobo
Algorta
Alhue
Alicahue
Alicia de Penaflor
Alico
Allipen
Almagro
Almahue Viejo
Almendral
Almendral
Almendrillo
Almendro
Almirante Latorre
Almireses
Alojamiento de Quitala
Alojamiento Sallihuinca
Alona
Alpajere
Alqui
Alsore
Altamira
Altar
Altar Alto
Alto Beter
Alto Choen
Alto de Callihue
Alto de Jahuel
Alto de la Posada
Alto de las Padillas
Alto del Caimen
Alto del Carmen
Alto del Molino
Alto de los Padillas
Alto del Puerto
Alto de Nerquihue
Alto de Qullaipe
Alto de Ramirez
Alto de Ramirez
Alto de Tuna
Alto Hospicio
Alto Jahuel
Alto Nilahue
Alto Palena
Alto Ramirez
Alto Talor
Altovalsol
Alto Vilches
Altue
Altuza
Alvarado
Amarga
Amazaca
Amazac
Ambillo
Americana
Amincha
Anaguani
Anantocollo
Ancagual
Ancahual
Ancallapo
Ancalle
Ancara
Ancayuconi
Anchicha
Ancoa
Ancocalane
Ancocalani
Ancocatani
Ancolacane
Ancollo
Ancomarca
Ancopujo
Ancovilque
Ancovinto
Ancuaque
Ancud
Ancue
Ancuta
Andacolla
Andacollo
Andalien
Andes
Angachilla
Angachilla Nueva
Angeles
Angol
Angostura
Angostura
Angostura
Angostura
Angostura
Angostura
Animales
Anocalani
Ansipar
Antiguala
Antihuala
Antilhue
Antillanca
Antofagasta
Antuco
Aoni
Apamica
Apamilca
Aparejito
Apatitas
Apeche
Apiao
Apiau
Apoquindo
Aquina
Arabilla
Arachildu
Aradchildu
Araucana
Arauco
Aravilla
Arboleda Grande
Arboledas
Arboledas de Pedehue
Arco
Arenilla
Arepunra
Arepunta
Argentina
Arica
Arinia
Ariquilda
Armahue
Arojane
Aroma
Arrayan
Arrayan
Arrayan
Artificio
Artificio de Pedegua
Asa
Asentamiento Chepa
Asentamiento Cuatro de Septiembre
Asentamiento Fundo Rio Pescado
Aserradero La Paciencia
Asiento Viejo
Astillero
Atacalco
Atacama
Atilla
Aucanquilcha
Aucanquilla
Aucar
Auchac
Aucho
Auco
Auco
Auco
Auquinco
Ausipar
Ausipas
Autilla
Ayacara
Ayarara
Ayaviri
Ayco
Aymani
Ayquina
Ayrocollo
Aysen
Aytuy
Aza
Azapa
Azapa Chico
Azufreras Rancho
Bahia Carrera
Bahia Mansa
Bahia Manza
Bahia Murta
Bahia Pargua
Bajo El Ala
Bajo Las Pataguas
Bajo Lircay
Bajo Palena
Bajos de Lircay
Bajos de Mena
Balada
Balala
Bali
Balmaceda
Balmaceda
Balneario de Jahuel
Balsas
Banaguano
Banos Andres Jiguata
Banos
Banos
Banos Chismisa
Banos de Berenguela
Banos de Chismisa
Banos de Chusmisa
Banos de Colina
Banos del Tupungato
Banos de Panimavida
Banos El Barro
Banos Puchultisa
Banos Quiguata
Baquedano
Baquedano
Barazarte
Barnechea
Baron
Barquito
Barquitos
Barrabas
Barranca de la Canela
Barranca de Piche
Barrancas
Barrancas
Barranquilla
Barras Arana
Barraza
Barriles
Barros Arana
Bateas
Batuco
Batuco
Belben
Belen
Bellavista
Bellavista
Berenguela
Berraco
Bersovio el Covacio
Beter
Bill
Blanca Rosa
Blanquillo
Bobadilla
Boca Bio-Bio
Boca
Boca de Pupuya
Boca Pupuya
Bocatoma
Boco
Bodeguilla
Bodeguillas
Bodeguita
Bodenca
Bodeuca
Bolleco
Bollenar
Bolsico Sur
Bolson
Bombalot
Bomba Vergara
Boroa
Botijeria
Boyeco
Boyeruca
Bucalemu
Bucalemu
Buchupureo
Budeuca
Buenaventura
Buenaventura
Buen Retiro
Buill
Buin
Buli
Bulnes
Burro Muerto
Burros
Bustamante
Bustamante
Butalcura
Caamana
Cabach
Caballo Muerto
Cabana
Cabecera
Cabeceras
Cabeza de Vaca
Cabildo
Cabrane
Cabreria
Cabrero
Cabrito
Caburgua
Cachahuano
Cachapoal
Cachitos
Cachiyuyo
Caguache
Caguachi
Cahuelmo
Cahuil
Cahuisa
Cahuiza
Caiban
Caicupil
Caigua
Caihua
Cailloma
Caimanes
Caipulli
Cajon
Cajon
Cajon
Cajoncito
Cajon de los Valle
Cajon de Mela
Cajon Grande
Cajon Meta
Calaballune
Calabozo
Calabozo
Calabozo
Calabozo
Calabozos
Calabozos
Calale
Calama
Calamina
Calatambo
Calate
Calaunsa
Calaunza
Calbuco
Caldera
Calderilla
Calen
Calen
Calera
Calera
Calera de Tango
Caleta Barquito
Caleta Chanaral
Caleta Chaparano
Caleta Clarencia
Caleta Ferrari
Caleta Horcon
Caleta Junin
Caleta Mansa
Caleta Manzano
Caleta Pan de Azucar
Caleta Totoralillo
Caleton
Caletones
Caleu
Calguay
Caliboro
California
California
Calimavia
Calina
Calivoro
Callaqui
Callecalle
Callejones
Callejones
Callejones
Callejones del Rio
Callejon Rupango
Calle Larga
Calle Larga
Callihue
Callumapu
Calvario
Calvarioni
Calvariune
Camar
Camarico
Camarico
Camarico
Camarico Viejo
Camarones
Camarones
Cambalache
Camina
Caminalla
Camino Alcantara
Camino del Yeso
Campamento Aucanquilcha
Campamento Don Guillermo
Campamento El Laco
Campamento Esmeralda
Campamento Experimental Misituni
Campamento Oficina Iris
Campamento Pastos Largos
Campanacura
Campanario
Campiche
Campo Cerro Manantiales
Campos de Ahumada
Canab
Canabina
Canadilla
Canadon Bombalot
Canan
Canas
Cancha de Carretas
Cancha Pelada
Canchas de Carretas
Canchillas
Cancosa
Cancura
Cancura
Candelaria
Canela Alta
Canela Baja
Canela
Canelillo
Canelillo
Canelillos
Canelo
Canete
Canete
Canicu
Canicura
Cantarrana
Cantera Baja
Canteras
Canto
Canto de Agua
Canto del Agua
Canvalache
Capellania
Capilla Alau
Capilla Antigua
Capilla de Palacios
Capilla Ichoac
Capilla-Llingua
Capilla Nueva
Capilla Palacio
Capilla Terau
Capilla Vieja
Capitan Pastene
Capitan Pastenes
Caquena
Caracha
Caracol
Caracoles
Caracoles
Caracote
Caragua
Caraguane
Caraguano
Carahue
Carahue
Carahuo
Caramavida
Carampangue
Carbonire
Cardall
Cardamo
Cardillos
Cardonal
Cardonal
Carelmapu
Caremalpu
Caren
Caren-Ruminani
Cariguano
Carihueico
Carino Botado
Cariquima
Carisa
Caritaya
Carora
Carpa 4
Carpa
Carpa Manzano
Carpa Numero 4
Carpa Numero Cuatro
Carrascal
Carrera
Carreras Cortas
Carrero
Carriringue
Carrizal Bajo
Carrizal
Carrizal
Carrizal
Carrizal del Maule
Carrizal de Putu
Carrizales
Carrizales
Carrizalillo
Carrizalillo
Carrizalillo Chico
Carrizalillo Grande
Carrizo
Cartagena
Cartagena
Cartago
Cartajena
Cartajena
Casa Angostura
Casa Azul
Casablanca
Casa de Lata
Casa de Lata
Casa de Lata
Casa de Pesca
Casa de Piedra
Casa de Piedra
Casa Grande
Casalata
Casa Pangue
Casa San Martin
Casas Azules
Casas de Batuco
Casas de Chacabuco
Casas de El Retiro
Casas de Guallali
Casas de La Esperanza
Casas de la Quebradilla
Casas de Lata
Casas de Los Bajos
Casas de Peuco
Casas de Pucalan
Casas de San Juan
Casas Fundo El Medano
Casas Gualcapo
Casas La Sombra
Casas Punta de Guana
Casas Viejas
Casas Viejas
Casas Viejas
Casas Villucura
Casa Verde
Casa Viejas
Cascabeles
Cascajal
Cascavillane
Cascavillani
Caserio Auchao
Caserio de Auchac
Caseron
Casma
Caspana
Castillo
Castilluma
Castro
Casuto
Casuto
Catalina
Catapilco
Catarpe
Catemu
Catina
Cato
Catorcemil
Caucau
Caudelaria
Caunahue
Caunao
Caupolican
Cauquenes
Cautenicsa
Cautenisca
Cautinicsa
Cautinisca
Cavancha
Caya
Caylloma
Cayucupil
Cayulfe
Cayulfu
Cebadal
Cebola
Cebolla
Centinela
Centinela
Centinela
Centinela
Central
Central los Molles
Central Sauzal
Centro
Centro Pisiga
Cerillos
Ceron
Cerrillo Bobadilla
Cerrillo Caivan
Cerrillo
Cerrillos
Cerrillos
Cerrillos
Cerrillos de Rapel
Cerrillos de Tamaya
Cerro Colorado
Cerro Dorotea
Cerro Manantiales
Cerro Manquimavida
Cerro Negro
Cerro Playa Ancha
Cerros Las Juntas
Cerro Verde
Cerro Viejo
Chabunco
Chaca
Chacai
Chacaicillo
Chacaicillos
Chacalluta
Chacao
Chacao Viejo
Chacarilla
Chacarilla
Chacarilla de Macul
Chacarillas
Chacarillas
Chacayal
Chacay
Chacon
Chacon
Chacra Alto Chiza
Chacra
Chacra Ochagavia
Chacra Tiliviche
Chacra Valparaiso
Chacrilla
Chacurra
Chadmo
Chagaray
Chagres
Chagual
Chaguane
Chaguaral
Chaiguao
Chaihuin
Chaiten
Chaiviri
Chalinga
Chalinguita
Chalipen
Challapujo
Challaserca
Challavilque
Challe
Challuma
Challupen
Chamiza
Champa
Champa de Ocoa
Champulli
Chanabaya
Chana
Chanaral Alto
Chanaral
Chanaral
Chanaral de Aceituna
Chanaral de Caren
Chanaral de las Animas
Chanar Blanco
Chanar Blanco
Chanar
Chanar
Chanarcillo
Chanar Quemado
Chanavalla
Chancacollo
Chancal
Chanchoquin
Chanco
Chanco
Chancon
Changal
Chanihue
Chanopalca
Chanqueahue
Chanquin
Chanquiuque
Chapa
Chaparano
Chaparramo
Chapi
Chapicollo
Chapilca
Chapiquilta
Chapiquina
Chapiquita
Chapire
Chapisca
Chapoco
Chapod
Chapuma
Chaqui
Chaquire
Chara
Charahue
Charipujo
Charrabata
Charravata
Charrua
Charviri
Chaucahue
Chauchil
Chaula
Chaul
Chaulinec
Chaurahue
Chaxas
Checo de Plata
Chela
Chelin
Chelis
Chellepin
Chena
Cheniu
Chepica Abajo
Chepica
Chepu
Chequen
Chequen
Cherquenco
Chetita
Chevelle
Chiapa
Chichiguan
Chichita
Chictuca
Chictusa
Chicureo Abajo
Chicureo
Chignoles
Chigo
Chigualoco
Chiguayante
Chijo
Chilacaya
Chilcaya
Chile Chico
Chilecito
Chilispalla
Chillaiza
Chillan
Chillancito
Chillan Viejo
Chillehue
Chilpa
Chimbarongo
Chinchin
Chinchin Grande
Chinchorro
Chincolco
Chingoles
Chinigue
Chinihue
Chinquio
Chintaguay
Chintuya
Chipallanta
Chironta
Chislluma
Chislluma Viejo
Chismiza
Chitita
Chiuchiu
Chiuchu
Chivatambo
Chiza
Choapa
Chocalan
Chocolan
Chohen
Cholchol
Cholguan
Chollay
Chomedahue
Chonch
Chonchi
Choquelimpie
Chorillos
Choroico
Choros Altos
Choros Bajos
Choros
Chorriadero
Chorrillo
Chorrillos
Chorrillos
Chovellen
Choyota
Chuac
Chuallane
Chuallani
Chucalen
Chuchuguana
Chuchunco
Chucullo
Chucumata
Chucurrilla
Chucuyo
Chudal
Chulchui
Chulchuy
Chullumpire
Chumelden
Chumilden
Chumisa
Chumpulli
Chungara
Chungungo
Chuquiananta
Chuquicamata
Chuquichambe
Churigualla
Churiguaya
Churiguaylla
Churina
Chusmisa
Chusmiza
Chusquina
Chuviri
Cielo
Cielo
Cifuncho
Ciruelos
Cisterna
Citanane
Ciudad de Aysen
Ciudad de Chanaral
Ciudad de Concepcion
Ciudad de Coquimbo
Ciudad de Corral
Ciudad de Lebu
Ciudad de Los Anjeles
Ciudad de Penco
Ciudad de Porvenir
Ciudad de Puerto Montt
Ciudad de Rio Bueno
Ciudad de Valdivia
Ciudad de Valparaiso
Ciudad La Union
Ciudad Los Andes
Ciudad Santiago
Ciudad Taltal
Ciudad Temuco
Ciusa
Clarencia
Clarencia Enap
Cobija
Cobija
Cobquecura
Cobre
Cochamo
Cochantari
Cochisa
Cochiza
Cochrane
Codao
Codegua
Codpa
Coelemu
Cogamo
Cogomo
Cogoti 18
Cogoti
Cogoti Dieciocho
Coico
Coi-Coi
Coihaique Alto
Coihaique
Coihueco
Coihueco
Coihueco
Coihuin
Coimas
Coinco
Coipamo
Coipoma
Coipue
Coipue
Coironal
Coiron
Cojabaya
Colaco
Colbun Alto
Colbun
Colchagua
Colchagua Sacol
Colchane
Coleal
Colegio de Bucalemu
Colegual Chico
Colegual
Colegual del Salto
Colejio de Bucalemu
Colicheo
Colico
Colico
Colico Norte
Coligual
Coligual del Salto
Coligues
Colihue
Colimavia
Colina
Colin
Collacagua
Collacollane
Collagua
Collaguasi
Collanco
Collentane
Collico
Collico
Colliguai
Colliguay
Collins
Collins-Muco
Collipulli
Collo
Colmuyan
Colmuyao
Colonia Agricola Catemu
Colonia Alerce
Colonia Bernardo O'Higgins
Colonia Degan
Colonia El Gato
Colonia La Paloma
Colonia Las Marcas
Colonia Loncotoro
Colonia Marinana
Colonia Metrenquen
Colonia Potrero Grande
Colonia Rio Sur
Colonia Yungay
Colorado
Colpita
Colpitas
Coltauco
Colton
Colu
Colupito
Comalle
Comana
Combarabala
Combarbala
Cometierra
Comina
Compania Alta
Compania Baja
Compania
Compania
Compania
Compe
Compi
Compu
Comunidad Barrancas
Comunidad Campo de Ahumada
Comunidad Covarrubias
Comunidad de Auco
Comunidad de Idahue
Comunidad de la Canela
Comunidad de las Bandurrias
Comunidad de Lima
Comunidad de Quelentaro
Comunidad de Roma
Comunidad de Tiltil
Comunidad El Guapi
Comunidad El Rulo
Comunidad Guacarhue
Comunidad Idahue
Comunidad La Cuesta
Comunidad La Estancilla
Comunidad La Higuera
Comunidad La Polcura
Comunidad Las Barrancas
Comunidad las Coimas
Comunidad Millahue
Comunidad Popeta
Comunidad Puren
Comunidad Quebrada Seca
Comunidad Villa Alhue
Comuy
Conab
Conac
Conaco
Conanoxa
Conao
Conarepue
Conaripe
Conay
Concepcion
Conchali
Conchali
Conchi
Conchi Viejo
Concon
Condor
Condoriaco
Condoroma
Confluencia
Conico
Consa
Constitucion
Contao
Contornasa
Contulmo
Contuy
Convento
Convento El Molino
Convento Viejo
Cooperativa Huertos Familiares Mapuhue
Copaquire
Copaquiri
Copatanca
Copatanga
Copequen
Copiapo
Copihue
Copiulemu
Coquiao
Coquimbo
Coraguane
Coraguano
Corahuano
Corahue
Corcolen
Corcota
Corneche
Coronel Alcerreca
Coronel
Coronel
Coronel de Maule
Corral
Corral de Munoz
Corral de Salas
Corrales
Corrales del Juncalito
Corral Munoz
Corral Quemado
Corral Quemado
Correntada del Toro
Correntoso
Corsa
Cortacollo
Cortadera
Cortaderas
Cortadero
Corte Alto
Corza
Cosapilla
Cosca
Coscalla
Coscaya
Cosquire
Cotasaya
Coya
Coyanco
Coya Sur
Coy-Coy
Coyhaique Alto
Coyhaique
Coyo
Cozcoz
Cruce Ancoa
Crucero
Crucero
Cruces
Cruz de Pica
Cruz de Quimpasa
Cuadaba
Cuadrilla Diez
Cucao
Cuchugano
Cuchuguano
Cuculer
Cucuter
Cuelentaro
Cuenca
Cuesta Apacheta
Cuesta Carrizo
Cuesta de Gonzalez
Cuesta de Los Gonzalez
Cuesta del Pobre
Cueva Negra
Cuevitas
Cuevitas
Cufeo
Culco
Culenan
Culenar
Culenar
Culenar
Culenco
Culiculini
Cullani
Cullinco
Cultane
Cululil
Cululir
Cumina
Cuminalla
Cumpeo
Cumpeu
Cumui
Cumuy
Cunaco
Cunaco
Cunao
Cunco
Cunco
Cuncumen
Cuncumen
Cunlagua
Cupo
Curacautin
Curacavi
Curaco
Curaco de Linlin
Curaco de Velez
Curaco de Vilupulli
Curahue
Curamavida
Curana
Curanilahue
Curanipe
Curarrehue
Curepto
Curica
Curico
Curimanqui
Curimon
Curinanco
Curivilo
Curtiduria
Cutemo
Cutemu
Cutiguano
Cutihuano
Cutijmalla
Cutijmaya
Cutismaya
Cuya
Cuyan
Cuyinco
Cuzcuz
Dalcahue
Damascal
Dao
De Cauquenes
Delirio
Detico
Detif
Diaguita
Diaguitas
Dichato
Didaico
Diego de Almagro
Dieguito
Diguillin
Diucaco
Diucao
Diuquin
Divisadero
Docamavida
Docomavida
Dollinco
Dolores
Domeyko
Domuco
Dona Juana
Don Goyo
Donihue
Dos Hermanas
Dos Rios
Duao
Duhatao
Dumestre
Duplijsa
Dupont Americano
Dupont
Dupont Empleados
Dupont Obreros
Duraznito
Durazno
Ekewern
Ekewetti
El Abanico
El Abra
El Acacio
El Aceite
El Aduar
El Ajial
El Ajial
El Ajial
El Ala
El Alamo
El Alfalfal
El Alfaltal
El Algarrobal
El Algarrobal
El Algodon
El Alico
El Almendra
El Almendro
El Almendro
El Alto
El Alto
El Aparejito
El Arbol
El Arco
El Arco
El Aromo
El Arrayan
El Arrayan
El Asiento
El Asiento
El Astillero
El Atajo
El Azul
El Banco
El Barco
El Baron
El Barquito
El Baul
El Berraco
El Blanqueado
El Blanquillo
El Boldo
El Bollenal
El Bolsico
El Bolsico
El Bolson
El Bosque
El Bosque
El Bosque
El Bosque
El Bronce
El Bronce
El Buche
El Cajon
El Cajon
El Calabozo
El Calvario
El Camaron
El Canelo
El Cardal
El Cardall
El Cardonal
El Carino Botado
El Carmen
El Carmen
El Carmen
El Carrizal
El Carrizo
El Castillo
El Cerrillo
El Chacai
El Chacaval
El Chacayal
El Chacay
El Chacay
El Chagaray
El Chanar
El Chanar
El Chocal
El Cielo
El Cielo
El Cobre
El Cobre
El Coipo
El Convento
El Convento
El Corral
El Cortijo
El Cruce
El Crucero
El Crucero
El Culenar
El Culenar
El Culubil
El Cululil
El Cuzco
El Dadin
El Dao
El Diablo
El Duraznito
El Duraznito
El Durazno
El Durazno
El # Emboque
El Encanado
El Encon
El Engano
El Escorial
El Espino
El Espino
El Estero
El Estero
El Estero Hualaihue
El Frio
El Fullinque
El Gato
El Gauchal
El Granizo
El Guanaco
El Guanaco
El Guape
El Guapi
El Guapi
El Guindo
El Higirio
El Higueral
El Hinojo
El Huaicazo
El Huape
El Huerto
El Hueso
El Hundimiento
El Ingenio
El Injenio
El Jardin
El Juncal
El Litral
El Llano del Totoral
El Llano
El Llano
El Llano
El Llano
El Maiten
El Maiten
El Maiten
El Maiten
El Majuelo
El Malcal
El Malito
El Malo
El Manzanal
El Manzanar
El Manzanar
El Manzanito
El Manzanito
El Manzano
El Manzano
El Manzano
El Manzano
El Maqui
El Maqui
El Maqui
El Maray
El Marco
El Mechai
El Melocoton Alto
El Melocoton
El Melon
El Melon
El Membrillo
El Mirador
El Mirador
El Molino
El Molino
El Molino
El Molino
El Molino
El Molino
El Molle
El Monte
El Monte Las Mercedes
El Morado
El Morado
El Morro
El Negrillar
El Nogal
El Noviciado
El Novicidado
El Ojo de San Pedro
El Oliva
El Olivar Bajo
El Olivar
El Olivar
El Olivo
El Olivo
El Olivo
El Olivo
El Paico
El Palomar
El Palqui
El Panadero
El Pangue
El Pangue
El Parral
El Parron
El Parron
El Pedregal
El Pedregal
El Penon
El Penon
El Penon
El Peral
El Peral
El Peral
El Peral
El Peralillo
El Peralito
El Peumo
El Peumo
El Peumo
El Pino
El Plumero
El Pollo
El Polvo
El Porfiado
El Portillo
El Portillo
El Porton
El Porvenir
El Porvenir
El Potrerillo
El Pozo
El Prado
El Prado
El Pueblecillo
El Puente
El Puertecito
El Puerto
El Puerto
El Pulpito
El Quillay
El Quillay
El Quisco
El Retamo
El Retiro
El Rincon de la Florida
El Rincon
El Rincon
El Rincon
El Roble
El Rodeo
El Romeral
El Romeral
El Romeral
El Romero
El Rosal
El Rosal
El Rosal
El Rosario
El Rosario
El Rulo
El Rulo
El Rungue
El Saladillo
El Salado
El Saltillo
El Salto Chico
El Salto
El Salto
El Salto
El Salto
El Salto
El Salto
El Salton
El Salvador
El Sanjeado
El Santuario
El Sauce
El Sauce
El Sauce
El Sauce
El Sauce
El Sauzal
El Seminario
El Senor de la Tierra
El Sobrante
El Socavon
El Sol
El Soruco
El Tabo
El Tacora
El Tambo
El Tambo
El Tambo
El Tambo
El Tartaro
El Ternerito
El Terron
El Tigre
El Toco
El Tofo
El Tome
El Tonel
El Toro
El Toro
El Toro
El Torreon
El Totoral
El Totoral
El Tranquilo
El Transito
El Transito
El Trapen
El Trapiche
El Traum
El Trebolar
El Trebol
El Turco
El Valle
El Valle
El Varal
El Volcan
El Yeso
El Zapal
El Zapallo
Embalse Recoleta
Emboque
Empedrado
Enquelca
Enquelga
Enrique Meiggs
Ensenada
Ensenada Rolecha
Episcacha
Epispacha
Ercilla
Ermita
Errazuriz
E. Sanchez
Escapina
Escuela Aucar
Esmeralda
Espantajas
Espantajos
Espejo
Esperanza
Esperanza
Espidja
Espijia
Espillisa
Espino
Esquina
Esquinas
Establecimiento de Naltagua
Estacion Central
Estacion Colina
Estacion Desvio Los Choros
Estacion Lagunas
Estacion Leyda
Estacion Padre Hurtado
Estacion Parga
Estacion Pinto
Estacion Rio Frio
Estacion Rosario
Estacion San Javier
Estacion Villa Alegre
Estacion Yungay
Estancia Cisnes
Estancia
Estancia Lago Verde
Estancia Pudeto
Estancia Puesto
Estancia Pusuta
Estancia Rio Cisnes
Estancia Vieja
Estancia Yendegaia
Estancilla
Estero Chadmo
Estero del Medio
Estero Lago
Estrella
Ex. Oficina Aurrera
Fachinal
Fachinas
Factoria
Fanqui
Farellones
Farellones
Farellon
Finca Agua Dulce
Flamenco
Flor del Desierto
Florida
Florida
Folilco
Fortin Maichin
Fraguita
Francia
Francke
Freire
Freirina
Fresia
Fresia
Frutillar Alto
Frutillar Bajo
Frutillares
Frutillar
Frutillar
Fuenzalida Endesa
Fuenzalida
Fundicion
Fundina
Fundo El Alto
Futalelfu
Futaleufu
Futrono
Galleguillos
Galpones
Galvarino
Gamboa
Gatico
Gauchal
General Lagos
General Lagos
General Lagos Guindos
General Lopez
Gessel
Gomero
Gorbea
Granalla
Granallas
Graneros
Graneros
Granizo
Grutas
Guabun
Guacarhue
Guacate
Guacolla
Guacollo
Guadaba
Guadia Vieja
Guaica
Guaico
Guailla
Guaillane
Guaitani
Guajacia
Gualaihue
Gualaihuen
Gualane
Gualbun
Gualcuna
Guallanca Llani
Guallatire
Guallatiri
Gualleco
Guallelemu
Gualliguaica
Gualpencillo
Gualqui
Guamalata
Guampulla
Guanacagua
Guanacahua
Guanacarane
Guanaco
Guanaco
Guanaco
Guanacos
Guanaquero
Guancamala
Guancarane
Guancarane
Guanequilca
Guangali
Guanguali
Guanguali
Guanta
Guanta
Guantija
Guanto
Guape
Guapi
Guaquen
Guaquen
Guaracina
Guara
Guarasina
Guardia Vieja
Guarilihue
Guasco de Lipez
Guasco
Guasco Lipez
Guasco Salinas
Guasquina
Guatacondo
Guatanabe
Guatanabi
Guatanave
Guatin
Guatulame
Guavina
Guayacanes
Guayacan
Guayacan
Guayacan
Guayusca
Guenac
Gueyusca
Guilleumo
Guillinco
Guilquico
Guindos
Gultro
Guntro
Gutijane
Guzmanes
Hacienda de Ojos Buenos
Hacienda Hornito
Hacienda La Calera
Hacienda Lolol
Hanga Piko
Hanga Roa
Herradura
Hidango
Hierro Viejo
Higuera
Higuerilla
Higuerita
Higuerita
Higueritas
Higuerta
Hijuela de La Vina
Hijuela Larga
Hijuela la Vina
Hijuela Los Maitenes
Hijuelas de Conchali
Hijuelas de Pincha
Hijuelas
Hilaricos
Horcon
Hornillas
Hornillos
Hornito
Hornitos
Horno
Hortensias
Hospital
Hosteria
Hosteria Lanalhue
Hostoria
Hotel Baquedano
Hotel Carpa
Huaca
Huacamala
Huachipato
Huahuinco
Huaicha
Huaitane
Huajacia
Hualaihue
Hualane
Hualcuna
Huallilemu
Hualpencillo
Hualqui
Huampulla
Huancarane
Huanta
Huantrunes
Huape
Huapi de Iloca
Huapi
Huaquen
Huaracina
Huara
Huarasina
Huari
Huarilihue
Huasco Bajo
Huasco
Huasco Salinas
Huasquina
Huatacondo
Huavina
Huaychani
Huaylluta
Huecahuecan
Huechochelin
Huechun
Huechupin
Huehuinco
Hueilla
Huellahue
Huellelhue
Huelon
Huelquen
Huenaliben
Huenalihuen
Huenao
Huentalaquen
Huentelauquen
Huentemo
Huepi
Huepil
Huequecura
Huequen
Huequi
Huerta del Maule
Huertas de Chinigue
Hueso
Hueso Parado
Hueyelhue
Hueyilemu
Hueyusca
Huga
Huicha
Huilco
Huildad
Huilio
Huilipatagua
Huillinco
Huillin
Huillinlebu
Huillipatagua
Huillo
Huilmo Alto
Huilqueco
Huilque
Huilquilemo
Huilquilemu
Huintil
Huiquile
Huiquilemu
Huiscape
Huiscapi
Huite
Huitipa Agua
Huitrapulli
Humagata
Humapalca
Humberstone
Hundido
Hurilihue
Hurtado
Huudad
Huyar
Ibacache
Icalma
Ichuac
Idahue
Idahuillo
Idaico
Iglesia Colorada
Iglesia Colorado
Iglesia de Codegua
Ignao
Ilalla
Ilaya
Illalla
Illapata
Illapel
Illaya
Ilque
Ilta
Iltapata
Iluga
Inca de Oro
Incaguasi
Incahuasi
Inchuac
Incienso Bajo
Incienso
Indio Muerto
Indios
Ines Chica
Infernillo
Infiernillo
Infiernillo
Ingeniero Santa Maria
Ingenio
Ingenio
Ingenio
Inspector Fernandez
Ipinco
Ipres
Iquilla
Iquique
Iris
Irupata
Isla Caguache
Isla de Briones
Isla de Codegua
Isla del Guindo
Isla de Maipo
Isla de Pirique
Isla Grande
Isla Norte de Codegua
Isla Pelada
Isla Sur
Islita
Islon
Isluga
Itahue
Itiza
Jahuel
Jaillabe
Jaina
Japo
Japucucho
Japu
Jarilla
Jarillas
Jaroma
Jarza
Jose Francisco Vergara
Juan Chico
Juan Soldado
Jucuma
Junin
Junquillar
Junta de Chingoles
Juntas de Chollai
Juntas de Coplapo
Juntas del Potro
Juntas del Rio
Juntas de Montosa
Juntas
Keryma
Kovacic
La Abundancia
La Achira
La Africana
La Aguada
La Aguada
La Angostura
La Angostura
La Antena
La Araucana
La Arena
La Arena
La Arena
La Aurora
La Banda
La Barra
La Boca
La Boca
Labranza
Labrar
La Cabana
La Cabreria
La Cachina
La Calera
La Calera
La Campana
La Canadilla
La Canela Arriba
La Canela
La Capilla
La Capilla
La Capilla
La Catorce Mil
La Cebada
La Cebolla
La Chacarilla
La Chacarilla
La Chacarilla
La Chacra
La Chacrita
La Chamiza
La Champa
La Champa
La Chilca
La Chimba
La Chimba
La Chimba
La Chupalla
La Chupalla
La Cisterna
La Compania
La Compania
La Coquimbana
La Cruz de Pica
La Cruz
La Cruz
La Cuesta
La Cumbre
La Dehesa
La Dehesa
Ladrillos
La Dupont
La Embarrada
La Engorda
La Ensenada
La Ermita
La Escalera
La Esperanza
La Esperanza
La Estancia
La Estancilla
La Estrella
La Estrella
La Feria
La Finca
La Florida
La Florida
La Florida
La Florida
Laforest
La Fragua
La Fragua
La Fundicion
La Galera
La Gloria
La Gloria
Lago Chapo
Lago Penuelas
Lago Ranco
Lagos
Lago Solis
Lago Verde
La Granja
La Granja
La Greda
La Greda
La Guaica
La Guanaca
La Guarca
La Guardia
Laguna Amarga
Laguna de Huasco
Lagunas
Laguna Verde
Lagunillas
Lagunillas
Lagunillas
Lagunillas
Lagunita
Lagunitas
La Hacienda
La Hermida
La Hermita
La Herradura
La Higuara
La Higuera
La Higuera
La Higuera
La Higuera
La Higuera
La Higuera Sola
La Higuerilla
La Higuerita
La Hijuela
La Hijuela
La Hoyada
La Huaica
La Huayca
La Huerta del Maule
La Huerta
La Huerta
La Isla
La Isla
La Isla
La Islita
Laja
La Javierana
Lajuelas
La Junta
La Junta
La Junta
La Juntas
La Laguna
La Laguna
La Laguna
La Laguna
La Laja
La Laja
La Laja
La Laja
La Laja
La Lajuela
La Lata
La Lechuza
La Legua de Macul
La Legua
La Leonera
La Leonera
La Ligua
La Ligua
La Ligua
Lalin
La Loma de Macul
La Loma
La Luma
La Lumbrera de Puangue
La Lumbrera
La Majada
La Maquina
La Maravilla
La Marinana
La Marquesa
La Marquesa
La Matancilla
La Matanza
La Matanza
Lambert
La Mina Fortuna
La Mina
La Mision de San Juan de le Costa
La Mocha
La Montana
La Montana
La Mora
La Mostaza
Lampa
La Mula
Lancagua
Lanco
La Nipa
La Obra
La Ola
La Olla
Laonsana
La Ortiga
La Ovejeria
Lapahue
La Palma
La Palma
La Palmilla
La Palmilla
La Paloma
La Paloma
La Pampa
La Pampa
La Pampa
La Parcela
La Pasada
La Patagua
La Pataguilla
La Pataguilla
La Patahuilla
La Paz
La Pena
La Penuela
La Perez
La Pesca
La Piedra
La Piedra
La Pita
La Placilla
La Placilla
La Placilla
La Platina
La Playa
La Poblacion
La Polcura
La Polvareda
La Polvora
La Portada
La Posada
La Poza de Chumilden
La Poza
La Poza
La Poza
La Primavera
La Proa
La Puente Alta
La Puente
La Puerta
La Puerta
La Pulperia
La Pulperia Peralillo
La Punta
La Puntilla
La Quebrada Honda
La Quebrada
La Quema
Laquena
La Queseria
La Queseria
La Quinta
La Rana
Laraquete
La Ratonera
La Recova
Laredo
La Reina
La Retama
La Retamilla
La Retamilla
La Rinconada
La Rinconada
Larmahue
Larmahue Viejo
Larrain Alcalde
La Ruca
La Rudilla
La Rufina
Las Achupallas
Las Apancoras
Las Aranas
Las Arboledas
Las Arboledas
Las Astas
Las Balsas
Las Bandurrias
Las Bandurrias
Las Barrancas
Las Breas
Las Breas
Las Breas Norte
Las Cabras
Las Canales
Las Canas
Las Cardas
Las Casas
Las Cascadas
Las Chacarilla
Las Chacarillas
Las Chacras
Las Chacrillas
Las Chicas
Las Chilcas
Las Chiriguas
Las Coimas
Las Conchas
Las Condes
Las Cortaderas
Las Cruces
Las Cruces
Las Cucharas
Las Cuevas
Las Cujas
Las Damas
Las Delicias
Las Delicias
Las Dichas
La Serena
Las Gualas
Las Guias
Las Higueras
Las Higueras
Las Higueras
Las Hijuelas
Las Hijuelas
Las Hijulas
Las Hortencias
Las Hortensias
La Silleta
Las Jarillas
Las Juilas
Las Juntas
Las Juntas
Las Juntas
Las Lajas
Las Lajas
Las Lajuelas
Las Lentejas
Las Loicas
Las Lomas
Las Lomas
Las Lumas
Las Maitas
Las Majadas
Las Majaditas
Las Maquinas
Las Maravillas
Las Marcas
Las Mariposas
Las Melosas Refugio
Las Mercedes
Las Mercedes
Las Minas
Las Minas
Las Mollacas
Las Nieves
La Sossa
Las Palmas
Las Palmas
Las Palmas
Las Palmas
Las Pancoras
Las Pataguas
Las Pataguas
Las Perdices
Las Perdices
Las Pintadas
Las Placetas
Las Placillas
Las Posadas
Las Puertas
Las Quemas del Salto
Las Quemas
Las Quilas
Las Quilas
Las Raices
Las Ramadas
Las Ramaditas
Las Ritas
Las Rojas
Las Rosas
Las Rosas
Las Rosas
Las Rosas
Las Salinas
Las Tablas
Lastarria
Las Terneras
Las Tiendas de Villucura
Lastimas Pejerrey
Las Tizas
Las Trancas
Las Tunas
Las Vacas
Las Vacas
Las Ventanas
Latarana
La Tetera
La Tirana
La Toroya
La Torre
La Totorita
La Tranquita
La Troya
La Tuna
La Tunilla
La Turbina
Lauca
La Union
La Union
Laureles
Lautaro
Lautaro
Lavaderos
La Vega
La Vega
La Vega
La Verbena
La Verde
La Villa
La Villita
La Vina
La Vina
La Vinilla
La Vinilla
La Vinita
La Vinita
La Vinuela
La Yesca
La Yesera
Lazo
Lebu
Lecam
Lecan
Lecan
Lechagua
Lechuza
Lehuelan
Lelbun
Lemui
Lenadura
Lenca
Lengua de Vaca
Leoncito
Lepihue
Lequena
Leucura
Leyda
Libno
Libun
Licanchen
Licancheo
Licancheu
Lican
Lican Rayen
Licanray
Licanten
Liga
Lilcoco
Lilen
Lilicura
Limache
Limacsina
Limahue
Limahuida
Lima
Limani
Limari
Limaxina
Linanpalca
Linao
Linares de Perales
Linares
Lincai
Lincay
Lincoi
Lincoy
Lincura
Linda Flor
Lindero
Linderos
Linderos
Linea Nueva
Linea Pantanosa
Lingo Lingo
Lingue
Linlin
Linua
Lipihue
Lipimavida
Lipita
Liquine
Lircai Arriba
Lircai Bajo
Lircai
Lircay Abajo
Lircay Arriba
Lircay
Lirios
Lirquen
Liucura
Liucura
Liucura
Liumalla
Livilcar
Llaguepe
Llahuepe
Llahuin
Llaillai
Llaillay
Llaima
Llalanusco
Llallauquen
Llancagua
Llancahue
Llanchid
Llanco
Llano Choros
Llanquen
Llanquihue
Llau-Llao
Llaullau
Llay-Llay
Lleco
Lleguiman
Llenquel
Llepo
Llepu
Llequen
Llequiman
Llicaldad
Llicaldao
Llico
Llico
Lliguiman
Llimpo
Llingua
Llinua
Lliuco
Lliza
Llollehue
Llolleo
Llucura
Llucura
Lluga
Lo Abarca
Lo Amor
Loanzana
Lo Aranguiz
Lo Barnechea
Lo Bustamante
Lo Calvo
Lo Campo
Lo Canas
Lo Cartagena
Lo Chacon
Lo Chaparro
Lo Chena
Lo Contador
Lo Correano
Lo Curro
Lo de Cuevas
Lo de Lobo
Lo de Lobos
Lo Encanado
Lo Espejo
Lo Figueroa
Lo Gallardo
Lo Gamboa
Lo Hermida Abajo
Lo Hernandes
Lo Hernandez
Loica
Lolcura
Lo Lillo
Lo Lobos
Lolol
Loma Blanca
Loma Blanca
Loma Colorada
Loma de Torca
Lo Madrid
Lomas Coloradas
Lomas
Loma Torca
Lo Mellado
Lo Miranda
Lo Moscoso
Lo Narvaez
Loncoche
Loncomilla
Loncomilla
Loncopahue
Loncopangue
Loncotoro
Loncura
Longavi
Longotoma
Longovilo
Longuimay
Lonquen
Lonquimai
Lonquimay
Lontue
Lonzana
Lo Ovalle
Lora
Loros
Los Alamos
Los Algarrobos
Lo Salinas
Los Alisos
Los Almendros
Los Altillos
Los Amarillos
Los Andes
Los Angeles
Los Angeles
Los Anjeles
Los Azules
Los Azules
Los Bajos
Los Barreales
Los Barriales
Los Barros
Los Boldos
Los Bolones
Los Botones
Los Bronces
Los Burros
Los Callejones
Los Callejones
Los Cambuchos
Los Canelillos
Los Capachos
Los Cardillos
Los Caserones
Los Cerrillos
Los Cerrillos
Los Chacapes
Los Chacayes
Los Chacayes
Los Chacayes
Los Chenques
Los Cheuques
Los Choros
Los Choros
Los Ciruelos
Los Colihues
Los Colihues
Los Colorados
Los Corrale
Los Corrales
Los Corrales
Los Corrales
Los Corridos
Los Cristales
Los Cuartitos
Los Dones
Los Espantajos
Los Espinos
Los Espinos
Los Gatos
Los Graneros
Los Guanacos
Los Guatrunes
Los Guindos
Los Guindos
Los Hornitos
Los Hornos
Los Hornos
Los Huertos
Los Huesos
Los Junquillos
Los Ladrillos
Los Lagos
Los Laureles
Los Laureles
Los Laureles
Los Lingues
Los Lirios
Los Lirios
Los Llanos
Los Lobos
Los Loritos
Los Loros
Los Loros
Los Lunes
Los Maitenes Altos
Los Maitenes
Los Maitenes
Los Maitenes
Los Maitenes
Los Maitenes
Los Mallados
Los Manantiales
Los Mantos
Los Manzanos
Los Maquis
Los Maquis
Los Marayes
Los Mellados
Los Mellizos
Los Mellizos
Los Migueles
Los Molinos
Los Molinos
Los Monos
Los Montes
Los Morales
Los Morrales
Los Morros
Los Morros
Los Muermos
Los Nadis
Los Niches Pobres
Los Nogales
Los Nogales
Los Nogales
Lo Solar
Los Olivos
Los Olmos
Los Olmos
Los Padres
Los Pajaritos
Los Palos
Los Patos
Los Pellines
Los Perales
Los Perales
Los Perales
Los Peumos
Los Peumos
Los Pinches
Los Potrerillos
Los Puquios
Los Quemados
Los Quenes
Los Quenes
Los Quillayes
Los Quillayes
Los Quillayes
Los Quillayes
Los Quilos
Los Rabanos
Los Rabones
Los Ranchillos
Los Ranchones
Los Rastrojos
Los Raulies
Los Realitos
Los Riecillos
Los Riscos
Los Rulos
Los Rulos
Los Rulos
Los Sapos
Los Sapos
Los Sauces
Los Tablones
Los Tambos
Los Tiuques
Los Tomes
Los Treiles
Los Trigos
Los Triles
Los Vasquez
Los Vilos
Lota Alta
Lota Alto
Lota
Lo Valdivia
Lo Valdivia
Lo Valdivieso
Lo Vargas
Lo Vasquez
Lo Vasquez
Loyca
Lo Zarate
Luis Soto
Lumaco
Lumalla
Lumbrera de Puangue
Lupe
Lupica
Macal
Macaya
Macaya
Machali
Machuca
Macul
Mafil
Magallanes
Maichin
Maile
Maipo
Maipu
Maiquillahue
Maiteines
Maitencillo
Maitencillo
Maitenes
Maitenes
Maitenes
Maitenes
Maitenes Nuevos
Maitenes Viejos
Maiten
Maiten
Maitenrehue
Maiten Viejo
Majada Blanca
Majada el Tomate
Majada
Majadas
Majadilla
Majadillas
Malaguin
Malalcahuello
Malalcuchi
Malalhue
Malaquin
Malloa
Malloco
Malvilla
Mamina
Manantiales
Manantiales
Manao
Manca Collacagua
Mancha de Relbun
Manil
Mani
Manquegua
Manquel
Manquimavida
Manquimiliu
Manquimillu
Mantilhue
Mantos
Manzanares
Manzanar
Manzanar
Manzanar
Manzanito
Manzano
Manzano
Manzano
Manzano
Mapue
Mapuhue
Maquegua
Maquehua
Maquina Atacama
Maquina
Maquis
Maquis
Maravilla
Marchan
Marchant
Marchigue
Marchihue
Margarita
Maria Elena
Maria
Maria Pinto
Marico
Marimenuco
Marin Balmaceda
Mariposas
Mariscadero
Marquesa
Marquesa
Marquesas
Marqueza
Marquezas
Marquinabe
Marquirave
Marquivabe
Marruecoa
Marruecos
Martin Galan
Matancilla
Matancilla
Matancilla
Matancilla
Matancillas
Matancillos
Matanza
Matanzas
Matanzas
Matao
Matarizas
Matas
Matau
Matilla
Maule
Maullin
Mauque
Mayol
Mechaico
Mechuque
Mecura
Media Luna
Medias Aguas
Mehuin
Mejillones
Mejillones
Melado
Mela
Melco
Melinca
Melinka
Melipeuco
Melipilla
Melirupo
Melleico
Mellinto
Mellipilla
Melocoton Alto
Melocoton
Melon
Melosa
Melosas
Melozal
Mendoza
Menetue
Menque
Mesquihue
Metahue
Metrenco
Metrihue
Metri
Meulin
Mialqui
Miaqui
Michilla
Millahue
Millahue
Millanto
Millantu
Milla Quince
Millauquen
Mina Dorotea
Mincha de Petorca
Mincha
Mincha Sur
Mineral de Almireces
Mineral del Salado
Mineral El Salvador
Mineral Potrerillos
Minetue
Minilla
Minimine
Minimini
Mininco
Minita
Mirador
Miraflores
Miraflores
Miraflores
Miramar
Mira Rio
Mira Rios
Miscanti
Misitune
Misquihue
Mocha
Mocobi
Mocopulle
Mocopulli
Moeiroa
Mogote
Molco
Molco
Molina
Molina
Molinero
Molineros
Molino Caracoles
Molino Caracol
Molino
Molino
Molino
Molinos de Yaquil
Molinos
Molinos
Molinos
Molle Bajo
Molle
Monardez
Moncopulli
Monolito
Monos
Monserrat
Montado
Montandon
Monte Aguila
Monte Alto
Monte Atajo
Montechico
Monte Grande
Monte Grande
Montella
Monte Lorenzo Abajo
Monte Lorenzo Arriba
Monte Lorenzo
Montemar
Montemar
Montenegro
Monte Patria
Monterei
Monteria
Monterilla
Monterrey
Monte Verde
Montevideo
Montosa
Montriel
Montt
Moquella
Moraleda
Morillos Bajo
Morla Vicuna
Morrales
Morrillos
Morza
Mostazal
Muco
Mucomucone
Muermos
Mulchen
Mullure
Mulluri
Mulpulmo
Mundo Nuevo
Munizaga
Murmuntani
Mutupin
Nacara
Nacimiento
Nadis
Nahueltoro
Nahuentue
Nahuitad
Naltagua
Naltahua
Nama
Nancagua
Nancul
Nasahuento
Nasahuentu
Natales
Natri
Natuco
Navarro
Navidad
Negreiros
Negrete
Negrillar
Nehuentue
Neltume
Nepue
Nerco
Nercon
Nerquihue
Niblinto
Niches Pobres
Niebla
Nielol
Niguen
Nilahue Cornejo
Nilahue
Ninhue
Ninquihue
Ninquilhue
Nipas
Niquela
Niquen
Niquen
Nirivilo
Nitrihue
Niucho
Noasa
Noaza
Nogales
Norte Lagunas
Nos
Notuco
Notuel
Noviciado
Nueva Aldea
Nueva Braunau
Nueva Imperial
Nueva Tolten
Nunoa
Obrajia
Ocacucho
Ocampo
Ochagavia
Ocharaza
Ocoa
Oficina Alemania
Oficina Americana
Oficina Argentina
Oficina Aurrera
Oficina Bellavista
Oficina Buenaventura
Oficina Buen Retiro
Oficina Constancia
Oficina Diana
Oficina Dolores
Oficina Gruta
Oficina Grutas
Oficina Humberstone
Oficina Iris
Oficina Kerima
Oficina La Granja
Oficina La Tirana
Oficina Los Dones
Oficina Maria Elena
Oficina Maria
Oficina Norte Lagunas
Oficina Oriente
Oficina Pedro de Valdivia
Oficina Pena Chica
Oficina Pena Grande
Oficina Perseverancia
Oficina Ramirez
Oficina Rosario
Oficina Salinitas
Oficina San Andres
Oficina San Antonio
Oficina San Donato
Oficina Sara
Oficina Serena
Oficina Toco
Oficina Victoria
Oficina Virginia
Oficina Yugoslavia
Ofragia
Ofrajia
Ojanco Nuevo
Ojeda
Ojos Buenos
Oliague
Olivar Alto
Olivar Bajo
Olivar
Olivo
Olivos
Ollague
Olmue
Oqueldan
Orilla de Itata
Orilla del Maule
Orilla Itata
Orilla La Vega
Orillas del Maule
Osorno
Ossa
Ovalle
Ovejeria
Oyahue
Pabellon
Pacagua
Pachacamita
Pachagua
Pachama
Pachani
Pachia
Pachica
Pachingo
Pacoma
Pacumina
Padre de las Casas
Padre Huartado
Padre Hurtado
Padre Las Casas
Paga
Pahuil
Pahuta
Paico
Paidahuen
Paiguano
Paihuano
Pailad
Pailahueque
Pailcoaillo
Paildad
Paillaco
Paillahue
Paine
Paipote
Pajonales
Palca
Palca
Palce
Palena
Palena
Palermo
Palermo
Palgua
Palguin
Palhua
Pallinco
Pallo
Palmilla Abajo
Palmilla del Rosal
Palmilla de Pumanque
Palmilla
Palmilla
Palmilla
Palo Blanco
Palo Blanco
Palo Botado
Paloma
Palomar
Palo Negro
Palpal
Palquibudi
Palquibudis
Palquin
Palqui
Pama
Pampa Anita
Pampa Elena
Pampa Fidelia
Pampa Grande
Pampa Nacha
Pampa Union
Pampa Yolanda
Pampa Yolande
Pamputa
Pamputa Uyunasi
Panadero
Panavinto
Pan Azucar
Pancoras
Pan de Azucar
Pan de Azucar
Pangales
Pangal
Panguecillo
Panguecillos
Pangue
Pangue
Pangue
Panguilemo
Panguilemu
Panguipulli
Paniahue
Panilonco
Panilongo
Panimavida
Paniquihue
Paniri
Panquehue
Panquehue
Panquilco
Pansuta
Pantanillo
Pantanillos
Panucillo
Panulcillo
Panul
Panul
Paposo
Papudo
Papujune
Paquisa
Parada Caracoles
Parada Portillo
Paradero Fresia
Paraguai Chico
Paraguay Chico
Parajalla
Parajalla Vilacollo
Parajaya
Parca
Paredones de Auquinco
Paredones
Parga
Pargua
Parinacota-Caquena
Parinacota
Parque Sauzalito
Parral de Puren
Parral
Parral
Pasaca
Pasada
Paso Cunao
Paso del Rosario
Paso Hondo
Paso Mallo
Paso Malo
Paso Marchant
Paso Rosario
Paso Tuna
Pasto Cerrado
Patacon
Pata Elisa
Patagon
Pataguas Orilla
Pataguas
Pataguilla
Pataguilla
Pataguillas
Patillos
Payacollo
Pedegua
Pedernales
Pedernales
Pedregal
Pedregal
Pedro de Valdivia
Pedro Montt
Pehuen
Peine
Pejerrei
Pejerreyes
Pejerrey
Pelada
Pelal
Pelarco
Pelchuquin
Peleco
Pelequen
Pelequen Viejo
Pellejos
Pellines
Pellin
Pello Yutui
Pello Yutuy
Pelluco
Peluca
Pemuco
Penablanca
Pena Blanca
Pena Blanca
Pena Blanca
Pena Blanca
Penaflor
Penaflor
Penaflor
Penaliri
Penalolen
Penanes Bajo
Pencahue
Pencahue
Penco
Penita
Penon
Penon
Penon
Penuelas
Penuelas
Peor Es Nada
Perales
Perales
Perales
Perales
Peralillo
Peralillo
Peralillo
Peralillo
Perquenco
Perquilauquen
Petanesi Alto
Petorca
Petrohue
Peuco
Peulla
Peumo
Peumo
Peumo
Peumos
Peumos
Peupeu
Pica
Pichal Viejo
Pichaman
Pichare
Pichasca
Pichibudi
Pichicolo Alto
Pichicolo
Pichidangui
Pichidegua
Pichihuechui
Pichihuedque
Pichilaguna
Pichilemu
Pichilemu
Pichilo
Pichil
Pichingal
Pichi-Parga
Pichi Pellahuen
Pichiquillaipe
Pichi-Ropulli
Pichirrincon
Pidima
Pido
Pidpid
Piedra Blanca
Piedra Blanca
Piedra Colgada
Piedra El Lobo
Piedra Lisa
Piedras Blancas
Piedras Bonitas
Piedras Juntas
Piga Chica
Piga
Pihuchen
Pilen
Pileo
Pilicura
Pilinhue
Pillanlelbun
Pillay
Pilluco
Pilmaiquen
Pilocura
Pincha
Pindaco
Pindapulli
Pintacura
Pintados
Pintatane
Pinto
Pinuta
Piopio
Pirehueico
Pirineos
Piritas
Pirque
Pirque
Piruquina
Pisagua
Pisarata
Piscicultura
Pisco Elqui
Pishuinco
Pisiga
Pissis
Pite
Pitrufquen
Piuquenes
Piutil
Placeres
Placeres
Placeta
Placilla de Caracoles
Placilla de Esmeralda
Placilla de Penuelas
Placilla
Placilla
Placilla
Placilla
Planchada
Planta Concentradora Astillas
Planta El Carmen
Playa Ancha
Playa Blanca
Plaza Popeta
Poblacion Chorrillos
Poblacion Errazuriz
Poblacion Lago Ranco
Poblacion La Radio
Poblacion Miraflores
Poblacion Morande
Poblacion Parque Forestal
Poblacion
Poblacion Sierras de Bellavista
Poblacion Vergara
Poblacion Vermontt
Pocillas
Pocochay
Poconchile
Pocor
Pocuno
Pocuro
Poeta Gonzalez Bastias
Polcura
Polcura
Polcura
Polloico
Pollollo
Polonia
Polpaico
Polvareda
Pomaire
Pomuyeto
Porfia
Poroma
Poroma
Poroto
Portal del Inca
Port de Contarito
Portezuelo
Portezuelo
Portillo
Porvenir
Posada de los Hidalgos
Posada Lilen
Posesion
Potrerillo Alto
Potrerillo
Potrerillos
Potrero de Toledo
Potrero El Pingo
Potrero Grande
Potrero Grande
Poyo
Poza Aulen
Pozo Almonte
Pozo del Indio
Pozo Gregorio
Pozo Perdido
Providencia
Puangue
Pua
Puaun
Pucalan
Pucapa
Pucapucone
Pucarani
Pucara
Pucara
Pucatue
Puchabran
Puchilco
Puchoco
Puchultisa
Puchuncavi
Puchurca
Pucon
Puconu
Pucupucune
Pucura
Pudeto
Pueblo de Indios
Pueblo del Hollin
Pueblo de Naturales
Pueblo Hundido
Pueblo Hundido
Pueblo Hundido
Pueblo Nuevo
Pueblo Seco
Puente Alto
Puente Alto
Puente Negro
Puente Salinillas
Puerta de Marcelo
Puerta Patillos
Puerto Aguirre
Puerto Aisen
Puerto Aldea
Puerto Alegre
Puerto Bertrand
Puerto Cahacabuco
Puerto Cardenas
Puerto Carmen
Puerto Casanova
Puerto Chacabuco
Puerto Chico
Puerto Cisnes
Puerto Clocker
Puerto Condor
Puerto Corrales
Puerto Corral
Puerto Curtze
Puerto del Yate
Puerto Demaistre
Puerto Dominguez
Puerto Dunn
Puerto Flamenco
Puerto Guadal
Puerto Ingeniero Ibanez
Puerto Laforest
Puerto Lebu
Puerto Los Morros
Puerto Los Patos
Puerto Mejillones
Puerto Montt
Puerto Natales
Puerto Navarino
Puerto Nuevo
Puerto Nuevo
Puerto Octay
Puerto Oscuro
Puerto Pan de Azucar
Puerto Perez Rosales
Puerto Piedras
Puerto Prat
Puerto Progreso
Puerto Puyuguapi
Puerto Quellon
Puerto Ramirez
Puerto Rico
Puerto Saavedra
Puerto Santa Regina
Puerto Sara
Puerto Squella
Puerto Toledo
Puerto Tranquilo
Puerto Varas
Puerto Viejo
Puerto Williams
Puerto Yartou
Puerto Zenteno
Puesto Viejo
Puhala
Pujune
Pullay
Pullingue
Pullingue
Pulpica Alto
Pumanque
Pumillahue
Pumire Azufreras
Pumiri
Punaco
Punahuel
Punie
Punitaqui
Punta Arenas
Punta Carrera
Punta Colorada
Punta de Cortes
Punta de Diaz
Punta de la Piedra
Punta del Cobre
Punta de Piedra
Punta de Rieles
Punta Diaz
Punta Espora
Punta Negra
Punta Negra
Punta Teatinos
Puntilla de Bateas
Puntilla
Puntillas
Puntra
Punucapa
Pununquen
Pupelde
Pupetra
Pupio
Pupuya
Puqueldon
Puquillay
Puquio de Nunez
Puquios
Puquios
Puquios
Puquios
Puraquina
Puren
Pureo
Purey
Purranque
Pusuma
Putaendo
Putagan
Putani
Putaralla
Putemun
Putique
Putre
Putrinil
Putue
Putuputane
Putu
Puyan
Puyehue
Qquecalane
Quebrada de Alvarado
Quebrada de Herrera
Quebrada Escobares
Quebrada Honda
Quebrada Seca
Quebrada Seca
Quebrada Verde
Quebradillas
Quebraditas
Quechereguas
Quechereguas
Quechoco
Quechupulli
Quehuita
Queilen
Quelalmahue
Quelentaro
Queler
Quella
Quellon
Quellon Viejo
Quelon
Quelon
Queltehues
Quemchi
Quenac
Quenavinto
Quenay
Queniza
Quepe
Querquel
Queseria de Nilahue
Queseria
Quetalco
Quetecura
Queten
Quetro
Queule
Queullere
Queullin
Queumahuna
Quiapo
Quicavi
Quidenez
Quidico
Quigua
Quilaco
Quilamuta
Quilan
Quilapalo
Quila
Quilche
Quilelto
Quile
Quile
Quilico
Quilicura
Quilimanzano
Quilimari
Quilipulli
Quilitapia
Quillagua
Quillaguasa
Quillaguita
Quillahue
Quillaicillo
Quillaipe
Quillayes
Quillayloma
Quilleco
Quillen
Quillon
Quillota
Quilpoco
Quilpue
Quilquen
Quilquen
Quilquico
Quilquilco
Quinaco
Quinahue
Quinamavida
Quincanque
Quincanque
Quinca
Quinchamavida
Quinchao
Quinched
Quinenahuin
Quinepeumo
Quinicabe
Quino
Quinquegua
Quinquimo
Quinta de Tilcoco
Quintalba
Quintalito
Quinta Normal
Quintay
Quinterguen
Quintero
Quipinta
Quipisca
Quiquel Alto
Quiquel
Quirihue
Quiriquina
Quirquilinco
Quisama
Quiscal
Quistagama
Quitratue
Quitrico
Quitripulli
Quiuna Alto
Quiuna
Radal
Rafael
Rahue
Rahue
Ramadas
Ramadas
Ramadilla
Ramadillas
Ramadillas
Ramadillas
Ramaditas
Rancagua
Ranchos de Don Goyo
Ranco
Rancura
Ranquilco
Ranquilco
Ranquil
Ranquil
Rapel
Rapel
Rapilermo
Rarinco
Rarin
Rari
Rarirruca
Rasgunado
Rauco
Rauco
Recinto
Recoleta
Recoleta
Recreo
Refresco
Refresco Seco
Refugio Llaima
Refugio Lo Valdes
Refugio Piuquenes
Refugio
Reigolil
Relbun
Reloca
Renaca Bajo
Renaca
Renaico
Renca
Rengo
Renico
Renihue
Requegua
Requinoa
Rere
Resbaladero
Reserva Fiscal
Resguardo de Copiapo
Resguardo de los Patos
Reten Caritaya
Retiro
Reto
Retulemus
Reumen
Riachuelo
Rigolemo
Rilan
Rinconada de Chena
Rinconada de Guzman
Rinconada de Idahue
Rinconada de Jauregui
Rinconada de los Andes
Rinconada de Meneses
Rinconada de Navarro
Rinconada de Parral
Rinconada de Pumaiten
Rinconada de Silva
Rinconada de Yaquil
Rinconada El Sauce
Rinconada Los Quillayes
Rinconada
Rinconada
Rinconada
Rinconada
Rinconada
Rinconada
Rincon de Lagunillas
Rincon de la Patagua
Rincon de Los Cubillos
Rincon de los Maturana
Rincon del Sauce
Rincon del Talhuen
Rincon de Panama
Rincon de Toro
Rincon de Ubilla
Rincon Gentinune
Rincon Grande de La Calera
Rincon la Maladita
Rincon
Rincon
Rinihue
Rininahue
Rio Blanco
Rio Blanco
Rio Bueno
Rio Cisnes
Rio Claro
Rio Colorado
Rio de los Ciervos
Rio del Sur
Rio Frio
Rio Gato
Rio Grande
Rio Loa
Rio Negro
Rio Nuevo
Rio Seco
Ritoque
Rivadavia
Robinson Crusoe
Rocas de Santo Domingo
Rodeillo
Rodeito
Rolecha
Roma Abajo
Roma Arriba
Roma
Romaza
Romeral Adentro
Romeral Alto
Romeralcillo
Romerales
Romeral
Romeral
Rosapata
Rosapeta
Rosario
Rosario
Rosario
Rosita
Rota
Rucapequen
Rumay
Rumena
Ruminano
Rungue
Rungue
Rupameica
Rupanco
Sacaya
Sagasca
Sagbara
Sagrada Familia
Saguacsa
Saguani
Saitoco
Salala
Salamanca
Salinas
Salsipuedes
Salto de Los Marayes
Samo Alto
Samo Bajo
San Agustin
San Agustin
San Alfonso
San Andres
San Antonio de Chadmo
San Antonio
San Antonio
San Antonio
San Antonio
San Antonio
San Antonio
San Bartolo
San Bernardo
San Bernardo
San Camilo
San Carlos de Puren
San Carlos
San Carlos
San Carlos
San Carlos
San Clemente
San Cristobal
San Enrique
San Enrique
San Esteban
San Esteban
San Fabian de Alico
San Felipe
San Felix
San Felix
San Fernando
San Fernando
San Francisco de Limache
San Francisco de Mostazal
San Francisco
San Francisco
San Francisco
San Gabriel
San Gregorio
San Ignacio
San Isidro
San Javier
San Javier
San Javier
San Javier
San Javier
San Joaquin
San Jose de la Mariquina
San Jose de Maipo
San Jose de Nos
San Jose de Piguchen
San Jose de Tango
San Jose de Tranqui
San Jose
San Jose
San Jose
San Jose
San Jose
San Jose
San Jose
San Juan de Chadmo
San Juan de la Costa
San Juan del Peral
San Juan
San Juan
San Juan
San Juan
San Juan
San Juan
San Juan
San Julian
San Lorenzo
San Lorenzo
San Luis
San Luis
San Manuel
San Marcos
San Martin
San Miguel de Buli
San Miguel
San Miguel
San Miguel
San Miguel
San Miguel
San Nicolas
San Nicolas
San Nicolas
San Pablo
San Patricio
San Pedro de Alcantara
San Pedro de Atacama
San Pedro Norte
San Pedro
San Pedro
San Pedro
San Pedro
San Pedro
San Pedro
San Pedro
San Rafael
San Rafael
San Rafael
San Ramon
San Ramon
San Ramon
San Ramon
San Ramon
San Regis
San Roque
San Rosendo
Santa Ana de Chena
Santa Ana de Queri
Santa Ana de Trebulco
Santa Ana
Santa Ana
Santa Ana
Santa Barbara
Santa Berta
Santa Blanca
Santa Carolina
Santa Celia
Santa Clara
Santa Cruz
Santa Cruz
Santa Edita
Santa Elena
Santa Elvira
Santa Fe
Santa Fe
Santa Filomena
Santa Filomena
Santa Florencia
Santa Gracia
Santa Ines
Santa Ines
Santa Juana
Santa Julia
Santa Loreto
Santa Lucia
Santa Lucia
Santa Margarita
Santa Maria Linea
Santa Maria
Santa Maria
Santa Maria
Santa Melania
Santa Rosa
Santa Rosa
Santa Rosa
Santa Rosa
Santa Sara
Santa Teresa de Lo Ovalle
Santa Teresa
Santa Teresa
Santa Teresa
Santa Teresa
Santa Virginia
Sante Flor De Parajalla
Santiago
Santo Domingo de Lonquen
Santo Victoria
Santuario de las Penas
San Vicente de Arrayanes
San Vicente de Taguatagua
San Vicente
San Vicente
Saracota
Sara
Saraya
Sarayuma
Sarco
Sargento Aldea
Sarmiento
Saucache
Sauce Perez
Saujagua
Sauzal
Sauzal
Saxamar
Saya
Seccion Lazo
Seccion Tapera
Seguel
Selva Oscura
Seron
Sewell
Shoshuenco
Sibaya
Sierra Gorda
Sierra Overa
Silpasilvani
Sipiza
Sitani
Sitari
Socaire
Socoroma
Soco
Socos
Soga
Solor
Soncor
Sopocalane
Sora
Soruco
Sotaqui
Sotoca
Sotomo
Suca Alto
Suca
Sucesion La Feria
Sucuna
Surire
Surire
Tabaco Alto
Tabali
Tabali
Tabalongo
Tablas
Tabolango
Tabuco
Tabunco
Tacata
Tacora
Tacupa
Tahuinco
Taimo
Taipimarca
Taipullo
Talabre
Talagante
Talami
Talcahuano
Talcalonco
Talcamavida
Talcamo
Talcan
Talcarehue
Talca
Talca
Talinay Alto
Talinay Bajo
Talquipen
Taltal
Taltape
Tamberia
Tambillos
Tambillo
Tambillo
Tambillo
Tambo de Cosapilla
Tambo
Tamenelo
Tamentica
Tanguao
Tangue
Tanilvoro
Tantauco
Tapiche
Tapinga
Tarapaca
Taruguire
Taruguiri
Tasma
Tatara
Taulemu
Teatinos
Teguaco
Tegualda
Tejas Verdes
Tejeria
Teleschuno
Templanza
Temuco
Temuco
Tenaun
Teno
Tentelhue
Tenten
Teodoro Schmidt
Terao
Termas del Amarillo
Teupa
Tey
Tiacolpa
Tierra Amarilla
Tierras Blancas
Tignamar
Tijeral
Tilama
Tilicura
Tiliviche
Tillujaya
Tilluma
Tilomonte
Tilopozo
Tiltil
Tiltil Viejo
Timalchaca
Timar
Tinajas
Tinajillas
Tinguiririca
Tiquel
Tiquima
Tiquina
Tirua
Titiri
Tiuquilemo
Tiuquilemu
Toconao
Toconce
Toconey Alto
Toconey
Tocontase
Tocopilla
Toco
Toctosaya
Toculla
Tolar
Toldos
Toledo
Tollo
Tolten
Tomaguaya
Tomeco
Tome
Tongoicillo
Tongoy
Topain
Toquihua Arriba
Torrecilla
Tortel
Totihue
Totoralillo
Totoral
Totoral
Totoral
Totora
Trabunco
Tracalpulli
Traiguen
Traiguen
Traitraico
Tranaman
Trancas
Trancura
Tranque Lautaro
Tranquilla
Tranqui
Trapatrapa
Trape
Trapiche
Trapiche
Trapi
Treguaco
Tres Cruces
Tres Esquinas
Tres Esquinas
Tres Esquinas
Tres Pinos
Tres Puentes
Tres Puentes
Tres Puentes
Tres Puntas
Tres Redes
Tricao
Tricao
Trigo Blanco
Trilaleo
Trincao
Trinidad
Trintre
Trogualemo
Tromen
Troya
Troyo
Trumao
Trupan
Tubildad
Tucapel
Tulahuen
Tulapina
Tulduni
Tulor
Tuman
Tuna
Tunca Abajo
Tunca Arriba
Tunca
Tunel del Arbol
Tunga de Petorca
Tunga
Tuqui
Turicapur
Turi
Turiza
Turquia
Tutuquen
Ujina
Ullumalla
Umagata
Umaquilca
Umina
Umirpa
Uncaliri Chico
Uncaliri Grande
Uncaliri
Uncalliri
Unicaven
Unihue
Upeo
Uscana
Usiga
Usmagama
Uva Blanca
Vaca Muerta
Vado Hondo
Valdivia de Lontue
Valdivia de Paine
Valdivia
Valdivia
Valdivia
Valle Alegre
Valle Fertil
Valle Hermoso
Vallenar
Valle Negro
Valle Zancudo
Valparaiso
Vaqueria
Vara Gruesa
Varillar
Varrillar
Vasquez
Vegas de Itata
Ventanas
Ventanas
Vergara
Vichuquencito
Vichuquen
Victoria
Vicuna
Vilacollo
Vila-Vila
Vilches
Vilcun
Vilcun
Villa Alegre
Villa Alegre
Villa Alegre
Villa Alegre
Villa Alegre
Villa Alemana
Villa Alhue
Villa Blanca
Villa de Cartagena
Villa de Catemu
Villa de las Hojas
Villa del Cobil
Villa Industrial
Villa Paulina
Villa Prat
Villa Quenac
Villarrica
Villa Santa Lucia
Villaseca
Villa Seca
Villa Tacora
Villita Arriba
Villucura
Vilquico
Viluco
Viluco
Viluco
Vilullo
Vilupulli
Viluyo
Vina del Mar
Vina Guzman
Vinara
Visalla
Vista Alegre
Vista Bella
Visviri
Vitacura
Vizcachitas
Voigue
Voipire
Yalamanta
Yalanusco
Yaldad
Yal
Yaquil
Yeco
Yerba Buena
Yerbas Buenas
Yerbas Buenas
Yerbas Buenas
Yerbas Buenas
Yolanda Norte
Yuma
Yumbel
Yumbe
Yungay
Yungay
Yupehue
Yutreco
Yutuy
Zanjon
Zapahuira
Zapahuire
Zapallar
Zapallar
Zapar
Zapiga
Zarzal
Zemita
Zorras
Zorrilla
Zorzal Blanco
Zuniga
