United States of America
Germany
Australia
Iran
United Kingdom
Hong Kong
Iceland
France
India
Canada
Russia
Japan
Italy
Philippines
South Africa
Thailand
Poland
England
Republic of Ireland
Brazil
Argentina
Belgium
Netherlands
Denmark
Sweden
Turkey
Venezuela
North Korea
South Korea
Mexico
Czechoslovakia
Russian Empire
New Zealand
Lithuania
Spain
West Germany
Singapore
Norway
Czech Republic
Croatia
Slovakia
Morocco
Luxembourg
Pakistan
Finland
Switzerland
Weimar Republic
Botswana
Malaysia
Egypt
Ireland
Hungary
Andorra
United Arab Emirates
Afghanistan
Antigua and Barbuda
Anguilla
Albania
Armenia
Netherlands Antilles
Angola
American Samoa
Austria
Aruba
Azerbaijan
Bosnia and Herzegovina
Barbados
Bangladesh
Burkina Faso
Bulgaria
Bahrain
Burundi
Benin
Bermuda
Brunei
Bolivia
The Bahamas
Bhutan
Belarus
Belize
Cocos Islands
Central African Republic
Republic of the Congo
Côte d’Ivoire
Cook Islands
Chile
Cameroon
China
Colombia
Costa Rica
Serbia
Cuba
Cape Verde
Christmas Island
Cyprus
Djibouti
Dominica
Dominican Republic
Algeria
Ecuador
Estonia
Western Sahara
Eritrea
Ethiopia
Fiji
Falkland Islands
Federated States of Micronesia
Grenada
Georgia
Guernsey
Ghana
Gibraltar
Greenland
The Gambia
Guinea
Guadeloupe
Equatorial Guinea
Greece
South Georgia and the South Sandwich Islands
Guatemala
Guam
Guinea-Bissau
Guyana
Honduras
Haiti
Indonesia
Israel
Isle of Man
British Indian Ocean Territory
Iraq
Jersey
Jamaica
Jordan
Kenya
Kyrgyzstan
Cambodia
Kiribati
Comoros
Saint Kitts and Nevis
Kuwait
Cayman Islands
Kazakhstan
Laos
Lebanon
Saint Lucia
Liechtenstein
Sri Lanka
Liberia
Lesotho
Latvia
Libya
Monaco
Moldova
Madagascar
Marshall Islands
Republic of Macedonia
Mali
Mongolia
Macau
Northern Mariana Islands
Martinique
Mauritania
Montserrat
Malta
Mauritius
Maldives
Malawi
Mozambique
Namibia
New Caledonia
Niger
Norfolk Island
Nigeria
Nicaragua
Nepal
Nauru
Niue
Oman
Panama
Peru
French Polynesia
Papua New Guinea
Saint-Pierre and Miquelon
Pitcairn Islands
Puerto Rico
Portugal
Paraguay
Qatar
Romania
Rwanda
Saudi Arabia
Solomon Islands
Seychelles
Sudan
Slovenia
Sierra Leone
San Marino
Senegal
Somalia
Suriname
São Tomé and Príncipe
El Salvador
Syria
Swaziland
Turks and Caicos Islands
Chad
Togo
Tajikistan
Tokelau
Turkmenistan
Tunisia
Tonga
Trinidad and Tobago
Tuvalu
Taiwan
Tanzania
Ukraine
Uganda
Uruguay
Uzbekistan
Vatican City
Saint Vincent and the Grenadines
British Virgin Islands
United States Virgin Islands
Vietnam
Vanuatu
Wallis and Futuna
Yemen
Mayotte
Zambia
Zimbabwe
Burma
Coral Sea Islands
Gaza Strip
Montenegro
Palau
Northern Ireland
Scotland
Wales
West Bank
Samoa
Democratic Republic of the Congo
East Timor
Yugoslavia
Kingdom of the Netherlands
Zanzibar
Somaliland
Bonaire
Puntland
Ancient Greece
Austria-Hungary
Gabon
Faroe Islands
Sparta
German Democratic Republic
Palestinian National Authority
Palestine
Sahrawi Arab Democratic Republic
Iraqi Kurdistan
Åland Islands
Transnistria
Saint-Barthélemy
Northern Cyprus
Republic of China (Taiwan)
Kingdom of Hungary
Saint Martin
Holy Roman Empire
Republic of South Vietnam
Kingdom of Great Britain
Macedon
Transitional Darfur Regional Authority
Squamish Nation
Sint Maarten
Independent Republic of Zulia
Northland State
Kingdom of England
Roman Empire
Mercia
Wessex
Ottoman Empire
Union of South Africa
Territory of New Guinea
Territory of Papua and New Guinea
Zimbabwe
Kingdom of the Two Sicilies
Roman Republic
Ptolemaic Egypt
Second Polish Republic
French First Republic
Federal Republic of Yugoslavia
Song Dynasty
Kingdom of Italy
Kingdom of Ireland
Great Seljuq Empire
Greater Khorasan
Rashidun Caliphate
Abbasid Caliphate
Western Roman Empire
Spanish Empire
Kingdom of Bohemia
Mongol Empire
Southern Rhodesia
German Empire
Nazi Germany
Crown of Aragon
Kingdom of Aragon
Ptolemaic Kingdom
Classical Athens
Kingdom of Albania
Republic of Hawaii
Czechoslovak Socialist Republic
Great Moravia
Dahomey
Kingdom of Prussia
Wallachia
Kingdom of Naples
Kingdom of Navarre
Kingdom of Judah
US$
Confederate States of America
Muscovy
Kingdom of Romania
Serbia and Montenegro
Palestinian territories
Iudaea
Neustria
Austrasia
Caliphate of Córdoba
Papal States
Islamic Emirate of Afghanistan
Kievan Rus'
Armenian SSR
Duchy of Normandy
Buganda
Kingdom of Sicily
Soviet Union
Kingdom of Scotland
Byzantine Empire
Kingdom of Iraq
Austrian Empire
Russian Soviet Federative Socialist Republic
Kingdom of Italy
Deutsches Reich
Empire of Japan
Kingdom of Bulgaria
Federation of Malaya
Kingdom of Hawaii
Kingdom of Hungary
Kingdom of the Lombards
First French Empire
Swedish Empire
Union between Sweden and Norway
Belarusian National Republic
Government of Abkhazia-in-exile
Provisional Administrative Entity of South Ossetia
Royal Lao Government in Exile
Republic of Serbian Krajina Government in Exile
Pahlavi dynasty
Chechen Republic of Ichkeria
Republic of Cabinda
Republic of the South Moluccas
Dutch Republic
Former Qin
Former Liang
Former Yan
Lordship of Ireland
Duchy of Burgundy
Kingdom of Galicia
Paris
Frankish Empire
Republic of Upper Volta
Mataram Sultanate
Surakarta Sultanate
Majapahit
Srivijaya
Mataram Kingdom
Malacca Sultanate
Slovak Republic
Grand Duchy of Hesse
Grand Duchy of Frankfurt
Oldenburg
Grand Duchy of Würzburg
Grand Duchy of Kraków
Grand Duchy of Poznań
Grand Duchy of Tuscany
Grand Duchy of Finland
Saxe-Weimar-Eisenach
Grand Duchy of Lithuania
Mecklenburg-Strelitz
Mecklenburg-Schwerin
Baden
Principality of Wales
Republic of Venice
Kingdom of Bavaria
United Arab Republic
New France
Kingdom of Serbia
Kingdom of Yugoslavia
Serbian Principality
Kingdom of Travancore
Kingdom of Montenegro
Principality of Montenegro
Kingdom of Greece
Babylonia
Assyria
Ancient Thebes
Emirate of Sicily
Electorate of Hanover
Kingdom of Hanover
Kingdom of Croatia-Slavonia
Republic of Genoa
Russian Provisional Government
Brazilian Empire
Zaire
Georgian SSR
Abkhazia
Dual monarchy of England and France
Presidencies of British India
Bourbon Spain
Kingdom of France
Tuvan People's Republic
Republika Srpska
South Sudan
Nagorno-Karabakh Republic
Duchy of Pomerania
Württemberg
Caribbean Netherlands
Curaçao
Saint Helena, Ascension and Tristan da Cunha
Babylon
Duchy of Parma
Kingdom of Etruria
Duchy of Lucca
Cameroun
Socialist Federal Republic of Yugoslavia
First East Turkestan Republic
Zulu Kingdom
Kingdom of Croatia
Kingdom of Portugal
Albanian Kingdom
Second French Empire
Empire of Haiti
Central African Empire
Kingdom of Haiti
Empire of Haiti
Kingdom of Araucanía and Patagonia
Roman Kingdom
Commonwealth of England
Francoist Spain
Gran Colombia
Mengjiang
Provisional Government of the Republic of China
Dadao government
State of Burma
Reformed Government of the Republic of China
East Hebei Autonomous Council
Empire of Vietnam
Second Philippine Republic
Reorganized National Government of China
Italian Social Republic
Kingdom of Poland
Kingdom of Lithuania
Albania under Italy
Manchukuo
Duchy of Courland and Semigallia
Albania under Nazi Germany
Independent State of Croatia
Azerbaijan People's Government
Far Eastern Republic
Nedić's Serbia
Independent State of Montenegro
Hellenic State
Principality of the Pindus
Belarusian Central Rada
Quisling regime
Mongolian People's Republic
Second East Turkestan Republic
Finnish Democratic Republic
Estonian Soviet Socialist Republic
Latvian Soviet Socialist Republic
Lithuanian Soviet Socialist Republic
People's Republic of Mozambique
Daoud's Republic of Afghanistan
Democratic Republic of Afghanistan
South Yemen
Yemen Arab Republic
People's Democratic Republic of Ethiopia
Derg
Socialist People's Republic of Albania
People's Republic of Angola
Communist Romania
People's Republic of Benin
Bukharan People's Soviet Republic
Emirate of Bukhara
People's Republic of Bulgaria
People's Republic of the Congo
People's Republic of Hungary
People's Republic of Poland
People's Republic of Kampuchea
Democratic Kampuchea
Federal State of Austria
Estado Novo
Somali Democratic Republic
Emirate of Afghanistan
Emirate of Armenia
Emirate of Bari
Emirate of Beihan
Emirate of Crete
Emirate of Granada
Principality of Hutt River
Biafra
United Kingdom of the Netherlands
South Vietnam
Castile
South Ossetia
Soviet occupation zone
Azania
Mangkunegaran
British Guiana
Sigavé
Alo
Kingdom of Baguirmi
Ouaddai Empire
Aussa Sultanate
British Raj
Uvea
Republic of Kosovo
Ukrainian SSR
Ciskei
Transkei
Gazankulu
KaNgwane
Bophuthatswana
KwaNdebele
KwaZulu
Lebowa
QwaQwa
Venda
Damaraland
Bushmanland
East Caprivi
Hereroland
Kaokoland
Kavangoland
Namaland
Ovamboland
Rehoboth
Tswanaland
Chechnya
United Kingdom, with Dependencies and Territories
Republic of China
Vojvodina
Mallorca
Tibet Autonomous Region
Rio de Janeiro
Canary Islands
Aceh
Kyrgyzstan
საქართველო
საქართველო
Eurasia
Cilicia
usa
USA
Government of Pakistan
Ukranian SSR
Copenhagen
Pennsylvania
Soccer Player
Flanders
Konbaung dynasty of Myanmar
Singapore
Andorra
United Arab Emirates
Afghanistan
Antigua and Barbuda
Anguilla
Albania
Armenia
Angola
Asia/Pacific Region
Antarctica
Argentina
American Samoa
Austria
Australia
Aruba
Aland Islands
Azerbaijan
Bosnia and Herzegovina
Barbados
Bangladesh
Belgium
Burkina Faso
Bulgaria
Bahrain
Burundi
Benin
Saint Bartelemey
Bermuda
Brunei Darussalam
Bolivia
Bonaire, Saint Eustatius and Saba
Brazil
Bahamas
Bhutan
Bouvet Island
Botswana
Belarus
Belize
Canada
Cocos (Keeling) Islands
Congo, The Democratic Republic of the
Central African Republic
Congo
Switzerland
Cote d'Ivoire
Cook Islands
Chile
Cameroon
China
Colombia
Costa Rica
Cuba
Cape Verde
Curacao
Christmas Island
Cyprus
Czech Republic
Germany
Djibouti
Denmark
Dominica
Dominican Republic
Algeria
Ecuador
Estonia
Egypt
Western Sahara
Eritrea
Spain
Ethiopia
Europe
Finland
Fiji
Falkland Islands (Malvinas)
Micronesia, Federated States of
Faroe Islands
France
Gabon
United Kingdom
United Kingdom, with Dependencies and Territories
Grenada
Georgia
French Guiana
Guernsey
Ghana
Gibraltar
Greenland
Gambia
Guinea
Guadeloupe
Equatorial Guinea
Greece
South Georgia and the South Sandwich Islands
Guatemala
Guam
Guinea-Bissau
Guyana
Hong Kong
Heard Island and McDonald Islands
Honduras
Croatia
Haiti
Hungary
Indonesia
Ireland
Republic of Ireland
Israel
Isle of Man
India
British Indian Ocean Territory
Iraq
Iran, Islamic Republic of
Iran
Iceland
Italy
Jersey
Jamaica
Jordan
Japan
Kenya
Kyrgyzstan
Cambodia
Kiribati
Comoros
Saint Kitts and Nevis
Korea, Democratic People's Republic of
Korea, Republic of
Kuwait
Cayman Islands
Kazakhstan
Lao People's Democratic Republic
Lebanon
Saint Lucia
Liechtenstein
Sri Lanka
Liberia
Lesotho
Lithuania
Luxembourg
Latvia
Libyan Arab Jamahiriya
Morocco
Monaco
Moldova, Republic of
Montenegro
Saint Martin
Madagascar
Marshall Islands
Macedonia
Mali
Myanmar
Mongolia
Macao
Northern Mariana Islands
Martinique
Mauritania
Montserrat
Malta
Mauritius
Maldives
Malawi
Mexico
Malaysia
Mozambique
Namibia
New Caledonia
Niger
Norfolk Island
Nigeria
Nicaragua
Netherlands
Norway
Nepal
Nauru
Niue
New Zealand
Oman
Panama
Peru
French Polynesia
Papua New Guinea
Philippines
Pakistan
Poland
Saint Pierre and Miquelon
Pitcairn
Puerto Rico
Palestinian Territory
Portugal
Palau
Paraguay
Qatar
Reunion
Romania
Serbia
Russian Federation
Russia
Rwanda
Saudi Arabia
Solomon Islands
Seychelles
Sudan
Sweden
Singapore
Saint Helena
Slovenia
Svalbard and Jan Mayen
Slovakia
Sierra Leone
San Marino
Senegal
Somalia
Suriname
Sao Tome and Principe
El Salvador
Sint Maarten
Syrian Arab Republic
Swaziland
Turks and Caicos Islands
Chad
French Southern Territories
Togo
Thailand
Tajikistan
Tokelau
Timor-Leste
Turkmenistan
Tunisia
Tonga
Turkey
Trinidad and Tobago
Tuvalu
Taiwan
Tanzania, United Republic of
Ukraine
Uganda
United States Minor Outlying Islands
United States
United States of America
Uruguay
Uzbekistan
Holy See (Vatican City State)
Saint Vincent and the Grenadines
Venezuela
Virgin Islands, British
Virgin Islands, U.S.
Vietnam
Vanuatu
Wallis and Futuna
Samoa
Yemen
Mayotte
South Africa
Zambia
Zimbabwe