27 de Abril
3 Millas
9 Millas
Abangares
Abangaritos
Abuela
Abundancia
Achiote
Aeropuerto
África
Agbeta
Agua Azul
Agua Blanca
Agua Buena
Agua Caliente
Aguacate
Aguas
Aguas Buenas
Aguas Calientes
Aguas Claras
Aguas Claras
Aguas Negras
Aguas Zarcas
Aguas Zarcas
Agueta
Águila Abajo
Aguilares
Aguitares
Agujas
Agujitas
Ahogados
Alajuela
Alajuelita
Alaska
Alcántaro
Alcira
Alegría
Alemania
Alfaro
Altamira
Alto
Alto
Alto
Alto Ángeles
Alto Banca Lucía
Alto Cebadilla
Alto Concepción
Alto de Domingo Mora
Alto de las Cruces
Alto del Monte
Alto de los Chantos
Alto del Roble
Alto de Quitirriel
Alto Poró
Altos Aguacate
Altos Herediana
Alto Socorro
Altos Pascua
Alto Villegas
América
Amparo
Amubri
Anateri
Ángel
Ángeles
Angeles
Ángeles
Ángeles
Ángeles
Ángeles
Ángeles de Monte Romo
Ángeles Norte
Ángeles Sur
Angostura
Ánimas
Ánimas
Ánimas
Animas
Aquiares
Arado
Aragón
Arancibia
Aranjuecito
Aranjuez
Arbolito
Arcángeles
Arena
Arenal
Arenilla
Argelia
Argentina
Argentina
Arío
Ario Este
Ario Oeste
Arizona
Arrepentidos
Artieda
Artola
Aseri
Aserrí
Asientillo
Asientillos
Asuncion
Asunción
Atalanta
Atenas
Atirro
Atlanta
Avance
Avangares
Ayala
Azul
Badilla
Bagaces
Bajamar
Baja Moras
Bajo Badilla
Bajo Badillas
Bajo Bonita
Bajo Caliente
Bajo Cárdenas
Bajo Castillo
Bajo Chanchos
Bajo Claras
Bajo Congo
Bajo Corrales
Bajo de las Labores
Bajo de la Vieja
Bajo del Espino
Bajo del Pedernal
Bajo del Torres
Bajo del Tulín
Bajo de Tulín
Bajo Guevara
Bajo La Labor
Bajo La Legua
Bajo Moras
Bajo Negro
Bajo Paires
Bajo Palma
Bajos Bijagual
Bajos Jamaical
Bajos Negros
Bajos Pascua
Bajos Tigre
Bajo Tigre
Ballena
Ballena
Balsa
Balsa
Balsilla
Bananito Sur
Banca Lucía
Banderilla
Barba
Barbacoas
Barbudal
Barco Quebrado
Barmouth Este
Barmouth Oeste
Barón
Barra Honda
Barra Mocado
Barranca
Barranca
Barrancas
Barranquilla
Barrantes
Barreal
Barrial
Barrigones
Barrio Claret
Barrio el Carmen
Barrio Escalante
Barrio Hispano
Barrio Jesús
Barrio Jesús
Barrio La Equitativa
Barrio Méndez
Barrio Mexico
Barrio Nuevo
Barrio Roosevelt
Barrio Sagrada Familia
Barrio Ureña
Barroeta
Barro Morado
Barú
Barva
Bataán
Batán
Bebedero
Bebedero
Bebidero
Bebliyak
Bejuco
Belén
Bella Vista
Bellavista
Bella Vista
Bellavista
Bellavista
Berlín
Berlín
Bermejo
Bernabela
Berrugate
Beverly
Bijagua
Bijagual
Bijagual
Bijagual
Bijagualito
Birrí
Birricitio
Birricito
Birrís
Birrisito
Blanco
Blancos
Boca Arenal
Boca Barranca
Boca
Boca Chocuaco
Boca de Arenal
Boca de Ario
Boca de Barranca
Boca del Nosara
Boca de los Chiles
Boca de Nosara
Boca Los Chiles
Bocana
Bocana
Boca Nosara
Bocas del Nasara
Bocas de Nosara
Bolas
Bolgón
Bolívar
Bolivia
Bolivia
Bolsón
Bolsón
Bomba
Bomba
Bonifacio
Bonilla Abajo
Bonilla
Boquerón
Boquerones
Boquete
Boruca
Boston
Boston
Botija
Bralsi
Brasil
Brasilito
Bratsi
Breñón
Bribri
Brisas
Brisas
Bristol
Brujo
Brujo
Buena Vista
Buena Vista
Buena Vista
Buena Vista
Buenos Aires
Buenos Aires
Buenos Aires
Buenos Aires
Búffalo
Bureal
Burio
Bustamante
Cabagra
Caballito
Caballo Blanco
Caballo Blanco Sur
Cabaña
Cabanga
Cabécar
Cabecera de Cañas
Cabecera de Lajas
Cabecera Lajas
Cabecera Río Ora
Cabeceras de Lajas
Cabeceras de Río Ora
Cabeza de León
Cabo Blanco
Cabo Blanco del Golfo
Cabro
Cabuya
Cabuyal
Cabuyal
Cacao
Cacao
Cacao
Cacao
Cacao
Cachí
Cachito
Cacique
Cahuita
Caimital
Caimito
Cairo
Cajón
Caldera
Calderas
California
California Norte
California Sur
Callao
Calle Blancos
Calle de los Rodríguez
Calle Moras
Camaronal
Camarones
Camas
Cambalache
Camíbar
Camíbar
Campero
Campiñas
Campo Viejo
Canaán
Caña Blanca
Canadá
Canadá
Caña Fístola
Cañafístula
Cañal
Cañales
Canalete
Cañamazo
Cañas
Cañas
Cañas
Cañas Dulces
Cañas Gordas
Candelaria
Candelaria
Candelarita
Candelillo
Canet
Cangreja
Cangrejal
Cañitas
Canjel
Canjel
Canoas
Canoas
Caño Ciego
Cañón
Caño Negro
Caño Negro
Caño Seco
Cantil
Cañuela
Capellades
Capira
Capital
Capulín
Caracol
Caracol Norte
Caragral
Caraña
Carara
Carate
Carazo
Carbonal
Cárdenas
Cariblanco
Carit
Carmen
Carmen
Carmen
Carmen
Carmen
Carmona
Carmona
Carpintero
Carrera Buena
Carrillo
Carrillo
Carrillos
Carrizal
Carrizal
Carrizales
Carrizales
Cartagena
Cartago
Cartagos
Casa Mata
Casa Quemada
Casa Vieja
Casa Vieja
Casa Vieja Sur
Cascajal
Cascajal
Cascante
Casitas
Caspirola
Castilla
Castilla
Castilla de Oro
Castillo del Oro
Castro
Catalina
Cataluña
Catarata
Catarina
Catorce Millas
Cayolar
Cebadilla
Cebadilla
Cebadilla
Cebodilla
Cedar Creek
Cedral
Cedral
Cedral
Cedral Norte
Cedro
Ceiba Baja
Ceiba
Ceiba
Ceiba
Ceiba Este
Ceiba Oeste
Ceibo
Celia
Ceniza
Centro Colón
Cerbatana
Cerrillal
Cerrillos
Cerrillos
Cerro Azul
Cerro Frío
Cervantes
Chácara
Chacarita
Chachagua
Chagüite
Chagüite
Chambacú
Chánguena
Chaparral
Chaparrón
Chapernal
Charcón
Charcos
Chase
Chasse
Chayote
Chicua
Chilamate
Chilamate
Chile
Chiles
Chiles
Chimirol
Chimurinak
China Kichá
Chinampas
Chira
Chiringa
Chirracal
Chirripó
Chirripó
Chis
Chitaría
Chitaría
Chiverral
Chiz
Chomes
Chonta
Chontales
Chorro
Chumburán
Cieneguita
Cima
Cimarrones
Cinchona
Cinco Esquinas
Cinco Esquinas
Cipreses
Cirrí
Cirrí
Cirrí Norte
Ciruelas
Ciruelas
Ciruelitas
Ciudad Cañas
Ciudad Cortés
Ciudad de Heredia
Ciudad de Limón
Ciudad Quesada
Ciudad San Vito
Ciudad Universitaria
Ciudad Universitaria Rodrigo Facio
Claras
Claret
Clavera
Cóbano
Cocal
Cocles
Coco
Coco
Cocoles
Cocos
Coeza
Coliblanco
Colima
Colombiana
Colón
Colón
Colonia Agrícola del Toro
Colonia Carmona
Colonia Carvajal
Colonia
Colonia
Colonia del Salvador
Colonia del Toro
Colonia Dos Ríos
Colonia Mayorga
Colonia Palmareña
Colonia Rodrigo Facio
Colonia Salvador
Colorado
Colorado
Colorado
Colorado
Comadre
Común
Común de Birrí
Comunidad
Concepción
Concepción
Concepción
Concepción
Concepción
Concepción
Concordia
Congo
Congo
Constancia
Conte
Conventillos
Convento
Cooper
Copachi
Copachí
Copalchí
Copalchí
Copal
Copal
Copey
Corazón de Jesús
Cordel
Cordoncillo
Corina
Coris
Corobicí
Corohado
Coroma
Coronado
Coronado
Corozal
Corozalito
Corralar
Corrales
Corralillo
Corralillo
Corralillo
Corredor
Corrogres
Cot
Cote
Coto Brus
Coto
Coto Independiente
Cotos
Coyolar
Coyolar
Coyolar
Coyolar
Coyol
Coyolito
Coyote
Cramalotal
Crifo Alto
Cristóbal Norte
Cristóbal Sur
Cristo
Cristo Rey
Crucero
Cruz
Cruz
Cruz Norte
Cuabre
Cuajiniquil
Cuatro Bocas
Cuatro Esquinas
Cuatro Esquinas
Cuatro Millas
Cucaracha
Cuchillo
Cuesta Colorada
Cuesta Grande
Cueza
Cuipilapa
Culebra
Cultivez
Curabandí
Curacao
Curazao
Curime
Curiol
Curré
Curridabat
Curubandé
Curú
Damas
Damita
Daniel Flores
Danta
Dantas
Dantas
Daytonia
Delicia
Delicias
Delicias
Delicias
Delicias
Delicias Oeste
Desamparaditos
Desamparados
Desamparados
Descanso
Desmonte
Destierro
Dikoguicha
Diriá
División
Doboncragua
Doce Millas
Domingas
Domínica
Domínica
Dominical
Dominicas
Don Jaime
Don Matías
Dorotea
Dorothea
Dos Bocas
Dos Brazos
Dos Quebradas
Dos Ríos
Drake
Duan
Dubondi
Duendes
Dulce Nombre
Dulce Nombre
Dulce Nombre
Dulce Nombre
Durán
Durazno
Echeverría
Edén
El Alto
El Alto
El Amo
El Amparo
El Arado
El Arbolito
El Barón
El Burío
El Cacao
El Cairo
El Cañal
El Canjel
El Cañón
El Carbonal
El Carmen
El Carmen
El Cedral
El Chagüite
El Chorro
El Ciprés
El Coco
El Coco
El Convento
El Copey
El Cordel
El Cortés
El Dos
El Duan
El Durazno
Electriona
El Empalme
El Gallo
El Gato
El General
El Guayabo
El Hacha
El Higuerón
El Higuito
El Hogar
El Hoyo
El Jardin
El Jerón
El Jobo
El Jocote
El Llano
El Mesón
El Mesón
El Millal
El Molino
El Muelle
El Muelle
El Muerto
El Muñeco
El Obispo
El Pabellón
El Pájaro
El Palmar
El Palmar
El Paso del Machete
El Paso
El Pato
El Pital
El Porvenir
El Porvenir
El Potrero
El Pozo
El Pozón
El Prado
El Real
El Reventado
El Rincón
El Rincón
El Roblar
El Roble
El Roble
El Rodeo
El Rosario
El Rosario
El Salitral
El Salvador
El Sandalo
El Silencio
El Silencio
El Sol
El Sur
El Tieso
El Tigre
El Tigre
El Uriche
El Viejo
El Vigía
El Yas
El Zapotal
El Zapote
Empalme
Encanto
Encanto
Escalante
Escasu
Escazú
Escobal
Escocia
Escuadra
Ese
Esmeralda
Espabel
Esparta
Esparza
Espavel
Esperanza
Esperanza
Esperanza
Esperanza
Esperanza
Esperanzas
Esquinas
Esquinas
Esquipulas
Esquipulas
Esterillos Este
Esterillos
Estero
Estrada
Estrella
Fátima
Favorita
Fila Aguacate
Filadelfia
Filadelphia
Filadelphia Norte
Filadelphia Sur
Fila
Fila
Fila Negra
Finca Cote
Finca Delicias
Finca Las Delicias
Finca Mata de Caña
Finca Platanar
Florecilla
Florencia
Florencia
Flor
Florida
Florida
Florida
Florida
Fortuna
Fortuna
Fourth Cliff
Fraijanes
Frailes
Francia
Fresca
Fuente
Fuentes
Gabriel
Galilea
Gamalotal
Gamalotillo
Gamba
Gandoca
Garabito
García Flamenco
Garfa
Garita
Garita
Garza
Gato
Gavilanes
General Viejo
Germania
Getsemaní
Gibre
Giganta
Gigante
Gigantes
Gloria
Gloria
Gloria
Gloria
Golden Grove
Golfita
Golfito
Gongolona
Goschen
Goshen
Gramalotal
Granadilla
Granja
Grecia
Grecia La Argentina
Griega
Grifo Alto
Grifo Bajo
Guábata
Guabo
Guabo
Guacalito
Guachipelín
Guachipelín
Guácima
Guacimal
Guácimo
Guacimo
Guácimo
Guácimo
Guadalupe
Guadalupe
Guadalupe
Guadalupe
Guadarrama
Guadelupe
Guaitil
Guaitil
Guamalotal
Guápiles
Guapinol
Guardia
Guaria
Guaria
Guaria
Guaria
Guarra
Guarumal
Guastomatal
Guatemala
Guatusito
Guatuso
Guatuso
Guatuso
Guayabal
Guayabal
Guayabo
Guayabo
Guayabo
Guayabos
Guayabos
Guayacán
Guerra
Hacha
Hacienda Alaska
Hacienda Animas
Hacienda Aquiares
Hacienda Bonilla
Hacienda Caimito
Hacienda Cañada
Hacienda Carrizal
Hacienda Catalina
Hacienda Chapernal
Hacienda Conventillos
Hacienda Coronado
Hacienda Culebra
Hacienda Curubande
Hacienda Delicias
Hacienda El Amo
Hacienda El Cortés
Hacienda El Hacha
Hacienda El Jardín
Hacienda El Jobo
Hacienda El Pelén
Hacienda El Pelón de la Bajura
Hacienda El Pelón
Hacienda El Porvenir
Hacienda El Porvenir
Hacienda El Real
Hacienda El Rodeo
Hacienda El Salto
Hacienda El Viejo
Hacienda El Zapotal
Hacienda Flor
Hacienda F. Retana
Hacienda Guachipelín
Hacienda Guapote
Hacienda Guayabo
Hacienda Inocentes
Hacienda Jilgueral
Hacienda La Albertina
Hacienda La Cueva
Hacienda La Ester
Hacienda La Flor
Hacienda La Flor
Hacienda La Girona
Hacienda La Hacha
Hacienda Las Ánimas
Hacienda Las Ciruelas
Hacienda Las Lajas
Hacienda Las Trancas
Hacienda Los Ahogados
Hacienda Los Inocentes
Hacienda Miravalles
Hacienda Mojica
Hacienda Mojic
Hacienda Monteverde
Hacienda Morote
Hacienda Murciélago
Hacienda Naranjo
Hacienda Naranjo
Hacienda Orosí
Hacienda Palestina
Hacienda Palomo
Hacienda Palo Verde
Hacienda Pasqui
Hacienda Pelón de la Altura
Hacienda Pelón de la Bajura
Hacienda Pelón
Hacienda Pijige
Hacienda Pilige
Hacienda Plantón
Hacienda Playa Bonita
Hacienda Porvenir
Hacienda Porvenir
Hacienda Potrerillos
Hacienda Puerto Alto
Hacienda Quebrada
Hacienda Quesada
Hacienda Quéveri
Hacienda Quivel
Hacienda Río Blanco
Hacienda San Gerónimo
Hacienda San Miguel
Hacienda San Rafael
Hacienda San Roque
Hacienda Santa Elena
Hacienda Santa María
Hacienda Santa Rosa
Hacienda Santa Rosa
Hacienda Sapoá
Hacienda Taboga
Hacienda Tamarindo
Hacienda Tapanti
Hacienda Tempisque
Hacienda Tenorio
Hacienda Trancas
Hacienda Tres Amigos
Hacienda Venado
Hacienda Vieja
Hacienda Vieja
Hacienda Viejo
Hatillo
Hatillo
Hatillo
Heredia
Herediana
Heridia
Hermosa
Hernández
Herradura
Herradura
Hervidero
Higuerillo
Higueronal
Higuerón
Higuerón
Higuito
Higuito
Higuito
Hogar
Hoja Ancha
Hojancha
Honda
Honduras
Hone Creek
Horcones
Hotel
Huacal
Huacalillo
Huacalito
Huacas
Huecos
Humo
Humo
Icotea
Iguanita
Ilusión
Indiana Dos
Indiana Tres
Infiernillo
Inocentes
Invu
Ipís
Iroquois
Isabel
Isla de Tibás
Isla
Isla
Islita
Italcancori
Itiquís
Jabilla Abajo
Jabilla Arriba
Jabilla
Jabillo
Jabillos
Jabonal
Jaboncilla
Jaboncillal
Jaboncillar
Jaboncillo
Jacó
Jaleo
Jaloba
Jamaica
Jamaica Town
Jarasal
Jardín
Jaris
Jateo
Jaular
Jericó
Jericó
Jesús
Jesus
Jesús María
Jesús María
Jesús María
Jicaral
Jicarito
Jicotea
Jilgueral
Jiménez
Jirona
Jobal
Jobo
Jobos
Jocotal
Jocote
Jocote
Jocotes
Jorco
Josefina
Joya
Juan de Dios
Juan de León
Juan Díaz
Juanilama
Juanilama
Juan Viñas
Judas
Junquillo Abajo
Junquillo Arriba
Junquillo
Junta
Juntas
Juntas
Katsi
Keith
Kilómetro 29
Kilómetro Teinta y Tres
Kilómetro Veintinueve
Kodi
Kody
Koroma
Koschny
La Abuela
La Aldea
La América
La Arena
La Asunción
La Balsa
La Barranca
La Boca
La Bocana
La Bomba
Labrador
La Cabaña
La Caja
La Calera
La California
La Ceiba
La Chimba
La Chiva
La Chonta
La Chorrera
La Cinchona
La Ciruelas
La Colonia
La Colonia
La Comunidad
La Concordia
La Cruz
La Cruz
La Cruz
La Cuesta
La Cuesta
La Ese
La Ese
La Esperanza
La Estación
La Ester
La Estrella
La Flor
La Fortuna
La Francia
La Gallega
La Garita
La Garita
Lagarto
Lagartos
La Garza
La Giralda
La Girona
La Gorita
La Granja
La Guácima
Laguna
Laguna
Laguna
Laguna
Lagunilla
Lagunilla
Lagunilla
La Isla
La Isla
La Isla
La Islita
Laja
Lajas
Lajas
Lajas
Lajas
Lajas
Lajón
La Junta
La Lagunilla
La Laja
La Laja
La Legua
La Libertad
La Llorona
La Lucha
La Lucha
La Macilla
La Mansión
La Marina
La Masilla
La Mona
La Montaña
La Montañita
La Mora
Lámparas
La Pacaya
La Pacífica
La Palma
La Palma
La Palma
La Palma
La Palmita
La Pascua
Lapas
La Pastora
La Peria
La Perla
La Piedra
La Pitahaya
La Pitahaya
La Pitahya
Lapita
La Pita
La Plazoleta
La Puebla
La Puebla Oeste
La Quintana
La Repunta
Larga Distancia
La Ribera
La Sabana
La Saca
Las Aguilares
Las Agujas
Las Animas
Las Ánimas
Las Camas
Las Cañas
Las Casitas
Las Ciruelas
Las Ciruelas
Las Delicias
Las Delicias
Las Delicias
Las Huacas
La Sierra
Las Juntas
Las Lajas
Las Lajas
Las Lajas
Las Letras
Las Lomas
Las Mantas
Las Medias
Las Mercedes
Las Mesas
Las Mesas
Las Pavas
Las Pavas
Las Pavas
Las Pilas
Las Playuelas
Las Quebado
La Suiza
Las Vueltas
La Tejona
La Tigra
La Trinidad
La Unión de Coto
La Unión
La Unión
Laurel Galán
Laurel
Laurel
La Uruca
La Uvita
La Vega
La Verbena
La Vieja
La Vigía
La Villanea
La Virgen
La Zaca
Legua
Legua
Legua Naranjo
Lepanto
Letras
Letras
Líbano
Liberia
Libertad
Libertad
Limas
Limonal
Limonal
Limonal
Limoncito
Limon
Limón
Limón
Linda
Linda Vista
Linda Vista
Linda Vista
Linda Vista
Lindora
Línea B
Liverpool
Llano Ángeles
Llano Bonito
Llano Bonito
Llano Brenes
Llano de la Piedra
Llano de Piedra
Llano Grande
Llano Grande
Llano Grande
Llano Hermoso
Llano
Llanos
Llorena
Llorente
Llorente
Loáiza
Loma Bonita
Loma de Buey
Loma del Buey
Loma
Lomas
Lombardía
Londres
Loras
Lorena
Los Aguilares
Los Ahogados
Los Andes
Los Ángeles
Los Ángeles
Los Arcángeles
Los Cartagos
Los Cerros
Los Chiles
Los Corrales
Los Frailes
Los Gavilanes
Los Gavilanes
Los Horcones
Los Inocentes
Los Monjones
Los Nances
Los Negritos
Los Obando
Los Órganos
Los Perdidos
Los Planes
Los Planes
Los Pozos
Los Vuelta
Los Yoses
Lotsinyak
Louisiana
Lourdes
Lourdes
Lourdes
Lucha
Luisa
Luisiana
Luna Park
Macacona
Maderal
Madre de Dios
Madrigal
Magallanes
Magnolia
Maicillal
Maíz de Boruca
Maíz de los Uva
Mal País
Mandayure
Mangos
Manila
Mansión
Mantas
Manzanillo
Manzanillo
Maquenal
Maquencal
Maquencal
Maquenco
Maracia
Marañonal
Maravilla
Maravilla
Marbella
Marcos
Margarita
Margarita
Margerita
Margot
Marichal
Marina
Marsella
Martirio
Mata de Caña
Mata de Caña
Mata de Guineo
Mata de Limón
Mata de Palo
Mata de Plátano
Mata Limón
Matambí
Matambuguita
Matambuguito
Matambú
Matapalo
Matapalo
Matapalo
Matina
Matina
Matinilla
Matino
Medio Queso
Medios
Méjico
Meneses
Mercede
Mercedes
Mercedes
Mercedes
Mercedes
Mercedes Norte
Mercedes Norte
Mercedes Sur
Mesa
Mesas
Mesas
Mesas
Mesas
Meseta
Mesetas Arriba
Mesetas
Mesón
Mesón
México
México
México
Milla Cinco
Millal
Mirador
Miramar
Miramar
Miravalles
Moctezuma
Mogos
Moín
Mojica
Mojones
Mollejones
Mona
Mongito
Montaña Azul
Montaña Grande
Montaña
Montaña
Montañita
Montano
Monte Alto
Montecristo
Montecristo
Monte Galán
Montelimar
Montenegro
Montenegro
Monte Redondo
Monte Romo
Montero
Montero
Monterrey
Monterrey
Monteverde
Monteverde
Monte Verde
Montezuma
Montoro
Moracia
Morado
Morales
Moralito
Mora
Moravia
Morazán
Morote
Morovia
Mosca
Mozotal
Muelle del Arenal
Muelle de San Carlos
Muelle
Muelle
Muelle San Carlos
Muñeco
Muñeco
Murcia
Murciélago
Nacaome
Nacascola
Nacascolo
Nambí
Nances
Nancite
Nandayure
Nantalz
Nápoles
Naranjal
Naranjal
Naranjito
Naranjo
Naranjo
Naranjo
Naranjo
Naranjos Agrios
Naranjos Agrios
Navarro
Neily
New Castle
Nicoya
Norte San Juan de Tobosi
Nosara
Noventa y Ocho
Nozara
Nubes
Nubes
Nubes
Nuestro Amo
Nueve Millas
Nuevo Colón
Obandito
Obispo
Ochoa
Ochomogo
Ococa
Ocotal
Ojochal
Ojochal
Ojo de Agua
Ojo de Agua
Ojo de Agua
Ojo de Agua
Olivia
Olla Cero
Olochal
Ora
Oratorio
Oricuajo
Oriente
Oriente
Orosí
Orotina
Ortega
Pabellón
Pacaya
Pacayas
Pacora Este
Pacora Oeste
Pacuarito
Pacuar
Páez
Paires
Pájaro
Palenque Manuel
Palestina
Palito
Palma
Palma
Palma
Palma
Palmares
Palmares
Palmar Norte
Palmar
Palmar
Palmar
Palmar
Palmar
Palmar
Palmar Sur
Palmas
Palmera
Palmichal
Palmira
Palmira
Palmital
Palmital
Palmitos Norte
Palmitos
Palmitos Sur
Palo de Jabón
Palomas
Palomo
Palo
Palo Seco
Palo Verde
Palo Verde
Pampas
Panales
Panamá
Pan de Azúcar
Pandora
Pánica
Paquera
Paquerita
Paquerones
Paquita
Paracito
Paracito
Paraíso
Paraíso
Paraíso
Paraíso
Paraíso
Parismina
Parrita
Parrita
Pascón
Pascua
Pascua
Pasito
Paso Ancho
Paso Ancho
Paso del Machete
Paso del Tempisque
Paso de Vigía
Paso Hondo
Paso Llano
Paso Macho
Paso Malo
Paso Nosara
Paso Real
Paso Real
Paso Tempisque
Pasquí
Pastora
Pata de Gallo
Patarrá
Pataste Arriba
Pataste
Patillos
Patio de Agua
Patio de Agua
Patos
Pavas
Pavas
Pavas
Pavas
Pavona
Pavones
Pavones
Pavones
Pavón
Pavo
Pazo Real
Pedernal
Pedernal
Pedregal
Pedregoso
Pedro
Peje
Peje
Peje Viejo
Pejibaye
Pejibaye
Pejibaye
Pejivalle
Pelón de la Altura
Pelón de la Bajura
Pelueicha
Peluelcha
Peña Blanca
Peña
Peñas Blancas
Peñas Blancas
Peñas Blancas
Penca
Penhurst
Pénjamo
Pénjamo
Penshurst
Penshurt
Peralta
Peralta
Peres
Pérez
Perico
Perla
Perla
Petroleo
Philadelphia
Picada
Picagres
Picute
Piedades Norte
Piedades
Piedades
Piedades
Piedades Sur
Piedra Blanca
Piedra Grande
Piedra
Piedras Blancas
Piedras Blancas
Piedras Grandes
Piedras Negras
Piedras
Pigres
Pijije
Pila Angosta
Pilangosta
Pilas Blancas
Pilas
Pilas
Pinilla
Pitahaya
Pitahaya
Pital
Pital
Pital
Pital
Pita
Piuta
Planas
Planes
Plantón
Platanal
Platanal
Platanares
Platanar
Platanillal
Platanilla
Platanillo
Platanillo
Platanillo
Platanillo
Playa Blanca
Playa Bonita
Playa Culebra
Playa Hermosa
Playón
Playuelas
Playuelitas de Sabogal
Plazoleta
Plazuela
Plévades
Poasito
Poás
Poás
Pocares
Pochotal
Pochote
Pochote
Pocitas
Pocitos
Pocora Este
Pocora Oeste
Pocora
Pocora West
Pocosol
Polca
Polvazales
Poró
Porosal
Porrosatí
Portalón
Portegolpe
Portete
Porvenir
Porvenir
Porvenir
Potrerillos
Potrerillos
Potrerillos
Potrerillos
Potrero Cerrado
Potrero Grande
Potrero
Potrero
Pozo Azul
Pozo de Agua
Pozón
Pozo
Pozos
Praga
Primavera
Providencia
Puebla Este
Pueblo Nuevo de Coto
Pueblo Nuevo
Pueblo Nuevo
Pueblo Nuevo
Pueblo Nuevo
Pueblo Nuevo
Pueblo Nuevo
Pueblo Viejo
Puente de Casa
Puente de Piedra
Puerto Alto
Puerto Amoroso
Puerto Ballena
Puerto Cahuita
Puerto Carao
Puerto Carazo
Puerto Chomes
Puerto Coco
Puerto Cortés
Puerto Coyolar
Puerto Coyote
Puerto Culebra
Puerto del Bebedero
Puerto Dominical
Puerto Escondido
Puerto Golfito
Puerto Gonzáles
Puerto González
Puerto Herradura
Puerto Humo
Puerto Iglesias
Puerto Jesús
Puerto Jiménez
Puerto Limón
Puerto Manzanillo
Puerto Nuevo
Puerto Nuevo
Puerto Potrero
Puerto Quepos
Puerto San Juanillo
Puerto San Pablo
Puerto Soleo
Puerto Soley
Puerto Thiel
Puerto Vargas
Puerto Viejo
Puerto Viejo
Puerto Viejo
Punta Bichirí Turrialba
Punta Cahuita
Punta de Lanza
Punta de Riel
Punta Mala
Punta Manzanillo
Puntarenas
Puntarenitas
Punta Trinidad
Purires
Purires
Puriscal
Purisil
Purral
Purrujal
Quebrada Azul
Quebrada Azul
Quebrada Bonita
Quebrada Cuba
Quebrada de las Yeguas
Quebrada Grande
Quebrada Honda
Quebrada Honda
Quebrada Honda
Quebrada Honda
Quebrada Nando
Quebrada Seca
Quebradas
Quebradas
Quebradas
Quebrada Yeguas
Quebradilla
Quebradillas
Quepos
Quesada
Quesada
Quesera
Quiel
Quina
Quincot
Quintana
Quircot
Quirimancito
Quirimán
Quitaría
Quitirriel
Quivel
Quizarrá
Raicero
Ramos
Rancho Alegre
Rancho Chico
Rancho Grande
Rancho Largo
Rancho Redondo
Rastrojales
Recreo
Recreo
Refundores
Repunta
Respingue
Retana
Retes
Reventado
Rey Curré
Reyes
Rinconada
Rincón Colorado
Rincón de la Cruz
Rincón Grande
Rincón
Rincón
Rincón
Rincón Salas
Rincón Zaragoza
Río Azul
Río Banano
Río Blanco
Río Blanco
Río Brujo
Río Cañas
Río Chiquito
Río Claro
Río Claro
Río Conejo
Río Cuarto
Río de Ora
Río de Oro
Río Frío
Río Grande
Río Grande
Río Grande
Río Grande
Río Hondo
Río Jiménez
Río Largo
Río Macho
Río Madre
Río Negro
Río Negro
Río Nuevo
Río Nuevo
Río Oro
Río Oro
Río Seco
Río Seco
Río Segundo
Río Sequito
Ríos
Rivas
Roblar de Sabana Grande
Roblar
Roble Alto
Roble
Roble
Roble
Roble
Robles
Rodeo
Rodrigo Facio
Roncha
Roncha
Ron Ron
Rosales
Rosalía
Rosario
Rosario
Rosario
Roxana
Roxano
Sabalito
Sábalo
Sabana Grande
Sabana Redonda
Sabanas
Sabanilla de Pampas
Sabanilla
Sabanilla
Sabanilla
Sabanilla
Sabanillas
Sabogal
Saborío
Sacramento
Sagrada Familia
Sagrada Familia
Salado
Salina
Salinas
Salinas
Salitrales
Salitral
Salitral
Salitre
Salitrillo
Salitrillos
Salto
Salvador
Salvador
Sámara
Samen
San Alberto Nuevo
San Alberto
San Andrés
San Andrés
San Andrés
San Antonio de Belen
San Antonio de Corralillo
San Antonio
San Antonio
San Antonio
San Antonio
San Antonio
San Antonio
San Antonio
Sanapiquí
San Blas
San Blas
San Bosco
San Buena
San Buenaventura
San Buenaventura
San Carlos
Sanchirí
San Clemente
San Cristóbal Norte
San Cristóbal
San Cristóbal Sur
Sándalo
San Diego
San Dimas
San Domingo
San Domingo
San Domingo
Sandoval
San Emilio
San Felipe
San Francisco de Dos Ríos
San Francisco de Palmera
San Francisco de Tinoco
San Francisco dos Rios
San Francisco Guadaloupe
San Francisco
San Francisco
San Francisco
San Francisco
San Francisco
San Francisco
San Gabriel
San Gerardo
San Gerardo
San Gerardo
San Gerardo
San Gerardo
San Geronimo
San Geronimo
San Gerónimo
San Ignacia de Acosta
San Ignacio de Acosta
San Ignacio
San Isidro de El General
San Isidro del General
San Isidro
San Isidro
San Isidro
San Isidro
San Isidro
San Isidro
San Isidro Urena
San Jerónimo
San Jerónimo
San Jerónimo
San Jerónimo
San Jerónimo
San Joaquín
San Joaquín
San Joaquín
San Jorge
San José Cabécar
San José Cabekar
San Josecito
San Josecito
San Josecito
San José de la Montaña
San José de la Montaña
San José de la Montaña
San José de Pinilla
San José Norte
San José Pinilla
San José
San José
San José
San José
San José Sur de Atenas
San José Sur
San Juan Abajo
San Juan Arriba
San Juan Bosco
San Juan Chicoá
San Juan Chico
San Juan Chiquito
San Juan de Chicuá
San Juan de Coyote
San Juan de Dios
San Juan de Mata
San Juan de Tobosí Norte
San Juan de Tobosí Sur
San Juan Grande
San Juan Grande
San Juanillo
San Juanillo
San Juan Norte
San Juan Norte
San Juano Chicua
San Juan
San Juan
San Juan
San Juan
San Juan Sur
San Judas
San Julián
San Lázaro
San Lorenzo
San Lorenzo
San Lorenzo
San Lucas
San Lucas
San Luis
San Luis
San Luis
San Luis
San Luis
San Marcos de Dota
San Marcos de Tarrazú
San Marcos
San Marcos
San Martín
San Martín
San Mateo
San Miguel de Barranca
San Miguel Norte
San Miguel
San Miguel
San Miguel
San Miguel
San Miguel
San Miguel
San Miguel
San Miguel Sur
San Pablito
San Pablo
San Pablo
San Pablo
San Pablo
San Pablo Viejo
San Pedrillo
San Pedrito
San Pedro de Montes de Oca
San Pedro de Poas
San Pedro
San Pedro
San Pedro
San Pedro
San Pedro
San Rafael Abajo
San Rafael Arriba
San Rafael de Guatuso
San Rafael de Poas
San Rafael Guatuso
San Rafael Norte
San Rafael Norte
San Rafael
San Rafael
San Rafael
San Rafael
San Rafael
San Rafael
San Rafael
San Rafael Sur
San Ramón Norte
San Ramón
San Ramón
San Ramón
San Ramón
San Ramón
San Ramón Sur
San Roque
San Roque
San Roque
San Roque
San Salvador
San Sebastián
Santa Ana
Santa Ana
Santa Anita
Santa Bárbaraa
Santa Bárbara
Santa Cecilia
Santa Cecilia
Santa Clara
Santa Clara
Santa Cruz
Santa Cruz
Santa Cruz
Santa Cruz
Santa Eduviges
Santa Eduvigues
Santa Elena Arriba
Santa Elena
Santa Elena
Santa Elena
Santa Elena
Santa Eulalia
Santa Gertrudis Norte
Santa Gertrudis Sur
Santa Inés
Santa Isabel
Santa Juana
Santa Juana
Santa Lucía
Santa Lucía
Santa Lucía
Santa Lucía
Santa Luisa
Santa María
Santa María
Santa Marta
Santa Marta
Santa Marta
Santa Rita
Santa Rita
Santa Rogelia
Santa Rosa de la Garita
Santa Rosa
Santa Rosa
Santa Rosa
Santa Rosa
Santa Rosa
Santa Rosa
Santa Rosa
Santa Teresa
Santa Teresa
Santa Teresa
Santa Teresa
Santa Teresita
Santiago de Puriscal
Santiago Este
Santiago Oeste
Santiago
Santiago
Santiago
Santiago
Santiago
Santo Domingo
Santo Domingo
Santo Domingo
Santo Tomás
Santo Tomás
San Vicente
San Vicente
San Vicente
San Vicente
San Vicente
San Vito de Java
San Vito
Sapoá
Sarapiquí
Sara
Sarchí Norte
Sarchí
Sarchí Sur
Sardinal
Sardinal
Sarmiento
Savegre Abajo
Savegre de Quepos
Savegre
Savegre
Selva
Sequito
Sereno
Setillal
Sevilla
Siberia
Sibube
Sibubeta
Sierpe
Sierra
Sierra
Sierra
Siete
Silencio
Silencio
Sinoi
Sipurio
Siquiares
Siquirres
Sirena
Sitio Coyolar
Sitio de Avance
Sitio
Sixaola
Sixola
Socorro
Socorro
Socorro
Socorro
Solania
Soley Güell
Sonzapotal
Stafford
Sucre
Suebeta
Suerre
Suiza
Suretka
Surisi
Sur San Juan de Tobosi
Surubres
Swamp Mouth
Tabarcia
Táberi
Tabla Grande
Tabla
Tablones
Tablón
Taboga
Tabores
Tacacorí
Tacanis
Tacares
Tajo Alto
Talamanca
Talolinga
Tamarindo
Tambor
Tambor
Tambor
Tanques
Tanque
Tapantí
Tapesco
Tapezco
Taras
Tarbaca
Tárcoles
Tausito
Taus
Tayutic
Tejarcillos
Tejar
Tejar
Tejona
Telire
Tempate
Tendal
Tenorio
Terciopelo
Térraba
Terrero
Teruel
Tetsalia
Tibás
Ticufres
Ticura
Tierra Blanca
Tierra Blanca
Tierra Colorada
Tierras Coloradas
Tierras Morenas
Tierras Morenas
Tieso
Tigra
Tigra
Tigre
Tigre
Tigre
Tilarán
Tinamaste
Tiquirusas
Tirimbina
Tivives
Tobosí
Toledo
Tonjibe
Tonjive
Torino
Torito
Tornos
Torno
Toro Amarillo
Toro Amarillo
Toro
Toro
Torrotillo
Tortugal
Tortuguero
Tranquerillas
Trapiche
Trébol
Trenzas
Tres Amigos
Tres Amigos
Tres de Junio
Tres Hermanos
Tres Millas
Tres Ríos
Tres Ríos
Trinidad
Trinidad
Trinidad
Trinidad
Trinidad
Triunfo
Trojas
Tronadora
Tronconal
Troya
Tuba Creek
Tuba
Tucurrique
Tuetal Norte
Túfares
Tuis
Tulín
Tumbas
Túnsula
Turialba
Turín
Turrialba
Turrúcares
Turrujal
Tziola
Uatsi
Ujarrás
Ujarrás
Ujarrás
Ujarrás
Ujarráz
Ujarráz
Unión de Coto
Unión
Unión
Unión Vieja
Universidad
University City
Upala
Urasca
Ureña
Uriche
Urinama
Uruca
Uruchica
Uruchico
Utasca
Uvita
Uvita
Uvita
Vainilla
Valle Bonito
Vapor
Vara Blanca
Vara Blanca
Vara Blanca
Vara de Roble
Vasconia
Veintisiete Abril
Veintisiete de Abril
Venado
Venado
Venado
Venecia
Venecia
Venecia
Ventanas
Veracruz
Veracruz
Verbena Norte
Verbena Sur
Verbena
Vergel
Vesta
Victoria
Victoria
Vieja
Vigía
Villa Briceño
Villa Colón
Villa Colón
Villa Franca
Villalta
Villa Mills
Villanea
Villa Neilly
Villa Neily
Villa Nueva
Villa Quesada
Villa Real
Villarreal
Violeta
Virginia
Vista del Mar
Vista de Mar
Volcancito
Volcán
Volio
Volio
Volio
Vuelta de Jorco
Vuelta del Virilla
Vueltas
Vueltas
Vueltas
Vueltas
Waldeck
Watsi
Westfalia
Williamsburg
Xiroles
Yas
Yesta
Yolanda
Zagala Nueva
Zagala Vieja
Zancudo
Zapatón
Zapotal
Zapotal
Zapotal
Zapotal
Zapote
Zapote
Zapote
Zaragoza
Zarcero
Zent
Zompopa
Zopilote
