Achada Baleia
Achada Grande
Achada Monte
Achadinha
Água das Fortes
Água dos Fortes
Alcatraz
Amador
Areia Branca
Assomada
Assumada
Atalaia
Baboso
Bafareira
Bafureira
Baleia
Baluarte
Barbasco
Barreiro
Beirona
Bela Vista
Biscainhos
Boa Ventura
Bofareira
Bomfim
Bonita
Botija
Buracona
Cabeçadas
Cabeçalinho
Cabeço de Tarafes
Cabeço dos Tarafes
Cachacinho
Cachaço
Cachaço
Cachoca
Caculi
Caleijão
Calejão
Calhau
Calheta
Camarões
Carriçal
Carvoeiros
Casa do Cabo Submarino
Cascabulho
Castilhiano
Chacha
Chã da Egreja
Chã da Igreja
Chã da Ribeira
Chã de Dentro
Chã de Figueiras
Chã de Igreja
Chã de Morte
Chã de Paulo
Chã de Queimada
Chã de Queimado
Chã de Vazinha
Chã do Morto
Chã do Norte
Chão Queimado
Chã Queimada
Charco
Chã Varzinha
Cidade Velha
Círio
Corvo
Corvo
Cova Figueira
Covoada
Cruz do Pé do Verde
Cruzinha
Curral Branco
Curral
Curral das Vacas
Curral Velho
Dacabalaio
Dacalabaio
Derrubado
Egreja
Endriano
Ereja
Escabeçada de Baixo
Escabeçada
Escada
Esgamaleiro
Espadanã
Espingueira
Estância Brás
Estancia Braz
Fajã
Fajansinha
Fajãsinha
Fajasinhas
Fajãzinha
Fajãzinha
Fanade
Fazenda Real
Feijoal
Figueira da Horta
Figueira da Naus
Figueira das Naus
Figueira de Coxe
Figueira Pavão
Figueiras de Baixo
Figueiras de Cimas
Figueira Seca
Fiura
Fogão
Fontainhas
Fonte Aleixo
Forno
Fundo das Figueiras
Fundo de Figueias
Fundo de Figueiras
Fundura
Furna
Furno
Gala
Galinheiro
Galinheiros
Garça
Gata
Gouveia
Igreja
Ilhéu
Inhuco
Italiano
Janela
Janelas
João Barrosa
João Barroza
João Daninha
João Galego
Juncalinho
Lagariça
Lagoa Atrás
Lagoa Atraz
Lagoa
Lapa Cachorro
Lazareto
Lazaretto
Leiro
Logar Novo
Lombo das Danças
Lombo da Torre
Lombo de Figueira
Lombo de Galinha
Lombo do Mar
Lombo Galinha
Lugar Novo
Luzia Nunes
Madeiral
Maio
Malveira
Mangue de Sete Ribeiras
Mangue
Mão para Trás
Mãopara Traz
Martiana
Massapé
Mateusinho
Mateuzinho
Mato Correia
Meio de Espanha de Figueiras
Meio de Espanha
Miguel Pires
Mihdelo
Mindello
Mindelo
Mira-Mira
Moerão
Moia Moia
Montagarro
Montanha
Montão
Monte Joana
Monte Vermelho
Montinho
Morre Braz
Morrinho d' Égua
Morrinho
Morrinho
Morro Alto
Morro
Nhã Marco
Nhuco
Nora
Nossa Senhora da Luz
Nossa Senhora do Monte
Órgãos
Ortelão
Pae Amaro
Pai Amaro
Pai Joana
Palha Carga
Palhal
Palha Verde
Palmeira
Patim
Pau
Pedra de Lume
Pedra Lume
Pedra Lum
Pedrinha
Pedro Vaz
Penha de França
Penteada
Perdia
Picos
Pinchossa
Pinto
Point Adeante
Pombas
Ponta Adeante
Ponta Adiante
Ponta da Cruz
Ponta do Sol
Ponta São Francisco
Portal
Port Ingles
Porto do Rincão
Porto dos Mosteiros
Porto Gouveia
Porto Inglez
Porto Novo
Porto Rincão
Povoação Velha
Praia Abaixo
Praia Baixo
Praia Branca
Praia
Prainha
Prazeres
Preguiça
Queimada
Queimadas
Queimado
Rabil
Reguinho
Relva
Ribeira Brava
Ribeira Calhau
Ribeira da Barca
Ribeira da Cruz
Ribeira da Prata
Ribeira da Prata
Ribeira de Barca
Ribeira de Prata
Ribeira dos Calhaus
Ribeira Fria
Ribeira Funda
Ribeira Grande
Ribeira Ilhéu
Ribeirão Chiqueiro
Ribeirão Sal
Ribeira Prata
Ribeira Vermelha
Rui Vaz
Sacramento
Salamansa
Salamanza
Sal Rei
Sal-Rel
Sambango
San Iago
Santa Bárbara
Santa Cruz
Santa Maria
Santiago
Santo António
São Domingos
São Filipe
São João
São Jorge
São Martinho
São Pedro
São Tiago
Selada do Mocho
Selada
Seladinha
Serrado
Sinagoga
Sol Point
Tabuadinha
Tabuga
Tarrafal da Vila de Ribeira Grande
Tarrafal
Tarrafal
Tarvafal
Telha
Tongom
Tongon
Toril
Torno d'Água
Tras-os-Montes
Trindade
Urgueiro
Urzeleiros
Urzeleiro
Vale da Custa
Vale da Gusta
Velha
Vicente Dias
Vila da Ribeira Brava
Vila de Nova Cintra
Vila de Nova Sintra
Vila de São Filippe
Vila do Maio
Vila do Pôrto Novo
Vila do Tarrafal
Vila Maria Pia
Vila Nova Cinteus
Vila Nova Sintra
Vila Nova
Vila São Filipe
Vinagre
Xá Xá
