Abesa
Abohor
Abosha
Aboukhor
Acheleia
Acheritou
Achna
Adaçay
Adrakos
Afanya
AgÄ±lbasÄ±
AgÄ±llar
AgÄ±llar
AgÄ±rdag
Aghirda
Agia Anna
Agia Eirini
Agia Eirini
Agia Marina
Agia Marinouda
Agia Napa
Agia Trias
Agia Varvara
Agia Varvara
Agioi Iliofotoi
Agion Georgoudi
Agios Amvrosios
Agios Andronikos
Agios Athanasios
Agios Dimitrianos
Agios Dimitrios
Agios Dometios
Agios Efstathios
Agios Epifanios
Agios Epiktitos
Agios Epiphanios
Agios Ermolaos
Agios Fotios
Agios Georgios
Agios Georgios
Ágios Geórgios
Agios Georgios
Agios IIias
Agios Ioannis
Agios Ioannis
Agios Ioannis
Agios Isidoros
Agios Konstantinos
Agios Mamas
Agios Nikolaos
Agios Nikolaos
Agios Nikolaos
Agios Pavlos
Agios Sergios
Agios Sozomenos
Agios Theodoros
Agios Theodoros
Agios Theodoros
Ágios Theódoros
Agios Therapon
Agios Thomas
Agios Tychon
Agios Vasileios
Agio Vavatsinias
Agirda
Agirdaki
Agirta
Agkleisides
Aglangia
Aglisides
AgrÄ±dagÄ±
Agraladu
Agratur
Agridaki
Agridhaki
Agridhia
Agridhi
Agridia
Agridya
Agritya
Agro
Agrocipya
Agrokipia
Agroladhou
Agroladou
Agroladu
Agros
Agrotur
Agyia
Agyia
Aharida
Aharitu
Ahiritu
Ahna
Aigialousa
Ainakofo
Akaca
Akácha
Akaki
AkÄ±ncÄ±lar
Akanthou
Akapnou
Akapnu
Akarsu
Akatu
Akbulut
Akçay
Akçiçek
Akdeniz
Akdogan
Akheilia
Akhelia
Akhisar
Akhna
Akhyritou
AkkargÄ±
Akkor
Akourso
Akoursos
Akova
Akrotiri
Akrotirion
Akrounda
Akrounta
Akrunda
Akrunta
Aksaray
Aksilou
Aksilu
Aksu
Aksu
Aksulu
Aktepe
Akurso
AlÄ±cler
Alakati
Alambra
Alamino
Alaminos
Alaminya
Alaminyo
Alampra
Alaniçi
Alaniçi
Alasa
Alasia
Alassa
Alayköy
Alehtora
Alekhtora
Alektora
Alemdag
Alethriko
Alethrikon
Aletirke
Aletrike
Aletriko
Alevga
Alevka
Alevkaya
Alevkaya
Aliçlar
Alifodes
Alifodez
Alifotes
Alihodes
Alithinou
Alitinu
Aloa
Aloda
Alodha
Alona
Aloupi
Alsancak
AltÄ±ncÄ±k
AltÄ±nova
Altilar
Amadhaes
Amadhiæs
Amadhies
Amadyez
Amarget
Amargeti
Amargot
Amarketi
Ambelikou
Ambeliku
Amiandos
Ammadhies
Ammochostos
Ammochostus
Ammokhostos
Ampelikou
Anadhiou
Anadhiu
Anadiou
Anadyu
Anafodiya
Anafotia
Anafotida
Anagyia
Analionda
Analiondas
Analiontas
Analjondas
Analyonda
Anaphotia
Anarida
Anarita
Anaryta
Anatyu
Anavargo
Anavargos
Anaya
Anayia
Androhkou
Androlikon
Androlikou
Androlykou
Angastina
Anglisidhes
Anglisiya
Angolæmi
AngolÅ“mi
Angolem
Angolemi
Anklisides
Anogyra
Anoyira
Anoyra
Antroliku
Apaisia
ApÅ“sia
Apesa
Apesha
Apesia
Aphaneia
Aphania
Aplanda
Aplánda Chiftlík
Aplanta
Apliç
Apliki
Apsiou
Apsiu
Apsou
Apsu
ArÄ±damÄ±
Aradhiou
Aradhippou
Aradiou
Aradip
Aradippou
Aradippu
Aradyu
Arakaba
Arakapa
Arakapas
Aranya
Arapköy
Aratyu
Arçoz
Arçoz
Ardahan
Ardana
Ardhana
Aredhiou
Arediu
Aredyu
Argaca
Argaci
Argadez
Argaka
Argaki
Argátaes
ArgatÅ“s
Argates
Argun
Arkaca
Arkaka
Arkhimandrita
Armenehor
Armenochori
Armenohor
Armenohori
Armenokhori
Arminou
Arminu
Armou
Armu
Arnadhi
Arnadi
Arnathi
Arnayi
Arodhes
Arodhes Kato
ArpalÄ±k
Arslanköy
Arsos
Arsos
Artemi
Artimi
Asa
AsagÄ± Akurdalya
AsagÄ± AlsandÄ±k
AsagÄ± Amyanto
AsagÄ± Arhimandrita
AsagÄ± Arodes
AsagÄ± Arodez
AsagÄ± BinatlÄ±
AsagÄ± BostancÄ±
AsagÄ± Deftera
AsagÄ± Dikmen
AsagÄ± Dikomo
AsagÄ±flaso
AsagÄ± KalkanlÄ±
AsagÄ±kardali
AsagÄ± Kurtbogan
AsagÄ± Lakadamya
AsagÄ± Lakatamya
AsagÄ± Lefkara
AsagÄ± Mylos
AsagÄ± Pirgo
AsagÄ± Platres
AsagÄ± Polemitya
AsagÄ± Pyrgo
AsagÄ±yayla
AsagÄ± Zodya
AsagÄ± Zotya
Aselya
Aseritu
Asgata
Asha
Asinou
Asinu
Aska
Askas
Askeia
Aslanköy
Asomados
Asomados
Asomalos
Asomato
Asomato
Asomatos
Asomatos
Asprogia
Asproya
Asproyia
Assa
Astromerit
Astromeritia
Astromeriti
Astromeritis
Atalasa
Atalassa
Athalassa
Athiænou
Athienou
Athna
Athrakos
Atienu
Atiyenu
AtlÄ±lar
Atrako
Atrakos
Avdeler
Avdeleró
Avdellero
Avdhellero
Avdhelleron
Avdimou
Avgalida
Avgalidha
Avgolida
Avgolidha
Avgora
Avgoro
Avgorou
Avgoru
Avios Ermolaos
Avlona
Avtepe
Axylou
Aya
Ayafila
Aya Filya
Ayairini
Ayakebir
Ayamvrasiyo
Ayamvrosio
Aya Napa
Ayandihona
Ayandronikas
Ayandroniko
Ayanna
Ayanni
Ayantronigo
Ayantroniko
Ayasergi
Ayastad
Ayatanas
Ayatanasiyo
Aybifan
AydÄ±n
AydÄ±n
AydÄ±nkoy
Aydemet
Aydimitri
Aydimitrino
Aydimitriyano
Aydinli
Aydogan
Ayepifani
Ayepiktitos
Ayevstatios
Ayfodi
Ayfoti
Aygün
Ayharida
Ayharita
Ayia Anna
Ayia
Ayia
Ayia
Ayia Fila
Ayia Grosh
Ayia Irini
Ayia Irini
Ayia Irmi
Ayia Kebir
Ayia Marina
Ayia Marina
Ayia Marina Kelokedhara
Ayia Marina Khrysokhou
Ayia Marina Skyllouras
Ayia Marina Xyliatos
Ayia Marina Xyliatou
Ayia Marinoudha
Ayia Marinuda
Ayia Napa
Ayia Phyla
Ayias Vavatsinias
Ayia Tria
Ayia Trias
Ayia Varvara
Ayia Varvara
Ayia Varvara
Ayii Eliophoti
Ayii Trimidyes
Ayii Trimithias
Ayii Vavatsinia
Ayii Vavatsinias
Ayilia
Ay Ilia
Ayilya
Ayion Yeorgoudhi
Ayion Yeorgoudi
Ayios Amvrosios
Ayios Amvrosios
Ayios Andronikos
Ayios Atanasios
Ayios Athanasios
Ayios Dhimitrianos
Ayios Dhimitrios
Ayios Dhometios
Ayios Dimitrios
Áyios Dométios
Ayios Efstathios
Ayios Elias
Ayios Epiktitos
Ayios Epiphanios
Ayios Epiphanios Orinis
Ayios Epiphanios Soleas
Ayios Ermolaos
Ayios Evrosis
Ayios Evstathios
Ayios Fotios
Ayios Iakovos
Ayios Ioannis
Ayios Ioannis
Ayios Ioannis
Ayios Ioannis Maloundas
Ayios Isidhoros
Ayios Khariton
Ayios Konstantinos
Ayios Mamas
Ayios Memnon
Ayios Nikolaos
Ayios Nikolaos
Ayios Nikolaos
Ayios Nikolaos Lefkas
Ayios Pavlos
Ayios Photios
Áyios Sergios
Ayios Seryios
Ayios Seryos
Ayios Sozomenos
Ayios Symeon
Ayios Teodoros
Ayios Teodoros
Ayios Theodhoros
Ayios Theodhoros
Ayios Theodhoros
Ayios Theodhoros
Ayios Theodhoros Soleas
Ayios Theodhoros Tillirias
Ayios Theodoros
Áyios Theódoros
Áyios Theódoros
Ayios Theodoros
Ayios Therapon
Ayios Thomas
Ayios Tihonos
Ayios Tykhonas
Ayios Vasilios
Ayios Vavatsinia
Áyios Yeórgios
Ayios Yeoryios
Ayios Yeoryios
Ayios Yeoryios
Ayios Yeoryios
Ayios Yeoryios
Ayios Yeoryios Kafkalou
Ayios Yeoryios Lefkas
Ayios Yeoryios Spatharikou
Ayious
Ayirini
Ayirini
Ayirmola
Ayistat
Ayithona
Aykarida
Aykonstandino
Ay Kostantino
Aykurus
Aylenja
Aymama
Aymarina
Aymarina
Aymarinuda
Aynakofo
Aynapa
Aynikola
Aynikola
Aynikola
Ayorgi
Ayorgi
Ay Pavlo
Aypihtito
Ayria Trias
Aysederos
Aysergi
Aysezomeno
Aysidero
Aysimyo
Aysozomeno
Ayterap
Ayterapon
Aytotoro
Aytotoro
Aytotoro
Aytotro
Aytotro
Aytriada
Ay Trias
Aytrimitya
Aytrimityas
Aytuma
Ayvarvara
Ayvarvara
Ayvaryara
Ayvasil
Ayvavaçinya
Ay Vavatsinya
Ayyanni
Ayyanni
Ayyanni
Ayyorgi
Ayyorgi
Ayyorgi
Ay Yorgi
Ayyorgi
Ayyorgi Kefkalu
Ayyorguyi
Azgata
Bademliköy
Baf
Bafra
BaglÄ±koy
BaglarbasÄ±
BagrÄ±kara
Bahçalar
Bahçalar
Bahçeler
Bahçeler
Bahçeli
Bakacak
Bakraçli
Balabayis
BalÄ±kesÄ±r
Balalan
Balalau
Balikitre
Balyametos
Balyosofa
Balyosofo
Barsata
Batriç
Baykal
Beikioï
Belapaïs
Belendri
Bellabayis
Bellapais
Bellapaise
Bendaya
Berengaria Village
Bervolya
Besevler
Besikte
Besiktepe
Besparmak
Beuyuk Kaimakli
Beyarmudu
Bey Keuy
Beyköy
Beyköy
Beylerbeyi
Beyuk Kaimakli
Bilen
Birincimil
Bladan
Blâdanisyo
Bladimat
Bodamya
Bodamyu
Boduragac
Bogaz
Bogazici
Bogazici
Bogazici
Bogaztepe
Bogaz Trading Station
Boghaz
BoltaslÄ±
Bozalan
Bozdag
Bulgurlu
Burçiu
Burçlu
Buyuk Kaimakli
Buyuk KaymaklÄ±
Büyükkonuk
Çada
CÄ±gÄ±r
Caglayan
CakÄ±rlar
Çakistra
Cakmali
CamlÄ±bel
CamlÄ±bel
CamlÄ±bel
CamlÄ±ca
CamlÄ±koy
Çamlica
Çanakkale
Canbulat
Çatalköy
Çatköy
Çatoz
Cavuslari
CayÄ±rova
Çayönü
Çayönü
Cedar Valley
Celiktas
Cellaci
Celocera
Celya
Cengizköy
Cevizdali
Cevizli
Cevrigil
Ceyhan
Ceylan
Ceylani
Chakistra
Chalevga
Challeri
Chamlija
Chandria
Charkeia
Chatal Keuy
Chatos
Chaziveran
Chiftlikoudhkia
Chittim
Chlorakas
Choirokoitía
Choletria
Choli
Choulou
Chrysida
Chrysiiou
Chrysochou
Cihangir
Cilan
Cilanemo
Cilanemos
Cili
Cilinya
CinarlÄ±
Cinusa
Ciperunda
Cira
CiralÄ±
Cisonerga
Cissusa
Çite
Citium
Civisil
Ciyares
Ciyas
Conendere
Conya
Çukurova
Dagasan
Daggecit
Dagyolu
Dalâ
Dali
DÄ±skapÄ±
Davlos
Deftera
Defterá Pano
Degirmenlik
Dekeleia
Dekelia
Delicipo
Delik
Delikipo
Demirci
Demirhan
Deneia
Denya
Dereboyu
Deregeçit
Dereler
Dereli
Dereliköy
Derince
Derinia
Derinköy
Derinya
Dermiya
Deryneia
Dhali
Dhavlos
Dheftera
Dhekelia Cantonment
Dhekhelia
Dhenia
Dherinia
Dhierona
Dhikomo
Dhiorios
Dhora
Dhor
Dhoros
Dhrapia
Dhrinia
Dhromolaxia
Dhrousha
Dhrymo
Dhrymou
Dhrynia
Dhymæs
DhymÅ“s
Dhymes
Dhyo Potami
Dierona
Dikelia
Dikelya
Dilekkaya
Dilekkaya
Dilicibo
Dime
Dimes
Dimi
Diorios
Dipkarpas
Dipkarpaz
Dipkurpaz
Direkli
Diyerona
Diyobodamo
Diyopotamo
Diyoriyos
Dizdar Keuy
Dizdarköy
DogancÄ±
Dogankoy
Dohni
Dönemeç
Dora
Doros
Dörtyol
Drabiya
Drapeia
Drapia
Drapya
Driguçça
Drimu
Drinya
Dromolaksia
Dromolaxia
Drousa
Drouseia
Drusa
Drymo
Drymou
Drynia
Drys
DumlupÄ±nar
Düzce
Düzkaya
Düzova
Düzova
Dymes
Dyo Potamoi
Edremit
Eftagonya
Eftakomi
Egkomi
Egkomi
Eglence
Ekmekciler
Eksomedos
Eksometos
Elæá
Elæá
Elea
Elea
Eledhiou
Eledio
Elediu
Eledyo
Eledyu
Eletyu
Elia
Eliophotes
ElmalÄ±
Elya
Elya
Elye
Emba
Empa
Engindere
Engomi
Engomi
Enkomi
Enkómi
Ephtagonia
Ephtakomi
Epicho
Epikho
Episcopí
Episkopeion
Episkopi
Episkopi
Episkopio
Episkopion
Episkopyo
Eptagoneia
Eptagonia
Eptagonya
Eptakomi
Erdemli
Erenköy
Ergates
Ergazi
Ergenekon
Erimi
Esendag
Esendag
Esenköy
Esenköy
Esensehitler
Esentepe
Esentepe
Eskielma
Eskikuyu
Eskimetos
Evdhimou
Evdhimu
Evdim
Evretou
Evretu
Evrih
Evrihu
Evrychou
Evrykhou
Exometochi
Exometokhi
Eylanja
Eylence
Eylenja
Faleia
Falia
Falya
Famagusta
Famagusta Walled City
Farmaka
Farmakas
Fasli
Fasoulla
Fasula
Fasula
Fasulla
Fasulla
Fidi
Figardu
Fikardou
Fikardu
Filani
Filousa
Filusa
Filya
Fini
Finikaria
Finikari
Finikarya
Finikas
Finike
Fiti
Flamoudi
Flâmuda
Flamudi
Flâsu
Foini
Foinikaria
Foinikas
Fota
Frenaro
Frenaros
Frennaros
Frodisia
Ftericha
Fteriha
Fterikoudi
Fterikudi
Fyllia
Fyti
Gabura
Gadalyonda
Gahiga
Gaidhoura
Gaidhouras
Gaidouras
Galata
Galataria
Galatarya
Galateia
Galatia
Galatya
Galini
Galinoporni
Gallepya
Gambya
Gasiler
Gastirya
Gastria
Gastriya
Gaydura
Gayidura
Gayretköy
Gazibaf
Gaziköy
Gaziler
Gazi Magosa
Gazimagusa
Gaziveran
Gaziveren
Gaziviran
Geçitkale
Geçitkale
Geçitköy
Gelincik
GemikonagÄ±
Gemi Konaghi
Genagra
Gengizköy
Gerakies
Gerani
Gerasa
Geri
Geroskipou
Geunyeli
Geunyely
Ghaziveran
Gialia
Gialousa
Gilân
Gilani
Gilderen
Gildirin
Gilinya
Giolou
Girit Marot
Girit Tera
Girne
Göçeri
Gokagac
Gökçebel
Gökhan
Gökhan
Gölbasi
Gönelli
Gönendere
Gönyeli
Gorfi
Görmeli
Görneç
Goshi
Gosi
Gossi
Goudhi
Goudi
Goufes
Gouphæs
GouphÅ“s
Gouphes
Gourri
Gözübüyük
Gözügüzel
Gritmarut
Gudi
Gufes
Gundogdu
Günebakan
Günecakar
Guneskoy
Güngör
Guri
GurpÄ±nar
Gurri
Güvercinlik
Güzelköy
GuzelyalÄ±
Güzelyurt
Gypsos
Hajinikoloues
Halasa
Halassa
Halevga
Halleri
Hamidiye
Hamidmandiralari
Hamid Mandres
Hamit
Hamitköy
Hamit Mandres
Hanbeli
Handri
Handriya
Harça
Harcha
Haspolat
Hiloraka
Hirilliya
Hirisida
Hirisilla
Hirokitiya
Hirsofu
Hisarköy
Hloraka
Holetria
Holi
Hrisidha
Hrisilyu
Hulu
Ickoy
Idalion
Ikedere
Ikos
Ilgaz
Incesu
Incirli
Incirli
Ineia
Inia
Inonu
Inya
Ipsillat
Ipso
Ipsona
Ipsonas
Ipsos
Irmi
Isada
Iskele
Iskele
Ispaharigo
Ispilya
Ispitali
Istatos
Istillos
Istinco
Istingó
Istinjo
Istinjon
Istrovolos
Istrovulo
Istrumbi
Iyikoy
Jelojara
Jiaz
Kabedes
Kadidada
Kadokopya
Kafkalou
Kafkalu
Kaimakli
Kakopetria
Kakopetriya
KÄ±lÄ±caslan
Kalapanayot
Kalassa
Kalavaç
Kalavas
Kalavaso
Kalavason
Kalavasos
Kalé Bournou
Kaleburnu
Kalecik
Kaleiçi
Kalepurnu
Kaleri
Kaliana
KalkanlÄ±
Kallepeia
Kallepia
Kallepya
Kallurga
Kalogrea
Kalogria
Kalohorio
Kalohorio
Kalohorio
Kalohoryo
Kalohoryo
Kalohoryo
Kalokhoria
Kalo Khoria
Kalokhorio
Kalokhorio
Kalokhorio
Kalokhorio Lefkas
Kalokhorio Morphou
Kalokhorio Orinis
Kalon Chorion
Kalon Chorion
Kalon Chorion
Kalopanagiotis
Kalopanayiotis
Kalopanayot
Kalopsida
Kalopsidha
Kalopsyda
Kalorka
Kalyana
Kalyvakia
Kambia
Kambi
Kambili
Kambilli
Kambi Pharmaka
Kambiya
Kambo
Kambos
Kambya
Kambyli
Kamilpasa
Kaminara
Kaminarga
Kaminaria
Kaminarka
Kaminarya
Kampia
Kampi
Kampos
Kampylí
Kamyali
Kanavya
Kandara
Kandou
Kandriya
Kandu
KanlÄ± Chiftlik
KanlÄ±koy
Kanli
Kanli Keuy
Kannavia
Kannaviou
Kannaviu
Kannavya
Kannavyu
Kantara
Kantou
Kapades
Kapedhes
Kapileion
Kapilio
Kapilion
Kapilyo
KaplÄ±ca
Kapoura
Kapouti
Kappedhes
Kapura
Kaputi
Karaagac
Karaagac
KÄ±rÄ±kkale
Karakol
Karakoumi
Karakum
Karamacit
Karaman
Karamoullides
Karamoullidhes
Karamulla
Karamulles
Karamulliyes
Karamulyez
Karaoglanoglu
Karaolos Plantation
Karava
Karavas
Karavostasi
Karavostas
Karavostassi
KargÄ±
KÄ±rklar
Karmi
Karni
Karokomi Chiftlik
Karovia
Karpasa
Karpaseia
Karpasha
Karpasia
KarsÄ±yaka
KarsÄ±yaka
Karskoumi
Kasaba
Katakopya
Katalionda
Kataliondas
Kataliontas
Katalynata ton Plakoton
Katalyonda
Kathikas
Katidata
Katika
Katikas
Kat MorÄ±
Kato Akourdaleia
Kato Akourdalia
Kato Akourdhalia
Kato Akurdalia
Kato Akurdalya
Kato Amiandos
Kato Amiantos
Kato Amiyando
Kato Archimandrita
Kato Arhimandrita
Kato Arkhimandrita
Kato Arodesd
Kato Arodhes
Kato Aspiou
Kato Civiya
Kato Deftera
Kato Dheftera
Kato Dhikomo
Kato Dhrys
Kato Dikomo
Kato Dikomon
Katodris
Kato Drys
Kato Flasou
Kato Flasu
Kato Gialia
Kato Kividhes
Kato Kophinou
Kato Kopia
Katokopya
Kato Koutrapha
Kato Koutraphas
Kato Kutrafa
Kato Lakatameia
Kato Lakatamia
Kato Lakatamya
Káto Lakkatámia
Kato Lefkara
Kato Milo
Kato Milos
Kato Moni
Kato Mylos
Káto Páfos
Kato Panaya
Kato Panayia
Kato Paphos
Kato Phlasou
Kato Pirgo
Káto Plátræs
Kato Platres
Kato Polemidhia
Káto Polemídia
Kato Polemidya
Kato Pyrgos
Kato Pyrgos
Káto Vláso
Kato Yalya
Kato Yialia
Kato Zadhia
Kato Zodeia
Kato Zodhia
Káto Zodia
Kato Zodya
Katydhata
KavaklÄ±
Kayadibi
Kayakale
Kayalar
Kaynakköy
Kaynokkoy
Kazabifan
Kazafana
Kazafani
KÄ±zÄ±lay
KÄ±zÄ±lbas-Gelibolu
KÄ±zÄ±lbas
Kazaphani
Kazivera
Kedares
Kedera
Kedhare
Kedhares
Kellaki
Kellia
Kelokedara
Kelokedhara
Kelokethara
Kepez
Kervanyolu
Keryneia
Kérynia
Keumurja
Keumurji
Keumurju
Keurnech
Khalari
Khalassa
Khaleri
Khandria
Kharcha
Khartja
Khirokitia
Khlorakas
Kholetria
Kholi
Khorno
Khoulou
Khrisohu
Khrysida
Khrysidha
Khrysiliou
Khrysokhou
Kidasi
Kilamenos
Kilanemos
Kilani
Kilanimos
Kili
Kilinia
Kilitkaya
Kinousa
Kinusa
Kio
Kiomurtzou
Kioneli
Kionia
Kiperunda
KiracÄ±koy
Kira
Kiran
Kirni
Kisonerga
Kissonerga
Kissoneros
Kissousa
Kissusa
Kisusa
Kitasi
Kithasi
Kiti
Kition
Kitium
Kitrea
Kitreya
Kittim
Kividhes
Kivisili
Kivisil
Klavdhia
Klavdia
Klâvya
Klepini
Klirou
Kliru
Klonari
Klorakas
Knodara
Knodhara
Koççat
Koççina
Koççinno-Trimitya
Koççinotrimitya
Kochati
Koçinodrimitya
KocyalagÄ±
KocyatagÄ±
Kofinou
Kofinu
Köfünye
Koilanemos
Koilani
Koilás tón Kédron
Koilineia
Kokkina
Kokkini Trimithia
Kokkinotrimithia
Kokkinotrimitya
Kokkinoyia
Köklü
Koloni
Kolos
Kolossi
Komad Tuyalu
Koma tou Gialou
Koma tou Yialou
Koma to Yialou
Komatuyalu
Komialik
Komi Kebir
Komi
Kominarga
Kömürcü
KomyalÄ±k
Kondea
Kondemenos
Kondeya
Kondovouna
Konedra
Konetra
Konia
Konnia
Kontea
Kontemenos
Konya
Kophino
Kophinou
Kopia
Köprü
Köprü
Köprülü
Köprülü
Kopuzlu
Korakou
Koraku
Koralou
Kördemen
Kördümen
Korfi
Korkuteli
Kormacit
Kormakiti
Korneç
Kornokipos
Korno
Kornos
Koroveia
Korovia
Korovya
Korphi
Koruçam
Koruova
Kosi
Kosklu Ciftlik
Kotchati
Kotodori
Kotsiatis
Kouka
Kouklia
Kouklia
Kounetra
Kourdaka
Kourdali
Kourdhali
Kourou Monastir
Kourou Monastriri
Kourtaka
Koutrapha
Koutraphas
Koutsovendis
Koutsoventis
Kouverjinlik
Koyuniu
Koyunlu
Kozan
Kozan
Kozen
Kridhia
Krini
Krisida
Kritou Marottou
Kritou Tera
Kritou Terra
Kritu Marotu
Kritu Terra
Kritya
Krovya
Ksero
Kserovuno
Ksiliatos
Ksilodimbo
Ksilodimbu
Ksilofago
Ksilofagu
Ksilofogo
Ksilotimbu
Ksilyado
Ksilyato
Ktima
Kuchuk Kaimakli
Küçükerenköy
Kucuk KaymaklÄ±
Küçükköy
Küçük Solçuklu
Küçüksu
Kufez
Kuka
Kukla
Kukla
Kumsal
KumyalÄ±
Kurdaka
Kurdali
Kurdemen
Kurez
Kurtaga
Kurtaka
Kurtali
Kurtulug
Kurtulus
Kurudera
Kurudere
Kuru Manastir
Kuruova
Kurutepe
Kusluca
Kutsovendis
Kutsoventi
Kutsoventis
Kuzucuk
Kyli
Kynousa
Kyperounda
Kyperounta
Kyra
Kyrenia
Kythræa
Kythrea
Laçça
Laççi
Lacha
Lachi
Lageia
Lagoudera
Lagoudhera
Lagudera
Lâkadamya
Lakatamia
Lakkatamía
Lakki
Laksa
Lâmba
Laneia
Lania
Lanya
Lapathos
Lapatos
Lâpatoz
Lapithiou
Lapithiu
Lapithos
Lapithou
Lapithou
Lapitos
Lâpityu
Lapityu-Larnaka
Lâpta
Larnaca
Larnaka
Larnaka
Larnakas tis Lapithou
Lasa
Latsia
Latsi
Latzi
Laxia
Laya
Layia
Lazania
Lazanias
Lazanya
Lefka
Lefkara
Lefkas
Lefke-Karadag
Lefke
Lefkoniko
Lefkonikon
Lefkonuk
Lefkosa
Lefkosia
Leivadia
Leivadia
Leivadia
Lelymbou
Lemba
Lemesos
Lemessus
Lemitbu
Lemithou
Lemithu
Lemitu
Lemona
Lempa
Leonariso
Leonarisso
Leopetra
Letimbou
Letimbu
Letimvou
Letymbou
Leymosun
Limasol
Limassol
Limbia
Limbya
Limnatis
Limnat
Limnia
Limnidi
Limniti
Limnitis
Limnya
Limya
Linnatis
Linou
Linu
Liopetri
Lisi
Liso
Lithrangomi
Litrangomi
Litrankomi
Litrodonda
Litrodontas
Litronda
Litrongomi
Livadhia
Livadhia
Livadhia
Livadhi
Livadia
Livadya
Livadya
Livadya
Livatia
Livatya
Livatya
Livatya
Livera
Liveras
Liyopetri
Lof
Lofos
Lofou
Lofu
Lophos
Loukrounou
Loura
Louroujina
Louroukina
Loutros
Louvara
Louvaras
Lower Dikomo
Lukrunu
Lûricina
Lurucina
Lutro
Luvara
Lymbia
Lympia
Lysi
Lyso
Lythrangomi
Lythránkomi
Lythrodhonda
Lythrodhondas
Lythrodonda
Lythrodontas
Maa
Madenliköy
Madikoloni
Madyat
Magosa
Magounda
Magunda
Magusa
Makounta
Makrasiga
Makrasika
Makrasyka
Malatya
Malatya
Malia
MallÄ±dag
Mallia
Malounda
Malounda
Malounda
Malounta
Malounta
Maltepe
Malunda
Malunda
Malya
Mammari
Mamonia
Mamonya
Mamoundali
Mamountali
Mamundali
MandÄ±rya
Mandirya
Mandna
Mandraes
Mandræs
Mandralar
Mandraz
Mandres Hamid
Mandres
Mandres
Mandres Morphou
Mandrez
Mandria
Mandria
Mandriya
Mandriya
Mansoura
Mansura
Mansur
Maras
Marata
Maratha
Marathounda
Marathounta
Marathovouno
Marathovouno
Marathovounos
Maratogno
Maratovno
Maratovuno
Maratunda
Maratunya
Margi
Margo
Mari
Marína
Marinoudha
Marki
Marko
Markon
Marmara
Marona
Maronas
Maroni
Masari
Mathiati
Mathiatis
Mathikoloni
Matiatis
Matikoloni
Matyat
Mavioli
Mavroli
Mazoto
Mazotos
Mehmetcik
Meladeia
Meladhia
Melâdya
Melanarga
Melandra
Melangra
Melatya
Melini
Melounda
Melouseia
Melousha
Melunda
Melusa
Meneou
Meneu
Menevi
Meniko
Menikon
Mennogeia
Mennoya
Menoya
Menoyia
Meriç
Mersiniki
Mersinlik
Mersinli
Mersinniki
Mersinnikki
Mesa Chorion
Mesa Geitonia
Mesahoryo
Mesa Khorio
Mesa Khorion
Mesana
Mesayitonia
Mesayitonya
Mesogi
Mesoyi
Mevlevi
Mia Milea
Mia Milia
Milea
Milia
Milia
Miligur
Milikouri
Milikuri
Miliou
Milya
Milya
Milyu
Minareli Keuy
Minareliköy
Minzelli
Mirti
Mitsero
Mitseron
Miyamilya
Monagra
Monagri
Monagroulli
Monagrulli
Monarga
Monarka
Moniatis
Moniat
Moni
Moni
Monyat
Mora
Morfou
Morköy
Mormenekse
Mormenekse
Mor Menekshe
Moronero
Moron Nero
Morphou
Mosfileri
Mosfiloti
Mosphileri
Mosphili
Mosphiloti
Mothides
Motides
Motidhes
Mousere
Mousoulita
Moutayaka
Moutayiaka
Moutoullas
Mouttagiaka
Mudulla
Murataga
Musere
Musulita
Mutayaka
Muthiyaka
Mutlayaka
Mutluyaka
Mutluyaka
Muttayaka
Mutulla
Mylea
Mylikouri
Mylos
Myrtou
NamÄ±k Kemal
Narliköy
Nata
Nea Dhimmata
Nea Dimmata
Nea Dimmatya
Néa Páfos
Nea Paphos
Neohoryo
Neohoryo
Neokhoria
Neokhorio
Neokhorio
Neokhorion
Neon Chorion
Neon Chorion
Nergisli
Neta
New Site of Kholetria
Nicida
Nicidari
Nicitar
Nicosia
Nikita
Nikitari
Nikitas
Nikokla
Nikokleia
Nikoklia
Nikoklo
Nikolia
Nikos
Nisou
Nisu
Nisuyu
Ockos
Odhou
Odou
Odu
Oglakli
Oikos
Olukönü
Ömerli
Omodhos
Omodos
Omorfo
Omorphita
Ora
Orga
Ormidhia
Ormidia
Ormidya
Ormiteia
Ormitya
Ornita
Ornithi
Orniti
Ornuta
Orounda
Orounta
Orta Keuy
Ortakoi
Ortakonak
Ortaköy
Orunda
Orunta
Otluk
Otoun Yiolou
Ötüken
Ötüken
OvalÄ±k
Ovgoros
Ozanköy
Özhan
Pachna
Pachyammos
Paçiammo
Páfos
Pahiammos
Pahna
Pakhna
Pakhy Amjnos
Pakhyammos
Pakký Ammos
Palæa Paphos
Palaekythro
Palæó Metókhi
Palæomylos
Palæosophos
Palaichori
Palaiometochon
Palaiomylos
Palaiosofos
PalÅ“okhorio
Palea Paphos
Palehor
Palekhori Orinis
Palekhori
Palekythro
Paleokhorio
Paleometokhi
Paleometokho
Paleomilo
Paleomotoho
Paleomylos
Paleosophos
Paliambela
Paliampela
Palikitre
Paliouriotissa
Pallouriotissa
Palodeia
Palodhia
Palodiya
Palodya
Palouriotissa
Palyambela
Palyometoho
Palyomilo
Palyosofo
Pamboula
Pamuklu
Panagra
PÄ±narbasÄ±
PÄ±narlÄ±
Panayia Apakou
Panayia
Panayia
Pano Akourdaleia
Pano Akourdália
Pano Akourdhalia
Pano Akurdalya
Pano Amiandos
Pano Amiantos
Pano Amiyando
Pano Archimandrita
Pano Arhimandrita
Pano Arkhimandrita
Pano Arodes
Pano Arodhes
Pano Aspiou
Pano Civiya
Pano Deftera
Pano Dheftera
Pano Dhikomo
Pano Dikomon
Pano Dikomo
Pano Flasou
Pano Flasu
Pano Kivides
Pano Kividhes
Páno Kophína
Pano Kophinou
Pano Koutrafas
Pano Koutrapha
Pano Koutraphas
Pano Kutrafa
Pano Lakatameia
Pano Lakatamia
Páno Lakkatámia
Pano Lefkara
Pano Panaya
Pano Panayia
Pano Phlasou
Páno Plátræs
Pano Platres
Pano Polemidhia
Pano Polemidia
Pano Polemidya
Pano Pyrgos
Páno Vláso
Pano Zodeia
Pano Zodhia
Páno Zodia
Paphos
Paralimni
Paralim
Paramali
Paramal
Paramiha
Paramita
Paramitha
Paramytha
Parekklisha
Parekklisia
Pareklisa
Pareklisha
Parmaga
Parsada
Parsa
Parsata
Pasakoy
Pasha Keuy
Pasiammo
Patriç
Patriki
Pedhoulas
Pedoulas
Pedula
Pegeia
Pelathousa
Pelathusa
Pelatusa
Pelendria
Pelendri
Pelitil
Pendakoma
Pendakomo
Pendalia
Pendalya
Pendaya
Pendayia
Pendelya
Pentageia
Pentakomon
Pentalia
Pera Chorion
Perachorio
Perahorio
Perahorya
Perahoryo
Perakhorio
Perapedhi
Perapedi
Pera
Pergama
Pergamos
Peristerona
Peristerona
Peristerona
Peristeronari
Peristeronar
Perivolia
Perivolia
Perivolia tou Tricomou
Perivolia tou Trikomou
Perivolya
Perivolya
Pertevpasa
Pervolya Trikomu
Petraduyeni
Petra
Petra tou Dhiyeni
Petra tou Digeni
Petre
Petrofani
Petrofan
Petrophani
Peya
Peyia
Phalia
Pharmakas
Phasli
Phasoula
Phasoula
Phasoulla
Phikardhos
Phikardhou
Philani
Philia
Philousa Kelokedhara
Philousa Khrysokhou
Philousa
Phinikaria
Phinikas
Phini
Phiti
Phlamoudhi
Phlasou
Phophitis Dhaniil
Photia
Photta
Phrenaros
Phterikoudhi
Phterykha
Phterykoudi
Phykardou
Phylia
Phýti
Pienia
Pigænia
Pigenia
Pigenya
Pilâni
Pila
Pile
Pileri
Pirga
Pirga
Pirhan
Piroi
Piroyi
Piskobu
Piskobu
Pissouri
Pissuri
Pitargou
Pitargu
Piyenia
Piyi Peristerona
Piyi
Pladanistasa
Plâdanisya
Platani
Plataniskia
Platanisso
Platanistasa
Platanistassa
Platanisteia
Platanisya
Platimati
Platres
Platymatis
Podhimata
Polemidhia Camp
Polemidhia
Polemidia
Polemi
Polem
Poli
Polis
Polistipos
Politikio
Politiko
Polystipos
Polystypos
Pomo
Pomos
Potamia
Potamiou
Potami
Potamitissa
Potamos tou Kambou
Potamos tou Kampou
Potamo tu Kambu
Potamya
Potamyu
Prætori
Praitori
Prasdyo
Prastio Evdhimou
Prastio Morphou
Prastion
Prastion
Prastion
Prastion
Prastio
Prastio
Prastio
Prastio
Prastyo
Prastyo
Prastyo
Prastyo
Prasyo
Pretori
Prodhomi
Prodhromi
Prodhromos
Prodhromos
Prodromi
Prodromo
Prodromos
Prodromos
Profiti Daniyil
Prophitis Daniil
Prophitis Dhaniil
Psahi
Psathi
Psati
Pseftas
Psematismeno
Psematismenos
Psematizmeno
Psevda
Psevdas
Psevdhas
Psilatos
Psillatos
Psimolofou
Psomolafa
Psomolof
Psomolopho
Psomolophou
Psyllatos
Pyla
Pyrga
Pyrga
Pyrgos
Pyroi
Ramit Mandres
Rasa Koy
Rizokarpason
Rizokarpaso
Rizokarpasso
Sadrazamköy
Sahinler
Saint Amvrosios
Saint Andronikos
Saint Athanasios
Saint Dhimitrianos
Saint Dometios
Saint Elias
Saint Epiktitos
Saint Epiphanios
Saint Ermilaos
Saint Igkovos
Saint Ioannis
Saint Khariton
Saint Konstantinos
Saint Mamos
Saint Marina
Saint Nicholaos
Saint Nikolaos
Saint Photios
Saint Phyla
Saint Sergios
Saint Sozomenos
Saint Symeon
Saint Theodoros
Saint Theodoros
Saint Theodoros
Saint Therapon
Saint Trimithias
Saint Varvara
Saint Vasilios
Saint Vavatsinia
Saint Yeorgios
Saint Yeorgios
Saitta
Saittas
Sakarya
Sakarya
Salamiou
Salamiu
Salamyu
Salina
Salines
SÄ±nÄ±rustu
Sanaya
Sandalaris
Sandallar
Sanida
Sanidha
Sanidka
Saninler
Santalaris
Santalar
Sarama
Sarandi
Saranti
Sa
Sayitta
SazlÄ±koy
SazlÄ±koy
SazlÄ±koy
Scala
Sedirler Vadisi
Sehitler
Selain t' Api
Selain T'appi
Selçuklu
Selemani
Selenias
Selladi tou Appi
Sellain d'Api
Sellayi tu AppÄ±
SerdarlÄ±
Serhadköy
Serhatköy
Seri
Sha
Siá
Sihari
Sikopetra
Silifke
Siligu
Silikou
Siliku
Sillura
Simou
Simu
Sina Oros
Sinda
Sinde
Sindirgi
SingrasÄ±
Sinta
Sipahi
Sirimevler
Sirinevler
Sirinkoy
Sirokitkya
Siryanohori
Siryanohor
Siskilip
Sisklibo
Sisklipos
Sisklip
Skarino
Skarinou
Skarinu
Skilloura
Skillouras
Skoritya
Skoulli
Skouriotissa
Skulli
Skuryotissa
Skylloura
Softades
Softalar
Sogucak
Somolof
Sophtadhes
Sotira
Sotira
Soularavia
Souni
Souskiou
Spatariko
Spathariko
Spilia
Spilya
Spitali
Spitalli
Stato-Ayfoti
Statos-Agios Fotios
Statos and Ayios Photios
Statos
Stato
Stavrokonno
Stavrokonnou
Stavrokono
Stavros Ruins
Stavros
Stavro
Steni
Sterakova
Sterakovou
Sterakovu
Stillos
Stroncilo
Strongylos
Strongylo
Stroumbi
Stroumpi
Strovilo
Strovolos
Strovolo
Strumbi
Stylloi
Styllos
Stylos
Sukuryotissa
Süleymaniye
Suni
Suskinu
Susköy
Susuz
Sütlüce
Sygkrasi
Sykhari
Sykopetra
Syngrasis
Syngrasi
Syngrassis
Synkrasi
Syrianokhori
Sysklipos
TabanlÄ±
Tala
Taskent
Taskent
Taskoy
TaslÄ±ca
TaslÄ±ca
Taslica
Taslidere
TaspÄ±nar
TatlÄ±ca
TatlÄ±su
TatlÄ±su
Tatli Sou
Tatli Sou
Tavros
Tavrou
Tavukçu
Teknecik
Teletra
Temblos
Tembria
Tembriya
Tembriye
Templos
Temroz
Temvriya
TepebasÄ±
Tera
Terazi
Termia
Termiya
Termya
Terra
Tersefanou
Tersefan
Tersephanou
Tersofanu
Theletra
Thermeia
Thermiá Chiftlík
Thermia
Timbu
Timi
Tirhon
Tirmen
Tirmit
Tochni
Tokhni
Topçuköy
Topsiou Keuy
Trachonas
Trachoni
Trachoni
Trachypedoula
Trahipedula
Trahona
Trahoni
Trahoni
Trahon
Trakhonas
Trakhona
Trakhoni
Trakhoni
Trakhypedhoula
Trakhypedoula
Trapeza
Trasipeyula
Treis Elies
Tremesa
Tremethousha
Tremetousha
Tremetusa
Tremithousa
Tremythousa
Tricomo Bahceler
Trikomo
Trikoukkia
Trikuçça
Trikukya
Trimiklina
Trimiklini
Trimiklin
Trimithi
Trimithousa Khrysokhou
Trimithousa Paphos
Trimithousa
Trimithusa
Trimiti
Trimitusa
Tripimeni
Tris Eliæs
Tris Elies
Triselyes
Troulli
Troulloi
Trulli
Trusa
Trypimeni
Tsáda
Tsadha
Tsakistra
Tseri
Türkeli
Türkmenköy
Turnalar
Turunçlu
Tuzla
Tuzluca
Tymbou
Tymvou
Uc Sehitler
Üçzeytinler
Uluçam
UlukÄ±sla
Upper Dikomo
Uzunköy
Uzunmese
Vadili
Valili
Vani
Varisa
Variseia
Varisha
Varosha
Vasa Kilani
Vasa Limassol
Vasa
Vasileja
Vasilia
Vasili
Vasilya
Vathylakas
Vathylakkas
Vathylakka
Vatilaka
Vatilakka
Vatili
Vavatsinia
Vavatsinya
Vavilas
Vavila
Vavilla
Vavla
Vavylas
Vikla
Visakia
Vitsada
Vitsadha
Vizaca
Vizacia
Vizakia
Vizakya
Vlaso
Vogolida
Vokolida
Vokolidha
Vokolomandia
Voni
Vorglini
Voroglini
Voroklini
Voudo
Vounaro
Vouna
Vouni
Vounon
Vouno
Vreçça
Vrecha
Vretcha
Vretsa
Vroisa
Vroisha
Vróisia
Vroyisa
Vrysoules
Vuda
Vuni
Vuno
Vyzakia
Xeri
Xeros
Xerovounos
Xyliatos
Xyliatou
Xyliato
Xylophaghou
Xylophagou
Xylophago
Xylotymbou
Xylotymbo
Xylotymvou
Yagmuralan
YakacÄ±k
YalÄ±ktas
YalancÄ± koy
YalÄ±
YÄ±ldÄ±rÄ±m
YÄ±ldÄ±rÄ±m
Yalia
Yalousa
Yalova
Yalusa
Yalu
Yalya
Yamaçköy
Yarköy
Yayla
Yayla
Yedidalga
Yedikonak
Yedikonuk
Yenagra
Yenibogazici
Yenibosazici
Yeniceköy
Yenierenköy
Yeniizmir
Yenije Keuy
Yenije Keuy
Yeni Korfi
Yeniköy
Yenisehir
Yenisehir
Yeraces
Yerakiæs
YerakiÅ“s
Yerakies
Yerani
Yerasa
Yeri
Yermasoyia
Yerolakkos
Yerolakko
Yerondas
Yerosibo
Yerosibu
Yeroskipos
Yerovasa
YerovasÄ±
YesilÄ±rmak
Yesilkoy
Yesilova
Yesiltepe
Yesilyurt
Yialia
Yialousa
Yialoussa
Yigitler
Yilmazköy
Yiolou
Yipsos
Yogurtcular
Yolüstü
Yolu
Yorgoz
Yourri
Ypsonas
YukarÄ± AlsandÄ±k
YukarÄ±Amyanto
YukarÄ±Arhimandrita
YukarÄ± Arodez
YukarÄ± BinatlÄ±
YukarÄ± BostancÄ±
YukarÄ± Deftera
YukarÄ± Dikmen
YukarÄ± Dikomo
YukarÄ± Flasa
YukarÄ± KalkanlÄ±
YukarÄ± Kurtbogan
YukarÄ± Kutrafas
YukarÄ± Lakadamya
YukarÄ± Lakatamya
YukarÄ± Lefkara
YukarÄ±Panaya
YukarÄ± Platres
YukarÄ± Polemitya
YukarÄ± YesilÄ±rmak
YukarÄ± Zodya
YukarÄ± Zotya
Yunus
Yuvacik
YuvalÄ±
Yuvarlak
Zacharia
Zaharya
Zakaki
Zakáti
Zakharia
Zanaca
Zanaja
Zanakia
Zeybekköy
Zeytinlik
Zeytinlik
Ziamet
Ziyamet
Ziyi
Zodhia
Zodia
Zoobiyí
Zoopigi
Zoopiyi
Zümrütköy
Zygi
Zyyi
