Adi Adda
Airolaf
Airoli
Alaili Dadda`
Alayli Dadda`
Ali Ada
Ali Adda
Ali Adda Courant
`Ali `Addé
Aliadh
Ali Sabiè
`Ali Sabieh
Ali Sabiet
`Ali Sabih
Ambabbo
Amboua
Ambouli
Ambua
Angârou
Anghar
`Arta
`As `Êla
Assa-ela
`Assa Gaïla
Ass'èyla
Balho
Bankoualé
Bankouwâle
Bissîdiro
Boûl'aos
Boulaos Camp
Boulas
Boûl`aws
Bulaos
Camp Boulaos
Dadda`to
Damêrdjôg
Danan
Dicchil
Digri
Dikhil
Dikil
Dikkil
Dikri
Djibouti
Djibuti
Dorra
Gaherré
Gâlâfi
Gibuti
Goubatto
Goubéto
Goubeto Station
Goubétto
Hayyou
HÌ±oumbouli
Holhol
Hol Holl
Holl-Holl
Jibouti
Jibuti
Khôr `Angar
Khor-Anghar
Koûta Boûyya
Lâ`assa
La Plaine
La-waada
Loya Ada
Loyada
Loyi Ada
Médého
Méé Dôho
Mouddo
Moulhoulé
Obock
Obok
Ouê`a
Ouê`a
Poste d' Anghor
Randa
Sêdorre
Tadjoura
Tadjura
Tagiura
Tajura
Teoao
Tewao
Tew`o
Wê`a
Wê`a
Yoboki
