Anse Du Mé
Atkinson
Au Parc
Baroui
Barroui
Basin Will
Bassinville
Bataka
Bellevue Chopin
Bells
Belmanier
Belvidere
Bense
Berekua
Bioche
Boetica
Bornes
Cachacrou
Calibishi
Calibishie
Capucin
Castle Bruce
Charlotte Town
Charlotte Ville
Clifton
Cochrane
Cocoyer
Colihaut
Cottage
Coulibistri
Coulihaut
Crayfish River
Délices
Demitrie
Docteur
Dos D'Âne
Dublanc
Dubuc
Fond Cani
Fond Saint Jean
Galion
Gaulette
Geneva
Gillon
Giraudel
Giraudet
Glanville
Glanvillia
Gommier
Good Hope
Goodwill
Grand-Anse
Grand Baie
Grand Bay
Grand Fond
Griaudel
Guillet
Hampstead
Itassi
Kulihao
Lagon
Là Haut
La Plaine
La Pointe
Larieu
La Soie
La Source
Laudat
Layou
Loubiere
Madjini
Mahaut
Marigot
Massacre
Méro
Meudon
Monkey Hill
Morne Aux Frégates
Morne Jaune
Morne Prosper
Morne Raquette
Morne Soleil
Morpo
New Town
Northern Loop
Paix Bouche
Peineville
Petite Savane
Petite Savanne
Petite Soufrière
Petit Marigot
Pichelin
Pointe Michel
Pont Cassé
Portsmouth
Potters Ville
Riversdale
Rivière Ciriques
Roger
Rosalie
Roseau
Saint Cyr
Saint Joseph
Saint Sauveur
Salibia
Salisbury
Salybia
Scotts Head Village
Sibouli
Sineku
Soufrière
Stowe
Tanetane
Tarou
Tête Morne
The Cross
Thibaud
Tobino
Toucari
Trafalgar
Veille Case
Vieille Case
Vielle Case
Wall House
Warakal
Wesley
Woodford Hill
