10 de Agosto
28 de Mayo
Abanico
Abañín
Abdón Calderón
Abdón Calderón
Abdón Calderón
Abril
Acacia
Achiote
Achique
Achiral
Achote
Achote
Achuentza
Achuntza
Achupallas
Achupallas
Adriana
Africa
África
Agato
Agoyán
Agua Blanca
Agua Caliente
Aguacatal
Aguacatal
Aguacate
Agua Clara
Aguada
Aguada
Aguadita
Agua Fría
Aguahedionda
Agualongo
Agualonguito
Aguamasa
Aguapiedra
Aguarico 3
Aguarico
Aguarico Tres
Aguas Aires
Aguas Blancas
Aguas Blancas
Aguas Blancas Chico
Aguas Verdes
Aguas Verdes
Aguel
Aguirre
Agustin
Ahuaca del Carmen
Ahuana
Ahuano
Aichabug
Aichapiche
Ainche
Ajigual
Ajilanga
Ajoshuaico
Alabado
Alabuela
Alagache
Alambi
Alamor
Alangasí
Alao
Alaques
Aláquez
Alaspungo
Alausí
Albán
Alborada
Albornoz
Alchipichí
Alegría
Alegría
Alfaro
Alfaro
Alfredo Baquerizo Moreno
Algarrobal
Algarrobera
Algarrobillo
Algarrobos
Algodonal
Alhajuela
Alicia
Allpacruz
Alluriquín
Almendral
Alóag
Aloasí
Alobamba
Alobuela
Alobuela
Aloburo
Alor
Alpachaca
Alpamala de Toro
Alpamala de Velasco
Alpes
Alshí
Altamar
Altamirano
Altar
Altar Urco
Alto Tambo
Aluburo
Alubushco
Alumbre
Alusaca
Alvarado
Alvarez
Alvarez
Alvarez
Amable María
Amaguaña
A. Maldonado
Amalia
Amalia
Amalia Moncada
Amalusa
Amaluza
Amaluza
Amancayes
Amanta
A. Martinez
Amashara
Amazonas
Amazonas
Ambabaquí
Ambatillo
Ambato
Amboasí
Ambuela
Ambuquí
Amelia
América
América
Amulá
Ana
Añaburo
Anafo
Anagumba
Ana María
Añangu
Anasque
Ancayacu
Anchamasa
Anchayacu
Anchola
Ancón
Ancón
Anconcito
Andagualo
Andahualo
Andariales
Andarriales
Andignato
Andoas
Andoas Nuevo
Andón
Andrade Marín
Angamarca
Angamarcalle
Angapamba
Angas
Angas
Angashco
Angasmayo
Ángela María
Ángela María Número Dos
Angeles
Angélica
Angelina
Angelina
Angelita
Angla
Angochagua
Angochahua
Angostura
Anguasha
Ánimas
Ankuash
A. N. Martínez
Anona
Antisana
Antonio Elizalde
Antonio José Holguín
Antonio Sotomayor
Apagua
Apahua
Apatug
Apuela
Arajuno
Arapiccos
Arapicos
Araujo
Arcadia
Arcadia
Archidona
Archiras
Arcos
Ardanza
Arenal
Arenillas
Argelia
Arias
Ario
Arizaga
Armenia
Armenia
Armenia Vieja
Aromo
Arosemena
Arosemena Tola
Arquillo
Arrastradero
Arrastratero
Arrayán
Arrayán
Arrayán
Arrayancucho
Arrayán Dormido
Arres
Arroyo
Arrozal
Arrozal
Arsenio Castillo
Arteaga
Artillería
Arvida
Asancoto
Asavo
Ascasubi
Ascázubi Alto
Ascázubi
Ascensión
Asomaná
Aspur
Astudillo
Asunción
Asunción
Asunción
Asunción
Atacames
Atacmes
Atahualpa
Atahualpa
Atahualpa
Atahualpa
Atahualpa
Atahualpa
Atalpamba
Atápulo
Atar
Atilio
Atillo
Atobuela
Atocha
Atocha
Ato de la Virgen
Atravesado
Atravesao
Atravezao
Atuhuaycu
Atuntaqui
Aucayacu
Augashcola
Augusto N. Martínez
Auquichico
Auquigrande
Aurora
Avañín Chico
Avanzada
Avelina
Ávila
Ávila
Ayabamba
Ayacucho
Ayahuaycu
Ayalán
Ayambe
Ayampe
Ayamu
Ayancay
Ayangue
Ayanqüe
Ayantar
Ayapamba
Ayapamba
Ayapamba
Ayasa
Ayaurcu
Aycallate
Ayora
Ayurcu
Ayurcu de Peña
Ayuy
Azamaná
Azaya
Azogues
Azoguez
Azúcar
Azucena
Baba
Babahoya
Babahoyo
Bachillero
Bachirin
Bacundo
Badeal
Baejón
Baeza
Bagatela
Bagpancel
Baguanche
Bahía
Bahia de Caráques
Bahía de Caráquez
Bahía de la Academia
Bajada
Bajada de Chanduy
Bajada de Colonche
Bajado
Bajaña
Bajén
Bajito
Bajo Alto
Bajo
Bajo de Afuera
Bajo Grande
Balao
Balao Chico
Balao Grande
Balaura
Balbina
Balcashi
Balceria
Ballenita
Balsa
Balsa
Balsalita
Balsalito
Balsapamba
Balsapamba
Balsa Real
Balsas
Balsayán
Balsay
Balsería
Balsiadero
Balsillar
Balvaneda
Balvina
Balzapamba
Balzar
Balzar
Balzas
Bamba
Bambil Callao
Bambil Deshecho
Banderas
Bando
Banepo
Banife
Banipe
Baños
Baños
Baños
Baños de Yunga
Baquería
Baquerizo
Baquerizo Moreno
Baquerizo Moreno
Baquerizo Moreno
Barabon
Baratillo
Barbascal
Barbascal
Barbasco
Barberis
Barbones
Barcelona
Barquilla
Barraganetal
Barrancas
Barranco
Barranco Colorado
Barreiro
Barrio Bellavista
Barrio de Arriba
Barrio Nueve de Octubre
Barro
Barro Colorado
Barrotieta
Bartasqui
Bartolomé
Bastidas
Bastilla
Batan
Batán de Arriba
Batán Grande
Bayanal
Bayán
Bayas
Bayo Cruz
Beatriz
Bebo
Beche
Bejucal
Bejucal
Beldaca
Beldaca
Beldaco
Belén
Belén
Bélgica
Belisario Quevedo
Bella Aurora
Bella
Bella Esperanza
Bella Juanita
Bella María
Bella María
Bella Unión
Bellavista
Bellavista
Bellavista
Bellavista
Bella Vista
Bella Vista
Bellavista
Bellavista
Bella Vista
Bellavista
Bella Vista
Bellavista
Bellavista
Bella Vista
Bellavista
Bellavista
Bellavista
Bellavista
Bellavista
Bellavista Hacienda
Bello Horinzonte
Bello Horizonte
Bello Orizonte
Benigno Vela
Benita
Benites
Benítez
Berengena
Berlín
Bermeja
Bermejo
Bermejo
Bermejos
Bestión
Bibilcay
Biblián
Biffarini
Bijagual
Billingota
Bilován
Birón
Blanco Macas
Boca Chica
Boca Dashiño
Boca Dasmiño
Boca d' caña
Boca de Briceño
Boca de Caña
Boca de Chila
Boca de Guanábano
Boca del Bua
Boca de María
Boca de Palmito
Boca de Puca
Bocana
Bocana
Bocana
Bocana
Bocana del Búa
Boca Solano
Boca Suno
Boca Tiputini
Boca Yanayacu
Bodeguita
Bohío
Bola de Oro
Bolaloma
Bolaspamba
Boliche
Boliche
Boliche
Bolichi
Bolívar
Bolívar
Bolívar
Bolívar
Bolívar
Bolivar
Bolívar
Bolivia
Boloña
Bomba
Bomboiza
Bombonaqui
Bombón
Bonce
Boquerón
Borbón
Borbones
Borja
Borna
Borneo
Borrero
Botadero
Botija Paquina
Boyacá
Boyeria
Bramadero
Bramaderos
Bravos
Briceño
Briones
Briseño
Bucay
Bucay
Bucay Chico
Buena Esperanza
Buena Fe
Buena Fe
Buena Fé
Buena Muerte
Buena Suerte
Buenaventura
Buenaventura
Buenaventura
Buenavista
Buenavista
Buenavista
Buena Vista
Buenavista
Buenos Aires
Buenos Aires
Buenos Aires
Buenos Aires
Buenos Aires
Buenos Aires
Bueste
Bugdel
Buichum
Buijo
Bulán
Bulcay
Bunche
Bunques
Burche
Burgay
Burgayes
Buri
Burin
Burras
Burrotieta
Businga
Bustamante
Butjo
Caballo Potrero
Cabano
Cabeza de Toro
Cabo de Hornos
Cabo Lampa
Cabo Minacho
Cabuncata
Cabuya
Cabuya
Cabuyal
Cabuyal
Cabuyal
Cabuyalcito
Cacagual
Cacaoal
Cacao Punta
Cacao Punto
Cacarrumi
Cáceres
Cacha
Cachahuaico
Cachanlo de Sidcay
Cachaulo de Machangara
Cachi
Cachicorral
Cachiguaico
Cachillacta
Cachiloma
Cachimalero
Cachipamba
Cachipamba
Cachipamba
Cachipamba
Cachipambi
Cachipirca
Cachitama
Cachitambo
Cachitoma
Cacho de Hospital
Cachuguí Velasco
Cachuquí Alarcón
Cachuquí
Cachuquí Moncayo
Cadeal
Cadeate
Cadenillas
Cadiate
Caferino Español
Caguanshum Chico
Caguashum Grande
Cahuasquí
Caicedo
Caiguas
Caimito
Caimito
Caipi
Cajabamba
Cajas
Cajas
Cajón Tambo
Cajontambo
Calabí
Calabria
Calacalí
Calceta
Calcicante
Caldera
Caldera
Calderón
Calderón
Calderón
Caledonias
Calentura
Calera
Calhua
Calhuache
Calicante
Calichana
Caliguiña
Callancay
Calle
Callejón
Callejón
Callo
Callo Mancheno
Calpi
Calug
Caluguro
Calvario
Calvario
Calvario
Calvas
Calzado
Cámara
Camarona
Camarones
Camarones
Camarones
Cambana
Cambio del Guabo
Camela
Camilo Ponce Enríquez
Campamento Agua Colorada
Campamento Aragundi
Campamento El Abandono
Campamento El Diluvio
Campamento El Mirador
Campamento La Hambruna
Campamento La Pampa
Campamento Quiñones
Campamento Ruiseñor
Campanaguaico
Campanaka Entza
Campanita
Campo Alegre
Campo Alegre
Camposano
Campozano
Canaán
Caña
Cañalaurco
Canales
Cananguchal
Cananvalle
Cananvalle
Cañar
Canaria
Cañaribamba
Cañaro
Cañas
Cañas
Cañaveral
Cañaveral
Cañaveral
Cañaveral de Afuera
Cancan
Cancay
Canchagua
Canchimalero
Candelaria
Candelaria
Canelos
Canelos
Cangagua
Cangahua
Cangaimine
Cangas
Cango
Cangonamá
Cangonamá Chico
Cangrejo
Canguraca
Cañi
Cañitas
Cañitas
Canoa
Canoa
Cañonero
Cantagallo
Cantagallo
Cantagallo
Cantarama
Canta Rana
Cantzama
Canuto
Canzacoto
Capadino Entza
Capailoma
Capareac
Capas
Capelo
Capihuara
Capihuara Playa
Capilla Mauta
Capillapamba
Capilla S. Bartolo
Capiro
Capitán Augosto Rivadeneira
Capitán Rivadeneira
Capizún
Capizunga
Caple
Capone
Capricho
Capricho
Capsol
Capulí
Capulí
Capulí Chico
Capulicrin
Capur
Capzhua
Capzol
Caracas
Caracol
Caranango
Caranqui
Carapale
Carazón
Carbillo
Carbonada
Carbón
Carcabón
Carcelén
Cargalchina
Cargue
Cariaco
Cariacu
Cariacu
Cariamanga
Cariamanga
Carishao
Carlos Bustamante
Carlos J. Arosemena Tola
Carlos Julio Arosemena Tola
Carlos Ordóñez Lazo
Carmela
Carmela
Carmela
Carmela
Carmelita
Carmelo
Carmelo
Carmelo
Carmen
Carmen
Carmen Leonor
Carolina
Carolina
Carolina
Carondelet
Cárpatos
Carpuela
Carrera
Carretas
Carrillo
Carriona
Carrión
Carrizal
Carrizal
Carrizal
Cartagena
Casacay
Casadel
Casahuaycu
Casanga
Casapiamba
Casa Redonda
Casateja
Cascada
Cascajal
Cascajal
Cascajo
Cascarilla
Cascol
Caserío
Caserio Pueblito
Caserío Venceslao
Casha
Cashapamba
Cashapata
Casharum
Cashatoma
Cashuín
Casiganda
Casiganga
Casiguana
Casita
Casitas
Caspa Yacu
Caspi-Corral
Caspiguasi
Castelnovo
Catacocha
Catacupamba
Cataguango
Catahuango
Catamaillo
Catamayo
Catambas
Catanas
Catarama
Catarama
Cataviña
Catevina
Catimbo
Cauchiche
Cauquil
Cautivo
Cavertul
Cavino
Cayagal
Cayagama
Cayambe
Cayapas
Cayapas Viejo
Cayarca
Cayo
Cazaderos
Cebadas
Cebadas
Cebollar
Cecel
Cecilia
Cecilia
Cedropamba
Cedropamba
Ceiba
Ceibal
Ceibillo
Ceibo Mocho
Ceibo Pamba
Ceilán
Celel
Celén
Celestina
Celica
Celis
Centeno
Centinela
Centinela
Central
Centro Cushapucus
Centro Kunkuk'
Centro Miasí
Centro Numpátkaim'
Centro San José
Centro Shuara
Centro Shuara del Quimi
Centro Shuara de Machinaza
Centro Shuara de Manchinaza
Centro Shuara Kunchaim
Centro Shuara La Inmaculada
Centro Timkimints
Cera
Cerco Pata
Cerecita
Cerezal
Cerrito
Cerrito
Cerritos
Cerro Alto
Cerro Alto
Cerro
Cerro Milagros
Cerro Negro
Cerro Verde
Ceuceda
Cevallos
Cevallos
Chabayan
Chacahuizho
Chacance
Chacanceo
Chacán
Chacapamba
Chacarrumi
Chacata
Chacaúco
Chacayucu
Chachabán
Chaco
Chacra
Chacras
Chade
Chagrapamba
Chaguan
Chaguaraco
Chaguarhuayco
Chaguarloma
Chaguarpamba
Chahuarbamba
Chahuar
Chahuar Huayev
Chahuarpungo
Chalanga
Chalay
Chalcalo
Chalcapa
Chalcur
Chalpi
Chaltura
Chalua
Chamanal
Chamanga
Chambac
Chambarango
Chambellán
Chambira
Chambo
Chamucate
Chanalá
Chanana
Chancama
Chancana
Chanchaló
Chanchas
Chanchún
Chancoma
Chandil
Chanduy
Changaimina
Changainima
Changalá
Changuaral
Chanin
Chanquinima
Chantaco
Chantag
Chantilín
Chantilín Chiquito
Chapacoto
Chapar
Chapeguaico
Chapetón
Chapintza
Chapiza
Chapulo
Chaquibamba
Chaquicuña
Chaquilcay
Chaquinal
Chaquino
Chaquir
Chaquiro
Characay
Charapa
Charapa Juntai
Charapotó
Charasol
Charco Largo
Charla
Charohuaiña
Charohuina
Charón
Charqui
Charupe
Charupí
Chasinata
Chasqui
Chasquin
Chaucan
Chaucha
Chaucha
Chau
Chauliayacu
Chaulla
Chaullamba
Chaupi
Chaupi
Chaupi
Chaupi Estancia
Chaupi Guaranguí
Chaupihacienda
Chaupi Loma
Chaupitranca
Chaupitranca
Chavalula
Chavay
Chávez
Chavezpamba
Chaya
Chayasapa
Checa
Checa
Checo
Checo
Chequero
Chibiga
Chibuleo
Chibunga
Chical
Chical
Chicaña Alto
Chicaña Bajo
Chicaña
Chicán
Chicaptire
Chichaca
Chichavo
Chiche
Chiche Obraje
Chichepata
Chiches
Chiches
Chiche Tobar
Chiche Viteri
Chichipata
Chichirata
Chichirota
Chichis
Chicón
Chico Tomalón
Chicticay
Chigledel
Chigshiguín
Chigti
Chiguán
Chiguango
Chiguasa
Chiguaza
Chiguilpe
Chiguinda
Chigüipe
Chihuango
Chihuarán
Chihuinda
Chila
Chilcapamba
Chilcapamba
Chilchil
Chilicay
Chilintomo
Chilipala
Chilla
Chilla
Chilla
Chillanes
Chillaví
Chillavi del Ceibo
Chillazón
Chillo
Chillogallo
Chillo Ordóñez
Chiltazón
Chima
Chimba
Chimbiquiti
Chimbocal
Chimbucta
Chimburlo
Chimbuza
Chimul
Chinangachí
Chinas
Chinca
Chinchanga
Chinchi
Chinchinal
Chinchinales
Chinchín
Chinchín Loma
Chinchipe
Chinchipe
Chinchiví
Chingual
Chinguil
Chini
Chinimbimi
Chinintahua
Chinipata
Chinkianas
Chiñolo
Chipo
Chipuloma
Chiquiac
Chiquicha
Chiquil
Chiquilpe
Chiquinchá
Chiquintad
Chiriacu
Chiriboga
Chirinche de Maldonado
Chirinche de Páezd see Hacienda Chirinche de Páez
Chirin
Chisalata
Chischiguín
Chisinche
Chisulchi
Chita
Chitahauicu
Chitahuaicu
Chitán
Chitán de Navarrete
Chito
Chituca
Chiveria
Chives
Chivilín
Chizaló
Chobo
Chobsi
Chocacorta
Chocar
Chocar
Chochal
Choday
Chonana
Chone
Chongón
Chongoncito
Chongonsito
Chonta
Chontacruz
Chontaduro
Chontal
Chontamarca
Chontapamba
Chontapunta
Chordeleg
Chorlaví
Chorlavicito
Chorocopte
Chorohuaico
Chorrera
Chorroblanco
Chorro Grande
Chorrohuaico
Chota Chiquita
Chota
Chovo
Choyata
Chucar
Chucchilán
Chuchucán
Chuchumbleza
Chuchún
Chuga
Chugchilán
Chugchilano
Chuguillín
Chuguin Chico
Chuguín Grande
Chulamuez
Chulo
Chulunguasi
Chulunhuasi
Chumaquí
Chumbán Mantilla
Chumbela
Chumbela
Chumblín
Chumundé
Chunasana
Chunchi
Chunquipata
Chunucari
Chupadores
Chupianza
Chupiaza
Chuque
Chúquer
Chuqui
Chuquipata
Chuquipogyo
Chuquipoquio
Chuquir
Chuquiribamba
Chura
Chural
Churugudo
Churuloma
Churumanga
Churute
Cía Cayapas
Ciano
Cicalpa
Ciénaga
Ciénaga de Afuera
Ciénaga Redonda
Ciénega
Ciénega
Ciénega
Cienega de Afuera
Cienega Grande
Ciénega Redonda
Cienega Redondo
Cilinhua Chico
Cimientos
Cinco de Junio
Cinco Hermanas
Cirquelo
Ciruelas
Cisne
Citacar
Ciudad de Avila
Ciudad de Machachi
Ciudadela Carolina
Ciudadela Costa de Oro
Ciudadela Santa Martha
C.J. Arosemena Tola
Claudina
Clemencia
Clemencia
Clemencia
Clemencia
Clemencia
Clementina
Cleopatra
Cleotilde
Coambo
Coango
Coangos
Coaque
Cobuendo
Coca
Coca
Cocha
Cochahuaico
Cochaloma
Cochaloma
Cochapamba
Cochapamba
Cochapamba
Cochapata
Cochaquingu
Cochasquí
Cochatos
Cochicaranqui
Cofradía
Cohambi
Cohembi
Cojiemíes
Cojimíes
Cojitambo
Colache
Cola
Colaisaca
Colaizaca
Colaiza
Colanga
Colaya
Colaya Grande
Colay
Colegio
Colegio
Colegio
Colimbuela
Colimes
Collaqui
Collasay
Collas
Collas Russo
Collay Chico
Collay Grande
Colombia
Colonche
Colón
Colón
Colón
Colón Eloy Alfaro
Colope
Colorado
Colorado
Colta
Coltapamba
Columbe
Columbia
Compañía Chica
Compañía
Compoña
Compud
Comuna Chuscuyacu
Comunidad de Cosalami
Comunidad de Salamala
Conambo
Conambo del Río Tigre
Coñaquí
Concepción
Concepción
Concepción
Concepción
Concepción
Conchay
Concordia
Concordia
Condado
Condolanga
Condoragua
Condorahua
Cóndor
Condorpamba
Cóndor Samana
Conducta
Conduryacu
Cone
Conejeros
Conejo
Conferencia
Conga
Congo
Conguillo
Conguime
Conibura
Conocota
Conocoto
Cononaco
Conraquí
Conrrogal
Constancia
Constancia
Constantino Fernández
Consuelo
Consumulo
Consumulú
Contrayerbas
Convento
Convento
Copal
Copchal
Copradia
Copta
Copte
Coquito
Corazari
Corazon
Corazón
Cordero
Cordero Palacios
Córdova T.
Cordova Toral
Cornejo Astorga
Cornejo
Cornelio Malo
Corona
Corona
Coronel Carlos Concha Torres
Coronel Lorenzo Garaicoa
Coronel Marcelino Maridueña
Coronel Maridueña
Corono
Corozal
Corozos
Corral
Corral del Señor
Corral Guayco
Corral Huayco
Corralito
Corralito
Corralitos
Corralpamba
Corral Pamba
Correa
Correa Urcu
Corregidor
Correo
Corriente
Cortijo
Cosacopte
Cosalami
Cosanga
Cosmorama
Costa Azul
Costa Rica
Cotacachi
Cotacocha
Cotagchoa
Cotaló
Cotama
Cotapino
Cotocchoa
Coto Chicta
Cotococha
Cotocolla
Cotocollao
Cotogcha
Cotogchoa
Cotosaz
Cotundo
Coyoctor
Crespo T
Cristal
Cristal
Cristina
Cristóbal Colón
Crucita
Crucitas
Cruz Blanca
Cruz Chicta
Cruz
Cruz de Guanábano
Cruz del Arenal
Cruz del Huerto
Cruzloma
Cruz María
Cruzpamba
Cruzpamba
Cuajara
Cuajarón
Cuambo
Cuambo
Cuaque
Cuardele
Cuarpanche
Cuarteguro
Cuasha
Cuatis Acosta
Cuatis Cevallos
Cuatis
Cuatro Esquinas
Cuatro Hermanas
Cube
Cubijíes
Cubillín
Cucaracha
Cuchapirca
Cuchicorral
Cuchil
Cuchilla Alta
Cuchiloma
Cuchipamba
Cuchipirca
Cuchitingue
Cuchucún
Cuchudel
Cucupuro
Cucuy
Cuellaje Alto
Cuembi
Cuenca
Cuenca Urcu
Cuendina
Cuhembí
Cuhimbé
Cuhimbí
Cuicocha
Cuipamba
Cuitum
Culantropamba
Culasti
Culcul
Culculoma
Culebrillas
Cullitagua
Culqui
Culticay
Cumandá
Cumando
Cumay Alto
Cumbaratza
Cumbayá
Cumbe
Cumbe
Cumbijín
Cuncate
Cunchibamba
Cunchibamba de Chiriboga
Cunquer
Cunucayacu
Cunucu
Cunucyacu
Cunucyacu
Cunuyacu
Cuquiva
Curacaca
Curacaco
Curaray
Curiachi
Curichanga
Curiloma
Curin
Curipungu
Curiquingue
Curiquingue
Curi Tarqui
Curitroje
Curtincapa
Curusapal
Cuscudoma
Cushca Chico
Cushca
Cushcapa
Cushitagua
Cushmas
Cusho
Cushuimi
Cusibamba
Cusiguango
Cusúa
Cusubamba
Cusubamba
Cusubambito
Cusuimi
Cusumasa
Cutchil
Cutiloma
Cutuglagua
Cutuglahua
Cutuní Grande
Cutuntza
Cutzatagua
Cuvintzi
Cuyabeno
Cuyavenus
Cuypamba
Cuyuja
Cuyujúa
Cuzco
Dacte
Daligshi
Dandán
Daniel Córdova
Daniel Córdova Toral
Dashiño
Data
Data de Posorja
Data de Villamil
Daular
Daule
Daule
Dávalos
Deán Alto
Deán Bajo
Déleg
Delegsol
Deletre
Delfina
Delia
Delicia
Delicias
Delicias
Delicias
Delicias
Del Salitre
Delta
Delta Izurrieta
Demecia
Derna
Derrumbo
Descanso
Descanso
Descanso
Descanso de Sucre
Desecho
Deseo
Destacamento Tundayme
Destino
Desvío
Díaz de Pineda
Díaz
Diez de Agosto
Diez de Agosto
Digna
Digshi
Dios Peña
Dircay
Dizha
Doblones
Doce de Diciembre
Doctor M. Egas
Doctor Miguel Egas Cabezas
Doctor Miguel Egas
Domageo
Dominguillo
Don Juan
Don Julo
Don Lucas
Don Pancho
Don Tomás
Dos Bocas
Dos Bocas
Dos Bocas
Dos Cruces
Dos Cuevas
Dos Esteros
Dos Hermanas
Dos Mangas
Dos Ríos
Dubliay
Ducoguayco
Dudas
Dueta
Dugdug
Dunillín
Durán
Durán
Durán
Durasno
Durazno
Dureno
E. Alfaro
Echeandía
Edén
Eduardo
E. Espejo
Egas
Egniguren
Eguiguren
Eicira
Ejido Norte
El Achiote
El Achiote
El Aguacate
El Aguan
El Alcote
El Altar
El Altar
El Alto
El Anegado
El Anegano
El Ángel
El Apretadero
El Arenal
El Arenal
El Arenal
El Arenal
El Arenal
El Aromo
El Arroyo
El Atilio
El Bajo
El Bajo
El Baldaco
El Barranco
El Barrial
El Barro
El Batán
El Batán
El Beaterio
El Belén
El Belén
El Bonete
El Bosque
El Brujo
El Bunque
El Burro
El Cabo
El Cabuyalcito
El Cacao
El Café
El Cajampe
El Cajon
El Cajón
El Callejón
El Calvario
El Calvario
El Cambio
El Camino
El Cañaveral
El Capricho
El Caramelo
El Carmelo
El Carmelo
El Carmelo
El Carmen de Putumayo
El Carmen
El Carmen
El Carmen
El Carmen
El Carmen
El Carmen
El Carmen
El Carmen
El Carmen
El Carmen
El Carozón
El Carrizal
El Carrizal
El Cauchal
El Cautivo
El Cebollar
El Cedral
El Cedro
El Cedro
El Censo
El Cercado
El Cerrito
El Cerrito
El Cerro
El Chaco
El Chamico
El Charco
El Chauchal
El Chaupi
El Chaupi
El Chicho
El Chico
El Chilco
El Chocar
El Chocuano
El Chorro
El Chorro
El Ciénego
El Cisne
El Cisne
El Coco
El Colegio
El Colegio
El Conchero
El Condado
El Conde
El Conde
El Cóndor
El Cóndor
El Conejo
El Congo
El Congo
El Consuelo
El Coposo
El Corazón
El Corazón
El Corazón
El Coroso
El Corral
El Correo
El Cruce
El Cruce
El Cucho
El Cucho
El Deleite
Eldeli
El Derrumbo
El Descanso
El Descanso
El Desecho
El Deseo
El Deshecho
El Destino
El Destino
El Dorado de Cascales
El Dorado
El Dorado
El Edén
El Empalme
El Empalme
Elena
El Eno
El Esfuerzo
El Faigue
El Gaaltal
El Galpón
El Goaltal
El Golfo
El Guabital
El Guabo
El Guabo
El Guabo
El Guachal
El Gualtal
El Guando
El Guayan
El Guineo
El Guineo
El Habra
El Haro
El Hato
El Hato
El Hondón
El Hospital
El Huásimo
El Huato
El Huique
El Humedo
El Inga
El Ingenio
El Ingenio
El Ingenio
El Ingenio
El Ingenio
Elisal
Elizalde
El Jordán
El Junco
El Jurón
El Kiosco
El Laurel
El Limbo
El Limo
El Limón
El Limón
El Llano
El Llano
El Llano
El Loro
El Lucero
El Manglesito
El Mango
El Marqués
El Mate
El Mate
El Milagro
El Mirador
El Mirador
El Mirador
El Molino
El Molino
El Monge
El Monje
El Mono
El Monte
El Morro
ElMorro
El Muerto
El Muerto
El Muey
El Mundo
El Naque
El Naranjo
El Naranjo
El Nato
El Negro
El Obraje
El Obraje
El Olimpo
El Olivo
El Olivo
El Orbe
El Organa
El Órgano
El Ovalo
Eloy alfaro
Eloy Alfaro
Eloy Alfaro
El Pache
El Pallo
El Palmar
El Palmar
El Palo
El Pan
El Pangui
El Paraíso
El Paraíso
El Paramo
El Paso
El Patrimonio
El Petrillo
El Pindal
El Pindo
El Pindo
El Pino
El Pital
El Pitayo
El Placer
El Placer
El Placer
El Placer
El Placer
El Plateado
El Plateado
El Playón de San Francisco
El Playón
El Polo
El Pongo
El Pongo
El Portón
El Porvenir
El Porvenir
El Porvenir
El Porvenir
El Porvenir
El Porvenir
El Porvenir
El Prado
El Prado
El Presidente
El Progreso
El Progreso
El Progreso
El Progreso
El Progreso
El Progreso
El Proveedor
El Pueblito
El Puente
El Puente
El Puente
El Puerto
El Pugro
El Pugru
El Pun
El Puyo
El Rancho
El Real
El Rebalón
El Recreo
El Recreo
El Recreo
El Recreo
El Recreo
El Recreo
El Recreo
El Recuerdo
El Resbalón
El Retiro
El Rodeo
El Rosal
El Rosal
El Rosal
El Rosario
El Rosario
El Rosario
El Rosario
El Rosario
El Rosario
El Rosario
El Rosario
El Rosario
El Rosario
El Salado
El Salado
Elsa Leonor
El Salto
El Salto
El Salto
El Salto
El Salto
El Sauce
El Sauce
El Sauce
El Sauce
El Sauce
El Sauco
El Sesteadero
El Shugsho
El Siete
El Suche
El Suspiro
El Tablón
El Tablón
El Tablón
El Tablón
El Tabor
El Taco
El Tambo
El Tambo
El Tambo
El Tambo
El Tambo
El Tejar
El Tejar
El Tesoro
El Tiburón
El Tigre
El Tingo
El Tingo
El Tocte
El Toldo
El Tormento
El Toro
El Trapiche
El Triunfo
El Triunfo
El Triunfo
El Troje
El Troje
El Troje
El Tuno
El Turo
El Turu
Elva
El Valle
El Verde
El Verde
El Vergel
Elvia
El Viento
El Vínculo
Elvira
Elvira
El Zapote Corralito
El Zapote
Embarcadero
Emilia
Emilio María Terán
Emilio Terán
Empalme
Emperatriz
Emperatriz
E. M. Terán
Enen
Engabao de Chanduy
Engabao del Morro
Engabao
Enganga
Engullima
Engunga
Enramada
Enriqueta
Ensenada
Entrada
Entre Ríos
Entzacua
Envidiable
Envidia
Ermelinda
Erminia
Escalera
Escalera
Escaleras
Escalón
Escudero
Escudero
Esmeralda
Esmeralda
Esmeraldas
Esmeraldas
Esmeraldas
Esmeraldas Libre
Esmeraldita
España
Espejo
Espejo
Esperanza
Esperanza
Esperanza
Esperanza
Esperanza
Esperanza
Espinal
Espinel
Estacada
Estación Cumbe
Estación de Cumbe
Estancada
Estancia
Estancia Vieja
Estancilla
Estela
Estela
Estero Cobina
Estero de Boca
Estero Lagarto
Estrella del Oriente
Estrella
Estrella Yacu
Estupiñán
Etelvina
Etsa
Eufemia
Eugenia
Eugenio Espejo
Fabiola
Facundo Vela
Faical
Fajardo
Falcón
Farfán
Farsalia
Fasana
Fátima
Fátima
Febres Cordero
Febres Cordero
Federico Páez
Feijo
Felicidad
Felicidad
Félix
Felton
Fénix
Fernandez
Fernández Salvador
Ficoa
Filanbanco
Filan Banco
Fili
Firme
Flandes
Flavio Alfaro
Flora
Flor Amalia
Flor de Bosque
Flor de María
Flor de Oro
Floreana
Florencia
Florencia
Florencia
Flores
Flores
Flores
Florida
Florida
Florida
Fogones
Fortuna
Fortuna
Fracés Urco
Francés Urco
Francisco Aro
Francisco de Orellana
Francisco
Francisco Oleas
Frescoguayco
Friedo
Gacela
Gala de Arriba
Gala
Galápagos
Galera
Gallardo
Gallata
Gallata
Galleturo
Gallinazo
Gallocantana
Galope
Galpán
Galpón Chiquito
Galpón
Galpón
Galte
Ganacay
Ganadel
Ganalcay
Ganán
Gañil
Ganillac
Ganshi
Ganzhun
Gapal
Garachamba
Garaushi
Garbanzal
Garcelán
Garcia M.
García Moreno
García Moreno
García Moreno
Garza-cocha
Garza
Garzaguachana
Garza Huachana
Gatazo
Gatazo
Gazar
General Farfán
General Leonidas Plaza Gutiérrez
General Morales
General Pedro J. Montero
General Pedro Montero
General Plaza
General Proaño
General Vernaza
General Villamil
Génova
Gercelán
Ger
Gerinoma
Germania
Germania
Germania
Gigales
Gigantones
Gima
Girón
Gloria
Gloria
Gloria María
G. Moreno
G. Muñoz
Gómez Rendón
Góngora
Gonsapamba
Gonzabal
Gonzales S.
Gonzalez Suares
González Suárez
González Suárez
Gonzalo Pizarro
Gonzalo Pizarro
Gonzanamá
Gonzol
Gordeleg
G. Ortega
Graciela
Graciosa
Gramadales
Gramadal
Gramalote
Gramatal
Granada
Granadilla
Granadilla
Granadillas
Granadillas
Granadillo
Granja
Granja
Granobles
Gruzpamba
G. Suárez
Guabal
Guabidilla
Guabiduca
Guabidula
Guabillo
Guabina
Guabisay
Guabishún
Guabitos
Guablit
Guabo
Guabo
Guabo Playa
Guachalá
Guachalá
Guachalá
Guachalan
Guachanamá
Guachapala
Guachapelí
Guachapelí
Guachi
Guachum
Guacinga
Guacualsan
Guadal
Guadalupe
Guadalupe
Guadalupe
Guadalupe
Guadalupe
Guadual Grande
Guadual
Guadual
Guadual
Guagrahuasi
Guagra Plaza
Guagrín
Guagua Corral
Guaguaime
Guagualpamba
Guaguarshuma
Guagua Tarqui
Guaguayme Alto
Guaguayme Bajo
Guaillabamba
Guaillabamba
Guairapata
Guaitacama
Guaitacamito
Guajabamba
Guajala
Guajara
Guajibamba
Gualaceo
Gualalaico
Gualaquí
Gualaquiza
Gualatán
Gualaya
Gualayo
Gualchán
Gualdeleg
Gualdel
Gualea
Guale
Guale
Gualel
Gualel
Gualguro
Gualilagua Chica
Gualilagua de Donoso
Gualilagua de Uribe
Gualilagua
Gualimán
Gualiquiza
Guallabamba
Guallacay
Guallagro
Guallanshapa
Gualleturo
Guallupe
Guallupi
Gualovi
Gualzaquí
Guama
Guambaló
Guambeña
Guambeni
Guambi
Guambi
Guambusari
Guamote
Guanábana
Guanábana
Guanaje
Guanando
Guanazán
Guando
Guando
Guangaje
Guangala
Guangalo
Guangana
Guangancho
Guangopolo
Guanguarcucho
Guanguilquí
Guanilín de Hidalgo
Guanilín de Jácome
Guanilín de León
Guanilín de Quintana
Guanilín de Vásconez
Guanilín de Zambrano
Guanilín
Guano
Guanquicha Borja
Guanquicha Lomas
Guantucjaló
Guantugloma
Guantugsumo
Guantu
Guantuhalo
Guanujo
Guapageo
Guapa
Guapán
Guapara
Guápulo
Guarahuín
Guarainac
Guarainag
Guaranda
Guaranglias
Guarango
Guarangos
Guaranguillo
Guarapo
Guararas
Guaraynag
Guarderas
Guarderraya
Guare
Guare
Guarinag
Guarumales
Guarumal
Guarumal
Guarumal
Guarumal
Guarumito
Guarumo
Guasaganda
Guasaya
Guas Guas
Guashuma
Guasiguaico
Guasimi
Guasimo
Guasinga
Guaslán Bajo
Guaslancuchu
Guasmal
Guasmo
Guasuntos
Guasurco
Guatagshun
Guatana
Guatara
Guavisay
Guayabal
Guayabal
Guayabo
Guayabo
Guayabo
Guayacán
Guayama
Guayan
Guayan
Guayaquil
Guayas
Guaybal
Guayllabamba
Guayquichuma
Guayrapungo
Guaytacama
Guayusa
Guayzimi
Guelemón
Güel
Guembí
Güiguán
Guilbud
Guillermo
Guillermo Ortega
Güimbi
Guiñandel
Guineo Grande
Güingopana
Guintur
Guintza
Guinzhun
Guishapa
Guishil
Guisme
Güitig Bajo
Guizhaguiña
Gulac
Gulag Chico
Gulag Grande
Gulag
Gulalag
Gulas
Gulianpucará
Gullán
Gulliancay
Gullián-Deleg
Gullo
Gum
Guncay
Gun Chico
Gun Grande
Gun
Gurgur
Gushagüiña
Guucacocha
Guzho
Habana
Habas
Habaspamba
Habaspamba
Habaspampa
Hacha
Hacha
Hacha
Hacienda Abril
Hacienda Achiral
Hacienda Agato
Hacienda Agualongo
Hacienda Agualonguito
Hacienda Aguamasa
Hacienda Aichapiche
Hacienda Aichapicho
Hacienda Ainche
Hacienda Ajigual
Hacienda Alabado
Hacienda Alagache
Hacienda Alambi
Hacienda Albán
Hacienda Alchipichí
Hacienda Alegría
Hacienda Algarrobera
Hacienda Algarrovera
Hacienda Alicia
Hacienda Alina
Hacienda Almendral
Hacienda Alobuela
Hacienda Alobuela
Hacienda Alor
Hacienda Alpamala de Toro
Hacienda Alpamala de Velasco
Hacienda Altamirano
Hacienda Alvares
Hacienda Alvares
Hacienda Alvarez
Hacienda Alvarez
Hacienda Amable María
Hacienda Amanta
Hacienda Amboasí
Hacienda Ambuela
Hacienda América
Hacienda Amulá
Hacienda Añaburo
Hacienda Anafo
Hacienda Anagumba
Hacienda Anchola
Hacienda Andahualo
Hacienda Ángela María Número Dos
Hacienda Angelina
Hacienda Angla
Hacienda Antonio
Hacienda Araujo
Hacienda Arcadia
Hacienda Ardanza
Hacienda Arenal
Hacienda Argelia
Hacienda Armenia
Hacienda Arteaga
Hacienda Asactús
Hacienda Aspur
Hacienda Astudillo
Hacienda Asunción
Hacienda Atahualpa
Hacienda Atalpamba
Hacienda Atápulo
Hacienda Atobuela
Hacienda Atocha
Hacienda Auquichico
Hacienda Auquigrande
Hacienda Aurora
Hacienda Avelina
Hacienda Ayahuaycu
Hacienda Ayalán
Hacienda Ayaurcu
Hacienda Aycallate
Hacienda Ayurcu de Peña
Hacienda Ayurcu
Hacienda Azaya
Hacienda Balbina
Hacienda Balcashi
Hacienda Balsapamba
Hacienda Balsayán
Hacienda Balvina
Hacienda Barba
Hacienda Barberis
Hacienda Barrancas
Hacienda Barriotieta
Hacienda Barrotieta
Hacienda Batán Grande
Hacienda Bella Esperanza
Hacienda Bella
Hacienda Bella María
Hacienda Bellavista
Hacienda Bella Vista
Hacienda Bellavista
Hacienda Bellavista
Hacienda Boca de Puca
Hacienda Bohío
Hacienda Bolaspamba
Hacienda Boliche
Hacienda Bolívar
Hacienda Bolivia
Hacienda Bramaderos
Hacienda Bretaña
Hacienda Buenaventura
Hacienda Buenaventura
Hacienda Buenavista
Hacienda Buenos Aires
Hacienda Burras
Hacienda Burros
Hacienda Caballo Potrero
Hacienda Cabuyal
Hacienda Cáceres
Hacienda Cachicorral
Hacienda Cachipamba
Hacienda Cachipambi
Hacienda Cacho de Hospital
Hacienda Cachuquí Alarcón
Hacienda Cachuquí Moncayo
Hacienda Cachuquí Velasco
Hacienda Caicedo
Hacienda Cajas
Hacienda Caldera
Hacienda Calera
Hacienda Calhua
Hacienda Callo Mancheno
Hacienda Calzado
Hacienda Cananvalle
Hacienda Cananvalle
Hacienda Cancan
Hacienda Canchagua
Hacienda Candelaria
Hacienda Cangonamá Chico
Hacienda Capelo
Hacienda Capricho
Hacienda Capulí
Hacienda Capulí
Hacienda Carapale
Hacienda Carbón
Hacienda Carcelén
Hacienda Carmelo
Hacienda Carmen
Hacienda Carolina
Hacienda Carolina
Hacienda Cárpatos
Hacienda Carpuela
Hacienda Carrera
Hacienda Carretas
Hacienda Carrillo
Hacienda Carriona
Hacienda Carrión
Hacienda Carrizal
Hacienda Cartagena
Hacienda Casahuaycu
Hacienda Casanga
Hacienda Casa Redonda
Hacienda Casateja
Hacienda Casha
Hacienda Cashapamba
Hacienda Casiganda
Hacienda Caspigasi
Hacienda Caspiguasi
Hacienda Catahuango
Hacienda Catahunga
Hacienda Catarama
Hacienda Cataviña
Hacienda Cayagal
Hacienda Cebadas
Hacienda Ceibillo
Hacienda Celestina
Hacienda Centeno
Hacienda Ceuceda
Hacienda Cevallos
Hacienda Chabayan
Hacienda Chacayucu
Hacienda Chachabán
Hacienda Chahuar
Hacienda Chahuarpungo
Hacienda Chahuarpungu
Hacienda Chalanga
Hacienda Chalua
Hacienda Chamanal
Hacienda Chambapamgo
Hacienda Chambapongo
Hacienda Chambellán
Hacienda Chanchaló
Hacienda Changalá
Hacienda Chanin
Hacienda Chantag
Hacienda Chaquibamba
Hacienda Charla
Hacienda Chasinata
Hacienda Chaupi Guaranguí
Hacienda Chaupi
Hacienda Chaupi
Hacienda Chaupi
Hacienda Chayasapa
Hacienda Checa
Hacienda Chibiga
Hacienda Chibunga
Hacienda Chichaca
Hacienda Chichavo
Hacienda Chiche Obraje
Hacienda Chiche Tobar
Hacienda Chiche Viteri
Hacienda Chichipata
Hacienda Chigti
Hacienda Chihuarán
Hacienda Chilcapamba
Hacienda Chilipala
Hacienda Chillo
Hacienda Chillo Ordóñez
Hacienda Chiltazón
Hacienda Chimburlo
Hacienda Chinangachí
Hacienda Chinchaca
Hacienda Chinchiví
Hacienda Chiñolo
Hacienda Chipuloma
Hacienda Chiriacu
Hacienda Chirinche de Maldonado
Hacienda Chirinche de Páez
Hacienda Chisinche
Hacienda Chisulchi
Hacienda Chitahuaicu
Hacienda Chituhuaicu
Hacienda Chizaló
Hacienda Chochal
Hacienda Chongoncite
Hacienda Chorlavicito
Hacienda Chorlaví
Hacienda Chota Chiquita
Hacienda Choyata
Hacienda Chuguillín
Hacienda Chuguín Chico
Hacienda Chuinda
Hacienda Chulamuez
Hacienda Chulanues
Hacienda Chulunhuasi
Hacienda Chumbán de Mantilla
Hacienda Chumbán Mantilla
Hacienda Chunasana
Hacienda Chúquer
Hacienda Chural
Hacienda Churuloma
Hacienda Cilinhua Chico
Hacienda Claudina
Hacienda Clemencia
Hacienda Clementina
Hacienda Cobuendo
Hacienda Cochapamba
Hacienda Cochasquí
Hacienda Cochicaranqui
Hacienda Cofradía
Hacienda Colache
Hacienda Colaiza
Hacienda Colaya Grande
Hacienda Colaya
Hacienda Colegio
Hacienda Colegio
Hacienda Colimbuela
Hacienda Collaquí
Hacienda Collas
Hacienda Collas Russo
Hacienda Colombia
Hacienda Colón
Hacienda Colta
Hacienda Compañía Chica
Hacienda Coñaquí
Hacienda Concepción
Hacienda Conde
Hacienda Condorpamba
Hacienda Conduryacu
Hacienda Conejeros
Hacienda Conferencia
Hacienda Conibura
Hacienda Conquer
Hacienda Conraquí
Hacienda Conrrogal
Hacienda Constancia
Hacienda Contrayerba
Hacienda Contrayerbas
Hacienda Corazón
Hacienda Cornejo de Ish
Hacienda Cornejo
Hacienda Cornelio Malo
Hacienda Corral
Hacienda Corral Huayco
Hacienda Correa
Hacienda Cosmorama
Hacienda Cotama
Hacienda Cotocchoa
Hacienda Cotogchoa
Hacienda Coyagal
Hacienda Coyoctor
Hacienda Cristal
Hacienda Cristal
Hacienda Cristina
Hacienda Cruz Blanca
Hacienda Cruz
Hacienda Cuadra
Hacienda Cuardele
Hacienda Cuatis Acosta
Hacienda Cuatis Cevallos
Hacienda Cuatis de Acosta
Hacienda Cuatis de Cevallos
Hacienda Cuatis Grande
Hacienda Cuatis
Hacienda Cuchitingue
Hacienda Cuchudel
Hacienda Cucupuro
Hacienda Cuenca Urcu
Hacienda Cuendina
Hacienda Cuicocha
Hacienda Culebrillas
Hacienda Cumbijín
Hacienda Cunchibamba de Chiriboga
Hacienda Cunchibamba
Hacienda Cunquer
Hacienda Cunucyacu
Hacienda Curipungu
Hacienda Curiquingue
Hacienda Cusubamba
Hacienda Cusubamba
Hacienda Cusubambito
Hacienda Cutuní Grande
Hacienda Cutzatagua
Hacienda Cuvintzi
Hacienda Dean
Hacienda de Jáuregui
Hacienda Delicia
Hacienda de Rivas
Hacienda de Rosa Barona
Hacienda Desvío
Hacienda de Tinajero
Hacienda Digna
Hacienda Digshi
Hacienda Dudas
Hacienda Dugdug
Hacienda Durán
Hacienda Durán
Hacienda Egas
Hacienda El Arenal
Hacienda El Batán
Hacienda El Beaterio
Hacienda El Belén
Hacienda El Belén
Hacienda El Café
Hacienda El Carco
Hacienda El Carmelo
Hacienda El Carmen
Hacienda El Carmen
Hacienda El Carmen
Hacienda El Carmen
Hacienda El Carmen
Hacienda El Carmen
Hacienda El Carrizal
Hacienda El Cebollar
Hacienda El Charco
Hacienda El Chaupi
Hacienda El Chicho
Hacienda El Chocar
Hacienda El Chocuano
Hacienda El Colegio
Hacienda El Colegio
Hacienda El Condado
Hacienda El Conde
Hacienda El Conde
Hacienda El Consuelo
Hacienda El Corazón
Hacienda El Corazón
Hacienda El Corral
Hacienda El Cucho
Hacienda El Galpón
Hacienda El Guasmo
Hacienda El Habra
Hacienda El Haro
Hacienda El Hato
Hacienda El Hato
Hacienda El Hospital
Hacienda El Huásimo
Hacienda El Huique
Hacienda El Inga
Hacienda El Ingenio
Hacienda El Ingenio
Hacienda Elisal
Hacienda El Jordán
Hacienda El Laurel
Hacienda El Limón
Hacienda El Llano
Hacienda El Marqués
Hacienda El Milagro
Hacienda El Mirador
Hacienda El Molino
Hacienda El Molino
Hacienda El Obraje
Hacienda El Obraje
Hacienda El Orbe
Hacienda El Ovalo
Hacienda El Paso
Hacienda El Pino
Hacienda El Placer
Hacienda El Pongo
Hacienda El Pongo
Hacienda El Porvenir
Hacienda El Prado
Hacienda El Proveedor
Hacienda El Puente
Hacienda El Puente
Hacienda El Pugro
Hacienda El Pugru
Hacienda El Recreo
Hacienda El Recreo
Hacienda El Recreo
Hacienda El Recuerdo
Hacienda El Rosal
Hacienda El Rosario
Hacienda El Rosario
Hacienda El Rosario
Hacienda El Rosario
Hacienda El Rosario
Hacienda El Rosario
Hacienda El Rosario
Hacienda El Salado
Hacienda El Sauce
Hacienda El Sauce
Hacienda El Tablón
Hacienda El Tambo
Hacienda El Tambo
Hacienda El Tejar
Hacienda El Tejar
Hacienda El Tesoro
Hacienda El Triunfo
Hacienda El Troje
Hacienda El Troje
Hacienda El Troje
Hacienda El Tuno
Hacienda El Turu
Hacienda El Vergel
Hacienda Elvia
Hacienda El Vínculo
Hacienda El Zapote
Hacienda Enriqueta
Hacienda Escudero
Hacienda Escudero
Hacienda Esmeralda
Hacienda Esmeralda
Hacienda Esmeraldita
Hacienda Esperanza
Hacienda Esperanza
Hacienda Estela
Hacienda Estela
Hacienda Estupiñán
Hacienda Fajardo
Hacienda Farsalia
Hacienda Felicidad
Hacienda Felton
Hacienda Florencia
Hacienda Florencia
Hacienda Florida
Hacienda Florida
Hacienda Florida
Hacienda Florida
Hacienda Gallata
Hacienda Galpón Chiquito
Hacienda Galpón
Hacienda Galpón
Hacienda Ganshi
Hacienda Garbanzal
Hacienda Gatazo
Hacienda Génova
Hacienda Ger
Hacienda Gerinoma
Hacienda German
Hacienda Gigales
Hacienda Gloria
Hacienda Gonzabal
Hacienda Gonzabel
Hacienda Gramalote
Hacienda Granada
Hacienda Granadilla
Hacienda Granobles
Hacienda Guachalá
Hacienda Guachalá
Hacienda Guadalupe
Hacienda Guadalupe
Hacienda Guaitacama
Hacienda Guaitacamito
Hacienda Gualaquí
Hacienda Gualdel
Hacienda Gualel
Hacienda Gualguro
Hacienda Gualilagua Chica
Hacienda Gualilagua de Donoso
Hacienda Gualilagua de Uribe
Hacienda Guallanshapa
Hacienda Gualovi
Hacienda Gualzaquí
Hacienda Guambi
Hacienda Guanábana
Hacienda Guananguicho de Borja
Hacienda Guananguicho de Lomas
Hacienda Guangaje
Hacienda Guanguilquí
Hacienda Guanilín de Hidalgo
Hacienda Guanilín de Jácome
Hacienda Guanilín de León
Hacienda Guanilín de Quintana
Hacienda Guanilín de Vásconez
Hacienda Guanilín de Zambrano
Hacienda Guanilín
Hacienda Guanquicha Borja
Hacienda Guanquicha Lomas
Hacienda Guantugloma
Hacienda Guantu
Hacienda Guarapo
Hacienda Guarumal
Hacienda Guarumito
Hacienda Guasaya
Hacienda Guaslán Bajo
Hacienda Guaslancuchu
Hacienda Guatara
Hacienda Guayama
Hacienda Guayas
Hacienda Güiguán
Hacienda Guintza
Hacienda Güitig Bajo
Hacienda Gulchan
Hacienda Gullán
Hacienda Gullo
Hacienda Hacha
Hacienda Hato
Hacienda Herrería
Hacienda Hidalgo
Hacienda Hoja Blanca
Hacienda Holguín
Hacienda Hornillos
Hacienda Hornillos
Hacienda Hortencia María
Hacienda Hospital
Hacienda Hospital
Hacienda Hospitalillo
Hacienda Huacas
Hacienda Huachi de Bucheli
Hacienda Huachi de Cobo
Hacienda Huagrahuasi Chico
Hacienda Huagrahuasi
Hacienda Huañubuela
Hacienda Huanuchi
Hacienda Huarapo
Hacienda Huaraquí Chiquito
Hacienda Huaraquí Grande
Hacienda Huarcay
Hacienda Huaycu
Hacienda Huayquichuma
Hacienda Huayrapungo
Hacienda Huertas
Hacienda Ibarra
Hacienda Igualala
Hacienda Iguiñaro
Hacienda Ihspingo
Hacienda Ilimpucho
Hacienda Ilinpoa
Hacienda Ilitío de Maldonado
Hacienda Ilitío de Plaza
Hacienda Illuchi
Hacienda Iltaquí Chico
Hacienda Iltaquí
Hacienda Imbabuela
Hacienda Inapí
Hacienda Inchapo
Hacienda Indujel
Hacienda Inés
Hacienda Ingapirca
Hacienda Ingenio
Hacienda Ingos
Hacienda Ingueza
Hacienda Inviola
Hacienda Irubí
Hacienda Irumina
Hacienda Iruminita
Hacienda Isabel
Hacienda Isacata
Hacienda Isavieja
Hacienda Ishicto
Hacienda Ishpingo
Hacienda Ishubamba
Hacienda Isigcho
Hacienda Isinche de Otañez
Hacienda Isinche de Peñaherrera
Hacienda Isinche de Tovar
Hacienda Isinche
Hacienda Italia
Hacienda Itulcachi
Hacienda Izurieta
Hacienda Jabonera
Hacienda Jachahuango
Hacienda Jaguito
Hacienda Jarrín
Hacienda Javiera
Hacienda Jerusalém
Hacienda Jerusalén
Hacienda Jesús Teresa
Hacienda Jordán
Hacienda Josefina
Hacienda Josefina
Hacienda Josehuango
Hacienda Juan Grande
Hacienda Jubones
Hacienda Juigua
Hacienda Junín
Hacienda La Aguada
Hacienda La Alegría
Hacienda La Banda
Hacienda La Barba
Hacienda La Boyería
Hacienda La Bretaña
Hacienda La Británica
Hacienda La Calera
Hacienda La Calera
Hacienda La Calera
Hacienda La Calerita
Hacienda La Campiña
Hacienda La Castellana
Hacienda Lacay
Hacienda La Chiral
Hacienda La Ciénega
Hacienda La Cocha
Hacienda La Cofradía
Hacienda La Compañía
Hacienda La Compañía
Hacienda La Compañía
Hacienda La Concepción
Hacienda La Concepción
Hacienda La Confianza
Hacienda La Cría
Hacienda La Cría
Hacienda La Cruz
Hacienda La Cruz
Hacienda La Cuadra
Hacienda La Delicia
Hacienda La Delicia
Hacienda La Delicia
Hacienda La Delicia
Hacienda La Elcira
Hacienda La Elena
Hacienda La Esmeralda
Hacienda La Esperanza
Hacienda La Esperanza
Hacienda La Estancia
Hacienda La Florida
Hacienda La Florida
Hacienda La Florida
Hacienda La Florida
Hacienda La Florida
Hacienda La Gloria
Hacienda La Granja
Hacienda La Granja
Hacienda La Granja
Hacienda La Hamaca
Hacienda La Huaqui
Hacienda Laigua de Estupiñán
Hacienda Laigua del Colegio
Hacienda Laigua de Maldonado
Hacienda Laigua de Rivadeneira
Hacienda Laiques
Hacienda La Isabel
Hacienda La Isla
Hacienda La Italia
Hacienda La Josefina
Hacienda La Joya
Hacienda La Joya
Hacienda La Joya
Hacienda La Joya Vieja
Hacienda La Laguna
Hacienda Lalamor
Hacienda La Letra
Hacienda La Libertad
Hacienda La Libertad
Hacienda La Lola
Hacienda La Loma
Hacienda La Loma
Hacienda La Maravilla
Hacienda La María
Hacienda La María
Hacienda La Marina
Hacienda La Matilde
Hacienda La Merced
Hacienda La Merced
Hacienda La Merced
Hacienda La Merced
Hacienda La Merced
Hacienda La Moya
Hacienda Landázuri
Hacienda Langunche
Hacienda La Olimpia
Hacienda La Palestina
Hacienda La Palma
Hacienda La Palma
Hacienda La Paz
Hacienda La Perla
Hacienda La Playa
Hacienda La Portada
Hacienda La Posta
Hacienda La Pradera
Hacienda La Primavera
Hacienda La Providencia
Hacienda La Provincia de Egas
Hacienda La Provincia
Hacienda La Quesera
Hacienda La Quinta
Hacienda La Ramada
Hacienda Larama
Hacienda La Ranchería
Hacienda La Recoletilla
Hacienda La Rinconada
Hacienda La Rinconadita
Hacienda La Rioja
Hacienda La Saboya
Hacienda Las Abras
Hacienda Las Acacias
Hacienda Las Américas
Hacienda Las Mercedes
Hacienda La Soledad
Hacienda Las Peñas
Hacienda Las Pilas
Hacienda La Teresa
Hacienda La Tola
Hacienda La Unión
Hacienda La Unión
Hacienda Laurel
Hacienda Laurita
Hacienda Laurita
Hacienda La Victoria
Hacienda La Victoria
Hacienda La Victoria
Hacienda La Victoria
Hacienda La Victoria
Hacienda La Victoria
Hacienda La Victoria
Hacienda La Victoria
Hacienda La Victoria
Hacienda La Viña
Hacienda La Viñas
Hacienda La Violeta
Hacienda La Violeta
Hacienda Lazareto
Hacienda Lechuga
Hacienda Leito
Hacienda León
Hacienda Leonidas Moscoso
Hacienda Leticia
Hacienda Libertad
Hacienda Libertad
Hacienda Lilán
Hacienda Limachig
Hacienda Limones
Hacienda Limón
Hacienda Limón
Hacienda Limón
Hacienda Limón Vega
Hacienda Llacay Bajo
Hacienda Llamacón
Hacienda Llaucay
Hacienda Lligo
Hacienda Llio
Hacienda Llumaguango
Hacienda Locura
Hacienda Lolita
Hacienda Loma Blanca
Hacienda Lonta
Hacienda López
Hacienda Los Álamos
Hacienda Los Cantares
Hacienda Los Potreros Bajos
Hacienda Lourdes
Hacienda Lourdes
Hacienda Lucía
Hacienda Lulunquí
Hacienda Lulunquí Madera
Hacienda Luzún Chico
Hacienda Macaji
Hacienda Macandamine
Hacienda Macas Chiquito
Hacienda Macas de Cruz
Hacienda Macas de Pazmiño
Hacienda Magdalena
Hacienda Magdalena
Hacienda Magdalena
Hacienda Magota
Hacienda Magro
Hacienda Maiañon
Hacienda Malinda
Hacienda Malo
Hacienda Manatial
Hacienda Mancheno
Hacienda Manga Rivera
Hacienda Mangaurco
Hacienda Manuales
Hacienda Manuel Quintana
Hacienda Manzanapamba
Hacienda Manzano Guaranguí
Hacienda María
Hacienda María Mercedes
Hacienda María Teresa
Hacienda Mariscal
Hacienda Marquesa
Hacienda Masaca
Hacienda Mascarilla
Hacienda Mata Redonda
Hacienda Matilde
Hacienda Matilde
Hacienda Medrano
Hacienda Mena
Hacienda Mera
Hacienda Mercedes
Hacienda Mercedes
Hacienda Merced
Hacienda Merced
Hacienda Merchán
Hacienda Merizalde
Hacienda Merizalte
Hacienda Micha
Hacienda Mier
Hacienda Milagro
Hacienda Milagro
Hacienda Milán
Hacienda Mindaburlo
Hacienda Miraflores Alto
Hacienda Miraflores Bajo
Hacienda Miraflores
Hacienda Miraflores
Hacienda Miraflores
Hacienda Mira
Hacienda Miranda
Hacienda Miravalle
Hacienda Miravalle
Hacienda Mishquillí
Hacienda Mojanda
Hacienda Mojos
Hacienda Molle
Hacienda Moloboc
Hacienda Monjas Colta
Hacienda Monjas
Hacienda Monjas
Hacienda Monjas
Hacienda Monjas
Hacienda Monjas
Hacienda Monjas Tungurahuilla
Hacienda Monteserín
Hacienda Montesinos
Hacienda Montúfar
Hacienda Moravia
Hacienda Moreno
Hacienda Moreta
Hacienda Moscoso
Hacienda Mulaló
Hacienda Mulinlibi
Hacienda Mundo Nuevo
Hacienda Muñoz
Hacienda Muñoz
Hacienda Muyurcu
Hacienda Nagsiche
Hacienda Napa
Hacienda Nápoles
Hacienda Naranjal
Hacienda Naranjo
Hacienda Naranjo
Hacienda Naranjos
Hacienda Naranjos
Hacienda Nilo
Hacienda Nintanga Alto
Hacienda Nintanga Bajo
Hacienda Nintanga Vásconez
Hacienda Nispud
Hacienda Noelanda
Hacienda Norton
Hacienda Nudpud
Hacienda Nueva Fortuna
Hacienda Nueva Susana
Hacienda Ocampo
Hacienda Olalla
Hacienda Ontaneda
Hacienda Ontañón
Hacienda Opaluca
Hacienda Opote
Hacienda Orbe
Hacienda Orta
Hacienda Ortega
Hacienda Ortencia
Hacienda Ortuño
Hacienda Osorio
Hacienda Otón
Hacienda Ovalo
Hacienda Ovejería
Hacienda Oyambaro
Hacienda Pablo Olivares
Hacienda Pacay
Hacienda Paccha
Hacienda Pachano
Hacienda Pachusala
Hacienda Paciencia
Hacienda Palalín
Hacienda Palama
Hacienda Palermo
Hacienda Palin
Hacienda Pallacocha
Hacienda Pallatanga
Hacienda Pallo
Hacienda Palmira
Hacienda Paloquin
Hacienda Paluga
Hacienda Palugo
Hacienda Paluguillo
Hacienda Pambamarca
Hacienda Panguigua
Hacienda Pansaleo
Hacienda Pantaño
Hacienda Pantús
Hacienda Papatena
Hacienda Paquita
Hacienda Paramba
Hacienda Pasochoa
Hacienda Paso
Hacienda Pastaví
Hacienda Pasuchoa
Hacienda Patichubamba
Hacienda Patuco
Hacienda Patulata
Hacienda Payo
Hacienda Pechiche
Hacienda Pelileo
Hacienda Pensilvania
Hacienda Peribuela
Hacienda Perineo
Hacienda Perugachi
Hacienda Pesantes
Hacienda Pesillo
Hacienda Piaba
Hacienda Piango
Hacienda Picalquí
Hacienda Pichanillas
Hacienda Pichaví
Hacienda Pichil
Hacienda Pichincha
Hacienda Pienafaro
Hacienda Piganta
Hacienda Pigunchuela
Hacienda Pilapuchin
Hacienda Pimán Chico
Hacienda Pimán
Hacienda Pinandro
Hacienda Pinantura
Hacienda Pinguilla
Hacienda Pinllocoto
Hacienda Pinsaquí
Hacienda Pintado
Hacienda Pinto
Hacienda Piojón
Hacienda Pirca
Hacienda Pirca Vieja
Hacienda Pisabo
Hacienda Pisangacho
Hacienda Pisán
Hacienda Pishinameca
Hacienda Pisingachi
Hacienda Pisque
Hacienda Pisulí
Hacienda Pital
Hacienda Pitula
Hacienda Placer
Hacienda Platanillo
Hacienda Poalopos
Hacienda Poetala
Hacienda Poglio
Hacienda Pólit
Hacienda Pompeya
Hacienda Pondoa
Hacienda Portete
Hacienda Porvenir
Hacienda Porvenir
Hacienda Potrerillo
Hacienda Potrerillos
Hacienda Pradera
Hacienda Primavera
Hacienda Providencia
Hacienda Provincia
Hacienda Puca Corral
Hacienda Pucalpa
Hacienda Pucará
Hacienda Pucará
Hacienda Pucate
Hacienda Puchalitola
Hacienda Pucholito
Hacienda Puchués
Hacienda Puchuez
Hacienda Puchulitola
Hacienda Puculpala
Hacienda Pueblo Viejo
Hacienda Puelazo
Hacienda Puente Limón
Hacienda Puente Tierra
Hacienda Puetata
Hacienda Pugacho
Hacienda Pugarán
Hacienda Pugru
Hacienda Puichig
Hacienda Pullincate
Hacienda Pullincote
Hacienda Pungal Bajo
Hacienda Puntales
Hacienda Punyatsil
Hacienda Puruanta
Hacienda Puruving
Hacienda Pusuchisí
Hacienda Pusuquí Chico
Hacienda Pusuquí Grande
Hacienda Putzalahua
Hacienda Puyaburo
Hacienda Puyunuma
Hacienda Querubín
Hacienda Quillán de Bucheli
Hacienda Quillán de Monsalve
Hacienda Quillán de Noriega
Hacienda Quillán
Hacienda Quillusillín
Hacienda Quimbana
Hacienda Quinchucajas
Hacienda Quinchuquí
Hacienda Quiñonez
Hacienda Quisinche
Hacienda Quitumbe
Hacienda Quitumbita
Hacienda Rafael Guaico
Hacienda Ramírez
Hacienda Ramosguaico
Hacienda Ramos
Hacienda Rancho
Hacienda Rayocucho
Hacienda Rayocuchu
Hacienda Razuyacu
Hacienda Recreo
Hacienda Recreo
Hacienda Redín
Hacienda Relicario
Hacienda Relojero
Hacienda Remigio Crespo
Hacienda Rinconada
Hacienda Río Blanco
Hacienda Río Blanco
Hacienda Río Blanco
Hacienda Ríofrío
Hacienda Rocafuerte
Hacienda Rocón
Hacienda Rojas
Hacienda Romerillos
Hacienda Romero
Hacienda Romeros
Hacienda Rosalía
Hacienda Rosario de Pilshum
Hacienda Rosario
Hacienda Rosario
Hacienda Rosaschupa
Hacienda Rosaspamba
Hacienda Rubianes
Hacienda Rumicuchu
Hacienda Rumihuaicu
Hacienda Rumipamba de la Universidad
Hacienda Rumipamba del Colegio
Hacienda Rumipamba
Hacienda Rumipamba
Hacienda Rumipungu
Hacienda Rumiquincha
Hacienda Rupashca
Hacienda Sabaloma
Hacienda Sacapiamba
Hacienda Safando
Hacienda Salachi Chico
Hacienda Salamala
Hacienda Salamina
Hacienda Salanala
Hacienda Salazar
Hacienda Salgado
Hacienda Salgado
Hacienda Salvador
Hacienda Salviapamba
Hacienda Samanga Chico
Hacienda Samanga de Sevilla
Hacienda San Agustín de Callo
Hacienda San Agustín
Hacienda San Agustín
Hacienda San Alfonso
Hacienda San Alfonso
Hacienda San Antonio
Hacienda San Antonio
Hacienda San Antonio
Hacienda San Antonio
Hacienda San Antonio
Hacienda San Antonio
Hacienda San Antonio
Hacienda San Antonio
Hacienda San Bartolo
Hacienda San Bartolo
Hacienda San Carlos
Hacienda San Carlos
Hacienda San Carlos
Hacienda San Carlos
Hacienda San Clemente
Hacienda San Cristóbal
Hacienda Sandial
Hacienda Sandoval
Hacienda San Elías
Hacienda San Elías
Hacienda San Eloy
Hacienda San Enrique
Hacienda San Enrique
Hacienda San Felipe
Hacienda San Félix
Hacienda San Fernando
Hacienda San Francisco
Hacienda San Francisco
Hacienda San Francisco
Hacienda San Francisco
Hacienda San Francisco
Hacienda San Francisco
Hacienda San Francisco
Hacienda San Francisco Olaes
Hacienda San Gabriel
Hacienda San Gabriel
Hacienda San Gabriel
Hacienda San Germán
Hacienda San Gerónimo
Hacienda San Gregorio
Hacienda San Guillermo
Hacienda San Guillermo
Hacienda San Ignacio
Hacienda San Ignacio
Hacienda San Isidro de Tusapo
Hacienda San Isidro
Hacienda San Isidro
Hacienda San Isidro
Hacienda San Javier
Hacienda San Javier
Hacienda San Javier
Hacienda San Javier
Hacienda San Javier
Hacienda San Jerónimo
Hacienda San Joaquín
Hacienda San Joaquín
Hacienda San Joaquín
Hacienda San Jorge
Hacienda San Jorge
Hacienda San José Alto
Hacienda San José Bajo
Hacienda San José de Cobuendo
Hacienda San José de Olaes
Hacienda San José Grande
Hacienda San José
Hacienda San José
Hacienda San José
Hacienda San José
Hacienda San José
Hacienda San José
Hacienda San José
Hacienda San José
Hacienda San José
Hacienda San Juan Chico
Hacienda San Juan de Tablas
Hacienda San Juan
Hacienda San Juan
Hacienda San Juan
Hacienda San Juan
Hacienda San Juanito
Hacienda San Juano
Hacienda San León
Hacienda San Lorenzo
Hacienda San Luis
Hacienda San Luis
Hacienda San Luis
Hacienda San Luis
Hacienda San Luis
Hacienda San Martín de Loza
Hacienda San Martín de Villota
Hacienda San Martín
Hacienda San Miguel
Hacienda San Miguel
Hacienda San Miguel
Hacienda San Miguel
Hacienda San Miguel
Hacienda San Miguelito
Hacienda San Nicolás
Hacienda San Nicolás
Hacienda San Nicolás
Hacienda San Pablo
Hacienda San Pablo
Hacienda San Pablo
Hacienda San Pablo
Hacienda San Pedro
Hacienda San Pedro
Hacienda San Pedro
Hacienda San Pedro
Hacienda San Pedro Urauco
Hacienda San Rafael
Hacienda San Rafael
Hacienda San Rafael
Hacienda San Rafael
Hacienda San Rafael
Hacienda San Ramón
Hacienda San Ricardo
Hacienda San Roque
Hacienda San Roque
Hacienda San Salvador
Hacienda San Sebastián
Hacienda San Sebastián
Hacienda San Sebastián
Hacienda Santa Ana
Hacienda Santa Ana
Hacienda Santa Ana
Hacienda Santa Bárbara
Hacienda Santa Bárbara
Hacienda Santa Bárbara
Hacienda Santa Bárbara
Hacienda Santa Catalina
Hacienda Santa Cecilia
Hacienda Santa Clara
Hacienda Santa Clara
Hacienda Santa Elena
Hacienda Santa Elena
Hacienda Santa Gertrudis
Hacienda Santa Inés
Hacienda Santa Inés
Hacienda Santa Irene
Hacienda Santa Isabel
Hacienda Santa Isabel
Hacienda Santa Isabel
Hacienda Santa Isabel
Hacienda Santa Laurita
Hacienda Santa Lucía
Hacienda Santa Lucila
Hacienda Santa Lucrecia
Hacienda Santa Luisa
Hacienda Santa Luz
Hacienda Santa María
Hacienda Santa María
Hacienda Santa María
Hacienda Santa Marta
Hacienda Santa Rita
Hacienda Santa Rita
Hacienda Santa Rita
Hacienda Santa Rita
Hacienda Santa Rita
Hacienda Santa Rosa Grande
Hacienda Santa Rosa
Hacienda Santa Rosa
Hacienda Santa Rosa
Hacienda Santa Rosa
Hacienda Santa Rosa
Hacienda Santa Rosa
Hacienda Santa Teresa
Hacienda Santa Teresita
Hacienda Santay
Hacienda Santiago del Rey
Hacienda Santiago de Monjas
Hacienda Santiago
Hacienda Santo Domingo
Hacienda Santo Domingo
Hacienda Santo Domingo
Hacienda San Vicente
Hacienda San Vicente
Hacienda San Vicente
Hacienda San Vicente
Hacienda San Víctor
Hacienda Saquimala
Hacienda Saquitusa
Hacienda Saraloma
Hacienda Sarayunga
Hacienda Sarces
Hacienda Sauce
Hacienda Saucer
Hacienda Semeria
Hacienda Senegal
Hacienda Señora Carrión
Hacienda Señor Calderón
Hacienda Señor Crespo
Hacienda Señor Farfán
Hacienda Señor Moreno
Hacienda Señor Terreros
Hacienda Señor Vélez
Hacienda Sentencia
Hacienda Shamanga
Hacienda Shiña
Hacienda Shinquir
Hacienda Shugal
Hacienda Shuna
Hacienda Shurapamba
Hacienda Shuyucuchu
Hacienda Sicsal
Hacienda Sigiro
Hacienda Sigsicunga
Hacienda Sigsipamba
Hacienda Sigsipamba
Hacienda Silante
Hacienda Sillunchi Chico
Hacienda Sillunchi Grande
Hacienda Singuna
Hacienda Siria
Hacienda Sirimbe
Hacienda Sitio Nuevo
Hacienda Socorro
Hacienda Solanda
Hacienda Soldados
Hacienda Soledad
Hacienda Solupale Chico
Hacienda Solupale Grande
Hacienda Suna
Hacienda Sunidel
Hacienda Supaypungo
Hacienda Surucucho
Hacienda Suruma
Hacienda Susudel
Hacienda Tababela
Hacienda Tababuela
Hacienda Tablacao
Hacienda Tabloncillo
Hacienda Tablón Grande
Hacienda Tablón
Hacienda Tacinteo
Hacienda Tahuin
Hacienda Tajamar
Hacienda Talahua
Hacienda Talchigacho
Hacienda Taltún
Hacienda Tamarindo
Hacienda Tamaute
Hacienda Tambillo Alto
Hacienda Tambillo Bajo
Hacienda Tanda
Hacienda Tanyalpud
Hacienda Tanyolpud
Hacienda Taparuca
Hacienda Tapia
Hacienda Tapialpamba
Hacienda Tapiapamba
Hacienda Tapi
Hacienda Targuarcocha
Hacienda Tarqui
Hacienda Tasourco
Hacienda Taura
Hacienda Taxourcu
Hacienda Tebaida
Hacienda Tejar
Hacienda Tena Grande
Hacienda Teodora
Hacienda Terán
Hacienda Tesalia
Hacienda Tigua
Hacienda Tilicuchu Grande
Hacienda Tilicuchu
Hacienda Tilimbuela
Hacienda Tilincucho
Hacienda Tilincuchu Grande
Hacienda Tilipulito
Hacienda Tilipulo
Hacienda Tingo
Hacienda Tinoco
Hacienda Tiobamba
Hacienda Titaicún
Hacienda Tolagasí
Hacienda Tolontag
Hacienda Tomalón Grande
Hacienda Tondoa
Hacienda Topo
Hacienda Totoracocha
Hacienda Toutapí
Hacienda Trapichillo
Hacienda Trigopamba
Hacienda Trozana
Hacienda Tucusahua
Hacienda Tunga
Hacienda Tunshi Chico
Hacienda Tunshi Grande
Hacienda Tunshi
Hacienda Tupigachí
Hacienda Turchi
Hacienda Turín
Hacienda Turubamba Alto
Hacienda Turubamba Bajo
Hacienda Turubamba
Hacienda Tutupala
Hacienda Ubillús
Hacienda Uchucay
Hacienda Udusha
Hacienda Udushapa
Hacienda Uduzhapa
Hacienda Ugshacorral
Hacienda Unagua
Hacienda Unamuncho
Hacienda Urapamba
Hacienda Uravía
Hacienda Urcuhacienda
Hacienda Usaime
Hacienda Ushpud
Hacienda Uyachuli
Hacienda Uyurib de Peña
Hacienda Vainilla
Hacienda Valencia
Hacienda Valle Hermoso
Hacienda Valparaíso
Hacienda Vante
Hacienda Vásconez
Hacienda Vega
Hacienda Vega
Hacienda Veintimilla
Hacienda Veintimilla
Hacienda Vende Leche
Hacienda Venecia de Chimbo
Hacienda Venecia
Hacienda Vera Cruz
Hacienda Vera
Hacienda Verdecruz
Hacienda Verdillas
Hacienda Victoria
Hacienda Victoria
Hacienda Victoria
Hacienda Victoria
Hacienda Vieja
Hacienda Vieja
Hacienda Villacís
Hacienda Villacres
Hacienda Villaflores
Hacienda Villagomez
Hacienda Villanueva
Hacienda Virgen Corral
Hacienda Virgilia
Hacienda Yacucalle
Hacienda Yacupamba
Hacienda Yaguarcocha
Hacienda Yalaquer
Hacienda Yalquer
Hacienda Yamana
Hacienda Yambaca
Hacienda Yambaquí
Hacienda Yanashashe
Hacienda Yanaurcu Chiquito
Hacienda Yanaurcu Grande
Hacienda Yanaurquito
Hacienda Yanayacu
Hacienda Yanayacu
Hacienda Yanayacu
Hacienda Yaraco
Hacienda Yarco
Hacienda Yendola
Hacienda Yerovi
Hacienda Yolanda
Hacienda Yuncusí
Hacienda Yungiulla
Hacienda Yunguilla
Hacienda Yun-guilla
Hacienda Yunguillapamba
Hacienda Yunquillapamba
Hacienda Yurac
Hacienda Yuracrucito
Hacienda Yuracruz
Hacienda Zaguán
Hacienda Zaldumbide
Hacienda Zanzari
Hacienda Zapote
Hacienda Zapotepamba
Hacienda Zharzhan
Hacienda Zorrocucho
Hacienda Zuleta
Hacienda Zumbagua
Hato Viejo
Haya
Herodes
Herrería
Hidalgo
Higueroncito
Higuerones
Higuerón
Hijahual
Hilda
Himalaya
Hoja Blanca
Hoja Blanca
Holguín
Holguín
Honorato Vásquez
Honorato Vásquez
Honorato Vazquez
Horganos
Hornillas
Hornillos
Hornillos
Hortencia María
Hospital
Hospital
Hospitalillo
Huacachungana
Huaca
Huaca
Huacas
Huacas
Huachi Chico
Huachi de Bucheli
Huachi de Cobo
Huachi Grande
Huachi
Huagrahuasi Chico
Huagrahuasi
Huagrahuasi
Huagra Rancho
Huahuachincha
Huahualcay
Huairapata
Hualcumbo
Hualó
Hualtaco
Hualtaco Viejo
Huamanquí
Huambalito
Huambaló
Huambi
Huamboya
Huanguiloma
Huañubuela
Huanuchi
Huapante
Huaquillas
Huarainac
Huaraqui Grande
Huaraqui
Huarcay
Huaringa
Huarinja
Huasaga
Huasaga Nueve
Huashicta
Huasihuaico
Huasimal
Huásimo
Huasimpamba
Huasipamba
Huasipamba
Huatunuma
Huaycu
Huayquichuma
Huayuri
Huele
Huertas
Huertas
Huertas
Huertopamba
Huigra
Huigra
Huila
Huimbicito
Huino
Huintul
Huiririma
Huiroguaico
Huito
Huito Molino
Husaime
Husaimi
H. Vázquez
Ibarra
Ibarra
Iberia
Ichaina
Ichañac
Ichañag
Ichubamba
Ichubamba
Ignacio Flores
Igualala
Iguanas
Iguiñaro
Iguinda
Ila
Ila
Ilapo
Ilimpucho
Ilinpoa
Ilitío de Maldonado
Ilitío de Plaza
Illaguas
Illahuas
Illin
Illuchi
Iltaquí Chico
Iltaquí
Ilumán
Imantac
Imantag
Imbabuela
Imbaya
Imbayo
Inapi
Iñazari
Inca
Inchapo
Inchiyacu
Indanza
Independencia
Indeyama
Indillama
Indillana
Indiucho
Indujel
Industria
Inés
Infancia
Infante
Infiernillo
Infirnillo
Inga
Inga
Ingamuglio
Inganilla
Ingapirca
Ingapirca
Ingenio
Ingenio
Ingos
Ingramall
Ingueza
Ingüiza
Iniayu
Inliloma
Inmortal Simón Bolívar
Inviola
Irolonguito
Irubí
Irumina
Iruminita
Isabel Ana
Isabel
Isabel
Isabel María
Isacata
Isacu
Isaloma
Isamba
Isavieja
Ishpingo
Ishubamba
Isidro Ayora
Isigcho
Isinche de Otañez
Isinche de Peñaherrera
Isinche de Tovar
Isinche
Isinlibi
Isinliví
Isla de Bejucal
Isla de Guare
Isla de Moreno
Isla de Palo Largo
Italia
Itulcachi
Iyapamba
Izamba
Izq
Izurieta
Jabasloma
Jabaspata
Jabilla
Jabín
Jabita
Jaboncillo
Jaboncillo
Jabonera
Jacarcar
Jachahuango
Jacinto
Jadancay
Jadán
Jagua
Jaguay Grande
Jaguita
Jaguito
Jalóag
Jaloa
Jalpuen
Jalupata
Jama
Jama
Jambelí
Jambelí
Jambeli
Jambue Alto
Jambue Bajo
Jandiayacu
J. Andrade
Jaramijó
Jaramillo
Jarata
Jarato
Jarrín
Jatishapa
Jatum Loma
Jatún Molino
Jatun Monllusco
Jatunpamba
Jatun Pamba
Jatupamba
Jáuregui
Javiera
Javier Loyola
Javilla
Javín
Javita
Jazmines
J.B. Vela
Jelí
Jempekat
Jempents
Jericó
Jeroshunshi
Jerusalem
Jerusalén
Jerusalén
Jesús del Gran Poder
Jesús María
Jesús María
Jesús Pitishca
Jesús Teresa
J. Gomez R.
Jiat
Jibaría Achiariati
Jibaría Añangu
Jibaría Congüime
Jibaría Shurupe
Jibaro Anguasha
Jibaro Anquasha
Jibaro Ayuy
Jíbaro Bacunda
Jíbaro Bacundo
Jibaro Canelos
Jibaro Charupe
Jibaro Charupi
Jíbaro Chimbucta
Jibaro Chumbela
Jibaro Chumbela
Jíbaro Entzacua
Jibaro Huashicta
Jibaro Jimbiguito
Jibaro Jimbiquiti
Jibaro Pancho
Jibaro Pedro
Jibaro Petzcinda
Jibaro Pincho
Jibaro Tzungui
Jidcay
Jigua
Jigual
Jijón y Caamaño
Jima
Jimbilla
Jimbiquiti
Jimbiquito
Jimbura
Jimhiquito
Jimtiquitú
Jipijapa
Jirincay
Jiron
Jivaro Chumbela
Jivaro Chumbela
Jívaro Macuma
Jivaro Quimbiquiti
J. Loyola
J.L. Tamayo
J. Luis Tamayo
J. Montalvo
Joa
Joaz
Jobo
Jondachi
Jordán
Jordán
Jordán
Jorupe
Josefina
Josefina
Josefina
Josefina
Joseguango Bajo
José Heredia
Josehuango
José Luis Tamayo
José Oleas
José Real
José Víctor Izquierdo
Jovita
Joyacshi
Joyagshi
Joyapa
Jua
Juana Amalia
Juana de Arco
Juana de Oro
Juana de Oro
Juan Bautista Aguirre
Juan Benigno Vela
Juan Bueno
Juan B. Vela
Juan de Velasco
Juan Gómez Rendón
Juan Grande
Juan Montalvo
Juan Montalvo
Jubanes
Jubones
Jucal
Judhit
Juigua
Juivi
Juján
Julcuy
Julia
Julia
Julia María
Julio Andrade
Julio E. Moreno
Julio Marín
Julio Moreno
Julio Moreno
Jumón
Jumpiran
Juncal
Juncal
Juncun
Juncunllano
Junín
Junín
Junín
Junquillal
Juntas
Juntas
Juripilaca
Jurón
Jurupe
Kaank Chico
Kaniants
Kapantinentza
Kaputna
Kashaints
Kaspaimi
Kayamas
Koango
Kuchints
La Adriana
La Aduana
La Aguada
La Aldea
La Alegría
La Alegría
La Alpargata
La Amalia
La Andina
La Angélica
La Angelina
La Armenia
La Aurora
La Aurora
La Auxiliadora
La Avanzada
Labadel
La Balastrera
La Balsa
La Balsa
La Banda
La Barba
La Barca
La Baronesa
La Barquilla
La Bermeja
La Boca
La Boca
La Bocana
La Bocana
La Bocana
La Bodega
La Bomba
La Bonita
La Boyería
La Bramadora
La Bretaña
La Británica
La Búrsula
La Calera
La Calera
La Calera
La Calerita
La Camarona
La Campana
La Campiña
La Caña
La Cancagua
La Capilla
La Capilla
La Caridad
La Carolina
La Carolina
La Cascada
La Castellana
La Ceiba
La Ceiba
La Ceiva
La Centza
La Cereza
La Chacra
La Chilca
La Chiquita
La Chonta
La Chonta
La Chonta
La Chonta
La Chorrera
La Chuca
La Ciénaga
La Ciénega
La Clara
La Clementina
La Clementina
La Coca
La Cocha
La Cocha
La Cocha
La Cofradía
La Compañía
La Compañía
La Compañía
La Compañia
La Concepción
La Concepción
La Concepción
La Concordia
La Concordia
La Confianza
La Constancia
La Corona
La Cría
La Cría
La Cruz de Yasapa
La Cruz
La Cruz
La Cruz
La Cruz
La Cuadra
La Cucaracha
La Cuchilla
La Cueva
La Cuna de Los Maldonado
La Curia
La Daza
La Delicia
La Delicia
La Delicia
La Delicia
La Delicia
La Delicia
La Delicia
La Delicia
La Dolores
Ladrillo
La Elena
La Elvia
La Elvira
La Encamación
La Encrucijada
La Entrada
La Envidia
La Escalera
La Esmeralda
La Esmeraldita
La Esperanza
La Esperanza
La Esperanza
La Esperanza
La Esperanza
La Esperanza
La Esperanza
La Esperanza
La Esperanza
La Esperanza
La Esperanza
La Estación
La Estación
La Estada
La Estancia
La Estancilla
La Estrella
La Eugenia
La Eulalia
La Favorita
La Fe
La Fe
La Florida
La Florida
La Florida
La Florida
La Florida
La Florida
La Florida
La Florida
La Florida
La Florida
La Florida
La Foresta
La Fortuna
La Fragancia
La Fritada
Lagartera
Lagartillo
Lagarto
Lagarto
La Germania
La Gloria
La Gloria
Lago Agrio
La Granja
La Granja
La Granja
La Granja
La Granja
La Granvía
La Grimpola
La Guanta
La Guantza
La Guarapera
Laguar
La Guinea
Laguna
Lagunas
La Habana
La Hacienda
La Hamaca
La Higuera
La Hortensia
La Hortiguilla
La Huaqui
La Huatara
La Hueca
La Huira
Laigua de Estupiñán
Laigua del Colegio
Laigua de Maldonado
Laigua de Rivadeneira
La Ilusión
La Industria
Laiques
La Isabel
La Isla
La Isla
La Isla Puntilla
La Italia
La Jagua
Lajas
La Javita
La Josefina
La Josefina
La Joya de los Sachas
La Joya
La Joya
La Joya
La Joya Vieja
La Laguna
La Laguna
Lalamor
La Lechería
La Lechuga
La Letica
La Letra
La Libertad
La Libertad
La Libertad
La Libertad
La Libia
La Linda
La Lola
La Lola
La Loma
La Loma
La Loma
La Loma
La Lucía
La Magdalena
La Magdalena
La Magdalena
La Magdalena
La Majada
La Maná
La Mancha
La Manga
La Maravilla
La Maravilla
La Margarita
La María
La María
La María
La Marina
La Maruja
La Matanza
La Matilde
La Matilde
La Matilde
Lamballe
Lamedero
La Merced de Buenos Aires
La Mercedes
La Merced
La Merced
La Merced
La Merced
La Merced
La Merced
La Merced
La Merced
La Merced
La Mestiza
La Misión
La Misión
La Mona
La Mota
La Moya
La Muralla
Landangui
Landázuri
Lando
Langunche
La Nueva Esperanza
La Nueva Santa Rosa
La Olalla
La Olimpia
La Palanca
La Palestina
La Palizada
La Palma
La Palma
La Palma
La Palma
La Palma
La Palma
La Palmira
La Pampa
La Panga
La Paz
La Paz
La Paz
La Paz
La Paz
La Peaña
La Peña
La Peñita
La Pérdida
La Pérez
La Perla
La Perla
La Piedra
La Pila
La Pila
La Piña
La Pitahaya
La Pituca
La Planada
La Playa
La Playa
La Playa
La Playa
La Pólvora
La Portada
La Portilla
La Posta
La Pradera
La Prensa
La Primavera
La Primavera
La Providencia
La Providencia
La Providencia
La Providencia
La Providencia
La Providencia
La Provincia de Egas
La Provincia
La Puntilla
La Pureza
La Quesera
La Quezada
La Quiara
La Quinta
La Quinta
La Quinta
La Quinta
La Ramada
La Ramada
La Rama
Larama
La Ranchería
La Raya
La Recoletilla
La Resistencia
La Revesa
La Rinconada
La Rinconada
La Rinconadita
La Rioja
La Rocana
La Roma
La Rota
La Ruda
La Rueda
La Sabalera
La Saban
Las Abispas
La Saboya
Las Abras
Las Américas
Las Ánimas de Abajo
Las Ánimas
La Saquea
Las Avispas
Las Balsas
Las Bocas
Las Cañas
Las Cañas
Las Cañas
Lascano
Las Casas
Las Casitas
Las Chinchas
Las Cochas
Las Cochas
Las Copas
Las Cruces
Las Cruces
Las Cuevas
Las Cuevas
La Seca
La Seiba
La Selva
La Sequita
Las Flores
Las Flores
Las Fuentes
Las Garzas
Las Guabas
Las Guavas
Las Huacas
Las Iguanas
La Silfide
La Sirena
Las Islas
LasJosefinas
Las Joyas
Las Juntas
Las Juntas
Las Juntas
Las Juntas
Las Lajas
Las Lajas
Las Lojas
Las Lomas Arriba
Las Lomas de Arriba
Las Lomas
Las Lozas
Las Mangas
Las Maravillas
Las Masas
Las Mellizas
Las Mercedes
Las Mercedes
Las Mercedes
Las Mercedes
Las Mercedes
Las Mercedes
Las Naves
Las Nieves
Las Núñez
La Sofía
La Soledad
Las Palmas
Las Palmas
Las Palmas
Las Palmas
Las Palmas
Las Pampas
Las Peñas
Las Peñas
Las Peñas
Las Peñas
Las Peñas
Las Peñas
Las Peñas
Las Piedras
Las Piedras
Las Pilas
Las Piñas
Las Pitas
Las Planchadas
Las Playas
Las Ramas
Las Ramas
Lasso
Las Tareas
Las Torres
Las Trandas
Las Tres Aguas
Las Tunas
Las Vegas
Las Yucas
La Tablita
Latacunga
Lata
La Tapaza
La Targelia
Latas
La Tejería
La Teresa
La Tesalia
La Tingue
La Tira
La Tola
La Tola
La Tolita de los Ruano
La Tolita
La Toma
La Torre
La Tortuga
La Tranquilla
La Troncal
La Tuna
La Unión Colombiana
La Unión
La Unión
La Unión
La Unión
La Unión
La Unión
La Unión
La Unión
Laurel
Laurel
Laurin Jeca
Laurita
Laurita
Laurita
Lauro Guerrero
La Uruguaya
La Variante
La Vega
La Vega
La Verbena
La Victoria de Imbana
La Victoria de Sabiango
La Victoria
La Victoria
La Victoria
La Victoria
La Victoria
La Victoria
La Victoria
La Victoria
La Victoria
La Victoria
La Victoria
La Victoria
La Victoria
La Vieneza
La Viña
La Viña
La Violeta
La Violeta
La Virgen
La Virginia
La Vuelta
La Yamilla
La Zanja
Lazareto
La Zarumeña
La Zoraida
Lazul
Lecherón
Lecherón Yargín
Lechuga
Lechugal
Leguchupucun
Leitillo
Leito
Lelia
Lemtag
Lentag
Leocapa Chico
Leocapa Grande
Leona
Leonan
Leonidas Moscoso
León
Leonpug
Leopoldina
Lérida
Leticia
Libertad
Libertad
Libertad
Libertad
Licán
Licán
Licto
Ligli
Lilán
Limachig
Lima
Limbo
Limo
Limonal
Limoncillo
Limoncito
Limoncito
Limoncocha
Limones
Limones
Limones
Limón
Limón
Limón
Limón
Limón
Limón
Limón
Limón
Limón
Limón Pamba
Limón Playa
Limón Vega
Linares
Linda
Linderos
Lita
Llacao
Llacay Bajo
Llagos
Llamacanchi
Llamacón
Llambo
Llampasy
Llangahua
Llano Chico
Llashetan
Llaucay
Llavircay
Lligo
Lligua Alto
Lligua
Llimpe
Llio
Lloa
Llora Tigre
Llucay
Lluillán
Llulluchas
Lluluch
Llumaguango
Lluquisgradas
Lluragalpa
Llurimagua
Llurimaguas
Llurrimaguas
Lluzhapa
Llyshi
Locala
Locura
Lodano
Logroño
Loja
Lojas
Lola
Lola María
Lolita
Lolita
Loma Alta
Loma Blanca
Loma de León
Loma del Tambo
Loma de Otón
Loma de Tomsha
Loma Larga
Loma Redonda
Lomas de Arriba
Lomas de Sargentillo
Lomas
Loma Verde
Loma Yunga
Londoño
Lone Tree
Lonta
López
López
Loracachi
Lorena
Lorenzo de Garaicoa
Lorenzo Garaicoa
Loreto
Loreto
Lorocachi
Loropico
Los Ajos
Los Álamos
Los Alpes
Los Amarillos
Los Andes
Los Andes
Los Ángeles
Los Ángeles
Los Angosturas
Los Atajos
Los Bancos
Los Brabos
Los Bravos
Los Calis
Los Callejones
Los Camarones
Los Cantares
Los Cerritos
Los Corazones
Los Diamantes
Los Encuentros
Los Encuentros
Los Hachos
Los Liberales
Los Libertadores
Los Llanitos
Los Llanos
Los Lojas
Los Machos
Los Manguitos
Los Mieles
Los Palmares
Los Planes
Los Platanales
Los Pocitos
Los Potreros Bajos
Los Potreros
Los Pozos
Los Quebrachos
Los Quemados
Los Tamarindos
Los Tendales
Lourdes
Lourdes
Loyala
Loyola
Loyola
Loyola
Luapa
Lubushcu
Lucargní
Lucarque
Lucas Vásquez
Lucía
Lucrecia
Luctipe
Ludo
Lugulme
Luisa
Luis Cordero
Luis Vargas Torres
Lulunquí
Lulunquí Madera
Lumbaquí
Lunduma
Lurón
Lutil
Luz Erminia
Luz Oramas
Luzún Chico
Macaji
Macandamine
Macará
Macas Chiquito
Macas de Cruz
Macas de Pazmiño
Macas
Macas
Macas
Machache
Machachi
Machala
Machalilla
Machasala
Machay
Mache
Machetajero
Machines
Machipamba
Macuchi
Macuma
Madera
Maderas Negras
Madre Tierra
Maga
Magdalena
Magdalena
Magdalena
Magdalena
Magdalena
Magdalena
Magdalena
Magota
Magro
Maicito
Maicito
Majagua
Majua
Maki
Makinentza
Malacatos
Malacatus
Malchinguí
Maldonado
Maldonado
Malimpia
Malinda
Malo
Malpas
Mal Paso
Malpelo
Malvas
Malvas
Mama Tarqui
Mamey
Manandel
Manano
Manantial de Guangala
Manantial de Piedritas
Manantiales
Manantiales
Manantial
Manantial
Manche
Mancheno
Manchetajero
Mandur
Mangán
Manga Rivera
Mangaurco
Manglaralto
Mangosisa
Mangosiza
Manila
Manilla
Manipili
Manta
Manuales
Manuel Cornejo Astorga
Manuel J. Calle
Manuel Quintana
Manú
Manyulo
Manzaloma
Manzanapamba
Manzanapata
Manzanapata
Manzanilla
Manzano de Purín
Manzano Guaranguí
Manzano
Manzoya
Mapacocha
Mapasingue
Maquifucuna
Marambote
Marañón
Maras
Maravilla
Marcabelí
Marcoloma
Marco
Marco
Marcopamba
Marcos Espinel
Margarita
María Angélica
María Clementina
María Cristina
María Eugenia
María Hilda
María Luisa
María
María
María Mercedes
Mariana de Jesús
Mariana Jesús
Marianito
Marian
Mariano Acosta
Mariano Moreno
María Pinto
María Teresa
María Teresa
Maricumba
Maridueña
Marina
Mariquita
Mariscal
Mariscal Sucre
Mariscal Sucre
Mariviña
Marquesa
Marqués
Marsella
Martínez
Maruja
Masabacho
Masaca
Masaconsa
Masaramu
Masaramupuesto
Mascarilla
Mashumarentza Civil
Mashumarentza Militar
Maspa
Maspo
Masquera
Masta
Mastolo
Mastrantal
Matadero
Mataglo
Mataje
Matajillo
Matala
Matalanga
Matán
Matapalo
Mata Redonda
Mate
Mate
Mates
Matilde
Matilde
Matilde
Matimpi
Matizana
Matocha
Matus
Mauta
Mautuco
Mayalico
M. Cornejo Astorga
Mechichi
Mechita
Medrano
M. Egas C.
Mehuir
Membrillal
Membrillo
Membrillo
Menaida
Mena
Méndez
Mera
Mera
Mercadillo
Mercedes
Mercedes
Merced
Merced
Merchán
Merella
Merizalde
Metija
Metzera
Meza
Miasal
Miasi
Miazal
Micha
Mier
Miflores Bajo
Miguir
Mihuanoyacu
Milagro
Milagro
Milagro
Milagros
Milán
Milchigchig
Miler
Milpe
Milton
Mina de Oro
Miñarica
Minas
Minas
Mindaburlo
Mindo
Minerva
Miniatura
Mirador
Mirador
Mirador
Mirador
Mirador
Miraflores Alto
Miraflores Bajo
Miraflores
Miraflores
Miraflores
Miraflores
Miraflores
Miraflores
Miraflores
Miraflores
Mira
Mira
Miranda
Miravalle
Miravalle
Misahuallí
Misecata
Mishquiaco
Mishquillí
Mishquillí
M.J. Calle
M. Moreno
Mocache
Moca
Mocha
Mocoral
Mocora
Mogollón
Moisen
Moisol
Mojanda
Moldonado
Molina
Molino Guayco
Molinopamba
Molinos
Molitoil Mosquera
Mollecache
Molle
Mollepungo
Molleturo
Moloboc
Molobog Chico
Molobog
Mompiche
Mona
Monantiales
Monay
Monchuca
Mondaña
Mongón
Monjas Alto
Monjas Bajo
Monjas Colta
Monjas
Monjas
Monjas
Monjas
Monjas
Monjas Tungurahuilla
Monoacana
Monos
Montalvo
Montalvo
Montalvo
Montalvo
Montalvo
Montañita
Montañita
Montebajo
Montecristi
Montehuaico
Monte Olivo
Montepa
Monte Redondo
Montero
Monterrey
Monteserin
Montesinos
Monteverde
Montoya
Montúfar
Montúfar
Moquera
Moquique
Moradilla
Moradillas
Morales
Moral
Morascachu
Morascucho
Morasguaico
Morasloma
Moras
Moras
Moras
Moraspungo
Moraspungo
Moravia
Moreno
Moreno
Moreta
Morilla
Morillo
Morocho
Morocho-quigua
Moromoro
Morona Miazal
Morona
Morrillo
Morro
Morro
Moscoso
Mospa
Mosqueral
Mosquiñana
Motaima
Motete
Motilón
Motuche
Motupe
Moya
Moyancon
Moyuye
Muchine
Muchiquito
Muey
Muisne
Mulalillo
Mulaló
Mula Muerta
Mulinlibi
Mulliquindil
Mullquindil
Multitud
Muñaso Cocha
Mundoleo
Mundo
Mundo Nuevo
Mundugleo
Muñosa Cocha
Muñoz
Muñoz
Muralla Playas
Mururcu Limpi
Musarel
Musmus
Mutintza
Muy
Muyurcu
Nabón
Nachiyacu
Ñag
Nagsiche
Naipongo
Najurungo
Nalacapac
Nallig
Namacuntza
Ñamarín
Nambacola
Nambija Bajo
Namiantar
Namo
Namu
Nanegal Chico
Nanegalito
Nanegal
Nanguipa Alto
Nanguipa Bajo
Nanguipa
Nanquipa
Napa
Napan
Nápoles
Napo
Napo
Napurca
Narancay
Naranjada
Naranjal
Naranjal
Naranjal
Naranjal
Naranja
Naranjapata
Naranjas
Naranjito
Naranjo
Naranjo
Naranjo
Naranjo
Naranjos
Naranjos
Narcola
Nari
Nariz del Diablo
Nar
Nashicta
Natabuela
Nate
Ñaupán
Ñaupe
Ñausa
Naute
Naute
Navac
Nayantza
Nayona
Nayón
Naypongo
Nayumbime
Nayumbimi
Nayumpim
Nazón
Negrita
Neikimentza
Nero
Nialacapac
Nicanor
Nieves
Nilo
Ningomine
Niño Jesús
Nintanga Alto
Nintanga Bajo
Nintanga Vásconez
Ninta
Nispud
Nitón
Noboa
Nobol
Noelanda
Nogal
Nongora
Nono
Noraspamba
Norton
Novilla
Novillo
Novol
Nucamazo
Nudpud
Nuestra Señora de la Palina de Sarayacu
Nueva Armenia
Nueva Delicia
Nueva Era
Nueva Esperanza
Nueva Esperanza
Nueva Fátima
Nueva Fortuna
Nueva Granada
Nueva Guayaquil
Nueva Loja
Nueva
Nueva Susana
Nueva Tarqui
Nuevo Mundo
Nuevo Rocafuerte
Nuevo Santa Rosa de Sucumbíos
Nugro
Nulti
Numbacaime
Numbaime
Numbain
Numbaranga
Numbaymi
Numbiaranga
Numbilungo
Nunipaikami
Nunkuínunka
Oasis
Obispopamba
Obraje
Ocampo
O. Cordero Palacios
Octavio Cordero
Octavio Cordero Palacios
Olalla
Olan
Olguín
Olinda
Oliva
Olive
Olivo
Olmedo
Olmedo
Olmedo
Olmedo
Olmedo
Olmedo
Olmedo Perdomo
Olón
Oña
Oñashapa
Oncebi
Once de Noviembre
Oncevi
Ontaneda
Ontañón
Opaluca
Opar
Opoluca
Opote
Ordoñes
Ordoñez Laso
Ordoñez Lazo
Ordóñez
Oretga
Orianga
Ornopata
Orta
Ortega Alto
Ortega Bajo
Ortega
Ortega
Ortega
Ortencia
Ortuño
Osayacu
Oso
Osorio
Ostiones
Otavalo
Otilia
Otoncito
Otón Llano
Otono
Otón
Otovalo
Ovalo
Ovejería
Ovejería
Ovejo
Oyacachi
Oyambaro
Paatints
Pablo Arenas
Pablo Olivares
Pacayacu
Pacay
Paccha
Paccha
Paccha
Paccha
Pachacutec
Pachalitola
Pachamama
Pachanlica
Pachano
Pachanqui
Pacheco
Pachicutza Bajo
Pachicutza
Pachinche
Pachón
Pachusala
Paciencia
Pacoba
Pacocha
Pacoche
Pacto
Padmi Bajo
Padmi
Pagran
Paguancay
Pagua
Paila
Pailitas
Países Bajos
Paján
Pajili
Pajisa
Pajonal
Palacios
Palalín
Palama
Palanca
Palanda
Palanuma
Palcaurco
Palcaurcu
Palenque
Palenque
Palermo
Palestina
Palestina
Palestina
Paletillas
Palin
Pallacocha
Pallalanga
Pallatanga
Pallatanga
Pallo
Palmales
Palmales
Palmaloma
Palma
Palma Real
Palma Real
Palmares
Palma Roja
Palmar
Palmar
Palmar
Palmar
Palmar
Palma Sola
Palmas
Palmas
Palmas
Palmira Dávalos
Palmira
Palmira
Palmira
Palmira
Palmira
Palmira
Palmira
Palmira
Palmira
Palmito Palma
Palmyra
Palobamba
Palo de Iguana
Palo Largo
Paloma
Palomarcado
Palomares
Palomas
Palopamba
Palo Quemado
Paloquin
Palora
Palo Seco
Palosolo
Paltas
Paluga
Paluguillo
Pambamarca
Pambamarquita
Pampa Blanca
Pampa de las Menas
Pampa de Rodeo
Pampa de Tono
Pampanal de Bolívar
Pampants
Pampihuasi
Panayal
Pancho Negro
Pancho
Pan de Azúcar
Pan de Azúcar
Pan de Azúcar
Panduana
Panduleo
Panecillo
Panesillo
Pangayacu
Pangor
Pangua
Panguigua
Panguilí
Panguintza
Pangui
Paniagua
Panibadel
Panientza
Panki
Pano
Pan
Pansaleo
Pansaleo
Pantaño
Pantús
Panupali
Pan y Agua
Panzaleo
Papaca
Papallacta
Papaloma
Papaloma
Papatena
Papaurcu
Papayai
Papayal
Papurume
Paquicahuán
Paquimaro
Paquintza
Paquinza
Paquishapa
Paquisha
Paquita
Paraíso de Belén
Paraíso de Celén
Paraíso
Paraíso
Paraíso
Paramba
Páramo
Parasa
Parchaca
Pardo
Paredones
Parig
Pasa-Grande
Pasa Isla
Pasaje
Pasaje
Pasa
Pasayogacho
Pascuales
Pasochoa
Pastaví
Pastaza
Pastaza
Pastocalle
Pastoriza
Pasuculu
Patadel
Pata de Pájaro
Patagrande
Patahuasi
Pataló
Patamarca
Pata Pajaro
Pataquí
Patarata
Patatena
Patate
Patate Urco
Patate-Urcu
Patichubamba
Pato-Cocha
Pato Prieto
Patria Nueva
Patuca
Patucocha
Patuco
Patulata
Patuliguí
Patul
Patzocul
Paují
Paushiyacu
Paute
Pavacachi
Pava Isla
Pavas
Pavococha
Pavón
Payamino
Payana
Payo
Paypay
Pebas Real
Pechiche
Pechiche
Pedernales
Pedregal
Pedro Carbo
Pedro J. Montero
Pedro Montero
Pedro Muchin
Pedro Pablo Gómez
Pedro
Pedro P. Gómez
Pedro Urauco
Pedro Vicente Maldonado
Peguche
Peguchi
Pelagallo
Pelileo
Pelileo
Pelincay
Peludo
Peñablanca
Peña Blanca
Peñaherrera
Peñas Blancas
Peñas Coloradas
Peñas
Penipe
Peñ
Peralto
Percadil
Perdida
Peribuela
Perinaco
Perineo
Peripa
Perote
Perpetua
Perrusabel
Perseverancia
Perucho
Perugachi
Pesantes
Pescadillo
Pesillo
Petrillo
Petrópolis
Petzcinda
Petzeinda
Pezcadillo
Piaba
Piango
Pianguapí
Picaigua
Picaihua
Picalqui
Pichangal
Pichanillas
Pichaví
Pichect
Pichilcay
Pichilingue
Pichil
Pichincha
Pichincha
Pichincha
Pichumaso
Picincay
Picoazá
Piedad Colombiana
Piedad
Piedad
Piedra Azul
Piedra Blanca
Piedra del Medio
Piedra Fea
Piedrahita
Piedra Labrada
Piedra Redonda
Piedras Blancas
Piedras Blancas
Piedra Sellada
Piedras Negras
Piedras
Piedras
Piedras Verdes
Piedra Tabla
Pienafaro
Pifo
Piganta
Pigunchuela
Pijigual
Pijío
Piladora
Pilahuín
Pilaló
Pila
Pilares
Pilcapamba
Pilches
Pilcopata
Pilco
Piles
Piliche
Piliphe
Pillacoto
Pillangal
Píllaro Nuevo
Píllaro
Pillig
Pillin
Pilluguro
Pilongo
Pimampiro
Pimán Chico
Pimán
Pimanpiro
Pimocha
Pimo
Pimo
Piñal
Pinandro
Piñanguso
Piñán
Pinantura
Piñas Grande
Piñas Grandes
Piñas
Piñas
Pinchicana
Pincho
Pincho
Pindal de Jugal
Pindal
Pindical
Pindilic
Pindilig
Pindo Chico
Pindo
Pingue
Pinguilí
Pinguilla
Pingullo
Pingulmí
Pinilopata
Pinllocoto
Pinllopata
Pinllo
Pinquigua
Pinsaquí
Pintac
Pintado
Pintag
Pinto
Pinuary
Piojón
Piojo
Pioter
Pipata
Piragua
Pirca Guayco
Pirca
Pirca
Pirca Vieja
Piruro Chico
Pisabo
Pisagua
Pisangacho
Pisán
Piscal
Pishinameca
Pisingachi
Pisque
Pistishí
Pisulí
Pitaguiña
Pitahaya
Pitahaya
Pitahuasi
Pitahuiña
Pital
Pita
Pita
Pitayo
Pitishca
Pititic
Pitula
Piuntak
Piuntza
P. J. Montero
Placer
Placer
Placer
Planada
Planado
Plan del Milagro
Plan de Milagro
Platanales
Platanillo
Platería
Platopamba
Playa de Oro
Playa Lima
Playa Mata
Playanas
Playa Rica
Playas del Mate
Playas
Playas
Playas
Playeras del Oriente
Plaza de Piedra
Plaza Gutiélrez
Plaza Gutiérrez
Poaló
Poaló
Poalopos
Poato
Pocaguso
Pochiche
Pocita
Pocito
Pocito
Pocitos
Pocopal
Poglio
Poguios
Pogyo
Pólit
Polivio
Polo
Pomallacta
Pomarosa
Pomasqui
Pomona
Pompeya
Pompeya
Ponce
Pondoa
Pongal
Pongo Chico
Pongo Grande
Pongo
Pongo
Pongo
Ponto Bolivar
Porotilla
Porotillo
Porotillo
Porotillo
Portete Chirihuala
Portete de Anganuma
Portete de Tarqui
Portete
Portete
Portete
Portobelo
Portón
Portovelo
Portoviejo
Portoviejo
Porvenir
Porvenir
Porvenir
Porvenir
Porvenir
Porvenir
Posito
Positos
Posorja
Posul
Potce
Potosí
Potrerillo
Potrerillo
Potrerillos
Potreritos
Potrero de la Virgen
Potrero Grande
Potrero Grande
Potreros Altos
Potreros de la Virgen
Potrorillos
Poza Seca
Pozito
Pozo Cutuy
Pozo Seco
Pozuelos
Pozul
P. Pablo Gómez
Pradera Chica
Pradera
Presidente
Presidente Tamayo
Presidente Urbina
Pretoria
Primavera
Primavera
Primavera
Principal
Proaño
Prócel
Procuraduría
Progreso
Progreso
Progreso
Progreso
Progreso
Progreso
Propicia
Prosperidad
Proveduría
Providencia
Providencia
Providencia
Providencia
Providencia
Provincia
Puca Corral
Pucala
Pucallpa
Pucaloma
Pucaloma
Pucalpa
Pucango
Pucán
Pucapamba
Puca Peña
Puca
Pucará
Pucará
Pucará
Pucará
Pucará
Pucará
Pucar
Pucarsol
Pucashpa
Pucate
Pucayacu
Pucay
Puchalitola
Puchues
Pucucary
Puculcay
Pucullcay
Puculpala
Pucun
Pucupuro
Pueblito
Pueblito
Pueblo de Cayapas
Pueblo de San Miguel
Pueblo de Sapayo Grande
Pueblo Moncayo
Pueblo Nuevo
Pueblo Nuevo
Pueblo Nuevo
Pueblo Nuevo
Pueblo Viejo de Cayapas
Pueblo Viejo
Pueblo Viejo
Pueblo Viejo
Puebloviejo
Puebloviejo
Pueblo Viejo
Pueblo Viejo
Puela
Puelazo
Puellamal
Puéllaro
Puembo
Puente de Limón
Puente Limón
Puente Tierra
Puerto Aguarico
Puerto Alfaro
Puerto Arturo
Puerto Arturo
Puerto Ayalán
Puerto Ayora
Puerto Bajania
Puerto Balao Chico
Puerto Balao Grande
Puerto Balao
Puerto Balao
Puerto Balsa
Puerto Balsas
Puerto Baquerizo Moreno
Puerto Baquerizo
Puerto Baquerizo
Puerto Bolívar
Puerto Buena Vista
Puerto Buenavista
Puerto Buenos Aires
Puerto Cabuyal
Puerto Carmen de Putumayo
Puerto Cayambe
Puerto Cayo
Puerto Chico
Puerto Coquito
Puerto de Bajo Grande
Puerto de Balao Grande
Puerto de Balsas
Puerto de Balza
Puerto de Cayo
Puerto de Ébano
Puerto de El Morro
Puerto de Ila
Puerto de la Cruz
Puerto de Manta
Puerto de Roma
Puerto Dolores
Puerto Ebano
Puerto Ecuador
Puerto El Carmen de Putumayo
Puerto El Morro
Puerto El Perro
Puerto Flores
Puerto Francisco de Orellana
Puerto Grande
Puerto Hondo
Puerto Hualtaco
Puerto Ila
Puerto Isla Verde
Puerto La Merenciana
Puerto Larrea
Puerto La Seca
Puerto Libre
Puerto Limón
Puerto Limón
Puerto Loja
Puerto López
Puerto Los Ríos
Puerto Miranda
Puerto Misahuallí
Puerto Montúfar
Puerto Morona
Puerto Morro
Puerto Nancy
Puerto Napo
Puerto Naranjal
Puerto Naranjo
Puerto Nuevo
Puerto Ortiz
Puerto Palo Santo
Puerto Paquisha
Puerto Pechiche
Puerto Pitahaya
Puerto Pital
Puerto Pito
Puerto Pizarro
Puerto Pongalillo
Puerto Proaño
Puerto
Puerto Punta Alcatras
Puerto Quito
Puerto Real
Puerto Rico
Puerto Rico
Puerto Riera
Puerto Río Hondo
Puerto Rodríguez
Puerto Salazar
Puerto Salinas
Puerto San Francisco
Puerto San Francisco
Puerto San Jorge
Puerto San Lorenzo
Puerto San Miguel del Morro
Puerto San Miguel
Puerto San Miguel
Puerto San Pablo
Puerto Santa Rosa
Puerto Tigre
Puerto Triunfo
Puerto Tungurahua
Puerto Velasco Ibarra
Puerto Ventura
Puerto Villamil
Puesto Hualtaco
Puesto Puyango
Puetata
Pugachi
Pugacho
Pugarán
Pugru
Puicay
Puichig
Pujilí
Pujín
Pula
Pulcás
Pulisa
Pullincate
Púlpito
Pulún
Pumallacta
Pumpu
Puñachisac
Puná Nueva
Puñapi
Puna
Puná Vieja
Puná Viejo
Punchanda
Pungalá
Pungal Bajo
Pungaloma
Pungay
Punguhuaico
Punguy
Punín
Pun
Punsara
Punta Buena Vista
Punta de Pasaje
Punta de Piedra
Punta de Piedra
Punta de Piedra
Punta de Sabana Grande
Puntales
Punta Miel
Punta Pasaje
Punta Pedro Machín
Punta Tortuga
Puntazanja
Punte Palo
Punto Hacienda
Punyaro
Punyatsil
Punzan
Purcay
Purín
Puruanta
Purucato
Purunuma
Puruving
Pusanuma
Puscamal
Pushio
Pusia
Pusir Chico
Pusir Grande
Pusir
Pusuchisí
Pusugtús
Pusuquí Chico
Pusuquí Grande
Putilde
Putuchi
Putuime
Putuimi
Putumayo
Putunts
Putupano
Putzalahua
Puyaburo
Puyango
Puyo Pungu
Puyo
Puyo
Puyunuma
Puyu Pungu
Quebele
Quebrada del Ciruelo
Quebrada La Merced
Quebrada Seca
Quero
Querubín
Quesen
Queseras
Quevedo
Quichinche
Quilanga
Quillalli
Quillaloma
Quillán de Bucheli
Quillán de Monsalve
Quillán de Noriega
Quillán
Quilloac
Quillopongo
Quillosara
Quillualpa
Quillullaco
Quillusillín
Quil
Quimbana
Químiac
Químiag
Quimi
Quimshi
Quiñashincha
Quinche
Quinche
Quinchibana
Quinchicoto
Quinchucajas
Quinchul
Quinchuquí
Quingeo
Quingueo
Quingüe
Quininde
Quinjeo
Quinoa
Quinoas
Quiñonez
Quinta Caoba
Quinta Chica
Quinta Negra
Quinta Pompeya
Quiroga
Quiroga
Quiroz
Quisapincha
Quisaya
Quisinche
Quisquisale
Quisquis
Quitanga
Quitasol
Quitocucho
Quito
Quitumbe
Quitumbita
Quizapincha
Rabija
Rabya
Racor
Rafael Guaico
Rambrán
Rambuche
Ramírez Alto
Ramírez
Ramishitana
Ramón Campaña
Ramón Playa
Ramonurco
Ramonurcu
Ramosguaico
Ramos
Ramunurcu
Ranchería
Ranchito del Tambo
Ranchito
Rancho Achupallas
Rancho Chico
Rancho Chico
Rancho Comisario
Rancho Cruz Chica
Rancho de Lima
Rancho del Medio
Rancho Gallata
Rancholoma
Rancho
Rancho
Rancho Tauro
Rarig
Ratoña
Rayocucho
Rayoloma
Razuyacu
R. Crespo Toral
Recogimiento
Recreo
Recreo
Recreo
Recuerdo
Redín
Redondo Cocha
Relicario
Relojero
Remigio Crespo
Remigio Crespo Toral
Remigio Crespo T.
Remolino Latas
Remolino
Remolino
Remolinos
Remolinos
Remonta
Rendón
Reparado
República Ochoa
Resbalón
Resbalón
Retiro
Retiro
Retoña
Revolcadero
Ricaurte
Ricaurte
Ricaurte
Ricaurte
Ricay
Rinconada
Rinconada
Rinconada
Rincón de Juana
Rincón
Río Arajuno
Riobamba
Río Blanco
Río Blanco
Río Blanco
Río Blanco
Río Blanco
Río Camumbí
Ríochico
Río Chico
Río Chico
Río Corrientes
Río de Caña
Río de Miel
Riofrio
Ríofrío
Río Hondo
Río Hondo
Río la Gloria
Río Miriumi
Río Morona
Río Negro
Río Nuevo
Río Nuevo
Río Seco
Río Seco
Río Tigre
Rioverde
Río Verde
Río Verde
Río Verde
Rirpur
Rivas
Rivera
Robalino
Robalino
Roblecito
Rocafuerte
Rocafuerte
Rocafuerte
Rocafuerte
Rocafuerte
Rocón
Rodas
Rodeo
Rojas
Romeloma
Romerillo
Romerillos
Romero
Romeros
Rompe Hato
Rompido
Ron
Rosa Barona
Rosa Blanca
Rosa de Jaboncillo
Rosa Delia
Rosa de Oro
Rosa de Oro
Rosa Elena
Rosa Elvira
Rosa Florida
Rosa Hermania
Rosales
Rosalía
Rosalía
Rosa María
Rosa Matilde
Rosario Delicia
Rosario de Pilshum
Rosario
Rosario
Rosario
Rosario
Rosario
Rosario
Rosario
Rosario
Rosa
Rosaschupa
Rosaspamba
Rosas
Rosa Victoria
Rosa Zárate
Rosendo
Roses
Rubianes
Rugcaj
Rugel
Ruizho
Rumichaca
Rumichala
Rumicha
Rumicorral
Rumicruz
Rumicuchu
Rumihuaicu
Rumiloma
Rumipamba de la Universidad
Rumipamba del Colegio
Rumipamba
Rumipamba
Rumipamba
Rumipamba
Rumipambito
Rumipungu
Rumiquincha
Rumisalia
Rumishitana
Rumitola
Rumiurco
Rumiurcu
Rumiurcu
Rumiurcu
Rupancay
Rupashca
Rusicocha
Rusiococha
Sabadel
Sabaloma
Sabana Grande
Sabañag
Sabañag
Sabaneta
Sabanilla
Sabanilla
Sabanilla
Sabanillas
Sabayán
Sabiango
Sacachún
Sacama
Sacansa
Sacapalca
Sacapiamba
Sacay
Sacote
Sacre
Sadayacu
Sade
Safando
Sageo
Saguapirca
Saiba
Sakaim
Salache
Salachi Chico
Saladillo
Salado
Salado
Salado
Salado
Salado Shuringual
Salamala
Salamina
Salanco
Salango
Salanguillo
Salapa
Salapa
Salasacapamba
Salasaca
Salate
Salatí
Salazar
Salazar
Salazar
Salcedo
Salgado
Salgado
Salima
Salinas
Salinas
Salinas
Salinas
Salinas
Salis
Salitral
Salitre
Saloya
Saltana
Salucota
Salvador
Salvador
Salviapamba
Salvias
Samana
Samanga Chico
Samanga de Sevilla
Samaniego
Sambo Loma
Samborondón
Same
Samrondón
Sanagüin
San Agustín de Callo
San Agustín de Cayapas
San Agustín
San Agustín
San Agustín
San Agustín
San Agustín
San Agustín
San Agusto
Sanahuín
San Alejo
San Alfonso
San Alfonso
San Alfonso
Sanambay
San Andrés de Boliche
San Andrés
San Andrés
San Andrés
San Andrés
San Antonio de Bayushig
San Antonio de Canelos
San Antonio de Cumbe
San Antonio de Ibarra
San Antonio de las Aradas
San Antonio del Vergel
San Antonio de Pichincha
San Antonio
San Antonio
San Antonio
San Antonio
San Antonio
San Antonio
San Antonio
San Antonio
San Antonio
San Antonio
San Antonio
San Antonio
San Antonio
San Antonio
San Antonio
San Antonio
San Antonio
San Antonio
San Antonio Tornero
San Augusto
San Bartolomé
San Bartolomé
San Bartolo
San Bartolo
San Bartolo
San Blas
San Blas
San Buenaventura
Sancán
San Carlos de Calope
San Carlos de Limón
San Carlos
San Carlos
San Carlos
San Carlos
San Carlos
Sánchez
San Clemente
San Clemente
San Clemente
San Cristóbal
San Cristóbal
San Cristóbal
San Cristóbal
San Daniel
Sandial
Sandías
San Diego del Ingenio
Sandoval
San Eduardo
San Elías
San Elias
San Eloy
San Eloy
San Emilio
San Enrique
San Enrique
San Enrique
San Ernesto
San Felipe
San Felipe
San Felipe
San Felipe
San Felipe
San Félix
San Félix
San Fernando
San Fernando
San Fernando
San Fernando
San Fernando
San Francisco de Asis
San Francisco de Borja
San Francisco de Cerro Alto
San Francisco de las Pampas
San Francisco de los Linderos
San Francisco de Natabuela
San Francisco de Olaes
San Francisco de Onzole
San Francisco de Sageo
San Francisco de Sigsipamba
San Francisco Olaes
San Francisco
San Francisco
San Francisco
San Francisco
San Francisco
San Francisco
San Francisco
San Francisco
San Francisco
San Francisco
San Francisco
San Francisco
San Gabriel
San Gabriel
San Gabriel
San Gabriel
San Gabriel
San Gabriel
Sangay
San Gerardo
San Germán
San Geronimo
San Gil
Sangolquí
San Gregorio
San Gregorio
San Gregorio
San Gregorio
San Guillén
San Guillermo
San Guillermo
San Guillermo
San Guillermo
San Guillín
San Ignacio
San Ignacio
San Ignacio
San Ignacio
San Isidro de Patulú
San Isidro de Tusapo
San Isidro
San Isidro
San Isidro
San Isidro
San Isidro
San Isidro
San Isidro
San Isidro
San Isidro
San Isidro
San Jacinto de Búa
San Jacinto de Gala
San Jacinto
San Jacinto
San Jacinto
San Jacinto
San Jacinto
San Jacinto
San Javier de Cachabí
San Javier de Cachaví
San Javier
San Javier
San Javier
San Javier
San Javier
San Javier
San Javier
San Javier
San Jerónimo
San Jerónimo
San Joaquín
San Joaquín
San Joaquín
San Joaquín
San Joaquín
San Joaquín
San Jorge
San Jorge
San Jorge
San José Alto
San José Bajo
San José de Bella Flor-La Punta
San José de Bella Flor
San José de Cayapas
San José de Chaltura
San José de Chamanga
San José de Chimbo
San José de Cobuendo
San José del Aguarico
San José del Alcote
San José de Los Ángeles
San José del Tambo
San José de Minas
San José de Morona
San José de Mote
San José de Naranga
San José de Olaes
San José de Payamino
San José de Poaló
San José de Quichinche
San José de Raranga
San José de Suno
San José de Tagua
San José de Yacuambi
San José Grande
San José Nuevo
San José
San José
San José
San José
San José
San José
San José
San José
San José
San José
San José
San José
San José
San José
San José
San José
San José
San José Viejo
San Juan Bosco
San Juan Chico
San Juan de Ilumán
San Juan de Pastocalle
San Juan de Pozul
San Juan de Tablas
San Juan de Tena
San Juanito
San Juanito
San Juanloma
San Juano
San Juanpamba
San Juan
San Juan
San Juan
San Juan
San Juan
San Juan
San Juan
San Juan
San Juan
San Juan
San León
San Lorenzo de Esmeraldas
San Lorenzo del Mate
San Lorenzo
San Lorenzo
San Lorenzo
San Lorenzo
San Lorenzo
San Lorenzo
San Lorenzo
San Lucas
San Luis de El Acho
San Luis de Miachi
San Luis
San Luis
San Luis
San Luis
San Luis
San Luis
San Luis
San Luis
San Luis
San Luis
San Luis
San Luis Tsunkil
San Marcos de Tundayme Alto
San Marcos
San Marcos
San Martín de Loza
San Martín de Tejada
San Martín de Villota
San Martín
San Martín
San Martín
San Mateo
San Mateo
San Mateo
San Miguel de Cayapas
San Miguel de Chimbo
San Miguel de Conchay
San Miguel de Cuyes
San Miguel de los Bancos
San Miguel de Porotos
San Miguel de Salcedo
San Miguel de Sucumbíos
San Miguelito
San Miguelito
San Miguel-pamba
San Miguel
San Miguel
San Miguel
San Miguel
San Miguel
San Miguel
San Miguel
San Miguel
San Miguel
San Miguel
San Miguel
San Miguel
San Miguel
San Miguel
San Nicanor
San Nicolás
San Nicolás
San Nicolás
San Nicolás
San Nicolás
San Nicolás
San Pablo de Atenas
San Pablo de Kantesiya
San Pablo de Tenta
San Pablo de Uzhpayacu
San Pablo
San Pablo
San Pablo
San Pablo
San Pablo
San Pablo
San Pablo
San Pablo
San Pedro de Aguarico
San Pedro de Apondios
San Pedro de Cariamanga
San Pedro de la Bendita
San Pedro de los Cofanes
San Pedro de Taboada
San Pedro de Tahuada
San Pedro Mártir
San Pedro
San Pedro
San Pedro
San Pedro
San Pedro
San Pedro
San Pedro
San Pedro
San Pedro
San Pedro
San Pedro
San Pedro
San Pedro Taboada
San Pedro Urauco
San Plácido
San Rafael
San Rafael
San Rafael
San Rafael
San Rafael
San Rafael
San Rafael
San Rafael
San Rafael
San Rafael
San Ramón
San Ramón
San Ricardo
San Ricardo
San Roberto
San Román
San Roque
San Roque
San Roque
San Roque
San Roque
San Roque
San Rosa
San Rosendo
Sansahuari
San Salvador
San Salvador
San Salvador
San Sebastián del Coca
San Sebastián de Yulo
San Sebastián de Yuluc
San Sebastian
San Sebastián
San Sebastián
San Sebastián
San Sebastián
San Sebastián
San Simón
Santa Ana
Santa Ana
Santa Ana
Santa Ana
Santa Ana
Santa Ana
Santa Ana
Santa Ana
Santa Ana
Santa Bárbara
Santa Bárbara
Santa Bárbara
Santa Bárbara
Santa Bárbara
Santa Bárbara
Santa Bárbara
Santa Bárbara
Santa Blanca
Santa Catalina
Santa Cecilia
Santa Cecilia
Santa Cecilla
Santa Clara del Vergel
Santa Clara
Santa Clara
Santa Clara
Santa Clara
Santa Cruz
Santa Cruz
Santa Cruz
Santa Cruz
Santa Cruz
San Tadeo
Santa Dorotea
Santa Elena
Santa Elena
Santa Elena
Santa Elena
Santa Elena
Santa Ercilla
Santa Eulalia
Santa Fe
Santa Fe
Santa Gertrudis
Santa Gertrudis
Santa Hilar
Santa Inés
Santa Inés
Santa Ines
Santa Inés
Santa Irene
Santa Isabel
Santa Isabel
Santa Isabel
Santa Isabel
Santa Laurita
Santa Lucía
Santa Lucía
Santa Lucía
Santa Lucía
Santa Lucía
Santa Lucrecia
Santa Luisa
Santa Luz
Santa María de Huiririma
Santa Marianita
Santa María
Santa María
Santa María
Santa María
Santa Marta
Santa Marta
Santa Marta
Santa Paula
Santa Rita
Santa Rita
Santa Rita
Santa Rita
Santa Rita
Santa Rita
Santa Rita
Santa Rita
Santa Rosa de Cusubamba
Santa Rosa de Flandes
Santa Rosa de Llurimaguas
Santa Rosa del Napo
Santa Rosa de Otas
Santa Rosa de Pananza
Santa Rosa de Quijos
Santa Rosa de Sucumbio
Santa Rosa de Sucumbíos
Santa Rosa Grande
Santa Rosa
Santa Rosa
Santa Rosa
Santa Rosa
Santa Rosa
Santa Rosa
Santa Rosa
Santa Rosa
Santa Rosa
Santa Rosa
Santa Rosa
Santa Rosa
Santa Rosa
Santa Rosa
Santa Rosa
Santa Rosa
Santa Rosa
Santa Rosa
Santa Rosa
Santa Rosa Sucumbíos
Santa Rufina
Santa Susana de Chiviaza
Santa Susana
Santa Teresa
Santa Teresa
Santa Teresa
Santa Teresa
Santa Teresita de Villano
Santa Teresita
Santa Teresita
Santa Teresita
Santa Teresita
Santa Ysabel
Santay
Santiago del Rey
Santiago de Monjas
Santiago de Pananza
Santiago Playa de Oro
Santiago
Santiago
Santiago
Santo Domingo Chico
Santo Domingo de los Colorados
Santo Domingo Grande
Santo Domingo
Santo Domingo
Santo Domingo
Santo Domingo
Santo Domingo
Santo Domingo
Santo Tomás de Andoas
Santo Tomás
Santo Tomás
Santo Tomás
Santo Tomás
San Valentín
San Vicente de Pusir
San Vicente
San Vicente
San Vicente
San Vicente
San Vicente
San Vicente
San Vicente
San Vicente
San Vicente
San Vicente
San Vicente
San Vicente
San Vicente
San Vicente
San Vicente
San Víctor
San Vincente
San Vincente
San Xavier
Sapallo Grande
Sapan
Sapayo Grande
Sapote
Saquimala
Saquir
Saquisilí
Saquitusa
Saracay
Saraguro
Saraloma
Sarama
Sarayaco
Sarayacu
Sarayacu
Sarayo
Sarayunga
Sarces
Sardinas
Sardinas
Sariaguaico
Sasaco
Satayán
Satupali
Sauceloma
Saucer
Sauce
Sauce
Sauce
Sauces
Saucillo
Sauco
Saushi
Sayarin
Sayá
Sayausid
Sayausí
Sdcay
Sebundoy
Secas
Secoya
Segal
Seis de Julio de Cuellaje
Selva Alegre
Selva Alegre
Selva Alegre
Selva Alegre
Selvalegre
Selvayacu
Seman
Semen
Semeria
Semir
Semita
Senegal
Señora Carrión
Señor Calderón
Señor Crespo
Señor Farfán
Señor Moreno
Señor Moscoso
Señor Terreros
Señor Vélez
Sentencia
Sequer
Sequita
Serrac
Sertag
Seurcel
Sevilla de Oro
Sevilla Don Bosco
Sevilla
Sevilla
Seymour
Shadampamba
Shagli Huaico
Shagli
Shaglli Huaico
Shaglli
Shagly
Shaigua
Shainkiam
Shalapa
Shall
Shamanga
Shaquir
Shara
Sharo
Sharqui
Sharug
Shatapali
Shatayunta
Shatuyunta
Shaushin
Shell Mera
Shell
Shia
Shinapungo
Shiña
Shinin
Shinquir
Shinshún
Shio
Shipir
Shiramentza
Shiram
Shircay
Shirimpin
Shiris
Shirpud
Shishi
Shitihuaca
Shogra
Shordan
Shorshán
Shota
Shotor
Shuara
Shucos
Shucos
Shud
Shudum
Shugal
Shulichum
Shumundé
Shuna
Shunto
Shurapamba
Shurun
Shushufindi
Shushupindi
Shushuquí
Shuyucuchu
Siano
Sibambe
Sibimbe
Sicalpa
Sicsic
Sidcay
Siempreviva
Sigchoscalle
Sigchos
Sigiro
Sigsal Alto
Sigsal Bajo
Sigsicunga
Sigsid
Sigsig
Sigsihuayco
Sigsillano
Sigsipamba
Sigsipamba
Sigsipamba
Sigsipamba
Sigsipta
Sigualo
Sigüe Nuevo
Siguenza
Sigüe
Siguitag
Silante
Sillería
Sillunchi Chico
Sillunchi Grande
Símbalo
Simiátug
Simón Bolívar
Simoras
Sinangue
Sinchal
Sinchay
Sinche
Sinchi Chicta
Sinchic
Sinchig
Singuna
Sinincay
Sipta
Siria
Sirimbe
Sisimbe
Sitio Córdova
Sitio Corral
Sitio Nuevo
Sitio Nuevo
Sitio Palmar
Sitios de Mamanica
Situchi Civil
Situchi
Sivia
S.J. de Chimbo
Socorro
Solanda
Solano
Solano
Solano
Soldado Cisneros
Soldado Monge
Soldados
Soledad
Soledad
Soransol
Sordeleg
Sosal
Sosaya
Sotillo
Sotomayor
Sozoranga
Sua Entza
Suapaca
Súa
Sube y Baja
Sube y Baja
Subibaja
Subibaja
Subida Alta
Subida de Chalacas
Subidalta
Sucre
Sucre
Sucre
Sucre
Sucúa
Suentza
Suenza
Sulag Pamba
Sulag Puglo
Sula
Sulupali Chico
Sulupali
Sulupalli Chico
Sulupalli
Sumaco
Suma
Suma
Suma
Sumbahuaico
Sumblid
Sumino
Sumo
Suna
Suncamal
Sundillano
Sunimón
Suno
Supaypungo
Suquianda
Suquinda
Surama
Surampa
Surik
Suritak
Surmi
Surucucho
Suruma
Susana
Susanita
Suscal
Susua
Susudel
Susufinde
Suya Grande
Suya
Tababela
Tababuela
Tabacay
Tabac
Tabacundo
Tabiazo
Tablacao
Tablaguaico
Tablazón
Tablazo
Tabloncillo Hacienda
Tabloncillo
Tablón Grande
Tablón
Tablón
Tablón
Taboada
Tabor
Tabuche
Tacamoros
Tachel
Tachina
Tacinteo
Taday
Taguadaja
Taguaguipe
Tagualó
Taguán
Taguaynambi
Taguin
Tahuachi
Tahuaico
Tahuin
Taisha
Tajamar
Talaguapungo
Talagua
Talahua
Talanquera
Talchigacho
Talla Intag
Tallo Intac
Talmira
Taltún
Tamarindo
Tamarindo
Tamaute
Tambara
Tambillito
Tambillo Alto
Tambillo Bajo
Tambillo
Tambillo
Tambillo
Tambillo
Tambillo
Tambillo
Tambo Borja
Tambo Cachiyacu
Tambo Chumpi
Tambo de Abajo
Tambo de Arriba
Tambo El Oso
Tambo Grande
Tambo-guaico
Tambo Limón
Tambo Loma del Palmar
Tambo Loma
Tamboloma
Tambo Loma
Tambo Mayumbimi
Tambo Negro
Tambo Santa Ana
Tambo Sasanama
Tambo Siberia
Tambo
Tambo
Tambo
Tambo
Tambo
Tambo
Tambo
Tambo Unión
Tambo Valladolid
Tambo Viejo
Tambo Zambo
Tambo Zapallal
Tampanchi
Tampanchi
Tanchigua
Tanchiguo
Tandagpata
Tanda
Tandayapa
Tangaiche
Tangay
Tangula
Tanicuchí
Tanti
Tanyolpud
Taparuca
Tapialpamba
Tapiapamba
Tapia
Tapia
Taqui-Culebra
Taquil
Tarabita
Tarabita
Taracoa
Taramar
Tarapoa
Tardal
Targuarcocha
Tarifa
Tarqui
Tarqui
Tarqui
Tarume
Tase
Tashap
Tasqui
Tatabrero
Taura
Taviasa
Taxiche
Taxichi
Taxourcu
Taxurcu
Taya
Taya
Tayuza
Tebaida
Tegapulo
Tejar
Tejar
Telegrafistas
Telembí
Teligo
Telimbela
Tembleque
Tena Grande
Tena
Tenavera
Tendales
Tendales
Téndal
Tenguel
Teniente Hugo Ortiz
Teniente Hugo Ortiz
Teniente Ortiz
Tenta
Teodora
Tepal
Terán
Tereré
Teresa Mama
Teresita
Tereza Mama
Tesalia
Tesalia
Tetetes
Teteve
Teteyé
Tetieté
Texas
Tierra Firme
Tiglli
Tigre Playa
Tigrera
Tigres
Tigre
Tigre
Tigua
Tihuano
Tijeras
Tilicuchi
Tilicucho Grande
Tilicuchu Grande
Tilicuchu
Tililac
Tililag
Tilimbuela
Tilipulito
Tilipulo
Tilitusa
Tilituza
Tillo
Timbara Alto
Timbara
Timbiré
Timbre
Timpu
Tinajero
Tinco
Tindicucha
Tingo
Tingo
Tingo
Tinkimientza
Tinoco
Tinoco
Tintacruz
Tintal
Tin Tin
Tintiukentza
Tiobamba
Tiopamba
Tío
Tipishca
Tipococha
Tiputini
Tisaleo
Tispa
Titaicún
Tixán
Tixán
Toacaso
Toacazo
Toachi
Tobachirin
Tobachiri
Tobar Donoso
Tocachi
Tocadel
Tocteloma
Todos los Santos
Toguayuambi
Tolagasí
Tola
Toldo
Tollo Intag
Tolontag
Tomagato
Tomalón Grande
Tomás de Berlanga
Tomasita
Tomasita
Tomebamba
Tonchigua
Tonchigüe
Tondoa
Tóngara
Tongorachi
Toni Loma
Tontapí
Topo
Topo
Tornaloma
Tortuga
Tortura
Tosagua
Toscón
Toteguaico
Totomes
Totoracocha
Totoracocha
Totoras
Totoras
Totoras
Totorillas de Tarqui
Totorillas
Totumos
Toutapí
Trabana
Trancaloma
Trancapamba
Trancas
Trapasola
Trapazola
Trapiche Quemado
Trapiche
Trapiche
Trapichillo
Travesado
Travesao
Tres Banderas
Tres Bocas
Tres Charcos
Tres Hermanas
Tres Hermanas
Tres Marías
Tres Ranchos
Trigoloma
Trigo Pamba
Trigopamba
Trinidad
Trinidad
Trinidad
Trinidad
Tristeza
Troncoquemado
Trozana
Tsapapentza
Tsawantas
Tsentzakentza
Tsuayentza
Tsuntsuín
Tuban
Tucas
Tucos
Tucumbatsa
Tucusahua
Tucuso
Tucus
Tucusu
Tudo
Tufiño
Tugaboaja
Tugadaya
Tugaduaja
Tugaduaya
Tuguadoaja
Tuguduaja
Tuishcachi
Tukupi
Tulcán
Tulipán
Tulipe
Tullapamba
Tumbabiro
Tumbaco
Tumbes
Túmbez
Tumbinuma
Tumbunuma
Tume
Tumpain
Tunaspamba
Tuncay
Tundayme Bajo
Tundayme
Tunduama
Tunduana
Tunga
Tunguipamba
Tunshi Chico
Tunshi Grande
Tunshi
Tuntag
Tuntún
Tunuyunga
Tupigachi
Turchi
Turi-guaico
Turín
Turín
Turinuma La Pampa
Turinuma
Turi
Turubamba Alto
Turubamba Bajo
Turubamba
Turubamba
Turucuchu
Turupamba
Turupamba
Tushpud
Tutaguana Playa
Tutaguana
Tutinentza
Tutupala
Tutupali
Tutupali
Tutupalli
Tuutinentza
Tuyuntsa
Tzunantza Alto
Tzunantza Bajo
Tzungüi
Ubillús
Ucano
Uchucay
Uchuguaico
Uchupucún
Ucubamba
Uculoma
Ucumarina
Udushapa
Udusha
Ugshacorral
Ugshapamba
Uimbí
Ulba
Ulchayacu Grande
Ulvilla
Umbaquí
Unagua
Unamuncho
Undo Mangosiza
Union Colombiana
Unión Oriental
Unión
Union
Unión
Unión y Progreso
Urapamba
Uravía
Urbanización Brisas de Santay
Urbanización C. del Seguro
Urbina
Urbina
Urbina
Urbina
Urcuchagra
Urcuhacienda
Urcuquí
Urcusique
Urcusiqui
Urcusiqui
Urdaneta
Urdaneta
Urichisinga
Urvina
Usaime
Ushcurumi
Ushpud
Uspud
Utuana
Uyachuli
Uyumbicho
Uyunbicho
Uzhai
Uzhca Cruz
Vacas Galindo
Vado Grande
Vado Tumbecino
Vado Tumbesino
Vainilla
Vainilla
Vainilla
Valdés
Valdez
Valdez
Valdivia de Abajo
Valdivia de Arriba
Valdivia
Valdivia
Valencia
Valencia
Valencia
Valentín
Valeriano
Valladolid
Valladolid
Valle Alegre
Valle del Quimi
Valle Hermoso
Valle Hermoso
Valle Hermoso
Valles
Valle
Valle
Valparaíso
Vanifa
Vante
Vargas Guerra
Vargas Torres
Vargas Torres
Vargas Torres
Vargas
Vargel
Vásconez
Vásquez
Vega del Centro
Vega de Vargas
Vega
Vega
Veintemilla
Veinticuatro de Mayo
Veintimilla
Veintimilla
Veintiocho de Mayo
Veintisiete de Noviembre
Vela Cruz
Velasco Ibarra
Vela
Vencedores
Venceslao
Vende Leche
Venecia de Chimbo
Venecia
Venecia
Ventanas
Ventanas
Ventanas
Ventanas
Ventanillas
Venus
Vera Cruz
Veracruz
Veracruz
Vera
Verdecocha
Verdecruz
Verde Llano
Verde
Verdillas
Verdilla
Verno
Vicente de Pusir
Vicentino
Viche
Vicin
Vicoca
Victoria de Abajo
Victoria del Portete
Victoria
Victoria
Victoria
Victoria
Victoria
Victoria
Victor Izquierdo
Vieja
Vieja
Viejo
Vieneza
Vilcabamba
Vilcapamba
Villa Aidita
Villa Amelia
Villa Carmela
Villacís
Villacrés
Villacres
Villa de Dios
Villaflores
Villagomez
Villa Mercedes
Villamil
Villamil
Villano
Villanueva
Villao
Villingota
Vinces
Vinoyacu
Vinzade
Violan
Violeta
Viresmil
Virgen Corral
Virgen de El Cisne
Virgilia
Virginia
Vista Alegre
Vista Florida
Vitalia
Vitalicia
Viterbo Puig
Vivin
Voladero
Volcán Chimborazo
Volcancito
Volcán Grande
Voluntad de Dios
Vuelta Larga
Vuelta Larga
Vueltas de Fortuna
Wakanteis
Warintza
Waruints
Wasekentza
Wawaim
Weeknunka
Wenceslao
Wichimi
Yaapi
Yacoto
Yacoubina
Yacuambi
Yacucalle
Yacupamba
Yagshun
Yaguachi Nuevo
Yaguachi Viejo
Yaguachi
Yaguarcocha
Yaguira
Yainilla
Yalaquer
Yalaré
Yamala
Yamana
Yamate
Yambaca
Yambaquí
Yamboya
Yanacanchis
Yanacari Cruz
Yanacocha
Yanacocha
Yanahuaicu
Yanahurco
Yanashashe
Yanashpa
Yanaurcu Chiquito
Yanaurcu Grande
Yanaurquito
Yanayacu
Yanayacu
Yanayacu
Yana-yacu
Yangamasa
Yangana
Yantzaza
Yanuncay Chico
Yanusacha
Yapi
Yapi
Yaraco
Yaramine
Yaraspungo
Yarizagua
Yarizahita
Yarizahua
Yarizanita
Yaruguí
Yaruquíes
Yasnunka
Yasuní
Yatancocha
Yataquí
Yaupi
Yawaentza
Yayuliguí
Yayurcu
Yegua Baya
Yendola
Yerbabuena
Yerbas Buenas
Yerovi
Yolanda
Yolán
Yolán
Yolán
Ysabel
Ysabel
Yucas
Yud
Yuncusí
Yunganza
Yunga
Yunguilla Guarco
Yunguillapamba
Yunguilla
Yunguilla
Yunguish
Yungulla
Yunguma
Yunza
Yuquianza
Yuquis
Yuracrucito
Yuracruz
Yurac
Yuralpa
Yuraspungo
Yurupasa
Yuturi
Yuvientza
Yuyurco
Zacachun
Zaguán
Zalasar
Zaldumbide
Zamba
Zambeza
Zambisa
Zambi
Zámbiza
Zamboloma
Zamborondón
Zambotambo
Zambrano
Zamora
Zamora
Zamorra
Zancudo
Zanzari
Zapallal
Zapallo Grande
Zapallo Loma
Zapallo
Zapatero
Zapotal de Colonche
Zapotal
Zapotal
Zapotal
Zapotepamba
Zapote
Zapote
Zapote
Zapotillo
Zaragura
Zaravintza
Zarumaurco
Zarumaurcu
Zaruma
Zarumilla
Zarzanama
Zarzayacu
Zaspi
Zatzayacu
Zeilán
Zhalashi
Zhambran
Zharzhan
Zhidmad
Zhila
Zhimbrue
Zhiña
Zhipta
Zhiquir
Zhishigua
Zhiumir
Zhizhio
Zhocopa
Zhogra
Zhondeleg
Zhordan
Zhucay
Zhuczhuc
Zhud
Zhurunit
Zhuya
Zidmad
Zoilaluz
Zoo
Zoraida
Zozoranga
Zuevlán
Zueylán
Zula
Zuleta
Zumbagua
Zumbahua
Zumba
Zumbi
Zúñac
Zuña
Zuro
