Aaium
Aaiún
Aargub
Ad Dakhla
Ad Dchira
Agüenit
Aiun
Al Ayoun
Anzarane
Auserd
Ausert
Ausserd
Aussert
Bir Anzaraen
Bir Anzarane
Bir Enzarán
Bir Gandús
Bir Ganduz
Bir Nasaran
Bir Nazaran
Boujdour
Bu Craa
Cabo Bojador
Cape Blanc
Dakhlah
Daora
Dchira
Dora
Echdeiria
Echediria
Edchedereia
Edchera
Ejbei Uad el Aabd
El Aaiún
El Aargub
El Aium
El Aiún
El Argub
Esmara
Factoria Villa Cisneros
Fondeadero del Aaiún
Guelta Zemmur
Guelta Zemur
Gueria
Hasi Chor
Hasi el Fauuar
Hasi Gueleita
Jcheibi el Gardeg
Khreïbichat
La Agüera
La Aguerra
La Aquera
Laayoune
Laayoune Plage
La Güera
La'Youn
Lemsid
Mahbés
Metmárfag
Oum Dreyga
Piedra del Kaisser
Playa de Aaiún
Playa del Aaiun
Samlat el Hafad
Semara
Smara
Smar
Sug
Tichla
Tifarita
Tifariti
Uad Damran
Uad el Bir
Uad Guenifa
Villa Cisneras
Villa Cisneros
Zoug
Zug
