Abacheri
Ab Anrafa
Abarda
Abaredda
Abbi Adi
Abdi
Abe
Abhi
Abna
Abrascico
Abruim
Abugebo
Acca
Acoma
Acrur
Ad Abbai
Ad Abeito
Ad Abi
Ad Abiscia
Ad Abiseià
Ad Accalòm
Ad Accolom
Ada Ela
Ad Aguale
Adailo
Adaito
Adal
Ad Ali Bachit
Ad Amer
Adardeb
Ad Arili
Adarte
Ad Asmaru
Ad Bili
Ad Casu
Ad Casub
Ad Daudi
Ad Dechita
Addi Abur
Addi Adid
Addicaiè
Addi Caieh
Addi Massahal
Addi Messahal
Addi Nebri
Ad Dirco
Addisc Addi
Addi Toqualu
Addi Ugri
Adebu`ur
Ad Edug
Adek'e Ginet
Adena
Adendema
Adengefom
Adenna
Aderde
Aderdeb
Ad Errei
Adey Me`at
Ad Faghi
Ad Finne
Ad Gaban
Ad Gander Gabei
Ad Guadad
Adi Aba Ri'isom
Adi Ada
Adi Agbay
Adi Agwa
Adi Ahiderom
Adi Ali Bakit
Adi Amanu'el
Adi Ar`ada
Adi Arcai
Adi Arkai
Adi Ark'ay
Adi Atei
Adi-Atsida
Adi Badim
Adi Bahro
Adiba'ikel
Adibara
Adi Baro
Adiberai
Adi-Bigdi
Adi Bigheddi
Adi Bilay
Adi Caieh
Adi Casci
Adi Catina
Adi Contzi
Adi Culli
Adi Embela
Adi Essaha
Adi-Felesti
Adi Fini'i
Adi Gaad
Adi Gahad
Adi Gebray
Adi Gebru
Adi Geda (1)
Adi Geda (2)
Adi Geda
Adi Gheda
Adi-Ghela'e
Adi Ghella
Adi Goda'iti
Adi Golgol
Adi Gombolo
Adi Goorbati
Adi Goreto
Adi Goroto
Adi Grot
`Adi Groto
Adi Grotto
Adi Guagual
Adi Guaguat
Adi-Gureto
Adi Gu'ur
Adi Gwadad
Adi Gwa'idad
Adi Habir
Adi Hadid
Adi Hakefa
Adi Hamushte
Adi Hawesha
Adi Hawesh
Adi Hidrum
Adi Hizba
Adi Huduk
Adi Hurwa
Adi Iecuoro
Adi Imneger
Adi Itai
Adi K'ano
Adik'e
Adi Kefelet
Adi Keih
Adi Kelkalti
Adi K'eshi
Adi-Ketina
Adi Keyeh
Adi Keyh
Adi K'eyih
Adi K'ore
Adi Kubulo
Adi Kwala
Adi Lamza
Adilges
Adi Lubso
Adi Macambia
Adi Mahari Cristos
Adi Mai Laam
Adi Mengodti
Adi Moaghe
Adi Naamen
Adi-Ne'amn
Adi-Nebri
Adi Nefas
Adi Nifas (1)
Adi Nifas (2)
Adi Nifas
Adi-Quala
Adi Ra'isi
Adi Sahlay
Adis `Alem (1)
Adis `Alem
Adi Sceca
Adi Sciaba
Adi Scimandui
Adi Scium Ascale
Adi Secche
Adi Shuma
Adi Shum Hafti
Adi Shum Tombosa
Adi Tafa
Adital
Adi Tekelezan
Adi Tekelezan Ketema
Adi Teklay
Adi-Teklezan
Adi Tsetser
Adi Ugri
Adi-W'ala
Adi Wederki
`Adi Wegri
Adi Zarna
Ad Manna
Ad Messian
Ad Mocada
Ad Mussa
Ad Nefas
Ad Omar
Ad Rassi
Ad Refai
Ad Said Mustafa
Ad Saidna Mustafa
Ad Sala
Ad Sata
Ad Scec
Ad Scec Hammed
Ad Sciuma
Ad Sulet
Ad Taille
Ad Taula
Ad Taulet
Ad Teclai
Ad Teclesan
Ad Tzatzer
Ad Ulual
Adurdet
Ad Zeban Sebao
Af Abeb
Af Abed
Afabet
Afahani
Afalba
Afambo
Af Ceua
Afelba
Affesi
Af May
Afta
Agambusa/Tobo
Agametta
Agat
Agbalo
Agordat
Agra'i
Agurto
Agutri
Aicota
Aigherre
Ailet
Akilo
Ak'irdat
Ak'ordat
Akrur
Akurdet
Ak' Wirdet
Ala (1)
Ala (2)
Ala
Al-Al
Alas
Albo
Alegada
Alela
Alescifa
Algena
Algheden
Alghena
Al Homera
Alibarat
Alibarate
Aligider
Aligidir
Allumnu
Alta
Amadir
Amadr
Amarti
Amatere
Ambacocat
Amba Derho
Ambori
Ameli
Amhur
Amhuru
Amotahale
Amotalale
Amotalate
Anaghit
Ananit
Angaba
Angheb
Angulei
Anrata
Anseba
Antalla
Anteca
Antit Are
Antore
Arafali
Araiu
Aranat
Aratali
Arato
Archico
Arcugi
Are Adriss
Aredda
Aresa
Areza
Arghezana
Arkiko
Aromo
Arresa
Arreza
Aruaddin
Ar`uts'eru
Asa'ila
Asbagu
Asbol
Asciadira
Ascidira
Aseb
Asiti
Asitti
Asmara
Asmera
Assab
Assa Ela
Asus
At Faid
Attai
Auasciait
Augana
Aula
Aura
Awashait
Awgaro
Ayba
Aycota
Aycotal
Ayla
Aylet
Aylu
Ayror
Ayumen
Azait
Azayeke
Azmat Adai
Azmat
Azmat Uold
Az Nefas
Azzega
Babaiu
Badeda
Baden
Badieita
Badme
Bailul
Baio
Bajo
Bambuco
Barachit
Barakantiyan
Barda
Bardoli
Barentu
Baresa
Barresa
Ba Sciare
Behat
Behld
Beilil
Beilul
Bel'ebuy
Belec
Beleita
Belesa
Belessua
Beleza
Bera'isole
Berak
Berakit-Abay
Berekintiya
Betalifuru
Bete Ts'iyon
Bet Mahala
Beyelul
Beylul
Biacundi
Biagundi
Bibinna
Biet Gabriel
Bihde
Bilieta
Biscia
Bisha
Bitama
Biyagundi
Biyakundi
Boholo
Boleli
Bordele
Boscioca
Bragantia
Buc Savino
Buhunena
Buia
Buluc Buì
Buluc Buij
Burteli
Bushuka
Buya
Cabuia
Cam Ceua
Carcabat
Carobel
Carora
Chega
Chelamet
Chenafena
Chenanadole
Cheren
Cheru
Chessad Dahre
Chibabo
Chichi
Chi Nasc
Chi-Nasce
Ciaat
Ciabbub Areddu
Ciagghene
Ciandelga
Ciaresci
Cieffa
Coatit
Coazien
Coghi
Coheli Zibi
Colulli
Cona
Corbaria
Crota
Croto
Cuba
Cub Cub
Cudo Hoiva
Cudombascia
Culculli
Cullucu
Cumbeiba
Curoh
Daadatu
Daalac Chebir
Dabaissima
Daber
Dabre
Dabu
Dabudi
Dadda`to
Da'ero-Kun'at
Dagabta
Dagaiso
Daghilo
Dahaissima
Dahlac Chebir
Dahlak Kebir
Dahro Caulos
Dahro Conaad
Da`iro K'awlos
Da'iro P'awlos
Dalaulo
Damait
Damas
Damba
Dambè
Dangal
Dara
Darmeli
Darok'
Daro Konat
Darotai
Dasbudi
Daui Rori
Dbarwa
Debalk'o
Debaroa
Debarwa
Debaysima
Debba
Debe'aluwa
Debra Mercurios
Debra Sellassie
Debra Sina
Debre Maryam
Debre-Menkoryos
Debre Silase
Debresina
Debri Mariam
Debri-Slasie
Deca Dascim
Deca Gabru
Decamere
Decorassi
Deda
Dedda
Deebaroa
Dega
Degghera Libe
Deghi
Degol
Degole
Dehalak' Kebir
Dekamere
Dekemehare
Dekemehre
Dek'emhare
Dekemhare
Dek'emhare Hamasen
Dek'i Gebru
Dek'i Zer`u
Delemme
Demba Carmet
Demba
Dembe
Dembe Toccolu
Demes
Dem Sebai
Denagul
Denagur
Denbe Bengul
Dengel
Denghel
Dengolo
Dengolo Tahtay
Dera'alto
Dera
Dermush
Dersenei
Deset
Dhu Bellu
Dibarwa
Dibibti
Dichicai
Diddale
Diddate
Didib
Digdig
Digra
Digsa
Dikumbi
Dildil
Dilemmi
Dirko
Disei
Dissei
Diwalu
Dluh
Dluk
Doburra
Dochtumo
Dogali
Doleh
Dongollo
Dubaruba
Dub Dubaria
Dubellu
Ducambia
Dukambaya
Dukambia
Dukambio
Dukambiya
Dukambya
Dule
Durco
Durko
Durna
Edaga Berai
Edaga Robò
Edd
Ed
Eid
Elaberet
Elaberid
Ela Beridi
Ela Cantubba
Ela Tita
Elgena
Elghena
Elit
Emba-Derho
Embatcalla
Embatkala
Embatkalla
Embeito
Embela
Emberemi
Embermi
Embeyto
Emni-Tselim
Emni Tzellim
Enda-Aba-Simeon
Enda Abba Ionas
Enda Abba Joanes
Enda Abba Jonas
Endaga Robo
Enda-Ghergis
Enda Jesus
Engerne
Engherne
En Harris
Era
Erota
Eroto
Escile
Eshili
Eub Anrafa
Faghi
Faraon
Fatima Eri
Felfele
Felhit
Ferer
Figordat
Fil File
Filfil
Firidello
Fode
Follocle
Foro
Fortino Ilma
Fortino Mezalu
Fredarb
Fura
Gabena
Gabena Gonfalon
Gadien
Gadmaita
Gaghet
Gahtelay
Gahtielay
Galata
Gambed Bug
Gambed Bui
Gambed Buij
Gandeli
Ganraito
Garbanna
Gashi Nashim
Gehare
Geleba
Geniti
Gereme
Gergera
Geza Keren
Ghedem
Ghedghed/Debret
Ghela'elo
Ghelata
Gheleba
Gheleb
Gheniseba
Ghenniseba
Ghenzabo
Gher
Gherghera
Ghergher
Gheru
Gherzaliguli
Gheza Abada
Ghinda'e
Ghinda
Ghinzebo
Ghirghir
Ghirmayka
Giamal Biscia
Giangheren
Gina Bala
Ginda
Godaif
Godofelassi
Gogne
Gogni
Gohoreli
Gonye
Grar Gabru
Grat Gabru
Gruta
Guba
Gudba-Badm
Gudela
Guila
Gulbub
Gulch
Gulgul
Gullui
Guloj
Guluj
Guluy
Gulwy
Gumhod
Guna-Guna
Gunda Gunde
Gundagundi
Gundet
Gun Gum
Gura'e
Gura
Gura'i
Gurgur
Guritat
Habcnat
Habela
Habi Mantel
Habran K'ak'a
Habrenta
Hacal Todaro
Hadamu
Haddohalle
Hadish Adi
Hadis
Hadish
Hagaz
Hageza
Haikota
Halaba
Halal
Halay
Halhale
Halhal
Halib-Mentel
Halibo
Haloll
Hambok
Ham
Hanainef
Hananit
Hancul
Hargigo
Harigo
Hariyen
Harkuhuya
Harret
Harsile
Haserelbo
Haserlibo
Hashaso
Hashela
Hasta
Hatsina
Hawashayt
Hawra
Haycota
Hayelo (1)
Hayelo (2)
Hayelo
Haykota
Hazega
Hebo
Hernet
Hibo
Hidele
Himberti
Himbirte
Himbirti
Himeret
Himora (1)
Himora (2)
Himora
Hinbirti
Hinzi
Hirghigo
Hirgigo
Hit'imlo
Hitmulo
Hit'ublo
Hoddohallè
Hodit
Hoho
Homed Issa
Horena
Humera
Hummed
Hummet
Iaholluf
Idab
Idabi
Idi
Ieden
Ielit
Iemarugle
Ighiroli
Igri Mekel
`Ilaber'id
Ili
Illabadan
Illalia
Illauit
Imbatekala
Imbatikala
Imbereme
Imberimi
Imbeyto
Imk'ats'a
Imni Ts'elim
Inabta
Inba Dorho
Inda Iyesus
Indashum
Ingal
Inghel
Irafayle
Irble
Iremle
It Atba
Iyamo
Jahalluf
Jimhil
Johalluf
Kamchewa
Karkabat
Karkabet
Karmu
Karora
Katai Garsa
Kelamet
Kelmet
Kemchewa
Kemechiwa
K'erech'a
Kerekebet Yemengist Meret
Keren
Kerkebet
Kerora
Keru
Keshe'at
K'eyih Kor
Kidkid Dele
Kieru
K'ine Hayela
Kinto
Kisad Dairo
Kitmo Awli'i
Knafna
Koatit
Kogi
Kokobay
Koloburdo
Korbariya
Krum
Ksad-Ika
Kubkub
Kudo-Felasi
Kuhli-Zbi
Kuluku
Kulul
Kululli
Kumheyle
Kunbeiba
Kurbarya
K'ushut
Kutur
Laba
Lafofle
Laguyen
La`ilay Adi Kefelet
Lalenta
Lammagadi
Laynyaw Dengolo
Lelissa
Lemarugle
Lesa
Liban
Logosarda
Maacaca
Maaraba
Maarab
Macaca
Macalille
Macanille
Macannile
Macanville
Madroriet
Madrurièt
Ma'ereba
Mafaradalu
Magala
Magareh
Mahio
Maho
Mai Aderde
Mai Aha
Mai Aini
Mai Albo
Maiam
Mai Assa
Mai Atal
Mai Cehu
Mai Chele
Mai Edaga
Mai Egada
Mai Gorz
Mai Gorzo
Maihabar
Mai Kele
Mai Mefales
Maio
Ma`ireba
Mai Teb
Mai-ti
Mai Tsada
Mai Turab
Mai Tzagla
Malhas
Mandafara
Mansciua
Mansura
Mara
Marcouaghe
Mareba
Mareitu
Margable
Markaba
Markaughe
Marlà
Marsa Gulbub
Marta
Masawa
Mass Ali
Mass-Alj
Massaua
Massau
Massawah
Massawa
Massowah
Massowa
Matara
May At'al
May Habar (1)
May Habar (2)
May-Habar
Mayha
May Libus
May Mech'ek'at
May-Mefals
May-Nefhi
Mebasit
Medere
Meder
M'edr
Medruriet
Mefalk
Mefalso
Megarih
Mehatel Jebal
Mehlab
Meka'enile
Meka'ika
Mek'erka (1)
Mek'erka (2)
Mek'erka
Melill
Melil
Mendad
Mendefera
Menlab
Mensura
Menuetet
Mergebla
Merhano
Mersa Fatma Heri
Mersa Fatma
Mersa Fatuma
Mersa Gulbub
Mersa Kuba
Mersa Tek'lay
Mescul
Mesewa
Mestamer
Mets'alu
Mezba
Mihiyaw
Mihlab
Mi'ida
Mikrem
Minhajer
Misgwag
Missione Svedese
Mitsewa
Mits'iwa
Mocolba
Mogareh
Mogile
Mogoile
Mogolo
Molazenai
Molebso
Moncullo
Mora
More
Morgada
Moso
Mrara
Mureym
Muri
Musa Ela
Muscia
Nacfa
Nacta
Nak'fa
Narcaba
Nauret
Nefasi
Nefasit
Nifas
Nocra
Nohta
Nokra
Noora
Oasi
Obellet
Om Ager
Om Hager
Omhajer
Om Hayer
Ona Andom
Onabetta
Ona Gabien
Ona
Otumlo
Per Tokar
Porto Smyth
Port Smyth
Pozzi di Tole
Qbellet
Qua'atit
Queddaelli
Querbarya
Raa
Racrabet
Ragali
Rahayta
Rahayto
Rahei
Raheita
Rahel
Raher
Rahita
Randakoma
Rapto
Rasa
Ras Kasar
Rasseitao
Rehayto
Renda Coma
Renda
Rub Rubia
Rub Rubiya
Saada
Saati
Saatta
Sabderat
Sacalatta
Sacatare
Sadik'a
Safira
Saganeiti
Sahelia
Sahlat
Sahli
Saladaro
Sala
Salderat
Samero
Samoti
Sanafè
Sanda
Sarda
Saroyta
Sasah
Sceic Abdo Raama
Scerit
Sciabba
Sciacchen
Scicchetti
Sciec Alilo
Scillichi
Scindoa
Scipitale
Scisci
Sciumagalle
Sciuma
Sebderat
Sed Daaf
Seganeiti
Segdo
Segeleyti
Segeneyti
Segheneyti
Selaba She'ib
Sela'i Da'iro
Seleba She'ib
Sen'afe
Serejeka
Sesah
Sessaghede
Sessa
Seud Buij
Seud Bui
Seud Buy
Shambiko
Sh'eb/Mensheb
Sheburur
Shegilet Wedi Merir
Sheh Abdel K'adir
Sheib
Shek Abdel K'adir
Sheka Wedi Bisrat
Sheketi
Shibah
Shigirni
Shiketi
Shimangus-Tahtay
Shima Nigus La`ilay
Shima Nigus Tahtay
Shima Nigus Tihtay
Sibi'a
Simoti
Sitona
Sittona
Socalatta
Sorbetit
Surto
Suru Inferiore
Suru Superiore
Suwa
T'a'areshi
Tachinyaw Dengolo
Tachinyaw Dongolo
Taclai
Tacul
Tahara
Takita
Taklai
Tala
Tantarna
Tantarua
Tappa Nefasit
Targhan
Tarua
Tauda
Tawlad
Tegheren
Tek'lay
Tera-Emni
Tera Imni
Teramni
Tesenei
Tesene
Teseney
Tessenei
Tetafil
Thio
Ticho
Ticse
Time'i
Tinishu Aseb
Tinishu Assab
T'i'o
Tio
Tiyo
Tkul
Tof Alaba
Tognuf
Tokombiya
Tolesuca
Tole
Tredishi
Trongo
Tsa'edakristyan
Tsazega
Ts'e'ada
Tse'azega
Ts'egwaro
Ts'elot
Tseret
Tsibuk Grat
Tsorena
Tucul
Tukul
T'walet
Tzada Addi
Tzada Christian
Tzada-Cristian
Uad Giaba
Uara
Uasentet
Udibi
Ugaro
Umm Hagar
Una-Andom
Una Lanalay
Uoccherti
Uodgan
Uogherti
Vann
Villaggi Sciacchen
Vodgan
Wade
Wasena
Wedegiba
Wedi-ledo
Wek Diba
Wekerti
Wekiro
Wek'iro
Wi'a
Wik'ro
Ygi'ar
Yigi'ar
Zaga
Zagher
Zagr
Zahaflam
Zala Anbesa
Zariga
Zawl
Zazega
Zazzega
Zeban Debri
Zela Ambesa
Ziban Una
Zigfet
Zigib
Zolot
Zubuc Grat
Zula
