Ahau
Alava
Ambatha
Andako
Arua
Assawa
Atopisi
Au Soso
Avea
Bega
Beka
Biagunu
Boiling Springs
Bouwanga
Bowanka
Buratu
Chomah
Dagai
Dalice
Daviqele
Delaiyadua
Dogowali
Draiba
Dravuni
Drekena
Driba
Drio drio
Ekubu
Ekumbu
Else'e
Elsio
Emuri
Enduanasali
Etumba
Eveve
Fafaisina
Fapufa
Feavai
Feavarere
Fort Carnarvon
Galligarua
Granby Harbour
Haga
Hofvea
Hua
Itumuta
Ituteu
Jolmea
Juju
Kaivala
Kalambo
Kaleta Levu
Kaloka Levu
Kalokolevu
Kalvaka
Kamba
Kambariki
Kambisi
Kana
Kanakana
Kanathea
Kandavu
Kande
Kandi
Karoko
Karomaci
Kasaleka
Kasavu
Kasenkula
Kaunakoro
Kavala
Kavula
Keiasi
Keiaski
Keiyasi
Kendra
Kese
Ketei
Keteira
Keua
Kiombo
Kiti-i-ra
Kiura
Kiuva
Kolokolevu
Komari
Komave
Korobamba
Koroinasolo
Koroivonu
Koro i Vunu
Koroiyatha
Koro
Koro Kula
Korokula
Koro Kula
Korolevu
Korolevu
Korolevu
Koromathi
Koro Nandi
Koronatonga
Koronggangga
Koronisangana
Koronivonu
Koro-Ono
Korosi
Korosuli
Korotasere
Koro Tavea
Korothirithiri
Korothirithiri
Korotolu
Korotonga
Korotongo
Korotumbu
Koro Vaca
Korovatu
Korovisilou
Korovou
Korovou
Korovou
Korovuli
Korovuto
Korovutu
Korowiri
Koroyatha
Kothoma
Ko-vaua
Kovo Vu
Kubuna
Kumbuna
Kumi
Labasa
Lakemba
Lala
Lalati
Lambasa
Lambasa Mill
Lambase
Lambassa
Lameta
Lami
Lamini
Lamiti
Langgere
Langi
Lasakau
Laselase
Laseleva
Laselevu
Laucala
Lau
Lauthala Bay
Lauthala
Lauthala
Lautoka
Lauwaki
Lauwaki
Laveine
Lavena
Lawai
Lawake
Lawake
Lawaki
Lawaki
Lawaki
Lawangga
Lawaqa
Lekanai
Lekutu
Lekutulevu
Levoni
Levukaindaku
Levuka
Levuka
Levuka
Levukana
Lewa
Leya
Ligau levu
Liku
Lindiasinga
Lingaulevu
Lingau
Lithawa
Loa
Lokia
Loloa
Lomai
Lomainasau
Lomaji
Lomaloma
Lomanikaya
Lomanikoro
Lomanikoro
Lomatandra
Lomati
Lomati
Lomawai
Lombau
Lomiti
Lomo-lomo
Lomolomo
Londoni
Longani
Lopo
Losa
Lovoni
Lovoninggai
Lovonivonu
Lovu
Lungani
Lutukina
Lutu
Luvunivuaka
Maftoa
Maiambi
Makolei
Makomako
Malailombau
Malaka
Malakati
Malake
Malake
Malaki
Mala
Malambi
Malau
Malawai
Malevu
Maloku
Malomalo
Malsa'a
Mambula
Manuku
Manuku
Manu
Marama
Marou
Matailambasa
Matailombau
Matai
Matainananu
Matainasau
Matainimoli
Matainotho
Mataithangi
Mataithang
Matakula
Mataleka
Matalolo
Matamaivere
Matameivere
Matanangata
Mataniwai
Mataniwai
Matanuku
Matasawalevu
Mataso
Matathauthau
Matathawalevu
Matathula
Mataveikai
Matavuralevu
Matawailevu
Matawailevu
Matayalevu
Mathuata-i-Wai
Matokana
Matokana
Mau
Maumi
Mavana
Mavua
Mbaindamundamu
Mbalekinanga
Mbalenambelo
Mbalesere
Mbalevuto
Mba
Mbangasau
Mbangata
Mbanikea
Mbanikeya
Mbariki
Mbarotu
Mbatimaoli
Mbatinikama
Mbatiri
Mbatiri
Mbaulevu
Mbau
Mbavu
Mbemana
Mbengga
Mbiaungunu
Mbiausevu
Mboitathi
Mboma
Mbotenaulu
Mbouma
Mboumba
Mboutini
Mboutini
Mbouwangga
Mbualu
Mbua
Mbuinduna
Mbukama
Mbuke Levuira
Mbukuya
Mbulia
Mbulileka
Mbuliya
Mbulumbulu
Mbuma
Mbunduna
Mburelevu
Mburelevu
Mburembasanga
Mburembau
Mburenitu
Mburenivalu
Mburerua
Mburetu
Mbusa
Mbusa
Mbuthalevu
Mbutha
Mbutha
Mea
Melimeli
Moala
Mofmanu
Mokani
Mokoisa
Momi
Mongumongua
Monothaki
Monu Ku
Motomoto
Motusa
Mouta
Muaira
Muaivuso
Mualevu
Mua
Mua
Muamua
Muamua
Muana-i-Ra
Muanaira
Muana-i-Thake
Muanaithake
Muana
Muana
Muanikau
Muani
Muaninuku
Muaniseva
Muanisolo
Muanivatu
Muanivuso
Mudu
Mundu
Muneran
Murimuri
Muundu
Nabotini
Nabukalukiu
Nabukeleva
Nabuli
Nabuna
Nacamaki
Nacavanadi
Nadarivatu
Nadaro
Nadi
Naduri
Naevuevu
Nagaidamu
Nagumu
Naiborebore
Naigani
Naiiviivi
Naikawangga
Naikorokoro
Naikorokoro
Naila
Nailanga
Nailawa
Nailenga
Nailenga
Naililili
Nailou
Nailuva
Naimalavau
Naimasimasi
Naimbalembale
Naimbalembale
Naimbita
Naimborembore
Nainderi
Naindi
Naindiri
Naingani
Naingganggi
Naioti
Nairukuruku
Naisaumbua
Naisaumua
Naisausau
Naiserelangi
Naisomua
Naisonggo
Naisongovau
Naisumbua
Naitauvoli
Naithambethambe
Naithekoro
Naitonitoni
Naitutu
Naivaka
Naivakarauniniu
Naivakareuniniu
Naivakathau
Naivikisara
Naivilathalatha
Naivilatha
Naivindamu
Na Ivisaro
Naiviteitei
Naivithula
Naivotho
Naivuruvuru
Naivuthini
Naivutu
Naivuvuni
Naiyalayala
Nakaile
Na-kalau
Nakalava
Nakalavo
Nakalawatha
Nakalou
Nakama
Nakambuta
Nakanakana
Nakanathangi
Nakarabo
Nakarambo
Na Kasaleka
Nakasa
Na Kasasara
Nakaungasele
Nakavika
Nakavu
Nakavu
Nakawakawa
Nakawanga
Nakelikoso
Nakelo
Nakini
Nakodu
Nakombo
Nakondu-i-sawana
Nakondu
Na Koro Ere
Nakoroivau
Nakorokula
Nakorolevu
Nakoro
Nakoro
Nakoronawa
Nakorotiki
Nakoroutari
Nakorovou
Nakorowaiwai
Nakorowaiwai
Nakoso
Nakuku
Nakula
Nakuriwai
Nakusa
Nakwava
Nalalawa
Nalase
Nalauwaki
Naleile
Nalele
Nalembalemba
Naloaloa
Nalotawa
Naloto
Nalotu
Nalutu
Na Luvunavuaka
Naluwai
Namalata
Namalata
Namalavou
Namama
Namanda
Namandi
Namanggumanggua
Namanusa
Namarai
Namara
Namara
Na-maria
Namatakula
Namata
Namatana
Namathu
Namatiu
Nambaitavo
Nambalambala
Nambalembale
Nambathe
Nambathi
Nambau
Nambauto
Nambavatu
Nambawangga
Nambekavu
Nambena
Nambila
Nambiti
Nambitu
Nambothiwa
Nambouono
Nambouthiwa
Namboutini
Namboutini
Namboutini
Nambouva
Nambouwalu
Nambouwalu
Nambouwalu
Nambouwangga
Na-mbowono
Nambua
Nambua
Nambukaluka
Nambukandongo
Nambukandra
Nambukavesi
Nambukelevuira
Nambukelevu
Nambukeru
Nambula
Nambuli
Nambulini
Nambumbu
Nambuna
Nambuna
Nambuna
Nambundrau
Nambuniganitu
Nambuniyanitu
Nambutumbutu
Nambuyasa
Nameka
Namoala
Namoli
Namoli
Na-Momo
Namono
Namosau Government Station
Namosau
Namosi
Namotomoto
Namuaimanda
Namuamua
Namuamua
Namuana
Namuavoivoi
Namukalau
Namuka
Namuka
Namulomulo
Namuriwai
Nanani
Nananivatu
Nananu
Nananu
Nandakuni
Nandakura
Na Ndala
Nandali
Nandal
Nandarathi
Nandariva
Nandarivatu
Nandaro
Nandawa
Nandelei
Nandele
Nandevo
Nandilo
Nandi
Nandioka
Nandiondio
Nandivakarua
Nandoi
Nandoli
Nandongo
Nandoria
Nandrala
Nandrau
Nandromai
Nandronga
Nandroumai
Nandrunga
Nandrungu
Nandua
Nanduna
Nanduri
Nanduri
Nanduru
Nanduruyasi
Nangaindamu
Nangandoa
Nangandua
Nangasauva
Nangatangata
Nangavungavu
Nangera
Nanggaindamu
Nanggainggai
Nanggali
Nanggalotu
Nanggara
Nanggarani
Nanggaravutu
Nanggarawai
Nanggelewai
Nanggia
Nanggumu
Na Ngilangilo
Nangilongilo
Nangingi
Nangumu
Nanivunda
Nanoko
Nanokonoko
Nanukuloa
Nanuku
Nanuku
Nanutha
Nanuthe
Naothombau
Naqaidamu
Naqumu
Naraiyawa
Narara
Nararavou
Narata
Naravuka
Nardroumai
Nareva
Narewa
Narikosa
Narikoso
Narikoso
Nariri
Narir
Naroi
Narokorokoyawa
Naroro
Narothake
Narothivo
Narothivo
Na-rua
Narukua
Naruwai
Nasaimbitu
Nasaiyani
Nasalai
Nasalau
Nasalia
Nasama
Nasanga
Nasanggalau
Nasao
Nasarowangga
Nasasaivua
Nasasa
Nasaumatua
Nasau
Nasau
Nasau
Nasau
Nasauthoko
Nasautoka
Nasauva
Nasauvere
Nasauvuki
Nasava
Nasava
Nasavu
Nasavu
Nasawana
Nasawasa
Nasealevu
Nasea
Naseile
Nasekula
Naselai
Naselesele
Nasengai
Naseri Lengi
Nasesara
Nasese
Nasese
Naseula
Naseuvou
Naseva
Nasewana
Naseyani
Nasigatoka
Nasilai
Nasingasinga
Na Singatoka
Nasinu
Nasinu
Nasiriti
Nasirotu
Nasivikoso
Nasoki
Nasoli
Nasolo
Nasolo
Nasomo
Nasonggo
Nasovatava
Nasovivi
Nassaya
Nasukainai
Nasukamai
Nasuva
Natalau
Nataleira
Natambua Government Station
Natambua
Nataria
Natauloa
Nataveya
Natawa
Nate va
Natewa
Natewa
Nathamaki
Nathanga
Nathaurokovi
Nathavanandi
Nathavanandi
Nathekoro
Natheva
Natheva
Nathokaika
Nathokeka
Nathokula
Nathokulati
Nathomaki
Nathombo
Nathomoto
Nathovu
Nathula
Nathula
Nathuru
Natia
Nativi
Natoaika
Natokalau
Natokalau
Natokalou
Natongandravo
Natongandravu
Natua
Natuatuacoko
Natuatuathoko
Natuma
Natumua
Natunuka
Natunuku
Naturu
Naturu
Na tuta tuta
Natutu
Natuva
Na Tuva
Natuvu
Naua
Nauidamu
Naulu
Nauluvatu
Nauouo
Naurea
Nauria
Nausori
Nausori
Nauthiwai
Navaga
Navai
Navakaka
Navaka
Navakasali
Navakasombu
Navakathoa
Navakawau
Navakuru
Navala
Navanga
Navanga
Na Vasi
Navata
Navatu
Navatu
Navatu
Navatuvula
Navatuyamba
Navaundra
Navave
Naveimavu
Naveindrendre
Naveithovatu
Navetau
Naveyango
Navidamou
Navidamu
Navilawa
Navindamou
Navindamu
Navindamu
Navindom
Navinggiri
Navitilevu
Navivanga
Naviyango
Navolau
Navolau
Navora
Navotua
Navua
Navuandra
Navuatu
Navuavuni
Navuevu
Navukailagi
Navukailangi
Navukembuli
Navukimbuli
Navuloa
Navunievu
Navuniivi
Navuniivi
Navunikambi
Navunimono
Navunisole
Navunitogoloa
Navuniyaro
Navuniyasi
Navuniyevo
Navurevure
Navuruvuru
Navuso
Navuti
Navutoka
Navuto
Navutulevu
Navutu
Nawailevu
Nawai
Na wai nde
Nawaindo
Nawairambe
Nawaka
Nawala
Nawamangimangi
Nawamangi
Na Wangarua
Nawanggabena
Nawanggambena
Nawanggandamu
Nawanggarua
Nawatha
Nawau
Naweni
Nawi
Nayarailangi
Nayarambale
Nayaulevu
Nayavuira
Nayavutoka
Nayawa
Ndakuiloa
Ndakuilomaloma
Ndakuimbengga
Ndakuinuku
Ndakuirase
Ndakuivuna
Ndaku
Ndaku
Ndakundaku
Ndakunimba
Ndakuni
Ndalithe
Ndalithi
Ndalomo
Ndalomo
Ndama
Ndama
Ndangai
Ndaria
Ndatithoni
Ndavinggele
Ndawa
Ndawara
Ndawasamu
Ndeiandamanu
Ndelailasakau
Ndelaitonga
Ndelaivandra
Ndelaiyandua
Ndelakando
Ndelalasakau
Ndela na manu
Ndelandamanu
Ndenimanu
Ndevoira
Ndevo
Ndiloi
Ndilo
Ndiondio
Ndoi
Ndomokavu
Ndongobuki
Ndongoloa
Ndongotuki
Ndongowali
Ndraimba
Ndraimba
Ndrambuta
Ndraumbuta
Ndraumbuta
Ndrauniivi
Ndraunindakua
Ndravawalu
Ndravo
Ndravualu
Ndravuni
Ndravuni
Ndravuwalu
Ndravuwalu
Ndrekena
Ndrekeniwai
Ndrekeniwai
Ndreketilailai
Ndreketi
Ndriti
Ndromoninuku
Ndromuna
Ndromuninuku
Ndrue
Ngaleine
Ngaligali
Ngalingali
Ngaloa
Ngaloa
Ngaloa
Ngaravutu
Ngasauva
Ngasele
Ngeleni
Nggaliira
Nggalikarua
Nggalira
Nggarani
Nggaranivai
Nggaravutu
Nggathavula
Nggathavulu
Nggelekuro
Nggelemumu
Nggelendamu
Nggeleni
Nggeleni
Nggelethimbi
Nggelewara
Nggilai
Nggoma
Ngunu
Ngusuitoto
Nia Vakamothe
Nikorokoro
Nirikoso
Niumbasanga
Niundua
Niurua
Niutoto
Nivotavota
Noatau
Nogilai
Nokulau
Nondaulau
Noraimba
Novalau
Nuanakira
Nukelo
Nukudum
Nukudumu
Nukuilau
Nukui
Nukulau
Nukuloa
Nuku Loa
Nukumbalavu
Nukundamu
Nuku-ndum
Nuku
Nuku
Nuku nuku
Nukunuku
Nukunuku
Nukusa
Nukusere
Nukusiri
Nukutothia
Nukutumbu
Nukuvou
Numbathe
Numbumakita
Numbunikavula
Numbuniyavula
Numbu
Numbutautau
Numbutumbutu
Numbuyani
Numbuyanitu
Nunguni
Ohu
Oinafa
Oloa
Olosenga
Olosinga
Ongea
Ono Levu
Ovaiau
Ovalau
Ovea
Owundu
Pangai
Paolo
Paptea
Penang
Pephahua
Poiva
Qarani
Rairaiwangga
Raiwai
Raiwanga
Raiwangga
Rakiraki
Rakiraki
Raksawa
Rambulu
Raralevu
Rarama
Raranimbulumbulu
Rararua
Rauribu
Rauriko
Rave-rave
Raviravi
Raviravi
Raviravi
Ravitaki
Rewangga
Rewasa
Rewasau
Richmond
Rokovuaka
Rukua
Rukurukeluvu
Rukurukulevu
Rukuruku
Saivou
Salevukoso
Salialevu
Saliandrau
Salia
Salvaka
Samambula East
Samambula North
Samambula
Sambata
Sanasana
Sandro
Sanggani
Saolei
Saolo
Sarava
Sarawangga
Saru
Sasa
Sasa
Satulaki
Saukama
Saumakia
Saunaka
Sauniviuto
Sautambu
Sautiki
Sauvakarua
Savuna
Savu Sau
Savu
Savusavuitangga
Savusavu
Savusavu
Sawaieke
Sawakasa
Sawanikula
Sawani
Sawani
Sawani
Sawa
Sawayake
Saweni
Seavathi
Semo
Serea
Serua
Seseninga
Sese
Sevathi
Sikituru
Silana
Singatoka
Singatoka
Singatoke
Singuma
Sinuvaca
Sinuvatha
Sisila
Sisili
Soa
Soievu
Solevu Mission
Solevu
Solevu
Solianga
Soliyanga
Solondamu
Solo Tavine
Solotavui
Somosomo
Somo Somo
Somosomo
Somosomo
Songombiau
Sorokomba
Soso
Soso
Sote
Sueni
Suliyanga
Sumi
Suva City
Suvalailai
Suva
Suvaviti
Suvavou
Tai
Talaulia
Talethake
Tamavua Heights
Tamavua
Tambalei
Tambia
Tambulei
Tambungguto
Tambuya
Tamura
Tamusua
Tangala
Tangangge
Tanganghi
Tangangi
Tarakua
Tarokua
Tarokua Village
Tarua
Tarukua
Tathelevu
Tathilau
Tathilevu
Tathi
Taulevu
Taunovo
Tau
Tavea
Tavia
Taviya
Tavua
Tavua
Tavuka
Tavuki
Tavuki
Tavulomo
Tawake
Tawaki
Tawapa
Tawatawandi
Tawava
Tethi
Tevai
Thakova
Thalia
Thalira
Thaumbati
Thautata
Thava Levu
Thavanga
Thava
Thavonga
Thavu
Thawandevo
Thawara
Thawaro
The Domain
Thevai
Thikombia
Tholoisuva
Thongea
Thulanuku
Thuvu
Tia
Tilivalevu
Tiliva
Tiliva
Tioma
Tokala
Tokalau
Tokalau
Tokalou
Toki
Tokolau
Toko
Tokou
Toliera
Tombu
Tonga
Tongaviri
Tonge
Tongo
Tongovere
Tongowere
Tonuva
Tonuve
Toorak
Tore
Totongo
Toumbo
Tovulailai
Tovu
Tovu
Tovutovu
Tuai
Tuakoi
Tuapona
Tuatua
Tukavesi
Tulaulia
Tumavia
Tumbairata
Tumbalevu
Tumbenasolo
Tumbou
Tuniloa
Tunoloa
Tuvutha
Tuvu
Uanheta
Ujia
Uluimbau
Ului Mhau
Undu
Upu
Urata
Uruone
Uthiwai-na-Tamavua
Uthunivanua
Uto
Ututu
Utu
Vagadace
Vagandathe
Vailaka
Vaileka
Vaindoko
Vairama
Vaivunu
Vakambuli
Vakano
Vakativa
Vakawau
Valeni
Valenthi
Valethi Government Station
Valethi
Valovoni
Vambea
Vambia
Vandrai
Vandrakula
Vandra
Vandravandra
Vandravandra
Vangai
Vangandathe
Vangandathi
Vangandra
Vanuakula
Vanua-kula
Vanuakula
Vanualevu
Vanua Levu
Vanualevu
Vanuandina
Vanuaso
Vanuavatu
Vanuavou
Vanuavo
Vanumbua
Varoka
Vatani
Vatau Karasa
Vathaleya
Vatoa
Vatoa
Vatoa
Vatolotolo
Vatukalo
Vatukarasa
Vatukarasa
Vatukathevatheva
Vatukoula
Vatukutha
Vatu-lei-le
Vatu Leile
Vatulele
Vatuloa
Vatulovona
Vatumbalavu
Vatuolalai
Vaturua
Vatuseikiyasawa
Vatusongosongo
Vatutandova
Vatutavui
Vatutu
Vatu
Vatuvonu
Vatuvula
Vatuwangga
Vatuyamba
Vaua
Vavalangi
Veindik
Veindrala
Veinugga
Veinungga
Veiuto
Veivatuloa
Vendrala
Verata
Verevere
Vese
Vesi
Viani
Vianutha
Vindawa
Vinungga
Vione
Viria
Visama
Visa
Viseisei
Visonggo
Vi-songu
Visoto
Vitawa
Vitina
Vitongo
Vivili
Viwa
Volinangerua
Volivoli
Vorovoro
Votualailai
Votua
Voua
Vou-nuku
Vuake
Vuandomo
Vua
Vuinakawakawa
Vuinandi
Vuinanggalutu
Vuinmono
Vuiranggilai
Vukavu
Vulovi
Vuluna
Vuma
Vunambua
Vunamoli
Vunanggoru
Vunanitu
Vunaniu
Vuna Nui
Vunatoto
Vunatovau
Vunavutu
Vunayasi
Vunayawa
Vunievu
Vuniivisavu
Vunikondi
Vunikura
Vunilangi
Vunimanggo
Vunimbau
Vunimoli
Vunimoli
Vunimono
Vunindamoli
Vunindawa Government Station
Vunindawa
Vunindongoloa
Vunindongoloa
Vunindumba
Vuniniundrovu
Vunisea Station
Vunisea
Vunisea
Vunisea
Vunisea
Vunisei
Vunisei
Vunisimu
Vunisinga
Vunisinu
Vunisotho
Vuni-ta-moli
Vunivaivai
Vunivatu
Vunivau
Vunivesi
Vunivota
Vunivundi
Vunivuthea
Vunivutu
Vuniwai
Vuniyaumunu
Vunuku
Vuo
Vuru vuru
Vusama
Vusamu
Vusanatu
Vusaratu
Vusasivo
Vusua
Vuthi
Vuthuna
Vutivuti
Vutu Levu
Vutuma
Vutuna
Vuya
Wai Dravu
Waikama
Waikama
Waikete
Waikumbukumbu
Wailanga
Wailevu
Wailevu
Wailevu
Wailoku
Wailotua
Waimbalavu
Waimbasanga
Waimbongi
Wainandiro
Wainasomo
Wainawangga
Waindo
Waindrathia
Waingganaki
Wainggori
Wainiika
Wainika
Wainikia
Wainilotulevu
Wainimakatu
Wainimakutu
Wainingandru
Wainisikia
Wainiyambia
Wairiki
Wairuarua
Wairuku
Waisali
Waisa
Waisa
Waisomo
Waisomo
Waitambu
Waithoka
Waitoga
Waitonga
Waitovu
Waito
Waivaka
Waivou
Waivunia
Waivunu
Waiyanitu
Waiyevo Government Station
Waiyevo
Waiyevu
Walu Bay
Wanosi
Warua
Wathiwathi
Wavu
Wayalevu
Welangi
Yadua
Yakani
Yakita
Yako
Yalava
Yale
Yaloku
Yalombi
Yambatha
Yandrana
Yandro
Yandua
Yandua
Yangganga
Yanutha
Yanutha
Yanuya
Yarawa
Yaroi
Yarovundi
Yaro
Yaro
Yasawairara
Yasawairo
Yasawa
Yathalea
Yavitu
Yavulo
Yavuna
Yavusania
Yavu
Yawi
Ysava
