Anson
Bahia Fox
Beaver Settlement
Bluff Cove
Bluff Cove Settlement
Bombilia House
Burnside House
Campo Verde
Camp Verde
Cantera de Arena
Carcass Island Settlement
Ceritos
Cerritos
Chartres
Chartres Settlement
Cranmer
Darwin
Darwin Settlement
Dos Lomas
Douglas Settlement
Douglas Station
Dunnose Head
Dunnose Head Settlement
East Settlement
Estancia House
Evelyn Station
Fitzroy
Fitzroy North
Fitzroy Settlement
Fitzroy South
Foam Creek House
Foam Creek Settlement
Fox Bay East Settlement
Fox Bay West Settlement
Goose Green
Goose Green Settlement
Green Patch Settlement
Hill Cove
Hope Cottage
Horqueta
Horseshoe Bay
Johnson Harbour Settlement
Johnsons Harbour
Keppel Settlement
Lively Settlement
Mare Harbour Rancho
Mariqueta
Mariquita
Mid Rancho
New Island Settlement
North Arm
North Arm Settlement
Orqueta
Pebble Island Farm
Pebble Island Settlement
Piedra Sola
Port Howard
Port Louis
Port Louis Settlement
Port Louis South
Port San Carlos
Port San Carlos Settlement
Port Stanley
Port Stephens
Port Stephens Settlement
Rincon Grande
Rincon Grande Settlement
Roy Cove
Roy Cove Settlement
Saint Louis
Salvador
Salvador Settlement Corral
Salvador Settlement
San Carlos Estate
San Carlos
San Carlos Settlement
Sand Fountain
Saunders Island Settlement
Soledad
Speedwell Island Settlement
Spring Point Settlement
Spring Point
Stanley Harbour
Stanley
Teal Inlet Settlement
Teal Inlet
Tranquilidad
Walker Creek
Weddell Settlement
Westpoint Island Settlement
West Settlement
