Adevue
Adibue
Adibuee
Adibuwe'
Adibuwee
Adubuwe'
Af
Airech
Airetj
Akahk
Akaku
Alaudscho
Alaujo
Alauso
Aleru
Alohkapw
Alokap
Alongot
Amin
Amun
Anipadsch
Anipaj
Anipas
Anipasu
Anipein Pah
Anipein Powe
Anipen
Anipoas
Anoth
Anoz
Areu
Arinel
Aringel
Aringell
Aringeru
Aringiru
Arokappu
Aru
Aruu
Ateliu
Ateliw
Atell
Atelu
Ateru
Atiliu
Atiliw
Atliw
Auak
Aumar
Aumaru
Aumoar
Aun
Auun
Awak
Awak Pah
Awak Powe
Ayirech
Ayrach
Ayrech
Baanimaut
Baanimut
Baanimuut
Baanmaut
Balabat
Baleabaat'
Balebat'
Balebatt
Balelach
Baqanimaqut
Barabado
Barabato
Bechiel
Bechiyel
Bechyal
Beenik
Beitiu
Beken
Benig
Benik
Berado
Berard
Biloechaang
Binaew
Binau
Binaw
Blelatsch
Blochang
Boenne
Bogul
Bruggemann
Bugol
Bulochang
Buloochang
Bulwol
Canaun
Cap Oligabi
Ccun
Chiyuru
Chol
Chool
Choqol
Chorong
Choru
Chukienu
Chukuram
Chun
Colonia
Colony Koronia
Colony Town
Corog
Daabach
Dabach
Dachangar
Dachngar
Danipei
Dariikaan
Darikan
Datjmur
Davotj
Deboch
Dechumur
Derikan
Detianar
Diadi
Djun
Doanguuc
Doqomchuuy
Dorf Lela
Dorf Lele
Dorf Lolo
Dschakarenkap
Dschalapuk
Dschountin Handel Station
Dublon
Dublon Town
Dugor
Dulkaan
Dulkan
Eirech
Elielliwi
Elielwi
Enipeihn Pah
Enipeihn Powe
Enipein Pah
Enipoas
Ennin
Epin
Era
Eriel
Etiemar
Etiermar
Ewashi
Ewes
Faal
Fal
Faloma
Fanalili
Fanaliliy
Fanama
Fanbatear
Fangel
Fanip
Fankachau
Fanömö
Fanqaliiliy
Fara
Faraq
Faregaaw
Faro
Fason
Faupö
Faut
Feeduqör
Fein
Fenealiliy
Feyin
Finaunpes
Finfokoa
Finfoko
Finfukul
Finkol Te
Finolof
Finpukal
Firigaaw
Firigau
Firigqaaw
Fogen
Fomseng
Fongen
Foup
Fra
Frigaau
Frig'aw
Gaanaun
Gachalaaw
Gachalan
Gachalaw
Gachapar
Gachepar
Gachpar
Gadjebar
Gael'
Gaeregei
Gagil
Gaqnaqun
Garegei
Gargey
Garguei
Garguet
Garigej
Garuguuei
Gatchaparu
Gatchiyapuru
Gatjalau
Gatjapar
Gatschapa
Gatschapar
Gilfith
Gillifitz
Gitaem
Gochepa
Gorror
Gudju
Guroor
Guruung
Hala
Imwinseinpwel
Inkoeya
Inshiappu
Insiaf
Inuf
Inufu
Inya Walunga
Ipat
Ipuak
Jelatak
Jin
Jola
Jountin
Kadaay
Kaday
Kanaun
Kanif
Kanoon
Keeng
Keng
Kepinpwel
Kinakapw
Kolonia
Kolonie
Kolonie
Koronia
Koronie
Koroni
Korronii
Kuchu
Kukku
Kukop
Kukue
Kukuwu
Laay
Lahy
Lai
Lamar
Lamear
Lamer
Leabon
Leang
Leap
Lebinao
Lebinau
Lebinaw
Lebnan
Lebnaw
Lebonolong
Leebinaew
Leijut
Lei
Leilei
Lejut
Lele
Lele Village
Lelo
Levinau
Ley
Logaf
Lohd Pah
Lohd Powe
Lohson
Lolo
Loson
Luech
Lueis
Lugan
Lugav
Lukop
Lukula
Lukunlulem
Luweech
Maabuuq
Maakiy
Maaloon
Maa
Maap'
Maaq
Maawech
Mabu'
Mabuu
Machon
Madadjagil
Madalaay'
Madalai
Madalay'
Madargil
Madarigil
Madlay
Madragil
Madschidscho
Maerur
Maeruru
Magachagiiru
Magachaguill
Magachgil
Mahnd
Majijo
Majishou
Makal
Makam
Maki
Makiy
Mal'aay
Malaf
Malaio
Mala
Malam
Malanaj
Malawaay
Mal'ay
Malekun
Malem
Maletiu
Maloai
Malon
Malowai
Malsu
Malway
Ma
Manaio
Manitiu
Manto
Manukun
Maqweach
Maremu
Maroai
Marugrug
Maruqruq
Maru'ru'
Maruuru
Maseesin
Masesin
Matam
Matanluk
Matem
Mauvais Accueil
Mayu
Mealem
Meay
Mechikku
Mechitiu
Mechitiw
Mechol
Meechögöl
Meechoqol
Meichikku
Meilap
Meilop
Meitik
Meqruur
Merur
Mesa
Meseiku
Meseiren
Meseran
Mesieiren
Mesieng
Mesihou
Mesihsou
Messa
Metediu
Metitiu
Mezitiu
Micheew
Micheu
Michew
Milai
Mineef
Minei'
Mini
Minniy
Mkal
Moalol
Mocheu
Mochon
Moen
Moloai
Molouai
Molousi
Molove
Molower
Molway
Mongal
Monon
Monowa
Monowe
Moongael
Moroai
Moron
Motanrikku
Mpomp
Mpwoamwpw
Muanon
Muanun
Mujun
Muliefl
Mulro'
Mulroo
Mulröq
Munien
Murru
Muru'ru'
Muruu
Mutunnenea
Mutunte
Muyub
Muyuub
Mwaan
Mwalok
Mwanitiw
Mwan
Mwoalok
Mwoht
Mwot
Nachap
Nan Angesek
Nanepil
Nanipil
Nanipiru
Nankomw
Nanpil
Nanpilo
Nanpohnsapw
Nanponjap
Nan Uh
Nanukum
Napondschap
Natsu
Neawachang
Neberai
Nechap
Nechocho
Neecap
N'eef
Neel
Nei
Neipeima
Neirenom
Neiwe
Nel
Nemwan
Nepon
Neponolong
Nepononong
Nepos
Nesarau
Neton
Ngariy
Ngof
Ngolog
Ngoof
Nidschow
Nif
Nifu
Nijon
Nijow
Nimaar
Nimal
Nimar
Ninlus
Ninseitamw
Nin Soksok
Nipeimei
Nluul
Nolak
Notu
Nukaf
Nukanap
Nukan
Nukune
Nukuno
Nukura
Numdul
Numenun
Numnum
Numnung
Numunung
Oa
Oarmoar
Oaumoar
Oaunoar
Oboen
Ohwa
Okau
Olip
Omin
Onean
Onip
Onongoch
Onongot
Opun
Orila
Orile
Orira
Oror en Fein
Orowoo
Oumoar
Paata
Paatoapoat
Pada
Palaaw
Palang
Paliais
Paliapailong
Palikir
Pallikir
Panitiw
Panitu
Panpinshappu
Panutiw
Pariyapairon
Pata
Pehleng
Peitiu
Peitu
Peken
Pelia
Peliesele
Peliesole
Pelior
Peliysale
Pelusrik
Peniamwan
Penia
Peniata
Peniemuan
Penienuk
Peniesene
Penior
Perior
Petiw
Peyitiw
Peytiu
Pieis
Pihs
Poaipoai
Poatoapoat
Poatopoat
Pohniak
Pohnmangahng
Pohrasapw
Pohtakied
Pokku
Pok
Ponape
Ponape Town
Pone
Poukachau
Poükechau
Pukusrik Te
Pukusruk Te
Putuk Te
Pwel Weita
Pwene
Pwoaipwoai
Pwoipwoi
Pwok
Qaaf
Qadibweq
Qamin
Qamun
Qanooth
Qaringeel
Qatliw
Qayirëch
Qokaaw
Raeng
Rameru
Rara
Ras
Rebinao
Reere
Reeron
Rekeeshi
Rekisau
Rekisou
Relong
Reo
Rere
Reron
Reu
Rewo
Riikeen
Rij
Rikan
Riken
Rikuan
Rikwan
Rimiit
Rimit
Rioyo
Riquen
Ri
Riy
Rohi
Rohnkiti
Roi
Ronkichi
Ronkite
Ronkiti
Rörö
Rottopaa
Rudnu
Ruechayam
Rueechayaam
Rugau
Rukoppu
Rumo
Rumu
Rumuug
Rumuuq
Runu
Run'uw
Runu'w
Ru'
Ruugau
Ruun'uw
Ruuq
Ruu
Sabore
Sabota
Sabotiu
Sabun
Saladak
Salapwuk
Sallong
Salong
Sannuk
Sanuk
Sapata
Sapitiw
Sapoer
Saponong
Saporänong
Sapota
Sapotiu
Sapotiw
Sapou
Sapun
Saventiac
Saveth
Schaulon
Sekeren Iap
Sharapuku
Shiyainowaru
Sialat
Soborelong
Sobota
Sobou
Soh Nting
Sopou
Sopuo
Sounting
Sroanef
Srupunyot
Supur
Taafniith
Taalguw
Tabeelaeng
Tabnifiy
Tabunifi
Tafgif
Tafgiif
Tafnith
Tafonsak
Taf Te
Tafunis
Tafunsak
Tagaam
Tagagin
Tagam
Tagamu
Tageegiin
Tagegin
Tagenen
Tahonsaku
Talagu
Talaguu
Talangith
Talangiz
Talegu
Talguw
Talngith
Tamak
Taman
Tamil
Tamon
Tamoroi
Tamureu
Tamuroi
Tamwarahlong
Tamworohi
Tanepei
Tapak
Tar' aw
Tarqaaw
Tauenpil
Tav
Tawoowaay
Teab
T'eanfaar
Tean
Teate
Teb
Teenfar
Teenifar
Temwen
Tenfar
T'enifar
Tepat
Thabeeth
Thabeth
Thol
Thool
Tiati-en-Reu
Tiati-en-Roi
Tiati
Tjool
Toal
Toeruw
Toley
Tomara
Tomil
Tomiru
Tomora
Tomorolong
Tomu
Tomwarahlong
Tomwara
Tonoas
Tonof
Tonokas
Toovai
Toruw
Tououay
Touway
Towai
Towoway
Toynim
Tungunbinaw
Tunnuk
Tutukte
Uanajan
Ucloj
Uelei
Ueloi
Ueloy
Uenfra
Uenfura
Ueroi
Ueroru
Ugem
Ulu
Umin
Umung
Umungu
Umun
U Mura
Unefaraa
Unifei
Unikapi
Unikappi
Unun en Unikopi
Unun en Unum
Ununo
Uonean
Uoruuoru
Uoten
Upen
Upwein
Utwa Ma
Utwa
U
Uvilee
Valavat
Velabat
Vinau
Vinibau
Volip
Volouai
Vorile
Vorovo
Vorvor
Waaloo
Waalooy
Wachngal
Waloy
Wan Utwa
Wanyaan
Wapparu
Waraqyal
Weach
Weeloay District
Weenfaraq
Weno
Weroi
Werua
Wgem
Wichukuna
Wichukuno
Wichuk
Winakapi
Winifei
Wininin
Wininis
Winisi
Witynokis
Woarowoq
Wonip
Wonpiedi
Wonpiepi
Woriiläg
Worowa
Woruworu
Worwoq
Worwor
Wugeem
Wugem
Wuluuq
Wuluu
Wulu'
Wununno
Wurwo'
Yabach
Yaboch
Yappu
Yaptown
Yap
Yeboch
Yekula
Yela
Yepan
Yevotj
Yinuuf
Yin
Yn
Yugol
Yuin
Yunuf
Zabez
Zol
