Aaerne
Aanerne
Æðuvík
Åerne
Á Heyggi
Akraberg
Akrabyrgi
Akrar
Ande Fiord
Andefjord
Ánir
Ánirnar
Arge
Argir
Árnafjørður
Arnefiord
Arnefjord
Á Steig
Avevig
Biskopstø
Biskupsstøð
Blankskáli
Bö
Bøur
Dal
Dalur
Deble
Depil
Djúpidalur
Eide
Eiði
Ejde
Eldevig
Elduvík
Famien
Fámjin
Fodlendi
Forlendi
Foså
Fossá
Froðba
Froðböur
Frodebö
Fuglafjørður
Fuglefiord
Fuglefjord
Fundingbund
Funding
Fundingsbotn
Funningsbothur
Funningsbotnur
Funningsfjørður
Funningur
Gaasedal
Garður
Gásadalur
Gåsedal
Gerðar
Gerdar
Gerðir
Gerdum
Giov
Gjaanöre Hoalfst
Gjánoyri
Gjerdum
Gjógv
Gjógvin
Gjoven
Gjov
Glibre
Glyvrar
Gøta
Göteejde
Götegjov
Gøte
Göte Kirke
Gøtueiði
Gøtugjógv
Grógv
Haldarsvík
Haldersvig
Haldorsvig
Haldórsvík
Hamar
Hamrabyrgi
Hamrar
Hamre
Haraldssund
Haraldsund
Hattarvík
Hattervig
Havn
Heiðarnar
Heller
Hellerne
Hellur
Hestö Bygd
Hestö
Hestsbygd
Hestur
Heyggjur
Heygur
Hoi
Höj
Höjvig
Hólar
Hörg
Hósvík
Hove
Hov
Hoyvig
Hoyvík
Húsar
Húsavík
Huse
Husevig
Hús
Húsi
Husum
Hvalba
Hvalböur
Hvalvík
Hvannasund
Hvidenæs
Hvítanes
Iansagerði
Í Botni
Í Fámara
Í Hørg
Í Húsi
Innan Glyvur
Jansagerði
Jensegærde
Kælnæs
Kælnæstange
Kalbak
Kaldbak
Kelnæs
Kirkebö
Kirke
Kirker
Kirkja
Kirkjar
Kirkjubøur
Kjalnes
Klakksvík
Klaksvig
Klaksvík
Kolbanargjógv
Kollafjørður
Kollefiord Church
Kollefjord Kirke
Kollefjord
Kolte
Kolter Bygd
Kolter
Kolterø
Koltur
Koltursbygd
Kraair
Kráir
Krodsled
Krossled
Krosslið
Kunö Bygd
Kunö
Kunoyarbygd
Kunoy
Kvalbö
Kvalvig
Kvannesund
Kvivig
Kvívík
Lambareiði
Lambarejde
Lambi
Lamhange
Lamharge
Lamhaugeejde
Lamhauge
Langasandur
Langesand
Leinum
Leirvík
Leiti
Lejnum
Lervig
Leynar
Leynum
Líðin
Ljósá
Lobra
Lopra
Lorvík
Lysaa
Lyså
Miðgerði
Midjord
Midvaag
Midvåg
Miðvágur
Mikladalur
Mørkenøre
Morskernæs
Morskranes
Moskernæs
Mule
Múli
Myggenæs Bygd
Myggenæs
Mygledal
Mykinesbygd
Mykines
Myrkjanoyri
Næs
Næsset
Nesið
Nes
Nesvík
Neyst
Nolsö Bygd
Nolsö
Nólsoyarbygd
Nólsoy
Norddeble
Norðdepil
Nordöre
Norðoyri
Norðradalur
Norðragøta
Nordredal
Nordregöte
Nordskaale
Nordskåle
Norðskáli
Nordtofte
Norðtoftir
Nybo
Ögrum
Ökrum
Oman fyri Kirkju
Øravík
Ördevig
Öreenge
Öre
Oyndarfjørður
Oyrarbakki
Oyrareingir
Oyrargjógv
Oyri
Porkere
Porkeri
Punthavn
Ridevig
Rituvig
Rituvík
Runavík
Runevig
Ryggur
Ryg
Sadevaag
Saken
Saksen
Saksun
Saltangará
Saltangeraa
Saltangerå
Saltens
Saltnæs
Saltnes
Sandagerði
Sandavágur
Sandegærde
Sandevaag
Sandevåg
Sand
Sandur
Sandvig
Sandvík
Saxen
Seblende
Selatrað
Selletræ
Sevlende
Sevlendi
Signabøur
Signebö
Siov
Sjógv
Sjóvar Kirkja
Sjóvartoftir
Sjov Kirkja
Sjov
Skaalebotn
Skaale
Skaalevig
Skæling
Skælingur
Skælling
Skálabotnur
Skálafjørður
Skálar
Skálatoftir
Skálavík
Skålebotn
Skåle
Skåletofte
Skålevig
Skáli
Skard
Skarð
Skarvanes
Skarvenæs
Skibenæs
Skipanes
Skopen
Skopun
Skúli
Skuö Bygd
Skuö
Skúvoyarbygd
Skúvoy
Slættanes
Slettenæs
Soervaag
Søldarfjørður
Sölmundarfjörður
Solmundefiord
Solmundefjord
Søltuvík
Sørvaag
Sörvag
Sørvágur
Stegaard
Stegård
Steigargarður
Steig
Strænder
Strand
Strender
Strendur
Streymnes
Strömnæs
Strond
Stykket
Stykkið
Sumba
Sumbö
Sund
Sunnböur
Svinaaer
Svinåer
Svínáir
Svinö Bygd
Svinö
Svínoyarbygd
Svínoy
Syðradalur
Sydredal
Sydregöte
Syðrugøta
Teigar
Thorshavn
Thorsvig
Tiörnevig
Tjörnevig
Tjørnuvík
Todnæs
Todnes
Toftanes
Tofte
Toftir
Torkildshøj
Torkilsheyggjur
Torkilsheygur
Tórshavn
Torsvig
Traðir
Trangisvaag Bygd
Trangisvaag
Trangisvåg Bygd
Trangisvåg
Trödum
Troldenæs
Trøllanes
Trongisvágur
Tværaa
Tværå
Tvaora
Tveraa
Tverå
Tvörovri
Tvøroyri
Uppsalir
Upsalon
Uti á Fløtum
Vaag
Vágsheygur
Vágur
Våg
Vålen
Válur
Vandsøre
Vatnsoyrar
Vatnsoyri
Ved Sjov
Velbastaður
Velbestad
Vestmanhavn
Vestmanna
Vestmanshavn
Vestnanhavn
Viðareiði
Videreide
Viderejde
Við Gard
Við Garð
Við Garð
Við Gjógv
Við Kirkjar
Við Kirkja
Við Neyst
Við Sjógv
Vigerberg
Vigerbirge
Vigerlirge
Vigum
Víkarbyrgi
Vikar
Ytri Skáli
