Abaga
Abam
Abame
Abana
Abandou
Abang
Abang-Ayo
Abang I
Abang II
Abang III
Abang-Melem
Abang-Si
Abas
Abé
Abébéa
Abéga
Abel
Abelago
Abélogo
Abeme
Abéna
Abenelan
Abénélang
Abénélang
Abeng
Abenilam
Abenilang
Abiane
Abian Minfakh
Abogotom
Abong Ahoun
Abong-Miang I
Abong-Miang II
Abor
Abor-Tikamé
Aboto
Abou Angoum
Aboukoua
Aboumé
Abouna
Abounaviri
Abouyi
Abuna
Achanga
Achouka
Achouka
Achouka
Ackok
Acondjo
Aconjo
Adamenzork
Adanhé
Adjouma
Adolé
Adoué
Adouma
Adoumé
Adwé
Adza
Adzabassi
Adzabikat I
Adzabikat II
Adzabikat III
Adzabilone
Adzabilone
Adzak
Adzap
Adzap I
Adzap II
Adzébé
Adzebe I
Adzebe II
Adzo
Afagayong
Afagenzork
Afakazock
Afakma
Afak-Medzim
Afane-Mendone
Afangombona
Afan Nzogh
Afavenzock Mouelza
Aféma
Afia
Afogho Bizi
Afouma-adzo
Afouni
Afrik
Agonenzork
Agonga
Agonzork
Agouma
Agouma
Ahdok Fala
Aijo
Akaga
Akagakoa
Akaka
Akak
Akako Mékak
Akaktane
Akalla
Akam
Akam I
Akam II
Akam III
Akamsi-Effak
Akana
Akana-Bour
Akanabour
Akanabur
Akan
Akane
Akaraba
Akélayong
Akelayong
Akernengoule
Akiéni
Akighe Nlam
Akighilam
Akigname
Akineyon
Akinitom
Akoba
Akobié
Akoga
Akog-Avop
Akoghe
Akok
Akok
Akoki
Akoko
Akolinem
Akom
Akomba
Akomé
Akome I
Akome II
Akom Essakotam
Akonadem
Ako-Name
Akondjé
Akondjo
Akonilen
Akoré
Akoreyen
Akork
Akorriyen
Akouaka
Akou
Akouata
Akougoubilyé
Akoul
Akoulazork
Akoulinem
Akoum
Akoumar
Akoumassi
Akoumouno
Akoumounou
Akounilem
Akounilen
Akountam
Akour-Kok
Akourman
Akourman
Akourmané
Akourmar
Akournamé
Alanga I
Alanga II
Alang
Alarmaké
Alarmakeï
Alarmintang
Alarmitang
Alarmitang
Alarmitang
Alat
Alat
Alembé
Alembétogo
Alen-Abanga
Alénakiri
Alen
Alen
Alenass
Alénassi
Alen-Como
Alene
Aléné
Alène
Aléné
Alene Bissouma
Alen Effak
Aléne Koraza
Alène Makora
Alene Mianga
Alen Esseng
Alen Nkogadza
Alen Nkok-Aza
Alieme
Allar Mourkevock
Allego
Allelé
Allem I
Allem II
Allem III
Alleum
Allum
Alomba
Alona
Along
Alonha
Alos
Alossi
Alouma
Aloum
Aloumé
Aloun
Alouné
Alum
Ambinda
Amboki
Amboki
Amboumi
Ambowé
Ambroise
Amendjé
Amengamona
Amengouingani
Amoin
Amposso
Amvam
Amvame
Amvani
Amvémé
Amyéré
Anameyong
Ancien Akaba
Ancien Andok
Ancien Founa
Ancien Kandjama
Ancien Matica
Ancien Métark
Ancien Mimongo
Ancien Okaka
Ancien Okala
Ancien Poste des Apindji
Ancien Village Akakg
Andagh
Andem
Andemé
Andem I
Andem II
Andem III
Andjogo
Andock
Andoka
Andok
Andok
Andok
Andokas
Andokasi
Andokh Nfang
Andoma I
Andoma II
Andoma III
Andom
Andom
Andome
Andome I
Andome II
Andom I
Andom II
Andon
Andouako
Andoume
Andoumezé
Anelakici
Angale
Angané
Angaré
Ango
Angondé-Abéma
Angondé
Angone
Angone Efira
Angone I
Angone II
Angone III
Angonenzork
Angonogo
Angoss
Angouane
Angouma
Angouma
Angouma
Angoum
Angoune
Angounesiste
Anguié
Anguma
Aniane
Aniane I
Aniane II
Aniezok
Aniezork
Aninghé
Aningué
Anonébéré
Anongomiani
Anubi
Anzem
Anzogobe
Aoua
Aouega
Aouela
Aouta
Apari
Apinda
Apindji
Apomandé
Aranga
Aromba
Aschouka
Aschouka
Ashuka
Assan
Assas
Assen
Assengama
Assengasi
Assengassi
Asseng I
Asseng II
Asseve
Assia
Assi
Assibouka
Asso
Assoka
Assok
Assok-Bégué
Assok-Boleu
Assok-Ngoum
Assok-Ngoum I
Assok-Ngoum II
Assok-Nyé
Assok-Seng
Assongnivé
Assora-Massona
Assore
Assougoula Emo
Assoum Mabiala
Assue
Atadi
Atale Eloun
Atem
Atenda-Simba
Aténé
Atengamé
Atonda-Simba
Atongo
Atongoouania
Atouda-Simba
Atouk
Atoumassi
Atoum
Atoute
Atsombial
Atyglam
Atyiglam
Avane
Avang
Avang-Biloug
Avegombori
Avégoumbiri
Avélayong
Aveng
Averoma
Avil-Boumba
Avil-Chicago
Avo
Avom
Avora
Avore Bamba
Avormitok
Awégane
Ayambi
Ayane
Ayang
Ayaya
Ayébé
Ayéghé
Ayéghélé-Mindock
Ayeghening
Ayeguening
Ayeguening
Ayeguening II
Ayem
Ayem
Ayémé
Ayème
Ayenabour
Ayengueni
Ayenguening
Ayoeroebé
Ayol
Ayong
Ayoul
Ayoumba
Ayoumba
Ayoumbi
Azap
Azébé
Azegué
Azériba
Azo I
Azo II
Azongbeu
Azongho
Babaousa
Babili
Babinga
Babini
Babongo
Badiabiki
Badi
Badouma
Bafounou
Bafounou I
Bafounou II
Bagny
Baï
Bakalé
Bakamba
Bakoli
Balamboula
Balanganga
Balemba I
Balemba II
Bama
Bambari
Bambaza I
Bambecan
Bambera-Biyoko
Bambila
Bambo
Bambora
Bambous
Bamé
Bamvomo
Bana
Banda Namba
Bandangala
Bandégué
Bandoungou
Bangadi
Bangakié
Bangassou
Bangassou
Bang
Bangené
Banginga
Bango
Bangodecahoye
Bangola
Bangondji
Bangondo
Bangondzi-Badouma
Bangou
Bangwegne
Baniati
Banoï
Baposo
Baposso
Baposso
Baposso le Petit
Baposso le Pointe
Bapouno
Baraka
Bassaki
Bassegua
Bassitobalangoye
Batanga
Batanga
Batenga
Batoala
Baya
Baya
Bayadi
Bayoukou
Beau Village
Bé
Bedira
Bédounou
Befié
Békaba-Landji
Béka-Béka
Bekemi Amboumi
Bekemi
Bekomi
Bekou-Bekou
Békouyé
Belakembe
Belé
Belem
Bélinga
Belleville
Bellevue
Belliessi
Bembélié
Bemvé
Bendé Passi Mogno
Bendia
Bendjé
Benga
Benga
Bengiaga
Bengiyoe
Bengoué
Bengoué
Bengoye II
Bengué Mamba
Bengué-Memba
Bengui
Bengui
Beni Bantou
Beniomi I
Beniomi II
Benjiaga
Benvaga
Benvelle
Benvellé I
Benvoghe
Benza
Benzé
Benzo
Benzork
Bépila
Béré
Biamani
Biba
Bibaga
Biba Mélène
Bibamvié
Bibassa I
Bibassa II
Bibassé
Bibé
Bibé
Bibiara
Bibioe
Bibolo
Bibolo
Bibonga
Bibora
Biboulman
Bichouin
Bidiabiki
Bidyabiki
Bidzima
Biello
Bienam
Biezok
Bifame I
Bifame II
Bifoum
Bifoun
Bignendzi
Bigouenya
Bihindou
Bikamba
Bikang
Bikas Effek
Bikas Essangui
Bikas Esseng
Bikelé
Bikendzi
Bikobizork
Bikogo
Bikogo
Bikondomo
Bikoromama
Bikouala
Bikougou
Bikoumou
Bila Gouambi
Bilamba
Bilanga
Bilanzambi
Bilape-Saint-Pierre
Bilazambi
Bilebidoua
Bilemba
Bilengui
Biliba
Billanda
Billengué
Billengui
Billengui I
Billengui II
Billengui III
Billy I
Billy II
Billy III
Bilo
Bilolo
Bilombi
Bilombika Keri
Bilossi
Bimbin
Bimbiolé
Bimogon
Bimvème
Bina-Lttemba
Binambi
Binanga
Bindaba
Binda
Bindama
Bindéli
Bindomo
Bindoumessang
Bine
Bingamingami
Bingamingami I
Bingong
Bingoungou
Bingui
Binguilinguen
Binienzi
Binok
Binong
Biogou
Birenki
Birouki
Bisobilam
Bisono
Bissam
Bissaninane
Bissassa
Bissiba
Bissobilam
Bissobilam
Bissobilam
Bissobilan
Bissobimane
Bissobinam
Bissobinam
Bissobinam
Bissobiname
Bissobinan
Bissok I
Bissok II
Bissominam
Bissoubilam
Bissoubilam
Bissoubinlam
Bitam
Bitan
Bitom
Bitono
Bitouga
Bitsabanga
Bitsambanga
Bittolo
Bivanga
Bivebinzogh
Bivène I
Bivène II
Bivène III
Bivène IV
Bivindé
Biyemane
Biyen
Biyenè
Bizang
Bizango-Bibéré
Boali
Bogno Beazini
Bogofala
Bogotang
Boka
Bokaboka
Bokolo
Bola-Pessou
Bola Pessou
Boléko
Bolendjo
Bolobilembé
Boma
Bome
Bomo Komo I
Bomo Komo II
Bonda
Bondji
Bongo-Badouma
Bongo
Bongo
Bongo
Bongo Madouma
Bonneville
Bonneville
Booué
Boque
Bordeaux
Bordeaux
Bordou
Bouala
Boualé
Bouali
Bouatou
Boubapobo
Bouboulou
Boucama
Boucanga
Boucimbi
Bouda
Boudéla
Boudianguila
Boudiombi
Boudouga
Boudoumbou
Boudzoumba
Boué
Bouéca
Boueka
Bouggou
Bougoulou
Bouhoulou
Bouimi
Boukagni
Boukandi
Boukena Boumounou
Boukolo
Boukou
Boulamba
Boulamboula
Boulemba
Boulembi
Boulembo
Boulongo-Bouangani
Bouloula
Bouloulou
Boumabango
Bouma
Boumaga
Bouma-Makaya
Boumango
Boumbakari
Boumbazokou
Boumbazokou II
Boumi
Boumiga
Bounbinda
Boundgi
Boundji
Boundzoukou
Bouneni
Boungaloundou
Boungolo
Boungou Bouliba
Boungou
Boungou
Boungoumana
Boungounga
Bounzoukou
Boupounza
Bouroumba
Boussa
Boussimbi
Boussoka
Boussouka
Boussouniabamba
Boutala
Boutapobo
Boutemba
Boutica
Boutijobo
Boutipabo
Boutombi
Boutomoi
Bouvinga
Bouyanga
Bouyangoula
Bouzoumba
Buey
Bumba
Butica
Butica Uvinia
Butika
Byemane
Byéné
Camba Mongo
Cameroun
Camp de Banga
Camp de Doungo
Camp de Ekoua
Camp de Massima
Camp de Moumba
Camp de Mouramda
Camp de Obaka
Camp de Pounga
Campement Bakiesso
Canca
Canda
Caye
Chinchoua
Chinchua
Clainbanégo
Cocoabeach
Cocobeach
Cocofili
Cocomacala
Comi
Comi
Comilog
Commanda
Condafala
Congona
Conicoué
Coniquet
Conniquet
Cougni
Cougny
Counda
Coundou
Coungou
Dakar
Dambi
Dambo
Dame
Dangui
Débarcadère d'Akondjo
Debarcadère d'Angouma
Debiang
Dégueli
Deguéri
Dekabalandji
Dend
Dendé
Dendo
Denis
Dessima
Diaba
Diabéta
Diamongo
Dianga
Diangui
Dianongo
Dianza
Dibagni
Dibamba
Dibandi
Dibangama
Dibimba
Dibotinafouala
Dibotinéfata
Dibouangni
Dibouangui
Dibouatinafala
Dibouengui
Diboueta
Diboufou
Dibouka
Diboumba
Diboumba
Diboumfou
Diboundi
Diboussou
Diékoké
Diéla Vievi
Dienga
Diengué
Diéré
Difounda
Digaba
Digambo
Digayi
Dignïétoumba
Dignyétoumba
Digoba
Digondji
Digongo
Digoumbi
Digoungou
Diguela
Dikassa I
Dikoka
Dikouka
Dikoulou Dimossi
Dikoundou
Dikouta
Dilalou
Dilalou
Dilanda
Dilemba
Diliéliga
Diliénga
Dilliéliga
Dilolo
Dimba
Dimbou
Dimbou
Dimbougui
Dimina
Dingui
Dingui
Dinguilila
Diolo
Diombi
Dipouya
Dirembo
Disofou
Dissala
Dissango
Dissegui
Dissengo
Dissengui
Dissiala
Dissingo
Ditadi
Ditoumba Nzambi
Ditounga
Divangui
Divangui
Divangui
Diveia
Divélo
Divévi
Divévi
Diveya
Divina
Divinda
Divinda
Divindé
Divinou
Divoko
Divolo
Djabéta
Djamiti
Djangatébé
Djaouri
Djassone
Djema
Djémba
Djiba
Djiba I
Djiba II
Djima
Djoakaye
Djoakaye I
Djoakaye II
Djoconamoye
Djogeboat
Djokala
Djokoloudja I
Djokoloudja II
Djokonamoi
Djokonamoyo
Djokoroundja
Djokossana
Djondi
Djongo
Djongo II
Djoukou
Djoum
Djoum II
Djoutou
Doan
Dogo
Dola
Dolle
Domassi
Dondo
Dondo I
Dondo Moucoubango
Donghila
Dongila
Donguila
Doua
Douanga
Douaniang
Doubagni
Doubagni
Doubambi
Doubani
Doubi
Doubogno
Douboumo
Doufouma
Dougalou
Dougandou I
Dougandou II
Dougayi
Dougou Mamba
Douigny
Doukaki
Doukanga
Doukanga
Doukendema
Doukoumou
Douli
Doumaï
Doumamango
Doumandzou
Doumanzo
Doumassi
Doumatsengué
Doumboukombi
Doum
Doumé
Doungou
Doungounéné
Dounguila
Dounvou
Douradzum
Doussala
Doussoundzi
Douzanza
D'Ovan
Dovoyi
Dubendji
Duma
Dume
Duradzoma
Dyanga
Dyanza
Dyelessi
Dyengué
Dyengué
Dyenza
Dyenzé
Dzamossi
Dzibé
Dzoguengone
Ebamayong
Ebamou
Ebandaga
Ebandan
Ebandje
Ebando
Ebang
Ebango
Ebaredo
Ebea-Akork
Ebéa
Ebea
Ebé
Ebégnakok
Ebeï
Ebeigne
Ebel
Ebélé
Ebéneyong I
Ebéneyong II
Ebengon
Ebengone
Ebiane
Ebiane
Ebiani
Ebobogo
Ebolahon
Éboman
Ebondjé
Ebondji
Ebondsche
Ebon
Ebor
Ebori
Eboro
Ebot
Eboundji
Ebounfaga
Ebsame II
Ebyegn
Echira
Econe
Eçoukou
Edabour
Eda
Edok
Edouangani I
Edouangani II
Edouma
Edoumé
Edoung Alangha
Edourna
Edzamangen
Edzedzen II
Effandé
Efot
Efoulana
Efoulane
Egmounga
Egnounga
Ego
Egoumbi
Ehanzo
Ehong
Ékala
Ekalla
Ekan
Ekarelon
Ekarélong
Ekata
Ekatangaye
Ekaye
Ekeka
Ekéngue
Ekéoua
Ekika
Ekododo
Ekohong
Ekok
Ekong
Ekoniédoumé
Ekorédor I
Ekorékié
Ekorridou
Ekoua
Ekouass
Ekouata
Ekoueta
Ekoui
Ekoumaniambi
Ekoum-Ebel
Ekoumevong
Ekoungou
Ekowong
Ekwy
Elane
Elanh-Bemvoum
Elarmilon
Élarmitang
Elata Bakota
Elébé
Elébé
Eleko
Elelem
Elelem
Elibéré
Eliva
Elléla
Ellélem
Ellem
Elomba
Elombé
Elong-Eko
Elong Eko
Elong-Eko
Elong-Eko
Elope
Elouma
Eloum
Elouzanzoko
Emanagouga
Embadaga
Emone
Empoussa
Emvouhna
Endama
Endendang
Endjoumou
Endoma
Endome
Endome I
Endome II
Engang
Engasse
Engeng
Engo Effak
Engo
Engogone
Engong
Engong
Engoumou
Engoung
Enguengang-Medzim
Enieng
Eniengméléné I
Eniengméléné II
Enientang
Enkassa
Entsaka
Enworedule
Enyonga
Eourouzork
Eparga
Equata
Erogoué
Esende
Esissié
Ésong
Essa
Essamvégne
Essanang
Essangui
Essanvougha
Essendjoum
Essogongone
Essomilang
Essone Bizang
Essone
Esson
Essong Abam I
Essong Abam III
Essong
Essong I
Essong II
Essonia
Essono
Essoua
Essoukou
Essoun-Alem
Etaba
Etakangaï
Etakangaye
Etakaniabé
Etamayen
Etamayong
Étamétang
Etchougou
Eteing
Étéké
Etiala
Etogo
Étogou
Étoughi
Etouk
Etouk
Etsamé I
Evamba
Evameyonga
Eves
Eves
Éveula
Eviéname
Evinayong
Evone
Evoredoule
Evoredouleu
Evorédouleux
Evormakok
Evormakok
Évormbilé
Evormitok
Evoula
Evoung-Voung
Evouta
Evouta II
Ewémé
Ex-case Boyer
Eyamayong
Eyamayong
Eyamayong
Eyaméyéne
Eyameyen
Eyameyon
Eyameyong
Eyameyong
Eyané
Eya Nioy
Eyemé
Eyene
Eyéné
Eyinané
Eyouga
Eyouga II
Eyoumbi
Ezamkang
Ezango
Falaba
Fala
Fala
Fala-Nzamata
Fébezok
Fémé
Feng
Fera
Fernand-Vaz
Fernan Vaz
Fernan Vaz
Foloe
Fone
Fortifié du Lékoni
Fortifié du Liconi
Fouala
Fouanga
Foubenzok
Foubenzork
Fouelou
Fougamou
Foula Bifoun
Foula Bifum
Foula Fieng
Foula
Foula
Foula
Foulamayong
Foulameyong
Foulassi
Foulayong
Foulebeng I
Foulebeng II
Foulenzem
Founa
Foundou
Foundou Nzambi
Fouramouanga
Fouroumanga
Franceville
Fulabifum
Gabéta
Galoua
Gamba
Gangoué
Ganzi
Gazo
Ghébida
Ghèdiba
Gikiba
Gnali
Gnanamé
Gnazang
Gnienzi
Gnyoungou
Gobini
Gondzi
Gongoué
Goualé
Gouamba
Gouassa
Goudou-Fouala
Goudoumayou
Goulougaï
Goumbou
Gounda
Goundiman
Goungui
Grand Lékolo
Grand Massengo
Grand Mobigou
Grand Village
Guaviri
Guéme
Guiabeta
Guidiba
Guidouma
Guiéssébé
Guilingono
Guisse
Hublin
Huy I
Huy II
Iantsi
Ibaga
Ibakodia
Ibala
Ibamba
Ibamba
Ibanga
Ibega
Ibéla
Ibella
Ibembo
Ibinga
Ibomo
Iboundji
Iboundji
Icoumba
Idamba
Idema
Idemba
Idemba
Idemba I
Idemba II
Idembé
Idembe
Idiata
Idiba
Idimba
Idokogo
Idolo
Idouma
Idoumi
Idounda
Igala
Igela
Igning-Méléne
Ignol
Igolani
Igouba
Igoudi
Igouma
Igoumbi
Igouna
Iguéla
Iguendjo
Iguéné
Ikanga
Ikassa
Ikembelé
Ikembélé
Ikengué
Ikéoué
Ikeri Issiana
Ikéva
Ikié
Ikika
Iko
Ikoli
Ikone
Ikongo
Ikoré
Ikouka
Ikoulam-Vam
Ikoya
Ilala
Ilandé
Iléka
Ilelo
Ilendo
Ilendo
Ilendou
Illala
Iloba Songui
Iloga Magounga
Ilogo
Iloneyon-Sekioni
Ilongo
Ilou
Iloumi Ilongo Dibora
Imboko
Imbong
Iméno
Iméno
Iméno-Mbila
Imono
Inanga
Inanga
Inanie
Indamba
Indéndé
Indimba
Indombo
Indombo
Indoué
Indoume
Indzanza
Ineni Magno
Ingasse
Ingolandjondjo II
Ingolandjondjo I
Ingolandjondo
Ingonda
Ingong
Ingou
Ingounda
Ingueï
Inguelé
Iniounga
Inominomio
Inongo-Aïlé
Inongo
Intogo
Inzamba
Inzambo
Inzé
Inzombo
Iouasso II
Iouasso I
Iouatchi
Iouatsi
Ipamboua
Ipedie
Ipoungoa
Ipoungo
Ipoungou
Ipoungou
Irandou
Irandou
Irendi
Irendou
Iréva
Irogo
Irougou
Iroungou
Isogni
Isogni Salou
Issac
Issadoumongo-Ignizok
Issadoumongo
Issala
Issangafoum
Issiamboula
Issiapi
Issiari Mandifou
Issibou
Issigou
Issinga
Issinga
Issinga
Issohingon
Issoloué
Issoung II
Issoung I
Itaba
Itala
Italatala
Itava
Itébé III
Itébé II
Itébé I
Itéké
Itogo
Itoko
Itoughi
Itougou
Itougui
Itsanga
Itsango
Itsigou
Itsila
Itsouadi
Ivanga
Iveté
Ivicou
Ivoumounou
Ivoundou
Ivouta
Ivouti
Iyantzi
Izamba
Izambé
Joctane
Jogeboat
Junckville
Junokville
Kabaga II
Kabaga I
Kabaga
Kabala
Kabi
Kabo Nzambi
Kadje
Kafele
Kaga II
Kaga I
Kaka
Kaki
Kalami
Kaleton
Kalingoué
Kamalété
Kamba I
Kamba
Kamba
Kambala
Kam
Kanapo
Kanda
Kandjama Bika
Kandjama
Kandjama Simba
Kandouo
Kandwou
Kanga
Kangala
Kango
Kan-Kan
Kantsaga
Kara
Karamaïen
Kassetchoui
Kassiami II
Kassiami I
Katamoba
Kaya-Kaya
Kayes Congo
Kazé
Kebili
Kédi
Kékélé
Keleba
Kelili
Kellé II
Kellé I
Kellé
Kembélé
Kemboma
Kendjé
Kendo
Keng-Akok
Kenibeï
Kéno
Kenzé
Kenzo
Képa
Kera-Kera
Keri II
Keri I
Kéri
Keri
Kéri
Keri Nzambi
Kéryé
Keseetchui
Kessala
Kessetchi
Kessetchoui
Kessipougou
Kéwaga
Kiagui
Kika
Kimbélé
Kimene
Kobékobe
Kogh-Ebélé
Koho-Bono
Kokobé
Koko
Kokolo
Koko Magoma
Koko Maguema
Kokominghéli
Kolimboung
Kollioura
Komadéké
Koma
Kombani
Kombitoumba
Kombo
Komi
Konako
Konanadembé
Kondakoko
Konda
Kondiri
Kondzi
Konenadembé
Kong
Kongo Boumba
Kongo-Godafala
Kongou
Konikue
Kono
Kos
Koto
Kotto
Kouadembé
Kouagna
Kouagna
Kouala
Koualessis
Kouamé
Kouangata
Kouango
Kouangou
Kouanou
Koubala
Kougoulé
Kougouleu
Kougouri
Koulamotou
Koula Moubou
Koula Mouta
Koula-Moutou
Koulamoutou
Koula-Okak
Koumala
Koumamala
Koumamayong
Koumameyong
Koumaniabé
Koumassi
Koumatza
Koumazza
Koumba
Koumbanou
Koume
Koumiki
Koumoué
Koumougani
Koumougari
Koumou
Kounadembé
Kounamoutou
Koundakoua
Kounda
Koundou
Koungoua
Koungou
Kouri
Kouroussou
Kousou
Kouta
Kouya
Kringer
Kroussou
Kwaben
Kwangou
Laboka
Lafond
Lalala
Lalara
Lama
Lamba
Lambaréné
Lambaréné
Lambaréné
Lambaréné
Lambaréné
Lambassi
La Nsyé
Lara
Lasiko
Lassonie
Lastoursville
Lastourville
Lata-Bengoué
Latanamitaga
Latanda
Latsa
Lébagni
Lebagni
Lebagny
Lebagny
Lébaladouba
Leba
Leba
Lébamba
Lebasa
Lebassa
Lebaye
Lebba III
Lebba II
Lebba I
Lebba
Lebé
Lebengo
Lèbiayou
Lebinga I
Lebingué
Lebiri
Lebongui
Lecagna
Lecolé
Léconi
Lecori
Ledoumou
Legala
Léhou
Lekaba
Lekadouba
Lekala
Lekala
Leka
Lekamba
Lékamba
Lékégni
Lekeï III
Lekeï II
Lekeï I
Lekei
Lékengué
Lékila
Lekimbou
Lekindou
Léklla
Lekoka
Lékolo
Lékoni
Lekori
Lekoumba
Lékoussaga
Lélédi
Lelendé
Lelongo
Lémagna
Lémanga
Lemba
Lembayoungou
Lembe
Lembodouma
Lemboudouma
Lemboumbou
Lemé
Lemenga
Lemingué
Lendabengui
Lendama
Lendoundoungou
Lengori I
Lengori
Lengounga
Léniombi II
Léniombi I
Léniombi
Lenzongo
Léoinga II
Leou
Lépaka
Lépépé
Lepouya
Les Bambous
Lesoka
Lessabou
Lessasso
Létamba
Letembé
Letoubou
Leuve
Levama
Levata
Levayou
Leveve
Levika
Levinda
Lewaï
Léwou
Leyassa
Leyimba
Leyounga
Liandza
Libaladouba
Libamba
Libéla
Libena
Libengo
Libreville
Licocodjiba
Licoko-Kaliakali
Liconi
Lidenha-Sica
Lidiambou
Lidiata
Lidiembo
Lidyembo
Lieben
Liembo Douma
Lifouta
Lihouma
Lihouvima
Likéka-Paoumandja
Likila
Likoko
Likokou
Likouala
Likoye
Limbenga
Limengué
Lindeba-Combi
Lindéba-Sika
Lindémbé
Lingara
Lingomo
Lingoye
Lingoye
Lingoy
Linzé
Lipopa
Lissoka-Mabeka
Lissoka-Micouca
Lissouca
Lissouka
Litouga
Litségué
Little Denis
Livikou
Liyami
Liyembi
Loanda
Loandou
Lobo
Londe
Londen
Londo
Longa
Longoué
Louango
Louango
Louangou
Louba
Louba
Loubasa
Louis
Loukaba
Loukila
Loulou
Lounalou
Loundzou
Lounga
Loungou Zambi
Lounzou
Loussala
Lvouta
Lyodia
Mabagou
Mabala
Maba
Mabana
Mabanga
Mabang II
Mabang I
Mabang
Mabangui
Mabélé
Mabémandouma
Mabenda
Mabendj
Mabengi
Mabengo
Mabengo
Mabey
Mabili
Mabinga
Maboka
Mabonkori
Mabou
Mabouma
Mabounda
Mabounga
Mabouriga
Maboussou
Mabouya
Mabvounoungou
Macadioum
Macadium
Macadium
Macadyoum
Macanda
Macoc
Macok
Macouma
Macoungouloa
Macouti
Macouzca
Macuma
Maçwi
Madaga
Madangou
Madankogo
Madankoyo
Madekélé
Madékélo
Madianza
Madiba
Madiba
Madiela
Madinga
Madioumba
Madjayé
Madjingo
Madonga
Madzaya
Mafak
Mafa
Mafouka II
Mafouka I
Mafouka
Mafou
Mafu
Magabica
Magabiga
Magabiga
Magabika
Magagana
Magama
Magassiala
Magnamé
Magnigma-Mbomo
Magnima
Magnimba
Magnon
Magnon
Magombolala
Magonga
Magouanga
Magoumba
Magounga
Magounga
Magueni
Maguidou
Mahengyédi II
Mahiboré
Mahina Bouissi
Mahinda
Mahouna
Mahounda
Mahounda
Mahounga
Maïla
Makaa
Makabana
Makabana
Makaba Ndilo
Makaga
Makakou
Makala
Makana
Makana
Makana
Makanana
Makanda
Makanda
Makaneni
Makanga
Makanga
Makangonio
Makao
Makaramenzork
Makatamagoye
Makebe
Makegni
Makékou
Makiena
Makina-Bouissi
Makok
Makoko
Makokoué
Makokou Fortifié
Makokou
Makombo
Makondzi
Makoubou
Makoui
Makoungoulou
Makounou
Malaba
Malaba
Malabilila
Mala
Malama
Malanga
Malanga
Malanga
Malaré
Malari
Maleba
Maleba
Malembé
Malembé
Malembo
Malendé
Malène Bibolo
Maléne
Malengo
Malenzi
Malessi
Malimba
Malimba
Malimba
Malinga
Mallébé
Mallembé
Mallima
Malolo
Malondo
Malongo
Malongo-Mobéi
Mamagnia
Mamania
Mamaososi
Mambaza
Mambelo
Mambi
Mamboukou
Mambounga
Mamboungou
Maméni II
Maméni I
Mamidi
Mamidi
Mamogo
Mamondo
Manbounga
Mandaganga
Mandilou
Mandi
Mandji-Kili
Mandji
Mandji
Mandji
Mandji
Mandji
Mandombo I
Mandombo
Mandzi
Manega
Manenga
Mangala
Mangama
Mangara
Mangoma
Mangono
Mangoubou
Mangoumbou I
Mangounga
Mangoungou
Manguéné
Manguikoumé
Manin-Manin
Manioc
Manogo
Mantoua
Manyal
Manzilo
Maoukafan
Maoumba
Maouya
Mapaka
Mapanga
Mapapa
Mapfongui
Mapfoungui
Mapika
Mapinga-Vouvou
Mapouti
Maranda
Maremba
Masoucou
Masoui
Masoukou
Massaa
Massaba II
Massaï
Massako
Massama
Massa
Massana
Massandzé
Massane
Massanga III
Massanga II
Massanga I
Massanga IV
Massanga
Massanga
Massaya
Massayi
Masseb
Massegué
Massé
Massé
Massendjo
Massenéga
Massengo III
Massengo II
Massengo I
Massengo
Massika
Massika
Massima
Massimangouandja
Massi-Massi
Massimbou
Massiya
Massoli Oubala
Massombo
Massoro
Massoti
Massouka
Massouka
Massoukou
Matchimanangani
Matchinamana
Matchiti
Matembelé
Matemo
Matété
Matica
Matongo
Matora
Matoro
Matoté II
Matoté I
Matoulou
Matoumba
Matoungou
Matsanfou
Matsingou
Matsioumba
Matsoumba
Mavaco
Mavéné
Mavindji-Posso
Mavouama
Mavoula
Mavoul
Mavou
Mavumba
Mayabi
Mayamba
Mayamba
Mayani
Mayani
Mayaya
Mayazaïpépa
Mayébout
Mayebut
Mayéguédé
Mayela
Mayeliga
Mayemba
Mayéné II
Mayené II
Mayéné
Mayenga
Mayengone
Mayenguelé
Mayengue
Mayengué
Mayiga
Mayingue
Mayoba
Mayombo
Mayoumba
Mayumba et Lebé
Mayumba
Mazinga
Mbadi
M'Bafane
Mbafane
Mbafan
Mbalene
Mbama
M'Bama
Mbamayong
Mba
Mbam
Mbanga
Mbang-Elé
Mbas
Mbaya
Mbé Ayo
Mbebengui
Mbékila
Mbéla
Mbelatem
Mbélé
Mbeligui
Mbembam
Mbenga
Mbengué
Mbengui
Mbey
Mbéza
Mbia
Mbidiga
Mbié
Mbighou
Mbigou
Mbigou
M'bigou
Mbigou
Mbigou
Mbila Nzambi
Mbilatem
Mbimba
Mbina Letembe
Mbinda
Mbingal
Mbinga
Mbira II
Mbira I
Mbissa
Mbissi
Mbizo
Mboa
Mboga
Mbogha
Mbojo
Mboki
Mbolendzork
Mbolen-Nzork
Mbolensok
Mbolenzo
Mbolenzork
Mboleunzork
Mbolonzok
Mboma-Makama
Mboma
Mboma
Mboma
Mboma
Mbomao
Mbo
Mbomo II
Mbomo I
Mbomo
Mbomo
Mbomo
Mbomo
Mbondé
Mbondo Malonge
Mbondo
Mbone
Mbong-Elé
Mbonha
Mbon Mogel
Mboua
Mbouda II
Mbouda
Mboudou
Mbougou
Mbouissi
Mboukou
Mboukou
Mboula
Mboula
Mboulet
Mboumba
Mboum
Mboundou
Mbounga
Mboungou
Mbourandou
Mébama
Mébameu
Mébana
Mebang
Mébaza
Mebba II
Mebba I
Mében II
Mében I
Mebeu
Méboko
Mébolo II
Mébolo
Mebomeu
Mechui
Méconga
Médégué
Medjong
Medoumou III
Medoumou II
Medoumou I
Medoumou
Médouneu
Médoung
Medzem II
Medzem I
Medzui
Mefana
Méfia
Mekaga
Mékak
Mékambo
Meka
Mekamenzogh
Mekampo
Meke-Meke
Mékina
Mékob
Mekoga
Mekok
Meko
Mekome
Mékomo Esseng
Mékomo III
Mékomo II
Mékomo I
Mèkomo
Mékonaname
Mekone
Mékongo
Mékoué
Mélagni
Mela
Melané
Melark
Meleme
Melene II
Melene I
Melène
Melen
Melen
Melep
Mèli
Mélolé
Mélongo
Memba
Membang
Memboum
Mempolo
Memvéme
Memveme
Menaï
Mendock
Mendomo
Mendouga
Mendoum
Mendoung
Menenga
Mengang II
Mengang I
Menguele
Mengue-Miloba
Mengui
Menkoga
Menoue
Mesonkoré
Messama
Messami II
Messami I
Messami
Messana
Messang
Messang
Messon Effak
Messoum
Metak
Métala
Métark
Metéo
Methui
Metomo III
Metomo II
Metomo I
Métou
Métui
Metunga
Mevang
Meyo Eba
Meyo II
Meyo I
Meyo-Kyé
Meyo
Méyong
Meyos II
Meyos I
Mézata
Mfagne II
Mfagne I
Mfang
Mfaye
Mfémé
Mfoa-Arebe
Mfoa
Mfoua-Avebé
M'Foua
Mfoua
Mfoubou
Mfoukoualou
Mfoulayong
Mfoulenzem
Mfoul Mengoma
Mfoul
Mfoumé
Mfoumou II
Mfoumou I
Mful II
Mful I
Miare
Mibaca
Mibaka
Mibang II
Mibang I
Mibang
Mibene
Mibeng
Mibengué
Mibili
Miboko
Miboué
Mibouka
Micouca
Micouma
Micoungala
Midimba
Midouma et Ngouassa
Midouma
Midouma
Midzik
Migamba
Migelé
Migola
Migoma
Miguengui
Mihoumbi
Mikaga
Mikanda
Mikanga
Mikengué
Mikengué
Mikidou
Mikoko
Mikolongo
Mikongo
Mikonibé
Mikoro Missong
Mikouagni
Mikouandza II
Mikouandza le Petit
Mikouka
Mikouma
Mikouma
Mikoumou
Mikouya
Milando
Milandou
Miledi
Milembié
Milolo
Mimango
Mimbalé-Mibé
Mimbalimbé
Mimba
Mimbanda
Mimbang
Mimbi
Mimbong
Mimongo et Kembélé
Mimongo
Mimvoul
Mimvoul
Mina
Mina
Mina-Mina
Mindala
Mindara
Mindemba
Mindili-Elébé
Mindomo
Mindoube
Mindoubi
Mindoumou
Mindzi
Mingala
Minganga
Mingara
Mingola
Mingondza
Mingouni
Minguengué
Minkébé
Minkéné
Minkokmisseng
Minko Mibé
Minkone
Mintébé
Minté
Mintoum
Minvoul
Minziandzi
Minzimitome
Miongo
Miporapoussa
Mipoundi III
Mipoundi II
Mipoundi I
Mipoundi
Mirendi
Misonyi
Missala
Missassa
Misseghé
Missele
Missigou
Missigou
Mission Protestante de Samkita
Mission Sainte-Anne
Missoti
Missouli
Mitendé
Mitendi
Mitingo
Mitingou
Mitoundoulou
Mitounga
Mitoungou
Mitsaga
Mitsandzalé le Grand
Mitsang
Mitsangou
Mitsangui
Mitsiengui
Mitsig
Mittoné
Mitzick
Mitzic
Mitzig
Mitzik
Mivangiri
Mivengui
Mivoka
Mivoué
Miyanga
Miyoumba
Moabi Koudou
Moabi
Moabi-Tsao
Moanda
Mobigou
Mobouka
Mocadyoum
Modjoko
Modouma
Mogabo
Moghoumou
Mogno Souka
Mogombofala
Mogondzo
Mogoudi
Mogoumou
Mokaba-Ngaou
Mokoga
Mokomo-Sanvogo
Molessi-Lekegni
Molito
Molongo
Momanga
Mombaza
Mombi
Momo
Monda
Mondjogou
Mondo II
Mondok
Mondo
Mondorobé
Mondou
Mondzéyé
Mongadi
Mongo Milando
Mongos
Mongoungou
Monkendjoko
Monzogh
Mooba
Mopata
Mopia II
Mopia
Mopoumba
Mopounga II
Mopounga I
Mopounga
Mopounga
Mora
Mossamala
Mossété
Motobo II
Motobo I
Motobo
Mouabi
Mouamba
Mouanda
Moubaga
Moubana
Moubassi
Moubidou
Moubighou
Moubigou
Moubili
Moubongou
Mouboukou
Mouboumboulou
Moubou
Mouboungou
Moucouagna
Moucouagna
Moucouagnou
Moucoudangoy
Moucouna
Moucwagna
Moudiapoula
Moudimba
Moudiombi
Moudjina
Moudouma
Moudouma
Moudoungou
Moueké
Mouellé
Mouenda
Mouenda
Mouetji
Mouewagnou
Mougambi
Mougando Dimbo
Mougandza
Moughiba
Mougnegou
Mougnigou II
Mougnigou
Mougnigou
Mougnimbou
Mougnygou
Mougoko
Mougombo
Mougombo
Mougomibo
Mougomou
Mougonga
Mougongo
Mougonzo
Mougouango II
Mougouango
Mougoubou
Mougoudi
Mougouma
Mougouma
Mougoumou
Mougounda
Mouila
Mouila
Mouinga
Moukaba
Moukaba
Moukaba Neny
Moukabou
Moukakala
Moukama
Moukamba
Moukambo
Moukandi
Moukangi
Moukanza
Moukenja
Moukiba II
Moukidi
Moukimbi
Moukinga
Moukoko Mayani
Moukombo
Moukondo
Moukongo Ndendé
Moukoro
Moukouagna I
Moukouagna
Moukouagna
Moukoua
Moukouanga
Moukoubango
Moukoumamadi
Moukoumbi
Moukoumou
Moukoumou-Nangadi
Moukouna
Moukounangoyé
Moukoundou
Moukoundza
Moulaba
Moulagasiala
Moulamba
Moulamba
Moulandou Fouala
Moulandou
Moulemba
Moulessi
Mouliangoula
Moulobi
Moulombo
Moulonda
Moulondo
Moulongo II
Moulongo I
Moulounda
Mouloundou
Moumba
Moumbou
Moumou Boumba
Mounana II
Mounana I
Mounana
Mounanga
Mounanga
Moundouma
Moundou
Moundounga
Mounenga
Moungale
Moungongo
Moungoundi
Mounguembi
Mounianga
Mouniegou
Mounongo
Mounongo
Moupaka
Moupata
Moupata
Moupeyou
Mouponou
Moupossi
Moupoundi
Moupoungou
Moupoupa
Moupoupa
Mouralou
Mourambo Kata
Mourima
Mourimbo
Mouringa Issenguele
Mouroungouya
Mouroussi
Mouseye
Moussakoumou Lékala
Moussamba
Moussamba
Moussambo
Moussambo
Moussamo Niambi
Moussamoukogo
Moussa-Moukougou
Moussamou Kougou
Moussamou
Moussamou Ygoyo
Moussangala
Moussemo
Moussigué
Moussima
Moussitoulela
Moussitou
Moussitou
Moussombi
Moussonga
Moussoudou
Moutambi
Moutassou
Moutéti
Moutéti
Moutoumba
Moutoungou
Moutsima
Mouvanga
Mouvanga-Panza
Mouvango-Pinza
Mouvangué
Mouvengué
Mouvindou
Mouyabi
Mouyamba
Mouyamba
Mouyamba
Mouya
Mouyiamba
Mouyombi
Mouyombi-Tali
Mouyomfi
Mouyondzi
Mouyoumbi
Mouyoungou
Mouzoumé
Movous II
Movous I
Moyabi II
Moyabi I
Moyabi
Moyenou
Moyombi
Mpaga
Mpana
Mpando
Mpembé
Mpéré
Mpfoubi
Mpiala
Mpilou
Mpouma
Mtom
M'Vaddi
Mvadhi
Mvadhi-Ousyé
Mvadi
Mvagne
Mvahdi
M'Vahdi Ousye
Mvam
Mvanayème
Mvanayémé
Mvanayem
Mvanayong
Mvandi
Mvane II
Mvane I
Mvane
Mvang-Ayong
Mvang
Mvang
Mvanha
Mvan
Mvanzama
Mveign
Mvé Métol
Mvémézok
Mveng
Mvengué
Mveyassi
Mvolo
Mvomayop III
Mvomayop II
M'Vomayop I
Mvomayop
Mvomenzogh
Mvomo
Mvone
Mvoua Mitana
Mvoubingomé
Mvoulenzogh
Mvoulessi
Mvoulié
Mvoungha
Myana
Myanga
Myang
Mzalé
Nabigou
Namba
Na
Nanga
Nangha
Nango
Nazareth
N'Boukou
Nchoulou
N'Dama
Ndama
Ndambi
Ndamé-Béné
Ndanda
Ndangang
Ndendé
Ndendé
Ndendi Gabon
Ndendi
Ndenga
Ndengoué
Ndengué
Ndes
N Dimbou
Ndindi
Ndinga Lebala
Ndinghi
Ndingui
Ndjakonamoyé
N'Djakonamoyi
Ndjambalika
Ndjanga
Ndjolé
Ndjolé
Ndjolé
Ndjoué
Ndjouli
Ndogo
Ndoiny
Ndomba
Ndombo
Ndondzi
Ndong-Guéma
Ndong
N'Douami
Ndoua
Ndouani
Ndoubi
Ndoubi
Ndougou
Ndougou
Ndoumala
Ndouma
Ndoumantana
Ndoumba
Ndoumbou
Ndoundouma
Ndoungou
Ndounou
Nendja
Nendja
Nenga Bembe
Nengué Dioni
Neumbedouma
Nfagne
Nfigou
Nfoulameyong
Ngaina
Ngalipana
Ngamemzorek
Nganda
Nganda
Ngando
Nganga
Ngoasso
Ngobounda
Ngogalen
Ngoguina II
Ngoguina I
Ngola II
Ngola I
Ngola
Ngolé
Ngomane
Ngomane-Sélé
Ngoma
Ngoma
Ngoma
Ngoma
Ngombi
Ngomessi
Ngomgom
Ngomo Boulango
Ngomo
Ngomo
Ngondi
Ngondo
Ngondzi
Ngoneki
Ngone
Ngonga
Ngo
Ngongo
Ngon
Ngoreki
Ngorondzaye
Ngossi
Ngoss
Ngosso
Ngota
Ngoua Bikoka
Ngouabilaga
N'Gouala
Ngouanié
Ngouassa Mabounda
Ngouassa
Ngouaviri
Ngouaza Mabounza
Ngoubessi
Ngoubounambougou
Ngouda
Ngoudou
Ngouema
Ngouengoué
Ngoulabona
Ngoula
Ngoulemve
Ngoumbi II
Ngoumbi I
Ngoumbi
Ngoum
Ngoumou
Ngounda
Ngoundou
Ngoundzi
Ngou
Ngou
Ngoungou
Ngoungou
Ngoungui
Ngoussou
Ngoussou
Ngoyo
Ngozok
Nguale
Ngueké
Nguenda
Nguenda
Nguenda Pahilo
Nguenza
Nguiabeta
Ngwassa Mab
Ngwassa Mabounza
Ngwassa Mabouuza
Ngwoni
Niali
Niali
Niallabe
Niamambaye
Niamanbaye
Niamba
Niambipanga
Niamigodi
Nia Name
Nianam II
Nianam I
Nianam
Nianga
Niatazokou
Niavangina
Nieguianou
Niembipanga
Niendzé
Niengo
Nienzi Mogne
Niffangou Nkam
Nilolo
Ningoranga
Nintouma
Niolé
Niolokoué
Niongo
Niongué
Niongui
Nioungou Goumbi
Nioungou
Njobermitang
Njole
Njolé
Njolé
Njoukou
Nkamenvi
Nkane
Nkang
Nkangué
Nka
Nkan
Nkara
Nkarenzork
Nkaretom
Nkar II
Nkar I
Nkenga-Mbya
Nkey
Nkié
Nkiga
Nkimen
Nkin
Nkodzoé
Nkogakom
Nkogalène
Nkogassié
Nkog Ebel
Nkogo-Bessek
Nkogomang
Nkogomesseng
Nkoguébé
Nko II
Nko I
Nkok-Loé
Nkok Ngem
Nkok
Nkok
Nkoksi
Nkolabona
Nkolayop
Nkolessong
Nkolmengoa
Nkolmessas
Nkoltang
Nkolvem
Nkombeguinoguia
Nkomelene
Nkomi
N'Komi
Nkomo
Nkong
Nko
Nkoto II
Nkoto I
Nkoua
Nkouara
Nkougou
Nkoulamvan
Nkoulengong
Nkoulé
Nkoumadza
Nkoumazo
Nkoumazza
Nkoumédoum
Nkouméti
Nkoumiti
Nkoum
Nkoung
Nkourneki
Nkourou
Nkouta
Nkout
Nlang-Mbeng
Nlan
Nlovila
Nnangbeng
Nnifala
Noanatoute
Noayong
Nomba
Nombo
Nongork
Nongzork
Nonsork
Nouako
Noumbou
Noumbou
Nsakalano
Nsak
Nsang
Nsélé
Nseng-Afoun
Nseng-Mitang
Nseng-Mitang
Nsimi
Nsiono
Nsogubefame
Nsye
Ntambé
Ntanha-Télé
N'Tchago
Ntchatanga
Ntchengué
Ntchogo
N'Tchoua
Ntian
Ntom II
Ntom I
Ntong
Nto
Ntoua
Ntoum
Ntoum
Ntourandia Essabey
Ntsangou-Dimbou
Ntsap
Ntsibelong
Ntsimbi
Ntsini
Ntyeng
Nvanayémé
Nvanayem
Nvounda
Nyambipanga
Nyamegong
Nyamo
Nyanga II
Nyanga Moubighou
Nyanga
Nyanga
Nyanga
Nyanga-Vembe
Nyembo
Nyongo
Nyoungou
Nyoy
Nzafieng
Nzagha
Nzagobibéré
Nzaï
Nzakoumenga
Nzamakéléné
Nzamalighe
Nzamaligue
Nzamaliqué
Nzamanéné
Nzamata
Nzamata
Nzamba
Nzambi-Minongo
Nzambi
Nzambi
Nzambi
Nzamené
Nzamou
Nzang-Ayong
Nzanza
Nzao
Nzebene
Nzébé
Nzébéré
Nzeberré
Nzeck
Nzeck
Nzeguebegne
Nzeik II
Nzeik I
Nzéla
Nzéla
Nzembi
Nzeng-Boun
Nzeng-Bour
Nzeng-Meyong
Nzeng-Miana
Nzenzélé
Nzenzélé
Nzenzila
Nzeurk
Nzibobouya
Nzila-Kala
Nzimayong
Nzinga
Nzinga
Nzinga
Nzinga-Nzinga
Nzinga Tchi
Nzing-Ayong
Nzingayong
Nzingmeyong
Nzingui
Nzoghebour
Nzoghe-Mintang
Nzoghengom
Nzoghengone
Nzoghengone
Nzoghi
Nzogho-Mintang
Nzogmayong
Nzogmitang
Nzogmitang
Nzognayong
Nzognimintana
Nzogobéfam
Nzogobeyork
Nzogomitang
Nzoguebefame
Nzomé
Nzomo
Nzong-Ayong
Nzong Bour
Nzong-Meyond
Nzong
Nzongomintangui
Nzonguebourg
Nzong Zeme
Nzorengone
Nzork Angonenye
Nzork
Nzork
Nzoro Bindzene
Nzoro Bissone
Nzoro Mitang
Nzoua
Nzoua
Nzoudi
Nzoum
Nzoumou
Nzourk
Obala
Obana
Obando
Obang
Obaye
Obégué II
Obégué I
Obeguey
Obelo
Obenzi II
Obenzi I
Obéo
Oberting
Obeye
Obia II
Obia I
Obia
Obidi
Obili
Obinamboum
Obiro
Oboï
Obori-Lekoussa
Obori
Oboui
Obour
Obout III
Obout II
Obout I
Obwo
Odende
Odimba
Odimba
Odjingoto
Odowo
Odowwenga
Odzala
Offos
Ogoga
Ogogha
Ogoumalanga
Okaka
Okala
Okala
Okam
Okandja
Okan
Okano
Okara
Okas
Okila
Okogayo
Okok
Okola
Okolo
Okondi
Okondja
Okondja
Okouba II
Okouba I
Okouba
Okouma
Okoumbi
Okoungou
Olago
Olamba
Olam-Nzé
Olango
Olina
Olonga
Olongo II
Olong
Olongo
Oloumi
Olounga
Olounga-Omvouri
Omanga
Oma
Ombala
Ombellé
Ombila
Ombili
Omboué
Ombou
Omengo
Omoana
Omoï II
Omoï I
Omoï
Ompéré
Ompomouena
Ompouyi
Omvane
Omvan
Omvan
Ondama
Ondili
Ondondo
Ondouama
Ondouma
Ondwo
Ondzéyé
Ongam
Ongongo
Ongo
Ongouangoubou
Ongouendjo
Onguendjo II
Onguendjo
Onguia
Onia
Onié
Onkara
Onkoua
Onvane
Opakellé
Opinda
Opoungou
Orali
Oronga
Ossagui
Ossala
Ossamoudembou
Ossa
Ossas
Ossélé
Ossiandjobo
Ossiandjouo
Ossinga II
Ossinga
Osso
Ossouélé
Otala
Otana
Otanda
Otcouandjoko
Otouma
Otoundou
Ottouma
Ouaka
Oualla
Oua
Ouassi
Oubendji
Oucha
Oueliga
Oueliga
Oueligha
Oukoussa
Ouniongo
Ouo II
Ouol
Ouongué
Oussourfan
Outavou
Ovane Bibang
Ovang
Ovan
Ovel Kol
Ovéna
Ovendo
Oveng Abé II
Oveng Abe
Oveng I
Oveng-Mendong
Oveng
Oveng
Ovine
Ovok-Sone
Ovolondzam
Ovone
Ovon
Owenda
Owendo
Oyabe
Oyabi
Oyali
Oyam
Oyane
Oyan
Oyanza
Oyem
Oyendzé
Oyingo
Oyoma
Oyouga
Oyouma
Oyouma
Oyou
Ozakong
Ozomboua
Ozouri
Pabo Nzambi
Paga-Dianzi
Paga
Paga
Paguignambi
Paguilou
Pahilou
Pahon-Pira
Pahou N'Zambi
Pahou-Youngou
Pahouzambi
Pananga
Pana
Panépo
Pangani
Panga
Panga
Papatségué
Papero
Paris
Paris
Passeur
Pata
Pegny Ivolo
Pegny-Sampana
Pekié
Pemba-Niambé
Pembimbé
Pembi
Pemo
Pénignioundo
Peni Gnoundou
Pétialongo
Peti
Petit-Denis
Petit Dondo
Petite Elise
Petite Silang
Petit Loanga
Petit Loango
Petit Mandilou
Petit Mapfoungui
Petit Masango
Petit Mobigou
Petit Ndambi
Petit Paris
Pfoubi
Pingo
Pingou
Pingou
Piti Masango
Piti Massango
Plustard
Pointe Claire
Pointe Denis
Pointe-Noire
Poka
Polo Mbya
Polombya
Poloumbia
Popa
Porro
Porro
Port Gentil
Port-Gentil
Posso
Poubi
Poudi
Poudi
Pouma
Poumbou
Pounga-Nganda
Pounga
Poungi
Poungo
Poungou II
Poungou I
Poungou
Poungou
Poungui
Poupa
Povo
Quaben
Ramba
Randi II
Randi I
Rechenman
Regnault
Ribé
Rigoho
Rima Nzala
Rinanzala
Rinanzala
Riranzala
Roungassa
Saguinanga
Sahoué
Sahue
Saille
Sainte Benoit
Sainte-Croix
Sainte-Marie
Saint-François
Saint Jean
Saint-Louis
Saint-Paul
Saint-Thomas
Saïra
Sakamikanda
Sake II
Sake I
Salaganga
Salamou
Salanganga
Salangonga
Salangoué
Salano
Salanou
Sallanou
Salo
Samba
Sambinanga
Sam II
Samkita
Samouganga
Sam
Sanda
Sandoundou
Sanga Forêt
Sanga II
Sanga I
Sangala
Sanga-Plaine
Sanga
Sangatane
Sangatanga
Sanghalam
Sangha
Sangoua Boma
Sangoué
Sangouronda
Sangourouma
Sapina-Wata
Saye
Sélé
Semé
Sengui
Sétté Banda
Setté-Cama
Sette Cama
Setté Cama
Seyiang
Seyland
Seylang
Sibang
Sibangua
Siba
Sibbi
Sibi
Sifala
Silakout
Simane
Simanic
Simani
Simintang
Sindara
Singa Plaine
Singna
Siran-Zangou
Sizakang
Soangui
Soangui
Soga II
Soga
Sola
Song
Sosotsanda
Souangui
Soubba
Sougalam-Fekele
Sougoudzap
Souka
Souka
Soukila
Soulfane
Sounga-Milaré
Sounga
Sounga
Sulfane
Sulfan
Takamondzikou
Taki
Tamba
Tamba
Tando Filou
Tandou Filou
Tarangone
Tassi
Tchad
Tchangombini
Tchangonivi
Tchatamba
Tchengué-Paga
Tchengué
Tchengué
Tchengui-Paga
Tchibanga
Tchibanga
Tchibenda
Tchigana
Tchimazok
Tchimbia
Tchingondo
Tchioumbi II
Tchioumbi I
Tchitendé
Tchongorové
Tchouka
Tébé II
Tébé I
Tébé
Tégha
Tem
Téndi
Tha
Thol
Tho
Tia
Tiétié
Tinga-Tsengé
Toco Tsiala
Tok
Tomassi
Tom
Tonokamba
Tono Sangana
Tono
Tornebeim
Touassi
Toubaganga
Toubaghengui
Toukoué
Toulo
Toulougaba
Toumba
Toumbi II
Toumbi I
Toungounamba II
Toungounamba I
Toungounamba
Tourounessol
Tourouvaya
Tsade
Tsambalingué
Tsamba
Tsamba
Tsambo
Tsambou
Tsanda
Tsandi
Tsanga
Tsangui
Tsati
Tsegnou Bila
Tsenguenabela
Tsengué
Tsengui
Tsienguifala
Tsiengui Panga
Tsifala
Tsimbili
Tsingué
Tsingui
Tsogni
Tsogui
Tsongo Malongo
Tsotonzala
Tsouka
Tsoumbi
Tumba
Ukoko
Vama
Vanayémé
Vandaréne Echira
Vandaréne Pahouin
Vandaréné
Vanguenengué
Varmoko
Vedi
Véma
Venelle
Vengué
Véra
Veyrié
Viafé
Viafé
Village Atova
Village Bama
Village Erogoué
Village Ikéva
Village Mbondé
Village Olago
Village Saille
Village Sainte Marie
Ville
Viong
Vivane
Vodvi
Vombié
Vonmozel
Voulougandou
Voumvou
Vouta
Vouvi
Wellé-Leboung
Wéllé
Woumou
Yabala
Yaffa
Yamba Boualou
Yamba III
Yamba II
Yamba I
Yamba
Yamba
Yamemvé
Yameyang
Yandji
Yanébot
Yanibour
Yaraka
Ybien
Yello
Yelo
Yembi
Yendji
Yéné
Yengué
Yengui
Yeng
Yeno
Yéno
Yen
Yetsou II
Yetsou I
Yetsou
Yéyéha
Yeyena
Yeyenga
Yéyé
Yianamassok
Yinanessogo
Yinassessogo
Yobomamba
Yoko
Yombé II
Yombé I
Yombé
Yombé
Yombi
Yongodoulongo
Yongo
Yongulssa
Yong
Yossé
Yoss II
Yoss I
Yougou
Youko
Youlandzambi
Youlou
Youlou
Youma
Youmbou
Younga-Younga
Yoyo
Yuko
Zalakouka
Zamanéné
Zamata
Zambi Zanza
Zambounié
Zamelen II
Zamelen I
Zanangoué
Zangame
Zangui Mamba
Zembi-Zanza
Zilmac
Zindzélé
Zoanki
Zobermitang
Zobeté
Zogogone
Zogomitang
Zoguéloumou
Zokokota
Zokoma
Zokosoa
Zoolendé
Zorengone
Zoua
Zougouani
Zoulameyong
Zoula
Zoungui
Zouri
