Adelphia
Adelphi
Amber Belair
Après Tout
Argyle
Arthur Seat
Baillies Bacolet
Bamboo
Barique
Barrow
Battle Hill
Beaton
Beaulieu
Beauregard
Becke Moui
Belair
Belair
Belle Isle
Belle Plain
Bellevue
Bellevue
Bellevue
Belmont
Belmont
Belmont
Belvedere
Belvidere
Birch Grove
Blaize
Blow Hole
Boca
Bogles
Bois de Gannes
Brandon Hall
Brisant
Brizan
Bylands
Café
Calivigny
Calliste
Calliste Land Settlement
Canne Fond
Carriere
Castaigne
Castle Hill
Celeste
Chadeau
Champs Fleurs
Chantimelle
Charlotte Town
Charlotte Vale
Chutz
Clabony
Clarkes Court
Clozier
Concord
Confer
Conference
Constantine
Content
Corbeau Town
Corinth
Crayfish
Crochu
D'Arbeau
Deblando
Des Isles
Diego Piece
Dothan
Dover
Dumfermline
Dumfries
Dunfermline
Duquesne
Egmont
Elie Hall
Epping Forest
Fairfield
Falaise
Falege
Felix Park
Florida
Fontenoy
Ford
Fort Jeudy
Fort Royal
Frequente
Georgetown
Golflands
Gouave
Gouyave
Goyave
Grand Ance
Grand Anse
Grand Bay
Grand Bra
Grand Bras
Grand Mal
Grand Pauve
Grand Pauvre
Grand Roy
Granton
Grenada City
Grenville
Gretna Green
Guyave
Gwa Kay
Happy Hill
Harford Village
Helvellyn
Hermitage
Hermitage
Hermon
Hillsborough
Hope Bacolet
Horne
Hyde Park
Industry
Ka-fe Beau
La Baye
Laborie
La Didue
La Digue
La Femme
La Filette
La Fortune
La Mode
La Mode
Lance aux Épines
La Poterie
L'Appelle
La Taste
Laura
Le Sausos
L'Esperance
L'Esterre
L'Esterre
L'Etage
Levera Development
Levera
Lewis
Lower Capitol
Lower La Tante
Lower La Taste
Lower Pearl
Lower Pearls
Lower Woburn
Mabouya
Mahot
Maliniere
Mamma Cannes
Mango
Maran
Mardigras
Mardigras
Marian
Marigot
Marli
Marlmount
Marquis
Maulti
Meldrum
Merebeau
Mirabeau
Molinière
Mon Plaisir
Mon Repos
Mont Carmel
Mont Moritz
Montreuil
Mont Tout
Morne Docteur
Morne Fendue
Morne Fondue
Morne Jaloux
Morne Jaloux
Morne Jaloux Ridge
Morne Longue
Morne Rouge
Morne Tranquille
Mount Agnes
Mount Airy
Mount Alexander
Mount Carmel
Mount Cassell Land Settlement
Mount Cenis
Mount Craven
Mount Desir
Mount Fann
Mount Gay
Mount Helicon
Mount Hope
Mount Horne
Mount Marice
Mount Morice
Mount Moritz Land Settlement
Mount Moritz
Mount Nesbit Land Settlement
Mount Nesbit
Mount Pleasant
Mount Pleasant
Mount Rich
Mount Rose
Mount Rose
Mount Royal
Mount Stanhope
Mount Weldale
Mount William
Mount William
Moya
Munich
New Hampshire
Nianganfoix
Nonpareil
Paddock
Panorama
Paraclete
Parade
Paradise
Paradise
Pearls
Pêcher
Peggys Whim
Perdmontemps
Petit Bacaye
Petit Balthazar
Petit Bouc
Petit Calivigny
Petit Étang
Pierre Marie
Plaisance Land Settlement
Plaisance
Pomme Rose
Port Louis
Port Royal
Post Royal
Prospect
Providence
Pyrénées
Radix
Ravine
Retreat
Retreat
Richmond Hill
Richmond
Richmond
River Sallee
Rivière Sallee
Rose Hill
Rosemont
Ruth Howard
Saint Cloud
Saint Cyr
Saint David's
Saint George
Saint George's
Saint James
Saint John
Saint Margaret
Saint Mark
Saint Marks
Saint Mark Village
Saint Mary
Saint Omer
Saint Paul's
Saint Paul's
Sans Souci
Sauteurs
Sautiers
Simon
Six Roads
Snug Corner
Soubise
Springs
Syracuse
Tanteen
Telescope
Tempe
Temple
Terre Cannes
Thebaide
Thebaid
The Bocas
The Cliff
The Lance
The Lime
The Park
Tivoli
Trevellan
Tricolar
True Blue
Union
Union
Union Village
Upper Capitol
Upper Conference
Upper La Tante
Upper La Taste
Upper Pearls
Upper Pearl
Vendôme
Victoria
Vincennes
Vineyard
Waltham
Welcome Hall
Westerhall Land Settlement
Westerhall Point
Westerhall
White Gun
Willis
Windsor Castle
Windsor Forest
Windsor
Windward
Woborn
Woburn
