Aats'i
Aatsy
Abaazhvakhu
Abakhuamtsa
Abakhuatsa
Abakhvamtsa
Abano
Abano
Abanoyeti
Abari
Abascha
Abasha
Abashispiri
Abastouman
Abastuman
Abastuman Akhaltsykhskogo
Abastumani
Abast'umani
Abast'umani
Abastumani
Abazadag
Abbass-Touman
Abbas-Touman
Abbastuman
Abdalo
Abedat'i
Abeliani
Abgara
Abgarkhuk
Abgarkhuki
Abgauyera
Abgavera
Abgharkhuk'i
Abgigdara
Abi
Abisi
Abisistavi
Ablukhvara
Ablukhvari
Abrameti
Abrevi
Abtskhua
Abuk'et'i
Abukhalo
Abul
Abuli
Abutvani
Abzhaaptra
Abzhabtra
Abzhakva
Abzhaqva
Ach'adara
Achakva
Achalkalaki
Achal Senaki
Ach'alsheni
Achalziche
Achalzych
Achandara
Achara
Acharisaghmart'i
Acharis-Agmarti
Acharistskhali
Acharistsqali
Acharkete
Acharketi
Ache
Achekha
Achi
Ach'igvara
Achkatsa
Ach'khoti
Achkvistavi
Ach'marda
Adadze
Adadzeebi
Adadzeyebi
Adgulyand-Kari
Adigeni
Adish
Adishi
Adlia
Adliye
Adzgara
Adzhakhu
Adzhampazra
Adzhara
Adzharisagmarti
Adzharistskali
Adzharis Tskhalskaya
Adzhi-Isakend
Adzhiis-Kendi
Adzhimchigra
Adzhkhakhara
Adzhmatvara
Adzibzhara
Adzigezh
Adzkhapsha
Adzkhida
Adzkhyda
Adzlagara
Adztkhida
Adzubzha
Adzusta
Adzvi
Adzvibzha
Adzvisi
Adzvisi Nizhniye
Adzvisi Verkhniye
Adzvistavi
Adzybzhara
Adzyubzha
Afyushra-Khu
Agaiani
Agamedli
Agana
Agana
Agara
(( Agara ))
Agara
Agara
Agara
Agara
Agaraki
Agaraki
Agaraki
Agarebi
Agatkau
Agayani
Agbarkhuk
Agbulag
Agbulagi
Agbulak
Agbulakh
Agbularh
Agdara
Agdgomelaantkari
Aghaiani
Aghamedli
Aght'ak'la
Agiani
Agishi
Ag-Kerpi
Aglagla
Agtagla
Agtaglya
Ag'-Takla
Aguaa
Agubedia
Agudzera
Agudzery
Agurip'st'a
Agvavera
Aigeti
Aimara
Ajimch'ighra
Akapa
Akarmara
Akaurt'a
Aketi
Akety
Akha
Akhadi
Akhalbediseuli
Akhalbediseull
Akhaldaba
Akhaldaba
Akhaldaba
Akhaldaba
Akhaldaba
Akhaldaba
Akhaldaba
Akhaldabo
Akhaldoba
Akhaldoba
Akhalgavazi
Akhalgori
Akhali Abast'umani
Akhali-Afoni
Akhali Akvaskia
Akhali At'oni
Akhali Bedissuli
Akhali Burguli
Akhali-Gagra
Akhali Gavazi
Akhali Kadoyeti
Akhali Khaishi
Akhali Khibula
Akhali-Khulgumo
Akhali-Khurvaleti
Akhaliki
Akhali Kindghi
Akhali-Kindgi
Akhali-Lalalo
Akhali-Mamudlo
Akhali Marabda
Akhali-Nichbisi
Akhali-Osebi
Akhali-Pantiani
Akhalisa
Akhali Samgori
Akhalisopeli
Akhali Sviri
Akhali-Terdzhola
Akhali Terjola
Akhali T'erzhola
Akhali Ulianovka
Akhali-Zirbiti
Akhalkakhat'i
Akhalkalak
Akhalkalak
Akhalk'alak'i
Akhalk'alak'i
Akhalkhibula
Akhal-Sakobo
Akhalsenaki
Akhalsheni
Akhalsheni
Akhalsheni
Akhalsheni
Akhalsheni
(( Akhalsheni ))
Akhalsheni
Akhalsheni
Akhalsheni
Akhalsheni
Akhalsheni
Akhalsop'eli
Akhalsop'eli
Akhalsopeli
Akhalsop'eli
Akhalsopeli
Akhalsopeli
Akhalsopeli
Akhalsop'eli
Akhalsopeli
Akhalsopeli
Akhalsop'eli
Akhalsop'eli
Akhalsopeli
Akhalsop'eli
Akhalsop'eli
Akhalsop'eli
Akhalsop'eli
Akhalsop'eli
Akhalsop'eli
Akhalsop'eli
Akhalsopeli Bol'shiye
Akhalsopeli Malyye
Akhalsop'ili
Akhal-Terdzhola
Akhaltsikh
Akhalts'ikhe
Akhalts'ikhe
Akhalts'ikhe
Akhalts'ikhe
Akhaltskaro
Akhaltsykha
Akhaltsykhe
Akhaltsykhskogo
Akhalubani
Akhalubani
Akhalubani
Akhalubani
Akhasheni
Akhasheni
Akhatani
Akhateli
Akhelo-Makhmudlo
Akhelsopeli
Akhieli
Akhiyeli
Akhk'erp'i
Akh-Kerri
Akhmadzhi
Akh-Mamadlo
Akhmeta
Akhmeti
Akhmety
Akh Mirzaani
Akho
Akho
(( Akho ))
Akhrisi
Akhsardzhin
Akhsargina
Akhsargina
Akhshaani
Akhshani
Akhshnisvelebi
Akhtala
Akhuaa
Akhuadzha
Akhubati
Akhut'i
Akhutsa
Akhuts
Akhvadzha
Akhyvaa
Ak'idra
Akkulari
Akneli
Akona
Akqulari
Akuarchapan
Akuaskyamtsa
Akura
Akusho
Ak'uts'a
Akvacha
Akvacharkhu
Akvara
Akvarashi
Akvarchapan
Akvarchapani
Akvaske
Akvaskemtsa
Akvaskia
Akydra
Alachani
Aladzhani
Alakhadze
Alakhadzi
Alakhadzy
Alakhashakhu
Alakhashkhu
Alambari
Alapankvara
Alastan
Alastani
Alatubani
Alat'umani
Alavar
Alavari
Alaverdi
Alaverdi
(( Alazanges ))
Al'borkau
Aldzykh
Aleksandrestskaro
Aleksandrovka
Alek'seevka
Alekseyevka
Alekseyevka
Alerti
(( Alevi ))
Alevi-Shua
Alexeevka Selo
Alget'i
Alget'i
Algit
Algyt
Algyti
Ali
Alibari
Alikoglebi
Alioni
Alisubani
Alisubani Nizhniye
Alisubani Verkhniye
Allavar
Almasiani
Almati
Aloti
Alpana
Alpiiskoe
Al'piyskoye
Alra
Amaghleba
Amagleba
Amamlo
Amastas'yevka
Ambarlo
Ambarovka
Ambartafa
Amba-Rykhutsa
Ambeti
Ambralauri
Ambrolauri
Amga
Amirni
Amkheri
Amlevi
Amlivi
Amparaa
Amparaarkhu
Amsaisi
Amtkel
Amtkeli
Amtkhel
Amtkiali
Amtqeli
Amzara
Anaga
Anaga-Dzveli
Anaklia
Anaklija
Anakliya
Anakriya
Ananur
Ananuri
Anaseuli
Anasouli
Anastasiyevka
Anastas'yevka
Anda
Andak'i
Andezit
(( Andeziti ))
Andisi
Andoreti
Andra
Andreyevka
Andreyevskoye
Andriatsminda
Androu
Angisa
Ani
Ankara
Ankhashtuk
Ankhva
Antoki
Antoria
Anukhua
Anukhva
Anukhva-Armyanskoye
Aosyrkhva
Ap'eni
Apiancha Nizhniy
Apiancha Verkhniy
Apianda
Apiyeti
Ap'nia
Apshankhvara
Ap'sho
Aptskhva
Apushta
Aqneli
Aqvarch'ap'ani
Aradeti
Aradu
Aradukva
Aragich
Aragva
Arakali
Arak'eli
Arakhidzha
Arakhindzha
Arakhlo
Arakhvet'i
Arakich
Arakich'i
Arakva
Arali
Aranisi
Araplo
Arasadzikh
Arasadzikhi
Arasadzykh
Arasadzykh-Dzhampazar
Arasara
Arashakhu
Arashenda
Arashenda
Arashenda
Arashenda
Arashendi
Arazhpara
Arbach'khani
Arbashiki
Arbo
Arboshiki
Arboyeti
Archeuli
Archilo
Ardasubani
Ardesti
Ardeti
Ardisi
Ardisubani
Ardoti
Ardzhevan-Sarvani
Areshp'erani
(( Areulebi ))
Argokhi
Argunia
Arguni
Argunna
Argveta
Argvet'i
Argveti
Argveto
Argvitsi
Aripsta
Arjevan-Sarvani
Arkha
Arkhalkalaki
Arkhibili
Arkhiloskalo
Arkhoti
Arkhva
Arkinaret'i
Arkneti
Armazi
Armianskoye Ushelie
Armudlo
Armutlo
Armyanskoye Anukhua
Armyanskoye Naa
Armyanskoye Ushchel'ye
Arnauti
Arpalo
Arsha
Art'ana
Artani
Art'khmo
Arts'evi
Artsevi
Artsiskhevi
Artskheli
Arukhlo
Aruta
Aryuta
Arzne
Asanauri
Asankhodzhalo
Asankhojalo
Asano
Asanuri
Ashaga-Saral'
Ashaga-Sarali
Ashaturi
(( Ashi ))
Ashir-Khobla
Ashkala
Askana
Askilauri
Asmalari
Asmalyar
Aspa
Asp'ara
Aspindza
Astaukag-Erman
Astaukag-Koz
Astaukag-Sba
Astaukag-Zakor
Asterovka
Asuret'i
Atabe
Atap-Tsarakhmul
At'ara Armianskoe
Atara-Armyanskaya
Atara-Armyanskoye
At'ara
Atarba
Atarba-Ikhusta
Atarbekovka
Ateni
At'idzt'a
Atishadu
At'nokhi
Atots'i
Ats'ana
Atseriskhevi
Atsgara
Atskhur
Atskuri
Atskuri
Atskvita
Atsquri
Atsqvita
Atsriskhevi
Atsydzhkva
Atvarkhu
Atydzta
Atyshadu
Aualitsa
Audzkha
Aulitsa
Ausirkhua
Avadzhara
Avchala
Avchaly
Avemo-Reno
Avenisi
Avketi
Avkveti
Avlevi
Avnevi
Avranlo
Ayazmi
Aymara
Azant'a
Azavret
Azavret'i
Azchuri
Azgida
Azhamsa
Azhara
Azhgerian
Azhgydyrkhva
Azhkhakhara
Azis-Kend
Azizekend
Azizkend
Azizk'endi
Azmana
Azmano
Azyubzha
Baalarkhua
Baalarkhva
Babaneuri
Babi
(( Babkhiskhevi ))
Baboti
Babushara
Babushera
Babusheri
Bacha
(( Bachali ))
Bachati
Badiauri
Badzhi
Badzhikhev
Badzhikhevi
Badzhiti
Badzhygata
Baga
Bagaviashta
Bagazhiashta
Bagbaran
Bagchalar
Bagdadi
(( Bagdadi ))
Bagdadi
Bagdat
Bagdat'i
Bagebi
Bageti
Baghdadi
Baghmarani
Baghnari
Bagiata
Bagikita
Bagikyta
(( Bagimi ))
Bagineti
Baglani
Bagmarani
Bagmarani
Bagnari
Bagnasheni
Bagvdanari
Baidari
Bailet'i
Baisubani
Bakhani
Bakhchalari
Bakhioti
Bakhis-Khevi
(( Bakhtrioni ))
Bakhvauri
Bakilovani
Bakkhiya
Baklanovka
Bako
Bakuiani
Bakuriani
Bakurianis Andeziti
Bakurianskiy Andezit
Bakurkhevi
Bakurrsikhe
Bakurts'ikhe
Balaani
Baladzeyebi
Baladzhauri
Balak
Balant'a
Balda
Balda Pervaya
Balda Tret'ya
Balda Vtoraya
Balebiskhevi
Balghojiani
Balgodzhiani
Bali
Balichi
Baliskhidi
Balkho
(( Balovani ))
Balovani
Balt'a
Balta
Baly Kluch
Bambora
Banchuet
Banchueti
Bandsar
Bandza
Bangveti
Bani
Banodzha
Banoja
Bants'uri
Bantsurni
Bantsurtkari
Baqilovani
Baralet'i
Baramoghlebi
Baramoglebi
Baramysh
Barat'auli
Bardnala
Bardubani
Bareuli
Bargepi
Bari
Bari
Barisakho
Bariti
Barjashi
Barkashi
Barkha
Barmaksiz
Barmaksus
Barmaksys
Barmishi
Barmysh
Barnabiantkari
Barnitsats
Bar-Sadzhevakho
Bars
Barshi
Barsi
Bartsla
Barumba
Bash-Gamamly
Bashi
Bashi
Bashkey
Bashkichet
Bashkicheti
Bashkichety
Bashk'o
Bashkoi
Bashkoy
Basileti
Baslata
Bat'aria
Bataris
Batikhlo
Batiuri
Bats'aligo
(( Batsara ))
Batum
Bat'umi
Baugad
Bauria
Bavari
Bavra
Bayburt
Baydar
Baydari
Baysubani
Baytalo
Baytelo
Bazalet'i
Bazalet'i
Bazoleti
Bazuani
Bazuant-Kari
Bebnisi
Bebuki
Becho
Bedia
Bediani
Bediya
Bedoni
Begela
Beghlet'i
Beghlevi
Begleti
Begleti
Beglevi
Beglyar Bol'shoy
Beglyar Malyy
Begtakari
Beitarapchi
Bekami
Bekami
Bekami Bolshiye
Bekderi
Bekhkan
Bekmari
Bekot-Kari
Bektakari
Bekuriani
Belot'i
Belyy-Klyuch
Benara
Benderi
Bendzenauli
Beniant-Kari
Beniat'begoni
Bent'k'oula
Berbuki
Berdzenauli
Berdzeni
Beretisa
Beretisa Nizhnyaya
Beretisa Verkhnyaya
Beridzhvari
Berkote
Bershuet'i
Bershuyeti
Berula
Beselashvilebi
Beselta
Besht'asheni
Besiauri
Besiouri
Beslachuba
Beslakhuba
Beslet'i
Besnouri
Betisch'rdili
Betlem
Bet'lemi
Betlevi
Betsentsurebi
Bevreti
Beytarabchi
Bezaklo
(( Bezet ))
Bezhaantkari
Bezhano
Bezhantkau
Bezhantkevi
Bezhantkhevi
Bezhatubani
Bgardvany
Bia
Bia-Sashonio
Bibiliani
Bibliani
Bichingaur-Kari
Bichingaurtkari
Bichvint'a
Bidzhnisi
Biga
Biisi
Bikari
(( Bikurta ))
Bindilaruta
Bindilaurta
Biningour-Kari
Bint'kha
Birkiani
Birlik
Birliki
Biso
Bitaga
Biteta
Bitetikau
Bitsmendi
Biyeti
Blaburkhva
Blo
Blordza
Bnavisi
Bobnevi
Bobokvati
Boboqvat'i
Boboti
Boboti
Bochorishvilebi
Bochorma
Bodakheva
Bodakhevi
Bodavi
Bodbiskhevi
Bodko
Bodorna
Bodzauri
Bodzhiti
Bodziyeli
Boga
Bogaskasani
Bogch'vilo
Bogdanovka
Bogdanovka
Bogili
Boglevi
Bogoposhta
Bogremi
Bogreshi
Bogvi
Boinisi
Bokchvilo
Bokhani
Bokhvauri
Bokoni
Bokva
Boladzhuri
Bolajuri
Bolnisi
Bolnisi
Bolnis-Kapanakhchi
Bolnis-Khachin
Bolokiani
Bol'shaya Ikvliv-Gorana
Bol'shaya Iraga
Bol'shaya Kondura
Bol'shaya Marabda
Bol'shaya Smada
Bol'shaya Zana
Bol'shiye Ateni
Bol'shiye Chvarebi
Bol'shiye Dageti
Bol'shiye Dumasturi
Bol'shiye Durnuki
Bol'shiye Dzhikhaishchi
Bol'shiye Garedzhvari
Bol'shiye Gorisdzhvari
Bol'shiye Gubi
Bol'shiye Khanchali
Bol'shiye Khurvaleti
Bol'shiye Mitarbi
Bol'shiye Pamadzhi
Bol'shiye Shiraki
Bol'shiye Tsereti
Bol'shoye Salkhino
Bombara
Bombora
Bombori
Bombory
Bomboti
Bonodzha
Borbalo
Borchalo
Bordzhnis
Borginisi
Borgnisi
Bori
Borikota
Borit'i
Borjam
Borjomi
Borshom
Bortso
Bortsvana
Borzhomi
Bosela
Boseli
Boselt'a
Boshuri
Boslebi
Boslevi
Bostana
Botisi
Botko
Bozali
Bozhami
Bramba
Brdadzoi
Bredza
Bret'i
Brili
Brili
Brili
Britata
Britat
Britati
Broliskedi
Brolosani
Brolosani Nizhniye
Brolosani Verkhniye
Brotsleti
Buch'aani
Buchkinta
Buchqinta
Buch'ukurt'a
Buchukurt-Kari
Budënnovka
Budënnovka
Budenovka
Budenovka
Budenovka-Voroshilovka
Buduki
Budzgur
Budzigir
Budzuguri
Bugaani
Bugasheni
Bugaura
Bugeuli
Bughaani
Bugnara
Bukhrebi
Bukhurta
Bukists'ikhe
Buknari
Buknari
Buknarsk
Buksiyeti
Bulach'auri
Bulalaurta
Bulbulistsikhe
Buleshi
Bulishi
Bulishkhindzhi
Buliskhindzhi
Bulitsku
Bulitsqu
Bunikauri
Burdadzori
Burdiani
Burguli
Buriani
(( Burilo ))
Burmaseki
Burmasigi
Burnashet'i
Burnasheti
Burnati
Bursachigi
Bursachili
Bursachiri
Buruli
(( Busachir ))
Bushati
Busheti
Busukala
But'urauli
Buyeti
Buzala
Buzaveti
Byntkha
Byrdzha
Byrtskh
Bzana
Bzanakit
Bzhinevi
Bzhinevi
Bzholiyeti
Bziauri
Bzikurt Kari
Bzip'i
Bziskhevi
Bzubzu
Bzvani
Bzyb'
Bzybta
Bzybta Pyatyy Kilometr
Bzybta Tretyy Kilometr
Bzypiskhevi
Chabanlug
Ch'abano
(( Chabarukhi ))
Chabinaani
Chabukiani
Chaburta
Chachamuri
Chacharak'i
Chachiyeti
Chachkheti
Ch'ach'khriala
Chachkhuri
Chachubeti
Ch'adists'ikhe
Chaduniani
Chagan-Chkvishi
Chagani
Chailuri
Ch'aisubani
Chaisubani
Chakhatauri
Chakhat'i
Chakisopeli
Chakva
Ch'ak'vi
Chakvindzhi
Chak'vinja
Chak'vinji
Ch'ak'vist'avi
Chala
Chala
Chala
Chala
Chala
Chala
Chala
Chaladidi
Chala Kakabouri
Chalakhmela
Chalast'avi
Chalatke
Ch'alaubani
Chale
Chalestavi
Chali
Chalisop'eli
Chalis-Sopeli
Chalist'avi
Chalisubani
Chalkeyeti
Chalkhesti
Chalostavi
Chalovani
Chalovani
Chalovani Nizhniye
Chalovani Verkhniye
Chalvani
Chalvani Nizhniye
Ch'amdzvrala
Chanadirtkari
Chanakhchi
Chanchakha
Chanchati
Chancheti
Ch'anch'khalo
Chanchkharo
Chandari
Chandari
Chandrebi
Chandura
Changilari
Chaniet'i
Chaniyeti
Chaniyeturi
Chankaati
Chantlis-Kure
Ch'antlisquri
Ch'ao
Chapayevka
Charant-Kari
Charchekhi
Ch'ardakhi
Charebi
Charekauli
Ch'argali
Charkauli
Charnali
Chart'ala
Chart'ali
Chartali
Ch'asavali
Chaschuri
Chasha
Chashleti
Chasleti
Chatakh
Chatakhi
Chatakhskiy Chugunnyy Zavod'
Chatsakyt
Chayluri
Ch'azhashi
Chechketi
Chechla
Chechlya
Chegem
Ch'ekuraant'gori
Chekurantgori
Chekuriaantgori
Chekuriant-Gori
Chela
Cheliagele
Cheliaghele
Cheliata
Cheliri
Cheremi
Cheri
Cheri
Cherkev-Ikhu
Cherkezikhu
Chernigovka
Chernomorskiy Posëlok
Chero
Chesel'ta
Chesel't
(( Cheshe ))
Chesho
Chetar
Chetor
Chiat'ura
Chiaura
Chibati
Chibrevi
Chich'o
(( Chidale ))
Chie
Chift-Kilisa
Chigiripshi
Chigladzisubani
Chiglaurt'a
Chigo
Ch'igoiani
Chikaani
Chikaani
(( Chikat-Kari ))
Ch'ikha
Chikhantura
Ch'ikhareshi
Chikharula
Chikhori
Chikhu
Ch'ik'unet'i
Chilaantkari
Chilou
Chilov-Aimara
Chilovani
Chilov
Chilurti
Chimas
Chimas
Chimasi
Chimasi
Chimga
(( Chinareti ))
Chinati
Chin-Chal-Bil
(( Chincharaantkari ))
Chinchriani
Chinkadzeebi
Chinkadzeyebi
Ch'int'i
Chiora
Chiotaant-Kari
(( Chiotantkari ))
Chirdileliantkari
Chirdili
Ch'iriki
Chirut'a
Chiryuta
Chista
Ch'it'akhevi
Chitakheviges
Chitatskari
Chita-Tskhali
Chit'atsqari
Ch'itaurebi
Chitaurebi
Chitaurni
Ch'itiani
Chitura
Chivchavi
Ch'ivt'k'ilisa
Chiye
Chkaduashi
Chkalta
Chkepi
Ch'khakoura
Ch'khalt'a
Chkharauli
Chkharetseri
Ch'khari
Chkhari-Etseri
Chkharuli
(( Chkhatana ))
Ch'khenishi
Chkheri
Ch'khikvt'a
Chkhirauli
Chkhirouli Bol'shiye
Chkhirouli
Chkhirouli Malyye
Ch'khoria
Chkhoro-Tskhu
Chkhorotsku
Ch'khorotsqu
Ch'khort'oli
Chkhortoli Nizhniye
Chkhortoli Verkhniye
Chkhoushi
Ch'khuba
Chkhuneti
Chkhuteli
Chkidanari
Chkidianari
Chkonagora
Chkonagvara
Chkopiani
Chkortoli
Chkumi
Ch'k'valeri
Chkvishi
Chkvishi
Chlorvila
Chlou
Chlvtkilisa
Chobalauni
Ch'obalaurni
Chobanluk
Chobano
Chobaret'i
Chobaurka
Chobaurna
Chobi
Chobikhevi
Chobinskhevi
Chobiskhevi
Ch'och'khat'i
Chochokhi
Chognari
Chognari
Ch'okhatauri
Chokhelii
Ch'okhelni
Chokhelt-Karm
Ch'okhi
Chokhuldi
Choknari
Cholabargi
Cholashi
Cholevi
Choliagele
Choliana
Choliani
Cholmani
Cholobargi
Choloshi
Cholur
Chomet
Chometi
Choni
(( Choniskhevi ))
Chontili
Chonto
Choporti
Chorbauli
Ch'orch'ana
Chorchani
Ch'orch'ani
Chorchokhi
Chorchokhi
Chordi
Chordzho
Chormeshavi
Chortisa
Chortov Most
Chorvila
Chotori
Chotoris-Kaloyebi
Chqonagora
Chrdileliantkari
Chrdileti
Chrdili
Chrdilo-Chiprani
(( Chrdilo ))
Chrdilo
Chrdilo
Chrebalo
Chsel't
Chubari
Chubiniantkari
Chubinidze
Chuburis-Khindzhi
Chuburkhindzhi
Chuburkhinji
Chuduniani
Chukuli
Chuli
Chulo
Chumateleti
Chumiaki
Chumlaki
Ch'umlaqi
Ch'unch'kha
Chuneshi
Churchelaurebi
Churgelaurebi
Churnali
Churt'a
Churta
Chvabiani
Chvana
Chvarebi
Chvebari
Chvele
Chveletana
Chvelieri
Chveliyeri
Chvelpi
Chvibiani
Chvinta
Chvrinisi
Chvrivi
Chvrnisi
Ciat'ura
Daba
Daba
Dabadzveli
Dabadzveli
Dabadzyeli
Dabakmeti
Dabaknet'i
Dabali-Etseri
Dablagomi
Dablats'ikhe
Dabnia
Dacha
Dadaneti
Dadeshi
Dadianet'i
Dagarukhlo
Daget-Kachini
Daget-Khachini
Daghet'khach'ini
Dag-Kizil-Adzhilo
Dag Muganlo
Dagva
Dallag-Bakarta
Dallag-Bikari
Dallag-Dodot
Dallag-Erman
Dallag-Gudisi
Dallag-Kanzman
Dallag-Karzman
Dallag-Khvtse
Dallag-Koz
Dallag-Roki
Dallag-Sba
Dallag-Snekvi
Dallag-Zakor
Dallag-Zonkar
Dalyari
Damala
Damchkhreula
Damia
Damia Giaurarkhi
Damiya
Damkali
Dampala
Dampaleti
Dandalo
Danilovka
Danisparauli
Dankali
Dano
Daonari
Dapnari
Darakoi
Darakoy
Darbazi
Darbazi
Darch'eli
Darcheti
Darch'idzeebi
Darchidzeyebi
(( Daredzhana ))
Dareulebi
Dargveti
Darka
Darkveti
Darkveti
Dart'lo
Dashbashi
Dashtapa
Dat'visi
Dauberi
Davat'i
Davayeti
Davberi
Daveti
Davidiani
Davitiani
Davituri
Davit'urni
Dedabera
Dedalauri
Dedisp'erula
Dedisperuli
Dedoplistskaro
Dedop'listsqaro
Dedukepta
Degeula
Deisi
Dekanashvilebi
Dekhvir
Dekhviri
Delkani
Deltasubani
Demirbulakhi
Demurbulag
Demurlo
Depegindze
Derch'i
Derekhokhna
Derts'eli
Desi
Devenaantkhevi
Deveniant-Khevi
Devra
Dgamishi
Dgamsh
Dgamshi
Dghnorisa
Dghvani
Dgnali
Dgnorisa
Dgvaba
Dgvana
Dgvani
Dgvari
Dgvoisi
Diakonidzeebi
Diakonidzeyebi
Dibilauri
Didachara
Didadzhara
(( Didebaani ))
Didebaani
Didebaant-Kari
Didgori
Didgvabuna
Didi-Agara
Didi Agara
Didi-Agaraki
Didi Arak'ali
Didi Ateni
Didi-Beglari
Didi-Bekami
Didi Ch'ailuri
Didi-Chiluri
Didi-Chkoni
Didi-Chordzho
Didi Chqoni
Didi-Chvarebi
Didi Dmanisi
Didi-Dumasturi
Didi Durnuki
Didi-Dzarchem
Didi-Dzhikhaishchi
Didi-Dzhikhaishi
Didi-Dzhikhayshchi
Didi-Gantiadi
Didi-Garedzhvari
Didi Garejvari
Didi Ghromi
Didi-Golisi
Didi Gomaret'i
Didi Gondrio
Didi-Goridzhvari
Didi-Gromi
Didi Gubi
Didi Gup't'a
Didi Inch'khuri
Didi-Iraga
Didi Jikhaishi
Didi-Keleti
Didi Khalebi
Didi Khanch'ali
Didi-Khavleti
Didi-Khorenia
Didi-Khorshi
Didi-Khurvaleti
Didi Kldeisi
Didi Krayevich
Didi Kukhi
Didikurta
Didi-Kvatana
Didi Lilo
Didi-Medzheriskhevi
Didi-Medzhvriskhevi
Didi Mejvriskhevi
Didi Mitarbi
Didi-Muganlo
Didi Mughanlo
Didi Nedzi
Didi Op'et'i
Didi Pamadzhi
Didi Pamaji
Didi P'levi
Didi-Samsari
Didi-Sative
Didi Shiraki
Didi Smada
Didi Tchkoni
Didi-Tkhinala
Didi-T'onet'i
Didi-Tsereti
Didi-Tsikhiata
Didi-Vani
Didi-Zana
Didmukha
Didnauri
Didtavi
Didtsipela
(( Didvake ))
Didvela
Didvela
Dighomi
Digomi
Dikashkho
Dikhagudzba
Dikhagudzuba
Dikhagudzuba
Dikhashkho
Dikhazurga
Dikhch'o
Diklo
Dilif
Dilifi
Dilikauri
Diliska
Dilit'i
Dimi
Dimirlo
Dioknisi
Dirbi
Disevi
Dits'i
Dizi
Dmanisi
Dmanisi
Dmanisi-Patara
Dmenisi
Dmitriyevka
Dmorkheti
Dmorkhveti
Doberazeni
Dobiro
Dobiro
Doche
Docho
Dochu
Dodlani
Dodota
Dodot
Dodoti
Dodotikau
Doesi
Doghlauri
Doglauri
Doglauri
Dolask'edi
Dolasvip'i
Doli
Dologani
Dolosha
Dopoukyt
Dopuakiti
Dopuakyti
Dorelti-Kau
Doreti
Doretikari
Doret'kari
Doreulebi
Doreuli
Doshake
Doshaqe
Dovleti
Doyesi
Dranda
Drandi
Drandy
Drbo
Dre
Dshugeli
Duab
Duadonisatu
Dudaant-Kari
Dudaiti
Dudaurebi
Dudaurt-Kari
Duduzaurebi
Duisi
Duisopeli
Duluzaurebi
Dumanisi
Dumasturi
Dumatskho
Dumatskhovi
Dunta
Dunusi
Duodonasto
Durevi
Durgena
Durghena
Duripsh
Durip'shi
Durnuki Malyye
Durunki
Duscheti
Dushet
Dushet'i
Dutskhuni
Duzagrama
Duzkatikau
Dvabzu
Dvaliantkari
Dvani
Dvani Verkhniye
Dviri
(( Dykelya ))
Dzadzvi
Dzadzvis-Monasteri
Dzalantkhevi
Dzalisi
Dzangat'i
Dzarchemi
Dzari
Dzari Verkhniye
Dzartsemi
Dzebniaurebi
Dzedzeurt'a
Dzedzilet'i
Dzeglevi
Dzeglevi
Dzegvi
Dzentsmani
Dzerula
Dzevera
Dzevri
Dzgevi
Dzhabnidzeyebi
Dzhafarlo
Dzhagali
Dzhagaraantkari
Dzhagira
Dzhagmiani
Dzhagumiani
Dzhakhunderi
Dzhakismani
Dzhalabeti
Dzhal-Apsua
Dzhalauri
Dzhalaurta
Dzhal
Dzhalevi
Dzhali
Dzhampal
Dzhampali
Dzhandar
Dzhandar
Dzhandari
Dzhandari
Dzhangaan-Kari
Dzhanivri
Dzhankholi
Dzhankhoshi
Dzhapana
Dzhapani
Dzhaparauli
Dzhapareuli
Dzhaparidze
Dzhaparlo
Dzhapshakari
Dzharaar
Dzharaiori
Dzharayer
Dzhariasheni
Dzhava
Dzhavakhiani
Dzhavakhiantkari
Dzhavakhi
Dzhebiri
Dzhegali
Dzhentukha
Dzhervalidzeyebi
Dzhgala
Dzhgali
Dzhgerda
Dzhgerde
Dzhgeriani
Dzhgilati
Dzhgydyrkhva
Dzhidzheti
Dzhigaura
Dzhigrasheni
Dzhigrasheni
Dzhikha
Dzhikhaishi
Dzhikhashkari
Dzhikhaskari
Dzhikheti
Dzhikhetis-Monasteri
Dzhikikau
Dzhikurault
Dzhikuraultkari
Dzhimastari
Dzhimastaro
Dzhimiti
Dzhinchvisi
Dzhinisi
Dzhirgul
Dzhirguli
Dzhirkhva
Dzhirkhveto
Dzhoisubani
Dzhokolo
Dzhokoyeti
Dzholevi
Dzholkheti
Dzholkheti
Dzholkheyeti
Dzhonia
Dzhordzhiashvili
Dzhorkhveti
Dzhorkvali
Dzhortisi
Dzhria
Dzhria
Dzhudari
Dzhugaani
Dzhugaani
Dzhugeli
Dzhugisi
Dzhulga
Dzhumati
Dzhumi
Dzhumiti
Dzhumushauri
Dzhurgaani
Dzhurkveti
Dzhurukveti
Dzhuta
Dzhvara
Dzhvarboseli
Dzhvareti
Dzhvari
Dzhvariketi
Dzhvarisa
Dzhvarisubani
Dzhvartmukha
Dzhvary
Dzhvarzeni
(( Dzibakhevi ))
Dziguri
Dziguta
Dzikhcha
Dziki
Dzilidza
Dzirageuli
Dzir-Dzhumati
Dziridzhumati
Dzirkha
Dzirkhvniani
Dzirkoka
Dzirkvadzeebi
Dzirkvadzeyebi
Dzirovan
Dzirovani
Dzirula
Dzirula
Dziruly
Dzlevidzhvari
Dzlevis-Dzhzari
Dzlevisjvari
Dzmagula
Dzmia
Dzmiani
Dzmiani-Tsinkobani
Dzmiani-Tsinkosani
Dzmuisi
Dzomag
Dzomagi
Dzuarbina
Dzugoytikau
Dzukat'a
Dzukato
Dzuknuri
Dzulukhi
Dzuqnuri
Dzvelanaga
Dzveli Abasha
Dzveli-Anaga
Dzveli Burghuli
Dzveli Burguli
Dzveli
Dzveli Kanda
Dzveli Khibula
Dzveli K'veshi
Dzveli-Marabda
Dzveli Osebi
Dzveli Sakramulo
Dzveli Senaki
Dzveli-Vedzisi
(( Dzvilant-Kari ))
Dzvilet'i
Dzvirkhvniani
Dzybzyr
Ebnisi
(( Ebrayelebi ))
Ebudi
Edik'ilisa
Edisa
Edisi
Ekadia
Ekadiya
Eki
Elbachita
El'dar
Eldari
El'darskiy
(( Eldzarta ))
(( Eliagza ))
Eliatsminda
El'oar
Eloiani
Elontkau
Elzartikau
Enageti
Enageti Malyye
(( Endzeba ))
Eniseli
Ep'removka
Ereda
Ereda
Eredvi
Ereta
Eret'iskari
Eret'o
Erge
Ergeta
Ergneti
Erindzha
Erinja
Erio
Eristsqali
Erkhvashi
Erkota
Ert'atsminda
Ertisi
Ertso
Eshera
Esheri
Esherp'erdi
Eshiri
Eshiry
Eshkit
Eshkiti
Eshtia
Eshtiya
Estecho
Estonka
Estonskoye
Eto
Etserdzveli-Samtredia
Etseri
Etseri
Etseri
Etseri
Etseri
Etseri
Etseri
Etseri
Etserperdi
Etvalisi
Evzhenti
Ezati
Fachkha
Fakhralo
Falagkau
Farazi
Feiziye
Feria
Ferma
Filipovka
Filippovka
Fillippovka
Fort Anakria
Freydental'
Furtio
Fushrukauli
Gachedili
Gadagma-Tskaltsitela
Gadamshi
Gadidi
Gadishi
Gadmogma-Tskaltsitela
Gado
Gaghma Boslevi
Gaghma Dvabze
Gaghma K'ariata
Gaghma Pirveli Khorga
Gaghma Zanat'i
Gagida
Gagluantubani
Gagma-Boslevi
Gagma-Dvabzu
Gagma-Kanata
Gagma-Kariata
Gagma-Khorga
Gagma-Kodori
Gagma-Noga
Gagma Pirveli Khorga
Gagma-Sadzhidzhao
Gagma-Shua Khorga
Gagma-Vani
Gagma-Zanati
Gagra
Gagrapsta
Gagri
Gagry
Gagulechi
Gaguri
Gaiboteni
Galavani
Gali
Galuata
Gamardzhoeba
Gamardzhveba
Gamardzhveba
Gamardzhvebe
Gamarjveba
Gamarjveba
Gambarovka
Gamdlistskaro
Gamlistsqaro
Gamoghma Boslevi
Gamoghma Pirveli Khorga
Gamoghma Shua Khorga
Gamogma-Boslevi
Gamogma
Gamogma
Gamogma-Kariata
Gamogma-Kodori
Gamogma-Noga
Gamogma Pirveli Khorga
Gamogma Shua Khorga
Gamogma-Zanati
Gamsi
Gamvi
Ganakhleba
Ganakhleba
Ganakhleba
Ganakhleba
Ganardzhias-Mukhuri
Ganardzhiis-Mukhuri
Ganardzhis-Mukhuri
Ganarjiis Mukhuri
Ganatleba
Ganatlebiskari
Gandza
Gandzani
Gandzhala
Gandzilebi
Ganiri
Ganmukhuri
Gantiadi Bol'shiye
Gant'iadi
Gant'iadi
Gantiadi
Gant'iadi
Gant'iadi
Gantiadi
Gantiadi Malyye
Gantsishi
Ganza
Garakha
Garbani
(( Garbuti ))
Gardabani
Gardateni
Garedzhvari
Gareubani
Gargadzeyebi
Gargali
Gari
Garikula
Gariqula
Garistavi
Garis-Tskaro
Garp
Garpi
Garta
Garubani
Garuyeti
Gashperdi
Gatsmania
Gautskinari
Gavagi
Gavazi
Gavazi
Gavra
Gayboteni
Gazomela
Gdu
Gduleti
Gdzelveli
Gebi
Gedagdagi
Gedaklari
Gedakliri
Gedaklyar
Gedsamania
Gedzheti
Gegechkari
Gegechkori
Gegelidzeebi
Gegelidzeyebi
Gegut'i
Gejet'i
(( Gekhavi ))
Geladzeebi
Geladzeyebi
Gelati
Gelat'i
Gelaura
(( Gelauri ))
Gelaveri
Gelisvake
Gembuli
Gendushi
Genikey
Gentsvish
Georgitsminda
Georgiyevsk
Georgiyevskoye
Gerdzauli
Gergemishi
Gergemysh
(( Gergeti ))
Geria
Geri
Gesdania
Geshderi
Getsmaniya
Gezati
Gezevret'i
Gezruli Nizhniye
Gezruli Sredniye
Gezruli Verkhniye
Ghadishi
Ghado
Ghaniri
Ghebi
Ghelisvake
Ghordze
Ghoresha
Ghreli
Ghrmaghele
Ghulelebi
Ghurta
Ghvada
Ghvankit'i
Ghvlevi
Ghvria
Giaurarkhi
(( Gigaurebi ))
Gimara
Gimozgondzhili
Gimozgonjili
Gimozgvendzhili
Ginturi
Giorgadzeyebi
Giorget'i
Giorgitsmenda
Giorgitsminda
Giorgitsminda
Giorgitsminda
Girevi
Gldani
Gligolishi
Glola
Gnugi
Gobari
Gobi
Gobori
Gocha-Dzhikhaishi
Goch'ajikhaishi
Godgadzeebi
Godogani
Godogani
Godora
Godzhiaanebi
Godzhianebi
Godzhionebi
Gofnustal'
Gofrunstal'
Gogadze
Gogadzeyebi
Gogasheni
Gogeti
Goginauri
Gogiyeti
Gogluantubani
Goglurta
Gognauri
Gogni
Gogoladzeyebi
Gogolaurt'a
Gogolaurt
Gogolesubani
Gogoleti
Gogoleysubani
Gogoreti
Gogoti
Gogrulta
Gokhnari
Gokia
Gokio
Golaskuri
Golatubani
Golisa Bol'shaya
Golisa Malaya
Golovani
Golovani
Golt'et'i
Gomani
Gomarduli
Gomareti
Gomaro
Gombori
Gombori
Gometsari
Gom
Gomi
Gomi
Gomi
Gomi
Gomi
Gomisdzhvari
Gomna
Gomurni
Gomy
Gomy
Gona
Gonebiskari
Gonia
Gonio
Goniya
Goniye
Goraberezhouli
Gora
Gora
Goraka
Gorana
Gorana
Gorana
Goratkhevi
Gorboneti
Gordi
Gordze
Gorelovka
Goreloye
Goresha
Goreti
Gorgadzeebi
Gorgadzeyebi
(( Gorgasheni ))
Gorguli
Goriana
Gori
Gori
Gorindzhuki
Gorisa
Goristavi
Goristavi
Gorists'ikhe
Gorisubani
Gormagali
Gormaghali
Gornyatskiy
Gorovani
Gortubani
Goruli
Gorundzhuk
Gorundzhuki
Goryelovka
Goshperdi
Gostibe
Goubani
Goudaour
Goyata
Gozo
Gradur
Grakali
Gramagele
Grduleti
Grdzeli Chala
Grdzelveli
Grdzelzelebi
Grebeshok
Grebeshoki
Grecheskoye
Greli
Gremi
Gremiskhevi
Grigalat'i
Grigaleti
Grigolaantkari
Grigolati
Grigoleti
Grigolishi
(( Grmagele ))
Grmagele
Gromi
Grua
Grubela
(( Gru ))
Grumbela
Gruntal'
Gruntali
Gruzinskoye Ushchel'ye
Guada
Guandra
Guba-santy
Gubi
Gubistskali
Gubistsqali
(( Gudaant-Kari ))
Guda
Gudaleti
Gudanelebi
Gudani
Gudanta
Gudarakhi
Gudarekhi
Gudasakho
Gudatsveri
Gudatubani
Gudaur
Gudauri
Gudaut'a
Gudauti
Gudauty
Gudava
Gudava Verkhnyaya
Gudavsli
Gudisi
Gudisi Nizhniye
Gudita
Guditikau
Gudouri
Gudrukhi
Gudukheti
Gudzhareti
Gudzhareti
Gu
Gugunirkhua
Gugunyrkhva
Gugut'a
(( Gugutiantkari ))
Gujaret'i
Gukda
Gular
Gulaveri
Gulaveri Verkhniye
Gulbagi
Gulebi
Guleleba
Gulelebi
Guleykari
Gulgula
Guliani
Gulianta
Gulida
Guli
Gulikami
Gulkhandisi
Gulrifsh
Gul'ripsh
Gul'ripshi
Gulrip'shi
Gulripsh Verkhniy
Gulukheti
Guma
Gumatiges
Gumati
Gumbat'i
Gumbra
Gumist'a
Gumurdo
Gumurishi
Gunda
Gundauri
Gundayeti
Gunia-Kala
Guniaqala
Gunta Bolshaya
Gup'agu
Gup-Eshkiti
Gup
Gup'i
Gup-Padlu
(( Gupta ))
Gupta Malaya
Gurchkh
Gurchkhi
Gurdjaani
Gurdzauli
Gurdzemi
Gurdzhaani
Gurdzhani
Gurgalveli
Gurgeniani
Guriani
Guriant'a
Guripuli
Guripuli Meore
Guristqe
Gurjaani
Gurkeli
Gurna
Guro
Gurshevi
Gurta
Gurtsgani
Gurtsiani
Gurtsikikau
(( Gurtsinikau ))
Gurzauli
Gurzuli
Guseinkend
Gut'uri
Gvada
Gvandra
Gvankiti
Gvara
Gvarda
Gvarebi
Gvashigberdi
Gvashtibi
Gvazauri
Gvebaldi
Gvebra
Gvebro
Gvedi
Gvedreti
Gvelet'i
Gveleti
Gverdisubani
Gverdisubani
Gverdiyeubani
Gverdzineti
Gvereti
Gverki
Gverteti
Gvertevi
Gveso
Gvevi
Gviadzhin
Gviara
Gvidak'e
Gvimaroni
Gvimbalauri
Gvimbrala
Gvimbralauri
Gvimralauri
Gvimriani
Gvindzhina
Gvirgvina
Gvirishi
Gvishtibi
Gvishtibi
Gvlevi
Gvria
Gvriatskali
Gyarak
Gyaur-Arkh
Gyul-Dag
Hoffnungstal
Iakobauri
Iakublo
Ianeti
Ianet'i
Ianeuli
Iaradzhulebi
Ibtsokhi
Icheti
Idiani
Idleti
Idliani
Idumala
Idzaava
Idzhareti
Ienishi
Ifkhi
Igoet'i
Igoreti
Igoyeti
Ijaret'i
Ikalto
Iket'i
Ikhtila
Iknevi
Ikoti
(( Ikoti ))
Ikvlivgorana
Ikvnevi
Ilemi
Ilemi Verkhniye
Ilich
Ilmazlo
Ilorgani
Ilori
Iltoza
Ilurta
Imeni Il'icha
Imeni Kirova
Imeni Molotova
Imeni Ordzhonikidze
Imera
Imerkhevi
Imerkhevi
Imerliantkari
Imer-Ukhuti
Imirasani
Imir-Asan
Imiri
Imir
Inasharidzeebi
Inashauri
Inauri
Inchkhuri
Indusa
Indzhaogly
Inget'i
Ingiri
Inguri
Inkit
Ino
Intabuyeti
Intskirvet'i
Intsoba
Iori
Iormuganlo
Iormughanlo
Ipari
Ipkhi
Ipnara
Ipnari
Ipnari
Ipnisgora
Iprari
Iqalt'o
Iraga
Iremadzeebi
Iremadzeyebi
Iremiant-Kar
Irganchay
Irgani
Iri
Irtavaza
Isakhelo
Isakkau
Iskari
Isli
Isriti
Isroliskhevi
Isula
Isunderi
It'khvisi
Itkhvisi Nizhniye
Itrapisi
Itrapis
Itria
Itsa
Itskisi
Iukho
Ivandidi
Ivaneuli
Ivano-Alekseyevka
Ivanovka
Ivanridi
Ivlita
Ivreti
Ivret
Iyeli
Iyenashi
Jabnidzeebi
Jaghmiani
Jagira
Jalaurt'a
Jandari
Jap'aridze
Java
Javakhi
Jefremowka
Jgali
Jgerda
Jigrasheni
Jigrasheni
Jijet'i
Jikha
Jikhaskari
Jimit'i
Jirkhva
Jokolo
Joqolo
Jorjiashvili
Jria
Jugaani
Jugaani
Jugheli
Jughisi
Julgha
Jumat'i
Jumit'i
Jumushauri
Juqmuri
Juruqvet'i
Jut'a
Jvari
Jvari
Jvarik'et'i
Jvarisa
Kabali
Kabeshi
Kaburi
Kabuzta
Kachaeti
Kachagani
Kachagan
Kachayeti
Kachev
Kachio
Kachret'i
Kada
Kadari
Kadari
(( Kadasar ))
K'adioghlebi
Kadioglebi
Kadoyeti
Kaduyeti
Kagubovka
Kaibashi
Kaidzhvari
Kaishaurni
Kakabauri
Kakabet'i
Kakatikau
Kakbeti
Kakhaberi
Kakhat'i
Kakhoianebi
Kakhura
Kakhuri
Kakliani
Kakliani
Kakliani
K'ak'ut'i
Kalagir
Kalagoni
Kala
(( Kalaki ))
Kalamsha
Kalashi
Kalauri
Kalauri
Kaldakhiara
Kaldakhvara
Kaleti
K'alilo
Kalinino
Kalinino
Kalinovka
Kalinovka
Kalkva-Namesrali
Kalot'a
Kaluata
Kalvata
Kaman
Kamarlo
Kamishlo
Kamkhi
Kanatia
Kanatiya
Kanchaveti
Kanda-Dzveli
Kanda
Kandaura
Kanobi
Kantauri
K'ap'anakhch'i
Kapitanovka
Kapnist'avi
Kaprashiani
Kapreshumi
Kap'shak'ari
(( Kapuchi ))
Karadashi
Karadash
Karadere
Karadzhala
Karadzhala
Karadzhalari
Karadzhalar
Karagadzhi
Karagadzhi
Karaghaji
Karagouli
Karajala
Kara
Karakend-Kosalar
Karaklisi
Karaklis
Karakomi
Karakom
Karalet'i
Karapeti
Karapila
Karatagla
Karataglya
Karatikani
Karatikyan
Karatkau
Karatubani
Karaya
Karayazi
Karayazy
Karbi
Karchiti
Kardanakhi
Kardenakhy
K'areli
Karell
K'arelt'kari
K'ariak'i
K'ariani
Kariata
(( Kariaultkari ))
Kari
Karinta
Karkuch'a
Karkushaani
Karkushani
Karletkari
Karsani
Karsimaantkari
Karsubani
Kartikami
Kartikam
(( Kartisi ))
Kartsakhi
Kartsaulta
K'arts'ebi
Kartsepi
Kart'ubani
Kartvani
Karyati
Karzakhi
K'arzamet'i
Karzman
Kasagdzhin
Kasagini
Kasatikau
Kasatikay
Kasbek
Kashadepa
Kashkatala
Kashveti
Kashveti
Kasni
Kaspi
Kasristskali
Kasristsqali
Kasumlo
Katnatu
Katsalkhevi
Katsikhabla
Kats'khi
Katskhi
Kaulder
Kaurma
Kavakluk
Kavshiri
(( Kavtaraani ))
Kavtaraani
Kavtaraski
Kavt'iskhevi
Kazakh
Kazarma
Kazbegi
Kazbeg
Kazbek
Kazlari
Kazret'i
Kbilauri
Kebaani
Kechiati
Kechiyeti
K'eda
Kedani
Kedeli
Kedeloba
Kedigora
Kedi-Kvemo
Kedisubani
K'edk'edi
Kedleba
Kedlebi
Keivan-Bul-Asar
Keivanbulgasoni
Kekhidzhvari
Kekhijvari
Kekhisdzhvari
Kekhovani
Kekhvi
Kela
Kelasuri
Keleti
Kelktseuli
Kemereti
Kemerta
K'emerti
Kemperi
Kemul'ta
Kemul'to
Kenashi
Kenchaklde
K'enk'aani
Kerana
Kerekeni
Kere
K'eriant'kari
Keriant-Keri
Kerken
Ker
K'esalo
Kesalo
Kesalo Vtoroye
Kesel'ta
K'eshalo
K'eshalo
K'eshel'ta
Keshkili
Ket'ilari
Ketilauri
Ketoraantkati
Ketrisi
Kevda-Shavara
Kevkhiani
Kevliani
K'evsel'ta
Keyvan-Bul-Asan
Keyvan-Bulgasoni
Khabelashvilebi
Khabiua
Khabiu
Khabua
Khabume
Khabyu
Khach'eshi
Khach'k'oi
Khachkoy
Khadiki
Khadmagala
Khadori
Khadoyelebi
Khadyk
Khadzhalia
Khaishi
Khaisho
Khakhabo
Khakhabo
Khakheti
Khakhhabo
Khakhmat'i
Khaki
Khala
Khalde
Khalipauri
Khalivdon
Khamiskuri
Khamisquri
Khampalgomi
Khampalgom
(( Khamusha ))
Khanchali
Khandaki
Khandisi
Khando
Khando
Khandzhi-Gazlo
Khani
Khantski
Khapshira
Kharagauli
Kharagouli
Kharaula
Kharavi
Kharbali
Khardisari
Khardisar
Khardzhami
Kharist'vala
Kharistvali
Kharkelani
Kharkhet'i
Kharnaul
Kharsha
Khartisho
Khashalkhuti
(( Khashari ))
Khashiti
Khashmi
Khashupsa
Khashup'se
Khashuri
Khasuri
Khavet'i
Khaysho
Khebudi
Kheiti
Kheiti
Kheitis
Kheivani
Khe
Kheknara
Khekordzi
Khelchua
Kheleda
Kheledi
Khelra
Khelt'ubani
Khelvach'auri
Khemagali
Kheoba
Kheoba
Kheot'i
Kherkelani
Kherkhvashi
Khertvie
Khert'visi
Khert'visi
Khetaguri
Khet'agurovi
Khetagurovo
Kheta
Khets'era
Khetskuara
Khetskvara
Khevasheni
Khevi
Khevi
Khevi
Khevischala
Khevsha
Khevsurt'sop'eli
Khevurtsopeli
Kheyti
Kheyti
(( Khezneuli ))
Khgeshter
Khiblar
Khibula
Khidari
Khideshlebi
Khidi
Khidiskuri
Khidiskuri
Khidist'avi
Khidist'avi
Khidmagala
Khidmaghala
Khikhadziri
Khikhata
Khiliana
(( Khilnaki ))
Khimshi
Khinchebi
Khino
Khirausha
Khirkhonisi
Khiso
Khitale
Khizabavra
Khizabavra
Khizanebi
Khizarukha
Khiznebi
Khlikhonisi
Khobi
Khodabula
Khodzhabegi
Khodzhabeg
Khodzhabek
Khodzhi
Khodzhorni
Khodzi
Khodz
Khojorni
Khokhmeli
Khole
Kholodnaia-Rech'ka
Kholodnaya Rechka
Khomi
Khomuli
Khonchiori
Khone
Khoni
Khonischala
Khons
Khop'i
Khopi
Khopisi
Khopsa
Khoptsa
Khop'uri
Khoranaula
Khorbali
Khorbalo
Khorchana
Khorehama
Khorenia
Khoreti
Khorga
Khoriti
Khorkheli
Khorkhis-Ubani
Khorkhmeli
Khorsha
Khoshara
Khoshatiani
Khoshuri
Khospio
Khosruani
Khotevi
Khotskvara
Khovle
Khovliyani
(( Khoza ))
Khozhorniya
Khozuet'i
Khozuyeti
Khozvrari
Khramistskaro
Khramistsqaro
Khram
Khreit'i
Khresili
Khreyti
Khrialeti
Khristaforovo
Khromistskaro
Khts'isi
Khuap
Khuberi
Khudaara
Khudabuli
Khudaliani
Khudoni
Khugata
Khugatikau
Khulgumo
Khulgumo
Khulo
Khumeni-Natopuri
Khumkhoveti
Khumushk'uri
Khumushkuri
Khundisubani
Khundzhulouri
Khunevi
Khuntsa
Khurt'isi
Khuruta
Khuruti
Khurvaleti
Khusar-Tsipran
Khutia
Khutiya
Khutor Dibilauri
Khutor-Lezhbadini
Khutor Mukhat-Gvardi
Khuts'ubani
Khvadaura
Khvanchkara
Khvani
Khvarbeti
Khvashit'i
Khvedureti Nizhniye
Khvidishi
Khvit'i
Khviti Nizhniye
Khvitismshobeli
Khviti Verkhniye
Khvoshiti
Khvtse
Khvtse
Kianeti
Kibe
Kichkhuldashi
Kidzinidzeebi
Kidzinidzeyebi
Kiket'i
Kikibo
Kikineti
Kilda
Kilovo
Kimaantkari
Kimbariani
Kimkhi
Kimotesubani
Kinchauri
Kinchkha
Kinchkha-Perdi
Kindazti
Kindghi
Kindgi
Kindzati
Kinkisha
Kinoti
Kinta
Kintsvisi
Kinuakutkhe
Kioneti
Kipiantubani
Kipirdzhiki
Kipirdzhik
Kirach-Muganlo
Kirbali
Kirguli
Kirikhi
Kirikhlo
Kirikhlo-Muganlo
Kirnat'i
Kirovakani
Kirovi
Kirovi
Kirovi
Kirovi
Kirovi
Kirovi
Kirovi
Kirovisi
Kirov
Kirov
Kirov
Kirtsina
Kirtskhi
K'isat'ibi
(( Kishkhevi ))
(( Kisiani ))
Kisiskhevi
Kisoret'i
Kistani
K'istauri
Kitaani
Kitkhidzhi
Kit'khiji
Kitokhi
Kitriuli
Kitsia
Kitsina
Kitsiya
Kits'khi
Kitskhis-Igoreti
Kitskhl
K'itsnisi
Kive
Kizil-Adzhilo
Kizil-Adzhlo
Kizil-Adzhlo
Kizilkilisa
Kizil-Kilisa
Kiziltoprakhi
Kizil-toprakh
Kkhomis-Chala
Klarivi
Klarsi
Kldeisi
Kldekari
Klde
Kldeyeti
Kldis-Tska
Kldistskaro
Kldisubani
Kldisubani
Kldiyeti
Kldu
Klivaka
(( Klivana ))
Kmost'i
Knenochala
Knolevi
Knovle
Kobadze
Kobalauri
Kobaleti
Kobalt'a
Kobeota
Kobesaantubani
Kobeti
(( Kobiantkari ))
Kobi
Kobi
Kobi
K'obulet'i
K'obulo
Kobulyety
Kobur
Kochani
K'och'ara
Kochbaani
Kochio
Kochulo
(( Koda ))
Koda
Koda
Kodalo
Kodavardisubani
Kodibina
Kodibin
Kodidzhvari
Kodi
Kodistskali
Kodistskaro
Kodistskaro
Kodistskaro
Kodistsqaro
Kodmani
Kodori
Kodori
Kodoyeti
Kodzhori
Kodzhori
Kodzhor
Kodzhory
Koghot'o
Kogoti
Kogoto
Kojori
Koka
Kokaskhali
Kokastskali
Kokhati
Kokhiant
Kokhi
Kokhnari
Kokhora
Koki
Koko
K'ok'olet'i
Kokotauri
Kolagi
Kolagiri
Kolaki
Kola
K'olashi
Koldakhvara
Koleti
Kolevi
Kolitauri
Kolkhida
Kolkhide
K'olobani
Kolo
Koloti
K'olot'i
Komandeli
Komani
Komishlo
Konchkati
Kondidi
Kondoli
Kondura
Kontuati
Kopcha
Kopiti
Korakhunt
Kora
(( Korant-Kari ))
Korasi
Korati
Korbouli
Kordi
Kordi
Korel'dash
K'orenishi
K'oret'i
K'oret'i
Koreyeti
Korint'a
Korishi
Korkhi
Korkvali
Kornisi
Korogi
Korogo
Korolistavi
Koromkhet'i
Koronis-Tavi
(( Korsavi ))
Korsevi
Korsha
Kortabude
Korta
Kortanet'i
Korti
Kortokhi
Korts'kheli
Korubani
Korugi
Koruldashi
K'osalari
Kosalar
K'oseli
Kosha-Kilisa Bol'shaya
Kosha-Kilisa
Koshka
Koshka
Koshkaskeli
Koshkatala
Koshkebi
Kosolari
K'osop'eli
Kosta Khetagurova
(( Kotaani ))
(( Kotamzvare ))
Kotanto
Kotchio
Kot'elia
Kotianeti
Kotishi
Kotoraantkari
Kovalevskoye
Kozantikau
Kras-kolodtsy
Krasnogorski
Krasnogorsk
Krasnorsk
Krasnyyekolodtsy
Krasnyy Mayak
Krayevich
Krikhi
Kriskhevi
Krobani
Kroli
Kroza
Kroza
Krozi
Kroz
Krtsanisi
K'sani
Ksanka
Ksiyeleb
Ksovreti
Ksovrisi
K'sovrisi
Ksovris
K'suisi
Kubasan
Kubasanti
Kubriantkari
Kuchatani
Kuchecha
Kuchkisabano
Kuda-Khiliana
Kudatke
Kudo-Khiliana
(( Kudo ))
Kudoti
Kudro
Kueda-Vedi
Kukheshi
Kukhi
Kulakhta
Kulalisi
Kulalisi
Kulanurkhva
Kulanyrkhva
Kulashi
Kulbaki
Kulbiti
Kulevi
Kulevisi
Kullar
Kultibani
Kulukhta
K'umelaurt'a
Kumisi
Kumistavi
K'umlists'ikhe
Kumurdo
Kumuri
K'unts'a
Kupriantkari
(( Kupriantkari ))
Kurashi
Kurdgelauri
Kurdghelauri
Kurdo
Kurduli
Kurgan Tsagveri
Kurort Akhtala
Kursebi
K'urt'a
K'urt'a
K'urt'lari
Kurtlyar
Kurzu
Kushchi
Kushch'i
Kushkhevi
Kushubauri
Kushubouri
Kusireti
Kusreti
K'ut'aisi
Kutaisk
Kutais
Kutaissi
K'ut'auri
Kutidzra
K'utiri
Kutkhenodzhikhevi
Kutkhi
Kutoli
Kutol
Kutsakhta
Kutyshkha
Kvabchara
Kvabga
K'vabgha
K'vabiskhevi
Kvabryuta
Kvachalati
Kvachkara
Kvadani
Kvadaura
Kvaisi
Kvaiti
Kvakhadzheleti
Kvakhchiri
Kvakhodzheleti
K'vakhvreli
Kvakude
Kvaliti
Kvaloni
Kvana
Kvanapa
Kvanchianari
Kvara
Kvarchkhali
Kvarchkhigali
Kvareli
Kvareltskali
Kvarely
Kvariat'i
Kvarkhiti
Kvasatali
Kvashkhiet'i
Kvashkhiyeti
Kvashta
Kvatana
Kvatetri
Kvatetri Sredniye
Kvatetri Verkhniye
Kvatia
K'vats'ikhe
Kvats'khut'i
Kvauti
Kvavili
Kvavlo
Kvazha
Kvebaldi
K'vebi
Kvechi
K'veda Achk'va
K'veda Aghvi
Kveda-Agvi
K'veda Alisubani
Kveda-Alme
K'veda Bakhvi
Kveda-Bashi
K'veda Beret'isa
K'veda Bzubzu
K'veda Bzvani
K'veda Chalovani
Kveda-Chalvani
Kveda-Chkepi
Kveda Chkhorotsku
K'veda Ch'khorotsqu
K'veda Ch'khutunet'i
Kveda-Chkvishi
K'veda Chqepi
K'veda Chqvishi
K'veda Dagva
K'veda Dzimit'i
K'veda Etseri
K'veda Gezruli
K'veda Ghvardia
K'veda Ghvirishi
K'veda Gora
K'veda Gordi
Kveda-Gvardia
Kveda Gvirishi
K'veda Ilemi
Kveda-Ipari
Kveda-Itkhvisi
K'veda Kinch'kha
K'veda Kldeet'i
Kveda-Kldeyeti
K'veda Kondidi
K'veda Kvalit'i
K'veda Kvirike
Kveda-Kvitiri
K'veda Lich'i
K'veda Luha
Kveda-Lukha
K'veda Lukhvano
Kveda-Maglaki
K'veda Makhunts'et'i
K'veda Mamat'i
K'veda Marghi
K'veda Meskhet'i
K'veda Muk'edi
K'veda Nasakirali
Kveda-Oezruli
K'veda Oncheishi
K'veda Orghuli
Kveda-Orguli
K'veda Ort'abat'umi
K'veda Sairme
K'veda Sak'ara
K'veda Sameba
K'veda Sazano
K'veda Shavra
K'veda Simonet'i
K'veda Sorta
K'veda T'lughi
Kveda-Tlugi
K'veda Ts'ageri
K'veda Tseva
K'veda Ts'ikhesulori
K'veda Tsip'lavake
K'veda Tsirmindi
Kveda-Tsmani
K'veda Ulianovka
Kveda-Ul'yanovka
K'veda Vani
K'veda Vedi
K'veda Zegani
Kveda Zhoshkha
K'vedi
Kvedreshi
Kvegvardia
Kvelaani
Kvelaantubani
K'veldaba
Kveletubani
Kvemo Abano
K'vemo Abasha
Kvemo-Achabeti
Kvemo-Adzvisi
Kvemo-Agara
K'vemo Aket'i
Kvemo-Akhalsopeli
Kvemo-Akhkalafa
Kvemo-Akhkalapa
Kvemo Alevi
K'vemo Alvani
Kvemo-Ambreti
(( Kvemo-Amirni ))
K'vemo Artani
Kvemo-Artsevi
K'vemo Azhara
Kvemo-Bagebi
Kvemo-Bakarda
Kvemo-Bargebi
K'vemo Barghebi
K'vemo Bari
Kvemo-Bebutovka
Kvemo-Bikari
K'vemo Biqari
K'vemo Birts'kha
K'vemo Bodbe
Kvemo-Boli
Kvemo-Bolkvi
K'vemo Bolnisi
Kvemo Boshuri
Kvemo-Bozha
Kvemo-Brolosani
K'vemo Chala
Kvemo-Chelyat
K'vemo Ch'ibat'i
Kvemo-Chlivana
Kvemo-Chocheti
Kvemo-Desi
Kvemo-Dodoti
K'vemo Dzaghina
Kvemo-Dzagina
Kvemo-Dzhocho
Kvemo-Dzhomaga
K'vemo Ent'eli
K'vemo Erket'i
Kvemo-Fundukluk
Kvemo-Funduklyk
Kvemo-Goreti
Kvemo-Gostibe
Kvemo-Gru
Kvemo-Gulaveri
Kvemo-Gul'ripshi
Kvemo-Gul'ripsh
Kvemo-Ikorta
K'vemo Jocho
K'vemo Jomagha
Kvemo-Kabuzta
Kvemo-Kandaura
Kvemo-Kapanakhchi
Kvemo-Karabulakhi
K'vemo K'arzmani
K'vemo K'edi
K'vemo Khalatsani
K'vemo Khandaki
Kvemo-Kharaba
Kvemo-Khechili
K'vemo Khet'i
K'vemo Khevi
K'vemo Khodasheni
Kvemo-Khorkhi
K'vemo Khuntsi
Kvemo-Khunts
Kvemo-Khvedureti
Kvemo-Khviti
K'vemo Khvtse
Kvemo-Klivana
Kvemo-Kodistskaro
K'vemo Kodistsqaro
Kvemo-Kolkhida
Kvemo-Korkula
Kvemo-Korsevi
Kvemo-Koshakilisi
Kvemo-Koshka
Kvemo-Kozi
K'vemo Krikhi
Kvemo-Kulari
Kvemo-Kuschita
Kvemo Lemsa
Kvemo-Leteti
K'vemo Linda
Kvemo-Lisi
K'vemo Mach'khaani
Kvemo-Machkhara
Kvemo-Magaro
K'vemo Magharo
Kvemo-Makhisi
K'vemo Makvanet'i
Kvemo-Margi
K'vemo Merkheuli
K'vemo Mlet'a
Kvemo-Mleti
Kvemo-Mna
Kvemo-Monasteri
Kvemo-Mskhalgori
K'vemo Nagvazavo
Kvemo-Nakaduli
K'vemo Nak'alak'ari
Kvemo-Nashovari
K'vemo Natanebi
K'vemo Nich'bisi
K'vemo Nik'ozi
Kvemo Noga
Kvemo-Okona
Kvemo-Okrokana
K'vemo Onchik'et'i
K'vemo Orozmani
Kvemo-Oshora
Kvemo-Osiauri
Kvemo-Otrevi
K'vemo P'shap'i
K'vemo Qandaura
K'vemo Qarabulakhi
K'vemo Qulari
Kvemo-Rekha
Kvemo-Rene
Kvemo-Riyeti
K'vemo Roka
Kvemo-Roke
Kvemo-Samtskaro
Kvemo-Sarabuki
Kvemo-Sarali
Kvemo-Sba
Kvemo-Shakshaketi
Kvemo-Sharakhevi
K'vemo Shavshvebi
K'vemo Shuakhevi
K'vemo Shukhut'i
(( Kvemo-Snekvi ))
Kvemo-Sobisi
Kvemo-Teleti
Kvemo-Tsesi
Kvemo-Tsiri
Kvemo-Tskaro
Kvemo-Tskhiloni
Kvemo-Tsolda
K'vemo Tsqaro
Kvemo-Tsubeni
K'vemo Vilda
Kvemo-Yermani
K'vemo Zakhori
K'vemo Zhoshkha
K'vemo Zima
Kvemo-Zonkari
Kvenakeli
Kvenaplavi
K'venatkots'a
Kvenbani
Kvenobani
K'venobani
Kvereti
Kvernaula
K'veshet'i
Kveshi-Dzveli
K'veshi
K'veshi
Kveto-Bytaga
Kviahkheu
Kviakhidzeebi
Kviakhidzeyebi
K'viani
Kvibisi
Kvichori
K'vilishori
Kviriaskhevi
Kvirike
Kvirike
Kviriketi
Kvirily
Kviriskhevi
Kvishanchala
Kvishari
Kvishieti
K'vishkhet'i
K'vitiri
K'vitiri
Kvitkiri
Kvitkiristskaro
Kvitouli
Kyaryak
Kyzyl-Kilisa
Labaidzeyebi
Labechina
Labra
Labrialdashi
Labskaldi
Lachauri
Lachepita
Lachta
Ladreri
Ladzhana
Ladzhanurges
Ladzhanurges
Ladzhanurges Tsentral'nyy
Ladzhanurskiy Tsentral'nyy
Lagami
(( Lagaziani ))
Lagodekhi
Lagvanta
Lailashi
Laili
Lait'uri
Lajanurhesi
Lakashuri
Lakat'khevi
Lakhami
Lakhamula
Lakhani
Lakhato
Lakhepa
Lakhiri
Lakhomuli
Lakhundara
Lakhushdi
Lakhushti
Laklaket'i
Lakoba
Lakvri
Laliskuri
Lalisquri
Lalkhora
Lalkhori
Lamanashur
Lambalo
Lami
Lamiskana
Lamisqana
Lamkheri
Lamovani
Lanch'khut'i
Lanchvali
Landzhishi
Lanilari
Lanobi
Lanteli
Lap'anaant'kari
Lapan-Kure
Lapankuri
Lap'anquri
Lapatskuri
Lapeti
Lapniani
Lara
Larch'va
Larchvali
Largvisi
Larilari
Lashe Kvatetri
Lashe
Lashe
Lashisgele
Lashis-Igoreti
Lashkhrashi
Lashkhreri
Lashtkhveri
Laskhana
Lastistsikhe
Lasuriashi
Lat'a
Lati Nizhreye
Latli
Lats'auri
Latsoria
Latsperi
Latyverkhnie
Lausha
Laylashi
Layli
Layturi
Ldzaava
Leakhale
Lebach'e
Lebaiskari
Lebarde
Leberis
Lecharaya
Lechariye
Lechbadinlo
Lechitine
Lech'k'op'i
Lechkop
Lech'uri
Ledarsale
Ledgebe
Ledgebiye
Ledzadzame
Ledzava
Ledzhike
Legakhare
Legersame
Leghva
Leghvani
Legogiye
Legogiye-Nasadzhu
Legva
Legva
Legvani
Leka Imakhi
Lekalmakhi
Lek'arch'e
Lek'arde
Lekhaindrao
Lekhaindravo
Lekharch'ile
Lekhera
Lekhidristavi
Lekhtagi
Lekhtag
(( Lekhuri ))
Lekokaiye
Lekokane
Lekokatse
Lekosandi
Lekossandi
Leksura
Lek'sura
Lekukhona
Leladziseuli
Leliani
Lelobi
Lelovani
Lelovani
Lelovoni
Lelubani
Lemshveniera
Lemsia
Lemsiya
Lemzagori
Leningori
Leninisi
Lenin
Lenino
Lenino
Leninovka
Lentekhi
Lepisi
Lepochkhuye
Lesale
Lesa
Leselidze
Lesema
Leshamuge
Leshuki
Leshukvi
Lesichine
Lesilidze
Lesindi
Leskhulukhe
Lesora
Lesor
Leta
Leti
Let
Letnik Kobi
Letsave
Letsitskhuayye
Letsitskhvaiye
Letsperi
Letsurtsume
Letykhi
Leusheri
Leushuri
Levakhane
Levaya Atsgara
Levitana
Levyy Gentsvish
Levyy Ptysh
Lezgara
Lezhbadini
Lia
Libani
(( Lichanuri ))
Lich'i
Lichi Nizhniye
Lidzaa
Lidzava
Likani
Likhauri
Likhet'i
Likhni
(( Likoki ))
Lilo
Lilo Maloye
Lipi
Lipodi
Lisa
Lisho
Lisi
Litsi
Livadi
Liya
Liya
Lkoti
Lokdzhandari
Lok-Dzhandar
Lomanauri
Lomaturts'khi
Lomdzagora
Lomisi
(( Lomiskhevi ))
Lopani
Loshkineti
Loukhoumi
Lozhua
Ludzhi
Lugela
Luikhni
Lukhny
Lukhvano
Luki
Luli
Lut'khubi
Luxemburgi
Luxemburg
Lykhni
Lykhny
Lyuksemburg-Gruzinskiy
Lyuksemburgi
Lyuksemburg
Lyuksemburi
Machakhlispiri
Macharadse
Machara
Macharashvilebi
Machartskali
Macharukha
Macharula
Machatia
Machitauri
Machkhara
Mach'khvareti
Madzhara
Madzharka
Madzhidia
Magardeli
Magaro
Magaroskari
Magharoskari
Maghlaki
Maghlakoni
Maghraani
Maghraani
Maghrani
Magi
Magiri
Maglaki
Maglakoni
Mag
Magraani
Magranet'i
Magrani
Mahdikori
Maidani
Mairami
Maisauri
Maisi
Makaduli
(( Makarta ))
Makatubani
Makhalakauri
Makhalakidzeebi
Makhalakidzeyebi
Makharadze
Makharadze
Makharia
Makhashi
Makhashi
Makhatauri
Makhati
Makhchara
Makhiaret'i
Makhindzhauri
Makhinjauri
Makhisi
Makhisi-Zemo
Makhmudiye
Makhmutlo
Makho
Makhundzhia
Makhunjia
Makhunts'et'i
Makhura
Makhvilauri
Makvaneti
Malaya Ikvliv-Gorana
Malaya Kanda
Malaya Kondura
Malaya Marabda
Malaya Zana
Malda
Malkhazovka
Maloye Lilo
Maltakva
Malvata
Malyye Ateni
Malyye Dmanisi
(( Malyye Dumasturi ))
Malyye Garedzhvari
Malyye Gomareti
Malyye Gorisdzhavari
Malyye Gorisdzhvari
Malyye Gromi
Malyye Gubi
Malyye Khurvaleti
Malyye Kldeisi
Malyye Mitarbi
Malyye Shiraki
Malyye Toneti
Mamadaanebi
Mamadanebi
Mamastariya
Mamat'i
Mamatsminda
Mamidzhirkhua
Mamidzhirtskha
Mami
Mamishlo
Mamkoda
Mamkodi
Mamlosopeli
Mamtsvara
Mamudlo
Mamulaani
Mamulaant-Kari
Mamula
Mamula-Sopeli
Mamutlo
Mamydzhirkhva
Mananauri
Manaseuli
Manaseuri
Manavi
Mandaet'i
Mandayeti
Mandikori
Mandiyeti
Manglisi
Manglis
Maniaket'i
Marabda
Maradidi
Maradit
Maraleti
Marana
Maranchala
Marani
Marani
Marauli
Mardakhuch
Mardzhvena-Gentsvishi
Mardzhvena-Ptishi
Mardzhvena-Rkvia
Marelisi
Margastani
(( Margiant-Kari ))
Margistan
Margvishi
Maria
Mariamdzhvari
Mariamdzhvar
Marjvena Gentsvishi
Marjvena Ptishi
Marjvena Rkvia
Markhi
Marktobi
Marmazeti
Marneuli
Martgadzhina
Martiani
Martkobi
Martkopi
Martotubani
Martoubani
Martqop'i
Marts'khena Gentsvishi
Marts'khena Ptishi
Marts'khena Rkvia
Martuni
Martvili
Mashavera
Mashimi
Mashnaari
Matani-Marelisi
Matani
Matchatia
Matkhodzhi
Mat'khoji
Matkhovzhi
Matsevani
Matsimi
Matskhvarishi
Matskvalta
Matsqvalt'a
Mat'ura
Mayakovski
Mayakovskiy
Maydani
Maydani
Maydros-Aylya
Mayram
Mayseuri
Mazandara
Mazashi
Mazash
Mazeri
Mazhaloiana
Mazhiyeti
Mazikhua
Mazikhva
Mazitani
Mbagdat
Mchadidzhvari
Mchadijvari
Mchadis-Dzhvari
Mebetsi
Mechkheri
Mech'khet'uri
Medani
Medelaani
Medoita
Medoyta
Medzheriskhevi
Medzhilaurni
Medzhudispiri
Medzhvriskhevi
Medzibna
Megrelovka
Megvrekisi
Mejilaurni
Mejinistsqali
Mekeidzeyebi
Mekhadiri
Mekhadyr
Mekhelashvilebi
Mekheti
Mekobaurebi
Mek'vena
Melaani
Melauri
Melek'eduri
Mele
Meliaskhevi
Melura
Melusheti
Melusheyeti
Mendeleyevo
Mendzhi
Mendzhi
Meneso
Menk'alisi
Menkalist
Meore Akvaga
Meore Anukhva
Meore Balada
Meore-Balda
Meore-Bedia
Meore-Choga
Meore Chogha
Meore-Etseri
Meore Gudava
Meore-Gurdzemi
Meore Guripuli
Meore-Kesalo
Meore Khobi
Meore Kitsia
Meore Kopiti
Meore-Lesichine
Meore-Mokhashi
Meore Obch'a
Meore-Ontopo
Meore-Otobaiya
Meore-Otobaya
Meore-Shamta
Meore Shesheleti
Meore Sviri
Meore-Taia
Meore Tola
Merdzhevi
Merenia
Meret'i
Merevi
Meria
Merisi
Merjevi
Merkheuli
Merkula
Mesame-Balda
Mesame-Shamta
Mestia
Mestiya
Mestno
Metekhi
Metekhi
Metelevka
Metsiyeti
Metskeri
Metsneri
Metsqeri
Mgebriani
(( Mgelattsikhe ))
Mgliani
Mgliant-Kari
Mguzurkhva
Mgvime
Mgvimevi
Mhgebriani
Miasnikiani
Micha-Zchakaja
Midelaani
Midelani
Midelaurni
Midzha
Migirlo
Migrel'skoye
Migriault'a
Miguda
Mikarta
Mik'ava
Mikelaani
Mikeleponi
Mikeliani
Mikelponi
Mik'elrip'shi
Mikel'ripsh
Mikeltskaro
Mikeltsminda
Mikhailovo
Mikha Tskhakaya
Mikhaylovka
Mikhaylovka
Mikhaylovo
Mikhaylovskoye
Mikhel'ripshi
Mikhel'ripsh
(( Milakhvriantkari ))
Milisi
Milistskaro
Minadze
Minaskend
Mindadzeyebi
Minda
Minos'yazkend
Minsazkendi
Minsazkyand
Mipareti
Mirianeuli
Miriani
Mirskiseuli
Mirtgadzhin
Mirvet'i
Mirzaani
Mirzoian
Misakhe
Misak'ts'ieli
Misaktsiyeli
Mishveli
Mitsabogira
Mitsatsit'eli
Mitsobi
Miusera
Mlashe
Mlashe
Mleti
Mna
Mnat'obi
Mochaleti
Modega
Modinakhe
Modzvi
Mogiri
Moidanakhe
Mokhashi
Mokhash
Mokhe
Mokhisi
Mokhisi
Mokhorotubani
Mokhva
Mokhveuli
Mok'vi
Molaogly
Molit'i
Moliti
Molla-Akhmedlo
Molotovka
Molotovo
Molouri
Monaseuri
Monasteri Khoroti
Monasteri
Monasteri
Monasteri
Monasteri
Mondanakhe
Mongiri
Mop'rinet'i
Morbedaani
Morbedaant-Kari
Mordzgvet'i
Morgo
Mosabruni
Motkiari
Motkiyeri
Motsameta
Motsameti
Motsmao
Motsmovi
Moydanakhe
Mramba
Mravaldzali
Mshralikhevi
Mshralkhevi
Mshveliet'i
Mshveliyeti
Mshvidoba
Mshvidobiani
Mskhaldidi
Mskhalgori
Mskhaltba
Mskhlebi
Mskhlebi
Mterch'veuli
Mtisdziri
Mt'isdziri
Mt'isdziri
Mtisdzirt
Mtiskalta
Mtiskalta
Mt'ispiri
Mtisubani
Mtiultubani
Mtiyeltubani
Mtsara
Mtsidziri
Mtsit'urebi
Mtskhera
Mts'khet'a
Mtsvane Konts'khi
Mtzkhet
Mudzhireti
Mudzhukhi
Muganlo Maloye
Muganlo
Muganlo
Muganlo
Mugaret'i
Mughanlo
Mughure
Mugrisi
Muguda
Mugudo
Mugudzirkhua
Mugudzirkhva
Mugudzyrkhva
Mugure
Muguta
Muguti
Muguti
Mugut
Mugut
Muguzyrkhva
Mujukhi
Mukazani
Mukhaestate
Mukhashura
Mukhatgverdi
Mukhat'i
Mukhauri
Mukhdari
Mukhiani
Mukhileti
Mukhli
Mukhrani
Mukhran-Teleti
Mukhrovani
Mukhrovan
Mukhura
Mukhurcha
Mukhuri
Mukhuri
Mukhuri
Muk'o
Mukuzani
Muldarta
Mulkrani
Mulsdi
Mumlaantkari
Mundi
Muntskva
Murdzhakheti
Murjakhet'i
Murkmeli
Murknistskaro
Murshkeli
Musapriani
Musarukhi
Mushavani
Mushevani
Muskhi
Musopriani
Mutsdi
Muts'o
Muzha
Muzhava
Myasinovka
Myasnikiani
Myussera
Myuzurkhya
Mzakhva
Mzcheta
Mzet'amze
Mzhavisi
Mziani
Mziseuli
Mziskana
Mziuri
(( Mzvareti ))
Mzwane Konzzhi
Naa-Armyanskoye
Naa
Naa Verkhneye
Nabada
Nabakevi
Nabakevi
Nabakevi
Nabakhtevi
Nabeghlavi
Nabeglavi
Nabokevi
Naboslevi
Nabzhou
Nachkadou
Nachkadu
Nachkadu
Nadaburi
Nadaburi
Nadaraantkari
Nadarbazevi
Nadarbazevi
Nadarbazevi
Nadarbazi
Nadarbazi
Nadardazi
Nadibaani
Nadibaant-Kari
Nadikvari
Nadkokra
Nadkorvali
Nadokra
Nadrevani
Naduburi
Naduk'nari
Nadzhakhavo
Nadzhakhovo
Nadzhikhevi
Nadzhikhevi
Nadzhikhuri
Nadzva
Naesakao
Naesakavo
Naftiani
Nagarevi
Nageberao
Naghobilevi
Naghorevi
Naghvarevi
Nagliantkari
Nagobilevi
Nagomari
Nagomevi
(( Nagomrulevi ))
Nagorevi
Naguru
Nagutni
Nagvalou
Nagvarevi
Nagvazao
Nagvazu
Nagyazu
Naidorf
Najakhavo
Najikhevi
Nakaduli
Nakaduli
Nakalakari
Nak'alak'evi
Nakalakevi
(( Nakalesavi ))
Nakalevi
Nakargali
Nakhakhulevi
Nakhakhu
Nakharebao
Nakharebavo
Nakharebovo
Nakhar
Nakhidi
Nakhriauli
Nakhshira
Nakhshirgele
Nakhshirghele
Nakhunavo
Nakhurts'ilavo
Nakhurzou
Nakiani
Naki
Nakipari
Nakip'u
Nakiyeti
Nakra
Nakreba
Nakrepa
Nakuraleshi
Nakurdevi
Nakvetaurebi
Nalchurcou
Nalepsavo
Nalepsovo
Namakdvani
Namaneva
Namaneva
Namanevi
(( Namgalauri ))
Namikolavo Meore
Namikolavo
Namikolavo Pirveli
Namikolovo
Namlisevi
Namniauri
Namokhvani
Namonastrevi
Nanari
Naneti
Naniani
Naniauri
Nankvamu
Nankvam-Zagrali
Nanuzoglebi
Naokhrebi
Naosari
Naoza
Napagauri
Napagouri
Nap'areuli
Nap'ich'khovo
Napichkhu
Napichknou
Napilnari
Nap'oshtu
Narazeni
Nardevani
Nardevan
Nareli
Nariani
Naruja
Nasadzhou
Nasamkhrali
Nashamuau
Nashtkoli
Nasomkhari
Nasperi
Natakhtari
Natanebi
Natara-Dmanisi
Natbeuri
(( Natobiani ))
Natsargora
Natsatou
Natsatu
Natsikhari
(( Natsikhari ))
Natsilmtsemeli
Natsil-Opeti
Natsiskvilari
Natskhavatevi
Natsret'i
Natsuli
Natsuluku
Navach
Navardzeti
Navat-Murevi
Navazi
Navdaraantkari
Navenakhevi
Navikhevi
Naviskhevi
Navtiani
Nayendrovali
Nayesakao
Nazarlo
Nazidzhin
Nazigina
Nazigino
Nebiyereti
Nebodziri
Nedzikhi
Nedzikh
Negakhashi
Nenia
Nenkvash
Neon-Kharaba
Nerget'i
Nergeyeti
Nesguldi
Nesguni
New Athen
Nhoga
Niabauri
Niabi
Nichbisi
Nichbisi Verkhniye
Nigavzebi
Nigazeuli
Nigoiti
Nigonti
Nigorzgva
Nigoza
Nigozet'i
Nigvzara
Nigvziani
Nigvznara
Nikigori
Nikisi
Nikolayevka
Nikolo-Anastas'evka
Nikortsminda
Nikozi
Nikozi Nizhniye
Nikozi Verkhniye
Ninia
Ninigora
Ninigori
Ninisi
Ninisk
Ninoshvili
Ninotsminda
Ninotsminda
Ninua-Kutkhe
Niorkhebi
Nipareti
Niyabi
Nizhne-Goreti
Nizhne-Kitriuli
Nizhne-Mskhalgori
Nizhne-Pshapskoye
Nizhne-Sakao
Nizhneye Abano
Nizhneye Alme
Nizhneye Armyanskoye Ushchel'ye
Nizhneye Bodbe
Nizhneye Khvtse
Nizhneye Magaro
Nizhniy Alvani
Nizhniy Apiancha
Nizhniya Tskrulefi
Nizhniy Chkhutuneti
Nizhniye Achabeti
Nizhniye Ambreti
Nizhniye Artani
Nizhniye Artsevi
Nizhniye Bagebi
Nizhniye Bikari
Nizhniye Boli
Nizhniye Bzvani
Nizhniye Chocheti
Nizhniye Desi
Nizhniye Dodoti
Nizhniye Ermani
(( Nizhniye Ganisi ))
Nizhniye Gezruli
Nizhniye Gordi
Nizhniye Goreti
Nizhniye Gulaveri
Nizhniye Gul'ripsh
Nizhniye Khandak
Nizhniye Khechili
Nizhniye Khodasheni
Nizhniye Khorkhi
Nizhniye Kitriuli
Nizhniye Kvitouli
Nizhniye Lati
Nizhniye Laty
Nizhniye Machkhaani
Nizhniye Maglaki
Nizhniye Makhuntseti
Nizhniye Makvaneti
Nizhniye Mleti
Nizhniye Nakalakari
Nizhniye Sharokhevi
Nizhniye Sobisi
(( Nizhniye Sochi ))
Nizhniye Teleti
Nizhniye Tlugi
Nizhniye Tserakvi
Nizhniye Tsinaubani
Nizhniye Tsinubani
Nizhniye Tskhiloni
Nizhniye Tvalivi
Nizhniye Ukhati
Nizhniy Gul'ripsh
Nizhniy Istochnik
Nizhniy Khalatsani
Nizhniy Kullar
Nizhniy Pshap
Nizhniy Ursdzuar
Nizhnyaya Akhkalapa
(( Nizhnyaya Alekseyevka ))
Nizhnyaya Apiancha
Nizhnyaya Cheliata
Nizhnyaya Keazha
Nizhnyaya Korkula
Nizhnyaya Kvrazha
Nizhnyaya Mna
Nizhnyaya Mtsara
Nizhnyaya Okrokana
Nizhnyaya Oshora
Nizhnyaya Reka
Nizhnyaya Rekha
Nizhnyaya Sba
Nizhnyaya Tsolda
Nizhnyaya Vilda
Nizhnyaya-Yashkhtva
Nizhnyy Laty
Nobulevi
Nochkhoni
Nodashi
Nodzhakhavo
Nodzha
Nodzhiketi
Nodzhikhevi
Nodzhikhevi
Nodzhikhevi
Nogakhashi
Noga
Noga
Noga
Noga
Nogkau
Nogkau
Nogkau
Noguta
Nojikhevi
Nokalakevi
Noko
Norio
Norio
Nosiri
Nosiri Pervyye
Noste
Notanebi
Novaya Beslakhuba
Novaya Ul'yanovka
Novo-Alekseyevka
Novo Gavazi
Novo Mikhailovka
Novo-Mikhaylovka
Novosari
Novo-Senaki
Novyy Afon
Novyye Akvaske
Novyye Gagra
Novyye Gagry
Novyye Grigoleti
Novyye Kindgi
Novyye Tamishi
Novyye Tvalivi
Novyye Zirbiti
Nov'yy Grigoleti
Nowyi Afton
Nukriani
Nuli
Nunisi
Obcha
Obcha Pervaya
Obcha Vtoraya
Obudzhi
Obuji
Ochamchira
Och'amch'ire
Ochemchiri
Ochemchiry
Ochemechiri
Oche
Ochkamuri
Och'khamuri
Och'khamuri
Ochkhomuri
Ochopa-Gvimrala
Ochopa
Ochubure
Odeti
Odilauri
Odishi
Odishi
Odish
Odonurkhava
Odzhi
Odzhola
Odzhora
Odzisi
Oglauri
Ogrobi
Oireme
Ojola
Okami
Okami
Okehevi
Okhera
Okherkhevi
Okhery
Okhiri
Okhnri
Okhomira
Okhurei
Okhurey
Okhvamekari
Okhvame
Okiani
Okinkile
Okona Nizhnyaya
Okona
Okona Verkhnyaya
(( Okrokana ))
Okrokana
Ok'ropilauri
Okroskedi
Okrosopeli
Ok'ruashvilebi
Okruvani
Oktemberi
Oktemberi
Okthara
Ok'tomberi
Oktomberi
Ok'tomberi
Ok'tomberi
Oktomberi
Ok'tomberi
Ok'umi
Okureshi
Okvinore
Oladauri
Olaverdi
Olaverti
Oldveta
Ol'ginskoye
Oliangi
Olozi
Olyank
Omalo
Omaraani
Omarishara
Omarisharo
Ompareti
Onanauri
Onanuri
Oncheishi
Onchevi
Ondanyrkhva
Ondzhokheti
Ongora
Oni
Onoghia
Onogia
Ontopo
Opachkhapu
Opeti
Opitara
Op'ret'i
Op'shkvit'i
Op'urch'khet'i
Oqureshi
Oragve
Oragveti
Orali
Orbeli
Orbet'i
Orbeulta
Orbodzala
Orchosani
Orchoshani
Ordu-Kuchuk
Ordzha
Ordzholarii
Ordzhonikidze
Ordzhonikidze
Ordzhonikidze
Ordzhonikidze
Ordzhonikidze
Orekhovo
Orgora
Orguli
Orja
Orjonikidze
Orjonikidze
Orjonikidze
Orka
Orkhevi
Orkhevi
Orkhvi
Orlovka
Ormasheni
Ormeti
Ormotsi
Orobodzala
Orodzhalari
Orodzhalar
Orodzholari
Orojolari
Orpiri
Orpola
Orsantia
Orta-Batomi
Ortabatumi
Ortevi
Ortsva
Ort'ubani
Orule
Orulu
Oruzman
Osebi-Akhali
Osebi-Dzveli
Oshora
Osiauri
Osiauri
Ostelok Arboshiki
(( Ostelok Machkhaani ))
Ostelok Mirzaani
Osunela
Ot'a
Otap'i
Otap
Otaraani
Otarsheki
Otarsheni
Otatykau
Ot'khara
Otkhari
Otobaiya
Otobaya
Otorondzhia
Otradnoe
Otradnoye
Otrasheni
Otrevi
Otria
Otsartse
Otschemtschiri
Otsindale
Ozaani
Ozhio
Ozhora
Ozni
Ozurget'i
Ozurgety
P'ach'kha
Padgu
Padlu
Paiaga
P'akhralo
P'akhulani
Pakhvdzhi
Pakhvidzha
Pakhvidzhi
P'akhviji
Paki
Pak'sadzeebi
Paksadzeyebi
Palagkau
P'alagqau
Palazoni
Paldo-Bol'shoye
Paldo-Chanchkrebi
Paldo
Paledi
Paled
Pamadzhi
Pampaleti
Panaga
Pana
Pancheti
Paniaani
P'anshet'i
Panta
Pantiani
Pantiani
Pantiani
Pantiani
Pantnara
Pantnauri
(( Papari ))
Papcha
Paposhvilebi
Paptsa
Paptsva
P'arakhet'i
Paravani
Paravneshi
Paravneti
(( Parekhi ))
Parikhisiya
P'ari
P'arnaut'i
Parnaut
Parsma
Partonokhovi
Partskahnali
Partskhanakanevi
P'arts'khanaqanevi
Partskhisi
Partskhma
P'arts'khnali
P'asanauri
Pasanaur
Pasanuri
Pashiani
Passanauri
Patara Agaraki
Patara-Akhmedlo
Patara-Arakali
Patara Ateni
Patara-Beglari
Patara-Bekami
Patara Ch'ailuri
Patara-Chkhirauli
Patara-Chordzho
Patara-Chvarebi
Patara Dmanisi
Patara-Durnaki
Patara-Durnuki
Patara-Dzhikhaishi
Patara-Enageti
Patara Etseri
Patara-Gantiadi
Patara-Garedzhvari
Patara-Gezati
Patara-Golisi
Patara-Gomareti
Patara Gondrio
Patara-Goridzhvari
Patara-Gori
Patara-Gromi
Patara-Gubi
Patara-Gupta
Patara-Inchkhuri
Patara Iraga
Patara Jikhaishi
Patara Kanda
Patara Kartsakhi
Patara-Keleti
Patara-Khalebi
Patara Khanch'ali
Patara-Kharagauli
Patara-Khavleti
Patara-Khurvaleti
Patara-Kldeisi
Patara Krayevichi
Patara-Kukhi
Patara-Kvatana
Patara Lilo
Patara-Medzhvriskhevi
Patara Mitarbi
Patara-Muganlo
Patara-Oche
Patara-Oni
Patara O'pet'i
Patara-Pamadzhi
Patara Pamaji
Patara
Patara-Plevi
Patara P'ot'i
Patara Rokhi
Patara-Sakhvlari
Patara-Samsari
Patara-Sative
Patara-Shiraki
Patara Smada
Patara-Tamakoni
Patara-Tapa
Patara-Tkhinala
Patara T'onet'i
Patara-Tsemi
Patara-Tsereti
Patara-Tsikhiata
Patara-Vardzia
Patara-Zana
Patara-Zhinota
Patardzeuli
(( Patashuri ))
Pateleseuli
Patkineti
Patrakhutsa
Patriket'i
Patsa
Pavleuri
Pavliaki
Pavliani
Pavliantkari
Pavlovka
Pavlovskoe
Pavlovskoye
Peiziye
Peli
P'eret'a
Perevi
Perevisa
P'eria
P'ersa
P'ersat'i
Pertuli
Petriani
(( Petriani ))
Petrovskoye
Pichidzhina
Pichidzhin
(( Pichkhis-Bogiri ))
Pichkhis-Bogiri
P'ich'khovani
Pichnari
P'ich'ori
Pichviaki
Pichviani
Pichviani
P'ichvnari
Pichvnari
(( Pikali ))
Pilati
Pilenkova
Pilenkovo
P'ilipovka
Pilyenkovo
Pipilet'i
Pirazadzikhi
Pirkvaly
Pirmisaani
Pirmisaant Kari
Pirveli Akvaga
Pirveli Akvagha
Pirveli Balada
Pirveli-Balda
Pirveli Choga
Pirveli Chogha
Pirveli-Etseri
Pirveli-Gudava
Pirveli Gurdzemi
Pirveli-Guripuli
Pirveli-Kesalo
Pirveli Kitsia
Pirveli Maisi
Pirveli Maisi
Pirveli Maisi
Pirveli-Nosiri
Pirveli Obch'a
Pirveli Okhurei
Pirveli Okhurey
Pirveli Ontop'o
Pirveli Otobaia
Pirveli Otobaiya
Pirveli Otobaya
Pirveli Otoboya
Pirveli-Shesheleti
Pirveli Sviri
Pirveli-Tola
Pirveli-Tskhaltubo
Pirvelmaisi
Pirvelmaisi
Pirvelmaisi
Pirvili Sviri
Pitarayeti
Pitareti
Pitavi
Pitnara
Pitsargali
P'its'arghali
P'its'esi
Pitsunda
Pitsundo
Pitsundskiy
Pkhelsha
P'khelshe
P'kheri
Pkhero
Pkhoveli
Pkhundavi
Pkhutreri
Pkhvenisi
Plate
P'lavi
Plavismani
Plevi Bol'shiye
Plevi Malyye
Plevi
Podaani
Podaoni
Poga
P'oka
Pokeshi
P'ok'veshi
Pokvesh
Poladauri
Poltava-Aleksandrovskoye
Poltava
Poltavskoye
Polyana
Pona
P'ona
P'onichala
Posëlok Bombory
Posëlok Dzheyrangel'stroy
Posëlok Khramzavodstroya
Posëlok Mikhaylovskiy
P'ot'i
Potskho Etseri
P'ots'kho
Prasiani
Pravaya Atsgara
Pravyy Gentsvish
Pravyy Ptysh
Prezeti
Prialoura
Pridonaantkari
Primorskoe
Primorskoye
Primorsk
Prinevi
Prisi
Priyut Babash
Priyut
Prtena
Psereti
Pshapi Nizhniye
P'shap'i
Pshapi Verkhniye
Pshap
P'shaveli
Pshavlebi
Pshu
Psirtkha
Psirtskha
P'sirts'kha
Pskal
P'skhu
Psori
Pssyrzcha
Psyrtskha
Ptena
Ptish
P'ts'a
Ptysh Levyy
Puchnari
Pudznari
Pukhantubani
Purashi
P'urtio
P'ushrukauli
P'ut'i
Putiyeti
Pzarma
Qach'aghani
Qanch'avet'i
Qaraghaji
Qarajala
Qarajalari
Qarap'ila
Qarat'aghla
Qarat'ubani
Qazbegi
Qemult'a
Qinch'auri
Qizilajalo
Qizilajlo
Qizilk'ilisa
Qorat'i
Qornisi
Qorolist'avi
Qudro
Qulanurkhva
Qulevi
Qulishkari
Qumuri
Qvaduashi
Qvareli
Qvareltsqali
Qvavili
Qvedreshi
Qvelaant'ubani
Qvelani
Qvibisi
Rachisubani
Radionovka
Ragsta
Rak'vt'a
Rami
Rapytsa
Raro
Ratevani
Razvaliny Khusarta
Razvaliny Zemo-Cheliata
Rbona
Rech'khi
Redut-Kale Kulevi
Reka
Reka
Rekha
Rekva
Rene
Repi-Etseri
Repi
Rep'o-Etseri
Repo
Reshevie
Resheviye
Resi
Revaziantkari
Rgani
Rgani Zeda
Rgvalichala
Riapshi
Riapsh
Rike
Riketi
Rikza
Rioni
Rion
Riqe
Riqet'i
Riyeti
Rkvia Levaya
Rkvia Pravaya
Rodinauli
Rodinouli
Rodionovka
Rokata
Roketi
Rokhi
Rokit'i
Rokit'i
Romaneti
Rondishi
Roro
Roshka
Rostiani
Rozenberg
Rtskhilati
Rts'khmeluri
Ruisbolo
Ruisi
Ruispiri
Rukhi
Rup'ot'i
Rusaantubani
Rusiani
Rust'avi
Rust'avi
Rustavi
Rveli
Ryapsh
Saadanaio
Saakadze
Saalanio
Saalanio-Sapachulio
Saatlo
Sabarklet'i
Sabazho
Sabchot'a Ch'ai
Sabchota-Chay
Sabe-Kvadaura
Saberio
(( Sabero ))
(( Sabertse ))
Sabe
Sabeselio
Sabirk'endi
Sabokuchao
Saboloke
Saboloko
Sabolone
Sabriakend
Sabue
Sabue
Sabukio
Sabulio
(( Saburtalo ))
Sabutbaio
Sabuye
(( Sabuye ))
Sabuye
Sabuzara
Sachachkhala
Sachachkhalia
Sach'ale
Sachali-Chala
Sach'alischala
Sachekhi
Sachigglo
Sachigolo
Sachikobao
Sachino
Sach'ino
Sach'khere
Sachkheri
Sach'kheuri
Sachochuo
Sachure
Sachurgulio
Sadakhlo
Sadgeri
Sadmeli
Sadykhly
Sadzeguri Pirveli
Sadzeguri
Sadzeli
Sadzha
Sadzha
Sadzhavakho
Sadzhevakho
Sadzhia
Sadzhidzhao
Sadzhvare
Saeliavo
Safar-Kharaba
Safarlo
Sagabeskirio
Sagadagiano
Sagagunao
Sagamo
Sagandzile
Saganlug
Sagarasheni
Sagaredzho
Sagarejo
Sagartskio
Sagdrioni
Saghandzile
Saghrasheni
Saghrdze
Saghvamich'avo
Sagil'zas
Sagilzazi
Sagirasheni
Sagolasheni
Sagrdze
Sagrigolio
Sagugunao
Sagukio
Sagunio
Saguramo
Sagvamichao
Sagvamichavo
Sagvazao
Sagvazavo
Sagvich'io
Sagvine
Saimedo
Sairkhe
Sairme
Sairme
Sajavakho
Sak'adagiano
Sakakapo
(( Sakanapo ))
Sakanapura
Sakankao
Sakao
Sakara Nizhnyaya
Sakaraulo
(( Sakaraulo ))
Sakara Verkhnyaya
Sakarikedi
Sakartvelos Kheoba
Sakasheti
Sakasira
Sakasria
Sakavre
Sakbula
Sakdari
Sakdori
Sakdrioni
Sakeni
Saken
Sakere
Sakerpe
Sakerpo
Saketsia
Saketsiya
Sakhakhubio
Sakhalvasho
Sakharbedio
Sakhocholao
Sakhocholavo
Sakhortse
Sakhudabeli
Sakhulari
Sakire
Sakire
Sakire
Sakirio
Sakobiani
Sakobiano
Sak'obo
Sak'obo
Sakobosubani
Sakochavi
Sakokhia
Sakore
Sakorintalo
Sakorintlo
Sakorkio
Sakramulo-Dzveli
Sakramulo
Sakraula
Sakrechio
Sakreula
Sakudabeli
Sakukao
Sakulia
Sakulya
Sakuneti
Sakuntse
Sakurtkhisi
Sakurtse
Sakvikvinio
Sakvirao
Sakvireti
Saladzhuri
Salajuri
Salamaleyki
Salamaleyko
Salamaleyk
Salatario
Salbieri
Salbiyeri
Salebeli
Saletodiano
Salibauri
Saliet'i
Saliyeti
Salkhino
Salkhino
Salkhino
Salkhino
Salme
Salome
Salominao
Saltara
Samachalo
Samarkvali
Samarkvalo
Sameba
Samgereti
Samgheret'i
(( Samgori ))
Samgorskiy Uchastok Pervyy
Samgreti
Samik'ao
Samitso
Samkhret-Chiprani
Samkuari
Samkure
Samkuri
Samk'vari
Samochala
Samokvara
Samolet'i
Samqure
Samsari
Samshvilde
Samtatskaro
Samt'atsqaro
Samt'avisi
Samtisi
Samtredia
Samtserisi
Samtsevrisi
Samtsverisi
Samtsverisi
Samuleti
Sanachkebio
Sanachkebi
Sanakhshire
Sanamer
Sanavardo
Sanch'ara
Sancharo
Sanebeli
Saniore
Sanorchi
Santa
Saodishario
Sap'arlo
Sapartsvanno
Saprasia
Sap'udzrebi
(( Saputkre ))
Saqavre
Saqdari
Saqdrioni
Saqudabeli
Saqulia
Saqunet'i
Sarabu
Sarach'lo
Sarak'oni
Saralari
Saral'
Saralyar
Sarbevi
Sarbiyeli
Sardakano
Sareki
Sargveshi
Saribari
Saristavi
Saritata
Sarkinet'i
Sarkveletubani
Sarkveltubani
Sark'velt'ubani
Sarmanishviliskari
Saro
Sarp'i
Sarp
Sar
Sartashali
Sart'ichala
Sartitsalo
Sartkela
Sartqela
Sarvan
Sarwan
Sasadilo
Sasashi
Sashaburo
Sashamugio
Sashavardne
Sashevardne
Sashevardno
Sashl'zas
Sashonio
Sashurgaio
Sashurgayo
Sashurghaio
Sasiret'i
Sasireti
Saskhori
Saskoshtario
Sasulia
(( Sataguri ))
Satave
Satchi
Satemo
Satikhari
Sative
Satkebuchao
Satkha
Sat'khe
Satordio
Satovle
Satqebuch'avo
Satsable
Sats'ikhuri
Satsikhuri
Satsire
Satsiskvilo
Satskhavatlo
Sats'khenet'i
Satskhenisi
Satskhoriya
Satskhovria
Satskhvitao
Satsuleiskirio
Satsuleiskiro
Satsuleskirio
Satsuleyskirio
Saudishario
Saulaveri
Savane
Savekuo
Sayeliavo
Sazano Nizhneye
Sazano
Sazeleti
Schaumjani
Schorapani
Schorpani
Seidkhodzhalo
Seleniye Pilenkovo
Sembuli
Semenli
Senaki
Seneba
Senebi
Sep'e
Sep'iet'i
Sepiyeti
Serbaisi
Serebrianoe
Serebryannoye
Serebryanoye
Serebryanyy
Sergiet'i
Sergiyeti
Serodani
Sestafoni
Seti
Set'urni
Seturt-Kari
Seva
Seydkhodzhalo
Sgobuldi
Sgubiri
Sgurishi
Shabatkvara
Shafranovo
Shakhmarlo
Shakhvetila
Shakhvetila
Shak'riani
Shakrian'
Shakshaketa Nizhnyaya
Shakshaketa
Shakshaketa Verkhnyaya
Shalauri
Shalauri
Shalbuzlo
Shaliantkari
Shalikaant-Kari
Shalikiantkari
Shalosheti
Shamadela
Shamgona
Shamkevani
Shamta
Shankevani
Shaori
Sharabidzeebi
Sharadan'
Sharakhevi
Shardometi
Sharita
Sharokhevi
Sharumiani
Shashadela
Shashiani
Shashikvara
Shashukant-Kari
Shatila
Shatili
Shaumiani
Shaumyani
Shaumyanovka
Shaumyan
Shavardeni
Shavimta Pervaya
Shavimta
Shavimta Tret'ya
Shavimta Vtoraya
Shavra
Shavsakdari
Shavshebi
Shavshvebi
Shavsopeli
Shazhiyeti
Shdigiri
Shdikhiri
Shdukhiri
Shekhvetila
Shekhvetili
Shekouli
Shekvetila
Shekvetili
Sheleuri
Shembuli
Shemok'medi
Shenak'o
Shertuli
Shesheleti
Sheshleti
Sheubani
Shevardeni
Shevimta
Sheyerteba
Shibliani
Shikhanturi
Shikhelo
Shikhilo
Shilda
Shimokmedi
Shindara
Shindisi
Shindisi
Shindlara
Shindlari
Shindlyara
Shipiaki
Shipyaki
Shitskvara
Shiukaani
Shkaleri
Shkashikhuki
Shkashisuki
Shkedeldashi
Shkedi
Shkedi
Shkhepi
Shkhept
Shkhivana
Shk'meri
Shkvana
Shlara
Shmati
Shoka
Sholaveri
Shomakhet'i
Shoncho
Shorapani
Shorapan'
Shoraveli
Shorpani
Shroma Nizhnyaya
Shroma
Shroma
Shroma
Shroma
Shroma
Shromiskari
Shromisubani
Shrosha
Shrosha Verkhnyaya
Shtlorta
Shtrolta
Shtvili
Shtyr-Gufta
Shua-Agvi
Shua Alevi
Shua-Bakhvi
Shua Bashi
Shuachala
Shua Ganakhleba
Shua-Gele
Shua Gezruli
Shua-Gora
Shua-Gubi
Shua-Khalatsani
Shua-Kharaba
Shua-Khelchua
Shuakhevi
Shuakhevi
Shua-Khorga
Shua Khorshi
Shua-Kozi
Shua-Krikhi
Shua Kvalit'i
Shua Kvaloni
Shua-Kvatetri
Shua-Makhisi
Shuamta
Shua-Mta
Shuamt'a
Shua-Mtsara
Shua Nosiri
Shua-Partskhma
Shuap'kho
Shua-Samtskaro
Shua-Sba
Shua Skhvava
Shuasop'eli
Shua Surebi
Shua-Tsiri
Shua-Tskhviri
Shua-Tsubeni
Shua-Yermani
Shua Zakhori
Shubani
Shubani
Shubani
Shukeri
Shukhuti
Shukhuty
Shuk'rut'i
Shukrut
Shulauri
Shulau
Shulaveri
Shulaveri
Shulaver
Shulavery
Shurdo
Shveleti
(( Shvindadze ))
Sianami
Sida
Sidianari
Sidzhanaani
Sidzhanani
Sighnaghi
Signagi
Signakhi
Signakh
Sijanaani
Sikhta
Sik't'arva
Silauri
Silibauri
Simonet'i
Simonet'i
Simoniant'khevi
Sinaguri
Sinatle
Sindiet'i
Sindiyeti
(( Sinobiani ))
Sintbadan
Sintbadon
Sionisgori
Sioni
Sioni
Sionmsheni
(( Sionmsheni ))
Sionstroy
Siontgori
Siriachkoni
Sirkhautikau
Sirkva
Sisaurebi
Siskala
Siskhla
Sisvadzeyebi Nizhniye
Sisvadzeyebi
Sisvadzeyevi
Skande
Skhalta
Skhaltba
Skhanari
Skhartali
Skhep'i
Skhiyeri
Skhliti
Skhliti
Skhlit
Skhlovani
Skhlovani
Skhvava
Skhvilisi
Skhvitori
Skindori
Skormeti
Skra
Skura
Skurdidi
Skurdi
Skurdzhinskiy
Skuria
Skvana
Skvavi
Smada
Sno
Soboga
Soch'khet'i
Sochkheuri
Sodeve
Sodevi
Soganlugi
Soganlug
Soghanlughi
Sogutlo
Sokhta
Sokhumi
Soklioni
Soli
Somitso
Soncho
Sonda
Sondisvela
Sondis-Veli
Sondiyevela
(( Soplioni ))
Sorelti
Sorgiti
Sori
Sormoni
Sorta
Sotsi
Soua-Kvara
Sovkhoz Akhalsopeli
Sovkhoz Krtsanisi
Sovkhoz Varketili
Spasovka
Spatagoli
Spatagori
Spet'i
Sredne Chelyat
Sredniye Ermani
Sredniye Gezruli
Sredniye Gudisi
Srednyaya Cheliata
Srednyaya Partskhma
Srednyaya Sba
Ssamtredia
Ssatschcheri
Ssignachi
Ssuchum
Ssuromi
Staliniri
Stalinir
Stalinissi
Stambul-Nakhalovka
Staro-Senaki
Starushkino
Stavinir
Stepanashvilebi
Stsropavi
Suat'isi
Suchum
Sudzhuna
Sufliva
Sufsa
Sugdidi
Sujuna
Sukhcha
Sukhumges-Pervyy
Sukhumi
Sukhum
Sukiti
Sulari
Sulda
Suleva
Sulevo
Sulori
Sunisi
Suotnani
Sup'sa
Surami
Suram
Surmushi
Svemeti
Svenet'i
Sveri
Sveri
Svetmagali
Svianani
Sviana-Rostiani
Svideba
Svimoniantkhevi
Svip'i
Svipi
Sviri Pervyye
Sviri
Sviri
Sviri Vtoryye
Svobodnoye
Synyrkhva
Tabagrebi
Tabakhmela
Tabakhmela
Tabakini
Tabanati
Tabaruki
Tabatskuri
Tabatsquri
Tabori
Tadzrisi
Tageloni
T'agiloni
Tagoiani
T'ago
T'agvet'i
T'aia
Taiovi
Takhcha
Takhta
Takhtisdziri
Takidzeebi
Takidzeyebi
Takyalo
Taleri
Tamadzhin
Tamagini
Tamagin
T'amakoni
Tamala-Kharaba
Tamala
Tamarasheni
Tamarasheni
T'amariani
T'amarisi
Tambovka
Tamishi
Tami
Tamkvach-Igvavera
Tamkvach
Tamysh-Agu
Tamysh
Tanataantubani
(( Tandilaantkari ))
Tandil-Tskaro
Tanditskaro
Tandzia
Taniantkari
Tankidzeyebi
Tapankau
Tapankhau
Taraki
Tara-Taklya
Targameuli
Targamouli
Taribani
Tarsoni
Tarson
Tashbash
Tashiskari
Tashli-Kishla
Tashtikulari
Tashti-Kullar
Tatanaantubani
Tatanisi
Tat'yanovka
Tavasa
T'avisup'leba
Tavkheoba
Tavpanta
Tavrali
Taya
Tazakendi
T'azak'endi
Tazakend
Tazakharaba
Tazavendi
Tba
Tbeti
Tbet'i
Tbeti
Tbeti
Tbeti
Tbilisi
T'bilisi
Tbilsi
Tbisi
Tblendzhi
Tblisi
Tchale
Tchognari
Tchrebalo
Tchvelieri
T'edelet'i
T'edotsminda
Tedzhisi
Tedzmiskhevi
Tegenekli
Tegenekl'
Tegeraanebi
Tegeranebi
T'ek'ali
T'ekali
Tekal-Leusheri
Tekhi
T'eklat'i
Teklyati
(( Teladzhini ))
Telagina
Telagini
Telagini
Telagin
Tela
T'elat'gori
T'elavi
Telav
Telawi
Telepa
Teleti
Telev
T'eliani
Telmani
Telotsminda
Telovani
Tep'i
Terdzhola
Teregvani
Tergvisi
Tergvisi
T'erjola
T'ernali
Ternoli
Tetdzami
Tetrakheva
Tetrakhevi
Tetratskaro
T'et'ratsqaro
Tetrikhevges
Tetri-Tskaro
Tetritsklebi
T'et'ri Tsqaro
T'et'ri Tsqlebi
Tetrtsklebi
Tevresho
Teyeranebi
Tezami
Tezeri
Tezi
T'ianet'i
Tianety
Tibaani
Tiflis
T'ighva
Tigva
Tikilisa
Tikori
Tila-Kana
Til'chkhe
Timotisubani
T'inikaani
Tinikaant-Kari
Tinikhidi
Tiniskhidi
Tioneti
Tionety
Tirdzinisi
Tirdznisi
Tiri
Tirkna
T'iseli
Tita
Tito
Titvinistskaro
Tivi
Tkachiri
Tkaia
Tkarsheti
Tkaya
Tkelovani
Tkelvani
Tkemakaravi
Tkemala
Tkemlana
Tkemlovana
Tkemlovana
Tkemlovani
Tkemlovani
Tkhelagami
Tkhelagani
Tkhela
Tkheli
Tkhilagani
T'khiliana
Tkhilistskaro
T'khilnari
Tkhilovani
Tkhiltatskaro
T'khilvana
Tkhinara
Tkhinashkari
T'khina
(( Tkhinlara ))
Tkhinvali
Tkhinvali
T'khinvali
Tkhinval
Tkhirnali
Tkhmori
Tkhnoishi
Tkhubun
Tkhyubi
Tkibulges
Tkibuli
Tkioni
Tkiri
Tkispiri
Tkotsa
Tkvarcheli
Tkvarchely
Tkviavi
Tkvibeli
Tkvibuli
Tkviri
Tkwartscheli
Tkwibuli
Tliakana
Tlia
Tli
Tlugi Kvemo
Tlugi Zemo
T'mogvi
Tnusi
Tobakhcha-Tavsurebi
Tobanieri
Tobaniyeri
Tobari
Tobati
Tobri
Tofaloglebi
Tognauri
T'ogoiant'kari
Togoiantkari
Togolchebi
Togoyantkari
T'okhliauri
Tokholcha
Tokholchebi
T'okht'a
T'oki
Tola Pervaya
Tolatsopeli
Tolebi
Tolehi
Tolendzhi
T'olenji
Tolesha
Tolosha
Toloshi
Tomashet'i
Tomashet
Toncha
Toneti
Tontobeti
Tontobet
Tontobiti
Topaloglebi
T'orelaani
Torelaani
Torelani
Toria
Tori
Toriya
Tormaneuli
T'orsa
Tortiza
Totana
Totani
Toti
T'ot'khami
Totona
Totsaurni
Toumishi
Toumush
Toumyshi
Toumysh
Toyeti
Tpilisi
Tqach'iri
Tqemlana
Tqemlovana
Tqemlovana
Tqibuli
Tqlapivake
Tqvarch'eli
Tqviavi
Trani
Traubenbergi
Traubenstal'
Traubental'
Trekhvi
Trialeta
T'rialet'i
Troitskoe
Troitskoye
Trviri
Tsabaurta
Tsablana
Tsablares Khevi
Tsabliani
Tsablovana
Tsablovani
Tsachkhuri
Tsagata
Tsagatikau
Tsagatkau
Tsagat-Shipran
Tsagat
Tsagat-Tsipran
Ts'agera
Tsagera
Ts'ageri
Tsaghveri
Tsagveri
Tsagvli
Ts'aishi
Tsakhani
Tsakha
Ts'akhi
Tsakhnistskaro
Tsakva
Tsalakari
Tsalanari
Tsalaner
Tsalaskuri
Tsalasquri
Tsaldashi
Tsalendzhikha
Tsalenjikha
Tsaleri
Tsalikari
Tsalkari
Tsalka
Tsalkuliant-Kari
Tsalugelaantkari
Tsalugliantkari
Tsamadi
Tsamad
Tsamat
Tsanashi
Ts'ana
Tsangvarta
Tsanigvarta
Tsani
Tsarbast'umani
Tsarch'e
Tsarita
Tsaritta
Tsarskie Kolodtsi
Tsarskie-Kolodtsy
Tsasri
Tsatskhentskari
Ts'ats'khvi
Tsavkisi
Tsayshi
Tschiatura
Tschitazkari
Tsdo
Tsebelda
Tsebel'dinskoye
Tsedani
Tsedisi
Tsedisi
Tsekva
Tselat'i
Tsemi
Tsena
Tserak'vi
Tseravki
Tseret'eli
Tsereti
Tseronisi
Tserovani
Tsesi
Tseteli-Tskhara
Tseva-Nizhnyaya
Tseva
Tseva Verkhnyaya
Tsevi
Tsiaghubani
Tsiagobani
Tsiagubani
Tsiara
Tsifgina
Tsifori
Tsifrani
Tsigat
Tsigriantkari
Tsikhebdavi
Tsikhesulori
Tsikhevdavi
Ts'ikhiani
Tsikhiati
Tsikhia
Tsikhidzhvari
Tsikhisdzhvari
Ts'ikhisdziri
Tsikhisdziri
Ts'ikhisjvari
Ts'ikhisop'eli
Tsikhisperdi
Tsikhissopeli
Ts'ikhisubani
Tsikhisubani
(( Tsikhna ))
(( Tsiklauri ))
Tsikvliant'kari
Tsilkani
Tsilori
Tsinagari
Tsinagola
Tsinakari
Tsinakverkve
Tsinamdzghvriant'kari
Tsinamdzgvariantkari
Tsinamdzgvriantkari
Tsinamkhari
Tsinandali
Tsinarekhi
Ts'inaret'i
Tsinasopeli
Tsinaubani
Tsinkhadu
Tsinkobani
Tsinondali
Tsinsop'eli
Tsinsvla
Tsintskalashvilebi
Tsintskaro
Tsintskaro
Tsintsqaro
Tsintsqaro
Tsinubani
Tsinubani
Tsinubani
Tsipari
Tsip'a
Tsip'a
Tsipdzhin
Tsip'erch'i
Tsipi
Tsip'lakakia
Tsiplakekia
Tsiplavake
Tsiplisopeli
Tsiplistskaro
Tsiplis-Tskaro
(( Tsiplis-Tskaro ))
Tsiplovana
Tsiplovani
Tsipnagvara
Tsip'ori
Tsipori
Tsip'ori
Tsip'rani
Tsip't'auri
Tsira
Tsiri-Gorga
Tsiri
Tsirkoli
Tsirk'vali
Tsirpashi
Tsitelgori
Tsit'eli Sabat'lo
Tsiteli-Tskaro
Tsit'eli Tsqaro
Tsitelkalaki
Tsit'elkhevi
Tsitelmta
Tsit'elsop'eli
Tsit'elsop'eli
Tsitelsopeli
Tsitelubani
Tsitel'ubani
Tsitel-Varshlavi
Tsitelvarskvlavi
(( Tsitliani ))
Tsitrusovani
Tsitsagiaktkari
Tsitsagiantkari
Tsitsamura
Tsitsamuri
Tsitskanaant'seri
Tsitskhvari
Ts'its'kiuri
Tsitsmatiani
Tsivitskali
Tsivtskaro
Tsivtskaro
Tsizeti
Tsizetti
Tskadisi
Tskahashua
Tskalaporeti
Tskaliminda
Tskalitela
Tskalshavi
Tskalt'ashua
Tskaltbila
Tskaltsminda
Tskaltsminda
Tskaltstinda
Tskaltubo
Tskarkhumuli
Tskar-Khumul
Tskavashi
Tskavroka
Tskemi
Tskere
Tskhakaya
Tskhakuya
Tskhaltsminda
Tskhaltubo
Tskhami
Tskham
Tskhanari
Tskharichamia
Tskhar-Khumul
Ts'khavat'i
Tskhaveri
Tskhemalovani
Tskhemlana
Tskhemlani
Ts'khemlisi
Ts'khemliskhidi
Tskhemlovani
Ts'khemna
Tskhenistskali
Ts'khent'aro
Tskhentskari
Tskhetisdzhvari
Tskhilgorga
Tskhiloni
Tskhinuli-Gorga
Ts'khinvali
Tskhirish
Tskhiri
Tskhmeliskhidi
Ts'khmorisi
Tskhmori
Tskhneti
Ts'khomaret'i
Ts'khori
Tskhrafona
Ts'khramukha
Tskhrapona
Tskhratskaro
Ts'khratsqaro
Tskhrukveti
Tskhukusheri
Tskhukusher
Ts'khumaldi
Tskhumali
Tskhumari
Ts'khunkuri
Tskhvareshi
Ts'khvarichamia
Tskhvarichamiya
Tskhvarigamia
Tskhvediani
Ts'khvediet'i
Tskhvediyeti
Tskirishi
Tsknarabano
Tsknari-Abano
Tskneti
Tsknori
Tskordza
Tskruti
Tskryshi
Tskrysh
Tskurgile
Tskurgili
Tskvara
Tslunkaani
Tsmani
Tsmendauri
Tsnelisi
Tsnisi
Tsnoristskali
Tsnori
Tsodna
Ts'odniskari
Tsodoreti
Tsoisi
(( Tsokal'to ))
Tsokhtevi
Tsola
Tsonarisi
Tsona
Tsoniarisi
Tson
Tsopi
Tsorbisi
Tsotagori
Tsotaguri
Ts'ots'khnara
Tsotsolda
Tsotsolta
Tsoukhva
Tsqalap'oret'i
Tsqalt'bila
Tsqaltsminda
Tsqaltubo
Tsqemi
Tsqnarabano
Tsqnet'i
Tsqordza
Tsqrut'i
Tsqurgili
Tsre
Tsriokhi
Tsromi
Tsru
Tsubeni
Tsulukidze
Tsumuri
Tsunaris-Arknet
Tsunari
Tsuskugomi
Tsuskugom
Ts'uts'khvat'i
(( Tsutskunauri ))
Tsvane
Tsveri
Tsveti
Tsvindirta
Tsvirmi
Tsvishaarkhu
Tsvyndyrta
Tsydzhikva
Tsyevi
Tubat
Tulari
Tullar
Tunadzeebi
Tunadzeyebi
Tungovyy
Turiantkaluebi
Turts'khi
Tushurebi
Tusrebi
Tusrebi
T'uzi
Tvaladi
Tvalivi
T'valueti
Tvaluyeti
Tvanaarkhu
Tvanikhua
Tvaurebi
Tvaureti
Tvebishi
Tviberi
Tvibi
Tvishi
Tvisi
Uarche
Uatkhary
Uazabaa
Ubani
Ubiati
Ubisa
Ubisi
Uchameti
Uchardanta
Uchashona
Uch'khit'i
Uch'kho
Uchmana
Udabnos Dasakhleba
Udabno
Ude
Udzharma
Udzhmana
Udzilaurt'a
Udzlouri
Udzluri
Ugardanta
Ugeltekhili
Ugeltekhi
Ugvali
Ujarma
Ukanakho
Ukanamkhari
Ukanap'shavi
Ukanaubani
Ukanava
Ukandziri
Ukaneti
Ukangora
Ukankhadu
Ukantsiri
Ukanubani
Ukeshi
Ukhat'i
Ukhut'i
Ukuleshi
Ulashlo
Ulianovka
Ulianovka
Ulumba
Uluria
Ul'yanovka
Ul'yanovka
Ul'yanovka
Ul'yanovka
Ul'yanovka
Umroni
Unagera
Undilaantkari
Untsa
Uplistsikhe
Upureti
(( Upureti ))
Uraveli
Uravi
Urbnisi
Urekhi
Ureki
Ureki
Uriatubani
Uriuli Nizhniye
Urmiskhet'i
(( Urmi ))
Urnuli
Urta
Urt'a
Urtkhva
Uruna
Usakhelo
Usakhelo
Useinkendi
Useynkendi
Usgviri
Ushap'at'i
Ushapato
Usharni
Ushkhvanari
Ushkul
Usholta
Ustera
Utsera
Utskheri
Utslevi
Uzuntala
Uzunta
Vachevi
Vach'iani
Vachian
Vach'nadziani
Vadzhanisi
Vaio
Vaka
Vake
Vake
Vake
Vake
Vake
Vakevisa
Vakhani
Vakha
Vakhtana
Vakidzhvari
Vakijvari
Vak'iri
Vakisa
Vakisdziri
(( Vakistsikhe ))
Valanda
Val'dgeym
Vale
Valita
Valiti-Kau
Vallikau
Vallikru
Vametkau
Vanadzeyebi
Vanat'i
Vaneli
Vaneti
Vanischala
Vaniskedi
Vani
Vani
Vani
Vani
Vani
Vani
Vani
Vani
Vankhevi
Vanta
(( Vanuri ))
Vaqa
Varcha
Varche
Vardevani
Vardgineti
Vardigora
Vardisubani
Vardisubani
Vardisubani
Vardisubani
Vardisubani
Vardzhanauli
Vardzhanisi
Vardzia
Vardzia
Vardziya
Varevani
Vargavi
Variani
Varjanauli
Varjanisi
Varketili
Varkhani
Varkhan
Varkhuna
Varkhuno
Varneti
Varsimaani
Varsimaant-Kari
Varts'ikhe
Vartsla
Varzhanauli
Vashakmadzeyebi
Vashladzhvari
Vashlavani
Vashlevi
Vashliani
Vashlobi
Vashlovani
Vashlovani
Vashlovani
Vashlovani
Vashtiali
Vasil'yevka
Vaziani
Vaziani
Vazisubani
Vazisubani
Vazisubani
Vedidkari
Veditkari
Vedrauli
Vedreba
Vedzatkheva
Vedzatkhevi
Vedzatkhevi
Vedzat
Vedzebi
Vedzhini
Vedzisi
Vedziskhevi
Vejini
Velebi
Velebi
Velevi
Veleyebi
Velisa
Velisi
Velispiri
Velistsikhe
Velists'ikhe
Veli
Veltaurtkari
Velura
Veluri
Verana
Veretisi
Verkhne-Goreti
Verkhne-Kharauli
Verkhne-Khechili
Verkhne-Kitriuli
Verkhne-Korkula
Verkhne-Sochi
Verkhneye Bodbe
Verkhneye Khvtse
Verkhniy Apiancha
Verkhniye Achabeti
Verkhniye Alvani
Verkhniye Ambreti
Verkhniye Artani
Verkhniye Artsevi
Verkhniye Bagebi
Verkhniye Bikari
Verkhniye Boli
Verkhniye Bzvani
Verkhniye Chkhutuneti
Verkhniye Chocheti
Verkhniye Desi
Verkhniye Dodoti
Verkhniye Ermani
Verkhniye Gezruli
Verkhniye Gordi
Verkhniye Goreti
Verkhniye Gudisi
Verkhniye Khalatsani
(( Verkhniye Kharauli ))
Verkhniye Khechili
Verkhniye Khodasheni
Verkhniye Khorkhi
Verkhniye Khvedureti
Verkhniye Khviti
Verkhniye Kitriuli
Verkhniye Kuri
Verkhniye Lati
Verkhniye Laty
Verkhniye Machkhaani
Verkhniye Merkheuli
Verkhniye Mleti
Verkhniye Nakalakari
Verkhniye Natanebi
Verkhniye Roki
Verkhniye Sobisi
(( Verkhniye Sochi ))
VerkhniyeTserakvi
Verkhniye Tsinaubani
(( Verkhniye Tsinubani ))
Verkhniye Tskhiloni
Verkhniye Tskhiri
Verkhniye Vani
Verkhniy Gul'ripsh
Verkhniy Istochnik
Verkhniy Karabulag
Verkhniy Kullar
Verkhniy Oruzmay
Verkhniy Pshap
Verkhnyaya Akhkalapa
Verkhnyaya Apiancha
Verkhnyaya Cheliata
Verkhnyaya Eshera
Verkhnyaya Korkula
Verkhnyaya Mna
Verkhnyaya Mtsara
Verkhnyaya Okrokana
Verkhnyaya Reka
Verkhnyaya Shavra
Verkhnyaya Tsolda
Verkhnyaya
Verkhnyaya Vilda
Verkhnyaya Yashtkhua
Verkhnyaya-Yashtkhva
Verkhovani
Verkhvani
Verkhveli
Verkhviani
Verkhvis-Mindori
Vernebi
Verona
Vertichala
Vertkvichala
Vertkvila
Vertkvile
Vertqvila
Veselovka
Vesëloye
Veshagurni
Vesiolovka
Vestma
Vestmo
Vestom-Mta
Vestomta
Vetzatkhevi
Vezuri
Vichnashi
Vichnashti
Vilda
(( Visto ))
Vizirovka
Vladimirovka
Vladimirovka
Vodorna
Vokva
Volodarovka
Volodarskoye
Voneli
Voroshilov
Vtoroy Arasadzykhi
Vtoroy Arasadzykh
Vuallag-Bikari
Vuallag-Dodot
Vuallag-Dzari
Vuallag-Erman
(( Vuallag-Gudisi ))
Vuallag-Karzman
Vuallag-Khvtse
Vuallag-Koz
Vuallag-Roki
Vuallag-Snekvi
Vuallag-Zakor
Vuallag-Zonkar
Yacharistskali
Yagublo
Yakublo
Yeddi-Kilisa
Yedikilisa
Yedisa
Yefremovka
Yefteluk
Yekaterinofel'd
Yeki
Yelbakita
Yel'baki
Yelia Avakan
Yelisavettal'
Yeli
(( Yeloiani ))
Yeloiani
Yeloyani
Yeltura
Yenashi
Yengikvevi
Yenikendi
Yenikend
Yenikov
Yeniseli
Yeor-Arkh
Yereda
Yeredvi
Yeretiskari
Yergeti
Yerge
Yerindzha
Yerketi
Yerkota
Yermolovka
(( Yermolovskaya ))
Yertatsminda
Yertoba
Yeshera
Yeviseli
Yezati
Yezhovakani
Ykalto
Ymir
Yukhary-Sarali
Yur'yevka
Yur'yevskoye
Yuzhnyy Priyut
Zadiantkari
Zagani
Zagan
Zagari
Zageri Gwesso
Zages
Zagrar
Zahesi
Zakaro
Zak'at'kari
Zakharovka
Zakhori
Zakvi
Zalda-lrag
Zalda
Zamlet'i
Zamtareti
(( Zamtreuli ))
Zanani
Zanati
Zanavi
Zanavi
Zana
Zanduki
Zaragula
Zarani
Zarat'i
Zardiant-Kari
Zardiantkari
Zardlashi
Zaridzebi
Zaridzeebi
Zaridzeyebi
Zarnadzeyebi
Zartsupa
Zarzma
Zashkva
Zavishi
Zeda-Achkva
Zeda Agara
Zeda Aghvi
Zeda-Agvi
Zeda Akhalsheni
Zeda Alisubani
Zeda Alme
Zeda Bakhvi
Zeda-Bashi
Zeda-Beretisa
Zeda Bzubzu
Zeda-Bzvani
Zeda-Chalovani
Zeda-Chalvani
Zeda-Chkepi
Zeda Ch'khutunet'i
Zeda-Chkvishi
Zeda Chqvishi
Zeda Dagva
Zeda Dimi
Zeda Dzimit'i
Zeda-Etseri
Zeda Etseri
Zeda-Etser-Tobaniyeri
Zeda-Gora
Zeda-Gordi
Zeda-Gvardia
Zeda-Gvirishi
Zeda-Ilemi
Zeda-Itkhvisi
Zeda Kinchkha
Zeda-Kinchkha
Zeda Kldeet'i
Zeda-Kldeyeti
Zeda-Kondidi
Zeda-Kvaliti
Zeda-Kvirike
Zeda-Kvitiri
Zeda Lia
Zeda Lich'i
Zeda-Lukhvano
Zeda-Maglaki
Zeda Makhunts'et'i
Zeda Meskheti
Zeda Meskhet'i
Zeda-Mukedi
Zeda-Nakalakevi
Zeda-Oncheishi
Zeda-Orguli
Zeda Ortabatumi
Zeda-Rgani
Zeda Sairme
Zeda Sak'ara
Zeda Sameba
Zeda-Shavra
Zeda Simoneti
Zeda Skhvava
Zeda-Sorta
Zeda Tchkvishi
Zeda-Teklati
Zeda-Tlugi
Zeda-Tseva
Zeda-Tsikhesulori
Zeda-Tsiplavake
Zeda Tsirmindi
Zeda-Uchkhubi
Zeda Ulianovka
Zeda-Ul'yanovka
Zeda Vani
Zeda-Vani
Zeda Vardzia
Zeda Vedi
Zeda Veli
Zeda Zegani
Zeda Zhoshkha
Zedubani
Zedubani
(( Zedubani ))
Zedubani
Zedubani
Zedubani
Zeduban
Zeduhani
Zegaani
Zegani
Zegani
Zegani
Zegarda
Zegduleti
Zeghdulet'i
Zegvardia
Zeindari
Zeistech'o
Zekari
Zekota
Zelënyy Mys
Zema-Osiauri
Zemo Abasha
Zemo-Achabeti
Zemo-Achabet
Zemo-Adzvisi
Zemo-Agara
Zemo-Aketi
Zemo Akhalsop'eli
Zemo-Akhkalafa
Zemo-Akhkalapa
Zemo Alvani
Zemo-Ambreti
Zemo Amirni
Zemo Artani
Zemo-Avchala
Zemo-Avchalskaya
Zemo Avshala
Zemo-Azhara
Zemo Bagebi
Zemo-Bargebi
Zemo Barghebi
Zemo Bari
Zemo-Bebutovka
Zemo-Bia
Zemo-Bikari
Zemo Biqari
Zemo Birts'kha
Zemo-Bodbe
Zemo-Boli
(( Zemo-Bolkvi ))
Zemo-Boshuri
Zemo-Brolosani
Zemo-Bytaga
Zemo-Chelyat
Zemo-Chibati
Zemo Chiriki
Zemo-Chkhortoli
Zemo-Chkvishi
Zemo-Chlivana
Zemo-Chocheti
Zemo-Desi
Zemo-Dmenisi
Zemo-Dodoti
Zemo-Dvani
Zemo-Dzari
Zemo-Dzhocho
Zemo-Dzhomaga
Zemo Ent'eli
Zemo Erket'i
Zemo Eshera
Zemo Ghumurishi
Zemo-Goreti
Zemo-Gru
Zemo Gulaveri
Zemo-Gul'ripshi
Zemo-Gumurishi
Zemo Jocho
Zemo-Jomagha
Zemo-Kandaura
Zemo-Kapanakhchi
Zemo-Karabulakhi
Zemo-Karzmani
Zemo K'edi
Zemo-Kere
Zemo Khalatsani
Zemo Khandaki
Zemo-Khechili
Zemo-Khelchua
Zemo-Kheti
Zemokheti
Zemo Khevi
Zemo-Khiza
Zemo Khodasheni
Zemo Khorkhi
Zemo-Khuntsi
Zemo Khveduret'i
Zemo-Khviti
Zemo-Khvtse
Zemo K'livana
Zemo-Kodistskaro
Zemo Kodistsqaro
Zemo-Korkula
Zemo-Korsevi
Zemo-Koshakilisi
Zemo-Koshka
Zemo-Kovalevskoye
Zemo Kozi
Zemo-Krikhi
Zemo-Ksovrisi
Zemo-Kulari
Zemo-Kuri
Zemo-Kuschita
Zemo K'valoni
Zemo-Kvatetri
Zemo-Kvazha
Zemo-Lata
Zemo Lemsashua Lemsa
Zemo-Leteti
Zemo-Lisi
Zemo-Machara
Zemo Mach'khaani
Zemo-Machkhara
Zemo-Magario
Zemo-Magaro
Zemo-Makhisi
Zemo Makvanet'i
Zemo-Margi
Zemo Mlet'a
Zemo-Mleti
Zemo-Mna
Zemo-Monasteri
Zemo-Mskhalgori
Zemo Nagvazavo
Zemo-Nagvozovo
Zemo Na'kalak'ari
Zemo-Nashovari
Zemo Natanebi
Zemo Nich'bisi
Zemo-Nikozi
Zemo Noga
Zemo-Okona
Zemo-Okrokana
Zemo-Onchiketi
Zemo Orazmani
Zemo-Orozmani
Zemo-Oruzmani
Zemo Osiauri
Zemo-Otrevi
Zemo-P'arts'khma
Zemo-Pshapi
Zemo Qarabulakhi
Zemo Rekha
Zemo Rene
Zemo-Riyeti
Zemo Roka
Zemo-Sarabuki
Zemo-Sarali
Zemo-Shakshaketi
Zemo Sharakhevi
Zemo Shuakhevi
Zemo-Shukhuti
Zemo-Skhvava
Zemo Skhvilisi
Zemo-Snekvi
Zemo-Sobisi
Zemo Surebi
Zemo-Teieti
Zemo T'elet'i
Zemo-Tianeti
Zemo Tsiri
Zemo-Tsiri
Zemo-Tskaro
Zemo Ts'khiloni
Zemo Tsolda
Zemo Tsubeni
Zemo Ubani
Zemo Vilda
Zemo-Yashtukh
Zemo Zakhori
Zemo-Zankari
Zemo-Zhoshkha
Zemo Zima
Zemo Zonkari
Zenadrisi
Zenamkhari
Zenaubani
Zendidi
Zeniti
Zeni
Zeni
Zeni
Zeno-Avchala
Zenobani
Zenobani
Zenubani
(( Zenubani ))
Zeraboseli
Zerti
Zeskho
Zesofeli
Zesop'eli
Zestafoni
Zestap'oni
Zeubani
Zghuderi
Zgubiri
Zgubir
Zguderi
Zhabeshi
Zhabiani
Zhabna
Zhakhunderi
Zhamishi
Zhamushi
Zhanivri
Zhashkva
Zhdanovi
Zhdanov
Zhdanow
Zhebota
Zhibe-Markhi
Zhibiani
Zhinot'a
Zhinvali
Zhinvani
Zhirgalishka
Zhiri-Galishka
Zhizhoni
Zhizhoyani
Zhonet'i
Zhoshkva
Zhozhoni
Zhushki
Zhvelurta
Ziari
Zikilia
Zikiliya
Zima
Zinda
Zinobiani
Zirbiti
Zistafoni
Znakva
Znauri
Znaur-Kau
Zodekhi
Zodi
Zogishi
Zomleti
Zonkari
Zotikaantkari
Zotikiantkara
Zotikiantkari
Zoti
Zovret'i
Zubi
Zubi
Zubi
Zudali
Zuda-Tsikhesulori
Zugdidi
Zulukidse
Zumi
Zumi
Zundaga
Zurzutebi
Zvandrip'shi
Zvandripsh
Zvareti
Zvareti
Zvare
Zvare
Zveli
