Albècq
Amherst
Bailiffs Cross
Bailloterie
Baubigny
Baugy
Beaucamps
Beaucamps de Bas
Beauregard
Blanches Rocques
Bordeaux
Bouet
Braeside
Braye
Braye du Val
Braye du Valle
Butes
Calais
Camp du Roi
Camptréhard
Carmel
Choisi
Claire Mare
Clos du Valle
Closios
Côbo
Cocagne
Courtes Fallaizes
Coutanchez
Crabby
Durand
Duval
Fauxquets
Fontenelle
Fortebrie
Fort George
Four Cabot
Fregondée
Fregondie
Frie Baton
Friquet
Girouette
Goubeys
Grande Roque
Grandes Capelles
Grandes Mielles
Grandes Rocques
Grand Fort
Grand Rocq
Grand Roques
Groignêt
Hall
Hatnez
Hautnez
Hommet
Hommets
Hougue Anthan
Hougue Moulin
Hougue Nicolle
Hougues Magues
Houmet
Houmets
Icart
Ivy Gate
Jerbourg
King's Mills
La Beilleuse
La Bouvée
La Chaumière
La Collinette
La Colombelle
La Corbière
La Croix
La Donnellerie
La Forge
La Fosse
La Fregondée
La Garenne
La Génétière
La Grève
La Hougue Falle
La Houguette
La Lague
La Lande
La Miellette
La Monnaie
La Moye
L'Ancresse
La Passèe
La Planque
La Pomare
La Porte
La Ramée
La Roberge
La Robergerie
La Rochelle
La Rocque
La Saline
La Seigneurie
La Sergentee
La Tonelle
La Tourgie
La Tour
La Turquie
L'Aumone
La Vaurocque
La Ville Roussel
La Villette
La Villiaze
La Vrangue
Le Bigard
Le Bordage
Le Bouillon
Le Bourg
Le Câtillion
Le Catioroc
Le Chéne
L'Eclet
Le Clos Bourel
Le Coudré
Le Dos d'Ane
Le Douit
Le Fort
Le Foulon
Le Gele
Le Gouffre
Le Grand Fort
Le Gron
Le Houmet
Le Hurel
Le Landes
Le Manoir
Le Marais
Le Mont Durand
Le Picquerel
L'Epinel
Le Planel
Le Pont
Le Preel
L'Eree
Le Roussel
Les Adams
Les Annevilles
Les Arquets
Les Baissieres
Les Bas Courtils
Les Brehauts
Les Bruliaux
Les Buttes
Les Camps du Moulin
Les Capelles
Les Clercs
Les Clos Landais
Les Dicas
Les Falles
Les Fontaines
Les Fontenelles
Les Galliennes
Les Genâts
Les Gigands
Les Gouies
Les Grantez
Les Hautgards
Les Heches
Les Houards
Les Hubits
Les Hurlaux
Les Islets
Les Jaonnets
Les Jehans
Les Laudes
Les Laurens
Les Lohiers
Les Maingys
Les Marais
Les Marchez
Les Martins
Les Mielles
Les Monmains
Les Mourains
Les Niaux
Les Nicolles
Les Nouettes
Les Padins
Les Pages
Les Paysans
Les Pieces
Les Quartiers
Les Reveaux
Les Rouvets
Les Sages
Les Salines
Les Sauvagees
Les Simons
Les Terres
Les Touillets
Les Vardes
Les Varendes
Les Vauxbelets
Les Villets
Les Vinaires
Le Tertre
Le Vallon
Le Variouf
Le Vaugrat
Le Villocq
L'Islet
Longstore
Maraitaine
Mare de Carteret
Maresquet
Mont Plaisant
Mont Plaisir
Mont Saint
Mouilpied
Neuf Chemin
Newtown
Nicolles
North Side
Paradise
Paradis
Perelle
Pleinheaume
Pleinmont
Pulais
Queux Kings Mill
Ramee
Richmond
Rocque Poisson
Rohais Manor
Rohais
Roque Tourgis
Roselle
Rousse
Rozel
Saint Andrew
Saint Anne
Saint Annes
Saint George
Saint Germain
Saint Johns
Saint Peter Port
Saint Phillipe de Torteval
Saint Sampson
Saint Sampson's
Saint Saviour
Salerie
Saumarez
Sous l'Eglise
South Side
St. Andrew
St. Anne
St. George
St. Germain
St. Johns
St. Saviour
The Bridge
Torteval Church
Torteval
Val au Bourg
Vazon
Village de Putron
Ville au Roi
Vingtaine de l'Epine
Woodlands
