Abeokuta
Abuko
Ahalulie
Alaji Yoro
Alakounda
Albadarr
Albreda
Alhaji Abdoulie Liegh
Alhaji Bajonkoto
Alhaji Dembo
Alicali Kunda
Alical Kunda
Alijamadu
Alimaka
Aljamdu
Aljamdu Kamara Kunda
Aljamdu Kanteh Kunda
Allahein
Alla Kunda
Alla Tenta
Alohungari
Alohungari Banta
Alpha
Alpha Hamjatu
Alpha N'Ding
Amdalai
Amdallai
Amdulai
Amdulay
Ampaya
Anias Kunda
Anulie
Arangalain
Arankon Kunda
Arongkoli Kunda
Baba
Babilon Gunjur
Babou Jobe
Badari
Badja Kunda
Ba Duma
Badume
Bafuloto
Bafulotor
Bahdad
Bahen
Bahoom
Bahwa
Baiaba
Bai Ba
Baien
Baijana
Baijangkortor
Bai N'Ding
Baintengkay
Baipal
Bai Tenda
Baitit Mamu Fana
Bajagar
Bajagar Dumbutu
Bajagar Jola
Bajana
Bajankoto
Baji Kunda
Bajilo
Bajiran
Bajong Koto
Bajong Kotor
Bajon Koto
Bajonkoto
Bajon Kotor
Bakadagy
Bakadagy
Bakadaji
Bakadaji
Bakadaji Kunda
Bakalari
Bakalarr
Bakang
Bakary Sambou
Bakau
Bakau Kunku
Bakau NDing
Bakendik
Bakkendik
Bakolar
Bakote
Bakoteh
Bakoti
Bakotti
Ba Kunda
Balangar
Balanghar
Balanghar Ker N'Derry
Balanghar Njoben
Balanghar Wharf Town
Bala Silla
Bali
Bali Hali Hawah
Bali Hali Howeh
Balingho
Balingo
Ballangar
Ballen
Balli
Balo Ibra
Balo Omar
Bamba
Bamba Jallow
Bambaka
Bambako
Bambako Kura
Bamba Kolon
Bamba Kolong
Bambale
Bambali
Bambatenda
Banatenda
Bandinto
Banenko
Banenko Simaila
Bangali
Bangaly
Bangasiya Fali
Bangherr
Baniakan
Baniakang
Bani Bajenko
Bani
Bani
Banicuba Yoroyel
Baniko
Banja
Banjul
Banjul NDing
Bankuba Samboido
Bankulling
Bankuwule
Banna Tenda
Banniba Jonki
Banni
Banni
Bansang
Bansang Tenda
Banta Killi
Bantam Bilo
Bantanding
Bantanding Sancha
Bantanding Toranka
Bantang Killing
Bantang Killing
Bantang Koto
Bantang Kotor
Bantango Koto
Bantanjang
Bantanta
Bantanto
Bantanto
Bantanto Ebrima Kah
Bantanto Jawara Jallow
Bantanto Ker Daburi
Bantanto Ker Daburie
Bantanto Ker Ebrima Kah
Bantanto Ker Olai
Bantanto Ker Oldi
Bantanto Ker Samba Olo
Bantanto Ker Sulay
Bantanto Musa Bah
Bantan Yima
Bantasu
Banta Su
Banto Nding
Banu Kunda
Barajali
Barajali Kunda
Barajali Tenda
Baraji Kunda
Baria
Baria
Baro Kunda
Baro Kunda
Baro Kunda Tenda
Barra
Barrajalli
Barrakunda
Barra Kunda
Barria
Barrinding
Barrow Kunda
Barry Narbeh
Barsangsang
Barukunda
Base Nding
Basori
Basse
Bassen
Bassen Kansana
Basse Santa Su
Bassik
Bassori
Batelling
Batena
Batending
Batending Kajara
Bathurst
Bati
Bati Hai
Bati Jaha
Bati Jama Gen
Bati N'Da
Bati Ndar
Bati Yungo
Batori Sateh
Bator Sateh
Battabut
Battabut Denelu
Battabut Kantora
Battelling
Battending
Battending
Batti N'Dau
Batukunku
Bayarr
Beeta
Beeta Bukafungi
Belal
Berending
Beretto
Berrending
Berry Narbeh
Bessi
Bessi Nding
Bia Hamady
Bijiba
Bijilo
Bintang
Bintinki
Biram Giddo Ya
Biram Kardo Ya
Biram Kunda
Biram Yacin
Biranoya
Birom
Birong
Birong Kunda
Bisandugu
Bissari Bajongkoto
Bissari
Bissari Madi
Bita
Bluntu
Bolum
Bombale
Bonda
Bondali
Bondali Jola
Bondali Tenda
Bonto
Boraba
Boroba
Boro Kandakase
Boro Majang Kunda
Boro Manjang Kunda
Boro Modi Bane
Borong Kunda
Boro Sambakabaya
Boro Sambaya
Bosa
Bottending
Bowe
Brefet
Brefet
Brekana
Brifu
Brikama Ba
Brikama
Brikama
Brikama
Brikama Nding
Brufut
Brufut Manjago
Brumen
Buchilling
Budayell
Buduck Maila Secka
Buduk
Buiba
Buiba Jalo Kunda
Buiba Mandinka
Buiba Musa Njadoh
Buiba Musa Sallah
Bukafungi
Bukari Kunda
Bulangor
Bulanjor
Bulanjor
Bulengart
Bulghurk
Bulgurk
Bullelai
Bullellai
Bulok
Bulufula
Bulufulla
Bumari
Bundali
Bungiga
Buniadu
Buniadu
Bunkilling
Bunobor
Buntung
Bunubor Brikama
Bunubor
Bununka Kunda
Bunyai
Buraing
Buramba
Buram
Burang Ya
Burelai
Bureng
Burock
Burrong
Buruku
Busanehkai
Busongai
Busumbala
Busumbata
Busura
Busura
Busura
Busure
Bwiam
Carrols Wharf
Chabai
Cha Kunda
Chalen
Chalen Ker Bakari Salla
Chalen Ker Bakary Salla
Chamaya
Chamen Baka
Chamen
Chamen
Chamen Sosseh
Chamoi
Changai
Changally
Changally Chewdu
Changally Lankadi
Charen
Chargel
Charjel
Charmen
Charno Musa
Charnum
Checken
Cheedi Laibe Ya
Cheedy Wollof
Cheken
Chermo Omar
Cherna Musa
Cherno Omar
Chewal Bessell
Chilla
Chisay
Choya
Choyen
Cibagnari
Daba Kunda
Dabaly
Dabatu
Dafa
Dai
Dai Mandinka
Dalaba
Damfa Kunda
Dandugu
Dankadanka
Dankunko
Dankunku
Dankunku Fula
Daranka
Daresalama
Darselameh
Darselami
Darsilam
Darsilame
Darsilame Ker Koro
Darsilame Key Koro
Darsilami
Darsilami
Darsilami
Darsilami Jimara
Darsilami Tenda
Darsilane Ker Koro
Daru
Daru
Daru
Daru Fatiho
Darule Barakatu
Daru Lohen
Daru Mbaien
Daru Rilwan
Darusalam
Darusalam
Darusalameh
Darusalem
Dasalami
Dasalami
Dasilame
Dasilami
Dasilami
Dasilami
Dasilami
Dau Dula
Dekordeh Bah
Demati Kunda
Demba Cheesay
Demba Chippo
Demba Darboe
Demba Hainey
Demba Kale
Demba Kali
Demba Koumbel
Demba Kumbale
Demba Kunda
Demba Kunda
Demba Kunda
Demban
Demba Njai Ya
Dembaso
Demba Waddu
Demba Wanda
Demba Wendu
Dembel Jawor
Dembo Kumbel
Demfai
Demfai Karim
Demfai Njaga
Denton
Dewru
Deya
Diabugu Basilla
Diabugu
Diabugu Tenda
Diemballa Ker Cherno
Diemballa Ker Madi
Diemballa Ker Musa
Digante
Diganteh
Dimbaga
Dingarai
Dingirie
Dinguiri
Dinguirin
Dinkirai
Dipa Kunda
Dipa Kunda
Dipa Kunda Wollof
Dippa Kunda
Dirboko
Djalabango
Djan Counda
Djifanga
Doba Kunda
Dobang Kunda
Dobbo
Dobo
Dobo
Dobong
Doke Alla
Doki Alla
Dongoro Ba
Dongoro
Dongoro Nding
Douassu
Dramane
Drame Joka
Drame Joku
Dula Kunda
Duma Sansang
Dumbutto
Dumbuttu
Dumbutu
Dumfoya
Dumungkareh
Dungal
Dungu
Duniajoe
Dunyo Joyo
Duonki
Dutabulu
Dutta Bullu
Ebadong
Eboe Town
Eloi
Elol
Erangalain
Essau
Faarla
Fadia Kunda
Fadiya Kunda
Fafanding
Fafending
Fajara
Faji Kunda
Famori
Fantumbu
Faraba Banta
Faraba Bantang
Faraba
Faraba Soto
Faraba Sutu
Farafenni
Farakunda
Fara Kunku
Faranabe
Farato
Farato
Farato
Farato
Farba N' Daw
Farem-Toumbo
Farintumbu
Farlah
Faro Ya
Fas Abdou
Fas
Fas
Fas Maundeh
Fas Omar Sahor
Fass Bamba
Fass
Fass
Fass
Fass Mbaien
Fass Njama
Fass Omar Sahor
Fatako
Fatotenda
Fatoto
Fattatenda
Felleng Kotor
Felling Kotor
Findefeto
Findofato
Firdausy
Fitu
Fitu Fula
Fitu Wollof
Fode Kounda
Fode Kunda
Fody Biran
Folonko
Fonkoi Kunda
Fori
Forlolor
Fuka
Fula Bantang
Fula
Fula Kolon
Fula Kolong
Fula Kulda
Fula Kunda
Fula Kunda
Fula Kunda
Fula Kunku
Fula More Boche
Funtang
Futa Yel
Gadafaro
Galleh Jolloff
Galleh Jollof
Galleh Manda
Galleh Wollof
Gallo-ya
Gallo Ya
Galowya
Gambissara Bondoh
Gambissara Fula
Gambissara
Gambissara Jawo
Gambissara Jawor
Gambissar
Garawol
Gauwa
Gayen Pate Gaie
Gayo
Gebangarr
Gembissara
Genge
Genge Tukulor
Genge Wollof
Genieri
Georgetown
Ghana Town
Gibanak
Gidda
Giffin
Gikis Dandon
Gikis
Gikis
Gillangel
Ginak Kajata
Ginak Niji
Giniah
Ginoi
Giroba
Giroba Kunda
Gissay
Guidi Musa
Gui Jahanka
Gungorong
Gunjur
Gunjur
Gunjur
Gunjur Kuta
Gunkeru
Gunkoru Ker Hamet
Gunkoru Tukulor
Gunkoru Wolloff
Gunkoru Wollof
Hai-Rewan
Hamadalie
Hamawda
Hamdalae
Hamdalae
Hamdalai
Hamdalai
Hamdalai
Hamdalai
Hamdalai
Hamdalie
Hela Kunda
Herabeh Konoh
Heramakono
Hibra
Hoi
Hosnan
How Ba
Ibo Town
Ida
Illiassa
India Baddibu
India
Inoman
Jababa
Jaba
Jabang
Jabbi Kunda
Jabel Kunda
Jabisa
Jabis
Jafai
Jafini
Jagel
Jaggle
Jaggli
Jagle
Jago
Jahabi
Jaha
Jahajan
Jahajari
Jaha Madina
Jahatuje
Jahawur Mandinka
Jahawur Tukulor
Jaidina
Jailan
Jaiteh Kunda
Jakaba
Jakaba
Jakadia
Jakau
Jakau-ur
Jakau-ur Sinchu
Jakhaly
Jakin
Jakisu
Jakoe
Jakoi Bintang
Jakoi
Jakoi Sibrik
Jako Kanjeru
Ja Koto
Jakotto
Jalaba
Jalaba
Jala Koto
Jalakoto
Jala Kunda
Jalambantang
Jalangbereh
Jalato Ali
Jalato Nderry
Jalato Sololi Mena
Jalew
Jali
Jali Kunda
Jallakotto
Jallal
Jallo Koto
Jallow Koto
Jallow Kunda
Jallow Kunda
Jally Kunda
Jalo Kunda Abdu Secka
Jalo Kunda Bakari Sabali
Jalo Kunda Demba Sira
Jalo Kunda Fula
Jalo Kunda
Jalo Kunda Malick N'Yang
Jalo Kunda Mat Mbye
Jalo Kunda Sering Ceesay
Jaluby
Jaluby Koto
Jaluby Tukulor
Jamagain
Jamagen
Jamagen
Jama Gen
Jamagen
Jamagen
Jama Gen
Jama
Jama Ken
Jamali Babou
Jamali Bere Jallow
Jamali Ganiado Njie
Jamali
Jamali Momodou Kuta
Jamali Tamsin Musa
Jamali Tamsir Secka
Jamal Mballo
Jamaly
Jamara
Jamara Nema
Jamara Wollof
Jamari
Jamarli
Jambanjali
Jambanjeli
Jambanya
Jambaruya
Jambour
Jambur
Jamisa
Jammeh Kunda
Jammi Kunda
Jamu
Jamweley
Jamwell
Jamwelly
Jamwelly
Jamwilli
Janack
Jana Kuyel
Janding Ba
Janding Jilahar
Janeck
Janeh Kunda
Jane Kunda
Jangmarr
Jang-maru
Janna Kunda
Janneh Kunda
Janweley
Jappeni
Jarbang
Jareng Ker Modou Warr
Jareng Ker Sait Sowe
Jaring Alieu M'Boge
Jaring Madi Jama
Jaring Mandinka
Jarjangfara
Jarju Kunda
Jar Kunda
Jarlang
Jarreng
Jarrol
Jarrume Koto
Jarrume Kuta
Jarume Koto
Jarume Kuta
Jasobo
Jassong
Jatabba
Jata
Jataly
Jata Sutu
Jatikoi
Jattaba
Jatta Kunda
Jatta Sutu
Jau Kunda
Jawbeh Madeh
Jawbeh Modeh
Jawbe
Jawla
Jda
Jekka
Jendeh
Jenoi
Jenun Kunda
Jereh Kungoto
Jeriko
Jessadi
Jessadi Tenda
Jessadi Wharf Town
Jessida Tenda
Jeswang
Jiboroh
Jiboroh Kotor
Jiboroh Kuta
Jida
Jifarong
Jiffarong
Jiffet
Jiffin
Jifoni
Jigimar
Jillimfara
Jimara
Jimbala Fel N'Goh
Jimbala Ker Chandou
Jimbala Ker Kara
Jimbana
Jinak
Jingory Manga
Jingory Mustapha
Jiroff
Jiroff Tenda
Jirong
Jirrong
Jissa
Joba
Jobe Kunda
Jockul
Jogdu
Jokul
Jokul Ndowen
Joli Kah
Jollofin
Jomarr
Jombiya
Jom Kunda
Jongerr
Jorem Bunda Kunda
Jorem Drameh Kunda
Jorem
Joren
Jowara
Juburruya
Jufureh
Jufuri
Jula Kunda
Juma Kunda
Jumakunda
Jumansari
Jumansari Korto
Jumansari Koto
Jumaru
Jum Bakary
Jum Mankama
Junku
Juoli
Jurro Kunda
Jurunku
Jwenkelly
Ka-ai
Kabakama
Kaba Kotor
Kabamba
Kabekel
Kabokor
Kabomb
Kachow NDing
Kachuma
Kafaya
Kafenkena
Kafenkeng
Kaffenkeng
Kafuta
Kafuta Tubung
Kafuta Tumbung
Kahan
Kahone
Kahow
Kaiaf
Kaianga
Kaie
Kai Hai Fula Kunda
Kai Hai
Kai Hai
Kaijara
Kaimbalaing
Kaimbujae
Kaimbujae NDing
Kaiyabor
Kajabina
Kajata
Kakudia
Kalagi
Kalaja
Kalaji
Kalang
Kalataba
Kalem Pol
Kaleng
Kalikajara
Kali Kunda
Kalimu
Kaling
Kallang
Kamamudu
Kambagali
Kambagol
Kambalayba
Kambalin
Kambele
Kambi
Kambong
Kambuji
Kamemero
Kamenero
Kamessen
Kamessing
Kamfenda
Kamos
Kampant
Kampassa
Kamunakore
Kanape
Kanau
Kandimai
Kandong
Kandonk
Kanfinda
Kangalabata
Kangiramba
Kangwalli
Kanifing Industrial Estate
Kanifing
Kani Kunda
Kani Kunda Wharf Town
Kanilai
Kanjabina
Kanjending
Kanjeramba
Kanjibat
Kanjiramba
Kanjundu
Kankuntu
Kankuran
Kansala
Kansambou
Kantale Kunda
Kantimba
Kantong Kunda
Kanton Kunda
Kantora
Kanube
Kanube Tenda
Kanuma
Kanuma
Kanuma
Kaolang
Kapongah
Kara
Karanai
Karantaba Dutu Koto
Karantaba
Karantaba
Karantaba
Karantaba
Karantaba Tabokoto
Karantaba Tenda
Karantaba Tukulor
Karantaba Wolloff
Karantaba Woloff
Karaoli
Karewan
Karmanka
Karrol
Karsi Kunda
Kartung
Kasa Kunda
Kashan
Kasila
Kas Malal Bah
Kas N'Jaibal
Kassagne
Kassang
Kass
Kass Malal Bah
Kass N'Jaibal
Kass Perom
Kass Wollof
Kass Yallal
Kas Yallal
Kataba
Kataba
Kataba Mandinka
Kataba Mbap
Kataba Omar Ndow
Kataba Sering Kah
Katabatata
Katamina
Katchang
Katchang Tenda
Katimina
Katokorr
Kattaba
Kaur
Kau-ur
Kawali
Kayabor
Kayainding
Kayimu Bintang
Kayimu
Kayrang
Kebbe
Kebbe
Kebbe Kunda
Kekuta Kunda
Kembuje
Kemoto
Kendalu
Keneba
Keninding Saibali
Kenniang
Kenniba
Kenniba
Keno Koto
Ker Abdou Fady
Ker Abdu
Ker Ali
Keralima
Ker Alpha
Ker Alpha Sana
Ker Ardo
Ker Bakary
Ker Bakary Salla
Ker Bamba
Ker Bamba Lowe
Ker Bambo Lowe
Ker Banno
Ker Batch
Ker Batram Yasin
Ker Bessenti
Ker Biggie
Ker Biram Kardo
Ker Biram Yasin
Ker Biram Yassin
Ker Biram Yassin
Ker Biran Kani
Ker Biran
Ker Biran Yassin
Ker Chaindu
Ker Chandeh
Ker Chende
Ker Dekordeh
Ker Demba Gabu
Ker Demba
Ker-Dobally
Ker Dobaly
Kerevane
Kerewan Duto Koto
Kerewan
Kerewan
Kerewan
Kerewan
Kerewan Samba Sira
Ker Famara
Ker Ganyado
Ker Geryado
Ker Gido
Ker Goolgor
Ker Gumalo
Ker Halli
Ker Hardo
Ker Ibra
Ker Illo Buya
Ker Jabel
Ker Jah
Ker Jaho
Ker Janko
Ker Jarga
Ker Jarga
Ker Jatta
Ker Jawbe
Ker Jibby
Ker Jibel
Ker Juma
Ker Kalim
Ker Katim
Ker Katim
Ker Kossa
Ker Lelly
Ker Lien
Ker Mademba
Ker Madi
Ker Maila
Ker Majara
Ker Majojo
Ker Maka
Ker Maka Tukulor
Ker Malick Abdou Njie
Ker Malick
Ker Malick Sarr
Ker Malima
Ker Mama Hugo
Ker Mama
Ker Mamour Fatim
Ker Mari
Ker Marjow
Ker Mata Jeme
Ker M'Bouguma
Ker Mod Hali
Ker Modi Hali
Ker Modi Teddy
Ker Mod
Ker Momodou Fana
Ker Musa
Ker N'Gaien
Ker Ngaien
Ker N'Gatta
Ker N'Gissay
Ker N'Gojan
Ker Ngonyan
Ker Ngor
Ker N'Gor
Ker Ngumbo
Ker Niada
Ker N'Jugari
Ker Njugar Ndure
Ker Omar Dahor
Ker Omar Mane
Ker Omar Saine
Ker Ousman Buso
Ker Pateh
Ker Pate Kore
Ker Patteh
Kerr Sait Maram
Ker Saderr Jobe
Ker Sain Musa
Ker Sait Cham
Ker Sait Maram
Ker Sait Maram
Ker Samba Kalla
Ker Samba
Ker Samba
Ker Samba Kumda
Ker Samba N'Jabeh
Ker Samba N'Jobbeh
Ker Samba Sowe
Ker Samba Sow
Ker Samba Yassin
Ker Sam Boye
Ker Saniang
Ker Selleh
Ker Serigne Njaga
Ker Sering Jabel
Ker Sering N'Jie
Ker Shikh Taal
Ker Sidyke
Ker Sidy
Ker Silla
Ker Singarteh
Ker Sirrai
Ker Tamsir
Ker Tiendu
Ker Tiern
Ker Tierno
Ker Waka
Ker Wally
Ker Werrigo
Ker Yoro Bah
Ker Yoro Jallow
Ker Yoro Sowe
Kesereh
Ket Kuli
Kewal
Kewel
Khayell Bessell
Khewal
Kiberi
Kidi Kunda
Kidi Kunda
Killa
Killing
Killy
Kinteh Kunda
Kinti Kunda
Kiskisi
Kissay
Kiti
Kiti Manjago
Kobotor
Kofa
Kohel
Koina
Koina Tenda
Kolibantang
Koli Kunda
Koli Kunda
Koli Kunda
Kolinto
Kolior
Kololi
Komansor
Konko Fulla
Konkohdoma
Konko Koto
Konteh
Konti Kunda
Konti Kunda Niji
Konti Kunda Sukoto
Kora
Koro Numa Kunda
Korro Jula Kunda
Kossema
Kossema
Kossemar Dembell
Kossemar
Kossemar Mamodu Sutu
Kossemar Momadu Sutu
Kotu
Kristi Kunda
Kuari
Kubariko
Kubendar
Kubune
Kubuni
Kucha
Kudang
Kudang
Kudang Tenda
Kudang Wharf
Kuiran
Kujew
Kukuyal
Kukuyel
Kulari
Kular
Kulibanta
Kuli Kunda
Kulkulel
Kuloro
Kulukoch
Kumbaney
Kumbani
Kumbijae
Kumbija
Kumbija
Kumbija
Kumbita
Kumbul
Kunda
Kunda
Kundam Demba
Kundam Fode
Kundam
Kundum
Kungeru
Kunjala
Kunjenjen
Kunjetta
Kunjung
Kunkujang Jattaya
Kunkujang
Kunkujang Manjago
Kunkujang NDing
Kunkujan Jataya
Kunkujan
Kunong Fula Kunda
Kunong Mansasansang
Kunong Numu Kunda
Kuntair
Kuntaur Fula Kunda
Kuntaur
Kunting
Kununku
Kuoba Kunda
Kuoba
Kuonko
Kurang Kotor
Kurau Bakari
Kurau Kemo Arfang
Kurau
Kurinulain
Kur Kur Yoro Mballow
Kurong Kortor
Kurong Kotor
Kurop
Kurup
Kuryande
Kusa Burey
Kusaie
Kusalang
Kusamai
Kusassa
Kusi
Kussamai
Kusun
Kutcha
Kuyang
Kuyarang
Kwinella
Labba Korreh
Laliya
Lama
Lameng
Lamin Beretto
Lamin Koto
Lamin
Lamin
Lamoi
Lang Sarr
Lang Sarr
Larlagoi
Latra Kunda
Latra Sabiji
Latra Sibige
Latri Kunda
Latri Kundal
Latrikunda Sabiji
Latri
Latri Sabiji
Leba Biji
Leba
Leba Mali Mbye
Leba Pegail
Leba Samba
Leba Sasuna
Leese Ya
Legi Kunda
Lewna
Limbambulu
Linjanya
Little Banjul
Logo Moji
Lohen
Luluchore
Lumang
Lumen
Mabali Kotor
Mabali Kuta
Macca
Mademba
Madiana
Madiana
Madi
Madina Adam
Madina Alpha
Madina Bafuloto
Madina Bala
Madina Dabo Kunda
Madina Demba
Madina Fula Balde
Madina Fula Kunda
Madina Jawbeh
Madina Kuru
Madina Kuta
Madina Madi
Madina
Madina
Madina
Madina
Madina
Madina Mbaien
Madina N'Jaien
Madina Njaien
Madina Njaine
Madina Njugari
Madina N'Yang-en
Madina Sadda
Madina Sey Kunda
Madina Sinchu Yoro
Madina Talakoto
Madina Tenda
Madina Tujeng
Madina Tunjang
Madina Umfally
Madina Yoro Sowe
Maga Geyor
Mahmuda
Mahnyinah
Maidi
Maimeh
Maindina Ba
Majama Kunda
Maka Bala Mana
Maka Farafenni
Maka Gui
Maka Gui
Makajan Kunda
Makajan
Maka
Maka
Maka
Makama
Maka Njen Jam
Maka Omar Manneh
Maka Wollof
Makka
Makumbaya
Male Kunda
Maliky Mansong
Malubaliya
Mamadi Ceesay
Mamadi Sisi
Mampata Yeli
Mamu Fana
Manar
Manda
Mandina Bah
Mandinaba
Mandina Ba
Mandina
Mandina
Mandinari
Mandingko
Mandingo
Mandori
Mandua
Manduari
Manduar
Manduar
Mane Kunda
Mangiumba
Manjaharr
Manjai Kunda
Manjal Kunda
Mankajang
Manna
Manneh Kunda
Mano Kotor
Manong
Manor Koto
Mansajang Kunda
Mansa Konko
Mansa Kunda
Mansakunda
Mansal
Mansong
Marakissa
Mara Magai
Mariama Kunda
Marige
Marka Farafenni
Marrong Kunda
Marsai
Massembe Chandere
Massembe
Maundeh Kunda
Mauwhunda Kunda
Mayamba
Mayork
M'Baia
Mbaien Burama
Mbaien Chand Mbye
M'Baien Fulla
Mbaien Ker Nyang
Mbaien Maka
Mbaien
Mbaien
Mbaien Sara Kumba Kah
Mbaien Wollof
Mballo Kunda
Mbamori Kunda
Mbange Ndarra
MBangkama
Mban
Mbap Ba
Mbap Marigay
Mbaro
Mbarra Kunku
M'Bawarr
M'Bengkama
Mbogen
Mbol Bouk
M'Bolett
Mbolgoh
Mbollet Bah
M'Bollet
M'Bollet N'Ding
M'Bowen
Mbulgurk
Mbul Manda
Mbulum
M'Bulum
Mbye Kunda
Mbye Niake
Medina Dudu
Medina-Duisi
Medina Jambol
Medina Kanuma
Medina Manneh
Medina Mannen
Medina
Medina
Medina
Medina Modum
Medina Njama
Medina Njammeh Sise
Medina Njien
Medina Sacheboe
Medina Sedia
Medina Seringe Mass
Medina Sering Mas
Medina Sering Mass
Medina Sering Njie
Medina Sotokoi
Medina Suware Kunda
Memmeh
Memme
Mendy Kunda
Meris
Mesaith Sayan
Mina
Minjang
Minti Kunda
Misera Fafa Jow
Misera
Misera
Misera
Misira Alhaji
Misira Fafa Jow
Misira
Misira
Misira
Misira
Misira Sambail Cham
Misira Toben
Missera Amadou Badjan
Missira Mbaien
Missira
Missira Ngain Tanu
Missira Patteh
Missira Tenda
Missir
Modi Kulo
Modouya
Modu Jawo Kunda
Momadu Kunda
Momodu Kunda
Monong
Morbugu
Mousa Nding Kunda
M'Palen
Mukumbaya
Mundong
Munku Talla
Munya Gen
Mure Kunda
Muritabeh
Musa Deba
Musa Kunda
Myamba
Nafugan
Nafuka
Nana
Naneko
Nanetto
Naningkoi
Napoli
Naude
N'Baien
N'Daharr
Ndakar Angleh
Ndakaru
Ndangen
Ndanka Ndanka
Ndemban Ba
Ndemban Chapechum
N'Demba N'Ding
Ndemban Jola
N'Demban
Ndimbo
Ndimbuya Romba
Ndimo
N'Ding Madina
N'Dofan
N'Dorna
N'Dorrna
Ndowen
Ndrammeh
N'Dungu Charen
N'Dungu Kebbeh
N'Dungu Kebbe
Nduren
Nema Kunda
Nema Kunku
Nemakunku
Nema Kunku
Nema Kuta
Nema
Nema
Nema
Nema
Neman Kunda
Nemasamba
Nemataba
Nettebiri
New Kembuji
Ngaien Beretto
N'Gaien
N' Gai Golore
N'Gale Kunda
Ngallen
Nganingkoi
Ngawar
N'Gawarr
Ngayene
N'Gayen
Ngeden
N'Geyen Fula
N'Geyen Ker Farba N'Daw
N'Geyen
N'Geyen Sabach
N'Geyen Sanjal
Nghato Norr
N'Gien Beretto
N'Gien
Ngike
Ngooka
Ngueur
Niahen
Niakoi
Niambalon
Niambolon
Niana Farra
Nianga
Nianha
Niani Baia
Niani Bantang
Nianija
Niani Kunda
Niani Marigo
Niani Maro
Niani Maru
Niankui
Niankwi
Niawoorulung
Nibras
Niji
Niji
Niji
Nila Koto
Nimsat
Nioro Bamba
Nioro Buba Njie
Nioro Demba Njie
Nioro Ebrima Won
Nioro Jattaba
Nioro
Nioro Tukulore
Nioro Wollof
Nirabaya
N'jaba Kunda
Njabba Kunda
Njabo
Njaga Jarry
N'Jagga Jarry
N'Jaien
Njai Kunda
Njai Kunda
N'Ja Kunda
Nja Kunda
N'Ja Kunda
N'Jalal
N'Jalal Pole
Njalal Tukulor
Njallal
N'Jal Mbye
Njama Fafa Sise
N'Jama
Njambour
Njamburr
N'Jameng Kunda
Njangen
N'Jareng Kunda
Njarinjofa
Njarinjota
Njarinjufa
N'Jarry Njoffa
Njau Jahu
N'Jau
Njau
Njayel
N'Jeng-en
N'Jenghen
Njenghen Njie Kunda
N'Jie Kunda
Njie Kunda
Njie Kunda
N'Jie Kunda
Njie Kundaring
Njoba Kunda
N'Joben Fula
N'Joben
Njoben
N'Joben
N'Joben
Njoben Samba Narr Bah
Njoben Tukulor
Njoben Wollof
Njogoben
Njohnen
N'Jok
Njolfen
Njongon
N'Joofain
N'Joren
Njugar Kunda
Nkea Kunda
Nobakunda
No Kunda Fula
No Kunda
Nowleru
N'Toro Alasan
N'Toro Baien
N'Toro Taim
N'Toro Tem
Numu Kunda Kotor
Numu Kunda
Numu Kunda
Numu Kunda
Numyell
Nyaffy
Nyafui
Nyamanari
Nyanga Bantang
Nyangan
N'Yang-en Baba N'Yang
N'Yang-en
Nyangit
N'Yang Kunda
Nyirba
Nyofellah Madina
Nyofellah Manjago
Nyofelleh Madina
Nyofelleh Manjago
Nyofelleh
Nyorro
Oceesay Kunday
Old-Busumbala
Old Fort George
Old Jeshwang
Old Jeswang
Old Kembuji
Old Yundum
Omar Jowara
Omortoh
Pachari Konoh Ba
Pachari Sana
Pacholi
Pachunko
Paima
Pakala
Pakala
Pakali Ba
Pakali Nding
Pakan
Pakao Ibrai
Pakao Penku
Pakau Ba
Pakau Penku
Pakela Demba Colleh
Pakkau
Pakolar
Pakuba
Palaka
Palelai
Palen Fula
Palen N'Dimba
Palen
Palen Sanjal
Palen Wollof
Pallan Mandinka
Pallan
Pallan Toranka
Pallol
Pallol Pol Ollof
Panchang Madi Fana
Panchang
Panchari Sana
Pancholi
Panne Ba
Panne
Pappa
Passi Challi
Passi Mamut
Passimu
Passi Mut
Passi
Patchari
Patchari Sana
Patchunko
Pateh Sam
Pateh Ya
Pate
Payama
Pelngo
Penjem
Penjemu
Perai Memadi
Perai
Perai Tenda
Pignai
Pimak
Piniai Fula Kunda
Piniai Mandinka
Piniai
Pirai
Pirang
Plinky Bakary
Plinky Woppa
Plinky Wopp
Pokalle Ding
Polga
Polodi
Porli
Priakunda
Prince
Ramatulai
Ramatulie
Renerru
Runeru
Sabach Ngaien
Sabally Kunda
Sabari
Saba
Sabigending
Sabiji
Sabi
Sabu Kunda
Sabuseri
Sabu Sirae
Sabu Sirde
Safalu
Sainala
Saja Kunda
Sakura
Salanding
Sala
Salekaine
Salekini
Salikene
Salikene
Salikeni
Salikeni
Salikenye
Samantalu
Sambai Kunda
Samba Jowala
Samba Kabude
Samba Koi
Sambakubasu
Samba Kunda
Samba Musa
Samba Musu
Samba Ndama
Sambang
Sambang Tenda
Sambang Wolloff
Sambantalu
Samba N'Yang
Samba Secka
Samba So
Samba Sotor
Samba Tako
Samba Ya Nding
Samba Ya
Samba Yerro
Sambeli Kunda
Sambel Kunda
Sambel Kunda
Sambuya
Sameh
Samé
Same
Sami Bajonkoto
Sami Fati
Sami Koto
Sami Madina
Sami Omar Jula
Sami Pachonki
Sami
Sami
Sami
Sami Surwa Kunda
Sami Wharf Town
Sam Joben
Sam Ngaien
Sanchabari
Sanchabari
Sanchaba
Sancha Madina
Sancha Palen
Sanchi
Sanda
Sandefu
Sandehmunku
Sandeng
Saneh Kunda
Saneykunda
Sangajor Jiramba
Sangajor
Sangkarang
Sanguleh
Sanianga
Saniang Kunda
Saniang Kunda
Saniang
Sankabarry
Sankalang
Sankandi
Sankuia
Sankulejang
Sankulekunda
Sankuli Kunda
Sankwia
Sankwia Tenda
Sanneh Kunda
Sansa Nding
Santamba
Santamba Wharf
Santang Ba
Santangba
Santang Ba Wharf
Santangkoto
Santanto Bubu Tabanding
Santanto Jamuya Kande
Santanto-Koto
Santanto Kuta
Santanto Mawdo Bambe
Santanto Omar Kande
Santanto Serifu M'Balo
Santanto Yoba Jallow
Sanunding
Sanya Kunda
Sanyang
Sapu
Sara Debo
Sara Job Kunda
Sara Juma
Sara Kunda
Sara Mama
Sare Abdou
Sare Adama
Sare Ali
Sare Ali
Sare Alpha
Sare Amady Jabel
Sare Amady Jebel
Sare Babu Jimby
Sare Babu
Sare Bacha
Sare Bakare Demba
Sare Bakare
Sare Bakary Demba
Sare Bakary
Sare Balla
Sare Belali
Sare Beru
Sare Biram
Sare Bocchi
Sare Bohum
Sare Boja Demmo
Sare Boja
Sare Bojo
Sare Bona
Sare Boutie
Sare Buhum
Sare Buluma
Sare Cherno
Sare Chikam
Sare Dabatu
Sare Dabo
Sare Dadeh
Sare Dadi
Sare Dadi
Sare Debo
Sare Demba Dardoh
Sare Demba
Sare Dene
Sare Dumfoya
Sare Duto
Sare Fally
Sare Fodigey
Sare Fonkoi
Sare Fosary
Sare Futa
Sare Galaja
Sare Galajo
Sare Ganardu
Sare Ganya
Sare Geda
Sare Gela
Sare Gelel
Sare Goral Bah
Sare Gubbu
Sare Hamady
Sare Hamady
Sare Hande
Sareh Mowndeh
Sareh
Sare Jabel
Sare Jallow
Sare Jam Gido
Sare Jarje
Sare Jatta
Sare Jawbeh
Sare Jideh
Sare Jide
Sare Jowbe
Sare Jula
Sare Juley
Sare Jutah
Sare Kanaman
Sare Kannen
Sare Kinte
Sare Koki
Sare Kuba
Sare Kunda
Sare Lalla
Sare Lalu
Sare Louba
Sare Luntang
Sare Madi
Sare Malang
Sare Mala
Sare Malik
Sare Mamoudou
Sare Mamoudu
Sare Mansala
Sare Mansong
Sare Marie
Sare Maundeh
Sare Maunde
Sare M'Bunka
Sare Mbye
Sare Modi Kah
Sare Modi Kulo
Sare Modu Bah
Sare Mowdeh
Sare Muntaha
Sare Musa
Sare Naba
Sare Ndala
Sare Nfali
Sare Ngaba
Sare Ngabba
Sare Ngai
Sare N'Gai
Sare N'Gatam
Sare Njagga
Sare N'Joba
Sare N'Jobo
Sare Nyagna
Sare Parteh Jameh
Sare Pateh Jameh
Sare Pateh
Sare Pateh
Sare Pate
Sare Ram
Sare Sabo
Sare Saidy
Sare Sajor Biloh
Sare Sajo
Sare Salieu
Sare Samba Jidah
Sare Samba Kah
Sare Samba Ngai
Sare Sambaro
Sare Sambaru
Sare Samba
Sare Samba
Sare Samba Sumaleh
Sare Samba Takor
Sare Samba Taku
Sare Samba Tene M'Balde
Sare Sambel Kunda
Sare Sambuldu
Sare Sandi
Sare Saoma
Sare Saouma
Sare Sarjo Biloh
Sare Sarko
Sare Silere
Sare Sofi
Sare Suna
Sare Talata
Sare Timbo
Sare Tobi
Sare Tuluwuleng
Sare Vesu
Sare Wonku
Sare Yesu
Sare Yewtu
Sare Yora Beri
Sare Yoro Beri
Sare Yoro Buka
Sare Yoro Egge
Sare Yoro Golori
Sare Yorori
Sare Yoro
Sare Yoro Taker
Sare Yoro Takor
Sare Yoro Tako
Sare Yoro Yeli
Sare Yorrori
Saringa
Sarin N'Jaga
Sarkuli Kunda
Sarm
Sarra Kunda
Sarre Kunda
Saruja
Sasita
Satakoi
Sawadi Kunda
Seleri Kunda
Selete
Selety
Semangara
Sendebo
Seno Bajonki
Seno Ba
Sepu
Sere Kunda NDing
Sere Kunda
Serekunda
Sering Sahor
Sering Saho
Serrekunda
Sey Kunda
Sharm
Shindifula
Shindifulla
Sibanor
Sibanor
Sibi Nding
Sibito
Sibitto
Sidiya
Sifa
Sifoe
Sifula
Sika Baduma
Sika Bajonkoto
Sika
Sikon
Si Kunda
Si Kunda
Sileria
Sileri Ba
Silla Kunda
Simbadu
Simbara Hai
Simbara Kai
Simbara Ker Chaindu
Simbara Ker Mafaal
Simbara Madi Sisi
Simbara Ngor
Simbara Sinchu Manjai
Simbara Tukulor
Simbarre Kai
Sinchang Keykala
Sinchang Njokala
Sinchang Saradu
Sinchang
Sinchu Alpha Saine
Sinchu Alpha Sain
Sinchu Bachi
Sinchu Bachy
Sinchu Balla
Sinchu Bamba
Sinchu Baya
Sinchu Boggal
Sinchu Bora
Sinchu Chamalel
Sinchu Danku
Sinchu Demba
Sinchu Dembel
Sinchu Dumbe
Sinchu Fye
Sinchu Garba
Sinchu Garber
Sinchu Garrba
Sinchu Gundo
Sinchu Jajeh Sagnia
Sinchu Jenun Touray
Sinchu Kai-Hai
Sinchu Kali
Sinchu Kusalang
Sinchu Medina
Sinchu Musa
Sinchu Omar See
Sinchu Omar
Sinchu Ousman
Sinchu Samba Koumbel
Sinchu Sambar
Sinchu Sara
Sinchu Tamsir
Sinchu Wallbeh
Sinchu Yoro
Sinki
Sinsu Demba
Sinsu Kusala
Sinsu Mousa
Sinsu Njiebeh
Sintchi Kattaba
Sintet
Sise Kunda
Sissora
Sita Bantang
Sitafuma
Sita Nunku
Sita
Sito
Sittanunka
Sittanunku
Sitta
Sobaly
Sofi Kunda
Sohm
Sololo
Soma
Somita Saniang Kunda
Somita Selelew
Somita
Sondeh Densay
Song Kunda
Sor Kunda
Sortokoi
Sotokoi
Sotoma N'ding
Sotoma
Sotuma Sainy
Sotuma Sairey
Sotuma Sairy
Sotuma Samba Koi
Sotuma Samba
Sotuma
Suara Kunda
Suarra Kunda
Subundu
Sudowol
Sukoto Fula
Sukotto
Sukotto
Sukur
Sukuta
Sukuta
Sukuto
Sukutta
Sukutta
Sulolor Fula Kunda
Sulolor
Sumakunda Bakary
Sumakunda Fye
Suma Kunda Koto
Sumakunda Mamudu
Sumakunda Samba
Suma Kunda
Suma Kunda
Sumbundu
Sun Kunda
Suol
Surukung
Sutukoba
Sutuko
Sutukung
Suturah
Sutu Sinjang
Sututa
Tabafulanding
Tabaiel
Tabajang Kisimasu
Tabajang
Tabajan
Taba Nani
Tabanani
Tabanani
Tabanding Sakbo
Taba Nding
Tabanding
Tabaworo Kunda
Taba Woro
Taba Woro
Tabba Nanna
Tabba Nanni
Tabo Kotor
Tabokoto
Tabo Koto
Taburo Koto
Taiba
Taiba
Taiba
Taiba
Taibatu N'Yang-en
Taibatu
Taibatu
Taifa Amadou
Taifa Seekou
Taimang
Taindaitor
Talen Pol
Talen Wollof
Talinding Kunjang
Talindin Kunda
Talito Luntang
Talito Musa
Talito
Tallen
Tally Ya
Tamanso Kunda
Tamba Koto
Tambakunda
Tamba Kunda
Tamba Nani
Tambana
Tambasansan
Tambasensan
Tampoto Koto
Tampoto
Tandi Kunda
Tandi
Tandi Wolloff
Tandi Wollof
Tanene
Tanjen
Tanje
Tanji Manjago
Tanji
Tankanto
Tankong Kunda
Tankon Kunda
Tankular
Tankural
Tarbu Chindeh
Tarburung Kotor
Tasali
Tasili
Tawah
Tawa Kaltu
Tawtoh
Temanto Demba Jamang
Temanto Demba
Temanto Sana
Temanto
Temanto
Tembetto
Tendaba
Tendaito
Tenda
Tendeba
Tende
Tendito
Tenenfara
Teneng Fara
Tengkul
Tenkoli
Tento Madi
Tento Malick Bah
Tento
Tiaba
Tia
Tiembasisi
Timbing Kortor
Timbinto
Timbintu
Timpa
Tinkinjo
Tintiba
Tintinto
Toben
Tomba Koto
Toniataba
Tonitaba
Toranka Bantang
Toranko Bantang
Torbeh Chindeh
Torben
Toro Mbaien
Toro Tayem
Torro
Trankill
Tranquil
Tuba Burey
Tuba Demba Sama
Tuba Demba
Tuba Gumbuya
Tuba Kata
Tuba Kolong
Tubakolon
Tuba Koto
Tuba Kuta
Tuba Kuta
Tubakuta
Tubakuta
Tuba Kuta
Tubamadadi
Tuba Mbakeh
Tubanding
Tuba Ousman Boye
Tuba Pakala
Tuba Sandu Kotor
Tuba Tafsir
Tuba
Tuba
Tuba
Tuba
Tuba Wappa
Tuba Wollof
Tuba-Wuli
Tubaya
Tubeya
Tujereng
Tujering
Tujurei
Tumani Fati
Tuman Tenda
Tumbul Tanga
Tunjina
Turan
Ture Kunda
Turi Kunda
Turu Kunda
Tyba
Upert
Vintang
Wakilarr
Walalan
Waliba Kunda
Walliba Kunda
Walli Kunda
Wallikunda
Wassadung Demba
Wassadung
Wassadun
Wassu
Wayahon
Welingara
Wellingara Adama
Wellingara Alhaji Alpha
Wellingara Ba
Wellingara Bubacarr Bah
Wellingara Ello
Wellingara Galo
Wellingara Mansak
Wellingara Mansal
Wellingara Momodou
Wellingara Nding
Wellingara
Wellingara
Wellingara
Wellingara Yoro
Wessedung
Willimissa
Willingara Ba
Willingara Kejaw
Willingara Samba Tako
Willingara
Willingara
Willingara
Willingara
Wirdeba
Woi Buray
Wulem Kunda
Wulumisa
Wurokang
Yala
Yallal Bah Ker De Kumba
Yallal Ba
Yallal
Yallal
Yallol Ba
Yallol
Yamadu
Yambur
Yarobawal
Yarry Njoffa
Yelitenda
Yida
Yolof
Yonah
Yona
Yora Jula
Yoro Beri Kunda
Yoro Cheke
Yoro Ya
Yorro Pendeh
Yorubawal
Yuma
Yumdum
Yuna
Yundum
Yundun
Yungo
