Adalamdjaki
Adjidougou
Adjinn
Afia
Afia
Agbalazou
Agunk
Akadasso
Akoudétiangui
Akoul
Akoundétiandi
Akoutiandi
Alahina
Alahiné
Alaminata
Alana
Albadéria
Alemamya
Alemaniya
Alfa Mama
Alia
Alianbalé
Alifadougou
Alimaya
Aliya
Allahina
Aloudet
Altou
Amaraya
Amdallaye
Ampank
Andalaye
Andéfo
Angorguiré
Anguéra
Ankoro
Anourézia
Ansagnéré
Ansagnéré Diengueibé
Ansagnéré Soguiyabé
Ansangnéré
Ansanguéré
Ansoumania
Ansoumanya
Anssanguéré
Anub
Anubo
Aoralo
Aorola
Aorolo
Aoulazou
Aouria
Arfa Moussaïa
Arfan
Aria
Aribouya
Aroumaya
Arpela
Assaouma
Auboulazou
Ayndé
Babafarantou
Ba Bara
Babédougou
Babi
Babila
Babila
Bacoumpou
Bada
Badala
Badala
Badala
Badala
Badama
Badangba
Badankourou
Badialata
Badié
Badougoula
Badougoula
Baéléa
Baendou
Baéta
Bafadou
Bafandou
Bafaria
Bafaya
Bafé
Bafé
Bafeela
Bafeie
Bafela
Bafélé
Bafélé
Bafélé
Bafélé
Bafele Koro
Bafele Koura
Ba Fello
Bafélo
Bafété
Bafilaté
Bafingkoba
Bafingué
Baga
Bagadadji
Bagadadji
Bagadiara
Bagaman
Bagata
Bagata
Bagbadougou
Bagbé
Bagbé
Bagboué
Bagéya
Bagnidougou
Bagoué
Baguéa
Bagué
Bagué
Baguébètéra
Baguebètéro
Baguéya
Bagui
Baguiné
Baguita
Bahi
Bahofello
Baïgnema
Baïna
Baïzia
Bakama
Bakama
Bakaman
Bakameye
Bakando
Bakaria
Bakariya
Bakary Bougou
Bakédougou
Bakhaday
Bakia
Bakia
Bakia-Bolé
Bakia-Boté
Baki
Bakiya
Bakiya
Bako
Bakokoro
Bakongo
Bakongokoura
Bakoni
Bakoré
Bakoro
Bakorokoro
Bakou
Bakouma
Bakouma
Bakouma
Bakouna
Bakoutazou
Bala
Bala Bara
Balabori
Baladou
Baladou
Baladou
Baladou
Baladou Frakra
Baladougou
Baladougou
Baladougou
Balafarani
Balagan
Balai
Balakéfolo
Balakéla
Balaki
Balako
Balakodou
Balakoya
Balamaï
Balamoussadougou
Balan
Balan
Balan
Balancera
Balanda
Balandou
Balandougouba
Balandougou
Balandougou
Balandougou
Balandougou
Balandougou
Balandougou
Balandougou
Balandougou
Balandougou Somané
Balaneira
Balanfé
Balani
Balanimaïa
Bala Niomaya
Balanoumaya
Balanséra
Balansira
Balaraia
Balato
Balato
Balatokoura
Balatokouta
Balaya
Balaya
Balaya
Balaya
Baldou
Baléa
Baléa
Baléa
Balédou
Baléha
Baleya
Baleya
Balima
Balimba
Balimou
Balindala
Balkiouol
Ballessama
Balo
Balo
Baloufara
Balouma
Balouma
Bamaia
Bamaï
Bamakama
Bamakaman
Bamakanja
Bamaki
Bamalassou
Bamandougou
Bamaro
Bamaya
Bamba
Bamba
Bamba
Bamba
Bamba
Bambadala
Bambadalawalandama
Bambadinga
Bambadingafarani
Bambadinka
Bamba Dinka
Bambadou
Bambadou
Bambadou
Bambadougou
Bambaforia
Bambafouga
Bambafoya
Bamba Gadatiri
Bambaïa
Bambako
Bambakordou
Bambakoro
Bambakougnan
Bambakougnani
Bambakounian
Bambala
Bambala
Bamban
Bambaradou
Bambarali
Bambararé
Bambararéley
Bambato
Bambaya
Bambaya
Bambaya
Bambaya
Bambaya
Bambaya
Bambaya
Bambaya Koro
Bambayavel
Bambénia
Bambessou
Bambeto
Bambéya
Bambokorodou
Bamboro
Baméouel
Bamiko
Bamou
Bamouroudougou
Bana
Bana
Banama
Banaman
Banambala
Banana
Banan
Banandougou
Bananfara
Bananké
Bananko
Bananko
Bananko
Banankono
Banankoro
Banankoro
Banankoro
Banankoro
Banankoro
Banankoro
Banankoroné
Banantombo
Banantou
Banan Toumbo
Banbadinka
Banbadou
Banbakounian
Banbanguilare
Banbaradougou
Banbayaléma
Banbi
Banda
Bandadou
Bandaïa
Bandaka
Bandakoro
Bandakoro
Bandakoro Lé
Bandalo
Bandama
Bandanékoro
Bandani
Bandani
Bandani Soya
Bandankoro
Bandankoro
Bandatama
Bandaya
Bandaya
Bandéa
Bandèoradou
Bandéra
Bandiamodougou
Bandiaya
Bandiougara
Bandiraya
Bando
Bando
Bandoni
Bandoni
Bandou
Bandou
Bandouboto
Bandougou
Bandougué
Banfara
Banfara
Banfou
Banga
Bangadou
Bangaladyi
Bangama
Bangaya
Bangbadou
Bangbaya
Bangoladyi
Bangouéta
Bangouya
Bangouya
Bangouya
Banguedou
Bangui
Banhore
Banhorréa
Banhoyé
Banian
Baniané
Baniang
Bani
Banikala
Banindougou
Baningouma
Baninkilé
Baniré
Baniré
Banisiraïla
Banko
Banko
Banko
Banko
Banko
Banko
Banko Carl
Bankoda
Bankodougou
Bankokoro
Bankokoro
Bankolé
Bankoroko
Bankou
Bankoulé
Bankoumana
Banné
Banora
Banota
Bansané
Bansouma
Banssédougou
Bantabagué
Bantagnella
Bantagnellé
Bantala
Bantalaré
Bantam
Bantam Tirit
Bantank
Bantanko
Bantanko
Bantankon
Bantélatiou
Bantia
Banti
Bantiguel
Bantiguel
Bantinguel
Bantiniel
Bantiniel
Bantou
Bantoun
Bao
Bao Bowal
Bao Fello
Baoua
Baouadou
Baou
Baouïa
Baouléma
Baourouya
Baquéya
Bara
Bara
Barabilla
Baradou
Baradou
Baragbaraman
Baralandé
Barama
Baramana
Baranama
Barandou
Baranson
Bardou
Baréa
Barendou
Bariro
Baritongo
Barkéré
Barkéré
Barkéré
Barkéré
Barniko
Baro
Baroua
Barsan
Basanto
Baschia
Baseri
Bassa
Bassadougou
Bassaïta
Bassakori
Bassara
Bassato
Bassaya
Basséa
Bassédou
Basseniaïa
Bassia
Bassia
Bassialo
Bassidou
Bassika
Bassya
Batafo
Batak
Batan
Bataya
Batélé
Bati
Batoata
Batota
Battin
Bauia
Baunkoun
Bawiya
Baya
Bayagué
Bayagui
Bayama
Bayan
Bayan Bayan
Bayégo
Bayéma
Bayéré
Beddou
Bédou
Bédou
Bédou
Bédougou
Beeta
Bégnira Adouma
Békamodougou
Bel-Air
Belassa
Bêléa
Bélé
Belebezoo
Bélédou Kamadou
Bélégbala
Belegbara
Bélégoua
Bélégouma
Bélékoro
Bélékov
Belela
Bèlélazou
Bélémou
Bélénialé
Bélénian
Bélessé
Bélétanin
Béléton
Beleu
Béleya
Beley
Bélia
Belia
Bélian
Béli
Beli
Béliéhouma
Bélima
Bélinkoro
Belli
Belli
Bélodou
Bembénia
Bembétakoura
Bembou
Bembou Sambayabé
Bèmélassou
Bénari
Benda
Bendéfikhé
Bendélatiou
Bendi Koro
Bendou
Bendou
Bendougou
Bendougou
Bendougou
Bendougou
Bendougou
Bendougou
Bendougou
Bendougou
Bendougou I
Bendougou II
Béné
Bénegba
Bénéouli
Benguadou
Benguéya
Benkilon
Benkorokoro
Benndébaré
Benndékouré
Bénnsané
Bennsori
Bensané
Bentia
Benti
Bentroya
Benty
Béoramaï
Bèouma
Béréco
Béréia
Bereïré
Béreïré
Bérékan
Bereko
Béréko
Bérékolé
Bérékou
Béré Koye
Béréla
Bérendou
Berengoua
Beressa
Béréta
Bérével
Béréya
Béréyiré
Béréyiré
Bériakoré
Bérika
Béringoua
Béroulé
Bessakhouré
Bessé
Bésséko
Bessé Oula
Béta
Bétaya
Bétaya
Bétéorama
Beyla
Bezegrega
Biadjimadougou
Bi
Bibikiti
Bibila
Bidé
Biédougou
Biendougou
Bienta
Bignadou
Bigori
Bikhakhabadé
Biladougou
Bilamba
Bilanba
Bilaro
Bilassana
Bilékéné
Bilialia
Bili
Bili
Bilikiti
Bilikoïdougou
Bilima Kanté
Bilimba
Bilimou
Bilimtomo
Bilindo
Biling
Bilinkoro
Bimberé
Bimilia
Binari
Bindou
Bindou
Bindou
Bindougou
Bindougou
Bindougou
Binédougou
Bingo
Bingouéda
Binguéa
Binguédou
Biniédougou
Binikala
Binngaldi
Bintia
Bintimodia
Bintimodouya
Bintinko
Biota
Bipa
Biramadougou
Biramféro
Biranféro
Biricodou
Biricodou
Birikidou
Birissa
Birotoulal
Bissan
Bissélia
Bisselya
Bissikrima
Bissikrinia
Bitiendougou
Bitongoro
Bitonka
Bitonko
Blakabata
Blambala
Blasana
Blayégouma
Blèegouma
Blogbo
Boa
Boadou
Boafaria
Boani
Boavalkourou
Boba
Bobéré
Bobia
Bobiya
Bobo
Bobokora
Bobokoro
Boboroko
Bobouéloua
Bodala
Bodezia
Bodié
Bodioko
Bodolazou
Bodotazou
Bodou
Boeulé
Boézia
Bofé
Boffa
Bofio
Bofodougou
Bofosso
Bofouzou
Bofozou
Bogaria
Bogaya
Bogbozou
Bogokoda
Bogokolé
Bogoma
Bogo Oulé
Bogoounlé
Bohé
Bohé
Bohéré
Bohéré
Bohodou
Bohodou
Bohoko
Bohon
Bohoye
Boifiko
Boïga
Boiséré
Boïta
Bokabari
Bokaria
Bokaria
Bokaria
Bokariadi
Bokariya
Bokariya
Boké
Bokélo
Boketo
Boketto
Bokhinéné
Boki
Boki Dilé
Bokoba
Boko
Boko
Bokodala
Bokodiamaï
Bokodougou
Bokoézia
Bokofélé
Bokogoué
Bokoko
Bokokolé
Bokola
Bokolé
Bokondio
Bokoni
Bokonifé
Bokorandji
Bokoro
Bokoro
Bokorodou
Bokorofassama
Bokorofassamo
Bokossou
Bokoumé
Bokouni
Bokourouma
Bolédji
Bolobengo
Bolobo-Kaya
Bolo
Bolo
Bolodji Sando
Bolodou
Bolonta
Bolonta
Bolorosso
Boma
Boma
Bomandou
Bombadou
Bombi Bourou
Bombodou
Bombofouïa
Bombokhouré
Bombokouré
Bomboli
Bombondia
Bombou
Boméouel
Bomeye
Bomfira
Bomilo
Bomma
Bomoyé
Bona
Bondadou
Bondankoro
Bondékhori
Bondo
Bondodou
Bondou
Boné
Bonéya
Bonfira
Bongbédougou
Bongboro
Bongo
Bongoro
Bongui
Bonkadou
Bonkamadou
Bonkardou
Bonko
Bonko
Bonko
Bonko
Bonko
Bonkoguadou
Bonni
Bonni
Bonodou
Bonoma
Bonsoutoura
Bontala
Bonzira
Boo
Bôo
Boola
Boom
Booni
Booué
Booué
Bopara
Boqué
Bora
Borea
Boréfinian
Boria
Boria
Boria
Bori
Borifiman
Borifinian
Boriko
Borire
Borniadou
Borobof
Boro
Boro-Boro
Borodji
Borodji Peul
Borodou
Borofinian
Borogbadou
Borokobia
Borokodou
Borokoro
Borokoro
Borokoro
Boroma
Borombala
Boroméssén
Borondou
Boroniamandougou
Boroni
Boroto
Borou
Borou
Borouko
Bosédanta
Bosokoreya
Bossakouria
Bossoboria
Bossodougou
Bossou
Boté
Boté
Botini
Boto
Botoko
Botoko
Botolo
Botoré
Botowel
Bottéma
Bouadou
Boubaro
Boubé
Boubéré
Boubéré
Bouberé
Boubéré
Boubéré
Boubéré Konsolon
Boubéré Tamba
Bouboudé
Bouboukoro
Boubouya
Boubouya
Boubouya
Boubouya
Boudala
Boudou
Boudou
Boudoulémoni
Boudoumgala
Bouébouédougou
Bouédaga
Bouémékéla
Bouerazou
Bouéré Bouéréko
Bouérékoko
Boufou
Bougaria
Bougaria
Bougoula
Bougoulan Foula
Bougoulan Malinké
Bougoulé
Bougourou
Bouïda
Bouka
Bouka Do
Boukandé
Boukandé
Boukaria
Boukaria
Boukouna
Boukoussou
Boukoussou
Boula
Boula
Boula Kouninka
Boulata
Bouldavourou
Boulé
Bouléhéla
Bouléré
Bouléré
Bouli
Boulinko
Boulivel
Boulléhéla
Boulléré
Boulléré
Boulléré
Boullivel
Boulo
Bouloubadougou
Boumboukoro
Boume
Bouméko
Bouméoul
Boumou
Boumoukoro
Bouna
Bounan
Bounaougobi
Bounaya
Boundala
Boundian
Boundou
Boundou
Boundoukoura
Boundou Lengué
Boundoulingué
Boundou Tounou
Bounodou
Bounoudou
Bounouma
Bounta
Bountala
Bouramaïa
Bouramaya
Bouramaya
Bouramaya
Bouramaya
Bouramféro
Bourata
Bouraya
Bourè
Bourèdagadou
Bourédou
Boureya
Bourfo
Bouria
Bouria
Bouriédou
Bouringouéfara
Bouro
Bouroizeda
Bouroro
Bourou
Bourougna
Bouroumba
Bouroume
Bourououal
Bousouma
Boussédou
Boussira
Boussou
Boussoura
Boussoura
Boussoura
Boussoura
Boussouran
Boutéda
Boutoudou
Bouyé
Bouyidala
Bouzouta
Bovédébé
Bovédévé
Bowal Ila
Bowé
Boya
Boyda
Boyéré
Boyo
Bozegréga
Brahimadougou
Bramaïa
Bramaya
Brameya
Branama
Broadou
Broua
Brouadou
Broual Larbé
Brourouvé
Brouyakoélé
Browal
Cabalan
Cabelaya
Cacara
Cakisam
Camaro
Camayen
Camayenne
Cameloute
Camendou
Camerindou
Camian
Canefote
Cansitaye
Capken
Capsin
Capsine
Capten
Carache
Casambia
Cassal
Cassane
Catande
Catchek
Catea
Catia
Catongola
Ciséla
Cisséla
Cité de Francony
Cité de Kassa
Cité Résid
Cohy
Cokaïa
Coké
Coléa
Conakry
Condéïré
Conefote
Confa
Congola
Consitivi
Consotami
Conta
Conté
Coréra
Coromagui
Coromania
Corréra
Correrah
Cossilan
Cote
Coucouba
Couffir
Coumoni
Coutan
Couvélandé
Couyé-Ya
Coya
Coyah
Cucuba
Cumba Danta
Dabadou
Dabadougou
Dabadougou
Dabala
Dabala
Dabassidougou
Dabatou
Dabaya
Dabidiana
Dabissé
Dabissé Kayati
Daboïa
Dabola
Dabolatounka
Dabon
Daboro
Daboya
Dademouna
Dadimena
Dadiounou
Dadioye
Daendou
Dafolokoura
Dafra
Dagbano
Dagni
Daguinta
Daguita
Daïla
Daindéra
Daini
Dakabali
Daka Bantan
Dakadi
Dakadou
Dakadou
Dakadounbanbé
Dakagbé
Dakakoura
Dakamaley
Dakamangui
Dakanété
Daka Sountou
Dakassiré
Dakassiri
Dakhi
Daki
Dakindé
Dakofourou
Dakongo
Dakonta
Dakoto
Dalaba
Dalaba
Dalaba
Dalaba
Dalabakala
Dalabani
Dalabanifara
Dalabori
Dalafilani
Dalafoulani
Dalagbé
Dalaguada
Dalakan
Dalakolo
Dalala
Dalama
Dalamado
Dalamban
Dalambou
Dalamoyani
Dalananian
Dalanarian
Dalanian
Dalaniba
Dalaninka
Dalao
Dalao
Dala Saba
Dalato
Dalato
Dalemban
Dalen
Daléya
Dali
Dalin
Dalomia
Dalonia
Damacinéa
Damakania
Damana
Damandou
Damandougou
Damanguebèdou
Damanguédou
Damania
Damara
Damaro
Damba
Damba
Damba
Dambadou
Damendou
Damian
Damisa Koro
Damisa Koura
Dana
Dananéah
Danaya
Danba
Danbadou
Danbaya
Danda
Danda
Dandakara
Dandama
Dandan
Dandaya
Dandaya
Dandéla
Dandémayo
Dandeti
Dandia
Dandian
Dando
Dandolifanié
Dandou
Dandou
Dandou
Dandoula
Danembaya
Danfafarani
Danfagako
Dangbassou
Dangdou
Dangol
Dangoupan
Dangoura
Danguiri
Daniéni
Daniné
Danini
Danioro
Dankakoro
Danka Koura
Dankaldou
Dankaran
Dankouédou
Dankouédou
Danloro
Danombaya
Dansacori
Dansaha
Dansakori
Dansankoré
Dansaya
Dansogoya
Dansokoya
Dantaba
Dantadji
Dantalaoura
Dantaré Bofoulo
Dantaré
Dantaré
Dantaré Lagui
Dantaré Liddo
Dantari
Dantari
Dantawi
Dantilia
Dantoumaia
Dantoumaya
Danvieli
Daolassou
Daoua
Daoudaya
Dapompo
Dapore
Dara
Dara
Dara
Dara
Dara
Dara
Daraforé
Daragbé
Daragbé
Darakhouré
Daralabé
Daranéné
Dara Nianou
Dara Sokoboli
Darata
Darazou
Dar es Salam
Dar es Salam
Dar es Salème
Darkassaki
Daro
Darou
Darou Salam
Darou Salamdo
Darou Salamley
Darry
Dar Salam
Dar Salam
Dar Salam
Dassaba
Dassara
Dassi
Dati
Datouya
Davia
Dawadji
Dayabé
Dazaraguézia
Déa
Débadé
Débou Tiank
Debreeka
Déguélan
Deguendou
Dégui
Deguiyangbouan
Dékouri
Déla
Délédougou
Demba
Dembadou
Dembadou
Demba Saïdi
Demba Seidi
Dembasiria
Dembata
Dembaya
Dembaya
Dembaya
Dembéléyabé
Demmba
Démokoulima
Demou
Demougaya
Denda
Dendadou
Dendaladou
Dendano
Dendou
Dendoula
Dénekendou
Dènèkénédou
Denké
Denso
Dentédi
Dentéforé
Dentelia
Dentéma
Dentilia
Dentilia
Dentinia
Dentinian
Dépal
Deporou
Dérancé
Dereoua
Diabadou
Diabakagna
Diabakania
Diabamoridougou
Diabaseridou
Diabéma
Diabérézou
Diabrino
Diadaya
Diadia
Diadougou
Diafouma
Diafounabé
Diafoundbé
Diagana
Diagara
Diaguissa
Diakakouta
Diakalé
Diakama
Diakissaya
Diakolidougou
Diakoro
Diakorodou Tinikan
Diala
Diala
Dialadiéba
Dialadougou
Dialadougou
Dialafanadougou
Dialagouéla
Dialakala
Dialaké
Dialakoro
Dialakoro
Dialakoro
Dialakoro-Kissi
Dialakoro-Kouranko
Dialaman Madiha
Dialankan
Dialankoro
Dialavassa
Dialawassa
Dialikourou
Dialloni
Dialonkoro
Diama Atou
Diamanankoura
Diamatou
Diambaya
Diambessé Lalia
Diambouria
Diamel
Diamodougou
Diamona
Diana
Dianboukoué
Dian
Dian
Diandian
Diandian
Diangolo
Diani
Diankabaladou
Diankana
Diankoya
Dianovalia
Diansantindi
Diansoumana
Dianvélia
Diaoïa
Diaouloko
Diaoya
Diapé
Diapélé
Diarabadou
Diarabadougou
Diara
Diaradou
Diaradou
Diaradougou
Diaradougou
Diaradou Mankan
Diaraeuella
Diaragouéla
Diaragouella
Diaragouella
Diaraguéla
Diaraguéla
Diaraguéléba
Diaraguella
Diarakoro
Diarakorodougou
Diarakourou
Diarando
Diaratoo
Diaréguéla
Diaré Kouda
Diarendi
Diareya
Diaria
Diari
Diariguila
Diarindé
Diarindé
Diarindi
Diarradou
Diassa
Diassa
Diassadougou
Diassakouna
Diassardou
Diassédougou
Diassodougou
Diata
Diata
Diataïdou
Diataoulédou
Diata Torobé
Diatéa
Diatéba
Diatéla
Diatia
Diatiféré Foula
Diatiféré Malinké
Diatiya
Diatya
Diavadou
Diavassama
Diavélé
Diavia
Diavia
Diaweli
Dibanba Silala
Dibaya
Dibbo Bantanguel
Dibbo
Dibia
Dibiya
Diboli
Dicka
Didé
Didibo
Didi
Didita
Didou
Diébata
Diebidougou
Diéboïdou
Diecke
Diegbedou
Diéké
Diekia
Diélekourou
Diéliba Koro
Dielimala
Diembosira
Diénékoro
Diéné Maréna
Dienia
Diéoulénou
Diérabadougou
Diérélandé
Digadiora
Digipali
Diguibania
Diguibouroumala
Diguidanda
Diguidankola
Diguidigui
Diguifara
Diguila Cail
Diguila
Diguili
Diguipali
Dihaye
Dihyé
Dikira
Dikissin
Dikiya
Dikola
Dikya
Dilafoundou
Dilakoro-Kouranko
Dilé
Dimia
Dimya
Dindama
Dindéogba
Dindian
Dindili
Din
Dinga
Dingoure
Dingué
Dingué
Dinguédou
Dinguiray
Dinguiraye
Dinkakoma
Dinké
Dinko
Diodougou
Diogboma
Diogoma
Diogore
Diogouinta
Diogouré
Diogoya
Diohéré
Diohouéta
Diokoma
Dioldé Tengui
Dioli
Dioloko
Diolokoya
Dioma
Diomadou
Diomaï
Diomandou
Diomandou
Diomandougou
Diomandu
Diomanta
Diomata
Diombo Sira
Dionbo Sira
Dionboya
Dionfara
Dionko
Dionko
Diorodougou
Diorodugu
Dioromandou
Dioudé Balaya
Dioukou
Dioulabaya
Dioulde Tangué
Diouldé Tengué
Dioumabana
Dioumbouia
Dioumboutigui
Dioungoun
Diountou
Diountoun
Diourera
Dipa
Dirabou
Dira
Diraya
Diré
Diré
Dirita
Dirmoli
Disira
Dissékiri
Dita
Dita
Diting
Ditinn
Diurera
Dixinn
Diyé
Djarga
Djémadyi
Djénimounta
Djénimounto
Djenimouta
Djibarodougou
Djibendo
Djidjima
Djifinn
Djilengbé
Djimbala
Djimbala Tombon
Djimédougou
Djimmebakerdou
Djiraya
Djoboko
Djodjin I
Djodjin II
Djoué
Djoué
Doagoura
Doba
Dobali
Dobiré
Dobirikadi
Dodo
Dofili
Dogbodou
Dog
Dogo Fili
Dogofo
Dogofon
Dogolé
Dogonadougou
Doï Doï
Doïzia
Dokiti
Doko
Dokoual
Dokoufourou
Dokponga
Dolaro
Dolomou
Doloyé
Domanidougou
Domba
Domia
Domigna
Dominghia
Domingia
Domingya
Dominia
Domiya
Donbadou
Dondano
Dondara
Dondédiabi
Dondé
Dondian
Doné Mayo
Dongdabi
Dongoita
Dongol
Dongol
Dongolisola
Dongol Sangui
Dongol Sigon
Dongora
Dongoura
Donguel
Donhel
Donhoueta
Donia
Doniya
Donka
Donké
Donkita
Donsikira
Donta
Donya
Dopamaï
Dopru
Dora
Doréla
Dorokoro
Dorola
Doromaï
Doromou
Dorota
Dossari
Dossary
Dotéré
Doti
Douadou
Douadou
Douadou
Douako
Douala
Douala
Douaya
Douba
Doubadougou
Doubagoinana
Doubaya
Doubaya
Doubbel
Doubel
Doubel
Doubel
Doubel
Doubéré
Doubéwadji
Doubou
Douboudou
Doubouya
Doudou
Doufa
Doufouta
Douga
Dougakofara
Dougamakokho
Dougbé
Dougna
Dougofissa
Dougoubadia
Dougoubadougou
Dougoubougou
Dougoufissa
Dougougouella
Dougouiffissa
Dougouifissa
Dougoulé
Dougouléma
Dougoulème
Dougouléna
Dougoulengui
Dougouli
Dougoulin
Dougounta
Dougountouni
Dougououlé
Dougououlé
Dougoura
Dougousambéré
Douki
Doukobia
Doukone
Doukonkouné
Doukoukou
Doukouréla
Doukouréla
Doukourella
Doukourouïa
Doulama
Doulapa
Douloouri
Douloufé
Douloumaï
Douma
Doumba Diolo
Doumba
Doumba
Doumbafé
Doumbaoulia
Doumbiagui
Doumbi
Doumbouya
Doumélia
Doumou
Dounamaro
Dounamaro
Doundia
Doundougui
Doundouko
Doundoukouro
Doundounfaye
Douné
Doungou Daoda
Doungoué
Dounguel
Douni
Dounikolo
Dounkacia
Dounkanssia
Dounki
Dounkimayo
Dounkita
Dounkita
Dounkita
Dounkobia
Dounkourou
Dounoukou
Dounoutéké
Douoli
Doupepel
Doupou
Doupourou
Douprou
Doura
Dourouba
Douroufé
Dourouïli
Douroumangol
Dou Saré
Dousoumissa
Doussoudianadou
Doussoudiaradou
Doussoukoya
Doutila
Douya
Douyoubés Ali
Douzou
Doyama
Duako
Duba
Dubia
Dubréka
Duéra
Duillia
Dupourou
Dyambaya
Dyecké
Dyeckhé
Dyéké
Dyiesané
Dyiga Diorata
Ebak
Enissian
Epé
Epita
Erabiniaré
Erako
Erako
Erako
Erikouo
Ermakono
Faâdou
Fabahia
Fabala
Fabiniédougou
Faboridougou
Fabouédougou
Facasaba
Fadakoba
Fadama
Fadama
Fadia
Fadiogola
Fadou
Fadou
Fadou
Fadougou
Fadougou
Fadougou
Fadougou
Fadougou
Fadougou
Faendou
Faëndou
Fafadala
Fafarandougou
Fafaya
Fafendé
Faférédougou
Fafiroïa
Fafo
Fakéssadougou
Fakolakébaya
Fakoléïa
Fakonan
Fakorédougou
Fakorodougou
Fakouroudougou
Fakourounou
Fakourouso
Fakourouzo
Falaba
Faladian
Falakaya
Falako
Falama
Falama
Falama
Falandougou
Falanko
Falanko
Faléa
Falébaïa
Falessade
Falibaya
Faliébougou
Falipounka
Falissadé
Falkaïa
Falkaya
Fallo
Falo Bové
Falo
Famafanako
Famakandénia
Famako
Famambourou
Famanbourou
Famania
Famanian
Famani
Famaninian
Famaoulia
Fameudougou
Famméré
Famodougou
Famoéla
Famoéla
Famoïla
Famoréa
Famoréah
Famorédougou
Famoréya
Famoridougou
Famorodou
Famorodougou
Famossédougou
Fanaba
Fanah
Fandanda
Fandanta
Fandia
Fandié
Fandié
Fandiékhouré
Fandiékhouré
Fandiékouré
Fandi
Fandjékouré
Fandou
Fandougou
Fangadama
Fangama
Fangamandou
Fanha
Faniouma
Fanka
Fankonan
Fankono
Fankouma
Fanlounta
Fanou
Fansa
Fansa
Fansan
Fansan
Fansan
Fansiga
Fansiga
Fanson
Fan Toumanéa
Faraba
Faraba
Faraba
Faraba
Farabakouda
Farabalé
Farabana
Farabana
Farabaro
Farab
Farabolo
Farabouloné
Farada
Faradamani
Faradian
Faradian
Faradjian
Farafi
Farafila
Farafina
Farafina
Faragbériro
Faragouéba
Faragoué
Faragouékoro
Farakoba
Farako
Farako
Farako
Farakomandougou
Farakoro
Farakoro
Farakoro
Farakoundé
Farala
Faralako
Faramadila
Farama
Faramankaya
Faranah
Faranbadougou
Farancouma
Faranda
Farandala
Farandala
Farando
Farandou
Farandougou
Faranfina
Farangbouéma
Faranidiou
Faranidou
Faraniko
Faraninda
Faranindou
Farano
Faran Oualia
Farantoya
Faraoto
Fararandou
Farasababé
Farawendou
Faraya
Farayatomou
Faréma
Farénaya
Farendou
Farendou
Farénia
Farénya
Farénya
Farénya
Faria
Farina
Faringhia
Faringuia
Farinia
Farinja
Farinkamaya
Farinta
Farinyadi
Fariraya
Farko
Farmassadou
Farmoréa
Farmoréah
Farmoréya
Faro
Faro
Faroro
Faroro
Farringhia
Fasabléma
Fassaba
Fassabléma
Fassala
Fassalia
Fassangouni
Fassangouny
Fassaziazou
Fassazou
Fassélia
Fassiadougou
Fassienso
Fassinédou
Fassirédougou
Fassissou
Fatafing
Fatakiria
Fatako
Fatakou
Fatalabaya
Fatigala
Fatila
Fatimpo
Fatomaya
Fatoya
Faudou
Fauréa
Fayadougou
Fayala
Fayimaya
Fédédougou
Fédé
Fedeu
Fedou
Fedou
Fédougou
Féfé
Féfélabaya
Féhédou
Félako
Félédou
Féleouala
Félian
Félinya
Fellé
Fello Atigou
Fello Dioué
Fello
Fello Morou I
Fello Morou II
Félo
Félo
Félo Tirigniguissi
Félou
Féloura
Féloussia
Féma
Fénaria
Fenariah
Fendou Kama
Fénédougou
Fenten
Féoulé
Féra
Férandou
Ferdou
Férébadougou
Féréborédougou
Fèréboridougou
Férèbouédou
Féréda
Férédou
Ferédou
Férédougou
Férégbédougou
Férémadou
Férémamoria
Férémandougou
Férémessadou
Férémoria
Férikhouré
Férinkama
Fermessadou
Fèro
Féro
Fétéyambi
Feteyembi
Fetto
Fidako
Fiéda
Fiéfé
Fifa
Filabowal
Filako Makana
Filakoro
Filalo
Filandougou
Filidé
Filidi
Filikoélé
Fillakoélé
Filokoro
Fimbédou
Finabala
Fina
Finala
Finamoussaïa
Finamoussaya
Finamoussaye
Finaya
Findé-Modia
Findé Modya
Finfiladougou
Finsiga
Firambadou
Firaoua
Firawa
Firawaya
Firghia
Firghia
Firguiadi
Firidaka
Firiguiadi
Firita
Firiya
Firoua
Fissadougou
Fissankoro
Fissankoro
Fissiona
Fissonia
Fiti Féto
Fiti
Foa
Fobélo
Foddou
Fodéa
Fodécaria
Fodécariah
Fodécontéa
Fodé
Fodefou
Fodékaria
Fodekontéya
Fodé Mamadou
Fode Oulem Bougoufe
Fodétomanaya
Fodéya
Fodou
Fodou
Foédou
Foédou Kama
Fofanaro
Fofo
Fofo
Fofona
Foforo
Fofossa
Fofoundo
Fogodougou
Fogodougou
Fogo
Fogo
Fogohoun
Fogoumba
Fokodoumandou
Fokoufokou
Fokoumba
Folakoro
Folakoro
Follian
Folofonié
Foloianié
Folonkoro
Folou
Foma
Foma
Fomi
Fomolodou
Fompaké
Fondie
Fondougou
Fondoya
Fonéssou
Fonfo
Fonfon
Fonfoya
Fonfoya
Fongolo
Fongoya
Foniadou
Fonia
Fonio
Foniokonko
Fonio Konkov
Fono
Fontabourou
Fontadou
Fonté Fonté
Fontiné
Foolou
Forasinka
Fordou
Fordou Koro
Fordoukoura
Forecaria
Forécariah
Forédougou
Foria
Foria
Foria Kondoléa
Forikaria
Foringuia
Foroconia
Forodou
Forogui
Foroma
Foromalo
Foromaro
Foromordou
Forono
Forossandou
Fossangouni
Fossi
Fossikhouré
Fossikouré
Fossokoure
Fotoba
Foton
Foua
Foua
Fouaïaléra
Fouala
Fouala
Foual
Fouama
Fouaoua
Fouasso
Foudjou
Foudodougou
Foudougou
Fougadian
Fouga
Fouga
Fougalaya
Fougaloya
Fougani
Foughanni
Fougon
Fougou
Fougoumba
Fougoun
Foukala
Foukassou
Foukourou
Foulaboubara
Foulaboufarané
Foulakoro
Foulamansa
Foula Mori
Foulandéya
Foulandialakoro
Foulata
Foulaton
Foulaya
Foulaye
Foulbé
Fouloundala
Fouloundoudala
Foulouné
Foulouni
Foumbadougou
Foumbédougou
Foumou
Foundankoré
Foundiassou
Foundodougou
Foundougou
Founkoura
Fountan
Fourboïa
Fourboria
Fourboya-Bafé
Fourdou
Fourkonia
Fouroubéro
Fouroubouria
Fouroudou
Fouroudougou
Fourougbouya Bafé
Fourougbouya Comando
Fourougou
Foussounkissi
Fouta Kouma
Foutan
Foutou
Foya
Foyé
Franceguela
Franceville
Franinkou
Fria
Frighia
Friguadi
Friguiadi
Friguiadi
Friguia
Friguia
Friguiagbé
Fulaya
Fumbadugu
Furboia Bafe
Furboya Bafe
Gabalan
Gabété
Gabouhéla
Gadabarou Diamatou
Gadalougué
Gadalouguèl
Ga
Gagnimbaya
Gala
Galagbaye
Galagbaye
Galai
Galaï
Galakoubi
Galakpay
Galanki
Galaoulémaye
Galapaï
Galapara
Galassibo
Galaye
Galay
Galeye
Galia
Gali
Galla
Gallou
Galo Kadé
Gama
Gamakoné
Gamara
Gamayalé
Gambadougou
Gambala
Gambata
Gambian
Ganankoura
Gandia
Gandiné
Gandiré
Gando
Gandoya
Ganganta
Ganganta
Ganguanta
Gania
Gania
Gania
Ganiakoura
Ganiya
Gaoual
Garagba
Garama
Garasso
Garassou
Garassouya
Garou
Gassamba
Gata
Gawa Kona Konié
Gaya
Gbadiou
Gbadiou
Gbaeta
Gbafala
Gbafaré
Gba
Gba
Gbagone
Gbagoné
Gbagouné
Gbakolé
Gbala
Gbalako
Gbalako
Gbamou
Gbanbadou
Gbandédou
Gbandou
Gbandougou
Gban
Gbangolossou
Gbangorossou
Gbanhié
Gbanhouria
Gbanhoyé
Gbanikoro
Gbao
Gbaolé
Gbarakouroudougou
Gbassadougou
Gbata
Gbaya
Gbaye
Gbéata
G Béata
Gbédou
Gbé
Gbéifé
Gbeke
Gbélima
Gbèlo
Gbéma
Gbénapa
Gbénémou
Gbérékoro
Gbésonoï
Gbié
Gbi
Gbili
Gbinianmou
Gbinigko
Gbiri Doula
Gboda
Gbondou
Gbonko
Gbonoma
Gbonouo
Gborokoro
Gboté
Gbouo
Geïpa
Geninkoro
Gialan
Gianvélia
Giape
Giayaréla
Gimpo
Ginga
Gingueldou
Glissono
Gnanankoura
Gnégnéméré
Gnéréamadia
Gniégnéa
Gobiko
Goboèla
Gobouta
Godioliré
Godioliré
Gogota
Goguélamban
Goh
Goidemai
Goiffé
Goikouma
Goinso
Golé Boubé
Golokolodougou
Golotola
Gomandou
Gombo
Gombokori
Gombon-Ya
Gomézia
Gondodougou
Gondoli Fandi
Gondono
Gondota
Gondoya
Gonga
Gonga Khimbéli
Gongonkhouré
Gongopé
Gongoré
Gongoré
Gongoye
Gonkoïlé
Gonkoré
Gonkou
Gonkoun
Gonon
Gonon
Gonsitou
Gontoron
Goré
Gosogésia
Gosoguésia
Gosoquesia
Gossopa
Gota
Gotaï
Gotéyé
Gotogola
Gotohola
Gotoliola
Gouakédougou
Gouanankoura
Gouankoro
Gouassédougou
Gouasséridougou
Gouba
Gouba
Gouba
Gouéaso
Gouecké
Gouékédou-Harry
Gouéké
Gouékoro
Gouélémata
Gouéninko
Gouenso
Gouéra
Gouessoba
Gouétéla
Gouéttéouramaï
Gou
Gouhou
Gouillamou
Gouinko
Goukou
Goulia
Gouloukoboya
Goulouya
Goumbokori
Gounangalaï
Gounangalaye
Goundoudougou
Goundougou
Goungourou
Goungourouma
Gouri
Gousso
Gouyaya
Gowara
Goyalako
Goyon
Gozambou
Gozoguézia
Gozombou
Gpagalai
Gpagaye
Gpaolé
Gpaya
Grand Kondébou
Gressok
Gualako
Gualako
Guanonkoura
Guarasso
Guéasso
Guébéya
Guéckédou
Guéckédou Harry
Guéckédou Lele
Guédembou
Guéguépo
Guékadougou
Guékédou
Guékédou-Lele
Guéképo
Guélabodiou
Guéla
Guela
Guélan
Guélémangaya
Guélémata
Gueliban
Guélila
Guéliloubara
Guélo
Guélou
Guémalo
Guémé
Guèmè
Guémé-Saint-Jean
Guémétaye
Guèmètay
Guèmèyiré
Guèmèyiré
Guemeyré
Guéninkoro
Guenkorokoro
Guenso
Guensou
Guéoué
Guéra
Guérédou
Guérégué
Guéréguéréko
Guéréko
Guérésouba
Guérnalo
Guerneyré
Gueseta
Guessé
Guessoba
Guessouba
Guéta
Guétéla
Guiapé
Guibaya
Guibékoro
Guibia
Guibi
Guibodougou
Guidali
Guidali
Guidali Koutiouri
Guidaly
Guidivel
Guidlay
Guidou
Guidouya
Guiéafari
Guiéfari
Guiémembo
Guiémemo
Guifara
Guiffo
Guifoua
Guifouga
Guigbadougou
Guiladou
Guilbadou
Guildé
Guiledji
Guilemgoué
Guiléré
Guiléré
Guilimba
Guilindo
Guilingué
Guiliwodou
Guilouadou
Guimbala
Guimbala-Koro
Guimbala Koura
Guimpo
Guindo
Guingan
Guinguédou
Guinguélou
Guinkoura
Guinso
Guiongui
Guiradou
Guirawadou
Guirigoué
Guirilan
Guirilan
Guisedji
Guisouma
Guissouma
Guissouma
Guizéoma
Guoguélanban
Hafia
Hafiya
Halifadougou
Halire
Hamdalaye
Hamdalaye
Hamdalay
Hamdallaye
Hamdallaye Yola
Hamdallay
Hamdallay Yola
Hamdoullaye
Hamidouya
Hansegnéré
Haoulo
Haroumaia
Harounaïa
Héala
Helayabé
Hellaya
Hérako
Hérako
Hérako
Hérébowal
Héréko
Hérémacono
Heremakono
Hérémakono
Hérémakono
Hérémakono
Hérémakono
Hériko
Hériko
Hériko
Hiareia
Hidaya
Hollo
Holo
Hoo
Hoota
Horé Batafong
Horé Doufouta
Horé Kouloye
Horé Paré
Horoukouma
Houndoni
Hounsiré
Iaouassou
Ibasse
Ibata
Ibir
Idaré
Idaré
Idayatou
Idir
Ieopléta
Iéra
Iérikoro
Iéro Kamban
Ifane
Igayato
Ikarkète
Ikessa
Ikioko
Ikirote
Ikota
Ikounoun
Ilimalo
Ilimalo
Ilimalo-Konsolon
Iliré
Illili
Illimé
Ilola
Ilouadou
Imbaïa
Inako
Inama
Inaouaré
Inaye
Ipodou
Iradougou
Irane
Iréné
Iribadougou
Irié
Irikiri
Iritingo
Irla
Iro
Itaniané
Itiakourou
Itiol
Itiou
Iyai
Kaala
Kaala
Kaan
Kaataba
Kabadiandougou
Kabadougou
Kaba
Kaba
Kabake
Kabako
Kabakoro
Kabakoro
Kabakoulonto
Kabaladou
Kabaléa
Kabalea
Kabangoué
Kabaré
Kabari
Kabaro
Kabassa
Kabatandji
Kabaté
Kabaya
Kabaya
Kabaya Koro
Kabé
Kabéléa
Kabéléa
Kabéléya
Kabendo
Kabé Sano
Kabiata
Kabiéta
Kabilame
Kabilane
Kabonto
Kaboté
Kabot
Kabougani
Kaboukaria
Kaboungani
Kacbadou
Kada
Kadié
Kadié Kadié
Kadignan
Kadinié
Kadioré
Kaéri
Kafalakanda
Kafalkanda
Kafarandougou
Kaffa
Kaformane
Kafou
Kafou
Kagbélé
Kaguélé
Kahel
Kaïdiora
Kaiko
Kaïlahoun
Kairouane
Kaizoma
Kakala
Kakama
Kakandé
Kakaoulé
Kakara
Kakata
Kakavé
Kakessa
Kakich
Kakidé
Kaki
Kakira
Kakira
Kakira
Kakisam
Kakissam
Kakofa
Kako
Kakounsou
Kakoutaye
Kakoutlaye
Kakoutoulaye
Kakutlai
Kakutulaye
Kalaba
Kalafilia
Kala
Kalakiridou
Kalako
Kalamana
Kalanco
Kalango
Kalan
Kalankalan
Kaléa
Kaléfaïadi
Kaléïré
Kalé
Kalé
Kalékhouré
Kalékhouré
Kalékouré
Kaléma
Kaléma
Kalémé
Kalémodiagbé
Kalemodia
Kalentou
Kaléta
Kaleyiré
Kalia
Kalia
Kalibakalako
Kalibonté
Kalidou
Kalifayadé
Kalifayadi
Kali
Kali
Kalikali
Kaliki
Kalilemoan
Kaling
Kalinko
Kalinko
Kalin-Toumania
Kalin Toumanin
Kalo
Kalonkala
Kalounka
Kamaba
Kamabantan
Kamabi
Kamadou
Kamadou
Kamadou
Kâma
Kama
Kama
Kama
Kama
Kama
Kamakan
Kamandougou
Kamandougou
Kamankoro
Kamanou
Kamaradou
Kamaradou
Kamardou
Kamaréa
Kamaréna
Kamaro
Kamaro
Kamarougban
Kamassadou
Kamatimadia
Kambado
Kambadou
Kambadou
Kambaia
Kamba
Kambala
Kambala
Kambaliya
Kambamaléya
Kambambolou
Kambambou
Kamban Massi
Kamban Sabé
Kambasiga
Kambaya
Kambaya Koro
Kambaya Koura
Kambelame
Kambelane
Kambé Saourou
Kambilam
Kambodio
Kambo
Kambonkou
Kambonou
Kamélag
Kamélé
Kaméléya
Kameloute
Kamema
Kaméno
Kamérandou
Kaméré Kounia
Kamfarandougou
Kamian
Kamilila
Kamisaya
Kamissar
Kamissaya
Kamlan
Kamorodougou
Kamorodou
Kamourou
Kamoussa
Kampa
Kampama
Kampomi
Kamponi
Kampounding
Kamsabo
Kamsar
Kamsato
Kamufote
Kanadou
Ka Nafadié
Kananbana
Kanankarama
Kanbamaré
Kanbian
Kanbouré
Kandaïa
Kandaïdé
Kandamba
Kandani
Kandarala
Kandaya
Kandéria
Kandériya
Kandiabara
Kandiafara
Kandia
Kandian
Kandian
Kandiaye
Kandiétéré
Kandika
Kandilo
Kandi Merdé
Kandou
Kandouman
Kandournan
Kanei
Kanfarandé
Kanfoundian
Kangama
Kangnéka
Kangoléya
Kangoro
Kangouela
Kania
Kaniangoro
Kanifara
Kani
Kanikongo
Kanikoro
Kanimoussaya
Kaninko
Kanissuama
Kanka
Kankako
Kankalabé
Kankaméré
Kanka Nafadji
Kankana
Kankan
Kankansédougou
Kankaré
Kankata
Kankaya
Kanké
Kankékhouré
Kanki
Kanko
Kankomaria
Kankona
Kankonko
Kankoré
Kankouba Diara Bara
Kankouffe
Kankouf
Kankou
Kankoumadé
Kankouma
Kankouma
Kankouna
Kannbof
Kannefote
Kannkodi
Kannta
Kanonké
Kanouba
Kanpaya
Kansado
Kansagni
Kansa
Kansala
Kansambaran
Kansangniel
Kansangui
Kansaniel
Kansan
Kansarah
Kansarakharé
Kansareya
Kansar
Kansato
Kansato
Kansaya
Kansigada
Kansiga
Kansi
Kansiraya
Kansita
Kansitaye
Kansiyel
Kanso
Kansouya
Kantadou
Kanté
Kantian
Kanti
Kantongondébéré
Kantoukhouré
Kantoumanina
Kantsirote
Kanufote
Kaola
Kaorané
Kaossou
Kaouadji
Kaounsou
Kaounsou
Kaparabina
Kapéhi
Kapey
Kapken
Kaporabina
Kaporo
Kapparabina
Kapsine
Kapsinn
Karache
Karach
Karadou
Karagouala
Karakani
Karakani-mines
Karakéridougou
Karako
Karakolé
Karakoro
Karakossi
Karakoura
Karala Banankoro
Karala
Karala
Karama
Karamoko Fouga
Karamokouya
Karankama
Karankaman
Karankaran
Karankoné
Karaourou
Karapilita
Karata
Karba
Karedji
Karévi
Karfa Modila
Karfamoria
Karfamoroïla
Karfaya
Kariako
Kariandougou
Kariaradou
Karifa
Karifa
Karikarissa
Karimandougou
Karimouya
Karimouya
Kariniana
Karita
Karita
Karmandougou
Karmassadou
Karo
Karonkone
Karouané
Kasembia
Kassadou
Kassadou
Kassagba
Kassagui
Kassahiya
Kassa
Kassa
Kassa
Kassa
Kassa
Kassambiya
Kassane
Kassani
Kassaniya
Kassanka
Kassan
Kassanko
Kassaoro
Kassé
Kassémandougou
Kassiadougou
Kassieta
Kassira
Kassomba
Kassoudy
Kassouli
Kassouly
Kassoumba
Kassourou
Katabé
Katabé
Kata
Katako
Katakoro
Katandé
Katan-Kalan
Katchek
Katendé
Katep
Katépou
Katéré
Kateyiré
Katia
Katia
Katiaourou
Katibalaya
Katila Kofouta
Katiya
Kato
Katongola
Katongoro
Katongoro
Katongota
Katongourou
Katonguéro
Katonguéron
Katonguila
Katon
Katoro
Katoufoura
Katougoro
Katoukouma
Katoukouni
Katounka
Kavasse
Kavélegourou
Kavéssi
Kavia
Kaviata
Kawas
Kayala
Kayel
Kayeri
Kaykoro
Kayouta
Kayso
Kbunsoun
Kebaia
Kébalé
Kébalé
Kébalé
Kébali
Kébali
Kebassabaya
Kebaya
Kébé Friguia
Kébégui
Kébéïa
Kébeïa
Kébéla
Kébéya
Kéborédougou
Kéboudéna
Kebou
Kébouloha
Kéboulona
Kéda
Kédiandougou
Kégaya
Keikadou
Kékoro
Kela
Kélangoma
Kélebingo
Kélédou
Kélédou
Kélékhouré
Kéléladanané
Kélémadiou
Kéléma
Kéléma
Kelodou
Kélouenta
Kélou Kélou Foula
Kélou Kélou
Kemaya
Kémaya
Kémaya
Kémaya
Kémendé
Kéméro
Kemodou
Kénaba
Kendéa
Kendémélé
Kendeya
Kendian
Kendikoro
Kendou
Kendoumaya
Kénéba
Kénéban
Kenédou
Kénégbébaro
Kénékénéma
Kénékénéma
Kenema
Kénéma
Kénendé
Kénendé
Kénendi
Kénenndé
Kénéoula
Kénéri
Kénéri
Kénéwa
Kéniando
Kénian
Kénieba
Kéniébakoro
Keniebakoura
Kéniébo
Kéniédo
Kéniéko
Kéniéko
Kéniéko
Kéniékoura
Kéniékourou
Kéniékrou
Kéniémakolé
Kéniénanba
Kéniendo
Kénienta
Kéniéoula
Kéniéra
Kéniéran
Kéniérankoura
Kéniéroba
Kéniéro
Kéniéro
Kéniéro
Kénindé
Kenkéla
Kénlékrou
Kenndi
Kensérédou
Kenssoya
Kentinian
Kéora
Kéoulendougou
Kéoulenta
Kéoulindougou
Kéravané
Keravani
Kerdougoula
Kéréba
Kérédiala
Kérédou
Kérédou
Kérédou
Kéré
Kéréla
Kéréma
Kérémanzou
Kéréna
Kéressadji
Kerfala
Kérinkong
Kérisané
Kérivel
Kéro
Kerol
Kéronkong
Kérouané
Kérouané
Kérouané
Késééso
Késériso
Kessedou
Kessélia
Késsérédougou
Késsérédou
Késséridougou
Késsériso
Kesserisso
Kessona
Kéta
Ketaya
Kétigna
Kétiguia
Kétiouri Igour
Kéto
Keulakairi
Keuta
Kévédou
Kéya
Khonibalé
Khonibombo
Khonitoumanéya
Khoniva
Khoniya
Khoniya
Khorèra
Khorira
Khorira
Khouréralandé
Kiamodougou
Kiampia
Kidamaya
Kidiré
Kiéfendougou
Kiekama
Kiéniékourou
Kiéssa
Kiéssané
Kiesséné
Kiéto
Kifaya
Kigbali
Kikokara Koro
Kilabérémaï
Kilifini
Kilikondo
Kilinkidinguêya
Kimara
Kimaya
Kimbakouna
Kimbi
Kimbo
Kimbon
Kimbou
Kiméro
Kindaya
Kindia
Kindibéri
Kindioukoubaya
Kindla
Kindouya
Kinfaïa
Kinfaya
Kingué
Kiniako
Kiniako
Kinian
Kinianpili
Kiniéba
Kiniéba
Kiniébakoro
Kiniéko
Kiniéni
Kiniéro
Kiniéro
Kiniéro
Kinita
Kinkin
Kinkondéya
Kinndania
Kinnki
Kinsardou
Kinséa
Kintinian
Kintiniou
Kioko
Kipé
Kiraya
Kirfi
Kiria
Kiria
Kiria
Kiribamba
Kirikira
Kiri
Kirikiri
Kirima
Kirimani
Kirimassadou
Kirimaya
Kirimi
Kirimisadou
Kirita
Kiriya
Kiroli
Kirsané
Kisassi
Kisioumaya
Kisoumaya
Kissamondéya
Kissangana
Kissasi
Kissassi
Kissénè
Kissia
Kissibougoula
Kissidougou
Kissidougou
Kissidugu
Kissili
Kissing
Kissouki
Kitérin
Kitiandé
Kitiara
Kitifini
Kleïta
Koaliépoulou
Koaliyé
Koaté
Kobada
Kobadoula
Kobafé
Kobaguéda
Koba
Koba
Koba
Koba
Koba
Koba Ko
Kobala
Kobala
Kobala
Kobala
Kobala
Kobané
Kobano
Kobaraga
Kobarakolo
Kobararé
Kobaya
Kobédara
Kobédérani
Kobédougou
Kobela
Kobéléa
Kobélédou
Kobèlèya
Kobérato
Kobéta
Kobeya
Kobidougou
Kobiko
Kobilado
Kobila
Kobilato
Kobin
Kobiya
Kobogo
Kobolani
Kobolaya
Kobolonia
Koboroné
Koboron
Koboya
Kobrédou
Koda
Koda
Kodéda
Kodianfara
Kodian
Kodiarani
Kodiaraninda
Kodiaran
Kodiérani
Kodierani
Kodiéran
Kodiougoula
Kodiougoulé
Kodou
Koélazou
Koélazou
Koéma
Koendou
Koendou
Koepa
Koépilita
Koèssou
Koéta
Kofassama
Kofé
Kofila
Kofilakoro
Kofodou
Kofoudou
Kofoula
Kofoulakoro
Kofoulani
Kogbata
Koggui
Kogiérani
Kognin
Kogoloué
Kogota
Kogou Foulbé
Kogui
Kohempa
Kohi
Kohorira
Kohoui
Kohoussa
Koïbirédou
Koïema
Koïmana
Koïma Tankoro
Koima Tongoro
Koinadiandougou
Koïndou
Koingbélo
Koïn
Kointo
Kokaïa
Kokala
Koké
Koke
Kokokaya Guemeïré
Kokoma
Kokorobani
Kokoroumba
Kokossou
Kokota
Kokoto
Kokoudoun
Kokouélassou
Kokou
Kokou
Kokou
Kokouna
Kokounfara
Kokouni
Kokoun
Kokoun
Kokounkoudou
Kokounkoudounkodo
Kokourouninda
Koladou
Koladou
Kolafedou
Kolafoton
Kolagbata
Kolagbéli
Kolakhouré
Kolako
Kola
Kola
Kola
Kola Konko
Kolakoura
Kolakouré
Kolakoya
Kolanguel
Kolangui
Kolata
Kolaté
Kolatou
Kolayiré
Koléadou
Koléakori
Kolébalé
Kolédou
Kolé
Kolé
Kolenda
Kolendala
Kolendouba
Kolendou
Kolendoun
Kolenfi
Kolé Niagoué
Koléni
Kolenko
Kolen
Kolenté
Kolé Tangali
Koléya
Koléya
Koliagbé
Kolia
Kolia
Kolia
Kolianindo
Kolian
Kolibadé
Kolibanda
Kolibaya
Kolibaya
Kolibenda
Kolidougou
Kolifa
Kolifandou
Kolignindo
Kolimaï
Kolindala
Kolinka
Kolinségué
Koliouata
Kolita
Koliya
Kollako Moussadougou
Kollangui
Kollé Bamba
Kollé
Kolléni
Kolméyire
Koloadou
Kolobingo
Kolobouéta
Koloda
Kolodou
Kolofon
Kologadouba
Kolo
Koloma
Koloman Kambaïa
Koloman-Kambaya
Koloman
Kolomba
Kolombaya
Kolomoko
Kolona
Kolongadouga
Kolonhouï
Kolonkala
Kolon
Kolon
Kolossa
Koloubou
Koloufani
Kolouma
Kolyouata
Komadianbougou
Komadou
Komagui
Komaïa
Komaï
Komako
Komakolé
Komakolo
Koma
Koma
Kôma
Koma
Komakondo
Komala
Komana
Komandi-Baramentou
Komandikoro
Komandikoura
Komandougou
Komanssan
Komaro
Komassanga
Komassanga
Komassangba
Komata
Komatiguia
Komaya
Komaya
Kombaïa
Kombokoro
Komboya
Komé
Komendé
Komeye
Komodougou
Komodougou
Komoniadougou
Komorodougou
Komou
Komou
Komourounifé
Komoya
Komoya
Kompa
Kompaya
Konafadia
Konakri
Konakry
Konala
Konama Koro
Konama Koura
Konandou
Konan
Koncofi
Konda
Kondéadou
Kondéba
Kondebou
Kondébounba
Kondéboun Karfa
Kondéboun Lamina
Kondédi
Kondégamou
Kondeïré
Kondénia
Kondero
Kondéta
Kondetta
Kondéya
Kondéyiré
Kondéyiré
Kondeyiré
Kondeyre
Kondiéya
Kondiyéa
Kondobingo
Kondobouillé
Kondobouille
Kondo
Kondoma
Kondondou
Kondoukhouré
Kondou
Kondou
Kondoukouré
Kondoya
Kondoya
Konéa
Konéba
Konéla
Konella
Konesseridou
Konéya
Konéya
Konfa
Konfara
Kongkongo
Kongodou
Kongodou
Kongoffi
Kongola
Kongoma
Kongonani
Kongoro Moussa
Kongoté
Kongoui
Koniakokoun
Konia
Konia
Konia
Konia
Koniakori
Koniandougou
Koniandou
Konianfara
Koniani
Konian
Konian
Konienanta
Konigolo
Konigpala
Koni
Koni
Konimoussaya
Konindiara
Konindou
Konissaya
Koniyakoélé
Konkaï
Konkéfing
Konké Kodo
Konkenifet
Konkèsse
Konkoa
Konkobaro
Konkohoulé
Konkoïba
Konko
Konkoliba
Konkoma
Konkoménia
Konkoméria
Konkontamba
Konkouba
Konkouré
Konkouré
Konkouré
Konkouroumeye
Konkoye
Konkuré
Konoban
Kono
Konoma
Konsan
Konsankoro
Konsensiné
Konsitivi
Konsondougou
Konssoya
Konta
Konta
Koola
Koomaï
Kooni
Koossa
Koota
Ko Oulé
Kooulenta
Kooussa
Kopéring
Kopou
Kora
Korakoro
Koraouré
Korassi
Korbé
Korédou
Korégani
Koréla
Korendou
Koréou
Koréra
Koréra
Koréra
Koresédou
Koressedou
Koretongo
Koria
Koriaradougou
Korissiala
Koriya
Korkorasso
Koroadou
Korobaleya
Korobou
Korodala
Korodibougou
Korodou
Koro
Korokouna
Korolikoro
Koromagui
Koromai
Koroma
Koromandougou
Koromoridougou
Korona
Korondou
Koronkorono
Kororo
Korosédou
Korrea
Korya
Kosensine
Kosonia
Kossaba
Kossadé
Kossadou
Kossakéï
Kossa
Kossala
Kossaro
Kosségui
Kossi
Kossila
Kossilan
Kossira
Kossiria
Kossodou
Kossoko
Kossoko Koungoné
Kossokokoura
Kosso
Koté
Kotema
Koténia
Kotidougou
Kotila
Kotinguizia
Kotodzou
Kotomori
Kotonhoui
Kotoola
Kotoua
Kotouba Dgninta
Kotoulazou
Kotouzou
Kotulé
Kouaféréso
Kouakoro
Koualékono
Kouango
Kouaniyaya
Kouankan
Kouayalo
Koubali
Koubéa
Koubédougou
Koubella
Koubia
Koubia
Koubia
Koubia
Koubia
Koubikoro
Koubi
Koubi
Koubi Loukoum
Koubi Oulada
Koubiya
Koubou
Kouda
Koudala
Koudaniakoura
Koudédi
Koudé
Koudenta
Koudiak
Koudianakoro
Koudi
Koudindé
Koudoko
Koudou Ponpo
Kouégéta
Kouéman
Kouenala
Kouendégouba
Kouendigouba
Kouéréta
Kouéro
Kouéssilla
Koufa
Koufen
Koufoulani
Kouhédougou
Kouhoudou
Kouïan
Kouiayé
Kouiko
Kouilifakara
Kouimpa
Kouimpo
Koukama
Koukama
Koukongo
Koukonko
Koukoraya
Koukouba
Koukoukoto
Koukouroutazou
Koukoutamba
Koukoutamba Sokoto
Koula
Koulakouré
Koulanbou
Koulayabé
Kouléa
Koulé
Koulèté
Koulia
Koulifakara
Koulikonko
Koulima
Koulinga
Koulinsagué
Koulita
Koulodou
Kouloré
Kouloubadougou
Kouloubadou
Kouloudougou
Kouloudou
Kouloukhouré
Kouloukin
Koulou Korodji
Koulou
Kouloulouya
Kouloumbadou
Kouloumba
Kouloumbouya
Kouloumoinéa
Kouloun
Kouloye
Kouloye Magesan
Koumagouron
Kouma
Koumana
Koumana
Koumandi Barnatou
Koumandi-Bématou
Koumandi Koro
Koumandi-Koro
Koumandi
Koumandi Koura
Koumandougou
Koumani
Kouman
Kouman
Koumassan
Koumatiamodougou
Koumbadanta
Koumbadantan
Koumbaèl
Koumbagni
Koumbaïa
Koumbakara
Koumba
Koumba
Koumba
Koumba
Koumbaléfougué
Koumban
Koumbankoura
Koumbatamba
Koumbaya
Koumbaya
Koumbaya
Koumbélé
Koumbia Kébalé
Koumbia Kooli
Koumbia
Koumbia
Koumbialey Fello
Koumbouladou
Koumbouma
Koumboum
Koumboura
Koumibili
Koumoulou
Koumpaké
Koumpa
Kounadia
Kounadibala
Kounateia
Kounbélénia
Kounboukoto
Kounbouladou
Koundabalaya
Kounda Dienkono
Koundara
Koundaya
Koundéhou
Koundéyagbé
Koundéya
Koundiadou
Koundianakoro
Koundianakoura
Koundian
Koundian
Koundian
Koundian
Koundindé
Koundo
Koundooian
Koundoubingou
Koundoudou
Koundougou
Koundoukonko
Koundou
Koundou To
Kounédou
Kouné
Kounéna
Kounfa
Koungbédougou
Kounian
Kounina
Kounkalama
Kounkidé
Kounkono
Kounkou
Kounoulou
Kounouma
Kounsi Kansi
Kounsi Kansi
Kounsi
Kounsi
Kounsina
Kounsiniaki
Kounsiskansi
Kounsitili
Kounsotami
Kounsougo
Kounsougou
Kounsouima
Kounsoun
Kounsouta
Kounsouta
Kounta
Kountaya
Kountaya
Kounté
Kountouloun
Kountoutou
Kountouya
Kounyéya
Kouonkan
Kourahouré
Kouraïa Konkouré
Kouraïa
Kourako
Kourako
Kourakoto
Koura
Koura
Kourala
Kouralé
Kouraouel
Kouraouré
Kouratengo
Kouratongo
Kouratongo
Kouravel
Kouravel
Kourawel
Kourékoro
Kouré
Kouré
Kourével
Kouriadou
Kouria
Kouria
Kouria
Kouriandé
Kouridian
Kouriya
Kouriya
Kourkourassou
Kouroko
Kourokoro
Kouromandja
Kouromandya
Kourouba
Kouroubala
Kourouda
Kouroudiougouba
Kouroudougou
Kouroufé
Kouroufi
Kourou Filani
Kouroufing
Kourougbara
Kourougbédougou
Kourougnan
Kourouhounon
Kourouïa
Kouroukonko
Kouroukono
Kouroukoro
Kouroukoro
Kouroukoto
Kourou
Kouroulamini
Kourouma Daka
Kouroumadougou
Kouroumaninka
Kouroum
Kouroumorodougou
Kouroundanda
Kourouni Korogoué
Kourouni
Kourounko
Kourousansan
Kourousounsou
Kouroussabanté
Kouroussa
Kouroussala
Kouroutéguélé
Koussi
Koussoubingou
Koutambadou
Koutan
Koutiya
Koutoulazou
Koutoulouma
Kouttan
Kouvélandé
Kouyadi
Kouya
Kouyakouya
Kouya Laya
Kouya-Leya
Kouyan
Kouya Siria
Kouyaya
Kouyé
Kouyé
Kouyé Sékouya
Kouyéya
Kouyéya
Kouyonou Iédougou
Kouzezou
Koyah
Koyakoélé
Koya
Koyama
Koyamoridougou
Koyamorodougou
Koyanba
Koyatougou
Koyola
Kpaou
Krapotazou
Krèkrémaï
Kribléma
Kriffi
Krima
Krima
Kuankan
Kuonkan
Kuria
Kurussa
Kuyéya
Laba
Laba
Lâba
Labata
Labédazou
Labédépéré
Labé
Labé
Labélinka
Labiko
Labilasso
Labiléta
Labiya
Labobandé
Labon
Labota
Lafanyi
Lagbara
Lago
Lahikombaya
Lainé
Lakata
Lakhata
Lako
La Kolenté
La Linsan
Lalléra
Lamadédougou
Lamadougou
Lamadougou
Lamama
Lambagny
Lamba
Lambalare
Lambarâri
Lambol
Lambou
Laménésso
Laménéssou
Laménina
Lamina
Laminia
Laminia
Lamini Camara
Laminina
Lamoudouyay
Lamou
Lampo
Lanbawol
Lancédougou
Lanceidougou
Lancerdou
Lancérédou
Landa
Landé
Landé
Landé Malinda
Landi Koro
Landi
Landi Ninki
Landréya
Lané
Lanéné
Lanfangoy
Lanféa
Langama
Langdétio
Langliémé
Lankon
Lanktio
Lanpoukenn
Lansanaya
Lansaniya
Lansanya
Lansédougou
Lansénia
Lansérédougou
Lanssédougou
Lapé
Lapikou
Larapessé
Larata
Lariba
Lasaou
Lassao
Lassaou
Lassou
Layadi
Laya Doula
Laya
Laya
Laya Sando
Lébakourou
Léba
Lébaya
Lébékéré
Lébéléga
Lébélégo
Lébéméré
Lébiré
Léda
Léfara
Léfarani
Léfarani
Lefourédaka
Léfouré
Léfouré
Léfuré
Leguéfélo
Leïfèro
Lékoro
Léla
Lèla
Léla
Lé Lamba
Lela Ndondé
Léléda
Lélékoro
Lélé
Lélésa
Lèlessa
Lelessa
Lélinko
Lélouma
Lémafra
Lembagui
Lémonako
Lemourou
Lemourou Tombo
Lénéssa
Lenguéré
Lenguéré
Lennguéa
Lennsang
Lenté
Léobingo
Léoua
Léro
Léro
Le Séré
Lessaré
Lesséré
Leya
Ley Bouka
Ley Bowal
Lèye Dali
Lèye-Félo
Lèye Kafou
Lèye Petel
Leyko
Ley Niélé
Ley Tangan
Libofarané
Libondou
Libria
Liéké
Liélila
Likonoba
Limbana
Limbo
Linbana
Lingbirinkoro
Lingo
Linguéboa
Lingué Kegni
Linguéko
Lingué Koro
Linguélo
Linguéma
Linguéré
Linguéré
Linguéré
Linguéwé
Linkékoro
Linko
Linko
Linlin
Linnkéré
Linsan
Linsan
Linséré
Linsoro
Llaya
Lodou
Loféro
Loffero
Logbo
Logho
Logorombo
Logoronbo
Lohouma
Loïla
Lokofé
Lokonko
Lokooua
Lokoumbo
Lola
Lollé
Lolobingo
Lolo
Lomadou
Lombel
Lomidédougou
Lomou
Longoa
Longori
Lonhouéya
Loni
Lonkita
Lonouma
Lonssir
Lontonkouré
Loo
Lopé
Lopèsountou Kouroufing
Lopéwal
Lopéyel
Lori
Loriomi
Loudal
Loufa II
Loufa I
Loufa
Loufa Missidi
Loufaya
Lougana
Lougol
Lougounguel
Lougouroun
Louguéré-Kéré
Louhoulé
Loukoum
Loula
Loulédyi
Loulé
Loumbaya
Louneye
Lountou
Loupomai
Loupoumaï
Louyassou
Loya
Loyan
Maadou
Maa
Mabossou
Macenta
Maci
Madé
Madenta
Madia
Madihéraya
Madina Badiar
Madina Diang
Madina Dian
Madina Foulbé
Madinakoura
Madina Kouta
Madina
Madina
Madina
Madina
Madina
Madina
Madina
Madina
Madina
Madina
Madinani
Madina Ouarra
Madina-Oula
Madina Singuéti
Madina Singuetti
Madina Wara
Madiné
Madiné
Madiné
Madiomaï
Madionamaï
Madioumbo
Madiya
Maékoro
Maèrédou
Maéro
Mafendala
Mafendou
Maférinya
Mafindi-Kabaïa
Mafindi Kabaya
Mafindougou
Mafindou
Mafinndi
Mafinndo
Mafinnedi Kabaya
Mafoca
Magana
Magenta
Magnienkouré
Maguia
Maharnadi
Mahéra
Mahéré
Mahoundé
Mahouon
Mahouor
Maïndou
Makabou
Makadougou
Maka
Makaya
Makia
Makinsi
Makiti
Makolon
Makono
Makono
Malaguia
Malakissi
Malalila
Mala
Malamala
Malama
Maléa
Maléa
Maléa
Maléa
Malédougou
Maléha
Malékoroma
Malema
Malenta
Maléya
Maléya
Maléya
Maliban
Malifou
Maliguia-Fori
Maliguiagbé
Maliguia
Malikia
Maliko
Malilène
Mali
Mali
Mali
Malimané
Mali Missila
Malipan
Maliyah
Malleandé
Malléma
Malo
Malou
Mamadiana
Mamadidougou
Mamadouïa
Mamadou Satouko
Mama
Mamandougou
Mamankono
Mamassadou
Mamaya
Mambassa
Mambasso
Mambia
Mambia
Mambiya
Mambiya
Mambo
Mambouria
Mambouroudou
Mambourou
Mamia
Mamona
Mamoria
Mamorodougou
Mamorodougou
Mamoudia
Mamoudouya
Mamou
Mamou
Mamounié
Mamouria
Mamouria
Mamouria
Mamouria
Mamourodou
Mamouroudougou
Mamouroula
Mamya
Manadara
Manakoro
Manakoro
Manakoto
Mana
Mananba
Manandi
Mananko
Manankoro
Manankoro
Manaouen
Manbaria
Manda Foulbé
Manda
Manda Sarakolé
Mandékoté
Mandiana
Mandougou
Mandougou
Mandou
Mandou
Mandou
Manéah
Manéa
Mané
Manfara
Manfara
Manfara
Manfara
Manfarana
Manfarani
Manforu
Manfourou
Mangadian
Mangadougou
Mangalandé
Mangankoya
Manga Sabou
Mangata
Mangbédougou
Mango
Mangorama
Mangoua
Mangoyé
Manguel
Mangue
Mangué
Mangueta
Manguéya
Manguéya
Maniaka
Manianko
Manian
Maniansorifana
Manifadou
Manifala
Manima
Manintoro
Maniokhoun
Manissalia
Mankabaladou
Mankaïmadou
Mankala
Mankata
Mankono
Mankorodou
Mankountan
Mankoura
Mankourou
Mankouta
Man
Mansafara
Mansalako
Mansala
Mansamana
Mansandou
Mansaniana
Mansansamoribaya
Mansarafa
Mansaramoribaya
Mansarena
Mansaréna
Manséïdougou
Mansiramoribaya
Mansonia
Mansonian
Mansoundou
Mansounia
Mansouramaribaya
Mansouramoribaya
Mansoya
Mantaranian
Mantchi
Mantessa
Mantoumandougou
Maoba Hassana
Maomaï
Maouendé
Maraba
Maradou
Maragbadou
Mara
Maramoria
Maranda
Maraou
Marara
Marégala
Maréma
Maré
Maréna
Maréna
Maréna
Marga
Marga
Maria
Mariani
Maribabéko
Marina
Marinfala
Markabinaya
Marnadi
Marna
Maro
Marouï
Marou
Marso
Massabanga
Massacoundou Soulangolo
Massadougou
Massadou
Massadou
Massako
Massakoundou
Massakoundou Soulangolo
Massala
Massamana
Massamaniana
Massamayan
Massandougou
Massaniana
Massaso
Massaya
Massaya
Massédougou
Massi
Massi
Massisse
Matagaguina
Matagania
Matakan
Matakong
Matam
Matane Moridougou
Mathénian Baladou
Matiguiyafori
Matiounta
Mattam
Mauende
Mavoisine
Mayande
Mayoundé
Mazano
Mbasséné
M'boro
Méata
Médékoma
Medina-Bambaya
Médina Gadaoundou
Médina Gadoundou
Médina-Gudaoundou
Médina Kouta
Médina
Médina
Médina
Médina Ollandé
Médina Ouara
Médina Ouarra
Médina Oula
Médina Salambandé
Médina-Singuetti
Médina Songnessa
Mékékouré
Mékiférédougou
Mekké
Méla
Méla
Méléboun
Mélégbouma
Mélia
Méliandou
Mélibou
Méliboun
Méliboun
Mélifé
Mélikanssa
Mélikhouré
Meli
Mellakouné
Mélou
Mémakouré
Méma
Memboma
Mena
Ménankaya
Ménansélia
Menchaun
Mendi Kbala
Mengatay
Mengueya
Méniéga
Mènien Koma
Menkiné
Mérébéle
Mérébé
Mérébé
Méréna
Mérépike
Merinfala
Merméria
Merna
Messaoulaya
Messirah
Méssira
Métandiang
Métendiang
Mexreh
Méyenkhouré
Mignala
Mignankabougou
Millimou
Mimandala
Mimaro
Mimiciati
Mindou
Miniandala
Minianko
Miraya
Mirino
Miriré
Misera
Misidé Kasagui
Missadougou
Missadou
Missala
Missamana
Missamana
Missamoridou
Missidé Hindé
Missidé Nangagni
Missidé Wara
Missikou
Missirah
Missira
Missira
Missira
Missira
Mitti
Mlatongouiné
Moata
Modia
Modiya
Modori
Moébadou
Moédou
Moegbadou
Moékérédou
Mogayafara
Mohékodou
Moïafara
Moïdiaro
Moïko
Moimadou
Mola
Moléa
Moléya
Molokhouré
Molokhouré
Molokoyi
Molota
Momone
Momora
Momoridougou
Monbéya
Monchon
Moncourou
Monebo
Monehon
Mongo
Monkourou
Monkuru
Monssoro
Montikri
Mooria
Moouledou
Moporo
Moradougou
Moramoria
Moréa
Morébaya
Morebaya
Morécania
Moregbado
Moregbadou
Moreguebédou
Morékaniya
Morékéniéba
Moreya
Morguebédou
Moriadi
Moriagbè
Moriakori
Moria
Moria
Moria
Moria
Moriani
Moribadian
Moribadougou
Moribafindougou
Moribaya
Moribaya
Moribéya
Moribeya Saba
Moribouédougou
Moridinnpi
Moridougou
Morifadougou
Morifindougou
Morifinia
Morifinya
Morigbadougou
Morigbadougou
Morigba
Morigouédougou
Moriguédougou
Morikaria
Morikéniéba
Morimandougou
Mori Moussaya
Morinimaya
Morinoumaya
Morisadougou
Morisanako
Morissimandougou
Morissiria
Moriyagbé
Moriyakhori
Moriya
Moriya
Morobagassou
Morodougou
Moroïré
Morola Fara
Moromi
Moroumsala
Moroya
Mortordji
Mossofédougou
Mossoko
Mouguebeya
Mouiadou
Moukibodébé
Mouki
Mouledou
Mouminia
Moundokoro
Moungata
Mounian
Mouniédougou
Mounoukoro
Mounou
Mountouko
Moussadougou
Moussadougou
Moussaïa
Moussaïa
Moussayah
Moussaya
Moussaya
Moussaya
Moussaya
Moussaya
Moussondé Madla
Moyako
Moyanfara
Moyan
Moymadou
Mpakolo
Mramda
Mussadugu
Nabaladougou
Nabala
Nabou
Nadel
Nadel
Nadel Sabé
Nadé
Nadiébané
Nafadgi
Nafadié
Nafadié
Nafadjibougouda
Nafadji II
Nafadji I
Nafadji
Nafadji
Nafagni
Nafaguilé
Nafagui
Nafagui
Nafaya
Nafaye
Nafayi
Nagoudou
Nagoye
Naigaya
Naja
Nalonda
Namaguida
Naméiri
Namina
Nampougou
Nanako
Nananibala
Nandoumba Dongol
Nandounba
Nanfarimourou
Nangagni
Nangagni
Nangoa
Naniakali
Nankofara
Nanténé
Naoc
Naoé
Naouinsou
Napéèl
Naréna
Narina
Naro
Nassa
Nassoundougou
Natatigaré
Nbalassou
Nbaloma
Ndantari
Ndéléou
N'Déréou
Ndeyri
Ndiarendi
Ndiré
Ndiré
Ndiré
Neadagadou
Nébiss
Nédagadou
Nédidalam
Négadougou
Négaré
Néma
Némataba
Némèa
Néménou
Némian
Némian
Nemina
Nénéa
Népa
Nérékoroko
Nérékoro
Nérékoro
Nérékorp
Nétémanfara
Nétéré
Nétéré
Nétéré
Netté
Netteré
Nettéré
Ngnin
N'Gnofia
Ngouahoum
Nguessou
Niabéli
Niadougou
Niadou
Niadou
Niafadié
Niagaia
Niagantou
Niagara
Niagassola
Niagouélé
Niaguéraso
Niaguérazou
Niaguézaro
Niaguézazou
Niakalékolon
Niakalé
Niakamouna
Niako
Nialama
Niala
Nialdou
Nialémoridougou
Nialessou
Nialé Toumanina
Nialia
Nialinko
Niamadalada
Niamadou
Niamagara
Niamana
Niamandou
Niamanféré
Niamankoro
Niaman Rombo
Niamayafara
Niamayara
Niamayaravol
Niambala
Niaméra
Niamina
Niamini
Niamoridougou
Nianaya
Niandakoro
Niandan Koro
Niandan Koura
Niandan
Niandanwaro
Nianforando
Nianforondo
Nianfouïa
Niangamita
Niangaya
Nianiaya
Nianin
Nianko
Niankoulan
Nianougou
Nianou
Nianou
Niansogola
Niansomorodougou
Niansonmoridougou
Niansso
Niantanina
Niantankoro
Niantankoura
Niantoumandou
Niaoulindougou
Niaourasso
Niaourassou
Niaragbaleye
Niaragpalé
Niara
Niaria
Niassagala
Niatankoura
Niavollassou
Niaya
Nibrassi
Niéborassi
Niéboré
Niéguéya
Niékan
Niéla
Niéléko
Niélia
Niella
Niéma
Niembou
Niémébadé
Niénéméré
Nienéya
Niéniédou
Niéniéya
Niéniko
Niénouïa
Niénouya
Niéramadia
Niéréméré
Niéré
Nieriamadia
Niéro
Niguélandé
Nimalo Konsolon
Nimbakoro
Nimonian
Ninata
Ninguebeda
Ninguebedo
Ningueldou
Ninguemaï
Ninguéti
Ninguetti
Ninguira
Niobodougou
Niofiya
Niogbodougou
Niogola
Niogou
Niogou
Niokorogbédougou
Niokozou
Niolédou
Niomorodougou
Nionkoba
Nion
Niono
Nionsamoridougou
Nionsomoridougou
Nionta
Niougourou
Niougui
Nioumatanga
Nioumaya
Niouniougou
Nissiboro
Nkompa
Nobé
Nofia
Nokoura
Noma
Nomo
Nonbohouota
Nongoa
Nongoa
Nongoa
Nongolo
Nongo
Nongoua
Nongoua
Nongouaro
Nongoun
Nongouro
Nonguokoro
Nonhana
Nonkonakari
Nonkoyo
Nonoba
Nono Diéna
Nono-Diénia
Nono-Guineya
Nono-Guinga
Nono
Noona
Nora Foula
Nora
Norassouba
Noréna
Norèyiré
Noria
Norosouba
Nougoro
Nougoundou
Nougouro
Nouguédougou
Nouhouya
Noukounkan
Noukoun
Noumaïa
Noumandougou
Noumoudaga
Noumoudjiguila
Noumoula
Noumoussaya
Nouna
Nounkou
Nounkov
Nounou
Nourafadougou
Noura
Nousséridougou
Numéa
Nyagassola
Nzao
Nzapa
Nzappa
Nzébéla
Nzérékoélé
N ' Zérékoélé
Nzérékoré
Nzima
Nzo
Nzoyaro
Odossa
Odoulon
Oiambesse Lalia
Oisa
Oladou
Olandé
Olandé Tiéké
Oliguézézou
Ollandé
Ollandé
Ollandé Tiéké
Ondésania
Oouay
Orata
Oré Bakou
Oré Barka
Oré Bombi
Oré Danté
Oré Dima
Ore Dimma
Oré Dioli
Ore Djima
Oré Fello
Oré Fello
Oréfélo
Oré Gali
Oré Gando
Oré Kiléa
Oré Kolen
Oré Kolé
Oré Korassé
Oré Koubi
Orékouby
Oré Mamou
Oré Niélé
Oré Ollandé
Oré
Oré Paré
Oré Pétel
Oré Séré
Oré Sougué
Oré Tembé
Orétigué
Oré Vendou
Orévenndou
Oré Vindou
Oré Yamé
Orobako
Orodjidougou
Oroni
Orono
Orossia
Orougui
Oroundé
Osmania
Ossokourouma
Ouabingo
Ouadiatoulaye
Ouadou
Ouagna
Ouaï
Ouairi
Ouakan
Ouâkâ
Ouakouman
Oualiakoré
Oualia
Oualia
Oualia
Oualia
Oualissa
Oualto
Ouamadou
Ouamandou
Ouambou
Ouamou
Ouandan
Ouanino
Ouani
Ouani
Ouankadji
Ouankifondi
Ouankifong
Ouansan
Ouansan
Ouantaka
Ouantanka
Ouantan
Ouaouakoro
Ouaoudougou
Ouarakolan
Ouaran
Ouariguéridougou
Ouaro Koro
Ouarou
Ouarra
Ouassaia
Ouassako
Ouassala Kalila
Ouassamana
Ouassambala
Ouassaya
Ouassaya
Ouassaya
Ouassaya
Ouassou
Ouassou
Ouataférédougou
Ouatoférédougou
Ouayankori
Ouazémaï
Oubala
Oudaba
Oudaha
Oudaya
Oudoula
Ouébolota
Ouédougou
Ouéga
Ouéguota
Ouélia
Ouendé
Ouendé
Ouendé
Ouendé To
Ouendi
Ouendiou
Ouendou
Ouéniani
Ouenkifong
Oué
Ouéré
Ouéroféro
Ouero
Ouescoura
Oueskoura
Oueskouré
Oueta
Oueta
Ouétoa
Ouéyakoélé
Oueya
Oueya
Oueye
Ouinsou
Ouinzou
Oukégué
Ouladé
Ouladin
Oulako Doma
Oulako
Oulandji
Oula
Oula
Oulaourota
Ouldou
Ouleinko
Ouléla
Oulenko
Ouléou
Ouleta
Oulia
Oulicoro
Oulikoro
Oulimé
Oullenko
Oulondougou
Oulo
Oulo Ouloko
Ouloubatinti
Ouloukoro
Ouloukoye
Oulou
Oumalé
Oumbaya
Oumbia
Oumpi
Oundagne
Oundémia
Oundou Doula
Oundouféré
Oundou
Oungwariel
Ounkoum
Ounsiré Bourédi
Ounsiré
Ouojoyakoélé
Ouokouama
Ouokouama
Ouoldou
Ouolokola
Ouolola
Ouoloyakoélé
Ouoloyé
Ouomé
Ouondédou
Ouondodou
Ouonsonsaré
Ouorénendo
Ouorodou
Ouorohoni
Ouoroko
Ouorokore
Ouorokoro
Ouorono
Ouoro
Ouossou
Ouossou
Ouossou
Ouotoula
Oupirdé
Ourakaré
Ourak
Ourala
Ourambaya
Ouranbaya
Ouraso
Ourémaï
Ourembaia
Ouriala
Ourianinouna
Ouria
Ouria
Ouriatou
Ouribéli
Ourimbaya
Ourirazou
Ourki
Ourodji
Ourodji
Ouroko
Ourokoro
Ourola
Ouro
Ouro
Ouropoué
Ourouba
Ouroubékoro
Ourouboto
Ourouézou
Ourougada
Ourouka
Ouroukonko
Ourouko
Ouroukoro
Ouroumakoro
Ourouninda
Ourouogada
Ourou
Ourououroudougou
Ourourou
Ouroussako
Ourouss
Oussalazou
Oussokorota
Oussonya
Oussoudougou
Oussoudougou
Oussoukonko
Oussoukourouma
Oussouma
Oussouya
Outala
Outirak
Ouyabé
Ouyadé
Ouyane
Ouyari
Ouyarotéro
Ouyaya
Ouyéa
Ouyé
Ouyéyé
Ouzaourassou
Ouzaourazou
Ouzaroulazou
Ouzézézou
Ouzik
Ouzouézou
Ouzou
Ovalto
Owé
Owet
Owet
Oyo
Oyouka
Pabou
Pahérabara
Païa
Pakaya
Pakaye
Palaga
Palatougui
Palatoukou
Palé
Pamalap
Pamélao
Pamélap
Paméré
Pamgué
Pampako
Pampako
Pampara
Pamparé
Pampolé
Pandédougou
Panoumpou
Panpara
Pantari
Panziazou
Paoumka
Parabolé
Paradji
Paragogo
Paragui
Parakanta
Parakogon
Paramani
Paraolé
Paraol Niagui
Paraol
Paraoual
Parawol
Parawol
Parawol
Paré
Paria
Pasquetdou
Passaya
Passima
Patédougou
Pateïa
Pècola
Pégétti
Pela Beregnan
Péla
Péla-Pérignan
Pélessané
Péli
Pellal
Pelloi
Pello
Pellou Edi
Pelloum Paté
Pellou
Pelloye Guinki
Pelloye
Pénédiou
Pennou
Penou
Penoux
Péoaou
Pépoli
Pétédié
Pétéla
Petel Komo
Pétel
Pétel
Pété
Petit Talibonche
Pétou
Petty
Piaro
Pilel
Pilimili
Pilimini
Pindédou
Pinéla
Piné
Pineta
Pinsou
Pita
Pita
Pitika Lankon
Pitika
Pitika
Poa
Pobenguo
Podéraka
Podouguessou
Poé
Pogon
Pola
Politio
Pomaré
Pondodou
Popaya
Popodaka
Popodao
Popodara
Pora
Porédaka
Porédakha
Port-Kakandé
Port-Kamsar
Portofita
Poséa
Posséya
Potopata
Potopoto
Poudoukou
Poukou
Pouniar
Pounkoun
Pouro
Poutou Pata
Prèdou
Quantan
Quaran
Quégneboko
Quiyinnin
Rafou
Ratoma
Riboya
Riboye
Rivière Niénéméré
Robané
Robompa
Robonna
Roféma
Rogbané
Romenkiné
Rondéfodéya
Rotouma
Roundé Bennsané
Rounde Dara
Roundé Denda
Roundé Haïré
Roundé Héré
Roundéoubou
Roundé Sangui
Roundé Tanbou
Saabéré Ngayou
Saadougou
Saadou
Saadou
Saânia
Saânya
Sabakoro
Sabakouré
Sabalfa
Sabalia
Sabaou
Sabara Koura
Saba
Sabendé
Sabéré Bani
Sabéré Bara
Sabérédougou
Sabéré Eri
Sabéré Faran
Sabéré Kassinian
Sabéré
Sabéré Sako
Sabéré Salam
Sabiadougou
Sabokoroda
Saboléa
Sabouciré
Saboudougou
Sabouédou
Sabouïa
Saboukondo
Sabrékalia
Sachoya
Sadanfodé
Saddou
Saddou
Sadièye
Sadougou
Sadou
Sadou
Safaran
Safa
Safela
Saféré
Saféri
Saféya
Safia
Safina
Safiya
Sagbala
Sagbéléa
Sagbé
Sagnondougou
Sagou
Sagouya
Sagoya
Saguebaou
Saguebé
Saguélé Moussaï
Sahanfara
Saïalé
Saiémoridougou
Saïmafarané
Saint-Alexis
Saint-Antonin
Sainte-Thérèse
Saint Eugenie
Saint-Jean
Sakabamdo
Sakabariley
Sakadi
Sakambaya
Sakanokola
Sakaran
Sakodougou
Sakolon
Sakona
Sakouedou
Sakoya
Sakoya
Sakrekalia
Saladalakolé
Saladougou
Salakolo
Salako
Salamaï
Salamat
Salambandé
Salamodia
Salam
Salania
Sala
Salékanié
Salé
Salia
Salifouya
Salina
Sali
Saliya
Salona
Salounian
Salounia
Salou
Saloya
Samaïa
Samalakourou
Samana
Samandou
Samané
Samankoto
Samano
Saman
Samansira
Samantan
Samayakoudani
Samaya
Samaya
Samaya
Samaya
Samaya
Sambadougou
Sambahoum
Sambaïa
Sambaïlo
Sambakougnan
Sambakougnao
Sambakounian
Sambakourou
Sambalama
Sambaldé Boïni
Sambaldé
Sambalya
Sambamoudoula
Sambaouali
Samba Poulo
Samba
Sambaya Baleya
Sambaya Dialonké
Sambaya Foula
Sambaya Kokoun
Sambaya Péquéty
Sambaya
Sambaya
Sambaya
Sambaya
Sambeïlo
Sambeldo
Samboudou
Sambouya
Samédougou
Samodougou
Samoé
Samoukadougou
Samourala
Samou
Samoya
Samoy
Sampouyara
Sanabe
Sanadou
Sanama
Sanambala
Sanana
Sananbaladougou
Sananfarani
Sanankoroni
Sanankoroni
Sanankoro
Sanankoro
Sanankoro Sanou
Sanarabé
Sana
Sanata
Sanaya
Sanaya
Sanbadiouri
Sanbaya
Sanbouya
Sandaïa
Sandala
Sandankoro
Sandanko
Sanda
Sandaya
Sandédou
Sandia Kolé
Sandian
Sandia
Sandia
Sandia
Sandia
Sandia-Tongui
Sandikodou
Sandja Tongui
Sanfina
Sangadou
Sangalabadou
Sangalagoyan
Sangalé
Sangardo
Sangaréa
Sangaréa
Sangarédi
Sangarehedi
Sangarella
Sangaré
Sangareya
Sangaréya
Sangaréya
Sangaréya
Sangaridi
Sanga
Sangbandougou
Sangban
Sangbaouali
Sangbayan
Sangbo
Sangboulény
Sangboulery
Sangodia
Sangodiya
Sangoho
Sangouanian
Sangouéla
Sangounia
Sangouya
Sangoya
Sangoya
Sangoya
Sanguarella
Sanguéa
Sanguétank
Sanguéya
Sanguiana
Sanguia
Sanguina
Sanhia
Saniola
Sanissia
Sankadougou
Sankalibadou
Sankali
Sankaman
Sankania
Sankaran
Sankaredou
Sanka
Sankassou
Sankiniana
Sankirissa
San Kolodou
Sanko
Sannou
Sanofilala
Sanokola
Sanou
Sanouya
Sanpolia
Sansalé
Sansamadou
Sansanbaya
Sansanbou
Sansandhi
Sansandji
Sansando
Sansando
Sansanghi
Sansanko
Sansan Koura
Sansanni
Sansan
Sansan
Sansanyi
Sanseguela
Santani
Santarella
Santa
Santhia
Santiguia
Santiguia
Santiguia
Santiguia
Santiguila
Santiguilo
Santigui-Malaguila
Santigui-Maliguila
Santimoléa
Santimolya
Santi
Santo
Saorou
Saoulé
Saouradou
Saouro
Saouro
Saourou
Saourou
Saousoudougou
Sarabadou
Sarabaga
Sarabé
Sarafinian
Sarafinia
Saraïa
Sarakondyi
Sarakondyl
Sarala
Saramadia
Saramanian
Saramardou
Saramkabaya
Sarangaïka
Sarang
Sarankoutaya
Saraséne
Saraya
Saraya
Saraya
Saraya
Sardou
Saré Abdoulaye
Saré Aladji Tierno
Saré Alkèné
Saré Almidou
Saré Ambori
Saré Bagui
Sarébali
Sarébani
Saré Bessoro
Sarébodio
Saré Bourem
Saréboval
Saré Demmba
Saré Djimi
Saré Dounia Sambassara
Saré Dounia
Saré Fara
Saréfoula
Saré Goumbambel
Saré Guélado
Saré Guido
Saré Hogo
Saré Kalina Houndé
Sarékali
Saré Kébé
Saré Kolia
Sarékoro
Saré Modi
Saré Oupa
Saré Paté
Saré
Sarésène
Sarésin
Saressin
Saré Tehikam
Saré Toboye
Saréya
Saréya
Saréya
Sariea
Sarifinian
Saroudia
Saroudia
Sarraya
Sarréa
Sassama
Sassama
Sassama
Sassam
Sassani
Sassani
Sassankowa
Satiguia
Satina
Sayalo
Sayama
Saya
Sayintan
Saymtan
Sayodougou
Sayonya
Sclifara
Séan
Sébadougou
Sébaya
Sébaya
Sébékero
Sébékoro
Sébélassou
Sébétarani
Sébori
Sébouri
Sédabolon
Sédakoro
Sedakoudou
Sédima
Sédougou
Séfouno
Séfounou
Séfouré
Segbédougou
Segbédou
Segbelazou
Segbemaï
Séguébani
Séguédénia
Séguéla
Séguélé Moussaya
Séguéya
Séguita
Sehipa
Seidou
Seïmana
Seïmandougou
Sein
Sékébadé
Sèkhèbadé
Sékoréa
Sekoro
Sékoto
Sékoudougou
Sékourou
Séla
Séléa
Sélékongo
Sélia
Sélimi
Sélingué
Sélinngbala
Selo Kouré
Sélo
Selouma
Sembafagatou
Sembakounian
Sembaya
Sembou
Semmbaoumandé
Sémodougou
Semou
Sempaya
Sendénia
Sénébou
Sénédougou
Sénékoula
Sénématonbo
Sénéni
Sengnendi
Sengnondi
Senienta
Senkéfé
Senké Kan
Senndougou
Sensi
Séouadou
Séoua
Séoudo
Séourou
Sépa
Sépé
Serafinian
Sérakoro
Sérakoro
Sérédougou
Seredou
Sérèdou
Sérédou
Sérékoroba
Sérékoro
Sérékoro
Sérékoundé
Sérémaya
Seréméssadou
Sereninndé
Séré
Sériadou
Séria
Sériba
Sériendou
Sérifouya
Seriga
Sérimandougou
Serina
Seringbara
Sérinka
Sérisséla
Sérissou
Sérouafé
Sesséré
Sessé
Sessé
Setiguia
Seyadougou
Séya
Seydou
Seymana
Siabala
Siamandou
Sianfaran
Sibamou
Sibirikoya
Sibirini
Sibo
Sidakélé
Sidakoro
Sidakoro
Sidia
Sidikidougou
Sidikila
Sidon
Siégaya
Siéroumba
Sigiri
Sigon
Sigou
Siguanbaya
Siguandé
Siguira
Siguiriné
Siguirinfara
Siguirini
Siguiri
Siguiri
Sikédougou
Sikikidougou
Sikogbao
Siko
Silaïa
Silakoro
Silamania
Silasabadougou
Silati
Silaya
Silémaneya
Silémanya
Silémi
Siléya
Silia
Silimi
Siliya
Sillakollo
Sillia
Simania
Simbacounian
Simbakounian
Simbakounian
Simbaléa
Simbareya
Simba
Simbaya
Simbaya
Simbaya
Simbékoroma
Simbé
Simbessou
Simbia
Simbon Roudé
Simbo
Simbouléni
Simdé
Simidé
Simili
Simindi
Siminia
Siminya
Simi
Simitiagui
Simitikalia
Simit
Simitya
Simmiya
Sinankoro
Sinaya
Sinbaya
Sindebaro
Sindékoro
Sinéa
Sinédougou
Sinéïadougou
Sinéïa
Sinéouba
Sinéya
Singada
Singani
Singuandé
Singuebédou
Singuedou
Singuédou
Singuéga
Singuéléma
Singuet
Singuilin
Singuitin
Siniandala
Siniaradou
Sininkoro
Sinkalé
Sinka
Sinké
Sinkolé
Sinko
Sinnthiourou
Sinntian Baroudi
Sinntian Braïma
Sinntian Diaye
Sinntian Foulamansa
Sinntian Kapéli
Sinntian Maoundé
Sinntian Modi
Sinntian Séni
Sinntian
Sinntiou Demba Diao
Sinntiou Lenguéré
Sinntiou Mariané
Sinntiou Rou
Sinntiou
Sino
Sinséou
Sinta
Sinthiou
Sintiân Baroudi
Sintiân Braïma
Sintiân Diaye
Sintiân Foulamansa
Sintiân Kapéli
Sintiân Maoundé
Sintiân Modi
Sintiân Séni
Sintiân
Sintinko
Sintiou Bidéfélo
Sintiou Bohéré
Sintiou Demba Diao
Sintioudi
Sintiou Lenguéré
Sintiou Mariané
Sintiourou
Sintiou Rou
Sintiou
Sintiou
Sinto
Sinzié
Sinzi
Sionga
Siounga
Sipoï Sépa
Sipoï
Siragouala
Sirakoro
Sirakoro
Sirakoro
Sirakoro
Siraleya
Siramaïa
Siramana
Siramana
Siramania
Siramania
Sirana de Beyla
Siraya
Sirdou
Sirédougou
Sirédou
Sirégbédougou
Siréïa
Sirémodia
Sirémodouya
Siréya
Sireya
Siriaïa
Siriaria
Siria
Siria
Siria
Siricamaria
Sirigbédou
Sirikoudou
Sirikouldou
Sirimana
Siriman
Sirimoroudougou
Sirinialdou
Sirma
Siromaridougou
Siromoridougou
Sirouadou
Sisséla
Sissemoria
Sitakoto
Sitaoma
Sita
Sittikidougou
Soadou
Sobadou
Sobaneh
Sobane
Sobané-Tafori
Sobaou
Sôbata
Sobéïa
Sobéyabé
Sobidougou
Soboundou
Sodioré
Sodio
Sofa
Sofédo
Sofédou
Soféro
Sofidou
Sogbadougou
Sogbao
Sogbassédougou
Sogbésoridougou
Sogonimaï
Sogoréa
Sogoroso
Sogoubéni
Sogouénina
Soguéya
Soiabé
Soïla
Soiououléya
Soka
Sokasso
Sokassou
Sokébaladou
Sokèlétazou
Sokélinko
Soké
Sokoboli
Sokodougou
Sokodougou
Sokolon
Sokoloya
Sokora
Sokorola
Sokoromansa
Sokoroni
Sokoro
Sokotoya
Sokotoyo
Sokouella
Sokourakoro
Sokourala
Sokourala
Sokourala
Sokoura
Solabé
Solapi
Solapi
Soléa
Solé
Solia
Solia
Solinsaba
Solokhiré
Solombaya
Solomiennta
Solonfé
Sôlon
Solonto
Solououléya
Solouya
Somadou
Somata
Somaya
Somaya
Sombaya
Sombilli
Somborodou
Sombouya
Somédou
Soméréah
Somma
Somokolé
Somokoro
Somonobougou
Sonbaya
Sonbiméré
Sondeya
Sondimaya
Sondougou
Sonfara
Sonfondji
Songaïa
Songa
Songbo
Songbo
Songnio
Songoïa
Songoïa-Tintarba
Songoïa-Toukoro
Songoya
Songoya
Songoya
Songoya
Songoya Sonmoria
Songoya Tintarba
Songoya-Tongora
Songoya Tonkoro
Soniké
Sonkadou
Sonkélé
Sonkia
Sonkolou
Sonkonia
Sonkoya
Sonsia
Sonsor Dala Farandé
Sonssadougou
Soopa
Soota
Sooya
Sopari
Sopota
Sorbarata
Soria
Soria
Soribadougou
Soribafignan
Soribafiman
Soribafinguia
Soribafinian
Soridiavoya
Soridougou
Soriyabé
Sormoréa
Soroko
Soromaya
Soromenta
Sorona
Soronkoni
Soro
Soro
Soro
Sosokoro
Sossava
Sossaya
Sossi
Sossokoro
Sotidougou
Sotigui Madikila
Souamaï
Souarella
Soubadougou
Soubako
Soubakouroudougou
Soubané
Soubaraya
Soubéssédougou
Soubétidé
Soudoumain
Soudouol
Sougbadougou
Sougbéssédougou
Sougéta
Sougoula
Sougouniani Somané
Sougouroou
Souguébunyi
Souguékhouré
Sougué
Souguéta
Souguéta
Souhoulé
Soukoulala Mory
Soukoulala
Soukouraba
Soukouraba
Soukourala
Soukourala
Soukourala
Soukourala
Soukourala
Soukouralla
Soukourané
Soukoura
Soukoutou Foulbé
Soukoutou Sébé
Soulédougou
Soulémania
Souleymania
Souleymania
Soulloye
Souloïa
Souloudala
Souloukoudianba
Souloukoufala
Souloukoufa
Souloukoula
Souloukou
Souloundé
Soulourozou
Soulouta
Soumabossia
Souma Hassania
Soumani
Soumankoué
Soumankoy
Souma
Souma
Soumassénia
Soumaya
Soumbaia
Soumbalako Maoundé
Soumbalako Tokosséré
Soumbarakoba
Soumbaraya
Soumbarekoba
Soumba
Soumbouyadi
Soumboya
Soumdou
Soumdou
Souméta
Soumetta
Soumini
Soumoundou
Soumpoura
Sounandougou
Sounbaraya
Sounbouya
Soundèdou
Soundégu
Soundian
Soundian
Soundougoula
Soundouïa
Soundya
Sounfara
Soungoulou
Soungoumaya
Sounkaria
Sounkariya
Sounkouloun
Sounsounkourou
Sounsoun
Sounsou
Sountou Diana
Sountoufalaye
Soupoukoudou
Sourakataya
Souramaya
Sourdissa
Souria
Souria
Souriya
Sourougambé
Souroukala
Souroukou Dingara
Souroukoudou
Souroukoudou
Sourounka
Sourou
Sourya
Soutidé
Soutoumourou
Souyendougou
Sowadou
Soyaro
Sriaria
Subatano
Subékandé
Subé Kendé
Suello
Sué
Suguékouro
Sullakollo
Sumankoye
Suobaya
Surnankoye
Symbaya
Tabaco
Tabadel
Tabadian
Tabafarani
Tabakifouga
Tabakorolé
Tabako
Tabalara
Taban
Tabékouré
Tabéta
Tabilala
Tabili
Tabil
Taboriah
Taboria
Taboriya
Tabouïa
Tabouka
Taboulélla
Tabouna
Tabuctane
Tacoutala
Tadhi
Tadia
Tadia
Tadi
Tadi
Tafori Soso
Tafori
Tafori
Tafori
Tagagna
Tagbé
Taguafou
Tahire
Tahiré
Tahouya
Taïbé
Taïbé
Taïdi
Taïgbé
Taïgbé
Tailbounsou
Tainamai
Taïnama
Tairé
Taïré
Taïtote
Takabara
Takalibakourou
Takandé
Taka
Takélemmbaré
Taki
Takoréta
Tako
Takounkou
Takoura
Talabé
Talékoro
Taléoro
Talibakoro
Talico
Talico
Talidombo
Talidou
Taliko
Taliko
Taliyaran
Tamagalidi
Tamalan
Tamania
Tamaniguédou
Tamaniya
Tamatara
Tambaâdi
Tamba Bougou
Tamba Dabatou
Tambado
Tambadou
Tambalama
Tambanéro
Tambasaira
Tambassira
Tamba
Tambayagbé
Tambaya
Tambaya
Tambaya
Tambiandou
Tambikhouré
Tambikola
Tambikouré
Tambindji
Tambyandou Koura
Tambyandou
Tamékouré
Tamia
Tamiko
Tamiouïa
Tamiuta
Tamoé
Tamoni
Tamouni
Tamouta
Tanaguizèsou
Tanantou
Tana
Tanbikola
Tanbou
Tandamouléré
Tando
Tandou
Tanéné
Tanéné
Tanene
Tanéné
Tanéné
Tanéné
Tanéne
Tanforia
Tangali
Tangan Maoundé
Tangodougou
Tangola
Tangolo
Tangourou
Tangoya
Tanguali Ogo
Tanindou
Taninézou
Tankalto
Tankoloto
Tankolto
Tankondianfara
Tansabagno
Tantan
Tantouya
Taoerella
Taorella
Taourella
Taourou
Taouya
Taouya
Tarakoré
Tarakori
Tarembalé
Tarigué
Tarihaye
Tarihoyé
Tarihoy
Tarounda
Tasirla
Tassibon
Tassiliman
Tassiliman
Tassilima
Tassilman
Tassindi
Tassin
Tasslliman
Tatahon
Tatéma
Tatine
Tatsiban
Tatsibon
Tatsouboumbi
Tawa
Tayeni
Tayiré
Tchaoung Ganguini
Tchianhoué
Tchikan
Tchikitchikamel
Tchinnkoubali
Tchiofa
Tchoum Tchoum
Téassou
Téaye
Tébankoué
Teddou
Teddou
Tedeou
Tédou
Tédou
Teguebeya
Téguérana
Téguérang
Téguérédalané
Teïtot
Telebadou
Télébodou
Télébo
Télébou
Télécolo
Télémaya
Télian
Télikan
Télikoélé
Télikoro
Téliko
Téliko
Télimaméri
Télimélé
Telininkoro
Téliré
Téliré
Téliré
Tellikaya
Témassadou
Téma
Tembaya
Tembou
Téménedougou
Témessadou
Témessadou Toli
Temmbéré
Ténambadou
Tendon
Ténémamouria
Ténema
Ténembadou
Ténemba
Ténéoualia
Ténévassa
Tenia
Ténia
Tennkou
Tennsira
Téoulazou
Téouré
Téré
Terguéya
Tèrikouré
Termessé
Terquéya
Tersey
Tessé
Tessin
Tétiko
Tévéré
Teyeoun
Teyeouon
Thia
Thio
Thuo
Tiabéou
Tiabé
Tiabévi
Tiaguissi
Tialéré
Tialéré
Tiamoula
Tiandou
Tiangué
Tiangui Bananes
Tiangui
Tiankoubali
Tiankounaliou
Tiankounalliou
Tiankoun Balédji
Tiankounbéré
Tiankounguili
Tiankounsori
Tiankou Saadou
Tiankou
Tiankoye
Tianlakoumbali
Tiantiéguéla
Tiantienda
Tiaoa
Tiécoulo
Tiédala
Tiédalé
Tiékéré
Tiékéré
Tiékévi
Tiékeye
Tiékorodougou
Tiékoudouna
Tiékouradougou
Tiélé
Tiéliré
Tiémakolé
Tiembodougou
Tiémorodougou
Tiendougou
Tiendou
Tiéni
Tienkoro
Tiéoua
Tiéouléyé
Tiéoulindougou
Tiéou
Tiérno Kali
Tierno Sambaya
Tiévélè
Tiévéré
Tiévé
Tiéwa
Tigania
Tiguania
Tiguélipo
Tigué
Tiguibéri
Tiguiberri
Tiguibiri
Tiguiribi
Tiguisson
Tilan
Tildalani
Tilibaye
Tilikoro
Timbandou
Timbeldou
Timbi Diari
Timbi-Diar
Timbi Madina
Timbi Touni
Timboïma
Timbo
Timévi
Timéwi
Timouloutéko
Timpandou
Tindila
Tindilla
Tindioulé-Koro
Tindioule
Tindo
Ting
Tinguèdou
Tinguéladji
Tingué
Tinhéa
Tinikoro
Tinila
Tinkéa
Tinké Mansa
Tinkéré
Tinkéta
Tinkia
Tinkia
Tinkissa
Tinkisso
Tinkisso
Tinkolé
Tinkonkoro
Tinkorodougou
Tinkoro
Tinko
Tinko
Tinkouhoro
Tinkoukouro
Tinndo
Tinntéka
Tintimah
Tintima
Tintioulé-Ankoro
Tintioulé
Tiogoné
Tiokéa
Tiomolo
Tionkita
Tiopi
Tioukou
Tirikouré
Tirimadalani
Tiriro
Tiro
Tiyé
Tizinko
Tleladyi
Tobéa
Tofia
Tofiya
Togbata
Togobala
Togobédougou
Toguenfing
Toguifing
Toguimba
Toguindin
Toguinedin
Toguin
Togui Oulé
Toguiri
Toguiron
Togui
Togwron
Toka
Toka
Tokonou
Tolakoulounkan
Tolgotch
Toli Ouladin
Toli
Toli
Tolli
Tolly
Tolomissa
Tolo
Toly
Tomadou
Tomandou
Tombadonkéa
Tomba Dougoula
Tombadou
Tomba Foulah
Tombaguia Foula
Tombaguia
Tombani
Tomba
Tombokho
Tomboko
Tomboleïa
Tomboléya
Tombolïa
Tombolon
Tombomba
Tombondon
Tombo
Tombou
Tomboya Bakidéra
Tomboya
Tomboya
Tomédou
Tomono
Tonba
Tonborho
Tondon
Tondo
Tondo
Tongarata
Tongbekoro
Tongbotié
Tongola
Tongolo
Tongoma
Tongue
Tongui
Tongui
Tonguiwondi
Tonia
Tonkoya
Tonodougou
Tonofilafara
Tonon
Tonota
Tono
Tonson
Topoou
Toréa
Tormelin
Torogna
Toromélé
Toromélum
Toromélun
Torona
Toronkala
Torono
Tossokoré
Totala
Totia
Totiko
Toualédé
Touba Bissa
Toubakoro
Toubakouno
Toubakourouno
Toubandi
Toubaro
Touba
Touba
Touba
Touba
Toubaya
Touboundi
Tougandé
Tougbanédougou
Tougbélé
Tougnifili
Tougougnou
Touguéta
Tougué
Touguisoukou
Touguita
Touguy Souroul
Toukoro
Touldé Amara
Toulelniama
Toulel Nouma
Toulel
Toulémou
Toulé
Toulissayé
Touloubéré
Toulou
Touloye
Toumandou
Toumanéa
Toumanéa
Toumanéa
Toumaniakori
Toumania
Toumania
Toumania
Toumania
Toumania
Toumanidougou
Toumaniyakhori
Toumaniya
Toumaniya
Toumanou
Toumanya
Toumanya
Toumba
Toumbéta
Toumbodo
Toumboni
Toumbor
Toumbo
Toumbouya
Toumitara
Tounboto
Toundo
Tounguel
Tounkourouma
Tounoukoyakoélé
Tounou
Tounti
Tountoué
Tountoye
Tounyifilidi
Tounyifili
Touoima
Toupéria
Tourali
Tourdou Sodio
Toureita Foula
Toureita Malinké
Tourélé
Tourella
Tourella
Tourétiémodougou
Touroko
Tourouban
Touroukounan
Touroutomo
Toutéba
Toutissaye
Tou
Tugnifilidi
Tugnifili
Tunyifildi
Tunyifilidi
Tuo
Uéye
Unntiti
Ussik
Uyimp
Vafindougou
Vagbanata
Vagouanata
Vahodougou
Valaïdou
Valibassou
Vamorodougou
Vangueakhor
Vanha
Vanian
Vasiadougou
Vassadougou
Vassala
Vassara
Vasserédou
Védou
Vélassagala
Véléssou
Véliahinndé
Velia
Vendou Boto
Vendou Féto
Vendoukanta
Véréa
Véréya
Vésou
Veydeyel
Victoria
Vindikadioley
Vindikadio
Vonnéssou
Vorézia
Voumou
Vouroua
Voyloubé
Wakaré
Waladou
Wala
Walawala
Walia
Walikaré
Waliyakhouré
Waliya
Waliya
Waliya
Walto
Wanga
Wani
Wanson
Warakalan
Wara Missidé
Warnani
Waro
Wasan
Wassako
Wassanbala
Wassawassa
Wassaya
Wassou
Wawa
Wawa
Wayawaya
Wédiawarou
Wéliya
Wendédenté
Wendé Ribé
Wendiday
Wendima
Wendima
Wendima
Wendi
Wendou Borou
Wérénindo
Weyakolé
Wéyenkhori
Wodidé
Wodou
Woliondou
Wolola
Wondakhouré
Wondékéré
Wondékobi
Wondésédouya
Wondikhouré
Wondima
Wondi
Wonkifong
Wonkifon
Woro Sinkoro
Woro
Wota
Wougobi
Wourisindé
Wourou Ouol
Wurigbéli
Yadounianga
Yadou
Yafaédougou
Yafraya
Yagbodougou
Yagouia
Yagouya
Yagui
Yaiakpala
Yai
Yakadou
Yakhorikhouré
Yakilo
Yakramodia
Yaladou
Yalafadou
Yalaga
Yalaguéta
Yalaguetta
Yalakpala
Yalamba
Yalamba
Yalanda
Yalandou
Yalandou
Yalankié
Yalanzou
Yalata
Yala
Yala
Yala
Yaléa
Yalenzou
Yaléya
Yali
Yamaia
Yamaya
Yamaya
Yambéakori
Yambèlé
Yambéring
Yambou
Yamia
Yamoulé
Yanamouta
Yanbatakoundé
Yandandou
Yandi
Yanéya
Yanfou
Yangouké Saka
Yangouya
Yanguéakhori
Yanguéakoj
Yanguéakori
Yanguessa
Yanguéya
Yanguia
Yangui Foula
Yanguya
Yankisah
Yankisa
Yantédou
Yaonadou
Yapangaye
Yaradougou
Yaradougou
Yaradou Lé
Yaradou
Yaradou
Yaragpalé
Yarakala
Yarakambaria
Yarakoldou
Yarakonko
Yarakoro
Yarakoura
Yarakoura
Yarandou
Yarané
Yarangadougou
Yaraouléna
Yarao
Yarawalia
Yara
Yaraya
Yarazou
Yardo Niamana
Yaréya
Yaria
Yarsadou
Yarto
Yasasi
Yataga
Yataïa
Yatanda
Yataraya
Yataya
Yataya
Yatéa Kori
Yatèa
Yathia
Yatia
Yatia
Yatiya
Yayouta
Ybéma
Yébéma
Yéfoula
Yegbadou
Yéguéya
Yékéiakidé
Yéké
Yélel
Yélémanguéya
Yélé
Yélibané
Yélimalo
Yélinianguéa
Yembaa
Yembadou
Yembéakori
Yembekori
Yembéré
Yembéyakhori
Yembé
Yempitazou
Yéna
Yendé Ba
Yendé Louan
Yendé Mafissa
Yende Millimou
Yende Sori
Yendé To
Yendé
Yende
Yénéta
Yenguema
Yenguéya
Yengué
Yenguilé
Yenguissa
Yenguissa
Yenguissa
Yenguissa
Yenguité
Yéniya
Yenkité
Yennya
Yentédougou
Yenyeia
Yenyéya
Yéradoukoma
Yérakakidé
Yérédougou
Yérékonko
Yérémbeli
Yérendou
Yéréwadou
Yéréwolia
Yéréwoya
Yerguéya
Yéri
Yesou
Yétaïa
Yétiponi
Yéwiré
Yfo
Yhéma
Yiambou
Yibemodiya
Yicando
Yidou
Yilimalé
Yimbaya
Yimbémodiya
Yinkérédou
Yirandou
Yirikolia
Yleouena
Yléta
Ymbé-Modouya
Yoa
Yobé
Yobiné
Yodou
Yogboma
Yogbota
Yogorania
Yogoronia
Yolaré
Yolian
Yomadou
Yomadou
Yomadou
Yomandou
Yomandou
Yombiro
Yombou
Yomendou
Yomou
Yomou
Yonbodou
Yongoya
Yoréya
Yorgo
Yorokoguéa
Yorola
Yorolokouré
Yoromandou
Yossono
Youadou
Youa
Youï
Youkhoukhori
Youkounkoun
Youmalé
Youmaya
Yourouadou
Youroukouguéya
Youroukouria
Youtaendi
Yoyadougou
Ypèye
Ypitindé
Yradougou
Yradou
Yrandou
Yri Kiri
Yrindou
Yrisi
Yro
Zabia
Zaborossou
Zapa
Zatioula
Zéassou
Zénémouta
Zénié
Zenntota
Zentota
Zépouézépa
Ziéla
Zigouéta
Zigui-Porasso
Zimbessou
Zimodou
Zimpa
Zingouédougou
Zinigorozou
Zitoun
Zoapa
Zobodougou
Zogotta
Zogoueta
Zohoyéa
Zon
Zooulomai
Zopa
Zoubouroumaï
Zougoueta
Zougoulakolo
Zougouta
Zouguépo
Zouguéta
Zoukouliazou
Zoupoïzéba
