Acacar
Acamal
Acapán
Acasaguastlán
Acatán
Acatempa
Acatenango
Aceitillal
Aceituno
Aceituno
Acequia
Achiote
Achiotes
Achiotes
Achiotes
Achiotes Jumay
Achitos
Achuté
Acintal
Actelá
Acualcheyá
Acul
Adelanto
Aercochoch
Agrícola
Agua Alegre
Agua Blanca
Agua Blanca
Agua Blanca
Agua Blanca
Agua Blanca
Agua Blanca
Agua Caliente
Agua Caliente
Agua Caliente
Agua Caliente
Agua Caliente
Agua Caliente
Agua Caliente
Agua Caliente
Agua Caliente
Agua Caliente
Agua Caliente Chìquita
Agua Caliente Grande
Agua Caliente Segundo
Aguacatán
Aguacate
Aguacate
Aguacate
Aguacate
Aguacate
Aguacate
Agua de Las Minas
Agua Dulce
Agua Dulce
Agua Dulce
Agua Escondida
Agua Escondida
Agua Escondida
Agua Escondida
Agua Fría
Agua Fría
Agua Fría
Agua Helada
Aguahiel Arriba
Aguajal
Agua Ligera
Aguamecate
Agua Negra
Agua Salóbrega
Agua Sembrada
Aguas Finas
Agua Tibia
Agua Tibia
Agua Tibia
Agua Tibia
Agua Tibia
Agua Tibia
Agua Tibia
Agua Zarca
Agua Zarca
Agua Zarca
Agua Zarca
Agua Zarca
Agua Zarca
Agüero
Aguijotes
Aguirre
Agujitas
Ahorcado
Ahumado
Ainatal
Ajaxá
Ajbalché
Alambradas
Albores
Aldea Agüero
Aldea Nueva
Allahan
Almolonga
Almorzadero
Almorzadoro
Alotenango
Alto Sepacay
Alvarado
Alzatate
Amachel
Amatal
Amatal
Amate Blanco
Amatepeque
Amates
Amates
Amatillo
Amatillo
Amatillo
Amatillo
Amatitlán
Amaya
Amayito
Amayo Ingenio
Amayo Sitio
Amberes
Amelco
Anchagua
Angeles
Angostura
Angosturas
Anguiatú
Anguiatú
Anguiatú Arriba
Anicillo
Ánimas Lomas
Anisillo
Anonas
Anonas
Anshagua
Anshigua
Antigua
Antigua Guatemala
Antombrán
Apantén
Apantes
Apantes
Apersogadero
Aquil
Aradona
Arcopec
Arena
Arenal
Arenal
Arenal
Arenal
Arenales
Argueta
Aristondo
Aristondos
Arizona
Arloroma
Aroche
Arrayanas
Arrinconada
Arriquín
Arroyo del Guarda
Arrozal
Arrozales
Asich
Asilo La Piedad
Asintal
Aspitia
Astillero
Astillero Municipal
Asuncion
Asunción
Asuncioncita
Asunción Grande
Asunción Mita
Atescatempa
Atitán
Atitancito
Atitlán
Atitlán
Atlántida
Atlántida
Atulapa
Aurora
Avellana
Ayarza
Ayucinapa
Ayutilla
Ayutla
Azacualpa
Azacualpilla
Azulco
Bacadilla
Bajual
Balamabaj
Balam
Balamché
Balamtún
Balanché
Balconcillo
Balijá
Ballí
Baltimore
Bañadero Colorado
Bananera
Bancab
Bandera Colorada
Bandera Colorado
Barbarena
Barbasco
Barberena
Barillas
Barillas
Barracas
Barra de la Gabina
Barra del Jiote
Barra del Limón
Barra del Motagua
Barra Madre Vieja
Barranca
Barranca
Barranca Grande
Barranca Honda
Barrancas
Barrancas de Gálvez
Barranca Seca
Barranco
Barranco Blanco
Barranco Colorado
Barranqillo
Barranquilla
Barranquillo
Barra San Marcos
Barrel
Barreneché
Barrial
Barrial
Barrientos
Barrio Nuevo
Barrios
Barrios
Barrios
Barrios
Barritas
Barrita Vieja
Batzajá
Batzmachil
Batzumal
Baúl
Beatriz
Bejucal
Bejucal
Bejucal
Bejucal
Belejub
Belejú
Belén
Belén
Bella Vista
Benipec
Benjá Chibut
Benque Abajo
Benque Arriba
Betejub
Bethania
Bethania
Bexoncán
Biafra
Bibitz
Bicalamá
Bictoz
Bijagual
Bilil
Biltac
Bipecbalam
Bisán
Bisich
Bitzuchú
Blackfoot
Blanco Creek
Blue Creek
Bobos
Boca Ancha
Boca del Monte
Boca del Monte
Boca Monte
Bocana
Bocol
Bocol San Rafael
Bojorjes
Bola de Oro
Bolívar
Bolivia
Boloncó
Bonanchán
Boquerón
Boquerón
Borbollón
Bordo Alto
Bordo
Botón Blanco
Boxomá
Boyero
Boyeros
Bracitos
Bramaderos
Brasilar
Brasilar
Brasilar
Brasil
Briceños
Brigada
Brisas Azules
Briseña
Briseño
Brito
Buenaventura
Buena Vista
Buena Vista
Buena Vista
Buena Vista
Buena Vista
Buena Vista
Buena Vista
Buena Vista
Buena Vista
Buena Vista
Buena Vista
Buena Vista
Buena Vista
Buena Vista
Buena Vista
Buena Vista
Buena Vista
Buena Vista Las Flores
Buenos Aires
Buenos Aires
Buenos Aires
Buenos Aires
Buen Retiro
Bujxub
Bulej
Bullaj
Burgos
Buxup
Caaché
Cabá
Caballo Blanco
Cabañas
Cabañas
Cabeza de Vaca
Cabezas
Cabezas
Cabrera
Cabricán
Cabro
Cacabal
Cacaguatepeque
Cacahuatepeque
Cacao
Cacao
Cacaotepeque
Cacao Viejo
Cacchixlá
Cachichoch
Cachil
Cacualtzul
Cacubén
Cacum
Cadena
Cadenas
Cafetales
Cahabón
Cahaboncillo
Cahaboncito
Caín
Cajataví
Cajixaj
Cajixay
Cajolá
Cajolá Chiquito
Cajón del Río
Cajtabi
Cajuíl
Cajux
Calabasco
Calabaza
Calabazal
Calá
Calanté
Calapté
Calaveras
Calaví
Calderas
Calderas
Calel
Caliaj
Caliaj
California
Calix
Cálix Creek
Camaché
Camacutz
Camalmapa
Camalotal
Camalote
Camalote
Camalote
Camán
Camanchaj
Camanibal
Camantulul
Camarón
Camarones
Cambalache
Cambalam
Cambalcol
Cambayal
Cambote
Camelias
Camino de San Pedro
Camino Real
Camojá
Camojá Grande
Camojalillo
Camojalito
Camojallito
Camotán
Campamac
Campamento
Campamento Petrolero Rubelsanto
Campanapec
Campanario
Campat
Campo Dos
Campo Tres
Campur
Canabaj
Cañada
Cañada del Pino
Canalitos
Canamixtoj
Cananá
Canán
Cananté
Canapará
Canaquil
Cañas
Cañas
Cañas
Cañas
Caña Vieja
Caña Vieja
Caña Vieja
Cancábal
Canchacán
Canchón
Canchón
Canchún
Cancín
Cancuela
Cancuén
Candelaria
Candelaria
Candelaria
Candelaria
Candelaria
Candelita
Cangrejal
Cangrejitos
Caníbal
Canillá
Caniyá
Canjón del Río
Canlún
Canoas
Canoas
Canoguitas
Canoj
Canquintic
Canquixjá
Canrujá
Cansís Arriba
Cansís
Cansupe
Canta Rana
Cantarrana
Canteada
Cantel
Cantel
Cantel
Cantetaj
Canton Barrios
Cantutú
Cantzelá
Cantzum
Canuleu
Capac
Caparjá
Caparrosa
Capucal
Capucalito
Capuchinas
Capulín
Capulín
Capulín
Capulín
Caquichoch
Caqui Creek
Caquil
Caquintie
Caquipec
Caquitón
Caquixajay
Carbonera
Carboneras
Carchá
Cardenas
Carí Albayeros
Caribe
Caribe
Carí
Carmelita
Carmen
Carretas
Carrillo
Carrizal
Carrizal
Carrizal
Carrizal
Carrizal
Carrizal
Carrizal
Carrizal
Carrizal Grande
Carrizalito
Carrizalito
Carrizalito
Carrizo
Carrizo Grande
Casaca
Casa de Tablas
Casa Quemada
Casas de Pinto
Casas de Teja
Casas Viejas
Casas Viejas
Casas Viejas
Casas Viejas
Cascajal
Casillas
Castalia
Castaño
Castaño
Castillo de San Felipe
Cástulo Creek
Catá
Cataltzul
Catarata La Clarisa
Catarina
Catarina
Catjaví
Catocha
Caulotales
Caulote
Caulote
Caulotes
Caulotes
Caxlampom
Caxlampón
Cayetano
Cayo de Piedra
Cayo Grande
Cayo Palomo
Cayo Piedra
Cayo Quemado
Cayuga
Cayur
Cebadilla Grande
Cebadillita
Cebollas
Cebollín
Cececapa
Cedral
Cedral
Cedro
Ceiba Amelia
Ceiba Blanca
Ceiba
Ceibal
Ceiba Mocha
Ceibita
Ceibita
Cementerio
Ceníceras
Central
Central Edwards
Centroamérica
Cercadito
Cerco de Piedra
Cerrito
Cerrito
Cerrito
Cerritos
Cerritos
Cerritos
Cerro Alto
Cerro Alto
Cerro Blanco
Cerro Blanco
Cerro Blanco
Cerro Chino
Cerro Chiquito
Cerro Colorado
Cerro Colorado
Cerro de Cal
Cerro de Flores
Cerro del Manaco
Cerro de Oro
Cerro de Pinos
Cerro de San Juan
Cerro Gordo
Cerro Gordo
Cerro Gordo
Cerro Grande
Cerro Grande
Cerro Grande
Cerro Grande
Cerro Liso
Cerrón
Cerro Redondo
Cerro Redondo
Chabilchoch
Chabilchoch
Chacalté Aparicio
Chacalté
Chacalté
Chacalté
Chacalté
Chacalté Sis
Chacayá
Chachagualilla
Chacmaic
Chacón
Chacté
Chagüite
Chagüite
Chagüite
Chagüite
Chagüite
Chagüites
Chagüitillo
Chagüitillo
Chagüitillo Segundo
Chagüitón
Chagüitón
Chagüitón
Chahal
Chahuitán
Chahuite
Chahuitón
Chajabal
Chajalajyá
Chajalayá
Chajaneb
Chajaval
Chajbal
Chajbelén
Chajchacán
Chajcorech
Chajil
Chajleu
Chajmaic Cajbón
Chajmaic
Chajmayic
Chajul
Chalchal
Chalum
Chamac
Chamac
Chamelco
Chamil
Chamisún
Champas Corrientes
Champerico
Champollap
Champona
Chamtacá
Chanchicub
Chanchicupé
Chanchil
Chanchocal
Chanchoc
Chancó
Chancol
Chancolín
Chanjulé
Chanmagua
Chanrío
Chantiago
Chantuoui
Chantuqui
Chaparrón
Chaparrón
Chaparroncito
Chapas
Chapayal
Chapetón
Chapetón
Chapín
Chapotán
Chapotón
Chapulco
Chapulín
Chaque
Chaquiex
Chaquiquiché
Chaquirojá
Charagüín
Chato
Chaucó
Chaumagua
Chavacal
Chavá
Chavarría
Chavilchoch
Chayen
Cheché
Chechimes
Chechó
Chegüez
Chejel
Chejoj
Chelac
Chel
Chemal
Chenén
Chepol
Chequé
Chex
Chexjoj
Chiacal
Chiacalté
Chiacam
Chiac
Chiachal
Chiá
Chiaján
Chiaj
Chiantla
Chibalchen
Chibal
Chibal Chiquito
Chibalo
Chibarreto
Chibatutuy
Chiblac Buena Vista
Chiblac
Chiboy
Chicabracán
Chicacao
Chicacao
Chicago
Chicajalaj
Chicajay
Chicalajá
Chical
Chicalté
Chicamán
Chicanutz
Chicao
Chicasanga
Chicastellanos
Chicavioc
Chicazanga
Chicerá
Chichac
Chiché
Chichicaste
Chichicastenango
Chichihuitán
Chichijá
Chichimecas
Chichimecas
Chichimecos
Chichimecos
Chichimes
Chichimuch
Chichipate
Chichipate
Chicho
Chicholom
Chichoque
Chichoy
Chichulón
Chichupac
Chichuxtín
Chicoc
Chico Cimarrón
Chico Hilario
Chicoji
Chicojil
Chicojl
Chicojom
Chicol
Chicorral
Chicoy
Chicoyoj
Chicuacab
Chicuá
Chicuá Primero
Chicuá Segundo
Chicuxab
Chicuxub
Chidonjuan
Chieljá
Chignautla
Chigonzález
Chiguán
Chiguarabal
Chiguaxté
Chihul
Chijabaj
Chijacinto
Chijocom
Chijocón
Chijolom
Chijoú
Chijtinimit
Chijtzac
Chilar
Chilar
Chilar
Chilascó
Chilatz
Chile Arriba
Chilebé
Chile
Chile
Chile
Chilil
Chilimaton
Chilive
Chillaní
Chillar
Chilzapote
Chimachoy
Chimaltenango
Chimaltenango
Chimanzana
Chimasat
Chimasayul
Chimaxyat
Chimay
Chim
Chimelb
Chimel
Chimenjá
Chimente
Chimixayá
Chimochuc
Chimolón
Chimoté
Chimoxán
Chim Petz
Chimuchuch
Chimul
Chimulhuá
Chimusinique
Chimuy
Chinabenque
Chinacá
Chinajá
China Machaca
Chinamas
Chinantón
Chinaranx
Chinarranx
Chinasayup
Chinasejal
Chinasis
Chinautla
Chinchilá
Chinchilla
Chinchintor
Chinebal
Chinillá
Chinimachavac
Chinimachicaj
Chinimaquim
Chinimaquín
Chinique
Chino Creek
Chinook
Chipacacab
Chipacacajib
Chipacá
Chipacaoxib
Chipacá Primero
Chipacá Segundo
Chipachec
Chipajché
Chipaj
Chipam
Chipap
Chipastor
Chipatá
Chipatán
Chipaxché
Chipiacul
Chipilapa
Chipoc
Chipoclaj
Chipocolaj
Chipuac
Chiqueleu
Chiquero
Chiquex
Chiquibal
Chiquigüital
Chiquihuil
Chiquiliabaj
Chiquimula
Chiquimulilla
Chiquimulilla
Chiquín
Chiquinjuyú
Chiquip
Chiquirá
Chiquirines
Chiquirines Viejo
Chiquistepeque
Chiquival
Chiramay
Chiraxaj
Chireacté
Chirijalimá
Chirijay
Chirijmasá
Chirijox
Chirijquiac
Chirijquiaj
Chirijuyú
Chirinjuyú
Chiriquiac
Chirixitzul
Chirixquitzac
Chirreacté
Chirrenox
Chirreojob
Chirrequim
Chirriquim
Chirrumán
Chirrum
Chisal
Chisantiago
Chiscú
Chisec
Chisiram
Chisis
Chisjá
Chispal
Chispan
Chispán
Chispán Jaral
Chisté
Chisubín
Chitac
Chitá
Chitaj
Chitanil
Chitap
Chitay
Chiticoy
Chitix
Chitixl
Chitocán
Chitoc
Chitó
Chitraj
Chitucán
Chitul
Chitulul
Chitún
Chitutul
Chitux
Chitzajay
Chitzoy
Chiuchituj
Chiúl
Chiul
Chiuleu
Chivac
Chival
Chivarreto
Chivoc
Chivoy
Chixajau
Chixiquín
Chixocol
Chixolot
Chixoy
Chiyax
Chiyó
Chiyó
Choacorral
Choacorral
Choanlá
Choapequez
Choaquec
Choatacaj
Choatalum
Choaxán
Chócal
Chocantel
Chocchoc
Chochal
Chocón
Chocox
Chocoyos
Chocruz
Chojimula
Chojomá
Chojox
Chojzunil
Cholá
Cholhuitz
Cholimá
Chonoxté
Chontalá
Chontal
Choquí
Chororagua
Chortiz
Chotacaj
Chotocoy
Choyomché
Chuabaj
Chuabaj
Chuabajito
Chuabux
Chuacacay
Chuachacalté
Chuachinub
Chuachituj
Chuachuacalté
Chuachún
Chuachunub
Chuacús
Chuacusito
Chuaguerum
Chuajercoc
Chuantonio
Chuanuj
Chuaparal
Chuapec
Chuaquenún
Chuaquenún
Chuaquerún
Chuaracanjay
Chuarrancho
Chuatalum
Chuatroj
Chuatuj
Chuatuj
Chuatzán
Chuatzunuj
Chuaxajil
Chuaxán
Chuaxán
Chuaxán
Chuaxic
Chubillil
Chubixac
Chucá
Chucaj
Chucalibal
Chucam
Chuchexic
Chuchiyá
Chuchuapa
Chuchucá
Chuchucá
Chucojom
Chuctal
Chuctí
Chuculjuyub
Chucunhueso
Chuestancia
Chugüexácab Segundo
Chugüexá
Chugüexá Segundo
Chuiaj
Chuicabal
Chuicacá
Chuicavioc
Chuichimuch
Chuicruz
Chuicubal
Chuijom
Chuijom
Chuijomil
Chuipachec
Chuiquel
Chuiquel
Chuiquistel
Chuirischán
Chuisacabaj
Chuisac
Chuisajcap
Chuisaquesán
Chuisibel
Chuisuc
Chuisuc
Chuitzalic
Chuitziquiná
Chuitzuribal
Chujulimul
Chujupén
Chulac
Chulamar
Chulumalcab
Chulumalcajib
Chulumal
Chulumal Cuarto
Chulumaloxib
Chulumal Primero
Chulumal Segundo
Chulumal Tercero
Chuluncé
Chulunsé
Chumanzana
Chumumús
Chuntuquí
Chuntuy
Chupadero Chuacús
Chupadero
Chupadero
Chupoj
Chupol
Churirín
Churischán
Chusanyab
Chuscaj
Chutiabajal
Chuti Estancia
Chutzorob
Chuvillil
Chuxcaj
Chuxil
Chuy
Chuye
Cidabenque
Ciénaga
Ciénaga
Ciénaga Grande
Ciénaga Grande
Ciénaga Larga
Cienaguilla
Cienaguitas
Cimarrón
Cimarrón
Cimarrón
Cimarrón
Cimarrón
Cimientos Calá
Cinacá
Cinchado
Cinco Palos
Cipreses
Ciracil
Ciracilito
Cirreojob
Ciudad de Guatemala
Ciudad de Los Logos
Ciudad Melchor de Mencos
Ciudad Pedro de Alvarado
Ciudad Prócer
Ciudad Tecún Umán
Ciudad Vieja
Climiento
Coatepeque
Coatepeque
Cobán
Cobán
Cocalá
Cocales Chacón
Cocales
Cocamán
Cocinero de Brea
Cocob
Cocó
Cocolá
Cocol
Cocolí
Cofradías
Cohetero
Cojaj
Cojcam
Cojnal
Cojobal
Cojoljuyú
Cojomachoj
Cojonob
Cola de Pava
Cola de Pollo
Colima
Colmenas
Colmenas
Colmito
Colomba
Colón
Colonia Chiquita
Colonia La Florida
Colonia La Providencia
Colonia Montúfar
Colonia Nueva
Colonia Santa Marta
Colorado
Colorado
Colotenango
Colpetén
Comaja
Comalapa
Comantulul
Comapa
Comistún
Comitacillo
Comitancillo
Comitancillo
Comixtum
Comixtún
Común
Comunidad Agraria El Arenal
Comunidad de Ruiz
Comunidad de Zet
Comunidad Las Chapinas
Comunidad Ruiz
Comunidad Sololateca
Conacaste
Conacaste
Concepción Carrizal
Concepción Chinán
Concepción Chiquirichapa
Concepción
Concepción
Concepción
Concepción
Concepción
Concepción
Concepción
Concepción
Concepción Grande
Concepción Ixtacapa
Concepción La Grande
Concepción La Grande
Concepción Las Lomas
Concepción Las Minas
Concepción Meléndrez
Concepción Nil
Concepción Pinula
Concepción Suacité
Concepción Tutuapa
Conception
Conception Tutuapa
Concomá
Concordia
Concuá
Concuén
Concul
Conculito
Conejo
Conguaco
Contepeque
Contreras
Copalapa
Copante
Copante
Cor
Cordoncillo
Corinto Chiquito
Corinto Zacualpa
Coronado
Corozal
Corozal
Corozo
Corozo
Corralcay
Corral
Corral de Piedra
Corral Falso
Corral Grande
Corralitos
Cotón
Cotzol
Coxom
Coxom Segundo
Coyá
Coyocté
Coyol Dulce
Coyoles
Coyol Seco
Coyote
Coyotera
Coyotera
Coyotes
Creek Madera
Creek Pato
Crinolina
Crique Blanco
Crique Cálix
Crique Cástulo
Crique Chino
Crique Pablo
Crique Sarstún
Cristina
Cristo
Cristo Rey
Cristo Rey
Crucecitas
Cruce
Cruce de Camantulul
Cruce de Virginia
Cruce Riachuelo Las Ánimas
Cruces
Cruces de Chinchilla
Crucitas
Crusincoy
Cruz Alta
Cruz Blanca
Cruz Calle
Cruz Che
Cruzchén
Cruz Chich
Cruz
Cruz de Ajpop
Cruz de Charmá
Cruz del Pino
Cruz del Valle
Cruz de Ocote
Cruz de Piedra
Cruz de Piedra
Cruz de Piedra
Cruz de Pino
Cruz de Santiago
Cruz de Villeda
Cuá
Cuá
Cuajilote
Cuajiniquilapa
Cualotales
Cuatro Cayos
Cuatro Ranchos
Cubejá
Cubes
Cubiletes
Cubo
Cubulco
Cucabaj
Cucajol
Cucajolito
Cuchilla
Cuchilla del Jicaral
Cuchumatan
Cuchuyá
Cu
Cucuná
Cucurjá Segundo
Cuernavaca
Cuesta de García
Cuesta del Guayabo
Cuesta del Horno
Cuesta del Paxte
Cuesta El Pito
Cuesta San Antonio
Cuetero
Cueva
Cuevecitas
Cuevita
Cuevitas
Cuilapa
Cuilco
Cuje
Cuje
Cuje
Culebrero
Culima
Cullil
Culumbal
Cumbre Alta
Cumbre
Cumbre
Cumbre
Cumbre del Carpintero
Cumbre de Talquezal
Cumbre de Tuilacán
Cumbre La Florida
Cumbre Piedra de Amolar
Cumbre San Nicolás
Cumlaj
Cumtaj
Cunén
Cunlaj
Cunlás
Cureñas
Curruche
Curub
Cushapa Abajo
Cushapa Arriba
Cushapa
Cutzán
Cuxapa
Cuxilacán
Cuxpemech
Cuyotenango
Damián
Danta
Darmouth
Dartmouth
Deidad
Delícias
Delicias
Delicias
Delicias
Delicias del Jobo
De Lunas
Democracia
Despoblado
Divisadero
Dolores
Dolores
Dolores
Dolores
Dolores
Dolores
Doña María
Don Diego
Don Gregorio
Don Juan
Don Justo
Don Tomás
Dorador
Dos Lagunas
Dos Quebrada
Dos Quebradas
Dueñas
Dulce Nombre
Duraznal
Duraznito
Durazno
Durazno
Eje Quemado
El Aceitillal
El Achiotal
El Achiote
El Acintal
El Adelanto
El Adelanto
El Aguacatal
El Aguacate
El Aguacate
El Aguacate
El Aguacate
El Aguacate
El Aguacate
El Aguacate
El Aguacate
El Aguacate
El Aguacate
El Aguacate
El Aguacate
El Aguacate
El Aguaje
El Agüero
El Ahorcado
El Ahumado
El Alcarabán
El Almendro
El Almendro
El Alto
El Amatal
El Amate Blanco
El Amate
El Amate
El Amatillo
El Amatillo
El Amatillo
El Amatillo
El Amatillo
El Amatillo
El Amatillo
El Amparo
El Anono
El Apazote
El Apersogadero
El Arco
El Arenal
El Arenal
El Arenal
El Arenal
El Arenal
El Arenal
El Arroyo
El Arrozal
El Asintal
El Astillero
El Astillero
El Astillero
El Astillero
El Astillero
El Astillero Público
El Azufre
El Bailadero
El Bajío
El Banco
El Barbasco
El Barrancón
El Barranquillo
El Barrial
El Barrial
El Barrial
El Barro
El Baúl
El Bebedero
El Bebedero
El Bebedero
El Bejucal
El Bijagual
El Bijagual
El Bojonal
El Bojonal
El Bonete
El Boquerón
El Boquerón
El Bran
El Brasilar
El Cacahuito
El Cacao
El Cacao
El Cacao
El Cacao Viejo
El Caco
El Cajón
El Cajón
El Callejón
El Calvario
El Calvario
El Calvario
El Camalote
El Camalote
El Camán
El Camarón
El Camotal
El Camote
El Campamento
El Campo
El Canastal
El Candelero
El Cangrejito
El Cangrejito
El Capucalito
El Capulín
El Capulín
El Capulín
El Caracol
El Caracol
El Caracol
El Caramo
El Caribe
El Carmen Chitatul
El Carmen
El Carmen
El Carmen
El Carmen
El Carmen
El Carmen
El Carmen
El Carpintero
El Carrizal
El Carrizal
El Carrizal
El Carrizal
El Carrizal
El Carrizal
El Carrizal
El Carrizal
El Carrizo
El Carrizo
El Carrizo
El Carrizo
El Castaño
El Castaño
El Castaño
El Caulote
El Caulote
El Caulote
El Caulote
El Cebollito
El Cedral
El Cedro
El Cedro
El Cedro
El Cedro
El Cedro
El Cedro
El Cedro
El Ceibal
El Ceibillo
El Ceibo
El Cementerio
El Cerrito
El Cerro
El Cerrón
El Cerrón
El Chagüite
El Chagüite
El Chagüite
El Chagüite
El Chagüite
El Chahurte
El Chal
El Chaparro
El Chaparrón
El Chapayal
El Chaperno
El Chapín
El Chato
El Chical
El Chico
El Chico
El Chilar
El Chilar
El Chilcal
El Chile
El Chile
El Chile
El Chile
El Chile
El Chiltepe
El Chiltote
El Chipal
El Chipilinar
El Chipilinar
El Chispal
El Chol
El Chontel
El Chorro
El Chorro
El Chorro
El Chucte
El Chucte
El Chupadero
El Chupadero
El Chupte
El Cielo
El Cimarrón
El Cimarrón
El Cimiento
El Cinchado
El Cintular
El Cipresal
El Ciprés
El Ciprés
El Ciprés Segundo
El Ciruelillo
El Ciruelillo
El Cobán
El Cóbano
El Cóbano
El Coco
El Coco
El Cofradías
El Cogat
El Cohetero
El Cojobal
El Colegio
El Colmenar
El Colocho
El Colorado
El Colorado
El Colorado
El Común
El Conacaste
El Conacaste
El Conacaste
El Conacaste
El Conacaste
El Conacastón
El Conejo
El Copado
El Copante
El Copén
El Corchal
El Corozal
El Corral Grande
El Coyol
El Coyolito
El Coyote
El Coyotillo
El Cristo
El Cruce
El Crucero
El Crucero
El Cuajilote
El Cubo
El Cucajol
El Cuervo
El Cuje
El Cuje
El Cuje
El Cuje
El Cujito
El Cujito
El Cujto
El Currito
El Curro
El Desengaño
El Divisadero
El Divisadero
El Dormido
El Dulce Nombre
El Duraznito
El Durazno
El Durazno
El Durazno
El Durazno
El Edén
El Embarcadero
El Empalme
El Encinal
El Encinal
El Encuentro de Navajas
El Escobarzal
El Escondido
El Escudero
El Espinal
El Espíritu Santo
El Estoraque
El Estoraque
El Estor
El Estucal
El Filo
El Fiscal
El Flor
El Flor
El Florido
El Florido
El Fortín
El Franco
El Frutal
El Frutillo
El Gallinero
El Garitón
El Garrobo
El Gigante
El Gigante
El Granadillón
El Grillo
El Guachipilín
El Guachipilín
El Guacut
El Guajilote
El Guamil
El Guapinol
El Guapinol
El Guapinol
El Guayabito
El Guayabo
El Guayabo
El Guayabo
El Guayabo
El Guineo
El Hatillo
El Hatillo
El Hato
El Hato
El Higuerito
El Hormiguero
El Hornito
El Horno
El Hular
El Hule
El Imperio
El Incienso
El Ingeniero
El Ingenio
El Irayol
El Irayol
El Izote
El Jabillal
El Jabillo
El Jagüey
El Jagüey
El Jardín
El Jicaral
El Jicaral
El Jícaro
El Jícaro
El Jícaro
El Jícaro
El Jícaro Grande
El Jobito
El Jobito
El Jobo
El Jobo
El Jobo
El Jocotal
El Jocote
El Jocote
El Jocote
El Jocote
El Jocotillo
El Jocotillo
El Jocotillo
El Juez
El Juleque
El Junquillo
El Junquillo
El Junquillo
El Jute
El Jute
El Jute
El Jute
El Jute
El Jute
El Jute
El Jutillo
El Laberinto
El Lancetillal
El Lano
El Limar
El Limo
El Limonal
El Limonar
El Limoncillo
El Limón
El Limón
El Limón
El Limón
El Limón
El Limón
El Limón
El Llano
El Llano
El Llano
El Llano
El Llano
El Llano Grande
El Llanón
El Lobo
El Maestrillo
El Magueyal
El Maguey
El Maguey
El Mal Paso
El Mameyal
El Manacal
El Manatial
El Manchón
El Maneadero
El Mangal
El Mango
El Manguito
El Manguito
El Manguito
El Manzanillo
El Manzanillo
El Manzanillo
El Manzanillo
El Manzano
El Manzano
El Manzanotal
El Manzanote
El Marial
El Marío
El Matasano
El Matasano
El Matasano
El Matasano
El Matazano
El Matilisguate
El Matilisguate
El Matilisguate Segundo
El Matochal
El Matocho
El Melonar
El Meneadero
El Mezcal
El Milagro
El Milagro
El Moján
El Mojón
El Mojón
El Mojón
El Molino
El Molino
El Mora
El Moral
El Morlón
El Morral
El Morral
El Morrito
El Morrito
El Morro
El Morro
El Mosquito
El Murul
El Nance
El Nanzal
El Nanzal
El Naranjillal
El Naranjo
El Naranjo
El Naranjo
El Naranjo
El Naranjo
El Naranjo
El Naranjo
El Naranjo
El Naranjo
El Níspero
El Norte
El Novillero
El Nuevo
El Obero
El Obraje
El Obraje
El Obraje
El Obraje
El Obrajito
El Obrajuelo
El Ojo de Agua de Tía María
El Ojo de Agua
El Olivido
El Olvido
El Olvido
El Oratorio
El Oratorio
El Orégano
El Orégano
El Otro Lado
El Ovejero
El Oxaqueño
El Pacayal
El Pacay
El Pajalito
El Pajarito
El Pajonal
El Pajón
El Palacio
El Palmar Dos
El Palmar
El Palmar
El Palmar
El Palmar
El Palmar
El Palmar
El Palmar
El Palmar
El Panal
El Panal
El Panorama
El Pañuelo
El Papaturro
El Papayal
El Papayo
El Paradero
El Paraíso
El Paraíso
El Paraíso
El Paraíso
El Paraíso
El Paraíso
El Paraíso
El Paraíso
El Paraíso
El Paredón Buena Vista
El Paredón
El Paredón
El Parnaso
El Paso de los Jalapas
El Paternito
El Patio
El Pato
El Patrocinio
El Paujil
El Paval
El Paxte
El Paxte
El Pedernal
El Pedregal
El Pedrero
El Peñasco
El Peñasco
El Peñoncito
El Pepinal
El Perdido
El Pericón
El Pericón
El Pericón
El Perulero
El Pescador
El Pilar
El Pilar
El Pillar
El Pilón
El Pinal
El Piñal
El Pinal
El Pinal
El Pinal
El Pinalito
El Pinalito
El Pinalito
El Pinalón
El Pinito
El Pino de Santa Cruz
El Pino
El Pino
El Pino
El Piñonal
El Pital
El Pito
El Pizote
El Plan
El Planeta
El Plan Grande
El Plantón
El Plantón
El Platanar
El Platanar
El Platanar
El Platanillo
El Platanillo
El Playón
El Playón
El Pomal
El Pomo
El Portezuelo
El Portezuelo
El Porvenir
El Porvenir
El Porvenir
El Porvenir
El Porvenir
El Porvenir
El Porvenir
El Potrero
El Potrero
El Poxte
El Poxté
El Pozo
El Prado
El Pretil
El Progreso
El Progreso
El Progreso
El Progreso
El Progreso
El Progreso
El Progreso
El Pueblito
El Puente Barranquillo
El Puente
El Puente
El Puente
El Puente
El Pumpo
El Quebracho
El Quemado
El Quequesillo
El Quequexcal
El Quequexque
El Quequexquillo
El Quetzal
El Quetzal
El Quinel
El Quinto
El Rabón
El Rancho
El Rancho
El Rancho
El Rancho
El Rancho
El Rancho
El Ranchón
El Rebalse
El Recreo
El Recuerdo
El Recuerdo
El Recuerdo
El Refugio
El Refugio
El Refugio
El Regadío
El Reguero
El Rejeguero
El Relicario
El Relleno
El Remate
El Remolino
El Remudadero
El Reparo
El Resbalón
El Resgate
El Resumidero
El Retiro
El Retiro
El Retiro
El Retiro
El Retozadero
El Reventón
El Rico
El Rinconcito
El Rinconcito
El Rinconcito
El Rincón
El Rincón
El Rincón
El Rincón
El Rincón
El Roblarcito
El Roblar
El Roblar
El Roblarón
El Roble
El Roble
El Rodeíto
El Rodeíto
El Rodeo
El Rodeo
El Rodeo
El Rodeo
El Rodeo
El Rodeo
El Rodeo
El Rodeo
El Rodeo
El Rodeo
El Rodeo
El Ronronal
El Rosario
El Rosario
El Rosario
El Rosario
El Rosario
El Rosario
El Rosario
El Rosario
El Rosario
El Rosario La Muerte
El Sacabastal
El Sacamil
El Salamar
El Salamo
El Salitre
El Salitre
El Salitre
El Salitre
El Salitre
El Salitrillo
El Salto del Arenal
El Salvador
El Salvaje
El Santo
El Saral
El Saral
El Sarón
El Sauce
El Sauce
El Sauce
El Sauce
El Semillero Barra Nahualate
El Sesteadero
El Silencio
El Sillón Abajo
El Sillón
El Sillón
El Sinaca
El Sitán
El Sitio
El Sitio
El Sitio
El Sitio
El Sitio
El Soch
El Socorro
El Socorro
El Socorro
El Sombrerito
El Sombrerito
El Sordo
El Soyate
El Subinal
El Subín
El Suj
El Sunzal
El Sunzo
El Sunzo
El Suquinay
El Suspiro
El Suyate
El Tabacal
El Tabacal
El Tabacal
El Tabloncito
El Tabloncito
El Tabloncito
El Tabloncito
El Tablón
El Tablón
El Tablón
El Tablón
El Tablón
El Tablón
El Tablón
El Tablón
El Talpetatillo
El Talquezal
El Tamarindo
El Tamarindo
El Tambor
El Tanque
El Tanque
El Tanque
El Tecojate
El Tecolote
El Tecomatillo
El Tejar
El Tempisque
El Tempisque
El Teocinte
El Terrerito
El Terrero
El Terrero
El Terrero
El Terrero
El Terrero
El Terrero
El Tesora
El Tesoro
El Tesoro
El Tiesto
El Tintón
El Tintón Sur
El Tizate
El Tizate
El Tobón
El Tobón
El Tocino
El Torito
El Toro
El Toro
El Tránsito
El Trapiche
El Trapiche
El Trapichillo
El Trapichito
El Trapichito
El Trapichito
El Trapichito
El Triunfo
El Triunfo
El Triunfo
El Triunfo
El Triunfo
El Troje
El Trumbador
El Tular
El Tulate
El Tule
El Tumbador
El Uruguay
El Valle Abajo
El Valle
El Varal
El Volcán
El Voltario
El Xab
El Xex
El Yex
El Zapotal
El Zapotal
El Zapote
El Zapote
El Zapote
El Zapote
El Zapote
El Zapote
El Zapote
El Zapote
El Zapote
El Zapote
El Zapote
El Zapote
El Zapote
El Zapote
El Zapotillo
El Zaral
El Zarco
El Zarzal
El Zarzal
El Zarzal
El Zarzal
El Zarzalito
El Zope
El Zope
El Zunco
El Zunzo
Embaulada
Encarnación
Encinal
Encinitos
Encino
Encino Gacho
Encuentro Cucajol
Encuentro de Guaraquiché
Encuentro de Navajas
Encuentros Abajo
Encuentros de La Barranca
Encuentros
Encuentros
Encuentros
Encuentros
Encuentros
Encumbrada
Entre Ríos
Entre Ríos
Epinos
Ermita
Escaleras
Escalón
Escarbaderos
Eschimal
Esclavos
Escobas
Escobas
Escobillal
Escobitas
Escuelero
Escuinapa
Escuintla
Éskimo
Esmeralda
Esperanza
Esperanza
Esperanza
Espinal
Espinos
Esquinapa
Esquintla
Esquipulas
Esquipulas
Esquipulas
Esquipulas Nicá
Esquipulas Palo Gordo
Estación Anguiatú
Estación Jalapa
Estación Mita
Estación Papalhuapa
Estancia de García
Estancia de La Virgen
Estancia de La Virgen
Estancia de La Virgen
Estancia-de-Luciana-Cruz
Estancia de San Martín
Estancia
Estancia Grande
Estancia Grande
Estancia La Virgen
Estancia San Martín
Estancia Vieja
Estancia Vieja
Estancia Vieja
Estancuela
Estanzuela Abajo
Estanzuela Arriba
Estanzuela
Estanzuela
Estanzuela
Estanzuela
Estanzuela
Estanzuelas
Estanzuelas
Estero Lagarto
Estoraque
Excomuchá
Fallabón
Feria
Filincas
Filo del Mecate
Filo
Finca Agricola
Finca Agua Fría
Finca Buena Vista
Finca Camantulul
Finca Cocales
Finca Cruz de Piedra
Finca El Aguacate
Finca El Amatillo
Finca El Baúl
Finca El Cacahuito
Finca El Colegio
Finca El Escondido
Finca El Flor
Finca El Flor
Finca El Jobo
Finca El Miradero
Finca El Naranjo
Finca El Panorama Occidental
Finca El Paraíso
Finca El Parnaso
Finca El Porvenir
Finca El Quebracho
Finca El Refugio
Finca El Regadío
Finca El Rosario
Finca El Rosario Tininhuitz
Finca El Sunzal
Finca El Tiesto
Finca El Toro
Finca El Trapichito
Finca El Zapote
Finca Jobomó
Finca Jocoló
Finca La Chácara
Finca La Chapina
Finca La Cortina
Finca La Cruz
Finca La Danta
Finca La Esperanza
Finca La Laguna
Finca La Máquina
Finca La Morenita
Finca La Nueva Esperanza
Finca La Pitahaya
Finca La Providencia
Finca Las Cruces
Finca Las Delicias
Finca Las Mercedes
Finca Las Mesitas
Finca Las Minas
Finca Las Nubes
Finca Las Pitas
Finca Las Victorias
Finca La Unión
Finca Los Ángeles
Finca Los Cerritos
Finca Los Cipreses
Finca Los Encuentros
Finca Los Leones
Finca Los Magueyes
Finca Los Talpetates
Finca Miralvalle
Finca Montaña Larga
Finca Nacimiento Río Blanco
Finca Nimá
Finca Nimayá
Finca Panorama Occidental
Finca Peña Plata
Finca Quebrada Honda
Finca Río Frío
Finca Sabanetas
Finca San Antonio
Finca San Antonio Panimaquín
Finca San Carlos
Finca San Francisco Miramar
Finca Sangre de Cristo
Finca San Juan Patzulín
Finca San Lorencito Ricci
Finca San Miguel
Finca San Pedro La Reforma
Finca San Rafael
Finca San Rafael La Vega
Finca Santa Lucía
Finca Santiago Agrícola
Finca Saquixquib
Finca Semococh
Finca Varejones
Fiscal
Flores Costa Cuca
Flores
Flores
Flores
Flores
Flores Petén
Flor
Florida
Florida
Florido
Florido
Floripundio
Fortuna
Fraijanes
Franceses
Francisco Vela
Francisco Vela
Franco
Frontera
Frontera
Fronteras
Frutal
Fuentes de la Montaña
Gallegos
Gálvez
Gancho de Fierro
Garay
Garay Viejo
García
Garibaldi
Garibaldi
Garita Chapina
Gato Salvaje
Gavia Grande
Génova
Girones
Godínez
Golito
González
Gracias a Dios
Gracias a Dios
Gracias
Granada
Granada
Granada
Granadillas
Granadillo
Granados
Granados
Granados
Gran Cañón
Granja San Miguel
Guacamaya
Guacamaya
Guacamaya
Guacamayas
Guacamayas
Guacamayas
Guacamayas
Guacamayo
Guacamayo
Guacamayo
Guacamayos
Guachibal
Guachipilín
Guachipilín
Guachipilín
Guadalupe
Guadalupe
Guadalupe
Guaisná
Guajilote
Guala
Gualán
Gualibaj
Gualtux
Guamil
Guanagazapa
Guantajau
Guapinol
Guapinol
Guapinol
Guapinol
Guapinol
Guaranjá
Guaraquiché
Guarauja
Guareruche
Guaritas
Guasintepeque
Guastatoya
Guatalón
Guatemala City
Guatemala
Guatemala la Nueva
Guativil Chiquito
Guayabal
Guayabal
Guayabillas
Guayabillas
Guayabitas
Guayabo
Guayabo
Guayabquej
Guayasco
Guaynep
Guaytán
Guazacapán
Guerreros
Guevara
Guineales
Guineal
Guineal
Guior
Güisiltepeque
Guisltepec
Guitarra
Guonabaj
Gusfatoya
Hacienda Agrícola
Hacienda Candelaria
Hacienda del Santo
Hacienda de Santiago
Hacienda El Cerrito
Hacienda El Chile
Hacienda El Platanar
Hacienda El Ranchón
Hacienda El Sitio
Hacienda Ijá
Hacienda Julaín
Hacienda Jupilingo
Hacienda La Blanca
Hacienda Los Chiquirines
Hacienda Los Talpetates
Hacienda María
Hacienda Montecristo
Hacienda Sajalal
Hacienda San Joaquín
Hacienda San Juan La Isla
Hacienda San Ramon Las Nubes
Hacienda Vado Hondo
Hacienda Vieja
Hacienda Vieja
Hacienda Vieja
Hacienda Vieja
Hato Viejo
Hawaii
Hierba Buena
Hierbabuena
Higuerito
Hoja Blanca
Hojas Blancas
Honduras
Hondurita
Hopi
Horcones
Horcones
Horepón
Hormigas
Hormiguero
Horno de Cal
Horno de Vides
Horquetas
Huacal Majada
Huapac
Huatzmatil
Huehuetenango
Huertas
Huicá
Huijó
Huitán
Huité
Huito
Huitzil
Huitzitzil
Huixoc
Iberia
Icalá
Ical
Ichomchaj
Iguana
Ijá
Ijorga
Ikanrio
Ilom
Inchuex
Incienso
Incienso
Ingenio de Ayarza
Ingenio de Guaraquiche
Ingenio Guaraquiché
Ingenio
Injerto
Inupal
Ipala
Isabelita
Islán
Islán
Islote
Islotes
Isnanconob
Isnul
Istaguacán
Istapa
Italia
Itzal
Itzapa
Ixanrio
Ixbobó Enmedio
Ixbobó
Ixcacao
Ixcamiche
Ixcanal
Ixcananté
Ixcanhrio
Ixcanrío
Ixcantio
Ixcayán
Ixchel
Ixchiguán
Ixcoxol
Ixhuatán
Ixhuitz
Ixlahuitz
Ixlú
Ixmulcá
Ixmul
Ixobel
Ixpaco
Ixpajau
Ixpaltzaj
Ixpetén
Ixpop
Ixquiac
Ixquihuila
Ixtacapa
Ixtahuacán
Ixtájel
Ixtán
Ixtenam
Ixtenán
Ixtiapoc
Ixtinajab
Ixtoc
Ixtupil
Ixyuc
Izabal
Iztapa
Iztapa Puerto
Jacaltenango
Jacoló
Jacolol
Jagua
Jaibalito
Jajagüilo
Jalapa
Jalisco
Jalpatagua
Jampú
Janlay
Jazmines
Jazmines
Jerez
Jerez
Jerónimo
Jesús
Jesús La Bomba
Jesús María
Jesús y María
Jicamapa
Jicaral
Jicaral
Jícaro Cubiletes
Jícaro
Jícaro
Jícaro
Jícaro
Jícaro Peinado
Jigua
Jilotepeque
Jilotepeque
Jiquilite
Jobomó
Jobompiche
Jobompich
Jobonché
Jobonpich
Jocoló
Jocolón
Jocotales
Jocotales
Jocotal
Jocotal
Jocotán
Jocote Dulce
Jocote Dulce
Jocote
Jocote
Jocotenango
Jocotes
Jocotillo
Jocotillo
Jocotillo
Jocotillo
Jocotón
John Lloyd Stephens
Jolobob
Jolomcot
Jolomcú
Jolomhuitz
Jolomquisis
Jolomtaj
Jolomtenam
Jones
Jovel
Joventé Abajo
Joventé Arriba
Joventé
Joyabaj
Joya de Los Cedros
Joya de los Terneros
Joya del Ternero
Joya Galana
Joya Grande
Joya Grande
Joya Grande
Joya Grande
Joya Grande
Joya Honda
Joya Honda
Joya
Joya
Joya Larga
Joya Las Tablas
Joya López
Joya San Nicolás
Joyas de San Nicolás
Joyas
Joyas Verdes
Joyitas
Joyomac
Juá
Juana de Arco
Juan Cano
Juan de Paz
Juan Ponce
Juárez
Jubuguito
Jubuquito
Jucanyá
Jucayná
Juchaneb
Juchanep
Jucub
Jucup
Juil
Juliapa
Juliboj
Juliboy
Julumichapa
Jumaitepeque
Jumaj
Jumaytepeque
Jumúsna
Jumuzna
Junquillo
Junquillo
Juntacaj
Jupilingo
Justo Rufino Barrios
Jute de la Cobana
Jute
Jute
Jutiapa
Jutiapa
Jutumichapa
Juyamá
Kaibil Balam
La Acequia
La Adobera
La Alfalfa
La Angostura
La Arada
La Arada
La Aradita
La Aurora
La Aurora
La Aurora
La Aurora
La Avellana
La Ayudo
La Bacadilla
La Balsa
La Barandilla
La Barca
La Barra del Motagua
La Barra
La Barranca
La Barranca
La Barranca
La Barranquilla
La Barrita
La Barrita
La Barrita
La Barrita Vieja
La Barrona
La Basa
La Blanca
La Blanca
La Bomba
Labor de Falla
Labor El Porvenir
Labor El Recuerdo
Labor El Tular
Labor La Concepción
Labor Santa Clara
Labor Vieja
La Botija
La Brea
La Brea
La Brigada
La Brisa
La Calera
La Calera
La Cal
La Campana
La Campana
La Cañada
La Candelaria
La Candelaria
La Candelaria
Lacandón
Lacandón
La Canoa
La Canoa
La Caoba
La Caoba
La Capellanía
La Casita
La Casona
La Castalia
La Catocha
La Cebadilla
La Ceiba
La Ceiba
La Ceiba
La Ceiba
La Ceiba
La Ceiba
La Ceiba
La Ceiba
La Ceibita
La Ceibita
La Ceibita
La Ceibita
La Ceibita
La Chácara
La Chapina
La Choleña
La Chorrera
La Cidra
La Ciénaga
La Ciénaga
La Ciénaga
La Ciénaga
La Cienaguilla
La Cieneguita
La Cincuya
La Cocha
La Compuerta
La Compuerta
La Comunidad
La Comunidad
La Comunidad
La Concepción El Cedro
La Concepción
La Concepción
La Concepción
La Concepción
La Concordia
La Concordia
La Conquista
La Consulta
La Coronada
La Coroza
La Cortina
La Coyota
La Crucita
La Crucita
La Cruzadilla
La Cruz Chiquita
La Cruz Chixiquín
La Cruz
La Cruz
La Cruz
La Cruz Roja
La Cuchilla
La Cuchilla
La Cuestona
La Culebra
La Cumbre
La Cumbre
La Cumbre
La Cumbre
La Cumbre
La Cumbre
La Cumbre
La Cumbre
La Cumbre
La Cumbre
La Cumbre
La Curbina
La Danta
La Deidad
La Demacracia
La Democracia
La Democracia
La Democracia
La Dicha
La Doncella
La Embaulada
La Emboscada
La Ensenada
La Ensenada
La Envida
La Ermita
La Esmeralda
La Esmeralda
La Esperanza
La Esperanza
La Esperanza
La Esperanza
La Esperanza
La Esperanza
La Esperanza
La Esperanza
La Espinilla
La Estancia de García
La Estancia de La Cruz
La Estancia de San Martín
La Estancia Grande
La Estancia
La Estancia
La Estancia
La Estancia
La Estancia
La Estancia
La Estancia
La Estanzuela
La Estanzuela
La Estrechura
La Federación
La Felicidad
La Fila
La Florida
La Florida
La Flor
La Fragua
La Fraternidad
La Fuente de la Montaña
La Fuente
La Gabia Grande
La Gabia
La Garita Chapina
La Garita
La Garrucha
Lagartos
La Ginebra
La Gloria
La Gomera
La Graciosa
La Granadilla
La Grandeza
La Granja
Lágrimas
La Guitarra
Laguna Bermeja
Laguna Cangrejal
Laguna Chisajcap
Laguna de Briotis
Laguna de Cayur
Laguna del Muerto
Laguna de Yaxha
Laguna Grande
Laguna
Laguna
Laguna
Laguna
Laguna Maxbal
Laguna Recinos
Laguna Seca
Laguna Seca
Laguna Seca
Laguna Seca
Laguna Seca
Laguna Seca
Lagunas
Laguna Verde
Laguna Yaxá
Laguna Yaxjá
Laguneta Briotis
Laguneta
Lagunetas
Lagunilla
Lagunilla
Lagunilla
Lagunita
Lagunitas
La Hacienda
La Haciendita
La Hondura
La Horqueta
La Huerta
La Huerta
La Independencia
La Independencia
La Industria
La Isla del Tular
La Isla
La Isla
La Isla
La Jarretada
Lajas
La Jigua
Lajillal
Lajillal
Lajillas
Lajincó
La Joya
La Joya
La Joya
La Joya Larga
La Joyita
La Labor
La Lagartera
La Laguna
La Laguna
La Laguna
La Laguna
La Laguna
La Laguna
La Laguna
La Laguna
La Laguna
La Laguna
La Laguna
La Laguna
La Laguneta
La Laguneta
La Laja
La Lechuza
La Lejía
La Leona
La Libertad
La Libertad
La Libertad
La Libertad
La Libertad
La Libertad
La Libertad
La Libertad
La Libertad
La Lima
La Lima
La Lima
La Lima
La Lolita
La Loma de Grijalva
La Maceta
La Majada
La Majada
La Majada
La Manzana
La Máquina
La Máquina
La Mesía
La Mesilla
La Mesita
La Mina
La Mina
La Mocha
La Montaña
La Montaña
La Montaña
La Montaña
La Montaña
La Montañita
La Montañita
La Morena
La Morena
La Morenita
Lámpara
Lámpara
Lampocoy
La Muerte
La Muralla
Lancetillal
Lancetillo
Lanchor
La Noria
Lanquín
Lanquitín
Lantiquín
La Nueva Esperanza
La Nueva
La Oscurana
La Paja
La Pajarita
La Palma
La Palma
La Palma
La Palmilla
La Palmilla
La Pampas
La Parada
La Pastoría
La Pastoría
La Pastorilla
La Patria
La Pava
La Paz
La Paz
La Paz
La Pedrera
La Peña
La Peña
La Peña
La Pepesca
La Pereza
La Periquera
La Perla de Oriente
La Perla
La Perla
La Piedad
La Piedrona
La Pila
La Pimienta
La Pimienta
La Pimienta
La Pintada
La Pipa
La Pitahaya
La Pita
La Plancha
La Playa
La Ponderosa
La Prensa
La Providencia
La Providencia
La Providencia
La Providencia
La Providencia
La Providencia
La Provincia
La Puente
La Puente
La Puente
La Puente
La Puerta
La Puerta
La Quebrada
La Ramos
La Reforma
La Reforma
La Reforma
La Reforma
La Reforma
La Reforma
La Reforma
La Reforma Los Achiotes
La Rinconada
La Rinconada
La Romana
La Ruda
La Ruidosa
La Sabana
Las Agujitas
La Salvadora
Las Ánimas
Las Ánimas
Las Ánimas
Las Ánimas
Las Anonas
Las Anonas
Las Anonas
Las Anonas
Las Araditas
Las Arenas
Las Azucenas
Las Barrancas
Las Barrancas
Las Barritas
Las Bisnagras
Las Biznagras
Las Brisas
Las Brisas
Las Burras
Las Burras
Las Cabezas
Las Cabezas
Las Cadenas
Las Calaveras
Las Camelias
Las Cañas
Las Cañas
Las Cañas
Las Cañas
Las Cañas
Las Cañas
Las Canes
Las Canoas
Las Canoas
Las Canoas
Las Canoas
Las Canoítas
Las Canoítas
Las Carretas
Las Carretas
Las Casas
Las Champas
Las Chapinas
Las Chivas
Las Cidras
Las Cofradías
Las Cofradías
Las Colmenas
Las Colmenas
Las Colmenas
Las Conchas
Las Corrientes de Mactún
Las Cruces
Las Cruces
Las Cruces
Las Cruces
Las Cruces
Las Cruces
Las Cruces
Las Cruces
Las Crucitas
Las Crucitas
Las Crucitas
Las Cuarentiuna
Las Cuevas de Llano Grande
Las Cuevas de Saltán
Las Cuevas
Las Cuevas
Las Cuevitas
Las Cureñas
Las Dantas
Las Delicias
Las Delicias
Las Delicias
Las Delicias
Las Delicias
Las Delicias
Las Delicias
Las Delicias
La Selva
Las Escaleras
Las Escobas
Las Escobas
Las Escobas
Las Escobas
Las Escobas
Las Escobes
Las Esperanzas
Las Floras
Las Flores
Las Flores
Las Flores
Las Flores
Las Flores
Las Flores
Las Flores
Las Flores
Las Flores
Las Flores
Las Flores
Las Franceses
Las Golondrinas
Las Guacamayas
Las Guacas
Las Guayabas
Las Guayabitas
Las Guayabitas
Las Guayabitas
Las Hilas
Las Hilitas
Las Huertas
La Sierra
La Sierra
Las Iglesias
Las Impresiones
Las Joyas del Cedro
Las Joyas
Las Joyas
Las Joyas
Las Lagunas
Las Lagunas
Las Lajas
Las Lajas
Las Lajas
Las Lajas
Las Limas
Las Limas
Las Limas
Las Lisas
Las Lisonas
Las Lomas
Las Lomas
Las Lomas
Las Lomas
Las Lomitas
Las Majadas
Las Majadas
Las Majadas
Las Majadas
Las Majadas
Las Mañanitas
Las Mareas Del Suchiate
Las Margaritas
Las Margaritas
Las Marías
Las Marías
Las Marías
Las Mercedes
Las Mesas
Las Mesas
Las Mesas
Las Mesetas
Las Minas
Las Minas
Las Minas
Las Morales
Las Morenas
Las Moritas
Las Moritas
Las Moritas
Las Navajas
Las Nubes
Las Nubes
Las Nubes San Ramon
Las Nubitas
La Soledad
La Soledad
La Soledad
La Soledad
La Soledad
Las Olivas
La Sorpresa
Las Ovejas
Las Pacayas
Las Pacayas
Las Palmas
Las Palmas
Las Palmas
Las Palmas
Las Palmas
Las Palmas
Las Pampas
Las Pavas
Las Peñas
Las Peñas
Las Piedras
Las Piedras
Las Pilas
Las Pilas
Las Pilas
Las Pilas
Las Pilas
Las Pilas
Las Pilas
Las Pilas
Las Pilas
Las Piletas
Las Pitas
Las Pitas
Las Playas
Las Pomas
Las Pozas
Las Pozas
Las Pozas
Las Pozas
Las Pozas
Las Presas
Las Pulgas
Las Quebradas
Las Quebradas
Las Quechas
Las Raíces
Las Ranas
Las Ruedas
Las Ruinas
Las Sidras
Las Silas
Las Sopas
Las Tabancas
Las Tablas
Las Tablas
Las Tapias
Las Tapias
Las Tapias
Las Tejas
Las Tintas
Las Toreras
Las Trancas
Las Tres Cruces
Las Trojes
Las Tunas
Las Uvas
Las Uvas
Las Vacas
Las Vainillas
Las Varitas
Las Vegas de San Luis
Las Vegas
Las Vegas
Las Vegas
Las Veguitas
Las Ventanas
Las Ventanas
Las Venturas
Las Victorias
Las Victorias
Las Victorias
Las Vigas
Las Vigas
Las Viñas
Las Visnagras
Las Viviendas
Las Vueltas
La Tablas
La Tejera
La Tejera
La Tenería
La Tierra
La Tigra
La Tinta
La Toma
La Toma
La Torera
La Torera
La Trementina
La Trinidad
La Trinitaria
La Troje
La Tuna
La Tuna
La Unión Barrios
La Unión
La Unión
La Unión
La Unión
La Unión
La Unión
La Unión
La Unión
Laureles
La Vaca
Lavarreda
La Vega del Volcán
La Vega
La Vega
La Vega
La Vega
La Vegona
La Ventura
La Verbena
La Verde
La Verónica
La Victoria
La Victoria
La Viña
La Virgen
Lazareto
Lechuga
Lechugal
Lelá Chancó
Lelá Obraje
Letrán
Libertad
Lilillá
Lima
Limarcito
Limar
Limar Segundo
Limonar
Limoncillo
Limoncito
Limoncitos
Limones
Limones
Limones
Limones
Limones
Limón
Limón
Limón
Limón
Limón
Linares
Linares
Liquidámbar
Lívingston
Llanitos
Llanitos
Llano Arado
Llano Coyote
Llano de Ánimas
Llano de Calderón
Llano de Chinchilla
Llano de Guerra
Llano de la Puerta
Llano de las Pitas
Llano de La Virgen
Llano de los Toros
Llano del Pinal
Llano de Morales
Llano de Olintepeque
Llano de Piedra
Llano de Piedras
Llano de San Marcos
Llano de Santiago
Llano Galán
Llano Grande
Llano Grande
Llano Grande
Llano Grande
Llano Grande
Llano Grande
Llano Grande
Llano Grande
Llano Largo
Llano Largo
Llano Largo
Llano Largo
Llano
Llano
Llano San Gaspar
Llanos de San Vicente
Llano Vargo
Llano Verde
Llano Verde
Lo de Batres
Lo de Boc
Lo de Bram
Lo de Bran
Lo de Carranza
Lo de China
Lo de Concuá
Lo de Contreras
Lo de Diéguez
Lo de Enmedio
Lo de Fuentes
Lo de Orrego
Lo de Ortiz
Lo de Reyes
Lo de Reyes
Lo de Rodríguez
Lo de Silva
Lo de Solís
Loma Alta
Loma Alta
Loma de Chavarría
Loma de Enmedio
Loma de González
Loma de Grijalva
Loma de Huitzitzil
Loma de La Zanja
Loma del Viento
Loma Huitzitzil
Loma Larga
Loma Larga
Loma Paja
Loma San Juan
Lomas
Lomas
Loma Tendida
Lomitas
Los Achiotes
Los Achiotes
Los Achiotes
Los Achiotes
Los Achiotes
Los Achiotes
Los Achiotes
Los Achiotillos
Los Ajvix
Los Alambrados
Los Alcarabanes
Los Algodones
Los Almendrales
Los Altarcitos
Los Altos
Los Altos
Los Amates
Los Amates
Los Amates
Los Amates
Los Amates
Los Andes
Los Ángeles Abajo
Los Ángeles
Los Ángeles
Los Ángeles
Los Ángeles
Los Ángeles
Los Ángeles
Los Anonos
Los Apantes
Los Apantes
Los Aristondos
Los Aritos
Los Astales
Los Ayapanes
Los Baños
Los Barcos
Los Bordos
Los Bordos
Los Bordos
Los Bracitos
Los Cajones
Los Calzontes
Los Caneles
Los Canes
Los Cardona
Los Cedros
Los Cerezos
Los Cerritos
Los Cerritos
Los Cerritos
Los Cerritos
Los Cerritos
Los Cerritos
Los Cerritos
Los Cerritos
Los Cerritos
Los Cerritos
Los Cerrones
Los Cerros
Los Chagüites
Los Chajones
Los Chicos
Los Chilamates
Los Chiqueros
Los Chivos
Los Chocayos
Los Chocoyos
Los Chorritos
Los Choyes
Los Ciegos
Los Cimientos
Los Cimientos
Los Cimientos
Los Cipresales
Los Cipreses
Los Cipreses
Los Cipreses
Los Coc
Los Cocos
Los Comunes
Los Corralitos
Los Corralitos
Los Cos
Los Cuá
Los Cubes
Los Cuervos
Los Cux
Los Dolores
Los Duraznales
Los Encuentros de Navajas
Los Encuentros
Los Encuentros
Los Encuentros
Los Encuentros
Los Encuentros
Los Encuentros
Los Encuentros
Los Encuentros
Los Encuentros
Los Encuentros Segundo
Los Esclavos
Los Espinos
Los Fabianes
Los Fajardo
Los Faros
Los Fierros
Los Frutillos
Los Gálvez
Los García
Los Gracianos
Los Guajes
Los Guates
Los Hatillos
Los Hatíos
Los Hernández
Los Horcones
Los Hornitos
Los Hornos
Los Hoyos
Los Humitos
Los Islotes
Los Izotes
Los Izotes
Los Izotes
Los Jazmines
Los Jazmines
Los Jobos
Los Jocotes
Los Jocotes
Los Jometes
Los Jutes
Los Laureles
Los Lemus
Los Leones
Los Limares
Los Limones
Los Limones
Los Limones
Los Limones
Los Llanitos
Los Llanitos
Los Llanos
Los Llanos
Los Llanos
Los Llanos
Los Lochuyes
Los López
Los Lotes
Los Lotes
Los Magueyes
Los Magueyes
Los Manzanales
Los Mezcales
Los Mixcos
Los Molina
Los Muertos
Los Navas
Los Ocotes
Los Ocotes
Los Olivos
Los Olotes
Los Órganos
Los Pacheco
Los Pajales
Los Pajales
Los Pajoc
Los Palmares
Los Palones
Los Pastores
Los Patzanes
Los Paxtes
Los Paz
Los Pérez Mojon
Los Pérez Puente
Los Pinos
Los Pinos
Los Pinos
Los Pinos
Los Pirir
Los Planes
Los Planes
Los Planes
Los Planes
Los Platanares
Los Platanitos
Los Plumajes
Los Pocitos de Barrera
Los Pocitos
Los Pocitos
Los Pocitos
Los Pocitos
Los Potrerillos
Los Pozos
Los Pozos
Los Pozos
Los Pozuelos
Los Puentes
Los Quelex
Los Ramos
Los Ranchos
Los Regadillos
Los Regadíos
Los Regadíos
Los Ríos
Los Riscos
Los Robles
Los Sabanes
Los Sajquil
Los Sandovales
Los Sapitos
Los Sauces
Los Sauces
Los Sequenes
Los Siney
Los Sitios
Los Solís
Los Suretes
Los Tablones
Los Tablones
Los Tablones
Los Tablones
Los Tablones
Los Tablones
Los Talpetates
Los Tecomates
Los Terrones
Los Tezenes
Los Tiestos
Los Trapichitos
Los Trapichitos
Los Trigales
Los Tunayes
Los Turuy
Los Tzoc
Los Uriles
Los Vados
Los Vados
Los Vados
Los Varales
Los Vasos
Los Verdes
Los Vidal
Los Voladores
Los Volantes
Los Xalín
Los Xalín
Los Xocoyos
Lourdes
Lupercia
Lupiná
Macalajau
Macanché
Machacal
Machaca
Machacas
Machaquilaíto
Machaquilá
Machaquilá
Macho Creek
Mactum
Mactún
Mactzuil
Mactzulcab
Mactzulcajib
Mactzul Cuarto
Mactzul
Mactzuloob
Mactzuloxib
Mactzul Primero
Mactzul Quinto
Mactzul Segundo
Mactzul Sexto
Mactzul Tercero
Mactzuluaxaquib
Madre Vieja
Madronales
Maestrillo
Magdalena
Magdalena
Magdalena
Magdalena Milpas Altas
Magueyes
Magueyes
Magueyes
Majada
Majada Rafael Lemus
Majadas
Majadas
Majadas
Malacatancito
Malacatán
Málaga
Malagueta
Mala
Malcinca
Malcotal
Mal País
Mal País
Mal Paso
Mal Paso
Mal Paso
Mal Paso
Manacales
Manaca
Manaco
Managuá
Manantial
Mancherén Chiquito
Mancherén Grande
Manchón
Maneadero
Manglar
Manguito
Manuelón
Manuquib
Manzamillo
Manzanales
Manzanillo
Manzanillo
Manzanillo
Manzanotal
Manzanote
Manzanotes
Manzapote
Mapál
Mapá
Marajuma
Maraxcó
Marcajam
Marcajar
Margarita
María Linda
Maria Montañas
Marías
Marías Montaña
Marichaj
Marillanos
Marimba
Marisco Guapinol
Marisco
Mariscos
Masagua
Masá
Maseta
Mashashapa
Matamoros
Matanzas
Mataquescuintla
Mataquesquintla
Matasano
Matasano
Matasano
Matasano
Matasano
Matías de Gálvez
Matías
Matilisguate
Mávil
Max
Mayuelas
Mazatenango
Media Cuesta
Medio Monte
Mejía
Melchor de Mencos
Melchor Mencos
Melonar
Membrillal
Menocal
Mercedes
Merendoncito
Mesas
Mesetas
Mesía
Mesías
Mesillas Altas
Mesillas Bajas
Mesillas
Mesitas
Mesté
Mestizo
Mezcal
Mico
Milla Cinco
Mimanhuitz
Mina
Minas Abajo
Minas Arriba
Mínas
Minlaja
Miralvalle
Miramar
Miramar
Miramundo
Miramundo
Mirandilla
Miriam
Mirian
Mita
Mixcolabaj
Mixco
Mixco
Mixcos
Mixtán
Moclil
Mocohán
Mocolixot
Moctum
Modesto Méndez
Mogollon Pinula
Mojaca
Mojanales
Mojón de Comalapa
Mojón
Mojón Panimá
Molina
Mollejón Esquipulas
Momostenango
Monaco
Monajales
Monjas
Monjón
Monrovia
Montaña Larga
Montaña Patzún
Montaña Rusa
Montaña Seminole
Montañuela
Monte Barroso
Montecinos
Montecristo
Montecristo
Monte de Oro
Monte Grande
Monte Grande
Monte Grande
Monte León
Monte Llano
Monte Oscuro
Montepeque
Monte Rico
Monte Riquito
Monteros
Monterrico
Monterrico
Monterrico
Montes del Río
Montesinos
Monte Verde
Montezuma
Montezumo
Montúfar El Cedro
Montúfar
Montúfar
Montúfar
Monzón
Morales
Morales
Moral
Mora
Moran
Morán
Morán
Morazán
Morazán
Morazán
Morazán
Morazán
Morola
Morral
Morro Grande
Moxelá
Moyuta
Moyutla
Mucubaltzib
Muluá
Mupo
Muquilá
Murciélago
Murul
Musimbaj
Muy Noble y Muy Leal Ciudad de Santiago de los Caballeros
Muyurcó
Nacahuil
Nacapoxlac
Nacimiento Cansís
Nacimiento Ixbobó
Nacimiento Poité
Nacimiento Río Blanco
Nacimiento Tamarís
Nactún
Nahualá
Nahualate
Nahuatán Grande
Nahuatán
Najquitob
Nance Dulce
Nances Dulces
Nancinta
Nanzal
Naranjales
Naranjales
Naranja
Naranja
Naranjillal
Naranjo
Naranjo
Naranjo
Naranjo
Naranjo
Naranjo
Naranjo
Natalia
Natividad
Navajoa
Navajo
Navajos
Navidad
Nazario Pérez
Nearar
Nebachaj
Nebaj
Negro Norte
Nejapa
Nenojá Segundo
Nentón
Neocopote
New Guatemala
Nicá
Nimacabaj
Nimá
Nimá
Nimá
Nimapá
Nimasac
Nimate
Nimayá
Nimblabenque
Nimblajá
Nimblasajal
Nimblasjal
Niminá
Niño Perdido
Nochán
Nocohan
Noctún
Noria
Novillero
Nucá
Nueva Candelaria
Nueva Candelaria
Nueva Colonia
Nueva Concepción
Nueva Esperanza
Nueva Esperanza
Nueva Guatemala de la Asunción
Nueva Guatemala
Nueva Santa Rosa
Nueva Santa Rosa
Nueva Venecia
Nueva Vista Hermosa
Nuevo Canchón
Nuevo Chuatuj
Nuevo Morazán
Nuevo Pajonal
Nuevo Palmar
Nuevo Progreso
Nuevo Progresso
Nuevo San Carlos
Oajaqueño
Oaxaqueño
Obero
Obraje
Obraje
Obraje
Obrajuelo
Ocanté
Ochol
Ocosito
Ocós
Ocós
Ocotes
Ocotes
Ocubilá
Ocumblá
Ojechejel
Ojechel
Ojercaibal
Ojo de Agua El Coyol
Ojo de Agua Escondido
Ojo de Agua
Ojo de Agua
Ojo de Agua
Ojo de Agua
Ojo de Agua
Ojo de Agua
Ojo de Agua
Ojo de Agua
Ojo de Agua
Ojo de Agua
Ojo de Agua
Ojos de Agua
Olintepeque
Oliveros
Olopa
Olopita
Olvido
Omagua
Omoa
Omoa
Onandaga
Oneida
Onlaj
Oquén
Oratorio
Oratorio
Orchoj
Orégano
Orejas
Oscurana
Oscurana
Ostuncalco
Otacingo
Ovejero
Overo
Pabatoc
Pabiltzaj
Pabinalá
Pablo Creek
Pacacay
Pacacay
Pacac
Pacajá
Pacajón
Pacamaché
Pacamán
Pacamché
Pacanac
Pacá
Pacayalito
Pacayalito
Pachaj
Pachaj
Pachaj
Pachaj
Pachalib
Pachalí
Pachalí
Pachalum
Pachalum
Pachaluncito
Pachay
Pache
Pachicoj
Pachilib
Pachilín
Pachilip
Pachitac
Pachitulul
Pachitur
Pachoch
Pachoc
Pachojob
Pachoj
Pachó
Pachumjá
Pachum
Pachum
Pachum
Pachuté
Pacoc
Pacoc
Pacoc
Pacojito
Pacoj
Pacolbut
Pacorral
Pacotoj
Pacoxom
Pacoxpom
Pacrén
Paculam
Pacul
Pacumal
Pacután
Padre Miguel
Paguayil
Pahoj
Paiconob
Paijá
Paixban
Pajabal
Pajacal
Pajaj
Pajalcal
Pajales
Pajales
Pajales
Pajal
Pajaltac
Pajapa
Pajapita
Pajatz
Pajcó
Pajocá
Pajocojic
Pajonal
Pajón
Pajuil Chex
Pajuil País
Palacal
Palacamá
Pala Grande
Palajab
Palajachuj
Palajuchuj
Palalá
Palamá
Palá
Palá
Palá
Palatzá
Paleinabá
Palencia
Palestina de los Altos
Palestina
Palestina
Paley
Palibatz
Palilic
Palimaché
Palimá
Palín
Palín
Palma
Palma Real
Palmar
Palmar
Palmar
Palmilla Abajo
Palmilla
Palmilla
Palmilla
Palmitas
Palo Amontonado
Palo Blanco
Palo Blanco
Palob
Palo Corcovado
Palo Gorde
Palo Gordo
Palo Grande
Palo Grande
Palo Grande
Palo Grande
Palomora
Palo Negro
Palos Abrazados
Palo Verde
Palo Verde
Pal
Palqui Ojo de Agua
Pamacal
Pamactzul
Pamal
Pamanzana
Pamaxjal
Pamebasal
Pamesabal
Pamesebal
Pamesul
Pamocá
Pampacaya
Pampacché
Pampajché
Pampumay
Pampur
Pamuch
Pamumús
Panabajal
Panabaj
Panabaj
Panacté
Panaguá
Panajabal
Panajachel
Panajachel
Panajax
Panajijay
Panalachaj
Panaluyá
Panalvía
Panamaría
Pananchó
Panán
Pananxilac
Panaranjo
Panatzán
Pancajché
Pancajoc
Panchisivia
Pancho de León
Pancoj
Pandiguis
Paneyá
Panguiney
Panictacaj
Panimacac
Panimaché
Panimaché
Panimacoc
Panimacorral
Panimá
Panimá
Panimaquib
Panimaquim
Panimaquín
Panimaquito
Panimasiguán
Panimatzalam
Panis
Panjaché
Panochal
Panoche
Panorama
Panorama
Paños
Panquiac
Panquix
Pansal
Pansigüís
Pantalox
Panta Tullido
Pantín
Pantoloj
Panucuy
Panyevar
Panzal
Panzós
Paoj
Papalcuapa
Papalguapa
Papalhuapa
Papaljá
Papaturro
Papaturro
Papumay
Paquechelaj
Paquib
Paquib
Paquim
Paquí
Paquip
Paquisís
Paquixic
Paquixic
Paquixjuyú
Páquix
Paraíso
Parajbey
Paraxaj
Paraxquim
Paraxquín
Parcelamiento Agrario Centro Campesino
Parcelamiento Agrario El Abano
Parramos
Parramos
Parraxchaj
Parraxiquín
Parraxquim
Parraxtut
Paruxeché
Pasacjoc
Pasacom
Pasaco
Pasac
Pasac
Pasacuc
Pasacul
Pasajoc
Pasajoc
Pasajón
Pasajquim
Pasaljá
Pasaneb
Pasanjup
Pasarajmac
Pasasagua
Pasbán
Pashapa
Pashjá
Pasmolom
Pasmolón
Paso Caballos
Paso de Comixtún
Paso de Herrera
Paso del Credo
Paso Tecuaco
Pastores
Pasuc
Patachaj
Patache
Pata de Buey
Patalcal
Patanatic
Pata Negra
Pata Renca
Paterno
Patictenam
Patio Bolas
Patio de Bolas
Patios de Trigo
Patí
Patixlán
Patixtenam
Pato Creek
Patoquer
Patulub
Patulub
Patulul
Patunayché
Patut
Patuyú
Patzaj
Patzaj
Patzalam
Patzam
Patzam
Patzanes
Patzibal
Patzicía
Patzicía
Patzijom
Patzité
Patzité
Patzojom
Patzojón
Patzulín
Patzulín
Patzunoj
Patzún
Patzunzún
Patzutzún
Paujil
Pavit
Paxán
Paxashtal
Paxbán
Paxboch
Paxcalté
Paxcamán
Paxilón
Paximbal
Paxixil
Paxmux
Paxocom
Paxocón
Paxoj
Paxorotot
Paxotcab
Paxotoxib
Paxot
Paxot Primero
Paxot Segundo
Paxtocá
Paxucupé
Payá
Payaque
Payatzá
Payoxajá
Pecajbá
Pedregalito
Pedregal
Pedregoso
Pedro
Pedro
Pelillo Negro
Pelillo
Peña Blanca
Peña Blanca
Peña Blanca
Peña Colorada
Peña del Ángel
Peña de La Virgen
Peña de Plata
Peña Flor
Peña Plata
Peña Roja
Peñasco
Peñasco
Peñate
Peñitas
Pepe Nance
Pepesca
Pepinal
Pequot
Peralta
Pericón
Pericos
Petacá
Petanac
Petapa
Petapilla
Petatán
Petenchón
Petén
Petentá
Petz
Pexjá
Pexlá
Pezote
Piache
Pichaín
Pichec
Pichiquiej
Pichiquil
Picuatz
Picú
Pie de la Cuesta
Pie de La Cuesta
Pie de La Cuesta
Pie de Las Flores
Pie del Cerro
Piedra Ancha
Piedra Blanca
Piedra Blanca
Piedra Cuache
Piedra de Amolar
Piedra de Sangre
Piedra Grande
Piedra Grande
Piedra Parada
Piedra Parada
Piedra Parada
Piedra Parada
Piedra Parada
Piedra Partida
Piedra Pintada
Piedra Pintada
Piedra Redonda
Piedra Redonda
Piedras Azules
Piedras Blancas
Piedras Blancas
Piedras Blancas
Piedras de Fuego
Piedras Gordas
Piedras Grandes
Piedras Negras
Piedras Negras
Piedras Negras
Pila de los Moscos
Pila de Moscoso
Pila Escondida
Pila Seca
Pilas
Piletas
Pinales
Pinalito
Pinalito
Pinalito
Pinalón
Pinal
Pinal
Pinares
Pinar
Pineda
Pino Dulce
Pino Gordo
Pino
Pino Santa Cruz
Pinos
Pino Zacatón
Pino Zapatón
Pinpin
Piñuelas
Piñuelas
Piol
Pioquinto
Pipa
Pipiltepeque Abajo
Pipiltepeque
Pitahayas
Pitzal
Pixabaj
Pixcayá
Placetas
Plan Arada
Plancha de Piedra
Plan de Arada
Plan de Jacote
Plan de la Arada
Plan de la Cruz
Plan de La Gloria
Plan de La Lima
Plan de Las Minas
Plan de Lázaro
Plan del Bote
Plan del Carmelo
Plan del Carmen
Plan del Cerro
Plan del Conejo
Plan del Guapinol
Plan del Guineo
Plan del Jocote
Plan del Morro
Plan de Los Achiotes
Plan del Pino
Plan del Sare
Plan del Tigre
Plan de Manzo
Plan de Robles
Planes
Planes
Plan Grande
Plan Grande
Plan Grande
Plan Grande Tatín
Plan Redondo
Plan Redondo
Planta Eléctrica
Plantón
Platanarcito
Platanar
Platanar
Platanillo Oaxaqueño
Platanitos
Plátanos
Platillo
Playa del Coyol
Playa Grande
Playitas
Pochuta
Pocitos de Barrera
Pocitos
Pocitos
Pocohil
Pocojilcab
Pocojil
Pocojil Primero
Pocojil Segundo
Pocolá
Pocó
Poctum
Poctún
Poité Abajo
Poité
Pojopom
Poj
Pologuá
Polujuá
Pombalsé
Pomiscalché
Pontezuela
Pontezuelas
Pontezuelas
Pontezuelos
Poptún
Portezuelo del Norte
Portezuelo
Portezuelo
Portezuelo
Porvenir
Posinicapa
Positos
Potrerillo
Potrerillos
Potrerillos
Potrerillos
Potrerillos
Potreritos
Potrero Carrillo
Potrero de Carrillo
Potrero del Burro
Potrero Español
Potrero Grande
Potrero Grande
Potrero Grande
Potrero Grande
Potrerón
Potrero
Potrero
Poxlajuj
Poxté
Poza del Llano
Poza del Zope
Poza Honda
Pozas Blancas
Pozas de Agua
Pozas
Poza Verde
Poza Verde
Poza Verde
Pozitos
Pozo de Agua
Pozo
Prensas
Primera Joya
Progreso
Progreso
Progreso
Provincia Chiquita
Pucal
Pucá
Pudsilhá
Pueblo Moyuta
Pueblo Nuevo La Reforma
Pueblo Nuevo
Pueblo Nuevo
Pueblo Nuevo
Pueblo Nuevo
Pueblo Nuevo
Pueblo Nuevo
Pueblo Nuevo
Pueblo Nuevo
Pueblo Nuevo Tiquisate
Pueblo Nuevo Viñas
Pueblo Ralo
Pueblo Viejo
Pueblo Viejo
Pueblo Viejo
Pueblo Viejo
Pueblo Viejo
Pueblo Viejo
Pueblo Viejo
Puente Blanco
Puente de la Montaña
Puente de Palo
Puente La Barranquilla
Puente Nahuatán
Puente Plátanos
Puente
Puente Río Plátanos
Puerta Abajo
Puerta de Golpe
Puerta de Golpe
Puerta de Hierro
Puerta del Pito
Puerta del Señor
Puerta Parada
Puerta Privada
Puerto Barrios
Puerto Champerico
Puerto de Champerico
Puerto de Iztapa
Puerto de Matias de Cordoba
Puerto de Matias de Galvez
Puerto De Ocos
Puerto de San José
Puerto de Santo Tomás
Puerto Fluvial Francisco Vela
Puerto Iztapa
Puerto Modesto Mendez
Puerto San José
Puerto Santo Tomás de Castilla
Puerto Viejo
Pujujilito
Pujujil
Pulay
Punta Arena
Punta Arenas
Punta Brava
Punta del Cabo
Punta de Manabique
Punta de Palma
Punta de Pita
Punta de Rieles
Punta El Llano
Punta Herrería
Punta Manabique
Punta Palma
Punta Pita
Puntarenas
Puntas Hondas
Purucilá
Purulhá
Pushilá
Pusilá Abajo
Pusilá
Pusilhá
Putul
Quachipilin
Quacquix
Quebracho
Quebracho
Quebracho
Quebrada Arriba
Quebrada de Agua
Quebrada de Agua
Quebrada de Agua
Quebrada del Muerto
Quebrada de López
Quebrada de los Cangrejos
Quebrada Grande
Quebrada Honda
Quebrada Honda
Quebrada Honda
Quebrada Los Encuentros
Quebrada Seca
Quebrada Seca
Quebrada Seca
Quebrada Seca
Quebradas
Quebraditas
Quecchoch
Quehueche
Quequesiguán
Quequesquillo
Quequexque
Quequexque
Quequexquillo
Quesada
Quesera
Quesiguán
Quetzal
Quetzaltenango
Quetzaltepeque
Quevá
Quexaltenango
Quezada
Quezaltenango
Quezaltepeque
Quiacoj
Quiacquix
Quiajolá
Quiajole
Quiaquixac
Quiaquizúyal
Quiaxaque
Quichelaj
Quichumil
Quiejel
Quiéxaque
Quijquemeyá
Quilá
Quilén Novillo
Quilinco
Quimalá
Quimal
Quinal
Quinel
Quinguá
Quinteros
Quiriguá
Quisaché
Quisayá
Quisil
Quixabaj
Quixac
Quixal Grande
Quixal
Quixal
Quizachal
Rabinalá
Rabinal
Racaná
Racantacaj
Rajoní
Rama de Pino
Ramírez
Ranchería El Almendro
Ranchería Las Delicias
Rancho Bojón
Rancho de Cuero
Rancho de Teja
Rancho de Teja
Rancho de Teja
Rancho Dulce
Rancho El Padre
Rancho Grande
Rancho Quemado
Rancho
Rancho Teja
Rancho Viejo
Raudal Grande
Raxaneb
Raxanep
Raxjul
Raxjut
Raxquin
Raxquix
Raxrrujá
Raxrujá
Recheché Cocales
Recheché
Recibimiento
Recreo Buena Vista
Recuerdo a Barrios
Recuerdo Ocosito
Reforma
Reforma
Reforma
Refugio
Refugio
Refugio
Rejeguero
Relleno
Remate
Retalhuleo
Retalhuleu
Retalhuley
Reyeno
Riachuelito
Riachuelo
Rialey
Rinconcito
Rinconcito
Rincón de Las Flores
Rincón del Burro
Rincon de Leon
Rincón del Judío
Rincón del León
Rincón de Los Negros
Rincón del Río
Rincón de María
Rincón de Santa Bárbara
Rincón El Negrito
Rincón Grande
Rincón Grande
Rincón Grande
Rincón Judío
Rincón La Cuesta
Rincón León
Rincón
Rincón
Rincón
Rincón
Rincón
Rincón Tigre
Río Arriba
Río Arriba
Río Blanco
Río Blanco
Río Blanco
Río Blanco
Río Blanco
Río Blanco Segundo
Río Bonito
Río Bravo
Río Bravo
Río Chiquito
Río Chiquito
Río Chiquito
Río de la Virgen
Río Dulce
Río Frío
Río Frío
Río Grande Abajo
Río Grande Arriba
Río Grande
Río Grande
Río Hondo
Río Hondo
Río Hondo
Río La Virgen
Río Manuel
Río Negro
Río Negro
Río Ocho
Río Paz
Río Pichilingo
Río Poxté
Río Salado
Río San Carlos
Río San Juan
Río Santiago
Río Seco
Río Seco
Río Zarco
Río Zarquito
Rito Bonillo
Roblarcito
Roblarcito
Roblarón
Roblarón
Roblar
Roble Amarillo
Roble Gacho
Roble Grande
Rodeíto
Rodeíto
Rodeo Alto
Rodeo El Espino
Rodeo Espino
Rodeo Las Lajas
Rodeo
Rodeo
Rodeo
Rodeo
Rodeo
Rodeo
Rodeo
Rodeo
Rodriguitos
Rosario
Rosario
Rosario
Rosario
Rosario
Rosarito
Rubelchoc
Rubelococ
Rubelolom
Rubelpec
Rubelquiché
Rubelsaconac
Rubelsanto
Rubeltein
Rubeltem
Rustrián
Ruyalgüit
Sabalpop
Sabal
Sabana Arriba
Sabana Grande
Sabana Larga
Sabaneta
Sabaneta
Sabanetas
Sabanetas
Sabanetas
Sabanetas
Sabinal
Sabob
Sabunul
Sacaal
Sacalá
Sacalá
Sacamil
Sacanaix
Sacanchaj
Sacanix
Sacapulas
Sacaretché
Sacbichol
Sachaf
Sachaj
Saclac
Sacmixit
Sacocpur
Sacojito
Sacoj
Sacoman
Saconac
Sacpic
Sacpulub
Sacpuy
Sacquitizimaaj
Sacquitzimaaj
Sacramento
Sacranix
Sacristal
Sacruz
Sacsiguán
Sacsi
Sacsuy
Sactá
Sacuchum
Sacuk
Sacul
Sacuyó
Sagrado Corazón
Saguachil
Sahilá
Sajalal
Sajcap
Sajcavillá
Sajcuín
Sajquim
Sajul
Salamacueco
Salamar
Salamá
Salamay
Salamit
Salamo
Salam
Salcajá
Salfate Abajo
Salfate
Salfate
Salinas Magdalena
Salinas Nueve Cerros
Salinas
Salinas
Salinas Santa Rosa
Salitre
Salitre
Salitre
Salitrón
Salpet
Salquil
Saltán
Samaché
Samac
Samalá
Samastún
Samastú
Samayac
Samayí
Samororo
Samororo
Sampaquisoy
Samsur
Samurra
Sanabaj
San Agustín Acasaguastlán
San Agustín Pacayá
San Agustín
San Agustín
Sanajabá
San Andrés Ceballos
San Andrés Chápil
San Andrés Huehuetenango
San Andrés Huista
San Andrés Itzapa
San Andrés Sajcabajá
San Andrés
San Andrés
San Andrés
San Andrés
San Andrés
San Andrés
San Andrés
San Andrés Semetabaj
San Andrés Villa Seca
San Andrés Xecul
San Ángel
San Antonio Aguas Calientes
San Antonio Chivac
San Antonio del Angel
San Antonio El Ángel
San Antonio El Naranjo
San Antonio El Órgano
San Antonio El Sitio
San Antonio El Socorro
San Antonio Flores
San Antonio Huista
San Antonio Ilotenango
San Antonio Ixtacapa
San Antonio Lajas
San Antonio La Noria
San Antonio La Paz
San Antonio Las Brisas
San Antonio Las Flores
San Antonio Las Flores
San Antonio Las Flores
San Antonio Las Flores
San Antonio Las Lomas
San Antonio Las Nubes
San Antonio Las Trojes
San Antonio Limones
San Antonio Miramar
San Antonio Nejapa
San Antonio Nimá
San Antonio Pacajá
San Antonio Pajoc
San Antonio Palopó
San Antonio Panimaquin
San Antonio Papaturro
San Antonio Pasajoc
San Antonio Sacatepéquez
San Antonio
San Antonio
San Antonio
San Antonio
San Antonio
San Antonio
San Antonio
San Antonio
San Antonio
San Antonio
San Antonio
San Antonio
San Antonio
San Antonio
San Antonio Serchil
San Antonio Sija
San Antonio Socorro
San Antonio Suchitepéquez
San Antoñito
Sanarate
Sanarate
San Barlotomé Milpas Altas
San Bartolomé Jocotenango
San Bartolomé Milpas Altas
San Bartolomé
San Bartolomé
San Bartolo
San Bartolo
San Bartolo
San Benito
San Benito
San Bernardino
San Bernardo
San Blas
San Buenaventura
San Carlos Alzatate
San Carlos
San Carlos
San Carlos
San Carlos
San Carlos Sija
San Cayetano
Sanchico
San Clemente
San Cristóbal Acasaguastlán
San Cristóbal Cucho
San Cristóbal El Alto
San Cristóbal El Bajo
San Cristóbal Frontera
San Cristóbal
San Cristóbal
San Cristóbal
San Cristóbal
San Cristóbal
San Cristóbal
San Cristóbal
San Cristóbal Totonicapán
San Cristóbal Verapaz
San Diego
San Diego
San Diego
San Diego
San Diego
San Esteban
San Esteban
San Felipe de Jesús
San Felipe El Viejo
San Felipe Las Tablas
San Felipe
San Felipe
San Felipe
San Felipe
San Felipe
San Felipe
San Felipe
San Fernando
San Fernando
San Francisco Buena Vista
San Francisco Chuatuj
San Francisco del Mar
San Francisco de Sales
San Francisco El Alto
San Francisco Julaín
San Francisco La Palma
San Francisco Las Flores
San Francisco La Unión
San Francisco Los Hoyos
San Francisco Madre Vieja
San Francisco Poza Verde
San Francisco
San Francisco
San Francisco
San Francisco
San Francisco
San Francisco
San Francisco
San Francisco
San Francisco
San Francisco
San Francisco
San Francisco Taquincó
San Francisco Zapotitlán
San Gabriel Pansuy
San Gabriel
San Gabriel
San Gabriel
San Gaspar Ixchil
San Gaspar
San Gaspar
San Gaspar
San Gil
Sangre de Cristo
San Gregorio
San Guan de Dios
Sanguayabá
San Ignacio
San Ignacio
San Ignacio
San Ignacio
San Ildefonso Ixtahuacán
San Ildefonso
San Isidro Botón Blanco
San Isidro Ixcolochil
San Isidro Labrador
San Isidro Morazan
San Isidro
San Isidro
San Isidro
San Isidro
San Isidro
San Isidro
San Isidro
San Isidro
San Isidro
San Ixtán
San Jacintillo
San Jacinto
San Jacinto
San Jacinto
San Javier
Sanjay
San Jerónimo
San Jerónimo
San Jerónimo
San Jerónimo
San Joaquín
San Joaquín
San Joaquin
San Joaquín
San Joaquín
San Jorge La Laguna
San Jorge
San Jorge
San José Acatempa
San José Arada
San José Bejucal
San José Belice
San José Buena Vista
San José Caben
San José Chacayá
San José Chibuj
San José Chiquilajá
San José Chiquito
San José de Guatemala
San José del Golfo
San José El Espinero
San José El Golfo
San José El Ídolo
San José El Tablón
San José Granados
San José Hueviapa
San José Ixjoyón Ojetenán
San José Ixjoyón
San José Ixtal
San José La Arada
San José Las Cañas
San José Las Flores
San José Las Flores
San José Las Islas
San José Las Lágrimas
San José Las Minas
San José Las Navajas
San José Las Pilas
San José Mogollón
San José Nacagüil
San José Nacahuil
San José Nil Chiquito
San José Ojetenam
San José Ojetenán
San Jose Pachimachó
San José Panimachó
San José Pinula
San José Poaquil
San José Rama Blanca
San José
San José
San José
San José
San José
San José
San José
San José
San José
San José
San José
San José Suchicul
San José Trapiche Grande
San José Xulá
San Juan Acul
San Juan Alotenango
San Juan Amatitlán
San Juan Arana
San Juan Atitán
San Juan Atitlán
San Juan Bautista
San Juan Chamelco
San Juancito
San Juan Cotzal
San Juan de Arana
San Juan de Dios
San Juan de la Ermita
San Juan del Obispo
San Juan El Aguacate
San Juan El Cerrito
San Juan Ermita
San Juan Gascón
San Juan Ixcoy
San Juan La Isla
San Juan La Laguna
San Juan Las Minas
San Juan Melendrés
San Juan Meléndrez
San Juan Mixtán
San Juan Obispo
San Juan Ostuncalco
San Juan Sacatepéquez
San Juan Salamo
San Juan
San Juan
San Juan
San Juan
San Juan
San Juan
San Juan
San Juan
San Juan
San Juan
San Juan
San Juan
San Juan
San Juan Tapalapa
San Juan Tecuaco
San Julián
San Lorencito
San Lorenzo El Cubo
San Lorenzo El Tejar
San Lorenzo
San Lorenzo
San Lorenzo
San Lorenzo
San Lorenzo
San Lorenzo
San Lorenzo
San Lucas Choatacaj
San Lucas Sacatepéquez
San Lucas
San Lucas
San Lucas Tolimán
San Luis Buena Vista
San Luis Güishoro
San Luis Ilopango
San Luis Ixcán
San Luis Jilotepeque
San Luis Las Carretas
San Luis
San Luis
San Luis
San Luis
San Luis
San Luis
San Luis
San Luis
San Luis
San Manuel Chaparrón
San Manuel
San Marcos Huista
San Marcos La Laguna
San Marcos La Union
San Marcos
San Marcos
San Marcos
San Marcos
San Marcos
San Marcos
San Marcos
San Martín Chiquito
San Martineros
San Martín Jilotepeque
San Martín Sacatepéquez
San Martín
San Martín
San Martín
San Martín
San Martín
San Martín
San Martín
San Martín
San Martín Zapotitlán
San Mateo Ixtatán
San Mateo Milpas Altas
San Mateo
San Mateo
San Matías
San Matías
San Matías
San Miguel Acatán
San Miguel Aroche
San Miguel Chicaj
San Miguel Dueñas
San Miguelito Calahuaché
San Miguelito
San Miguelito
San Miguelito
San Miguelito
San Miguelito
San Miguel Ixtahuacán
San Miguel Las Flores
San Miguel Mapá
San Miguel Milpas Altas
San Miguel Morazán
San Miguel Panán
San Miguel Petapa
San Miguel
San Miguel
San Miguel
San Miguel
San Miguel
San Miguel
San Miguel
San Miguel
San Miguel
San Miguel Sigüilá
San Miguel Tucurú
San Miguel Uspantán
San Nicolás
San Nicolás
San Nicolás
San Nicolás
San Nicolás
San Nicolás
San Nicolás
San Pablo Jocopilas
San Pablo Laguna
San Pablo La Laguna
San Pablo
San Pablo
San Pablo
San Pablo
San Pablo
San Pablo
San Patricio
San Pedra
San Pedrito
San Pedrito
San Pedro Ayampuc
San Pedro Cadenas
San Pedro Carchá
San Pedro Cutzán
San Pedro Jocopilas
San Pedro La Gaguna
San Pedro La Laguna
San Pedro Las Huertas
San Pedro Nahualate
San Pedro Necta
San Pedro Petz
San Pedro Pinula
San Pedro Sacatepéquez
San Pedro Sacatepéquez
San Pedro
San Pedro
San Pedro
San Pedro
San Pedro
San Pedro
San Pedro
San Pedro
San Pedro Soloma
San Pedro Yepocapa
Sanquijuela
San Rafael Bocol
San Rafael Cerro Blanco
San Rafael El Rosario
San Rafael Guativil
San Rafael Independencia
San Rafael La Independencia
San Rafael Las Flores
San Rafael Las Flores
San Rafael Las Flores
San Rafael Pacayá
San Rafael Petzal
San Rafael Pie Cuesta
San Rafael Pie de La Cuesta
San Rafael Pié la Cuesta
San Rafael Sacatepéquez
San Rafael
San Rafael
San Rafael
San Rafael
San Rafael
San Rafael
San Rafael
San Rafael
San Rafael
San Rafael Soche
San Rafael Ygüil
San Raimundo
San Raimundo
San Ramón
San Ramón
San Ramón
San Raymundo
Sansare
Sansayo
San Sebastián Coatán
San Sebastián Huehuetenango
San Sebastián Lemoa
San Sebastián
San Sebastián
San Sebastián
San Sebastián
San Sebastián
Sanshico
San Simón
Sansirisay
Sansirisay
Sansirizoy
Sansuque
Sansur
Sansurutate
Santa Amelia
Santa Ana Belén
Santa Ana Chimaltenango
Santa Ana Huista
Santa AnaMalacatán
Santa Ana Mixtán
Santa Ana
Santa Ana
Santa Ana
Santa Ana
Santa Ana
Santa Ana
Santa Ana
Santa Anita Nistiquipaque
Santa Anita
Santa Anita
Santa Anita
Santa Anita
Santa Apolonia
Santa Bárbara Lo de Lac
Santa Bárbara
Santa Bárbara
Santa Bárbara
Santa Bárbara
Santa Bárbara
Santa Bárbara
Santa Bárbara
Santa Bárbara
Santa Bárbara
Santa Catalina
Santa Catalina
Santa Catarina Arriba
Santa Catarina Barahona
Santa Catarina Ixtahuacán
Santa Catarina Mita
Santa Catarina Palopó
Santa Catarina Pinula
Santa Catarina
Santa Catarina
Santa Catarina
Santa Clara La Laguna
Santa Clara
Santa Clara
Santa Clara
Santa Clara
Santa Clara
Santa Clara
Santa Clara
Santa Clarita
Santa Cruz Balanyá
Santa Cruz de Chinautla
Santa Cruz del Quiché
Santa Cruz El Chol
Santa Cruz La Laguna
Santa Cruz Muluá
Santa Cruz Naranjo
Santa Cruz
Santa Cruz
Santa Cruz
Santa Cruz
Santa Cruz
Santa Cruz
Santa Cruz
Santa Cruz
Santa Cruz
Santa Cruz Verapaz
Santa Domingo Xenacoj
Santa Elena Barillas
Santa Elena
Santa Elena
Santa Elena
Santa Elena
Santa Elena
Santa Elena
Santa Eulalia
Santa Fe
Santa Gertrudis
Santa Gertrudis
Santa Herminia
Santa Inés Chivac
Santa Inés Petapa
Santa Inés Pinula
Santa Inés
Santa Inés
Santa Irene
Santa Isabel
Santa Isabel
Santa Isabel
Santa Isabel
Santa Isabel
Santa Lucía Cotzumalguapa
Santa Lucía La Reforma
Santa Lucía Lochuyes
Santa Lucía Milpas Altas
Santa Lucía Sabaneta
Santa Lucía
Santa Lucía
Santa Lucía
Santa Lucía
Santa Lucía
Santa Lucía
Santa Lucía
Santa Lucía
Santa Lucía Segundo
Santa Lucía Utatlán
Santa María Cauqué
Santa María Chiquimula
Santa María de Jesús
Santa María de Jesús
Santa María El Naranjo
Santa María Ixhuatán
Santa María Naranjo
Santa María
Santa María
Santa María
Santa María
Santa María
Santa María
Santa María
Santa María
Santa María Visitación
Santa Marta el Mar
Santa Marta Meléndrez
Santa Marta
Santa Marta
Santa Marta
Santa Marta
Santa Marta
Santa Marta
Santana
Santa Rita
Santa Rita
Santa Rita
Santa Rita
Santa Rita
Santa Rita
Santa Rosa Chucuyub
Santa Rosa de Lima
Santa Rosalía
Santa Rosalía
Santa Rosalía
Santa Rosa
Santa Rosa
Santa Rosa
Santa Rosa
Santa Rosa
Santa Rosa
Santa Rosa
Santa Rosa
Santa Rosa
Santa Rose de Lima
Santa Rosita
Santa Rosita
Santa Rosita
Santa Rosita
Santa Teresa
Santa Teresa
Santa Teresa
Santa Teresa
Santa Teresita
Santa Teresita
Santa Victoria
Santiago Atitlán
Santiago Chimaltenango
Santiago de Guatimala
Santiago de los Caballeros de Guatemala la Nueva
Santiago de los Caballeros de Guatemala
Santiago Petatán
Santiago Sacatepéquez
Santiago
Santiago
Santiago
Santiago
Santiago Zamora
Santiaguito
Santo Domingo Los Ocotes
Santo Domingo Nancinta
Santo Domingo
Santo Domingo
Santo Domingo
Santo Domingo
Santo Domingo
Santo Domingo
Santo Domingo
Santo Domingo
Santo Domingo Suchitepéquez
Santo Domingo Xecanoj
Santo Domingo Xenacoj
Santo Tomás Chichicastenango
Santo Tomás de Castilla
Santo Tomás La Unión
Santo Tomás Milpas Altas
Santo Tomás
Santo Tomas
Santo Tomás
Santo Toribio
San Vicente Buenabaj
San Vicente Cahaboncillo
San Vicente Chicatál
San Vicente Mártir
San Vicente Pacaya
San Vicente Pacayá
San Vicente
San Vicente
San Vicente
San Vicente
San Vicente
San Xan
Sanyuyo
Sapatá
Sapuyuca
Saquibal
Saquib Segundo
Saquicol Chiquito
Saquicol
Saquijá
Saquilná
Saquinol Chiquito
Saquiquib
Saquiquib
Saquitacaj
Saquixim
Saquixquib
Saquixún
Saquiyacab
Saquiyá
Saquiyá
Saraquén
Sargento
Sarimá
Sarranx
Sarraxquén
Sarstoon
Sarstún Creek
Sarstún
Sashico
Saspán
Satexá
Satex
Satzí
Sauce
Sauce
Sauces
Saushul
Sayaxché
Sayazché
Seabaj
Seabas
Seamay
Seamay
Seaquitzimay
Searranx
Searranx
Searranz
Sebach
Sebac
Sebep
Sebilá
Sebob
Sebol
Secaaché
Secacpur
Secalá
Secampamá
Secampanac
Secampana
Secanché
Secanquim
Secansín
Secaquitzimay
Seceb
Sechacalté
Sechactí
Sechaj
Secheu
Sechinacté
Sechiquito
Sechum
Seclac
Secocbol
Secocpur
Secomococh
Secomontul
Secomuxán
Seconón
Secoró
Secoyab
Secoyob
Secoyoucoch
Secoyou
Secruzyac
Sec
Secuabón
Secvuamó
Seguachil
Seguamó
Seguolguol
Seibal
Sejabal
Sejabás
Sejalauté
Sejá
Sejauté
Sejix
Selauté
Selijá
Semabilá
Semachaca
Semachaquilá
Semac
Semanzana
Semar
Semau
Semejá
Semetabaj
Semillero
Semil
Seminole
Semococh
Semox
Semox
Semuc
Semuy
Semuy
Senahú
Sencaal
Séneca
Sepacuité
Sepacvité
Sepatá
Sepelá
Sepemech
Sepemech
Sepemoch
Sepoc
Sepojxic
Sepur
Sequilá
Sequilá
Sequivillá
Sequixché
Sequixpec
Sequixpur
Sequixquib
Serchil
Serocalam
Serraxic
Sesab
Sesacar
Sesacar
Sesacpec
Sesacpoc
Sesajal
Sesaltul
Sesapec
Sesaquiquib
Seseb
Seselá
Sesesmilito
Sesoch
Sesteadero
Sesuchaj
Sesutzuj
Setoc
Setul
Setuts
Setutz
Setzacpec
Setzapec
Setzimaj
Setzí
Setzol
Setzuc
Seubub
Sexamch
Sexamoch
Seyamch
Seyenabá
Seyenebá
Shalaguá
Shanshul
Shaushul
Shical
Shinshín
Shulá
Shupá Primero
Shupá Segundo
Shupá
Shusho Abajo
Shusho Arriba
Shusho
Shutimita
Sibacá
Sibaná
Sibiché
Sibicté
Sibilá
Sibilia
Sibinal
Sicabé
Sicaché
Sichivilá
Sichugil
Sierra Mejada
Sierra Mojada
Siete Pinos
Siete Tambores
Siguatiupa
Sigüilá
Sija
Silas
Sillín
Sillón
Simajuleu
Simajutiú
Sinacantán
Sinaca
Sinaneca
Sinanjá
Sinchín
Sincuya
Sintaná
Sioux
Sioux Wye
Sipacapa
Sipacate
Siquibal
Siquichum
Siquinalá
Siquival
Sisbaljá
Sisiltepeque
Sitio de Las Flores
Sitio del Niño
Sitio Naranjo
Sitio
Sitio Viejo
Sivinal
Smau
Soche
Soch
Soconoc
Socorro
Socotoco
Solapado
Soledad Colorado
Soledad Grande
Soledad
Soledad
Soledad
Sololá
Soloma
Songotongo
Sonora
Sonté
Sordos
Soselá
Soselá
Soselá
Soslagunas
Sotzil
Soyate
Soyate
Suacité
Subajasum
Subajasún
Subchal
Subinal
Suchiate
Suchicul
Suchiquer
Suchitán
Sucuj
Sucúlique
Sucum
Sulay
Sumache
Sumal Grande
Sumal
Sumpango
Sunzapote
Sunzapote
Sunzapote
Suquinay
Suquite
Suquix
Suspiro
Sutún
Suyate
Suyil
Switch Molina
Tabacal
Tabacal
Tabancas
Tabloncito
Tablón de Cayur
Tablón de Gámez
Tablón de Gómez
Tablón del Ocotal
Tablón de Mesas
Tablón de Sulay
Tablones
Tablón Ojo de Agua
Tablón San Bartolo
Tablón
Tablón
Tablón
Tablón
Tacajalbé
Tacajalvé
Tacaná
Tacatón
Tachoche
Tachote
Tacó Arriba
Tactic
Tacuenté
Tacululús
Tafu
Taguayní
Tahuainí
Tahuesco
Tahuexco
Tajál
Tajaral
Tajuchuch
Tajumuc
Tajumulco
Tajún
Talaxcoc
Talbijoj
Talco
Talisgüite
Talismán
Talmax
Talpetates
Talpetates
Talpetate
Talpetatillo
Talquesal
Talquezal
Talquezal
Taltute
Tamagás
Tamagáz
Tamahú
Tamarindo
Tambor
Tambor
Tameja
Tamiz
Tampico
Tampoc
Tampó
Tanajuyú
Tanchí
Tancushapa
Tanilar
Tánil
Tanjoc
Tanshá
Tanusté
Tapacún
Tapaljocote
Tapatá
Tapazán
Tapesquillo
Tapezquillo
Taplón
Tapuán
Taquincó
Taracena
Tareas
Tarral
Tashán
Tasharja
Tasheca
Tasquegüite
Tasquehuite
Tatasirire
Tatín
Tatutú
Taxarjá
Taxarté
Taxisco
Tecelchacán
Tecojate
Tecomapa
Tecomates
Tecpam
Tecpán Guatemala
Tecpán
Tectipan
Tectitán
Tectitlan
Tecuaco
Tecuamburro
Teculután
Tecusiate
Tehuana
Tejar
Tejas
Tejutla
Telemán
Telená
Telpocate
Temax
Tempiscón
Tempisque
Tempisque
Temux
Tenedores
Tenexte
Teninquín
Teocinte
Tepeaco
Tepeguajal
Tepemechines
Tepescuinte
Tepezcuinte
Tepuán
Tequisate
Terreno
Terrerito
Terrerito
Terrero Barroso
Terrero
Terrero
Terrero
Terrero
Terrero
Terrero
Terrones
Tesoro Arriba
Tesoro
Tesoro
Tetunte
Texcuaco
Texolbé
Tiargüí
Ticanlú
Tichac
Ticultá
Tierra Blanca
Tierra Blanca
Tierra Blanca
Tierra Blanca
Tierra Blanca
Tierra Colorada
Tierra Colorada
Tierra Colorada
Tierra Colorada
Tierra Colorada
Tierra Colorada
Tierra Colorada
Tierra Colorada
Tierra Colorado
Tierra Colorado
Tierra Mala
Tierra Mojada
Tierra
Tiestos
Tikal
Tikan Sakan
Tilapa
Timacté
Timajté
Timax
Timté
Timushán
Timushán
Timuxán
Tinajab
Tinajas
Tinajas
Tintaché
Tintón
Tintuleu
Tioxyá
Tiquinsacán
Tiquisate
Tiquizate
Tiritibol
Tisamarté
Tishical
Tishinté
Tisipe
Tisizón
Tisubin
Tituc
Tituque
Tiúcal Arriba
Tiúcal
Tixel
Tixinté
Tizaquín
Tizubín
Toacá
Toajlaj
Tobar
Tobón
Tocache
Tocache
Tocal
Tocolá
Todos Santos Cuchumatanes
Todos Santos Cuchumatán
Todos Santos
Tojalic
Tojcail
Tojcham
Tojcheluc
Tojchiguel
Tojchina
Tojchiquel
Tojchol
Tojcomán
Tojcom
Tojcorral
Toj Guabil
Toj Guavil
Tojmech
Tojquián Chico
Tojquián Grande
Tojquiá
Tojxin
Toma de Agua
Tomtem
Tonajuyú
Toncontín
Tonicoj
Tonquín
Tontem
Tontola
Tontoles
Tontolos
Tontolo
Tontol
Toquelá
Toquián Grande
Toquián
Torres
Totonicapán
Trancas
Transvaal
Trapiche Abajo
Trapiche de Agua
Trapiche de Vargas
Trapiche Grande
Trapiche
Trapiche Vargas
Trapiche Viejo
Trapichitos
Trapichitos
Trapichito
Trapichito
Trapichito
Trapichito Viejo
Trasbal
Trece Aguas
Trementina
Tres Ceibas
Tres Cruces
Tres Cruces
Tres Cruces
Tres Naciones
Tres Pinos
Tres Pinos
Tres Puentes
Tres Quebradas
Tres Sabanas
Tripa de Gallina
Triunfo
Troja Vieja
Trojes
Tronco del Cedro
Trujillo
Tuacá
Tubán
Tuba
Tucunel
Tucurú
Tuichán
Tuichilupe
Tuichim
Tuicoche
Tuicoch
Tuijonoc
Tuilá
Tuilcanabaj
Tuiloplatzán
Tuimuj
Tuinimá
Tuinimá
Tuininhuitz
Tuipic
Tuipox
Tuisachix
Tuispic
Tuitzcán
Tuitzibil
Tuitzisbil
Tuixcox
Tujolom
Tular
Tulate
Tula
Tulumagillo
Tulumagio
Tulumaje
Tulumajillo
Tumayac
Tumbador
Tunajá
Tunal
Tunas
Tuna
Tuna
Tunayac
Tuncaj
Tunucó Abajo
Tunucó
Tupiltepeque
Tupulcán
Turbalá
Tusam
Tushico
Tuticopote Abajo
Tuticopote Arriba
Tuticopote
Tutico
Tuxipech
Tuzam
Tuzán
Tzábal
Tzajcab
Tzalamabaj
Tzalamabaj
Tzalamtum
Tzalanabaj
Tzalbal
Tzanatzán
Tzancquib
Tzanimacabaj
Tzanixnam
Tzanjón
Tzanjoyam
Tzanjuyub
Tzanjuyú
Tzanmucubal
Tzayá
Tzeltaj
Tziajá
Tzicojach
Tzimatzatz
Tzipoclaj
Tziquiná
Tznúnu
Tzucop
Tzucubalbé
Tzucubal
Tzuján
Tzulá
Tzumumá
Tzuná
Tzuncal
Tzunumá
Tzununá
Tzununcap
Uaxactún
Ucalbitz
Ujuxte
Ulpán
Ulutelac
Umaña
Unión Barrios
Unión
Unión
Unión
Unión
Upayón
Urbina
Urlanta
Uruguay
Uruguay
Uspantán
Usumatlán
Us
Uvas
Uzumatlán
Vacas
Vado Ancho
Vado Ancho
Vado Ancho
Vado de Don Juan
Vado Hondo
Vado Hondo
Vado Hondo
Vainillas
Vainilla
Valencia
Valencia
Valentón
Valeriano
Valle Abajo
Valle Arriba
Valle Arriba
Valle de Dolores
Valle de Jesús
Valle de los Portillo
Valle Dolores
Valle El Platanar
Valle Nuevo
Valle Nuevo
Valle Nuevo
Valle Nuevo
Vaquilito
Varales
Varejones
Vargas
Varituc
Varsovia
Vásquez
Vega Arriba
Vega de la Hamaca
Vega del Almendro
Vega del Chile
Vega del Cobán
Vega del Limón
Vega del Sandial
Vega del Volcán
Vega del Volcán
Vegas del Chile
Vegas de Santo Domingo
Vegas Santo Domingo
Veguitas
Veguitas
Velásquez
Venecia
Venecia
Ventana Abaj
Veracruz
Versalles
Vertientes
Victoria
Viejas Casas
Vilil
Villa Alicia
Villa Anales
Villa Canales
Villa Hermosa
Villa Hermosa
Villa Linda
Villa Nueva
Villa Nueva
Viltac
Virginia
Visnagras
Vista Bella
Vista Hermosa
Vista Hermosa
Vivares
Vixbén
Volcancitos
Volcán
Volcán
Voltario
Vuelta del Guayacán
Vuelta El Roble
Vuelta Grande
Vuelta Grande
Vuelta Grande
Vuelta Grande
Vuelta Grande
Vuelve Mujer
Ware Creek
Warey
Warre Creek
Xabil
Xabiyaguach
Xab
Xacaxá
Xachimoxán
Xacoxol
Xajal
Xajaxac
Xajxac
Xalaguá
Xalbaquiej
Xaquijyá
Xatinab
Xatinap
Xatzán
Xayá
Xayá
Xeabajcab
Xeabaj Primero
Xeabaj Segundo
Xeabaj
Xeabaj
Xeabaj
Xeabaj
Xeabaj
Xeaj
Xebalamguac
Xebalamguac
Xebalanguac
Xebillaguach
Xecachelaj
Xecajá
Xecalibal
Xecalibal
Xecampanabitz
Xecam
Xecanchavox
Xecanuleu
Xecaquixcán
Xecaracoj
Xecax
Xechivoy
Xecohíl
Xecoíl
Xecojá
Xecol
Xecotoj
Xecoxol
Xecoxó
Xegüel
Xejabí
Xejabí
Xejaví
Xejaxac
Xejip
Xejolón
Xejul
Xejuyeu
Xejuyub
Xejuyub
Xejuyub
Xejuyú
Xejuyú
Xelacán
Xelam
Xémal
Xémal
Xenacoch
Xenacoj
Xenacoté
Xenaeoj
Xenaxicul
Xenimajuyú
Xenimaquín
Xeococ
Xepaché
Xepach
Xepac
Xepalamá
Xepanil
Xeparquiy
Xepatán
Xepatuj
Xepec
Xepiacul
Xepocol
Xepol
Xepón
Xeputul
Xequel
Xequemeyá
Xequistel
Xeraxaj
Xesaclac
Xesacmaljá
Xesajbín
Xesajcab
Xesaná
Xesará
Xesibacbitz
Xesic
Xesiguán
Xesuc
Xesuj
Xetabal
Xetacabaj
Xetalbiljoj
Xetenam
Xetinamit
Xetinamit
Xetonox
Xetzac
Xetzac
Xetzisí
Xetzitzí
Xexac
Xexaná
Xexocom
Xicacao
Xichiquel
Ximajuleu
Ximay
Ximbaxuc
Xinacatí
Xiprián
Xiquiná
Xiquín Sanai
Xixviac
Xix
Xobor
Xococ
Xocom
Xolacoy
Xolá
Xolbeyá
Xolchún
Xolcoy
Xoljuyub
Xoloché
Xolpic
Xolsacmaljá
Xolvellá
Xoncá
Xopacal
Xororaguá
Xostac
Xoxlac
Xoxtac
Xubajasum
Xucaneb
Xuctzul
Xucubué
Xujchay
Xulá Copepé
Xulá
Xulá
Xulú
Yabalquix
Yajaucú
Yalambojoch
Yalanculuz
Yalantán
Yalcachimbá
Yalchactí
Yalcoc
Yalicar
Yalicoc
Yalipur
Yaliput
Yalmoján
Yalpemech
Yaltoyas
Yaltoyá
Yaltutú
Yamoj
Yascap
Yashá
Yat
Yaxanlac
Yaxá
Yaxá
Yaxtunjá
Yepocapa
Yerbabuena
Yerbabuena
Yerbabuena
Yerbabuena
Yerbabuena
Yerbabuena
Yiquiché
Yocón
Yojoa
Yolanquisis
Yoláquitac
Yolcultac
Yolcutac
Yolhuitz Grande
Yolhuitz
Yolicham
Yolonquisis
Yolsinís
Yoltenam
York
Yoxaclá
Yoxajá
Yoxoclá
Yucales
Yucal
Yuinimá
Yulachequé
Yulá San Juan
Yulchén
Yulhuitz
Yulmacap
Yupiltepeque
Yuxén
Yuxquén
Zacapa
Zacualpa
Zacualpa
Zacuapa
Zacuapa
Zaculeu
Zaculeu
Zanjón de Agua
Zanjón El Tiesto
Zanjón San Lorenzo
Zapotal
Zapotal
Zapote del Bálsamo
Zapote
Zapote
Zapote
Zapote
Zapotitlancito
Zapotitlán
Zaragoza
Zarquito
Zarzal
Zarzal
Zarzamora
Zarzona
Zelandia
Zompopero
Zompopero
Zompopero
Zorrillos
Zorrillo
Zuncal
Zunilito
Zunil
Zunzapote
Zunzo
