Abene
Abigna
Abu
Abul
Abulzinho
Acajiriba
Acampamento
Acanhe
Acanho
Acarabe
Achada do Burro
Achinde
Acnú
Acôcó
Acom
Acubedé
Acuminca
Acuno
Afanque
Áfià
Áfià
Áfia
Áfià
Áfià
Áfia Ba Demba
Áfià Demba
Áfià Demba Jamanca
Áfià do Governador
Afuossa Nabiole
Agongo de Corêto
Agongo de Eguba
Agongo-Eguba
Água Verde
Águirà
Áidarà Balanta
Áidarà Beafada
Alabato
Alafissa
Aldeia
Aldeia de Cuor
Aldeia do Cuhor
Aldeia Formosa
Aldeia Nova
Alfá
Algodão
Álià
Aliel
Alimo
Aliu
Aliu Burè
Aliu Jaia
Aliu Jai
Aliu Jau
Almane Fonsom
Ama Seidi
Ambacanã
Ambacanan
Ambanhe
Ambduco
Ambeduco
Ambeno
Ambereno
Ambiur
Amboim
Amboje
Ambonhe
Ambuduco
Ambum
Amburco
Amedalai
Amedalai
Amedalai
Amedalai
Amehie
América
Ameta
Ametite
Amidara
Amina Dala
Amizade
Amone
Amonho
Amora
Ampincha
Anaburu
Anambê
Anambe Balanta
Anane
Ananhô
Ancabasse
Ancabine
Ancádáque
Ancadena
Ancadona
Ancagumé
Ancajibe
Ancalhe
Ancalho
Ancamba
Ancaminha
Ancaminho
Ancamona
Ancamone
Ancaname
Ancaninho
Ancano
Ancaquéa
Ancaquiá
Anchorope
Anchorupe
Anconhi
Ancopado
Ancopate
Ancoronho
Ancumba
Ancumbo
Andebe
Andom
André
Anecuene
Angá
Angane
Angaura
Angodigo
Angojiga
Angongo
Anguba
Angumba
Angumba
Angumpa
Anha
Anha Futa-Fula
Anha Futa-Fulag
Anhaura
Anhimango
Aniamango
Aniguna
Anipoco
An-onhe
Anonhô
Anóra
Anôr
Anpinche
Ansonhe
Antotinha
Antotinhamezinho
Antpostos
Antuane
Apilho
Apilho Balanta
Aquinchá
Arame
Areia
Areia Branca
Aria
Arranja a Vida de Baixo
Arranja a Vida de Cima
Arria
Assela
Atanque
Auja
Babacha
Babanda
Bãbeme
Babol
Babonda
Babul
Bacalã
Bácar
Bácar Chucael
Bácar Dado
Bacar Djau
Bácar Ioba
Bácar Jau
Bácar Júlerè
Bácar Lal
Bácar Lèli
Bachamor
Bachegue
Bachetebacute
Bachetecor
Bachile
Bachile Fanho
Bachute
Badâ
Badancar
Badápal
Badem
Badica
Badiguê
Badjocunda
Badumbo
Bafatá
Bafatá
Bafatandim
Bafundade
Bafundande
Bagadage
Bagadaje
Bagey
Bagine
Bagíngarà
Bagondante
Bagongo
Baguê
Baguendal
Baguia
Baguingue
Baidi
Baio
Bairro Balanta
Bairro Joli
Baite
Baitlé
Bajalã
Bajame
Bajanacunda
Bajefa
Bajenje
Bajeto
Bajíngará
Bajique
Bajocunda
Bajol
Bajonga
Bajongo
Bajope
Bajuaca
Balambai
Balana
Balanca
Balandugo
Balanta
Balem
Balenguerez
Balil
Balile
Balimbom
Balinjã
Balinjã
Balomba
Balombe
Bámal
Bamba Conholi
Bambadinca Balanta
Bambadinca
Bambadinca
Bambadinca
Bambadinca Beafada
Bambadinca El
Bambadinca Mancanha
Bambadinca Mancanha
Bambadinca Primeiro
Bambadinca Segundo
Bambadincazinho
Bambaiã
Bambaià
Bambaiã
Bambato
Bambuti
Bame
Bamoial
Bananare
Bananto
Banau
Bancá
Bancò
Bancobunje
Bancolene
Bandim
Bandim
Bandjara
Bane
Bangacia
Bangansiá
Bangóminè
Banhima
Banhima
Banhinda
Banhute
Bani
Banim
Banim
Banir
Bani Siraila
Baniu Omua
Baniu Pécia
Baniu Pécla
Banjara
Banjara
Banjulo
Banjuno
Banocle
Banou
Bantadim
Bantael
Bantael
Bantael Silà
Bantã Foru
Bantajã Assà
Bantajã
Bantajã
Bantajã Cuta
Bantajã Mandinga
Bantandim
Bantanferoge
Bantanforo
Bantanforu
Bantanjã
Bantanjam
Bantanjê Alimo
Bantanjê
Bantanquelim
Bantanquilim
Bantanto
Bantanto Bató
Bantanto Buluto
Bantanto Jaia
Bantasso
Banum
Bapeja
Bárà
Bará
Baraco Batata
Baradoulo
Baramboli
Barássià
Barepende
Bária
Bária
Bariapende
Barinhã
Barme
Barquege
Barraca Bamboré
Barraca Banana
Barraca
Barraca
Barraca Batata
Barraca Begoá
Barraca Biró
Barraca Bolanha
Barraca Cana
Barraca Fronteira
Barraca Lugar
Barraca Mampatás
Barraca Mandioca
Barraca Poilão
Barraca Sancho
Barraca Tara
Barram
Barro
Barro Grande
Barrozinho
Barrunhe
Baruanhe
Bassà
Bassane
Bassarel
Bassear
Basseo
Basseor
Batacã
Batâmbali Balanta
Batâmbali Beafada
Batau
Batíjaque
Batio
Batúcar
Batur
Beafada
Bedache
Bedanda
Bedasse
Bedica
Beguingue
Begundo
Beira Baixa
Beja
Bejala
Bejene
Bejila
Bejimate
Bejintim
Belabate
Belai
Belal Umaro
Bele
Bele
Belel
Belel
Belel Gabi
Belém
Belenhal
Belenquentem
Belibar
Béli
Beliege
Belieje
Beluaba
Beluli
Belunja
Beluti
Bembelo
Benájar
Benanga
Benate
Benau
Bendugo
Benhifé
Benhifo
Beni
Beniche
Benifo
Benja
Benobe
Bentem
Bentem Jacábè
Bera
Beracobato
Beracó
Beracolom
Beracolom
Beracòzinho
Berame
Bercolom
Bercolom
Bercolon
Bercondim
Berebe
Berecobá
Berecobato
Berecódim
Berendinto
Besse
Bèssècunda
Bessensangar
Bessia
Bessunha
Betantá
Betaque
Bete
Beteche
Betejo
Betelhe
Betelho
Beteque
Betesga
Betijaque
Betume
Biaba
Biacha
Biaja
Biambe
Biambefoi
Biambi
Biambifoi
Biana
Biane
Bianga
Bianga
Biango
Biano
Biassa
Bichalà
Bichau
Bichercibe
Bichercibo
Bidache
Bidampiol
Bidè
Bidjine
Bieio
Biesse
Bieu
Bigene
Bigine
Biguingue
Bijabá
Bija
Bijana
Bijanga
Bijano Grande
Bijanta
Bijante
Bijante
Bijemita
Bijene
Bijene
Bijine
Bijine
Bijine
Bijinita
Bijope
Bilá
Bilma
Bilonco
Bilonque
Binacó
Binaga
Binan Alimo
Binan Sambael
Binar
Binar
Binare
Bindoro
Bine
Binga Carenque
Bingal
Binhal
Binhalo
Binhalom
Binham
Binhangai
Binhante
Binhente
Binhogo
Binhoma
Binhome
Binibaque
Binta
Binta
Binta Mancanha
Bintam
Binte
Biógate
Biógate
Bípar
Bipo
Birã
Biriban
Biribão
Biricunda
Birla
Birô
Biro
Birocunda
Birongue
Bironque
Bironqui
Bissà
Bissa
Bissa
Bissabur
Bissaiar
Bissai
Bissajar
Bissajarindim
Bissalanca
Bissâmal
Bissamali
Bissaml
Bissancage
Bissancaje
Bissante
Bissao
Bissaque
Bissáquil
Bissari
Bissássema de Baixo
Bissássema de Baixo
Bissássema de Cima
Bissássema de Cima
Bissau
Bissau Novo
Bissau Novo
Bissauzinho
Bissauzinho
Bissauzinho
Bissilão
Bissói
Bissorã
Bissoram
Bissum
Bissunha
Bissussum
Biuntar
Biura
Biúr
Biur
Blafechuro
Blai
Blansar
Blassar
Blassé
Bleque
Blequisse
Blímate
Blimblim
Bliniblim
Bloi
Blom
Blom
Blon
Blundé
Blunja
Blute
Boa Esperança
Boa Esperança
Boa Esperança
Boata
Bobé
Bôbedè
Bocana Balanta
Bocana Nalu
Bocancati
Boche Bissà
Boche
Boche Falace
Boche Mende
Boche Mendi
Bochenam
Bodeel
Boe
Bôeme
Bôfe
Boido Embalô
Boihelà
Boisanumã
Boja
Bôjabu
Bojandim
Bôjo Fulbè
Bojol Balanta
Bojol Beafada
Bojol
Bolabá
Bolama
Bolama de Baixo
Bolama Nova
Bolama Novo
Bolanha
Bole
Bolel Samba
Bólô
Bolola
Bolola
Bolor
Bolumbato
Bomane
Bombocunda
Boncò
Boncom
Bondjem
Bonere
Bonhama
Boniá
Bonjè
Bonjendem
Bono
Bontanto
Borá
Bór
Boro
Borontonhe
Botai
Boté
Botó
Boual Caium
Bouloubà
Brá
Braia
Braia
Brambanda
Branco
Brandão
Brandãozinho
Brangulou
Branol
Braque
Bravracunda
Brene
Brene Mancanha
Brene Papel
Brengolau
Bricama
Bricama
Bricame
Bricamo
Brincasse
Bruce
Brufa
Brusso
Buache
Buará
Buata
Buaxe
Buba
Buba Inchengué
Bubaque
Bubaquer
Buba Tombó
Bubore
Buborim
Bubunda
Bucameré
Bucãnal
Bucancadi
Bucaur
Bucaur
Bucliré Ãfia
Bucola
Bucol
Bucomil
Bucotite
Bucucute
Bucul
Bucuré Áfià
Bucuré Concha
Bucuré Cunja
Bucuré Dadi
Bucuré Dara
Bucuré More
Bucuré Mori
Budampiol
Budangar
Bude
Budo
Budom
Buduco
Bufá
Bufate
Bufati
Bufena
Bufenage
Bufene
Bugafal
Bugáfáli
Bugampor
Bugim
Bugjim
Bugudu
Bugula
Bugulhalete
Bugumbo
Buiò
Bujemê
Bula
Bula Cunchungo
Bulama
Bulamete
Bulel Samba
Buloba
Buma
Bumal
Bunancar
Bunau
Bunaussa
Bundocuro
Bundojidè
Bunglar
Bungótè
Bunhado
Bunhague
Bunhaque
Bunquilim
Buntunsum
Buntusum
Buóli
Bupe
Buqueje
Burame
Burè
Burmelem
Burmeleu
Burmeleu
Burné
Buro
Buro Gela
Buro Sinchã
Burquelêm
Burro
Burrodulo
Burro Gela
Burro Sinchã
Burume
Buruntoni
Buruntuma
Buta
Butafete
Butame
Butubul
Byemita
Caam
Caame
Caame
Caãn
Cabace
Cabaceira
Cabaceira
Cabaceira
Cabaco
Cabadju
Cã Balanta
Cabame
Cabame
Cabane
Cabanguna
Cabanta
Cabante
Cabaz Balanta
Cabaz Sôsso
Cã Beafada
Câbe
Cabedu Balanta
Cabedu
Cabedu Nalu e Sôsso
Cabelé
Cabélè
Cabelé Mandinga
Cabelé Nhado
Cabelé Patacò
Cabelé Uale
Cabelole Nalú
Cabém
Cabessul
Cabi
Cabi
Cabicunda
Cabienque
Caboa
Caboca
Cabochanque
Cabochanque
Cabofará
Cabolol Balanta
Cabolol Nalu
Caboma
Cabome
Caboncate
Cabonepo
Cabosare
Cabo Sêco
Caboupa Aguiar
Caboupa Cabral
Caboupa Mendonça
Cabo Verde
Caboxanque
Caboxanque
Caboxanquezinho
Cã Bras
Cã Braz
Cabua
Cabubar
Cabuca
Cabuca
Cabufara
Cabul
Cabune
Cabuno
Cacafale Balanta
Cacafale
Cacafale Nalu
Cacanda
Cacandi
Cacante
Cacanto
Cacao-oi
Cacete
Cachabate
Cachá Djabè
Cacha Fulbè
Cáchajà
Cachalame
Cachamba Balanta
Cachamba Nalu
Cachamba Papel
Cachamba Sôsso
Cachame
Cachanco
Cachanga
Cachaque
Cacháquè
Cachete
Cacheu
Cacheusinho
Cacheuzinho
Cacheuzinho
Cachida
Cachil
Cachile
Cachôbar
Cachôbar
Cacice
Cacine
Cacine
Cacoca
Cacondó
Cacone
Cacoque
Cacuma
Cã Cumba
Cacutunte
Cadam
Cadé
Cadem
Cadeu
Cadi
Cadique
Cadique Iala
Cadique Imbitena
Cadique Imbitina
Cadique Nalu
Cadonga
Caduna
Caduncó
Cael Bessel
Cael Jessel
Cã Era
Cafá
Cafachè Balanta
Cafachè Manjaco
Cafal Balanta
Cafale
Cafal Nalu
Cafià
Cafine
Cágal
Cagongo
Cagongue
Cã Grande
Caguepe
Cahcoal
Cahone
Caiada
Caiana
Caianga
Caianteco
Caianticó
Caiar
Cai
Caiera
Cã Ierofim
Cã Iero Sane
Caió
Caiomete
Caiquene
Caiquenem
Caiumpa
Cajágal
Cajambali
Cajana
Cajé
Cajegute
Cajel
Cajeu
Cajila
Cajite
Cajoque
Cã Júlio
Cájuto
Calaba
Calaco
Calaje
Calamancunda
Calaque Balanta
Calaque
Calaque
Calaquechusse
Calaque Manjaco
Calaque Nalu
Calaquisse
Cale
Calege
Calema Balanta
Calema Nalu
Calema Sôsso
Calèquechusse
Calequisse
Caleu
Calhaquê
Calhéu
Calibuia
Calicunda
Califórnia
Caliquir
Caliumbel
Caliute
Calmancunda
Calonque
Calum
Calupa
Caluque
Calxum
Camabé
Camã
Camadina
Camadudo
Camagá
Camaiupa
Camajábà
Camalem
Camalijà
Camalijà Só
Camalijá Sori
Cã Mamadu
Camamudo
Cã Mamudo
Camamudo
Camamudu
Camanca
Camancotê
Camancôtô
Camandé
Camané
Camanjor
Camansirá
Camara
Camaracunda
Camaracunda
Camarão
Camar
Camarempo
Camassaba
Camassale
Camassirá
Cambajã
Cambajã
Cambajo
Cambajoi
Cambaju
Cambana
Cambana
Cambaque
Cambara Boído
Cambara Nhaco
Cambària
Cambasse
Cambedare
Cambegue
Cambeidare
Cambembe
Cambem
Cambeque
Cambeque
Cambéssè
Cambesse
Cambian
Cambirò
Camboido
Cambojo
Cambom
Cambor
Cambucari
Cambunto
Cam Chaduli
Cam Chimboco
Cam Demád
Cam Dembafim
Camdombe Mané
Cameconde
Camecote
Camelem
Camessare
Cametedem
Cametonco
Cam Fate
Cam Guiró
Cám Gurdo
Camichinque
Camidina
Caminhate
Camissorã
Camitendem
Camitonco
Cam Mamude
Cam Massabá
Camocote
Camoio
Cãmori
Camotaban
Campã
Campada Bajogate
Campada
Campada Namoanta
Campada Namoante
Campada Nanjã
Campafè
Campaio
Campampe
Campampe
Campampi
Campanhe Bleque
Campanó
Campata
Campate
Campeane
Campinha
Campirce
Campo Antigo
Campo
Campreno Biafada
Campreno Nalu
Campundé
Cam Quelifá
Cam Quente
Cam Samba
Cam Samba
Cam Samba Gano
Cam Sambel
Cam Sissé
Cam Tambá
Camunda
Camuntudu
Camussali
Camutebã
Cam Zorom
Canábria
Canadé
Cananca
Canãquenul
Canau
Cancal
Cancão
Cancasso
Canchalica
Canchebeu
Canchicamo
Canchingolo
Canchumà
Canchumà Manjaco
Canchumane
Canchumo
Canchungo
Canchungozinho
Cancôbô
Cancodeà Balanta
Cancodeà Beafada
Cancodeá
Cancodé
Cancoli
Cancolim
Canconté
Cancricó
Cancubanhe Mandinga
Cancubanhe Maundè
Cancubanhe Sinchã
Cancube
Cancumba Balanta
Cancumba Beafada
Cancumba
Cancuncal
Cancuncó
Cancurdo
Candafé
Candafe
Candamã
Candarifom
Candati Fula
Candebe
Candefo
Candemba
Candemba
Candemba Uri
Candembel
Candembuia
Candem
Candemode
Candiara
Candicar
Candiobe
Candiquel
Candjaduli
Candocoli
Candombe Mané
Candombe Sambaro
Canducuré
Candugurei
Caneborã
Cane
Cane
Canecunda
Canefaque
Canema Bijagó
Canema
Canfanda
Canfanta
Canfara
Canfarã
Canfara
Canfarimã
Canfarinjã
Canfate
Canfefe
Canfenda
Cangalaia
Cangalai
Cangalem
Cangidé
Canguiró
Cangurdó
Canhà
Canhacò
Canhaga
Canhamando
Canhâmina
Canhamondo
Canhanicunda
Canhanque
Canhanque
Canhaque
Canhaque
Canhe
Canhida
Canhoga
Canhoma
Cani
Canicó
Canicó Tumaná
Canjabel
Canja
Canjacolá
Canjadude
Canjaiba
Canjai
Canjai Fula
Canjai Fulbe
Canjai Giabe
Canjai Mandinga
Canjája
Canjaja Fula
Canjaja Mandinga
Canjambali
Canjambari
Canjambari Morocunda
Canjamo
Canjanco
Canjancula
Canjande
Canjara
Canjeno
Canjinha
Canjomba
Canjufa
Canjumai
Canobe
Canom
Canquebo
Canquelifá
Canquenhê
Canquenho
Canquente
Canquinte
Cansalá
Cansalá
Cansama
Cansamange
Cansamangê
Cansamanje
Cansamanjê
Cansamba
Cansamba
Cansamba Jau
Cansambo
Cansancó
Cansanema
Cansanti
Cansanumã
Cansenha
Cansissé
Cansocó Mandinga
Cansombel
Cansonco
Cansonco
Cansoncó Fula
Cansongo
Cansoucu
Cantabão Segundo
Cantacó
Cantacoi Cunda
Cantacunda
Cantacunda
Cantaelcunda
Canta Iobà
Cantamba
Cantambá
Cantanha
Cantari
Cantássià
Cantauda
Cantelè
Cantem
Cantene
Cantene
Cantintãnhã
Cantintãpha
Cantir
Cantire
Canto Cunda
Cantonaz
Cantone
Cantora
Cantumane
Cantumane
Canturè
Canturè
Canturè
Cantuto
Canuau
Canxelebel
Capafa
Capafa Gel
Capal
Capal
Capassa
Capátal
Capebonde
Capé
Capetéquitè
Capó
Capofa
Capol
Capol
Capol
Capol
Capossa
Capunga
Cã Quebo
Caquentra
Carabane Balanta
Carabanedim
Carabane Xerife
Carabão
Carabele
Carabeli
Caramacó
Carango
Caranquecunda
Carantabà
Carantabá
Carbanol
Carbanolzinho
Carenque
Carere
Caridade
Carinque
Caroai
Caroncã
Carúngal
Carungo
Carura Cherno
Carura Samba Baldè
Carura Samba
Cã Sanimã
Casa Nova
Casa Nova
Casebeche
Cassacá
Cassaca
Cassaca
Cassà
Cassafo
Cassagá
Cassalol
Cassalol Catétia
Cassalol Indiame
Cassama
Cassanate
Cassante
Cassantene
Cassaprica
Cassarandim
Cassate
Cassate
Cassatiá
Cassebeche
Cassèfunda
Cassequé
Cassequelã
Cassibà
Cassica
Cassícal
Cássina Mancanha
Cássina Papel
Cassinate
Cassincha
Cassodorico
Cassolape
Cassolol
Cassoma
Cassomo
Cassucai
Cassul
Cassumba
Cassum
Cassum
Catabá
Catábà Fali
Catabão Segundo
Catabinã
Catá
Catáchate
Catafe
Catamá
Catam-ate
Catame
Catanhate
Catanque
Catão Butame
Catão Calenquim
Catão Cassica
Catão
Catão Catenquim
Catão Joninque
Cataquisse
Cate
Cateél
Catel
Catem
Catende
Catepename
Catesse
Cati
Catifine
Catió
Catissame
Catomboi
Catora
Catunai
Catunco Balanta
Catunco
Catunco
Catunco
Catunco Papel
Catungo Balanta
Catungo Papel
Catunque
Catxum
Cauane
Cauaruar
Cã Uérè
Caulaca
Caumãne
Caumechinque
Caúna
Caunto
Cauntol
Caurbá
Caur
Caur
Caur de Baixo Balanta
Caur de Baixo Beafada
Caur de Baixo
Caur de Cima
Caurdim
Cauro
Caussara
Causso
Cenicó
Cepó
Chacal
Chacali
Chadanga Balanta
Chafena
Chaima
Chaime
Chalè
Chamarra
Chambam
Chambé
Chanca
Chancol
Chancona
Chancum Sate
Chandanga Beafada
Changa
Changael Singálà
Changalana
Changalane
Changalene
Changatene
Changue Bedeta
Chângue
Changue Iaià
Changue Subal
Chante
Chanti
Chanto
Chapa
Chápada
Charim Futa
Charobrique
Charo
Chauarà
Chéché
Chediã
Cheque
Cherel
Chernel Baramboli
Chernel
Cherno Sado
Cheual
Cheuel Bessel Demba
Cheuel
Cheuibessi
Chicamiel
Chicri
Chile
Chime
Chinchim Dari
Chíngate
Chitole
Chitoli
Chobabe
Chofar
Chogabe
Cholufe
Chombè
Chompundo
Choquemone
Chouliga
Chubi
Chucudoulo
Chuguè
Chúlame
Chuluge
Chumael
Chumbume
Chumpia
Chunguè
Churabrique
Churobrique
Churo Enque
Cima
Cindare
Clanqueiala
Claque
Claquiala
Clonque
Coache
Coaina
Cobete
Cóbetô
Coboroto
Cobumba
Cobum
Cocar
Cocari
Có
Cócò
Códè
Codé Sane
Coduco
Cofá
Cofai
Coiada
Coim
Coitoto
Cojane
Cola
Colage
Colaje
Colandin
Colebe
Colede
Coli Bérè
Colibuia
Colicumbel
Colicunda
Colicunda
Colicunda
Coli Ganhà
Colimansacunda
Colimoló
Colina do Norte
Colinto
Coli Sara
Coli Sare
Colmancunda
Colobo
Colondinto
Colondito
Colonia
Colónia de Baixo
Colónia de Cima
Colufe
Colufi
Combiam
Com
Com
Comuda
Comuda
Comuda
Concádia
Concánia
Concôdi
Concolim
Concomelo Maundè
Concontò
Condjande
Confandinto
Confandito
Congaba
Conico
Consancó Fula
Contabane
Contabani
Contai
Contassiá
Contuba
Contuba
Contuba El
Contubó
Contuboel
Contubum
Contumbum
Contume
Contumo
Cópà
Cópà Sulè
Copiró
Copuda
Corinto
Corombol
Corombole
Correia
Corubal
Corubò
Cossarandim
Cossarè
Cossiba
Cossi
Cossicunta
Cossicunto
Cotem Bali
Cotobilà
Crato
Créscimo
Crim
Cubajal
Cubane
Cubaque
Cubisseco
Cubocunda
Cuboi
Cubonge
Cubonje
Cuchamba Balanta
Cuchame
Cucumà
Cucuto
Cudana
Cudoco
Cuducò
Cudum Govêrno
Cudum Nhinha
Cufar
Cufar
Cufar Nalu
Cufar Novo
Cufeu
Cufía
Cufongul
Cugutô
Cuiame
Cuianca
Cuiane
Cuió
Culabá
Culôbo
Cumano
Cumbajuba
Cumbare
Cumbema
Cumbidjá
Cumbidjam
Cumbijã
Cumbijã
Cumbule
Cumebu
Cumenga
Cumeré
Cumore
Cumpangol
Cumpeba
Cumporumã
Cumuda
Cumule
Cunacò
Cunaiá
Cuncana
Cuncana
Cunchudur
Cunchumpa
Cuncirè
Cuncosita
Cúndara
Cunfa
Cunhoncome
Cunja
Cunji
Cuntanga
Cunteda
Cuntima
Cuntim
Cuntim
Cupedo
Cupelão
Cura
Curauasse
Curauele
Curcô
Curdiá
Curijagó
Curral
Curura
Cussaná
Cussanja
Cussondome
Cutamáro
Cutamaru
Cuta Marum
Cutame
Cutiá
Dabatiá
Dabatiar
Dábel
Dabenche
Dabicunda
Dacale
Dácàli
Dacar
Dacarzinho
Dadá
Dado
Daifa
Dalabá
Dalael Balanta
Dalael Fula
Damadunguê
Dàmàli
Dambel Uri
Damberá
Damber
Damé
Dameol
Dana
Danca
Dando
Dando
Dando Mandinga
Dandulá
Dandum
Dandum
Dandun
Danfare
Danga
Dantare
Dapatai
Dará
Dára
Dara Labè
Daro
Daro
Daro Nhaco
Darsalama
Darsalame
Darsalame
Darsalame
Darsalame
Darsalame
Darsalame
Darsalame
Dassalame
Date
Dati
Dêabugu
Deacunda
Dêba
Decântem
Decunda
Demba Árabe
Demba Árabo
Demba Baió
Demba Cali
Demba Cali
Demba Calije
Demba Calijè
Demba Chaje
Dembacó Tobá
Dembacunda
Dembacunda
Demba Dado
Demba Danejo
Demba
Demba Gina
Dembaia
Demba Iapel
Demba Induro
Demba Iobà
Demba Jágina
Demba Japel
Demba Jau
Dembaje
Demba Legueel
Demba Leguel
Dembalô
Demba Meta
Demba Nhama
Dembanje
Demba Só
Dembassó
Demba Tacabá
Demba Tacoba
Demba Tacò
Dembel
Dembel Jule
Dembel Jumpora
Dembel Mólô
Dembel Uri
Demosor
Dencasse
Dendem
Deque
Diabi Cunda
Diabi Gunda
Diabuco
Diabugu
Dienhe
Dimbissile
Dímpel
Dinga Bantanguel
Dinga Ioba
Dingal
Dinga Samba Chagi
Dinguirai
Dinul
Díquel
Dirma
Diufaná
Djaéle
Djamá
Djanha
Djobicó
Dntebande
Dôaire
Dôco
Dodoco
Dolombe
Donguel
Dontari
Dorce
Doum Eta
Duábal
Duà
Duas Fontes
Dubichenqui
Dugal
Duldoro
Dulijà
Dulo Gengêle
Dulo Jenjelem
Dulombe
Dulombe
Dulombi
Duma
Dumbo
Dumbogoi
Dumbú
Dumbugoi
Dunane
Dungal
Dungor
Duratiem
Durubale
Durubali
Dussiar
Dutajara
Dutajara
Dutató
Dutebandim
Dutebor
Dutequete
Eboco
Egará
Egbé
Egine
Eguba
Eguebê
Ejatem
Ejêtem
Elacunda
Elia
Embalocunda
Embalocunda
Embalocunda
Embande
Embenhe
Embunhe
Emourhe
Empada
Empanjá
Empanquinhame
Empaquinhame
Enchalé
Enchanque
Encheia
Enchela
Encherte
Enchudé
Enchudé
Enchugal
Enchumené
Encoche
Encome
Endambe
Endasse
Endoja
Endorna
Enganegane
Engenegane
Ensalmá
Ensúmete
Enterramento
Entomané
Entre Meio
Enxalé
Enxerto
Enxudé
Enxugal
Equinar
Erinhóco
Esperança
Etecunda
Eticoba
Eticodeba
Eticoga
Eticunda
Etinhoque
Etiogo
Fá Balanta
Fabur
Facã
Fá de Baixo
Fadè Sana
Faer
Fá
Fafacó
Fafacó
Fafaje
Fagi
Faja
Faje
Fajonquito
Fakina
Falacunda
Falcão
Fá Mandinga
Fambantã
Famerege
Famora
Fanca
Fancor
Fanda
Fangasse
Fangor
Fanhare
Fanhe
Faquina Fula
Faquina Mandinga
Farabá
Faracunda
Farã
Farambange
Faram Cunda
Farancunda Balanta
Farancunda Beafada
Farancunda
Farancunda
Farancunda
Farancunda
Farandito
Farã Pegouco
Farato
Farato
Farená Balanta
Farená Beafada
Farim Bali
Farim
Farim Velho
Fariná
Farincó
Farincó Fula
Farincó Mandinga
Farol
Farô Modi Mutaro
Farroba
Farroba
Fasaji
Fasse
Fatacó Fula
Fatacó Fulbe
Fatacó Mandinga
Fátima
Fátima
Fatim
Fei
Fei
Felicia
Fembã
Fembam
Fenimã
Feninquê
Fenjanja
Ferebrique
Feribrique
Filaboual
Finete
Finimã
Fininque
Finjor
Fiofioli
Flaque Amedé
Flaque Bajabe
Flaque Cibe
Flaque Dulô
Flaque Imbaná
Flaque Indêguetê
Flaque Infundé
Flaque Injã
Flaque Intudé
Flaque Lala
Flaque Minde
Flaque Nhabal
Flaque Nhabali
Flaque Passe
Flaque Soncò
Flaque Sunha
Flaque Umbaná
Flora
Fodèbunca
Fodengali
Fodé Siraiá
Foia
Foncho
Fongasse
Formosa
Formoso Curto
Formozinho
Forol
Fortim
Fortuna
Foto
Fulacunda
Fulacunda
Fula
Fulamansa
Fulamansa
Fula More
Fula Mori
Fula Mori
Fulatai
Funcor
Funsonfo
Funtofuntula
Futa-Fôrro
Futa Fula
Futo
Gaba
Gã Balanta
Gã Beafada
Gã Beafada
Gabissau
Gabú
Gabú-Sara
Gã Carafá
Gã Chiquinho
Gã Chiquinho Mancanha
Gã Cricó
Gadabajá
Gadaboma
Gadamael Fronteira
Gadamael
Gadamael Porto
Gã Eugénia Bijagó
Gã Eugénia
Gã Farã
Gã Formoso
Gã Gémeos
Gã Gregório
Gã Guirô
Gã João
Gã Joaquim
Gã José
Gã Juliana
Gã Júlio
Galangoi
Galecunda
Galecunde
Gã Libia
Gã Libra
Galo Bolola
Galo Buba
Galo Corubal
Galo Cumbijã
Galo Gega
Galoiel
Galoiel
Galo Jega
Galomaro
Galu Cadá
Galugada
Galumaro
Gamadael Fronteira
Gamafé
Gamã
Gã Maior Beafada
Gã Maior de Baixo
Gã Maior de Cima
Gamalã
Gamalã Jasse
Gamalã Jassi
Gamalique
Gamamadubà
Gamamadu
Gamamudo
Gã Maria
Gamariquê
Gã Marques
Gambácar
Gambácar
Gambácar Nancho
Gambachicha
Gambaná
Gambaqui
Gambeafada
Gambeafada
Gam Bessé
Gambia
Gambia
Gambicilai
Gambine
Gambinta
Gambussi
Gam Coli
Gã Mitilia
Gam Jatirá
Gam Juliana
Gam Major
Gam Mamadu
Gam Mamúdú
Gam Mansirá
Gam Mofé
Gam Mol
Gamolé
Gamol
Gã Moriá
Gampapa
Gampará
Gampite
Gam Santi
Gam Tomé
Gam-Vicente
Gam Vicente
Ganafá
Ganafá
Gã Nafá
Gancalanso
Gancali
Gancati
Ganchauá
Gancherno
Ganchombè
Gancole
Gancôli Bilò
Gancoli
Gancula
Gancumba
Gandabò
Gandemba
Gandembel
Gandenós
Ganduà Balanta
Ganduá Mandinga
Ganduà Nalu
Ganduá Porto
Ganfarã
Ganfodebá
Ganfodè Jassi
Ganfodé Missa
Ganfodè Mussà
Ganguetra
Ganguirô
Ganhà Balanta
Gánhà
Ganhagina
Ganhala
Ganhegeel
Ganjande
Ganjauarà
Ganjaurà
Ganjeque
Ganjetrà
Ganjogude
Ganjola
Ganjola Nalu
Ganjola Porto
Ganjombom
Ganquecuta
Ganquélè
Gansambo
Gansene
Gansene
Gansonà
Gansoncò
Gansuleimane
Gansuleimane
Gantene
Gantongó
Gantumane
Ganturé
Ganturè
Ganturè
Gã Pedro
Garcene
Garcia
Garfanhapa
Garsene
Gã Saúde
Gã Saúde
Gã Silá
Gã Soares
Gã Ualia
Gã Vicente
Gã Vicente
Gêbacunda
Gebacunda
Gêba
Gel
Gendem
Gendo
Gengêle
Gengelêm
Genicó
Gentilame
Gibraltar
Gida
Gidemo
Gigue
Ginane
Ginani
Gindu
Gipo
Girota
Giulem
Glucar
Gobige
Gobiji
Goiaba
Gole
Golérè
Goli
Golo
Gominé
Gondo Grande
Gondozinho
Gonege
Goneje
Gorlige
Gorlije
Gorse
Gôsca
Goto
Grancutá
Grandumbé
Gua
Gubia Beafada
Gubia Mancanha
Gudana
Guebambol
Guebambol
Guebárel
Guebegue
Guebogue
Guedaje
Guelache
Guela Djau
Guelage Demba
Guelajau
Guerlêel
Guidadge
Guidadji
Guidage
Guidaje
Guidale
Guidali
Guidali
Guilege
Guileje
Guimol
Guipepe
Guirocunda
Guiro Ierò Bôcari
Guiro Jau
Gulcunhe
Guli
Gunal
Guncó
Gundaga Beafada
Gundagá
Gundagà
Gundagà Primeiro
Gundagà Segundo
Gundaguê Beafada
Gundaguê Futa-Fula
Gunhi Cumba
Gunti
Guriel
Gurimol
Guro
Gussará
Hadi
Hèlacunda
Hudá
Iador
Iàfá
Iale
Iama
Ianganã
Ianguê
Iarã
Iaricunda
Iarom
Iastem
Iatene
Ida Fula
Ida
Ida
Ida Mandinga
Iecache
Iégi
Ièiel
Iero Aine
Ierobàcunda
Ierobane
Iero Bérè
Ierobula
Ierocunda
Iero Eguè
Iero Embalô
Ieroiel
Iero Malè
Ieromaro
Ieronhampa
Iero Nhapa
Iero Ori
Iero Saldè
Ierosálè
Iero Sunto
Iero Uri
Iero Uri
Igate
Igim
Ilha das Cobras
Ilhéu de Catame
Ilheu de Colbert
Ilheu de Cote
Ilhéu de Inchame
Ilhéu de Melo
Ilhéu do Cote
Ilhéu do Mancebo
Ilondé
Imbássina
Imboé
Imbone
Imbunga
Imiló
Impasse
Impatemane Balanta
Impatemane Papel
Impele
Impúngueda
Incalá
Incassol
Inchandanga Balanta
Inchandanga Beafada
Inchula
Incomené Balanta
Incomené Manjaco
Incumba
Indaalmá
Indafe
Indaia
Indena
Indendem
Indíngarà
Infaide
Infande
Infandre
Ingorei
Ingoré
Ingorèzinho
Ingori
Ingume
Inhafe
Inhangabute
Inhangabutes
Inhoda
Injafo
Injante
Injassane Balanta
Injassane Beafada
Injasse
Inorei
Inquida
Inquir
Insã
Insanhe
Insantaque
Insiquil
Insonião
Insontanque
Insontão
Insumeté
Intachá
Intale
Intatelai
Intente
Inticlim
Intim
Intindumbo
Intussi
Intusso
Intusso
Iodor
Iofa
Iofarim
Iolabute
Ionfarim
Iongotô
Irabato
Iracunda
Iticunda
Iufaná
Iuncume
Iurum
Iusontão
Iusse
Iusse
Iussi
Jabadá Beafada
Jabadá
Jabadá
Jabadá Mancanha
Jaba
Jabel
Jábia
Jabicó
Jabicunda
Jabicunda
Jabicunda
Jácunda
Jada
Jael
Jafo
Jagali Balanta
Jagali
Jagali Mancanha
Jagaraja
Jai Juli
Jaima
Jaimanto
Jai Sambálô
Jai Seidi
Jaissambalo
Jalamã
Jal
Jal
Jaljalto
Jamacuta
Jama
Jambácar
Jambacosse
Jambacunda
Jambã
Jamberem
Jambur
Jameboro
Jamelcunda
Jamossé
Janá Iáià
Jana
Jana
Janã
Janã Marena
Jancoro
Jandeim
Jangada
Janglar
Janha
Jareme
Jarga Vida
Jaribe
Jarto
Jã Sajo
Jatadaca
Jaubècuta
Jaubè Sanicha
Jaubèsutu
Jaucunda
Jau
Jegue
Jeje
Jemadé
Jemberem
Jeribé
Jetã
Jete
Jétuntum
Jibata
Jifim
Jimba
Jinhalcunda
João Monteiro
João Monteirozinho
Joaquim Bar
Joaquim Bor
Jobe Cuta
Jobel
Joboiá
Jobonhama
Jogró
Jogró
Joguedu Bantael
Jol
Jolmele
Jolmete
Jolô Balanta
Jolô Papel
Jombocari
Jomelcunda
Jongali
Jongo
Jopá
Jórò
Jufá
Jufará
Jufunco
Jufungo
Jugudul Com
Jugudul de Com
Jugudul
Jugul
Juiguiuolo
Jumbembe
Jumbembem
Jumbembem
Jumbomoro
Jundum
Junqueira
Kissir
Laba
Labé
Lala Balanta
Lala de Baixo
Lala de Cima
Lala
Lala
Làli Buàró
Lamane
Lamanezinho
Lambã
Lambam
Lamo Coli Cherno
Lamo Coli
Lamoi
Lamoi
Lanchandé
Lântar
Late
Lauchandè
Leibe Manga Tambá
Lembi
Lendene
Lengueel
Lengueel
Lenguel
Lenguel
Lenquebembè
Lenqué
Lenqueriel
Lenquerim
Lenqueteel
Lenquetè
Lenquetó
Lenqueto
Lequembembe
Leria
Leto
Lhifim
Liã
Libari
Libar
Limane
Limbe Afia
Limbi Afià
Limbi Mangatamba
Lípete
Liporo
Locher
Locojérè
Lomé
Lompate
Loré
Loto
Louvado
Luanda
Luanda
Lubacunda
Lugajole
Luguré
Lumbutugô
Lumbutugo
Mábar
Mabarro
Macademba
Macájè
Maca
Maca
Macazinho
Maco
Madane
Madeba
Madelife
Madina Alage
Madina Ali
Madina Bacari
Madina Bácar
Madina Bailóbè
Madina Bailo
Madina Balaquebo
Madina Banjara
Madina Bantael
Madina Bina
Madina Bôcar
Madina Boé
Madina Boé
Madina Búdi
Madina Cabonepo
Madina Colhida
Madina Colhido
Madina de Baixo
Madina de Camissorã
Madina de Cantanhez
Madina de Cima Balanta
Madina de Cima Beafada
Madina Demba Gano
Madina Demba Seidi
Madina do Boé
Madina Dongo
Madinael
Madina Fali
Madina Fodè
Madina Fula
Madina Ierò Baldè
Madina Iero
Madina Iobà
Madina Jacanca
Madina Jalíbè
Madina Jama
Madina Janá
Madina
Madina
Madina
Madina
Madina
Madina
Madina Malã
Madina Mamadu
Madina Mamadu Sanussi
Madina Mandinga
Madina Mandinga
Madina Mansali
Madina Mansal
Madina Mori
Madina Nhaáda
Madina Nhada
Madina Quebá
Madina Quejau
Madina Quélefà
Madina Quemadi
Madina Quento
Madina Queque
Madina Quêuto
Madina Samba Balè
Madina Samba
Madina Samba Seidi
Madina Sara
Madina Seco
Madina Sore
Madina Sori
Madina Tabage
Madina Tambachá
Madina Tembébè
Madina Tenhegi
Madina Uoloto
Madina Xáquili
Mafanco
Mafango
Maherjò
Majancal
Malã Dalassi
Malafo
Malandim
Malato
Malepante
Malibolim
Malibolom
Malíbula
Mali Bula
Malibule
Máliguê
Malipante
Mamaconom
Mamadi
Mamadu Mólô
Mamajá
Mamá
Mamanjai
Mambaiã
Mambaião
Mamboncò
Mamboncò
Mampalá
Mampatá Bacirgo
Mampatá Duló
Mampatá
Mampatá
Mampatá
Mampatanal
Mampatá Sinjã
Mampatás
Mampatim
Mampatual
Manaca
Manaca Mancanha
Manà
Manambo
Manatò
Mancaje
Mancalã
Mancanha
Mancanji
Manchau
Mancofine
Manconfim
Mancunda
Mandejano
Mandem Donha
Mandem
Mandialia
Mandingará
Mandonhe
Manecunda
Manfonhe
Manga Beidare
Mangai
Manga
Manga
Mangicai
Mangômuca
Mangue
Mánhale
Mánhal
Manhau
Maninhã
Manjanom
Mansabaco
Mansabá
Mansabá
Mansabandim
Mansacunda Grande
Mansacunda
Mansacunda
Mansacunda
Mansacunda Maundè
Mansacunda Pequena
Mansacunda Sinchã
Mansaina
Mansajã
Mansalia
Mansambo
Mansancrim
Mansasunto
Mansidi
Mansôa
Mansodé
Mansomine
Mansoná
Mantampa
Mantasegui
Mantasseide
Mantefa
Mantem
Mantida
Maonga
Maongo
Maqué
Maquèzinho
Maraquissa
Marca
Marcel
Marecunda
Marecunda
Marené
Maréuè
Màriá
Maricanhe
Marim
Marsasse
Marsasse
Massa
Mata de Ucó
Mata do Cão
Mata Galinha
Mata Galinhas
Matar
Mátar
Mate Galinha
Mato Colage
Mato Colaje
Mato de Cão
Mato de Elia
Mato Farroba
Mato Grande
Mato Grande
Mato Madeira
Mato Vaz
Maudo Tabael
Maundé Candé
Maúndè Meta
Máximo
Medina de Boa
Medina Quemade
Mejo
Melinde
Meneque
Meneque
Meningue
Mera Seidi
Mereburum
Méro
Mèruigi
Metacumba
Metade
Metade
Metampil
Metandiame
Metanhancã
M' Goré
Micheche
Miele
Mijancal
Mil
Mina
Mindara
Mindodo
Missida Jauiá
Missirá Ama Sidi
Missirá Balanta
Missirá Beafada
Missirá de Baixo
Missirá Jancó
Missirá Jango
Missirá
Missirá
Missirá
Missirá
Missirá
Missirá Samba
Moango
Moia Fará
Mòlô
Mompatá
Mondajane
Mone
Móni
Montã
Monte Cristo
Morcunda
Morés
Moricanhe
Morocunda
Morocunda
Mua
Mudo
Munhine
Munhini
Muno
Muquejau
Mussà Iero
Nã Balanta
Nafo
Nafo
Nafula
Naga de Baixo
Nagade Baixo
Naga
Nagate
Nago
Nague
Naguena
Naima
Nã Mancanha
Namedão
Nangã
Nangan
Napejame
Nauanhe
Nemanacó
Nema
Nema
Nema
Nematabá
Nematabá
Nemazinho
Nencama
Nenecó
Nerompe
Nétèrè
Neves
Nhabala
Nhabatá
Nhabijão Bedinca
Nhabijão Bedinga
Nhabijão Belabate
Nhabijão Bulobate
Nhabijão Cau
Nhabijão Imbume
Nhabijão Mancanha
Nhabijão Mandinga
Nhacaré
Nhácarè
Nhacobà
Nhacra
Nhacra Teda
Nhaé
Nhafo
Nhago
Nhai
Nhai
Nhala de Baixo
Nhala de Cima
Nhalá
Nhalá
Nhala
Nhalé
Nhalom
Nhalô
Nhamael
Nhamate
Nhamati
Nhambalã
Nhambalan
Nhambanhe
Nhamburã
Nhampasseré
Nhanaià
Nhandofo
Nhané
Nhanfá
Nhanga
Nhangasia
Nhanguê
Nhanjinga
Nhantaba
Nhantáfarà
Nhantampa
Nhantanã Fula
Nhantandim
Nhantida
Nhapo
Nhapo
Nhapo
Nharsabá
Nhatabá
Nhaulem
Nhelem
Nhelma
Nhenguè
Nhenque
Nhime
Nhiquim
Nhoma
Nhome
Nhomezinho
Nhomi Beafada
Nhomi Manjaco
Nhunanca
Niacara
Niji
Nimane
Nino
Noga
None
Nonguena
Nôni
Nònódala
Norobanta Fula
Norobanta Mandinga
Norobantam
Nova Có
Nova Lamego
Nova Sintra
Nuncute
Nuncuto
Ochacaname
Oco Grande
Oco Maundè
Ocon
Ocó
Oco
Ocozinho
Ogoiel
Ôgò
Olocunda
Olom
Olossate
Olossato
Olôto
Olucunda
Omaia
Oma
Ome
Ompabe
Ondame
Ondongol
Ongã
Ongoré
Ongoró
Opar
Oquesinho
Orango Grande
Orango
Orèbodé
Ore Cajaje
Orè Capege
Orè Maundè
Orobode
Ossadú
Ossôcone
Ossocono
Ossor
Outra Banda
Paál
Pabijaro
Pacande
Pacaque
Paceljà
Pacete
Pache
Pácua
Padada
Padim
Pagamã
Page
Páhamo
Paiaicunda
Paiai Gaidê
Paiai Lêmenei
Paiai Numbà
Pai Ai
Paiai
Paiama Dâdi
Paiama Macã
Paiama
Paiama
Paiana Dadé
Paiana Macã
Paiana
Paiana
Paile
Paiunco
Paixão
Pajama
Pajanhe
Palibaque
Pal
Pampaire
Pampe
Panabá
Panalicha
Panalicha
Panambo
Panchor
Pandim
Panja
Pansôr
Panta Joaquim Pereira
Panta
Pantazinha
Pantazinho
Pantufa
Papiá
Paquer Gurô
Paquer Guru
Paquer Lali
Paramanguel
Paroldade
Passabe
Passe
Pasta
Patacã
Patacha
Pataque Boébè
Pataque
Pátáqui
Patassa
Pate Balael
Pate Baliel
Pate Bana
Pate Buià
Patè Embalô
Pate Gibel
Patè Gidè
Pate Guidé
Pate Inde
Pate Jájà
Pate Jau
Patencage
Patengage
Pate Seide
Pate Seidi
Pate Uindi
Patom
Pau da Marca
Paunca
Paunca
Paunto
Paxa
Paxe
Pebosse
Pecan
Pecau
Pecé
Pecete
Pechangali
Peche
Pechife
Pechilal
Pechimã
Pechusse
Pecite
Pecnife
Pecómale
Pecomal
Peconha
Peconhe
Pecuátar
Pecuré
Pedara
Pedingali
Pedreira
Pefiné
Pefite
Pegaque
Pejanguto
Pejungunto
Pejunguto
Pejunguto
Pelépar
Peléper
Pelufe
Pelundo
Penconche
Pendinglo
Pene
Pengonha
Penhacunda
Penha
Penha
Pentiã
Pepal
Pepantar
Pequeje
Pequindo
Perebe
Perecuto
Pericuto
Perule
Petabe
Petasse
Petate
Pete
Petora
Petoro
Petum Dubi
Piai
Piana
Piaque
Picete
Piche Fulbè
Piche
Piche Rundè
Pichilal
Pichimã
Pieme
Pijame
Pijame
Pijate
Pijungoto
Pindim Alé
Pinhanco
Pinhonco
Pinhossenol
Pinjanguru
Pintampil
Pinto
Piol
Piosse
Pirada
Pissangue
Pitche
Plácade
Placo
Plama
Planque
Plaque Intela
Plaque
Plaque
Plaque
Plufe
Poatchi
Pobreza
Pófa
Poiel
Poilão de Cinza
Poilão de Leão
Poindão
Poindom
Polibaque
Pónate
Poncão
Poncon
Ponhé Ierobà
Ponhè Maundè
Ponta Adelino
Ponta Adolfo Ramos
Ponta Adriano
Ponta Alfama
Ponta Alfredo Neves
Ponta Amâncio
Ponta Amaro
Ponta Amorim
Ponta Arif Elawar
Ponta Augusto Barreto
Ponta Augusto Barros
Ponta Augusto Correia
Ponta Augusto Hopfer
Ponta Augusto Hopffer
Ponta Augusto Rosario
Ponta Augusto Soares
Ponta Baio
Ponta Barbosa
Ponta Batíjaque
Ponta Belabe
Ponta Bela Vista
Ponta Benjamim Correia
Ponta Benjamim Correia
Ponta Benjamim
Ponta Bernardo Soares
Ponta Blabe
Ponta Blom
Ponta Boa Esperança
Ponta Boa Esperança
Ponta Brancozinho
Ponta Brandão
Ponta Brandão
Ponta Cabral
Ponta Cabral
Ponta Caeiro
Ponta Caetano Teixeira
Ponta Califórnia
Ponta Camilo
Ponta Compito
Ponta Conselho
Ponta Consolação
Ponta Corrente
Ponta Costa
Ponta Crato
Ponta Cumanda
Ponta Cumbito
Ponta da Negado
Ponta Dangã
Ponta de Agua
Ponta de Mássà
Ponta de Pedra
Ponta Doce Balanta
Ponta Doce Mancanha
Ponta Doce
Ponta Doce
Ponta do Inglês
Ponta Domingos Monteiro
Ponta Duarte
Ponta Fernandes
Ponta Fernandes
Ponta Filipe
Ponta Forse
Ponta Fortuna
Ponta Francisco Araújo
Ponta Francisco Monteiro
Ponta Francisco Monteiro
Ponta Furtado
Ponta Gardete
Ponta Geraldo Landim
Ponta Geraldo
Ponta Germano Landim
Ponta Gomes
Ponta Guerra
Ponta Honório
Ponta Inácia
Ponta Inglês
Ponta Isaac
Ponta Isidoro
Ponta Jai
Ponta Jassom
Ponta J. Fona
Ponta João Carlos
Ponta João da Silva
Ponta João Silva
Ponta Joaquim Mendes
Ponta Joaquim Pereira
Ponta Joaquim Pereira
Ponta José da Silva
Ponta Lagoa
Ponta Leandro Lopes
Ponta Leandro
Ponta Lera
Ponta Luís Cabral
Ponta Luís Dias
Ponta Luís Gomes
Ponta Luís
Ponta Luiz Cabral
Ponta Mamadu
Ponta Manuel da Agua
Ponta Manuel das Águas
Ponta Manuel
Ponta Manuel Rodrigues
Ponta Manuel Vieira
Ponta Mariano
Ponta Mátar
Ponta Monte Cristo
Ponta Negado
Ponta Nhaga
Ponta Nhamudefè
Ponta Nova de Sajà
Ponta Nova
Ponta Nova
Ponta Nova
Ponta Nova
Ponta Nova
Ponta Ondi Vieira
Ponta Paixão
Ponta Paulo Comba
Ponta Penhasse
Ponta Penoi
Ponta Petoro
Ponta Piniz
Ponta Pinto
Ponta Pónate
Ponta
Ponta Rapaz
Ponta Ricardo Soares
Ponta Robalo
Ponta Roberto Cordeiro
Ponta Rocha
Ponta Romão
Ponta Salvador Barreto
Ponta Sanhá
Ponta São Vicente
Ponta Simão
Ponta Simão
Ponta Sinoi
Ponta Soares
Ponta Teixeira
Ponta Teixeira
Ponta Tenente Coronel
Ponta Tété
Ponta Tinta
Ponta Tojó
Ponta Tomázia
Ponta Tomaz Vaz
Ponta Umbome
Ponta Umbrum
Ponta Valentim
Ponta Varela
Ponta Vasconcelos
Ponta Vermelha
Ponta Vicente de Mata
Ponta Vicente
Ponte de Lima
Ponte do Corubal
Ponte Móvel
Ponte Nhaga
Ponte
Pontia
Popójè
Popoti
Port Beaver
Porto de Corcô
Porto Gole
Porto Mansoa
Porto Parul
Porto
Porto Saico
Portugal
Portugal
Prábis
Praça de Bandim
Praia da Varela
Praxéte
Preço Leve
Priame de Baixo
Priame de Cima
Priame
Priame
Priam
Prite
Prite
Propaná
Pubosse
Pugurgur
Pujunguto
Pumôa
Punconche
Pundame
Pungã
Pungonha
Pupal
Purabis
Purenha
Purómala
Quartel
Quebaca
Quebacó
Queba Gilau
Quebá Jilã
Quèbègi
Quèbéji
Quebel
Queber
Quebo
Queca
Quecene
Quecete
Quecuta
Quecutel
Quedanca
Quedanga
Queficine
Quelele
Quendò
Quénebà
Quenebà
Quenebà
Quenejara
Queneje
Quenem
Quenhanque
Quenhaque
Quenhaque
Quenhato
Quenhato
Quenhequenheto
Quenhetó
Quenticó
Quepol
Quéqué
Quequeque
Querelento
Querene
Quérè
Quérè
Quèrèuane
Querim
Querique
Queroane
Queroane
Queroane
Queroane
Quérol
Queruai
Queruane
Querunguel Mancanha
Querunguel Papel
Quessana
Quessaque
Quessasse
Quesse
Quésser
Quetene
Quete
Quetubâ
Quetubo
Queuel Lei
Quêuel
Queuel
Quiassé
Quibil
Quibir
Quibir
Quicene
Quide
Quidinga
Quigiba
Quijem
Quijim
Quilande
Quilum
Quinchana
Quinhameli
Quinhámel
Quinhaque
Quinhaque
Quinhato
Quinhequenheto
Quinheto
Quinjema
Quintáfine
Quintcha
Quintungul
Quiompo
Quique
Qui
Quirafo
Quissanque
Quissem
Quissem
Quissibé
Quissir
Quitafine
Quitaiá
Quitamo
Quitande
Quitungul
Quiuta
Quixangue
Râba
Rauna
Recubá
Reino de Antula
Reino de Bandim
Reino de Bijemita
Reino de Bissalanca
Reino de Bor
Reino de Indafe
Reino de Intim
Reino de Jal
Reino de Pintâmpil
Reino de Quecete
Reino de Safim
Reino de Tor
Reino
Reino
Reino
Reino
Ricardo
Ricardo Soares
Rinhana
Rinhane
Rio Tinto
Roca Esperança
Rocene
Rofine
Rogunhe
Roncò
Rosa
Rossin
Rossum Ôle
Rossum
Rossum
Rouna
Rucuto
Sàala
Sábà
Sabere Capege
Sabére Dandun
Sabere Quebegi
Sabérè
Sabére Saraba
Sabere Usman
Sabuiacunda
Sádejar de Binar
Sádejar de Naga
Sadjo Balel
Safim
Safin
Sagar
Sagoboli
Sagoià
Sã Guelage
Saiamcôtoto
Saiamcutoto
Saian
Saint Domingos
Saint Jorge
Sajã
Salabà
Salamina
Salamine
Salanca
Salancaur Cul
Salancaur de Fulas
Salancaur de Jate
Salancaur Fula
Salancaur Jate
Salaquêual
Salà
Sálià
Salifo
Saliguinhe-din
Salinto Madinga
Saliquinhédim
Saliquinhé-din
Saliquinhé
Salquenha
Saludinca
Samadim
Samadoro
Samandim
Samane
Samaracunda
Samaré
Samaro
Samarum Cunda
Samaruncunda
Sama
Sama
Samba Ali
Samba Árabe
Samba Ari
Sambabuia
Samba Candè
Samba Candè
Samba Chabi
Samba Chabi
Samba Churqui
Samba Culo
Samba Cumbel
Samba Cumbera
Sambacunda
Samba Cunda
Sambacunda
Sambacunda
Samba Daba
Samba Dádo
Sambafim
Samba Gana
Samba Gorcò
Samba Iobà
Sambajai
Samba Jau
Samba Jau
Samba Jula
Samba Juli
Sambalé
Sambalicunda
Sambanco
Samba Nhaco
Samba Nhamaracunda
Samba Sábali
Samba Sajo
Samba Salé
Samba
Samba Seidi
Samba Silate
Samba Si
Sambasò
Sambassi
Samba Sumani
Sambel Berendim
Sambel Bérè
Sambel Berindim
Sambel Cocara
Sambel Cocar
Sambel Embalô
Sambelsim
Sambodado
Samboi
Sambudado
Sambuiádim
Sambuià
Sambuià
Sambulacunda
Sàmecá
Samè Cuía
Samé Maúdo
Samenau
Sâmene
Samenhinte
Same
Saminhancho
Saminhinte
Sam Nau
Samogi
Samoje
Sampaiai
Sampaje
Sampulo
Samudo
Sanael
Sana Jau
Sana Marum
Sancaba Rundé
Sancaba
Sancalancó
Sancalancunda
Sancancôto
Sancatuto
Sancoma
Sancoma
Sanconhá
Sancorlá
Sandamena
Sandemena
Sandina
San Domingo
San Domingos
Sanècunda
Sanganabè
Sangarè
Sangare
Sangonhá
Sanguê Bololi
Sanguê Cabomba
Sanguê Demba Danejo
Sanguenavo
Sanhar
Sanhu Abasse
Sanincha
Sanjalo
Sano
Sano
Sano Umaru
Sansabato
Sansancuta
Sansancutoto
Sansanto
Sansão
Santa Ana
Santa Ana
Santa Clara
Santa Helena
Santajam
Santa Joana
Santa Luzia
Santa Maria
Santa Maria
Santa Maria
Santambato
Santana
Santana
Santana
Santancoto
Santanjã
Santanto
Santão
Santarém
Santo António
Sanumâ
Sanú
São Belchior
São Domingos
São Domingos
São Domingos
São Iero Maro
São João
São João
São João
São João Velho
São Jorge
São Jorge
São José de Bissáu
São José
São José
São Martinho
São Miguel Balanta
São Miguel Beafada
São Nicolau
São Vicente
Sapague
Saquinhê-din
Sàrábá
Sara Mamadi
Sarancho
Saranculè
Sárà
Sarauol
Sare Abdulai
Sare Adè
Sare Adulai
Sare Alabato
Saré Alió
Sare Ali
Sare Aliu
Sare Aliu Sene
Sare Amadi
Sare Anambé
Sare Andem
Sare Arafã
Sare Ardo
Sare Arfã
Sare Bácar
Sare Bailo
Sare Baja
Sare Baldè
Sare Bamba
Sare Bambè
Saré Bana
Sare Banda
Sare Baradi
Sare Béssè
Sare Birai
Sare Biral
Sare Birom
Sare Birò
Sare Bóbo
Sare Bode
Sare Bori
Sare Bor
Sare Buba
Sare Bucò
Sare Budi
Sare Burè
Sare Canta
Sare Carajo
Sare Chicamo
Sare Chumbo
Sare Chumbo
Sare Chumo
Sare Chumo
Sare Cobà
Sare Cole Embalo
Sare Cole
Sare Coli Cebô
Sare Coli Embalo
Sare Coli
Sare Cubè
Sare Cuntai
Sare Curael
Sare Cuta Penda
Sare Dabel
Sare Dabel
Sare Délò Mamadu
Sare Dêlô Maundè
Sare Delo
Sárè Dèló
Sare Demanda
Sare Demba Baderal
Sare Demba Embalô
Sare Demba Jicoi
Sare Demba
Sare Demba
Sare Demba Taquel
Sare Dembel
Sare Dembel
Sare Demboxè
Sare Dibane
Sare Dicò
Sare Díurè
Sare Donhà
Sare Donhá
Sare Endurè
Sare Famorã
Sare Ganà Dulò
Sare Ganà
Sare Gánhà
Sare Gêba
Sare Geno
Sare Geno
Sare Guidere Baldè
Sare Guigui
Sare Guirel
Sare Gurêel
Sare Hági
Sare Ierobà
Sare Iero Embalô
Sare Iero Jau
Sare Iero Nai
Sare Iero
Sare Iero
Sare Ilô
Sare Ina
Sare Ioba Candè
Sare Ioba
Sare Ioba
Sare Ióbà
Sare Iunca
Sare Jaba
Sare Jaguil
Sare Jaiba
Sare Jai
Sare Jai
Sare Jai
Sare Jaja
Sare Jajo
Sare Jambarã
Sare Jancó
Sare Janque
Sare Japu
Sare Jata
Sare Jata
Sare Jaubè
Sare Jeno
Sare Jeta
Sare Jeta
Sare Jobo
Sare Jomel
Sare Juma
Sare Junca
Sare Lale
Sare Lali
Sare Lamine
Sare Leão
Sare Lu
Sare Madina
Sare Mali
Sare Mamadi
Sare Mamude
Sare Mamudo
Sare Mancamã
Sare Mané
Sare Manè
Sare Mansali
Sare Mansal
Sare Meta Boído
Sare Meta
Sare Mijaca
Sare Minimi
Sare Minine
Sare Morijã
Sare Mori
Sare Mórsô
Sare Mulai
Sare Mulai
Sare Mussá
Sare Nambo
Sare Nhaco
Sare Nhado
Sare Nhanhala
Sare Nhobum
Sare Ôgò
Sare Ôgò
Sare Paté
Sare Pate
Sare Pati
Sare Quecuta
Sare Queda
Sare Queja
Sare Queta
Sare Quetuca
Sarero
Sare Saba
Sare Saco
Sare Sagó
Sare Saído Mijaca
Sare Sajau
Sare Saliu
Sare Salum
Sare Samanhara
Sare Samba Baldè
Sare Samba Cantè
Sare Samba Fil
Sare Samba Iafa
Sare Samba Iofá
Sare Sambalafa
Sare Samba Seidi
Sare Samba Sinquirim
Sare Samba Tubaco
Sare Sambi
Sare Sambujã
Sare Seco
Sare Sili
Sare Sofe
Sare Sofi
Sare Soriã
Sare Sucujà
Sare Tambà
Sare Tenem Jongali
Sare Tenem
Sare Tijane
Sare Tombom
Sare Tombo
Sare Tumaná
Sare Tuto
Sare Uale
Sare Ulá
Sare Ura
Sare Ura
Sare Usso
Sare Ussumane
Saro
Sarubè
Satecuta
Sate Cuta
Saucunda Balanta
Saucunda Beafada
Saucunda
Sauiã
Sauncunda
Sau
Saxô Valérè
Sebanda
Sebere Dandum
Seché
Seco Braima
Secote
Secuta
Sedengal
Sedifo
Sedimenta
Séè
Seicuro
Sejo Fula
Sejo Mandinga
Sejo
Sele Sele
Selim
Sél Sél
Senegaliel
Senquerem
Sentà
Sente
Serifo
Serração Amaro
Serração Morais
Serração
Serra Leoa
Serraque
Serume
Séssé
Séuê
Sêvè
Siachã Assê
Sibana
Sibane
Sibérè
Sibicroto
Sibicruato
Sibicunto
Sibijã Fula
Sibijã Mandinga
Sibijã
Sibijá
Síbitò
Sichan Bancapi
Sidia
Sifito
Sija
Silicunda
Silicunda
Siliquinhé
Sima
Simbor
Sinchã Abà
Sinchã Abassi
Sinchã Abdulai
Sinchã Abdulai
Sinchã Abdul
Sinchã Adulai
Sinchã Adulai
Sinchã Agostinho
Sinchã Ahiné
Sinchã Ajanco
Sinchã Ajanco
Sinchã Ájango
Sinchã Alage
Sinchã Alage
Sinchã Alcali
Sinchã Além
Sinchã Alfã
Sinchã Alimo
Sinchã Ali Nhaco
Sinchã Ali
Sinchã Aliu Jau
Sinchã Aliu
Sinchã Aliu
Sinchã Amadu Baldè
Sinchã Amadu
Sinchã Ama Samba
Sinchã Ansumane
Sinchã Bácar Demba
Sinchã Bácari
Sinchã Bácari
Sinchã Bácar
Sinchã Bácar
Sinchã Bácar
Sinchã Bailo
Sinchã Bálà
Sinchã Bambè
Sinchã Bambé
Sinchã Banir
Sinchã Bantã
Sinchã Barbosa
Sinchã Barros
Sinchã Bêbê
Sinchã Belà
Sinchã Belà
Sinchã Bessunha
Sinchã Bilal
Sinchã Birom
Sinchã Birò
Sinchã Bobo
Sinchã Bobo
Sinchã Bôbô
Sinchã Bocar
Sinchã Boché
Sinchã Boché
Sinchã Boébè
Sinchã Boébè
SinchãBoé
Sinchã Boé
Sinchã Boído
Sinchã Boído
Sinchã Boi
Sinchã Boi
Sinchã Bojel
Sinchã Bójò
Sinchã Bolama
Sinchã Bolô
Sinchã Bona
Sinchã Boncò
Sinchã Bondè
Sinchã Bosse
Sinchã Bota
Sinchã Boxê
Sinchã Boxi
Sinchã Braima
Sinchã Braíma
Sinchã Braíma
Sinchã Bucari
Sinchã Buco
Sinchã Búdi
Sinchã Bulbuiel
Sinchã Bulimã
Sinchã Bumi
Sinchã Búquel
Sinchã Burã
Sinchã Burè
Sinchã Caba
Sinchã Cáchajà Bovè
Sinchã Caje
Sinchã Calibo
Sinchã Calilo
Sinchã Cambajã
Sinchã Cambana
Sinchã Camisa
Sinchã Campata
Sinchã Camúnè
Sinchã Candébè
Sinchã Canho
Sinchã Cantabá
Sinchã Cantabá
Sinchã Capassa
Sinchã Carimo
Sinchã Carimo
Sinchã Cã Terofim
Sinchã Cherno Iáià
Sinchã Cherno
Sinchã Cherno
Sinchã Cherno
Sinchã Chicamo
Sinchâ Cibo
Sinchã Cóbà
Sinchã Coi
Sinchã Coli
Sinchã Comandante
Sinchã Comoni
Sinchã Concomelo
Sinchã Corca
Sinchã Corga
Sinchã Corubal
Sinchã Cuchá
Sinchã Cuia
Sinchã Culò
Sinchã Cunade
Sinchã Cunadi
Sinchâ Cupè
Sinchã Cutael
Sinchã Cuta
Sinchã Dadé
Sinchã Dâdi
Sinchã Damã
Sinchã Dêdê
Sinchã Délè
Sinchã Dele
Sinchã Delo
Sinchã Demambi
Sinchã Demba Danejo
Sinchã Demba Ialare
Sinchã Demba Jabuiel
Sinchã Demba Jamanca
Sinchã Demba Já
Sinchã Demba Jau
Sinchã Demba Jau
Sinchã Demba Jubíete
Sinchã Dembari
Sinchã Dembaro
Sinchã Dembaro
Sinchã Demba Sajo
Sinchã Demba Sani
Sinchã Demba
Sinchã Demba
Sinchã Demba
Sinchã Demba Uri
Sinchã Demba Ur
Sinchã Dembel
Sinchã Dembel
Sinchã Dembel
Sinchã Dembol
Sinchã Dembuel
Sinchã Dicò
Sinchã Doiã
Sinchã Dolonguel
Sinchã Domã
Sinchã Dúà
Sinchã Dulá
Sinchã Duldè
Sinchã Dulò Bana
Sinchã Duloiel
Sinchã Dulo
Sinchã Dulõ
Sinchã Dúlò
Sinchã Duntum
Sinchã Durà
Sinchã Durô Buaro
Sinchã El
Sinchã Êrê
Sincha Eri
Sinchã Facò
Sinchã Faja
Sinchã Fajonquito
Sinchã Fali
Sinchã Famará
Sinchã Famora
Sinchã Fanca
Sinchã Fará
Sinchã Farim
Sinchã Farina
Sinchã Fate
Sinchã Fato
Sinchã Fodè Jau
Sinchã Fodengali
Sinchã Fodè
Sinchã Folonco
Sinchã Fôro
Sinchã Fouro
Sinchã Fugà
Sinchã Gaè
Sinchã Galeà
Sinchã Galo
Sinchã Gando
Sinchã Gánhà
Sinchã Garcia
Sinchã Gaulo
Sinchã Gêba
Sinchã Geno
Sinchã Gobudu
Sinchã Govêrno
Sinchã Guelage
Sinchã Guelà
Sinchã Guelà
Sinchã Hélà
Sinchã Iácà
Sinchã Iaía
Sinchã Iàiá
Sinchã Iáià
Sinchã Içaga
Sinchã Ierobá
Sinchã Iero Demar
Sinchã Iero Demori
Sinchã Iero Jaga
Sinchã Iero Jálò
Sinchã Iero Leluma
Sinchã Iero Maro
Sinchã Iero Mólô
Sinchã Ierondim
Sinchã Iero
Sinchã Iero
Sinchã Imabè
Sinchã Indè
Sinchã Indé
Sinchã Infali
Sinchã Iobà
Sinchã Ióbà
Sinchã Issa Seidi
Sinchã Jabori
Sinchã Jádi
Sinchã Jai
Sinchã Jai
Sinchã Jaja Embalo
Sinchã Jáliguè
Sinchã Jali
Sinchã Jango
Sinchã Jata
Sinchã Jaubè
Sinchã Jaucunda
Sinchã Jau
Sinchã Jidè
Sinchã Jiqui
Sinchã Jité
Sinchã Jobà
Sinchã Jobel
Sinchã Jobel
Sinchã Jobor
Sinchã Jobo
Sinchã Jomel
Sinchã Jomé
Sinchã Jótè
Sinchã Jujô
Sinchã Jumboro
Sinchã Labi
Sinchã Laibe
Sinchã Lale
Sinchã Lâli
Sinchã Lamã
Sinchã Lamine
Sinchã Lamoi
Sinchã Lanjali
Sinchã Lenquê
Sinchã Lenquetó
Sinchã Leuro
Sinchã Lumbato
Sinchã Luntã
Sinchã Mãdi Maudô
Sinchã Madina Ierò
Sinchã Madina Maudu
Sinchã Madina
Sinchã Madina
Sinchã Mâdi
Sinchã Madiu
Sinchã Malam Baio
Sinchã Malam
Sinchã Malam
Sinchã Malã
Sinchã Mali
Sinchã Mamadi
Sinchã Mamadi
Sinchã Mamadu Embálô
Sinchã Mamadu Nhobum
Sinchã Mamadu
Sinchã Mamadu
Sinchã Mamadu
Sinchã Mamadu
Sinchã Mamajã
Sinchã Mamudo
Sinchã Mamudu
Sinchã Manjã
Sinchã Mansaroto
Sinchã Mansarrôto
Sinchã Maribê
Sinchã Mário
Sinchã Mariu
Sinchã Massa
Sinchã Maúdo
Sinchã Maundè Bucô
Sinchã Maundè Nhanjô
Sinchã Maundè
Sinchã Meta Seidi
Sinchã Meta
Sinchã Meta
Sinchám Mamadá
Sincham Mussa
Sinchã Modè Uri
Sinchã Modi
Sinchã Molele
Sinchã Mólô
Sinchã Mólò
Sinchã Momo
Sinchã Montã
Sinchã Montã
Sinchã Mumine
Sinchã Mussa
Sinchã Mussa
Sinchã Nácala
Sinchã Nafà
Sinchã Nambò
Sinchan Bacari
Sinchã Nhacori
Sinchã Nhaco
Sinchã Nhapo
Sinchã Nhinha
Sinchã Nhobo
Sinchã Nhoncó
Sinchã Ninha
Sinchã Nori
Sinchan
Sinchã Nunco
Sinchã Ôgò Lamoi
Sinchã Ôgò
Sinchã Ossa
Sinchã Pate Cumba
Sinchã Patè Curé
Sinchã Patè
Sinchã Paté
Sinchã Pati
Sinchã Perim
Sinchã Portari
Sinchã Porto
Sinchã Puloro
Sinchã Pulo Seidi
Sinchã Purom
Sinchã Queba
Sinchã Quecoi
Sinchã Quecuta
Sinchã Quedà
Sinchã Quendo
Sinchã Queta
Sinchã Quêtê
Sinchã Queuel
Sinchã Queuto
Sinchã Quinsé
Sinchã Quinze
Sinchã Sabo
Sinchã Saído
Sinchã Saído
Sinchã Sajori
Sinchã Sajor
Sinchã Sajo
Sinchã Sajo
Sincha Sálà
Sinchã Salio
Sinchã Salio
Sinchã Saliu
Sinchã Saliu
Sinchã Salum
Sinchã Samba Baldè
Sinchã Samba Camarà
Sinchã Samba Dembo
Sinchã Sambael
Sinchã Samba Giba
Sinchã Samba Ia
Sinchã Samba Ióbà
Sinchã Samba Iobel
Sinchã Sambaite
Sinchã Samba Jabu
Sinchã Samba Jã Jã
Sinchã Samba Jalui
Sinchã Samba Jau
Sinchã Samba Jiba
Sinchã Sambanja
Sinchã Samba Ogo
Sinchã Sambaro
Sinchã Sambaro
Sinchã Samba Sajo
Sinchã Samba Sano
Sinchã Samba Seide
Sinchã Samba Seidi
Sinchã Samba
Sinchã Samba
Sinchã Samba
Sinchã Samba Sunto
Sinchã Samba Taco
Sinchã Sambeli
Sinchã Sambeli
Sinchã Sambel
Sinchã Sambel
Sinchã Sambendi
Sinchã Sanfinta
Sinchã Sara
Sinchã Sarmento
Sinchã Sêbò
Sinchã Seco
Sinchã Seidibè
Sinchã Seidi
Sinchã Sejo
Sinchã Seluel
Sinchã Sêlu
Sinchã Senco
Sinchã Sene
Sinchã Serifo
Sinchã
Sinchã Sólò
Sinchã Sori Jomel
Sinchã Sori
Sinchã Sori
Sinchã Sor
Sinchã Sucuta
Sinchã Sudo
Sinchã Sulei
Sinchã Sulo
Sinchã Suncare
Sinchã Suncarò
Sinchã Suquel
Sinchã Suquel
Sinchã Sutu
Sinchã Talá
Sinchã Talata
Sincha Talata
Sinchã Tenem
Sinchã Tenquiname
Sinchã Tombõ
Sinchã Tontò
Sinchã Totala
Sinchã Tota
Sinchã Tumane
Sinchã Tumané
Sinchã Tumani
Sinchã Tunturum
Sinchã Turè
Sinchã Uachico Silate
Sinchã Uachicò Silati
Sinchã Uachò
Sinchã Uale
Sinchã Uale
Sinchã Ualom
Sinchã Úlò
Sinchã Ulú
Sinchã Umariel
Sinchã Umaro Bali
Sinchã Umaro
Sinchã Umaro
Sinchã Umaro
Sinchã Umaru
Sinchã Umero
Sinchã Usso
Sinchã Usso
Sinchã Ussumane
Sinchã Ussumane
Sinchoro
Sincho
Sinchum
Sinchuro Binace
Sinchuro Binasse
Sinchuro Paraual
Sinchuro
Sinchuro
Sinchur Paranale
Sindina
Singa
Sinjanhe
Sinjã
Sinjola
Sinre
Sintra
Sirael
Sira Muriel
Sira Murlel
Sissaucunda Aliu
Sissaucunda Samanco
Sissau Cunda
Sissaucunda Somanco
Sissau
Sissau
Sitatô
Sobeá
Sobuda
Sobudè
Sogobol
Sogume
Solcoco
Solinto Mandinga
Solinto
Solucocum
Soluco
Somatabon
Somba
Som
Sonaco
Soncocunda
Sonco
Sonco
Sonhèdabom
Sora
Sorguidê
Sorimone
Sorioriá
Sori Uoreá
Sorubà
Sotocoi
Sototon
Sototô
Soukoudiak
Suame
Suarecunda
Suare
Suar
Suã
Sucnta
Sucujaque
Sucuta
Sucuta
Sucuta
Sucutó
Sucuto
Sucutoto
Sudo Lêgal
Sudoótro
Sueujaque
Sugé
Sukudiac
Sulococo
Sulucó
Suludinca
Sumabanta
Sumacunda
Sumbundo
Sume
Sumodje
Sumo
Sunà
Suncutoto
Suntucuiá
Suntuncuia
Suranse
Surire
Suro
Susana
Suto Manca
Sutubá
Sutucó
Sutumaca
Suúme
Suxana
Suzana
Tabacó
Tabadará
Tabajã
Tabajã
Tabajenque
Tabalò
Tabanane
Tabanca Grande
Tabanca Nova
Tabanca Nova
Tabanca Velha
Tabandinto
Tabandinto
Tabassé
Tabassi
Tabatô
Tabató
Tabaúma
Tabaúma
Tabojenque
Tade
Tadi
Tafor
Taibatà
Taibatà
Taláià
Talata
Talicó
Taliuará
Taltó
Tamanto
Tamassi
Tama
Tamatel
Tambá Bofá
Tambacruto
Tambacumba
Tambaio
Tambambófa
Tambandinto
Tambandinto
Tambandinto
Tambato Mandinga
Tambato
Tambato
Tambicó
Tamborã
Tancroal
Tanene
Tangali
Tantã Cossé Bacari
Tantã Cossé Samba
Tantan Cossé
Taquir
Tarcuré
Tarige
Tarija
Tarije
Tarna
Tassilimã
Tebebe
Tebedè
Tébè
Tébrè
Tecache
Tehé
Teié
Teixeira Pinto
Têliel
Tel
Temambú
Temanbu
Temanco
Temanto
Temanto
Tema
Témato
Tembo Suco Cunda
Tencolom
Tencó
Tendeiro
Tendinto
Tenhate
Tenquetá
Tenquinã
Tento
Tépel
Tépil
Tianacunda
Ticache
Tidingal
Tienecunda
Tímate
Timba
Timbintô
Timbó
Tinca
Tingaga
Tiquina
Tita Sambo
Tite
Tobacuta
Tobasse
Todos os Santos
Tombali
Tomburã
Tompem
Tonhatabá
Tonhatabá
Tonsongi
Torcino
Toroje
Tór
Trangal
Tringal
Tuate
Tubácutà
Tubadim
Tubandem
Tubá
Tumaná
Tumaneia
Tumania
Tumbum Jansoma
Tungina
Tunquia
Turrà
Uabe
Uacaba
Uacaba
Uache
Uáchicha
Uachicò
Uac
Uaè
Uajê Coli
Uajê Fula
Uaje Fulbe
Uajê Mandinga
Ualada
Ualade
Ualia
Ualicunda
Uali Sachà
Uame
Uaná Beafada
Uanandim
Uaná Porto
Uana
Uanè
Uangane
Uánhal
Uanquelim
Uanquilin
Uanquili
Uápete
Uaquelim
Uaqueri
Uaque
Uaquilai
Uaquilare
Uaquilar
Uáral
Uarancanda
Uarancande
Uaranto
Uassadim
Uassado
Uassado
Uassadu
Uassá
Uasse
Uatiné
Uato Balanta
Uato Fula
Uato Mancanha
Uato Mandinga
Ubau
Ubisse
Uchà
Ucunhe
Udamo
Udasse
Udeque
Udjégui
Uedé Queia
Uediqueia
Uélia
Uelíngara Solo
Uelíngarà
Uelíngarà
Uelingarà
Uelingarazinho
Uenquem
Uensacó
Uerechole
Ufara
Ufoia Baciri
Ufoia Baciro
Ufoia Balari
Ufoia Baleri
Ufoia Maundècunda
Ufoia Sabaná
Ufoia Saje Embalô
Ufoia Sambuiã
Ufoia Ura
Ufudé
Uite
Uiule
Ujeque
Ujíguia
Ujoque
Ul
Ululo
Umaro Baldé
Umaro Baquè
Umaro Bela
Umaro Cossé
Umaro Jaia
Umaro Jai
Umaro Penda
Umaru Helà
Umbaná
Umbassá
Umbã
Umbuganhete
Umbunganhete
Umholi
Umhol
Umoá
Umpabá
Umpacaca
Umpotoco
Umpucute
Umuã
Unal
Unango
Uncal
Unche
Unchute
Uncire
Uncómenè
Unconche
Undarael
Undarim
Undechole
Undungal
Unfarim
Unfotote
Ungará
Unge
Ungro
Ungurá
Unhal
Unsirè
Untabualo
Untague
Untalanque
Untaque
Uoloto
Ura Missirá
Uranto
Ura
Urumaia
Ussaque
Ussor
Ussou
Utama
Utanque
Utêbado
Utia Cor
Utia Melique
Utia
Utonque
Utungul
Varela
Varé
Velígarà
Velíngarà Dulò
Velingará II
Velíngarà Samba
Velingará
Vendu Leidi
Vensacó
Viana
Vicente
Vicente
Vila Nova
Villa Gabu Sara
Viriato
Xalé
Xime
Xitole
