Abary
Achiwib
Achiwuib Village
Acquero
Adelair
Adventure
Agricola Village
Aishalton
Aishalton Village
Ajimipepai
Akar
Akar Village
Akawini Mission
Akwero
Alberttown
Albouystown
Alexander Village
Alexanderville
Alnes
Alness
Altora Village
Amamure Village
Amamuri Village
Amazon
Ambrose Village
Amokokopai Village
Ampa
Amstel
Anna Catherina
Annai
Anwai
Apanachi
Apoteri
Aqueero
Arakaka
Arakwai Outstation
Arau Village
Arawai Village
Arnik Village
Assura Village
Atamadpau
Attai
Attai Village
Aunama
Aunama Village
Aurora
Aurora
Awarabati
Awariwaunau
Awaruwaunawa
Bagotstown
Baiabu
Banakari
Barabara
Barabina Hill
Barakara
Barakara
Barakara Mission
Baramani
Baramanna
Baramanni
Baramita
Barimanni
Barteke
Bartica
Bartica
Basha Village
Bel Air
Bel Air
Bel Air Gardens
Bel Air Park
Bel Air Springs
Belfield
Belfield Village
Belladrum
Berebisibali
Berebisiballi
Beribissibali
Beribissiballi
Berks
Beterverwagting
Bethany
Bethany
Biabu
Big Baiabo
Big Baiabu
Big Biaboo
Big Biabu
Big Diamond
Biloku
Blairmont
Blairmont Place
Blygezight
Blygezight Gardens
Bom Sucesso
Bon Success
Bounty Hall
Bourda
Brandwagt-Sari
Brighton
Burisanawa Village
Bush Lot
Bush Lot
Bush Lot Village
Butakari
Butukari
Buxton
Cajueiro
Caledonia
Campbellville
Canefield
Cane Grove
Capoey
Charity
Charlestown
Chenapowu Village
Chinese Landing
Christianburg
Clonbrook
Cockatara Village
Coomacka
Courida Park
Crabwood Creek
Craig
Cummingsburg
Dadanawa
Dalli
Danielstown
Dartmouth
Dawa
De Jonge Rachael
De Kinderen
De Kindern
Demerara
Den Amstel
Den Amstel Village
De Vigilante
Diamond
Diamond Place
Dukestown
Durung Bang
Ebini Downs
Ebini
Ekereku
Elizabeth
Enachu
Enachu Landing
Enachu Station
Enaruko Village
Enmore
Enterprise
Epira
Epira Mission
Espera
Eupukari
Eurowa
Fear Not
First Savannah
Five Star
Five Star Landing
Five Stars
Fort Wellington
Fredericksburg
Fyrish
Fyrish Village
Georgetown
Glasgow
Glasgow Village
GNS Kimbia
Golden Fleece
Golden Fleece Plantation
Golden Grove
Goldspie
Good Hope
Good Hope
Good Intent
Gordon Table
Governor Light
Grahams Hall
Grass Hook
Great Diamond
Hai Maruni
Hart
Hawkins Mission
Helena
Helena Number Two
Hiawa
Hitia
Hittia Settlement
Hobediah
Hoff Van Aurich
Holmia
Hooboo
Hopetown
Hopetown
Hororabo
Hosororo
Hossororo
Hotakwai
Houston
Hubu
Hururu
Hyde Park
Iguapa
Igupa Village
Illimir Village
Imbaimadai
Imprenza
Ipichau
Ipisháu
Ipisiau Village
Ipotaikuru
Ishalton
Isherton
Islington
Issano
Isseneru Village
Issororo
Issororo
Itabac
Itoni Township
Ituni
Ituni Townsite
Jacaretinga
Jacoba
Jakaretinga
Java
Joanna
Johi
Johi Village
Juanita
Kaibarupai Village
Kaikan
Kaituma
Kalacoon
Kalakoon House
Kalakun
Kalkoon
Kalkuni
Kamana Village
Kamarang
Kamaria
Kamuda
Kamuda Village
Kamwatta Hill
Kanapang Village
Karanambo
Karasabai
Karasabai Village
Karaudanawa
Karia
Kariakaria
Kariakau
Kariaku
Karisparu Village
Karto
Kataliriwau Outstation
Kato
Kato Village
Kaywaek
Kaywaek Village
Keweigek
Kingston
Kitty
Kitty Village
Klip
Kokadai
Kokatara Village
Kokerite
Kokerit
Kokerit Landing
Konashen
Konora Village
Konoro Village
Kopinang Mission
Koriabo
Kotoewau
Kowaeng
Kowaeng Village
Kukuieng
Kukui-Eng Village
Kumaka
Kumaka
Kumu Village
Kurachi
Kurikebaru
Kurikebary
Kurukabaru
Kurukabaru Village
Kurukuru-Baibari
Kurutuku Village
Kwabanna
Kwaimatta
Kwaimatta Village
Kwaiwatta Village
Kwakwani
Kwamatta
Kwatata
Kwiokrebaru
Lacytown
La Grange
La Juanita
Lamaha Gardens
Lanaballi
Lancaster
Land of Canaan
La Penitence
Leeds
Lesbeholden
Lethem
Lethen
Lichfield
Linden
Lodge
Lodge Village
Lorenza
Louisiana
Lower Kamaria
Lowood
Low Wood
Lumidpau
Mabaruma
Macaw
MacDonald
Machabo
Mackenzie
Macusi Village
Mahaica Village
Mahaicony
Mahaicony Village
Mahdia
Makari
Makouria
Malali
Mamir Pawa
Manaka
Manari
Manari
Manari Village
Manawarin
Marakanata
Maria Johanna
Mariwa Village
Marlborough
Martins Burial Ground
Maruranau
Maruranawa
Marurawaunawa
Marurawaunawa Village
Masabona
Massara
Massara Village
Matthews Ridge
McDoom Village
McKenzie
McTurk
Meadow Bank
Melville
Melvilles Ranch
Meritizero
Meruwang
Mibikuri
Minata
Mission Landing
Moco-Moco
Moco-Moco Village
Mongreppo
Monkey Mountain
Moraikobe
Morasi
Morawhanna
Moreiro
Moreiru
Morowta
Mortice
Mountain Point
Mountain View
Mount Everard
Mubohina
Muriakundi
Muriwa Village
Muruakundi
Muruwawe Village
Nappi Village
New Amsterdam
New Burg
New Found Out
New Ground Village
New Haven
Newtown
Nismes
Noitgedacht
Number 2
Number 80
Number Forty-five
Number Forty
Number Forty-one
Number Forty-six
Number Sixty-one
Number Sixty-seven
Number Sixty-six
Number Sixty-two
Number Ten
Number Twelve
Old Vigilante
Old Vigilantie
Onderneeming
Opadai
Oranapai Landing
Oranapai
Oranopai
Oreala
Orealla Mission
Orealla
Orinduik
Owenteik
Pakera
Parabara
Paradise
Paramahatoi
Paramakatoi
Parapimai
Paricaranal
Parika
Parikaranal
Parishara
Parishara Village
Paruima Mission
Paruima
Patarinau
Patentia
Pathawaru
Peropo
Perth
Perth Village
Phoenix Town
Pickersgill
Pickersgil
Pilanawa
Pilinawa
Pine Ground
Pipillipai
Pirara
Plaisance
Plaisance Village
Pomona
Port Kaituma
Port Mourant
Port Mourant Village
Post Ampa
Poterima
Powisanau Village
Prashad Nagar
Primrose Hill
Princetown
Providence Place
Providence
Pubu
Pukasanta Village
Puwa
Puwa Village
Quatata
Queenstown
Queenstown
Queenstown Village
Red Hill Settlement
Ridge
Rising
Rising Sun
Riverstown
Robbstown
Rockstone
Rose Hall
Rose Hall Village
Rosignal
Rosignol
Sabernawau Village
Saint Bede's Mission
Saint Bedes
Saint Benedict Mission
Saint Cuthberts Mission
Saint Cuthberts
Saint Cuthberts Village
Saint Edwards Mission
Saint Francis Mission
Saint Ignatius Mission
Saint Ignatius
Saint John
Saint Mary
Saint Marys
Saint Mary's
Saint Nicholas Mission
Saint Nicholas
Sand Creek Village
Sand Hills
Santa Cruz
Santa Fé Ranch
Santa Fe
Santa Rosa Mission
Santa Rosa
Sarah
Sawariwaunawa
Sawariwau
Saxacalli
Saxakalli
Saxsacali
Scottsburg
Shea
Shea Village
Shoa
Shulinab
Shulinab Village
Simirie
Simiri
Sinclair Landing
Sinking Ground
Sion
Sirikie
Sir James
Sisipelin
Sisipelin Village
Skeldon Place
Skeldon
Smythfield
Soesdyke
Soesdyk
Somerset
Springlands Place
Springlands
Stabroek
Stanleytown
Stanleytown
Subryanville
Suddie
Sunnyside
Surama
Surama Village
Surprise Hill
Surumatra
Tacama
Takama Battle School
Takama
Tamtom
Tamton
Tarlogie Farm
Tarlogie
Taruka
Taruma
Taruma Village
The Clip
Tiger Pond Village
Tipuru
Tipuru Village
Toka
Toka Village
Towakaima Landing
Towakaima
Towokaima Fallssee Towakaima
Tuka
Tumareng
Tumereng
Tumureng
Tuschen
Uitvlugt
Upper Kamaria
Urisirima
Velgrad
Vergenoegen
Vigilantie
Village Burisanawa
Village Nappita
Village Shulinab
Vreed en Hoop
Waikerebi Mission
Waioklepalul
Waioklepaluta Village
Waipa Village
Wai-Wai
Waiwoi Village
Wakadanawa
Wakakulud Village
Wakakulud
Wakapau Village
Wales
Wandaik Village
Wandaik
Wandapa Village
Wandapa
Waramadan
Waramadon Village
Waramuri Mission
Waramuri
Ward village
Warimure
Wariwau
Wariwiau Village
Waropoko Mission
Waruma Outstation
Waruma
Watooka Village
Watuka
Waudapa Village
Wauna-Yarakita
Wauna-Yarikita
Weldaad
Wel te Vreeden
Werk en Rust
Whim
Wiapri
Wichabai
Windsor Forest
Wineperu
Wiribisirikanali
Wisemar
Wismar
Wolga
Wortmanville
Woweta Village
Woweta
Yakarinta
Yakusari
Yepi Village
Yepu Village
Yupukari
Yupukarri
Zion
