Aberdeen
A Kung Ngam
A Kung Tin
A Kung Wan
A Ma Wat
A Po Long
A Shan
A Shan San Wai
A Shan Shan Tsiu Lam
A Shan Tseng Tau
A Shan Tsiu Lam
Au Ha
Au Pui Tong
Au Pui Wan
Au Tau
Caroline Hill
Castle Peak New Town
Causeway Bay
Central District
Chai Kek
Chai Kek Wai
Chai Wan
Chai Wan Kok
Chai Wan Resettlement Area
Cha Kwo Ling
Ch'ang-sha
Chan ji
Chan Uk Po
Chap Mun Tau
Chap Wai Kon
Chau Tau
Che Ha
Chek Chue
Che Keng Tuk
Chek Keng
Chek Kok Tau
Chek Nai Ping
Che Kung Miu
Cheung Chau
Cheung Kang
Cheung Kong
Cheung Kwan
Cheung Kwan O
Cheung Lek
Cheung Lek Mei
Cheung Muk Tau
Cheung Pei Shan
Cheung Po
Cheung Sha
Cheung Sha Lan
Cheung Sha Wan
Cheung Shek Pai
Cheung Sheung
Cheung Shue Tan
Cheung Shue Tau
Cheung Shui Tan
Cheung Sok
Cheung Ting
Cheung Uk
Cheung Uk Wai
Cheung Wo
Chik Chu
Chik Kang
Chikking
Chiktsui
Chi Ma Hang
Chin Lan Chun
Chiu-lung
Chiu-lung-ku-ch'eng
Choi Hung
Choong Wan
Ch'üan-wan
Chuen Lung
Chuk Hang
Chuk Kok
Chuk Un
Chuk Yuen
Chun Fa Lok
Chung Hau
Chung Ji
Chung Kwai Chung
Chung Mei
Chung Mei Kok
Chung Mei Kok Sheung Wai
Chung Pui
Chung Sam Wai
Chung Uk
Chung Uk Tsuen
Chung Wai
Chung Wan
Dills Corner
Epworth Village
Fan Kwai Tong
Fan Leng Ching Wai
Fan Leng
Fan Leng Lau
Fan Leng Nam Wai
Fan Leng Pak Wai
Fan Leng Tai Wai
Fanling
Fan Shui Au
Fan Tin Tsuen
Fa Peng
Fa Sam Hang
Fat Tong Mun
Fa Yuen
Fen-ling
Fong Ma Po
Fong Pin Sho
Fong Yuen
Fo Tan
Fui Sha Wai
Fui Yiu
Fui Yiu Ha
Fuk Hing Lei
Fuk Hing Tsuen
Fuk Lok Tsuen
Fuk Lo Tsuen
Fuk Tak Kung
Fung Chi Heung
Fung Hang
Fung Kat Heung
Fung Ka Wai
Fung Kong Tsuen
Fung Shue Wo
Fung Wong Village
Fung Wong Wu
Fung Yuen
Fung Yuen Lo Tsuen
Fu Tau Pun Chau
Fu Tau Wat
Fu Tei
Fu Tei Kok
Fu Tei Pai
Fu Tei Wan
Fu Yung Pit
Fu Yung Shan
Ha Che
Ha Chuk Yuen
Ha Chung Mei
Ha Fa Shan
Ha Hang
Ha Heung Yuen
Ha Hung
Ha Keng
Ha Keng Hau
Ha Ko Tan
Ha Kwai Chung
Ha Ling Pei
Ha Loi Tung
Ha Mei San Tsuen
Ham Hang Mei
Ha Miu Tin
Ham Tin
Hang Ha Po
Hang Hau
Hang Hau Town
Hang Hau Tsuen
Hang Mei
Hang Mei Tsuen
Hang Pui
Hang Tau
Hang Tau Tai Po
Han Hui
Happy Valley
Ha San Wai
Ha Shan Kai Wat
Ha Tam Shui Hang
Ha Tei Ha
Ha Tsat Muk Kiu
Ha Tsuen
Ha Wai
Ha Wan Tsuen
Ha Wo Che
Ha Wo Hang
Ha Wong Yi Au
Ha Wun Yiu
Ha Yau Tin
Ha Yeung
Ha Yuen Leng
Hei Tsz Wan
Heung Chung
Heung Fan Liu
Heung Kong Tsai
Heung Yuen Wai
Hing Lung Tsuen
Hing Wah Tsuen
Hin Tin
Ho Chung
Hoi Ha
Hoi Pa
Hoi Pong Kai
Hoi Pui Leng
Hok Tau
Hok Tau Pai
Hok Tau Wai
Hok Tsui Wan
Ho Lek Pui
Holy Cross Path Village
Ho Man Tin
Hong Kong
Hong Lok Tsuen
Hong Mei Tsuen
Ho Pui
Ho Sheung Heung
Ho Tin
Ho Tung Lau
Hung Fa Ngan
Hung Hom
Hung-k'an
Hung Leng
Hung Shing Ye
Hung Shui
Hung Tin
Hung Tso Tin
Hung Uk Tsuen
I O Tsuen
I Pak
Jardines Lookout
Jordan Valley
Kai Ham
Kai Kuk Shue Ha
Kai Leng
Kai Yi Wan
Kak Hang Tun
Kak Tin
Ka Loon Tsuen
Kam Cheuk Pai
Kam Chuk Pai
Kam Hing Wai
Kam Shan
Kam Tin Hui
Kamtinhu
Kam Tin San Tsuen
Kam Tin Shi
Kam Tsin
Kam Tsin Wai
Kam Tsta Wai
Kan Tau Tsuen
Kan Tau Wai
Kaosai
Kap Pin Long
Kat Hing Wai
Kat O
Kat O Sheung Wai
Kau Lau Wan
Kau Liu Ha
Kau Lung Hang
Kau Lung Hang Lo Wai
Kau Lung Hang San Wai
Kau Lung Sheng
Kau Lung Tong
Kau Man
Kau Pa Kang
Kau Sai
Kau San Tei
Kau Shat Wan
Kau Shi Wai
Kau Tam Tso
Kau To
Kau Tsin Uk
Kau Wa Kang
Kau Wa Keng
Kau Wa Keng San Tsuen
Kei Ling Ha
Kei Ling Ha Lo Wai
Kei Ling Ha Lo Wei
Kei Ling Ha San Wai
Kei Ling Ha San Wei
Kei Lun Wai
Kei Pik Shan
Keng Hau
Keng Pang Ha
Kennedy Town
Keung Shan
Kik Yeung Tsuen
Ki Ling Ha
Kings Park
Kiu Sai
Kiu Tau
Kiu Tau Wai
Kiu Tsui
Ko Long
Kong Ha
Kong Pui Tsuen
Kong Tau San Tsuen
Kong Tau Tsuen
Kon Hang
Kon Tong
Ko Po
Ko Po Tsuen
Kop Tong
Ko Tin Hom
Ko Tong Ha Yeung
Ko Tong
Kowloon City
Kowloon
Kowloon Tong
K'uai-huo Ku
Kuan T'ang
Kuk Liu
Kuk Po
Kung Man Tsuen
Kung Miu
Kung Tong
Kun Tong
Kwai Chung
Kwai Po Lau
Kwai Tau Leng
Kwai Tau Ling
Kwan Tei
Kwo Lo Wan
Kwun Hang
Kwun Tong
Kwun Yam Keng
Kwun Yam Shan
Kwu Tung
Lai Chee Chong
Lai Chi Chong
Lai Chi Kok
Lai Chi Shan
Lai Chi Wo
Lai Chi Yuen
Lai Pek Shan
Lai Tau Shek
Lak Ma Chau
Lam Che
Lam Hau
Lam Tei
Lam Tin
Lam Tsuen San Tsuen
Lam Uk Wai
Lan Nai Wan
Lan-nai-wan
Lan Nai Wan Lei Uk
Lan Nai Wan Man Uk
Lan Nai Wan Tsau Uk
Lap Wo Tsuen
Lau Fau Sha
Lau Hang
Lau Nai Wan
Lau Shui Heung
Lawkong
Leighton Hill
Lei Uk
Lei Uk Tsuen
Lei U Mun
Lei Yue Mun
Lek Mei
Leng Pei Tsuen
Leng Tsai
Leung Fai Tin
Leung Shuen Wan
Leung Shui Tseng
Leung Tin Tsuen
Leung Uk
Lin Au
Lin Fa Tei
Ling Nam San Tsuen
Lin Ma Hang
Lin Tong Mei
Lin Tong Mei Tsoi Yuen
Liu Pok
Liu To
Lo Fu Ngam
Loi Tung
Loi Tung Tsuen
Lok Kang Po
Lok Lo Ha
Lok Ma Chau
Lok Wo Sha
Lo Lau Uk
Long Kau Tang
Long Ke
Long Keng
Long Mei
Lo Shue Ling
Lo Shue Tin
Lo So Shing
Lo Tik Wan
Lo Tsuen
Lo Tsz Tin
Lo Uk
Lo Uk Tsuen
Lo Wai
Lower Keung Shan
Lo Wu
Lu-ching
Luen Wo Market
Luen Wo San Tsuen
Luk Chau
Luk Keng Chan Uk
Luk Keng
Luk Keng Wong Uk
Luk Tei Tong
Luk Wu
Lung A Pai
Lung Ching Tau
Lung Mei
Lung Mei Tau
Lung Tin Tsuen
Lung Ti Tong
Lung Tsai
Lung Tseng Tau
Lung Wo Tsuen
Lung Yeuk Tau
Lye Mun
Mai Po Lo Wai
Mai Po San Tsuen
Mak Uk
Ma Kwu Lam
Ma Lau Tong
Ma Liu Shui
Ma Mei Ha Leng Tsui
Ma Mei Ha
Ma Nam Wat
Man Cheung Po
Mang Kung Uk
Mang Tong
Man Hang
Ma Niu
Ma Niu Shui
Man Kam To
Man Kok
Man Uk Pin
Man Wo
Ma On Kong
Ma On Shan
Ma On Shan Tsuen
Ma Po Mei
Ma Shan
Ma Shi Po
Ma Tau Kok
Ma Tau Wai
Ma Tin Tsuen
Ma Tseuk Leng
Ma Tseuk Leng San Uk Ha
Ma Tso Lung
Ma Tso Lung San Tsuen
Mau Ping Lo Uk
Mau Ping
Mau Ping San Uk
Mau Po
Mau Tat
Mau Tat Wan
Mau Tin
Mau Tso Ngam
Mau Wu Tsai
Ma Wan Chung
Ma Wan
Ma Wan Tsuen
Ma Wat
Ma Wat Tsuen
Ma Wat Wai
Ma Wo
Ma Yau Tong
Ma Yin Tung Pai Chong
Ma Yiu
Mid Levels
Min Fong
Mok Ka
Mok Tse Che
Mong Kok
Mong Tseng Tsuen
Mong Tseng Wai
Mong Tung Hang
Mong Tung Wan
Mor Li Shan
Morrison Hill
Mo Tat
Mo Tat Wan
Mo To Tang
Mount Davis
Mui Shue Hang
Mui Shui Hang
Mui Tsz Lam
Mui Wo Kau Tsuen
Mui Wo
Muk Kiu Tau
Muk Min Ha
Muk Min Shan
Muk Min Tau
Muk Wu Chuen Yiu
Muk Wu
Nai Chung
Nai Tong Kok
Nai Wai
Nam A
Nam Chung Cheng Uk
Nam Chung Cheung Uk
Nam Chung Lam Uk
Nam Chung Lei Uk
Nam Chung Lo Uk
Nam Chung
Nam Chung Yeung Uk
Nam Fung Chau
Nam Fung Wan
Nam Hang
Nam Long
Nam On Fong
Nam Pin Wai
Nam Shan Mei
Nam Shan
Nam Shan Tung
Nam Sha Po
Nam She
Nam Wai
Nam Wan
Nam Wa Po
New Kowloon
New Tung Chung Hang
Ngan Hang
Nga Tsin Wai
Ngau Au
Ngau Chi Wan
Ngau Hom
Ngau Hom Sha
Ngau Hom Shek
Ngau Keng
Ngau Kok Wan
Ngau Kwo Tin
Ngau Kwu Long
Ngau Kwu Wan
Ngau Liu Ha
Ngau Liu
Ngau Pei Sha
Ngau Pui Wo
Ngau Shi Wu
Ngau Tam Mei
Ngau Tau Kok
Ngau Wu Tok
Nga Yiu Ha
Nga Yiu Tau
Ng Ka Tsuen
Ngo Ki
Ngong Ping
Ngong Shuen Au
Ngong Wo
Ng Tung Chai
Ng Uk Tsuen
Nim Au
Nim Shue Wan
Nim Shue Wan Tsuen
Nim Wan
Nim Yuen
Niu-tzu-wan
North Point Estate
North Point
Old Tung Chung Hang
On Lok Tsuen
On Lung Tsuen
O Pui Lung
O Tau
Pai Chong
Pai Mun
Pai Tau Hang
Pai Tau
Pak A
Pak Hok Chau
Pak Kiu
Pak Kok Kau Tsuen
Pak Kok
Pak Kok San Tsuen
Pak Kok Tsuen
Pak Kong Au
Pak Kong
Pak Kong Tsun
Pak Kung Au
Pak Lap
Pak Long
Pak Mong
Pak Nai
Pak Ngan Heung
Pak Ngau Heung
Pak Ngau Shek
Pak Sha Au
Pak Sha O Ha Yeung
Pak Sha O
Pak Sha Tau
Pak Sha Tsai
Pak Sha Tsuen
Pak Sha Wo Liu
Pak Shek Au
Pak Shek Kiu
Pak Shek
Pak Shek Wo
Pak Shin Kok
Pak Tam Au
Pak Tam Chung
Pak Tam
Pak Tin
Pak Tin Pa
Pak Tin Pa San Tsuen
Pak Waii
Pak Wai
Pak Wan
Pa-lo-wang
Pa Mei San Tsuen
Pan Chung
Pan Chung San Tsuen
Pang Ka Tsuen
Pan Long Wan
Pa Tau Kwu
Pat Tsz Wo
Peang
Pei-lang
Peng Chau
Pik Uk
Ping Chau
Ping Che
Ping Kong
Ping Long
Ping Long Wan
Ping Shan Chai
P'ing-shan-hsü
Ping Shan
Ping Shan Tsai
Ping Shek
Ping Tun
Ping Yeung
Po Chue Tam
Po Kat Tsai
Pok Wai
Po Lo Shan
Po Min
Port Stanley
Po Sam Pai
Po Toi O
Po Tong Ha
Pui O Kau Tsuen
Pui O
Pui O San Tsuen
Pun Chun Yuen
Pun Shan Chau
Pun Shan Tsuen
Pun Uk Tsuen
Quarry Bay
Rennie's Mill Camp
Rennie's Mill
Rennie's Mill Village
Repulse Bay
Sai Chuk Tsuen
Sai Kang
Sai Keng
Sai King
Saiki
Sai Kung
Sai Kung Tuk
Sai Lau Kok
Sai O
Sai Pin Wai
Sai
Sai Shan
Sai Shan Tsuen
Sai Tau Wai
Sai Tso Wan
Sai Tsuen
Sai Wan Estate
Sai Wan Ho
Sai Wan
Sai Ying Poon
Sai Ying Pun
Sam A Chung
Sam A Tsuen
Sam Cheung
Sam Chuen
Sam Chung
Sam Fai Tin
Sam Ka Tsuen
Sam Long Tsuen
Sam Mun Tsai
Sam Pak
Sam Shing Hiu
Sam Shing Hui
Sam shui po
Sam Tsuen
Sam Tung Uk
San Hei Tsuen
San Hing Tsuen
San Hui
San Keng
San Kwai Tin
San Lei Uk Tsuen
San Lung Tsuen
San Lung Wai
San Po Kong
San Shek Wan
San Tau Kok
San Tau
San Tau Yiu
San Tin Hang
San Tin
San Tin San Wai
San Tin Wai
San Tong Po
San Tong
San Tsuen
San Tsun
San Uk Ha
San Uk Ling
San Uk
San Uk Tsai
San Uk Tsuen
San Wai
San Wai Tsai
Sau Ke Wan
Sau Ki Wan
Sau Mau Ping
Sei Ying Poon
Sek Kong
Sek Kong Wai
Sha Ha
Sha Kok Mei
Sha Kok Mi
Sha Kong Miu
Sha Kong Tsuen
Sha Kong Wai
Sha Kong Wai Tsai
Sha Lan
Sha Ling
Sha Lo Tung Lo Wai
Sha Lo Tung
Sha Lo Wan
Sham Chung
Sham Shui Po
Sham Tseng
Sham Wan Tsuen
Sham Wat
Shan Ha
Shan Ha Tsuen
Shan Ha Wai
Shan Kai Wat
Shan Liu
Shan Mei
Shan Pui
Shan Shin Po
Shan Tau Kok
Shan Ting Tsuen
Shan Tseng
Shan Tsui
Sha Pa
Shap Long Kau Tsuen
Shap Long San Tsuen
Sha Po Kong
Sha Po Ng Tsuen
Sha Po
Sha Tau Kok
Sha Tau Kok Tan Ka
Sha Tau
Sha Tin New Town
Sha Tin
Sha Tin Tau
Sha Tin Wai
Sha-t'ou-chiao
Shatoujiao
Sha Tsiu
Shau Kei Wan
Shau Ki Wan
Sheh Tong Tsui
Shek Chung Au
Shek Hang
Shek Kip Mei
Shek Kip Mi Resettlement Area
Shek Kip Mi Village
Shek Kiu Tau
Shek Kok Tsui
Shek Ko Lung
Shek Kong
Shek Kwu Lung
Shek Lau Po
Shek Lau Tung
Shek Lei
Shek Lung Tsai
Shek Mun Kap
Shek O Village
Shek Pai Tau
Shek Pai Wan Resettlement Estate
Shekpaiwan
Shek Pan Tam
Shek Pik Au
Shek Pok Wai
Shek Po Tsuen
Shek Tau Wai
Shek Tong Tsui
Shek Tsai Po
Shek Wai Kok
Shek Wo Hui
Shek Wu Hui
Shek Wu Tong
Shek Wu Wai
Shep Kip Mei
She Shan
She Tau
Sheung Che
Sheung Cheung Wai
Sheung Chuk Yuen
Sheung Chung Mei
Sheung Fa Shan
Sheung Hoi Pa
Sheung Keng Hau
Sheung King Hau
Sheung Ko Tan
Sheung Kwai Chung Wai
Sheung Lau Wan
Sheung Ling Pei
Sheung Miu Tin
Sheung San Wai
Sheung Shan Kai Wat
Sheung Shui Choi Yuen Tsuen
Sheung Shui
Sheung Shui Tsuen
Sheung Shui Wa Shan
Sheung Sz Wan
Sheung Tam Shui Hang
Sheung Tong
Sheung Tsat Muk Kiu
Sheung Tsuen Lai Ka Tsz
Sheung Tsuen
Sheung Wan
Sheung Wo Hang
Sheung Wong Yi Au
Sheung Wun Yiu
Sheung Yau Tin
Sheung Yeung
Sheung Yiu
Sheung Yuen Leng
Shing On
Shing Uk
Shing Uk Tsuen
Shouson Hill
Shuen Wan Chan Uk
Shuen Wan Chim Uk
Shuen Wan Lei Uk
Shuen Wan
Shui Hau
Shui Lau Tin
Shui Mei
Shui Mong Tin
Shui Pin Tsuen
Shui Pin Wai
Shui Tau
Shui Tin Tsuen
Shui Tsan Tin
Shui Tseng Wan
Shui Tsiu Lo Wai
Shui Tsiu San Tsuen
Shui Wo
Shung Him Tong
Sik Kong Tsuen
Sik Kong Wai
Sin Yan Tseng
Siu A Chau Tsuen
Siu Chik Sha
Siu Hang Hau
Siu Hang San Tsuen
Siu Hang Tsuen
Siu Kau
Siu Lang Shui
Siu Lek Yuen
Siu Lik Yuen
Siu Om Shan
Sok Kwu Wan
So Kon Po
So Kun Wat
So Kwun Po
So Kwun Wat San Tsuen
So Kwun Wat
So Lo Pun
Sookung Poo
Soo Kun Poo
Stanley
Stanley Village
Sui Lam
Sun Fung Wai
Sze Pak
Sz Pak
Sz Tsz Uk
Ta-chiao Tsui
Ta-hao
Ta Ho Tun
Tai Au Mun
Tai Chau To
Tai Che
Tai Chik Sha
Tai Ching Cheung
Tai Chuen
Tai Hang Hau
Tai Hang Mei
Tai Hang
Tai hang tsun
Tai Hang Village
Tai Hom
Tai Hom Village
Tai Hong Tsuen
Tai Hong Wai
Tai ho
Tai Kau
Tai Kei Leng
Tai Kek
Tai Kok Tsui
Tai Kok Tsu
Tai Kong Po
Tai Lam Chung
Tai Lam Chung Tsuen
Tai Lam Chung Wong Uk
Tai Lam Chung Wu Uk
Tai Lam Liu
Tai Lam Wu
Tai Lang Shui
Tai Lin Pai
Tai Long Ham Tin
Tai Long
Tai Long Wan
Tai Mei Tuk
Tai Mong Che
Tai Mong Tsai
Tai No Sheung Yeung
Tai No
Tai Om Shan
Tai Om
Tai O
Tai O Town
Tai Pak
Tai Peng
Tai Ping Shan
Tai-po-hui
Tai Po Kau Hui
Tai Po Kau Lo Wai
Tai Po Kau Residential Area
Tai Po Kau San Wai
Tai Po Kau
Tai Po Market
Tai Po Mei
Tai Po Old Market
Tai Po
Tai Po Tau Lo Wai
Tai Po Tau
Tai Po Tin
Tai Po Tsai
Tai Shang Wai
Tai Shek Hau
Tai She Wan
Tai Shui Hang
Tai Tam
Tai Tan
Tai Tau Leng
Tai Tau Ling
Tai Tei Tong
Tai Ti Tong
Tai Tong
Tai Tseng Wai
Tai Tsing Chau
Tai Tsoi Yuen Kui
Tai Tung
Tai Tung Wo Liu
Tai Uk
Tai Uk Wai
Tai Wai
Tai Wan Kau Tsuen
Tai Wan San Tsuen
Tai Wan
Tai Wan Tau
Tai Wan To
Tai Wan Tsan
Tai Wan Tsuen
Tai Wan Tsun
Tai Wo Hau Resettlement Area
Tai Wo Hau
Tai Wong Ha
Tai Wong Sheung
Tai Wong
Tai Wo Ping
Tai-wo-shi
Tai Wo
Tak Yuet Lau
Ta-lang
Tam Kon Chau
Tam Kon Shan
Tam Shui Hang
Tam Wat
Tan Cheung
Tan Chuk Hang Lo Wai
Tan Chuk Hang
Tan Ka Wan
Tan Kwai Tsuen
Tanner Hill Estate
Tan Shan Tsuen
Tao Feng Shan
Ta Pang Po
Tap Mun Shi
Tap Mun
Ta Shek Wu
Ta-shui-k'eng
Ta Tit Yan
Tei Tong Tsai
Tei Tong Tsui
Tin Fu Tsai
Tingkao
Ting Kau
Ting Kaw
Ting Kok
Tin Ha
Tin Hau Miu
Tin Ha Wan
Tin Liu Ha
Tin Liu
Tin Liu Tsuen
Tin Sam
Tin Shui Wai
Tin Wan Resettlement Estate
Tin Wan
Tit Hang
Tit Kim Hang
Tiu Keng Leng
Tiu Keng Wan
To Fung Shan
Toh shek
Tok Wah Wan
To Kwa Peng
To Kwa Wan
Tolamchin
Tong Fong
Tong Fong Tsuen
Tong Fuk
Tong Hang
Tong Kai Tseng
Tong Kung Leng
Tong Lo Wan
Tong Min Tsuen
Tong Tau Po
Tong To
Tong Yan San Tsuen
Tong Yau San Tsuen
To Shek
To Tau
To Tei Wan
To Yuen Tung
To Yuen Wai
Tsai muk kiu
Tsak Yue Wu
Tsam Chuk Wan
Tsang Kok
Tsang Tai Uk
Tsat Muk Kiu
Tsat Sing Kong
Tsat Tsz Mui
Tseng Lan Shue
Tseng Lan Shu
Tseng Tau San Tsuen
Tseng Tau
Tseng Tau Wai
Tseung Kong Wai
Tseung Kwan O
Tsim Sha Tsui
Tsing Chau Tsai
Tsing Chau Wan
Tsing Chuen Wai
Tsing Fai Tong
Tsing Leng Tsui
Tsing Lung Tau
Tsing Lung Tsuen
Tsing Shan Tsuen
Tsing Tau
Tsing Yi Town
Tsin Shui Ma Tau
Tsin Shui Wan
Tsin Yue Wan
Tsiu Hang Hau
Tsiu Hang
Tsiu Keng Lo Wai
Tsiu Keng Pang Uk
Tsiu Lam
Tsiu Lung
Tsiu Wo
Tsoi Yuen Kok
Tsoi Yuen Tsuen
Tsok Pok Hang
Tso Kung Tam
Tso Tui Ha
Tso Wan
Tso Wo Hang
Tsuen Wan
Tsui King Lo Wai
Tsung Pak Long
Tsung Tau Ha
Tsung Tsai Yuen
Tsung Yuen Ha
Tsung Yuen
Tsun Wan
Tsun Wan Wai
Tsz Tin Tsuen
Tsz Tong Tsuen
Tsz Wan Shan
Tuen Mun Kau Hui
Tuen Mun San Hui
Tuen Mun
Tuen Tsz Wai
Tuk Mei Chung
Tung Chan Wai
Tung Chung Hang
Tung Chung
Tung Hing
Tung Kok Wai
Tung Lo Wan
Tung O
Tung Sam Kei
Tung Shan Ha
Tung Shing Lei
Tung Tau Tsuen
Tung Tau Tsun
Tung Tau
Tung Tau Village
Tung Tsai
Tung Tsz
Tung Wan Tau
Tung Wan
Uk Cheung
Uk Tau
Un long hui
Un Long
Upper Keung Shan
Victoria
Wah Fu Estate
Wah Fu
Wai Ha
Wai Tau Tsuen
Wai Tau
Wai Tsai
Wa Mei Shan
Wan Chai
Wang Che
Wang-chia-wei
Wang Hang
Wang Leng Tau
Wang Ling Chui
Wang Ling Tau
Wang Ling
Wang Long
Wang Shan Keuk San Tsuen
Wang Shan Keuk
Wang Tau Hom
Wang Toi Shan
Wang Tong
Wan Tau Kok
Wan Tau Tong
Wan Tsai
Wa Shan Keuk
Wing Ling Tsuen
Wing Lung Wai
Wing Ning Lei
Wing Ning Tsuen
Wing Ning Wai
Wing Ning
Wing Ping Tsuen
Wo Che
Wo Hang Tai Long
Wo Hop Shek
Wo Keng Shan
Wo lei hop
Wo Li Hop
Wo Liu Hang
Wo Liu
Wo Mei
Wong Chuk Hang Kau Wai
Wong Chuk Hang San Wai
Wong Chuk Hang
Wong Chuk Long
Wong Chuk Shan
Wong Chuk Tsuen
Wong Chuk Wan
Wong Chuk Yeung
Wong Fung Leng
Wong Fung Tin
Wong Ka Wai
Wong Keng Tei
Wong Keng Tsai
Wong Ling
Wong Lung Hang
Wong Mau Kok
Wong Mo Ying
Wong Nai Fai
Wong Nai Phong Valley
Wong Nai Tau
Wong Nai Tun
Wong Nai Uk
Wong Tai Sin
Wong Uk
Wong Wan
Wong Yi Chau
Wong Yue Tan
Won Yiu
Wo Shang Wai
Wo Sha
Wo Sheung Au
Wo Sheung Tun
Wo Tin
Wo Tong Kong
Wo Yi Hop
Wu Chau Tong
Wu Kau Tang
Wu Lei Kiu
Wu Lei Tau
Wu Nga Lok Yeung
Wu Shek Kok
Wu Uk
Yam O
Yam Tsai
Yan Shau Wai
Yaoyuwan
Yau Kom Tau
Yau Ma Hom
Yau Ma Po
Yau Ma Tei
Yau Ma Ti
Yau Tam Mei
Yau Tong
Yau Ue Wan
Yau Uk Tsuen
Yau Yat Tsuen
Yau Yue Wan
Yeung Shu Au
Yeung Siu Hang
Yeung Uk Tsuen
Yi Chuen
Yim Liu Ha
Yim Tin
Yim Tso Ha
Ying Pun Ha
Ying Pun
Yin Kong
Yin Ngam
Yi O Hau
Yi O Kau Tsuen
Yi O San Tsuen
Yi Pak
Yi Pei Chun
Yiu Tsz Kin
Yüan-lang-hsin-hsü
Yuan-lang-hsü
Yue Kok
Yue Kwong Chuen
Yuen Chau Kok
Yuen Kong San Tsuen
Yuen Kong
Yuen Leng
Yuen Long Kau Hui
Yuen long kou hui
Yuen Long Market
Yuen Long Old Town
Yuen Long San Hui
Yuen Long Town
Yuen Long
Yuen Ng Fan
Yuen Tun Ha
Yuen Tun
Yung Long
Yung Shue Au
Yung Shue Ha
Yung Shue Long
Yung Shue Wan
Yung Shu Wan
