Aavroun
Aba Hillel
Abba Hillel
`Abbasiya
Abbirim
Abu Fadl
Abu Ghaush
Abu-Ghawsh
Abu Ghosh
Abu Jabir
Abu Kabir
Abu Kebir
Abu Senan
Abu-Senan
Abu Shusha
Abu-Shushah
Abu Sinan
Accho
Acre
Acri
Adamit
Adamith
`Adanim
Adderet
Addirim
Adirim
Admit
Afeq
Affula
Afikim
Afiqim
Afridar
`Afula
`Afula `Elit
`Afulah `Ilith
`Afula `Illit
Afula Illit
Afule
Afuli
`Afulla `Illit
Agudat Israel
`Agur
Ahawa
Ahi`ezer
Ahihud
Ahisamakh
Ahituv
Ahutzasamuel
Ahuzam
Ahuzam B.
Ahuzat Samuel
Ahuzat Sir Herbert Samuel
Ahuzza
Ahuzzam
Ahuzzam Bet
Ahuzzat Baraq
Ahuzzat Naftali
Ahuzzat Shemu`el
Ahuzzat Sir Herbert Samuel
`Ailabun
Ain Ayala
`Ain Birya
Ain Ghazil
Ain Hod
Ain Karim
`Ain Katab
Ain Yaaqoub
Ain Yahav
Aiyelet Hashahar
Aiyelet Hash Shahar
Ajami Quarter
`Ajjur
`Akbara
Akbara
`Akhbera
Akhberah
Akhsanit Kare Deshe
Akhsanya
Akir
`Akka
Akkada
Akkia
`Akko
Akre
Al `Amarah
Al `Awja'
Al Bassa
Al Bi`na
Al-Binah
Al Buqei`a
Al Fureidis
Al Haditha
Al Haram
Al Huzail
Al `Imara
Al Jiya
Al Judeida
Al Kababir
Al Kabiri
Al Kabri
Al Khalisa
`Allar
Allona
Allonah
Allone Abba
Allonei-Yitzhak
Allone Yitshak
Allone Yizhaq
Allonim
`Alma
Alma
Almagor
Al Majdal
Al Malha
Al Maliha
Al Manara
Al Manawat
Al Marah
Al Mas`udiya
Al Mazar
Al Mazra`a
Al Muharraqa
Al Musrarah
Alona
Alonah
Alonei-Yitshaq
Alone Yitzhak
Alonim
Al Qubab
Al Qubeiba
Alro'i
Al Tabieh
Al `Ulmaniya
`Alumim
Alumim
Alumma
Alummot
Alumot
Al Yahudiya
Amatsya
Amazya
`Amelim
Ami`ad
`Aminadav
Amioz
`Amir
Amir
Amirim
Amka
`Ammi`ad
Ammi'ad
Ammikam
`Amminadav
Amminadav
`Ammi`oz
Ammi'oz
`Ammiqam
Am Misgav
`Ammishav
Amnun
`Amqa
`Amqah
An Nawaqir
Annouqar
`Aqada
`Aqbarah
`Aqir
`Aqqada
`Ara
`Araba
`Arabah
`Arad
`Arah
`Aramsha
Aramsha
`Ar`ara
Ar'ara
`Ar`arah
`Arav
Arbel
Arki
`Arraba
`Arrabe
Ar Rama
Ar Reina
Arsuf
`Arugot
Arugot
`Arugot
Asafiyah
`Aseret
Aseret
Ashalim
Ashdod Alef
Ashdod
Ashdod
Ashdod C
Ashdod Dalet
Ashdod Gimel
Ashdod Gimmel C
Ashdod on the Sea
Ashdod Yam
Ashdoth Ya`aqov
Ashdot-Ya'acov
Ashdot Yaakov Meuhad
Ashdot Ya`aqov Alef
Ashdot Ya`aqov
Ashdot Ya`aqov Bet
Ashdot Ya`aqov Ihud
Ashdot Ya`aqov Me'uhad
Ashdot Yaccov
Asher
Asherat
Ashkelon
Ashmura
Ashqelon
Ashquelon
Ash Shajara
Ash Sheikh Muwannis
As Sarafand
`Athlit
`Athlith
`Atlit
At Taiyiba
At Tira
At Tira
Auja al Hafir
Auja al Khafir
Auja
`Avdon
Avdon
Avi'el
Avi`ezer
Avi'ezer
Avigdor
Avigedor
Avihayil
Avital
Avivim
Avot
Avshalom
Avtah
Avtalyon
Avuka
Avuqa
Avuqah
Ayaltah
`Ayanot
`Ayanot
'Ayanot-Ramat David
Ayelet Hashahar
`Aylabun
Ayn Al-Asad
`Ayn Karim
`Ayn Mahil
`Ayn Waybah
Ayun Kara
Ayyelet HaShahar
`Azarya
`Azaryah
Azata
`Azir
Azor
Azotos
Azotus
`Azri'el
Azri'el
Azrikam
`Azriqam
Azur
Azzata
Bahan
Baiyada
Baka-el-Garbiya
Balad Ash-Shaykh
Balad esh Sheikh
Balfouria
Balfouriya
Balfouriyya
Balfourya
Balfouryah
Balfuriya
Balfuryah
Bamaavaq
Bammaavaq
Bani Darom
Baqa al Gharbiya
Baqa al-Gharbiyah
Baqa Al-Gharbiyye
Baqa
Baqa el Garbiyya
Baqa el Garbiyye
Baq'a el Gharbia
Baqa el Gharbiya
Baqa el Gharbiyya
Barak
Bar`am
Bar'am
Baraq
Barbara
Barbarah
Barbarit
Bareket
Bareqet
Bar Giyyora
Bariyah
Barkai
Barkay
Barnea`
Barnea
Barqa`i
Barq`ay
Barqay
Barriya
Barta`a
Barta`ah
Bar Yoha'y
Bar Yohay
Bash-shit 3
Basirah
Basmat Tab`un
Bassa
Bassah
Bassi
Bat Gallim
Bat Hadar
Bat Hefer
Bath Shelomo
Batsah
Bat Shelomo
Bat Shelomoh
Batshlomo
Batsirah
Batsrah
Bat Yam
Bayit Vegan
Bayit Wegan
Bayt Dajan
Bayt Jann
Bayt Jibrin
Bayt Jinn
Bayt Jirjah
Bayt Mahsir
Bayt Naballah
Bayt Naqqubah
Bayt Safafa
Bayt Susin
Bazra
Beer Ganim
Be'er Gannim
Be'eri
Be'er Menuha
Be'er Ora
Beerotayim Alef
Be'erotayim
Beerothayim Bet
Be'erot Yitshak
Beerot Yitshak
Beerot Yitshaq
Beerot Yitshaq
Beerot Yitzhak
Be'erot Yizhaq
Be'erot Yizhaq
Beer Shalom
Beersheba
Be'er Sheva`
Be'er Sheva
Beer Toviya B.
Beer To*viya
Beer Toviyah
Be'er Toviyya
Be'er Tovya
Beer Tuvya
Beer Tuvyah
Be'er Ya`aqov
Behadraga
Behadragah
Beilinson
Beisan
Beit Alfa
Beitanya
Beit `Arif
Beit Arif
Beit Dagon
Beit Dajan
Beit El`azari
Beit Gan
Beit Gemal
Beit Govrin
Beit Guvrin
Beit Ha`Emeq
Beit Hagaddi
Beit Hagadi
Beit Hageddi
Beit Hagedi
Beit Hakerem
Beit Hakerem
Beit Halevi
Beit Halewi
Beit Hanan
Beit Hananya
Beit Hananyah
Beithaniya
Beit Hashitah
Beit Hashitta
Beit Hash Shitta
Beith Gan
Beit Hilkiya
Beit Hillel
Beit Hilqiya
Beith Shean
Beit-Jamal
Beit Jann
Beit Jemal
Beit Jibrin
Beit Jimal
Beit Jirja
Beit Jiz
Beit Lahm
Beit Lehem Hagelilit
Beit Lehem Haglilit
Beit Lid
Beit Lidd
Beit Mahsir
Beit Ma'on
Beit Mazmil
Beit Meir
Beit Nabala
Beit Naqquba
Beit Nehemya
Beit Neqofa
Beit Neqofah
Beit Niqova
Beit Oren
Beit `Oved
Beit Qama
Beit Qamah
Beit Qeshet
Beit-Raban
Beit Re`im
Beit Safafa
Beit Shean
Beit She`arim
Beit-Shemesh
Beit Shemuel
Beit Shiqma
Beit Shiqmah
Beit Susin
Beit-Tsevi
Beit Yanai
Beit Yannai
Beit Yehoshua`
Beit Yits-haq
Beit Yitzak
Beit Yosef
Beit Zayit
Beit Zera`
Beka`
Bekoa
Ben Aami
Benai Beraq
Ben `Ami
Ben `Ammi
Ben Ammi
Benaya
Benayah
Bene `Atarot
Bene `Ayish
Bene Ayish
Bene Beraq
Bene Berit
Bené Darom
Bené Deror
Benei `Atarot
Benei Beraq
Benei Berit
Benei Brit
Benei Deror
Benei Dror
Benei Geulim
Benei Har-el
Benei Reem
Benei Tsion
Benei Tsiyon
Benei Zion
Bene Re'em
Bené Tsiyyon
Beney Beraq
Bene Zefat
Bene Ziyyon
Ben Shamen
Ben Shemen
Ben Shemen Gimel
Ben Zakai
Ben Zakkay
Ben Zakki
Beqe`ah
Beqoa`
Berekhya
Berekhyah
Beria
Berit Ahim
Beror Hayil
Berosh
Bersabée
Berséba
Bertovia
Berur Hayil
Berurim
Beryacob
Besan
Bet-Alefa
Bet Alfa
Betanya
Bet Arif Alef
Bet `Arif
Bet Dagan
Bet Dagan
Bet Elazar
Bet El`azari
Bet El'azari
Beten
Bet `Ezra
Bet Ezra
Bet Gamli'el
Bet Gan
Bet Guvrin
Bet HaEmek
Bet Ha`Emeq
Bet HaGaddi
Bet HaKerem
Bet HaLevi
Bet HaLewi
Bet Hanan
Bet Hananya
Bethanyah
Beth Areof
Bet HaShitta
Bet Hashmonay
Beth-El`azari
Bet Herut
Bethgan
Bet Hilkiyya
Bet Hillel
Bet Hilqiya
Bet Hilqiyya
Bethlehem-Waldheim
Beth Shan
Bet Kama
Bet Kerem
Bet Keshet
Bet Lehem HaGelilit
Bet Ma`on
Bet Me'ir
Bet Mirsham
Bet Nehemya
Bet Neqofa
Bet Nir
Bet Olim Pardes Hanna
Bet Oren
Bet `Oved
Bet Qama
Bet Qeshet
Bet Rabban
Bet Re`im
Bet Rimmon
Betset
Bet She'an
Bet She`arim
Bet Shemesh
Bet Shemu'el
Bet Shikma
Bet Shiqma
Bet `Uzi'el
Bet Uzzi'el
Bet Yannay
Bet Yehoshua`
Bet Yehoshua
Bet Yitshak
Bet Yitshak Sha'ar Hefer
Bet Yizhaq
Bet Yizhaq Sha`ar Hefer
Bet Yosef
Bet Zayit
Bet Zera`
Bet Zera
Bet Zevi
B`eyr-Ganim
B'eyrot Yish
B'eyr-Sheva'
Beyt-'Arif
Beyt-Guvrin
Beyt-Lehem Haglilit
Beyt-Meyir
Beyt-Nabala
Bezet
Bi`na
Bi`nah
Binetiv Hamoledet
Bintiv Hamoledet
Binyamina
Binyaminah
Biraam
Bir Adas
Bir`am
Bir as-Sikkah
Bir as-Sikke
Bir Birin
Birburin D
Bir el Maksur
Bir el Saba
Bir es Sab`
Bir es Sabe
Bir es Sikka
Bir es Sikke
Bir Ghanim
Biria
Biri
Biriggeta
Bir`im
Biriya Bet
Biriya
Biriyah
Biriyya
Bir Jacob
Bir Qattar
Bir Salam
Bir Salim
Bir Tabiyah
Birya
Biryah
Biryyah
Bismat Taba'un
Bitan Aharon
Bitan
Bitaniya
Bitaniya Haderomit
Bitaniyah
Bitaniyah Hadromit
Bitaniyah `Ilit
Bitanya
Bitanya Ha-Deromit
Bitanyah
Bitha
Bithah
Bitsaron
Biyar `Adas
Bizzaron
Bney-Brit
Borgata
Borgatah
Bosmat Tivon
Botsra
Bozra
Brer
Bror Hayil
Brosh
Brur Hayil
Bu`aynah
Bu`eina
Bu`eine
Bukaa
Bukei'a
Buqay`ah
Buqei`a
Buregan
Buregeta
Bureir
Burgata
Burgatah
Burgeta
Burj el Baiyara
Bustan
Bustan HaGalil
Byar `Adas
Caesarea
Caiffa
Camp Tel Litwinsky
Carmel
Carmiel
Chelomi
Choumra
Dabburiya
Dabburiyah
Dabburye
Daburiyah
Dafna
Dafnah
Dafneh
Dahi
Dalia
Daliah
Daliya
Daliyah
Daliyah
Daliyat ad-Druz
Daliyat al-Karmil
Daliyat Ar-Ruhah
Daliyat at Karmil
Daliyat el Karmil
Daliyat er Ruha
Daliyya
Dalton
Daltoun
Damon
Damun
Dan
Daniel
Daniyal
Daniyel
Dannun
Danun
Danyal
Dardara
Daverat
Davrat
Dayr Aban Alef
Dayr Aban Bet
Dayr Al-`Asad
Dayr al-Hawah
Dayr al-Qasi
Dayr Hannah
Dayr Sunayd
Dayr Tarif
Dayr Yasin
Dayshum
Deganim
Deganiya Alef
Deganiya Bet
Deganiya
Deganiyah
Deganya Alef
Deganya Bet
Deganya
Deganyah Alef
Deganyah Bet
Deganyah
Deir ad Dubban Bet
Deir Dubban
Deir el Asad
Deir el Assad
Deir el Hawa
Deir el Qasi
Deir el Qassi
Deir Hanna
Deir Rafat
Deir Sneid
Deir Suneid
Deir Tarif
Deir Yasin
Deishum
Deqel
Devira
Devir
Devora
Dganiya Alef
Dganiya
Dilb
Dimona
Dimra
Dimrah
Dishon
Djelil
Dobeh
Dohan
Domona
Dor
Dorot
Dova
Dovay
Dove'
Dovev
Dovrat
Eastern Shoval 1
Eastern Shoval 5
Eastern Shoval 6
Ed Dahi
Eden Farm
Ef`al
`Eilabun
'Eilabun
Eilat
Eilon
Eilot
`Ein Aiyala
`Ein al Mansi
`Ein Asad
Einat
'Ein Ayala
`Ein Ayalah
`Ein Dor
`Ein el Asad
`Ein el Ma`lqa
`Ein es Sahla
Ein Ganim
Ein Gedi
`Ein Gev
`Ein Ghazal
`Ein Ha`emeq
`Ein Hahoresh
`Ein Hai
`Ein Hakarmel
`Ein Hamifrats
`Ein Hamifratz
`Ein Hanatsiv
`Ein Hanatziv
`Ein Ha`oved
`Ein Harod
`Ein Hashelosha
`Ein Hasheloshah
`Ein Hashofet
`Ein Hash Shofet
`Ein Haud
`Ein Hayam
`Ein Hay
`Ein Hod
`Ein Ibrahim
`Ein `Iron
`Ein Karim
`Ein Karmel
`Ein Kerem
`Ein Mahel
`Ein Mahil
`Ein Na`amin
`Ein Naquba
`Ein Netafim
`Ein Rafa
`Ein Sara
Ein Sara
`Ein Sarah
`Ein Shemer
`Ein Tsurim
`Ein Vared
`Ein Vered
`Ein Wered
Ein Ya'akov
`Ein Ya`aqov
`Ein Yahav
`Ein Zeitim
Ein Zetim
Eitan
Eitanim
Ekron
El `Affule
El `Ajami
El `Amara
Elat
Elath
El Audja
El `Auja
El Auja el Hafir
El Bassa
El Bukeiah
El Buqei`a
El Fahm
El Fule
El Fureidis
El Ghamr
El Haram
El Houmeima
El Humeima
El Huzaiyil
El Huzeil Encampment
Elifelet
El `Imara
Elisama
Elishama`
El Ja`une
El Jiye
El Kababir
El Khalisa
El Khudeira
Elkosh
El Kubab
El Majdal
El Makr
El Manaouat
El Manara
El Manshiya
El Mansura
El Marah
El Mas`udiya
El Mazar
El Mazra`a
El Mazra'a
El Medjdel
El Mezra`a
El Mezra
El Muharraqa
El Murtafi`a
El Musheirifa el Fauqa
El Musheirifa
El Musheirifa et Tahta
El Musherifa
El Musrara
El Mutille
Elon
Elot
Eloth
Elqosh
El Qubab
El Qubeiba
El Qubeibe
El Quhab
El Ras el Ahmar
Elro'i
Elroy
El Taiyiba
El `Ulmaniya
El Wardiye
Elyakhin
Elyaqim
Elyashiv
El Yehudiye
Emara
Emunim
`Enat
En Ayala
`En Ayyala
EnBokeko
`En Boqeq
`En Dor
En Dor
En el Asad
`En Gannim
Engeddi
`En Gedi
`En Gev
`En HaBesor
En HaBesor
`En Ha`Emeq
`En HaHoresh
En HaHoresh
`En HaMifraz
En Hanatsiv
`En HaNaziv
`En Harod
`En Harod Ihud
`En Harod Me'uhad
`En HaShelosha
En HaShelosha
`En HaShofet
`En Hitkhelet
En Hitkhelet
`En Hod
`En Ibrahim
`En `Iron
En Iron
`En Karmel
`En Kerem
En Kerem
`En Mahil
`En Na`aman
En Nakuba
En Nasira
En Nawaqir
`En Netafim
En Nuqeib
`En Sara
`En Sarid
En Sarid
`En Shemer
En Shemer
En Tsurim
En Vered
`En Wered
`En Ya`aqov
`En Yahav
`En Zetim
`En Zurim
`Eqron
Eqron Ha-Hadasha
`Eqron Hehadashah
Eres
Erets Naftali
Erez
Er Rame
Er Ramle
Er Reina
Esdud
Eshbol
Eshel HaNasi
Eshhar
Eshkolot
Esh Shajara
Esh Sheikh Bureik
Esh Sheikh Dannun
Esh Sheikh Daud
Esh Sheikh Dawud
Esh Sheikh Jarrah
Esh Sheikh Muwannis
Esh Shejara
Eshta'ol
Esneid
Etan
Etanim
E-Tayibe
`Ets Haiyim
Et Taiyba
Et Taiyiba
Et Taiyiba
Et Taiyibe
Et Tayyibeh
Et Tira
Et Tire
Etzion Geber
Even Menahem
Even Pelet
Even Sapir
Even Sappir
Even Shemu'el
Even Yahuda
Even Yehuda
Even Yehudah
Even Yitshak
Even Yitshaq
Even Yizhaq
Evlayim
`Evron
Evron
Eyal
`Eyn-`Ibrahim
'Eys Hayim
`Ezer
Ézer
`Ezrah Uvitsaron
Ezra u Bizaron
`Ezra Uvitsaron
`Ezra Uvitzaron
`Ezra Uvizzaron
`Ezra ve Bitsaron
`Ezuz
Ezuz
Faradia
Far`am
Fardisiya
Fardis Nabulsi
Farradiya
Farradiyah
Farwana Alef
Farwanah C
Fassuta
Fassutah
Fir`im
Freidis
Fulah
Furaydis
Fureidis
Ga`ash
Ga`aton
Gadish
Gadot
Gal`ed
Gal'on
Gane`am
Ganei`am
Gane Yehuda
Gan
Gan HaDarom
Gan Haiyim
Gan HaSharon
Gan Hashomron
Gan Hayim
Gan Hayyim
Gan Hefer
Ganne`am
Gannei`am
Ganne Tiqwa
Ganne Yehuda
Ganne Yohanan
Ganne-Yona
Gannot
Gannot Hadar
Gannot-Yakhin
Ganot
Gan Shelom
Gan Shelomo
Gan Shelomoh
Gan Shemu'el
Gan Shlomoh
Ganshmuel
Gan Shomeron
Gan Shomron
Gan-Shoriq
Gan Soreq
Gan Yavne
Gan Yavneh
Gan Yoshiya
Gan Yoshiyya
Gardosh
Gat 3A
Gat B
Gat Carmel
Gat C
Gat
Gath Hepher
Gat Karmel
Ga`ton
Ga'ton
Gat Rimmon
Gat Rimon
Gat Shalosh Gimel
Gazit
Ge'a
Geah
Gealya
Ge'alya
Gealyah
Gedera
Gederah
Gefen
Geia
Geiah
Gelilo
Gelilot
Gelil Yam
Genossar
Gerofit
Gesher
Gesher Haziv
Gesher HaZiw
Gesher Naharayim
Gesher Zarka
Geulim
Ge'ulim
Ge'ulle Teman
Ge'ullim
Ge'ullim
Geva` Carmel
Geva`
Geva` Hakarmel
Geva` Karmel
Gevar`am
Gevar'am
Gevataym
Gevat
Gevim
Gevulot
Gezer
Gharbiya
Ghorein
Giaffa
Gi`at `Ada
Gibbeton
Gibton
Gid`ona
Gidron
Gil`am
Gilat
Gilboa`
Gilgal
Gimzo
Gimzu
Ginegar
Gineigar
Ginnaton
Ginnegar
Ginneigar
Ginneisar
Ginnosar
Ginosar
Ginton
Giscala
Gishala
Gitta
Giv`at `Ada
Giv'at Ada
Giv`at `Adah
Giv`at Adda
Giv`at Avni
Giv`atayim
Giv`at-Brener
Giv`at Brenner
Giv`ath `Ada
Givat Hahamisch
Givat Hahamscha
Givat Haim
Giv`at Haiyim
Giv`at HaPo`alim
Giv'at HaPo'alim
Giv`at HaShelosha
Giv`at Hasheloshah
Giv`at Hashloshah
Giv`at Haviva
Giv'at Haviva
Givat Hayim
Giv`at Hayyim
Giv`ath Binyamin
Giv`at Hen
Giv`at Herzl
Giv`ati
Giv`at Koah
Giv`at Mordekhay
Giv`at Nili
Giv'at Nili
Giv`at Olga
Giv'at Olga
Giv`at `Oz
Giv'at Oz
Giv'at Rahel
Giv`at Rambam
Giv`At Ramban
Giv`at Ram
Giv`at Shapira
Giv`at Shappira
Giv`at Sharet
Giv'at Sharet
Giv`at Shaul Bet
Giv`at Sha'ul
Giv`at Shemesh
Giv'at Shemesh
Giv`at Shemu'el
Giv`at Shloshah
Giv`at Shmuel
Giv`at Ye`arim
Giv'at Ye'arim
Giv`at Yesha`yaha
Giv`at Yesha`yahu
Giv'at Yesha'yahu
Giv`olim
Giv`ot Mordekhay
Giv`ot Zaid
Giv`ot Zayd
Giv`ot Zed
Giv`ot Zeid
Givton
Gizo
Glil Yam
Gnigar
Gonen
Gonen
Goren
Gornot HaGalil
Grofit
Groufite
Gulis
Gush Halab
Gush Halav
Gush-Halaw
Gvat
Habonim
HaBonim
Habth
Hada Ramatayim
Hadar `Am
Hadar Am
Hadar Hacarmel
Hadar
Hadar HaKarmel
Hadar Ramataim
Hadar Ramatayim
Hadar Yosef
Hadasha Peki'in
Hadasim
Hadassim
Hadassin
Hadera
Haderah
Hadeyra
Hadid
Hadid Illit
Haditha
Hadithah
Hafets Haiyim
Hafets Hayim
Hafets Hayyim
Hafez Hayyim
Hagar`in Habavli
Hageshamah
Hagor
HaGosherim
HaGoshrim
Ha-Goverim
Hagshama
Hagshamah
Hahar Haadom
Hahoshlim
HaHoterim
Hahotrim
Haifa
HaKarmel
Hakiriah
Hakiriyah
Hakirya
HaKiryah
Halasa
Halsa
Haluts
Haluz
Hama`apil
Hamadiyah
Hamadya
Hamaginim
Hamam
HaMa`pil
HaMa'pil
Hammat
Haniel
Hanieyl
Hanita
Hanitah
Hanni'el
Hannita
Hanuta
Ha`Ogen
HaOgen
HaOn
HaQirya
Hararit
Harashim
Har'el
Harish
Harosh Ha'adom
Har Tov
Hartuv
Harutsim
Haruvit
Haruzim
Hasharon
Hasharon Ramat David
Hashomer Farm
HaShomer HaZa`ir
Hash Sharon
HaSolelim
Hassolelim
Hatikva
Hatsav
Hatserim
Hatsofim Alef
Hatsofim Bet
Hatsofim Dalet
Hatsofim Gimel
Hatsor Ashdod
Hatsor HaGelilit
Hatsor
Hatsrot Yasaf
Hatzeva
Hatzor
Hatzor
Havatselet Hasharon
Havatselet
Havat-Shalem
Havat-Shemuel
Havazelet
Havazzelet HaSharon
Havazzelet
Hawwat `Eden
Hawwat HaShomer
Hawwat Maresha
Hawwat Shalem
Hawwat Shemu'el
HaYogev
Hayy al Musrarah
Hazav
Hazefim Dalet
Hazerim
Hazerot Yasaf
Hazeva
Hazon
Hazor Ashdod
HaZorea`
HaZore`im
HaZore'im
Hazor HaGelilit
Hazor
Hazor`im
Hazrot Yasaf
Hedera
Hedora
Hefa
Hefsi-bah
Heftsi Bah
Heftsi Bah
Heftsi Vah
Heftsi Vah
Hefzi Bah
Hefzi Bah
Heifa
Heila
Hela
Heles
Helets
Heletz
Helez
Hemdat Yamim
Hemed
Hephzibah
Herbya
Herev Laet
Herev Le'et
Hermonim
Herseliya
Hertsliyah
Herut America Bet
Herut Bet
Herut C
Herut Gimel
Herut
Hervlia B
Hervlia
Herzlia B
Herzliya B
Herzliya
Herzliyah
Herzliyya B
Herzliyya
Hever
Hevronah
Heyla
Hibat Tsion
Hibat Tsiyon
Hibat Zion
Hibbat Zion
Hibbat Ziyyon
Hilla
Himmah
Hirbet Mayser
Hirbiyah
Hirbiya
Hirbya
Hittin
Hodayot
Hod HaSharon
Hodiyah
Hodiya
Hodiyya
Hofit
Hoglah
Hogla
Holit
Holon
Horbat Mesar
Horbat Mezer
Horeshim
Hoseifa
Hosen
Hosfeyah
Hosfeya
Hosha`ya
Hoter
Hourfeich
Hudeira
Hukok
Hulatah
Hulata
Hulayqat
Huldah
Hulda
Huleiqat
Hulyot
Hunin
Huqoq
Huqqoq
Hurfaysh
Hurfeish
Huseifa
Husha
Husifa
Husifyah
Huzaiyil
Huzei
Hykeria
Iamnia
Ibbim
I`billin
Ibim
Ibtan
Ibthan
Ibtin
Ijlil
Ijzim
Iksal
Ilania
Ilaniyah
`Ilaniya
Ilaniyya
Ilanya
`Illut
`Ilut
`Imara
Immara
`Inab
Intisar
Iope
`Ir Ganim
`Ir Gannim
`Ir Gannim
Irgun Ben `Ami
Irgun Daroma
Irgun Ezra
Irgun Hahoresh
Irgun Hawetiqim
Irgun Nitsana
Irgun Reuven
Irgun Shibbolet
Irgun Simhah
Irgun Simha
Irgun Yad Ha-Arba`a Asar
`Ir Hamifrats
`Ir HaMifraz
`Iriq es Sabav
`Ir Ovot
`Ir Shalom
`Isawiya
Isdud
`Isfiyah
`Isfiya
Isfiyeh
Isifiya
`Isifyah
Issfiyah
Issfiya
Iven Manahim
Jaba`
Jaba
Jabata
Jabneh
Jadah
Jaffa
Jaffa-Tel Aviv
Jaladiya
Jaladiyyah
Jalil
Jaljuliya
Jaljulyah
Jaljulya
Jaljulye
Jammama
Jamnia
Jarah
J`ara
Jarak
Jat
Jatt
Jatt
Ja`unah
Ja`una
Jeida
Jelil
Jerusalem
Jezreel
Ji`ara
Jiljulieh
Jimzu
Jindas
Jinujar
Jisayr
Jish
Jisr al Majami`
Jisr el Majami`
Jisr ez Zarqa
Jisr ez Zib
Jisr Zarqa
Jiyah
Jiya
Jlil
Joppa
Joppe
Jorah
Jourdeih
Jubilee Town
Judaydah
Judeida
Julis B
Julis
Julis
Julius
Jurah
Jura
Jurdeih
Jurde
Juseir
Kababir
Kabberi
Kabiri
Kabri
Kabritah
Kabrita
Kabul
Kadimah
Kadima
Kafar Kama
Kafar Manda
Kafar Qasem
Kafer-Kama
Kafer-Kassim
Kafer-Manda
Kafr `Anah
Kafr `Anah
Kafr `Ana
Kafr Barah
Kafr Bara
Kafr Bar`am
Kafr Birim
Kafr Far`am
Kafr Hanagid
Kafr Jil`ad
Kafr Kama
Kafr Kamma
Kafr Kanna
Kafr Lam
Kafr Manda
Kafr Masr
Kafr Misr
Kafr Qamah
Kafr Qanah
Kafr Qara`
Kafr Qari`
Kafr Qari
Kafr Qasim
Kafr Saba
Kafr Sumay`a
Kafr Sumei`
Kafr Sumei
Kafr Yasif
Kahal
Kakon
Kalansuva
Kallanit
Kalmaniya
Kalmaniyya
Kammon
Kannir
Kannot
Kare Deshe
Karei-Deshé
Karei-Naaman
Karem Yavne
Kare Na`aman
Karkom
Karkom
Karkur
Karmé Yosef
Karm Iben Zamra
Karmi'el
Karmiyah
Karmiya
Karmiyya
Karmon
Kasim
Katrah
Katsir
Kaukab Abu el Hija
Kaukaba
Kaukab
Kavul
Kawkab Abu-al-Hij
Kawkabah`
Kawkabah
Kawkab
Kedmah
Kedma
Kefar Aharon
Kefar Ahim
Kefar-Ahim
Kefar Argentina
Kefar `Atah
Kefar `Atta
Kefar Avdon
Kefar Aviv
Kefar `Avoda
Kefar Avoda
Kefar Avoda Rantiya
Kefar Azar
Kefar `Azza
Kefar Azza
Kefar Bar`am
Kefar Bar'am
Kefar Barukh
Kefar-Beyaliq
Kefar Bialik
Kefar Bialiq
Kefar Bilu
Kefar Bin Nun
Kefar Bir`am
Kefar Bitsaron
Kefar Blum
Kefar Brandeis
Kefar Daniel
Kefar Daniyyel
Kefar Darom
Kefar Eliyyahu
Kefar `Eqron
Kefar Gallim
Kefar Gannim
Kefar Gevirol
Kefar Gideion
Kefar Gid`on
Kefar Gil`adi
Kefar Gil'adi
Kefar Gile`adi
Kefar Glickson
Kefar Glikson
Kefar Gliqson
Kefar Habad
Kefar Habbad
Kefar HaHoresh
Kefar Hahotsevim
Kefar Haiyim
Kefar Hakoremim
Kefar HaMaccabi
Kefar Hamakabi
Kefar HaMakkabbi
Kefar HaNagid
Kefar Hananya
Kefar HaNasi
Kefar HaNo`ar HaDati
Kefar Hano'ar Hayaroq
Kefar Hano`ar
Kefar HaNo`ar Nizzanim
Kefar HaNo`ar Philadelphia
Kefar HaRif
Kefar Haroeh
Kefar HaRo'e
Kefar Hasidim
Kefar Hassidim
Kefar HaYaroq
Kefar HaYe'or
Kefar Hayim
Kefar Hayyim
Kefar Hess
Kefar Hitim
Kefar Hittim Bet
Kefar Hittim
Kefar Hittin
Kefar Hoglah
Kefar Ivri
Kefar Kisch
Kefar Kish
Kefar Maharal
Kefar Malal
Kefar Mallal
Kefar Mandi
Kefar Marmorek
Kefar Marmoreq
Kefar Masariq
Kefar Masaryk
Kefar-Massariq
Kefar Maymon
Kefar Menahem
Kefar Monash
Kefar Mordecai
Kefar Mordekhai
Kefar Mordekhay
Kefar Nahaman
Kefar Nahaman Syrkin
Kefar Nahman Syrkin
Kefar Natan
Kefar Natan Laski
Kefar Nathan
Kefar Neter
Kefar Netter
Kefar Ono
Kefar Ono
Kefar Pines
Kefar Pinnes
Kefar Pir`am
Kefar Qesem
Kefar Qish
Kefar Rosh HaNiqra
Kefar Ruppin
Kefár Saba
Kefar Salma
Kefar Sava
Kefar-Selma
Kefar Shalem
Kefar Shamai
Kefar Shamir
Kefar Shammai
Kefar Shammay
Kefar Sha'ul
Kefar Shemaryahu
Kefar Shemu'el
Kefar Shmaryahu
Kefar Shmuel
Kefar Sima-i
Kefar Sirkin
Kefar Sold
Kefar Sold
Kefar Syrkin
Kefar Szold
Kefar Tabor
Kefar Tavor
Kefar Truman
Kefar Uriyah Bet
Kefar Uriya
Kefar Uriyya ""B
Kefar Uriyya
Kefar Veradim
Kefar Vitkin
Kefar Warburg
Kefar Weradim
Kefar Witkin
Kefar Witqin
Kefar Ya`abets
Kefar Ya`avets
Kefar Ya`bets
Kefar Yabetz
Kefar Ya`bez
Kefar Yamma
Kefar Yarqanim
Kefar-Yasif
Kefar Ya`vets
Kefar Ya`vetz
Kefar Yavne
Kefar Yedidyah
Kefar Yehezkel
Kefar Yehezqel
Kefar Yehoshua`
Kefar Yehud
Kefar Yeladim
Kefar Yeroham
Kefar Yohanah
Kefar Yonah
Kefar Yona
Kefar-Yuval
Kefar Zekhariya
Kefar Zekharyah
Kefar Zekharya
Kefar Zetim
Kefar Ziv
Kefar Ziw
Kefer Uriah
Kefr Ata
Kefr Saba
Kefr Sabba
Kefrurieh
Kefr Uryeh
Kefr Yehoshua
Kelahim
Kelil
Kemehin
Kerem Ben Zimra
Kerem Maharal
Kerem Shalom
Keren
Kerkur
Kesalon
Kesaraviv
Kesar Shenaryahu
Kesarya
Kesseifim
Kessulot
Kesulot
Ketsi'ot
Kevutsat Yavne
Kfar Ahim
Kfar Avdon
Kfar Biraam
Kfargileady
Kfar Habad
Kfar HaMaccabi
Kfar Hano'ar
Kfar Hitim Bet
Kfar Hitim
Kfar Maimon
Kfar Malal
Kfar Mordekhai
Kfar Pir'am
Kfar Ras en Naqoura
Kfar Reshef
Kfar Ro'im
Kfar Rosen
Kfar Saba
Kfar Shaul
Kfar Syrkin
Kfar Tavor
Kfar Vitkin
Kfar Yasif
Kfar Yavneh
Kfar Yavne
Kfar Yeroham
Kfar Yona
Khalasah
Khayriyyah
Khederah
Kheiriya
Khirba `Ein el Asad
Khirbat al Burj
Khirbat al Mazra`a
Khirbat Beit Mirsim
Khirbat `Ein al Arad
Khirbat Husein al A'mar
Khirbat Husein el A'mar
Khirbat Ibthan
Khirbat Meisar
Khirbat Meisir
Khirbat Mir`i
Khirbat Musrara
Khirbat Sakarya
Khirbat Sheikh Meiser
Khirbat Yammah
Khirbat Zalafa
Khirbet ash Sheikh Meisar
Khirbet' Aziya
Khirbet Bir es Sikka
Khirbet Deiran
Khirbet el Huzaiyil
Khirbet el Jemmame
Khirbet Ibyar el Leimun
Khirbet Kafrurye
Khirbet Kusiya
Khirbet Luz
Khirbet Meisar
Khirbet Meissar
Khirbet Umm el Jemal
Khirbet Yamma
Khirbet Zubeid
Khulda
Kibbutz Afikim
Kibbutz Palmah
Kidron
Kineret
Kinneret Group
Kinneret
Kiria
Kiriat Arieh
Kiriat Hayim
Kiriat Moshe
Kiriyat Sara
Kiryat-Amal
Kiryat Anavim
Kiryat-Ata
Kiryat Gat
Kiryat Hatechion
Kiryat Hayim
Kiryat-Hayovel
Kiryat Malachi
Kiryat Mal'akhi
Kiryat-Malakhi
Kiryat Moshe
Kiryat-Natsrat
Kiryat Norda'u
Kiryat Shalom
Kiryat Shemoneh
Kiryat Tivon
Kiryat Ye'arim
Kiryat-Yearim
Kishor
Kislot Tavor
Kisrah
Kisra
Kissuffim
Kissufim
Kisufim
Kokhav
Kokhav Mikha'el Sobell
Kokhav Ya'ir
Kokho
Kokhva
Komemiut B
Komemiyut
Kufritta
Kufr Qasim
Kufr Saba
Kurdani
Kuryat Bialik
Kuryet el Enab
Kvutsat Schiller
Kvutsat Shiller
Lahat
Lahav
Lahavot HaBashan
Lahavot Havivah
Lahavot Haviva
Lahovot Habashan
Lakhish 1.
Lakhish
Lakiyya
Lappidot
Laqiyya
Lavi
Lavon
Lehageshamah
Lehagshama
Lehavim
Le Tsiyon
Lidd
Liftah
Lifta
Liman
Li On
Little Tel Aviv
Livnim
Lod Alef
Lod Bet
Lod C
Lod Gimel
Lod
Lohame HaGeta'ot
Lohamei Hageitaot
Lohmei Hagettot
Lotem
Lower Motsa
Ludd
Lud
Luzim
Luzit
Lyal
Lydda Alef
Lydda Bet
Lydda C
Lydda Gimel
Lydda
Ma`abarah Ramat Hayal
Ma'abara Merkazit Emeq Hefer
Maabarat Hartuv
Maabarat Kastel
Ma`abarat Mansi
Ma`abarat Tirah
Ma'abaroth
Ma`abarot
Maagan Michael
Ma`agan Mikha'el
Ma`ale Gilboa`
Ma`ale Habashan
Maale-Hagilbo`a
Ma`ale HaHamisha
Ma'ale HaHamisha
Ma`aleh Habashan
Ma`aleh Hahamishah
Ma'aleh Hahamisha
Ma`ale
Maaliya
Ma`alot
Ma`alot Tarshiha
Ma'alot Tarshiha
Ma`anit
Ma'anit
Ma`anit Narbatah
Ma`apilim
Ma`ariyah
Ma`as
Ma`asub
Maavaq
Ma`ayan Barukh
Ma`ayan
Ma`ayan Tsevi
Ma`ayan Tsvi
Ma`ayan Zvi
Ma`barah
Ma`barah Ramath-Hayal
Ma`bara
Ma`bara
Mabara Ramat-Hayal
Ma`bara Ywhanan
Ma`barot
Ma'barot
Mabbu`im
Ma`bereth Mansi
Ma`beret Mansi
Ma`beret Megiddo
Mabua`
Mabuim
Mafshatah
Ma`galim
Ma'galim
Magal
Ma`gan Mikhael
Magdi`al
Magdi'el
Magen
Magen Sha'ul
Maggal
Maghar
Magidal
Magshimim
Mahanayim
Mahane En Shemer
Mahaneh Yisrael
Mahane Ramon
Mahane Yisra'el
Mahane Zofar
Mahaseyah
Mahaseya
Mahnayim
Mahne Israel
Mahseh
Mahse
Mahsevet-Gevem
Mahseya
Mahzevet Geves
Majdal `Asqalan
Majdal as Sadiq
Majdal Krum
Majd al Kurum
Majdal
Majdal-Sadek
Majdal Sadiq
Majdal Yaba
Majd el Kirum
Maj'd el Krum
Majd el Kurum
Ma`Kara
Makar
Maker
Makhfar al Ghamr
Makr
Makura
Malahah
Malakiyah
Malhah
Malha
Maliha
Malkiyah
Malkiyya
Mallahah
Mallaha
Manahat
Manara
Mannarah
Manot
Manshiek
Manshiya
Mansi
Mansurah
Mantsurah
Mantur
Ma`on
Ma`on Nirim
Ma'or
Ma`oz Haiyim
Ma`oz Hayim
Ma`oz Hayyim
Maoz
Ma'oz Tsiyon
Ma'oz Tsiyyon
Ma`oz Ziyyon
Ma`pilim
Maqura
Marah
Margaliyot
Margaliyyot
Mar`it
Mar'it
Marja
Marj
Masadah
Masada
Mash'abbe Sade
Mashabei Sade
Mashabim
Mashad
Mashah
Mas-ha
Mash'avei Sade
Masheabim
Mash`en
Mash Had
Mashmia` Shalom
Mashmia Shalom
Mashrafiyyah
Maslul
Masmieh C.
Masmiya Bet
Masmiya B
Masmiya Hadasha
Masmiyah Bet
Masmiyah Hadashah
Masmiyah Hahadashah
Massadah
Massada
Massad
Massouba
Massu'a
Massu'ot Yitshak
Massu'ot Yizhaq
Masua
Mas`udiya
Mas`udiyyah
Masuot Yits-haq
Masu'ot Yizhaq
Mata`
Matsliah
Matsova
Matsuvah
Matsuva
Matta`
Mattat
Maveqi`im
Mavqi`im
Mavu`a
Mayan Baruch
Ma`yan Barukh
Ma'yan Barukh
Ma`yan Tsevi
Ma'yan Tsevi
Ma`yan Tsvi
Ma`yan Zevi
Ma`yan Zvi
Mayrun
Mazar
Mazkeret Batyah
Mazkeret Batya
Mazliah
Mazor
Mazra`ah
Mazra`a
Mazzuva
Me `Ammi
Me`elya
Mefallesim
Mefallsim
Mefalsim
Megadim
Megiddo
Megido
Mei`Ami
Mei Neftoah
Meiron
Meir Shefeyah
Me'ir Shefeya
Meir Shfeyah
Meirun
Meisar
Meishar
Meisir
Meitsar
Mejamia
Mejamie
Mekor Haim
Mekor Hayyim
Mele'a
Melhamia
Melilot
Menahamiya
Menahemiya
Menahemyah
Menahemya
Menara
Me Neftoah
Menora
Menshieh
Menuha
Me`ona `Ironit
Me`ona
Me'ona
Meqor Hayyim
Merchavia
Merghelyout
Merhabyah
Merhaviah
Merhavyah
Merhavya
Merion
Merkaz Hanukhi
Merkaz Sappir
Merkaz Shapira
Meron
Meshar
Meshek Hapo'alot
Mesheq HaPo`alot
Meshullam
Mesilat Tsiyon
Mesilat Zion
Mesillat Oz
Mesillat Tsiyon
Mesillat Tsiyyon
Mesillat Zion
Mesillat Ziyyon
Mesillot
Mesilot
Messilot
Metav
Metser
Metsudat Menahem Ussishkin Alef
Metsudat Menahem Ussishkin Bet
Metulah
Metula
Metullah
Metulla
Me'uhadi
Me'uhad
MevasseretTsiyyon
Mevasseret Yerushalayim
Mevasseret Yerushalim
Mevasseret Ziyyon
Mevo Beitar
Mevo Beiter
Mevo Betar
Mevo Beter
Mevo Modi`im
Mevoot Beitar
Mevoot Beiter
Mevoot Betar
Meyshar
Mezer
Midrakh `Oz
Midrakh Oz
Mi'elya
Mifshata
Migdal Afeq
Migdal Ascalon
Migdal Ashqelon
Migdal Gad
Migdal Haemeqck
Migdal Ha`Emeq
Migdal Hameq
Migdal
Migdal Tefen
Migdal Tsedek
Migdal Tsedeq
Migdal Tzedek
Migdal Yafo
Migdal Zedek
Mihraqa
Mi`ilya
Mi'ilya
Mikhmannim
Mikhmoret
Mikveh Israel
Mikweh Israel
Milhamiah
Milhamiye
Milhamiyyah
Miqve Yisrael
Miqweh Yisrael
Miqwe Yisra'el
Misgav `Am
Misgav Dov
Misgav
Misgav Palmah
Mishmar Aiyalon
Mishmar-'Ayalon
Mishmar Ayalon Qubab
Mishmar Ayyalon
Mishmar David
Mishmar Dawid
Mishmar Ha`Emeq
Mishmar HaNegev
Mishmar HaSharon
Mishmar Hasheloshah
Mishmar HaShelosha
Mishmar Hashiv`ah
Mishmar HaShiv`a
Mishmar Hashloshah
Mishmar Hayam
Mishmar HaYarden
Mishmar Hayardin
Mishmarot
Mishmeret
Mispah
Misrara
Mitspah
Mitspa
Mitspe Hagalil
Mitspeh Hagalil
Mitspe Netofa
Mitspe Ramon
Mitspé-Yodfat
Mitulla
Mitze Ramon
Mivhor
Mivtahim
Mivtah
Mizpa
Mizpe Netofa
Mizpe Ramon
Mizpe Yodefat
Mizpe Yodfat
Mizrah Yarkona
Mizra`
M'lia
Modi`in
Moledet
Moledet
Monosson
Montefiore
Montefiore
Moran
Morasha
Mosa
Moshava
Motsa `Ilit
Motsa `Illit
Motsa Illit
Motsa
Motsa Tahtit
Mozah
Moza `Illit
Moza
Moza Tahtit
Mqeible
Msilot
Mu`awiyah
Mu`awiya
Mu`awyah
Mu'awye
Mughallis B
Mughar
Muharakah Alef
Muharakah
Muharraqa
Mujame
Mukeibileh
Mulebbis
Mull Azza
Muqeibila
Muqeibile
Murtafi`a
Mushayrifah
Musheirfe
Musheirifa
Musmus
Musrara
Na`aliyyah
Na`amah
Na`ama
Na`ana
Naaneh
Na`an
Nabi el Haram
Nabi Rubin
Nabi Yamin
Nabi Yunis
Nadi Rubin
Nahaf
Nahala'im A
Nahalal
Nahal Amittay
Nahala
Nahala'ot
Nahalath Yehuda
Nahalat Reuven
Nahalat Yehudah
Nahalat Yehuda
Nahalat Yitshak
Nahalat Yitshaq
Nahalat Yizhaq
Nahal-Malkichoua
Nahal Malkishua`
Nahal `Oz
Nahal Oz
Nahal Rubin
Nahal Shittim
Nahal Sorek 3
Nahal Sorek
Nahal Soreq C
Nahal Soreq
Nahal Soreq
Nahal Ya`alon
Nahal Zofar
Naham
Nahariyah
Nahariya
Nahariyya
Nahar
Nahasholim
Nahashonim
Nahashon
Nahef
Nahf
Nahla'ot
Nahlat Yits-Haq
Nahsholim
Nahshonim
Nahshon
Na`im
Nakubah
Na'lia
Na`nah
Narbatah
Narbata
Natanya
Nathanya
Nativ Bamoledet
Natséret
Natsrat Ilit
Natsrat
Natzrath Ilith
Na`urah
Na`ura
Nave Sha`anan
Nayn
Nazareth Illit
Nazareth-la-Haute
Nazareth
Nazerat `Ilit
Nazerat `Illit
Nazerat
Nazrath Illit
Nazzerat
Ne`ane
Nebi Rubin
Neftoah
Negbah
Negba
Nehalim
Nehalim
Nehora
Nehusha
Neim
Nein
Neiter
Ne`oran
Ne'ot HaKikar
Neot Mordekhai
Ne'ot Mordekhay
Ne'ot Sadeh
Ne'ot Sade
Nephtoah
Neriyya
Nes Amim
Nes `Ammim
Nes Ammim
Nes Harim
Nesher
Nes Siyona
Ness Siona
Ness Ziona
Nes Tsiyonah
Nes Tsiyona
Nes Ziyona
Nes Ziyyona
Neta`im
Neta'im Training Unit
Netanya
Netivah
Netiva
Netiva
Netiv Ha`Asara
Netiv HaAsara
Netiv Halah
Netiv Halamed-hei
Netiv HaLamed He
Netiv Hashayara
Netiv HaShayyara
Netiv Lah
Netivot
Netivot
Netser
Netu`a
Netu'a
Ne'uirim
Ne`urim
Ne'urim
Nevala
Nevalat
Nevallat
Nevatim
Nevé-Amiel
Neve Avot
Neve Efram Monosson
Neve Efrayime
Neve Eitan
Neve Haiyim
Neveh Amiel
Neveh Avot
Neveh Oved
Neveh Tsedek
Neveh-Zohar
Neve Ilan
Nevé Itamar
Neve Or
Neve Shaanan
Neve Sha'anan
Nevé Shalom
Neve Tsedek
Neve Yaakov
Neve Yam
Neve Zedek Quarter
Nevé-Zohar
Newe Ami'el
Newe `Ammi'el
Newé Avot
Newe Efrayim
Newe Etan
Newe Harif
Newe Hayyim
Neweh Eitan
Neweh Etan
Neweh Hayim
Neweh Ilan
Neweh Or
Neweh Ur
Neweh Ya`ar
Neweh Yair
Neweh Yamin
Neweh Yam
Newé Ilan
Newé Itamar
Newe Miftah
Newe Mikha'el
Newe Mivtah
Newe `Oved
Newe Oved-Poriyya
Newé Sedot
Newe Sha'anan
Newe Sha'anan
Newe Sha'anan
Newé Shalom
Newé Ur
Newe Yaacov
Newe Ya`aqov
Newe Yamin
Newe Yam
Newe Yaraq
Newe Zedek
Newe Zedeq
Newe Zohar
Newwe `Ammi`el
New Yavne
Neys-Siyona
Nezer Sereni
Ni`ana
Ni`ilya
Nirah
Nir Akiva
Nir`am
Nir'am
Nira
Nir `Aqiva
Nir Banim
Nir Chen
Nir David
Nir Dawid
Nir Eliyahu
Nir Eliyyahu
Nir-'Esyon
Nir `Etsyon
Nir `Ezyon
Nir Galim
Nir Gallim
Nir Hen
Nirim
Nir Itzhaq
Nir Moshe
Nir On
Nir `Oz
Nir Oz
Nir Vegal
Nir Wagal
Nir Yafe
Nir Yisra'el
Nir Yisral
Nir Yitshak
Nir Yits-haq
Nir Yizhaq
Nir Zevi
Nitsana
Nitsane `Oz
Nitsané Oz
Nitsané Sinay
Nitsanim
Niva
Nizanim
Nizzana
Nizzane `Oz
Nizzane Sinay
Nizzanim
No`am
No'am
Nofekh
Nofek
Nof Yam
Nogah
Noga
Nordiyah
Nordiya
Nordiyya
Noss Ziona
Notera
Ntanya
Ntiva
Nujeidat
Nuqeib
Nuris
Nurit
Nvalat
N've Sha'anan
Oblin
Ofakim
Ofaqim
`Ofer
Ofiqim
Ohad
`Olesh
Olesh
Omar
Omen
`Omer
`Omer
'Omes
Omets
Omez
Ono
Ono
Orah
Or Akiva
Oranim
Oran
Ora
Or `Aqiba
Or `Aqivah
Or `Aqiva
Or HaGanuz
Or HaNer
Orot
Or Yehudah
Or Yehuda
Otsem
Otzem
Oum El Faraj
`Ozem
Ozem
Paamei Tashaz
Pa`ame Tashaz
Pa'ame Tashaz
Palmaha`im
Palmahim
Paran
Para
Pardes Hanah
Pardes Hannah
Pardes Hanna Karkur
Pardes Hanna
Pardesiyah
Pardesiya
Pardesiyya
Pardes Katz
Pardes Kaz
Pardess Hanna
Pardess Katz
Parod Alef
Parod Bet
Parod
Parvona B
Patish
Pattish
Pedaya
Peduyim
Peduyyim
Peer `Am
Peqi`in Hadasha
Peqi`in
Perazon
Peri Gan
Petah Tikwah
Petah Tiqva
Petah Tiqwa
Petahya
Pethah Tiqva
Porat
Poriah
Poriyah
Poriya
Poriyya Illit
Poriyya
Ptolemais
Qaddarim
Qadimah
Qadima
Qalansuwah
Qalansuwa
Qallansawah
Qalmaniya
Qalmaniyya
Qannir
Qaqun
Qaryat al `Inab
Qaryat el `Inab
Qaryat Jawarish
Qaryet el `Inab
Qaryet Jawarish
Qasr Sharayi'
Qastina Alef
Qastina Bet
Qastina C
Qastinah Alef
Qastina
Qatara
Qatrah
Qatra
Qazir
Qedmah
Qedma
Qeisari
Qelahim
Qeren
Qesari
Qesariyah
Qesaryah
Qesarya
Qevuza
Qevuzat Yavne
Qezi`ot
Qidron
Qiltah
Qiryat `Amal
Qiryat `Anavim
Qiryat Arye
Qiryat Ata
Qiryat Atta
Qiryat Benyamin
Qiryat-Beyaliq
Qiryat Bialik
Qiryat Bialiq
Qiryat Bialystok
Qiryat Binyamin
Qiryat `Eqron
Qiryat Gat
Qiryat Haiyam
Qiryat Haiyim
Qiryath `Anavim
Qiryat Haroshet
Qiryat HaTekhniyyon
Qiryat-Hayim
Qiryat HaYovel
Qiryat Hayyim
Qiryat Karmiel
Qiryat Malachi
Qiryat Mal'akhi
Qiryat Me'ir
Qiryat Menahem
Qiryat Moshe
Qiryat Motskin
Qiryat Motsqin
Qiryat Motzkin
Qiryat Mozqin
Qiryat Nahum
Qiryat Nasrat
Qiryat Norda'u
Qiryat Ono
Qiryat Ono
Qiryat Remez
Qiryat Sara
Qiryat Shalom
Qiryat Sha'ul
Qiryat Shemonah
Qiryat Shemona
Qiryat Shemu'el
Qiryat Shmona
Qiryat Tiv`on
Qiryat Yam
Qiryat Ye`arim
Qisrah
Qomemiyut
Qomemiyut
Qomemiyyut
Qomemiyyut
Qoranit
Qtara
Qubab
Qubaybah
Qubayba
Qubeiba
Qumiya
Qurdani
Ra`ananah
Ra`anana
Ra`ananna
Rabat Ashlag Dromit
Rahat
Ramah
Rama
Ramat Aviv
Ramatayim
Ramat-David 'Ayanot
Ramat-David-Hasharon
Ramat David
Ramat Dawid
Ramat Ef`al
Ramat Eliyyahu
Ramat Eshkol
Ramat Gan
Ramat Hadar
Ramat Hadassah
Ramat Hadassa
Ramat HaKovésh
Ramat HaSharon
Ramat HaShenayim
Ramat ha Shnayim
Ramat HaShofet
Ramat Hash Sharon
Ramat Hayal
Ramat Hayyal
Ramat Hen
Ramat Pinkas
Ramat Pinqas
Ramat Poleg
Ramat Rahel
Ramat Razi'el
Ramat Tiomkin
Ramat Tsevi
Ramat Tyomkin
Ramat Tyomqin
Ramat Yahanan
Ramat Yishai
Ramat Yishay
Ramat Zevi
Ramim
Rami
Ramlah Bet
Ramla
Ramle
Rammim
Ram On
Ramot Eshkol
Ramot Hakovesh
Ramot HaShavim
Ramot Hashofet
Ramot Me'ir
Ramot Menasheh
Ramot Menashe
Ramot Naftali
Ramot Remez
Ramut Aviv
Ranen
Rannen
Rantieh
Rantiyah
Rantiya
Rantye
Raqqefet
Ras al Ahmar
Ras al-`Ayn
Ras an-Naqurah
Ras el Ahmar
Ravid
Raynah
Regavim
Regbah
Regba
Rehov C
Rehovoth
Rehovot
Rehov
Reihaniye
Re`im
Re'im
Reina
Reine
Rekhasim
Reshafim
Reshef
Reuven
Revadim
Revaha
Revaya
Revivim
Rewaha
Rewaya
Rgavim
Rhovot
Richon le Sion
Rigba
Rihaniya
Rihaniyé
Rihaniyyah
Rimmon
Rinatyah
Rinatya
Rinnatiya
Rinnatya
Rishon le Siyon
Rishon Letsiyon
Rishon Le Zion
Rishon le Ziyon
Rishon LeZiyyon
Rishon Lsiyon
Rishpon
Rivivim
Rogelit
Romeima Quarter
Romema
Rosh Haadom
Rosh Ha`Ayin
Ro'sh HaNikra
Rosh Haniqrah
Rosh Haniqra
Rosh Pinah
Rosh Pinnah
Rosh Pinna
Ruhamah
Ruhama
Ruhaybah
Rumanah
Rumat Heib
Rummana
Rummane
Sa`ad
Sa'ad
Sa`ar
Saassaa
Sabalane
Sabalan
Safad
Safed
Saffuri
Saffuriya
Saffurye
Safiah
Safiyah
Safsaf
Sahrin
Saint Jean d'Acre
Sajarah
Sajara
Sajur
Sakhnin
Saknin
Salamah
Salama
Salameh
Salim
Sallama
Salvit
Sammu`i
Samra
Sandala
Sanddalah
Sanhedria Murhevet
Sanhedriyya Murhevet
Sanhedriyya
Sappir
Sappir
Saqiya
Saqiyyah
Sarafand al-Harab
Sarafand al Kharab
Sarafand el Kharab
Sarafand
Sarafand
Sara`h
Sarar
Sar`a
Sarid
Sarigim
Sarjunah
Saronah
Sarona
Sarona
Sasa
Satariyyah
Saviyon
Savyon
Scythopolis
Sde Boker
Sde Eliahu
Sde Eliyahu
Sdeh Boker
Sdeh Yaakov
Sde Nehemya
Sderot
Sde Yaakov
Sde Ya`aqov
Sdey-Ya'aqov
S'de Zvi
Sdom
S'dot Akiba
Sdud
Sed Boquer
Sede `Aqiva
Sede Avraham
Sede Boqer
Sede David
Sede Dawid
Sede Eli`ezer
Sede Eli'ezer
Sede Eliyahu
Sede Eliyyahu
Sedeh `Aqiva
Sedeh Boker
Sedeh Eliyahu
Sede Hemed
Sedeh Ilan
Sedeh Nahum
Sedeh Nehemyah
Sedeh Warburg
Sedeh Ya`aqov
Sedeh Yitzhak
Sedei David
Sedei Hemed
Sedé Ilan
Sede Moshe
Sede Nahum
Sede Nehemya
Sede Nitsan
Sede Nizzan
Sederot
Sede Terumot
Sedé Tsevi
Sede `Uziya
Sede `Uziyyahu
Sede Uziyyahu
Sede Uziyya
Sede Warburg
Sede Ya`aqov
Sede Yitshak
Sede Yizhaq
Sede Yo`av
Sede Yo'av
Sede Zevi
Sedom
Sedot Aqiva
Sedot Mikha
Sedot Yam
Sedshera
Seffurieh
Segev
Segev Shalom
Segula
Sejara
Sejera
Semadar
Serigim
Sfat
S'gula
Sha`ab
Sha`alvim
Sha'anan
Sha`ar `Amaqim
Sha`are Avraham
Sha'are Avraham
Sha`ar Efrayim
Sha'ar Efrayim
Sha'ar Ephraim
Sha`ar Ha`aliyah
Sha`ar Ha`Aliya
Sha`ar Ha`Amaqim
Sha`ar HaGolan
Sha`ar Hefer
Sha`ar Menashe
Sha'ar Menashe
Shaav
Sha`b
Shadmot Devorah
Shadmot Devora
Shafa `Amr
Shafir
Shahariya
Shahariyya
Shahar
Shahar
Shajara
Shalhevet
Shalva
Shalwa
Shamerat
Shamir
Shaqeib es Salam
Sharai
Sharayi`
Shari`
Sharona
Sharsheret B
Sharsheret C
Sharsheret
Shattah
Shatta
Shavei Tsiyon
Shavei Zion
Shave Tsiyon
Shave Tsiyyon
Shave Zion
Shave Ziyyon
Shaykh Daud
Shaykh Dawud
Shaykh Jarrah
Shaykh Mu`anis
She'ar Yashuv
Shedema
Shedemot
Shederot
Shefar`am
Shefaya
Shefayim
Shefayyim
Shefeia
Shefeiya
Shefer
Shefeyah
Shefeya
Sheikh Bureik
Sheikh Danmov
Sheikh Dannun
Sheikh Daud
Sheikh Dawud
Sheikh Jarah
Sheikh Jarrah
Sheikh Muwannis
Sheik Muannis
Shekef
Shekhanya
Shekhunat Beilinson
Shekhunat Belinson
Shekhunat Ben `Ammi
Shekhunat Ben Gurion
Shekhunat Bet Eli`ezer
Shekhunat Hatiqva
Shekhunat HaTiqwa
Shekhunath Brandeis
Shekhunat Montefiore
Shekhunat Ono
Shekhunat Ono
Shelomi
Sheluhot
Shemona Kiryat
Sheqef
Shetula
Shetulim
Shetulla
Shevut `Am
Shevut Am
Shezaf
Shezera
Shezor
Shfar'am
Shfeyah
Shibbolim
Shibli
Shikhunat Ben `Ammi
Shikkun Gil `Amal
Shikun `Amalya
Shikun Amalya
Shikun Ben Tsiyyon
Shikun Ben Ziyyon
Shikun Darom
Shikun Ya`aqov
Shikun Ya'aqov
Shimrath
Shimrat
Shimron
Shiqma
Shizzafon
Shkhunat-Ono
Shlomi
Shluhot
Shoevah
Sho'eva
Shokeda
Shomerah
Shomera
Shomeriyya
Shomeyra
Shoqeda
Shorashim
Shoresh
Shoshannat Ha`Amaqim
Shoval 11
Shoval 2
Shoval 8
Shoval Mizrahi 4
Shoval Mizrahi Ahat
Shoval Mizrahi Hamesh
Shoval Mizrahi Shetayim
Shoval
Shtula
Shuba
Shunem
Shutta
Shuvah
Shuva
Sidna `Ali
Sifsufah
Sifsufa
Sikhnin
Simhah
Simuniyyah
Sineid
Sirgoniyah
Sirguniyah
Sirguniya
Sitaryah
Sitriyah
Sitriya
Sitriyya
Skythopolis
Sneid
Sodom
Sor'a
Strongpoint 86
Sufa
Suffuriya
Sufsaf
Suhmata
Sulam
Sulam Tsor
Sumayl
Summeil
Sumsum
Surafend
Surieyl
Taanach I
Ta'anakh Mizrahi Bet
Ta'anakh Mizrahi G
Tabariya
Tabariyeh
Tabgha Hospice
Tadhaz
Tahtit
Taibe
Taiyba
Taiyibah
Taiyibah
Taiyiba
Taiyiba
Taiyibe
Taiyibi
Talbieh
Talbie
Talbiya
Talbiye
Talbiyye
Talha
Tall `Adas
Tall Jamah
Talme Bilu
Talme El`azar
Talme El'azar
Talmé Eliyyahu
Talmei Bilu
Talmei El'azar
Talmei Menashe
Talmei Yafeh
Talmei Yafe
Talme Menashe
Talme Yafeh
Talme Yafe
Talme Yehi'el
Talme Yosef
Talpiot
Talpiyyot
Talpiyyut
Tal Shahar
Tamrah
Tamra
Ta'nakh Mizrahi Ahat
Tanturah
Tantura
Ta`oz
Ta'oz
Tarbihah
Tarbiha
Tarbikha
Tarchiha
Tarshihah
Tarshiha
Tarum
Ta`
Taybah
Taybah
Tayibeh
Tayibe
Te'ashur
Tefahot
Teir Shiha
Tekuma
Tel `Adashim
Tel `Adas
Telalim
Tel `Amal
Telamim
Tel Asher
Tel Aviv-Jaffa
Tel Aviv
Tel Aviv-Yafo
Tel Baruch
Tel Barukh
Tel Benjamin
Tel Benyamin
Tel Binyamin
Tel Efrayim
Tel es Sab`
Tel Gat
Tel Hai
Tel Hanan
Tel Hashomer
Tel Hay
Tell Abib
Tell `Adas
Tell Afif
Tell el Qady
Tel Litvinski
Tel-Litvinsky
Tel Litwinsky
Tel Mond
Tel Sheva`
Tel Tsofim
Tel Tsur
Tel Yitshak
Tel Yits-haq
Tel Yizhaq
Tel Yosef
Tel Zur
Temarah
Temara
Tenuvot
Tequmah
Tequma
Tevarya
Teverya
Tibériade
Tiberias
Tidhar
Tifrah
Tigrah
Timmorim
Timrat
Tirah
Tirah
Tir`an
Tirat Carmel
Tirat Hakarmel
Tirathtzbi
Tira
Tira
Tirat Karmel
Tirat Sevi
Tirat Shalom
Tirattseve
Tirat Tsevi
Tirat Tsvi
Tirat Yehudah
Tirat Yehuda
Tirat Zevi
Tirat Zvi
Tire
Tirosh
Tiva
Tive`on
Tiv`on
Tiv`on
T'kuma
T'lamim
Tohelet
Tsafririm
Tsahala
Tsahal
Tsandalah
Tsarafand al-Kharab
Tsarafand
Tsarafanid el Harav
Tse'elim
Tseelim
Tsefat
Tsefon `Atlit
Tsefon Jaljuliyah
Tselafon
Tserufa
Tseviyya
Tsiklag
Tsipori
Tsippori
Tsofit
Tsohar
Tsor`ah Bet
Tsor`ah
Tsoran
Tsor`a
Tsor Nathan
Tsourel
Tsovah
Tsova
Tsubah
Tsur Hadassa
Tsuri'el
Tsuriel
Tsur Mosheh
Tsur Moshe
Tsur Natan
Tsur Yig'al
Tsuvah
Tubah
Tubaria
Tuba
Tuba Zangariya
Tur`an
Tushiya
Tushiyya
Tuval
Tzur-Natan
Udim
Ukreir
`Ulmaniya
Um el Ghanem
Um Khalid
Umm al Fahm
Umm al Faraj
Umm-Alghanam
Umm al-Jimal
Umm al-Qutuf
Umm al-Zaynat
Umm az Zinat
Umm el Faham
Umm el Fahm
Umm el Faraj
Umm el Ghanam
`Umm el Ghanem
Umm el Ghannam
Umm el Jimal
Umm el Qutuf
Umm el Shuf
Ummez Zeinal
Umm ez Zeinat
Umm ez Zinat
Umm Jumieh
Umm Juni
Umm Kalkha
Umm Khalid
Umm Rashrash
Umrashash
Upper Afula
Upper Motsa
Upper Nazareth
Uri'el
Urim
Ushah
Usha
`Uyun Qara
`Uza
Uza
`Uzayr
Uzeir
`Uzeir
Vardiya
Vered HaGalil
Wadi `Ara
Wadi Hunayn
Wadi Hunein
Wadi Keren
Wadi Rubin
Wadi Shaari C
Wadi Sharia A
Wadi Sharia B
Wady Hanin
Walajah
Waldheim
Wardiya
Wardon
Wered HaGalil
Wilhelma
Wilhelmina
Wingate
Ya`arah
Ya`ara
Ya`arot Hacarmel
Ya`arot HaKarmel
Ya`arot Karmel
Yabneel
Yabniel
Yad Binyamin
Yad Eli`ezer
Yad Hanah
Yad Hanna
Yad HaShemona
Yad Mordekhai
Yad Mordekhay
Yad Natan
Yad Rambam
Ya`el
Ya`el
Ya'el
Yafa an-Nasirah
Yafah
Yafa
Yafa
Yafe Nof
Yaffa
Yafi`a
Yafo
Yagel
Yagev
Yagur
Yaham
Yahel
Yahudiya
Yahudiyyah
Yair
Yajur
Yakhini
Yakhin
Yakuk
Yakum
Yamah
Yama
Yamin Orde
Yamin
Yammah
Yamma
Yamma
Yanoah
Yanuh
Yanuv B
Yanuv
Yaqum
Yaquq
Ya`rah
Ya'rah
Yardena
Yarhiv
Yarkah
Yarkonah
Yar Oun
Yarqona Ha-Rehava
Yarqonah
Yarqona
Yashresh
Yasur
Yas`ur
Yated
Yatsits
Yatsivim
Yatsiv
Yavne'el
Yavneh Hadromit
Yavneh
Yavne
Yavniel
Yavor
Yazir
Yaziv
Yaziz
Yazor
Yazur
Ye`af
Ye'af
Yedideya
Yedidyah
Yedidya
Yefe Anaf
Yefe Nof
Yehi`am
Yehudie
Yehud
Yemin Orde
Yeroham
Yeruham
Yesha`
Yesha
Yesodot
Yessod Hammaalah
Yessodot
Yesud Hama`alah
Yesud HaMa`ala
Yesud HaMa'ala
Yesud Ham Ma`ala
Yevul
Yezre`el
Yibnah
Yibna
Yibneh
Yif`at
Yiftah
Yikkon
Yikon
Yinnon
Yinon
Yirka
Yir'on
Yish`i
Yis`or
Yisud HaMa`ale
Yizra`el
Yizre`am
Yizre'am
Yizre`el
Yizr`el
Yodefat
Yohanan
Yoqn`am
Yoqne`am `Illit
Yoqne`am
Yoshivyah
Yoshivya
Yot'bathah
Yotvata
Yuvallim
Yuval
Zabdiel B
Zafririm
Zafriyya
Zahala
Zakariyah
Zakariya
Zalafa el Gharbiya
Zalafa esh Sharqiya
Zalafah
Zalafa
Zalafe
Zamarin
Zammarin
Zandala
Zanjariyyah
Zanoah
Zaraait
Zarhiya
Zar`in
Zar`it
Zar'it
Zarnuka
Zarnuqah
Zarnuqa
Zavdi'el
Ze'elim
Zefat
Zeitan
Zekharya
Zekher Dov
Zelafon
Z`elim
Zemer
Zemorot
Zerahyah
Zerahya
Zera`im
Zerin
Zeru`a
Zerufa
Zetan
Zeviyya
Zicron Jacob
Ziglag
Zikeron Ya`akob
Zikhron Ya`aqov
Zimrat
Zippori
Ziqim
Zir`in
Ziv`on
Zofar
Zofit
Zofiyya
Zohar
Zoran
Zor`a
Zova
Zuk Fukani
Zur Hadassa
Zuri'el
Zurit
Zur Moshe
Zur Natan
Zur Shalom
Zur Yig'al
