Beaumont
Belle Vue
Bel Royal
Gorey
Gouray
Grand Chemins
Grand Mourier
La Falaise
La Fosse
La Haule
La Hougue
La Moye
La Perruqe
La Villaise
La Ville au Bas
La Ville Bagot
La Ville des Quennevais
La Ville ès Nouaux
Le Mont Ficquet
Le Mont Mado
Le Rondin
Les Creux
L'Etac
L'Etacq
Longueville
Lower Blanc Pignon
Millbrook
Mont Fiquet
Mont Mado
Mount Mado
Perruque
Portinfer
Rozel
Rozel Seigneurie
Saint Aubin
Saint Aubyn
Saint Helier
Saint Jean
Saint John
Saint John's Church
Saint John's
Saint Peter Church
Saint Peter
Saint Peter's Church
Saint Peter's
Six Rues
St. John's Church
Ville au Bas
Ville Bagot
Ville des Quennevais
Ville des Quenvais
Ville ès Nouaux
Ville ès Quenvais
