Aberdean
Aberdeen
Aberdeen
Aberly
Abingdon
Aboukir
Abourkir
Accompong
Accompong Maroon Lands
Accompong Maroon Village
Accompong Town
Achendown
Ackendown
Acton
Acton
Acton House
Adams Valley
Adelphi
Admiral's Town
Admiral Town
Aenon Town
Aeolus Valley
Agua Alta Vale
Agualta Vale
Airy Castle
Airy Hill
Albany
Albany
Albert Arms
Albert Town
Albion
Albion
Alderton
Aleppo
Alexandria
Alexandria
Alexandria
Allen Hall
Allenton
Alley
Alligator Pond
Alligator Pond Bay
Alligator Pond Village
Alma
Almondsbury
Alps
Alscot
Alston
Altamont
Althorp
Alva
Amity
Amity
Amity Cross
Amity Hall
Amity Hall
Amity Hall
Amity Hall
Amity House
Anchovy
Anchovy Bottom
Anchovy Station
Andersons Town
Anderson Town
Angels
Anglesea
Annadale
Annandale
Annatto Bay
Annotta Bay
Annotto Bay
Anns Castle
Antrim
Appleton
Aqua Alta Vale
Arcadia
Arcadia
Arcadia
Arcadia
Arcadia Club
Ardoch
Argyle
Argyle Pen
Armadale
Armstrong
Armstrongs
Arntally
Arntully
Arthorp
Arthurs Mountain
Arthurs Mount
Arthurs Seat
Arthurs Seat
Ashcott
Ashlers
Ashley Hall
Ashleys
Ashton
Ashton
Asia
Askenish
Askinish
Auchinbeddie
Auchindown
Auchtembeddie
August Town
Axe Adze
Axe and Adze
Babys Corner
Bachams Cottage
Bachelors Hall
Bachelors Hall
Bachelors Hall
Bad Times
Bagatelle
Bailleston
Baillieston
Balaclava
Balcarres
Balcarres
Balcarris
Baldwins Cottage
Ballards Valley
Ballintoy
Bally Mony
Ballynure
Bamboo
Bamboo
Bamboo
Bamboo Market
Banana Ground
Banbury
Banbury
Banbury Village
Bandon
Bangor Ridge
Banks
Banks
Bantam Spring
Barbary Hall
Barbican
Barbican
Barbicon
Bariff Castle
Barking Lodge
Barnes Green
Barneyside
Barnstaple
Barossa
Barracks Hall
Barrett Hall
Barrett Hall Village
Barreyside
Barry's Retreat
Barton
Barton
Bartons
Bartons
Batcarres
Batersea
Bath
Beacham Cottage
Beachams
Beacon Hill
Beacon Hill
Beaston Spring
Beaston Springs
Beckford Kraal
Beckfords
Beckford Town
Beecher Town
Beeston Spring
Belcarres
Belcastle
Belecastle
Belfast
Belfield
Belfield
Belfield Works
Belford
Belhany
Bellas Gate
Belleair
Belleair
Belle Air Summit
Belle Castle
Bellefield
Belle Plain
Belle Retiro
Bellevue
Bellevue Heights
Bellfield
Bellfield
Belmare
Belmont
Belmont
Belmont
Belmont
Belmont
Belmont Castle
Belmore Castle
Bel Renro
Bel Retiro
Belvedere
Belvedere
Belvedere
Belvedere House
Belvidere
Belvidere
Belvidere House
Ben Bow
Bendish Rock
Bengal
Bengal Bridge
Ben Lomond
Bennetsfield
Bennett
Bennettsfield
Bensonton
Berdoes
Beredoes
Berkshire Hall
Berlin
Bernard Lodge
Berridale
Berridale
Berrydale
Berry Hill
Berwick
Berwick
Bethany
Bethany
Bethel Gap
Bethel Town
Bethezra
Bethezrd
Bethlehem
Bettys Hope
Beverly
Beverly
Beverly Hills
Bickerstaff
Bickersteth
Biddeford
Biddiford
Bideford
Big Bridge
Billy Dun
Billy Dunn
Bindloss
Biscany
Bishop Mount
Blackheath
Black Heath
Black River
Black Rock
Blackstone Edge
Blair Pen
Blakes Pen
Bloomfield
Bloomfield
Bloxburgh
Blue Castle
Blue Castle Farm
Bluefields
Bluefields
Blue Hole
Blue Hole
Blue Hole
Blue Hole
Blue Hole
Blue Mountain
Blue Mountain
Boca Pen
Bocca Pen
Bodles
Bodles Pen
Bog
Bog
Bog
Bogg
Bog Plain
Bog Walk
Bog Walk Village
Bohemia
Boldness
Bolton
Bolton Park
Bonavista
Bonham Spring
Bonnett
Bonny Gate
Bonny Pen
Booth
Border
Borobridge
Boscabel
Boscobel
Bossue
Boston
Bounty Hall
Bournemouth Gardens
Bowden
Bowden House
Bowen Crawle
Bowens
Bowens Hall
Bower Hall
Bower Hill
Bowers Hall
Box
Boxford Lodge
Boxton
Boyne Park
Braco
Brae Head
Braema
Braes River
Braeton
Brainerd
Brampton
Brandon Hill
Brandon Hill
Brazalitta
Braziletta
Braziletto
Brazilletos
Brazilletto
Breadfruit
Breadfruit Hill
Breadnut Bottom
Breadnut
Breadnut Hill
Breastworks
Breezy Hill
Breezy Park
Bretts Pen
Bridge Pen
Bridge Pen
Brighton
Brighton
Brimmer Hall
Brinkley
Brissett Run
Brissett Runs
Bristol
British
Brittonville
Brixton Hill
Broadgate
Broadleaf
Broadstreet
Brobridge
Brokenbank
Brokenhurst
Bromley
Brompton
Bronte
Brooklyn
Broughton
Brown Hill Village
Browns Hall
Browns Town
Browns Town
Browns Valley
Browns Valley
Brucefield
Brummer Hall
Brunswick
Bryan
Bryan Castle
Bryans Bay
Bryans
Bryans Hill
Bryans Pen
Bryon
Buckfield
Buckingham
Buckup
Buck Up
Budley Park
Buff Bay
Bullards
Bull Bay
Bull Bay Pen
Bullet Hall
Bull Pen
Bull Savanna
Bunker Hill
Bunkers Hill
Burge
Burlington
Burnt Ground
Burnt Hill
Burnt Savanna
Burton Hall
Burts Run
Bushy Park
Bushy Park
Buxton
Buxton Town
Bybrook
Bybrook
Byndloss
Cacoon
Cacoon Castle
Caenwood
Caenwood
Cairn
Cairnie
Calderwood
Calderwood Glen
Caledonia
Caledonia
Caledonia
Caledonia
Caledonia
Caley
California
Cambelton
Camberwell
Camberwell School
Cambrian
Cambridge
Cambridge
Cambridge
Cambridge
Cambridge Station
Cambrook
Campbell Castle
Campbellton
Campbelton
Campbleton
Camperdown
Camperdown
Camperdown
Camp Savanna
Cane River
Canewood
Carawina
Cardiff
Cardiff Hall
Carditt Hall
Carey Park
Carey Town
Carisbrook
Cariwina
Carlette Pen
Carletts
Carlisle
Carlton
Carlyle
Caron Hall
Carrisbrook
Carron Hall
Carry Hall
Carthagena
Carthagina
Carton
Cartwheel
Cary Park
Cary Park Village
Cascade
Cascade
Cascade
Cashew
Cassava
Cassia Park
Castle Comfort
Castle Dawson
Castle House
Castle Russel Pen
Castleton
Castleton Gardens
Caswell Hill
Cataboo
Catadupa
Catadupa Station
Cauldwell
Cavalier
Cavaliers
Cave
Cave Hill
Cave Valley
Cave Valley
Caymanas
Caymanas House
Cedarhurst
Cedar Valley
Cedar Valley
Cedar Valley
Cedar Valley
Cedar Valley
Central Village
Chalky Hill
Chandlers Pen
Change Hill
Chantilly
Chapelton
Charlemont
Charles Town
Charlottenburgh
Charlsworth
Charlton Castle
Charlton
Charlton
Charlton
Charlton
Chateau
Chatham
Chatsworth
Chatsworth
Chatworth
Cheapside
Cheapside
Chedwin Park
Cheesefield
Chelsea
Chelsea
Chepstow
Chepstowe
Cherryfield
Cherry Garden
Cherry Garden
Chesler
Chester
Chesterfield
Chesterfield
Chesterfield
Chesterfield Hillside
Chestervale
Chigwell
Chilton
Chipps Hall
Chovey
Chovey House
Christiana
Christianfield Village
Chudleigh
Cinnamon Hill
Clair Park
Clanden
Clandon
Claredon Park
Claremont
Claremont
Claremont
Claremont
Claremont Park
Clarendon Park
Clarke's Town
Clarksonville
Clarks Town
Clarks Town
Clarks Town
Clark Town
Clarmont Park
Clebe Farm
Clermont
Cliffords Rest
Clifton
Clifton
Clifton
Clifton
Clifton Falls
Clifton Hill
Clonmel
Clover Hill
Clydesdale
Clydesdale
Clydesdale Industry
Coates
Coates Pen
Cobblers
Cockburn Gardens
Cockpit
Cockpits
Cockpit Village
Cockshop
Cocoa Walk
Cocoa Walk
Cocoa Walk
Coco Ree
Coffee Grove
Coffee Piece
Cog Hall
Colbeck
Colbecks
Coldsome Corner
Cold Spring
Colebeck
Coley
Coley House
Coleyville
Colon
Colonels Ridge
Comfort Castle
Comfort
Comfort Hall
Comfort Settlement
Comfort Village
Commadore
Comma Pen
Commodore
Concord
Congress Hall
Congreve Park
Congrove Park
Connors
Constant Spring
Constitution Hill
Content
Content
Content
Content
Content
Content
Content
Content
Content
Content Village
Cool Spring
Cooltort Grove
Copse
Corby Castle
Corner Shop
Corn Hill
Cornwall Barracks
Cornwall
Cornwall Farm
Cornwood
Corrovants
Corrovants Grove
Costhwaite
Cotswold Hill
Cottage
Cottage
Cottage
Cottage
Cotterwood
Coultant Grove
Cousins Cove
Coventry
Coventry Pen
Cowans
Coxheath
Craig Hall
Craig Head
Craig Mill
Craigton
Cranbrook
Crawford
Crawfords
Crawle
Crawle
Creighton Hall
Crescent
Crescent Park
Cresent Park
Crofts
Crofts Hill
Crooked River
Crosbie
Cross Keys
Cross Pen
Cross Roads
Croyden
Croydon
Cudioe Hill
Cudjoe Hill
Cuffie Head
Culldden
Culloden
Cumberland
Cum See
Curatoe Hill
Cypress Hall
Cyprus
Dalentobur
Dalingtober
Dallas Castle
Dallas
Dallingtober
Dalvey
Dalvey
Dalvy
Danks
Danks Station
Darley
Darlingston
Darlington
Darliston
David Wilsons Village
Davis Town
Davyton
Dawkins Caymanas
Dawkins
Dawkins Smokey Hole
Dawson Castle
Decoy
Decoy
Decoy Estate
Decoy Pen
Deep Side Village
Dee Side
Deeside
Dee Side Village
Defiance
Delacree Pen
Denbigh
Denhigh
Denhigh Plain
Devon
Devon
Devon Township
Devon Village
Diamond
Diamond
Dias
Discovery Bay
Doctors Cave
Dollingtabor
Doncaster
Donegal
Doone Lodge
Doormans Corner
Dorcas
Dorothy
Dorothy Pen
Dove Cole Park
Dove Cot Park
Dove
Dove Hall
Dover
Dover
Downs
Drapers
Dressikie
Dressiky
Dromilly
Drummand Orange Grove
Drummonds Run
Dry Harbor Cave
Dry Harbor
Dry Harbour Cave
Dry Harbour
Dry Hill
Dry River
Duanvale
Duanvale Village
Dublin Castle
Duckenfield
Duckenfield Hall
Duckensfield
Duff House
Dumbarton
Dumblane
Dumfries
Dump
Dunbar
Duncans
Dundee
Dunkeld
Dunkeld
Dunkley Dry River
Dunkley
Dunkleys
Dunkleys Pen
Dunrobin
Durham
Eardley
Easington
East Prospect
Eastwood Park
Eaton
Ebenezer
Ebony Park
Ebony Park
Ecclesdown
Edbury
Eden Bowers
Eden
Eden
Eden
Eden Gardens
Eden Hill
Eden Park
Edinburgh Castle
Edward Piece
Effort
Eglington
Egypt
Egypt
Eldersley
Elderslie
Eleven Mile
Eleven Miles
Elgin Town
Elgin Town
Elgin Town
Elim
Ellen Street
Ellis Caymanas
Eltham
Elysium
Emilie
Endeavor
Endeavour
Endeavour
Endeavour
Endeavour
Enfield
Enfield
Enfield
Enfield
Enfield
Ensom Pen
Envey Valley
Envy Valley
Epping Farm
Epsom Downs
Epsom
Epsom Pen
Epson Downs
Epson
Epson Pen
Epworth
Esher
Esher
Essex
Essex
Essling
Etingdon
Eton
Evergreen
Everton
Ewarton
Excellent Town
Exchange
Exeter
Exter
Fairburn
Fairfield
Fairfield
Fairfield
Fairfield
Fairfield
Fair Prospect
Fairy Hill
Falkeners
Falkland
Falmouth
Farenough
Far Enough
Farm Hill
Fellowship
Fellowship
Fellowship Hall
Fellowship Hall
Fellowship Hall
Fellowship School
Fernbrook
Ferris Cross
Ferris
Ferris Pen
Fiddle Hall
Fish River
Flagstaff
Flamstead Cottage
Flamstead
Flamstead
Flat Grass
Flatpaint
Flat Point
Flint River
Flint River House
Florence Hall
Florida
Flower Hill
Folly
Folly
Fontabelle
Fontabelle
Fontabelle
Fontabelle House
Font Hill
Font Hill
Foremost
Forest
Fornbrook
Fort Charles
Fort George
Fort George
Fort George
Fort Henderson
Fort Stewart
Fort William
Four Feet
Four Mile
Four Paths
Four Roads
Frankfield
Freefield
Freefield
Free Hill
Free People
Freetown
Free Town
Free Town
French Land
Frenchman
Frenchmans Hill
French Park
French Pen
Friendship
Friendship
Friendship
Friendship
Friendship
Friendship
Friendship
Friendship
Friendship
Friendship
Friendship Grove
Friendship Valley
Frome
Frontier
Fruitful Vale
Fullerfield Chapel
Fullersfield Chapel
Fullerswood Beach
Fullerswood
Fullerswood Park
Fullerwood Park
Fustic Grove
Fyffes
Fyffes Pen
Gales Valley
Galway
Garland Grove
Garlands
Garlands
Gayle
Gayle Village
Gazeland
Geneva
Geneva
George Fort
Georges Plain
Georges Valley
Georges Valley
Georgia
Georgia
Georgia
Giblatore
Gibraltar
Gibraltar
Giddy Hall
Gilnock
Gilnock Hall
Gilsbro
Ginger Hill
Ginger House
Ginger Ridge
Glasgow
Glasgow
Glasgow
Glebe Farm
Glendevon
Glenfield Pen
Glengoffe
Glenisla
Glen Islay
Glenisley
Glenroy
Globe Mountains
Gloster
Gloster
Gloster Hall
Gloucester Hall
Goat Island
Godfreys
Gods Well
Golden
Golden Grove
Golden Grove
Golden Grove
Golden Grove
Golden Spring
Golden Vale
Goldsons Corner
Good Design
Good Design
Good Endeavour
Good Hope
Good Hope
Good Hope
Good Hope
Good Hope House
Goods Pen
Goodwill
Gordons Store
Gordon Town
Goshen Farm
Goshen
Goshen
Goshen
Goshen Pen
Goulbourne
Goulbournes
Government Park
Government Park Pen
Government Pen
Gowrie
Graig Mill
Grand Cairo
Grandvale
Grange
Grange
Grange Hill
Grange Park
Gran Hill
Grantham
Grantham
Grantham
Grantham Valley
Grants Pen
Grasmond
Gravel Hill
Grays Inn Estate
Grays Inn
Great Cashoo
Great Pond
Great Salt Pond Pen
Great Valley
Great Valley
Green Castle
Greencastle
Green Castle
Green Castle
Greenfield
Green Hill
Green Hill
Green Hills
Green Island
Greenland
Greenock
Green Park
Green Park
Green Park
Green Pond
Green Pond
Green River
Green Rossfield Isle
Green Ross Field Isles
Green Vale
Greenvale
Green Walk
Greenwich Camp
Greenwich
Greenwich
Greenwich
Greenwich
Greenwich House
Greenwich Town
Greenwick
Greenwicki
Greenwood
Gregory Park
Gregory Park Pen
Greys Inn
Grierfield
Grier Park
Grimett
Grimmetts
Grossett
Grossett Village
Grove
Grove
Grove Place
Grove Town
Guanaboa
Guanaboa Vale
Guava Ridge
Guilsboro
Guilsbro
Guinea Corn
Gunters Hill
Gutters
Guys Hill
Haddersfield
Haddington
Haddon
Hagley Gap
Halberstadt
Halberstadt House
Half Way Tree
Halifax
Halifax
Hall Head
Halls Delight
Hallsfield
Halse Hall
Halsey Hall
Haltsfield
Hamilton Pen
Hampden
Hampstead
Hampstead
Hampton Court
Hampton
Hampton
Hampton
Ham Walk
Hanbury
Hanover
Hansons
Happy Grove
Happy Grove
Happy Grove
Happy Retreat
Harbor Head
Harbour Head
Harbour View
Hard Bargain
Hardley
Harewood Hall
Harewood
Harewood
Harmons
Harmony Hall
Harmony Hall
Harmony Hall
Harmony Hall Pen
Harmony Hill
Harmony Hill
Harmony Vale
Harry Watch
Hartford
Hart Hill
Hatchfield
Hatfield
Haughton Court
Haughton Grove
Haughton Hall
Haughton
Hayes
Hayfield
Hayfield
Hazard
Hazel Grove
Healthfield
Healthfield
Heart Ease
Heartherfield
Hearts Ease
Heathfield
Heathfield
Heavitree
Heawtree
Hectors River
Helicon
Hendley
Hermitage
Hermitage
Hermitage
Hermitage House
Hertford
Hesse Cassel
Heywood Hall
Hiattsfield
Hibernia
Higgins Town
Higgin Town
Highgate
Highgate
Highgate Park
Highgate Village
Highland Castle
Hillsborough
Hillside
Hillside
Hill Top
Hinds Town
Hodges
Hog Hole
Hog Hole
Holland
Holland
Holland Moro
Holland Park
Holyland Corner
Home Castle
Hope Bay
Hopefield
Hope Gardens
Hope Hall
Hope
Hope
Hope
Hope
Hope
Hopehouse
Hope Maxhams
Hope Pastures
Hopeton
Hopeton
Hopeton
Hopeton
Hopeton House
Hopewell Hall
Hopewell
Hopewell
Hopewell
Hopewell
Hopewell
Hopewell
Hopewell
Hordley
Houghton
Huddersfield
Huntley
Huntley
Huntley
Huntley Pen
Huntley Village
Huntly
Hunts Pen
Huntstown
Hutchensons Hale
Hutchensons Hole
Hutchensons Turret
Hyde and Gibraltar
Hyde Hall
Hyde
Indian Town
Industry
Industry
Industry
Industry
Innswood
Inter Boreale
Inverness
Inverness
Ipswich
Ipswich
Irish Town
Ironshore
Irwin
Isle
Isles
Islington
Islington
Islington
Iter Boreale
Iver Cottage
Iver
Ivy Mount
Jack Lodge
Jack Monday
Jack River
Jacks Hill
Jacks Lodge
Jacksons Bay
Jackson's Village
Jackson Town
Jackson Village
Jacks River
Jacks Rock
James Hill
Jane Marks
Jane Marks Village
Java
Jefferey Town
Jeffrey Town
Jericho
Jericho
Jericho
Jerusalem
Jew Hill
Johns Hall
Johns Hall
Johns Hall
Johns Hall
Johns Hall
Johns Lodge
Johnson Mountain
Johnsons Town
Johnson Town
Johnston Pen
Johnston Town
Johnston Village
Johns Town
Jointwood
Jones Moreland
Jones Pen
Jones Pen
Jones Town
Junction
Kan Pan
Katram Castle
Keanwood
Keith
Kellets
Kellits
Kemps Hill
Kempshot
Kempshot
Kencot
Kendal
Kennedys
Kensington
Kensington
Kensington
Kentish
Kent
Kent Village
Kepham
Keppoch
Ketering
Kettering
Kew
Kew
Kew Park
Kilbies
Kildare
Kildare
Kilmarnoch
Kilmorey
Kings
Kings Pen
Kingston
Kingsvale
Kings Valley
Kingswood
Kingwood
Kinloss
Kinloss Village
Kirklands
Kirkpatrick Hall
Kitson Town
Knapdale
Knibbs Pen
Knights
Knockalva
Knockpatrick
Knollis
Knowles
Knutsford
Koeningsburg
Konigsberg
Konigsburgh
Konigsburg
Koningsbergh
Koningsberg
Koningsburgh
Kupuis
Labyrinth
Lacovia
Lacovia Tombstone
Lakelands
Lambs River
Lancaster
Lancaster
Lancaster
Lances Bay
Lances Bay Pen
Lance Wood Valley
Langley
Las Chorreras
Laughland
Laughlands
Lawrence Mocho
Lawrence Tavern
Leagon
Leamington
Lebanon
Leeds
Leicesterfield
Leicesterfields
Leith Hall
Lelitz
Lennansville
Lennox
Lennox
Lenox
Lenox
Leogan
Lethe
Letitz
Lewis
Lewis Store
Lewis Town
Leyton Valley
Lianrunney
Liberty Castle
Liberty Hill
Liberty Valley
Lichfield
Liguanea
Lilitz
Lilliput
Lima
Lime Hall
Lime Hall
Lime Tree Garden
Limetree Valley
Lincoln
Lindale
Lindale Pen
Lindos Gap
Linstead
Lionel Town
Litchfield
Lititz
Little Angels
Little Angles
Little Bay
Little Broughton
Little Ease
Little London
Little Mountain
Little Park
Little River
Little Spring Garden
Llanaillo
Llandewey
Llandillo
Llandilo
Llandovery
Llanoilo
Llanrumney
Llanrunney
Llhandewey
Lloyds
Lloyds Pen
Lluidas Vale
Lochaber
Lodge Bush
Lodge
Logan Castle
Logans Junction
Logens Pen
Logie Green
Logwood
Longacre
Long Bay
Long Bay Village
Long Hill
Long Pond
Long Pond Pen
Longs Wharf
Longville
Longville Park
Long Wharf
Long Wood
Lookout
Look Out
Lottery
Lottery
Lovers Leap
Lower Esher
Lowe River
Lower Southfield
Lower Tooting
Lower Warminster
Lowes Corner
Lowes Pen
Low Ground Pen
Low Leyton
Lows Mountain
Lucea
Luck Hill
Lucky Hill
Lucky Hill Pen
Lucky Valley
Lucky Valley
Lucky Valley
Ludlow
Luidas Vale
Lumsdale
Lumsden
Lydford
Lyndale
Lyssons
Macca Tree
Macfield
Mackfield
Maddon Village
Mafield
Maggotty
Maggotty
Magotty
Mahoe Garden
Mahoe Gardens
Mahoe Hill
Mahogany Hall
Mahogany Vale
Mahogony Hill
Maidstone
Maidstone
Maimsey Valley
Maldon
Maldon Village
Malmsey Valley
Malton
Malvern Chase
Malvern
Malvern Park
Malvern Well
Malvern Wells
Mambys
Mammee Bay
Manchioneal
Manchioneal
Mandeville
Mango Grove
Manhoe Gardens
Manningfield Pen
Manningsfield
Mannings Town
Mantica Bahia
Marches Pen
March Pen
Marchs Pen
March Town
Mari Bank
Market
Marlboro
Marlborough Castle
Marlborough
Marlbro
Marley Hill
Marley
Marlie Hill
Marlie
Marlie
Marlie Mount
Marly
Maroon Town Barracks
Maroon Town
Marshalls Pen
Martha Brae
Martin Hall
Martins
Martin Village
Mary Browns Corner
Maryfield
Maryland
Mary Village
Masemure
Mason Hall
Mason
Mason River
Masons Run
Mason Valley
Masters
Matildas Corner
Maverly
Maverty
Mavis Bank
Maxfield
Mayfield
May Hill
May Pen
Mearnsville
Mears
Mears Pen
Melrose
Mendes
Mendes Pen
Mendez Hill
Mendez Pen
Merrywood
Mesopotamia
Mexico
Meylersfield
Michleton Halt
Mickleton
Middle Quarters
Middlesex
Middlesex
Middleton
Middleton
Midgeham
Midgham
Mid Leyton
Milbank
Mile Gully
Miles Town
Milford
Milk Pen
Milk River Bath
Milk River
Millbank
Milltown
Milton
Miltown
Minard
Minho
Mint
Mitcham
Mitchell Town
Mocho House
Mocho
Mocho
Mocho
Molton
Mona Heights
Moneague
Moneymuck
Moneymusk Pen
Monklands
Monmouth
Montego Bay
Montego
Montmorency
Montpelier
Montpelier
Montpelier
Montpelier
Montpelier
Montpelier
Montpelier
Moores
Moores Pen
Moore Town
Morant Bay
Morant
Moravia
Moreland
Moreland
More Town
Morgans Bridge
Morgans
Morley Hill
Morris Hall
Mosquito Cove
Mount Agusta
Mountain River
Mountain Side
Mountain Spring
Mountain Valley
Mountain View Gardens
Mount Airy
Mount Augusta
Mount Belmore
Mount Blow
Mount Carey
Mount Carmel
Mount Charles
Mount Cotterall
Mount Dispute
Mount Eagle
Mount Grace
Mount Hermon
Mount Hermon
Mount Horeb
Mount James
Mount Lebanus
Mount Lebanus
Mount Morency
Mount Moses
Mount Moses
Mount Nebo
Mount Nelson
Mount Olive
Mount Olive
Mount Olive
Mount Olivet
Mount Pelier
Mount Pleasant
Mount Pleasant
Mount Pleasant
Mount Pleasant
Mount Pleasant
Mount Pleasant
Mount Pleasant
Mount Pleasant
Mount Pleasant
Mount Prospect
Mount Providence
Mount Solus
Mount Stewart
Mount Terza
Mount Vernon
Mount Vernon
Mount Zion
Mount Zion
Mount Zion
Mount Zion
Muir House
Mulleth Hall
Mullett Hall
Murray Mountain
Murrays Mountain
Myersville Church
Myersville
Naggo Head
Nago Head
Nain
Naseberry Garden
Natural Bridge
Needham Pen
Negril Harbour
Negril
Negril Spots
Ness Castle
Netherfield
Newark
New Bermuda
New Broughton
Newcastle
New Castle
New Colliston
Newcombe Valley
New Come Valley
Newell
Newell Pen
New England
New Forest
New Green Island
Newhall
New Hall
New Hall
New Kingston
Newlands
Newmarket
Newmarket
Newmarket Pen
Newmarks Pen
New Monklands
New Paradise
New Pera
Newport East
Newport
Newport West
New Ramble
New Road
New Roads
New Shafton
Newstead
Newton
New Works
New Yarmouth
New York
New York
Niger Corner
Nigger Corner
Nightengale Grove
Nightingale Grove
Nonpareil
Nonpareil
Nonparsil
Nonsuch
Nonsuch
Norfolk
Norman Gardens
Norris
Northampton
Northhampton
Norway
Norwich Halt
Norwich
Norwich
Nutshell
Oakes
Oakes Pen
Oaks
Oberlin
Occasion Town
Ocho Rios Bay
Ocho Rios
Old Barracks
Old Barracks
Oldbury
Old England Church
Old England
Old Harbor
Old Harbour Bay
Old Harbour
Old Hope
Old House
Old Lee Gate
Old Pera
Old Rotherwood
Old Shafton
Old Yarmouth
Olympic Gardens
Onslow
Onslows
Oracabessa
Orange Bay
Orange Bay
Orange Cove
Orangefield
Orange Hall
Orange Hill
Orange Hill
Orange Hill
Orange
Orange Park
Orange River Pen
Orange Valley
Orange Valley
Orange Valley
Orchard
Ormiston
Osbornes
Osborne Store
Osborns
Outon
Owens
Oxford
Oxford
Oxford
Oxford
Oyster Bay
Palm Beach
Palmers Cross
Palmers
Palmetto Cottage
Palmetto Grove
Palmira
Palm
Palmyra
Panton Town
Papine
Paradise
Paradise
Paradise
Paradise
Park Hall
Park Head
Park
Parks Road
Parnassus
Parry Town
Parsonage
Parsonage
Passage Fort
Patrick Town
Patton Park
Paul Island
Peak Pen
Pear Tree Grove
Pear Tree River
Pear Tree Valley
Peckham
Pedro Cross
Pedro Farm
Pedro
Pedro
Pedro
Pedro Pen
Pedro Pen
Pedro River
Pemberton Valley
Pembroke Hall
Pembroke Hall
Pennants
Pennycooke
Penny Cooks
Penny
Penshurst
Pepper Pen
Pepper
Peppingford
Pera
Perrine
Perrins
Perth
Perth Town
Peru
Petersfield
Petersfield
Petersfield
Petersville
Phelps Run
Philadelphia
Phoenix Park
Phoenix Park
Phoenix
Phoenix
Phoenix Town
Phoenix Village
Pilot
Pimento Grove
Pimento Walk
Pipers
Pisgah
Planters Hall
Pleasant Hill House
Pleasant Hill
Pleasant Hill
Pleasant Hill
Pleasant Valley
Pleasing Prospect
Plowden Hill
Plum Corner
Point Hill
Point
Point
Pondside
Pond Side
Ponside
Poor Mans Corner
Port Antonio
Porters Mountain
Port Esquivel
Port Henderson
Port Kaiser
Portland Cottage
Portland
Portland Village
Port Mahon
Port Maria
Port Morant
Portmore
Port Royal
Porus
Pot House Pen
Potosi
Pratville
Predies
Prichards Pen
Priddie's
Pridees
Priestmans River
Priory
Prospect Park Farm
Prospect
Prospect
Prospect
Prospect
Prospect
Prospect
Prospect
Prosper
Providence
Providence
Providence
Providence
Providence
Providence
Providence
Puerto Bueno
Pullet Hall
Punchbowl
Purcells Pen
Pusey Hall Pen
Pusey Hall
Pusey Hill
Quatre Bras
Quaw Hill
Quebec
Queenhithe
Queenhythe
Quick Step
Rabys Corner
Race Course
Ramble House
Ramble Pen
Ramble
Ramble
Ramble
Ratcliff Park
Rat Trap
Raymonds
Reach
Readers Pen
Reading
Recess
Recovery Pen
Rectory
Rectory
Rectory
Redberry
Redbury
Reddington
Red Ground
Red Grown
Red Hill
Red Hills
Redwood
Reeves Wood
Refuge
Relford
Relief
Relston Park
Rennals
Renon Town
Reserve
Resource
Resource
Resource
Rest Pen
Rest
Rest
Rest
Rest Store
Rest Store
Retford
Retirement
Retirement
Retirement
Retirement
Retirement
Retirement
Retreat
Retreat
Retreat
Retreat
Retreat
Retreat
Retrieve
Retrieve
Revival
Reynolds Run
Rhine
Rhodes Hall
Rhymesberry
Rhymesbury
Richardsfield
Richards Pen
Richman Park
Richmond Hill
Richmond Hill
Richmond Park
Richmond
Richmond
Richmond
Richmond
Richmond Village
Ricketts River
Ridgeland
Ridgland
Riley Village
Rio Bueno Harbor
Rio Bueno Harbour
Rio Bueno
Rio Magna
Rio Magno
Rising Sun
Riswich
Riswick
Ritchies
Riverhead
Riverhead
River Head
Riversdale
Riverside
Roadside
Roaring River
Roaring River
Roberts Run
Robins Bay
Robins Hall
Robinson Run
Robinsons New Park
Robins River
Rock Fort
Rock Hall
Rockingham
Rock River
Rock
Rock Spring
Rock Spring
Rocky Point
Rocky Point
Rodans Dry River
Roebuck Hill
Roehampton
Rollington Town
Rome
Roscomman
Roscommon
Roseberry
Rose Hall
Rose Hall
Rose Hill
Rose Hill
Rose Hill
Rose Hill
Rosemont
Rosemount
Rosemount
Rosend
Rosetta
Rose Valley
Rosewell
Rosewells
Roslin Caslin
Roslin Castle
Ross Isle
Roswalls
Roswell's
Rotherwood
Round Hill
Rowes Corner
Rowington Park
Rowington
Rowlandsfield
Roxborough
Roxbro
Roxbro
Royal Flat
Rozelle House
Rozelle
Rules Pen
Runaway Bay
Runaway Bay Settlement
Runaway Bay Village
Runaway Village
Runnaway-Bay
Rural Vale
Russell Pen
Russell Pen
Russells
Russel Pen
Russels
Rymesberry
Rymesbury
Saddlers Hall
Sadlers Hall
Sadlers Hill
Saint Acre
Saint Ann's Bay
Saint Christopher
Saint D'Acre
Saint Faiths
Saint Faiths
Saint Francois
Saint Helena
Saint Helens House
Saint Helens
Saint Jago de la Vega
Saint Jago Old Works
Saint Jago
Saint John's
Saint Leonards
Saint Margaret's Bay
Saint Mary's
Saint Mountain
Saint Pauls
Saint Peter's
Saint Toolies
Saint Toolis
Saint Vincent
Salem
Salem
Salem
Salisbury Plain
Salisbury
Salisbury
Salisbury
Sally
Sallys Delight
Sallys Hall
Salsbury
Salters Hill
Salt Gut Pen
Salt Gut
Salt Pond Pen
Salt River
Salt Spring
Salt Spring
Sandbury Grove
Sandside
Sandy Bay
Sandy Bay
Sandy Bay Village
Sandy Ground
Sandy Gully Pen
Sandy Gully
Sanguinetti
Santa Cruz
Santa Gloria
Santamaria
Santa Maria
Sattons
Savannah la Mar
Savanna-la-Mar
Sawyers Market
Sawyers
Saxham
Saxony Pen
Saxony
Scarborough
Scarlett Hall
Schawfield
Scholefield
Schwallenburgh
Scotia
Scotts Pass
Seafield
Seaford Town
Seaforth
Seaforth Village
Seamans Valley
Sea View
Sedburgh
Selington
Seniors
Serge Island
Seven Corners
Seven Doubloons
Seven Mile
Seven Oaks
Seven Plantations
Seven Rivers
Sevens Plantation
Sevens
Seville Heights
Seville
Shafeston
Shafston
Shambles
Shands Cockpit
Shaw Park
Shaws
Shaws Village
Sheckles Pen
Sheerness
Sheffield
Shepperds Hall
Sherwood Content
Sherwood Forest
Sherwood Forest
Sherwood Forest
Shettlewood
Shickels
Shickles Pen
Shickle's
Shirehampton
Shirley Castle
Shirley Pen
Shooters Hill
Shotover
Showfield
Shrewsbury
Shrewsbury
Shrewsbury
Siberia
Sidney Castle
Siloah
Silver Hill
Silver Sands
Simmers Valley
Simpsons
Six Miles
Skibo
Skipton
Slanhope
Slanmore
Sligoville
Slipe
Smithfield
Smithfield
Smithfield
Smithfield
Smiths Pen
Smith Village
Smithville
Snowden
Snowdon
Socks Lodge
Sod Hall
Soho
Soho
Somerset Hall
Somerset
Somerset
Somerset
Somersett
Somersett
Somerton
Somerville
Sommerset
Sommers Town
Sooky Gal
Soursop Turn
Southfield
Southfield
Spaldings
Spanish Town
Spanish Well
Spa Spring
Speculation
Spencers Pen
Spicy Grove
Spicy Grove
Spitzbergen
Spitzburgen
Spotfield
Spot Valley
Spring Bank
Springdale
Springfield
Springfield
Springfield
Springfield
Springfield
Springfield
Springfield
Springfield
Spring Garden
Spring Garden
Spring Garden
Spring Garden
Spring Garden
Spring Grove
Spring Hill
Spring Mount Estate
Spring Mount
Spring Park
Spring Rises
Spring
Spring Vale House
Springvale
Springvale
Spring Vale
Spring Valley
Spring Valley
Spring Valley
Spring Village
Spur Tree Hill
Spur Tree
Sta Apple Grove
Staketon
Stanberry Grove
Stanhope
Stanmer
Stanmore Grove
Stanmore
Stanton Harcourt
Stanton
Starapple Grove
Steelfield
Steerfield
Steer Town
Stepney
Sterling Castle
Stettin
Stewarton
Stewart Town
Stirling Castle
Stirling Castle
Stirling Castle
Stirling
Stokes Hall
Stonehenge
Stonehenge
Stone Hill
Stony Gut
Stony Hill
Stony Hill
Strawberry
Stricklands
Struie
Strui
Sturge Town
Success Pen
Success
Success
Suffolk Park
Summer Hill
Sunflower
Sunning Hill
Sunning
Sunny Bank
Susan Hill
Sussex
Suttons Station
Suttons
Swallowfield
Swansea
Sweet River
Swift River
Sydenham Pen
Sydenham
Tadmore
Tales Pen
Tanglewood
Tarentum
Tarentun
Tarwood
Taws Pen
Taylors
Teak Pen
Teaks Pen
Tharp Pen
Thatchfield
Thatch Pen
Thatch Walk
The Alley
The Alps
The Alves
The Angel
The Bath
The Bath
The Cooperage
The Cottage
The Cross
The Grove
The Lodge
The Rectory
The Rectory
The Rest
The Rest
The Retreat
The Rock
The Shambles
Thetford Mountain
Thetford
The Village
Thickets
Thicket
Thompson Hill
Thompson Pen
Thompsons Bush
Thompsons Town
Thompson
Thompson Town
Thomson Hill
Thorn Hill
Thornhill
Thornton
Thornton
Three Mile River
Three Mile
Time and Patience
Titchfield
Tobolski
Toll Gate
Tombstone
Tom Kings
Tom Mount
Tommy Bush
Tomsfield
Toms Hope
Tom Spring
Toms River
Top Buxton
Top Hill
Top Hill
Torrington Castle
Torrington
Torrington
Tower Hill
Town Head
Townshens Pen
Tows Pen
Trafalgar
Trafalgar
Tranent Pilot
Treadlight
Treadways
Treasure Beach
Tredways
Tree Grove
Trench Town
Trentham Park
Trenton
Trinity
Trinity Ville
Tripoli
Troja
Trout Hall
Troy
Troy
Troy
Troy Village
Truro Gate
Truro Pen
Truro
Tryall
Tryal
Trysee Village
Tug Hill
Tulloch Estate
Tulloch
Tumbridge
Tunbridge
Turtle Pond
Tweedside
Tweedside
Twickenham Park
Tyre
Ulster Spring
Union Hill
Union Pen
Union
Union
Unity Hall
Unity Pen
Unity
Unity
Unity
Unity Valley
Unity Valley
Up Park Camp
Upper White Horses
Usher Mount
Vale Royal
Vanity Fair
Vaughansfield
Vaz Delight
Victoria Town
Victoria Town
Village of Christiana
Village of Davyton
Village of Kettering
Village of Pilox
Village of Shiloah
Village of Spaldings
Village
Villa
Vinegar Hill
Vineyard Town
Vineyard
Virginia
Wait a Bit
Wakefield
Wakefield
Wakefield
Wakefield
Walderston Village
Walderston
Walingford
Walkers Wood
Wallen
Wallingford
Waltingford
Walton
Warsaw
Warsop
Warsop
Warwick
Washington Gardens
Watchwell
Waterhouse Pen
Waterhouse
Watering
Waterloo
Waterloo
Watermount
Water Valley
Water Valley
Water Wheel
Water Works
Watson Town
Watt Town
Wedge Well
Welcome
Wemyss
Westfield
Westfield
Westfield
Westlands
Westphalia
Weymouth
Wharton
Wheelerfield
Wheelersfield
Whitaker Corner
Whitbeck
Whitby
Whitehall
White Hall
Whitehall
White Hall
Whitehall
Whitehall
White Hill
Whitehorns Thickets
Whitehorns Thicket
White Horses Village
White Horses
Whitehouse
White River
White Rock
Whitfield Town
Whitfield
Whithorne
Whithorn
Whitnay Turn
Whitney Turn
Whitney
Whorton
Whydaw
Whydow
Wick
Wigton
Wilbury
Wilderness
Williamsfield
Williamsfield
Williamsfield
Williamsfield
Williamsfield
Williamsfield
Williams Moreland
Williamsons
Williams Town
Wilmington
Wilsons
Wilson
Wilton
Wiltshire
Winchester House
Winchester
Winchester
Winchester
Windsor Castle
Windsor Castle
Windsor Castle
Windsor Forest
Windsor Heights
Windsor House
Windsor Lodge
Windsor Lodge
Windsor Park
Windsor
Windsor
Windsor
Windsor
Winefield
Woodberry
Wood Hall
Wood Hall
Woodhall
Woodlands Pen
Woodlands
Woodlands
Woodside
Woodside
Woodstock
Woodstock
Woolbury
Woolwich
Woolwich
Worcester Pen
Worcester
Worthy Park
Yallahs Bay
Yallahs Village
Yallahs
Yarmouth
Yates Savanna
York Castle
York Street
York Village
York
York
York
Y.S. Estate
Ys House
Zion Hill
Zion Hill
