`Abdun
`Abil
Abu `Alanda
Abu `Alandah
Abu `Alende
Abu al `Izam
Abu al Lasan
Abu al Lawqas
Abu al Qayn
Abu ash Shahm
Abu as Salih
Abu az Zighan
Abu Bana
Abu Danna
Abu Dannah
Abu el Jirdhân Station
Abu el Jurdhan Station
Abu el Lasan
Abu el Lauqas
Abu el-Luqas
Abu el Qein
Abu esh Shahm
Abu es Sallih
Abu ez Zighan
Abu Ghara
Abu Gharah
Abu Hamed
Abu Hamid
Abu Hammur
Abu Makhtub
Abu Neseir
Abu Nusayr
Abu Nuseir
`Abur
Abu Sallih
Abu Shauka
Abu Shawkah
Abu Trabe
Abu Turaba
Abu Turabah
`Adasiya
Adasiyah
Adba`ah
Ad Dabab
Ad Dabbakah
Ad Dabkah
Ad Dafyanah
Ad Dajaniyah
Ad Da`janiyah
Ad Dayr
Ad Dimnah
Ad Disah
Ad Durrah
Ad Duwaykhilah
Ad Duwaykhilah
Ader
Adh Dhira`
Adh Dhuhaybah
Adh Dhunaybah
Adhruh
Adir
Adjlun
Adruh
`Afna
`Afra
`Agraba
Ahamant
`Ai
Aidun
`Aie
Aïl
`Aima
'Aime
`Aina
`Ain el Basha
`Ain es Safar
`Ain Janna
`Ain Jenne
`Ain Khuneizir
`Ainun
Aiy
`Ajaj
`Ajlun
Akaba
Al `Abbasiyah
Al `Adasiyah
Al `Ain al Bayda'
`Al
Al `Al
`Al`al
Al `Aliyah
Al `Aluk
Al `Amaqah
Al `Amiriyah
Al `Amiriyah
Al `Amiriyya
Al `Aqabah
`Alaqan
Al `Arid
Al `Arja'
Al `Arudah
Al Arzah
Al Ashrafiyah
Al `Awaynah
Al `Aymah
Al `Ayna
Al `Ayn
Al Azraq
Al Azraq ash Shamali
Al `Azziyah
Al Bahhath
Al Bahhath al Janubi
Al Bahr
Al Ba`ij
Al-Baqoorah
Al Baqurah
Al Barihah
Al Bassah
Al Bastah
Al Bayda
Al Bunayyat
Al Bunayyat al Janubiyah
Al Bunayyat ash Shamaliyah
Al Buq`ah
Al Buqay`
Al Burj
Al Busayrah
Al Buwayda
Al Buwaydah
Al Fakhirah
Al Fardhakh
Al Farsh
Al Faydah
Al Faysaliyah
Al Feida
Al Fuhays
Al Fujayj
Al Ghal
Al Ghuwayr
Al Haddadah
Al Haddadah
Al Hadithah
Al Hamidiyah
Al Hammah
Al Hamra'
Al Hamud
Al Hannanah
Al Haqawah
Al Harawiyah
Al Hasa
Al Hashimiyah
Al Hashimiyah
Al Hashimiyah al Janubiyah
Al Hashimiyyah al Janubiyah
Al Hawi
Al Hawwasiyah
Al Hayy
Al Hisn
Al Hiyad
Al Humaymah al Jadidah
Al Hummar
Al Husayniyah
Al Husayniyah
Al Husayniyah
Al Ifranj
Al `Iraq
Al `Is
Al `Isawiyah
Al `Izziyah
Al Jad`ah
Al Jafr
Al Jarba' al Kabirah
Al Jarba' as Saghirah
Al Jasurah
Al Jawzah
Al Jaya
Al Jayah
Al Jazzazah
Alji
Al Jirm
Al Jizah
Al Jubayhah
Al Judayyidah
Al Juhayr
Al Jumayl
Al Jumayyil
Al Junaynah
Al Jurf
Al Juththah
Al Juwayyidah
Al Kafrayn
Al Kamshah
Al Karak
Al Karamah
Al Khan
Al Khanasiri
Al Kharaj
Al Khirbah as Samra'
Al Khuraybah
Al Khuraybah
Al Kitta
Al Kittah
Al Kufayr
Al Kursi
Al La`ban
Al Lajjun
`Allan
Al Lubban
Al Mabrak
Al Madabah
Al Madrasah
Al Madwar
Al Mafraq
Al Maghir
Al Mahattah
Al Majdal
Al Majidah
Al Ma'muniyah ash Shamaliyah
Al Ma`murah
Al Manakhir
Al Manashsh
Al Manshiah
Al Manshiyah
Al Manshiyah
Al Mansurah
Al Mansurah
Al Mantarah
Al Mara`ah
Al Masarrah
Al Mashargah
Al Mashariqah
Al Mastabah
Al Mathluthah
Al Mazar
Al Mazar
Al Mazra`a
Al Mazra`ah
Al Mazra`
Al Mazra`
Al Mazzah
Al Miqat
Al Mi`tan
Al Mudari
Al Mudawwarah
Al Mudawwarah
Al Mughayrfat
Al Mughayrifat
Al Mughayyir
Al Mughayyir
Al Muhammadiyah
Al Mujaydil
Al Mukayfitah
Al Mukhaybah al Fawqa
Al Mukhaybah
Al Muqabalayn
Al Muqari`iyah
Al Murayghah
Al Mushaqqar
Al Mushargah
Al Mushayrifah
Al Mushayrifah
Al Mushayritah
Al Muthallith
Al Muwaqqar
Al Muzaqqar
Al Qa`
Al Qadisiyah
Al Qartu`iyah
Al Qasimiyah
Al Qasr
Al Qastal
Al Qatrana
Al Qatranah
Al Qihati
Al Qisfah
Al Qunaytira
Al Qunaytirah
Al Qunayyah
Al Qurayn
Al Qurayqarah
Al Qurayyat
Al Quwayjiyah
Al Quwayrah
Al Quwaysimah
Al-Salt
`Aluk
Al `Umari
Al `Umyan
Al Yadudah
Al Yamaniyah
Al Yarut
Al Yazidiyah
`Amaqa
Amaun
`Amiriya
`Amman
Amman
`Ammuriya
`Amrawa
`Amrawah
`Anjara
`Anjarah
An Nabi Hud
An Na`imah
An-Namata
An Namatah
An Naqb
An Naqubah
An Nimrah
An Nu`ayyimah
An Nusayhi
An Nuwayjis
`Aqaba
`Aqraba
`Aqrabah
`Ara`er
`Ara`ir
Arak
Arbela
`Arfah
Arhaba
Arhab
Ariha
`Arja
Ar Rab`ah
Ar Rabahiyah
Ar Rabbah
Ar Rabiyah
Ar Radm
Ar Rafid
Ar Rajib
Ar Rajif
Ar Ramtha
Ar Rashadah
Ar Rashadiyah
Ar Rasha'idah
Ar Rashidiyah
Ar Rishah
Ar Riwaq
Ar Rumaymin
Ar Rumman
Ar Rusayfah
Ar Rusays
Ar Ruwaq
Ar Ruwayhah
Ar Ruwayshid
Arwim
Asfar al Mahattah
Ash Shaghur
Ash Shagur
Ash Shajarah
Ash Shakarah
Ash Shakiriyah
Ash Shammakh
Ash Shawbak
Ash Shaykh Muhammad
Ash Shufatah
Ash Shumaysani
Ash Shunah ash Shamaliyah
Ash Shunah
Ash Shuqayq
Askan al Mina'
Askan Dabbabnah
As Sab`ah
As Sadaqah
As Safi
As Safinah
As Safiyah
As Sakhinah
As Salihi
As Salihiyah
As Salmani
As Salt
As Samik
As Samma
As Samra'
As Samt
As Saqrah
As Sarih
As Sawalihah
As Sawwan
As Silah
As Sil`
As Sillihi
As Simakiyah
As Subayhi
As Sukhnah
As Sulaykhat
As Suq
As Suwaylimah
`Ataruz
Ath Thallajah
Ath Thaniyah
Ath Thughrah
Ath Thughrah
Ath Thukhaynat
`Atruz
At Tafila
At Tafilah
At Tahunah
At Tawil
At Tayyarah
At Tayyibah
At Tayyibah
At Tayyibah
At Tiwal
At Tumay`ah
At Tunayb
At Turkumaniyah
At Turrah
At Tuwaysah
Ausara
`Awajan el Gharbi
Awajan esh Shamali
Awajan esh Sharqi
Awhaydah
`Awjan al Gharbi
`Awjan ash Shamali
`Awjan ash Sharqi
Awsarah
Aydun
`Aymah
`Ayna'
`Ayn al Basha
`Ayn al Hawwarah
Ayn Amoun
`Ayn 'Amun
`Ayn Amun
`Ayn as Safar
`Ayn es Safar
`Ayn Hummar
`Ayn Jana
`Ayn Janna
`Ayn Khunayzir
`Aynun
`Ayy
`Azra
Azraq ad Duruz
Azraq Ashikah
Azraq ash Shishan
Azraq
Azraq Druze
Azraq ed Druz
Azraq ed Duruz
Azraq esh Shishan
Azraq Shishan
`Azrit
Az Zarqa'
Az Zarra`ah
Az Zaytunah
Az Zimaliyah
Az Zubaydiyah
Az Zubayriyah
Az Zumlah
Az Zunayyah
Az Zutt
Bab al Nakb
Bab an Nahb
Bab an Naqb
Bada
Badhan
Badhdhan
Badram
Bahhath
Bahlul
Ba`ij
Ba'ir
Baiyuda
Balad al Basha
Balad al Mansurah
Balad ash Shaykh
Balad el Basha
Balad el Mansura
Balad esh Sheikh
Balad `Ulayyan
Bal`ama
Bal`amah
Balila
Ballas
Baqei` el Qababi`a
Baqura
Barashta
Barazin
Barha
Bariha
Bariqa
Barza
Barzah
Bassa
Basta
Bastah
Batir
Ba`un
Bayir
Bayt al Husayni
Bayt Idis
Bayt Ra's
Bayt Yafa
Bayt Zir`ah
Bayyudah
Bedran
Beit el Huseini
Beit Idis
Beit Râs
Beit Yafa
Beit Zer`a
Beit Zira
Belal
Bel`ama
Beneyat
Berazin
Berze
Bethan
Betir
Beyude
Biddin
Bilal
Bir Abu al `Alaq
Bir Abu Dannah
Bir ad Dabbaghat
Bir at Tafi
Bi'rayn
Birein
Bi'r Hamad
Bir Khidad
Bir Madhkur
Bishra
Breiqa
Bueij
Buneiyat
Buqay` al Qababi`ah
Buqei`
Burayqah
Bureiqa
Burj
Burma
Busayra
Busayrah
Buseira
Bushrá
Butaynah
Buteina
Buweida
Dabab
Dab`ah
Dabka
Dafyana
Damia
Damiya
Dana
Darar
Dat Ras
Dauqara
Dausil
Dawgarah
Dawqarah
Dawr
Dayr Abu Sa`id
Dayr al Kahf
Dayr `Alla
Dayr al Liyat
Dayr as Simadiyah
Dayr as Si`nah
Dayr Waraq
Dayr Yusuf
Deir Abu Sa`id
Deir `Alla
Deir el Kahf
Deir el Khaf
Deir el Leyat
Deir el Liyat
Deir el Liyyat
Deir ell-Leyat
Deir es-Sa`na
Deir es Si`na
Deir es Sumadiya
Deir Waraq
Deir Yusuf
Deleilet el-Hemaide
Deleilet el-Meteirat
Deleiqe
Deneibe
Dhab`a
Dhat Ra""s
Dhiban
Dhira`
Dhuhayba
Dhuhaybah
Dhuhaybah
Dhuheiba
Dhunaybah
Dhuneiba
Diban
Dibbat Hanut
Dibbin
Dilaghah
Dimna
Dirar
Djerash
Doqara
Dulaylat al Hama'idah
Dulaylat al Mutarat
Dulaylat al Mutayrat
Dulayqah
Duleilat el Hamayida
Duleilat el Muterat
Duleilit el Hamayida
Duleilit el Muteirat
Duleiqa
Dusil
Duweikhila
Duweikhila
`Ebbin
`Ebillin
Ed Dabbaka
Ed Dafyana
Ed Dajaniya
Ed Dalabih
Ed Deir
Ed Dimna
Ed Diyara
Ed Duweikhila
Edh Dhira`
Edh Dhra`
Edh Dhuheiba
Eidun
Ein al Basha
El `Abasiya
El `Adasiye
El `Aina
El `Ain
El `Al
El `Aluk
El `Amaqa
El `Ameqe
El `Amiriya
El `Araq
El `Arid
El `Aruda
El Ashrafiya
El `Azziya
El Bahhath
El Bahr
El Baqei`
El Baqura
El-Barha
El Bariha
El Bassa
El Basse
El Behat
El Beqei`
El Boweida
El Buneiyat Janubiah
El Buneiyat North
El Buneiyat Shamaliah
El Buneiyat South
El Buqei
El Burg
El Burj
El Buseira
El Busera
El Buweida
Elchi
El Dajjaniya
El Deheibe
El Demne
El-Doweikhle
El Efranj
El `Emein
El Fakhiya
El Fardhakh
El-Fedein
El Fuheis
El-Ghoweir
El Ghuweir
El-Gi
El Haddada
El Haditha
El Hai
El Halq
El Hamma
El Hamra
El Haqawa
El Harawiyya
El Hashimiya
El Hashimiya el Janubiya
El Hawasiya
El Hawi
El Hummar
El Hummer
El Huseiniya
El Huseiniya
El Husn
El-Hussenia
El Ifran
El Ifranj
El `Ime
El `Irag
El `Iraq
El `Isa
El `Isawiya
El Jad'a
El Jafr
El Jasura
El Jauza
El Jaya
El-Jazzaza
El Jebeihe
El Jedeide
El Jemeil
Elji
El Jirm
El Joweide
El Jubeiha
El Judaiyida
El Jumaiyil
El Juweiyida
El Kafrein
El Kamsha
El-Kamshe
El Karama
El Karamah
El Karameh
El Kefrein
El Kerak
El Kfeir
El Khan
El Kharaj
El Kheraj
El-Khereibe
El Khirba es Samra
El Khureiba
El Khureiba
El Kitta
El-Kitte
El Kufeir
El Kursi
El Lajjun
El-Lejun
El Libban
El Lubban
El Mabrak
El Madrasa
El Madwar
El Maghir
El-Maghir
El Mahatta
El Majdal
El Ma'muniya
El Manashsh
El Manshiya
El Manshiya
El Mansura
El Marraza
El Masarra
El Masharga
El Mastaba
El Mathlutha
El Mazar
El Mazar
El Mazra`a
El Mazra`
El Mazza
El Mebrek
El Mederi
El Mejide
El Mekâwer
El Mekheibe
El Meqablin
El-Mesarra
El-Methluthe
El Mezra`
El Mezre`
El Mintara
El Mi`tan
El Mudari
El 'Mudawwara
El Mudeware
El Mughaiyir
El Mugheirfat
El Mujeibil
El Mujeidil
El Mukeifta
El Mukheiba
El Muqabalein
El Muqari`iya
El Mushaqqar
El Mushaqqer
El Musheirfa
El Musheirfe
El Musheirifa
El Musheirifa
El Musheirife
El Musheirife
El-Ne`aime
El Qa
El-Qaniya
El Qartu`iya
El Qaser
El Qastal
El Qastel
El Qatrana
El-Qeraiyat
El Qihati
El Qisfa
El-Qisfe
El Queijiye
El Qunaiya
El Quneiya
El Quraiyat
El Quwaijiya
El Quweijiya
El Quweira
El Quweisima
El Quweisme
El-Rabahiye
El Rajib
El Rebahiye
El Rebbe
El Remteh
El Reshadiye
El Rumman
El Safie
El Safieh
El Samek
El Selihi
El-Semakiye
El Shaghur
El Shekara
El-Sheqeiq
El Shune
El Shun
El Sukhne
El Tafile
El Teneib
El Thaniya
El Theniya
El Thoghre
El `Umyan
El Yaduda
El Yadude
El Yadud
El Yarut
El Yazidiya
El Yesidiye
El Yezidiye
El Zemaliye
El Zeniya
En Nabi Hud
En-Namata
En Naquba
En Nimra
En Nu`aiyima
En Nu`eima
En Nu`eiyima
En Nuseihi
En Nuweijis
Eriha
Er Rab`a
Er Rabahiya
Er Rabba
Er Radm
Er Rafid
Er Rajib
Er Rajif
Er Rashada
Er Rashadiya
Er Rashayida
Er Refeia
Er Remtha
Er Riwaq
Er Rumeimin
Er Rumman
Er Ruseifa
Er Ruwaq
Er Ruweiha
Esh Shaghur
Esh Shajara
Esh Sheikh Muhammad
Esh Shikara
Esh Shobek
Esh Shufata
Esh Shumeisani
Esh Shuqeiq
Es Sadaqa
Es-Safi
Es Safina
Es Safiye
Es Sahila
Es Sakhina
Es Sakhîneh
Es Salihi
Es Salt
Es Samik
Es Samma
Es Samt
Es Saqra
Es Sarih
Es Sawaliha
Es Sila
Es Sil`
Es Simakiya
Es Sowan
Es Subeihi
Es Sukhna
Es Suq
Es Suwwan
Eth Thallaja
Eth Thaniya
Eth Thanniya
Eth Thughra
Eth-Thughra
Et Tafila
Et Taiyiba
Et Taiyiba
Et Taiyibe
Et Taiyibe
Et Tiwal
Et Tukheinat
Et Tuneib
Et Turkmaniya
Et Turra
Ez Zarra`a
Ez Zimaliya
Ez Zubeidiya
Ez Zumla
Ez Zunaiya
Ez Zutt
Fa`
Faqqu`
Faqu
Fara
Farah
Fardhakh
Fau`ara
Faw`arah
Fayfa
Fayfa'
Feheis
Fifah
Fifi
Finan
Fo`ara
Fuheis
Fuqu`
Gadara
Gader
Gerasa
Gharandal
Gharandal
Gharisa
Gharisah
Ghawr adh Dhira`
Ghereise
Ghuwayr
Ghuweir
Habaka
Hadira
Haditha
Hai
Haiyan el Mushrif
Haiyan el-Roweibed
Haiyan el Ruweibed
Haiyan er Ruweibid el Gharbi
Haiyan er Ruweibid esh Sharqi
Haiyan er Ruweibid
Hakama
Hakamah
Hakema
Halaq ash Shuqayq
Halaq esh Shuqeiq
Halawa
Halawah
Halq
Hamama
Hamamah
Hamamat al `Alamat
Hamamat al `Ushush
Hamamat el `Alamat
Hamamat el `Umush
Hamamat el 'Ushush
Ham
Hamnana
Hamnanah
Hamud
Harima
Harimah
Harta
Hasan el Falah
Hasen el Fellah
Hatem
Hatim
Haufa
Hausha
Hawara
Hawar
Hawfa
Hawfah
Hawi
Hawsha
Hawwara
Hawwarah
Hayyan al Mushrif
Hayyan ar Ruwaybid al Gharbi
Hayyan ar Ruwaybid ash Sharqi
Hayyan ar Ruwaybid
Hayy
Hemud
Hesban
Heshbon
Hisban
Hobras
Hofa
Hosha
Hubras
Hummar
Humûd
Husayn al `Ali al Falah
Husban
Husein el `Ali el Falah
Huseiniya
Husn el Mudawwara
Husn
Huwalah
`Ibbin
Ibdar
Ibder
`Ibillin
Ibsar
Ifranj
Imra`
`Inbah
`Inba
`Inbe
`Ira
`Iraq al Amir
`Iraq el Amir
`Iraq
Irbid
Irhab
`Irjan el Gharbiya
`Irjan esh Sharqiya
`Irjan
Irjan
Irkaym
Irkheim
`Isa
Is`arah
Is`ara
isfir al Mahattah
Isfir el Mahappa
Isfir el Mahatta
Ishtafayna
Ishtafeina
`Is
Iskan Sharikat al Fusfat
Iyl
`Izbat al Bisharat
Izbat el Bisharat
`Izra
`Izrit
Jaba
Jabal ash Shurayyah
Jad`ah
Jad`a
Jad`at al Jubur
Jad`at el Jubur
Jahrah
Jahra'
Jal`ad
Jalul
Janna`ah
Janna`a
Jarash
Jarima
Jarrish
Jauza
Jawa
Jawzah
Jazzaza
Jed`a
Jedeide
Jedeita
Jehra
Jejin
Jejjin
Jel`ad
Jelul
Jenin
Jerasa
Jerash
Jereiba
Jereine
Jiffin
Jijjin
Jilul
Jinin
Jinnin as Safa
Jinnin es Safa
Jisr Damia
Jisr ed Damiye
Jîza
Jize
Johfiya
Joza
Joze
Jubbah
Jubba
Jubeiha
Judaiyida
Judayta
Judayyidah
Judeida
Judeita
Judeitta
Juffayn
Juffein
Juhfiyah
Juhfiya
Juhra
Jumaiyil
Jumayyil
Jumeil
Jumhah
Jumha
Juraybah
Juraynah
Jureiba
Jureina
Jurf ad Darawish
Jurf ed Darawish
Juwayr
Juweir
Juweiyida
Kafr Abil
Kafr ad Durrah
Kafr al Ma'
Kafr `An
Kafr Asad
Kafr `Awan
Kafrein
Kafr Hudah
Kafr Ja""iz
Kafr Khal
Kafr Khall
Kafr Kifiya
Kafr Rahta
Kafr Rakib
Kafr Sawm
Kafr Yuba
Kalaat el Zerka
Kalat el Mafrak
Kamanna
Kaminna
Kamsha
Karak
Karama Camp
Karameh Camp
Kareime
Kassir
Kastal
Kathrabba
Kaun el Hunr
Kawm al Humr
Kefeir Abi Serbut
Kefeir Abu Serbut
Kefeir el Wekhyan
Kefr Abil
Kefrenji
Kefrenjy
Kerak
Keramah
Kereime
Kerkeime
Kersam
Kethrabba
Kethrebba
Kh`ain
Khanasira
Khanâsiri
Khanasre
Khanasry
Khanzîra
Khanzîra
Khanzire
Kharja
Khashm al Qatrah
Khashm el Qatra
Khatlah
Khatla
Khaukha
Khawkhah
Khawkha
Khazmah
Khazma
Kheneizir
Kheraj
Kherja
Kheurbet ed Dabka
Khilda
Khinzirah
Khinzirah
Khirbat Abu al Khass
Khirbat Abu as Sus
Khirbat Abu az Zaytun
Khirbat Abu el Khass
Khirbat Abu es Sus
Khirbat Abu es Zeitun
Khirbat Abu Hadid
Khirbat Abu Hamid
Khirbat Abu Hamid
Khirbat `Abun
Khirbat `Abur
Khirbat ad Duqmussah
Khirbat `Afana
Khirbat `Afna
Khirbat `Ai
Khirbat `Ain
Khirbat `Aiy
Khirbat Aiyub
Khirbat Akeidir
Khirbat al Adyirah
Khirbat al Bayda'
Khirbat al Birah
Khirbat al Haddadah
Khirbat al Hammah
Khirbat al Hawi
Khirbat al Husayniyat
Khirbat al `Is
Khirbat al Kawm
Khirbat al Mudari
Khirbat al Mudawwarah
Khirbat al Murayghah
Khirbat al `Unnab
Khirbat al Wahadinah
Khirbat `Ammuriya
Khirbat ar Ruqqah
Khirbat ar Rusayfah
Khirbat `Asfur
Khirbat ash Shawahid
Khirbat ash Shaykh Husayn
Khirbat ash Shaykh Muhammad
Khirbat ash Shaykh `Ulayyan
Khirbat ash Shubbak
Khirbat ash Shunah
Khirbat as Sab`ah
Khirbat `Assaf
Khirbat as Sahilah
Khirbat as Sakhinah
Khirbat as Salus
Khirbat as Samra'
Khirbat as Sawwan
Khirbat as Suwaylimah
Khirbat as Suwayrat
Khirbat at Tayyarah
Khirbat `Ayn
Khirbat Ayyub
Khirbat az Zarra`ah
Khirbat Badran
Khirbat Bi'rayn
Khirbat Birein
Khirbat Butaynah
Khirbat Buteina
Khirbat Dayr al Kahf
Khirbat Deir el Kahf
Khirbat ed-Deleilât el-Gharbîyeh
Khirbat ed Duqmussa
Khirbat el Adyira
Khirbat el `Al
Khirbat el `Azidiyeh
Khirbat el Beida
Khirbat el Bira
Khirbat el Bisharat
Khirbat el Fakhra
Khirbat el Haddada
Khirbat el Hamma
Khirbat el Hawi
Khirbat el Huseiniyat
Khirbat el `Innab
Khirbat el `Is
Khirbat el Kaum
Khirbat el Kufeir
Khirbat el-Kursi
Khirbat el Mudari
Khirbat el Mudawwara
Khirbat el Mureigha
Khirbat el-Suq
Khirbat el Wahâdina
Khirbat el Wahadne
Khirbat el Yazidiya
Khirbat er Râjef
Khirbat er Ruqqa
Khirbat er Ruseifa
Khirbat esh Shawahid
Khirbat esh Sheikh Husein
Khirbat esh Sheikh Muhammad
Khirbat esh Shubbak
Khirbat esh Shuma
Khirbat esh Shuna
Khirbat es Sab`a
Khirbat es Sahila
Khirbat es Sakhina
Khirbat es Salus
Khirbat es Samra
Khirbat es Samra
Khirbat es Suq
Khirbat et Taiyara
Khirbat et Tayyarah
Khirbat et Tiyyara
Khirbat ez Zarra'a
Khirbat Falha
Khirbat Hazzar
Khirbat Huwayshan
Khirbat Huweishan
Khirbat Ibsar
Khirbat Jaba
Khirbat Jauza
Khirbat Juraybah
Khirbat Jureiba
Khirbat Khatlah
Khirbat Khatla
Khirbat Khaw
Khirbat Khaww
Khirbat Majadil
Khirbat Majdalayn
Khirbat Majdalein
Khirbat Makhul
Khirbat Marqa`ah
Khirbat Marqa`a
Khirbat Maysarah
Khirbat Meisara
Khirbat Mihna
Khirbat Mirqa`a
Khirbat Najdah
Khirbat Nijda
Khirbat Ra""s al Madinah
Khirbat Ras el Madina
Khirbat Rukhaym
Khirbat Rukheim
Khirbat Sakayin
Khirbat Sarabis
Khirbat Sha`tha
Khirbat Shaykh `Ulayyan
Khirbat Sheikh Husein
Khirbat Sheikh `Ilaiyan
Khirbat Sheikh Muhammad
Khirbat Sheikh `Ulaiyan
Khirbat Shihan
Khirbat Shin
Khirbat Shuna
Khirbat Sin`ar
Khirbat Siran
Khirbat Suweilma
Khirbat Suweirat
Khirbat Tha`la'
Khirbat Ukaydir
Khirbat Um el Qanafid
Khirbat Um en Namil
Khirbat Um en Naml
Khirbat Um es Sirab
Khirbat Umm an Naml
Khirbat Umm Rummanah
Khirbat Umm Rummanah
Khirbat Um Rummana
Khirbat Um Rummana
Khirbat `Usaym
Khirbat `Useim
Khirbat `Usfur
Khirbet el Mureigha
Khirbet el Samra
Khirbet esh Shawahid
Khirbet es Samra
Khirbet Sheikh `Ilaiyan
Khirbet Sheikh Mohammad
Khunayzir
Khuneizir
Khuraybat as Suq
Khurbet el Samra
Khureiba
Khureiba
Khureibat es Suq
Kir Moab
Kitim
Kitta
Kufayr Abu Sarbut
Kufayr al Wakhyan
Kufayrat Abu Khinan
Kufeir Abi Sarbut
Kufeir Abu Sarbut
Kufeirat Abu Khinan el Sharqi
Kufeirat Abu Khinan
Kufeir el Wakhyan
Kufeir
Kufier Abu Sarbut
Kufr Abîl
Kufr Alma
Kufr `An
Kufr Asad
Kufr as Sawm
Kufr `Awan
Kufr ed Durra
Kufr el Ma
Kufr Esad
Kufr Huda
Kufr Hude
Kufrinjah
Kufrinja
Kufrinje
Kufrinji
Kufr Jayez
Kufr Jayiz
Kufr Kefia
Kufr Khal
Kufr Khall
Kufr Kifiya
Kufr Kifya
Kufr Rahta
Kufr Rakib
Kufr Saum
Kufr Som
Kufr Yuba
Kufr Yubay
Kuraiyima
Kuraymah
Kurayyimah
Kureima
Kureiyima
Kurkumah
Kurkuma
Kursi
La`ban
Lahzah
Lajjum
Lajjun
Le'ban
Ma`ad
Ma`ain
Ma`an
Machaerus
Madaba
Madeba
Madjala
Mafraq
Mahas
Mahattat Abu Jirdhan
Mahattat Abu Jurdhan
Mahattat al Hafif
Mahattat al Jufur
Mahattat al Jurdhanah
Mahattat el Hafif
Mahattat el Jufur
Mahayy
Maheiy
Mahis
Ma`in
Majadil
Majdala
Majdalin
Majdal
Majdolin
Majdulin
Majra
Makawir
Makhraba
Makhul
Malka
Malqá
Mandah
Manja
Manshiya
Manshiya
Ma`on
Maqdis wa Umm as Sawwan
Marhaba
Markah
Marka
Marqa`ah
Maru
Marw
Mashru` Tawtin al Badu
Mastaba
Mathlutha
Mauta
Mazar Abu `Ubaydah
Mazar Abu `Ubeida
Mazâr
Mazâr
Mazra`at el Mukheiba
Mazra`
Meddin
Medeba
Medwar
Mehna
Meideva
Meisara
Mejdela
Mejra
Mekawer
Meleih
Melka
Mendah
Menja
Mereijmet Ibn Hamed
Merwed
Mezar Abu `Obeide
Mezraa
Mezra
Middein
Middin
Midwar
Mihna
Mihna
Miqible
Miqt
Mirwad
Mirwid
Mi`tan
Mobis
Mosheirfa
Mota
Mote
Mu`addi
Mubis
Mudari
Mudawwara
Mughaiyir
Mughaiyir
Mughayyir
Muhai
Muhammad Salih
Muhay
Muhayy
Mujeida
Mujeidil
Mukawir
Mukes
Mukheiba
Mukus
Mulayh
Muleih
Mumeya
Mumiya'
Mumya
Munayshir
Muqabaleim
Muqbilah
Muqbila
Murayjimat Ibn Hamid
Mureijimat Ibn Hamid
Mursi`
Mushayrifah ash Sharqiyah
Mushayrifah
Mushayrifah
Musheirfa esh Sharqiya
Musheirifa
Mu'tah
Nabi Hûd
Nadirah
Nadira
Nafi`
Naharayim
Nahareyim
Nahlah
Nahla
Najdah
Najl
Natfe
Natifah
Natifa
Natl
Na`ur
Nebi Hud
Netel
Nijil
Niji
Nitil
Nu`aiyima
Nuweijis
Nweijis
Petra
Philadelphia
Qafqafa
Qal`at al Mafraq
Qal`at az Zarqa'
Qal`at el `Aqaba
Qal`at el Mafraq
Qal`at ez Zerqa
Qalla`at
Qam
Qaraqoush
Qaraqush
Qarayn
Qaryat al Manshiyah
Qaryat el Jureina
Qaryat Falhah
Qaryat Falha
Qaryat Sama
Qaryat Umm al Khirwa`
Qaryat Umm al Lu'lu'
Qasr al Hallabat
Qasr el Hallabat
Qasr
Qatar
Qatrani
Qeraiyet Falha
Qeraiyet Falhe
Qila`at
Qir Moav
Qisfa
Qrayet Nafi`
Qrayet Salem
Qubur `Abd Allah
Qubur 'Abdalla
Qufayqif
Qulay`at
Qulei`at
Qumaym
Qumeim
Quraiyât
Quraymah
Qurayyat Falhah
Qurayyat Nafi`
Qurayyat Salim
Qurein
Qureiyat Nafi`
Qureiyat Salim
Rabbah
Rabba`
Rabba
Rabbath Ammon
Rafîd
Rahab
Rahmah
Rajeb
Rajîb
Rajif
Rakin
Ramm
Ramoth Gil`ad
Ramtha
Ras an Nagg
Ra's an Naqb
Ras-el-Nagb
Ras en Naab
Ras en Nagb
Ra's en Naqeb
Rashada
Rashadiyah
Rashadiya
Rasun
Rawdat al Amir Rashid
Raymun
Rehaba
Reimun
Rejeim Selim
Remeimin
Reseife
Rihaba
Rihab
Rimon
Ru'aysat al Khalidi
Rujaym Salim
Rujeim Salim
Rujeim Selim
Rujm al `Alandah
Rujm `Alenda
Rujm al Hawi
Rujm al Midmar
Rujm ash Shami
Rujm ash Shara'irah
Rujm as Sab`
Rujm as Sakhri
Rujm el `Alanda
Rujm el Hawi
Rujm el Midhmar
Rujm el-Sekheri
Rujm el Shami
Rujm esh Shami
Rujm esh Sharayira
Rujm es Sakhri
Rujm Maghghiha
Rujm Maghghijhah
Rujm Sabi
Rujm Sab`
Rujm Um `Alanda
Rujm Umm `Alandah
Rukheim
Rumaymin
Rumeimîn
Rumman
Rum
Ruseifa
Ruwath
Ruwaym
Ruweim
Ruweisat el Khaldi
Sabhah
Sabha
Sabir
Sab` Siyar
Sadaqah
Safa
Safi
Safut
Saha Abu Jabir
Sahab
Saham
Sahat Abu Jabir
Saidur
Saka
Sakayin
Sakhrah
Sakhra
Sakib
Sakka
Salihi
Sal
Salt
Samad
Samara
Samar
Sama
Samik
Samma
Sammeh
Sammu`
Samra
Samra'
Samt
Samu
Sarara
Sarih
Sarra
Sarrut
Saum
Sawm
Saydur
Sayl Ray`a
Sebehi
Sehab
Seidur
Sekka
Sela`
Seleikhat
Semera
Serfe
Shaghur
Shajarah
Shajara
Shamakh
Shammakh
Shaqirah al Gharbiyah
Shatana
Shaubak Fort
Shaubak
Shawbak Fort
Shayzum
Sheikh Muhammad
Shikara
Shin
Shobek
Shuna al Janubiya
Shuna esh Shamaliya
Shuna Janubiya
Shuna Shamaliya
Shûna
Shunat Ibn `Adwan
Shunat Nimrin
Shunet Nimrin
Shuqayra ash Sharqiyah
Shuqayra'
Shuqeiq
Shuqeira
Sihah
Sihan
Sih Duhaiyim
Sih Duhayyim
Simakiyah
Simâkîya
Sinfahah
Sinfaha
Sinifhah
Sinifha
Sirfah
Sirfa
Somia
Som
Soweilima
Soweilma
Subayrah
Subeihi
Subeirra
Subhiyah
Subhiya
Sufah
Sufa
Sufe
Suf
Sukhna
Sulaykhat
Sulayman an Nasir
Suleikhat
Suleiman en Naser
Suleiman en Nasir
Sul
Sumaiya
Sumayyah
Sumia
Sumiya
Surrah
Surra
Suwaylih
Suwaylimah
Suwaymah
Suwaymih
Suwaymirah
Suweile
Suweilih
Suweilima
Suweima
Suwwan
Sweileh
Sweime
Tabaqat Fahl
Tabarbaur
Tabarbawr
Taba
Tab Kera`
Tab Kira`
Tab Qira`
Tafila
Tafileh
Tafile
Taibe
Taiyiba
Taiyiba
Tal`at ar Ruzz
Tal`at er Ruz
Tall al Khalifah
Tall al Mistah
Tall ar Ramah
Tall Burma
Tall Musa
Tasan
Tayyibah
Tebarbur
Tela"" el-""Ali
Tela` el `Aly
Tell el Mistah
Tell er Rama
Tell Musa
Tel Or
Thanîya
Thughrat al Jubb
Thughrat el Jubb
Thughra
Tibnah
Tibna
Tibne
Tibni
Tila` al `Ali
Tila` el `Ali
Tofel
Tombs of Abdullah
Tophel
Tufailah
Tuneib
Tuqbul
Tuqbut
Turra
Tutun
Um Buteima
Um ed Dajaj
Um ed Dananir
Um el `Amad
Um el `Amed
Um el Burak
Um el Denanir
Um el Hanafish
Um el Jurein
Um el Khanazir
Um el Kharwa`
Um el Khenazir
Um el Khirwa`
Um el Kundum
Um el Lulu
Um el Manabi`
Um el Na`am
Um el Qanafed
Um el Qanafid
Um el Qanatid
Um el Quttein
Um el Resas
Um el Semmaq
Um el-Summaq
Um el Usud
Um en Na`am
Um er Risas
Um es Sarab
Um es Summaq
Um es Surab
Um Hamat
Um Hemat
Um Jauza
Um Jereisat
Um Joze
Um Kharruba
Um Kharwa
Umm ad Dajaj
Umm ad Dananir
Umm al `Amad
Umm al Birak
Umm al Burak
Umm al Hanafish
Umm al Jurayn
Umm al Khanazir
Umm al Khirwa`
Umm al Kundum
Umm al Lu'lu'
Umm al Manabi`
Umm al Qanafidh
Umm al Qittayn
Umm al Usud
Umm an Na`am
Umm an Naml
Umm ar Rakhm
Umm ar Rasas
Umm as Summaq
Umm as Surab
Umm Butaymah
Umm el `Amad
Umm el Hanafish
Umm el Quttein
Umm er Risas
Umm Hamat
Umm Jawzah
Umm Juraysat
Umm Jureisat
Umm Kharrubah
Umm Kharwa
Umm Mathla
Umm Nuwarah
Umm Nuwwarah
Umm Qantarah
Umm Qasir
Umm Qays
Umm Qeis
Umm Qusayr
Umm Quseir
Umm Rummanah
Umm Rummanah
Umm Rummana
Umm Rummâneh
Umm Sarab
Umm Sawwanah
Umm Sawwanah
Umm Sayhun
Umm Shajara
Umm Shejeirât el Gharbîyeh
Umm Shujayrah al Gharbiyah
Umm Shujeirat el Jama'in
Umm Tall
Umm Zaba'ir
Umm Zu`rurah
Umm Zuwaytinah
Um Noware
Um Nuwwara
Um Qantara
Um Qantera
Um Qeis
Um Qseir
Um Quseir
Um Rummana
Um Rummana
Um Rummane
Um Rummane
Um Shojeira al Gharbiye
Um Shojeire el Gharbiye
Um Shujeira el Gharbiya
Um Suwwana
Um Suwwana
Um Tell
`Umyan
Um Zabayir
Um Zebayer
Um Zeweitina
Um Zuweitina
`Unayzah
`Urjan al Gharbiyah
`Urjan ash Sharqiyah
`Uyun adh Dhi'b
`Uyun edh Dhib
Wadi as Sir
Wadi es Sir
Wadi Musa
Wadi Sararah
Wadi Sir
Wakkas
Waqqas
Yâduda
Yajuz
Yarqa
Yarut
Yerqa
Yubla
Zaba'ir `Udwan
Zabayir `Adwan
Zabdah
Zabda
Zahar
Zahhum
Zahum
Zamalia
Zarqa'
Zebayir `Adwan
Zemaliye
Zemal
Zerka
Zibdah
Zimal
Ziza
Zubia
Zubiya
Zuhiqah
Zumaliya
Zumlat ad Dibs
Zumlat ed Dibs
Zuwayrah
Zuwayza
Zuweiza
Zweiza
