Abarat
Abarati
Abarot
Achivwa
Ada
Adda
Adu
Ahero
Ainamoi
Ainemoi
Aisere
Ajao
Akala
Akelo's Village
Alangarua
Amakura
Ambira
Amboseli
Amimos
Amu
Amukara
Amukura
Anasa
Andiwo's Village
Aneko
Angara Naado
Angata Naado
Anglogitat
Angorangora
Anio
Ankish
Anyieka
Arabia
Arabuko
Archers Post
Arda Dadaja
Ariti
Arosen
Arwos
Asa
Asawo
Asembo
Ashuwei
Assa
Assawa
Athi
Athinai
Athi New Bridge
Athi River
Awach Tende
Awasi
Awino
Awundo's Village
Ayugis
Bahadale
Bahati
Bahati Settlement
Bajumali
Bajumwali
Balguda
Bamba
Bamburi
Banda Ra Salama
Bandari
Bandari La Salaama
Bandari la Salama
Bandari Ra Salama
Banga
Bania
Banissa
Banya
Baomo
Baragoi
Baragoli
Baragulu
Bara Hoyo
Barane
Barani
Barata
Barchuma Guda
Bargoni
Baricho
Baricho
Barigito
Barigoni
Baringo
Barisho
Barkowino
Bar Olengo
Baroseno
Bartabwa
Bartimaro
Bartolimo
Barwesa
Barwessa
Bata
Batani
Baure
Bavigito
Baymo
Bazo
Belewa
Belle Vue
Benane
Bengoni
Benhard Estate
Bernhard Estate
Berti Finno
Besil
Bibitoli
Bili
Biretwo
Birithia
Bisil
Bissel
Bodhei
Bofu
Bohoni
Bokoni
Bole
Boma
Bomala
Bomani
Boma Upande
Bomburia
Bomet
Bondo
Bongonoko
Bonyunyu
Bora Imani
Borobini
Boro
Broderick Falls
Bubesa
Buholo
Buji Albati
Bujwane
Bukangasi
Bukatwavi
Bukoma
Bulbul
Bulemia
Bulungo
Bulwani
Bumala
Bumburia
Bumudondo
Bunaba
Buna
Bungoma
Bungule
Bunyala
Bunyore
Bunyunya
Bura
Burgich
Burji
Burji Manyatta
Bur Mayo
Burti Fino
Busa
Busho
Busia
Busike
Busonga
Bute Helu
Butelu
Butere
Butsotse
Butsotso
Buttelu
Bwaga Cheti
Bwaga Macho
Bwagamoyo
Campi ya Bibi
Ceronge
Chabia
Chala
Chamagel
Chamasiri
Chamwanamuma
Chanani
Changamatak
Changamwe
Chathoro
Chathuru
Chawia
Chebara
Cheberen
Cheberia
Chebiemit
Cheboin
Chegeini
Chehe
Chelebe
Chelelemuk
Chemagal
Chemagel
Chemaner
Chemasiri
Chematu
Chemogoch
Chemoigut
Chemosiet
Chemosit
Chemosot
Chemosusu
Chemuswa
Chemuswo
Chenani
Chengo
Chengoni
Chepareria
Chepkesin
Chepkorio
Chepkum
Cheptonge
Chepunyal
Cheronge
Chesakaki
Chesoi
Chevani
Chewani
Chewele
Chiananda
Chiba
Chidutani
Chieko
Chiffiri
Chifiri
Chingwede
Chiokarige
Chiromo
Chirte Hiyasa
Chirte Hiyesa
Choba
Choke
Chomboni
Chomo
Chonye
Chonyi
Chororget
Chui
Chuka
Chura
City Estate
Clema Dui
Cokereria
Colbio
Daba
Dabel
Dabida
Dad Dogh
Dagamra
Dagoretti Corner
Dagoretti
Dakacha
Dakatcha
Dakawachu
Dambale
Dandora
Darajani
Darasha ya Mawe
Dardesa
Dar es Salaam
Dawsonville
Debani
Dembwa
Denge
Dhika
Dianga
Dida
Dida Waredi
Difatha
Dif
Digira
Digo
Dindiri
Dobel
Dodori
Dol Dol
Dololo
Don Dol
Dondori
Dondueni
Doonholm
Dowsonville
Dudi
Dueadera
Duldul
Dulukiza
Dumi
Dundani
Dundori
Dungicha
Duruma
Dwa
Dzirive
Dzitsuhe
Eastleigh
Eburemia
Ebusonga
Egge
Eil Wak
Ekarakara
Ekaru
Elaa
Ela
Elangata Wuas
El Ben
Elbulbul
Elburgon
Eldama
Eldama Ravine
El Dera
Eldoret
Elisha
El Jera
Elmenteita
El Sadi
El Wak
Emali
Emasatsi
Embakasi
Embu
Emdin
Emening
Emining
Emmaloba
Empakasi
Ena
Enangiperi
Endarasha
Endebess
Enguli
Enkorika
Entasekera
Entesekera
Entontol
Enzai
Eoret Narasha
Esageri
Escarpment
Fafsula
Fanjua
Faza
Figini
Finno
Fitina
Fort Hall
Fort Harrington
Fort Ternan
Frere Town
Fundi Isa
Fundisa
Fundisa Kibaoni
Funi Dela
Funi
Funzi
Furaha
Furaka
Gacarage
Gacaraigu
Gacharage
Gacharageini
Gacharaigu
Gacharu
Gachatha
Gachege
Gachichi
Gachie
Gachika
Gachirero
Gachocho
Gachoiri
Gachoka
Gachugi
Gachuku
Gacogu
Gacoiri
Gacuku
Gaichanjiro
Gaichanjiru
Gaikundo
Gaikuyu
Gaitega
Gaithece
Gaithege
Gakanga
Gakarara
Gakee
Gakira
Gakoe
Gakoi
Gakui
Gakuo
Gakurue
Gakuruwe
Gakurwe
Gakuu
Gakuyu
Gakwegore
Galafahi
Galamani
Galanema
Galimani
Galole
Galu
Ganda
Gandini
Ganze
Ganzi
Ganzoni
Garashi
Garba
Garba Tula
Gariba
Garissa
Garsen
Gasi
Gatakaini
Gatakani
Gatamaiy
Gatamaiyu
Gatamayu
Gatanga
Gatangara
Gatare
Gategi
Gatei
Gateiguru
Gathage
Gathagi
Gathairu
Gathaithi
Gathambi
Gathanga
Gathangwi
Gathanje
Gathanji
Gatharaini
Gathegia
Gathehu
Gathera
Gatheru
Gathiga
Gathigio
Gathigiriri
Gathima
Gathinga
Gathinja
Gathiriga
Gathiru
Gathiruini
Gathithina
Gathuga
Gathugu
Gathukiini
Gathumbi
Gathundia
Gathungururu
Gathuthi
Gathuthuma
Gatiabai
Gatiaini
Gatiani
Gatiguru
Gatimu
Gatina
Gatissa
Gatithi
Gatitu B
Gatitu
Gatuanibu
Gatugi One
Gatugi Two
Gatukuyu
Gatumbi
Gatumbiro
Gatumbiru
Gatundori
Gatundu
Gatunduri
Gatunga
Gatunganga
Gatunguru
Gatura
Gaturi
Gaturiri
Gatuto
Gatuya
Gatuyaini
Gatwamba
Gatwe
Gaze
Gazi
Gede
Gedi
Geitwa
Gekandu
Gekondi
Gekuuri
Gethemu
Ghalamani
Giachamwengi
Giachumi
Giagatika
Giagithu
Giaitu
Giakaibii
Giakibii
Giathenge
Giathieko
Giathugu One
Giathugu Two
Gichage
Gichagiini
Gicharani
Gicheha
Gichera
Gicheru
Gichiche
Gichiengo
Gichira
Gichocho
Gichongo
Gichoto
Gichugu
Gichuru
Gifyonzo
Gihigaini
Gikambura
Gikandu
Gikarmora
Gikaru
Gikigie
Gikoe
Gikoi
Gikomora
Gikondi
Gikui
Gikunguru
Gikure
Gikuu
Gikuyu
Gilgil
Gilgil
Giriama
Giriftu
Gitare
Gitaro
Gitaru
Gitathi-ini
Gitembe
Gitero
Githagara
Githagoya
Githakwa
Githamba
Githambo
Githanga
Githega
Githembe
Githerere
Githerioni
Githiga A
Githiga B
Githiga
Githigui
Githima
Githinga B
Githioro
Githioroni
Githirioni
Githiru
Githoito
Githugi
Githumu
Githunguri
Githunguri
Githunguru
Githuri
Githuva
Githuya
Gitige
Gitiha
Gitithia
Gititu
Gitombo
Gituamba
Gituandaga
Gituge
Gitugi
Gitugu
Gitui
Gitumbi
Gitura
Gituru
Gituto
Gitwamba
Gitwe
Gitweku
Godoma
Godona
God's Hill
Gogoni
Golbanti
Golbanti Mission
Golini
Golo
Gongoni
Gonja
Goroba
Gors
Goshi
Gotani
Gubani
Gulanzi
Gura Gura
Gutini
Gutu
Habaswein
Habul
Hadu
Haluabagala
Haluabagalla
Handampia
Handarako
Handege
Hara Hurile
Harambee
Haridfi
Haruru
Hatha-ini
Heho
Heni Village
Hewani
Hidio
Hidiyo
Highridge
Higlet
Hindi
Hithe
Hoeys Bridge
Hola
Homa Bay
Homa
Homa Lime Kowuor
Homa Line Owurs
Huguini
Huhoini
Huho-ini
Huhu-ini
Hunters Tree
Ianzoni
Icaci
Icaciri
Icagiciru
Ichachiri
Ichagak
Ichagaki
Ichagichiru
Ichamara
Ichichi
Idokho
Idsowe
Igikiro
Igria
Ihigaini
Ihinga
Ihithe
Ihua
Ihuririo
Ihururu
Ihurururu
Ihwagi
Iiuni
Ijara
Ikalaasa
Ikanga
Ikarakara
Ikinu
Ikonge
Ikoo
Ikuma
Ikumbi
Ikundu
Ikutha
Ilassit
Ilbisil
Ildarakwa
Ildolidol
Ilkabere
Ilpartimaro
Ilyagaleni
Imale
Iminuet
Ina
Ingile
Ingille
Inyokoni
Irangi
Iregi
Iriguini
Iruri
Ishiara
Isiolo
Issa
Issas
Isuvya
Itaga
Itetani
Ithaithi
Ithanji
Ithareni
Ithekahuno
Ithemboni
Ithenguri
Itheru
Ithirameru
Ithoku
Ithumba
Itiati
Itugururu
Itundu
Ituru
Iuani
Iyego
Jaba Dimtu
Jaleny
Jaleny's Village
Jambe
Jambole
Jamhuri Park
Jamji
Janoni
Jarabuni
Jarabunyi
Jara
Jara Melka
Jaribuni
Jego
Jera
Jeure
Jeuri
Jila
Jilore
Jilore Suore
Jipe
Jiweni
Jomvu
Jora
Josephs
Juga
Juja
Jumba la Mtwana
Jumvu
Junda
Junja
Junju
Kaaga
Kaagogi
Kaani
Kaathene
Kabae
Kabage
Kabaldamet
Kabaloamet
Kabara
Kabare
Kabarnet
Kabartonjo
Kabartonjo Mission
Kabaru
Kabati
Kabati
Kabebero
Kabete
Kabetwa
Kabiboni
Kabieni
Kabimoi
Kabisaga
Kabiyet
Kabluk
Kabochu
Kabola
Kabondo
Kabonge
Kabonge
Kabuku
Kabungwa
Kabuti
Kacheliba
Kadenge
Kadengi
Kadimu
Kadzeweni
Kadzinuni
Kaembekaesha
Kagaa
Kagaare
Kagaari
Kaganda
Kagarii
Kagarumo
Kagere
Kagicha
Kagioini
Kagio
Kagira
Kagondo
Kagondu
Kagongo
Kagonye
Kagumaini
Kagumoini
Kagumo
Kagundo
Kagunduine
Kagundu-ini
Kagunduini
Kagundu
Kagurumo
Kaguthi
Kagwathi
Kagwe
Kagwongo
Kahaaro
Kahaini
Kahara
Kaharati
Kaharo
Kahawa
Kahigaini
Kahiga
Kahithe
Kahuguini
Kahuhia
Kahuho
Kahunguini
Kahuro
Kahuti
Kaiboi
Kailembwa
Kaimba
Kaimu
Kairi Ka Igamba
Kairi
Kairo
Kairori
Kairuri
Kairuthi
Kaitheri
Kaitui
Kaituiy
Kaiyaba
Kajiado
Kajinga
Kajire
Kakalia
Kakamega
Kakangani
Kakomani
Kakoneni
Kakuma
Kakunike
Kakunio
Kakuyuni
Kakya
Kalaluwe
Kalamba
Kalandini
Kalasa
Kalawa
Kalawa Market
Kalema
Kalemma
Kalii
Kali
Kalimbui
Kalimoni
Kalitini
Kalivu
Kaloleni
Kaloleni
Kalota
Kalulini
Kaluluini
Kalundu
Kamacharia
Kamae
Kamaende
Kamahia
Kamakoiwa
Kamakuywa
Kamale
Kamamut
Kamando
Kamandura
Kamarabuyon
Kamarr
Kamathuri
Kamatu
Kambaa
Kambara
Kamberua
Kambi ya Munyu
Kambu
Kamburu
Kameichiri
Kamira
Kamirithu
Kamisinga
Kamleza
Kamnunguuawa
Kamokabi
Kamondo
Kampi ya Bibi
Kampi ya Bibi
Kampi-Ya-Chumvi
Kampi Ya Juu
Kampi ya Kerengenzi
Kampi ya Kerenzeni
Kampi ya Njemi
Kampi Ya Samaki
Kampi Ya Sheikh Omar
Kamucege
Kamuchege
Kamuchoni
Kamudi
Kamuga
Kamugeno
Kamuguga
Kamuiru
Kamukabi
Kamulu
Kamune
Kamunga
Kamungu
Kamunguuawa
Kamunyaka
Kamunyuini
Kamusinga
Kamuthwa
Kamuyu
Kamwangi
Kamwaura
Kamwenja
Kamweti
Kandara
Kandegenye
Kandogo
Kandolo
Kandongo
Kandongu
Kangai
Kangaita
Kangare
Kangaru
Kangaru
Kangema
Kangenga
Kangeta
Kangethia
Kangocho
Kango
Kangongo
Kangoru
Kangoya
Kangundo
Kangundu
Kangunyi
Kangure
Kaningo
Kanjai
Kanja
Kanjonja
Kanjora
Kanjuki
Kanjuku
Kanunga
Kanvenyeni
Kanyama
Kanyanyeni
Kanyariri
Kanyarkwat
Kanyekine
Kanyekini
Kanyenyeini
Kanyinya
Kanyongo
Kanyongon
Kanyoni
Kanyore
Kanyuambora
Kanyuira
Kanywambora
Kaongo
Kapchebelei
Kapchebelel
Kapchepkor
Kapchorewe
Kapedo
Kapenguria
Kapivet
Kapiyet
Kapkaim
Kapkalelwa
Kapkiam
Kap-Nguria
Kapsabet
Kapsakwany
Kapsakwony
Kapsamonget
Kapsaos
Kap Sarok
Kapsaus
Kapsoit
Kapsowar
Kapsuser
Kapsuserr
Kaptama
Kaptarakwa
Kapteren
Kaption
Kaptumo
Kapturwo
Kapuset
Karaba
Karaba Special Camp
Karadolo
Karaine
Karangi
Karatina
Karawa
Karembu
Karenge
Karere
Karero
Kareti
Kargi
Kariaini
Karia
Kariani
Kariara
Kariguini
Kariko
Kariku
Karima
Karimamwaro
Karimani
Karingaini
Karinga
Karingare
Karingari
Kariobangi
Kariobangi South
Karirau
Kariru
Karisa
Kariua
Kariura
Kariuwa
Karmale
Karogoto
Karpeddo
Karpedo
Karrira
Karua
Karuamgi
Karuari
Karugia
Karugutu
Karugya
Karuiro
Karumandi
Karuna
Karundu
Karunga
Karunga
Karunge
Karungu
Karungu Station
Karura Kanyungu
Karura
Karura
Karuri
Karuriri
Karuris
Karuruma
Karurumo
Karurumo
Karurumu
Karuru One
Karuru Two
Karweti
Kasafari
Kasaini
Kasala
Kasei
Kashani
Kasidi
Kasikeu
Kasikiu
Kasilia
Kasiokoni
Kasioni
Kasisit
Kassarani
Katalembo
Katelembu
Katene
Kathaiya
Kathaiyia
Kathangarari
Kathangare
Kathangari
Kathangariri
Kathanjure
Kathari
Katheka
Kathekani
Kathenaugi
Kathenaugu
Kathera
Kathugu
Kathukeini
Kathukeni
Kathungu
Kathungure
Katothia
Katulani
Katulye
Kaufumbani
Kau
Kaumoni
Kauro
Kavote
Kavuluni
Kavyongo
Kawanjaro
Kawelu
Kaweru
Kayafungo
Kayafungu
Kazakini
Kazoli
Kebeneti
Kebenet
Kebetwa
Kedong
Kedowa
Kegaa
Keiria
Kendu Bay
Kendu
Kenegut
Kenplains
Kenze
Keplains
Kereita
Kericho
Kericho
Kerichwa Kubwa
Kerie
Keringet
Kerisa
Kerita
Keroka
Kerugoya
Keruguya
Kerundu
Keruri
Kesanguri
Kevanda
Kevote
Khirgil
Kholera
Kholokhongo
Khorof Harar
Kiaga
Kiaguthu
Kiahitie
Kiahiti
Kiahuria
Kiairathe
Kiairia
Kiakanyinga
Kiamabara
Kiamaina
Kiamara
Kiamariga
Kiamathambo
Kiamatogo
Kiamatugu
Kiambaa
Kiambere
Kiambu
Kiambururu
Kiambuthia
Kiambuu
Kiamuchege
Kiamucheru
Kiamurathe
Kiamuringa
Kiamuthambi
Kiamutugu
Kiamuturi
Kiamuya
Kiamwangi
Kiamwathi
Kiamwenja
Kiamwenji
Kiamworia
Kiandai
Kianderi
Kiandieri
Kiandongoro
Kiandu
Kiandumu
Kiangai
Kianganda
Kiangararu
Kiangima
Kiangochi
Kiangoma
Kianguenyi
Kiangungi
Kiangunyi
Kiangwe
Kiangwenyi
Kianiai
Kianiokoma
Kianjai
Kianjege
Kianjiru
Kianjogu
Kianjuki
Kianyaga
Kianyagga
Kiarakongo
Kiaria
Kiaritha
Kiarukungu
Kiarutara
Kiarwara
Kiatineni
Kiawaithanji
Kiawambeu
Kiawambogo
Kiawamurathe
Kiawamururu
Kiawanjugu
Kiawanugu
Kiawarigi
Kibandaongo
Kibanguini
Kibanta
Kibaoni
Kibarani
Kibaya
Kibebetiet
Kibera
Kibera Special Settlement Area
Kiberengi
Kibigori
Kibingo
Kibingor
Kibingoti
Kibirigwi
Kibirikani
Kibiriraini
Kibogi
Kibogo
Kiboi
Kibokoni
Kibos
Kibugu
Kibuguni
Kibugwa
Kiburu
Kibusu
Kibutha
Kibutio
Kibuyu
Kibwezi
Kichangalaweni
Kicio
Kidaya
Kidimu
Kidomaya
Kidono
Kiduluni
Kiduruni
Kidutani
Kidzumo
Kidzumu
Kiembekesha
Kieni
Kienyagga
Kifumbu
Kigaa
Kigala
Kiganio
Kiganjo
Kigato
Kigio
Kigogo-ini
Kigombero
Kigomberu
Kigombo
Kigongo
Kigoro
Kigumo
Kigumo
Kihancha
Kihara
Kihatha
Kihingo
Kihnjogu
Kihome
Kihoya
Kihumbuini
Kihuri
Kihuyo
Kiinu
Kiiriangoro
Kiiriongoro
Kijabe
Kijangwani
Kijegge
Kijipoa
Kijipwa
Kijiwetanga
Kikambala
Kikima
Kikoko
Kiko Koni
Kikomani
Kikoneni
Kikoni
Kikumini
Kikuu
Kikuyu
Kikuyuni
Kikwezani
Kilala
Kilawa
Kileleshwa
Kileleshwan
Kilema Dui
Kilgoris
Kilibasi
Kilifi
Kiligis
Kililana
Kilimaini
Kilimani Estate
Kilkoris
Kilole
Kilome
Kilweni
Kimaeti
Kima
Kimala
Kimana
Kimande
Kimara Maganga
Kimari Maganga
Kimathi
Kimbimbi
Kimende
Kimilili
Kiming'ini
Kiminini
Kimnai
Kimngorom
Kimondo
Kimose
Kimoset
Kimunye
Kimunyu
Kimuu
Kimwarer
Kinagoni
Kinancha
Kinane
Kinango
Kinangoni
Kinani
Kinarane
Kinarani
Kinari
Kindu
Kindunguni
Kinna
Kinondo
Kinoo
Kinunga
Kinyach
Kinyadu
Kinyang
Kinyona
Kiongwe
Kipcherere
Kipendi
Kipevu
Kipini
Kipkabus
Kiptagich
Kiptere
Kipungani
Kipusi
Kiranga
Kiratina
Kirawara
Kirenga
Kireri
Kirerwa
Kirewe
Kiriaini
Kiria
Kiriangoro
Kiriani
Kirichu
Kirigi
Kirigi
Kirigo
Kiriko
Kirimaine
Kirimaini
Kirima
Kirimamwaro
Kirimari
Kirimatian
Kirimiri
Kirimunge
Kiriri
Kiriti
Kiritiri
Kiroe
Kirogo
Kirong'e
Kiruga
Kirumbi
Kirundu
Kiruri
Kirurumi
Kirwara
Kirwilu
Kirwitu
Kisaoni
Kisauni
Kiserian
Kiseryan
Kisibu
Kisii
Kisimachande
Kisingatani
Kisingatini
Kisou
Kisserian
Kisuki
Kisumo
Kisumu
Kitaingo
Kitale
Kitandi
Kitere
Kitere
Kiteta
Kithangathini
Kitheine
Kithungo
Kithungu
Kithunguri
Kitoo
Kitsantse
Kitui
Kitute
Kituti
Kituu
Kiu
Kiumba
Kiumbi
Kiunga
Kiunya
Kiuria
Kiuu
Kivani
Kiviogo
Kivukoni
Kivumbu
Kiwegu
Kizurini
Koala
Kobodo
Kodiaga
Kogoe
Koimbi
Koiparak
Koitilial
Koito
Koituiy
Kola
Kolbio
Kolloa
Kolowa
Kombo Kombo
Komboyoo
Kom
Kone
Kongelai
Kongona
Koni
Konjero se Ekonjero
Konyu
Konza
Kora
Korbesa
Korbessa
Koreni
Korikabemitik
Korokora
Koru
Kosipirr
Kowa Gulecha
Koyonzo
Kubi Turkana
Kuchelebai
Kuhora Twana
Kuku
Kukurna
Kulelet
Kulesa
Kumbi
Kundi
Kungu
Kunyao
Kuruwetu
Kurwitu
Kusa
Kusitawi
Kutu
Kutus
Kuywa
Kwa Bechombo
Kwa Bwana Keri
Kwa Dadu
Kwademu
Kwa Jomvu
Kwakavisi
Kwa Kitau
Kwale
Kwa Makuli
Kwa Mkamba
Kwandeke
Kwangamor
Kwangamur
Kwangwari
Kwaringoi
Kwa Ukungu
Kyamunyu
Kyamuyu
Kyandui
Kyangala
Kyanginywa
Kyathani
Kyemundu
Kyeni Kya Kai
Kyumbe
Laboot
Lady Whitehouse
Laini
Laini
Laisamis
Lake View Estate Crescent
Lake View Estate
Lamu
Lamuria Farm
Lamuria
Langarwa
Langata Rongai
Lare
Lari
Laset
Lasset
Laza
Lazima
Leka
Lela
Lemek
Lenda
Lengesim
Libat
Libwezi
Likoni
Limuru
Litein
Livundoni
Livwindoni
Lodosoit
Lodwar
Log Logo
Logumukum
Loichangamatak
Loiminange
Lokatiang
Lokichar
Lokichiogio
Lokichoggio
Lokichogio
Lokichokio
Lokiehoggio
Lokitaung
Lokwakangole
Lolgorien
Lolnguswa
Lomelo
Lomut
Londiani
Longopito
Loperot
Lorngosua
Lorugumu
Loruk
Lorukumu
Loruth
Lorwok
Losigetti
Lossom
Lotongot
Lower Gatara
Lower Kabete
Luanda
Luanda
Lugare
Lugari
Lughena
Lugulu
Lukongo
Lumbwa
Lumino
Lumowa
Lunga-Lunga
Lushangonyi
Lusigeti
Lusigeti
Lusigetti
Luswani
Lutsangani
Lwala
Lwanda
Lwanda
Lwei
Lwero
Maang'u
Mabatani
Mabogi
Machakos
Machege
Mackinnon Road
Madabogo
Madera
Madiany
Mado Gashi
Mado Yaka
Maduma
Madunda
Madungoni
Madunguni
Mafigani
Magadi
Magado
Maganjo
Magarini
Magina
Magongo
Maguguni
Magumba
Magumu
Magunda
Magunga
Magunguni
Magutu
Magwagwa
Mahigaini
Mahiga
Mahinga
Mahuruni
Mahuzumia
Maikona
Maikuu
Mailua
Mai Maharo
Mai Mahoro
Maina
Mairie
Mairii
Mairi
Maiyuni
Majego
Majengo
Maji Mata
Maji Moto
Maji ya Chumvi
Maji Ya Moto
Majongoni
Majoreni
Makabete
Makabeti
Makadara
Makalanga
Makambuki
Makamini
MakandaraHousing Estate
Makandara
Makaveti
Makendo
Makenge
Makere
Makere ya Gwano
Makhoma
Makindi
Makindu
Makinya
Makinyambu
Makobeni
Makomboki
Makondeni
Makongani
Makowe
Maktau
Makueni Boma
Makueni
Makumbe
Makumbwani
Makutano
Makuyu
Makwa
Makwara
Makwau
Malaba
Malakisi
Malamba
Malandoni
Malanga
Malanga
Maledi
Malibani
Malibati
Malikisi
Malima
Malindi
Malka Jara
Mambore
Mambosasa
Mambrui
Manamare
Mandeni
Mandera
Mandongoi
Mangai
Mangelete
Mangu
Manoni
Manooni
Manyata
Manyata
Manyatta
Manyatta
Manyeso
Maongo
Mapenya
Mapepie
Mapfanga
Mapotea
Maraagwa
Marach
Marafa
Maragi One
Maragi Two
Maragoli
Maragua
Maragua Station
Maragwa
Maragwa
Marakwet
Maralal
Maranjau
Maranjua
Maranu
Mararani
Mararo
Mararui
Marashoni
Mareira
Marereni
Mariaini
Mariakani
Mariani
Marigat
Marigiza
Mariira
Marikebuni
Marima
Marinde
Marira
Mariwenyi
Mariwinyi
Marmanet
Marongo
Maroni
Marsabit
Marua
Marucha
Marumi
Marurumo
Maruvesa
Maruvessa
Masabubu
Masaita
Masaku
Masalani
Masalani
Masandare
Masanga
Masati
Maseno
Mashamba
Mashanda
Mashimdwani
Mashundwani
Mashuru
Masii
Masimbani
Masongaleni
Masongoleni
Massalani
Mataara
Matadoni
Matakari
Mata
Matandara
Matapani
Matathia
Mataya
Matayo
Matayos
Mateka
Matha-geni
Mathaguta
Matha
Mathandara
Mathangauta
Mathangiini
Mathanjeini
Mathareini
Mathari
Mathariti
Mathigaine
Mathiga
Mathiyas
Matironi
Matolani
Matondoni
Matsangoni
Matsavini
Matuga
Matuguta
Matumbi
Maua
Mau Narok
Mavindu
Mavuria
Maweu
Mazabini
Mazeras
Mazijini
Maziwa Matatu
Mazola
Mazuni
Mbagathi
Mbagathi
Mbalambala
Mbale
Mbaoni
Mbare ya Mwehia
Mbari
Mbari-ya-hiti
Mbari-ya-Igi
Mbari ya Mwehia
Mbari Ya Njiru
Mbauini
Mbauro
Mbegani
Mbevoni
Mbirikani
Mbiri
Mbita
Mbogoro
Mbonea
Mbongo
Mbooni
Mbooni Mission
Mbotela
Mbugua
Mbuinzau
Mbuji
Mbumbuni
Mbunboni
Mbungoni
Mbuvu
Mbuyuni
Mbuzia
Mbwara Maganga
Mbweka
Mbwekas
Mbwinzau
Mdundonyi
Mdzimure
Meari
Meda
Mehuru
Melawa
Melewa
Memerush
Mere
Meri
Merti
Merueshi
Meru
Metka
Metkei
Meu
Mevoni
Mgamboni
Mgambonyi
Mgange
Mgangi
Mgengi
Mguya
Mianga
Mida
Midoina
Mienzeni
Migoko
Migori
Miguta
Miharati
Mihuti
Miirini
Mikinduni
Mikinduri
Mikuani
Milalani
Mile 46
Milimani East
Milimani
Milimani West
Milinga
Minjila
Mirarani
Mirieri
Mirihini
Miritini
Mirogi
Mirundu
Misageni
Misaroni
Mitchell Park
Mitembuka
Miti ya Hunter
Mitsajeni
Mitsolokanani
Mitsolokani
Mitungugu
Mitunguu
Miu
Miu
Miyare
Mizijini
Mjini
Mkambini
Mkapuwanzee
Mkokoni
Mkomaniboi
Mkomba
Mkondo wa Simiti
Mkongani
Mkonumbia
Mkonumbi
Mkowe
Mkuki
Mkuluni
Mkunguni
Mkunumbi
Mkwiro
Mlegwa
Mlimani
Mnarani
Mnazi Moja
Mnazinia
Mnazini
Mndrani
Mnyenzeni
Mogoiri
Mogotio
Mohanda Arunde
Mohoru
Moiben
Moi
Moi's Bridge
Mokowe
Molo
Mombasa
Momba Sasa
Mombassa
Morkwijit
Morukorg
Mosiro
Moyale
Moya
Moyben
Mrangi
Mrugua
Msabaha
Msambweni
Msanga
Msangatifu
Msau
Msomarini
Msuakini
Msumarini
Mtaa
Mtembur
Mteza
Mtito Andei
Mtongwe
Mto Panga
Mtsangatifu
Mtulu
Mtungi
Mubuko
Mucakuthi
Mucharage
Muchatha
Muchiene
Muchumo
Muddo Gashi
Mudomo
Mugaga
Mugeka
Mugerin
Mugoiri
Mugome
Mugomoini
Mugueni
Muguga
Mugumoini
Mugumoni
Mugurin
Mugus
Muguss
Muhaka Mbavu
Muhanda
Muhoro
Muhoroni
Muiga
Muirungi
Mukaa
Mukangu
Mukawa
Mukinduri
Mukore
Mukui
Mukuki
Mukunguni
Mukuria
Mukurue
Mukuruwe
Mukurwe
Mukus
Mukutan
Mukutano
Mukuyu
Mulala
Mulemwa
Muliloni
Mulunguni
Mumbethana
Mumbo
Mumias
Munani
Munge
Munguvini
Mununca
Mununga
Munyange One
Munyange Two
Murabara
Murang'a
Murarandia One
Murarandia Two
Mureko
Murengeti
Muriling
Murinduko
Muringari
Muritu
Murka
Murua Korg
Murubara
Muruguru
Murundu
Mururiini
Mururuwe
Musanda
Musa Nyandisi
Musereita
Mushamba
Musikio
Musoma
Mutathiini
Mutei
Mutet
Muthaiga
Mutha
Muthara
Muthinga
Muthithi
Muthue
Muthurua
Muthurwa
Muthuthiini
Muthuthini
Mutito
Mutitu Andei
Mutitu
Mutitu
Mutomo
Mutomo
Mutonguni
Mutuini
Mutulia
Mutuli
Mutune
Mutuni
Muuathi
Muweri
Muyaka
Mvindeni
Mvita
Mvuleni
Mwabani
Mwabaya Nyundo
Mwabila
Mwachawaza
Mwachirunge Bomu
Mwachirunge
Mwachirunje ya Pwani
Mwaembe
Mwaga
Mwaketutu
Mwakinyungu
Mwakirunge Kuu
Mwakirunge
Mwakirunge ya Pwani
Mwakitau
Mwakunde
Mwakwala
Mwalili
Mwalilo
Mwalio
Mwaluvanga
Mwambani
Mwambathana
Mwambiri
Mwamkuchi
Mwanachini
Mwanamare
Mwana Mwinga
Mwanathamba
Mwanathumba
Mwanda
Mwandimu
Mwandoni
Mwangareme
Mwangarimwe
Mwangini
Mwangoni
Mwangulu
Mwanyora
Mwarakaya
Mwarongo
Mwarungu
Mwatate
Mwathaini
Mwazare
Mwazi
Mweiga
Mwe
Mweri
Mweru
Mwewe
Mweza
Mwimuto
Mwingi
Mwogahendi
Myanga
Mzembe
Nairagie Ngare
Nairoba
Nairobi Hill
Nairobi Industrial Area
Nairobi
Nairobi South
Nairobi West
Naivasha
Nakinglas
Nakuru
Nakwajit
Namabusi
Namanga
Nambale
Nambare
Namiaso
Namyoso
Nandi Hills
Nandi
Nanga
Nangina
Nango
Nanigi East
Nanigi West
Nanig
Nani
Nanyuki
Narok
Naro Moru
Narosura
Nasibu
Nchimwani
Ndakalu
Ndakaru
Ndakulu
Ndambwe
Ndamichoni
Ndanai
Ndaragwa
Ndaroini
Ndathi
Ndau
Ndau
Ndavaya
Ndavayas
Ndenderu
Ndere
Nderi
Nderu
Ndhambwe
Ndhiwa
Ndiaini One
Ndiaini Two
Ndiara
Ndile
Ndimaini
Ndindiruku
Ndioni
Ndiuini
Ndome
Ndonga
Ndooa
Ndulelei
Ndulele
Nduma
Ndumberi
Ndundu-ini
Ndunyu Chege
Ndunyu
Ndurarua
Nduru
Ndurutu
Nembu
Nembure
Ngababa
Ngambinyi
Ngandani
Ngandu
Ngandure
Nganja
Nganukonharengak
Ngao
Ngarariga
Ngaru
Ngathune
Ngau Mission
Ngecha
Ngemwa
Ngenwa
Ngeranyi
Ngerenyi
Ngethu
Ngewa
Nghonji
Ngia
Nginda
Ngindo
Nginduri
Nginyang
Ngiriambu
Ngiri
Ngiva
Ngiya
Ngombani
Ngombeni
Ngomeni
Ngomeni
Ngomheni
Ngong
Ngorigaishi
Ngoriundito
Ngosini-East Detention Camp
Ngosini East
Ngosini-West Detention Camp
Ngosini West
Ngovie
Ngovio
Nguka
Nguna
Ngunduri
Ngunguru
Nguni
Ngure
Nguruweni
Ngutuni
Nguuni
Nguviu
Ngwaru
Ngwate
Ngwena
Nitimaini
Njega
Njegas
Njege
Njele
Njigari
Njiku
Njora
Nkidongi
Nkunumbi
Nnundu
Noiwe
Noolpopong
Norpopong
North Horr
Nosuguro
Nrundu
Nthwani
Ntuka
Ntulelei
Nundu
Nunguni
Nunguni
Nyabasi
Nyabassi
Nyabera
Nyabera's
Nyadorera
Nyagachugu
Nyaga
Nyagatugu
Nyahururu Falls
Nyahururu
Nyakahuho
Nyakahura
Nyalani
Nyalilpuch
Nyali
Nyali
Nyamakuyu
Nyambogi
Nyamindi
Nyamuga
Nyamware
Nyanduma
Nyangiti
Nyang'oma
Nyangore
Nyangoro
Nyangoso
Nyangusu
Nyangwani
Nyangweso
Nyaru
Nyati
Nyawita
Nyenga
Nyeri
Nyeru
Nyika
Nyiri
Nyowita
Nyundo
Nzaikoni
Nzeewani
Nziu
Nzuuni
Obila
Obila's Village
Obo
Oda
Odd
Odok
Odoyo
Ofafa
Ogama
Ogembo
Ogomo
Ojuok
Okia
Okoth
Okumu
Olderet
Old Mombasa
Old Town
Olengarua
Ole Seni
Olioserri
Oljoro Orok
Ol Kejuado
Olkeramatiani
Olkeramatian
Olkiramatian
Ol Lalunga
Ol Latunga
Olmesutie
Ol Mesuti
Olmesutye
Ol Mukutan
Olngarua
Oloiserri
Oloiyangalani
Olokurto
Olololong'a
Ol Olong'a
Ol Ombokishi
Ol Omborishi
Oloyaingalani
Olteret
Oltulili
Omari
Ondiek's
Ontulili
Opiyo
Orbu
Oropoi
Orwa
Oseni
Othaya
Otiende
Otinga
Ouma's
Outer Ring Road
Oyani Farm Institute
Oyugis
Ozi
Pandanguo
Pangani
Pangani
Pangayambo
Parklands
Pasa
Pate
Patta
Paulo
Paza
Pemba
Pemwai
Penda Kula
Pendeza
Pep Gadera
Pingilikani
Poi
Poka
Pongwe
Port Bunyala
Port Florence
Port Harrington
Port Southby
Port Victoria
Poulton
Pumuani
Pumwani
Pumwani
Pundo
Pundo's Village
Rabour
Rabur
Rabwor
Ragati
Raguta
Raiyani
Ramada
Rambara
Ramisi
Ramogi
Ramula
Ramu
Randani
Rangala
Ratai
Renguti
Rhoka
Riabai
Ria Kalui
Riakiania
Riamukuruwe
Riamukurwe
Riana
Ribe Mission
Ribe
Rigmio
Riitho
Riondonga
Rironi
Riruta
Ritho
Rititi
Riuki
Rocho
Roka
Rokas
Rombo
Rongai
Ruaganga
Ruaka
Ruambiti
Ruanganga
Ruangondu
Rubu
Ruchu
Rudacha
Rugumu
Ruiru
Ruiru
Rukala
Rukanga
Rukanga
Rukenya
Rukira
Rukubi
Rukurire
Rukuriri
Ruku
Rumuruti
Rungiri
Rurii
Ruring'u
Ruruguti
Ruruma
Rutara
Ruthagati
Rutura
Rwamburi Kiugu
Rwathia
Rwegetha
Saadani
Sabule
Sadani
Safarisi
Sagala
Sagalla
Sagana
Saidibabo
Saikago
Sailoni
Saint Marys
Saka
Salabani
Salengai
Samara
Samburu
Samicha
Samikaro
Samsons Corner
Samsons Kona
Samuli
Sandai
Sang'alo
Sangoleaku
Saranga
Saranja
Sarbuye
Sare
Saricho
Sarim
Sarora
Sarunza
Sawasawa
Sebit
Secho
Sega
Selaloni
Selengai
Semandaro
Sena
Sendeni
Seretunin
Sericho
Serkonghun
Serkongun
Sesia
Shabaltaragwa
Shakadula
Shakadulo
Shakani
Shámanzi
Shambini
Shambweni
Shamenei
Shamenek
Shanzu
Shauri Moya
Shauri Moyo
Shauri Moyo
Shela
Shelemba
Shella
Shigaro
Shikusa
Shimambaya
Shimanzi
Shimo la Tewa
Shimoni
Shimoni
Shirazi
Shirotsa
Shombole
Siakago
Siamufua
Siaya
Sibillo
Sibilo
Sichei
Sicheyi
Sidindi
Sigalagala
Sigio
Sigomere
Sigoor Camp
Sigor
Sikoma
Silaloni
Simambaya
Simandaro
Simba
Simisi
Simkara
Sindo
Singore
Sinoia
Sintakara
Siongiroi
Sio Port
Sio
Siranga
Siriba
Sirisia
Sirkoma
Sisenye
Sitaman
Siyu
Skwata
Sokoke
Sololo
Sondu
Songeni
Sosiot
Sotik Post
Sotik
South Horr
South Kinangop
Soy
Spring Valley
Subuku
Sultan Hamud
Sumai
Sumat
Suna
Sungululu
Syolima
Syumbungu
Takaba
Takaungu
Takwa Milinga
Talai
Talau
Talio
Taloa
Tambach
Tambaya
Tandare
Tangulbei
Tangulbwe
Tarbaj
Taru
Taveta
Tawa
Teso
Tezo
Thaara
Thagare
Thaina
Thaita
Thakwa
Thamara
Thangata
Thangathe
Thange
Thangi
Thanju
Thanu
Tharaka Kijegge
Tharaka
Thara
Thembigwa
Thengeini
Theri
Thiba
Thigio
Thiguku
Thika
Thika Valley
Thimbigua
Thogoto
Thompsons Falls
Thomson Estate
Thomsons Falls
Thorason's Falls
Thuita
Thuitia
Thunguma
Thunguri
Thuthuriki
Thuva
Tiekunu
Timau
Timbila
Timboiwo
Timboywo
Tindini
Tinganga
Tiribe
Tirimionin
Tiriondonin
Titila
Tiva
Tiwi
Tokitok
Toritu
Toweri
Tower
Tsangalaweni
Tsangatsini
Tsavo Station
Tsavo
Tsunguni
Tukeli
Tula
Tulia
Tulu
Tumeiyo
Tumeya
Tungu
Tuni
Turasha
Tura
Turbo
Turi
Tusha
Tuso
Twaandu
Ufumbani
Uholo
Uhuru
Ukunda
Ukundu
Ukwala
Ulro
Ulu
Umbui
Umingu
Unjiru
Upete
Upper Gatara
Upper Gilgil
Upper Hill
Upper Parklands Estate
Uranga
Uremia
Urumathi
Ushingo
Usueni
Utange
Utangwa
Uthiru
Uthithi
Uvete
Uwai
Uyombo
Vidungeni
Vifanjoni
Vikinduni
Vinagoni
Vingujini
Vinuni
Vinunyi
Vipingoni
Vipingo
Viragoni
Vitengeni
Vitsangalaweni
Vivini
Vivwini
Voi
Voo
Vuga
Vulueni
Wabuga
Wachakone
Wacha Koni
Waguthu
Wagu
Waita
Waithaka
Wajir
Walanga
Waldena
Walu
Wamachatha
Wamagana
Wama
Wamba
Wamitaa
Wamono
Wamumu
Wamutitu
Wamwangi
Wandimi
Wandumbi
Wangai
Wange
Wangi
Wangoma
Wanjengi
Wanjereri
Wanjii
Wanyaga
Wanyagga
Waratho
War Dirsame
Waresa
Waressa
Wariva
Wasini
Wasin
Wasis
Watamu
Waterer
Wautu
Wayu
Webuye
Welaluit Dardesa
Welaluit
Wema
Wenje
Weno
Weruga
Weru
Westlands
Wesu
Wetima One
Wetima Two
Winam
Witu
Wmingo
Woldena
Wongonyi
Woodley Estate
Wote
Wumari
Wundanyi
Yaka
Yala Station
Yala
Yale
Yamogo
Yamugwe
Yatya
Yedi
Zacharia
Zaikone Village
Zaikone
Zaina
Zare
Ziwani
Zombe
Zombi
