Abdykalyk
Acha-Kaindy
Acha-Kayyngdy
Achi
Achiksu
Aflatun
Ail Batal
Ail-Batalkan
Ail-Batalken
Ail-Torken
Akarp
Ak-Art
Akbash
Akbashim
Ak-Bashin
Akbeit
Akbeshi
Akbosaga
Ak-Bosyaga
Akbulak
Akbulak
Ak-Bulak
Ak-Bulak
Ak-Bulun
Ak-Bulun
Ak-Chal
Ak-Chaya
Akchikarasu
Akchi-Karasu
Akchiy
Ak-Chiy-Karasu
Akchiy-Karasu
Ak-Dyube
Akdzhar
Akdzhar
Ak-Dzhar
Ak-Dzhol
Ak-Dzhol
Akelëng
Akghi-Karasu
Akhchi-Karasu
Akhman
Ak-Ityk
Ak-Kochkor
Ak-Kuduk
Ak-Kul'
Akkyungey
Akkyya
Akkzu
Ak-Mechet'-Aral
Ak-Moyun
Ak-Muz
Ak-Olën
Ak-Ölöng
Ak-Osten
Ak-Say
Ak-Shirak
Akshiyrak
Akshor
Ak-Shyyrak
Ak-Su
Ak-Su
Aksu
Ak-Suu
Ak-Suu
Aktala
Ak-Tala
Aktala
Ak-Tal
Aktam
Ak-Tam
Aktash
Aktash
Aktauk
Aktëbë
Ak-Terek
Ak-Terek
Akterek
Ak-Terek
Akterek
Ak-Terek
Ak-Terek-Gave
Aktersk
Aktobe
Aktuidu
Ak-Turpak
Ak-Tüz
Ak-Tyube
Ak-Tyuz
Akulen
Akusten
Ala-Bash
Ala-Buka
Ala-Dzhida
Alamedin
Alamüdün
Alash
Alashan
Alashay
Alatay
Aleksandrovka
Aleksandrovskiy
Aleksandrovskoye
Alekseyevka
Alekseyevka
Alekseyevskiy
Alekseyvka
Alga
Alga
Alike
Alim-Tepe
Alkym
Almalu
Almalu
Almaluu
Altayskoye
Altynarasan
Altynmazar
Alysh
Aman-Ail
Amanbayevo
Anan'evo
Anan'yevo
Andarak
Andarkhan
Arab
Aral
Aral
Aral
Aral
Aral-Vakhym
Aravan
Arek
Arimdzhan
Arkhangel'skiy
Arkhangel'skoye
Arkit
Arpa
Arpatektir
Arslanbab
Arslanbob
Aryslanbob
Askaly
Aslam
Atay
At-Bashi
At-Bashy
Augul
Auliye
Aul Pyatyy
Austan
Avgandala
Aygyr-Dzhal
Ayratam
Ayrytam
Baetov
Baglan
Bagösh
Bagysh
Bagysh
Balykchy
Balykty
Bar-Bulak
Bardu
Barskaun
Barskon
Barskoon
Basbeshik
Bash-Bulak
Bash-Kaindy
Bash-Karakain
Bash-Kayyngdy
Bashkugandy
Baskyya
Basteri
Basterinovka
Batkan-Buzhum
Batken
Bayastan
Baybiche
Baybiche
Baybini
Bayetovo
Baygonchak
Baygonchok
Baymam-Bet
Bayman-Bet
Baytant
Baytyk
Bazar
Bazar-Kurgan
Bedachi
Begovat
Bek-Dzhar
Bel'aldy
Bel'
Bel'- Kyshtak
Belogorka
Belogorskoye
Belovodskoye
Bel'uryuk
Belyy Piket
Bereynok
Bëryu
Besharal
Besh-Aryk
Beshbadam
Beshbadom
Beshburkhan
Besheke
Beshkaram
Beshkent
Beshtash
Birikken
Birinchi May
Birlik
Bish-Agach
Bishkek
Blagoveshchenka
Blagoveshchenskoye
Bodzhoy
Bogatörovka
Bogatyrevka
Bogatyrovka
Bokombayevskoye
Bökönbaev
Bokonbayevo
Bokonbayevskoye
Bol'shevik
Bol'shevik
Bordaba
Bor-Doba
Bordunskiy
Boroldoy
Börü
Bos-Beshik
Boskorgon
Bosteri
Bosterinovka
Bostrorechenskoye
Boz-Beshik
Bozterinovka
Budënnyy
Budyonnöy
Bulakbashi
Bulak
Bulat
Buma
Bura-chatö
Bura-Chaty
Burana
Burbash
Burdalyk
Burgandy
Burlykiya
Burlyu-Bash
Burulday
Buzhum
Bystrorechenskoye
Bystrovka
Byul'kul'dek
Camp Snerif
Chaek
Chagym
Chagyr
Chakan
Chak
Chakir
Chalakazaki
Chaldavar
Chaldavar
Chaldovar
Chaldövar
Chaldyrar
Chaldyvar
Chaldyvar
Chalkaydy
Chalkayudö
Chalkayudy
Chalkoydy
Chalkuyruk
Chalpan-Ata
Chamyndy
Chanach
Changörtash
Changyr-Tash
Chapkul'
Charbak
Charku
Charvak
Chashma
Chatbazar
Chat
Chatkël'
Chatkul'
Chatyndy
Chatyr-Tash
Chaugent
Chauvay
Chayek
Chekabad
Chek
Chelek
Cheleke
Cheleken-Koin
Chelek-Koin
Chel'pek
Chemandy
Chemyndy
Cherik
Cherpöktö
Cherpykty
Chetbulak
Chetkoysu
Chet-Malay
Chichkan
Chigir
Chikgent
Chilandy
Chil'gazi
Chil'gazy
Chimkorgon
Chim-Kurgan
Chirak
Chirpykty
Chok-Tal
Choku-Biy-Rabat
Cholok-Kain
Cholpan
Cholpon-Ata
Cholpon
Cholpon
Chomkamysh
Chon-Ak-Dzhol
Chon-Aryk
Chonbleuli
Chonborolbog
Chonborolbos
Chon-Bulak
Chonbulolu
Chon-Dzhargylchak
Chong-Aryk
Chongaryk
Chongbulak
Chong-Dzhargylchak
Chongkarakël'
Chong-Kyzylsu
Chongolot
Chong-Örüktü
Chongsaray
Chong-Sary-Oy
Chongtebe
Chong-Uryukty
Chonkadyraly
Chonkyzylsu
Chon-Oryuktyu
Chon-Saroy
Chon-Sary-Oy
Chon-Uryukty
Chorku
Chot-Nura
Chudok
Chuka-Tepe
Chukurchak
Chukur
Churbek
Chuy
Chychkan
Chyrpykty
Dachnoye
Danalysh
Daraut-Korgan
Daraut-Korgon
Daraut-Kurgan
Darkan
Darkhan
Daroot-Korgan
Daroot-Korgon
Dasgan
Dazgan
Dazgon
Dëdëmël'
Dën-Alysh
Dën-Aryk
Dëng-Alysh
Dëngtala
Denisovka
Dën-Talaa
Dinau
Dmitriyevka
Dmitriyevka
Dmitriyevskoye
Dmitriyevskoye
Dodan
Dolinka
Doloko
Dolona
Dolon
Dolono
Donalysh
Don-Aryk
Döng-Alysh
Döng-Aryk
Döng-Talaa
Donguztau
Donguztou
Don-Tala
Dostuk
Druzhba
Dungurme
Dupkur
Durbel'jin
Dushman
Dyubeli
Dyubell
Dyudyumel'
Dyurbel'dzhin
Dyurbel'jin
Dyuyshaly
Dyykan-Kyshtak
Dzhak
Dzhalabek
Dzhalal-Abad
Dzhalgyzterek
Dzhalimbek
Dzhalpak-Sary
Dzhaman-Kyrchin
Dzham-Bulak
Dzhanalysh
Dzhan-Bulak
Dzhanbulak
Dzhanbulok
Dzhangay-Dzhol
Dzhangi-Aryk
Dzhangi-Dzhol
Dzhangyaryk
Dzhangyaryk
Dzhangybulak
Dzhangyshaar
Dzhangytalap
Dzhangyz-Uryuk
Dzhany-Alysh
Dzhany-Bulak
Dzhany-Dzher
Dzhany-Kyshtak
Dzhany-Shaar
Dzhany-Talap
Dzhapalak
Dzharbashi
Dzhar
Dzhargalan
Dzhargychak
Dzharkapchigay
Dzhar-Kopchugay
Dzhas
Dzhele-Dyube
Dzhem-Bulak
Dzhem-Bulak
Dzhenish
Dzhenychek
Dzhergalan
Dzhergel'chak
Dzhergel'char
Dzherges
Dzhergetal
Dzhergetal
Dzhergety
Dzher-Kazar
Dzhetyoguz
Dzheyek
Dzhida
Dzhida
Dzhigda
Dzhigdy
Dzhilanaryk
Dzhilandy
Dzhilanny
Dzhilgin-Say
Dzhilusu
Dzhilyandy
Dzhirgala
Dzhirgalan
Dzhirgatal
Dzhirgital
Dzhirgital
Dzhol-Golot
Dzholkara
Dzhonkungey
Dzhusaly
Ebenfel'd
Egilik
Ekachat
Ekichat
Elektor
Emgekchil
Emgek-Talaa
Emgektala
Emir-Kul'
Engil'chek
Enil'chek
Entek-chil'
Epkin
Erke-Kashka
Erkintoo
Eshsay
Eski-Nookat
Fol'baumka
Frunze
Frunze
Frunze
Frunzenskoye
Gaday-Aryk
Galyam-alik
Gava
Gavrilovka
Gaz
Gerait
Gerayt
Gorno-Serafimovka
Grigor'evka
Grigor'yevka
Groznoye
Gülbaar
Gul'cha
Gul'ma
Gultscha
Guzar
Gyul'bakhor
Ichkebash
Ichkedzherges
Ichkesu
Ichkesu
Ikazak
Ikazyak
Ikizyak
Il'chibay
Imeni Budennova
Imeni Chapayeva
Imeni Chkalova
Imeni Fëdorova
Imeni Frunze
Imeni Il'icha
Imeni Kalinina
Imeni Kalinina
Imeni Karla Marksa
Imeni Karla Marksa
Imeni Karla Marksa
Imeni Kirova
Imeni Kirova
Imeni Kuybysheva
Imeni Mikoyana
Imeni Molotova
Imeni Molotova
Imeni Pervogo Maya
Imeni Vecheki
Imeni Voroshilova
Internatsional
Iradan
Irdyk
Irisu
Irisu
Irke-Kashka
Irkeshtam
Irkishtam
Isfana
Isfina
Ishma
Ishtyk
Iski-Naukat
Issyk-Kul'
Itagar
Itsay
Ivano-Alekseyevka
Ivanovka
Ivanovna
Izym-Bay
Jalal-Abad
Jan-Bulak
Jangy-Kyshtak
Jangy-Talap
Janö-bulak
Jany-bulak
Japalak
Jar
Jerges
Jergetal
Jergetö
Jergety
Jetö-Oguz
Jida
Jirgital
Kadamdzhai
Kadamdzhay
Kadamjay
Kadzhi-Say
Kaganovich
Kagoy
Kainda
Kaindy
Kaindy
Kaindy
Kaindy
Kaindyn
Kairagach
Kairma
Kaji-Say
Kala
Kalday
Kalinin Atyndagy
Kalinino
Kalininsk
Kalininskoje
Kalininskoye
Kalinovka
Kalinovka
Kalmion
Kal'tak
Kamancha
Kamenka
Kampyr-Ravat
Kanduga
Kan
(( Kansalyk ))
Kant
Kantsin
Kanysh-Kiya
Kanyshkyya
Kara-Agach
Karaalma
Kara-Balta
Karabaltö
Kara-Balty
Karabalty
Karabshin
Karabulak
Karabulak
Karabulak
Karabulun
Kara-Burga
Kara-Burgen
Karacha
Karachi
Karachiy
Kara-Dëbë
Kara-Dekhkan
Kara-Döbö
Kara-Dzhar
Kara-Dzhegach
Karadzhigach
Karadzhigach
Karadzhilga
Kara-Dzhygach
Karagandy
Karagansay
Karagayna
Kara-Gonush
Kara-Kashkar
Kara-Kavak
Karakeche
Kara-Kël'
Kara-Kël'
Kara-Kesmak
Karakichi
Karakin
Karako
Kara-Kokty
Karakol
Kara-Köl
Karakol'
Kara-Köl
Karakol
Kara-Koo
Kara-Kshtak
Kara-Kuchkan
Kara-Kul'dzha
Kara-Kul'ja
Kara-Kul'
Karakul
Karakungey
Kara-Kyungey
Karamart
Karamurza
Karanay
Kara-Oy
Kara-Sadak
Kara-Sadanto
Kara-Sakal
Kara-Say
Karashar
Kara-Shivak
Karasu
Karasu
Kara-Su
Karasu
Kara-Su
Kara-Suu
Karatakhta
Kara-Talaa
Karatash
Kara-Tash
Karatash
Karatay
Karatëbë
Karatebe
Kara-Tyube
Kara-Tyube
Karatyube
Kara-Tyube
Karaul'
Karaultëbë
Kara-Ünkür
Kara-Unkurt
Kara-Unkyur
Karautok
Karavan
Karavan
Karavshin
Karaynkurt
Karool-Tëbë
Karool-Töbö
Karyn-Kur
Kashat
Kashgar
Kashgarkishlak
Kashgar-Kyshtak
Kashkaldak
Kash Kanchi
Kashkar-Kyshtak
Kashkasu
Kashkasu
Kashka-Terek
Kashka-Terek
Kasymbek
(( Katar ))
Katran
Katranke
Kattagan
Katyrantash
Kavak
Kavak
Kayirma
Kayirma
Kaynar
Kayragach
Kaytmas
Kazarman
Kaz
Kazybek
Kegeti
Kegetö
Kegety
Keglatar
Këk-Aygyr
Këkbel'
Këk-Dzhar
Këkdzhar
Këkirim
Këkiyrim
Këk-Moynok Pervoye
Këk-Moynok Vtoroye
Këkoy
Këksay
Këk-Say
Këk-Tash
Këktëbe
Kël'
Kël'
Kël'më
Kel'techaty
Kemin
Kenbulun
Kendzhilga
Keng-Suu
Kenjekul
Kensu
Kensu
Kenzhekul
Këpyurë
Kerben
Keregetash
Kerki-Don
Kesek
Këtërme
(( Ketmen'tëbë ))
Ketmen-Tjube
Ketmen'-Tyube
Khadyrsha
Khaidarkan
Khalmion
(( Khasan-Chek ))
Khaydarkan
Khaydarken
Khazret-Ayub
Khazret-Bau
Khibinskoye
Khodyrsha-Mugal'
Khodzhaaryk
Khodzha-Aryk
Khodzhaata
Khodzhanorum
Khodzharabad
Kichibulolu
Kichi-Dzhargylchak
Kichi-Dzhergylchak
Kichi-Jargylchak
Kichik-Alay
Kichikarakol
Kichikbleuli
Kichi-Khaydarnen
Kichik-Karakol
Kichi-Oryuktyu
Kichitaldyk
Kichi-Uryukty
Kindyn
Kipchak
Kirgizgava
Kirov
Kirov
Kirovskoye
Kirovskoye
Kisek
Kisyk
Kitay
Kizöl-Kiva
Kizöl-Kurgan
Kizyl-Ata
Kizyl-Kiya
Kizyl-Kurgan
Kizyl-Su
Kizyl-Tukay
Klozin
Klyuchëvka
Klyuchevoye
Klyuchevoy
Klyuchevskoye
Kochkor-Ata
Kochkorka
Kochkor
(( Kodul' ))
Kodul'-Su
Kodzhokël'
Kodzhoyar
Kogoy
Kok-arök
Kok-Aryk
Kök-Aygyr
Kok-Dzhar
Kokdzhar
Kokdzhatyk
Kok-Dzhetyk
Kok-Irim
Kok-Jengak
Kok-Karga
Kok-Magday
Kok-Makday
Kok-Makhday
Kok-Manday
Kok-Maynak
Kokmoynak
Kök-Moynok Eki
Kok-Moynok
Kokmoynok
Kok-Say
Kök-Tash
Koktash
Kok-Tundy
Kok-Yangak
Kok-Yatök
Kok-Yatyk
Kolaryk
Kolba
Kolkhoz Imeni Bokonbayeva
Kol'
Kol'me
Kol'tor
Kol'tsovka
Kommuna Imeni Karla Marksa
Komsomol
Komsomol
Komsomol'skoye
Konduva
Kongorchok
Kongurat
Kongurolëng
Konorchok
Konura
Konur-Olën
Konur-Ulen
Kopurbashi
Korgon
Korgon
Korgontëbë
Korumdu
Korumdy
Koshbulak
Koshbulak
Kosh-Kël'
Koshkenchi
Koshkol'
Koshmo
Koshtëbë
Kosh-Tegirmen
Kotak
Kovak
Koy-Kul'
Koysara
Koysary
Krasnaya Rechka
Krasnooktyabr'skiy
Krasnorechenskoye
Krasnyy Most
Krasnyy Oktyabr'
Krasnyy Oktyabr'
Krasnyy Stroitel'
Kromkol
Kugart
Kugart
Kuk-Karga
Kuk-Tash
Kulanak
Kulat
Kul'chigash
Kulyugen
Kum-Bel'
Kum-Dëbë
Kum-Döbö
Kum-Dyube
Kum-Tyube
Kunchigösh
Kunchigysh
Kunduy
Kupre
(( Kurbantal-Mady ))
Kurbu
Kurgan-Tepe
Kur-Kol
Kurmentö
Kurmenty
Kurort Dzhety-Oguz
Kurort Koy-Sara
Kurort Koysary
Kurpsay
(( Kushchusu ))
Kutarma
Kutchi
Kutchu
Kuturga
Kuturgan
Kuybyshev Atyndagy
Kyrchin
Kyrgyz-Chek
Kyrkkazyk
Kyzart
Kyzkol
Kyzyl-Adyr
Kyzyl-Asker
Kyzyl-Asker
Kyzylbayrak
Kyzylbeyit
Kyzyl-Bulak
Kyzyl-Dëbë
Kyzyldezkan
Kyzyl-Döbö
Kyzyl-Dzhar
Kyzyldzhar
Kyzyldzhazy
Kyzyldzhildyz
Kyzyl-Dzhyldyz
Kyzylemgek
Kyzyleshme
Kyzylkishlak
Kyzylkishlak
Kyzyl-Kiya
Kyzylkiya
Kyzylkorgon
Kyzylkurgan
Kyzyl-Kyshtak
Kyzyl-Kyya
Kyzyl-Oktyabr'
Kyzyl-Oktyabr'
Kyzyloy
Kyzylozkërush
Kyzylsangir
Kyzylsu
Kyzyl-Suu
Kyzyl-Tala
Kyzyl-Tana
Kyzyltëbë
Kyzyl-Tokay
Kyzyltokoy
Kyzylto
Kyzyltu
Kyzyltu
Kyzyltu
Kyzyl-Tuu
Kyzyl-Tuu
Kyzyl-Tyube
Kyzyltyube
Kyzylungungir
Kyzylunkyur
Kyzyluran
Kyzyluzgorysh
Kyzylyak
Kyzylzhildyz
Kyzymchek-Karakash
Kzyl-Kiya
Kzyl-Kurgan
Laylysu
Lay-Tala
Lebedinka
Lebedinovka
Lembur
Lenin-Dzhol
Leninjol
Leninpol'
Leninskoe
Leninskoye
Leninskoye
Leninskoye
Limbur
Lipenka
Lipenskoye
Lizogubovka
Lugovoye
Lyaglan
Lyaglyan
Lyangar
Lyaylyak
Lyubinskiy
Lyublino
Maat-Murat
Madaniyat
Mady
Maevka
Mallisay
Malovodnoye
Maman
Mama-Sadyk
Mama-Sady
Mamatkul
Manduz
Mangit
Mangyt
Margun
Mariinskoye
Mashan
Massy
Mast-Murat
Maydan
Mayevka
Mayli-Say
Mayli-Su
Mayluu-Suu
Maylysay
Mayly-Suu
Maymak
Mazar-Bulak
Mazar-Bulak
Mazar
Mazar
Mazarsu
Medrese
Mekka-Turpak
Mikhaylovka
Mikhaylovka
Millyanfan
Milyanfan
Min-Bulak
Mineral'nyy Istochnik Altyn-Arasan
Ming-Bulak
Mingteke
Min-Kush
Minteke
Mirza-Aki
Mogila Samay
Mogol
Molotovabad
Molotovskiy
Molotovsk
Monchak-Tepe
Mukur
Munduz
Murakinskoye
Murdash
Murkut
Musabek
Muvabek
Muztor
Mykach
Mykan
Naiza
Nariman
Naron
Naryn
Naryn
Naukent
Nayman
Nayza
Nazar-Makhram
Nazyk
Nichke
Nikolaevskoye
Nikolayevka
Nikolayevka
Nikolayevskoye
Niyaz
Nizhniy Norus
Nizhniy Orok
Nizhnyaya Ala-Archa
Noruskel'
Novokonstantinovka
Novo Konstantinovka
Novo-Mikhaylovka
Novopavlovka
Novopokrovka
Novopokrovskoye
Novo-Pokrovskoye
Novorossiyka
Novorssiyskoye
Novo-Troitskoye
Novovoznesenovka
Novo-Voznesenskoye
Novoye Pokrovskoye
Nov Pokrovka
Noygut
Nura
Nura
Okhna
Oktyabr'
Oktyabr'
Oktyabr'skiy
Oktyabr'skoye
Oktyabr'skoye
On-Archa
Oral
Orgochor
Orgo
Örgörüsh
Orlevka
Orlinka
Orlinovka
Orlinov
Orlovka
Orlov
Orlovskoye
Ormok
Ornok
Orta-Uryukty
Orto-Karakain
Ortok
Orto-Malay
Orto-Nura
Orto-Say
Orto-Saz
Ortoterek
Orto-Tokay
Orto-Tokoy
Osaviakhim
Osh
Otdeleniye Shestoye Sovkhoza Uchterek
Otradnoye
Ottuk
Ottuk
Otuz-Adyr
Otuzul
Oyalma
Oyalma
Oy-Bir-Dzhilga
Oytal
Oytal
Oytersken
Ozgëryush
Özgön
Padak
(( Pakyr-Abad ))
Pamyat' Il'icha
Panfilovskoye
Papan
Paul'gan
Pavloskoye
Pervomayskiy
Pervomayskiy
Pervomayskoye
Pervomayskoye
Pervomayskoye
Pervoye Maya
Peschanoye
Petrovka
Petrovskoye
Pishkek
Pishpek
Podachi
Pogranichnik
Pokrovka
Pokrovka
Pokrovka
Pokrovskoye
Pokrovskoye
Preobrazhenskoye
Prigorodnoye
Pristan'-Przheval'sk
Privokzal'no-Voznesenskoye
Privokzal'noye
Prjeval'sk
Przheval'sk
Pul'gan
Pul'gon
Pum
Pyshvyrkan
Radinan
Raut
Ravat
Razdol'noye
Rendzhit
Renzhit
Romanovka
Romanovskoye
Rybach'e
Rybach'ye
Rybpunkt
Sadovoye
Safarovskoye
Sagöz-Kandör
Sagyz-Kandyk
Sagyz-Kandyr
Salamalik
Salyam-Alik
Salyam-Alim
Salyam-Alyk
Samansur
Santash
Sarabulak
Saragata
Sarbagysh
Saritash
Sarkisar
Sarö-Tash
Sarsagut
Sar
Saru
Saruu
Sarybiya
Sarybulak
Sary-Bulak
Sarybulak
Sarybulak
Sarybulun
Sary-Dzhon
Sarykamysh
Sarykamysh
Sary-Kamysh
Sarykamysh
Sarykamysh
Sarykashkar
Sary
Sarysogat
Sarysogot
Sary-Tash
Sarytëbë
Sassyk
Savay
Saydi-Kum
Saylyk
Sazanovka
Sazanovskoye
Saz
Saz
Saz
Segizinchi Mart
Sekelek
Selektsionnoye
Seluka
Selukta
Semënovka
Semenovskoye
Seyde-Kum
Shabdan
Shadymyr
Shakaptar
Shalba
Shaldyr
Shaltak
Shamaldy-Say
Shamalterek
Shamalyk
Shamshaly
Shamsi
Shamsi
Shankol
Shark
Shaty
Shaydan
Shekaftar
Sheker
Sheltak
Sherif
Shibbe
Shidyr
Shigay
Shirak
Shirali
Shlanauz
Shopokov
Shorkishlak
Shoro
Shor-Tube
Shor-Tyube
Shoshmaly
Shumkar
Shuran
Shur-Kishlak
Sofi-Kurgan
Sokolovka
Sokuluk
Solu-Sassyk
Soru
Sosnovka
Sovetskiy
Sovetskoye
Sovetskoye
Sovetskoye
Sovkhoz Këksay
Sovkhoz Otuzadyr
Sovsin'torg
Spasskiy
Spasskoye
Sretenka
Sretenskoye
Stalinskoye
Stambek
Stanovishche Chalpan-Ata
Stanovishche Choktal
Stanovishche Tur-Aygir
Staraya Pokrovka
Staro-Nikolayevka
Staropokrovka
Stavropol'ka
Stavropolovka
Stavropol'skaya
Stavropol'skiy
Stepnoye
Subashi
Subash
Sufi-Kurgan
Sugut
Sugut
Sukhay Khrebet
Sukhoy Khrebet
Sülüktü
Sulyukta
Sumsar
Sungandy
Susamör State Farm
Susamyr
Suzak
Svetlaya Dolyana
Svetlaya Polyana
Syn-Tash
Syny
Syuttu-Bulak
Tadzhik
Tagan
Taka
Talabulak
Talass
Talas
(( Tala ))
Taldök
Taldö-su
Taldö-Su
Taldyk
Taldysu
Taldy-Su
Taldy-Su
Tamaterek
Tamazh
Tambashat
Tamchi
Tamchy
Tamga
Tarakhanö
Tarakhany
Tarasu
Tarkhana
Tarkhan
Tarsu
Tar-Suu
Tarykhany
Tash-Bashat
Tash-Bulak
Tashbulak
Tash-Bulak
Tash-Kepe
Tash-Kömür
Tashkumör
Tash-Kumyr
Tash-Kurgan
Tashposhat
Tashtebe
Tash-Tyube
Tash-Tyube
Tassor
(( Tatar ))
Taukent
Tauke
Tayan
Tebykty
Tegerek-Kyrchin
Tegerek
Tegermach
Tegermen-Sai
Tegermensay
Tegermenti
Tegermenty
Tegirmensay
Tegirmenty
Tegizchil
Tëlëyken
Temir-Kanat
Temirkent
Temirovka
Tengizbay
Tepe-Guzar
Tepke
Teploklyuchenka
Teploklyuchinka
Teploklyuchinskoye
Terek-Say
Tereksu
Tereksu
Terek-Suu
Terek
Terek
Terskey
Tërtkël'
Tërt-Kul'
Tillya-Bay-Kurgan
Titovka
Tjup
Togan
Toguzbay
Toguzbulak
Toguz-Bulak
Toguz-Bulak
Tokmak
Tokmok
Tokol'dosh
Toktogul
(( Toktogul ))
Toktoyan
Tolman
Tölöykön
Toluk
Tong
Ton
Topu
Toraygyn
Toraygyr
Torkent
Tortkël'
Tortkël'
Tortkul'
Toru-Aygyr
Tosor
Tossor
Tubek
Tugel'say
Tuleykan
Tuleyken
Tura-Chita
Turasu
Tur Aygyr
Turbek
Turpachita
Turra-Chita
Turt-Kul'
Tuura-Suu
Tuya-Lyash
Tuzbel'
Tysh-Ashu
Tyubek
Tyugël'say
Tyulek
Tyundyuk
Tyup
Tyz-Ashu
Uchar
Uchbay
Uch-Emchek
Uchi-Kur
Uchkorgon
Uch-Kul'
Uchkun
Uch-Kurgan
Uchkurt
Uch-Tapkyr
(( Uchterek ))
Uch-Tyube
Uchuruk
Uch-Yemchek
Ugut
Ugyut
Ukok
Ulakhol
Ul'gu
Ulokhol
Uluchat
Ulukent
Uluk
Unkur
Urakain
Urgi
Urnok
Urtak
Urta-Kyzyl
Urumbash
Uryukty
Ushat
Uspenka
Uspenovka
Uytal
(( Uzak ))
Uzbek-Gava
Uzgen
Uzgorysh
Uzgorysh
Uzkend
Uzunbulak
Valerianovskoye
Valyakish
Verkhne-Pokrovskoye
Verkhniy Orok
Verkhnyaya Alaarcha
Vidana
Vladimirovka
Vorontsovskoye
Voroshilovskoye
Vos'mogo Marta
Vos'moye Marta
Vostochnyy
Vostok
Voyenno-Antonovka
Voyenno-Antonovskoye
Vozhesenskoye
Voznesenskoye
Yalgiz-Alcha
Yalgyz-Yangak
Yaman-Ail'
Yanabadam
Yangi-Bazar
Yangi-Dzhol
Yangi-iol
Yangi-Naukat
Yangiturmysh
Yangybazar
Yapalak
Yar-Kurgan
Yartash
Yaryktash
Yengi-Bazar
Yerish
Yshtyk
Ysyk-Köl
Yur'evka
Yur'yevka
Yur'yevskoye
Yuvash
Zardale
Zardali
Zardalo
Zardaly
Zardele
Zardulu
Zarger
Zar-Tash
Zar Tosh
Zharkynbayevo
Zimovka Iskandera
Zimovka Kara-Bulak
Zimovka Kulyugen
