Abaokoro
Abatao
Aiaki
Antai
Aoniman
Aonobuaba
Aonobuaka
Arariki
Aubeanai
Aubeanau
Aubeangai
Autokia
Autukia
Bairiki
Banraeaba
Banreaba
Baretoa
Betio
Bikenibeu
Bikerei
Binoinano
Borotiam
Borotium
Buakonikai
Buariki
Buoata
Buota
Butaritari
Eita
Ijaki
Kabanaki
Kabangaki
Kaiaroa
Kairaoa
Kariatebike
Kariri
Kawantetua
Keua
Keuea
King
Koinawa
Kukutin
Kuma
Kuria
London
Makauro
Manoku
Manounou
Manriki
Maranenuka Village
Marenanuka
Morikao
Muribenua
Nabari
Nabeina
Naimoa
Nanibaba
Nansaba
Napari
New Butaritari
Nikumanu
Nikutoru
Noriti
Noto
Nuatabu
Nuka
Nukumanu
Nuribenua
Nutoru
O-N-Aorakai
Ooma
Puakoikai
Puakonikai
Puarik
Rakentai
Rakewai
Rawannawi
Riaria
Ritiati
Rongata
Rongorongo
Roreauea
Roreti
Rotuma
Rungata
Tabiang
Tabiañ
Tabiauea
Tabiteuea
Taboiaki
Tabomatang
Taboneaba
Tabontebike
Tabonuea
Tabonuuia
Taborio
Tabuarorae
Tabuiroa
Tabukinberu
Tabukiniberu
Taburao
Taburari
Tabutoa
Tabwewa
Tabwirao
Takarano
Takarona
Taku
Tamaroa
Tanaeang
Tanaiang
Tanekore
Tanimaiaki
Tanimaiki
Tanimainiku
Tapiang
Tapiwa
Tarakarawa
Taratai
Tarawa
Taribo
Taritai
Teaoraereka
Teaoraereke Mission
Teaoraereke
Tearinibai
Tebana
Tebanga
Tebatabuki
Tebatibaki
Tebero
Tebiauea
Tebiayea
Tebikerai
Tebikerei
Tebikeriki
Tebobonga
Tebontebike
Tebunginako
Te Kabuibui
Te Kapuipui
Tekarakan
Tekatirirake
Tekuanga
Temaraia Matang
Temaraia
Tenanoraoi
Teobokia
Terikai
Terikiai
Tetabakea
Tetabakia
Tetabuki
Tetake
Teteirio
Tewai
Tuarabu
Ubanteman
Ukiangang
Umanterwena
Umantewena
Umantewenei Taboiaki
Uma
Umauma
Utiroa
