Accua
Acoua
Acua
Adda-Douéni
Afombani
Afombany
Agniamouada
Agniamuada
Ajaho
Ajangua
Amoro
Andréma
Angaro
Angoro
Angouzou
Anguebacao
Anihani
Ankibani
Antsahé
Assimpao
Babani
Bahani
Balembo
Balsa
Bambadjani
Bambao
Bambao M'Sanga
Bandaboa
Banda Daouéni
Bandajou
Bandakouni
Bandamadji
Bandamadri
Bandamadxi
Bandamadzi
Bandamagi
Bandamaji
Bandamaji
Banda Mtsanga
Bandani
Bandani
Bandani Mtsangani
Bandani-Vouani
Bandaressalam
Bandele
Bandeli
Bangahani
Bangoi
Bangoi Kouni
Bangoma
Bangoua
Bangoua Kouni
Bangouamafsakoa
Bangouélamvouéra
Bangua
Barakani
Barakani
Batou
Batsa
Batsé
Bazimini
Bibavou
Bimbini
Boboni
Boeni
Boudé-Adjou
Bouéjou
Bouéni
Bouenindi
Bouijou
Boungouéni
Bouni
Buanitonque
Cani
Cani-Kely
Cezani
Chadjouni
Chamle
Chamro
Chanda
Chandra
Chaouéni
Chendini
Chezani
Chikoni
Chindini
Chindrini
Chingoni
Chironkamba
Chitrouni
Chitsangachélé
Chomoni
Chongochahari
Chouani
Choungoui
Combani
Combani
Convalescence
Convalescence
Daché
Daji
Damou
Daouéni
Dar Salam
Debenay
Debeney
Debeni
Dembeni
Dembéni
Demeani
Deneami
Deumoni
Diboani
Diboini
Dibouani
Didjoni
Dima
Dimadjou
Dindi
Djembeni
Djiandro
Djitaché
Djivani
Djoengoé
Djoiezi
Djomani
Djoumadounia
Djoumbe
Djoumouachongo
Djoyézi
Djuaezi
Domoni Adjou
Domoni Ambouani
Domoni
Domoni
Domoni
Douniani
Draure
Dude
Dzahadjou
Dzahadju
Dzahaja
Dzahani
Dzaheni
Dzaoudzi
Dziani
Dzindri
Dzindri Mtsangani
Dzouadjou
Dzoumogne
Dzumogne
Famaré
Fâssi
Fombani
Fomboni
Fomboni
Fongapepo
Foumboudzivouni
Foumbouni
Founga
Fumboni
Gnambo Yamaoré
Gnantranga
Gnombéni
Goungouamoué
Gouni
Guamarombu
Guamarumbo
Hada-Haïa
Hadjambo
Hadjumbo
Hadongo
Hagnamouada
Hagnengélé
Hagniamada
Hahaïa
Haïgnandrama
Hajoho
Hajumbo
Hamamboua
Hamavouna
Hamba
Hambo
Hamsaoua
Handréma
Hantsambou
Hantsindzi
Hantxinxi
Hantzinzi
Harembo
Hassendjé
Hatsinze
Helendjé
Héroumbili
Hetanje
Hetsa
Hoani
Hombo
Iconi
Iconi
Idjikoundji
Idjikoundzi
Idjouandradja
Ifoundihe Amboini
Ifoundihé Chambouani
Ifoundihé
Ifundihe
Ikoni
Iméré
Inané
Inani
Ironi-Be
Ironi Kely
Irouhé
Iroumbili
Irumbilli
Itsambouni
Itsamia
Itsandha
Itsandra
Itsandzéni
Itsangoué
Itsikoudi
Itsinkoudi
Itsoadjou
Iuani
Ivembeni
Ivoini
Ivouani
Jamaué
Jandza
Jéjé
Jiandro
Jimilimé
Jiroudain
Jomani
Juaezi
Kangalinda
Kangam
Kangani
Kangani
Kani Be
Kani Kele
Kanzilé
Kavani
Keledjou
Kirimani
Kobela
Koimbani
Koki
Kombani
Komioni
Kondoni
Kondroni
Kone N'Goni
Koni-Djodjo
Koni
Koni
Koni-Ngani
Koua
Kouambani
Koué
Kouhani
Kounani
Kourani
Kourani-Mkanga
Kové
Kyo
Labanda
La Convalescence
La Grille
La Grotte
Lamahalé
Lamboué
Limbi
Lingoni
Longoni
Luala
Madjeouéni
Madjoumadjou
Magaridjou
Magnassini-Nindri
Mahalé
Mahavani
Majouani
Makorani
Male
Malhani
Manda
Mandza
Mandzissani
Maoré
Maouéni
Maouéni
Marahabé
Maraharé
Marijou
Marontronii
Massihini
Matsamudu
Mavingouni
Mbachilé
Mbagini
Mbajini
Mbaléni
Mbambani
Mbatsé
Mbatsé
Mbéni
Mboudé
Mbouéladoungou
Mchénazi
Mdé
Mdjibari
Mdji Diakagnoa
Mdjohezi
Mdjoizema
Mdjoua Hahia
Mdjoyézi
Membéni
Memboua Bouani
Membouadjou
M'Ferrolliet
Miambani
Midjendjéni
Mifoni
Mifoni Sangani
Mihoungouni
Milembéni
Milembéni
Milévani
Minassini
Mindralou
Minoungouni
Mirémani
Mirereni
Miréréni
Miréréni
Miringoni
Mirondoni
Mirongani
Mirontsi
Miroudoni
Missouiri
Mitréni
Mitsamihouh
Mitsamiouli
Mitsaoueni
Mitsoudjé
Mitsoudjini
Mitsudje
Mitsuje
Mitsumiuli
Mjamaoué
M'Jimanda
Mjimandra
Mkazi
Mkirijou
Mlabanda
Mlalouankoudjou
Mlimani
Mnadzi Modja
Mnazichoumoué
Mnoungou
Mohoro
Moihani
Moliha
Mondzaza-Djumbe
Montsapéré
Montzeza Jumbe
Moroni
Mouadja
Mouahani
Mouamoua
Mouandzaza Ambouani
Mouandzaza Djoumbé
Mouhou
Moujimada
Moujimouvia
Moujou
Mouramedoudou
Mouroni Abeja
Mouroni Sanga
Mouroumouli
Moutsamoudou
Moya
Mramani
M'ramoni
Mrémani
Mrenani
Mrijou
Mromagi
Mro Mouhouli
Mrondadjou
Mrouadjou
M'Samoudou
M'Samouni
M'Sapéré
Mtachite
Mtakoudja
Mtamuhuli
M'Tsahara
Mtsamdou
Mtsangamléni
Mtsaoueni
M'Tsara
M'Tsumbia
Mtzamboro
Mudjiauesi
Mujiauesi
Mutsamudu
Mvouni
M'Zambaurou
M'Zamboro
M'Zambourou
M'Zamburu
M'Zioizie
Napa Beau
Ndrangani
Ndréméani
Ndroini
Ndrondroni
Ndroudé
Ndzaouze
Ndzouani
Ngamaroumbo
Ngnambéni
Ngolé
Niadoumbouéni
Niambahamoro
Niomachoi
Nioumachoi
Nioumachoua
Nioumadzaha Mvoumbari
Nioumadzaha
Nioumadzaha Voumbari
Nioumakele
Nioumamilima
Nioumamilina
Nioumbadjou
Nioumgchoi
Niumadzaha
Niumakélé
Niumbadju
Niumbaju
Nkourani
Nkozini
Nounga
Ntakoudja
Ntsadjéni
Ntsajou
Ntsaouéni
Ntsazou
Ntsoralé
Ntsoudjini
Numa Choa
Nunga
Oanani
Oani
Ongoijou
Ongoni
Ongoujou
Ouala
Ouallah
Ouanani
Ouani
Ouany
Ouéla
Ouella
Ouémani
Ouhozi
Oungoni
Ourondroni
Ourovéni
Ousini
Ousivo
Oussivo
Outsa Daoueni
Outsa
Ouzini
Ouzio
Ouziouani
Pajé
Pamanzi Be
Pamanzi
Panda Gongoue
Panda
Passamenti
Patsi
Patsy
Pidjani
Pomoni
Pomony
Proani
Sada-Chihoué
Sada Mouamboua
Sadani
Sada
Sada
Sahani
Salamani
Salapouani
Salémani
Salimani
Sambakouni
Samba-Madi
Samba
Sambia
Sanadani
Sangani
Sapéré
Sazu
Séléa
Séléyani
Selimani
Séréhini
Shendini
Sidjou
Sima Ambouani
Sima
Sima
Simboussa
Singani
Siri
Sohoa
Sombé
Songomani
Souni
Tohbugodunda
Touaïfa
Toyifa
Trivani
Trou du Prophète
Tsangadjou
Tsaueni
Tsidjé
Tsimbeo
Tsinimouachongo
Tsinimouapanga
Tsudjim
Tsudjini
Tsudjin
Tsujuni
Uemani
Vanadjou
Vanamboini
Vanambouani
Vassi
Vassy
Vindjajou
Voani
Voany
Vouadjou
Vouani
Vounambadani
Vouvouni
Wanani
Wilson
Zaudzi
Zikaledjou
Ziroudani
Zivandani
Zouda
Zoumougine
