Abi Huleifa
Abrag Khitan
Abrak Khetan
Abraq Haytan
Abraq Khaitan
Abraq Khaytan
Abraq Khetan
Abraq Khitan
Abu Halaifa
Abu Halaifah
Abu Halifah
Abu-Hleifa
Abu Hulaifa
Abu Hulaifah
Abu Hulayfah
Ad Da`iyah
Ad Dasht
Ad Dasma'
Ad Dasmah
Ad Dawhah
Ad Diba`iyah
Ad Duba`iyah
Ad Dumna
Ad Dumnah
Ahmad
Ahmadi
Ahmedi
Al `Abbasiyah
Al `Abdaliyah
Al Ad`ami
Al Adhaba-iyah
Al `Adiliyah
Al Ahmadi
Al-`Alaimah
Al `Arfajiyah
Al `Aridiyah
Al Aridiyah
Al `Awazim
Al Badawiyah
Al-Bahra
Al Bahrah
Al Bhar
Al Bida`
Al Bid`
Al Biddah
Al-Bidde
Al Bult
Al-Dhubaiyah
Al Diya
Al Doha
Al Edeiya
Al-Fahaheel
Al-Fahahil
Al Fanaitis
Al Fantas
Al-Farawaniyah
Al Farwania
Al Farwaniyah
Al-Farwaniyyah
Al Fayha'
Al-Finaitees
Al Fintas
Al Fintass
Al Fuhayhil
Al Funaytis
Al Hadeeqa
Al Hadiqah
Al-Hijajah
Al Hujayjah
Al Ifhaihil
Al Jabiriyah
Al Jahara
Al-Jaharah
Al Jahra'
Al Jahrah
Al Khalidiyah
Al Khidr
Al Khiran
Al Khuwaysat
Al Kuwait
Al Kuwayt
Al Maghasil
Al Magwa
Al Mahbulah
Al-Mangaf
Al Manjaf
Al Manqaf
Al Mansuriyah
Al Maqwa`
Al Masilah
Al Mijifa
Al Mina'
Al Muraytibah
Al Murqab
Al-Najafa
Al-Nigaiyat
Al Nijifa
Al Qadisiyah
Al Qiblah
Al Qulay`ah
Al-Riqqah
Al-Sabahiyah
Al Shamiya
Al-Shuaiba
Al Shuwaikh
Al-Sulaibikhat
Al `Udayliyah
Al `Ulaymiyah
Al `Umariyah
Al `Uqaylah
Al `Uqlah
Al Wafrah
Al Yarmuk
An Nami
An Niggaiyat
An Nijfah
An Nugayyat
An Nuqay`at
An Nuqayyat
An Nuqrah
An Nuzhah
`Araifjan
Arefjan
Ar Rabiyah
Ar Raudha
Ar Rawdah
Ar Rayy
Ar Riqqah
Ar Rumaythiyah
`Ashish ad Dawhah
`Ashish al Jahra'
Ashish al Jahrah
Ash Sha`b
Ash Shadadiyah
Ash Shamiyah
Ash Sharq
Ash Shu`aiba
Ash Shu`aybah
Ash Shubaykah
Ash Shuwaykh
As Sabahiyah
As Salihiyah
As Salimiyah
As Shu`aiba
As Sulaybikhat
As Surrah
At Tawil
Az Zaur
Az Zawr
Az Zawr
Az Zor
Bad'ah
Bahra
Bahrah
Bandar ash Shuwaykh
Bandar Shuwaik
Bandar Shuwaikh
Bander Shweikh
Bayan
Bunayd al Qar
Dahiyat `Abd Allah as Salim
Dant
Dasma
Dasmah
Dauha
Dhuba`iyah
Dhulai` Sa`ud
Dimnah
Doha
Dubayeiha
Dulay` Sa`ud
Dulay` Su`ud
Duwaydat
Fahaheel
Fahahil
Fahaihil
Fahayhil
Failakka Village
Fanaitis
Fantas
Fantass
Farwaniah
Farwaniyyeh
Fayha
Finatus
Fintas
Fintass
Fraitsass
Fuhayhil
Funaitís
Funaytis
Funtás
Hagaija
Halaifa
Haqaija
Haqaijah
Hawali-nogra
Hawalli
Hawaly
Hugaija
Iahara
Jabriya
Jahrah
Jahra Village
Jalib ash Shuyukh
Janub as Surrah
Janub Khaytan
Jleeb al Shuyoukh
Juaidan
Ju`aydan
Kaifan
Kayfan
Keefan
Khaitan
Khitan
Kifan
Koetan
Koweit
Kuwait
Kuwayt
Kuweit
Madinat al Kuwayt
Magwa
Majiwah
Manifah
Maqwah
Maqwa
Mina' az Zawr
Mina' az-Zor
Mina' Sa`ud
Munifah
Muqrah
Mushrif
Nigra
Nugra
Nuqrah
Port Shuwaikh
Qalib al Shuyukh
Qalib ash Shuyukh
Qasm Dasman
Qullat Shujayr
Qurtubah
Rowda
Rumaithiya
Sabah as Salim as Sabbah
Sabah as Salim
Salimiyah
Salmiyah
Salmiya
Salmiyyeh
Salwá
Shaabah
Shaab
Sha'iba
Shamiyah
Shamiya
Shamiyeh
Shamiyyeh
Sharq Hawalli
Shauiba
Shi'aibah
Shua'ibah
Shuaiba
Shu`aybah
Shumaymah
Shuwaikh Port
Shuwaikh
Shuwoikh
South Surra
Subayhiyah
Sulaibikhat
Suleibikhat
Ugla
Umm Qasabah
Umm Qasbah
Umm Siddah
`Uqaila
`Uqallah
`Uqlah
`Urayfijan
`Ushaysh al Jahra'
Warah
Zor
