Banksville
Battle Ground
Belford Estates
Birch Tree Hill
Blakes
Blossom Point
Blossom Village
Bodden
Bodden Town
Botabano
Breakers
Breezy Castle
Brinkleys
Cayman Palms
Coral Gables
Creek
Dog City
Driftwood Village
Dusty Place
East End
Frenchman's Fort
George Town
Gun Bay
Gun Bay Village
Half Moon Bay
Half Way Pond
Head of Bay
Hell
High Rock Estates
Hutland
Knob Hill
Lambert House
Lower Valley
Midland Acres
Molusca Heights
Mount Pleasant
Newland
Newlands
North Side
North Side Village
North Sound Estates
North Ward
Old Isaacs
Old Man Bay
Old Man Village
Old Stores
Omega Gardens
Pease Bay
Pedro
Prospect Park
Prospect
Red Bay Estate
Red Bay
Rock Hole
Saint James
Sand Bluff
Savannah Acres
Savannah
South Hole
South Town
Spot Bay
Spotts
The Common
The Moorings
Tibbetts Turn
Town Hall Crescent
Tropical Gardens
Upper Land
Vicksville
Water Ground
West Bay
West End
Whitehall Estate
