Aâba
Aabâssîye
Aabba
Aabbâssîyé
Aabboûd
Aabboûdîyé
Aabd el Fattâh
Aabdillé
Aabdilli
Aabdîne
Aabeïdât
Aabeïdâte
Aabey
Aablâ
Aabra
Aabrîne
Aachâch
Aachqoût
Aachqoûte
Aadbel
Aadchît
Aadchîte
Aadchît el Qoussaïr
Aadloun
Aadmoûn
Aadoui
Aadouîyé
Aadoûss
Aafsadîq
Aafsdîq
Aaichiye
Aaïdamoun
Aaïha
Aaïmâr
Aaïntoûra
Aaïntoûrîne
Aaïta el Foukhâr
Aaïta ez Zott
Aaïtanît
Aaitaniya
Aaïyât
Aajaltoûn
Aajeltoûn
Aakar
Aakb el Bellene
Aakfor
Aakkar el Aatîqa
Aakkari
Aakkour
Aaley
Aali enn Nahri
Aâlîtâ
Aalma
Aalma ech Chaab
Aalmâne
Aalmâne
Aalmâne ed Daïaa
Aalmâte
Aamara
Aamâr
Aamâr el Beïkâte
Aamâr el Bikât
Aamaret el Bikat
Aamâtour
Aamchite
Aammârîye
Aammâtour
Aammiq
Aammîq
Aamqa
Aamra
Aamra
Aamzît
Aâna
Aanâne
Aanâyé
Aanbâl
Aandqet
Aanjar
Aannâya
Aannbâl
Aanndaqatt
Aanout
Aânoûte
Aanqoûn
Aantoûra
Aantoûra
Aaouadi
Aaouainat
Aaouaïni
Aaoudet el Qalamoûn
Aaoueïnâte
Aaoukar
Aaoumar ed Dine
Aaounîyé
Aaoura
Aaqabet Haïroûna
Aaqb el Ballâne
Aaqbet Sebaail
Aaqlaïn
Aaqliya
Aaqlîyé
Aaqmata
Aaqoura
Aaqtanît
Aaqtanîte
Aarab ej Jall
Aarab el Lizzâb
Aarab Jall
Aarab Salîm
Aarab Tabbâya
Aaraïya
Aaramoûn
Aaramoûr
Aaramta
Aarbânîye
Aarbet Hlâli
Aarbet Qouzhaïya
Aardâne Abou Sahné
Aardât
Aarîd
Aarîd en Naas
Aarjess
Aarka
Aarmoûn
Aarqa
Aarsâl
Aartez
Aâr Youhanna Mâroûn
Aasfouriye
Aashqoûte
Aassaimont
Aassoûn
Aâssûn
Aätît
Aatrîne
Aayâte
Aayoûn Ar'rhoûch
Aayoûn el Ghezlâne
Aayoûn el Rhozlâné
Aayoûn Orghouch
Aaz el Aarab
Aaz el Arab
Aazibiett Tahta
Aâzoûr
Aazqaï
Aazqé
Aazr Kfartaï
Aazzé
Aazziye
`Aba
Abadiyeh
Abadyé
`Abayah
`Abayh
`Abba
`Abbah
`Abbasiyah
Abbassiyé
Abboud
`Abboudiyah
Abbou Halqa
`Abbud
`Abbudiyih
`Abdalali
`Abd Allah
`Abdeen
Abdellé
Abdelli
`Abd Ilah
`Abdilli
`Abdin
Abeïdate
`Abeih
Abey
Abiye
Ablah
`Ablah
Ablaj
Abou Aafta
Abou Chach
Abou Chamaa
Abou Chêch
Abou Halka
Abou Halqa
Abou Hammad
Abou Jamach
Abou Mîzâne
Abou Qamha
Abou Qamhah
`Abra
`Abrin
Abrine
Abu `Afta
`Abudiyah
Abudiyeh
Abu Halqah
Abu Hammad
Abu Mizan
Abu Qamhah
Abu Shash
Achamssîyé
Achech
Achkoute
Achqoûte
Achrafie
Achrafieh
Achrafiyé
`Adawiyah
Ad Chite
Ad Dabbabiyah al Gharbiyah
Ad Dabbabiyah ash Sharqiyah
Ad Dabbaghah
Ad Dabiyyah
Ad Dabshah
Ad Dahr
Ad Dahr
Ad Dahrat
Ad Dakwah
Ad Dalhamiyah
Ad Dalhamiyah
Ad Dallashah
Ad Damur
Ad Daqarin
Ad Darajah
Ad Da`sah
Ad Dashuniyah
Ad Da`uq
Ad Dawawir
Ad Dawrah
Ad Dawrah
Ad Dawsah
Ad Dawwar
Ad Dawwarah
Ad Day`ah
Ad Day`ah
Ad Dibbiyah
Ad Dighalah
Ad Dikwanah
Ad Dikwani
Ad Dikwanih
Ad Dilghan
Ad Diman
Ad Dimashqiyah
Ad Diqar
Ad Dkarin
`Addousiyah
Ad Dubayyah
Ad Dubbiyah
Ad Duhayrah
Ad Dulb
Ad Duqa
Ad Duq
Ad Duwayir
Ad Duwayr
Ad Duwayr
Ad Duwayr
Adessé
Adh Dhuhaybiyah
Adh Dhunaybah
Adloun
`Adlun
Adma ad Dafnah
Adma
Adma et Defné
Admoun
Adonîs
Adoudieh
`Adour
`Adsheet
`Adsheet el-Qseir
`Adshit
`Adshit al Qusayr
Adunis
`Adwi
Afka
Afqa
Afsadik
`Afsadiq
Aghbah
Aghbat al Fawqa
Aghbat at Tahta
Aghmid
Ahmaj
Ahmar Zrîr
Ahour
Ahrmîd
Aïchâné
Aïchiye
`Aidamoun
`Aidamoun
Aïdmoun
Aïha
Ailoûte
Aïn Aakrîne
Aïn Aalaq
Aïn Aanoub
Aïn Aarab
Aïn Aâr
Aïn Aata
Aïnâb
Aïn Ahla
Aïn
Aïn Alaq
Aïn Anoub
Aïn Arab
`Ain `Ata
Aïnâta
Aïnât
Aïn Baâl
Aïn Baâl
`Ain B`al
Ain Barq
Aïn Blît
Aïn Bounâya
Aïn Bouraï
`Ain Burday
`Ain Buswar
Ain Dara
Aïn Délbi
Ain Dilbi
`Ain Drafeel
Aïn Drâfîl
Aïn Ebel
Aïn ed Deïr
Aïn ed Delb
Aïn ed Delbé
Aïn ed Delbi
`Ain ed Dilbe
Ain ed Dobb
Aïn ej Jaouzé
Aïn ej Jdîdé
Aïn ej Jnâh
Aïn ej Jorn
Aïn el Aalaq
Aïn el Assad
Aïn el Bârdé
Aïn el Bâtié
Aïn el Batrak
Aïn el Blât
Aïn el Fraïdis
`Ain el Freidees
Aïn el Ghmîqa
Aïn el Haizoûn
Aïn el-Halazoun
Aïn el Halzoun
Aïn el Hânoût
Aïn el Haour
Aïn el Hiloué
Aïn el Hiloué
Ain el Hour
Ain el How
Aïn el Jaouze
`Aïn el-Jauzah
Aïn el Jrâne
Aïn el Kabou
`Ain el-Kharoubah
Aïn el-Kharoubé
Aïn el Kharroûbé
Aïn el Laboué
Aïn el Maaïsre
Aïn el Marj
Aïn el Mehnaïde
Aïn el Mentné
Ain el Mreisse
Aïn el Qabou
Aïn el Qadah
Aïn el Qatroûn
Ain el-Rummaneh
Aïn Ennakri
Aïn en Nasb
Aïn Enoub
Aïn er Râha
Aïn er Remmeni
Aïn er Rîhâné
Aïn er Rîhâni
Aïn er Roummane
Aïn es Safsaf
`Ain es-Salhiyah
Ain Essalhiye
Aïn es Salîb
Aïn es Sghaïri
Aïn es Sihha
Aïn es Sindiâné
Aïn es Sinndiâne
Aïn et Tannoûr
`Ain et-Teenah
Aïn et Tîné
Aïn et Tîné
Aïn et Toghra
Aïn ett Teffâha
Aïn ett Tîné
Aïn ez Zaïté
Aïn ez Zaïtouné
`Aïn ez-Zarqa
`Ain ez Zeit
Aïn Faouâr
Aïn Fraïdîs
Aïn Halzoun
Aïn Hammana
Aïn Hammane
Aïn Herché
`Aïn Hirsha
Aïn Horché
Aïn Ibel
`Ain Ibil
Ain Ibl
Aïn Iskandar
Aïn Jaouzé
`Ain Jarfa
Aïn Jdaïde
Aïn Jédidi
Aïn Jérane
Aïn Jerfa
Aïn Jouaïya
Ain Jouaya
Aïn Jraïn
Aïn Jrane
`Ain Jrein
`Ain Jweiya
Aïn Kafer Zabad
Aïn Kafra
Aïn Keria
Ain Kesur
Aïn Kfâa
`Ain Kfa`
`Ain Kfarzabad
Aïn Kféa
Aïn Ksoûr
`Ain Ksur
Aïn Majdalaïne
Aïn Mouaffa
Aïn Mouaffaq
Aïn Najem
Aïn Nijm
Aïn Nouna
Aïn Ouaraqa
Aïn Ouarga
Aïn Ouarqa
Aïn Ouazine
Aïn Ouzaïn
Aïn Ouzzaï
Aïn Qâna
Aïn Qanîyé
Aïn Qâra
Aïn Qénia
`Ain Qinia
`Ain Qini
Aïn Qlaïâa
Ain Qoun
Aïn Qsour
`Ain Qusur
Aïn Saâdé
Aïn Safsaf
Aïn Saoufar
Aïn Sindiane
Ain Slaïe
Ain Slaïyé
Aïn Tanta
`Ain Tanta
Aïn Tinta
Aïn Tounta
Aïntoûra
`Aintourah
Aïn Toûrîne
Aïn Trâz
`Ain Trez
`Ain Tura
Ainture
`Ain Wzei
`Ain Wzein
Aïn Yaaqoûb
Aïn Yakoub
`Ain Ya`qoub
Aïn Zaïtoûn
Aïn Zaitouné
Aïn Zebdé
`Ain Zehalta
Ain Zehalte
Aïn Zhalta
`Ain Zibdah
Aïta Chaab
Aïta ech Chaab
Aïta el Foukhar
`Aita el-Fukhar
`Aita esh-Sha`b
Aïta ez Zoutt
`Aita ez-Zutt
`Aitaneet
Aïtanît
Aïtanîte
Aïtaroun
Aïtâte
Aïta Zott
`Aiteet
Aïtîte
Aïtou
Aïtouli
Aïtout
Ajaltoun
`Ajaltun
Ajd Aabrîne
Ajeltoûn
Akar
Akbé
`Akkar
`Akkar al `Atiqah
`Akkar el - `Ateeqah
Akoura
`Akr `Atiqah
Akroum
Akrum
Akura
Al `Abbadiyah
Al `Abbasiyah
Al `Abbudiyah
Al `Abdah
Al `Abdini
Al `Abrah
Al `Adasah
Al `Addusiyah
Al `Adhra'
Al `Afs
Al `Afs
Al Ahqaf
Al Akoura
Al `Alali
Al `Alali
Al `Ali
Al `Amarah
Al `Amariyah
`Alam esh Sha`b
Al `Amiriyah
Al `Ammariyah
Al `Ammuri
Al `Amrah
Al `Amriyah
Al `Amrusiyah
Al `Anbari
Al Ansil
Al `Aqabah
Al `Aqabah
Al `Aqabah
Al `Aqabih
Al `Aqurah
Al `Arabah
Al `Arabah
Al `Aramah
Al `Ar`ar
Al `Arbaniyah
Al `Aridah
Al `Arid
Al `Arish
Al Arz
Al `Asbah
Al Ashrafiyah
Al Ashrafiyah
Al `Atshanah
Al `Awdah
Al `Awjan
`Alayh
Al `Ayn
Al `Ayn
Al `Ayn
Al `Ayrun
Al `Ayshiyah
Al `Ayyarah
Al `Azaqah
Al `Azaq
Al `Azibah
Al `Azr
Al `Azuniyah
Al `Azziyah
Al `Azzuniyah
Al Baba
Al Babiliyah
Al Babliyah
Al Baddawi
Al Baduwani
Al Baghdadi
Al Bahharah
Al Bahra
Al Bahsah
Al Bahsah
Al Bahsasah
Al Bahsas
Al Bajjajah
Al Balatah
Al Balatah
Al Balat
Al Balat
Al Barakah
Al Baramiyah
Al Barbarah
Al Barghash
Al Baridah
Al Barid
Al Barraniyah
Al Baruk
Al Basatin
Al Bashiqiyah
Al Bashurah
Al Batiyah
Al Batrun
Al Battal
Al Bawshariyah
Al Bawshiriyah
Al Bayadah
Al Bayad
Al Bayadir
Al Baydar
Al Baydar
Al Bayyadah
Al Bayyad
Al Bayyad
Al Bayyad
Al Bazuriyah
Al Bi'arah
Al Biddawi
Al Binnay
Al Birah
Al Birah
Al Birah
Al Biri
Al Birkah
Al Bisariyah
Al Bramiyah
Al Buhayrah
Al Buhayri
Al Buhays
Al Bum
Al Buq`ah
Al Buqul
Al Burayj
Al Burghuliyah
Al Burj
Al Burj
Al Burj
Al Burjayn
Al Buss
Al Bustan
Al Bustan
Al Buwar
Al Buwayb
Al Buwaydah
Al Buzuriyah
Al Bwar
`Aleeta
`Aleih
Aley
Al Fakyah
Al Faradis
Al Fardis
Al Farsh
Al Fasqin
Al Fathan
Al Fa`ur
Al Fawwarah
Al Fawwar
Al Fawwar
Al Fawwar
Al Fayyadiyah
Al Fidar
Al Fnaydiq
Al Fraykah
Al Fsaqin
Al Ftahat
Al Ftahat
Al Fukhaytah
Al Funaydiq
Al Furaydis
Al Furaydis
Al Furn
Al Furzul
Al Ghabah
Al Ghabah
Al Ghab
Al Ghabat
Al Ghabbatiyah
Al Ghabbit
Al Ghabiyah
Al Ghabun
Al Ghanduriyah
Al Ghanduriyah
Al Ghassaniyah
Al Ghaydah
Al Ghazalah
Al Ghaziyah
Al Ghimaq
Al Ghinah
Al Ghubayrah
Al Ghubayri
Al Ghumq
Al Ghuwayyat
Al Habash
Al Habashi
Al Habbaq
Al Habis
Al Hadath
Al Hadath
Al Hafa'ir
Al Haffah
Al Hajjah
Al Hakur
Al Halazun
Al Hamasiyat
Al Hammar
Al Hamra'
Al Hamra'
Al Haniyah
Al Haqlah
Al Harah
Al Harah
Al Harah
Al Harah
Al Harah
Al Hara'iq
Al Harf
Al Harf
Al Harf
Al Hariqah
Al Hariq
Al Harithiyah
Al Harmal
Al Hasak
Al Hassaniyah
Al Haswani
Al Ha'uz
Al Hawqa
Al Hawsh
Al Hawtah
Al Hawwarah
Al Hazimiyah
Al Hazimiyah
Al Hbabiyah
Al Hibbariyah
Al Hilaliyah
Al Hilaliyah
Al Hilwah
Al Hilwah
Al Hinniyah
Al Hiqr
Al Hirdawsh
Al Hiri
Al Hirmil
Al Hirmil
Al Hisah
Al Hisar
Al Hrazmin
Al Hulah
Al Hulwah
Al Hulwah
Al Humayrah
Al Humays
Al Humsiyah
Al Hunud
Al Huraniyah
Al Hurayfat
Al Huri
Al Huriyah
Al Husayn
Al Husun
Al Huwaysh
Alia
`Ali an Nahri
Ali en Nahri
Al Insariyah
Al Istabil
Al Istabl
`Alita
Aliye
Al `Izziyah
Al Ja`ayil
Al Jahiliyah
Al Jahiliyih
Al Ja`r
Al Jarmaq
Al Jawhariyah
Al Jawz
Al Jazirah
Al Jdaydah
Al Jdaydih
Al Jibbayn
Al Jisr
Al Jiwar
Al Jiyah
Al Jlayliyah
Al Jubaniyah
Al Judaydah
Al Judaydah
Al Judaydah
Al Judaydah
Al Judaydih
Al Jumayliyah
Al Jummayzah
Al Jundi
Al Jurayd
Al Jurn
Al Kafr
Al Kahhalah
Al Kahluniyah
Al Kanisah
Al Karnish
Al Kasa'ir
Al Kaslik
Alk er Rayess
Al Khalal
Al Khalawat
Al Khalidiyah
Al Khalisah
Al Khallah
Al Khalwah
Al Khalwat
Al Khansharah
Al Khanuq
Al Khara'ib
Al Khara'ib
Al Khara'ib
Al Kharayib
Al Kharibah
Al Kharrub
Al Khayyam
Al Khidr
Al Khinsharah
Al Khirbah
Al Khirbah
Al Khirbah
Al Khiyam
Al Khiyarah
Al Khraybih
Al Khudayrah
Al Khudr
Al Khuraybah
Al Khuraybah
Al Khuraybah
Al Khuraybah
Al Khurayyib
Al Khurayzah
Al Khurway`ah
Al Knaysah
Al Knaysah
Al Knaysah
Al Knaysah
Al Knaysih
Al Ksarah
Al Ksar
Al Kufayr
Al Kufun
Al Kufur
Al Kufur
Al Kunaysah
Al Kunayyisah
Al Kunayyisah
Al Kunayyisah
Al Kurum
Al Kwashrah
Al Labbunah
Al Labwah
Al Lahibiyah
Al Laqluq
Al Lawzah
Al Laylakah
Alley
Al Luwayzah
Al Luwayzah
Al Ma`adin
`Alma
Al Ma`amiltayn
`Alma ash Sha`b
Al Ma`asir
Al Ma`awil
Al Mabrak
Alma Chaab
Al Madfun
Al Ma`dilah
Al Madinah al Jadidah
`Alma esh Sha`b
Alma esh Shaub
Al Maghar
`Almah
Al Mahattah
Al Mahattah
Al Mahmara
Al Mahmudiyah
Al Mahruqah
Al Majadil
Al Majdal
Al Majdal
Al Majidiyah
Al Makhadah
Al Maknuniyah
Al Malihah
Al Malikiyah
Al Mallahah
Al M`alliyah
Al Mallulah
`Alman ad Day`ah
`Alman
`Alman
Al Manazil
Al Manbukh
Al Ma`niyah
Al Manshiyah
Al Mansurah
Al Mansurah
Al Mansuri
Al Mansuriyah
Al Mantarah
Al Manzilah
Al Manzilah
Al Manzilah
Al Maqasid
Al Maqtu`ah
Al Maradisin
Al Maradiyah
Al Marfa'
Al Mari
Al Marjah
Al Marj
Al Marj
Al Marji
Al Markaz
Al Marmaghah
Al Marwaniyah
Al Mashati
Al Mashatiyah
Al Mashnaqah
Al Mashra`
Al Mashrafah
Al Mashraf
Al Mashrah
Al Maslukh
Al Masqá
Al Masrab
Al Mas`udiyah
Al Masyaf
`Almat
`Almat ash Sha`b
Almate
Al Matmurah
Al Maydan
Al Mayl
Al Mazarib
Al Mazki
Al Mazra`a
Al Mazra`ah
Al Mazra`ah
Al Mharbiyah
Al Midan
Al Midan
Al Midan
Al Midan
Al Mighraqah
Al Mighraq
Al Mihti
Al Mi`mariyah
Al Mina
Al Mina'
Al Mina
Al Minniyah
Al Minyah
Al Miqraq
Al Mirdashah
Al Mishhat
Al Miyah Umiah
Al Miyah wa Miyah
Al Miyasah
Al Mraysah
Al Mtaylah
Al Mtullah
Al Mu`allaqah
Al Mu'anasah
Al Mu`aysirah
Al Mu`aysirah
Al Mu`ayziyah
Al Mubarakiyah
Al Mudawwar
Al Mudayrij
Al Mughayrah
Al Mughayriyah
Al Mughaysil
Al Mughayyiri
Al Mughiri
Al Mughraq
Al Muhammarah
Al Muhaydithah
Al Muhaydithah
Al Muhaytah
Al Muhtaqarah
Al Mujaydil
Al Mujaydil
Al Mukallis
Al Mukaydis
Al Mukhtarah
Al Munaytirah
Al Munqalabah
Al Munsif
Al Muqaybilah
Al Murabba`ah
Al Muradiyah
Al Muraji
Al Murayjah
Al Murayjat
Al Murayjat
Al Muruj
Al Musalla
Al Musawwadiyah
Al Musaybik
Al Musaytbah
Al Musaytibah
Al Musayyid
Al Mushaylihah
Al Mushaytiyah
Al Mutall
Al Mutaylah
Al Mutaylib
Al Mutayn
Al Mutayriyah
Al Mutillah
Al Muzayri`ah
Al Muzayyanah
Al Qa`ah
Al Qa`
Al Qabbariyah
Al Qabw
Al Qadiriyah
Al Qala`
Al Qal`ah
Al Qal`ah
Al Qalamun
Al Qalilah
Al Qammatiyah
Al Qamu`
Al Qan`abah
Al Qanatir
Al Qanayah
Al Qanisah
Al Qannabah
Al Qannabah
Al Qantarah
Al Qantarah
Al Qantari
Al Qa`qiyah
Al Qa`qur
Al Qarahinah
Al Qaraqif
Al Qar`awn
Al Qarfi
Al Qarn
Al Qarn
Al Qarquf
Al Qarrami
Al Qarsa
Al Qar`un
Al Qasha
Al Qasimiyah
Al Qasr
Al Qasr
Al Qass
Al Qati`
Al Qati`
Al Qati`
Al Qatlabah
Al Qattarah
Al Qattin
Al Qawzah
Al Qaysariyah
Al Qbayyat
Al Qibi`
Al Qiddamiyah
Al Qimmamin
Al Qir`awn
Al Qlay`ah
Al Qmayzri
Al Qub`a
Al Qub`
Al Qubayyat
Al Qubbah
Al Qubbah
Al Qulay`ah
Al Qulay`at
Al Qulay`at
Al Qulaylah
Al Qunaytirah
Al Quray`ah
Al Qurayn
Al Qurayyah
Al Qurayyah
Al Qurnah al Hamra'
Al Qurnah
Al Qusaybah
Al Qusaybah
Al Qusayfiyah
Al Qusayr
Al Qusayr
Al Qusayr
Al Qutrani
Al Quzah
Al Ramayl
Al `Ullayqah
Al Umara'
Al `Uqaydah
Al `Urbaniyah
Al `Usfuriyah
Al `Uwaynah
Al `Uwaynat
Al `Uwaynat
Al `Uyun
Al `Uyun
Al Wadi
Al Wadi
Al Wadi
Al Wardani
Al Wardaniyah
Al Wardiyah
Al Warhaniyah
Al Wastani
Al Wata'
Al Wata'
Al Wataya
Al Wati'ah
Al Wazzani
Al Yahudiyah
Al Yahudiyah
Al Yammunah
Al Yasu`iyah
`Amar al Baykat
Amar ed Dîne
Amatur
Amchit
Amchitt
Amioûn
Amiun
Ammathur
`Ammatour
`Ammatur
`Ammeeq
`Ammiq
`Ammiq
Amnik
Amr ed Dîne
`Amriyah
Amriyé
`Amsheet
`Amshit
Am Toûrîne
Amyun
`Amzit
`Ana
Anan
Anâne
`Anbal
Andakit
`Andaqah
`Andaqat
Andeket
`Andqit
Anfah
`Anjar
Ankénia
`Ankun
An Nab`ah
An Nab`at
An Nabatiyah al Fawqa
An Nabatiyah
An Nabatiyah at Tahta
An Nabbut
An Nabi al Awza`i
An Nabi Ayla
An Nabi Khalid
An Nabi Kuzaybir
An Nabi Rashadah
An Nabi Rashad
An Nabi Sami
An Nabi Sbat
An Nabi Shit
An Nabi Sujud
An Nabi `Uthman
An Nabiyah
An Nabi Yunus
An Nabi Yunus
An Nabi Yusha`
An Nafisah
An Nahriyah
An Na`imah
An Najjariyah
An Nakhlah
An Nammurah
An Namurah
An Naqbah
An Naqqash
An Naqurah
An Na`s
An Na`sat
An Nasirah
An Nasiriyah
An Nasiriyah
An Nassar
An Na`urah
An Nawa`is
An Nawsa
An Nawus
Annâya
An Nmayriyah
An Nqur
Anntelias
An Nufaysah
An Numayriyah
`Anout
`Anqun
Ansar
Antilyas
Antipatris
Antoura
Antoura
Antura
`Anturah
`Anturah
`Anut
Aoueinate
Aounyé
`Aqabat Hayruna
`Aqabat Sib`il
`Aqlin
`Aqtanit
`Arab al Jall
`Arab al Lizzab
`Arabat Hilali
`Arabat Qizhayya
`Arab Bsaleem
`Arab Salim
`Arab Tibbaya
Aramoun
`Aramoun
`Aramtá
`Aramtah
`Aramti
`Aramun
'arat an Nab`
Araya
`Arayh
`Arayya
Arbanie
Arbanieh
`Arbaniyah
`Arbat Qizheiya
Ardah
Ard al Husayn
Ard Bou Torbey
Ard Bu Turbayh
Ardé
Ard el Hsseïn
Ardia
Ardjes
`Areiya
Areya
Ar'Haiya
Arhmîd
`Arid an Na`s
`Aridha
Arjes
`Arjis
Arka
Armenian Village
Arnaoûn
Arnoûn
Arnun
`Arqa
`Arqah
`Arqoub
Ar Rabiyah
Ar Rafid
Ar Rahbah
Ar Ram
Ar Ramiyah
Ar Ramlah
Ar Ramliyah
Ar Ramtaniyah
Ar Ramut
Ar Ransiyah
Ar Raqayif
Ar Rashidiyah
Ar Rasif
Ar Rawa'is
Ar Rawshah
Ar Rayhanah
Ar Rayhan
Ar Rayhaniyah
Ar Rihan
Ar Rimmah
Ar Ru'aysah
Ar Ru'ays
Ar Ru'ays
Ar Rujmah
Ar Rumani
Ar Rumaylah
Ar Rumaylah
Ar Rumayl
Ar Rumayliyah
Ar Rushaydiyah
Ar Ruwaymah
`Arsal
Arsouna
Arsoûn
Arsun
`Artez
`Artiz
Arzaï
Arzoûn
Arzun
Asfouryé
Asfurieyh
`Ashash
`Ashqut
Ashrafiyah
Ash Shabaniyah
Ash Shabbaniyah
Ash Shabbuq
Ash Shabraqiyah
Ash Shaghur
Ash Shahahir
Ash Shahharah
Ash Shahut
Ash Shalqah
Ash Shalut
Ash Sham`ah
Ash Shambuq
Ash Shamikhah
Ash Shamis
Ash Shamis
Ash Shamsiyah
Ash Shaqduf
Ash Shaqif
Ash Sharafah
Ash Sha`rah
Ash Sharawinah
Ash Sharbinah
Ash Sharbin
Ash Sharbin
Ash Sharifah
Ash Sharqiyah
Ash Sharqiyah
Ash Sharshar
Ash Sharwi
Ash Shattuh
Ash Shawaliq
Ash Shawaya
Ash Shawi
Ash Shawiyah
Ash Shawmarah
Ash Shaykh `Abd Allah
Ash Shaykh `Ayyash
Ash Shaykh Muhammad
Ash Shaykh Taba
Ash Shaykh Zinad
Ash Sh`aytiyah
Ash Shi`b
Ash Shir
Ash Shiyah
Ash Shumaysat
Ash Shuwayfat
Ash Shuwayr
Asloût
Asloûte
Aslut
Asna
Asnoûn
Asnun
As Sabuniyah
As Sa`diyat
As Safarjalah
As Safinah
As Safirah
As Safirih
As Safra'
As Safrah
As Safrah
As Sahah
As Sahlah
As Sahlah
As Sahl
As Sa`idah
Assaïmoute
As Sakakiyah
As Saksakiyah
As Sala`ah
As Sala'ikh
As Salam
As Salihani
As Salihiyah
As Sama`iyah
As Samqaniyah
As Sanawbar
As Sanawbar
As Saqy
As Sarafand
As Sar
As Saraya
As Sarji
As Sar`uniyah
As Sawaqi
As Sawirah
As Sawma`ah
As Sawwanah
As Sawwanah
As Sawwani
As Sawwanih
As Sayfi
As Sayyid
Assia
As Siddiqin
As Siffi
As Sifri
As Sindiyanah
As Sirah
As Siyahah
Assoûba
Assoun
As Subayyil
As Sufaylah
As Suhaylah
As Suhum
As Sulayyib
As Sulayyib
As Sultaniyah
As Sultan Ya`qub
As Sultan Ya`qub at Tahta
As Summaaiyah
As Surayj
As Surayj
As Surayri
As Sutuh
As Suwaydah
As Suwaydiyah
As Suwaysah
As Suwaysih
`Asun
Aswaq as Safsaf
Asya
Ath Thamiriyah
`Atreen
At Tallah
At Tallah
At Ta`mir
At Tarbi`ah
At Taru`
At Tawari`
At Taybah
At Tayri
At Tayyibah
At Tayyibah
At Tiri
At Tulayl
At Tut
At Tuwayri
At Tuwaytah
At Tuwaytah
`Awkar
`Awrah
Ay`at
`Aydamun
`Aydamun
`Ayha
Ayhah
`Ayishiyah
`Aylut
`Aymar
`Aynab
`Ayn ad Dayr
`Ayn ad Dib
`Ayn ad Dilbah
`Ayn ad Dubb
`Ayn ad Dulbah
`Ayn ad Dulb
`Ayn Ahilah
`Ayn al `Alaq
`Ayn al Asad
`Ayn al Balat
`Ayn al Baridah
`Ayn al Batiyah
`Ayn al Batrak
`Ayn al Bunayyah
`Ayn al Fawwar
`Ayn al Furaydis
`Ayn al Ghamiqah
`Ayn al Halazun
`Ayn al Hanut
`Ayn al Hawr
`Ayn al Hulwah
`Ayn al Jadidah
`Ayn al Janah
`Ayn al Jawzah
`Ayn al Jurn
`Ayn al Kharrubah
`Ayn al Labwah
`Ayn al Marj
`Ayn al Mintinah
`Ayn al Mir
`Ayn al Mu`aysirah
`Ayn al Muhnaydah
`Ayn al Muraysá
`Ayn al Muraysi
`Ayn al Qabu
`Ayn al Qabw
`Ayn al Qadah
`Ayn an Nasb
`Ayn `Arab
`Ayn `Ar
`Ayn ar Rahah
`Ayn ar Rayhanah
`Ayn ar Rummanah
`Ayn as Safsaf
`Ayn as Salib
`Ayn as Salihiyah
`Ayn as Sihhah
`Ayn as Sindiyanah
`Ayn as Sughayrah
`Ayn `Ata
`Aynata
`Aynata
`Aynat
`Aynat
`Ayn at Tannur
`Ayn at Tinah
`Ayn at Tinah
`Ayn at Tuffahah
`Ayn at Tughra'
`Ayn az Zayt
`Ayn az Zaytunah
`Ayn Ba`al
`Ayn B`al
`Ayn Balit
`Ayn Barq
`Ayn Bunaya
`Ayn Burday
`Ayn Darah
`Ayn Drafil
`Ayn Fawrayn
`Ayn Hammana
`Ayn Hirchih
`Ayn Hirshah
`Ayn Ibil
`Ayn `Ikrin
`Ayn Iskandar
`Ayn Jarfa
`Ayn Jurayn
`Ayn Jwayya
`Ayn Kafra
`Ayn Kafr Zabad
`Ayn Kfa`
`Ayn Ksur
`Ayn Kusur
`Ayn Majdalayn
`Ayn Muwaffaq
`Ayn Najm
`Ayn `Nub
`Ayn Qana
`Ayn Qaniyah
`Ayn Qaniyah
`Ayn Qarah
`Ayn Qinya
`Ayn Qinyah
`Ayn Qulay`ah
`Ayn Sa`adah
`Ayn Sawfar
`Ayn Tanit
`Ayn Tanta
`Ayn Tanta
`Ayn Tiraz
`Ayn Traz
`Aynturah
`Aynturah
`Aynturin
`Ayn `Unub
`Ayn Waraqah
`Ayn Wzayn
`Ayn Ya`qub
`Ayn Zahalta
`Ayn Zahaltah
`Ayn Zaytun
`Ayn Zhalta
`Ayn Zibdah
`Ayn Zubdah
Ayoum
Ayoum er Raazlane
Ayoun Ar'rhouch
`Ayshiyah
`Ayta al Fukhkhar
`Ayta ash Sha`b
`Ayta az Zutt
`Aytah al Fakhkhar
`Aytah
`Aytah az Zut
`Aytanit
`Aytarun
`Aytat
`Aytazut
`Aytit
Aytu
`Azibah at Tahta
AzÌ§ ZÌ§ahir
AzÌ§ ZÌ§alil
Azounié
`Azour
`Azqa
`Azqah
`Azqay
`Azr Kafrtayh
`Azur
Az Zakrur
Az Zalqa'
Az Zara'ib
Az Zarariyah
Az Zarazir
Az Zaririyah
Az Zarub
Az Zawarib
Az Zaytarah
Az Zaytuniyah
Az Zhit
Az Zirah
Az Zirah
Az Zirah
`Azziyah
Azziyé
Az Zrariyah
Az Zu`aytirah
Az Zu`aytiriyah
Az Zuhayriyah
Az Zullayqat
Az Zuq
Az Zu`rurah
Az Zu`ruriyah
Baabda
Baabdâte
Baadarâne
Baafta
Baaklin
Baakline
Ba`albak
Baalbeck
Baalbek
Baalchmay
Baalchmâyé
Baalchmay ej Jdîdé
Baal-en-Nâamé
Baal-enn-Nâamé
Baaloûl
Baaouarta
Baaouarté
Ba`aqlin
Baaqlîne
Baaqoûn
Baaqoun el Lahbiyé
Baassîr
Baatâra
Baazqoûn
Bab al Mira`
Bab ar Rujm
B`abda
B`abdat
Bâb el Ahmar
Bab en Nabaa
Bâb er Raja
Bâb er Rejm
Babliyah
Bâblîyé
Bâb Mâréaa
Bab Maré
Bab Mari`
Bachnîne
Bachoura
Bachtalidé
Bachtoûdâr
`Badat
Badbhoûn
Baddah
Baddé
Badghan
Ba`dharan
Badin
Bâdîne
Bafhoûn
Bafiliyah
Bafliyah
Bafliyé
Bahamine
Bahboûch
Bahbush
Bahdaïdâte
Bahdeïdate
Bahra
Bahsas
Bahwara
Bahweeta
Bahwita
Baïbate
Baïdar
Baïdar er Raml
Bain
Baisour
Baïssoûr
Baïssoûr
Baïta
Baiyad
Bajaa
Baj`ah
Bajjah
Bajjâjé
Bajjé
Bakhaoûn
Bakhas
Bakhass
Bakhoun
Bakh`un
Bakifa
Bakka
Bakkah
Bakkeefa
Bakkeefa
Bakkifa
Bakkifa
Balaâ
Balaaïs
Ba`labak
Ba`labakk
Ba`labakk
Bal`a
Ba`l an Na`imah
Balatat al Jamjim
Balat
Balat
Balchmayé
Baldah
Baldé
Balhâs
Ballanat al Hisah
Balloûné
Ballunah
Ballunih
Ba`loul
Ba`lshamaya
Ba`lshamiyah
Ba`lshmayh al Jadidah
Ba`lshmayh
Ba`lshmayyah
Ba`lshmeih
Ba`lul
Balvu
Balwah
Banaafoûl
Ban
Bâne
Bani Hayyan
Bani Heiyah
Baouardché
Baouârdehe
Baouchrîye
Baqâata
Baqaoun el Faouqa
Baqaoun et Tahta
Baqismaya
B`aqleen
B`aqlin
Baqsimiyah
Baq`un al Fawqa
Baq`un at Tahta
Baraachît
Barbâra
Barbarah
Barbarah
Bardé
Bareesh
Bar Elias
Barghoun
Barghun
Barhalioun
Barhalyun
Bârîch
Bariqa`
Barish
Barja
Bâroûk
Barqa
Barqayel
Barqayil
Barqoûn
Barr Eliâs
Barr Ilyas
Barsa
Barsah
Barsaysa
Barti
Baruk
Barzaqin
Basatin al `Usi
Basbeena
Basbina
Basharri
Bashmaya
Bashtalida
Bashtalidah
Bashtayil
Bashtleedih
Bashtudar
Bashura
B`asir
Baskinta
Basrin
Basroun
Basus
Batâra
Ba`tarah
Batarram
Bâter
Bâter ech Chouf
Batha
Batha'
Bathah
Batir ash Shuf
Batir
Batloun
Batlun
Batma
Batoulay
Bâtoûlîyé
Batroûmîne
Batroûn
Batrumin
Batrumun
Batrun
Batulayh
Bawarij
Ba`warta
Ba`wartah
Ba`wirtah
Bawshiriyih
Bayâda
Bayâda
Bayadah
Bayadât
Bayade
Bayâd en Nabi
Bayadir Rish`in
Baydar ar Raml
`Bayh
Bayn an Nuhur
Bayn
Baynu
Bayqun
Bayrut
Bayssoûr
Baysur
Baysur
Bayt Abu Ishaq
Bayt ad Din
Bayt al `Arab
Bayt al Bumah
Bayt al Faqs
Bayt al Hajj
Bayt al Haraqisah
Bayt al Hawsh
Bayt al Kuku
Bayt `Allam
Bayt al Mahdi
Bayt `Arab
Bayt ash Sha``ar
Bayt ash Sha`ir
Bayt ash Shi`ar
Bayt at Tufaylah
Bayt `Awkar
Bayt Ayyub
Bayt az Zahlah
Bayt Bakkur
Bayt Chebab
Bayt Dawud
Bayt Habashi
Bayt Habbaq
Bayt Hajj
Bayt Hasan Husayn
Bayt Hasna
Bayt Hawik
Bayt Hutman
Bayt `Id
Bayt Jida
Bayt Khalil
Bayt Kuraydi
Bayt Lahya
Bayt Lif
Bayt Makhluf
Bayt Mallat
Bayt Millat
Bayt Miri
Bayt Mubarak
Bayt Mudlij
Bayt Mu'minah
Bayt Mundhir
Bayt Qnati
Bayt Shabab
Bayt Shahin
Bayt Shama
Bayt Shilala
Bayt Shlala
Bayt Shulit
Bayt `Ubayd
Bayt Yahun
Bayt Yunus
Bayt Zud
Bayy Sur
Bazaoûn
Bazbeena
Bazbîna
Bazhal
Bazhel
Bazioun
Baziza
Bazizah
Bazouriyé
Baz`un
Bazun
Bazyoûn
Bazyun
Bchaalé
Bchâma
Bchamoun
Bchannîne
Bcharré
Bcharreh
Bcharri
Bcheaaqâb
Bchehhâra
Bchéla
Bchélé
Bchellé
Bchelly
Bchémoûn
Bchennâta
Bchennâte
Bchetfîne
Bchillâma
Bchillé
Bdabba
Bdabhoun
Bdabhun
Bdadun
Bdebba
Bdébhoûn
Bde`doun
Bdibba
Bdubba
Beaachta
Beacot
Bebnîne
Becharri
Bechmezzîne
Bechouât
Béchouâte
Bechta
Bechtafine
Bechtalide
Bechtâya
Bechtâyel
Bechtelîda
Bechtelidi
Bechtoudar
Bédiâs
Bédnâyel
Bednayel
Bedrhâne
Beer el-Heit
Béhâra
Behdaïdât
Behinna
Behouaïta
Béhoueïta
Beïchîyé
Beïdar
Beidar er-Raml
`Beidat
Beikoun
Beïn en Nhoûr
Beïn enn Nahraïne
Beïno
Beïqoûn
Beirout
Beirut
Beit Aaba
Beït Aabeïd
Beït Aallâm
Beït Aaoukar
Beït Aarab
BeïtAatmâne
Beït Abou Ishâq
Beït Aiyoûb
Beit Aoukar
Beit `Aukar
Beït Ayoub
Beït Bakkour
Beït Chabâb
Beït Châhîne
Beït Châma
Beït Chébab
Beït Chéla
Beït Chelâla
Beït Chlâla
Beit Chléla
Beit Chlélé
Beït Choûlît
Beït Dânûd
Beït Dâoud
Beït ech Chaaer
Beït ech Chaâr
Beït ech Chaar
Beït ech Chataha
Beit ed-Deen
Beit ed Din
Beit ed Dine
Beït ed Dîne
Beït ed Dîne el Loqch
Beït Eid
Beït el Aarab
Beit el-Boumah
Beit el Boûme
Beit el Boumi
Beït el Faqs
Beït el Faqsi
Beït el Hajj
Beït el Haouch
Beit el-Haush
Beït el Hrâqsa
Beït el Kekko
Beït el Kreïdé
Beït el Mihdi
Beït er Râmel
Beit esh-Sh`ar
Beït et Tfaïlé
Beït ez Zahlé
Beit Ghattas
Beit Habchi
Beit Hajj
Beït Hâouîk
Beït Hasna
Beït Hassane
Beït Hassan Hsaïn
Beït Hatmâne
Beït Hbâq
Beït Hebbâq
Beït Hosni
Beït Jîda
Beit Kassab
Beït Kessâb
Beït Khalil
Beït Kreïdé
Beït Lahia
Beit Leef
Beït Lîf
Beït Makhlouf
Beit Mchik
Beït Mellâte
Beït Menzer
Beit Meri
Beït Midlij
Beit Millat
Beït Monnzer
Beit Moubarak
Beït Moûmné
Beit Mounzer
Beït Naïl
Beït Qnâti
Beït Radouâne
Beit Shama
Beit Shay
Beit Shebab
Beit Yâhoun
Beït Yoûnes
Beït Youness
Beït Yoûnis
Beit Zakhour
Beït Zakkour
Beït Zoûd
Bejdarfel
Bejje
Beka Safrain
Bekchtine
Bekfeya
Bekhaaz
Bekkifa
Bekkîfa
Belâhiss
Belchmaye
Bellânet el Hîssa
Belle Vue
Beloua
Benâyel
Beni Haïyâne
Béni Hayâne
Bennouîti
Bennt Jbail
Benouâté
Bénouatiyé
Bentâael
Bentaël
Bent Jbaïl
Bent Jbeil
Beqaatet Aschqout
Berbâra
Berhalioûn
Ber'halioûn
Berjein
Berqâyel
Berr Elyas
Bersaïssa
Berti
Bertregreen
Berzqaïn
Besherri
Beshmezzin
Beskinnia
Beskinnta
Beskinta
Besri Ferme
Besrîne
Besrrine
Bessaba
Bessaïlet el Faouqa
Bessaïlet et Tahta
Bessel
Bestiâs
Bestiyât
Betchay Merdaché
Beteddin
Beychiyé
Beyrouth
Bezbîna
Bezioun
Bezyoune
Bfarwah
Bhabboûch
Bhala
Bhamdoûn
Bhamdoûn el Mhatta
Bhamdourn
Bhamdun al Mahattah
Bhamdun
Bhaneen
Bhanin
Bhannays
Bhanneen
Bhannés
Bhanness
Bhannin
Bhannin
Bhannîne
Bhannîne
Bhannis
Bhaouara
Bharsâf
Bhersâf
Bhirsaf
Bhoûâra
Bhuwarah
Biâder Rachaaïne
Biâqoûte
Biblos
Bibnin
Bidadun
Bidias
Bidnayel
Bidnayil
Bidnayil
Bidyas
Bihamdun
Bihat
Bihdaydat
Bihdeedat
Bijdarfel
Bijdarfil
Bijjah
Bikaftin
Bikdâha
Bikdahah
Bikfa
Bikfaïya
Bikfayya
Bikfeiya
Bikha'un
Bikh`az
Bikwan
Billa
Bilône
Bimaryam
Binntail
Binta`el
Binta`il
Bint Jubayl
Bint Umm Jubail
Binwati
Binwati
Biout Bass
Bioût ed Deïr
Bioût el Aïn
Bioût el Bass
Bioût el Kraïm
Biout es Sayed
Biout es-Seiyed
Biqa` Kafra
Biqa` Safrin
Biqa` Sufrayn
Biqsmayya
Bi'r ad Duwayk
Bi'r al Hayt
Bi'r ash Shuhada'
Bi'r as Sanasil
Birbarah
Bîr Btaria
Bi'r Btariya
Biré
Bîr ech Chouhada
Bîr ed Douaïk
Bîr el Haït
Bîr el Haïte
Bîr es Sanâssel
Bi'r Hasan
Bîr Hassan
Bîr Hassane
Bîr Hassari
Bîr Hassen
Birkat Hjula
Birket Hjoula
Bi'r Qadim
Birqayil
Bîr Roucha
Bisaba
Bisariyah
Bisarmah
Bisbeel
Biscot
Bishaalah
Bisharri
Bishmezzin
Bishmizzi
Bishneen
B`ishta
Biskinta
Bisri
Bissârîyé
Bistat
Bitshay
Bi`wirta
Biyud es Seid
Bizal
Bizbina
Bizhal
Bizhel
Bizhil
Bizibdin
Bkaa Safreïn
Bkâatouta
Bkaftin
Bka Kafra
Bkak ed Dine
Bkarta
Bkasin
Bkâssîne
Bkechtîne
Bkeftin
Bkeftîne
Bkerzala
Bkesine
Bkhechtay
Bkhishtay
Bkhouchtaï
Bkîfa
Bkiftin
Bkirkoz
Bkirkuz
Bkishteen
Bkishtin
Bkouna
Bkounah
Bkourkouz
Bkourkoz
Bkuna
Blahis
Blaïbel
Blaïhel
Blaïqa
Blaouza
Blaouza el Ouâdi
Blât
Blat
Blâte
Blâte
Blatet ej Jamjîm
Blawza
Blawzah
Bleeda
Blida
Blouza
Bmahraï
Bmahray
Bmahrin
Bmariam
Bmaryam
Bmaryamin
Bmaryamîne
Bmehrîne
Bnaafoûl
Bnabil
Bna`foul
Bna`ful
Bnahran
Bnahrâne
Bnash`i
Bnechaaï
Bnechaï
Bnémchîne
Bnîta
Bois de-Boulogne
Bokaa
Boksmaya
Bolhass
Bolhos
Bologne
Boqaa
Boqaâta
Boqaâta en Nahr
Boqaâta Kanaâne
Boqaatet Kanaâne
Boqsmaïya
Boqsmâya
Borf Qalaouiyé
Borjaïne
Borj Chémali
Borj ech Chamali
Borj ech Chémâli
Borj ech Chimâli
Borj el Beragini
Borj el Brajni
Borj el Hammoud
Borj el Hamoud
Borj el Qibleh
Borj el Qibli
Borj el Uahoudîyé
Borj el Yahoudiye
Borj Hammoud
Borj Qallâouîyé
Borj Qibli
Borj Rahal
Borj Rahhâl
Botrys
Bouâr
Bouârej
Boudâï
Boudayé
Bouerij
Bouhaïra
Bouhaïret Jaûla
Bouhaïret Toûla
Boukaâta
Boukamaha
Boukatâ
Bou Rakssé
Bou Râs
Bourdîne
Bourghliyé
Bourghôs
Bourghoz
Boûria
Bourj-el-Barajne
Bourrhoz
Bouryâne
Bouseet
Bousoi
Boussît
Boûssîte
Boustâne
Boustane Chabriha
Boustâne ech Chabrîha
Boustâne et Tahta
Boutchâi
Boutchaï Mourdachi
Boutchey
Boutini
Boutmé
Bou Zaher
Bouzraïdé
Bqâa Kafra
Bqâa Safraïne
Bqaa Safrine
Bqaatoûta
Bqaitouta
Bqa` Kafra
Bqaq ad Din
Bqaq ed-Deen
Bqâq ed Dîne
Bqarsoûna
Bqarsoûné
Bqarsunah
Bqarzla
Bqasta Faouqa
Bqa`Tuta
Bqennâya
Bqerqacha
Bqerzla
Bqezqacha
Bqinnaya
Bqirqasha
Bqirzla
Bqôrqâcha
Bqosta
Bqusta
Braachîte
Bragta
Braïqaa
Braïssé
Brak et-Tel
Bramiyah at Tahta
Bramiyé
Brâmîyé et Tahta
Brarikha
Bra`sheet
Bra`shit
Bratté
Braya
Brayqi`
Braysah
Braysat
Braytal
Breeh
Breetal
Breiqi`
Breitan
Breîtel
Bricete
Brichtai
Briha
Briih
Brîqaa
Brîssât
Brissete
Brital
Brîtel
Britène
Broummâna
Brumana
Brummana
Bsaba
Bsaboua
Bsaïli
Bsalim
Bsarma
Bsâtîne el Aossi
Bsefrîne
Bserrîne
Bshahhara
Bshala
Bshama
Bshamun
Bsharri
Bshatfin
Bshawat
Bsherri
Bshi`lahl
Bshillama
Bshilli
Bshinnata
Bshinnin
Bshi`qab
Bshitfeen
Bsibaïl
Bsib`il
Bsifrin
Bsifrîne
Bsirrin
Bsoûjé
Bsoûs
Bsoûss
Bsus
Btaaboura
Btaaboûrra
Btaalîne
Btaboûra
Bta`Bura
Btaddin al Liqsh
Btadi
B`tagrin
Bta`lin
Btalloun
Btallun
Btamme
Btarhin
Btarram
Btâter
Btatir
Btebiat
Btëbiâte
Btedaaï
Btedaï
Bteddîne el Liqch
Bteghrîne
Btehlîne
Bteiter
Btellaïyé
Btermâz
Bterrâm
Btibyat
Btiddeen el-Laqsh
Btid`i
Btighreen
Btighrin
Btihlin
Bti`leen
Btillayah
Btirhrîne
Btormâz
Btoûrâtîj
Bturatij
Bturmaz
Bturram
Bu `Arab
Buarij
Buda'i
Buday
Buheirat Toula
Bukh`as
Bulaybil
Bulayqah
Bulhus
Bulunya
Buqa
Buqa` Safrayn
Buq`ata
Buq`atah
Buq`atat an Nahr
Buq`atat Ashqout
Buq`atat Kin`an
Buqismaya
Buqsmaya
Burayqi`
Burghoz
Burghuz
Buriya
Burj al Barajinah
Burj al Barajini
Burj al Barajni
Burj al Qibli
Burj al Yahudiyah
Burj ash Shamali
Burj el-Qibli
Burj el-Yahoudiyah
Burj esh-Shmali
Burj Hammud
Burj Hamud
Burj Qallaweih
Burj Qallawiyah
Burj Qibli
Burj Rahhal
Burj Rihani
Burummana
Buryan
Busaylat al Fawqa
Busaylat at Tahta
Busit
Buslayya
Busleiya
Bustan at Tahta
Bustan
Butatir
Butmah
Buyut ad Dayr
Buyut al `Ayn
Buyut al Bas
Buyut al Bass
Buyut al Kuraym
Buyut as Sayyid
Buzumar
Buzummar
Bu Zuraydah
Bwarej
Bwârij
Bweidah
Byaqut
Byblos
Bzaïta
Bzal
Bzat
Bzayta
Bzébdîne
Bzibdin
Bzina
Bzîza
Bzoummâr
Bzummar
Camp Aïn el Hiloué
Chaabiyet el Faouka
Chaabiyet el Faouqa
Chaalâya el Faouqa
Chaat
Chaate
Chabrîha
Chabtîne
Chadra
Chahâhîr
Châhoûta
Chahtoûl
Chakîk
Chakra
Chamaa
Châmât
Châmâte
Chambouq
Chamharîne
Chamlâne
Chamouq
Chamsîne
Chamtoul
Châna
Chânâï
Châne
Châouié
Châouiet ez Zoummâr
Chaqdouf Aakkâr
Chaqdoûf
Chaqîf
Chaqra
Charbîla
Charbine
Chârbîni
Charife
Charkiyé
Charoun
Chartoûn
Châtîne
Chbaïl
Chbânîyé
Che`baâ
Chebaâ
Chebâniyé
Chebtine
Chéhim
Chehoûr
Cheïkh Hammeïrîne
Cheïkhlar
Cheïkh Mohammad
Cheïkh Tâba
Cheïkh Zénâdé
Cheïkh Zennâd
Cheirate
Cheka Jedid
Chekia Atiq
Chekia Jedidé
Chekka Aatîqa
Chekka
Chekka el Atiqa
Chekka Jdîdé
Chemarine
Chemestar
Chemlane
Chemlîkh
Chemmassé
Chemmîs
Chenan Aaïr
Chenan Aïr
Cheqqa Jdîdé
Cherbrqiyé
Cherchar
Cherîfa
Cherîne
Chhîm
Chiah
Chîhîne
Chikâne
Chîkhâne
Chikhlâr
Chikhnaïya
Chîra
Chîr el Bouâr
Chîr Hmaïrîne
Chiya
Chiyâh
Chkéïr
Chlîfa
Chloumâs
Chmaïss
Chmîs Aarnbaya
Chmistar
Chmout
Chmoûte
Chnanhaïr
Chnâta
Chnatta
Chouaïfète
Chouaïya
Chouaïya
Chouâlîq
Chouâta
Chouaya
Chouaya
Choueifat
Choueïfâte Amara
Choueïfâte Amroûssîyâte
Choueïfate
Choueïfâte Qoûbbé
Chouène
Chouéouîne
Chouer
Choueya
Chouït
Chouîte
Choûkîne
Chouni
Chouqfâne el Aarâyes
Chourit
Choûrîte
Chqaïf
Chqaïq et Tahta
Chqîf Btalloûn
Chqif
Chraïn
Chrifé
Chtaura
Dâal
Dabchet es Sahra
Dabhet Beït Yâhoûn
Dafun
Dahr Aaqlaïn
Dahr Aaqliyé
Dahr Abi Yaghi
Dahr Abi Yârhi
Dahr ad Duwayr
Dahr Aïn el Haour
Dahr al Ahmar
Dahr al `Awq
Dahr al `Ayn
Dahr al `Ayn
Dahr al Ballit
Dahr al Bashiq
Dahr al Baydar
Dahr al Ghubar
Dahr al Harf
Dahr al Harf
Dahr al Himar
Dahr al Husun
Dahr al Jirdhawn
Dahr al Magharah
Dahr al Marj
Dahr al Midaqqah
Dahr al Murayj
Dahr al Qatlab
Dahr al Qattin
Dahr `Aqlin
Dahr ash Shaqif
Dahr as Safa
Dahr as Sawwan
Dahr as Sawwan
Dahr as Sulayyib
Dahr `Ayn al Hawr
Dahr Badris
Dahr Choûrâne
Dahr ech Chqîf
Dahr ed Douaïr
Dahr ej Jardaoun
Dahr el Ahmar
Dahr el Aïn
Dahr el Aïn
Dahr el Aouq
Dahr el Bachec
Dahr el Bâcheq
Dahr el Baïdar
Dahr el Bashek
Dahr el-Basheq
Dahr el Blait
Dahr el Blâyet
Dahr el Bleet
Dahr el Ghbâr
Dahr el Harf
Dahr el Harf
Dahr el Hmâr
Dahr el Hsoûn
Dahr el Katlab
Dahr el Knissé
Dahr el Marj
Dahr el Mdaqqa
Dahr el Mghâra
Dahr el Mraïj
Dahr el Mrhâra
Dahr el Qatlab
Dahr el Qattîne
Dahr es Safa
Dahr es Saouâne
Dahr es Slaïyeb
Dahr es Souâne
Dahr es-Suwan
Dahr Mâr Rîchâ
Dahr Mar Risha
Dahr Sarba
Dahr Shuran
Dahr Soûrât
Dahr Surat
Dahr Yarhi
Daïchouniyé
Da`il
Dakoun
Dalhamiyah
Dalhoum
Dalhoûn
Dalhum
Dalhun
Dalibta
Dallafah
Damalsa
Dameet
Damour
Danbu
Dankah
Daoura
Daouret en Naml
Daousse
Daqqoun
Daqqoûr
Daraaoûn
Dar Ain el Aaoura
Dâr Aïn el Aaouro
Dâraïya
Dâraïya
Darajat al Qarn
Dar al Wasi`ah
Daraon
Daraoûn
Dar`awn
Daraya
Darayah
Dar `Ayn al `Awra'
Darayya
Darayya
Dâr Baachtâr
Dar Ba`ashtar
Darb as Sim
Dâr Beachtâr
Darb es Sîm
Dar B`ishtar
Dâr Chmezzîne
Dâr Chmizzîne
Dardagheiya
Dardourit
Dardoûrîte
Dardurit
Dareen
Dareiya
Dar el Mreisse
Dâr el Ouâssaâ
Dar es Sooan
Daria
Darin
Darîne
Darjet el Qarn
Darkoûba
Dar Ramlé
Dar Shmizzeen
Dar Shmizzin
Dâr Tahnîch
Dar`un
Darzanoun
Darzaynun
Dashouniyah
Daurah
Daurat `Akkar
Dawoudiyah
Dawra
Dawrat an Naml
Dawsah
Dayr al Af Ayer
Dayr al Ahmar
Dayr al `Asha'ir
Dayr al Ghazal
Dayr al Harf
Dayr al Mukhallis
Dayr al Qamar
Dayr al Qattarah
Dayr `Amar
Dayr `Amis
Dayr `Ammar
Dayr as Salib
Dayr as Siryan
Dayr `Ayn al Jawzah
Dayr az Zahrani
Dayr Baba
Dayr Bassa
Dayr Bililah
Dayr Billa
Dayr Dallum
Dayr Janin
Dayr Jannin
Dayr Khuna
Dayr Kifa
Dayr Kushah
Dayr Mar Jirjis
Dayr Mar Rawqus
Dayr Mâr Rûhâna
Dayr Mar Yuhanna at Turshan
Dayr Mar Yuhanna
Dayr Mar Yusuf
Dayr Mimas
Dayr Natar
Dayr Nbuh
Dayr Ntar
Dayr Qanun an Nahr
Dayr Qanun
Dayr Qubil
Dayr Shamra
Dayr Shwah
Dayr Siryan
Dayr Tahnish
Dayr Ta`nayil
Dayr Yuhanna Marun
Dbaïyé
Dbayeh
Debaâl
Débaal
Débaat
Debaïl
Debaye
Debbiyé
Débel
Dechouâne
Déddé
Deïr Aamâr
Deïr Aâmes
Deïr Aâmess
Deir Ahmar
Deïr Aïn ej Jaouzé
Deir `Ain el-Janzah
Deir `Amess
Deir Ammar
Deir Antar
Deir Baba
Deir Bassa
Deir Beba
Deïr Billa
Deïr Chamra
Deïr Chouâh
Deïr Dalloum
Deir Doureet
Deïr el Aachaïr
Deïr el Aachâyer
Deir el Achair
Deir el Ahmar
Deir el-`Ashayer
Deir el Ashayir
Deir el Beidar
Deir el Ghazal
Deïr el Harf
Deir el Kamer
Deir el Katara
Deïr el Moukhallès
Déir el Ouassaa
Deïr el Qamar
Deir el Qamer
Deir el Qattâra
Deïr el Rhazal
Deir-el Salib
Deïr er Razel
Deir Es-Saleeb
Deir es Salîb
Deïr ez Zahrâni
Deir Hanna
Deir Janeen
Deïr Janîne
Deir Kanoun
Deir Kanoun Nahr
Deir Keefa
Deir Khona
Deïr Khoûna
Deïr Kîfa
Deïrkoûché
Deir Koushah
Deïr Madrasse
Deir Mar Hougoz
Deïr Mar Jirios en Na`mah
Deïr Mâr Jorjos
Deïr Mâr Roukôz
Deïr Mâr Youhânna
Deïr Mâr Yoûhanna et Torchâne
Deïr Mâr Yoûssef
Deir Mar Youssef
Deir Meemas
Deir Mimas
Deir Mîmess
Deïr Nbouch
Deïr Nboûh
Deïr Ntâ
Deïr Ntâr
Deïr Qâmoun enn Nahr
Deïr Qanoûn
Deir Qanoun en Nahr
Deïr Qânoun enn Nahr
Deir Qanoun Ras el-`Ain
Deïr Qoûbil
Deïr Siriân
Deïr Siriâne
Deïr Taanâyel
Deir Tahneesh
Deïr Tahnîch
Deir Taqla
Deir Youanna Maroune
Deir Yoûhanna Mâroûn
Deïr Zenoun
`Deisah
Dekkâne ed Dahr
Delhamié
Delhamîyé
Dellacha
Dellâfi
Demachqiye
Démichkîyé
Démichqiyé
Dennbou
Dennki
Deraali
Derdarhaïya
Derdghaya
Déria
Derzenoun
Dfoûn
Dfun
Dhar Aaqliya
Dhar el Baidar
Dhar el Moughara
Dhouq
Dhoûr Ain el Haour
Dhoûr Broummâna
Dhour Choueir
Dhoûr Darb es Sîm
Dhoûr ech Choueïr
Dhoûr el Aabâdîyé
Dib`al
Dib`at
Dibbeen
Dibbin
Dibbîne
Dibil
Dib`il
Diddah
Didde
Diddih
Dik al Mihdi
Dik el Mahdi
Dîk el Mehdi
Dillafah
Dillafi
Diman
Dimet
Dimishqiyih
Dinbou
Dinnbo
Dir`ali
Dirdghayya
Diria
Dirya
Djebaa
Djébail
Djeb Djennin
Djedeide
Djedeideh
Djedita
Djers el Qadi
Djezirah
Djezzin
Djezzine
Djounie
Dlabta
Dlaïbé
Dlebta
Dlibta
Dmalsa
Dmeet
Dmit al Barraniyah
Dmit al Jawwaniyah
Dmîte
Dmît ej Jouânîyé
Dmît el Berrânîyé
Dmitt
Dnaïbé
Dnaybih
Domé
Dora
Dort Namen
Douaïr Aadouiyé
Douaïr
Douaïr
Douair
Douaïr ed Debbîyé
Douaïr el Hara
Douaïr Roummâne
Doueir Aadouiyé
Doueir
Doueir
Doueïr er Remmane
Douer
Douer Roummâne
Douhoûr ech Choueïr
Douma
Doura
Doûris
Doûriss
Dqoûn
Dqun
Dubaiya
Dubayyah
Dubayyih
Duhur al `Ibadiyah
Duhur ash Shuwayr
Duhur `Ayn al Hawr
Duhur Brummana
Duhur Darb as Sim
Dukkan ad Dahr
Dulaybah
Duma
Duris
Duwayr ad Dubbiyah
Duwayr al Harah
Duwayr ar Rumman
Dweir
Dweir er-Remman
Ebel es Saqi
Ech Chaab
Ech Chaaïtîyé
Ech Chaara
Ech Chabboûq
Ech Châghoûr
Ech Châhhara
Ech Châhoûta
Ech Châhoût
Ech Chaïtîyé
Ech Châloût
Ech Chalqa
Ech Châmïyé
Ech Chamkha
Ech Chaouâlîq
Ech Chaoualîq
Ech Châoui
Ech Châoui
Ech Châouié
Ech Châouiyé
Ech Chaqdouf
Ech Chârbîne
Ech Chârbîne
Ech Charfé
Ech Charoui
Ech Charqîyé
Ech Charqîyé
Ech Chattoûh
Ech Chebbânîyé
Ech Chehabiye
Ech Chehâhîr
Ech Chehhâra
Ech Chehhâr
Ech Cheïkh Aabdallah
Ech Cheïkh Aaïâch
Ech Cheïkh Mohammed
Ech Cheïkh Zénâd
Ech Chiblîyé
Ech Chîr
Ech Chîyâh
Ech Chmaïssât
Ech Chmaïss
Ech Chmîs
Ech Chmîs
Ech Chmiss
Ech Chouâya
Ech Choueïfâte
Ech Choueir
Ech Choûmara
Ech Choûmé
Ech Chouthâne
Ech Chqîf
Ech Chraouné
Ech Chrîfé
Ed Bboûq
Ed Dâaouq
Ed Daassé
Ed Dabbâbiyé Charqiyé
Ed Dabbâbiyé Rharbiye
Ed Dabché
Ed Dâboûs
Ed Dachounyé
Ed Daghlé
Ed Daher
Ed Dahrât
Ed Dahr
Ed Dahr
Ed Dahr
Ed Daïaa
Ed Daïâa
Ed Daïdabé
Ed Dakoué
Ed-Dakwah
Ed Dalamiyé
Ed-Dalhamiyah
Ed Dalhamîyé
Ed Dalhamiyé
Ed Dallîl
Ed Dâmour
Ed Damur
Ed Daoucé
Ed Daoudîyé
Ed Daourâ
Ed Daoura
Ed Daoussé et Barhdâdi
Ed Darjé
Ed Darjé
Ed Darjé
Ed-Dawoudiyah
Ed Dawrah
Ed Dawsah
Ed Debbâgha
Ed Debbiyé
Eddé
Eddé
Ed Dekouâné
Ed Delb
Ed Delghêne
Ed Dellâché
Ed Demachqîyé
Ed Dghâlé
Ed Dhaïbîyé
Ed Dhaïra
Ed-Dheirjat
Ed-Dhouq
Ed Dibbabiyah
Ed Dibbabiyah Gharbi
Ed Dibbabiyah Sharqi
Ed Dikermâne
Ed Dîmâne
Ed-Dimashqiyah
Ed Dîne
Ed Diqâr
Ed Dkârîne
Ed Dnaïbé
Ed Douaïr
Ed Douaïr
Ed Douaïr
Ed Douâouîr
Ed Douâr
Ed Doueir
Ed Douk
Ed Doûqa
Ed Doûq
Ed Dqârîne
Ed-Dweir
Ed-Dweir
Ed-Dweir
Edh-Dhneibah
Ee`al
Eelat
Eezal
Eghbé
Eghbet el Faouqa
Eghbet et Tahta
Eghmîd
Ehdène
Ehden
Ehmej
Ein Wazan
Ejbaa
Ejdabrine
Ej Jaâye
Ej Jâlîyé
Ej Jaouz
Ej Jarmaq
Ej Jazâyer
Ej Jdaïde
Ej Jdaïdé
Ej Jdaïde
Ej Jdaïdé
Ej Jdîdé
Ej Jébîne
Ej Jemmaïzé
Ej Jendi
Ej Jerbâné
Ej Jézîre
Ej Jibbaïn
Ej Jisr
Ej Jîyé
Ej Jlaïlîyé
Ej-Jlaliyah
Ej Jleïlîyé
Ej Jmaïlîyé
Ej Joaaor
Ej Jorn
Ej Jouâr
Ej Jouâr
Ej Jraïd
El Aabadiyé
El Aabbâné
El Aabbâssiyé
El Aabboûdîyé
El Aabdé
El Aabra
El Aaddoûssîyé
El Aadra
El Aadsé
El Aafs
El Aafs
El Aaïâra
El Aaibb
El Aaïchîyé
El Aairdâne
El Aakaïbé
El Aakkâr
El Aalaïmé
El Aalâli
El Aalâli
El Aâlié
El Aali
El Aali
El Aallaïqa
El Aalyé
El Aamâra
El Aammoûri
El Aamriye
El Aamrîyé
El Aanâya
El Aanda
El Aaoudé
El Aaoudé
El Aaouja
El Aaoujâne
El Aaqabé
El Aaqabé
El Aaqaïdé
El Aaqbé
El Aaqbé
El Aaqdé
El Aaqeïbé
El Aâqoûra
El Aarâyech
El Aarbânîyé
El Aarbé
El Aarbé
El Aarîch
El Aarîda
El Aarja
El Aarmé
El Aasbé
El Aatchâné
El Aayou
El Aayoûn
El Aayoûn
El Aayroûn
El Aazâq
El Aazéqa
El Aazîbé
El Aazouniyé
El Aazra
El Aazr
El Aazzoûnîyé
El `Abbasiyah
El `Abdah
El `Abde
El Abdeh
El Abdîni
El Achrafîyé
El Achrafiyeh
El-`Addousiyah
El-`Adhrah
El Aïn
El Aïn
El Aïn
El Akoura
El-`Akr
El Allaïqa
El Amaïra
El Ambré
El-`Ambri
El-`Amrah
El-`Amriyah
El Anayé
El Ansîl
El Aouadi
El Aouaïni
El Aoui
El-`Aqbiyah
El `Aqura
El Arabi
El `Areedah
El-`Areed
El Arida
El-`Armah
El Arz
El Arz
El Asmmariyé
El Ater
El Azouniye
El-Azrah
El Baaoûl
El-Babliyah
El Bâbliye
El Bâchqiyé
El Bâdouâni
El Bahhâra
El Bahra
El Bahsa
El Bahsa
El Bahsâssa
El Bahsâss
El Baïdar
El Baïdar
El Baïyâd
El Baïyad
El Bajjâjé
El Baqoûl
El Baraké
El Barbâra
El Bardah
El Bârdé
El Bâred
El Baride
El Bârouk
El Barranîyé
El Baruk
El Basas
El Bass
El Batal
El Bâtié
El-Batouliyah
El Battâl
El Bayâda
El Bayâd
El Bayâder
El-Bayder
El Bayyâda
El-Bazouriyah
El Bâzoûrîyé
El Bazzâra
El Beba
El Bébé
El Bebi
El Bedáoui
El Béddaoui
El-Beereh
El-Beereh
El-Beesariyah
El Beghdâdi
El Berbâra
El Berbera
El Bhaïra
El Bhaïri
El Bharïra
El Bhîss
El Biâra
El Bilatta
El Binayé
El-Binnaih
El-Birbarah
El Bîré
El Bîré
El Bîré
El Bîri
El Birké
El Bissâriye
El Biyâda
El Biyada
El Bïyâda
El-Biyad
El Bîyâd
El Blâta
El Blata
El Blât
El Blat
El Bnaïyé
El Boqaa
El Borjaïne
El Borjeïn
El Borj
El Borj
El Borj
El Botm
El Bouaïb
El Bouaïda
El Bouâr
El Boûm
El Bouqaa
El Bourghélîyé
El Boustâne
El Boustâne
El Braïj
El Brâmiye
El Bsâtîne
El-Burbarah
El-Burghliyah
El-Burj
El-Bwar
El-Bweidah
El Cherbine
El Debiyeh
El Derrânïyât
El-`Eishiyah
El Emmamîne
El Eskandaraniyé
El Establ
El Fâaoûr
El Faouâra
El Faouâr
El Faouâr
El Farch
El-Fardees
El Fardîs
El Fardiss
El Fasqîne
El Fatâtîl
El-Feedar
El Fekhaité
El Fekhet
El Fethâné
El Fîdâr
El Fkhaïte
El Foûâra
El Fouâr
El Fourn
El Fourzol
El Frâdîs
El Fraïdîs
El Fraïké
El Franjé
El-Freidees
El Frîte
El Frit
El Ftâhât
El Ftêhât
El Fteihat
El-Fuwwarah
El Ghâbât
El Ghabbatîyé
El Ghabbît
El Ghâbé
El Ghâbé
El Ghâbé
El Ghabîyé
El Ghaïda
El Ghamîqa
El Ghandoûrîyé
El Gharb
El Gharqa
El-Ghassaniyah
El Ghazaleh
El Ghâzîyé
El-Ghbeirih
El-Gheenah
El Ghîné
El Ghmâq
El-Ghobeiré
El Ghoieyat
El Ghomq
El Ghouaïbé
El-Ghzeilah
El Greha
El Habâbîyé
El Habach
El Habbârîyé
El Habchi
El Habîs
El Hadafé
El Hadâya
El Hadeb
El Hadet
El Hadeth
El Haffé
El Haïja
El Haïssa
El Hajjé
El-Hakour
El Hallâli
El Halzoûn
El Hameïré
El-Hamra
El Hamra
El Hamra
El Hamra
El Hamsiye
El Hâniye
El Haouâra
El Haouârné
El Haouch ed Dneïbé
El Haouch
El Haouch
El Haouch el Qinnaabé
El Haouta
El Hâoûz
El Haqlé
El Hâra
El Hâra
El Hâra
El Hara
El Hardouch
El Harf
El Harf
El Harf
El Harissa
El Harqât
El Hartaqa
El-Hartiyah
El Hârtîyé
El Hassek
El Hassine
El Hassouâné
El-Haushab
El Haush
El Haut
El Hâzmîyé
El Hâzmîyé
El Hdaïnï
El Hebbâq
El Heesa
El Heesah
El Hefaïr
El Héloué
El Héloué
El Hélouétt
El Hemaira
El Hemmâr
El Hennîyé
El Heqr
El Héri
El Hermel
El Herri
El Hery
El Hessoûn
El-Hijjah
El-Hilwah
El Hima
El-Hinniyah
El-Hirbi
El Hissa
El Hlâlîyé
El Hlâlîyé
El Hmaïré
El Hmâssiyât
El-Hmeiri
El-Hmeirih
El Hnoûd
El Homsîyé
El Houaïch
El Hoûé
El Houmeïré
El Hoûrânîyé
El Hoûrânîyé
El Hourîyi
El-Houssoune
El Houssoun
El Hoûtîyé
El Hraïfât
El Hrâyeq
El Hrazmîne
El Hrîqa
El Hrîq
El Hsaïne
El Hseinat
El Hsein
El Hsoun
El-Hweish
El-Insariyah
El Istabl
El Istabl
El Izzîyé
El Jaayel
El-Ja`ayil
El-Jahliyah
El Jalieh
El-Jarmaq
El-Jauhariyah
El-Jazeerah
El Jdaïdé
El-Jdeidah
El Jdeidah
El Jenah
El-Jibbein
El Jiyé
El Jleiliyé
El Jleisah
El-Jnah
El Joubânîyé
El Jraïd
El Judeide
El Judeide
El Kaa
El Kafer
El-Kafr
El Kahhalé
El-Kahlouniyah
El Kahloûnîyé
El Kaouchra
El Karak
El Kareya
El Karié
El Karnîch
El Karsa
El Kassâyer
El Kateh
El Kerdi
El Kfaïr
El Kfaïr ez Zaïte
El-Kfeir
El Kfoûn
El Kfoûr
El Kfour
El Khâldîyé
El Khalel
El Khallah
El Khallé
El Khaloua
El Khalouât
El Khaloué
El Khaloûle
El-Khalsah
El-Khalwat
El Khannchâra
El Khânoûq
El Kharâyeb
El Kharâyeb
El Kharbah
El Khârbé
El Kharjé
El Kharroub
El-Khartoum
El Khdaïra
El-Kheizaran
El Khenchâra
El Kherbé
El Khiâm
El Khiâm
El Khiâra
El Khiché
El-Khirbah
El Khirbe
El Khirbé
El Khnaïssé
El Khodor
El Khodr
El Khraïbé
El Khraïbé
El Khraïbé
El Khraïzé
El Khrâyeb
El-Khreibah
El-Khreibah
El Khreibé
El Kisrâne
El Knaïssé
El Knaïssé
El Knaïssé
El Kneisah
El Kneisah
El Kneisah
El Knîssé
El Koûaa
El Kouaïchra
El Koûna
El-kour
El Koursi
El Krâhné
El Kraïmât
El Krarroûb
El Kraya
El Kreye
El Kroûm
El Ksâra
El Ksâra
El Ksâr
El Ksâyer
El Kubbeh
El Kulat
El Kwashrah
El-Kweikhat
El Labiyé
El Laboué
El Lâhbîyé
El Laklouk
El Laouzé
El Laqloûq
El Lebri
El Libnâyâ
Ellié
El Louaïzé
El Louaïzé
El Loûbié
El-Lweizah
El Lzâq
El Maâdene
El Maadlé
El Maaïsra
El Maaïsra
El Maaïzîyé
El Maamarîyé
El Maâmelteïne
El Maanîyé
El Mabrak
El Machgharâni
El Machhât
El Machnaka
El Machnaqa
El Machraa
El Machrah
El Machrah
El Madfoûn
El Maghrâqa
El Mahatta
El Mahmara
El Mahmoudiyah
El Mahmoudîyé
El Mahmra
El Mahroûqa
El Mahtaqra
El Maïdé
El Majdel
El Majdel
El-Majeediyah
El Majidiyé
El Majidyé
El Makhloûta
El Maknoûnîyé
El-Malkiyah
El Mâlkîyé
El M`allaqah
El Malloûlé
El Malloûl
El Malloûl
El Mamboûkh
El M`amiltein
El Mamlaha
El-Manarah
El Manâtir
El Manâzîl
El Mannsoura
El Mannsoûri
El Mannsoûrîyé
El Manqalbé
El Mansoûra
El Mansouri
El Mansouryet
El Mantara
El Manzalé
El Manzalé
El Manzlé
El Manzle
El Ma`oudiyah
El Maqârdé
El Maqâssed
El Maqâtlé
El Maqsaf
El Maqtoûaa
El Mâred
El Marfa
El-Mari
El Marjé
El Marj
El Marj
El Marj
El Marji
El Markaz
El Marmagha
El Masloûkh
El Mas`oudiyah
El Masqa
El Masrab
El Massâhîb
El Massaoudiyé
El Massiaf
El Massîl
El Matârîh
El Matmoûra
El-Mattariyah
El Mayâdîne
El Mayâs
El Mazraâ
El Mazraa
El Mazraâ
El Mazraah
El-Mazra`ah
El Mazraat
El-Mazr`ah
El Mbâr Kîyé
El Mchaïlha
El Mchété
El Méaaoul
El Mécherfé
El Mechref
El Medîné ej Jdîdé
El Medjel
El Meheté
El Meidâne
El Meïl
El M`eisrah
El Meissar
El Mejdel
El Mélha
El Merdach
El Méri
El Merj
El Merouânîyé
El Métriyé
El Mghaïri
El Mghairiyé
El Mghaïssel
El-Mghar
El Mghârîq
El Mghârîq
El Mhaïdsé
El Mhaïdthé
El-Mhammarah
El Mhanbar
El Mhatta
El Midâne
El Midâne
El Midâne
El Mighraq
El Mihti
El-Mikhadah
El Mikhadah
El Millâha
El Mîna
El Mîna
El Mînara
El Minchîyé
El Minnié
El Mirwaniyah
El Miyâssé
El Mjâdel
El Mjeidel
El Mkaïdês
El Mlâzeq
El Mlekh
El Mnaïtra
El Mnâzîl
El-Mneitrah
El Mnhaïri
El Modairej
El Mogheïri
El Moghrâq
El Molsa
El Moqrâq
El Moqrâq
El Mouannassé
El Mouannsé
El Mouâssel
El Moudawar
El Moughraïqa
El Mouhaïté
El Mouhammara
El Mouhtaqarâ
El Moukhâda
El Moukhalles
El Moukhtâra
El Mounsef
El Mourâda
El-M`oush
El Moussaïlha
El Mqâcher
El-Mqayblé
El-Mqeiblah
El Mrabbaa
El Mradiyah
El Mrâdîyé
El Mradsine
El-Mrahat
El Mraïjat
El Mraïjé
El Mraïqsa
El Mrâji
El Mrâra
El Mréïjate
El Mreijat
El Mreijat
El Mréjatt
El Mrhaïri
El Mrhairîyé
El Mroûj
El Mroûj
El Msahlé
El Msaïbek
El Msaïtbé
El Msalla
El Msayed
El-Mseilih
El Mshatih
El-Msheilhah
El Msoûs
El Mtaïleb
El Mtaïlé
El Mtaïne
El Mtaïn
El Mtaïrîyé
El Mtali
El Mtariyat
El Mtârîyé
El Mteilah
El-Mteileb
El-Mtillah
El Mtollé
El Mtoll
El Mu`allaqa
El Mughr el Ahwal
El Mukhtara
El-Mukhtarah
El Muneitra
El-Munsé
El Munsif
El Mzahmah
El Mzaïraâ
El Mzaïyani
El Mzârib
El Naâme
El Noura
El Ouâdi
El Ouâdi
El Ouâdi
El Ouaqf
El Ouardanié
El Ouardânîyé
El Ouardîyé
El Ouar'hânîyé
El Ouata
El Ouata
El Ouata
El Ouatâyâ
El Ouatie
El Ouâtîyé
El Ouazzâne
El Ouazzâni
El Oueinâte
El Ouestâni
El Oustâni
El Outaïyât
El Qâa
El Qaaqîyé
El Qâaqoûr
El Qabaâ
El Qabaa
El Qabbârîyé
El Qabou
El Qacha
El Qachâya
El Qaddâm
El Qâdrîyé
El Qaïqoûbé
El Qaïssarîyé
El Qalaa
El Qalaa
El-Qal`ah
El Qalamoûn
El Qalmoûn
El Qâmoûaa
El Qanâter
El Qanâyé
El Qanntara
El Qanntara
El-Qantarah
El-Qantarah
El Qantari
El Qaraa
El Qaraaoun
El Qaraoun
El Qar`aun
El Qarn
El Qarqfi
El Qarqoûf
El Qarsa
El Qaryé
El Qasr
El Qasr
El Qassâa
El-Qass
El Qataaï
El Qâteaa
El Qâteaa
El Qâtiaa
El Qâtia
El Qatlabé
El Qatrâni
El Qattâra
El Qattîne
El Qattinîyé
El-Qawzah
El Qbeibat
El Qeddam
El-`Qeibah
El Qemmâmîne
El Qennah`bah
El-Qer`ann
El Qerrâmi
El Qhâf
El Qibbah
El-Qibi`
El Qiddémiyé
El Qilya
El Qinnaabé
El-Qittrani
El Qlaïaâ
El Qlaïlé
El-Qlei`ah
El-Qlei`at
El Qnaïtra
El-Qneitrah
El Qobaa
El Qoraibé
El Qornah
El Qorné
El Qossaïfîyé
El Qottâra
El Qoûa
El Qoubbé
El Qoubbé
El Qoubbé
El Qoussaïr
El Qoussaïr
El Qoussaïr
El Qouzah
El Qrâaï
El Qraïmïyé
El Qraïne
El Qraïya
El Qraiyâte
El Qraïyé
El Qraïyé
El Qrâqef
El Qrayé
El Qréha
El Qreiaâ
El Qsaïbé
El Qsaïbé
El Qsaïr
El-Qseibah
El-Qseir
El-Qseir
El Quâdi
El Quaraniyé
El Rhâbé
El Rhâboûn
El Rhaïbé
El Rhâr
El Rhaziye
El Rhîné
El Rhoûma
El Rmaileh
El Rmeile
El Saifi
El Saranouyé
El Sounie
El Taïri
El Tâmrîyé
El-Wardani
El-Wardaniyah
El-Wardiyah
El-Warhaniyah
El-Waz`iyah
El Yâhoud
El-Yahoudiyah
El Yahoudiyé
El Yammoûné
El Yâssouaaïyé
El Yhoudi
El `Youn
El Zaaïtré
El Zaarouiyé
Enfé
Enfeh
En Nâamé
En Nâaoûra
En Naas
En Naassât
En Naâssi
En Naassi
En Nabaa
En Nabaat
En-Nab`at
En-Nabatiyah el-Fauqa
En Nabatiye
En Nabboût
En Nabi Ayla
En Nabi Chbât
En Nabi Chît
En Nabi Ila
En Nabi Khâled
En Nabi Kzaïber
En-Nabi Rshadah
En-Nabi Safi
En-Nabi Sujod
En Nabîyé
En Nabi Yoûchaa
En Nabi Yoûnés
En Nachabé
En Naffakhiyah
En Naffâra
En Nahriyah
En-Nahriyyé
En Najjarîyé
En Nakhlah
En Nakhlé
En Nakura
En Namoûra
En Naouâbît
En Naoussâ
En Naqâaï
En Naqbé
En Nâqoûra
En-Naqourah
En Naqqâch
En Naqra
En Naqura
En Nasra
En Nasriyah
En-Nasriyyé
En Necheif
En Nembri
Ennfé
En Nfeisah
En-Nijjariyah
En Nmaïrîyé
En Nmeiriyah
Enn Nâamé
Enn Nabi Kzeiber
Enn Nabi Osmâne
Enn Nabi Yoûchâa
Enn Najjâriye
Enn Nakhle
Enn Namoura
Enn Nâqoura
Enn Nasrîyé
Enn Nfaïssé
Enn Nmaïrîyé
Enn Noûra
Enn Nsour
Enn Nsu
En Nouaaïss
En Noukour
En Nouqâr
En Nqîri
En Nqour
En-Nsheef
En-Nweis
Er Frâmoûte
Erkay
Erki
Ernaya
Er Rabatîyé
Er Râbié
Er Rachîdîyé
Er Rafîd
Er Rame
Er Râm
Er Ram
Er Râmié
Er Ramlé
Er-Ramliyah
Er Ramlîyé
Er-Ramout
Er Ramtânîyé
Er Rannsiyé
Er-Ransiyah
Er Rânsîyé
Er-Rashadiyah
Er-Reehanah
Er-Reehan
Er-Reehaniyah
Er Reimé
Er Reimi
Er Rejem
Er-Rejmah
Er Rezaniyé
Er Ridm
Er Rîhâné
Er Rîhâniyé
Er Rikn
Er-Rimmah
Er-Rmadiyah
Er Rmaïle
Er Rmaïlé
Er Rmaïl
Er Rmaïlîyé
Er-Rmeilah
Er Rmeilé
Er Rouaïmé
Er Rouaïssé
Er Rouaïss
Er Rouâyess
Er Roumié
Er Roûmîyé
Er Roummani
Er Roûs
Er Rqâyef
Er Rsîf
Er-Ruhban
Er Rusheidiye
Er-Rwaymé
Er-Rweis
Esh-Shaqdouf
Esh-Shareefah
Esh-Sharqiyah
Esh-Sharshar
Esh-Sheikh Lar
Esh-Sheikh Mohamed
Esh-Sheikh Taba
Esh-Sheikh Zinnad
Esh-Sh`eitiyah
Esh Shuweifat
Es Saadîyât
Es Sâboûnîyé
Es-Safa
Es Safha
Es Safha
Es Safi
Es Safîné
Es Safra
Es-Safra
Es Sâha
Es Sahâri
Es-Sahlah
Es Sahlé
Es Sahlé
Es Sahl
Es Sahra
Es Sahrîj
Es Saïdé
Es Saife
Es Sakiyé
Es Saksakiyah
Es Salaâ
Es Salaa
Es Salâm
Es-Salhani
Es Salhîyé
Es Sâlhîyé
Es Salihiye
Es-Samah
Es-Sam`ah
Es Samaqîyé
Es Samkânîyé
Es Saoûâné
Es Saouâqi
Es Saouîré
Es Saoumaa
Es Saqi
Es Saraaounîyé
Es-Sarafand
Es Sarâya
Es Sâr
Es Sarji
Es Sâroûnîyé
Es Sayed
Es-Sbeiyel
Es Sdoûra
Es Seffaï
Es S`eiydi
Es Semqaniyé
Es Sfarjlé
Es Sfenté
Es Sfiné
Es Sfîre
Es Sfoûf
Es Shâmât
Es Shoûm
Es Shoûnât
Es Siâha
Es-Siffi
Es Sifri
Es Sîhâne
Es-Simqaniyah
Es-Sindyanah
Es Sîré
Es Slâyekh
Es-Sma`iyah
Es Smaiye
Es Snaoubar
Es Snaoubar
Es Soffi
Es Sorhaïta
Es Souaïdîyé
Es Souaïssé
Es Souâné
Es Souâné
Es Souâqi
Es Soueïda
Es Soûfaïne
Es Soufia
Es Soultâne Yaaqoûb
Es Soultânîyé
Es Soummâq
Es Sraïj
Es Sraïj
Es Sraïri
Es-Sreerah
Es Sroûr
Es Stabel
Es Stoûh
Es-Sultan Ya`qoub el-Fauqa
Es-Sultan Ya`qoub et-Tahta
Es Sur
Es-Suwwanah
Es-Sweisah
Estabel
Establ
Et Taamîr
Et Tabl
Et Tachoûni
Et-Tallah
Et Tallé
Et Talle
Et Târouaa
Et Tayâriyât
Et-Taybah
Et Taybeh
Et Teibah
Et-Teiri
Et Terbîâa
Et Terrâch
Et-Tfeil
Et-Tleil
Et Touârîaa
Ett Taïbé
Ett Taïbé
Ett Taïri
Ett Tallé
Ett Tlaïl
Ett Toûte
Et-Tweiry
Et-Tweitah
Ezgharta
Ez Zaaïtrîyé
Ez Zaaroûra
Ez Zaaroûrîyé
Ez Zaïtoûnîyé
Ez Zaïtra
Ez Zakroûr
Ez-Zalloutiyah
Ez-Zalqa
Ez Zaoura
Ez Zarâyeb
Ez Zâroûb
Ez Za`rouriyah
Ez Zayer
Ez-Zeerah
Ez Z`eitrih
Ez Zheiriyah
Ez Zheïrîyé
Ez Zhît
Ez Zillaïqât
Ez Zîré
Ez Zire
Ez Zîré
Ez Zouârîb
Ez Zoûq
Ez Zrariyah
Ez Zrârîyé
Ez Zwareeb
Fadaaous
Fadaoûss
Fadar al Fawqa
Fadar at Tahta
Fad`ous
Fadouss
Fad`us
Faïtroûn
Faïyâdîyé
Fâkéhé
Fakie
Fakieh
Falougha
Fâloûqha
Falourha
Falugha
Fanar
Fanar
Fâqoûs
Faqus
Fâraïya
Faraya
Farayya
Farchaa
Farel
Farhat
Farsha`
Fatqa
Fatré
Fatri
Faytarun
Faytrun
Fayyadiyah
Fayyadiyah
Fdar el Faouka
Fdâr el Faouqa
Fdar el-Fauqa
Fdar el Tahta
Fdar et-Tahta
Fehta
Feitroun
Felugha
Ferahâte
Ferdisse
Fereat
Férhâl
Ferhet
Ferraya
Feurcher
Fghal
Fiaa
Fi`a
Fidâr el Faouqa
Fidâr ett Tahta
Fidâr
Fi`
Fih
Fihta
Firhit
Fisan
Fîssâne
Fitra
Fîyâdîyé
Fiyadiye
Flâoué
Flaoui
Flawah
Flawi
Fnaïdek
Fnédiq
Fnîouêne
Fniwan
Fosta Faqa
Fotka
Fotqa
Fouâr
Foûrâte
Fourn ech Chebbâk
Fourzol
Foutra
Frachta
Fradees
Fraïdiss
Fraïdiss
Fraïdîss
Frashta
Frat
Frayadiyé
Fraydis
Frayj
Freïj
Freje
Froun
Frun
Fsaïqîne
Fsâkîne
Fseeqeen
Fséqîne
Fsiqine et Ain Fchma
Fsiqin
Ftah ash Shuhah
Ftâhâte
Ftâh ech Choûha
Fulfariyah
Funaydiq
Furayj
Furn ash Shubbak
Furnell Shabak
Furn Shebak
Futayhat al Qarquf
Garzuze
Gebrâyel
Ghabat Bulunya
Ghabat
Ghabé
Ghaboun
Ghabun
Ghadir
Ghalboûn
Ghalbun
Ghammas al Qattarah
Ghammas Yusuf
Ghandouriyah
Ghandouriyé
Ghanduriyah
Ghanduriyih
Gharfîne
Gharfin
Gharifah
Gharife
Gharzouz
Gharzuz
Ghassaniyah
Ghassâniye
Ghazeer
Ghazie
Ghazir
Ghaziyé
Ghazzah
Ghazzé
Ghazzih
Ghbaïré
Ghbalah
Ghbaleen
Ghbalé
Ghbâlîne
Ghbalin
Ghebale
Ghibalah
Ghidras
Ghidres
Ghirfeen
Ghîyoûta
Ghiyutah
Ghobairé
Ghochraya
Ghommâs el Qottâra
Ghommâs Yoûssef
Ghorfîne
Ghosta
Ghouayat
Ghouma
Ghudras
Ghuma
Ghushrayya
Ghusta
Ghuzaylah
Ghzeilah
Habalin
Habbalin
Habboûch
Habboush
Habbub
Habbush
Habchîte
Habchît
Habil
Habouba
Haboub
Habra
Habrammoun
Habrammun
Habramoun
Habshit
Hadath al Jubbah
Hadath Ba`albakk
Hadath el-Jubbah
Hadchîte
Hadchît
Haddâssé
Haddâtha
Haddathah
Hadet ej Jobbé
Hadet
Hadet Haurek
Hadeth Baalbek
Hadeth ej Joubbé
Hadeth el Joubbe
Hadeth esh Shibbe
Hadeth
Hadeth
Hadshit
Hadshit
Hadtoûn
Hadtun
Haffat al Hajal
Haffet el Hajal
Haffoûré
Haï Beït Aatîyé
Haï Beït Aazâr
Haï Beït Aghnâtios
Haï Beït Bou Nâder
Haï Beït ech Chnaari
Haï Beït el Hajj
Haï Beït Salîba
Haïdaba
Haïdab
Haï Dahr el Blâta
Haï Debla
Haï ech Châmi
Haï ech Chaoûaya
Haï ech Charfé
Haï ech Chmîs
Haï ed Dahlîz
Haï ed Dahr
Haï ed Daïaa
Haï ed Dâra
Haï ed Dhaïni
Haï ej Jâmia
Haï ej Jamia
Haï ej Joûra
Haï el Aaqbi
Haï el Aarbé
Haï el Aarbi
Haï el Aatîqa
Haï el Aazqa
Haï el Aïn
Haï el Baalbakié
Haï el Baal
Haï el Baal
Haï el Bahr
Haï el Bayâder
Haï el Birké
Haï el Blâta
Haï el Blât
Haï el Faouqa
Haï el Fghâli
Hai el-Fikani
Haï el Haqlé
Haï el Kanâyes
Haï el Khîssé
Haï el Mathané
Haï el Mkhabbâ
Haï el Mqaïtîyé
Haï el Mqâtiaa
Hai el Ouata
Haï el Qalaa
Haï el Qanâ
Haï el Qarn
Haï el Qarqoûf
Haï el Qiddîssé
Haï en Nahr
Haï er Raml
Haï er Rouaïss
Haï er Roumîyé
Haï es Saïdé
Haï es Sensâl
Haï es Sindiâné
Haï es Snaoubar
Haï et Tahta
Haï et Taiyoûné
Haï et Tîné
Haï ez Zaaïtri
Haï Hamdoûn
Hai Jaaïr
Haïlâne
Haï Mâr Aabda
Haï Mâr Antonios
Haï Mâr Boutross
Haï Mâr Charbel
Haï Mâr Eliâs
Haï Mâr Estefâne
Haï Mâr Faouqa
Haï Mâr Jerjos
Haï Mâr Jeryos
Haï Mâr Nohra
Haï Mâr Roûhâna
Haï Mâr Roûkoz
Haï Mâr Saba
Haï Mâr Sassîne
Haï Mâr Soufiya
Haï Mâr Taqla
Haï Mâr Taqlâ
Haï Mâr Yaaqoûb
Haï Mâr Youhanna
Haï Mâr Yoûssef
Haï Mâr Zakhîya
Haï Qalb Yassouaa
Haï Sabra
Haï Saïdet ed Dahr
Haï Saïdet en Naja
Haï Saïdet en Nchîf
Haï Saïdet Martine
Haï Saïdet Qassoûbâ
Haï Sindiani
Haïtala
Haïtla
Haïtoûlé
Haitouli
Haïtoura
Haitura
Haïzouq
Hakel
Hakl er Rayess
Hâkoûr
Hâlâte
Halat
Halba
Halbah
Halbata
Halbe
Halioûnet et Tahta
Halloûnet el Faouqa
Halloûssîyet el Faouqa
Halloûssîyet et Tahta
Halloûssîyet ett Tahta
Hallusiyat al Fawqa
Hallusiyat at Tahta
Halni
Haloua
Haltaa
Halta
Halta
Halyunat al Fawqa
Halyunat at Tahta
Hamâte
Hamat
Ham
Hamik
Hamlâya
Hammadiyah
Hammâdîyé
Hammana
Hammâra
Hammarah
Hamoui
Hamoul
Hamra Abou Jdîd
Hamra Abou Jedid
Hamra
Hamul
Hanâouây
Hanâouiyé
Hanawiyih
Haneen
Hânîne
Hanin
Hannawiyah
Hanné
Hansanâya
Hansh Mousa
Hantus
Haouara
Haouchab
Haouch Barada
Haouche Dahab
Haouch ed Dahab
Haouch ed Dibs
Haouche ed Dahab
Haouch el Harîmé
Haouch el Harimi
Haouch el Omara
Haouch el Oumar
Haouch en Nebi
Haouch enn Nabi
Haouche Rafaga
Haouch er Râfqa
Haouch ez Zaraané
Haouch Hâla
Haouch
Haouch Moch
Haouch Moussa
Haouch Qaïssar
Haouch Rafqá
Haouch Tell Safîye
Haouqa
Haour
Haour Taala
Hâqel
Haqil
Haql al `Ayn
Haql al `Azimah
Haql al Jami`
Haql al Maghar
Haql ar Rayyis
Haqlat al Haya
Haqlat al Kabirah
Haqlat as Sayyid
Haqlat at Tinah
Haql el Aazimé
Haql el Aïn
Haql el Jâmeaa
Haql el Mghâr
Haql er Raïyess
Haql er Rayess
Haql er-Reiyes
Haqlet el Baïda
Haqlet el Heya
Haqlet el Kbîré
Haqlet es Saïyed
Haqlet et Tîné
Haql Hammana
Haql Hasan
Haql Hassan
Haqlit
Haql Safi
Harajil
Harat al 'arf
Harat al `Ayn
Harat al Ballanah
Harat al Ballan
Harat al Bayadir
Harat al Bustan
Harat al Butm
Harat al Fawqa
Harat al Fawqa
Harat al Fawqa
Harat al Fikani
Harat al Hajar
Harat `Ali
Harat al Jadidah
Harat al Kanisah
Harat al Khassah
Harat al Khuri
Harat al Ma`bad
Harat al Magha'ir
Harat `Alman
Harat al Mawarinah
Harat al Mir
Harat al Qadi
Harat al Qal`ah
Harat al Qarn
Harat al Wadi
Harat al Wasitah
Harat al Wata'
Harat an Na`imah
Harat `Arida
Harat ar Ru'asiyah
Harat ar Ru'us
Harat ash Shamis
Harat ash Sharafah
Harat ash Shaykh
Harat ash Shaykh Iskandar
Harat as Sakhr
Harat as Sidri
Harat at Tahta
Harat at Tahta
Harat at Tahta
Harat B`asir
Harat Bayt Madi
Harat Bayt Saba
Harat Bayt Zu`rur
Harat Bu `Awwad
Harat el-Jdeedah
Harat Hamzah
Harat Haylan
Harat Hurayk
Harat Jandal
Harat Sha`ya
Harbata
Harboûna
Harbounah
Harbunah
Harcha
Hardîne
Hardin
Hardoûch
Hareess
Hâret Aali
Hâret Aarîda
Hâret Baassîr
Hâret Beït Mâdi
Hâret Beït Sâbâ
Hâret Beït Zaaroûr
Hâret Bou Aaouâd
Hâret Chaaya
Hâret ech Charfé
Hâret ech Cheïkh
Hâret ech Cheïkh Skandar
Hâret ech Chmîs
Hâret ej Jdaïde
Hâret ej Jdîdé
Haret el Aaqbé
Hâret el Aaqbîyé
Hâret el Aïn
Hâret el Baklîl
Hâret el Bayâder
Hâret el Béllâné
Hâret el Biyâder
Hâret el Botm
Hâret el Boustâne
Hâret el Faouqâ
Hâret el Faouqa
Hâret el Faouqa
Haret el Fikâni
Hâret el Hajar
Hâret el Harf
Hâret el Jdaïdé
Hâret el Khassé
Hâret el Khoûri
Hâret el Knissé
Haret el Maabad
Haret el-Meer
Hâret el Mghâyer
Haret el Mir
Hâret el Mouârné
Hâret el Ouâdi
Hâret el Ouasta
Hâret el Ouata
Hâret el Qâdi
Haret el Qalaa
Hâret el Qarn
Haret el-Wasta
Haret en Naamé
Hâret en Nabaa
Hâret-enn Naamé
Hâret er Rouassîyé
Hâret er Roûss
Haret es-Sakhr
Hâret es Sidri
Hâret et Tahta
Hâret et Tahta
Hâret et Tahta
Hâret Hamzé
Hâret Hillêne
Hâret Hraïk
Haret Hreik
Haret Jandal
Hâret Janndal
Haret Sakhr
Haret Sheikh el-Ghweisat
Haret Sukhr
Harett Hraik
Harf al `Ukays
Harf Ardah
Harf Ardé
Harf as Sayyad
Harf as Sim
Harf Azîr
Harf el Aakaïs
Harf es saïed
Harf es Saïyâd
Harf es Sam
Harf es Sîm
Harf es-Siyad
Harf
Harf Hazeer
Harf Hazir
Harf Hzîr
Harf Miziâra
Harf Mizyarah
Harfoûch
Harfush
Har'harîya el Qattîne
Hârîbi
Hâriîs
Hariq al Kufur
Harisa
Harisa
Haris
Hârîssa
Harîssa
Harit Hrayk
Hâroûf
Haroûn
Harsha
Haruf
Harun
Hasaïma
Hâsbaïya
Hâsbaïya
Hasbaya
Hasbayya
Hasbayya
Hasbeiya
Hasbeya
Hasmiyeh
Hasrat
Hasroun ej Jdaïdé
Hasroûn ej Jdîdé
Hasroun el-Jdeedah
Hasroun
Hasroûte
Hasrout
Hasrun al Jadidah
Hasrun
Hasrut
Hassânîyé
Hatoun
Haushab
Haush Barada
Haush el `Aenna`bah
Haush el-Umara
Haush er-Rafqah
Haush Hala
Hawrah
Hawr Ta`la
Hawshab
Hawsh ad Dibs
Hawsh adh Dhahab
Hawsh al Harimah
Hawsh al Umara'
Hawsh an Nabi
Hawsh ar Rafiqah
Hawsh az Zara`inah
Hawsh Barada
Hawsh Bardah
Hawsh Hala
Hawsh Musa
Hawsh Qaysar
Hawsh Tall Safiyah
Hawsh Talsafiyah
Hayata
Hay Bîr Nâsser
Haydab
Hay ej Jameaa
Hay el Aïn
Hay el Maslakh
Haylan
Haylan
Haytlah
Haytulah
Haytura
Hayy ad Dahr
Hayy ad Darah
Hayy ad Day`ah
Hayy ad Dihliz
Hayy ad Duhayni
Hayy al `Aqabah
Hayy al `Arabah
Hayy al `Arabi
Hayy al `Atiqah
Hayy al `Ayn
Hayy al `Ayn
Hayy al `Azqa
Hayy al Bahr
Hayy al Ba`labakkiyah
Hayy al Balatah
Hayy al Balat
Hayy al Ba`l
Hayy al Ba`l
Hayy al Bayadir
Hayy al Birkah
Hayy al Fawqa
Hayy al Fghali
Hayy al Haqlah
Hayy al Jami`
Hayy al Jami`
Hayy al Jami`
Hayy al Jurah
Hayy al Kana'is
Hayy al Kanisah
Hayy al Maqati`
Hayy al Maslakh
Hayy al Mathanah
Hayy al Mukhabba'
Hayy al Muqaytiyah
Hayy al Qal`ah
Hayy al Qana
Hayy al Qarn
Hayy al Qarquf
Hayy al Qiddisah Hannah
Hayy al Wata'
Hayy an Nahr
Hayy ar Raml
Hayy ar Ru'ays
Hayy ar Rumiyah
Hayy ash Shabbuq
Hayy ash Shami
Hayy ash Shamis
Hayy ash Sharafah
Hayy ash Shwaya
Hayy as Sanawbar
Hayy as Sayyidah
Hayy as Sindiyanah
Hayy as Sindiyani
Hayy as Sinsal
Hayyatah
Hayy at Tahta
Hayy at Tayyunah
Hayy at Tinah
Hayy az Zu`aytiri
Hayy Bayt al Hajj
Hayy Bayt ash Shana`iri
Hayy Bayt `Atiyah
Hayy Bayt `Azar
Hayy Bayt Bu Nadir
Hayy Bayt Ighnatiyus
Hayy Bayt Saliba
Hayy Biqa` Kafra
Hayy Bi'r Nasir
Hayy Dahr al Balatah
Hayy Hamdun
Hayy Ja`ir
Hayy Mar `Abda
Hayy Mar Antuniyus
Hayy Mar Butrus
Hayy Mar Fawqa
Hayy Mar Ilyas
Hayy Mar Ilyas
Hayy Mar Istifan
Hayy Mar Jirjis
Hayy Mar Jiryis
Hayy Mar Nahra
Hayy Mar Ruhana
Hayy Mar Rukuz
Hayy Mar Saba
Hayy Mar Sasin
Hayy Mar Sharbal
Hayy Mar Sufiya
Hayy Mar Taqla
Hayy Mar Taqla
Hayy Mar Ya`qub
Hayy Mar Yuhanna
Hayy Mar Yusuf
Hayy Mar Zakhya
Hayy Qalb Yasu`
Hayy Sabra
Hayy Sayyidat ad Dahr
Hayy Sayyidat an Naja
Hayy Sayyidat an Nshif
Hayy Sayyidat Martin
Hayy Sayyidat Qassuba
Hayzuq
Hazerta
Hazmie
Hazmiyé
Hazrita
Hazzirta
Hbaichiyé
Hbaïline
Hbaleen
Hbalîne
Hbalin
Hbeïchîyé
Hbêlîne
Hboûb
Hdaïné
Hdathah
Hdaynah
Hdeinah
Hebline
Heedab
Heelan
Heitla
Heitlah
Heizouq
Hejoula
Hekr ed Dahri
Hekr el Koussa
Heliopolis
Heloue
Helta
Hemlâya
Henaïder
Henniyé
Henouch
Herbi
Herbouna
Herdaouch
Hereh
Hermel
Hermil
Hiaîyâti
Hidâb
Hidchêt
Hidshat
Hikr ed-Dahiri
Hikr el-Heesa
Hikr el Khouss`e
Hikr Janeen
Hikr Janîne
Hilane
Hiléne
Hillan
Hillêne
Hilta
Himlaya
Hiri
Hirmil
Hisarat
Hishmush
Hisn `Ar
Hisrayel
Hisrayil
Hiyatah
Hiyâta
Hizzeen
Hizzine
Hizzin
Hizzirta
Hjoûla
Hjula
Hmaïra
Hmairat
Hmaïré
Hmaïri
Hmaïs
Hmaïss
Hmays
Hmees
Hmeilah
Hmeiri
Hnaïder
Hnayder
Hneidir
Hnoûch
Hoch Moch
Hokr ech Cheïkh Tâbâ
Hokr ed Dâhri
Hokr el Haïssa
Hokr el Koûssé
Hokr Joûret Srâr
Homeiss
Hortaala
Hortalé
Hosaya
Hosn Aâr
Hosna
Hosrayel
Hoûdeïne
Houdj el Hajar
Hoûka
Houla
Houlé
Houmaïss
Houmâl
Houmar ez Zrhir
Houmeen el-Fauqa
Houmeen et-Tahta
Hoûmia
Hoûmîne el Faouqa
Hoûmîne et Tahta
Hoûmîne ett Tahta
Hoummaïss
Hourah
Hoûra
Hoûrâta
Hourâtâ
Hour Taila
Houssaïne
Houssoun
Hqoûl el Mehdi
Hraïqat
Hraïqess
Hraïqiss
Hrâjel
Hrar
Hreifat
Hrîq el Kfoûr
Hsaïma
Hsarale
Hsârâte
Hsarat
Hsayma
Hssaïnat
Hubayshiyah
Hujulah
Hujula
Hukr ad Dahiri
Hukr al Hisah
Hukr al Kusa
Hukr ash Shaykh Taba
Hukr Janin
Hukr Jurat Srar
Hulah
Hula
Hulbta
Humal
Humayri
Humays
Humin al Fawqa
Humin at Tahta
Hunaydir
Huqul al Mahdi
Hurata
Hurata
Hurayqis
Huri
Hurmal
Hushmush
Husnah
Husna
Hweish
Iaal
Îaât
I`al
I`at
Ibel es Saqi
Ibil as Saqi
Ibil as Saqy
Ibil es-saqi
`Ibreen
`Ibrin
`Idbil
Iddah
Iddah
Iddih
Iddih
Ihden
Ihdin
Ihmij
Ijba`
Ijd Aabrîne
Ijdabra
Ijdi`brin
Ilat
`Ilman
Ine Maufeck
Infah
`Innaya
Innchif
Innsâr
Innsârîyé
Insar
Insariyah
Insârîyé
Irkay
Irkey
Irnaya
`Irsal
Irzay
`Ishash
Iskandarounah
Iskandarouna
Iskandarunah
Iskanderouna
Iskanderuna
Iskanndaroûna
Istabil
Istabl
Istabl
`Itrin
`Iyat
Izâl
`Izzah
`Izz al `Arab
`Izziyat
`Izziyat Qana
Jaaita
Jabaâ
Jaba` ash Shawf
Jaba`
Jab`a
Jaba`
Jabal Bsaïl
Jabal el Botm
Jabboûlé
Jabla
Jada'il
Jadayil
Jadita
Jaditha
Jadra
Jage
Jâhlîyé
Jaîde
Jaïroun
Jaj
Jalala
Jall ad Dib
Jall adh Dhi'b
Jall Bou Haïdar
Jall Bu Haydar
Jall ed Dîb
Jall en Naml
Jall Jdid
Jall Nachi
Jall Nashi
Jâmeaa Ouâdi Zighrîne
Jamhoûr
Jamhur
Jami` Wadi Zighrin
Jamjam
Jamjim at Tahta
Jamjîm et Tahta
Jamlieh
Janeen
Janîne
Janin
Jannah
Janné
Janta
Jaoua
Jaouharîyé
Jaramoûn
Jarjoûaa
Jarjou`
Jarjoûr
Jarju`
Jarjur
Jarmaq
Jayrun
Jazâyer
Jazayir
Jazil
Jazzin
Jbâa ech Choûf
Jbâa
Jba` ash Shuf
Jbail
Jba`
Jba`
Jbâl el Botm
Jbâl el Boutoum
Jbal el-Buttum
Jbayl
Jdaidé
Jdaïdé
Jdaïdé
Jdaïdet Barqâcha
Jdaïdet ech Choûf
Jdaïdet el Qaïtaa
Jdaidet el Qaiteaa
Jdaïdet Ghazir
Jdâyel
Jdeedah
Jdeeta
Jdeidat el-Qeite`
Jdeidat Ghazeer
Jdeïdé
Jdeïdi
Jdidi
Jdita
Jebaa
Jebaïl
Jebb Farah
Jebla
Jebraye
Jebrâyel
Jeddâyel
Jedeide
Jedidé
Jedîta
Jeeroun
J`eeta
Jel el Dib
Jell ed Dib
Jemjam
Jeness Nayé
Jengel
Jennâta
Jenness Naye
Jennta
Jentâ
Jerebtai
Jerhaine
Jernâya
Jeser Djeje
Jesred Djaj
Jesr ed Djêj
Jeundi
Jezaier
Jezzîne
Jibal al Butm
Jibchît
Jibla
Jiblay
Jibra'il
Jibshit
Jijîm
Jijjim
Jinnata
Jinsnäya
Jisr ad Dajaj
Jisr al `Asi
Jisr al Basha
Jisr al Misri
Jisr al Qadi
Jisr Nahr Ibrahim
J`ita
Jiwa al `Arab
Jiwar al Bawashiq
Jiwar al Hashish
Jiwar al Hawz
Jiwar an Nakhl
Jiwar as Sus
Jlaysah
Jmaïjmé
Jorn el Qataat
Jouâr es Souss
Joub Jannine
Joünié
Joûn
Jrabta
Jrabta
Jran al Harah
Jran
Jubayl
Jubb Farah
Jubb Jannin
Judaydah
Judaydat al Qayti`
Judaydat ash Shuf
Judaydat Barqasha
Judaydat Ghazir
Judaydat Yabus
Jumayjimah
Jumhur
Juniyah
Junjul
Jun
Jurat ad Darb
Jurat ad Durdur
Jurat al Ballut
Jurat al Ghada
Jurat al Marah
Jurat al Mihad
Jurat al Qattin
Jurat Arsun
Jurat at Turmus
Jurat Badran
Jurat Habil
Jurat Mu`alla
Jurnaya
Jwayya
Kaaboûch
Ka`bush
Kaf al Mallul
Kâf el Malloûl
Kaffet el Ghrâb
Kafra
Kafr 'amam
Kafr `Ammay
Kafr `Aqqa
Kafr `Ass
Kafrayya
Kafr B`al
Kafr Bayt
Kafr Bibnin
Kafr Dabash
Kafr Danis
Kafr Dan
Kafr Dijjal
Kafr Dlaqus
Kafr Dunin
Kafr Falus
Kafr Faqud
Kafr Fila
Kafr Fu
Kafr Habou
Kafr Habu
Kafr Hammil
Kafr Harrah
Kafr Hata
Kafr Hatna
Kafr Hatta
Kafr Hattay
Kafr Hawra
Kafr Hayy
Kafr Hayy
Kafr Hazir
Kafr Hbab
Kafr Hilda
Kafr Him
Kafr Hunah
Kafr Jarrah
Kafr Jawz
Kafr Jrif
Kafr Kahlah
Kafr Khullus
Kafr Kiddah
Kafr Kila
Kafr Mashun
Kafr Mattá
Kafr Milki
Kafr Milki
Kafr Mishki
Kafr Nabrakh
Kafr Nis
Kafr Nun
Kafr Oummaï
Kafr Qahil
Kafr Qatra
Kafr Quq
Kafr Quwas
Kafr Rumman
Kafr Salah
Kafr Sarun
Kafr Sghab
Kafr Shahham
Kafr Shbu`
Kafr Shikhna
Kafr Shikht
Kafr Shillah
Kafr Shillal
Kafr Shillan
Kafr Shima
Kafr Shlayman
Kafr Shuba
Kafr Silwan
Kafr Sir
Kafr Ta`la
Kafrtayh
Kafr Tibnit
Kafr Tun
Kafr `Ubayda
Kafr `Uqab
Kafrwah
Kafr Yashit
Kafr Yasin
Kafr Zabad
Kafr Zayna
Kafr Zbuna
Kaftoûn
Kaftun
Kamid al Lawz
Kaoukaba Bou Aarab
Kaoukaba
Kaoutarîet es Siyâd
Karak Nuh
Karbaribah
Karkha
Karm al Mahr
Karm al `Usfur
Karm as Saddah
Karm Saddé
Katif Wadi ar Ru`yan
Kawkaba Bu `Arab
Kawkaba
Kawthariyat as Siyad
Kayfun
Kazbar
Kefraïya
Kfar Aaqqa
Kfar Dajjâl
Kfardenîs
Kfar Dlâqos
Kfar Doûnîne
Kfar Fîlâ
Kfar Floûs
Kfar Hamâm
Kfar Hâta
Kfar Hatta
Kfar Hazîr
Kfarhou
Kfar Hoûné
Kfar Jaouz
Kfar Jarra
Kfarmechkî
Kfar Melké
Kfar Roummâne
Kfar Sâroûn
Kfar Sghâb
Kfar Taala
Kfar Tibnît
Kfar Yâchît
Kfar Zaïna
Kfifan
Kfun
Kha`biya
Kha`b
Khabturah
Khalawat al Bayyadah
Khalawat ar Ru'aysah
Khalaya ar Raml
Khaldah
Khaldi
Khallat al Mutayn
Khallet Mqaïdeh
Khalouât el Baïyada
Khalwat al Munsi
Khalwat `Aynab
Khandaq at Tahta
Khandaq
Khan Hayyat
Khannaq Himarah
Khara'ib al `Aqabah
Kharhal
Khartum
Khawja Bustan
Khazzan Sawfar
Khirbat ad Duwayr
Khirbat al `Adas
Khirbat al Jurd
Khirbat ar Rumman
Khirbat `Ayn al Qanatir
Khirbat Bisri
Khirbat Dawud
Khirbat Qanafar
Khirbat Ruha
Khirbat Shar
Khirbat Silm
Khirbet Qanafâr
Khirbet Roûha
Khirbet Selm
Khuraybat al Jundi
Khurma`laya
Khurmatah
Khzaz
Kifrayya
Kifrayya
Kifrayya
Kilbata
Kilsh
Kitrmaya
Klilay
Koûsba
Krabraïbé
Ksara
Ksar al Hanash
Ksar al Mashraqah
Ksar ash Shidyaq
Ksarat Dahr ash Shir
Kubba
Kufayr az Zayt
Kufur al `Arabah
Kukdan
Kunayyisat Wadi an Na'irah
Kunin
Kur al Hawa'
Kur
Kurum ad Day`ah
Kurum al `Arab
Kurum al Fawwaqah
Kusba
Kusha
Kuwaykhat
Labboûné
Lala
Lasa
Lebqâ
Lib`a
Libbaya
Lihfid
Lubyah
Lusi
Maallaqa
Ma`asir ash Shuf
Ma`asir Bayt ad Din
Maassarati
Maasser ech Chouf
Maâteb el Aïn
Machaaroûn
Machghara
Machmoûché
M`ad
Mafraq Abu Raghif
Mafraq ash Shallalat
Mafraq Ghazir
Magharat ash Shaykh
Magharat `Ubayd
Maghâyer Mahali
Maghdoûché
Maghdushah
Mahall an Nab`
Mahrunah
Maïfadoûn
Majdal al M`ush
Majdala
Majdal `Anjar
Majdalayya
Majdalayya
Majdal Balhis
Majdal Balhîss
Majdal Ba`na
Majdal Silm
Majdal Tarshish
Majdaluna
Majdalun
Majdalyun
Majdal Zun
Majdel Selm
Majdel Zoûn
Majdub
Makhadat Nahr al Kalb
Maknounîyé
Maksah
Malhun
Maql al Bawaditah
Maqnah
Maqsabah
Maqsus
Ma`rabun
Marah `Abbas
Marah Abu HanzÌ§al
Marah Abu Qamar ad Din
Marah Abu Shadid
Marah ad Dahr
Marah ad Dishar
Marah ad Duqayyiq
Marah `Akkar
Marah al `Abd
Marah al Ahbas
Marah al Ahmar
Marah al `Aqabah
Marah al `Arab
Marah al `Asi
Marah al `Awja'
Marah al `Awkash
Marah al `Ayn Nuna
Marah al Balatah
Marah al Ballut
Marah al Basatin
Marah al Ghamirat
Marah al Hajj
Marah al Harfush
Marah al Jadidah
Marah al Jajah
Marah al Jamal
Marah al Juddawi
Marah al Khawkh
Marah al Khawkh
Marah al Mahlisah
Marah al Mashraf
Marah al Mir `Ali
Marah al Mir
Marah al Mishmishi
Marah al Mughr
Marah al Qati`
Marah al Qulud
Marah al Qurnah
Marah al `Utaybah
Marah al Wadi
Marah an Ni`was
Marah ash Sha`ir
Marah ash Shi`b
Marah ash Shunayn
Marah as Safirah
Marah as Saghir
Marah as Sayyid
Marah as Siraj
Marah as Siyad
Marah at Tirkhin
Marah at Tit
Marah `Azibah
Marah az Zawarib
Marah az Zayyat
Marah Bakdash
Marah Bayt al `Abd
Marah Bayt `Allu
Marah Bayt al Quzah
Marah Bayt `Assaf
Marah Bayt Muhammad
Marah Bayt Salim
Marah Bu Ibrahim
Marah Bu Shahin
Marah Da``as Ta``an
Marah Dahr ash Shir
Marah Haysun
Marah Hiqab an Najjar
Marah Husayn Shamdin
Marah Husayn Ta``an
Marah Juwar al Qurrah
Marah Na'if
Marah Najib
Marah Qirraytah
Marah Ruhana
Marah Shadid
Marah Wadi al Mallul
Marah Yasin
Marah Zuwaytinah
Ma`rakah
Ma`raki
Marasifah
Mar Butrus
Mar Dumit
Mâr Eliâs
Mar Ilyas
Mar Ilyas
Marisi
Marj Aali
Marjaba
Marj `Ali
Marj as Samah
Marjayoûn
Marj Biskinta
Marj es Samâh
Marjhin
Marji`yun
Marj Kitrmaya
Marj Mukhtarah
Markaba
Markibta
Mar Liya Haddarah
Mar Mama
Mar Mikha'il
Mar Mikha'il
Mar Mqin
Mar Musa
Mar Nahra
Maroûs el Barranîyé
Maroûs el Jouânîyé
Marqîyé
Mar Sarkis
Mar Shayna
Mar Tmura
Mar Tuma
Ma`rub
Marun ar Ra's
Marus al Barraniyah
Marus al Jawwaniyah
Marwahin
Mar Yuhanna Marun
Mar Yusuf
Mar Yusuf
Masa
Ma`sarati
Mashgharah
Mashha
Mashmushah
Mashqiti
Mashta al `Izziyah
Mashta Hammud
Mashta Hasan
Ma`shuq
Masna` az Zuhr
Masna` Bidnayil
Masrah
Ma`sriti
Mastita
Matahin as Sab`ah
Matariyat ash Shawmar
Mathanat ad Dulbah
Mathanat al Ju`aydiyah
Maydun
Mayfadun
Mayfuq
Mayruba
Mays al Jabal
Maysat
M`aytiq
Ma`zar
Mazbud
Mazmura
Mazraat Aâdoûr
Mazraat Aaqmâta
Mazraat Aatâya
Mazra`at Abi Nadir
Mazra`at ad Dahr
Mazra`at ad Darajat
Mazra`at ad Dawudiyah
Mazra`at ad Duhur
Mazra`at Adunis
Mazra`at `Adur
Mazraat Aïn Bou Souâr
Mazra`at al `Abbudiyah
Mazra`at al `Aqbiyah
Mazra`at al `Ayn
Mazra`at al `Aytaniyah
Mazra`at al Bayyad
Mazra`at al Btaddiniyah
Mazra`at al Buwayt
Mazra`at al Ghattas
Mazra`at al Hajj Khalil
Mazra`at al Hamra'
Mazra`at al Humaylah
Mazra`at al Judiyah
Mazra`at al Jumayyil
Mazra`at al Juwayk
Mazra`at al Khayzaran
Mazra`at al Khuraybah
Mazra`at al Manhalah
Mazra`at al Mathanah
Mazra`at al Muhaydilah
Mazra`at al Musaylih
Mazra`at al Mushrif
Mazra`at al Qunaytirah
Mazra`at al Qurayyah
Mazra`at al `Urqub
Mazra`at al Wadi
Mazra`at al Wa`rah
Mazra`at al Wasitah
Mazra`at al Wazi`iyah
Mazra`at al Wisamiyat
Mazra`at al Wusayta
Mazra`at an Nabi Qasim
Mazra`at an Nahriyah
Mazra`at an Nahr
Mazra`at an Nahr
Mazra`at ar Razzaniyah
Mazra`at ar Ru'aysah
Mazra`at ar Ruhban
Mazra`at ash Shuf
Mazra`at ash Shumayyisah
Mazra`at as Safari
Mazra`at `Assaf
Mazra`at as Sakaniyah
Mazra`at as Saknuniyah
Mazra`at as Salafini
Mazra`at as Siyad
Mazra`at as Snaybir
Mazra`at as Suwayri
Mazra`at at Tayyibah
Mazra`at at Tuffah
Mazra`at `Ayn al Qantarah
Mazra`at `Ayn az Zarqa'
Mazra`at `Ayn Bu Siwar
Mazra`at `Ayn Qaniyah
Mazra`at `Ayyah
Mazra`at azÌ§ ZÌ§alil
Mazra`at `Azzah
Mazra`at az Zallutiyah
Mazra`at az Zaynati
Mazra`at az Zu`ruriyah
Mazra`at Bani Sa`b
Mazra`at Bayt al Faqih
Mazra`at Bayt al Ghusayn
Mazra`at Bayt Mshayk
Mazra`at Bayt Sulaybi
Mazra`at Bayt Taqsh
Mazra`at Brak at Tall
Mazraat Bsaffoûr
Mazra`at Bsaffur
Mazra`at Busaylah
Mazraat Châl Baal
Mazra`at Dajaj
Mazra`at Dayr al `Asha'ir
Mazra`at Dayr Hanna
Mazra`at Dayr Taqla
Mazraat Deïr Hanna
Mazraat Djâj
Mazraat Dmoûl
Mazra`at Dmul
Mazraat ech Chamîssé
Mazraat el Aarqoûb
Mazraat el Btadînîyé
Mazraat el Loûzîd
Mazraat el Mahtaqra
Mazraat el Mathané
Mazraat el Ouazaaïyé
Mazraat en Nahr
Mazraat er Rouhbâne
Mazraat es Souaïri
Mazraat et Teffâh
Mazraat ez Zalloûtîyé
Mazraat ez Zehzlâne
Mazra`at Habshit
Mazra`at Hannush
Mazra`at Islamiyah
Mazra`at Ja`far
Mazra`at Jamjim
Mazra`at Jinjlaya
Mazra`at Kafra
Mazraat Kafrâ
Mazra`at Kafr Baddah
Mazra`at Kafr Dhibyan
Mazra`at Kassab
Mazra`at Kawthariyat ar Ruzz
Mazra`at Khafishah
Mazra`at Khallat Khazin
Mazraat Khallet Khâzene
Mazraat Louzîd
Mazra`at Mar Ilyas
Mazra`at Matar
Mazra`at Nahhulah
Mazraat Oum er Robb
Mazra`at Qal`at Mays
Mazraat Qrouh
Mazra`at Qruh
Mazra`at Ramasah
Mazra`at Ra's al Baydar
Mazraat Râs el Baïdar
Mazra`at Sarda
Mazra`at Shilba`l
Mazra`at Sinayy
Mazra`at Tayr Samhat
Mazra`at Tibna
Mazraat Toûl
Mazra`at Tul
Mazra`at Umm `Ali
Mazra`at Umm ar Rabb
Mazra`at `Uqmata
Mazra`at Wadi Biqa
Mazra`at Wadi Smaya
Mazra`at Yashu`
Mazraat Zaghrîne
Mazra`at Zayta
Mazraat Zeïta
Mazra`at Zighrin
Mdamit
Mdukha
Mejdelyoûn
Merah Abou Ibrahim
Metrît
Mghâret ech Cheïkh
Mhârbîyé
Midan az Zir
Miftah al Mir
Miftah as Salamah
Miftah Bu Nusayr
Mighraqah
Mighraqah
Mihmarsh
Mihqan al MazÌ§lum
Mihqan Sallum
Mi`mariyat al Kharab
Mimis
Mina' al `Atiqah
Mina' al Hisn
Mina' al Jadidah
Minyarah
Miqyal al Qal`ah
Mi`rab
Mirmata
Miryatah
Mishhlan
Mishmish
Mishmish
Mitrit
Mîyâssé
Mîyé ou Mîyé
Miziâra
Mizyarah
Mjeïdil
Mkâtbé
Mlâzeq Hreqta
Mlîkh
Moghr el Ahoual
Morh Kfar Sghâb
Moûlîd
Mqoufti
Mrâh Aazîbé
Mrâh Abou Chdîd
Mrâh el Habâs
Mristi
Mrousti
Msaïjene
Mshan
Mshikha
Mtullah
Mudawwarah
Mughr al Ahwal
Muhaybib
Mujaydil
Mukallis
Mulid
Mumni`
Munjiz
Muql al Khaff
Murayjah
Murh al Munaytirah
Murh Kafr Sghab
Muta
Mutayriyat
Mzayhimah
Nab` al `Asal
Nab` al Ghuzaylah
Nab` al Jadid
Nab` al Magharah
Nab` as Safa
Nabatîyé et Tahta
Nabatîyé
Nabay
Nabha
Nabi Ayla
Nabi Séjoud
Nab` Turzayya
Naffakhiyah
Nahlah
Nahlah
Nahr adh Dhahab
Nahr al Mawt
Nahr el Besri
Nahr Ibrahim
Nahr Nîha
Na`imat al Fawqa
Najd
Najmat as Subh
Nammurah
Nâous
Naqoura
Nasb Ghazal
Niha
Niha
Niha
Niha
Nimrin
Nqâr el Gharbi
Nurat al Fawqa
Nurat at Tahta
Ouâdi Baanqoûdaïn
Ouâdi el Aarâyech
Ouâdi Jezzîne
Ouâdi Qannoûbîne
Ouâdi Zebdîne
Ouastani
Ouata Fârès
Oudi el Laïmoûn
Qaa er Rîm
Qaa
Qa`ar Rim
Qabb Ilyas
Qab`it
Qabr as Sindiyan
Qabr Chmoûn
Qabrikha
Qa`brin
Qabr Shmun
Qaddam
Qaïtoûlé
Qalaat Aades
Qalaat ezZaïtoûné
Qal`at al Burj
Qal`at al Hamra'
Qal`at as Sawda'
Qal`at Mi`rab
Qal`at Nusayr an Nimr
Qal`at Sanyurah
Qal`at Tabbush
Qalb as Sab`
Qalhat
Qallawiyah
Qamar ad Din
Qamar ed Dîne
Qamaz
Qana
Qanarit
Qanat Bakish
Qandulah
Qannabat Brummana
Qannârît
Qa`qa`iyat al Jisr
Qa`qa`iyat as Sanawbar
Qaraaoun
Qarah Bâch
Qarah Bash
Qarha
Qarha
Qarhayya
Qarna`un
Qarqafé
Qarqaf
Qarsita
Qartaba
Qartabun
Qasr al Lajuj
Qasr Naba
Qassaniyah
Qassubah
Qassubah
Qati` al Bu`ayniyah
Qati` Bu Murad
Qatran
Qattin al Marj
Qattin
Qaytulah
Qibbay`
Qibraya
Qila` al Burj
Qilya
Qinya
Qirqrayya al Fawqa
Qirqrayya
Qirraytah
Qirtadah
Qiryaqus
Qiya`ah
Qiyâa
Qîzet Cheqâa
Qîzet es Saouéd
Qna`bah
Qnaïouer
Qnât
Qnaywir
Qoubaiyat
Qsarnaba
Qtalah
Qtalah
Qtâlé
Qubayyat al Bharbiyah
Qubbat Shamra
Qubrus
Qubur al Bid
Qulud al Baqiyah
Qummul
Qurayyat
Qurnat al Hamra'
Qurnat al Marj
Qurnat Shahwan
Qurnayil
Qurqarah
Qusaya
Qushluq
Qutta` ar Ru'us
Quwalah
Rabaat ej Jabal
Rabb ath Thalathin
Rachaaïne
Râchaïya el Foukhâr
Rachaïya
Rahbah
Raïssé
Rakti
Ramadiyah
Ramat
Ramiyah
Ramlat al Bayda'
Ramlat al Hamra'
Ram
Ramyah
Raqliyah
Ra's al `Ayn
Ra's al `Ayn
Ra's al Harf
Ra's al Karm
Ra's al Marj
Ra's al Matn
Ra's al Misri
Ra's al Muruj
Ra's an Nab`an
Ra's `Aqabat ar Ratl
Ra's Ba`labakk
Ra's Bayrut
Ra's Bunayya
Râs el Masri
Rashana
Rasha
Rashayya al Fukhkhar
Rashayya
Ra`shin
Rashkidah
Rashkiddah
Ra'siyah
Ra's Kifa
Râs Kîfa
Rasm al Hadath
Ra's Mama
Ra's Masqa al Janubiyah
Ra's Masqa ash Shamaliyah
Ra's Nhash
Ra's Qusta
Rassîyé
Rayak
Rayfun
Rechdibbîne
Rihâne
Riha
Rimât
Rimhala
Rishdibbin
Rish`in
Rishknaniyah
Rishmayya
R`it
Riyaq
Rmaich
Rmaïla
Roûm
Rshaf
Ru'aysat al Ballut
Ru'aysat an Nu`man
Ru'aysat Qibbay`
Ru'aysat Salima
Ru'aysat Sawfar
Ru'ays
Rujum
Rumaysh
Rumin
Rumyah
Sabbah
Sabbarah
Sablin
Sabtiyah
Sadd al Bawshariyah
Sa`din
Sa`d Nayil
Safad al Battikh
Safad el Battîkh
Safari
Safinat al Qayti`
Safrah
Saghbîne
Saghbin
Sahl `Alma
Sahm at Tawbah
Sahrat al Qashsh
Saïda
Saïdoûn
Sakaki
Sakhrah
Sakhra
Sala`ah
Salihani
Salima
Sanaallah
San` Allah
Sannin
Sannur
Saqiyat ad Dulb
Saqiyat al Khayt
Saqiyat al Misk
Saqiyat Zaydan
Saqy Lasa
Saqy Rishmayya
Sarba
Sarba
Sarghoûn
Sarquta
Sathah
Sawayni
Sawfar
Sayda
Saydnaya
Saydun
`Saymut
Saysuq
Sayyidat al Hawsh
Sayyidat an Naja
Sayyidat an Naja
Sbuba
Sebaail
Séjoud
Semqayé
Seraaïl
Sfâray
Sfenta
Sfinta
Shabriha
Shadrah
Shahahir
Shahtul
Shahuta
Shama`
Shamat
Shamis `Arnbaya
Shamlikh
Shammut
Shamsin
Shana
Shanayh
Shan
Shaqduf `Akkar
Shaqif Btallun
Shaqra
Sharbila
Shartun
Sharun
Sha`th
Shatin
Shawaliq
Shawiyat az Zammar
Shaykhlar
Shbayl
Shhim
Shhur
Shi`biyat al Fawqa
Shibtin
Shihin
Shikhan
Shikhnayya
Shikka al `Atiqah
Shikka
Shimlan
Shinta
Shir al Bwar
Shira
Shir Humayrin
Shittahah
Shlifa
Shlumas
Shma`rin
Shmistar
Shnan`ir
Shqiq at Tahta
Shqiq
Shrin
Shtawrah
Shukin
Shurit
Shwan
Shwata
Shwayya
Shwayya
Shwit
Sib`il
Siblin
Sibnay
Sibrin
Sidon
Sighar
Sil`a
Sil`ata
Silfaya
Sindiyanat Raydan
Sinn al Fil
Sir ad Dinniyah
Sir al Gharbiyah
Siran Dawud
Siran
Sirat Hani'
Sir`il
Sir`in al Fawqa
Sir`in at Tahta
Sir`ita
Sirjbal
Smar Jubayl
Snaoubar el Haché
Snâya
Snayya
Sohmor
Soûq aïn Qbaïa
Soûr
Srahmul
Srar
Sribbin
Srifa
Suhmur
Sujud
Sulayyib Bshi`lah
Sulayyib Ram
Suq al Firi
Suq al Gharb
Surat
Sur
Taaïd
Taaïlet
Tabarja
Tâhoûn Nahloûs
Taht al Qal`ah
Tahun Nahlus
Tahwitat al Ghadir
Tahwitat an Nahr
Taïr Harfa
Taïr Zebna
Ta`labaya
Talbita
Tall `Abbas al Gharbi
Tall `Abbas ash Sharqi
Tall al Akhdar
Tall al Hayyat
Tallat ad Dayr
Tallat al Mujabbir
Tallat az Zafir
Tallat Mishal
Tall az Za`azi`
Tall az Za`tar
Tall Bibi
Tall Birah
Tall Dhnub al Jadidah
Tall Dhnub
Tall Humayrah
Tall Kari
Tall Kindi as Saghiir
Tall Kindi
Tall Kirri
Talloûssa
Tall Sib`il
Tall Sugha
Tallusah
Tall Za`tar
Talsa
Talya
Ta`nayil
Tanbourît
Tanburit
Tannurah
Tannurin al Fawqa
Tannurin at Tahta
Taouâhîne Râs en Nahe
Tarabulus
Taran
Târây
Tarayya
Tariq al Jadidah
Tarshish
Tartij
Taru` al Qattin
Tarwil
Tashi`
Tawahin az Zahriyah
Tawahin Ra's an Nahr
Tawfiqiyah
Tayr Dibbah
Tayr Falsayh
Tayr Harfa
Tayr Zibna
Temnîne el Faouqa
Temnîne et Tehta
Tfayl
Thulthata
Thum al Fawqa
Thum at Tahta
Thum
Tibnîne
Tibnin
T`id
Tikrit
Timnin al Fawqa
Timnin at Tahta
Tirmalikh
Touahine ez Zahriye
Toûla
Toûlîne
Tourza
Trâblous
Tripoli
Tuffahta
Tula
Tula
Tulin
Tura
Turbul
Turbul
Turza
Turzayya
Tut Rumman
Tyre
`Ubaydat
`Udaysah
`Ukfur
Umm at Tut
`Uyun al Ghizlan
`Uyun Urghush
Wadi ad Dayr
Wadi ad Dulb
Wadi al Ammin
Wadi al `Ara'ish
Wadi al Aswad
Wadi al Hawr
Wadi al Injas
Wadi al Jamus
Wadi al Jurd
Wadi al Karm
Wadi al Laymun
Wadi an Nahlah
Wadi an Na'irah
Wadi as Sitt
Wadi at Turkuman
Wadi `Ayn al `Ullayq
Wadi az Zaynah
Wadi B`anqudin
Wadi Bunayt
Wadi Dardurit
Wadi Fa`ra
Wadi Hayun
Wadi Jazzin
Wadi Jilu
Wadi Khalid
Wadi Qannubin
Wadi Shahin
Wadi Shuhrur as Sufla
Wadi Shuhrur
Wadi Tali
Wajh al Hajar
Wata' al Ban
Wata' al Burj
Wata' al Harajiliyah
Wata' al Jawz
Wata' al Kalb
Wata' al Khirbah
Wata' al Lawz
Wata' al Muruj
Wata' Barra
Wata' Faris
Wata' Hub
Wata' Mansur
Wata' Sillam
Wata' Tabariyah
Wata' Yusuf
Yahfufah
Yahshush
Yanta
Yanuh
Yanuh
Yârîn
Yarita
Yarun
Yatar
Yuhmur al Biqa`
Yuhmur
Yunin
Zabbud
Zabbugha
Zaghlah
Zaghla
Zahiriyah
Zahlah
Zahlé
Zakrun
Zammar
Zanbil
Zanduqah
Zan
Zara'ib Shukr
Zardah
Zaribat as Subhah
Zar`un
Zawtar al Gharbiyah
Zawtar ash Sharqiyah
Z`aybir
Zayta
Zaytun
Zeghdrâya El Aatîqa
Zeghdrâya
Zeïta
Zgharta al Matawilah
Zgharta el Mtâoulé
Zghartaghrîne
Zgharta
Zghartighrin
Zhalta
Zhilta
Zibdin
Zibdin
Zibdul
Zibqin
Zifta
Zighdraya al `Atiqah
Zighdraya
Zighrin at Tahta
Zighrin
Zighrin
Zikrit
Zilhmayya
Zillaya
Zuq al Fawqa
Zuq al Habalsah
Zuq al Hisniyah
Zuq al Kharab
Zuq al Muqashshirin
Zuqaq al Balat
Zuq at Tahta
Zuq Haddarah
Zuq Mikha'il
Zuq Musbih
Zuwaytinah
