Aden
African Jordan
Agikolazizu
Ajoi
Ajoice
Akabomen
Alabama Camp
Alejazu
Alfabli
Alfredta
Alijazu
Aljennah
Amina
Amina Number 1
Amina Number 2
Amina Number One
Amina Number Two
Anchuah Town
Anchuan
Andrewbli
Andrews Town
Angalazu
Ansiah
Apgaye Doabli
Apo
Arthington
Aruan Point
Asabli
Audrichbli
Auzitabli
Away Town
Ayema
Ayima
Baa
Baabli
Baaguata
Baaja
Baaka
Baake
Baama
Baapie
Baapla
Baata
Baata
Baatonbli
Baatown
Baawu
Ba
Ba
Bababli
Babahun
Babahuni
Babala
Babalo
Babe
Babli
Babli
Babli
Babli
Bablobli
Babloh-Bli
Babokehn
Babota
Babuabli
Babu
Babu Town
Babwabli
Badale
Badanoma
Badasu
Badawin
Baddu
Bade
Bade Station
Badesu
Badeya
Badeya
Badezu
Badia
Badie
Badio Town
Badow
Badu
Badue
Baduna
Baema
Baema Number 1
Baema Number 2
Baema Number One
Baema Number Two
Bafawehn
Bafa Wehn
Baforwen
Bafowehn
Bafu
Bafu Bay Town
Bafuma
Bagger Farm
Bagle
Baglor Town
Bagohn
Bagoleta
Bagoli
Bagulazu
Bagwabli
Bagwaima
Bagwu
Baha
Bahama
Bah
Bah
Bah-Bli
Bàhdèhzu
Bahkèdoe
Bahlahta
Bahlopwa
Bahn
Bahn
Bahn Town
Bahoke
Bahpea
Bahsiwayn
Bahwayh
Bahwayn
Baiama
Bai
Baibli (1)
Baibli (2)
Baibli
Baiduabli
Baikai
Baikai
Baike
Baikole
Baila
Baila
Baima
Bainda
Baisu
Baja
Baja
Bajabli
Bajakehn
Bajego
Ba Jimmy
Ba Jimmy Town
Baka
Bakabli
Bakado
Bakamai
Bakamba
Bakanda
Bakdia
Bake
Bake
Bakédou
Bakedu
Bakendu
Bakibli
Bakiedou
Bakiemai
Bakiemei
Bakla
Baklo Town
Bako Bea
Bakohn
Bakohn
Bakohnbil
Bakohnbli
Bakohnbli
Bakohn Town
Bakoi Town
Bakonbli
Bakuma
Bakun
Bakuoima
Bakwaita
Bakweta
Bakwetah
Bala
Bala
Balabli
Balagwalazu
Balaisua
Balaja
Balaka
Balakowa
Balakpalma
Balakpo
Balakpor
Balalahun
Balama
Balamia
Balapo
Balasona
Balata
Balatahun
Balatau
Balatenga
Balatengia
Balaville
Balawa
Balesi
Baliabli
Bali
Balike
Balikehn
Baliken
Bali Kohnma
Balingabli
Bali Place
Balla
Ballah Camp
Ballomah
Ballrah
Balmbay
Balo
Baloma
Baloma
Baloma
Balomah
Balosa
Balozu
Balpali
Balra
Balu
Balura
Balu Town
Bama
Bamai
Bamakave
Bamake
Bamakole
Bamara
Bamawipla
Bamazo
Bambala
Bamballah
Bambara
Bambarra
Bambele
Bamble
Bambli
Bambodu
Bambuma
Bambuta
Bame
Bame Town
Bamganima
Bami
Bamobli
Bamonoa
Bampa
Bampa Town
Bample
Bampree
Bamu
Bana
Banai
Banaka
Banama
Bana Town
Bandahqueh Town
Bandaini
Bandajuma
Bandakolo
Bandeineen
Bandela
Bandiani
Bandila
Bando
Bando
Bandor
Banersville
Banga
Bangah
Banga Sioquelle
Bange
Bango
Bangoma
Bang Town
Bangwe
Bangye
Bani
Bani
Banjao
Banjo
Banjo
Banka
Banka Town
Bannah
Banokoita
Bansu
Banti
Bantohn
Banwayn
Banwei
Banyata
Banyohn
Banyon
Banyo Town
Banzu
Bao
Baobli
Baoja
Bao Town
Bapa
Bapa
Bapabli
Bapakwali
Bapie
Baple
Bapo
Bapu
Bapubli
Barake
Barambuma
Barblozohn
Barclay
Barclay Farm
Barclaysville
Barclayville (1)
Barclayville (2)
Barclayville (3)
Barclayville (4)
Barclayville
Barclayville
Barduah
Barduah
Barekling
Barforwin
Barhney
Barh Town
Barkey
Barlata
Barlayville
Barmo
Baroma
Barota
Barseegiah
Barwalor Quarter
Barwen
Barwonkpo New Town
Basa
Basagia
Basai
Basanai
Ba Sao
Basawa
Baselahun
Basenga
Basibli
Basika
Baso
Basobli
Basoe
Basome
Bassa
Bassa Bwa
Bassa Community
Bassa Community
Bassa Community
Bassagia
Bassa Town
Bassa Town
Basselahun
Basu
Basu
Baswa
Batabli
Bataca
Batagizi
Bataka
Batakole
Batato
Batesu
Batiabli
Batim
Batoa
Bato
Bato
Batonwe
Bato Town
Ba Town
Ba Town
Ba Town
Batra Town
Batro
Batu
Batwain
Bauakla
Bau
Bau
Baubli
Bauh
Baunga
Bauwabli
Bauwema
Bauwoja
Bauwolahun
Bavlehn
Bawadla
Bawata
Bawe
Bawebli
Bawehn
Bawehn
Bawehn
Bawehnkpo
Baweima
Bawen
Bawenkpo
Bawe Town
Bawfeng
Bawia
Bawin
Bawin
Bawirike
Bawita
Bawita
Bawlike
Bawni
Bawnwe
Bawo
Bawoima
Bawolobo
Bawomai
Bawrekon
Bawzone
Bayake
Bayalu
Baye
Bayepea
Bayila
Baylaybo
Bayobli
Bayobli
Bayo Town
Baypon Town
Baytonwee
Bayubli
Bazagizia
Bazalima
Baziama
Baziewehn
Bazin
Bazin Section
Baziwehn
Bazohn
Bazohn
Bazohnbli
Bazon
Bea
Bea
Bea
Bea
Beaden
Beadi
Bea Gate
Bea Gatetown
Beah
Beahfinnie
Beaja
Beang
Be Anna
Beasemby
Beasot
Beawu
Beaytuo
Beayukes
Be Baba
Bebeli
Beble
Bebli
Bebli
Be Boakai
Be Boi Kali
Be Buakai
Bebu
Be Cooper
Be Crusoe
Bedaja
Be Dean
Be Devon
Bedezea
Bedi
Bedue
Beeplay
Beezohn
Be Fefe
Be Flomo
Be Gbogbo
Be Gboi
Be Gbomgba
Be Gbui
Be Gbui Kali
Begego
Begiabon
Be Gibson
Be Goba
Begobli
Be Gole
Begondeh
Begondo
Begondoh
Be Grale
Be Gungo
Be Hama
Behm
Behn
Behnji
Behnjih
Behn Town
Be Hoff
Be Hoi Lekpe
Behwen
Behyn Town
Beibli
Beih
Beipa
Beipah
Beiplay
Bei Sono
Be Jaja
Be Johnson
Bejokehn
Be Kahnle
Be Kato
Bekela
Be Kena
Beko
Be Kung
Belage
Bele
Bele-belezu
Belefanai
Belefanai
Belefani
Belefuanai
Belefuani
Belefuenai
Belefunai
Belekoya
Belekro
Belela
Belemu
Belemu
Belepier
Beleplo
Belesii
Bele Town
Belevani
Belibalamu
Belifine
Belijama
Belimu
Belimu
Belipani
Belipanimu
Belita
Beli Town
Beliyela
Bella Fanai
Bellebaloma
Bellefanai
Bellefenai
Bellefuanai
Belle Kpamu
Belle Mbaloma
Belle Quarter
Belle Yela
Belle Yella
Belleyellah
Bellikparmu
Bellimu
Belliyela
Belliyella
Bellorken
Belokehn
Belokehn
Bema
Be Mawi
Bembele
Be Moi Lekpe
Be Mole
Be Momodi
Be Momo Saki
Benama
Be Nawan
Benbli
Benbu
Benda
Benda
Bendaja
Bendalahun
Bendata
Bendenbu
Bendo
Bendoma
Bendu
Benduma
Bene
Benekpalala
Benepala
Beneta
Benewehn
Benewhen
Beng
Bengda
Bengizima
Benglogo
Bengolahun
Benicoleh
Benike
Benikole
Beniwehn
Beniwehn Session
Beniwin
Benja
Benje
Ben Johnsonbli
Ben Loganbli (1)
Ben Loganbli (2)
Ben Loganbli
Benono
Be Nor
Bensa
Bensonville
Bensonville
Benswa
Bentol
Bentol City
Bentonwin
Ben Town
Ben Town
Benyola
Beon
Be Parker
Bepeo
Bepio
Beple
Beplo
Be Reeves
Berh Town
Bernard Farm
Be Robert
Berry Farm
Bersula
Be Sagi
Besaki
Be Sali
Besali
Be Sami
Besao
Be Sato
Besau
Be Seke
Be Seku
Be Sie
Bessalohun
Bessen Place (1)
Bessen Place (2)
Bessen Place (3)
Bestman Town
Be Suawo
Besugabli
Besula
Be Taa
Beta
Betabli
Be Tape
Bete
Bete
Betejama
Beteke
Betesu
Beteyama
Betezu
Beti
Betijama
Beti Town
Be Tobo
Betonwi
Be Town
Betu
Beuase
Be Vincent
Bewahn
Bewala
Bewehn
Bewehn
Be William
Be Williams
Be Williams
Bexeley
Bexley
Bex Project Camp 1
Bex Project Camp 2
Bex Project Camp One
Bex Project Camp Two
Beyanta
Beyatle
Bey
Be Zawana
Be Ziema
Bezohn
Be Zolon
Be Zwai
Be Zway
Bhambo
Bheko
Bho
Bhogbo
Bho Town
Bia
Bia
Bia
Bia
Biabla
Biabli
Biabo
Biadatuo
Biage
Biahdatuo
Biah Number One
Biah Number Two
Biai
Biako
Biale
Bian
Biaplay
Biaso
Biata
Bia Town
Biatro
Biatu
Biatuo
Bidiosiba
Bidoisiba
Bidoizeba
Biea Town
Bie
Bieboo
Bieden
Biedeng
Biedien
Biefeni
Biejaa Number 2
Biejaa Number Two
Biejojo
Biekende
Bie Kende
Bièkendeh
Biekinday
Bien
Bièndèn
Biesua
Bieta
Bieta
Bieto
Bie Town Number 1
Bie Town Number 2
Bie Town Number One
Biezembio
Bigabli
Bigbon
Big Jay
Big Je
Big Joe Town
Big Murray Town
Big Suehn
Big Town
Big Town
Bii Town
Bikendi
Bila
Bilagreh
Bilakpo
Bilapo
Bilikilai
Bilkpomui
Billitanda
Biluwapa
Bima
Bimmie
Bindaja
Bindalahun
Bindeon
Binga
Bingdabli
Bingia
Binibala
Binpey
Binpie
Binyata
Bio
Biogba
Biokobli
Biokuia
Biplay
Biple
Bitiba
Bitijama
Bittihyamma
Bittiyamma
Bittlyamma
Biubli
Bizohn
Blabe
Blabebli
Blabli
Blabli
Blackibli
Blackie
Blackie
Blackie
Blackie Town
Bladen
Blaehqua
Blagabli
Blagai
Blahn
Blahsno
Blaikoma
Blairbli
Blair Camp
Blako
Blakpeleta
Blakuala
Blalabli
Blali
Blalomkate
Blama Gogo
Blamein
Blamiyie
Blamu
Blang
Blano
Blaonbli
Blapie
Blarvhn
Bla Town
Blaui
Blavo
Blavohn
Blawehnbli
Blawehn Section
Blawi
Blawme
Blaytoe
Blay Town
Blazenke
Blazo Farm
Blebe
Ble
Ble
Blebli
Blebo
Bleeville
Bleewehn
Blegbui
Bleje
Blekehbli
Blemiple
Bleng
Bleohn Town
Blesi
Bleto
Bleto
Bleto Town
Blevlavo
Blewali
Bley
Blie
Blimiplay
Blimiple
Blipi
Blipi Town
Blo
Blodu
Bloduwi
Blohn
Bloke (1)
Bloke (2)
Bloke
Bloki
Blokoan
Blomba
Blompa
Blom Town
Blonda
Bloniwehn
Blosabli
Blosobli
Blosobli
Bloso
Bloua
Blowhen Sayon
Blueh
Bluen
Bluin
Blumo
Blumtuo
Blunekli
Blunga
Bluyema
Blyden Town
Bo (2)
Boabli
Boa
Boaclea
Boaka Camp
Boakai
Boakaita
Boaklea
Boanbli
Boata
Boata
Boata Town
Boawolohun
Boba
Boba
Boba Klebli
Bobalo
Bobao
Bobe
Bobeh
Bobei
Bobita
Boblabli
Bob Lee Town
Bobli
Bobli
Bobli
Bo
Bo
Bo
Bobobli
Bobo
Bobo Granta
Bobople
Bobota
Bobuabli
Bobwobli
Boda
Boda
Bodalu
Bo Danyuga
Boda Town
Bodezula
Bodia
Bodia
Bodia Town
Bodje
Bodota
Bodowin
Boduala
Boduto Town
Bodu Town
Boe
Boe
Boegeezay Town
Boe Town
Boey
Boeyea
Bofata
Bofeng
Bofuma
Bofumia
Bogah
Bogata
Bogata
Bogawia
Bogbo
Bogbota
Bogbue
Bogenda
Boggle Town
Bogibli
Bogise
Bogli
Bogota
Bogu
Bogula
Bogus Town
Bohaple
Boh
Boh
Bohdah
Bohkessah
Bohmee
Bohngle
Bohnwia
Boi
Boiboimai
Boieta
Boilabli
Boila
Boima
Boinada
Boingai
Boinsema
Boinu
Boinwehn
Boinwoin
Boisen
Boissèn
Boita
Boizia
Bojesi
Bojesi Town
Boji
Bojisi
Bojizi
Bojua
Bokalazu
Bokali
Bokebli (1)
Bokebli (2)
Bokebli (3)
Boke
Bokerza
Bokesa
Bokesseh
Boketa
Bokeza
Bokeza Junction
Bokeza Road Town
Bokeze Junction
Bokkessah
Boklé
Bokoa
Bokoa Town
Bokobli
Bokohn
Bokta
Bokumai
Bokundo
Bola (1)
Bola (2)
Bolabli
Bolabo
Bola
Bola
Bola
Bolagai
Bolagoi
Bolahun
Bola-ka
Bolala
Bolala
Bolata
Bolayie
Bolduye
Boledu
Bolilo
Bolima
Bolimo
Bolin
Bolinia
Bolobang
Bolobang
Bolobangu
Bolobo
Bolo
Bolo
Bolohun
Bolola
Bololahun
Boloma
Bolongolimai
Bolo Town
Bolowehn Area
Bolowehn
Bolowhea
Bolu
Bolulu
Bombabli
Bomba
Bombahun
Bombali
Bombama
Bombeja
Bombobli
Bombo
Bombo
Bomboh
Bombohun
Bomboja
Bombo Junction
Bomboma (1)
Bomboma (2)
Bomboma
Bomboma
Bombomai
Bombotown
Bombuma
Bomganima
Bomi
Bomi
Bomi Hills
Bomlado
Bomladu
Bomlandu
Bomobabli
Bomobli
Bomo
Bomo
Bomo
Bomo Junction
Bompele
Bonabli
Bona
Bona
Bonadia
Bonadi
Bonaja
Bonakalai
Bonakalia
Bonako
Bonapabli
Bonazabli
Bondi
Bondila
Bondokai Town
Bondolahun
Bondorlahun
Bondo Town
Bondowalahun
Bondowalahun No. 1
Bondowalahun No. 2
Bondowalahun Number One
Bondowalahun Number Two
Bondowehn
Bondowehn Vai Town
Bondualahuh
Bondualahun
Bondula
Bone
Bonege
Boney
Bonga
Bongalo
Bongalu
Bongalu
Bongaplay
Bongbabli
Bongba
Bong
Bong
Bong
Bonge
Bongle
Bong Mine Community
Bongobli
Bongoja
Bongoma
Bongowin
Bong Town
Bonguay
Bongwata
Bongwe 1
Bongwe 2
Bongwe
Bongwe II
Bongwe Two
Bongwia
Bonia
Bonibli
Boni
Boni
Bonike
Boni Town
Bonja
Bonjebli
Bonju
Bonkalo
Bonla
Bonnie Town
Bonobli
Bono
Bonoke
Bono Town
Bonrite
Bonta
Bontobli
Bonto
Bonwehn
Bonwein
Bonwin
Bonya Town
Bony
Boogly
Boojobli
Boola Bosou
Boomah
Booten
Boo Town
Bootria
Bopa
Bople
Bopolu
Bopolu
Bopolu
Bopora
Boporo
Boregba
Borgbawein
Borkey Town
Borla
Borlorla
Borobo
Borplay
Borpley
Boryermah
Bosahn
Bosibli
Bosikobli
Bosma Town
Bosolohn
Bosona
Bosono
Bosua
Boswahn
Bota
Bota
Botamba
Botare
Botata
Botaveri
Botebli
Botike
Botlu
Botohnwe
Botonwe
Botopo
Botosu
Botota
Bo Town
Bo Town
Botoye
Botuzo
Boubli
Bou
Bou
Bou
Boubou
Boué
Bouh
Bouma
Bouma
Bouta
Bowakam
Bowama
Bowane
Bowata
Bowa Town
Bowea
Bowebli
Bowehn
Bowen
Bowetlo
Bowibli
Bowie
Bowila
Bowin
Bowoima
Boya
Boyah
Boy
Boye
Boyee Town
Boyeta
Boye Town
Boyi
Boyju
Boyokole
Boysen
Boysen Town
Boyubli
Bozohnbli
Bozuno
Brevia
Brewersville
Brewerville
Bright Farm (1)
Bright Farm (2)
Bright Farm One
Bright Farm Two
Brogui
Broko
Brooks-ta
Brownbli
Browns Farm
Brown Town
Brown Town
Brown Town
Brubaka
Buaa
Buabli
Buabli
Buabo
Bua
Buai
Buaita
Buani
Buapie
Buatu
Bubalo
Buba Town
Bubita
Bubli
Bubon
Bubui
Buchanan
Buchanan Camp
Budi
Budima
Budu
Budu
Buduen Town
Buduta
Bue
Bueple
Buesahn
Bugata
Bugbe
Buhe
Bui
Buiela
Buil Town
Buindie
Buinke
Bukehn
Bukopo
Bulabeg
Bulata
Buleya
Bulgbo
Bull
Bulorkollen
Bulu
Bulu
Buluga
Buluma
Bulu Town
Buma
Bumboima
Bumbuma
Bunabo
Bunadi
Bunadin
Bunai
Bunbi
Bundiakoa
Bundimba
Bunga
Bunio
Buntin
Buokra
Buokrbh
Burnadi
Bushrod
Busi
Busu
Butadeputah
Butaw
Butawu
Butlo
Butloja
Buto
Butria
Butro Dya
Butroja
Butubli
Buyebli
Buzi Quarters
Buzohn
Buzu
Bwabli
Bwabli
Bwahese
Bwaitan
Bwamabli
Bwamon
Bwarbo
Bwayboonah
Bwea Town
Bweayato
Bwebwebli
Bwenibli
Bwiata
Bwo Camp
Bwota
Byeela
Cahjie
Caine Farm
Caldwell
Camenga
Camp Alpha
Camp Jackson
Camp King
Camp Mechlin
Camp Moritz
Camp Number One
Camp Number Three
Campo
Camp Schieffellin
Camp Waterfall
Camrei
Canday
Canga
Cannon
Cannon Hill Town
Cape Palmas
Careysburg
Carris
Carris Town
Casa Town
Cassava Farm
Cassel
Cassell
Cavalla (1)
Cavalla (2)
Cavalla (3)
Cavalla
Central Camp
Cephas
Cephas Town
Cesstos Village
Ceyo
Chabeah
Chadabli
Chagboke
Chair
Chaleja
Chalke
Changoma
Chankali
Charlesville (1)
Charlesville (2)
Charlesville (3)
Charlesville (4)
Charlesville (5)
Charlesville (6)
Charlesville
Charley Goehn Town
Charley Zogeh
Charlibli (1)
Charlibli (2)
Charlibli
Charlibli
Charliebli
Charliebli
Charlie Brownbli
Charlie
Charlie Dana Town
Charlie Famobli
Charlie Farm
Charlie Gusa Town
Charlieja
Charlie Johnsonbli
Charlie Johnson
Charlie Johnson Town
Charlie Johnston
Charlie Poubli
Charlie Tambobli
Charlie Town
Charlie Town
Charlie Vah Town
Charlie Wenbli
Chase Town
Chawrue
Chayeebli
Chebokehn
Cheboken
Chechoke
Cheepoh
Cheeseman Town
Chenbli
Chensiah
Chewreken
Cheyae
Chicharin
Chimo
Chinakale
Chinakaleh
Chinikarle
Chipi Town
Chiwleken
Chom
Chom Town
Chonlekehn
Chonwlekehn
Chuante
Chunkeyta
Chuwohnbli
Cinta
Cladihn
Clapwa
Clara Town
Clark Town
Clay Ashland
Clay
Clipper Village
Cocoanut Town
Coconut Farm
Coconut Town
Cocopa
Cofe Bee
Coffeelo
Coffia
Coleman Farm
Coleman Town (1)
Coleman Town (2)
Collinsville
Congo Diamond
Congo Town
Congo Town
Conto
Cooper Camp
Cooper
Cooper
Cooper Farm (1)
Cooper Farm (2)
Cooper Farm (3)
Cooper Farm (5)
Cooper Farm
Cooper Farm
Coopers Farm
Coopers Farm
Coopers Hill Farm
Coopers Town
Cooper Town
Cooper Town
Cotton Tree
Cotton Tree
Crandy Town
Crawford Bli
Crawford
Crayja
Crosorville
Crown Hill
Crozierville
Crusoe
Crusoe Town
Cuttington
Daabe Town
Daakoi
Daamui
Daazu
Dababli
Dabapabli
Dabebli
Dabibli
Dabli
Dabli
Dabu
Daezon
Dagabli
Dahn
Dahn
Dahnple
Dahnweta
Dahtuken
Dahuma
Daila
Dakehn
Dakui
Dala Bassa
Dala Camp
Dala
Dalawe
Dale
Dalkehn
Daloke
Daloya
Dalu
Daluse
Dama
Dama
Damamu
Dambala
Damballa
Damballah
Dambli
Dambo
Dambu
Damgbobli
Damgboboli
Damibli
Damiibli
Damo
Damuel Diggs
Dana
Danadi
Danbu
Dandaboi
Dandai
Dan
Dandawailo
Dandita
Danedesa
Danenama
Dangalahun
Dangatea
Dangati
Dangbobli
Danielbli
Daniel's Town
Danielta
Danina
Daninai
Danobli
Dantita
Da Pranbli
Daqui
Dàrbu
Darobu
Darsawbli
Darvin
Darvin Town
Dasabli
Dasaiamu
Dasalama
Dasalamu
Dasalamu
Datoda
Datoda
Dauma
Daunbinibli
Davawe
Davidbli
David Colman Town
David Jonesbli
David June Town
David Kopo Town
David Selma-ta
Davidslema
Davidta
David Town
Davisene
Davisibli
Davoi
Davory
Davoy
Dawabli
Dawa
Dawe
Dawehn
Dawota
Dayapo
Daybli
Dayokehn
Dayzebah
Dazohn
Deah
Deah
Deallah
Debablah
Debabli
Debaubli
Debla
Deblenbli
Debli
Debli
Debli
Deblota
Debobi
December Camp
Deckpeh Town
Dedeja
Dedibli
Dedi
Dedla
Dee
Deeworh
Dega
Degar
Degbeh Number 1
Degbeh Number 2
Degbeh Number One
Degbeh Number Two
Degeh
Degei
Degota
Dèhdela
Dehjelao
Dehoma
Dehuga
Dehuma
Dehyeld
Deina
Dei Wenzohn
Dejila
Deka
Deka Town
Dekoh Town
Dekrahn
Dekran
Delapa
Deliboye
Deli
Deliyapa
Delja
Demeobli
Demonbli
Denapa
Dena Pah
Denda
Dendela
Dendesu
Dendewue
Dendewuye
Den Dwata
Dengama
Denga Town
Deng
Deng Gola
Dengoma
Dengro
Deniple
Dennis Camp
Dennis Farm
Deort
Depi Town
Desabli
Deschbli
Desebli
Deserte
Desete
Deseti
Desohbli
Desumbi
Desumbli
Detola
Devuma
Dewi
Dewilly Town
Dewon
Deya
Deyeke
Deziba
Dezi
Dezoi
Dezui
D. Haring Weston Farm
Dia Bela
Dia Bla
Diabli
Diabli
Diada
Dia
Dia
Diala
Diamplay
Diang
Diapa
Diaplay
Diaple
Diatodie
Diatro
Dibabli
Diblake
Dibli
Di
Didia
Didum
Die Bela
Dientoin
Diepo
Dieyili
Digain
Digbe
Digei
Diggs
Diide
Dii
Dija
Dijah
Dijeli
Dikibli
Dima
Dimei
Dimobli
Dimoja
Dindindo
Dinehmweh
Dinemwe
Dingama
Dingame
Dingamo
Dingamu
Dingdingdo
Dingoma
Dintãi
Dinte
Diobli
Dio
Dioh Town
Dion
Diopa
Diopo
Diotabli
Diva
Dixville
Djavolo
Djeboke
Djehlah
Djikja
Djiwo
Dlado Town
Dlobli
Dlo
Dlogabe
Dlumbabli
Doah
Doata
Dobabli
Doba
Doba Kahn
Dobakui
Doba Solakui
Dobibli
Dobisbli
Dobli
Dobli
Dobli Island
Doblita
Dobloke
Doblu
Dobo
Dobo
Dobokehn
Dobozohn (1)
Dobozohn (2)
Dobozohn
Do
Do
Dodo
Dodo
Dodo Town
Doduake
Doduke
Dodwekon
Doe
Doe
Doe
Does
Doe's Town
Doe Town
Doe Town
Doe Town
Dogbata
Dogta
Dohn Town
Doi
Doinamano
Doin Town
Dokatowa
Dokota
Dokpoimu
Dokwa Pli
Dola
Dolebio
Dole
Dolela
Dole Town
Dolie
Dolobli
Doloka
Doloke
Doloken
Dololi
Dolo's Town
Dolota
Dolota
Dolozohn
Domagbe
Domagbe
Domamana
Domamano
Dome Town
Domobli
Domo
Dompa
Domvapie
Donabli
Donbwe
Dondijali
Dondon
Donewehn
Dongabli
Dongfai
Donieh
Donieta
Donina
Donkia
Donola
Dontine
Donva
Donya
Dooaple
Doodwicken
Dopawe
Dopie
Dople
Dorabli
Dorbamana
Doregba
Dorogba
Dorwah
Dorwein
Dosoni
Doswahn
Dota
Dotia
Do Town
Douampa
Doue
Doueh
Douhjih
Doumpa
Dounilah
Doupied
Doupplay
Dourgomai
Dowa
Dowaeta
Dowe
Dowe Town
Dowinbli
Dowin
Dowo
Doyeloi
Doyia
Dozohn
Dozohn Town
Dozozohn
Drill
Drobia
Dro Bli
Dro
Dro
Droe
Drohblee
Dro Town
Drouzohn
Droya
Droya Town
Drubo
Drugbor
Duabo
Duafe Town
Duanko
Duanpa
Duapie
Duaplay
Duaple
Duata
Duatown
Duayi
Duazohn
Dubabli
Dube
Dubli
Dubobli
Dubonane
Dubongbli
Dubwe
Dudu
Dudwiokahn
Duebli
Due
Duehn Town
Duela
Duen
Duevi
Dueyi
Dugba
Dugbayiema
Dugbe
Dugboke
Duge
Dugee
Dugwata
Duija
Dui Town
Dukaduo
Dukahn
Dukai
Dukata
Dukia
Dukobongoma
Duko
Dukulela
Dukuley
Dukwia
Dulakui
Dulamo
Dulee
Dulobli
Dumabli
Dumagbe
Dumamana
Dumpa
Dumwi
Dunbar Farm
Dundunwehn
Dunila
Dunn Farm
Dunville
Duoble
Duo
Duogatua
Duogba
Duogi-Bli
Duogmai
Duogomai
Duogotua
Duogotuahn
Duojalamai
Duojamai
Duonweay
Duople
Duorgumai
Duo Town
Duo Town
Duou Town
Duowi
Duowin
Duoyamai
Duoyibli
Dupa
Dupa Town
Duport
Dusa
Dusa Number 1
Dusa Number One
Du Side Village
Dutoa Town
Duwa
Duwipa
Dvabli
Dwabli
Dwa
Dwahn Town
Dwannah Town
Dwanta
Dwarzohn
Dwayen
Dwe
Dwe
Dwe
Dwehjlu Town
Dweh Town
Dweka
Dweke
Dwekehn
Dwekehn
Dweta
Dwe Town
Dwie
Edina
Elizabeth Collinsville
Elwa
Engla Mission
Eston
Eston Town
Fabalahun
Fabli
Fada Bla
Fa
Fa
Fafini
Fagba
Fahia
Fahi
Fahnbulleh
Fahn Dehgar Town
Fahnja
Fahpli
Fai
Faihensu
Fairplay
Fakolahun
Falabli
Fala
Falasa
Falekehn
Faliah
Fali
Fali
Falih
Fallah
Famobli
Fando
Fangalahun
Fangalanun
Fangonda
Fangorda
Fanhalahun
Fani
Fanima
Fanima Village
Fani Town
Fanja
Fanse
Fanta Lees Farm
Fanti
Fanti Town
Fanti Village
Fanyapolu
Fape
Fapi
Fapobu
Farer Town
Fargo
Fari
Farlee Farm
Farmerville
Farr
Fasa
Fasama
Fasawalazu
Fasawalozu
Fasawalzu
Fasawolo
Fasawolu
Faseima
Fasi Kohnma (1)
Fasi Kohnma
Fasi Kohnma
Fasima
Fassa
Fassama
Fassawolo
Fassueta
Fasuta
Faubli
Fauna Mission
Fausa
Fauta
Fau Town
Favee
Fawehn
Fawehnta
Fayapolu
Feebli
Feetuah
Fefeh Town
Feiwoli
Felalo
Felela
Felelah
Fello
Felo
Feloka
Feloke
Felroke
Fema Mina
Fembrownbli
Fenutoli
Fenwin
Ferma Mina
Feroke
Fetua
Fewehn (1)
Fewehn (2)
Fewehn
Feyawoie
Feyawoi
Fhegbema
Fialakpala
Fibli
Fiehnpolu
Fietua
Fifedi
Fiju Quarter
Filimu
Filoke
Filokehn
Filorken
Fiobli
Firestone
Firestown
Fisebu
Fish Town
Fish Town
Fish Town
Fish Town
Fish Town
Fishtown Plantation
Fisk Town
Fissebu
Fissibu
Fitua
Fitua
Flado
Flahn Town
Flampa
Flareville
Fla Town
Fleedin
Flee
Flehn
Flehwroken
Flekohn
Flekon
Flely
Flenekehn
Flenikehn
Flenkon
Flesono
Flewley
Flewrokehn
Flima
Flima Town
Flohwe
Floli
Flolukohn
Flombli
Flome Manata
Flomobli
Flomo Camp
Flomo Dazota
Flomo Gbotor-ta
Flomota
Flomo Town
Flompa
Flowin
Floyo
Floyuma
Flububli
Flu
Fluhaba
Fluloke
Fluma
Flumpa
Flutuo
Foakle
Fobbi
Fobbli
Fobema
Fobli
Focke
Foda Bla
Fodaita
Fodeta
Fofanata
Fofanta
Fogo Lua
Fogwan
Fohla
Foke
Fokolahun
Fokole
Fokwele
Fola
Folala
Fola Town
Folebli
Folema
Folemai
Fole Town
Folibli
Foli
Folima
Folima
Folomeni
Fomba
Fombah
Fomuta
Fonde
Foneh
Foneo Town
Fono
Fonoh
Fonya
Foobli
Fooyiema
Fordsville
Fortibli
Fort Sherman
Fortsville
Foster Town
Fota
Fote
Fouta
Foya Customs
Foya Customs Station
Foya Dundu
Foya
Foyakama
Foya Kamala
Foya Kamala Number 2
Foya Kamala Number One
Foya Kamara
Foya Kamara Number 1
Foya Kamara Number 2
Foya Kamara Number Two
Foya Lundu
Foya Tangia
Foya Tengia
Francis Reevesbli
Frank Brown Town
Franklin
Freeman Reserve
Freeman Town
Freetown
Free Town
Freetown
Freetown
Fren Wasehn
Fretuke
Fride
Friend Dickbli
Frolay
Fromtema
Fronwodoke
Frotema
Fry
Fry Town
Fubli
Fufue
Fugade
Fugbahn
Fulasohn
Fulikalai
Fulukalai
Fumba
Gaabli
Gaadi
Gaa
Gaaki
Gaakpee Town
Gaamodebli
Gaaple
Gaawe
Gababli
Gaba
Gabajia
Gaba Village
Gabaye
Gabe
Gabloi
Gabo
Gabo
Gabre
Gabuzu
Gadali
Gade
Gadiyani
Gadwebli
Gafanju
Ga
Gagabli
Gagata
Gagbli
Gagutuo
Gagwa
Gagwa
Gah
Gahnpa
Gahnwe
Gahnyou
Gahqueh
Gaigbai
Gaigbelei
Gaingaima
Gaiyubli
Gakihun
Gakpaboi
Gakpe
Gakri
Gakue
Galai
Galama
Galapa
Galayie
Galema
Galeo
Gale Town
Galio
Galma
Galobli
Galota
Galubli
Galue
Gamai
Gambemu
Gambia
Gambobli
Gambo
Gamelahun
Gamewehn
Gamlemo
Gamlemu
Gamobli
Gampa
Gamu
Gamu
Gamwe
Ganadie
Ganaglay
Ganama Camp
Ganama
Ganbli
Gandõi
Gandon
Ganfa
Gangama
Gangama
Gangama
Ganglota
Ganibli
Ganigli
Gannyou
Gansuah
Ganta
Ganta
Ganta Town
Gantlo
Gapa
Gape Tu
Gaplay
Gaple
Gaplo
Gaploke
Garawe (1)
Garawe (2)
Garawe (3)
Garawe (4)
Gardnersville
Garezohn
Garhn
Garlio
Garlorwreh
Garlowreh
Garmewehn
Garmpa
Garmu
Garnwe
Garplay
Garpley
Garpu Town
Garquelleh
Garraway
Garu Town
Garwonpa
Garyeazohn
Gasabli
Gaska
Gasoti
Gasua
Gata
Gatayea
Gate
Gatema
Gatibli
Ga Town
Gauflata
Gau
Gauta
Gavlohn
Gawabli
Gawa
Gawata
Gawehn
Gawen
Gaw
Gawiehn
Gawien
Ga`wi
Gawi
Gawin
Gawin
Gawmaple
Gawolota
Gawonpa
Gawudabli
Gawumpa
Gayabli
Gaya
Gaya
Gaya Hills
Gayaise
Gayazu
Gaye
Gayegborkon
Gayeh
Gaye Morebli
Gaye Town
Gay
Gayma
Gaywee
Gayzohn
Gazata
Gbaa Fobbi
Gbaa
Gbaaka
Gbaake
Gbaama
Gbaamu
Gbaata
Gbabaja
Gbabla
Gbabli
Gbabobli
Gbabobli
Gbabujoni
Gbabulahun
Gbade
Gbadewi
Gbadezimmie
Gbae
Gbae
Gbafakpa
Gbaga
Gba
Gbã
Gba
Gbagbala
Gbagblobli
Gbagblo Town
Gbagbor
Gbagobli
Gbagozita
Gbah
Gbahn
Gbaibo
Gbai
Gbai
Gbaigbõ
Gbaigbon
Gbailahun
Gbainapa
Gbain
Gbainkaita
Gbaipa
Gbaipu
Gbaiso
Gbaizu
Gbakehn
Gbaken
Gbakika
Gbakite
Gbaklika
Gbako
Gbakohn
Gbakoita
Gbakole
Gbakon
Gbakote
Gbakplasu
Gbakunta
Gbakwele
Gbalake
Gbalakpa
Gbalala
Gbalasua
Gbala-ta
Gbalatuah
Gbalatuai
Gbalekua
Gbalokpalima
Gbalowhehn
Gbama
Gbama
Gbambeso
Gbamehn
Gbamgbama
Gbamgbama
Gbampa
Gbamwin
Gbana
Gbanakehn Number 1
Gbanakehn Number 2
Gbanakehn Number One
Gbanakehn Number Two
Gbanama
Gbana Town
Gbancon
Gbandegia
Gbandela
Gbandela
Gbandi Quarter
Gbando
Gbando
Gbanga
Gbanga
Gbangasiakole
Gbangbama
Gbangbamai
Gban
Gbangba Town
Gbange
Gbangei
Gbangha
Gbangoi
Gbangor
Gbanikoi
Gbanja
Gbanjata
Gbanju
Gbanka
Gbanka
Gbanken
Gbankohn
Gbankoi
Gbankole
Gbansatauma
Gbanshue
Gbantaquelle
Gbanway
Gbanwea
Gbanzu
Gbao
Gbaoko
Gbaokole
Gbao Number 1
Gbao Number 2
Gbao Number One
Gbao Number Two
Gbaota
Gbapa
Gbapie
Gbapkalasu
Gbaple
Gbarhama
Gbarma
Gbarmu
Gbarnga
Gbarnka
Gbarpa
Gbarquata
Gbarquelleh
Gbarsleh Town
Gbarwreken
Gbasakoehnma
Gbasakohnma
Gbasava
Gbase
Gbasleh Town
Gbata
Gbatala
Gbata Number 1
Gbata Number 2
Gbata Number One
Gbata Number Two
Gbatawa
Gbateka
Gbatine
Gbatoja
Gba Town
Gbau
Gbãu
Gbawake
Gbawrike
Gbawubloh
Gbayamu
Gbayee
Gbaye
Gbaza Town
Gbazon
Gbeabo Zondo
Gbeahn
Gbeake
Gbeanlahun
Gbeare
Gbeawein
Gbeayea
Gbebamagal
Gbebamagal
Gbe-Bli
Gbecohn
Gbedi
Gbedin
Gbedin Rice Station
Gbedio
Gbeeah
Gbe
Gbegbedu
Gbegbemai
Gbegehntuo
Gbeglahta
Gbehjebo
Gbehwlokon
Gbehworo
Gbeibli
Gbei Bonnah
Gbeide
Gbei
Gbeilahun
Gbeinta
Gbeiyalahun
Gbejedibo
Gbejlobo
Gbeke
Gbeken
Gbekohn
Gbela
Gbela
Gbelahn
Gbele
Gbelehn
Gbelen
Gbeleta
Gbelleah
Gbellebamah
Gbellejalahun
Gbellibalmah
Gbelliyalahun
Gbemgbe Farm
Gbenang
Gbenekelai
Gbenelay
Gbenelu
Gbeni
Gben-Quei
Gbentowen
Gbenyalahun
Gbepela
Gbepeta
Gbese
Gbeseja
Gbesejibli
Gbesohn Town
Gbessa
Gbesse
Gbesseh
Gbessi
Gbesuma
Gbeworo
Gbeyilebo
Gbia
Gbianlahun
Gbiata
Gbibo
Gbiboh
Gbien
Gbi
Gbila
Gbilepa
Gbilia
Gbilita
Gbin
Gbing
Gbingie
Gbinyalahun
Gbinyata
Gbissegi
Gblabroken
Gbla
Gblakplazu
Gblaminge
Gblande
Gblasonoh
Gblayi
Gblazio
Gblei
Gbleyi
Gbliniueh
Gbloke
Gblokiata
Gblole
Gblosobli
Gblossoebli
Gbloulay
Gbloy
Gbloyi
Gboakwen
Gboata
Gboaw
Gboba
Gbobaye
Gbobe
Gbodia
Gbogala
Gbogar
Gbo
Gbo
Gbogbo
Gbogboja
Gbogbota
Gbogentuo
Gbogli Town
Gbohnbli
Gboho Tu
Gbojee
Gboje
Gboje
Gbojeh
Gbojei
Gbokasua
Gboke
Gbokohn
Gbokpe
Gbolabli
Gbolakehn
Gbolala
Gbole
Gbolehken
Gboley
Gboli
Gboligia
Gbolijiabli
Gbolobo
Gbologizida
Gbololu
Gbolu
Gboma
Gboma
Gbomboita
Gbomgbaja
Gbomo
Gbomo
Gbona
Gbonbaye
Gbondii
Gbondo
Gbondo
Gbondoi
Gbondo Town
Gbonga
Gbonga
Gbon
Gbongie
Gbongkonima
Gbongta
Gbonibu
Gboni
Gboniwehn
Gbonjebli
Gbonjeima
Gbonjema
Gbonjema
Gbonkonema
Gbonkonima
Gbonoi
Gbono Kalia
Gbonokolai
Gbon (One)
Gbonota
Gbono Tu
Gbonti
Gbonwlea
Gbonyea
Gbonyie
Gboo
Gbople
Gborjoe
Gborlokpla
Gborlue
Gborniwein
Gborplay
Gbortoe Town
Gboryormu
Gbosebli
Gbosobli
Gbotlo
Gbotoja
Gbotolo
Gboviata
Gbowakoti
Gboweke
Gbõwi
Gbowin
Gboyi
Gbozon
Gbruceway
Gbuba Town
Gbubli
Gbukehn
Gbulonta
Gbunaja
Gbwe
Gbwenewe
Gbwonimie
Gdowakoti
Geaba Zago
Geaba Zawdo
Geahbar Zondo
Gean-Bor Zondo
Geba
Geba
Gebe
Geboibli
Gebo Town
Geealke
Geebahn
Geebli
Geeboer
Geedor
Gee
Geeken
Geepla
Gee Roberts Town
Geeta
Geetugbaken
Geezay
Geezay Town
Gega
Ge
Ge
Geh
Geh
Gehngbeneta
Gehn
Geinga
Gejo Boh
Gejo
Geke
Gekehn
Gela
Gela
Gelahun
Gela Town
Gelema
Gellema
Gelokua
Gendaja
Gendema
Gendema
Gendema
Genebo
Gene-Loffe
Gene Manna
General Robertsbli
Genewonday
Genga
Gengba
Genge
Gengema
Gen
Genna Tanyehun
Genne-Liberia
Genne-Loffa
Genne-Tanyehun
Genne-Tanyhun
Genoya
Genwine
Geo
Georgebli
George David Farm
George Diobli
George Town
Geosene
Geosone
Geowla
Ge Peter Town
Geplobli
Geprobli
Gesanke
Gessi Camp
Gesubobli
Gesu
Getita
Getita Town
Ge Town
Getuke
Geweh
Gewi
Gezohn
Ghapo
Ghehdema
Ghendema
Ghendema
Gheta Farm
Ghinkoma
Giaba-Zondo
Giabli
Giabli
Gia
Giake
Giaple
Giasabli
Giatown
Gia Town
Giblo
Giboke
Gibsons Villa
Gido
Giemu
Gigli
Giibli
Gikehn
Gilatagra
Gilikpaizu
Gilpo
Ginauh Town
Ginda
Gingomo
Ginimu
Giople
Gio Town
Giowla
Gipla
Gipo
Gisi Camp
Gituke
Gizima-Ziema
Gizi Town
Gizi Town
Giziwilo
Giziwula
Gjenga
Glaie
Glakobli
Glaley
Glalie
Glande
Glan Town
Glaple
Glapua
Glarlay
Glaro
Glawehn
Glayie
Glay Town
Glebobli
Glebo
Gleekloh
Glehjih
Gleke
Gleke
Glenbli
Glen Koma
Gleozohn
Gleplebli
Glewin
Gleyie
Gleyii
Gliba
Gliegba
Gligba
Gligbea
Glikpata
Glingbe Via
Glingbe Yia
Glio
Glita
Globli
Glofaken
Gloie
Gloplu
Glosoe Town
Glunbli
Gnieyien
Goabli
Goagoduo
Goah Town
Goakoima
Goakuehn
Goakuen
Goampa
Goanda
Goaple
Goata
Gobabli
Gobani
Gobehn
Gobi
Gobla
Gobli
Goboga
Gobolisibli
Gobongbli
Gobo Wrobo
Gobua
Gobu
Goda
Godama
Godanma
Godebli
Godiani
Godi Farm
Goehn
Goehun
Gofabli
Gofabli
Gofa
Gofa
Gofiabli
Goflo
Gofolo
Gogabli
Goga
Gogahnla
Gogahnla Number One
Gogain
Gogbehnbli
Gogbehn
Gogbenbli
Gogehn
Go
Gogo
Gogoima
Gogutua
Gohn (2)
Gohn Fala
Gohn
Gohn
Gohnjeh Town
Gohnkati
Gohn Nyandekole
Gohn (One)
Gohn-Sipo
Gohnsua
Gohnwe
Gohnzipo
Gohn Zolo
Gohn Zolu Duma
Gohn Zolu
Gohunbo
Gohwee
Goiaizu
Gokiohn
Gokion
Gokonita
Gokorpa
Gokuebli
Gokuma
Gola
Golahun
Golaila
Golaisu
Golata
Goleta
Golibli
Gollu
Golobo
Golobu
Golo Camp
Golodae
Golodee
Golodee Number Two
Golodi
Golu
Goma
Gomah
Gomahplay
Gomai
Gomaple
Gomau
Gomau Number 2
Gomau Number Two
Gomay Farm
Gomba
Gombai
Gombeita
Gombella
Gomboja
Gomo
Gomople
Gomoplu
Gomo Town
Gompa City
Gomu
Gonadie
Gona Gogo
Gona
Gonah
Gonanala
Gonata
Gona Town
Gonawia
Gondama Free Town
Gondama
Gondama
Gondama
Gondeja
Gondoja
Gondolahun
Gondorjah
Gondorlahun
Gondrasua
Goneba
Gonelo
Gongabli
Gongata
Gongba
Gongbe
Gong
Gongko
Gongobli
Gongokie
Gongoki
Gongoko
Gon
Gonguay Town
Goniabli
Gonibli
Gonima
Gonita
Goniyie
Gonkabli
Gonoko
Gonpasua
Gonsua
Gonsuah
Gonswa
Gontobli
Gonubli
Gonubli
Gonuwehn
Gonwe
Gonyabli
Gonyea
Gonyeta
Gonyubli
Gonzo
Goobayie
Goobayla
Goodi
Goo
Goo
Goonah
Gooneh Town
Gopa
Gopley
Gora
Gora Town
Gorbo-Wrobo
Gorgor Town
Gorlu
Gorton
Gorzohn
Gosua
Gosuah Town
Gotoin
Goton
Gotu
Gotuke
Goubli
Gougli
Gou
Goumwe
Gounti
Gouolo
Gouwee
Govelor
Government Farm
Gowabli
Gowan
Gowa Pla
Gowehn
Gowen
Goweta
Gowien Town
Gowi
Gowinbli
Gowin
Goya
Goya
Goya
Goyazu
Goye
Goye Town
Goza Town
Gozo
Gozohn
Gozua
Gponee
Grablebli
Grahn
Graie
Grakunbli
Gran Bassa
Grand Bassa
Grand Cess
Grandi
Grand Kola
Grand Kulloh
Grand Kulloti
Grand Sesters
Grand Sestro
Granh
Grassfield
Grassfield
Grassfields
Gra Town
Grau
Graup
Gray Charlie Town
Gray
Grayja
Grayzohn
Great Nanakru
Great Nanna Kru
Grebo Harris
Grebo Town
Greenbli
Greene Town
Green Town
Greenville
Gre
Greke
Grewe
Gringasiasu
Grobake
Grobwo
Gropake
Gropakehn
Gropluken
Gro Town
Guabli
Guabli
Guabli
Guadabli
Guaja
Guanakayun
Guanti
Guapa
Guas
Guasi
Guassey
Guata
Gua Town
Guawin
Guaya Kuina
Guaya Kwina
Guazohn
Guba
Guba Town
Gubela
Gubli
Gubo
Gue
Guela
Gueta
Guibabli
Guija
Guiji
Guinemu
Guisabli
Guita
Gulela
Gulenda
Guleta
Gulia Town
Guli
Gulpeyeta
Guma
Gumaple
Gumbo
Gumgbela
Gumgbeta
Gundama
Gungama Fala
Gungama
Gunsama
Gunwe
Gunyata
Guobli
Guoguatuo
Guo
Guohwoma
Guotobli
Guowoma
Guoywòhmah
Guoywoma
Guoziobli
Gupeyeta
Guwala
Guwa Pla
Guwe
Guyata
Guyuga
Guza
Guzohn
Gwabli
Gwaboita
Gwahn
Gwaipala
Gwajabli
Gwamo
Gwamo Town
Gwamu
Gwea
Gweb Len
Gwebli
Gweg Len
Gwe
Gwehlay
Gwehnbli
Gwehn Town
Gweh Town
Gweken
Gwelie
Gwenh-bli
Gwenima
Gwen Kwa
Gwenning
Gwessike
Gweyea
Gweyie
Gwiebli
Gwin Town
Gwobli
Gwotuken
Hailahun
Hainda
Haindi
Halakata
Half Garawe
Half Garraway
Half Graway Village
Half Grawe
Half Grewe
Hall
Halls Farm
Hamasiahn
Hamdulai
Hamibli
Hamington
Hammaton
Hanamaurice
Hanandsville
Hanga
Hangalah
Hangar
Haniakole
Hankha
Hanugbe
Harbel Court
Harbel
Harbel Place
Harbelville
Harlandsville
Harlandville
Harlansville (2)
Harlansville
Harper
Harrisburg
Harris
Harris Town
Harris Town
Harrisville (1)
Harrisville (2)
Harry Morris Farm
Harter Farm (1)
Harter Farm (2)
Hartford (1)
Hartford (2)
Hartford (3)
Hartford
Hartfort
Hartlandsville
Haweke
Hegbema
Hembehulahun
Hende
Hendi
Hengbelahun
Henogba
Henogbe
Henry Peabody Town
Henry Town
Hewake
Heye
Hiablimasi
Hibilahun
Hicking Camp
Hill Town
Hoffman
Hoffman Station
Hoff Town
Hogoti
Hoh
Hokekehn
Hokuma
Holder Farm
Hol
Holy Ghost
Honayahun
Honehun Number 2
Honehun Number One
Honehun Number Two
Hon
Honorable William Roberts Town
Hoo
Howehn
Howeke
H Town
Hwa Peter
Ibrani
Igenta
Iobabli
Ioto
Isaac Farm
Isaac Greavesbli
Isaac
Isaac Town
Jaahokehn
Jaata
Jababli
Jabacca
Jaba Wanabo
Jablebli
Jabli
Jabu
Jackson Place
Jackson Town
Jackson Ville Township
Jackstown
Jacob H. Logan Town
Jacob Kollie Town
Jacob Lateg Town
Jacob Logan
Jacob Logan Town
Jacob Town
Jadakehn
Jaday
Jadit
Jadukaja
Jagabli
Jagbaka
Jagwe
Jahkaken
Jah Town
Jaila
Jaje
Jajolokehn
Jakabli
Jaka
Jakakehn
Jakake
Jakakpa
Jakapo
Jakata
Jaklem
Jako
Jakpwe
Jalabli
Jalamai
Jalamiabli
Jalatake
Jalatoke
Jalatwehn
Jaley
Jamesbli
James Morris
James Sowee Town
James Weabli
Jamikin
Jampakohn
Jamu
Jamulo
Jana
Jane Benny
Janeta
Jangaia
Jangbema
Jangoma
Janwi
Janwi Town
Janzohn
Japaka
Japaloka
Japanta
Japle
Japowahun
Japukehn
Jarbli
Jargbo Town
Jarjeloken
Jarkah Town
Jarkpata
Jarmulor
Jarte
Jarwee
Jate
Jatia Town
Jatokpo
Jatuja
Jaudee
Jaurazon
Jaurzon
Javajai
Javajai
Javajei
Javolo
Jawa Camp
Jawahun
Jawaja
Jawa Jei
Jawajei
Jawajei
Jawajei Mavo
Jawajei Mavov
Jawaje
Jawake
Jawata
Jawata Town
Jawa Town
Jawejei
Jawodi
Jay
Jayla
Jayplohkon
Jaytohken
Jaytohkon
Jayubli
Jazohn
Jeaneta
Jebaiken
Jebel Town
Jebia
Jebli
Jeblum
Jebokehn
Jeboke
Jeboken
Jedebo
Jedekadro
Jedepo
Jeebli
Jeeblo Town
Jeebo
Jehlu
Jeila
Jeipo
Jelly
Jelujula
Jena
Jendema
Jene Brown
Jene
Jene
Jene Johnsonbli
Jenewonda
Jene Wunde
Jengbeja
Jengbemai
Jenje
Jen
Jenneh
Jenne
Jenne
Jenne
Jenne
Jenne-Liberia
Jenne-Loffa
Jenne Maana
Jenne Mana
Jenne Number 1
Jenne Number 2
Jenne Number 3
Jenne Number One
Jenne Number Three
Jenne Number Two
Jenne Sese
Jenne Wonde
Jenoya
Jentown
Jeoabli
Jeobli
Jepie
Jepokehn
Jerusalem
Jese
Jessa
Jessa Town
Jessebli
Jesse
Jesseple
Jesse Town
Jesuta
Jetoka
Jetuken
Jewa
Jiabli
Jiadiflu
Jiahea
Jiayee
Jiayi
Jibee
Jibi
Jibina
Jiblobli
Jibloka
Jiboka
Jiboke
Jida
Jidetaabo
Jidetabo
Jiema
Jiema
Jigbo
Jiinbli
Jikando
Jikehn
Jikul
Jilabli
Jima
Jima
Jima Town
Jimbli
Jimibli
Jimija
Jimka
Jimmie Roberts
Jimmybli
Jimmy Town
Jimoliba
Jinales
Jio Town
Jiro Town
Jitogbakehn
Jituke
Jiwroke
Jlakohnke
Jlatakehn
Jlatakehn
Jlateken
Jlatoken
Jlatuwehnken
Jlekpi
Jlepie
Jlikako
Jlou
Jlukronken
Joabli
Joahob
Joaho
Joaie
Jobabli
Jobali
Jobli (1)
Jobli (2)
Jobli (3)
Jobli (4)
Jobli
Jobli
Jobloke (2)
Jobloke
Jobobli
Jobo
Jodaja
Jodi
Joe Bushtown
Joe Canday
Joe Gumry Town
Joe
Joe Johnnybli (1)
Joe Johnnybli (2)
Joe Johnnybli
Joe Maggi Town
Joequiken
Johnbli
John Brown Town
John Bullbli
Johndibli
John Fradibli
John Franklin
John Greenbli
John
Johnkaita
Johnky Town
Johnnybli (1)
Johnnybli (2)
Johnnybli
Johnny Diggs
Johnny Diggs Town
Johnny Town
Johnny Town
Johnny Town
John Pasa Town
Johnsonbli
Johnsonbli
Johnson Farm
Johnson
Johnson
Johnson Sayubli
Johnsons Town
Johnson Town
Johnson Town
Johnsonville
Johnsonvill
Johnston Town
John-Ta
Johnta
John Wiabli
Joija
Joijao
Joijua
Joja
Jojo
Jojoma
Jojoma
Jojomo
Joke
Joke
Joko
Joko Town
Joko Town
Jokuebli
Jokuikehn
Joloma
Jolowu
Jomaha
Jomambabli
Jomata
Joma Town
Jondo
Jondu
Jong
Joni
Jonikija
Jonja
Jonkaita
Jonkpha
Jonni
Jonoya (1)
Jonoya (2)
Jonoya (3)
Jonoya (4)
Jonoya (5)
Jonoya (6)
Jonoya (7)
Jonoya (8)
Jonoya (9)
Jonoya
Jople
Joplokehn
Joploken
Jopowahun
Joquiah
Josata
Josebli
Josephbli
Joseph Verdier
Joseta
Josiah Diggs Town
Joson
Joson Town
Jostobli
Jota (1)
Jota (2)
Jota (3)
Jota (4)
Jotobli
Joubaja
Joubli
Joue
Joupi
Jowabli
Jowa
Jowe
Joyce Brown Village
Joy
Joy Town
Jozohn
Jozohn Town
Jozon
J. P. Johnsonbli
Jreake
Juabli
Juakolo
Juantukwe
Juarzon
Juazohn
Judike Number 1
Judike Number 2
Judike Number One
Judike Number Two
Juduke
Juduken
Juejua
Juepo
Jufokehn
Jufokehn
Juinwan
Jujo Town
Juka
Julejua
Julijuah
Julujah
Juluken Number One
Julu Town
Juluzon
Jundu
Junepo
Juokpo
Jupita
Jupua
Juru Town
Jusohn
Jusonbli
Juwah Town
Juwlenkon
Jwehpoh
Kaaba
Kaab
Kaabli
Kaa
Kaa
Kaak
Kaamo Town
Kaaplota
Kabada
Kaba Farm
Kaba
Kabalia
Kaba Senodi
Kaba Senod
Kabata
Kaba Town
Kaba Town
Kabawana
Kabeh
Kabike
Kablakehn
Kablake
Kablama
Kabli
Kablike
Kabokehn
Kabota
Kabu
Kabuke
Kabunva
Kade
Kadia
Kadibli
Kadlobli
Kaduabli
Kagepie
Kagla
Kagoplay
Kagople
Kahalta
Kah
Kahn
Kahnla
Kahnpie
Kahnple
Kahnwein
Kahnwia
Kahnwi
Kahnyubli
Kaibli
Kai
Kailahun
Kaipai
Kaiph Town
Kaipo
Kaiwutown
Kajdiken
Ka
Kakabli
Kakah
Kaka
Kakata
Kakata
Kaken
Kaku
Kaladiabli
Kalagbang
Kalagizia
Kalahun
Kalai
Kala
Kalangboini
Kalango
Kalasi
Kalata
Kalbuke
Kalebo
Kalepo
Kalia
Kali
Kalimai
Kalo
Kalo
Kaloke
Kaloke
Kaloken
Kalota
Kalu
Kalu Town
Kama
Kamaloe
Kamatahn
Kamatahun
Kamatu
Kambalahun
Kambatahun
Kambo
Kambo
Kambo
Kambolahun
Kambuba Camp
Kambuema
Kamdbala Camp
Kamliake
Kamo Farm
Kamolahun
Kamoon Town
Kamosoa
Kamota
Kampiewen
Kampiwehn
Kamplay
Kampo
Kamuba Camp
Kamu
Kanahun
Kana
Kanalla
Kanama
Kanane
Kananneh
Kanbli
Kandakaija
Kandakaija
Kandakaita
Kande
Kane
Kanela
Kanga
Kanga
Kanga
Kangama
Kangbo Town
Kangumba
Kanilo
Kaniye
Kankalanta
Kanka Town
Kano Bli Town
Kano
Kanola
Kanoma
Kanta
Kanway
Kanwe
Kanwi
Kaobli
Kao
Kapala
Kapebli
Kapie
Kapi
Kapi
Kaplamo
Kaple
Kaplubli
Kapolia
Kapu
Karandata
Karangoh
Kara Town
Karbada
Karbuken
Karbun Vah
Karchukon
Karfah
Kargbo
Kargeor
Karkree
Karmo Town
Karn
Karnplay
Karnwee
Karo
Karpue
Karyee
Karza
Kasar
Kasavam
Kase
Kase Town
Kasohn
Kason
Kassa
Kassa Town
Kaswabli
Kata
Kata
Kata
Kate Town
Kate Town
Kato
Kato
Katonga
Katople
Katota
Katuta
Kaubli
Kaugata
Kauijah
Kaungba
Kauti
Kava
Kavelahun
Kavijah
Kavi
Kavilahun
Kawa
Kawalake
Kaweaken
Kaweja
Kawerpo
Kawibli
Kawie Town
Kawija
Kawi
Kawilahun
Kawinbli
Kawrokehn
Kayah
Kaya
Kayapombo
Kayata
Kayidae
Kayie
Kayii
Kaykpo
Kaytohken
Kayuda
Kayume
Kayuwe
Kayuwi
Kaza
Kbetu
Keali
Keba
Kebeke
Kedi
Kedui
Kehntogle
Keiple
Keitta
Keka
Keke
Keke
Kekulata
Kelebe
Kelebi
Keleh
Kele
Kelema
Kelenta
Kelepaisu
Kelibei
Kelipo-Kanbueke
Kelipo-Kanwiekehn
Keliwoe
Keliwu
Kelokomu
Kemabua
Kemabwa
Kema Town
Kembalahun Number 1
Kembalahun Number 2
Kembalahun Number One
Kembalahun Number Two
Kemota
Kenahtà
Kenata
Kendema
Kendogli
Keneke
Kenema
Kenema
Kengbelahun
Kenle
Kennebli
Kennedybli
Kennedy Farm
Kennedy Town
Kennytown
Kenola
Kentokle
Kentoklen
Kentuckle
Kenwieke
Kenyatahun
Keple
Kepli
Kepo
Kesini
Ketale
Keteku Town
Ketorle
Ke Town
Keukulu
Kewema
Kewle Camp
Keya Bendu
Keyah
Keyapombo
Keyedekehn
Keyo
Keypli
Kiafabli
Kiale
Kialema
Kialima
Kianebae
Kiangai
Kiari
Kiatahun
Kiayaglo
Kiayago
Kibio
Kiehnta
Kienga
Kie Town
Kifa
Kiga
Kiliso
Kili Village
Kiliwu
Killepo Kanweaken
Killewoe
Killewoo
Killiwu
Kiloma
Kilomu
Kimbalahun Number 1
Kimbalahun Number Two
Kinata
Kinemo
King Faro
King Gray
King Grays
King Gray's Town
Kingkee
Kingsray
Kingsray Village
Kingsville
Kingsville
Kingtow
King Town
Kingtown
King Town
King Williams Town
King Willis
King Wills Town
Kinimu
Kinki
Kinnoh
Kinteta
Kiokole
Kita
Kitoma
Kitonh
Kitun
Klaboke
Klaboken
Klabo
Kladihn
Klaesu
Klakapo
Kla Klung
Klane Town
Klauke
Klayken
Klay
Kledubli
Kleinblee
Kle
Kle
Kleton
Klewe
Klilike
Klingasiaisu
Klingasiaisu
Klingasiasu
Klionbli
Klivi
Klogualazu
Kloibli
Klo
Klota
Klota Town
Kluga
Kluka
Koakpo
Koalite
Koang
Koapota
Koaton
Koblema
Kobolia (1)
Kobolia
Kobolia Number 1
Kobolia Number One
Koboya
Kodabli
Kodadu
Koda
Koda Town
Kodebli
Kodeke (1)
Kodeke (2)
Kodeke
Kodibli
Kodomai
Koehnko
Koehnma
Koenbita
Koerzon
Koezohn
Kofe
Kofia
Kofia Town
Koh
Kohma
Kohnma (1)
Kohnma (2)
Kohnma
Kohnma
Kohnma Number 1
Kohnma Number One
Koia
Koibatomai
Koiblita
Koiblita Town
Koikalahun
Koikilahun
Koikoita
Koikoita
Koikota
Koilahun
Koila
Koinda
Koindu
Koinyamai
Koiple
Koko (1)
Koko (2)
Koko Camp
Koko
Kokoko
Kokole
Kokolobogita
Kokoma
Kokonya
Koko Town
Kokoyahn
Kokpailahun
Kokula
Kokwabli
Kolahun
Kola
Kola
Kola
Kolakole
Kolango
Kolata
Kola Town
Kola Town
Kolehewa
Kolela
Kolela
Koleta
Koleya
Kolibucho
Kolicairn
Kolihun
Kolikelelahun
Koli
Koli
Kolikpakumai
Kolimai
Kolimolumai
Kolita
Koli Town
Kolmei
Kolobani
Kolobankuele
Kologuazu
Kologulazu
Kolojo
Kololahun
Kolota
Kolume
Komai
Koma
Komapie
Komasia
Komasia
Kombi Farm
Kombo
Komb Town
Komgbama
Komgbo
Kommah
Kommahmai
Kommamai
Komolota
Komolota Town
Komono
Komopa
Komowo
Komwea
Konah
Konakole
Konakolleh
Konata
Kona Town
Konba
Konda
Kondapombo
Kondi
Kondobego
Kondobendu
Kondo
Kondo
Konehun
Kongabli
Kongata
Kongba
Kongba
Kongbama
Kongja
Kongo (1)
Kongo
Kongoubli
Kongovalo
Koniadu Number 1
Koniadu Number 2
Koniadu Number One
Koniadu Number Two
Konia
Konia
Konja
Konja
Konjama
Konjele
Konjo Customs
Konjo Customs Station
Konjo
Konjolahun
Konju
Konka Town
Konkinbli
Konkolumai
Konkpama
Konma Number One
Konnie
Konobengu
Kono
Konola
Konola
Konoma
Konos
Konoso
Konosu
Konosu
Konto
Kontoseka
Konusu
Konyah
Konya
Koobli
Koo
Koonbita
Koota
Koozu Town
Kopabli
Kopakata
Kopa
Kopanzu
Kopibli
Kopo
Kopota
Korjayee
Korlekpoleh
Kormai
Korma
Kornkor
Korsein
Koryah
Kosia
Kosiata
Kosmik
Kosmoso
Kotalahun
Kotkaiko
Kotobli
Kotuhun
Kotulahun
Kotuma
Kotuta
Kotuvelela
Kouabli
Kou
Kounbo
Kova
Kovi
Kovi
Kovinjeilahun
Kowadi
Kowa
Kowa Town
Kowe
Kowia
Kow
Kowohun
Kowoma
Koyadu
Koyah
Koya
Koyata (1)
Koyata (2)
Koyou
Koyple
Kozemai
Kpaai
Kpademai
Kpagbla
Kpaia
Kpai
Kpainsu
Kpajedeta
Kpajua
Kpakai
Kpakamai
Kpakbambu
Kpakemai
Kpakoloyata
Kpakpambu
Kpakpawu
Kpakprakor
Kpakumai
Kpakumeh
Kpakume
Kpakunau
Kpakuta
Kpalahn
Kpala
Kpalawu
Kpambija
Kpana Goba
Kpana
Kpanbalamai
Kpanbalmai
Kpandahewa
Kpandalo
Kpandemai
Kpando
Kpandu
Kpangaimei
Kpangamei
Kpangbalamai
Kpangbelema
Kpangtiela
Kpaniake
Kpanyahn
Kparglay
Kpasagisia
Kpasagizia
Kpatawe
Kpatawi
Kpatia
Kpauedeta
Kpawalazu
Kpawgawlamai
Kpawolozu
Kpawuluzu
Kpayakole
Kpayakollie
Kpayakwele
Kpayea
Kpayelepula
Kpayie
Kpaytou
Kpeaplay
Kpeaple
Kpebli
Kpedu
Kpee
Kpegoa
Kpehjuh
Kpei
Kpeikpoir
Kpeilepola
Kpeilepula
Kpei-Lepula
Kpeima
Kpein
Kpeitro
Kpeituo
Kpeka
Kpekbli
Kpelepula
Kpeletuo
Kpellagollahzu
Kpellàhgòllàhzu
Kpelle Community (1)
Kpelle Community (2)
Kpelle Community (3)
Kpelle Community
Kpelo
Kpelu
Kpendeko
Kpenegie
Kpeneji
Kpengbelahun
Kpese
Kpessch
Kpesseh
Kpesse
Kpessi
Kpeteye
Kpetou
Kpetu
Kpetuo
Kpewrubli
Kpianglo
Kpilimu
Kpla
Kpla
Kplamo
Kpoahpa
Kpoapa
Kpoasange
Kpoasangie
Kpohcanjaeh
Kpoh
Kpoimgbata
Kpojimi
Kpo Jimmi Town
Kpojimmy
Kpokanje
Kpokom
Kpokon
Kpo
Kpo
Kpokulahun
Kpokumai
Kpoljimmie
Kpolo
Kpoloni
Kpolumu
Kpombu
Kpongome
Kponjama
Kponobli
Kponwin
Kporkon
Kpormubu
Kporsangay
Kpotamai
Kpotoa
Kpotoa
Kpotohewa
Kpoto
Kpotomai
Kpotota
Kpowehn
Kpowein
Kpowem
Kpowing
Kpowin
Kproro
Kptah Ploa
Kpue
Kpuibu
Kpuopa
Kputumai
Kra
Kram
Kranbi
Krii
Kroenin
Krogolazu
Krogualazu
Krohnwodoke
Kronowodoken
Kronwodoke
Krotela
Kro Town
Kru
Kru Town
Krutown
Kru Town
Kru Town
Kruza
Kuaglapu
Kuahn
Kuain
Kuain Town
Kuaiya
Kua
Kuala Bola
Kuama Number 1
Kuama Number 2
Kuama Number One
Kuama Number Two
Kuanga
Kuani
Kuanita
Kuan
Kuan Town
Kuata
Kuatata
Kuati Town
Kuatra
Kueipa
Kuekata
Kuekledu
Kue
Kue
Kuelapenai
Kuema
Kuemba
Kuemwe
Kuena Town
Kuenbli
Kuendemba
Kuenosia
Kueta
Kuetapla
Kuewa
Kuezohnbli
Kuezohn
Kuga
Kugbamai
Kugbemai
Kuglemai
Kuiatapla
Kuibia
Kuidoke
Kuiebli
Kuija
Kuikoblita
Kuili
Kuindin
Kuinja
Kuinjama
Kuinjibli
Kuinmen
Kuipini
Kulakukli
Kulango
Kuleta
Kuli
Kumabli
Kuma
Kuma
Kumale Duko
Kuma Town
Kumgbo
Kumu
Kunahun
Kunduma
Kuneta
Kungboh
Kungkpasi
Kunia
Kunya
Kuodi
Kuoi
Kuo
Kuoya
Kuozo
Kuta
Kuta
Kutuanbli
Kuwa
Kuya Town
Kuyo Town
Kuyou
Kuzu
Kwabli
Kwadanwai
Kwadin
Kwai
Kwaindin
Kwaita
Kwa Kola
Kwalakoma
Kwala
Kwalibli
Kwawdin
Kwayakole
Kwayama
Kwear
Kwegia
Kweidi
Kweiyinipa
Kweli Town
Kwema
Kwendihn
Kwendin
Kwesua
Kwete
Kwewoh
Kweyakole
Kwiaple
Kwiatuo
Kwindin
Kwitatuzor
Kwiti
Kwito
Kwlakubli
Kwla Town
Kwoita
La (2)
Laagbe
Laago
Laa
Laa
Labaleba
Laboba
Laboko
Labolozu
Laboma
Labouga
Lafellae
Lagbatuo
Lago
Lahago
Lahai Camp
Lahai Village
Lakata
Laketa
La
Lalasu
Lali
Lamco Community
Lamco Headquarters Camp
Lamco
La Mission
Lampa
Lamtuo
Lanabli
Langbama
Langdon
Langdon Town
Lango Number 2
Lango Number Two
Langota
Lanplay
Laobengu
Laomai
Laouwi
Lapalo
Lapeay Number Two
Lapia
Lapianoku
Lapie Number One
Lapie Number Two
Lapies 1
Lapies 2
Lapies II
Lapies I
Lapla Town
Lapui
Lapula
Larellimai
Largor
Larketa
Larkpase
Lar
Larmouth Farm
Larwolota
Lasowa
Lasu
Latell Camp
Latell Farm
Latiah
Latia
Lauibli
Lauple
Lava Camp
Lawa
Lawa
Lawalazu
Lawe
Lawlowville
Lawpoint Town
Lawulo
Layen
Layie
Layvin Town
Lazalimai
Lazelimai
Lazellimai
Lazilimai
Lebeleba
Lebelibah
Leebli
Lees Town
Lefuma Town
Legbegba
Lehoma
Lekpeja
Lelai
Lelama
Leleh
Lelo
Lelu
Lemuebli
Lemuel-Bli
Lemuel Reevesbli
Lendezu
Lenduma
Lengbama
Lenghamba
Leobengu
Leopard
Leopard Town
Lepalo
Lepeay Number One
Leprocy
Lepula
Leputa
Letco
Leuuma
Levuma
Levuma
Lewis
Lewis
Lewis Town
Lexington
Liako
Liberia Falls
Liberian Jenne
Libiga
Libilahun
Limalai
Lima Town
Limbalo
Lina Town
Linga
Linga Town
Liniama
Lintion
Lintoin
Lintuo
Liopu Town
Lisbli
Liswimco Camp
Litissu
Litizu
Little Bassa
Little Kola
Little Kulloh
Little Town
Liuecar
Lloyd
Lloydsville
Loah
Loaple
Lobobah
Loboba
Loboebah
Loe
Lofa Bridge
Logans
Logantown
Logan Town
Logle
Logray
Loguatuo
Loguplay
Loi
Lokamai
Lolay
Lolela
Lole
Lolo
Loloma
Loloyahun
Loluni
Lomai
Loma
Lomamita
Lomboba
Lomita
Londasi
Lonegai
Longabo
Lopadabli
Lople
Lorlay
Lormai
Lorma Quarters
Losa
Losa Town
Loso
Losso
Loswik
Lota
Lotanto
Louisiana Fendel
Louisiana
Louisiana
Louiza Town
Lou King Town
Louplay
Lovasawu
Lower Buchanan
Lower Butawu
Lower Camp
Lowi
Lowoma
Loydsville
Loyee
Loyeville
Loyi
Luabli
Lubgema
Lubli
Lugbeh
Lugbei
Lugbe
Lugbema
Lugbemu
Luisja
Lukahzu
Lukamai
Lukasu
Lukebli
Lumbakae
Lumbakai
Lumboko
Lumsville
Lupoli
Lusa Duma
Lutisu
Lutizu
Luula
Luwehn
Luwein
Luyema
Luyubli
Maakando
Maake
Maana
Maase
Mababesa
Mababona
Mabahn Goang
Mabahn
Maba
Mabli
Mabli
Mabue
Mabue Number 2
Mabue Number Two
Macca
Macca
Macreekbli
Ma Diaplay
Madina
Madina
Madina
Madingo
Madingotown
Madjimah
Mafada
Mafala
Mafiabli
Magala
Magibli
Magima (1)
Magima (2)
Mahe
Mahe
Mahe Number 1
Mahe Number 2
Mahe Number One
Mahe Number Two
Maher
Mahet
Mahna
Maimu
Mainke
Main
Maipa
Maiple
Maiyehn
Majima
Major Farm
Major's Farm
Maka
Maka
Maka
Makandoh
Makando
Makato
Makinto
Makla
Mako
Makpouma
Makuetebli
Makuilahun
Makwelahun
Makwilahun
Malabli (1)
Malabli (2)
Maladoo
Maladu
Malaike Camp
Malaki
Malamai
Mala
Malasenio
Malawu
Malawu
Malema Gobla
Malema Gorla
Malemai
Male
Malema
Malema
Male Town
Malia
Maliki Camp
Maliki
Mali
Malina
Malita
Maliwalamai
Maliyama
Malo
Malo
Malonkai
Malony
Malu
Malunga
Ma
Mamabia
Mamadou
Mamai
Mamaka
Mamake
Mama
Mambahn
Mamba
Mambasi
Mambo
Mambo
Mambo
Mambo Village
Mambu
Mamgbabli
Ma Moon
Mamukre
Mamun
Mana Beach
Manabli
Manabo
Managa
Managodua
Managòhdua
Manalu
Mana
Mana
Mana
Manawala
Manda
Mandingo Quarter
Mando
Manga Bush Town
Manga Farm
Mangaple
Manguasu
Maniama
Mania
Mani
Manivaalo
Manivalo
Manjama
Manjotahun
Manna
Manogle
Mano Godua
Manogongu
Mano Kuna
Manolu
Mano
Manowela
Manton
Manubli
Manula
Mape
Mape Town
Maplay
Maquilahun
Mara Grand
Marcasville
Margaretbli
Marlandville
Marmo
Maroaka
Marshall
Marthas Town
Marvie Kounehb
Mary Camp
Mary Farm
Mary Page Farm
Masabanga
Masakpa
Masale Camp
Masamai
Masama
Masambolahun
Masao
Masawoh
Masawo
Mascoe Camp
Mascoe Farm
Masokua
Mason Town
Massabolahun
Massaquoi Farm
Massaquoi
Massaquoi-ta
Massaquoitown
Massaquoi Town
Massa Town
Massawo
Massawu
Masuadao
Masua
Mataley
Matie
Matolo
Mato
Matota
Matukehn
Matukehn
Matuke
Matumakole
Matumekole
Matumukole
Matuwake
Matwa
Maulabli
Maulikole
Mau
Mauta
Mauwa
Mauwa
Mavado
Maveima
Mavelaizu
Mavewah
Mavigonedu
Mavikonedu
Mavodo
Mavordor
Mawah
Mawbli
Mawe
Mawoima
Mawua
Mawukondu
Mawulahun
Mawuo
Mayabli
Mayaka
Mayakohn
Maya
Maya Town
Mayima
Mayoga
Mazabu
Mazien Town
Mbabahun
Mbaloemah
Mbalomah
Mbaloma
Mbaloma
Mbalotahun
Mbandalo
Mbandolo
Mbarma
Mbelebu
Mbembalahun
Mboua
McCabe
McGee Bli
McGee
McRaybli
Meamake
Mecca
Mecca
Mecca Town
Meda
Media
Medina
Medina
Mehla
Mehnkolo
Mehnko
Mehnla
Mehnle
Mehnyeh Town
Meinke
Mein
Mein Ninge
Meka
Mela
Meliki
Memba
Membibli
Memolahun
Memolhun
Memo Town
Mempa
Memplo Izo
Mendegesua
Mendekoma
Mende
Mende
Mendi
Menditahun
Mendo
Mengbe
Menike
Meninli
Menla
Mesawoh
Mesee
Mesima
Mesima Town
Mesonbli
Mesuza
Metike
Metiki
Metown
Meu
Meunbli Number 1
Meunbli Number 2
Meunbli Number One
Meunbli Number Two
Meyonga
Miabli
Miamake
Miaplay-Bonah
Miaple
Miawe
Miawo
Middle Town
Middle Town Plantation
Mi Dhain
Millsburg
Mills Center
Mimalahun
Mima
Mimolahun
Minabli
Mingo Town
Minnesoyabli
Misila
Misouga
Mission Camp
Moala
Moana
Moba
Mobasi
Mobli
Moblonga
Mochota
Mocra Town
Mocre
Modabli
Modabli
Modebli
Mofa
Mofa Town
Moga
Moga Town
Moglita
Moho
Moiabli
Moibasoni
Moibata
Moila
Moingbata
Moinia
Moivita
Moke
Mokonik
Mokra
Mola Gonanala
Molahun
Molakole
Molakwele
Molakwelle
Mola
Mola Town
Molbosmu
Molebli
Molefabli
Mole Gbinyata
Molekuilita
Mole
Molim
Mollas
Mollibli
Molokpanzu
Molokua
Molople
Moluba
Molubata
Moluma
Momabia
Momabla
Momake
Momaken
Mombao
Mombo
Mome
Mom Flehnbli
Momga
Momokabo
Momo Klin
Momo Kolita
Momolu Kolita
Momo
Momowele
Monabli
Mona
Mona Town
Monbii
Monbli
Moncray
Mongah
Mongbein
Mongi
Monkey Tailta
Monlonkpanga
Monogala
Monogiabli
Monogola
Mono Kana Town
Monokpanga
Monrovia
Monrovia
Monubli
Monya
Monya Town
Moode
Moorebli
More
Morh Town
Morley
Morley Town
Morris Farm (1)
Morris Farm (2)
Morris Farm
Morris Farm Two
Morris
Morris Town
Mosambolahun
Moses Karnga Town
Moses
Mosesta
Moses Town
Moses Town
Mosibo
Mosiedu
Motagaga
Motobli
Moto Gaga
Mount Barclay Camp
Mount Barclay
Mount Coffee
Mouthy
Mouthy Town
Movimai
Movodoh
Mowahn
Mowita
Mowolakwelle
Mòwulahkwelli
Moyenta
Moyla
Mr. Kona Town
Muakole
Mualakwele
Muana Sando
Mudu
Muila
Muis Town
Mulabli
Mulbah Farm
Mulia
Muligua
Muli
Muller Exploration
Mulli
Mumo
Mun Lopa
Murray Farm
Murraysville Township
Musabli
Musa Camp
Musa Camp
Muso
Myer Town
Naama
Naami
Naba
Naben
Nabli
Nadee Geezaye
Nagala
Nagbainna
Nagbema
Nagbena
Nagbena
Nagbina
Nagbwema
Nagbwena
Nagwi
Nai
Naistale
Najabo
Nakanto
Nakuakle
Nakumpo
Nakun Town
Nala
Namagoima
Nama
Namata
Namo
Nanakru
Nanata
Nandobli
Nangbui
Nankano
Nanubli
Naogabli
Napeya
Napita
Napula
Naroka
Nasabli
Nasabli
Nasadu
Nasiabli
Nathabli
Nathalbi
Nathalbli
Nathanta
Natrina
Natumpko
Naumake
Navili
Nawia Town
Ndambu
Ndesu
Ndota
Neawo
Nebabe
Neegbah
Neeta
Nefu
Negbein
Negben
Neibli
Neingben
Neka
Nekehuzu
Nelabatu
Nela
Nelihe
Nemakehn
Nema
Nemata
Nema Town
Nembo
Nemeke
Nemiah
Nemibli
Nemokehn
Nemo
Nengbei
Nengbe
Nenjelahun
Neoabli
Neobalii
Neobali
Neobli
Neon Section
Neo Town
Neo Town
Nepabli
Neplebo
Nero
Nesau
Neteme
Neujaun
Newake (1)
Newake (2)
Newake (3)
Newakehn
Newake
Newaken
Newaken
Newapie
Newbankehn
Newbank Kehn
New Bapa
New Camp
New Cess (1)
New Cess (2)
New Cess Beach
New Cess
New Gabloi
New Georgetown
New Georgia
New Hope
New Hope
New Kru Town
New Road Town
New Sass Town
New Sodoae Camp
New Sodoke
New Town
New Town
New Town
New Town
New Yekepa
New Zia
New Zuanta
Neye Kele
Neye
Nezarabli (1)
Nezarabli (2)
Nezarabli
Nezoibli
Ngajubaoma
Ngala
Nganagwoi
Ngandohun
Ngangwoi
Nganyei
Ngaylayhun
Ngilima
Ngilima
Ngisakonia
Ngohokohun
Ngohunba
Ngokohun
Ngolahun
Ngoloja
Ngolowolu
Ngovokohun
Niagbaka
Niagu
Niai
Niaklan
Niamblikehn
Niaplan
Niatande
Niatia
Niatila
Niato
Niatou
Niatuo
Niawobli
Nibatatata
Niboinkui
Nibwabli
Nibwalki
Nickerbuzu
Nidong
Nidonwin
Niehnpa
Niekebatrolo
Niendama
Nienka
Nienpa
Nifo
Nifu
Nigiwehn
Nigiya
Niigata
Niinpoin
Niiwapo
Nijian
Nikabosu
Nikabuzu
Nikibatrodo
Nikpa
Nimamowakehn
Nimba
Nimba Number 1
Nimba Number One
Nimblu
Nimbowehn
Nimbo When
Nimgbe
Nimkwa Town
Nimla
Nimle
Nimle Town
Ninyahnkpo
Niobali
Niowalki
Nipa
Nipa
Nipay Town
Niplepo
Niplobli
Nipoabli
Nipohnkri
Niponkri
Nippacree
Nipu
Nipwa
Nita
Nitohn
Nitolia
Niudata
Niwapo
Niyata
Niye
Nizohn
Njaeh
Njagbaka
Njakpoma
Njala
Njalolohun
Njebele
Njehjih
Njopowalahun
Noadi
Noahn
Nobata
Nobofa
Nobo
Nobota
Nogabli
Nogaina
Nogaluta
Nogocho
Nogolo
Noigata
Noju
Noka
Noki
Nokohn
Nokole
Nole
Nomodatundu
Nomo
Nongorchoe
Norgar Town
Nor Town
Nota
Nota
Notibli
Notoh
Nouyie
Noway Camp
Nowren
Noyabli
Noyu
Nrebokehn
Nrokwia
Nuaduwa
Nuah
Nua
Nubli
Nude
Nufata
Nugabli
Nujeh
Nukri
Numakwia
Numata
Numebli
Numokwia
Nundoni
Nuohn
Nuohn Point
Nuohn Point Town
Nuopea
Nuople
Nuopley
Nusuabli
Nwalezu
Nwonki
Nwou
Nyaake
Nyadehun
Nyafokole
Nyafola
Nyagbabli
Nyagba
Nyahplay
Nyailoi
Nyakake
Nyale
Nyali
Nyamakamadu
Nyama
Nyame
Nyanbo
Nyandekde
Nyandemolahun
Nyandesu
Nyangele
Nyangolahun
Nyangoli
Nyangwele
Nyankupon
Nyanneon
Nyanweh
Nyanwrake
Nyanwroke
Nyanye
Nyao
Nyapa
Nyarnkiayee
Nyasaeng
Nyasin
Nyata (1)
Nyatanda
Nyata
Nyawellie
Nyegba
Nyehtarsue
Nyein
Nyein
Nyeinplay
Nyenfueh
Nyenple
Nyenyen
Nyesyah
Nyiayi
Nyiela
Nyoanplay
Nyohnken
Nyoje Town
Nyoneayie
Nyoneayii
Nyongba
Nyongie
Nyongi
Nyor Butuo
Nyor Diaplay
Nyoulehn Town
Nyovlehn Town
Nyua Point
Nyuba
Nyude
Nyume
Nyunomagabli
Nyuno
N'Zolow
Nzolu
Ochg Town
Ochstown
Ojata
Ojo
Okaibli
Okepie
Okia
Oko Boli
Old Boe
Old Camp
Old Gbain Town
Oldman Johnnybli
Old Town
Old Town
Ololohn
Omalu
Omata
Omeli
Ostru
Otikehn
Oui
Owen's Gnove
Owensgrove
Padakwele
Padakwelle
Padeka Town
Padmorebli
Padmore Farm
Pagebli
Page
Page Town
Pagey Town
Pahn Whroll
Pahn Wroal
Pahyon David Town
Pains
Paiye
Paiyesu
Pakala
Pakamai
Pakle
Pakueli
Pakue
Palafroken
Palakole
Palakole
Palakwolli
Palalada
Palala
Palanam
Pala
Palawo
Pali
Pallakwelle
Palmer Camp
Palo
Pamdemé
Pami
Pami Town
Pamobli
Pamu
Pandamai
Pandemai
Pando
Panglo
Paniwein
Pankloh
Pankro
Panoke
Panworokehn
Pao
Pao Town
Paple
Papuya
Paquelle
Parken
Parker Farm
Parker Town
Parlakwelli
Parokehn
Pasagisia
Pasolahun
Pasoolahun
Passagouni
Passolahun
Patabli
Patake
Pata
Pa Town
Paubli
Paul Reevesbli
Pavlo Town
Pawalozo
Pawokehn
Pawronken
Paydyoway
Payee
Payeh
Payeta
Paye Town
Paye Town
Paynesberry (1)
Paynesberry (2)
Paynesville
Paynsville
Payou
Paytay
Pazohn
Peabody Farm (1)
Peabody Farm (2)
Peabody Farm (2)
Peabody Farm One
Peabody Farm
Peabody Farm Two
Peama
Pebli
Pebu
Pedebli
Peebli
Pee
Peetchen
Pee Town
Pegabli
Pega Publi
Pegata
Pegle
Peguwe
Pehflem
Pehli
Pehnu Town
Peibli
Peita
Pelebo
Pelelei
Pelele
Pelewahun
Pelokehn
Peloken
Peloke
Pelokon Number 1
Pelokon Number 2
Pelokon Number One
Pelokon Number Two
Pelua
Peluke
Pemo
Pendocanbli
Peneta
Penita
Pennoken
Penoka
Penokehn
Penokehn
Penokehn
Penoke
Penoke
Penu
Pepeta
Perazoi
Petabli
Pete
Pete
Peterbli
Peterbli
Peter Gbein
Peter Graybli
Peter
Peter
Peter
Peter-ta
Peter Town
Peter Town
Petoke
Peto
Petroken
Petukahn
Pevalo
Pewo
Peye
Peyuwe
Philadelphia
Philadelphia Township
Philip Robertsbli
Piabli
Piai
Piatah
Piata
Piata
Picanniny Cess
Pickaninny Cess
Pickaninny Sesters
Pickininy Sesters
Picnicess
Piddy Community
Piein
Pieta
Pietlo
Piibli
Pikanini Sesters
Pilan
Pila
Pilimu
Pineli
Pine
Pinky Town
Pionwodo
Piseko
Pismabli
Piso Creek
Placemkehn
Plado
Plandabalebo
Planplanken
Planten
Plapa
Plaplakehn
Plaw
Plebo
Pleebo
Pleemu
Plefebli
Plembe
Plempabli
Plemu
Plenabo
Plibo
Plofe
Plonkor
Plow
Plumu
Pluosinroe
Plupie
Plusinroe
Poabli
Pobabli
Pobla
Pobogle
Pobuata
Pochehn
Podee
Podo Town
Podroken
Poedjan
Poie
Point Four
Poi
Poje
Pokehn
Pokonda
Pokunda
Pokundu
Pokwi
Polabli
Pola
Polar Town
Pola Town
Polowu
Poluma
Pomgba
Pomke Hedo
Pomke
Pomoble
Ponbli
Poni
Popalahun
Pople
Popolahuh
Popolahun
Poporelekehn
Popota
Populahun
Po River Beach
Po River Big Town
Po River Middle Town
Po River
Po River
Po River Town
Porluma
Porrubu
Porruwu
Porterbli
Port Robert
Posaken
Posake
Potakle
Potia
Potoka
Potoma
Potrah
Potra
Pou Town
Powrenken
Pratt Town
Prend Town
Presend Town
Pronoken
Protera
Provenzabli
Prowrokehn
Pudjun
Puduke
Pudzehun
Puebabli
Pueh Town
Pujehun
Pulah
Puli
Puobli
Puor Town
Puo Town
Puteya
Putukehn
Putuken
Putuken
Putuke
Pwabli
Pyne Town
Pyniwehn
Quahn
Quai
Qualala
Quehtrayah
Quemah
Quema
Quiapiple
Quittatuaon
Quoi Quoi Ta
Quoyah
Raba Town
Rabli
Radja
Raleigh
Rati Town
Rat Town
Redwater
Reeves
Relelee
Repota
Reputa
Rhekpehlay
Rice Project
Richard Holder Farm
Richards Farm
Ricks
Rite
Rite Town
River Cess
River Cess Settlement
River Gbe Camp
River Gbe Estate
Riverside
Robabli
Robert King Town
Robert Port
Robert Reevesbli
Robert
Robertsbli
Roberts Camp
Robertson
Robertsport
Roberts
Robertstown
Robertsville
Rock Cess Beach
Rock Cess
Rock Cess
Rock Crusher
Rock Town (1)
Rock Town (2)
Rocktown Jedebo
Rock Town
Rokenbli
Rondaze
Roni
Roof Camp
Ropie
Royesville
Roysville
Rubli
Rumwe
Russel Town
Ruta
Ruteya
Ryder
Ryder Town
Saabendu
Saadia
Saale
Saama Number 2
Saama Number Two
Saandia
Saano
Saa
Sababo
Sababo
Saba
Sabati
Sabelemah
Sable
Sabli
Sabli
Sablo
Sabokehn
Sabo
Sabo
Sabo
Sacba Town
Sacky Town
Sacleipie
Saclepea
Sadabli
Sadon
Sado
Sadubendu
Sadu Pasia
Sadu
Saewee
Sagabita
Sagabumata
Sagalapa
Sagatabli
Sagata
Sagba Town
Sagbue
Sagleipie
Sagubli
Saguna
Sahngana
Sahn
Sahobali
Saieatro Town
Saindih
Saini
Saint Paulsville
Saivalahun
Sajeni
Sakakpota
Sakalapie
Sakan
Sakapaie
Sakebombo
Sakempa
Sakibomota
Sakigbomota
Sakimba
Saki Mowa
Sakimpa
Saki
Saklake
Saklape
Sakla
Saklepie
Sakoleba
Sakonamai
Sakonedu
Sakonemai
Sakonomai
Sakoogli
Sako
Sako Town
Sakpawa
Sakpawea Town
Sakripie
Sakriple
Sakue
Sakugli
Sakuta
Sakuta
Salaga
Salala
Salama
Sala
Salaya
Salayea
Salaye
Salayie
Sale
Saliabli
Salia Camp
Salina
Salinju
Sali
Salita
Salta
Salubli
Saluna
Samalahun
Sama
Sama
Samawepo
Samba
Sambatahun
Sambli
Sambola
Sam Do Town
Samibli
Samie Town
Samita
Samita
Sammybli
Sammybli
Sammy Gogabli
Sammy Kodebli
Sammy
Samokoma
Sam Town
Samuel
Samuelta
Samukaja
Samuka
Samukata
Samuka Town
Samwada
Sanapu
Sanaquelli
Sandalu
Sanda
Sandin
Sandita
Sandose
Sandose Town
Sandrop
Saneaple
Sangabli
Sangaple
Sangapli
Sanga
Sanga
Sanga
Sanga Suma
Sangbui
Sanglopie
Sangopli
Sango
Sangubli
Sanguin
Sangum
Sangwin
Sanibli
Saniquellie
Sanjanamalo
Sankaple
Sankarplay
Sanka
Sankpalai
Sankui
Sanniguellie
Sanniquellie
Sanogabli
Sanoghie
Sanokole
Sanokole
Sanokwele
Sanokwelle
Sanoquelli
Sano
Sanoye
Sanoyie
Sanquilly
Sanson
Santa
Sanu Flomo
Saoh
Saoka Town
Sapanwan
Sapanwa
Sapawan
Sapawa
Sapema
Sapie
Sapima
Saragabo
Sarah
Sarah Town
Saregbe
Sargbah Town
Sarkimpa
Sarmadu
Sarohbo
Sarokehn
Saron Town
Sarrokehn
Sartiken
Saryabli
Sasahun
Sasani
Sasano
Sasasu
Saslo
Sassahun
Sasstown Louisiana
Sasstown
Sass Town
Sasstown
Satekehn
Satike
Sato
Sato Town
Saturdaygua
Saubli
Saugi
Saukobli
Saundlo
Saura
Sau
Saviama
Savohn
Sawabli
Sawakehn
Sawala
Sawalo
Sawapu
Sawa Town
Saweri
Sawe
Sawe
Sawie
Sawiloh
Sawilo
Sawioh
Sawiwabli
Sawmill
Sawolo
Sawolo
Sawolo
Sawota
Sawtoken
Sawubli
Sawula
Sawu
Sawu
Sawyeapolu
Sawzãw
Sayanbli
Saya
Saya
Sayecon
Sayekohn
Sayeple
Sayepli
Saye
Saye Town
Sayobli
Sayon
Sayota
Sayour
Sayouta
Sayou Town
Saypaydy
Says Town
Sayubli
Sayuwoe
Saywionwor Town
Scherman
Schieffelin
Schieffellin
Schwoke Number 1
Schwoke Number 2
Schwoke Number One
Schwoke Number Two
Schwoke
Seabokehn
Seadee
Seaken
Seama
Sean Town
Seaple
Seazon
Sebia
Sebia
Sebli
Seboke
Seco
Se Creek
Sedeka
Sedekehn
Sedeken
Sedeke
Sedo
Seeah
Seebeh
Seeborken
Seeneh
Sees
Seetun Juason
Seewi
Sefudu
Sefula
Segbemai
Segbe
Segbe Town
Sehnewen
Sehnkwehn
Sehnwehn
Seh Town
Sehwen
Sehwoke
Seiyu
Seka Camp
Sekeleke
Sekimpa
Seklakpo
Seklekehn
Sekobli
Sekroken
Seku Sirleaf
Selega
Seleh
Selekpota
Sèlligàh
Sèlligan
Selma
Semabu
Semako
Sema
Sembahun
Sembéhhun
Sembehun
Sembehun
Sembe
Semgbe
Semgbe Town
Seminike
Senbui
Sendedu
Sendo
Sene
Senetrodru
Senewabli
Senewehn
Sengabli
Sengama (1)
Sengama (2)
Sengama
Sengbloh
Sengle
Sengwie
Sengwle
Sengwle Village
Senidrudru
Senitrudru
Seniwehn
Senjie
Senlay
Senodi
Senopla
Seno
Senta
Sentibo
Sentoa
Senyah
Senya
Senyota
Seple
Sepobli
Sepo
Sergeant Kollie Town
Sergeant Konner's Camp
Se
Sess How
Sess Town
Seta Kru
Seta
Seto
Se Town
Setra Kru
Setro
Setta Kru
Settra Kru
Seubli
Sevelahun
Sevisa
Sewaru
Seway
Sewi
Sewish
Sewol
Sewo
Sewple
Sewulu
Sewu
Seya Town
Seywonkehn
Shabli
Shadi
Shakei
Shangata
Shankpalai
Shansue
Shanu
Shebloken
Shelloe
Sheple
Shereed Town
Sherhman Farm
Sherif Camp
Sherman Farm (1)
Sherman Farm (2)
Sherriken
Sheshe
Sheshe Town
Sheyayie
Shienbwa
Shiengbwa
Shoboke
Shoigabli
Shugari
Shugri
Siafa Washington Town
Siagbokohn
Siah Town
Siakehn
Siamikohnma
Siaplay
Siaple II
Siaple Number 2
Siaple Number One
Siaple Number Two
Siaple
Siapli 1
Siapli 2
Siapli I
Sia
Sia
Siata
Siata
Sia Town
Siazohn
Siazon
Sibie
Sibli
Siblonbli
Sibwekehn
Sidike
Siefa
Siekempa
Sielo
Sie Town
Sifeta
Sifubli
Sigae
Sigema
Sigesu
Sigima
Sigissu
Sigisu
Siglake
Sigwata
Sihabli
Siibatu
Siibli
Siiwohnbli
Sijilisa
Sikabli
Sikamai
Sikemai
Silabu
Silikai
Sillykai
Simbo
Simodabli
Simpson
Sim
Sinda Town
Sinde
Sindo
Sindo Town
Singbe
Singbe Yukuta
Singo
Sinje
Sinje
Sinkor
Sinoe
Sino
Sinta
Sinta
Sinu
Sinu Village
Sinya
Sinyie
Sinyo Town
Sirun
Sitor
Sito
Siunge
Sivilimai
Siwo
Siwrokehn
Siwurake
Sizohn
Skinner Camp
Sklabo
Slobali
Sloloke
Slomi
Smaila
Small Compound
Small Town
Smell-No-Taste
Smith Camp
Smith Camp
Smith Farm
Smith
Snaebu
Snafu
Snoh Doe
Soa
Sobabli
Soba
Sobelemah
Sobelema
Sobe
Sobia
Sobli
Sobor
Sobo
Sodebli
Sodi
Sodoke
Sodu
Sodu
Sofa
Sofa Town
Sogabli
Sogo Place
Soho
Sokali
Sokohnbli
Sokoja
Sokopa
Sokota
Soku Town
Solape
Solobli
Soloken
Solokpo
Solomba
Solubelimah
Somabli
Somai
Somalahun
Sombaja
Sombu
Somolahun
Sonabli
Sonbli
Sonbolo
Sondokole
Sondokolo
Sondozowi
Songabli
Songa Town
Songita
Soniwehn
Sonkale
Sonola
Sono
Sonoya
Sonoyea
Sonya
Sonzu
Soobee
Soomu
Sopea
Sopeay
Sopia
Sopie
Sople
Sopuya
Sopwe Town
Sorkon
Sorrybli
Sorzon
Sosibani
Soso Camp
Sosola
Sosomolahun
Sotike
Sotladiabli
Sotokehn
Sotown
Sotru
Soubli
Sowala
Sowie Camp
Sowin
Sowi
Sowloke
Sowui
Soyabli
Soyobli
Sozohn
So Zon
Spake
Spangla Bo
Spedyva
Spring Hill
Steele Farm
Steel Farm
Stephenta
Suajah
Suakaisa
Suakaisu
Suakaizu
Suake
Suakoko
Suakokota
Suakuin
Sualahun
Suanbli
Suati
Suatu
Subata
Subatina
Subbubn
Subbubo
Subbubo Village
Subono
Suehn
Suen
Sugari
Sugblun
Sugo Town
Suke
Sukolomu
Sukulomu
Sumabli (1)
Sumabli (2)
Sumabli (4)
Sumabli
Sumabo
Sumahun
Sumalahun
Sumblabli
Sumobli
Sumopoia
Sumopota
Sumore Town
Sumota
Sum
Sum Town
Suobli
Suokokota
Suo
Suowi Camp
Sura
Suu
Suwakehn
Suwali
Suwasu
Suwodoke
Suwroken
Suya Town
Swabli
Swakuk
Swatai
Swawota
Sweaken
Sweake
Sweheboke
Swekehn
Sweke
Swoke
Taadi
Taapa
Taa
Taa
Tabitata
Tabogowia
Tabo
Tade
Tahemba
Tahn
Tahomi
Tah
Tai
Takohnbli
Takpa
Takpoima
Takuima
Takwema
Talabasi
Talabli
Talah
Tala Kuiebli
Talamini
Tala
Taleta
Tallah
Talla
Talokehn
Talos
Tamalo
Tamalo Town
Tamboma
Tamita
Tamoyama
Tampli
Tamwe
Tandema
Tandila
Taninahun
Taninjaeh
Tan Town
Tanukoi Village
Tanu Town
Tanyata
Tanyehun
Taowin
Tapabli
Tapa Town
Tape
Tapeta
Tape Town
Tapita
Tapi Town
Tappi
Tappita
Tappitown
Tarae
Tarlo Town
Tarokehn
Tarsai
Tarwarken
Tarwroken
Tasai
Taso Beach
Tassu
Tassu Village
Tasu
Tatebake
Tatukehn
Tatuke
Tatuke
Tatula
Tawaba
Tawafia
Tawake
Tawalahun
Tawalata
Tawata
Tawlokehn
Tawohken
Tawoke
Taworoke (1)
Taworoke (2)
Tawrokehn
Tawroke
Tawulahun
Tayake
Taydu
Taye
Taye Town
Taye Town
Taylorta
Taylor
Taylor Town
Tchien
Teahine
Teai
Teajebo
Teake
Teapa
Teaple
Tea
Teaye
Teayi
Teazegboplay
Tebebli
Tebu
Tedeka
Tedeke
Tedu
Teekpen
Teepeney Town
Tee
Tee
Teh
Teigidi
Teigili
Teigilli
Teiwi
Tekpelembu
Telabengo
Telekolo
Telemai
Telemen
Telemu
Telewoh
Telikole
Telimu
Temabli
Tembo
Tembo Village
Temesadu
Temgbehn
Temo
Tempo
Tendekehn
Tenebu
Tengbelahun
Tengbwe
Teni
Tenneh Wieh Town
Tennewehn
Teoabli
Tepenibli
Te
Tevatown
Tewabli
Tewata
Tewee
Tewe
Tewo Fahnbulleh
Tewo
Tewulahun
Thebaken
Theki Dai
Thomas Camp
Thomas Frazerbli
Thomas Logan Town
Thomas Town
Tiabo
Tiadi
Tiajebo
Tiake
Tianbli
Tiapa
Tiaplay
Tiaple
Tia
Tia
Tiayie
Tiayi
Tiayl
Tibiwa
Tible
Tibli
Tibowehn
Tiedi
Tiehnpo
Tiempo
Tienbo
Tiene
Tienimani
Tieni
Tienne
Tienni
Tiewi
Tieyi
Tifi
Tifi Town
Tigilee
Tigkpo
Tiglibli
Tiiteye
Tijaila
Tikbli
Tikibli
Tikpa
Tiladee
Tiller
Tilo
Timbo
Timbo
Tinbo
Tin Doa
Tindoni
Tingawa
Ting Doa
Ting Dowuli
Tingsu
Tinia
Tini
Tinktata
Tinsoe
Tiopa
Tipennybli
Tisoke
Titi Koshun
Tiwebli
Tiweli
Tiwle
Tiyedi
Tjeh
Tliapie
Tlobabli
Tloba
Tlopa
Tloya
Tluya
Toabedi
Toabli
Toah Town
Toao
Toao Town
Toatown
Tobaebli
Toba
Tobli
Tobli
Tobogizizu
Tobo
Toby
Toby Town
Todimei
Todimel
Todimen
Todi
Todi
Toemoi
Toendee
Toenni
Toe
Toe Town
Tofac Village
Tofae Village
Togabli
Togata
Toga
Toga
Togau Town
Togbadu
Togbal
Togbapolu
Togba
Togbebli
Togbede Town
Togbu
Togee
Toge
Togi
Toindi
Tokonjo
Tolbertville
Tolode
Tolo Jones
Toloko
Toloko
Tolomine
Tolosine
Tomala
Tomasja
Toma
Tombe
Tombli
Tombobli
Tombu
Tome
Tom-Glay-Win
Tommyta
Tomobli
Tomo
Tomo
Tomo Town
Tonabli
Tone Wai Town
Tongata
Tongata
Tongi
Tongola
Tonkehn
Tonkpunti
Tonwe
Tonyua
Toobli
Toota
Toozonh
Topa
Topa Town
Tope
Topi
Topoe Village
Topoloya
Topo
Topo
Topo Town
Torokahn
Tosoi
Tosor
Toso
Tosso
Totakwelle
Tota
To
Totobli
Totokole
Totokwele
Totopi
Totoquelle
Totota
Tounta
Tournata
Towabli
Towai
Towai Town
Towajei
Towaken
Towata
Towebli
Toweeta
Towe
Towia
Towin
Towita
Toyabli
Toyan
Toyelabli
Trade Town (1)
Trade Town (2)
Trade
Trafin
Trobe
Troeya
Trokehn
Tropoe
Trouble Johnson
Troyua
Truendih
Truma
Tuanbli
Tubaa
Tubake
Tubake
Tubassata
Tuba Town
Tubawen
Tubawohn
Tublo
Tubmabli
Tubmanbli
Tubmanburg
Tubman Town
Tubmanville
Tuboke
Tubongabonga
Tucker Farm
Tueja
Tuelja
Tugbake
Tugbata
Tugba Town
Tugba
Tuhfoeh
Tuhgbehli Town
Tuima
Tukabli
Tukpa
Tukpo
Tukua
Tukwa
Tuladu
Tulema
Tule
Tumake
Tumiparesum
Tumlabli
Tumobli
Tumokola
Tumorola
Tumukola
Tumukole
Tunbaye
Tunewhen
Tunudi
Tuonme
Tuota
Tuo Town
Tuowi
Turu Town
Tusa
Tussu
Tutubli
Tutukehn
Tuwata
Tuzohn
Tuzohn
Tuzu
Twane
Twe Town
Twe Town
Twe
Tyaake
Tyiaken
Tytiake
Ubah
Uba
Ufaka
Ufaka
Unification Town
Unification Village
Upper Buchanan
Upper Camp
Upper Taso
Utagabli
Vaabli
Vaagole
Vaahum
Vaakianwe
Vaamabli
Vaama
Vaania
Vaaniita
Vaanita
Vaa
Vabli
Vagbe
Vagua
Vahmbo
Vahnplay
Vahn Town
Vahn
Vahn
Vahon
Vahun
Vah
Vai Camp
Vaikia
Vaina
Vai Tieda
Vai Town
Vai Town
Vaitown
Valasala
Valazu
Valelo
Valewe
Valika (1)
Valika (2)
Valika
Valio
Valley Camp
Valoi
Vamata
Vamenzu
Vanabu
Vanata
Vanicongo Town
Vanjapolu
Vanjata
Vantown
Vanwali
Vanzo
Varnie Town
Varteketa
Vasala
Vatege
Vats
Vavamai
Vavosa Camp
Vawau
Vayema
Vayenglay
Vayenma
Vazohn
Vazohn
Velezala
Velokua
Veloqua
Vena
Vengeleta
Very Hill
Vetesu
Viangru
Via Town
Vicent Tow
Victor Marshall
Vikboy
Vilisala
Vilita
Ville Town
Vilo
Vincentbli
Virginia
Vitolia
Viyita
Vlenzon
Voba
Vobo
Vogbadee
Vohn Town
Voinineuno
Voinjama
Voinyamai
Voke
Vokoh
Voko
Voko
Volablah
Volay
Vole
Vole
Volley
Volobale
Voloblai
Voloble
Volomala
Volomeni
Vonamai
Vonehjahzu
Vonehta
Voneiesu
Vonejazu
Vonejesu
Vonema
Voneyazu
Voneyezu
Voni
Voniyezu
Vonjama
Vonle
Vonzuahn
Vonzuahn
Vonzua
Vortor
Voto
Vowu
Voya Creek
Voya
Vrenjah
Vubadi
Vuipa
Vui
Waaebo
Waata
Wabehn
Wabli
Waboma
Wachike
Wachuka
Wachuke
Wadake
Wadana
Wadebo
Wadio
Waezon
Waganamai
Wagela
Wagonidu
Wahilahun
Wahnkai Town
Wahnlehun
Wahnlemai
Wahnlezu
Wah
Waiglomai
Waijo
Waila
Waimu
Waipa
Wairiake
Wakata
Wakbli
Wakepo
Wakesu
Wakezu
Wako
Wakpa
Wakpo
Walabli
Walakehn
Walala
Walala
Walamu
Wala
Walema
Walezu
Wali Town
Walker Town
Walker Town
Walo Town
Walowuma
Walto
Waluke
Wamapu
Wamba Town
Wambli
Wamu
Wanakapala
Wanakena
Wanakpala
Wanana
Wana Town
Wanelabli
Wangako
Wangeko
Wanlehun
Wanlema
Wanlezu
Wapai
Wapitabli
Wapla
Waple
Wapong
Wapo
Wapuata
Warlosue
Waroaka
Waroake
Warritay Camp
Warsonga
War Town
War
Wase
Wasonga
Waspa
Watake
Wata
Watchike
Watheke
Watika
Watike
Wati
Watoke
Wa Town
Watuake
Waukim
Waukom
Wauma
Waumu
Waung
Wautike
Wautike
Wa
Wa
Wawabli
Wawota
Wayabu
Wayake
Wayne Porterbli
Wayon
Wazibli
Wazuwata
Weabui
Weagabli
Weajor
Weaju
Weala
Weamedi Creek
Weasingai
Weasua
Wea
Weazingai
Weazohn
Weazon
Weazumata
Webado Beach
Webado
Webawa
Webbo
Webebli
Webo
Webubli
Wechuken
Wedabo Beach
Wedabo
Wedo
Wedyou
Weeblee
Weebli
Weebo
Weedurow
Weeta
Wee
Wefata
Wegah
Wegar
Wega
Wehma
Wehnlezu
Wehnwata
Wehn
Weia
Weima
Weinten
Wein
Weinzu
Weita
Wei
Wela
Wemaba
Wema
Wenata
Wenel Town
Weniwalata
Wensahn
Wenshu
Wentaeng
Wenu
Wepa
Weple
Wesake
Wesake
Wesa
Weseke
Weseke
Wesenbli
Wesing
Wessar
Wessatoken
Westa Town
Westa
Westpoint
West Town
West
Wetabli
Weteke
Weyma
Wezeazu
Whande
Whando
Whangbukai
Whebli
Whehnzonbli
When Town
When
Whenzohn
Wheregaros Town
Wheregaros
Wheta
Whe
Whia
Whimpa
White Plains
Whitli
Whole Graway
Whole Grewe
Wiabama
Wiable
Wiamoi
Wiamo
Wiasene
Wiasohnbli
Wiasohnbli
Wiata
Wiato
Wia Town
Wia
Wia Wia
Wiazohn
Wiazohn
Wibli
Widabo
Wiedju
Wiega
Wiekboy
Wieloh
Wienzu
Wieson
Wiesua
Wie
Wie
Wiibli
Wilawa
Wila
Wilibli
Wilikahn
Wilipata
Wilipini
Wilita
William Gobli
William Town
William
Willie Roybli
Willieta
Willieta
Willie Town
Willie
Willija
Willi Jeulu
Willipinee
Willita
Willi Town
Will Porterbli
Willybli
Willy Camp
Willy Diibli
Wilo
Wilsonville (1)
Wilsonville
Wimoobli
Winbli
Winibli
Winiwehn
Winstonbli
Winston
Winuta
Wion Juloh Town
Wisa Town
Wisike
Wisitoke
Wissikan
Wista
Wita
Witteken
Wjagbaka
Wlakpo
Wlelah
Wlokehn Two
Wlokehn
Wloken Number One
Wloplukehn
Wlorptue
Wloween
Wlowein
Wlowin
Woababli
Wobali
Wobanyamai
Wobawana
Woba
Woba
Wobeke
Wobli
Wodenya
Wodie
Wodu
Woepa
Wofabli
Woffiken
Wofikehn
Wofoike
Wogabalay
Wogala
Wogesia
Wogeze
Wohalahun
Wohn
Woima
Wokekehn
Wokoihun
Wokoima
Wolah
Wolaila
Wolai
Wolakolo
Wolako
Wolako
Wolasu
Woleke (1)
Woleke (2)
Wolita
Woloken
Woloke
Wolongman
Wolotan
Wolowolowunma
Womai
Womalu
Womano
Woma Town
Wombohewa
Womuna
Wondel
Wonde
Wone
Wongabli
Wongbai
Wongbi
Wong
Wonita
Wonjo
Wonoyako
Wonupolukai
Wonyako
Woobli
Wood Camp
Woolunta
Wople
Worba
Worekehn
Worepo
Worlala
Worteken
Wortuke
Wosonga
Wotalah
Wotala
Wota
Woteke
Wotike
Woule
Woulike
Wouta
Wowawlawumau
Wowoma
Woze
Wozita
Wozi
Wrabo
Wrakohn
Wrakon
Wrayua
Wrayubli
Wreah
Wrea
Wreboke
Wregboken
Wrenya
Wreputa
Wriekebli
Wrobli
Wrolayken
Wropuke
Wubli
Wudekehn
Wudiyazu
Wuduke
Wuduke
Wuebama
Wueboi
Wuedakua
Wueda
Wueditai
Wuefa
Wuefua
Wuehamba
Wuehe
Wuehn
Wuejo
Wuejua
Wueju
Wuekai
Wuekana Number 1
Wuekana Number 2
Wuekana Number 3
Wuekana Number One
Wuekana Number Three
Wuekana Number Two
Wuelekoa
Wuemagunn
Wuemai
Wuemaww
Wuemoi
Wuesa
Wuese
Wuesua
Wuhalahun
Wuiata
Wuilo
Wukupa
Wulakor
Wulinwein
Wuli
Wulongmah
Wulongman
Wulowuma
Wuluken
Wulumuyiezu
Wumaye
Wumbeta
Wumeta
Wuoami
Wuomai
Wusike
Wutiita
Wutuke (1)
Wutuke (2)
Wutuke (3)
Wutukehn
Wutukehn
Wutuken
Wutuke
Wuyawoba
Wyenken
Wynn Town
Wyriake
Yaabli
Yaale
Yababli
Yabaka
Yabli
Yaboi
Yabota
Yacwata
Yadoke
Yado
Yagapua
Yagawe
Yagweema
Yahkpai Quiwood
Yahn Kobli
Yahnsehn
Yakage
Yakaji
Yakakahn
Yakakpomo
Yakoi
Yakpawolo Camp
Yakpoi
Yakuata
Yakulo
Yakun Town
Yalaba Town
Yaladu
Yalahun
Yalalahun
Yalata
Yalata
Yalata
Yala
Yalesa
Yale
Yaley
Yalimu
Yali
Yaluahan
Yamabli
Yamatahun
Yamawabli
Yamboi
Yamene
Yammah Town
Yample
Yamu
Yanata
Yandahun
Yandasu
Yandesu
Yande Woun
Yandiyama
Yandohun
Yangaia
Yangaja
Yangama
Yangaya
Yangobli
Yangoli
Yangoli
Yangol
Yangwele
Yankolota
Yankuele
Yanoka
Yanoke
Yanoquelle
Yanuuhn
Yanwehn
Yanzia
Yaoudi
Yapa Coconut Town
Yapa Coconut
Yapa
Yarabea
Yarbayai
Yaric Payolata
Yarpas
Yarpa Town
Yarwondee
Yasadu
Yaselahun
Yaselelahun
Yasien
Yasiohn
Yasno
Yasono
Yasselahun
Yasta (1)
Yasta (2)
Yasta
Yatana
Yatee
Yatibli
Yati
Yatoka
Yatono
Yawaye
Ya
Ya
Yayie
Yazata
Yazohn
Yeakai
Yeala
Yealstime
Yeatanda
Yea Willy Town
Yeboke
Yedweke
Yeebo Town
Yega Town
Yehnma
Yehn
Yeila
Yekepa
Yeklebli
Yekpi Town
Yela
Yeleake
Yellakpah
Yella
Yeloke
Yema Town
Yema
Yemgbelahun
Yendema
Yengbelahun
Yengbemai
Yengema
Yeno
Yeolo
Yeple
Yesabli
Yesibie
Yeteake
Ye Town
Yezala
Yiaba
Yiaga Town
Yiaka
Yia Kovouma
Yibuke
Yiebli
Yigbala
Yile
Yingbelahun
Yionbli
Yiventa
Ylowee
Ylowi
Yobloke (1)
Yobloke (2)
Yodjuah
Yodobli
Yodota
Yoezon
Yoga
Yoga
Yojua
Yokanbli
Yoke
Yokokata
Yokole
Yokolita Town
Yolahun
Yola
Yola
Yole
Yoli
Yolo
Yolo
Yomabua
Yomata
Yoma
Yoma
Yomo Town
Yomo Town
Yomoto
Yondo
Yongaja
Yongata
Yonga
Yongwiata
Yonieyie
Yonkale
Yonla
Yonle Town
Yonwa
Yopata
Yopie Podogle
Yopie
Yopie
Yorke
York Island
Youboz
Youngplay
Youngwaita
Youngwiata
Yourpea
Youso
Youtuo
Yowee
Yowie
Yowi
Yowi
Yowo
Yowu
Yoyie
Yuabli
Yuba
Yubo Town
Yubo
Yuduyake
Yuge
Yuk Bee Town
Yuke
Yukpedu
Yukpelo
Yukwebli
Yuloke
Yulo
Yumbo
Yundehun
Yuse
Yuwa Manabli
Yuwohken
Zaakin
Zaawebli
Zaazota
Zaazu
Zaba Town
Zaba Town
Zabe
Zabli
Zagabata
Zagbo
Zagle
Zahawe
Zahn-Blupie
Zahnwayee
Zahn
Zahn
Zahn
Zaia New Town
Zaia
Zai Town
Zai
Zai
Zakamata
Zakiya
Zalagbatu
Zalaimu
Zalaimu
Zalamai
Zalimobuku
Zali
Zalogbatro
Zambai
Zami
Zammie
Zamu
Zana Tuo Toai
Zana
Zanbli
Zangabli
Zanga Road Town
Zangar
Zanga
Zangbiama
Zango Town
Zanibli
Zaniki
Zannah
Zanotia
Zanpah
Zantobli
Zanwanwa
Zaou
Zarbu
Zargay Guah Town
Zarzoon
Zasoho
Zasonai
Zasonoh
Zasono
Zatrum
Zatuo
Zatu
Zauoya
Zauwea
Zavla
Zãvoya
Za Wia Town
Za Wia
Zawolota
Zayglay
Zayi
Zayo
Zazohn
Zazub Town
Zeama
Zeanlee
Zeawata
Zea
Zea
Zebay
Zeba
Zebe Town
Zede-Bli
Zeegbozohn
Zeekapa
Zeeota
Zeewrohn
Zee
Zegay
Zega
Zeget
Zege
Zegle
Zegray
Zehple
Zehpn Town
Zeh
Zei
Zekera
Zelegai
Zelekai
Zelemai
Zelimai Junction
Zelimai
Zelubli
Zena
Zeno
Zeongain
Zeon
Zeon
Zeple
Zepole
Zewazahn
Zewodamai
Zewodama
Zewordamai
Ziagbe
Ziahnle
Zialakpala
Ziale
Zialiakpalla
Ziallakpalla
Ziame
Ziangbainda
Ziansu
Zia Number Two
Zianzoegar
Ziata (1)
Ziata (2)
Zia Town
Ziayozu
Zia
Zia
Zia
Zielakpala
Zienshue
Zienshu
Zienzu
Ziewadamai
Zie
Zigida
Zigli
Zigri
Zikehta
Zikepa
Ziketa
Zike
Zikita
Zilebli
Zile
Zilikai
Zilimen
Zimgbo Town
Zimgbo
Zimi
Zimmy
Zinakopa
Zinalomai
Zina Number 1
Zina Number 2
Zina Number One
Zina Number Two
Zinc Camp
Zinc Camp
Ziniwehn
Zinta
Ziohnbli
Ziohn Town
Ziohn
Zionzoegabli
Ziota
Zio Town
Zioua
Ziounbli
Zlatisohn
Zleh Town
Zle Town
Zle
Zlogohn
Znatu
Zobabli
Zoba
Zoblema
Zoble
Zobli
Zoblum
Zobohn
Zodika
Zodoke
Zodowi
Zodru
Zodu Kadai
Zodukadoi
Zodu
Zoe
Zogabli
Zoga
Zogboja
Zogle
Zogone
Zogowe
Zogowi
Zohnbol
Zohnli
Zohn
Zohulong
Zoiesome
Zoisome
Zoi
Zoi
Zoi
Zokehn
Zokeren
Zokpozea
Zolaba
Zolagbatuo
Zolami
Zologbatuo
Zolokehn
Zolopa
Zoloplei
Zolople
Zolota
Zolowi
Zolowo
Zomai
Zomo
Zona
Zonbli
Zondobli
Zong
Zonthlo
Zontlop
Zonto
Zontuo
Zonzi
Zonzo Town
Zooloapa
Zoon
Zope Town
Zopita
Zoradee
Zordee
Zorgbari
Zorgowee
Zormai
Zortaple
Zorzor
Zotaple
Zoto
Zoum
Zou
Zowienta
Zown Town
Zoyepa
Zozohn
Zozoma
Zozowoa (1)
Zozowoa (2)
Zozowoa Number 2
Zozowoa Number Two
Zozo
Zuabli
Zualay
Zuami
Zuani (2)
Zuani Kolinyindo
Zuani Kpeima
Zuani Kpeimma
Zuani Number 2
Zuani Number Two
Zuani
Zua Town
Zuãtuo Toai
Zua Tuo
Zuawolota
Zuaya
Zua
Zubaba Town
Zubata
Zuehzar Town
Zuei
Zugabli
Zugba
Zugba
Zuie
Zuiuapa
Zui
Zulapei
Zulaplei
Zulata
Zuleta
Zule
Zuliye
Zuli
Zulota
Zulowie
Zulowi
Zulu Hills
Zuluta
Zuluyee
Zuluye
Zuluyi
Zuntuo
Zuodamai
Zuolape
Zuolata
Zuolay
Zuole
Zuoli
Zuolota
Zuoplay
Zuorle
Zuormai
Zuotuo
Zuo
Zuo
Zuwolota
Zuwulota
Zuwulo
Zuyatro
Zuzohn (1)
Zuzohn (2)
Zuzoma
Zwadhru
Zwedru
Zwiata
