Abebe
Abele
Alwyns Kop
Baroaneng
Berea Hills
Berente
Blue Gums
Blue Gums Store
Bokatis Store
Bokong
Bolepeletsa
Bolumatau
Boqate
Botsabelo Asylum
Botsabelo
Brakfontein
Butha-Buthe
Cana
Chere
Cheri
Chete
Choatlella
Corn Exchange
Cutting Camp
Dibuno's
Dikupa
Dilli Dilli
Dinkung
Emmaus
Fako
Fako's
Fako Store
Fort Hartley
Fosi
Foso
George
Griffiths
Hangers Drift
Ha Nohana
Helehehle
Hellspoort
Hellspoort Store
Helspoort
Hendriks
Hermon
Hill Top
Hlakametas
Hlakametsa
Hlakametsas
Hlakanelo
Hlotse Camp
Hlotse
Hobsons
Jaele
Jael
Joel
Joels Drift
Joels
John Matsaba
Jonathan
Jonathans
Kala
Kalo
Kalokuni
Kaphe
Kapi
Kelechane
Kena
Kepi
Khabos
Khalechane
Khamolane
Khetisas
Khitsane
Khotsa
Khotsi
Khotsis
Khukhune
Khukuhune
Koadi
Koali
Koeneng
Kojoa
Kokodia
Kokolia
Kolo
Kolonyama
Koro-Koro
Kubung
Kueneng
Kwening
Kwepe
Laoti
Lebingwanas Cattle Post
Ledingwana's Cattle Post
Lehloenyas
Lehlohonolo
Lehlonia
Lejone
Lekhoa
Lekhoa
Lekhoa
Lekhoatsas
Lekhooa
Leklatsa
Lekoatsa
Lekokoaneng
Lepatsa
Leribe
Lersuelas
Letseng-la-Draai
Letseng-la-Terae
Letsie
Letsika
Letsikas
Leutsoa
Libono
Libono's
Likhakeng
Likhoele
Likolojane
Likotsi
Likupa
Liphakoeng
Liphateng
Lipolisa
Lirahalibonoe
Litsilong
Loutsa
Lower Qeme
Mabotse
Mabotsi
Machekoaneng
Madibe
Mafeteng
Maghaleen
Maghalleen
Mahatlames
Mahatlane
Mahatlanes
Mahlakoanas
Mahlatsas Nek
Mahloenyeng
Majatla
Makadinyane
Makakaitsa
Makati
Makhaketsa
Makhalaneng
Makhalanyane
Makhalanyanes
Makhaleng
Makhinas
Makhoas
Makhoate
Makhoathi
Makoalis
Makojang
Makoyang
Makuaes
Malaleng
Malealea
Malibe
Mamathe
Mamathes
Mamati
Manama
Mankimane
Mantoetsi
Mantsa
Mantsebo
Maphutseng
Mapoteng
Mapotu
Maputseng Store
Maputsoe
Marakabei
Marakabeis
Maseru
Mashai
Masilo
Masiribani
Masite Nek
Masitise
Masoeling
Massabiella
Masupha
Matbang
Matedile Store
Mateka
Matekas
Matela
Matelas
Matelile
Mathokoane
Matsaba
Matsaile
Matsieng
Matsohani
Mazenod
Mekading
Mekaling
Metolong
Modiboea
Mofoka
Mofokas
Mohale's Hoek
Mohlafateng
Mohlakoanas
Mohlakwana
Mohlanapeng
Mohlehli
Moitsupelis
Mojela
Mokema
Mokemas Store
Mokhalinyane
Mokhathis
Mokhotlong
Mokibinyani
Moklepu
Mokoeng
Mokomane
Mokonyane
Mokoroane
Mokotoko
Mokunyane
Molaoa
Molao
Molefis
Moletsane
Moletsanes
Moletsane's Store
Moletsane's Store
Moletsani Store
Moliboeas
Molomo
Molomos Hoek
Molumong
Monaheng
Monantsa
Monyake
Monyaki
Mopoto
Morameng
Morife
Morife Store
Morifi
Morija
Morunyaneng
Mosala
Mosalas
Mosekuwa's Store
Mosetlas
Mosetle
Motanyane
Motloang
Motsekuoa
Motsekuoas
Motsie
Mount Moorosi
Mount Moroosi
Moyeni Camp
Moyeni
Mpharane
Mphoto
Mpite
Mpiti
Mpobong
Mutlanyane
Nako
Naku
Na Nohama
Neni
Nkata
Nkeleng
Nkesi
Nthamaha
Nthodimonate
Ntilane
Ntlama
Ntlamas
Ntsane
Ntsi
Numolani
Nyakosoba
Nyane
Old Mohales Hoek
Old Mohales Hoek Store
Palama
Patrick
Peete Molapo
Peka
Peka
Petlane
Phafoli
Phafudi
Phamong
Phatso
Phoofolo
Phoofolo's
Pitseng
Pitseng
Pufulo
Qaba
Qacha's Neck
Qachasnek Camp
Qachas Nek Camp
Qacha's Nek
Qacha's Nek Residency
Qalaheng
Qamako
Qhoobeng
Qiloane
Qomoqomong
Quthing
Rafolatsana
Rafolatsane
Rakotoane
Rakoto
Raleqheka
Raleqika
Ramabitsa
Ramahleas
Ramahleos
Ramapepe
Ramatsediso
Ramatseliso
Ramoihloe Store
Ramosoeu
Ramosueu
Ranko
Rantolo
Rasebetsana
Rasebetsane
Rasekilas
Ratau
Reisi
Ribaneng
Richard
Riet Vlei
Rietvlei Store
Roma Mission
Roma
Saint Anne of Auray
Saint John Baptist
Saint Joseph's
Saint Patrick
Schoolplaats
Seapa
Seetsas
Sefikeng
Seforong
Sehlabathebe
Sehlo
Sehonghong
Sekake
Sekakes
Sekameng
Sekoala
Sekoalas
Sekoke
Sekwale
Selomas
Selomo
Selomos
Senekal
Senekals
Senekane
Sepanies Gate
Sepapo's
Sepapus Gate
Sepechele
Sephapos Gate
Serutle
Serutli Store
Seshophe
Setleketseng
Setleketseng
Setleketsing
Seutloali
Sibi Sibi
Sikaki
Siloe
Sinxondo
Sishupi
Tabola
Tajane
Tapisi
Tau
Tayane
Teba
Terae
Teyateyaneng
Thaba Bosigo
Thaba Bosiu
Thabana Morena
Thabaneng
Thaba Putsoa
Thaba-Tseka
Thabatsoeu
Thakabannas Cattle Post
Thakabannas
Thakabanna
Theba
Theetsoa
Thekos
Theko
Theko
Thokoa
Tholo
Tholo
Thulo
Tikoe
Tlalis
Tlali
Tlhakanelo
Tlokoeng
Toloane
Tosing
Tsa Kholo
Tsehlos
Tsehlo
Tseka
Tsiame
Tsikoane
Tsime
Tsius
Tsiu
Tsoelike
Tsoloane
Tsoloani
Tsupane Gate
Tsupani Gate
Umtamana
Upper Qeme
Van Roiyan's Gate
Van Rooyens Gate
White Hill
