Abaclia
Abakliya
Abaklydzhaba
Achendorf
Acui
Acui de Jos
Acui de Mijloc
Acui de Sus
Adjiler
Afanasievca
Afanas'yevka
Afumati
Afumats'
Agronomovca
Agronomovka
Agronomul
Akendorf
Akuy
Akuy Nizhniy
Akuy Sredniy
Alauat
Alaut
Alava
Albina
Albinets
Albinetul Nou
Albinetul Vechi
Albinita
Albinitsa
Albota
Albota de Jos
Albota de Sus
Alcedar
Alchedar
Alchedary
Aleksandren'
Aleksandreni Noua
Aleksandreni-Tyrg
Aleksandren' Nouy
Aleksandreny
Aleksandreny
Aleksandreny
Aleksandreny
Aleksandreshti
Aleksandreshty
Aleksandreshty
Aleksandriya
Aleksandrofel'd
Aleksandrovka
Aleksandrovka
Aleksandrovka
Aleksandrovka
Aleksandrovka
Aleksandrovka
Aleksandrovka
Aleksandrovsk
Aleksandru Chel Bun
Aleksandru chel Bun
Aleksandru-chel-Bun
Aleksandru Ioan Kuza
Aleksen'
Alekseni
Alekseyevka
Alekseyevka
Alekseyevka
Alekseyevka
Alekseyevka
Aleksiyen'
Aleksiyen'
Aleksiyen'
Alexanderfeld
Alexandra
Alexandreni
Alexandreni
Alexandrenii Noi
Alexandreni Târg
Alexandresti
Alexandresti
Alexandrovca
Alexandrovca
Alexandrovca
Alexandrovca
Alexandrovca Noua
Alexandru cel Bun
Alexandru cel Bun
Alexandru Ioan Cuza
Alexcieni
Alexeeni
Alexeevca
Alexeevca
Alexeevca
Alexeevca
Alexeieni
Alexeuca
Aluat
Aluatu
Aluatul
Alunis
Alunish
Andreevca
Andreevca
Andreyashevka
Andreyevka
Andreyevka
Andriasevca Noua
Andriasevca Veche
Andrusha-de-Zhos
Andrusha Verkhnyaya
Andrushu
Andrusu de Jos
Andrusu de Sus
Andrusul de Jos
Andrusul de Sus
Anenii Noi
Anenii Noui
Aneni Nouy
Aneny
Anfisovka
Anin
Anini
Antineni
Antonen'
Antonen'
Antonesht'
Antoneshty
Antonesti
Antonesti
Antoneuca
Antonovca
Antonovca
Antonovka
Antonovka
Antonovka
Antonovka
Antonovka
Arianeshty
Arionesht'
Arioneshty
Arionesti
Arkhiyereyskiy
Armanca
Armanka
Artemonovka
Artimonesti
Artimonovca
Artimonovka
Asnaseni
Asnashany
Asnashen'
Asnasheny
Ataki
Atavaska
Atavaska-Bîc
Avdarma
Avramen'
Avrameni
Avrameny
Bacani
Baccealia
Bachkaliya
Bachoy
Bachoyu
Bachushka
Bâcioc
Bacioi
Bacioii Noi
Bacioiu
Bacseni
Badiceni
Badichani
Badichany
Badichen'
Badicu
Badicul
Badicul Moldovenesc
Badicul Rusesc
Badicu-Nou
Badiko-Moldavan
Badiko Moldavanskoye
Badiko-Russkoye
Badiku
Badiku Moldavskoye
Badradzhi-Vek'
Badragii Noi
Badragii Vechi
Badragii-Vechi
Badyku-Moldavskoye
Badyku-Novoye
Badyku-Russkaya
Badyku-Russkoye
Bagragii Vechi
Bagrinesht'
Bagrineshti
Bagrineshty
Bagu
Bahmut
Bahmutea
Bahrinesti
Bahu
Baimaclia
Baimaclia
Bairamcea
Baius
Bakancha-Skit
Bakchaliya
Bakhmut
Bakhmutka
Bakhu
Baksan'
Baksany
Bakshen'
Baksheni
Baksheny
Balaban
Balabanesht'
Balabaneshty
Balabanesti
Balabanu
Balabany
Balahanesht'
Balan
Balanesht'
Balaneshty
Balanesti
Balani
Balanui
Balanul Nou
Balanu Nou
Balanu Vechi
Balany
Balasesti
Balasesti
Balasheshty
Balasheshty
Balashet'
Balasineshti
Balasineshty
Balasinesti
Balatina
Balauresht'
Balaureshty
Balauresti
Balcauti
Balceana
Balchana
Balchan
Balinti
Balintsy
Balkauts De Zhos
Balkautsy
Balmaz
Balotina
Baltata
Baltata de Sus
Baltati
Balti
Baltsata
Baltsats
Baltsun
Baltsy
Baneshti
Baneshti-Nou
Baneshti-Nouy
Baneshty
Banesti
Banestii Noi
Barabay
Baraboi
Baraboy
Barancha
Barancha-Moskovey
Barboieni
Barboyany
Barboyen'
Barboyeny
Barcareni
Bardar
Bardaru
Barkaren'
Barkarovka
Barladen'
Barladeni
Barlyadyany
Bârnova
Baroncea
Baroncea Noua
Baroncha
Basarabca
Basarabeasca
Bascalia
Basheny
Bashkaliya
Bashkany
Batâc
Batâr
Batîc
Batîr
Batyk
Batyr
Baurchi
Baurchi
Baurchi Moldavan
Baurchi-Moldovan
Baurchi-Moldoven'
Baurci
Baurci
Baurci-Moldoveni
Baurci-Moldoveni
Baxani
Baymakliya
Baymakliya
Bayusha
Bayush
Bechioyu
Belani
Beleshty
Beleuti
Beleutsy
Belichany
Beliesti
Beliyesht'
Beloche
Belochi
Beloci
Beltsi
Bel'tsy
Belyavintsy
Bendary
Bender
Bendery
Beresht'
Bereshty
Beresti
Berëzki
Berezlodzh'
Berezlodzhi
Berezlogi
Berezlozh
Berezlozhi
Berezovca
Berëzovka
Bergdorf
Beriozchi
Berlinti
Berlintsy
Besalma
Besghioz
Beshalma
Beshen'
Besh-Gios
Beshgioz
Beshtemak
Beshtymak
Beshtymik
Bessarabka
Bessarabka
Bessarabskaya
Bessarabskiy
Bestemac
Bezeda
Bezen
Bezeni
Bezeny
Bezeny
Bezin
Bibletichi
Bîc
Bîcioc
Bieloc
Bielocz
Biesti
Biliceni
Bilicenii Noi
Bilicenii Vechi
Bilichen'
Bilicheni
Bilicheniy-Noy
Birladeni
Bîrnova
Biruinta
Biruintsa
Biruintsa
Biscotari
Bisericani
Bisericuta
Bisericuta-de Jos
Bisericuta-de Sus
Biserikan'
Biserikany
Biserikucha-Nizhnyaya
Biserikutsa Nizhnyaya
Biserikutsa Verkhnyaya
Bishkotar'
Bishkotary
Bisserikany
Biyesht'
Biyeshty
Bleshtenautsy
Bleshten'
Bleshteni
Bleshteny
Blesteni
Bliceni
Blijnii Hutor
Blindeshty
Blindesti
Blizhniy Khutor
Blumental
Blyumental'
Bobeica
Bobeyka
Bobletich'
Bobletichi
Bobletici
Bobulesht'
Bobuleshty
Bobulesti
Bocancea-Schit
Bocani
Bochkautsy
Bocicauti
Bocsa
Bodany
Bodeni
Bodichany
Bogdaneasa Veche
Bogdaneasca-Noua
Bogdaneasca-Veche
Bogdaneni
Bogdanesht'
Bogdaneshty
Bogdanesti
Bogdanovca
Bogdanovca Noua
Bogdanovca Veche
Bogdanovka
Bogdanovka
Bogdanyaska Noua
Bogdanyaska-Veke
Bogen'
Bogeni
Bogeni-Nou
Bogeny-Nouy
Boghenii Noi
Boghenii Vechi
Boghiceni
Bogichany
Bogichen'
Bogicheny
Bogzesht'
Bogzeshty
Bogzesti
Bokan'
Bokancha-Skit
Bokani
Bokany
Boksha
Bolagureshty
Bolboaka
Bolbochi
Bolbochi-Vek
Bolbochiy
Bolbocii Vechi
Bolboka
Bol'boki
Bolchana
Bolchany
Boldureshti
Boldureshty
Bolduresti
Bolgarskaya Koloniya
Bologan'
Bologani
Bologany
Bolohan
Bolotina
Bolotino
Bol'shaya Kashtangaliya
Bol'shaya Kazhdangliya
Bol'shaya Kiseliya
Bol'shaya Kisiliya
Bol'shiye Asnashany
Bol'shiye Asnasheny
Bol'shiye Kotyuzhany
Bol'shoy Fontan
Bol'shoy Girtop
Bol'shoy Molokish
Boltsun
Boltun
Bondareuca
Bondarevka
Borceag
Borchag
Borchak
Borisyany Novyye
Borladyany
Borogani
Borogany
Boroseni
Borosenii Noi
Boroseny
Borosheni
Borosheni-Nouy
Bosca
Boscana
Bosernita
Boshernitsa
Boshkana
Boska
Botanika
Botnaresht' Veke
Botnareshty
Botnaresti
Botnarestii Noi
Botnarestii Vechi
Botocheny
Botushany
Bovletich'
Boyanka
Boyukany
Bozieni
Boziyen'
Boziyeni
Boziyeny
Braicau
Braila
Braneshty
Braneshty
Branesti
Branesti
Branishta
Branishtya
Branistea
Braniste
Brânza
Brânzeni
Brânzeni
Brânzenii Noi
Brânzenii Vechi
Bratianovca
Bratiyanovka
Bratulen'
Bratuleni
Bratuleny
Bratulyany
Bratuseni
Bratusenii Noi
Bratushany
Bratushen'
Brat'yanovka
Bravicea
Braviceni
Bravicha
Bravichany
Bravichen'
Bravicheni
Bravicheny
Bravichi
Bravitsa
Braykeu
Braykovo
Breanova
Brejeni
Bretusheniy-Vek'
Brezen'
Brezhen'
Brezheny
Brezoaia
Brezoaja
Brezoaya
Brezok
Brezoya
Briceni
Briceni
Briceni-Târg
Briceva
Brichany
Brichany
Brichen'
Bricheni Sat
Brichen' Sat
Bricheva
Brînza
Brînzeni
Brînzeni
Brînzenii Noi
Brînzenii Vechi
Broasca
Broasca
Broaska
Broscari
Broshtyany
Broska
Broskoseshty
Brosteni
Brushteny
Bruslachi
Bruslaki
Bryanova
Bryanovo
Brynza
Brynzen'
Brynzeni
Brynzeni-Nou
Brynzeni Nouy
Brynzeni-Vek'
Brynzeny
Brynzeny
Brynzyany
Bubueci
Bubuieci
Bubuyech'
Bubuyechi
Buchiumeni
Buchumen'
Buchumeny
Buchumyany
Buchushka
Buciumeni
Buciusca
Bucovat
Bucuria
Buda
Budai
Budai
Budai
Budai
Bude
Budei
Budei
Budesht'
Budeshti
Budeshty
Budesti
Budey
Budey
Budey
Budey
Budzhak
Buga
Bugeac
Buhna
Buicani
Buiucani
Bujor
Bujoru
Bukhna
Bukhta
Bukuriya
Bulaesti
Bulaiesti
Bularda
Bulayeshty
Bulboaca
Bulboaca
Bul'boaka
Bulboaka
Bulbochi
Bulboci
Bulbocii Noi
Bul'boka
Bul'boki
Buleyeshti
Bulgak
Bulgak
Bulgari
Bulgarika
Bulhac
Bulhac
Bulzesht'
Bumbata
Bumbota
Buneti
Bunets
Burgela-Soch'
Burgelya
Burghelea
Burlacelu
Burlaceni
Burlachany
Burlacheny
Burlacu
Burlacul
Burlaki
Burlaneshti
Burlaneshty
Burlanesti
Burshteny
Bursuc
Bursuc
Bursuceni
Bursuchen'
Bursucheny
Bursuk
Bursuk
Burtovca
Burtovka
Busauca
Buschi
Bushila
Bushili
Bushovka
Bushtile
Busila
Bus'ki
Busovca
Buteni
Butesht'
Buteshti
Buteshty
Butesti
Butor
Butory
Butseni
Butseny
Butuceni
Butuceni
Butuceni
Butuchany
Butuchen'
Butucheny
Butucheny
Buzdugani De Zhos
Buzduganii de Jos
Buzduganii de Sus
Buzdugeni
Buzduzhany
Buzduzhen'
Buzhor
Buzhoru
Buzhory
Bychek
Bychok
Byelcy
Bykovets
Byrladyany
Byrnova
Byrnovo
Cabaiesti
Caetu
Cahul
Caiet
Câietu
Cainari
Cainarii Vechi
Cairaclia
Cajba
Calarasauca
Calaraseuca
Calarasi
Calarasi-Targ
Calarasovca
Calfa
Calfa Noua
Calibabovca
Calimanesti
Calinesti
Calinovca
Calmatui
Calugar
Camenca
Camenca
Camencea
Camencuta
Câmpeni
Câmpul Drept
Cania
Cantemir
Capaclia
Capaclia-Razesi
Caplani
Capresti
Capresti-Sat
Capresti-Targ
Capriana
Carabateni
Carabeteni
Carabetovca
Cara-Biber
Carabiber
Caracui
Caracusenii Noi
Caracusenii Vechi
Caragas
Cara Hasan
Carahasani
Caraiman
Carbalia
Carbalia Noua
Carbuna
Carbuna
Cardas
Cârlani
Carmanova
Carnateni
Carnatenii Noi
Carnesti
Carpesti
Carpineanca
Carpineni
Cartuse
Carul Frumos
Cascalia
Casla
Casla
Caslita-Prut
Casunca
Cataleni
Cateleni
Caterinovca
Catranîc
Catun Vulcanesti
Causanii-Noui
Causanii-Vechi
Causani-Novi
Causeni
Cazaclia
Cazaclia
Cazanesti
Cazangic
Ceadâr
Ceadâr-Lunga
Ceadîr
Ceadîr-Lunga
Cealîc
Ceapaevca
Cecur Mengir
Cecur Menjir
Cenac
Centru
Cenusa
Ceparia
Cepeleuti
Cerlina
Cernita
Cernita
Cernoleuca
Ceroborta
Cetâreni
Cetireni
Chabalakchia
Chadyr
Chadyr-Lunga
Chalyk
Chanak
Chapayevka
Chebalakchiya
Chebanka
Chebanovka
Chebanovka
Chebolakchiya
Chebruch
Chebruchi
Chebruchi
Chegoren'
Chegoreny
Chekolteny
Chekur-Menzhir
Chekur-Minzhir
Cheltuitori
Chenak
Chenusha
Chepariya
Chepeleuts'
Chepeleutsy
Cheperiya
Cherepkov
Cherepkovo
Cherlina
Cherna
Chernaya
Chernenko
Chërnitsa
Chërnitsa
Chërnitsy
Chernoleuka
Chernolëvka
Cheroborta
Chersac
Cheshmekëy
Cheshmskëy
Chetris
Chetrisul Nou
Chetroasa
Chetroseni
Chetrosenii Noi
Chetrosenii Vechi
Chetrosica Noua
Chetrosica Veche
Chetrosu
Chetrosu
Chetrosul
Chetyreny
Chetyryany
Chigerleny
Chigirlen'
Chigirleni
Chigirleny
Chigoryany
Chigyrlyany
Chikur
Chilisoaia
Chimishen'
Chimisheni
Chimisheny
Chimishliya
Chinisheuts'
Chinisheutsi
Chinisheutsy
Chinishevtsy
Chinsheutsy
Chioburchyu
Chiolkylkeni
Chioselia
Chioselia Mare
Chioselia Mica
Chioselia Mica
Chioselia Rusa
Chiperceni
Chipesca
Chiraesti
Chirca
Chircaesti
Chircaiesti
Chircaiestii Noi
Chircani
Chirianca
Chiriet-Lunga
Chirileni
Chirileni
Chirileni
Chirilovca
Chirilovca
Chiripkeu
Chiriutnea
Chiriykeu
Chirov
Chirpiti
Chirsev
Chirsova
Chirutnea
Chiscareni
Chiselari
Chishlikioi
Chishma
Chishmikioy
Chishmya
Chishmy
Chisinau
Chisma
Chistelnita
Chitcani
Chitcanii Noi
Chitcanii Vechi
Chitiren'
Chitireni
Chiurt
Chizelari
Choara
Chobalakchiya
Chobana
Chobanka
Chobolakchiya
Chobolokchiya
Chobruchi
Chobruchi
Chobruchu
Chobruchu
Chofu
Chokany Noua
Chok-Maydan
Chok-Meydan
Chokolten'
Chokolteni
Chokyltyany
Cholak
Cholaku-Nou
Cholaku-Vek'
Choplen'
Chopleny
Chora
Choresht'
Choreshty
Choritsa
Chorna
Chornitsa
Choropkani Nouy
Choropkani Vek'
Choropkany
Chory
Chubara
Chuchelyany
Chuchuleny
Chuchulya
Chuchulyany
Chuchuyen'
Chuchuyeni
Chuchuyeny
Chuflesht'
Chufleshty
Chukur
Chukur-Kardash
Chukur-Minzhir
Chukur-Mishen'
Chulukan'
Chulukany
Chuluk
Chumay
Chumay Vanino
Chumay-Vanino
Chuteshty
Chutulesht'
Chutuleshti
Chutuleshty
Chygerleny
Chyuchyuleni
Cigâreni
Cighirleni
Cighirleny
Cigîrleni
Cihoreni
Cîietu
Cimiseni
Cimislia
Cîmpeni
Cîmpul Drept
Ciniseuti
Cioara
Ciobalaccia
Ciobana
Ciobanca
Ciobanovca
Ciobanovca
Ciobanovca
Cioburciu
Cioburciu
Ciocalteni
Ciocana
Ciocîlteni
Cioc Maidan
Cioc Meidan
Ciofu
Ciolacu Nou
Ciolacu Vechi
Ciopleni
Ciorâta
Ciorescu
Cioresti
Ciorna
Cioropcani
Cioropcanii
Cioropcanii Noui
Cioropcanii Vechi
Ciripcau
Ciripeau
Cirlaneni
Cirnateni
Cirnatenii Noi
Cirnesti
Cirpesti
Cisla
Cisla
Cislita-Prut
Cismea
Cismichioi
Ciubara
Ciuciuieni
Ciuciulea
Ciuciuleni
Ciuciuleni
Ciucureni
Ciucur-Mingir
Ciuflesti
Ciulucani
Ciuluc
Ciumai
Ciumai Vanina
Ciutesti
Ciutulesti
Cîzlar
Climauti
Climautii de Jos
Cliscauti
Cliscauti
Clisova
Clococenii Vechi
Clocusna
Cneazevca a Doua
Cneazevca
Cneazevca Intaia
Coada Iazului
Cobaesti
Cobâlca
Cobalea-Veche
Cobâlnea
Cobani
Cobasna
Cobîlea
Cobîlnea
Cobusca Noua
Cobusca Veche
Cocieri
Cociulia
Cociulia Noua
Cocoara
Codreanca
Codreni
Codreni
Codrenii Noi
Codru
Codru
Codrul Nou
Cogâlniceni
Cogîlniceni
Coicova
Cojusna
Colibabovca
Colibasi
Colicauti
Colonita
Colosova
Comarovca
Comisarovca Noua
Comrat
Condratesti
Condrita
Congazcicul de Jos
Congazcicul de Sus
Congaz
Constantinesti
Constantinesti
Constantinesti-Nou
Constantinovca
Constantinovca
Constantinovca
Copaceanca
Copaceni
Copanca
Copceac
Copceac
Copcui
Coporani
Corbu
Corbul
Corcmaz
Corestauti
Corjeuti
Corjova
Corjova
Corlateni
Cornesti
Cornesti
Cornova
Coroliovca
Coropceni
Corotna
Corpaci
Corten
Cortenul Nou
Cortinul Nou
Cosarnita
Cosauti
Coscalia
Coscodeni
Coseni
Cosernita
Cosernita
Cosmenii Noui
Cosnita
Cosnita Noua
Costangalia
Costangalia
Costesti
Costesti
Costesti
Costiujeni
Costuleni
Cot
Cot
Coteala
Cotihana
Cotiugenii Mari
Cotiugenii Mici
Cotiugeni Mari
Cotiujeni
Cotiujenii Mari
Cotiujenii Mici
Cotova
Cotovca
Cotovca
Cotovscoe
Cotovscoe
Cotul Morii
Cotu Morii
Covurlui
Cozesti
Craciun
Crasna
Crasnaia Besarabia
Crasnaia Bessarabia
Crasnaia Gorca
Crasnaseni
Crasnencoe
Crasnenicoe
Crasnîi Octeabri
Crasnîi Vinogradari
Crasnoarmeiscoe
Crasnoe
Crasnogorca
Crasnoseni
Cremenciug
Cremenciug
Cretoaia
Cricova
Crihana
Crihana
Crihana Noua
Crihana Veche
Criscauti
Cristesti
Criuleni
Criva
Crocmaz
Cruglic
Cruzesti
Cubani
Cubolta
Cucioaia
Cucioaia Noua
Cucoara
Cuconestii Noi
Cuconestii Vechi
Cuconesti Vechi
Cucuetii Vechi
Cucuietii Noi
Cucuietii Vechi
Cucuruzeni
Cucuruzenii de Sus
Cuhnesti
Cuhurestii de Jos
Cuhurestii de Jus
Cuhurestii de Sos
Cuhurestii de Sus
Cuizauca
Cuizovca
Cunicea
Cupcini
Cupcui
Cuporani
Curatura
Curaturi
Curchi
Cureni
Curesnita
Curesnita Noua
Curluceni
Cursestii din Vale
Curtoaia
Cuselauca
Cusmirca
Cuza-Voda
Cuza Voda
Cuzmenii Noi
Cuzmenii Vechi
Cuzmin
Dahnovici
Dakhnovich
Dakhnovichi
Dalakeu
Dalinovici
Damascani
Danceni
Danchen'
Dancheni
Dancheny
Dancu
Dângeni
Dan'ka
Danku
Danu
Danul
Danul Staryy
Danul Vechiu
Danul-Vek'
Danul Veke
Danul Veki
Danuteni
Danutsany
Danutsen'
Danutseny
Darcauti
Darcautii Noi
Darkauts'
Dascova
Deduleshti
Deduleshty
Dedulesti
Delacau
Delacau
Delacheu
Delakeu
Delakey
Dement'yevka
Denevita
Denevitsa
Denzhany
Dereneu
Derenev
Derkautsy
Dermedzh'
Dermedzhy
Dermengi
Dermenzhi
Desghinge
Deshinge
Dezghingea
Dezghinge
Dezgindzhe
Dezginzha
Dezginzhe
Dimitrova
Dimitrova
Dimitrova
Dimitrovca
Dimitrovka
Dimitrovka
Dîngeni
Discova
Djoltai
Dmitriyevka
Dmitrovo
Dnestrovsc
Dnestrovsk
Dobrodzhena Nouye
Dobrodzhena Novaya
Dobrogea
Dobrogea Noua
Dobrogea Veche
Dobrusa
Dobrusa
Dobrusha
Dobrushka
Dobruzha
Doibani 1
Doibani 2
Doibani al Doilea
Doibani Doi
Doibani Primul
Doibani Unul
Doina
Dolinnoe
Dolinnoye
Dolna
Doltu
Domashkany
Dombrovani
Dombroven
Dombroveni
Dominten'
Dominteni
Dominteny
Domniy
Domoluzhany
Domulgeni
Domulugeni
Domuluzhany
Domuluzhen'
Domuluzheni
Domuluzheny
Dondusani
Donduseni
Dondushen'
Dondyushany
Donich
Donici
Dorotcaia
Dorotskoye
Dorotsnoye
Doyban'
Doybany
Doybany Pervyye
Doybany Purvyye
Doybany Vtoryye
Doyna
Draganesht'
Draganeshti
Draganeshty
Draganesti
Dragoneshty
Draguseni
Draguseni
Dragusenii Noi
Dragusenii Noui
Dragusenii Vechi
Dragusheni Nouy
Dragusheni Vek'
Dragushen'-Nouy
Dragusheny
Dragusheny
Dragusheny-Nouy
Dragusheny Staryye
Drasliceni
Draslicheny
Dregeneshti
Drenkovtsy
Drepcauti
Drepkautsi
Drepkautsy
Drepkovtsy
Dreslichen'
Drochia
Drojdieni
Drokiya
Drokiya Sat
Droslicheny
Drozhden'
Drozhdiyany
Drozhdiyeny
Druitory
Drujba
Drujineni
Druta
Drutsa
Druzhba
Druzhineny
Druzhniyen'
Dubasar'
Dubasari
Dubasari
Dubasarii Vechi
Dubau
Dubedzy
Dubesani
Dubesar'
Dubna
Dubno
Dubodzy
Dubosari
Dubossary
Dubossary
Duboudzy
Dubova
Dubovca
Dubovka
Dubovo
Dudesti
Duduleshty
Dudulesti
Dumbraveni
Dumbraveny
Dumbraveny
Dumbravita
Dumbravitsa
Dumbrevitsa
Dumbrovista
Dumbrovitsa
Dumen'
Dumeni
Dumeny
Dumitreni
Dumitresht'
Dumitreshti
Dumyany
Dunduc
Dunduk
Duritoarya Noua
Duritoarya Veke
Durlesht'
Durleshty
Durlesti
Duruitoarea
Duruitoarea Noua
Duruitor
Duruitory
Dushka
Dushman'
Dushmany
Dusmani
Dynzhany
Dyshkova
Dyshkovo
Dzerjinscoe
Dzerzhinskoye
Dzhamana
Dzhamany
Dzhamena
Dzhigalboy
Dzholtay
Dzhurdzhulesht'
Dzhurdzhuleshti
Dzhurdzhuleshty
Dzhurzhuleshty
Ecaterineanca
Ecaterinovca
Echimauti
Edinet
Edinita
Edinita-Targ
Ediniti
Egoreni
Egorovca
Eichendorf
Elenovca
Elisaveta
Elizaveta
Elizavetovca
Elizavetovca
Elizavetovka
Emental'
Emmental'
Enachesti
Enichioi
Epureni
Ermaclia
Ermoclia
Etulia
Etulia Noua
Etuliya
Evghenievca
Eykhendorf
Ezârenii Vechi
Ezerenii Vechi
Fadigovo
Fagadau
Fagadau
Fagadau
Fagadeo
Fagader
Fagureni
Falesht'
Faleshty
Falesti
Falestii Noi
Fantanita
Farladani
Farladani
Farladany
Farladen'
Farladeni
Farladeny
Farladyany
Fauresht'
Faureshty
Fauresti
Fedoreuca
Fedorovka
Fedoseevca
Fedoseyevka
Fegedeu
Fegedeu
Fegureny
Feleshti
Ferapapont'yevka
Feraponmovka
Feraponteanca
Ferapontianka
Ferapontievca
Ferapontivka
Ferapont'yevka
Ferapotyanka
Ferladany
Ferledani
Feshtelitsa
Festelita
Feteasca
Fetesht'
Feteshty
Fetesti
Fetita
Fetitsa
Fetyaska
Filipeni
Filipeny
Filippeny
Fintina Alba
Fintinita
Firladeni
Firladeni
Firladenii Noi
Fitinitsa
Flamanda
Flamanzeni
Flaminzeni
Flamynda
Flamynzen'
Flamynzeni
Flamynzeny
Flemenzeni
Flocoasa
Flokoasa
Floren'
Floren'
Floreni
Floreni
Floresht'
Floresht'
Floreshti
Floreshty
Floreshty
Floreshty
Floresti
Floresti
Floresti
Florica
Floriceni
Florichen'
Florichika
Floricica
Florika
Floritoaia Noua
Floritoaia Veche
Floritsoya Staraya
Floritsoyya Noua
Floritsoyya Veke
Flutura
Focsani
Fokshany
Fol""vark Tatarasheni
Frasinesht'
Frasineshty
Frasinesti
Frasin
Frasin
Frasino
Fratesht'
Frateshti
Fratesti
Frumoasa
Frumosa
Frumushika
Frumushika
Frumushika
Frumushika
Frumushika
Frumushika-Nouye
Frumusica
Frumusica
Frumusica
Frumusica
Frumusica
Frumusica Noua
Frunza
Frunza
Frunzauca
Frunze
Frunze
Frunzen'
Frunzeny
Frunzeshty
Frunzesti
Frunzovka
Fundoaya
Fund Saratsika
Fundu-Galbena
Fundu-Galben
Fundu-Galbina
Fundul Galbenei
Fundul-Galbeney
Fundul Galben
Fundul-Ialpugului
Fundul-Saratichei
Fundul Yalpuzhen'
Fundur'
Funduri
Fundurii Noi
Fundurii Vechi
Fundurile Noy
Funduri-Vechi
Fundury
Fundu Saratichei
Furceni
Furchen'
Furcheni
Furcheny
Fuzauca
Fuzovka
Fuzovka
Fyntyna Alba
Fyntyna-Albe
Fyntynitsa
Fyrladan'
Fyrladani
Fyrladeny
Fyrladyany
Fyrlandany
Gadzhikiyey
Gaidar
Gaidari
Galaseni
Galashany
Galashen'
Galasheny
Galava
Galbenita
Galbenitsya
Galesht'
Galeshty
Galesti
Galestii Noi
Galilesht'
Galileshty
Galilesti
Galoshnitsa
Ganaseni Di-Paduri
Ganaseni-Nou
Ganaseny de Pedure
Gancheshty
Ganchesty
Gandesti
Gangura
Gansk
Garaba
Gara Ghidighici
Gara Giber
Garagysh
Gârbova
Garbovat
Garesht'
Gareshti
Garmatskoye
Gartop
Gâsca
Gashpar
Gasnasheny
Gaspar
Gatmana
Gauren' De-Sus
Gauren'-de-Zhos
Gaureni
Gaureni
Gaurenii-de Jos
Gaurenii De Sus
Gaureny
Gaureny
Gauzen'
Gauzeni
Gauzeny
Gavanoasa
Gavanoasy
Gavanosy
Gavanozy
Gavrilesht'
Gavrilovca
Gavrilovka
Gaydar
Gaydary
Geamana
Geamana
Gechiu-Nou
Gechiu-Vek'
Gederim
Gelauza
Geltos
Geltossy
Gel'tosy
Gencheshtiy
General-Poetash
Gerbovets
Gerbovets
Geredeuka
Geredeyevka
Germanesht'
Germaneshti
Germaneshty
German
Gershunovka
Gertop
Gertop
Gertop
Gertop
Gertop-Mare
Gertop-Mik
Geshkureni
Gesnesheni
Gesnesheni Noy
Getlova
Getlovo
Getslova
Gevenoasa
Gevenoasa Noua
Geyska
Ghelauza
Gheltosu
Gheltosul
Ghermanesti
Gherman
Ghersunovca
Ghetlova
Ghibanu
Ghibanul
Ghica-Voda
Ghidighici
Ghidirim
Ghiduleni
Ghilavat
Ghiliceni
Ghincauti
Ghindesti
Ghioltosu
Ghirova
Ghizdita
Gibai
Giban
Gibany
Giderim
Gidigich
Gidigish
Gidignitsy
Gidirim
Gidulen'
Giduleni
Giduleny
Gigalboaia
Gika Vode
Gika-Vody
Gilichen'
Gilicheni
Gilicheny
Gilicheny
Giliuts'
Giliutsi
Gil'tos
Gindeshty
Ginkauts'
Ginkautsi
Ginkautsy
Gîrbova
Girbovets
Gircheshty
Girishen'
Girisheni
Girisheny
Girova
Girovo
Girtop
Gîsca
Giurgiulesti
Gizdita
Gizhdieny
Gizhdiyany
Gizhdiyany
Gizhdiyeny
Glavan
Glina Mare
Glina Mika
Glinara
Glindzhen'
Glindzhen'
Glindzheni
Glingeni
Glingeni
Glinjeni
Glinka
Glinna
Glinnaja
Glinnoje
Glinnoye
Glinoaya
Glinoya
Glinoye
Glinoye
Glinzhany
Glinzhen'
Glinzheni
Glinzheny
Glinzheny
Gloden'
Glodeni
Glodyany
Gluboaka
Gluboka
Glücksthal
Godzhineshty
Goian
Goian
Goianul Nou
Goianul Nou
Golen'
Goleni
Goleny
Golerkan'
Golerkany
Goleshty
Golibasi
Goloshnitsa
Goluboye
Golyany
Goraba
Gordinesht'
Gordinesht'
Gordinesht'
Gordineshti
Gordineshti
Gordineshty
Gordineshty
Gordinesti
Gordinesti
Gordinestii Noi
Goresht'
Goreshty
Goreshty
Gorodeshty
Gorodishche
Gorodishche
Gorodishche
Gorodishche
Gorodishte
Gorodishte
Gorodishtya
Gorodishtya
Gorodka
Gorodka
Goteshty
Gotesti
Gotestii Noi
Goyana Noua
Goyana Veke
Goyan
Goyan
Goyany
Gradeshte
Gradeshty
Gradinita
Gradishche
Gradishte
Gradishtya
Gradistea
Gradiste
Granaut
Granita Veche
Graseni
Gratiesti
Gratiyeshty
Gratsiyesht'
Greblesht'
Grebleshty
Greblesti
Greceni
Grechaky
Grechany
Grechen'
Grecheny
Gredinitsa
Gredishtya
Gremeshti
Greseny
Gribova
Gribovo
Grigorauca
Grigorauca
Grigoren'
Grigoren'
Grigoreni
Grigoreni
Grigoresti
Grigorievca
Grigoriopol
Grigoriopol'
Grigorovka
Grigorovka
Grigor'yevka
Grigoyeniy Noy
Grimancauti
Grimankauts'-Bayya
Grimankautsy
Grimeshty
Grimesti
Grinauti
Grinauti
Grinauti-Moldova
Grinauti-Raia
Grinauts'
Grinauts'
Grinautsi
Grinautsy
Grinautsy
Grinautsy-Moldova
Grinautsy-Raya
Grinoutsy
Grinoutsy-Raya
Gromadzeni
Grozasca
Grozaska
Grozeshti
Grozeshty
Grozesti
Groznita
Groznitsa
Grubna-Noua
Gruseva
Grusheva
Grushevo
Grushka
Guaryany
Gul'boaka
Gul'boaka
Gul'boka
Gul'boka
Gul'pesht'
Gura Bâcului
Gura Bîcului
Gura-Bikului
Gura-Bykuluy
Gura Cainairi
Gura Cainari
Gura Cainarului
Gura-Camenca
Gura Camencii
Gura-Galbena
Gura-Galbene
Gura Galbenei
Gura Galbeney
Gura-Galbeni
Guragalbina
Gura-Kainar'
Gura Kainaruluy
Gura-Kamencha
Gura Kamenchiy
Gura-Kamenka
Gura-Kaynar'
Gura-Kaynari
Gura-Kaynarskiy
Gura Kaynaruluy
Gura-Kaynary
Gura-Larga
Gura-Oituz
Gura Oytuz
Gura Oytuzuluy
Guro Larga
Gutul
Guzun
Gvozdova
Gvozdovo
Gynchesht'
Gynchesht'-Niorkan'
Gyndesht'
Gynkauts'
Gyrbova
Gyrbovets
Gyrbovo
Gyrchesht'
Gyrchesti
Gyrtop-Gasan
Gyrtop
Gyrtop
Gyrtop
Gyrtop
Gyrtop
Gyrtop
Gyrtop
Gyrtopul-Mare
Gyrtopul-Mik
Gyrzhauka
Gyrzhavka
Gyska
Gyzhdiyen'
Gyzhdiyen'
Gyzhdiyeni
Gyzhdlyeni
Hadarauti
Hagichioi
Hagichoi
Hagiesti
Hagimus
Hâjdieni
Hâjdieni
Halahora de Jos
Halahora de Sus
Hanaseni
Hanasenii de Padure
Hanasenii Noi
Hanasenii Noui
Hancauti
Hancesti
Hancestii Niorcani
Hansca
Hanul Vechi
Hanul Vechiu
Haraba
Haragas
Haragis
Harbovat
Harbovat
Harcesti
Haresti
Hârjauca
Harjau
Harmatca
Hartoape
Hârtop
Hârtop
Hârtop
Hârtop
Hârtop
Hârtop-Hasan
Hârtopu
Hârtopul Mare
Hârtopul Mic
Hasnasenii Mari
Hasnasenii Noi
Hatmana
Heciul Nou
Heciul Vechi
Heciu Nou
Heciu-Vechiu
Helesteni
Helestieni
Heredeuca
Heresti
Hidiutii Noi
Hîjdieni
Hîjdieni
Hiliuti
Hiliuti
Hiliutii Noi
Hincauti
Hincesti
Hincesti
Hirbovat
Hirbovatul Nou
Hirbovet
Hircesti
Hiriseni
Hîrjauca
Hirjau
Hirova
Hîrtop
Hîrtop
Hîrtop
Hîrtop
Hîrtop
Hîrtop
Hîrtop
Hîrtopul Mare
Hîrtopul Mic
Hitresti
Hligeni
Hlina
Hlinaia
Hlinaia
Hlinaia Mica
Hodginesti
Hoginesti
Holercani
Holosnita
Holosnita Noua
Homuteanovca
Horasti
Horesti
Horesti
Horjesti
Horodca
Horodca
Horodistea
Horodistea
Horodistea
Horodiste
Horodiste
Horodiste
Horodiste
Hristici
Hristoforovca
Hristovaia
Hrubna Noua
Hrusca
Hrusova
Hulboaca
Hulboaca
Huluboaia
Humulesti
Humulestii Noi
Hunsca
Hutul
Hutulu
Huzun
Iabloana
Iablona
Iablona Noua
Iablona Veche
Iacobstal
Iagara
Iagorlîc
Ialoveni
Ialpugeni
Ialpug
Iantarnoe
Iargara
Iarova
Iasnaia Poleana
Iavgur
Iepureni
Iezarenii Noi
Iezarenii Vechi
Ignatei
Ignatsei
Ignatsey
Ilascova
Ilashkova
Ilashkovo
Ileanca
Ilenevka
Ilenuta
Il'ichevka
Il'ichevka
Iliciovca
Ilineuka
Ilishova
Illiciovca
Il'yanka
Imeni Frunze
Imeni Kirsev
Imeni Kotovskovo
Imeni Yasnaya-Polyana
Imeniye Syruchan
Immental'
Inculet
Indarapnici
Indaratnici
Indarepnich
Indarepnish
Inderapnichi
Inderapnich'
India
Indiya
Ineshti
Inesht'
Ineshty
Inesti
Inkulets
Inundeni
Inundeny
Ion Creanga
Ioneasca
Ion Gheorghe Duca
Ion Gheorghe
Ion Gheorghe
Ion Inculet
Ion Voda
Ion-Vode
Ionyaska
Iordaneni
Iordanen'
Iordanovca
Iordanovka
Iorjnita
Iorzhnitsa
Isacova
Isaicani
Isakova
Isakovo
Isaykany
Iscalau
Iserlia
Iserlia-Noua
Iserliya
Ishkalev
Ishkalëvo
Ishnovets
Isirliya Noua
Iskaleu
Isnovat
Isvoare
Isvoarele
Isvoarele
Iujnoe
Iurceni
Iurievca
Ivancea
Ivancha
Ivaneshti
Ivaneshty
Ivanesti
Ivanesti
Ivanna
Ivanovca
Ivanovca
Ivanovca
Ivanovca
Ivanovca
Ivanovca Noua
Ivanovka
Ivanovka
Ivanovka
Ivanovka
Ivanovka
Ivanovka
Ivanovka
Izbeshty
Izbeste
Izbishche
Izbishtya
Izbiste
Izvoare
Izvoare
Izvoare
Izvoare
Izvoarele
Izvoarele
Izvoreni
Izvoren'
Izvory
Izvory
Izvory
Japca
Javgur
Jeloboc
Jevreni
Joltai
Jora de Jos
Jora de Mijloc
Jora de Sus
Jura
Kabayeshty
Kachaliya
Kachuliya
Kagul
Kainara
Kalarasheuka
Kalarash
Kalarashovka
Kalfa
Kalikautsy
Kalimanesht'
Kalimaneshty
Kalinesht'
Kalineshty
Kalininsk
Kalinovka
Kalishkautsy
Kalkatova Balka
Kalmatsuy
Kalugar
Kaluger
Kalya Noue
Kamarovka
Kamencha
Kamenka
Kamenka
Kamenka-Moldavskaya
Kamenkutsa
Kangazchik-Nizhniy
Kangazchik-Verkhniy
Kangaz
Kangaz Vtoroy
Kaniya
Kantemir
Kapakliya
Kaplani
Kaplan'
Kaplany
Kapreshty
Kapriyana
Kapriyany
Karabateni
Karabaten'
Karabetovka
Karabiber
Karagasan
Karagasany
Karagash
Kara Khasan
Karaklia
Karakushany
Karakushen'
Karakuy
Karayman
Karbaliya
Karboliya
Karbuna
Karmanovo
Karmanovo Posëlok
Karpana
Karpenyanka
Karpeshty
Karpinen'
Karpineny
Karpino
Karpinyani
Karpinyanka
Kartoflyanka
Kartoflyanka
Kartusha
Karul Frumos
Kashkaliya
Kashkalya
Kashlitsa-Prut
Kashtangaliya
Kashtangaliya
Kashunka
Kassovka
Katarzhi
Katerinovka
Katranyk
Katsalen'
Katsaleny
Katsalyeny
Katyugany
Kaushani
Kaushani-Noui
Kaushani-Vek'
Kaushany
Kayetaneshti
Kayet
Kaymari-Vak
Kaynari
Kaynari Vek'
Kaynariy-Vek'
Kaynary
Kayrakliya
Kayrakliyka
Kaytanovka
Kayucheny
Kazakliya
Kazaneshti
Kazanesht'
Kazaneshty
Kazankliya
Kazanzhik
Kazayakliya
Kazhba
Keinari
Keinar'
Kelerashi-Tyrg
Kelfa
Kelineshti
Kelmetsuy
Keltuitor
Kemereni
Kerpeshti
Kersarka
Kerutnya
Ketrish
Ketrosa
Ketros Byk
Ketroshani Novyye
Ketroshani Vek'
Ketrosheny
Ketroshika Noua
Ketroshi
Ketrosh'
Ketros
Ketrosu
Ketrosu-Pe-Byk
Ketrosy
Ketrosy
Ketrosy
Khadzhailar
Khadzhi-Abdul
Khadzhikioy
Khadzhilar
Khadzhimus
Khadzhsi-Abduly
Khalakhora De Zhos
Khalakhova De Sus
Khanska
Khanul-Veke
Khatmana
Kheleshteny
Kheleshtiyany
Kheleshtiyen'
Khencheshti
Khenkautsy
Khereshti
Khesnesheni
Khileutsi
Khilevtsy
Khiliutsiy Noy
Khiliutsy
Khiliutsy
Khirtopu
Khitreshty
Khodoreuts'
Khodoroutsy
Khodorozha
Kholerkani
Khomutyanovka
Khorodishtya
Khorodishtya
Khorzheshti
Khorzheshty
Khristichi
Khristich
Khristoforovka
Khristova
Khristych
Khrushka
Khrustova
Khrustovaya
Khrustovo
Khumuleshty
Khumulesti
Khutor Pervomayskiy
Khutor Veselyy
Khutor Vladimirovka
Khutul
Khynchesht'
Kilishoaya
Kioseliya
Kioselya Mika
Kiperchany
Kipercheni
Kiperchen'
Kipercheny
Kipeshka
Kirileni
Kirilen'
Kirilen'
Kirileny
Kirileny
Kirillovka
Kirillovka
Kirilovka
Kiriyanka
Kiriyet-Lunga
Kirkaesht'
Kirka
Kirkany
Kirkayesht'
Kirkayeshty
Kirkeshti
Kirkot
Kirlaneny
Kirnatsany
Kirnatsen
Kirnatseny
Kirnetseni
Kirotnya
Kirovo
Kirpeshty
Kirpitsa
Kirshova
Kirsova
Kirsov
Kirsovo
Kir'yanka
Kiryutnya
Kischinew
Kiscinev
Kiseliya
Kiseliya-Mary
Kiseliya-Mika
Kishinef
Kishinëv
Kishiniv
Kishkareni
Kishkaren'
Kishkareny
Kishkaryany
Kishkereni
Kishlitsa Prut
Kishtel'nitsa
Kislitsa Prut
Kisseliya
Kistel'nitsa
Kitskani
Kitskani-Vek'
Kitskan'
Kitskany
Kitskany Staryye
Kizlar
Kizlyar
Klimauts'-De-Zhos
Klimauts'
Klimautsy
Klimautsy
Klimautsy
Klishkautsy
Klishova
Klishovo
Klokushna
Klotova Balka
Klotovaya Balka
Knyazevka
Knyazevka Pervaya
Knyazevka Vtoraya
Koada-Yazuluy
Koban'
Kobuska Noua
Kobuska Veke
Kobylea
Kobylka
Kobylkya
Kobyl'nya
Kobylya-Veke
Kobylya-Vek'
Kochaliya
Kochiyery
Kochuliya
Kochurgoye
Kochurgoy
Kochyulya
Kodren'
Kodren'
Kodru
Kodru
Kodrul-Nou
Kodryanka
Kodryany
Kogil'nichen'
Kogyl'nicheny
Kokoara
Kokocheny
Kokora
Kokorozeny
Kolbasna
Kolbasnaya
Kolbylkya
Kolibabovka
Kolibash
Kolikauts'
Kolikautsy
Kolikoutsy
Kolkotova Balka
Kolmatsuy
Kolokocheni-Vek'
Kolonitsa
Koloniya Strembeny
Koloniya Strymben'
Kolosovo
Kolosovo Posëlok
Kolybayevka
Komarovka
Kommuna Imeni Lenina
Kommuna Progress
Komrad
Komrat
Kondrateshti
Kondrateshty
Kondreteshti
Kondritsa
Kongazchik-Nizhniy
Kongazchik-Verkhniy
Kongaz
Konstantineshti
Konstantinesht
Konstantinovka
Konstantinovka
Konstantinovka
Konstantinovka
Kopachanka
Kopachany
Kopacheni
Kopachen'
Kopacheny
Kopakliya-Rezeshi
Kopakliya-Rozeshi
Kopaliya Razeshi
Kopanka
Koparan
Kopchak
Kopchak
Kopecheni
Kopecheni
Kopkuy
Korbu
Korbul
Korden'
Korestautsy
Korestoutsy
Korkmaz
Korkmazy
Korneshti
Kornesht' Tyrg
Korneshty
Korneshty
Korneshty-Sabany
Kornova
Kornovo
Korobcheny
Korolëvka
Koropcheni
Koropchen'
Korosteuts'
Korotna
Korotnoye
Korpach
Korten
Korzheuts'
Korzheutsy
Korzheva
Korzhevo
Korzhevo
Korzhevtsy
Korzhovo
Kosauts'
Koseuts
Koshalauka
Koshen'
Kosheny
Koshernitsa
Koshernitsa
Koshkaden
Koshkaliya
Koshkodeny
Koshnitsa
Koshtangaliya
Kosoutsy
Kosteshti
Kostesht'
Kosteshty
Kosteshty
Kosteshty
Kostuleni
Kostulen'
Kostuleny
Kotel'na
Kotigany
Kotikhana
Kot
Kot
Kotova
Kotovka
Kotovka
Kotovo
Kotovskiy
Kotovsk
Kotovsk
Kotovsk
Kotovskogo
Kotovskoye
Kotovskoye
Kotovskoye
Kotul-Moriy
Kotu-Mare
Kotu-Morey
Kotumori
Kotu-Moriy
Kotyala
Kotyudzheni-Mich'
Kotyudzhen'
Kotyudzheny Mar'
Kotyugany
Kotyuzhany
Kotyuzhany
Kovurluy
Kovyrluy
Koykova
Koykovo
Koyuchen'
Koyucheny
Kozanzhik
Kozeshti
Kozesht'
Kozeshty
Kozhdangliya
Kozhushna
Kozhusna
Kozmeni-Nouy
Kozmeni-Vek'
Krachun
Kraschen'koye
Krasnasheny
Krasnaya Bessarabiya
Krasnaya Bessarabka
Krasnaya Gorka
Krasnen'koye
Krasnoarmeysk
Krasnoarmeyskoye
Krasnogorka
Krasnosheni
Krasnoshen'
Krasnosheny
Krasnoye
Krasnyy Oktyabr'
Krasnyy Vinogradar'
Kremenchug
Kremenchug
Kremenchuk
Kremenya
Kreshyun
Kretsoaya
Kretsoya
Krigana
Krikova
Krikova Noue
Krikova-Noue
Krikovo
Krishkauts'
Krishkautsy
Kristesht'
Kristeshty
Kristoforovka
Kriuleni
Kriulen'
Kriulyany
Kriva
Krivleny
Krokmazy
Kruglik
Kruzeshty
Kryulyany
Ksendzovka
Ksienziovca
Kubani
Kuban'
Kubolta
Kucheyer
Kuchiyer
Kuchiyery
Kuchoaya
Kuchoya
Kuchoyya
Kugureshty-de-Sus
Kugureshty Verkhniye
Kugurluy
Kukhneshti
Kukhnesht'
Kukhneshty
Kukhuresht'-de-Sus
Kukhuresht'-De-Zhos
Kukhureshti-de-Sus
Kukhureshti-De-Zhos
Kukoara
Kukoneshti-Nouy
Kukoneshti Veki
Kukoneshti Vek'
Kukoneshty-Novyye
Kukoneshty Staryye
Kukuruzeni
Kukuruzen'
Kukuruzeny
Kukuyetsy Nouy
Kukuyetsy-Novyye
Kukuyetsy-Staryye
Kukuyetsy Vek'
Kungaz
Kungaz Malyy Pervyy
Kungaz Malyy Vtoroy
Kunicha
Kunichya
Kupchina
Kupchino
Kupkuy
Kuporany
Kuratura
Kuratury
Kuren'
Kureny
Kureshnitsa
Kurki
Kurleny
Kurluchen'
Kurlucheny
Kurtoaya
Kurtoya
Kushelovka
Kushmiria
Kushmirka
Kutuzov
Kuvurluy
Kuvyrluy
Kuyzovka
Kuza Voda
Kuza-Vode
Kuza Vode
Kuza-Vodyu
Kuze Vade
Kuz'min
Kympen'
Kympul Drept
Kyrlan'
Kyrlany
Kyrnatseny
Kyrneshty
Kyrneshty-Sabany
Kyrpeshty
Kyshla
Kyshla
Kyshlitsa-Prut
Kyurt
Kyyet
Kyzlar
Lagofteny
Lalova
Lalovo
Lapatna
Lapushna
Lapusna
Larga
Larga
Larga
Larga Noua
Larga Veche
Larguta
Largutsa
Lazo
Lazo
Lazo
Lazo
Lazovsk
Lebedenco
Lebedenko
Lebedevka
Leca
Leka
Lelina
Lencauti
Lenin
Lenino
Leninskiy
Lenkautsy
Lenkovtsy
Leonidovca
Leonidovka
Leontina
Leont'yevo
Leordaia
Leordaya
Leordoaia
Leordoaia
Leordoaya
Leova
Leova Noua
Leovo
Lepushna
Lergutsa
Leuntea
Leuseni
Leuseni
Leusheni
Leusheni
Leushen'
Leushen'
Leusheny
Leusheny
Levo
Lidovca
Lidovka
Lilental'
Limbenii Noi
Limbenii Vechi
Lingura
Lipcani
Lipcani Târg
Lipceni
Lipcheni
Lipchen'
Lipchëny
Lipkanya
Lipkany
Lipnic
Lipnik
Lipovanca
Lipovanka
Lipovat
Lipoveni
Lipoven'
Lipoveny
Lipovets
Lîsaia Gora
Liveden'
Livedon'
Livezi
Livez'
Loganesht'
Loganesht'
Loganeshty
Loganeshty
Loganesti
Loganesti
Logeneshti
Logofteni
Logoften'
Logofteny
Logovoye
Lopatica
Lopatna
Lopatnic
Lopatnik
Lopatsika
Lopushna
Lozova
Lozovo
Lucaceni
Lucaseuca
Luceafar
Lucesti
Luchafer
Luchesht'
Lucheshty
Lugovoe
Lukachen'
Lukacheny
Lukashëvka
Lukashovka
Luminita
Luminitsa
Lunca
Lunga
Lunga
Lunga Noua
Lupa-Recea
Lupa-Recha
Lupa Reche
Luparia
Lupariya
Lyadoveny
Lysaya Gora
Macaresti
Macareuca
Macresti
Magala
Magdacesti
Magdacheshty
Magura
Magura Noua
Magurele
Magureli
Magurely
Mahala
Maiac
Maiovca
Maiscoe
Makareshty
Makareuka
Makarovka
Maketsmchuka
Makreshty
Maksimen'
Maksimen' Pervyy
Maksimen' Vtoroy
Maksimeny
Maksimeny
Maksimeny Pervyye
Maksimeny Vtoryye
Maksimovka
Maksimovka
Malaesti
Malaesti
Malaiesstii Noi
Malaiesti
Malaiesti
Malaiesti
Malaiesti
Malaya Kozhdangliya
Malaya Tatarovka
Malaya Ul'ma
Malaya Vanitsa
Malayeshti
Malayesht'
Malayesht'
Malayeshty
Malayeshty
Malayeshty
Malayeshty
Malayeshty
Malcauti
Malcoci
Malesht'
Malinovscoe
Malinovskoye
Malkauts'
Malkautsy
Malkoch
Malokhoruzino
Malovata
Malovatoye
Maloye Glinoye
Maloye Kolosovo
Maloyeshty
Malyye Glodyany
Malyye Kotyuzhany
Malyye Mileshty
Malyy Girtop
Malyy Molokish
Mana
Mândâc
Mandresti
Manoileshty
Manoilesti
Manoilesti
Manoylesht'
Manoylesht'
Manoyleshty
Manoyleshty
Manta
Manubeevca
Manubeyevka
Manubievca
Manukbeyevka
Marabiya
Maramonevka
Maramonovca
Maramonovka
Marandeni
Maranden'
Marandeny
Marasesti
Marasheshty
Marcautii Noi
Marcauti
Marcauti
Marchet
Marculesti
Marculesti-Sat
Mardareuca
Mardar'yevka
Mareni-Nouy
Mareni Vek'
Marianca de Jos
Marianca de Sus
Marianca
Marianca Noua
Marianca Noua
Marianka de Sus
Marianka Noue
Marianka Nou
Marian
Marienfeld
Marineshty
Marineshty
Marinesti
Marinesti
Marinich
Marinici
Marinya
Marinych
Maririci
Mariyan
Mariyenfel'd
Mariyevka
Markauts'
Markauts'
Markautsy
Markautsy
Market
Markeutsy
Markovtsy
Markuleshti-Kolon
Markuleshti-Sat
Markulesht'-Kolon
Markulesht'-Sat
Markuleshty-Kolon
Markuleshty
Markuleshty-Sat
Maromonovka
Martinesht'
Martineshty
Martinesti
Mar'yanka de Zhos
Mar'yanovka
Mârzaci
Mârzeni
Marzesti
Mârzestir
Mascauti
Mashkauts
Mashkautsy
Mashkeuts'
Mashkovtsy
Mashkovtsy
Matasar
Matasarui
Matasaru
Matasary
Mateuti
Mateuts'
Mateutsy
Matveyevtsy
Maximeni II
Maximeni I
Maximeni
Maximovca
Maxineni I
Mayak
Mayevka
Mayskoye
Medeleni
Medelen'
Medeleny
Medereshtiy-Nou
Medereshtiy Noy
Medveja
Medvezha-Mare
Medvezha
Megura
Megurele
Mekereshti
Meleseni
Meleshen'
Melesheny
Meleshti
Melesht'
Meleyesht'
Meleyesht'
Merendeni
Mereneshty
Merenesti
Meren' Gara
Merenii Noi
Mereni
Mereni
Meren'
Mereny Gara
Mereny
Mereny
Mereseni
Mereseuca
Meresheny
Mereshovka
Mereshty
Merishen'
Meseni
Meseni
Meshen'
Mesheny
Mesheny
Meshkeutsi
Micauti
Michurino
Miciurin
Miclauseni
Miclesti
Micleuseni
Miguleny
Mihai Bravul
Mihailenii Noi
Mihaileni
Mihaileni
Mihaileni
Mihaileni
Mihailovca
Mihailovca
Mihailovca
Mihailovca
Mihailovca Noua
Mihalasa
Mihalasa Noua
Mihalaseni
Mihuleni
Mikautsi
Mikauts
Mikautsy
Mikautsy
Mikhalasha
Mikhalashany
Mikhalashen'
Mikhalevka
Mikhaylen'
Mikhayleny
Mikhaylovka
Mikhaylovka
Mikhaylovka
Mikhaylovka
Mikhaylyany
Mikhaylyany
Mikhaylyany
Mikheylen'
Mikhulen'
Miklaushany
Miklausheni
Miklaushen'
Miklausheny
Mikleshty
Mikleusheny
Mileshti Mich'
Mileshty
Milestii Mari
Milestii Mici
Milestii Noi
Milesti
Mincenii de Jos
Mincenii de Sus
Mincheny Nizhniye
Mincheny Verkhniye
Mîndîc
Mîndra
Mîndra
Mindrestii Noi
Mindresti
Mingir
Minjir
Minzatesti
Minzhir
Mircesti
Mirchesht'
Mircheshty
Mireni
Miren'
Miresht'
Mireshty
Miresti
Mirnoe
Mirnoe
Mirnoye
Mirnoye
Miryany
Mîrzaci
Mirzesti
Mîrzoaia
Misheny
Mishovka
Misovca
Misovka
Mitoc
Mitocul Nou
Mitok
Mitropoiit
Mitropolit
Mladinesht'
Mladineshty
Mladinesti
Mladyneshty
Moara de Piatra
Moara-de-Pyatre
Moara Domneasca
Moara-Domnyaske
Moara Noua
Moare de Piyatri
Mocearovca
Mocharovka
Mocra
Mocreachi
Mokraki
Mokra
Mokraya
Mokreshty
Mokryaki
Molayesht'
Moldavanka
Moldavanskaya-Slobodzaya
Moldoveanca
Molesht'
Moleshty
Moleshty
Molestii Noui
Molesti
Molesti
Molochisul Mare
Molochisul Mic
Molokish-Mare
Molokish
Molovata
Molovata Noua
Morenii Noi
Morenii Vechi
Morenu
Moreny
Morovaia
Morovaya
Morozeni Mari
Morozeni Mid
Morozeni
Morozeny
Mosana
Moscovei-Constantinescu
Moscovei
Moscovei-Razesi
Moscovei-Razesti
Moscovei Vechi
Moseni
Moshana
Moshany
Moshany
Moshen'
Moshen'
Moskovey-Chikur
Moskovey-Konstantinovka
Moskovey
Muguren'
Munteana
Munteni
Munten'
Munteny
Muntyany
Musaid
Musai
Musait
Musaitul
Musaitu
Musamurza
Musand
Musant
Musteata
Mustyatsa
Mustyatsy
Muzhik
Mynchan-De-Sus
Mynchan'-de-Zhos
Myndra
Myndra
Myndreshti
Myndresht'
Myndreshty
Myndyk
Mynzatesht'
Mynzateshty
Myrzach'
Myrzesht'
Myrzesht'
Myrzeshty
Myrzoaya
Myrzoya
Mysovka
Nadushata
Nadushita
Nadusita
Nagoryany
Napadeni
Napaden'
Napadeny
Napadova
Napadovo
Nashlavcha
Naslavacea
Naslavcea
Naslavcha
Natalievca
Natal'ino
Natal'yevka
Navarnet
Navirnet
Navyrnets
Neculaeni
Neculaieuca
Nedgureni Vek'
Negoreny
Negrea
Negreshti
Negresht'
Negreshty
Negresti
Negrya
Negurenii Noi
Negurenii Vechi
Negureni
Negureni
Negureni-Vek'
Negureny
Negureny Staryye
Nemirovka
Nemteni
Nemtseni
Nemtsen'
Nemtseny
Netush
Nezavertailovca
Nezavertaylovka
Nicolaenii-Noii
Nicolaesti
Nicolaevca
Nicolaevca
Nicolaevca
Nicolaevca
Nicolaevca
Nicolaevca
Nicolaevca
Nicolaiesti
Nicoleanca
Nicolscoe
Nicoreni
Nigoreni
Nigoren'
Nihoreni
Nikolayeshti
Nikolayesht'
Nikolayevka
Nikolayevka
Nikolayevka
Nikolayevka
Nikolayevka
Nikolayevka
Nikolayevka
Nikolayevka
Nikolina
Nikolina
Nikol'skiy
Nikol'skiy Verovka
Nikol'skoye
Nikolyanka
Nikolyanka Noua
Nikoreni
Nikoren'
Nikoreny
Nikoryany
Nimereuca
Nimireuka
Nimoreni
Nimoren'
Nimoreny
Nimoryany
Niscani
Nishkan'
Nishkany
Nisiporeni
Nisporeni
Nisporeny
Nisporyany
Nistreni
Nistren'
Nizhne-Kiseli
Nizhne-Mar'yanovka
Nizhniy Andrush
Nizhniye Andrushi
Nizhniye Buzdugany
Nizhniye Kholokhory
Nizhniye Klimautsy
Nizhniye Kugureshty
Nizhniye Mincheny
Nizhniye Zhory
Nizhniy Okuy
Nizhnyaya Albota
Nizhnyaya Biserikutsa
Nizhnyaya Mar'yanovka
Nizhnyaya Zhora
Nokach
Nopodova
Noroceni
Norocheny
Noua-Krigany
Noui Causanii
Nouy Brynzeni
Novach'
Novaci
Novaia Jizni
Novaia Nicolaevca
Novaya Albota
Novaya Aleksandrovka
Novaya Andreyashevka
Novaya- Andriyashevka
Novaya Andryashevka
Novaya Badyku
Novaya Baroncha
Novaya Bogdanovka
Novaya Chelachovka
Novaya Chelakovka
Novaya Dobrudzha
Novaya Floritsoaya
Novaya Frumushika
Novaya Goloshnitsa
Novaya Grubna
Novaya Iserliya
Novaya Ivanovka
Novaya Kalfa
Novaya Karboliya
Novaya Ketroshika
Novaya Knyazevka
Novaya Kobushka
Novaya Kobuska
Novaya Kobusska
Novaya Kochulika
Novaya Komissarovka
Novaya Koshnitsa
Novaya Kovil'nya
Novaya Kuchoaya
Novaya Kureshnitsa
Novaya Larga
Novaya Lunga
Novaya Mar'yanovka
Novaya Megura
Novaya Mikhalasha
Novaya Mikhaylovka
Novaya Molovata
Novaya Nikolayevka
Novaya Nikolayevka
Novaya Obrezha
Novaya Pogrebya
Novaya Romanovka
Novaya Rublenitsa
Novaya Sakharna
Novaya Salkutsa
Novaya Sarata
Novaya Sarata
Novaya Saratsika
Novaya Saratsyka
Novaya Slobodzeya
Novaya Stoyanovka
Novaya Synzhereya
Novaya Tarakliya
Novaya Tatarovka
Novaya Teleshovka
Novaya Telitsa
Novaya Teura
Novaya Tsiganka
Novaya Tsyganka
Novaya Ursoaya
Novaya Varnitsa
Novaya Yablona
Novaya Yargara
Novaya Yetuliya
Novaya Zhizn'
Novo-Alekseyevka
Novo-Aneny
Novo-Bogdanovka
Novocotovsc
Novo-Goyany
Novo-Iserliya
Novo Kaushani
Novokomissarovka
Novo-Konstantinovka
Novo-Koshnitsa
Novo-Kotovsk
Novo-Leovo
Novosavitcaia
Novosavitskaya
Novo-Selishtya
Novosëlovka
Novoselovka
Novosiolovca
Novotiraspol'skiy
Novo-Tomay
Novo-Tomoy
Novotroitskaya
Novotroitskoye
Novovladimirovca
Novovladimirovka
Novoye Aleksandrovo
Novoye Badiko
Novy-Kiseli
Novyy Albinets
Novyy Bachoy
Novyy Balan
Novyy Chiolaku
Novyy Cholak
Novyye Aneny
Novyye Asnashany
Novyye Asnasheny
Novyye Badrazhi
Novyye Baneshty
Novyye Bilicheny
Novyye Bogeny
Novyye Boroseny
Novyye Botnareshty
Novyye Bratushany
Novyye Brynzeny
Novyye Bulbochi
Novyye Chekany
Novyye Choropkany
Novyye Derkautsy
Novyye Dragusheny
Novyye Druitory
Novyye Duruitory
Novyye Faleshty
Novyye Fundury
Novyye Fyrladyany
Novyye Galeshty
Novyye Ganaseny
Novyye Gechi
Novyye Gordineshty
Novyye Goteshty
Novyye Goyany
Novyye Goyany
Novyye Karakushany
Novyye Kaushany
Novyye Keushani
Novyye Khiliytsy
Novyye Kirgany
Novyye Kirkayeshty
Novyye Kitskany
Novyye Kochulei
Novyye Kodryany
Novyye Kozmeni
Novyye Koz'meny
Novyye Kukhureshti
Novyye Kukoneshty
Novyye Kukuyetsy
Novyye Kyrnatseny
Novyye Limbeni
Novyye Limbeny
Novyye Markautsy
Novyye Mereny
Novyye Mikhayleny
Novyye Mileshty
Novyye Moreny
Novyye Myndreshty
Novyye Negureny
Novyye Pepeny
Novyye Petrosy
Novyye Pistruyeny
Novyye Pogreby
Novyye Popeshti
Novyye Prodaneshty
Novyye Pynzareny
Novyye Radulyany
Novyye Raskayetsy
Novyye Roshiyetichi
Novyye Ruseshty
Novyye Sarateny
Novyye Selishty
Novyye Shal'viry
Novyye Shury
Novyye Skinosy
Novyye Skinyany
Novyye Sochi
Novyye Talayeshty
Novyye Tanatary
Novyye Trifeshty
Novyye Tyrshitsei
Novyye Varzareshty
Novyye Vaskovtsy
Novyye Yezareny
Novyye Zazuleny
Novyye Zozuleny
Novyy Goyan
Novyy Gyrbovets
Novyy Kalamatsuy
Novyy Karten
Novyy Ketrish
Novyy Lopatnik
Novyy Mitok
Novyy Reutsel
Novyy Sagaydak
Novyy Tomay
Novyy Tutovany
Novyy Vadul-Leka
Nucareni
Nukeren'
Nyvernetsi
Obilenii Noi
Obilenii Vechi
Obileni
Obileny
Obileshti Vek'
Obreja Noua
Obreja Veche
Obrezha Noua
Obrezha Novaya
Obrezha
Obrezha Staraya
Obrezha Veke
Ochiul Alb
Ochiul Ros
Ochiul Rosu
Oclanda
Ocnita
Ocnita
Ocnita-Razesi
Ocnita-Tarani
Ocolina
Octeabriscoe
Octeabriscoe
Octeabrscoe
Octeabrscoe
Odaia
Odaya
Odobeshty
Odobesti
Ofatinti
Ohrincea
Oituz
Okhrancha
Okhrincha
Okiul-Alb
Oklanda
Oklando
Oknitsa
Oknitsa
Oknitsa-Rezesh'
Oknitsa Tsaran'
Oknitsa-Tseran'
Okolina
Oksentiya
Oktyabr'skiy
Oktyabr'skoye
Oktyabr'skoye
Oktyabr'skoye
Oktyabr'skoye
Okyu-Alb
Okyul Alb
Okyul-Rosh
Olaneshty
Olanesti
Oleneshti
Oleneshty
Oliscani
Olishkani
Olishkan'
Olishkany
Oloneshty
Oneshkany
Oneshti
Oneshti
Oneshti Vek'
Onesht'
Onesht'
Oneshty Novyye
Oneshty
Oneshty
Onestii Noi
Onestii-Vechi
Onesti
Onesti
Onesti
Oniscani
Onishkani
Onishkan'
Onishkany
Onitcani
Onitskani
Onitskan'
Onitskany
Opacha
Opachi
Opach
Opaci
Opinka
Orac
Orak
Ordasei
Ordashey
Ordeshei
Orehovca
Orekhovka
Orgeyev
Orhei
Orheiu
Oricova
Orikovo
Orkhey
Otach-Tyrg
Otaci
Otac
Otacu
Otak
Otovaska-Byk
Oxentea
Ozërnoye
Paduret
Padurets
Paharniceni
Paicul
Paicu
Paika
Paik
Pakharnichen'
Paladea
Paladiya
Paladya
Palanca
Palanca
Palanca
Palanka
Palanka
Palanka
Palaria
Palariya
Paminteni
Panasesti
Panasheshti
Panashesht'
Panasheshty
Panzareni
Papauti
Papautsy
Pârâta
Parcani
Parcani
Parcani
Parcani
Parcany
Parcova
Pârjolteni
Pârjota
Parkani
Parkan'
Parkany
Parkany
Parkany
Parkany
Parkary
Parkova
Parkovo
Parlita
Parlita
Parliti
Paruceni
Paruseni
Parushovka
Parysheni
Pascani
Pascani
Pascani
Pascauti
Pashkani
Pashkan'
Pashkan'
Pashkany
Pashkany
Pashkany
Paskautsy
Patruseni
Patrushen'
Paulesht'
Pauleshty
Paulesti
Pavelesti
Pavlovca
Pavlovka
Payana
Pecestea
Pecheshteni
Pecheshten'
Pecheshtya
Pechishtya
Peciste
Peleney-Bolgar'
Peleney-Moldavan
Peleney
Peleni
Peleniya
Peleriya
Pelineii
Pelinei Noi
Pelinei Noui
Pelinei
Peliney
Pelinia
Peliniya
Pelivan
Pemynteny
Pepenii Noi
Pepeni
Pepen'
Pepeny
Pereni
Pereni
Peren'
Peren'
Pereny
Pereny
Perepelitsa
Pererita
Pereryta
Pereryta
Peresechika
Peresechina
Peresechino
Peresecina
Pervomaiscoe
Pervomaiscoe
Pervomaisc
Pervomaisc
Pervomaisc
Pervomayskoye
Pervomayskoye
Pervomayskoye
Pervomaysk
Pervomaysk
Pervomaysk
Pervomaysk
Peryany
Peticeni
Petichany
Petichen'
Peticheny
Petrashan'
Petreni
Petren'
Petreny
Petresht'
Petresht'
Petreshty
Petreshty
Petresti
Petrichika
Petropavlovca
Petropavlovka
Petroshany
Petros
Petrossy
Petrosul
Petrosy
Petrovca
Petrovca
Petrovka
Petrovka
Petrunea
Petrunya
Petruseni
Petrushany
Petushka
Piatra Alba
Piatra
Pîcalova
Picus
Pietrosul Nou
Pietrosu
Pikalovo
Pikus
Pilineya
Piliney Moldavanskiy
Piliney
Pilushka
Pinzarenii Noi
Pinzareni
Pîrîta
Pîrjolteni
Pîrjota
Pirlita
Pirlita
Pirlita
Piscaresti
Piskaresht'
Piskareshty
Pistruenii Noi
Pistruenii Vechi
Pistruienii Noi
Pistruieni
Pistruyeni-Vek'
Pistruyeny
Piteshti
Piteshty
Pitesti
Pitusca
Pitushka
Pivniceni
Pivnichany
Piyetrosu
Pleseni
Pleshcheni
Pleshcheny
Plesheny
Plopi
Plopi
Plopi
Plop'
Plop
Plop
Plop-Shtubey
Plop-Shtyubey
Plop-Stiubei
Plop-Stubei
Plopy
Ploreny
Plot'
Ploveny
Pobeda
Pobeda
Pochembautsy
Pochumbautsi
Pochumbauts'
Pochumbautsy
Pochumbavtsy
Pochumbeny
Pochumbovtsy
Pociumbauti
Pociumbeni Druta
Pociumbeni
Pociumben'
Pocrovca
Pocrovca
Pocsesti
Podgoreni
Podgoreny
Podoima
Podoimita
Podojma
Podoyma
Podoymitsa
Podul Lung
Podu Lung
Poeana
Poeana
Poganeshti
Poganeshty
Poganestii-Sat
Poganesti
Pogarnicheny
Pogoarna
Pogonesti
Pogorna
Pogornicheny
Pogrebeni
Pogrebeny
Pogrebya
Pogreby
Pogribeni
Pogriben'
Pogucheny
Pohoarna
Pohorniceni
Pohrebea Noua
Pohrebea
Pohrebeni
Poiana
Poiana
Poiana
Poienita
Pojareni
Pojarna
Pojoreni
Pokrovka
Pokrovka
Pokshesh
Pokshesht'
Poksheshty
Polyaska
Pompa
Popautsi
Popauts'
Popautsy
Popeasca
Popenchi
Popencu
Popeni
Popeni
Popenki
Popeshti-De-Sus
Popeshty
Popestii de Jos
Popestii de Sus
Popestii Noi
Popesti
Popoutsy
Popovca
Popovca
Popovka
Popovka
Popovka
Porchulyanka
Porucheny
Porumbeshty
Porumbesti
Porumbrei
Porumbreya
Porumbrey
Posëlok Bessarabka
Posëlok Glinnoye
Posëlok Mokraki
Posëlok Novo-Koshnitsa
Posëlok Shevchenko
Posëlok Starogo Nomer Pervyy
Posëlok Starogo Nomer Vtoroy
Posëlok Vulkaneshty
Posëlok Yargora
Poselok Yeykhendorf
Posëlok Zaporozhets
Poshkan'
Poshkany
Poyana
Poyana
Poyana
Poyana
Poyenitsa
Poyka
Poyyana
Poyyana
Pozhareny
Pozharna
Pozhoren'
Prajila
Pravila De Sus
Prazhila
Prazhilo
Predmest'ye Delakeu
Predmest'ye Giska
Prepelita
Prepelitsa
Pretura Botanica
Pretura Buiucani
Pretura Centru
Pretura Ciocana
Pretura Riscani
Prezhila
Pridnestrovskoye
Princhipele Karol
Principele Carol
Principele Mihai
Principesa Elena
Priozërnoye
Prioziornoe
Pripiceni-Curchi
Pripiceni-Razesi
Pripichen'
Pripicheny-Kurki
Pripicheny-Rezesh'
Prisaca
Prisaka
Prisak
Pritsepovka
Prodaneshti-Nou
Prodaneshti-Nouy
Prodaneshti-Vek'
Prodaneshty
Prodaneshty Staryye
Prodanestii Vechi
Prodanesti
Progress
Proscureni
Proskuren'
Proskuryany
Proteagailovca
Protegailovca
Protyagaylovka
Pruteni
Pruten'
Prut
Pugacheny
Pugechen'
Pugoceni
Pugochany
Pugocheni
Pugochen'
Pugocheny
Pugoi
Pugoy
Puhaceni
Puhoi
Pukhoy
Purcari
Purkar'
Purkary
Pushkino
Putineshti
Putinesht'
Putineshty
Putinesti
Putintei
Putsintey
Putsuntei
Putsuntey
Pyatra Albe
Pyatra
Pykalovo
Pynzareni
Pynzaren'
Pynzareny
Pyrlitsa
Pyrlitsa
Pyrlitsa
Pyrlitsa Satul
Pyrlitsiy-De-Sus
Pyrlits'
Pyryta
Pyrzhalteny
Pyrzholten'
Pyrzholteny
Pyrzhota
Rabnita
Racaria
Rachesht'
Rachesti
Raciula
Racovat
Racovet
Raculesti
Radenii Vechi
Radeni
Radeni
Radeni
Radeni Vek'
Radoaia
Radoaya
Radoya
Radoya
Radoyya
Radulenii Noi
Radulenii
Radulenii Vechi
Raduleni-Veki
Raduleni-Vek'
Radulyani
Radulyany
Raika
Rakariya
Rakovets
Rakulesht'
Rakuleshty
Ramazani
Ramazan
Ramazany
Rascaeti
Rascaietii Noi
Rascaieti
Rascani
Rascani Targ
Rascova
Rascov
Rashkani-Tyrg
Rashkan'
Rashkan' Tyrg
Rashkovo
Rashkov
Raskaitsy
Raskayetsy
Raskaytsy
Raspopeni
Raspopen'
Raspopeny
Rassvet
Ratunda
Ratush
Ratush
Ratus
Ratus
Rautel
Rautelul Nou
Ravaca
Razalai
Razeleu
Razelya
Razeni
Razesi
Recea
Recea
Recesti
Recha
Recha
Recheshty
Rechula
Rechya
Red'-Chereshnevets
Red'-Chereshnovets
Redeni
Reden'
Reden'
Redeny
Redeny
Redeny
Redeny-Vek'
Redi-Ceresnovat
Rediul de Jos
Rediul de Sus
Rediul Mare
Redoaya
Reduleni
Redu-Mare
Redut
Redyany
Redyu de Sus
Redyu de Zhos
Redyu II
Redyu I
Redyu-Mare
Redyu Pervyy
Redyu Vtoroy
Regina Maria
Regina Maria
Reshkan
Resipyany
Reskayts'
Reteni
Reteni-Vasileuti
Retyany
Retyany-Vasileutsy
Reutsel
Revaca
Revaka
Rezeni
Rezen'
Rezeny
Rezeshi
Rezeshti-Moskovey
Rezhina-Mariya
Rezina
Rezina
Rezina Sat
Rezina Târg
Rezina-Tîrg
Rezyani
Ribnita
Rîngaci
Riscani
Riscani
Riscova
Risipeni
Risipeny
Roduleni-Nouy
Roghi
Rogi
Rogojeni
Rogozhany
Romaneshti
Romaneshty
Romanesti
Romanesti
Romanesti
Români
Romanovca
Romanovca
Romanovca
Romanovka
Romanovka
Romanovka
Romanovka
Romanovo
Romanovo
Romeni
Romynesht'
Romynesht'
Roscanii de Jos
Roscanii de Sus
Roscani
Roscani
Roscani
Rosha
Roshitsa
Roshiyetichi
Roshiyetich-Nouy
Roshiyetich'
Roshiyetich-Veki
Roshkaniy-de-Sus
Roshkan'
Roshkany
Roshkany
Roshkany
Roshu
Rosieticii Noui
Rosieticii Vechi
Rosietici
Rosipeny
Rosita
Rossipeny
Rosul
Rosu
Rotari
Rotar
Rotunda
Rublenita Noua
Rublenita
Rublenitsa
Rublenitsy
Rudi
Rud'
Rujnita
Rumeantev
Rumyantsevo
Rusca
Ruseni
Ruseni
Rusen'
Ruseny
Ruseshti Nouy
Ruseshti-Vek'
Rusestii Noi
Rusestii-Noui
Rusestii Vechi
Rusi
Ruslanovca
Ruslanovka
Russka
Russkaya Kiseliya
Russkaya Kisiliya
Rusyany
Ruzhnitsa
Rybnitsa
Rybniza
Ryngach
Rynok Vertyuzhany
Ryshkanovka
Ryshkanovka
Ryshkany
Ryshkova
Ryshkovo
Rysipen'
Sacarovca
Saca
Sadaclia
Sadâc
Sadâcu
Sadakliya
Sadchi
Sadîc
Sadki
Sadova
Sadovoe
Sadovo
Sadovoye
Sadyk
Safronovka
Safronovskiy
Sagaidac
Sagaidac
Sagaidacul de Sus
Sagaidacul Nou
Sagaydaki
Sagaydak
Sagaydak
Saghieni
Sagiyany
Sahaidac
Saharna Noua
Saharna
Saiti
Saitsy
Sakarovka
Sakaryany
Saka
Sakharna
Salcea
Salcea
Salcha
Salcha
Salchiya
Salchiya
Salchiya
Salcia
Salcia
Salcia
Salcuta Noua
Salcuta
Salkutsa
Salvirii Noi
Salvirii Vechi
Samalia
Samananca
Samananka
Samascani
Samascan
Samashkan' De Sus
Samashkani'-De-Sus
Samashkany
Samoyleuka
Samsonovka
Samurza
Sanatauca
Sanateuka
Sângera
Sângereii Noi
Sângerei
Saptebani
Sapte Sate
Sarai
Sarata-Galbena
Sarata-Galbene
Sarata Golban
Sarata Mereseni
Sarata-Meresheny
Sarata Noua
Sarata Noua
Sarata-Noue
Sarata-Nova
Sarata-Razesi
Sarata-Rezesh'
Sarata-Rezeshty
Sarata Veche
Sarata-Veke
Sarata-Vek'
Saratei
Saratenii Noi
Saratenii Vechi
Sarateni
Sarateni
Sarateni
Saraten'
Sarateny
Sarateny
Sarateny Staryye
Saratica Noua
Saratica Veche
Sarato Golban'
Sarato-Rozesh
Saratseni-Vek'
Saratseya
Saratsey
Saratsika Noua
Saratsika-Noy
Saratsika
Saratsika Veke
Saratyany
Sarcani
Sârcova
Sârma
Saseni
Sasen'
Satuc
Satuk
Satul Nou
Satu-Nou
Sauca
Sauka
Savka
Savvi
Saytsi
Scaieni
Scaieni
Schinenii Noi
Schineni
Schinoasa-Noua
Schinoasa-Sat
Schinoasa
Schinoasa
Schinosica
Scoreni
Scorteni
Scroafa
Sculeni
Scumpia
Secareni Noi
Secareni
Sectorul Botanica
Seitsi
Sekareni
Sekaren'
Sekareny
Sekereni
Selemet
Seleshty
Selishteny
Selishte
Selishte
Selishte
Selishte
Selishtya-Noua
Selishtya-Nouy
Selishtya
Selishtya
Selistea Noua
Selistea
Selisteni
Seliste
Seliste
Seliste
Selkutsa
Semeni
Semënovka
Semënovka
Semenov
Semen'
Semeny
Semeshkani
Semionovca
Semionovca
Semyany
Senatovka
Sendreni
Senzherey
Septelici
Serata Galbene
Serata-Noue
Serbeni
Serbeshty
Serbiyen'
Sercani
Seretseni
Seretsika
Seretsi
Sergeyevka
Sergheuca
Serghieni
Sergiyeny
Serpeni
Seseny
Sestaci
Sestaci
Sevcenco
Severinovca
Severinovka
Sevirova
Sevirovka
Sevirovo
Sfedriak
Shafranovka
Shal'vari-Vek'
Shamaliya
Shamayliya
Shapte-Ban'
Shapte-Bany
Shapte Sate
Sharkan'
Sharkany
Shayki
Shcherbak
Shendren'
Shendreny
Shepteban'
Sheptebany
Sheptelichi
Sheptelichiy
Sheptelich
Sherbaka
Sherbaki
Sherbeshty
Sherpany
Sherpen'
Sherpeny
Shestachi
Shestach'
Shestaki
Shevchenko
Shevchenovka
Shevki
Sheyki
Shibka
Shibka
Shikovets
Shipka
Shipka
Shipoteni
Shipoten'
Shipoten'
Shireutsy
Shirovtsy
Shishkany
Shlenger
Shmalena
Shmolena
Shmoleno
Shofrynkan' Lanbo
Shofrynkany
Sholdaneshti
Sholdanesht'
Sholdaneshty
Sholdenesht'
Sholkan'
Sholkany
Sholtoaya
Sholtoya
Sholtoye
Shoritsa
Shtefaneshti
Shtefanesht'
Shtefanesht'
Shtefaneshty
Shtefaneshty
Shtefan-Vode
Shtefeneshti
Shtyubeyany
Shtyubiyen'
Shumna
Shureli
Shurel'
Shury
Shuvylka
Sicovat
Sikovets
Silishte
Silistea Veche
Simioneshty
Simionesti
Sineshti
Sineshty
Sinesti
Sîngera
Sîngereii Noi
Sîngerei
Singureni
Sinodinovka
Sipca
Sipca
Sipoteni
Sipoteni
Sipoteny
Sipotyany
Sirauti
Sirbesti
Sîrcova
Sireti
Siret
Sirets
Sîrma
Sirota
Siscani
Sitohnia
Skayany
Skayen'-De-Sus
Skayen'
Skinen'
Skinoasa Noue
Skinosa Sat
Skinosa
Skinosa
Skinosa
Skinoshika
Skinyany
Skoren'
Skoreny
Skortseni
Skortsen'
Skortseny
Skrofa
Skuleni
Skulen'
Skulyany
Skumniya
Skumpiya
Slavyanka
Slavyanko
Sloboda Dobrusha
Sloboda Dushka
Sloboda Ganesyy
Sloboda-Godorzha
Sloboda-Gorodishte
Sloboda Gorodishtya
Sloboda Kishkaren'
Sloboda-Kishkareny
Sloboda Magura
Sloboda-Megura
Sloboda-Rashkovo
Sloboda Rashkov
Sloboda Vorynkeu
Slobodca
Slobodka Domniy
Slobodka-Medvezha
Slobodka-Shireutsy
Slobodka Shirovtsy
Slobodka
Slobodka
Slobodka
Slobodzeya Dushka
Slobodzeya-Ginesy
Slobodzeya-Kremene
Slobodzeya-Mare
Slobodzeya Moldavanskaya
Slobodzeya-Recha
Slobodzeya
Slobodzeya
Slobodzeya-Voronkova
Slobodzeya-Voronkovo
Slobozia-Chiscareni
Slobozia-Cremene
Slobozia-Dobrusa
Slobozia Domnei
Slobozia-Dusca
Slobozia Ganeasa
Slobozia Godoroja
Slobozia-Hodorogea
Slobozia Horodistea
Slobozia-Horodiste
Slobozia-Magura
Slobozia Mare
Slobozia-Medveja
Slobozia Noua
Slobozia-Rascov
Slobozia-Recea
Slobozia-Sirauti
Slobozia
Slobozia
Slobozia
Slobozia-Varancau
Slobozia Veche
Sloboziya Mare
Sloboziya
Sloveanca
Smalena
Sobari
Sobar
Sochiten'
Sochiteny
Socii Noi
Socii Vechi
Sociteni
Socola
Socoleni
Socolovca
Sofia
Sofia
Sofieni
Sofievca
Sofiya
Sofiya
Sofiyevka
Sofranovca
Sofrincani
Sokoleny
Sokolovka
Sokol
Solcani
Soldanesti
Solonceni
Solonchani
Solonchany
Soloncheny
Solonet
Solonets
Soltaneshti
Soltanesht'
Soltaneshty
Soltanesti
Soltoaia
Soroca
Soroca
Soroka
Soroka
Soroki
Sovietscoe
Sovkhozchalyk
Sovyetskoye
Spariyets
Speia
Speia
Sperieti
Speriyets'
Speya
Speya
Spicoasa
Spikoasa
Sredniye Zhory
Sredniy Okuy
Srednyaya Zhora
Stalineshty
Stalinesti
Stalnichen'
Stanislavca
Stanislavka
Stara-Radulyany
Staraya Albota
Staraya Andriyashevka
Staraya-Andryashevka
Staraya Bogdanovka
Staraya Chelachovka
Staraya Chelakovka
Staraya Dobrudzha
Staraya Floritsoaya
Staraya Ketroshika
Staraya Knyazevka
Staraya Kobuska
Staraya Kobusska
Staraya Larga
Staraya Obrezha
Staraya Sarata
Staraya Serata
Staraya Slobodzeya
Staraya Tatarevka
Staraya Tatarovka
Staraya Teura
Staraya Yablona
Stârcea
Staro-Bogdanovka
Starogo Nomer Pervyy
Starogo Nomer Vtoroy
Starogo Pervoye
Starogo Vtoroye
Staroye Badiko
Staryy Albinets
Staryy Badrazh
Staryy Cholak
Staryye Badrazhi
Staryye Bilicheny
Staryye Bogeny
Staryye Bratushany
Staryye Brynzeny
Staryye Choropkany
Staryye Dragushany
Staryye Dubossary
Staryye Duruitory
Staryye Fundury
Staryye Gechi
Staryye Karakushany
Staryye Kaushany
Staryye Kirgany
Staryye Kitskany
Staryye Klokochany
Staryye Klokocheny
Staryye Kozmeni
Staryye Koz'meny
Staryye Krigany
Staryye Kukoneshty
Staryye Kukuyetsy
Staryye Limbeni
Staryye Limbeny
Staryye Limbyany
Staryye Moreny
Staryye Negureni
Staryye Negureny
Staryye Prodaneshty
Staryye Radulyany
Staryye Redeny
Staryye Roshiyetichi
Staryye Ruseshty
Staryye Sarateny
Staryye Shal'viry
Staryye Sochi
Staryye Talayeshty
Staryye Tomeshty
Staryye Tyrshitsei
Staryye Yezareny
Staryye Zazuleny
Staryye Zazulyany
Staryye Zozuleny
Staryy Gavanozu
Staryy Gechu
Staryy-Khanul
Staryy Moskovey
Stauceni
Stavcheny
Steangherovca
Stefaneshty
Stefanestii Noui
Stefanesti
Stefanesti
Stefanesti
Stefanovka
Stefan Voda
Stejareni
Steluta
Stelutsa
Stepanovka
Stepanovka
Step'-Soch'
Step-Soci
Stetcani
Stetskan'
Stetskany
Stezhareny
Stîrcea
Stîrceni
Stiubeiani
Stiubeieni
Stodolna
Stoianovca
Stoianovca
Stoicani
Stoinesti
Stoinesti
Stokhnaya
Stolniceni
Stolniceni
Stolniceni
Stolnicen
Stol'nichany
Stol'nichany
Stolnichany
Stol'nicheni
Stol'nicheni
Stol'nichen'
Stolnichen'
Stol'nicheny
Stol'nicheny
Stol'nicheny
Stoyanovka
Stoyanovka
Stoykan'
Stoykany
Straisteni
Strâmba
Strâmbeni
Straseni
Strashen'
Strasheny
Straysteny
Stresheni
Strîmbeni
Stroiesti
Strointsi
Strointsy
Stroyentsy
Strymba
Strymbeny
Studzeny
Sturdzeny
Sturdzeny
Sturdzyani
Sturdzyany
Sturzeni
Sturzeni
Sturzen'
Sturzen'
Sturzeny
Sturzeny
Sturzeshti
Sturzesht'
Sturzesti
Sturzovca
Sturzovka
Stynzhineny
Styrchan'
Styrcha
Styrcha
Styrcha
Styrcheny
Sucleia
Sudarca
Sudarka
Suhaia Ribnita
Suhat
Suhuluceni
Sukharna
Sukhaya Rybnitsa
Sukhulucheni
Sukhuluchen'
Sukhulucheny
Sukleya
Sumna
Surchiceni
Suric
Surii Noi
Surik
Suri
Surkichen'
Surkicheny
Suruceni
Suruchen'
Surucheny
Surucheny
Susleni
Suslen'
Susleny
Suslyany
Suvorovca
Suvorovka
Suvorovo
Suvorovo
Sverdiac
Sverdiyak
Sverida
Sverido
Svetlâi
Svetlîi
Svetloye
Svetlyy
Syndzherey
Syngereniy-Nou
Syngereniy Noy
Synguren'
Syngureny
Synzhera
Synzhereya
Synzheria
Syrgiyen'
Syrkova
Syrkovo
Syrma
Syruchan
Tabani
Taban'
Tabany
Tabara
Tabora
Tabuleuca
Tagara
Tahnauti
Taksabyany
Taksoben'
Taksobeny
Talaiestii-Noi
Talaiestii-Vechi
Talaiesti
Talayeshti
Talayeshty
Talmaza
Talmaz
Talmazy
Tambula
Tanatarii Noi
Tanatarii Noui
Tanatari
Tanatar'
Tanatary
Tantarem
Tantareni
Tantareni
Tapeni
Tapoc
Taraclia de Salcie
Taraclia
Taraclia
Taraclia
Taraclia
Tarakliya de Salche
Tarakliya-de-Salchiye
Tarakliya
Tarakliya
Tarakliya
Tarakliya
Tarakliyka
Tarancuta
Tarasova
Tarasovo
Tara
Tareni
Tareuca
Târgul Vertiujeni
Tarigrad
Tarlesti
Târnova
Târnova
Tarsiteii Noui
Tarsiteii Vechi
Tarsitei
Tartaul de Salche
Tartaul-de-Salchiye
Tartaul de Salcie
Tartaul
Tashlyk
Taslac
Taslic
Tataraseni
Tatarasheny
Tatarasti
Tatarasti
Tatarauca Mica
Tatarauca Noua
Tatarauca Veche
Tatar-Baurchi
Tatar Copceac
Tatar-Copceag
Tatar Copcezc
Tatareshti
Tatareshty
Tatareshty
Tataresti
Tataresti
Tatar-Kopchak
Tatarushi-Nouy
Tatarushi-Vek'
Tatarusii-Vechi
Tateresht'
Taul
Taura Noua
Taura Veche
Taxobeni
Teia
Teiu
Telemeuts'
Telenesht'-Tyrg
Teleneshty
Telenesti Targ
Telenesti
Teleseuca Noua
Teleseuca
Teleseu
Telesheuka-Nou
Telesheuka-Veke
Telesheu
Teleshovka
Teleshovo
Telita Noua
Telita
Telitsa
Telits
Tel'piz
Temeleuti
Temeleuti
Temeleuts'
Temeleutsy
Temeleutsy
Temelevtsy
Tentareni
Tepilova
Terebna
Terebno
Ternovka
Tescureni
Teshkuren'
Teshkureny
Tetcani
Tetskany
Teura-Veke
Teura-Vek'
Teya
Tibirica
Tibuleuca
Tiganca Noua
Tiganca
Tiganesti
Tigania
Tigechi
Tigech
Tighecianul
Tighecii
Tigheci
Tighina
Tighira
Tigichanka
Tigina
Tintareni
Tintareni
Tipala
Tiplesti
Tipletesti
Tipordei
Tipova
Tiraspol
Tiraspol'
Tiraspolul Nou
Tira
Tîrgul-Vertiujeni
Tîrnauca
Tîrnova
Tîrnova
Tirsiteii Noi
Tirsitei
Tîrzieni
Titskany
Toceni
Tocheny
Tochile-Raducani
Tochile
Tocila-Raducani
Tocmagiu
Tocmodzeya
Tocuz
Todireshti
Todiresht'
Todiresht'
Todireshty
Todireshty
Todiresti
Todiresti
Todoreshti
Todoreshty
Togatino
Togatin
Tohatin
Tokila
Tokile-Radukany
Tokile-Rodukany
Tokilya-Radyukany
Tokmadzeya
Tokmazeya
Tokmazey
Toksobeny
Tokuz
Tokuzy
Tolocanesti
Tolokaneshty
Tomai
Tomai
Tomaiul Nou
Tomay
Tomay
Tomeshty
Tomestii Noi
Tomestii Vechi
Tomoy
Tompeshti Vek'
Topala
Topal
Topl
Tordanovka
Trebisauti
Trebiskauts'
Trebisoutsy
Trebujeni
Trebuyeny
Trebuzheni
Trebuzhen'
Trebuzheny
Trestieni
Trestiyany
Trestiyen'
Treteshty
Tretesti
Treysteni
Tricolici
Trifaneshti
Trifanesht'
Trifaneshty
Trifaneshty
Trifanesti
Trifanesti
Trifauti
Trifauts'
Trifautsy
Trifeshti
Trifesht'
Trifesht'
Trifeshty
Trifestii Noi
Trifesti
Trifesti
Trifyneshtiy
Trikolich
Trinca
Trinka
Triteshty
Troian
Troita Noua
Troita-Noua
Troita
Troita
Troitca
Troitcoe
Troitsa
Troitsa
Troitskoye
Troitskoye
Troyan Pervyy
Troyan Vtoroy
Trubaesti
Trubayevka
Trubiyevka
Trubnevka
Truboyevka
Truseni
Trushen'
Trusheny
Tsakhnoutsy
Tsambola
Tsambula
Tsapok
Tsarankutsa
Tsara
Tsaregrad
Tsareni
Tsaren'
Tsarëvka
Tsar'grad
Tsaul'
Tsekhnauts'
Tseleneshti-Tyrg
Tsepilova
Tsepilovo
Tseptsereni
Tsepurden'
Tsereni
Tsibirika
Tsibirka
Tsiganeshti
Tsiganesht'
Tsiganka
Tsintsareny
Tsipala
Tsiplitesht'
Tsipordey
Tsipova
Tsybulevka
Tsyganeshty
Tsyganiya
Tsyganka
Tsygira
Tsygyra
Tsyntsareni
Tsyntsaren'
Tsyntsaren'
Tsyntsareny
Tsyntsareny
Tsypala
Tsypleshty
Tsypleteshty
Tsyra
Tudora
Tudoreshty
Tudoresti
Tudorovo
Tumanovka
Tutovanul
Tutovanu
Tutovany
Tuzara
Tuzora
Tvardita
Tvarditsa
Tyrnova
Tyrnova
Tyrnovi
Tyrnovo
Tyrnovo
Tyrshitsey-Nou
Tyrshitsey Nouy
Tyrshitsey
Tyrshitsey Veki
Tyrshitsey Vek'
Tyrziyen'
Tyrziyeny
Tytskany
Ucrainca
Uiutnoe
Ukgeni Tyrg
Ukrainka
Ul'ma
Ul'ma
Ulmul Mic
Ulmu
Ulmu
Unchitesti
Ungeni
Ungen' Tyrg
Ungen
Ungeny
Ungheni Targ
Ungheni
Ungry
Unguri
Ungur'
Unkitesht'
Unkiteshty
Unteni
Unten'
Untesht'
Untesti
Untseshty
Ursari
Ursar'
Ursary
Ursoaia Noua
Ursoaia
Ursoaia
Ursoaya
Ursoaya
Ursoya
Ursoya
Ursoyya
Usateni
Usatovka
Ushtya
Ushurey
Ushury
Ustia
Ustia
Ustya
Ustya
Ust'ye
Ust'ye
Ust'ye
Usurei
Uyutnoye
Uyutnyy
Vadaturkiv
Vadaturkovo
Vadeni
Vaden'
Vaditurkul
Vad-Rashkov
Vaduleni
Vadul-Leca Nou
Vadul-Leca
Vadul-Leka
Vadul lui Isac
Vadul lui Voda
Vadul-luy-Isak
Vadul-luy-Vode
Vadul-Rascov
Vadul-Rashkov
Vadul Turcului
Vadul-Turkuluy
Vadu lui Isac
Vadu-luy-Isak
Vadu-luy-Vode
Vaduluy-Vody
Vadu-Rashku
Vadyany
Vady-Lui Voda
Vadyluy Isak
Vady-Luy-Voda
Valcineti
Valcinet
Valcinet
Valea Adanca
Valea Adinca
Valea Colonitei
Valea Florii
Valea Jidanului
Valea lui Vlad
Valea Mare
Valea Norocului
Valea Perjei Noua
Valea Perjei
Valea Perjei
Valea Perjei Veche
Valea Perjii
Valea Perjii
Valea Radoaiei
Valea Rusului
Valea Satului
Valea Traisteni
Valea -Trestieni
Valea
Valea Verde
Valeni
Valeni
Valeny
Valeny
Vale-Perzha
Vale-Radoayye
Vale Zhadan
Valkaneshty
Valya-Adynka
Valya-Adynke
Valyadinka
Valyadynka
Valya Floarya
Valya-Floriy
Valya Gavanosa
Valya Kolonitsey
Valya-luy-Vlad
Valya-Mare
Valya Norokuluy
Valya Perzhey Noua
Valya Perzhey Noue
Valya-Perzhey
Valya-Perzhey
Valya Perzhey-Vek'
Valya Perzhi
Valya-Perzhiy Noue
Valya-Perzhiy
Valya-Perzhiy Vek'
Valya Radoayey
Valya Radoya
Valyareshka
Valya-Rusuluy
Valya-Satuluy
Valya-Traysteny
Valya-Trestyany
Valya Treysteny
Valya-Treystiyen'
Valya
Valya Verde
Valya Zhdanuluy
Vaneshty
Vanita Mica
Vantina
Vantsina
Varancau
Varancau
Varatic
Varatic
Varatik
Varatik
Varnichen'
Varnita Noua
Varnita
Varnitsa
Vârtejenii-Sat
Varvara
Varvareni
Varvaren'
Varvareuca
Varvarovka
Varvarovka
Varvary
Varzareshti-Nouy
Varzareshty
Varzarestii Noi
Varzaresti
Vascauti
Vascauti
Vasieni
Vasieni
Vasikeu
Vasilcau
Vasileuti
Vasileutsy
Vasilievca
Vasilievca
Vasil'kovo
Vasil'yevka
Vasil'yevka
Vasiyany
Vasiyeni
Vasiyen'
Vasiyen'
Vasiyeny
Vasiyeny
Vaskautsi
Vaskauts'
Vaskautsy
Vaskoutsi
Vaskoutsy
Vaskovtsy
Vatich
Vatici
Vatra
Vedulen'
Vek' Brynzeni
Velikiye Ruseshty
Velykyy Molokish
Veratek
Verejeni
Verejeni
Verenkeu
Verezhany
Verezheni
Verezhen'
Verezhen'
Verezheny
Verezheny
Verkhne-Mar'yanovka
Verkhne-Skayany
Verkhniy Andrush
Verkhniye Andrushi
Verkhniye Buzdugany
Verkhniye Kholokhory
Verkhniye Kugureshti
Verkhniye Kugureshty
Verkhniye Mincheny
Verkhniye Popeshty
Verkhniye Skayany
Verkhniy Ketros
Verkhniy Sagaydak
Verkhnyaya Albota
Verkhnyaya Baltsata
Verkhnyaya Biserikucha
Verkhnyaya Mar'yanovka
Verkhnyaya Pyrlitsa
Verkhnyaya Zhora
Vertiujeni
Vertyuzhani
Vertyuzhan'
Vertyuzhany
Vertyuzhen'
Verzereshti
Vesëloye
Vesëlyy
Vesioloe
Veverita
Veveritsa
Victoria
Victoria
Victorovca
Viduca
Viishoara
Viishoara
Viishoara
Viishora
Viishora
Viisoara
Viisoara
Viisoara
Viktoriya
Viktorovka
Vîlcele
Vinatori
Vinogradari
Vinogradnoe
Vinogradnoye
Vinogradovca
Vinogradovka
Vinshoara
Vinshora
Vîprova
Viscauti
Vishnëvka
Visinesti
Visniovca
Visoca
Visoka
Viyshoara
Vladimiresht'
Vladimiresti
Vladimireuca
Vladimirovca
Vladimirovca
Vladimirovka Razdel'naya
Vladimirovka
Vladimirovka
Vladimirovka
Vodyany
Voinescu
Voinova
Voitovca
Volchenets
Volchinets
Volchinets
Volcinet
Volintiri
Volintir'
Volkanesht'
Volkaneshty
Volkaneshty
Volkenesht'
Volkoneshty
Voloavele
Voloave
Volodeni
Volodyany
Volonterovka
Volontiri
Volontirovka
Volovita
Volovitsa
Volovo
Volovy
Vorancau
Vorniceni
Vornicheni
Vornichen'
Vornicheny
Voronkova
Voronkovo
Voronkovo
Voroshilovka
Voroshilovka
Voroshilovka
Voroshilovo
Vorotets
Vorotet
Vorynkeu
Vosniseni
Voynesko
Voynesku
Voynova
Voynovo
Voytovka
Vozneseni
Voznesenskaya
Vozneseny
Vraneshty
Vranesti
Vranesti
Vryneshty
Vulcanesti
Vulcanesti
Vulkaneshty
Vulkaneshty
Vulkeneshti
Vul'peshti
Vul'pesht'
Vul'peshty
Vulpesti
Vykhvatinets
Vykhvatintsy
Vylchele
Vylchinetsi
Vynatory
Vyprova
Vyprovo
Vyrtezheni
Vyrtezhen Sat
Vyrtezheny Sat
Vyshkautsy
Vysoka
Vysokoye
Woronkowo
Woronkow
Yablona Noua
Yablona Veke
Yablona
Yagorlyk
Yakimovtsy
Yakobstal'
Yaloven'
Yaloveny
Yalovyany
Yalpug
Yalpuzhen'
Yalpuzheny
Yantarnoye
Yargara
Yargora
Yarova
Yarovo
Yasnaya Polyana
Yedintsy-Tyrg
Yedintsy
Yegaren'
Yegorovka
Yegorovka
Yegorovka
Yegorovka
Yekaterinovka
Yekaterinyanka
Yekimauts'
Yekimautsy
Yekimoutsy
Yelenovka
Yelenovka
Yelënovka
Yelizaveta
Yelizavetovka
Yelizavetovka
Yelizavetovka
Yenikioy
Yenikoy
Yepureni
Yepureny
Yermokliya
Yerzheu
Yerzhev
Yerzhovo
Yetuliya
Yevgen'yevka
Yeykhendorf
Yezereni-Nouy
Yezereni Veki
Yezereni-Vek'
Yezerini-Vek'
Yurchany
Yurcheni
Yurchen'
Yurcheny
Yurnevka
Yur'yevka
Yuzhnoye
Zabriceni
Zabrichany
Zabrichen'
Zagarancea
Zagarancha
Zagaykana
Zagaykani Vek'
Zagaykany
Zagaykany
Zagaykany
Zagaykoni
Zagorancha
Zagoreny
Zagoren'
Zagorna
Zagornoye
Zahaicana
Zahareuca
Zahoreni
Zahorna
Zahorna
Zaicana
Zaicani
Zaicani
Zaikany
Zaim
Zakharna
Zakharovka
Zakrepostnaya Slobodka
Zaluceni
Zaluchany
Zalucheny
Zaluchen'
Zalucia
Zâmbreni
Zamchozhi
Zamciogi
Zamcioji
Zamosi
Zamozh'
Zapadnyy
Zaporojet
Zaporozhets
Zarnesti
Zarojeni
Zarozhany
Zastînca
Zastynka
Zaykany
Zaykan'
Zayn
Zazulenii Noi
Zazulenii Vechi
Zazulenii Vechi
Zazuleni Veki
Zazuleni
Zazuleni
Zberoaia
Zberoaya
Zberoya
Zberoyya
Zbiroya
Zekheychani
Zembreni
Zembreny
Zembren'
Zenchany
Zereshty
Zerneshti
Zerneshty
Zgardeshti
Zgardeshty
Zgardesht'
Zgardesti
Zgordeshty
Zgura
Zgurita
Zguritsa
Zhabka
Zhamana
Zhapka
Zhavgur
Zhavreny
Zhelobok
Zhevreny
Zhevren'
Zholobok
Zhon Kyange
Zhora-de-Mizhlok
Zhora-De-Mizlilok
Zhora-De-Sus
Zhora-De-Zhos
Zhura
Zhurka
Zhury Nizhniye
Zhury Verkhniye
Zhury
Zhurzhuleshty
Zîmbreni
Zinzareny
Zirneshty
Zirnesti
Zloti
Zlotovka
Zolonceni
Zoloncheny
Zoloteanca
Zoloteyevka
Zolotievca
Zolotiyevka
Zolotyanka
Zorile
Zozulyany
Zozylyany
Zubreshty
Zubresht'
Zubresti
Zuri
Zurka
Zvëzdochka
Zviozdocica
Zymbryany
Zyrneshty
