Abzi-Kula
Adilovici
Adrovici
Agovica
Ahmedmujovici
Ahmedredic Katun
Akani
Alagin Do
Aleksandrov Grad
Alibrahimaj
Alici
Alilovce
Alje
Aluga
Aluge
Ambula
Ametovina
Andelat
Andelate
Andrici
Andricici
Andrijevica
Andrijevo
Androvici
Andzelate
Andzelati
Antelat
Antivari
Aprcovici
Arapi
Arbanasi
Arbanaski Do
Arbanes
Arbnes
Arbnez
Arza
Avlija
Avtenice
Azane
Azani
Azanje
Babacici
Babaici
Babajici
Babalonija
Babica Mala
Babica Polje
Babici
Babicpotok
Babina
Babin
Babino
Babino Brdo
Babino Polje
Babljace
Babljak
Babulja
Babunci
Bac
Bacevac
Bacevici
Bacevine
Bacevnik
Backovine
Bacovici
Bagocina
Bailovici
Baj Do
Bajice
Bajov Do
Bajovina
Bajovine
Bajov Kamen
Bajovo Polje
Bajraktari
Bakije
Bakoci
Bakovici
Bakrenjace
Balabani
Balabusici
Bale
Baljacki Do
Baloci
Balosave
Balotice
Balotici
Bamburi
Ban
Bancic Brdo
Bandicka Zupa
Bandzov
Banja
Banja Selo
Banje Brdo
Banje Selo
Banjevac
Ban-Lug
Banovici
Banovina
Baosic
Baosici
Bapsula
Bara
Baran Selo
Bar
Bardici
Bare Ajdinovica
Bare
Bare Kraljske
Bare Sumanovica
Bare Zugica
Barice
Barjamovica
Barlaj
Barni Do
Bartula
Barutana
Basca
Basce
Bascinovici
Basino Selo
Bastahe
Bastasi
Bata
Batal
Batute
Bavcici
Bazagur
Bazdan
Becic
Becici
Becko Korito
Bedem
Begar
Begova Dol
Begova Glavica
Begova Luka
Begovic
Begovici
Begovina
Begovine
Beljkasi
Beljkovici
Belovina
Belusevac
Belveder
Benkaj
Benkalj
Benkani
Beran
Berane
Beran Selo
Beri
Berislavci
Berjasi
Berova
Besa
Bes
Besevina
Besnik
Bezijovo
Bezjovo
Bezuje
Bigor
Bigovo
Bijedanj
Bijedici
Bijela
Bijela Crkva
Bijela Glavica
Bijelasi
Bijela Stijena
Bijela Voda
Bijele Poljane
Bijeli Potok
Bijelis Do
Bijelo Polje
Bijelova Babulja
Bijelovo Brdo
Bijelske Krusevice
Bijorici
Bileca
Bilece
Bioca
Bioce
Biokovac
Biorici
Birac
Biraci
Bisac
Biserna Obala
Bisevo
Bistrica
Bistrica Lipovska
Bistrica Lipovsko
Bistrica Moracka
Bistrice
Bitelica
Biteljica
Bitine
Bjela
Bjelice
Bjelila
Bjelisi
Bjeljoskja
Bjelojevice
Bjelojevici
Bjelosevac
Bjelosevici
Bjelosevina
Bjelosi
Bjelovici
Bjelovo Brdo
Blaca
Blace
Blagojevic
Blatina
Blatka
Bliskovo
Blizikuce
Blizna
Blizurat
Bljaca
Bljekov Mramor
Boan
Bobija
Bobotovo Groblje
Bobova Ulica
Bobovine
Bobovista
Boboviste
Bobovo
Bobulja
Bogaj
Bogaje
Bogaji
Bogajice
Bogajici
Bogajni
Bogdasici
Bogetic
Bogetici
Bogiceici
Bogicevica
Bogicevici
Bogisici
Bogmilovici
Bogojev Do
Bogomilici
Bogomolja
Bogomolje
Boguti
Bogutov Do
Bojanic
Bojanje Brdo
Bojate
Bojati
Bojici
Bojin Do
Bojista
Bojiste
Bojka
Bojke
Bojovice
Bojovici
Bojovina
Bojska Gora
Bokovo
Boksin Do
Bolesestra
Bolevici
Boljanic
Boljanici
Boljanina
Boljesestra
Boljev Do
Boljevici
Bolosave
Bonjin Do
Borak
Bor
Borca
Borcane
Borete
Boreti
Boricje
Borisici
Borislavljevica
Borjanica
Borje
Borkovici
Boronjina
Borova
Borovac
Borovica
Borovi Do
Borovo
Bosaca
Boscinovici
Boskovici
Bosnjaci
Botun
Boturic
Boturice
Boturici
Bovan
Bozaj
Bozdarev Do
Bozice
Bozici
Bozurev Do
Bracan
Bracani
Bracena
Braceni
Braconi
Bradasica
Braisa
Brajevici
Brajica Brijeg
Brajici
Brajkovaca
Brajkovina
Brajovici
Brajovicko Gostilje
Brajse
Braka
Brankov Do
Branlovica
Bratesici
Bratica
Braticev Do
Braticevi Dolovi
Bratkovica
Brat-Njive
Bratosavina
Bratozica
Brazda
Brca
Brceli
Brcve
Brda
Brdo
Bregove
Bregovi
Bregvija
Brekinja
Brekinje
Brekovac
Brestica
Brestice
Brestovi
Brestovi Do
Brestovik
Brevica
Breza
Brezani
Brezde
Breze
Brezevice
Brezine
Brezna
Brezojevica
Brezojevicë
Brezovac
Brezova Glava
Brezova Ravan
Brezov Do
Brezove Rupe
Brezovica
Brezovi Do
Brezovik
Brguli
Bride
Brijeg
Brijege
Brijegi
Brijeg Vuksanovica
Brijestovo
Briska Gora
Briski Do
Brkanovici
Brkljaca
Brkovic
Brljevo
Brnovici
Brocanac
Brocanac Grahovski
Brocanac Niksicki
Brocnik
Brod
Brojenovac
Brotnjik
Brskut
Brsno
Brstevac
Brzava
Buavice
Bubanje
Bubrezak
Buce
Bucelj
Bucin
Bucini
Bucje
Budanj
Budecevica
Budevac
Budimlja
Budimlje
Budisi
Budojevici
Budovica
Budua
Budva
Budza
Bujaci
Bujake
Bujkovici
Bukotica
Bukovac
Bukova Prodo
Bukova Suma
Bukova Voda
Bukovica
Bukovi Doli
Bukovik
Bukovi Kraj
Bukovi Lokanj
Bukovi Potok
Bulinovac
Buljarica
Bulje
Buljev Pod
Buljici
Buljunice
Buljusa
Bunar
Bunca
Bunovici
Burenjski Do
Burenski Do
Burici
Buronje
Buronji
Buronjski Do
Buronski Do
Buroski Do
Burtaisi
Busak
Busin Do
Busnje
Butua
Buturice
Cafa
Calanovica
Campari
Canj
Capre Mahala
Carade
Cardak
Carevic
Carine
Castelnuovo
Castelnuovo di Cattaro
Cattaro
Cattoro
Causevac
Causev Do
Cavanj
Cavlovic Kula
Cavori
Ceca
Cecevo
Cecune
Cecuni
Cejirenci
Cekanje
Ceklin
Celina
Celinacki Dolovi
Celine
Celinski Do
Celj
Celobrdo
Celuga
Cemani
Cemenca
Cenic
Cenici
Cepelnica
Cepetici
Cepici
Cerak
Ceranica Gora
Ceratov Brijeg
Cer
Cerje
Cernica
Cerovac
Cerovci
Cerovica
Cerovice
Cerovi Do
Cerovik
Cerovi Pod
Cerovo
Cerovo Prodo
Cesakovina
Cesljari
Cestin
Cestogaz
Cetanski Pod
Cetinje
Cetkovice
Cetkovici
Cettinge
Cevo
Cijevna
Cikotici
Cipcije
Ciperovaca
Ciri Kace
Cirovici
Cista Vlaka
Cisto Polje
Citluk
Civlak
Ckla
Cokarlinsko Brdo
Coklije
Cokotin
Cokova Luka
Cokrlije
Cokrlje
Colanice
Colani
Colanov Do
Colanovica
Colovici
Cosovica
Cosovici
Coveca Glava
Creoce
Crgalje
Crhalj
Crkvice
Crkvina
Crkvine
Crljenica
Crljenice
Crljevine
Crnacko Brdo
Crna Gora
Crna Greda
Crna Poljana
Crnca
Crnce
Crnci
Crni Kuk
Crni Nugli
Crnionica
Crnioni Do
Crni Potok
Crnis
Crni Val
Crni Vrh
Crnjonica
Crnobori
Crnoborje
Crno Brdo
Crnodoli
Crnokrpe
Crvena Lokva
Crvena Paprat
Crvena Stijena
Crveni Do
Crvioca
Crvljak
Crvljevine
Cucevica
Cucici
Cuke
Cukovac
Cukovici
Curaj
Curcici
Curilac
Curjan
Curke
Curukaca
Cvarin
Cvijovica Dolina
Cvilin
Dabezici
Dabojevici
Dabovici
Dabovina
Dacici
Daci
Dahca Reka
Dahna
Dajbabe
Dajcin Do
Dakonovici
Ðakov Do
Dakovici
Ðalci
Daljam
Daljan
Dalovici
Damjanovici
Danave
Danilovgrad
Dapcevici
Dapkovici
Dapsice
Dapsici
Daronji Do
Daronjin Do
Darza
Dasca Rijeka
Dauti
Debela Aluga
Debeli Grmen
Decbitrici
Dedezi
Dedici
Dedina Ravan
Dedinice
Ðedovo Polje
Dekare
Dekovici
Delaj
Delevici
Delici
Ðelovi Do
Demici
Demirovici
Denasevici
Denasi
Dencici
Dendinovici
Denjaca
Denovic
Denovici
Derace
Dervisevici
Desni Meteh
Deveta
Devojacki Do
Dide
Dijo
Dijonice
Dine
Dinesa
Dinje
Dinosa
Dinosi
Ðinov Do
Dinovici
Dio
Divanovici
Ðivorad
Dizdarev Do
Djecbitrici
Djenovici
Djevojacki Do
Djurasevici
Do Adzica
Dobërdol
Dobra Gora
Dobrakovo
Dobra Sela
Dobra Voda
Dobrcin
Dobrdoli
Dobrdsko Selo
Dobreci
Dobre Vode
Dobri Do
Dobrilovici
Dobrilovina
Dobri Lug
Dobrinje
Dobri Nugo
Dobro Brdo
Dobrodo
Dobrodol
Dobrodole
Dobronez Do
Dobronjez Do
Dobro Polje
Dobroseoska Merulja
Dobrota
Dobrovoljici
Dobrska Zupa
Dobrsko
Dobrsko Selo
Dobrus
Docici
Doderovici
Dodici
Do
Dodosi
Dojcin Do
Doknica Dolovi
Dolac
Dolenji Lovnica
Dolina
Doline
Dolinice
Dolja
Doljan
Doljane
Doljani
Dolma
Dolovi
Dolovi Kovacki
Dolovsko Korito
Ðonca
Dondici
Donja Bijela
Donja Brezna
Donja Brezojevica
Donja Brezovica
Donja Briska
Donja Brova
Donja Brvenica
Donja Bukovica
Donja Crnca
Donja Cuka
Donja Dobrilovina
Donja Dubova
Donja Glizica
Donja Gorica
Donja Grabovica
Donja Ibrija
Donja Josica
Donja Klezna
Donja Korita
Donja Kostanjica
Donja Kozica
Donja Kraj
Donja Krzanja
Donja Lastva
Donja Ljesnica
Donja Ljuta
Donja Lovnica
Donja Markovina
Donja Orija
Donja Orlja
Donja Plavnica
Donja Poda
Donja Podi
Donja Polja
Donja Povija
Donja Rakita
Donja Rijeka
Donja Rudnica
Donja Rzanica
Donja Rzenica
Donja Sela
Donja Seoca
Donja Slatina
Donja Sozina
Donja Spila
Donja Stitarica
Donja Tikova
Donja Tisa
Donja Trebesica
Donja Trebjesica
Donja Trepca
Donja Vrbica
Donja Zaljut
Donje Bisevo
Donje Briske
Donje Carade
Donje Crkvice
Donje Crnce
Donje Dajbabe
Donje Dubocke
Donje Gorice
Donje Grudice
Donje Jugovo
Donje Korito
Donje Krce
Donje Krnjice
Donje Kunovo
Donje Ledenice
Donje Lipovo
Donje Momce
Donje Morakovo
Donje Mrke
Donje Polje
Donje Selo
Donje Srijede
Donje Stolivo
Donje Stravce
Donje Stupine
Donje Sume
Donje Velje Duboko
Donje Zagrade
Donje Zaostro
Donji Besnik
Donji Bogdasici
Donji Brceli
Donji Brocanac
Donji Bukeis
Donji Bukelj
Donji Crnci
Donji Curilac
Donji Curovici
Donji Dubac
Donji Durickovici
Donji Frutak
Donji Gacevici
Donji Godijelji
Donji Gradac
Donji Izvor
Donji Kokoti
Donji Kos
Donji Kosic
Donji Kosici
Donji Kraj
Donji Lepenac
Donji Luzac
Donji Markovici
Donji Martinici
Donji Medun
Donji Miles
Donji Morinj
Donji Murici
Donji Orahovac
Donji Orasi
Donji Pipac
Donji Planik
Donji Pobori
Donji Rastis
Donji Ravni
Donji Rogami
Donji Rsojevici
Donji Sestani
Donji Stoj
Donji Stoli
Donji Stoliv
Donji Susanj
Donji Timar
Donji Ulici
Donji Unac
Donji Velji Mikulici
Donji Vukovci
Donji Vukovici
Donji Zagradac
Do Pjesivacki
Dorojevica Vatan
Dosude
Dovista
Dovolja
Drac
Dracevica
Dracevico
Dracinovac
Dragalj
Dragaljevina
Dragaljevo
Dragalji
Dragasi
Dragija
Draginja
Draginje
Dragojlovic
Dragojlovici
Dragomanovici
Dragomi Do
Dragosava
Dragosev Do
Dragosevo Selo
Dragoslava
Dragova Luka
Dragovica Polje
Dragovici
Dragovo Korito
Dragovoljici
Dragutinovici
Drakovici
Drakulovici
Drasin Do
Draskovina
Drazevina
Drazevine
Drazin Vrt
Dregaljevina
Drenovac
Drenovci
Drenov Do
Drenovica
Drenovistica
Drenovstica
Dresaj
Drijenak
Drijenci
Drijen
Drndari
Drndovina
Drobnici
Dromira
Droskoricki Dolovi
Drpa
Drpe
Drpe Mandica
Drum
Drume
Drusici
Dubac
Duba
Dubaje
Dub
Dubline
Dublje
Dubljevici
Dubocak [historical]
Dubocica
Dubocke
Duboja
Duboka Dolina
Duboki Do
Dubovik
Dubovo
Dubrava
Dubravcevina
Dubrave
Dubravica
Dubravice
Dubrovca Do
Dubrovsko
Ducice
Ducici
Dudevina
Duga
Duga Njiva
Duge Njive
Dugi Do
Dugi Laz
Dugna
Dujeva
Dujevo
Dujici
Dujovici
Dukat
Dulanovina
Dulcigno
Duletici
Dulice
Dulici
Ðuli
Dulipolje
Ðulov Do
Dulovine
Dumacine
Dupilo
Dupljaci
Duranovici
Durasevici
Duraskovici
Duratovici
Ðuravci
Durcici
Durdev Do
Durdevica Tara
Durdevice
Durici
Duricin Do
Duricka Reka
Duricka Rijeka
Durickovici
Ðurino Brdo
Ðurke
Durkovici
Ðurmani
Durovici
Durukaca
Dusici
Duske
Duskici
Dusko
Duzice
Duzi
Dvorista
Dzaferov Do
Dzafica Brdo
Dzogulja
Dzudzevici
Dzukelska Jama
Dzuveri
Elezov Do
Elici
Eraci
Erakovici
Ercegnovi
Erovici
Farmaci
Fazlovici
Femica Krs
Feratovo Polje
Fijernje
Firista
Franciskovici
Fraskanjel
Frutak
Fundina
Fusa e Nenes
Fustici
Gacevica Dolina
Gacevici
Gadi
Gagosi
Gajevi
Gaj
Gajine
Gajne
Galica
Gardasevici
Gardovici
Garevac
Gerani
Geusi
Gigcvici
Gigovici
Gilinoge
Gjenovic
Gjurasevic
Glavaca
Glavac
Glavaci
Glavaticici
Glavatici
Glavati
Glavatske Kucice
Glava Zete
Glavica
Glibaci
Glibavac
Gligorov Do
Gligorski Dolovi
Glisin Do
Glisnica
Glisovici
Glizica
Glogovik
Gluhi Do
Gluscevina
Glusje Selo
Gluvcev Do
Gnevi Do
Gnjijevi Do
Gnjilavi Do
Gnjili Potok
Gobovici
Goden
Godijelja
Godijelji
Godijevo
Godinje
Godocelje
Godusa
Gogici
Gogosi
Gojakovici
Gojevici
Gojkovic
Gojkovici
Gola Strana
Golemadi
Golijski Stozi
Goljemadi
Golocevci
Golubinja
Golubinjak
Golubinje
Golubni Do
Golubovci
Golubovici
Goluzba
Gomila
Gomile
Gomilice
Goransko
Gorazde
Gorica
Goricani
Gorice
Gorin Do
Gornic
Gornja Bijela
Gornja Brevenica
Gornja Brezna
Gornja Briska
Gornja Brova
Gornja Brvenica
Gornja Bukovica
Gornja Crnca
Gornja Cuka
Gornja Dobrilovina
Gornja Drazevina
Gornja Dubova
Gornja Glizica
Gornja Gorica
Gornja Grabovica
Gornja Ibrija
Gornja Josica
Gornja Klezna
Gornja Korita
Gornja Kostanjica
Gornja Krzanja
Gornja Lastva
Gornja Ljesnica
Gornja Ljuta
Gornja Lomnica
Gornja Lovnica
Gornja Mala
Gornja Markovina
Gornja Orlja
Gornja Plavnica
Gornja Poda
Gornja Podi
Gornja Polja
Gornja Povija
Gornja Rakita
Gornja Rijeka
Gornja Rovca
Gornja Rudnica
Gornja Rzanica
Gornja Rzenica
Gornja Sela
Gornja Seoca
Gornja Slatina
Gornja Spila
Gornja Stitarica
Gornja Tikova
Gornja Tisa
Gornja Trebjesica
Gornja Trepca
Gornja Vrbica
Gornja Zaljut
Gornje Brestice
Gornje Briske
Gornje Carade
Gornje Crkvice
Gornje Crnce
Gornje Dajbabe
Gornje Dubocke
Gornje Gorice
Gornje Grudice
Gornje Korito
Gornje Krce
Gornje Krnjice
Gornje Krusevo
Gornje Kunovo
Gornje Ledenice
Gornje Lipovo
Gornje Momce
Gornje Morakovo
Gornje Mrcevo
Gornje Mrke
Gornje Polje
Gornje Selo
Gornje Srijede
Gornje Stolivo
Gornje Stravce
Gornje Stupine
Gornje Velje Duboko
Gornje Vodice
Gornje Zagrade
Gornje Zaostro
Gornji Besnik
Gornji Bogdasici
Gornji Brceli
Gornji Brocanac
Gornji Bukelj
Gornji Ceklin
Gornji Crnci
Gornji Curilac
Gornji Curovici
Gornji Do
Gornji Dubac
Gornji Durickovici
Gornji Frutak
Gornji Godijelji
Gornji Gradac
Gornji Izvor
Gornji Kazanci
Gornji Klenza
Gornji Kokoti
Gornji Kos
Gornji Kosic
Gornji Kosici
Gornji Kraj
Gornji Lepenac
Gornji Luzac
Gornji Markovici
Gornji Martinici
Gornji Medun
Gornji Mestrevac
Gornji Morinj
Gornji Murici
Gornji Orahovac
Gornji Pipac
Gornji Planik
Gornji Pobori
Gornji Rastis
Gornji Ravni
Gornji Rogami
Gornji Rsojevic
Gornji Rsojevici
Gornji Sestani
Gornji Stoj
Gornji Stoli
Gornji Stoliv
Gornji Susanj
Gornji Timar
Gornji Tupan
Gornji Ulah
Gornji Ulici
Gornji Unac
Gornji Velji Mikulici
Gornji Vukovci
Gornji Zagradac
Gorovici
Gosic
Gosici
Goslic
Gostac
Gostilje Brajovicko
Gostilje
Gostilje Martinicko
Gostilj
Gostilovina
Gostojevici
Gostovici
Gotovusa
Govede Brdo
Grabe
Grab
Grabova Gomila
Grabov Do
Grabovica
Grabovi Do
Grabovnik
Gracanica
Gradac
Gradacka Poljana
Gradani
Grad
Gradina
Gradiosnica
Grahovac
Grahovo
Grahovski Dolovi
Grancarevo
Grandov Do
Grandovina
Granica
Granice
Granovo
Graovista
Grbavci
Grbe
Grbi Do
Grcka Stanica
Grdoci
Grdovici
Grdovine
Grebice
Grebnica
Greca
Grepca
Grevo
Grizica
Grizice
Grkavac
Grkovac
Grlic
Grncar
Gropa e Morisit
Gropa
Gropa Smailova
Gropa Smajlova
Grubani
Grubanova Gora
Grubesice
Grubesici
Grubin Do
Gruda
Grudevica
Gubavac
Gubce
Guberinici
Gubovaca
Guci
Gudure
Guke
Gunjaja
Gunjaje
Gunjani
Gunjicici
Guraza
Gurec
Gurza
Gusarevci
Gusarica
Gusici
Gusinje
Gusino Brdo
Gusnice
Guvna
Guvnista
Guvniste
Gvozdenice
Gvozd
Hadulica
Hadzaj
Hadzovina
Hajlovina
Hakanje
Halilovic
Han Drndarski
Han Garancica
Han Garaucica
Han
Hasale
Hasanoj
Hazane
Helmica
Herceg-Novi
Hercegova Strana
Hocevina
Hodzici
Honcice
Hondice
Honsice
Horolac
Hote-Zabelj
Hoti
Humkovina
Hunjevina
Husejinovici
Husici
Husovici
Ibarac
Ibricevina
Igalo
Ilijina Glavica
Inogor
Irino Brdo
Ispodbrda
Istace
Iva
Ivangrad
Ivanj-Do
Ivanje
Ivanova Aluga
Ivanova Korita
Ivanovici
Ivovici
Izlasci
Izvori
Jablanica
Jablan
Jablanovici
Jablanovo
Jaboke
Jabucna
Jabucno
Jabuka
Jabuke
Jabukovac
Jagnila
Jagnjile
Jagnjilo
Jagoce
Jagodin Do
Jagodni Do
Jagodnji Do
Jahovici
Jaicevici
Jakovac
Jakovovici
Jakupov Grob
Jalovca Do
Jama Cevska
Jama Vojvodina
Jancici
Janjiliste
Jankova Voda
Jankovici
Jankovo Selo
Japan
Jara
Jarciste
Jariste
Jasena
Jasenica
Jasen
Jasenovac
Jasenova
Jasenova Klada
Jasenov Do
Jasenovi Do
Jasenovo
Jasenovo Polje
Jasici
Jasika
Jasike
Jasikovac
Jasikovica
Jasikovi Do
Jasovici
Jastreb
Jastrin Do
Jaukovica Omar
Javljen
Javora
Javorak
Javorje
Javorovaca
Javorova
Javorovo
Jazbina
Jazbine
Jaz
Jecmista
Jedini Bor
Jela
Jelenak
Jelenjak
Jelica Dolina
Jelica Doline
Jelici
Jelina Gora
Jelin Dub
Jelovac
Jelovica
Jelovi Do
Jelovi Kraj
Jelov Kraj
Jelovo Zdrijelo
Jelov Panj
Jerenici
Jerinici
Jestrin Do
Jezerca
Jezer
Jezero
Jezevic
Jodole
Johovac
Johovice
Josa
Josanica
Josica
Josice
Josovici
Jovanovici
Jovici
Jovicina Voda
Jovov Do
Jugovici
Jugovine
Jugovo
Junca Do
Juncev Do
Juncevici
Kabala
Kacak
Kacanik
Kacara
Kacari
Kacmor
Kacunica
Kacuni Do
Kadarusa
Kajabeg
Kajevici
Kajos
Kakmuze
Kakmuzi
Kalace
Kalac
Kalacka Prodo
Kalezici
Kalica
Kaliman
Kalipolje
Kaljici
Kalludër
Kaluderac
Kaluderov Do
Kaluderovici
Kaluderovic
Kaluderovina
Kaluderski Katuni
Kaluderski Lazi
Kaluderski Laz
Kaludjerac
Kaludra
Kalusici
Kamenari
Kamenarovici
Kamenica
Kameno
Kameno Polje
Kamenovo
Kamensko
Kami
Kamine
Kamisevo
Kandija
Kanici
Kanje
Kanjosi
Kankusa
Kapavica
Kapavice
Kape
Kaplanovici
Karacici
Karacic
Karadzin Brijeg
Karanikici
Karastani
Karastanovici
Karaula Vaskovo
Karkovina
Karnagica Duga
Kartali
Karuci
Karuc
Kasevari
Kasice
Kasljavci
Katavici
Katuni
Katunina
Katunine
Katuniste
Katun
Katun Lindarski
Katun Potrk
Katun Rezevici
Kavac
Kave
Keselj Gradina
Kicava
Kiceva
Kikavice
Kilavice
Kiprenik
Kisjelica
Kitine Lazi
Klacina
Klacine
Klacnica
Klade
Klajevici
Klakorina
Klakorine
Klanac
Klanica
Klanice
Klapuhe
Klapusi
Kleke
Klenak
Klicevo
Klikovace
Klinci
Klismerine
Kljajevici
Kljakovica
Kljestina
Kljestine
Kljun
Klopet
Klopot
Knez Do
Knezevici
Knezevic
Knezlac
Knezlaz
Knez Polje
Knjez-Do
Kobiljaca
Kobilji Do
Koca Do
Kocane
Koce
Koci
Kodrabudan
Kodra Dake
Kodre
Kojevici
Kojovici
Kokica Strane
Kokoravac
Kokovina
Kolac
Kolasinci
Kolasin
Kolasinovici
Koleno
Kolenovice
Kolenovici
Kolevici
Kolibe
Kolijevka
Kolijevke
Koljat
Koljeno
Koljevka
Kolo
Kolomza
Kolonija
Kolonija Sula
Kolonza
Kolozun
Kolumbara
Komacev Laz
Komadine
Komanica
Komansko Brdo
Komaraca
Komarice
Komarino
Komarnica
Komarno
Komarski Kraj
Komina
Komine
Komini
Koministe
Komosevina
Konatari
Konate
Konik
Konisor
Konjevici
Konjuhe
Konjuh
Kopacine
Kopiljaca [historical]
Kopilje
Kopilov Do
Kopito
Kopito Petrovica
Kopitov Do
Koprivice
Koprivnjaca
Koracevac
Koraci
Koraj-Do
Koravlica
Koravljica
Kordovina
Korijen
Korita
Koritë
Koritnica
Koritni Do
Koritnik
Korito
Kornet
Koruge
Kosanica
Kosare
Kosari
Koserici
Kosetine
Kosevine
Kosice
Kosici
Kosic
Kosijeri
Kosjeri
Kos
Kosljun
Kosmac
Kosme
Kosorici
Kosor
Kosorska Bukovica
Kosovi
Kostanica
Kostanice
Kostanjica
Kostenica
Kostice
Kostici
Kostrikovica
Kostrovici
Kosuci Do
Kosutica
Kosutnjak
Kotlaici
Kotlajici
Kotlici
Kotline
Kotorac
Kotor
Kotrabudan
Kovacev Do
Kovacevici
Kovacica
Kovaci
Kovacina
Kovacka Dolina
Kovacke Kucice
Kovacki Dolovi
Kovac
Kovce Do
Kovcica
Kovijec
Kovren
Kozarica
Kozda
Kozica
Kozice
Kracedo
Kradenik
Kragujev Do
Kraista
Krajista
Krajiste
Krajnji Do
Kralje
Kraljevac
Kraljevici
Kralji Stari
Kralj
Kraljske Bare
Kranji Do
Krapina
Krasica Strana
Krasici
Krasovina
Kravari
Kravlja
Krcevina
Krcevine
Krc
Krece
Krejovina
Kremes
Krenza
Kricanje
Krijesterovina
Krimovica
Krimovice
Krivaca
Krivace
Krivac
Kriva Ploca
Krivi Do
Krivodo
Krivolaze
Krizevac
Krkor
Krlje
Krna Jela
Krnjaca
Krnjac
Krnja Jela
Krnja
Krnjan
Krnjevina
Krnjice
Krnjin Do
Krnulic
Krokocevo
Krosa
Krsane
Krsanje
Krseva
Krsevo
Krs Femica
Krs
Krsnica
Krstaca
Krstace
Krstaci
Krstac
Krstasi
Krstas
Krstata Dola
Krstau
Krst
Krstovace
Krtine
Krtoli
Kruce
Kruci
Kruge
Krug
Kruosa
Krupice
Kruscica
Kruscice
Kruse
Krusevac
Krusev Do
Krusevica
Krusevice
Krusevi Do
Krusevlje
Krusev Lug
Krusevo
Krusi
Kruska
Kruske
Kruskovi Do
Kruta
Krute
Krute Ulcinjsko
Kruti
Kruzac
Krvavci
Krzava
Krzevo
Krzulje
Kubasi
Kuce Mugosa
Kuce Scepovica
Kucetina
Kucetine
Kucevine
Kucice
Kucine
Kucista
Kuciste
Kucko Brdo
Kujacici
Kujava
Kukalje
Kukaljevina
Kukanj
Kukavica
Kukavice
Kukulje
Kula
Kulici
Kulina
Kuljace
Kumbor
Kumbur
Kunak
Kunja
Kunje
Kunjici
Kunj
Kunovaca
Kupina
Kupinovo
Kupusci
Kupusina
Kupusista
Kurikuce
Kurilo
Kurioci
Kuside
Kusido
Kusidre
Kutac
Kuta
Kuti
Kutlov Do
Kutnja Njiva
Kutsko Brdo
Kutusa
Kuzman
Kvekici
Lace
Lacev Do
Ladana
Ladjana
Lagatore
Lagatori
Laholo
Lainja
Lajina Luka
Lajinovici
Lajkovici
Lakina Lazina
Lakine Lazine
Lakinja
Lalevici
Lalicici
Laljevici
Laniste
Lapcici
Lapov Do
Lastva Cevska
Lastva
Lastvica
Lausevici
Lazarevici
Lazarev Krst
Lazba
Laze
Lazi
Lazina
Lazine
Lazinice
Laz
Lazorci
Lazovici
Lazovi
Leceviste
Ledenica
Ledenice
Legatov Do
Lehovo Brdo
Lekici
Lekovina
Lekperici
Lemes
Leovo Brdo
Lepenac
Lepetane
Lepetani
Lepetici
Lepirica
Lesevici
Leskovac
Leskovi Do
Lesnje
Leta
Levaja
Lever Tara
Levi Meteh
Levja
Lice
Licine
Ligatov Do
Lijarja
Lijeca
Lijecevina
Lijepi Brijeg
Lijepi Pod
Lijesce
Lijeska
Lijesnje
Lijesta
Lijeva Reka
Lijeva Rijeka
Lijevi Meteh
Likica Do
Limjani
Limljani
Lipa
Lipci
Lipe
Liplja
Lipovac
Lipova Ravan
Lipov Do
Lipovik
Lipovi
Lipovo Korito
Lipovo
Lirovo Polje
Lisa Stijena
Lisic Do
Lisicici
Lisiciji Do
Lisicine
Lisina
Lisna Bori
Litice
Litine
Livada
Livadani
Livade
Livadice
Livari
Livavi
Liverovici
Liverovo Polje
Ljajinovici
Ljebarice
Ljesevica
Ljesevici
Ljesevic
Ljesev Stub
Ljeskovac
Ljeskovca
Ljeskov Do
Ljeskovi Doli
Ljeskovi Do
Ljeskovi Dolovi
Ljesnica
Ljetine
Ljevak
Ljevista
Ljevlja
Ljubanivici
Ljubastica
Ljubojevac
Ljubovida
Ljubuski Stanovi
Ljuce
Ljumetici
Ljuta Bara
Ljutac
Ljuta
Ljutici
Ljutotuk
Ljutovac
Lofka
Lokva
Lokvanj
Lokvice
Lokvina
Loncari
Lopare
Loparici
Lopari
Lopate
Lopicici
Lovnocelo
Loza
Lozince
Lozna
Loznica
Loznice
Lubnica
Lubnice
Lubovo
Lucica
Lucice
Lucici
Luge
Lug
Lugovi
Luka
Lukavica
Lukavice
Luke Jocovica
Luke
Lukici
Lukin Vir
Lukovica
Lukovici
Lukovo
Lumetici
Lunje
Lupoglav
Lustica
Lutovo
Luzac
Luzani
Luzi
Luznica
Macaj
Macari
Macavare
Macija Stopa
Macista
Maciste
Mackate
Mackov Do
Macuge
Madeze
Madgus
Madzari
Madzarski Kraj
Madzurici
Magas
Magazini
Maglenca
Mahala Brezce
Mahala Capica
Mahala
Majna Gora
Majsterovine
Majstori
Majstorovina
Majstorovine
Majstrovina
Makljen
Mala Gorana
Mala Josa
Mala Komijne
Mala
Mala Paleza
Mala Rzista
Mala Zagreda
Male Crnokrpe
Male Krce
Male Krzulje
Malenza
Male Rokoce
Male Sljeme
Malezine Zagrade
Mali Alugi
Mali Brezovik
Mali Kaliman
Mali Lipovac
Mali Mikulici
Malin Dubiava
Malindubrava
Maline
Malinsko
Mali Orah
Mali Ostros
Mali Zalazi
Malo Brdo
Malo Danave
Malo Nemanjine
Malo Rasno
Malo Selo
Malosin Do
Malo Slacko
Malo Stravce
Malov Do
Malovici
Malta
Mamucevina
Mandegaj
Mandica Do
Mandici
Manicevo
Maoce
Maocici
Mardari
Mareza
Marica Do
Marica Luka
Marici
Marinac
Marina Glavica
Marina Rupa
Markov Do
Markovica Laz
Markovici
Markovina
Marovici
Marsenica Rijeka
Marsenici
Marstijepovici
Martici
Martinici
Martinicko Gostilje
Martinicsko
Martinovice
Martinovici
Marucici
Maslari
Masline
Masnica
Masni Do
Maste
Mataguzi
Matalika
Mataruge
Matesevo
Matkovici
Mazarici
Mazgalji
Mazici
Medasevine
Mededak
Mededa
Medede
Mededov Do
Mede
Medeze
Medice
Medinovaca
Medjurijecje
Medosi
Medun
Medupotocje
Medurec
Medurijecje
Medurjecje
Meduzvalje
Medvede
Megjurec
Meka Lokva
Mekica Do
Mekica Kula
Mekici
Meki Do
Mekote
Melaja
Meljaci
Meljak
Meljena
Meljine
Melligne
Menke
Mentovici
Meoca Cucka
Meoca
Meoce Cucke
Meoce
Mercajevac
Mercajevci
Merdari
Merulja
Mesto Dobrota
Mestrovac
Mestrovici
Metalica
Metaljka
Metanac
Metanjac
Metanovici
Meteh
Meterizi
Meteriz
Mezalini
Mezalin
Mezdo
Mezgalje
Mezgalji
Mide
Midzorove Kuce
Migalovica
Mihailovici
Mihajlovici
Mihaljevici
Mihronici
Mijacevici
Mijajlov Do
Mijakovici
Mijeli
Mijokusovici
Mijoljica
Mijoska
Mikijelji
Mikulici
Milacici
Mila Gora
Milakovci
Milati
Milatovac
Miletici
Miletin Do
Milevo Polje
Milicevici
Milici
Milijevici
Miljanici
Milje
Miljevci
Miljev Do
Miljevici
Miljkovac
Milocani
Milocer
Milojci
Milojevici
Milonjin Do
Milosevici
Milosi
Milovci
Milov Do
Milovici
Milovic
Milovo
Milunici
Milunovici
Milusina Pecina
Mioca
Mioce
Miocevici
Miogost
Miolje Polje
Mioska
Mirac
Miradovici
Miravcine
Mirin Do
Mirkovici
Miroc-Do
Mirocevici
Mirojevici
Mironici
Mirovici
Misevici
Misici
Miske
Misocelo
Misoka
Misovica Rijeka
Mitrovici
Mjedenik
Mjegotin
Mladojevina
Mlakva
Mlinista
Mljeticak
Mocevici
Mocila
Modredoci
Modridoci
Mojanovici
Mojdez
Mojkovac
Mojstir
Mokani
Mokanje
Mokanji
Mokra Njiva
Mokri Do
Mokri Lug
Mokrine
Mokrinje
Mokro
Momce
Momisici
Momusici
Moracica
Moracko Trebaljevo
Moraice
Morajce
Morajica
Morakovo
Morigno
Morinj
Mosevski Do
Mosori
Mosor
Mostine
Moticki Gaj
Mozura
Mracelji
Mramor
Mratinje
Mravinje
Mrcava
Mrcevac
Mrcevo
Mrcici
Mrcinici
Mrdenovac
Mrez
Mrkajici
Mrkalji
Mrke
Mrke Ploce
Mrkovi
Mrtvi Doli
Mrtvo Doboko
Mrzovici
Mucici
Mugosina Livada
Muhovici
Mujica Recine
Mulici
Muline
Mulinovec
Mulinovo Pocivalo
Mulovina
Muo
Muratovici
Murina
Murinë
Murino
Murovac
Musici
Muslici
Musovica Rijeka
Musovici
Mustafica Grede
Musta Rupa
Musterovici
Muzecka
Muzevica
Muzevice
Muznik
Muzovici
Nabojine
Nabom
Nadgora
Nadgrad
Nadublje
Nadulica
Nakicenovici
Naljezici
Nange
Nanhelm
Naplav
Na Pode
Navotina
Na Vrh Polja
Nazdre
Nedajno
Nedakusi
Nefertara
Negnjevo
Negobratina
Negobuda
Negosi
Neodi
Nerim
Neviden
Niegos
Nik Ðokaj
Nikezici
Nikmarasi
Nik Maras
Nikmaros
Nikolici
Nikoljac
Nikonovac
Nikovici
Niksic
Ninkovici
Nistice
Njegnjevo
Njegosi
Njegovuda
Njegule
Njegulov Do
Njegusi
Njive
Njivica
Njivice
Nogulovici
Nokte
Norin
Novakovica Do
Novakovice
Novakovici
Nova Pec
Nova Varos
Novcici
Novi Crnokrpe
Novoselje
Novo Selo
Novsici
Nozdra
Nozica
Nudo
Nuga Borkovica
Nugo
Nurkovici
Nurkovi Dolovi
Obadovica
Obalica
Obalice
Obarde
Objesenik
Oblatno
Obljaj
Oblo Brdo
Obod
Oborci
Obradovici
Obrov
Obrovo
Obzovica
Obzovik
Ocevici
Ociba
Ocinici
Ocka Gora
Odoljen
Odolje
Odrin
Odzaci
Odzak
Odzica Glavica
Odzi
Oglavina
Ogorelovac
Ogorelo Zdrijelo
Ogorjelo Zdrijelo
Ogradenica
Ograde
Ogradjenica
Oklade
Okladi Modri-Do
Okladi
Okolista
Okruglica
Oluja
Oluje
Omaric
Omar
Omedak
Omerbozevici
Omer-Bozovici
Omerovici
Opacac
Opaljenik
Opasanica
Opasaonica
Opatovo
Opcine
Optocici
Orabovac
Oracine
Orah
Orahovac
Orahova
Orahovica
Orahovo
Oraovica
Oraovice
Orasac
Orasani
Orasi
Orasje
Oras Mala
Orevine
Orja Luka
Orja
Orlina
Orlja
Ormus Rmuse
Ornica
Ornice
Orovac
Orovi Do
Orpovac
Orucevac
Oselina
Osjecenica
Osmanbegovo Selo
Osoja
Osoje
Osojnik
Osojni Orah
Osreci
Osredci
Osredina
Ostreli
Ostrelj
Ostros
Ostruznje
Ote
Otilovici
Otocici
Otrockovina
Ovcarevo
Ovcarica
Ovci Do
Ovcji Do
Ovna
Ovsine
Ovtocici
Ozebli Do
Ozegovica
Ozegovice
Ozezi
Ozrimici
Ozrinici
Pacarade
Pacaradi
Packov Do
Padez
Padine
Padi
Pajkov Vir
Pakalj-Do
Paklesica
Pakljesica
Pale
Paleza
Palez
Palic
Pali
Paljevine
Paljkovac
Paljuh
Palocak
Palska Luka
Palucak
Pandurica
Panjevi
Pantovici
Paocina
Papani
Papanj
Pape
Papovina
Papratine
Paprati
Papratiste
Papratnica
Papratni Do
Paprat
Parapidi
Parazlame
Parci
Pareski Do
Pasica Polje
Pasina Voda
Pasino Polje
Pasji Nugao
Paskala
Patnji
Pauce
Paucina
Pauice
Pavino Polje
Pavlicici
Pavlov Do
Pavlovici
Pavlovic
Pavlovina
Pazici
Pcinjaj
Pcinja
Peani
Pecarska
Pecurica
Pecurice
Pecurici
Pejakovici
Pejovici
Pelesi
Pelev Brijeg
Pelinkovici
Pelinovo
Peovac
Pepice
Pepici
Perasevici
Perasto
Perast
Perazica Do
Pernica
Peroci
Perotin
Perovica Do
Perovici
Perunicici
Perzagno
Pesca
Pesica Luka
Peskovici
Pestorici
Petijevici
Petine
Petinici
Petkovici
Petkovic
Petnica
Petnik
Petnjica
Petnjik
Petolik
Petrici
Petrovac na Moru
Petrovac
Petrova Ljut
Petrova Ravan
Petrov Do
Petrovica Do
Petrovici
Petrovic
Petrovo Polje
Peuta
Pfic
Pijeva
Pikale
Pikalja
Pikalji
Pikalj
Pilatovci
Pilote
Pincici
Pipac
Piperi
Pipoljevac
Pirni Do
Pisana Jela
Pisanje
Pisce
Piskav Do
Pistala
Pisteta
Pisteti
Pistet
Pistula
Pitoma Loza
Pitome Doline
Pitomine
Pizure
Pizuri
Pjasci
Pjescanica
Pjevceva Glava
Plagente
Plakala
Plakali
Plana
Planinica
Plani
Plansko
Plasa
Plasnica
Plate
Plavë
Plav
Plece
Plevlja
Plevlje
Plijesevina
Plijesi
Plijes
Plijevor
Plitki Do
Pljeva
Pljevlja
Pljevlje
Ploca
Ploce
Plumci
Plunci
Pluzevina
Pluzine
Poblace
Pobori
Pobor
Pobratici
Pobrde
Pobretice
Pobretici
Pobrezje
Pobrgje
Pobrjge
Pobrnjica
Pobro
Pocana
Pocekovici
Pocic
Pocijevka
Pocivala
Pocivalo
Podaluga
Poda
Podazdrijelo
Podbabac
Podbisce
Podborova
Podborovo
Podbozur
Podbrde
Podbreze
Podbrezje
Podbrezovici
Podbukovica
Podcabar
Pod-Daznik
Pode
Podgaj
Podglavica
Podgora
Podgorica
Podgor
Podgostec
Podgrade
Podgradina
Podgradje
Podgrad
Podgrede
Podgrezje
Podgrizde
Pod Han
Podhum
Podina
Podine
Podi
Podjelje
Podkamen
Podkita
Podkokot
Podkovacica
Podkovac
Podkrajci
Podkrajnica
Podkraj
Podkrs
Podkrusa
Podkukanj
Podkula
Podkupic
Podkurjaj
Podlastva
Podlazina
Podlicak
Podlisac
Podlisa
Podlitica
Podljut
Podlunjica
Podmaine
Pod Miljevica
Pod Milogora
Pod Milojevica
Podnovlje
Podosmin
Podosoje
Podosoj
Podostrog
Podovi
Podpece
Podpec
Pod
Podrid
Podrogatac
Podrudine
Pod Ruzaricom
Podsoko
Podstrana
Podtrlica
Podvlah
Podvoda
Podvrace
Podvrat
Podvrsnik
Podvrs
Podzdrijelo
Pogana
Pokraj
Poljana
Poljane
Polje Crkvicko
Polje
Polje Radovica
Poljica
Poljice
Poljkovac
Pomenici
Pometenik
Ponari
Ponikvica
Ponikvice
Ponori
Ponorni Do
Ponor
Popov Do
Popovici
Popratnica
Popratnice
Poprat
Porkulov Do
Porobici
Poroca
Poroce
Poros
Posajci
Poscenje
Poscenski Kraj
Poseljani
Posleniste
Potesi
Pothum
Potkamen
Potkita
Potkokot
Potkovacica
Potkovac
Potkrajce
Potkrajci
Potkrajnica
Potkraj
Potkras
Potkrs
Potkrusa
Potkula
Potocilo
Potocine
Potoci
Potok
Potpal
Potpece
Potrk
Potrkusa
Potrlica
Potrlice
Potrljica
Povijevo
Povrhpoljina
Povrse
Pozar
Pozduj
Pozeginja
Pozeginje
Poznanovici
Poznja
Pracevac
Pracica
Praga
Prcanj
Predi
Predis
Predojevica
Prehari
Prekornica
Prelevici
Premcani
Premici
Premilici
Prencani
Prenkaj
Prentin Do
Prentovici
Presecenik
Preseka
Presjeka
Presmenice
Prestreke
Pretrzeni Do
Previna
Previs
Prevlaka
Pribakovici
Pribilovice
Pribojevici
Priboj
Pribranci
Pricelje
Pridvorica
Prifta
Prifti
Prigradina
Prijeki Do
Prijeko Pocivalo
Prijelozi
Prijeradi
Prijespa
Prijestrelj
Prijevorac
Prijevori
Prijevor
Priloge
Primet
Priostrelj
Pripcice
Pripcici
Pripec
Priporci
Pripor
Prisiklinac
Prisojak
Prisoja
Prisoje
Prisoji
Prisojni Orah
Pristan
Prnjavor
Progonovici
Prokaplje
Proplanci
Proscenje
Prosce
Proseni Do
Prosica
Provalija
Provalije
Przice
Przista
Przno
Pseniciste
Ptic
Ptikalj
Pusanjski Do
Pusina
Pusonjski Do
Pustala
Puzici
Rabiklje
Rabitlje
Rabri
Race
Racesi
Racevo
Raci
Radanovici
Radanovic
Radan
Radeca
Radeta
Radetina
Radevici
Radevo
Radigojna
Radigojno
Radijelja
Radimiri
Radin Do
Radmance
Radmanci
Radmuzevici
Radojeva Glava
Radojevici
Radomir
Radosavac
Radovac
Radovanici
Radov Do
Radovica Polje
Radovici
Radovic
Radulici
Radulic
Radunovici
Radus
Rafailovici
Rafajlovici
Raganice
Raicevici
Raicevine
Rajcevici
Rajicev Do
Rajicevici
Rajisici
Rajkovici
Rajovici
Rajsici
Rake
Rakica Kuce
Rakici
Rakita
Raklja
Rakoljska
Rakonje
Rakonjska
Rakovac
Ralja
Raljevci
Ramadica Do
Ramovica Aluga
Ramovica Do
Ramovici
Ramovo Zdrijelo
Rance
Raonici
Raoslovici
Raovici
Raovic
Rap
Rasadnik
Rascevici
Rascici
Rasena
Rasici
Rasinovici
Raska
Rasko
Raskov Do
Raskovo Guvno
Raskrsnica
Raslvici
Rasno
Rasnovic
Rasoje
Rasova
Rasovo
Raspori
Raspuce
Ras
Rastica
Rastisa
Rastis
Rastoci
Rastoka
Rastok
Rastovac
Rasulje
Ratajica Glavica
Ratisevina
Ratkov Do
Ratkovici
Ravanj
Ravan
Ravce Polje
Ravna Gora
Ravna Rijeka
Ravne Smreke
Ravnica
Ravni Krstac
Ravni Laz
Ravnine
Ravni
Ravno
Razdolje
Razdrt
Razici
Razmuce
Razrez
Razvrsje
Rec
Redice
Redzica Krlje
Releza
Relezi
Relja
Reljici
Reljino Brdo
Renovac
Repaji
Reparica
Repaza
Repicke Aluge
Repiste
Repsa
Resna
Resnik
Rezevici
Ribjak
Ribljak
Ribnicka Vrela
Ribnjak
Ridani
Rijecani
Rijecki Grad
Rijeka Crnojevica
Rijeka Marsenica
Rijeka Marsenici
Rijeka Musovica
Rijeka Rezevici
Rijeka
Risano
Risan
Risji Do
Ristopolje
Ristovina
Rmuse
Rodijelja
Rogaci
Rogami
Rogane
Roganica
Rogani
Rogovina
Rojevici
Rokici
Rokoci
Rokocki Do
Role
Romac
Roncevici
Rondovici
Ropoc
Rosca
Rosenica
Rose
Rosno Brdo
Rosulja
Rosulje
Rovacko Trebaljevo
Rovanj
Rova
Rovcani
Rovca
Rovce
Rovine
Rozaje
Rozaj
Roza
Roze
Rozhajë
Rpavac
Rsojevici
Rta
Rt
Rubeza
Rubezi
Rucevac
Rucina
Rudanci
Rudes
Rudevine
Rudica Laka
Rudici
Rudine
Rudinica
Rudinice
Rudino Pocivalo
Rudinovaca
Rudnica
Rudnice
Rudo Polje
Ruista
Ruiste
Rujevica
Rujevo
Rujista
Runja
Rupe Mujovica
Rupe
Rupice
Rupina
Rusenovici
Rusojevici
Rustovo
Ruzica Dolac
Rvana Gora
Rvasi
Rvavac
Rzani Do
Rzeni Do
Rzine
Rzista
Rziste
Sabani
Sabotici
Sabovina
Sadici
Sahovici
Sajkovac
Sakate
Sake
Sakovo Brdo
Sakovo Selo
Salc
Salevici
San Stefano
Sapalj Do
Sapici
Sarac
Sarancici
Sarici
Saruljevac
Sasovici
Sas
Savici
Savic
Savina Glavica
Savina Kruska
Savina
Savin Bor
Savkovine
Savnik
Savrdak
Sazici
Scepan-Polje
Sceposevici
Scepov Do
Sedlari
Sedlo
Sekulici
Selac
Selakovici
Sela
Selina
Selista
Seliste
Selita
Seljani
Seljkovac
Selo Donja Lastva
Selo Kapetanovica
Selo Muo
Selo
Senicista
Seniciste
Senkol
Seoca
Seoce
Seosnica
Seostica
Serdar Kula
Sestovici
Sevari
Sevejski Do
Seveljski Do
Shëngjergi
Shën Gjergji
Sibionica
Siga
Sige
Sijerkovici
Siljev Do
Siljkov Do
Simace
Simonovici
Sindan
Sin Derd
Sindjon
Sindon
Sinjac
Sinkol
Sipacno
Sipanje
Sipcanik
Siplje
Sipova Dola
Sipovica
Sipovice
Sip
Siralija
Sircici
Siroki Do
Sirovac
Sirovi Kraj
Sisevici
Sisici
Sisovici
Sitnica
Sjekirica Velika
Sjenice
Sjenogoste
Sjenokosi
Sjenokos
Sjenoseti
Sjenozeta
Sjerac
Sjerogoste
Skakavac
Skakovac
Skaljari
Skanjci
Skenderovici
Skenderovina
Skenderska Kalica
Skic
Skoce
Skocigorina
Skocki Omar
Skok
Skorac
Skorafci
Skorca Gora
Skrbusa
Skvariste
Slacko
Sladojev Do
Sladojevo Kopito
Slamcica
Slamni Brod
Slanjina
Slapci
Slap
Slatina
Slatka
Slatkovici
Slavkovo Brdo
Slepac
Slijepac Most
Slivni Do
Slivska Poljana
Sljemena
Sljeme
Sljepasnica
Sljepasnjica
Sljerne
Sljivansko
Sljivensko
Sljivlje
Sljucka Strana
Sljuke
Smailagica Polje
Smira
Smocije
Smocilje
Smocje
Smokovac
Smokovci
Smolice
Smoljan
Smrcje
Smrdan
Smrdusa
Smreka
Smrijecno
Sobaici
Sobajica
Sobajici
Sobojici
Sokolac
Sokolovic
Sokubin
Solila
Solinski Brijeg
Solja
Somina
Sosunja
Sotonici
Sozina
Spahici
Spaljevici
Spanjola
Spasojevica
Spic
Spila
Spilice
Spilja
Spilje
Spinja
Spuz
Srdanov Grob
Srdevac
Srebrnica
Srecanje
Sredani
Sredina Sela
Srednja Mahala
Srednje Selo
Srednje Zaostro
Sreteska Gora
Sretnja
Srijede
Srijetez
Srni Do
Srpska
Stabna
Stadojevo Kopito
Staje
Stajista
Stajiste
Stancani
Stanci
Staniselici
Staniseljici
Stanisici
Stanjevica Rupa
Stankov Do
Stanojev Do
Stara Varos
Stara Zlatica
Starce
Starcevici
Stare Crnokrpe
Stari Bar
Stari Viskovici
Staro Mijatovo
Staro Selo
Stavani
Stazer
Steci
Stedim
Stegvasi
Stepen
Stepov
Stevanovac
Steverine
Sticje
Stijena
Stijensko Brdo
Stijepcici
Stitare
Stitarica
Stitari
Stjepovic
Stjepovo
Stodra
Stojanovici
Stojanovic
Stoja
Stojkovici
Stoj
Stolac
Stolak
Stoliv Donji
Stoliv Gornji
Stozer
Strahinici
Strahov Do
Strane
Strasevina
Strasevna
Stravce
Strazice
Strazista
Straziste
Strbac
Strelicki Krs
Streljanice
Stricina
Strmecica
Strojtanica
Strojtanice
Strojtenica
Strpca
Strp
Strugari
Struga
Strug
Stubao
Stuba
Stube
Stubica
Stubicki Kraj
Stublo
Stubo
Stub
Studenac
Studenca
Studenci
Stuga
Stupa
Stupine
Stupovi
Stupsko Polje
Stup
Stvara
Sujaci
Sukobin
Sukuric
Sukuruc
Sula
Sule
Suli
Suljkovac
Sumani
Sumanovac
Sumarev Dub
Suma
Sume
Sumica
Sumici
Sunga
Suplja Stijena
Surec
Surlin Do
Susanj
Suscepan
Susevina
Susici
Sustasi
Sustas
Susunja
Sutivan
Sutjel
Sutjeska
Sutomore
Sutomor
Sutorina
Sutorman
Sutvara
Suva Gora
Suvodo
Suvo Polje
Sveti Dorde
Sveti Nikola
Sveti Stefan
Sviba
Svijetin Brijeg
Svine
Svinjcevina
Svinjista
Svrcuge
Svrke
Svrkote
Tamnica
Tamnice
Tarhanisi
Tatarovine
Teca
Tegovina
Tegovine
Tejani
Teodo
Tepacko Polje
Tepca
Tërpezë
Terzici
Tici
Tiganji
Tijana
Tijesak
Timar
Tiosovic
Tisa
Tisovac
Titograd
Tivat
Tjesak
Tmajevac
Tmusice
Tmusici
Tockovi
Todorov Dub
Todorovici
Toletin Do
Toljevina
Tolosi
Tomanov Do
Tomasevici
Tomasevo
Tomba
Tomicici
Tomici
Topalovici
Topla
Topli Potok
Topolica
Tosici
Tospude
Tovicki Do
Traboin Stari
Traboin
Trabojin
Travni Do
Trebaljevo
Trebesinj
Trebesin
Trebinci
Trebizin
Trebljevina
Trebljevine
Trebovinski Pod
Trepca
Tresnjevic
Tresnjevik
Tresnjevo
Tresnjica
Trgovista
Trimojevici
Tripkovici
Trkaci
Trlica
Trmanje
Trnavice
Trnine
Trnjine
Trnovac
Trnovica
Trnovice
Trnovi Do
Trnovo
Trojanovici
Trojica
Trosavac
Trpezi
Trsa
Trstenik
Trubasinj
Trubina
Trubino
Trubjela
Trubjelo
Trubljani
Truma
Trunica Do
Trusina
Tucanje
Tucanj
Tudemile
Tudemili
Tudorovici
Tudorovic
Tulovo
Tunjevo
Tupanj
Tupan
Tupci
Turava
Turcini
Turija
Tursko
Turuntas
Tusina
Tusinja
Tusto Brdo
Tustovo
Tustvo
Tusupe
Tusupi
Tutini Doli
Tuzeva Luka
Tuzi Ljevorecke
Tuzi
Tvorilo
Tvrdakovici
Tvrdas
Tvrdos
Ubalac
Ubaljski Do
Ubalski Do
Uba
Ubla
Ublica
Ublice
Ubli
Udovcine
Ugarce
Ugljesici
Ugnji
Ujnice
Ukranje
Ukropci
Ulcinj
Ulica
Ulice
Ulici
Uljara
Uljari
Ulotina
Umac
Umci
Umkovina
Unac
Unevina
Unijerina
Unjarina
Uremovici
Urimovici
Urljev Do
Usanovici
Uskoci
Usputnica
Ustupnica
Utrg
Utrk
Uvac
Uvezac
Vagan
Vala
Valdanos
Valista
Varda
Vardista
Varine
Vasiljevici
Vasiljevic
Vaskovo
Vatnikaj
Vecerici
Vela Luka
Velembusi
Velenica
Velestovo
Veleta
Velida
Velide
Velidje
Velika Plaza
Velika
Velike Crnokrpe
Velike Krce
Velike Sljeme
Veliki Do
Veliki Lipovac
Veliki Orah
Veliki Ostros
Veliko Krce
Veliko Radevo
Velimje
Velimlje
Velinici
Velja Aluga
Velja Dolina
Velja Gorana
Velja Lazina
Velja Rzista
Velja Zagreda
Velje Brdo
Velje Duboko
Velje Polje
Velje Selo
Velje Slacko
Velji Brijeg
Velji Do
Velji Kaliman
Velji Kraj
Velji Mikulici
Veljinici
Velji Pistet
Velji Potok
Velji Zalazi
Veljobrzani
Verusa
Vezista
Vidacica
Vidijenje
Vidne
Vidno
Vidov Potok
Vidre
Vidrovan
Vignjevici
Vijenac
Vilace
Vilac
Vilici
Vili Jasen
Viluse
Vilusi
Vinici
Vinicka
Vinogradine
Vinogradista
Virak
Virpazar
Vir
Visnje
Visnjevo
Visnjica Do
Visnjica
Visnjice
Visocke
Vis
Vitalac
Vitasojevici
Vitasovici
Viti Jasen
Vitkove Staje
Vitoglav
Vjetarnik
Vjeternik
Vjetrina
Vjetrosevice
Vladimir
Vladne
Vladni
Vladnja
Vladosi
Vlados
Vlahovici
Vlahovina
Vlah
Vlaka
Vlaovici
Vlase Vica
Vlasko Polje
Vocje
Vodni Do
Vodno
Vojinovici
Vojkovici
Vojnici
Vojno Selo
Vojtina
Vojvodici
Voljavac
Voljevac
Volujnik
Vonjin Do
Vozarina
Vozarine
Vraca
Vracenovici
Vranesi
Vranici
Vranicke Njive
Vranjaca
Vranjak
Vranjestica
Vranjina
Vranj
Vranovici
Vranovic
Vranstica
Vranti Polje
Vratiste
Vratnica
Vrba
Vrbe
Vrbica
Vrbice
Vrbov Lug
Vrela
Vrelo
Vrgasevici
Vrh Polja
Vrh
Vrijesno
Vrlici
Vrljeroski Do
Vrsajke
Vrsevo
Vrtace
Vrta
Vrtlina
Vrtoc Polje
Vrtovi
Vrujca
Vrujica
Vrujice
Vrulja
Vuca
Vucedabici
Vucevo
Vucica
Vuci Do
Vucje Seliste
Vucje
Vucji Do
Vuckovici
Vujkovici
Vujkovina
Vujkovo Zdrijelo
Vujovske Ravni
Vukanovici
Vukasovici
Vukasovic
Vukicevici
Vukici
Vukmirovici
Vukoderica
Vuko Do
Vukodo
Vukorani
Vukotica
Vukotice
Vukotici
Vukovci
Vukov Do
Vukove Zgrade
Vukovici
Vukovo Brdo
Vukov Pod
Vuksanlekici
Vuksan-Lekic
Vuksanovici
Vuksanovic
Vuksanovo Gumno
Vuksici
Vulevici
Vulici
Vuljan
Vuljevici
Vusanje
Vuthaj
Zabes
Zabjelo
Zabljak
Zaboj
Zabove
Zabrde
Zabrnjica
Zacir
Zadublje
Zadurasevac
Zagaj
Zagarac
Zaglavak
Zagonac
Zagorak
Zagora
Zagoric
Zagorje
Zagorski Do
Zagrada
Zagrade
Zagrad
Zagrebac
Zagreda
Zagulj
Zagvozdak
Zahum
Zainovica Guvno
Zajedni Do
Zakrajci
Zakrilje
Zakrizevac
Zakurljaj
Zalazba
Zalipa
Zaljevo
Zaljev
Zaljuce
Zaljutnica
Zalom
Zaluci
Zamacev Do
Zambelici
Zanjev Do
Zanjica
Zanjic
Zankovici
Zankovic
Zanuglina
Zanugline
Zaorine
Zaostro
Zapotocje
Zaprevorje
Zari
Zarme
Zarunica
Zar
Zasada
Zaselje
Zasjednica
Zaslap
Zastek
Zaton
Zaugao
Zauglina
Zaugline
Zausje
Zavala
Zaviden
Zavraca
Zavraci
Zavrh
Zazdrijonice
Zbljevo
Zdrijelo
Zebice
Zebljak
Zecevina
Zecevo Selo
Zecije Aluge
Zederovo Brdo
Zeicno
Zekavice
Zekovice
Zelalici
Zelenica
Zeleni Do
Zelenika
Zeljev Do
Zeljeznica
Zenica
Zenjilov Lug
Zenj
Zgrada
Zgrade
Zidovici
Ziljak
Zirci
Ziva
Zivkov Do
Zivkovici
Zkrs
Zlatica
Zlatna Obala
Zlato
Zlijebi
Zljebina
Zloglavlje
Zlokovici
Zlostup
Zmajevac
Zmijice
Zmijina
Zminac
Zminica
Zminjac
Zmukici
Zogaj
Zoganje
Zoganji
Zoganj
Zorilovici
Zovaca
Zovica
Zovina
Zrinje
Zubac
Zugljaj
Zukovica
Zukva
Zupa Dobrska
Zupa
Zupci
Zupkovici
Zurena
Zuri
Zurnovice
Zvecara
Zvecava
Zvinja
Zvinje
