Abari
Abaye
Abdallah Diori
Abdel Begrou
Adabaï
Adabaï Deïli
Adabaï Doulel
Adabaï Idaouach
Adabaye
Adabaye Ideouache
'Adel Bagrou
Ador
Aéré Golléré
Aéré Mbar
Afnia
Afraré
Agmâmîne
Agnétir
Agouanit
Agouanitt
Agouémit
Agouénit
Agreyate
Agueni
Aguenni
Aguini
Aguinni
Agwenit
Ahel Aïmar
Ahel Aoubak
Ahel Cheïheb
Ahel el Jeïlani
Aïdou
Aïmé Msira
Aime Msirate
Aïmoré
'Aïn Ben Tili
Aïn Bentilli
Aïn Taiss
'Aïn Tass
Aïoun el Atrouss
Ajar Sarakolé
Ajar Toucouleur
Akaouini
Aka Wini
Akjoujt
Akjout
Akouaoui
Akouawi
Alaïna
Alanguidé
Aleg
'Aleïb
'Ali Baïdi
Amadi Fakourou
Amadou Moussa
Amagué Bédia
Amaké
Amchola
Amchotone
Amerj Arr
Amriyé
Ando Réo
Aniétir
Aouinat
'Aouînât
'Aouînet Némadi
Aoujeft
Aouré Baoudé
Archâne
Aré Koka
Aroueïji
Arsane
Arsane Maure
Artémou
Atâr
Atem
Atîla
Atta'îne
Attêïn
Avoïnat
Awïnatt
Awinet Némadi
'Ayoûn el 'Atroûs
Bababé
Bacikounou
Badaa
Badinké
Baédiam
Baédiamé
Bagoudine
Bahara
Bandiougou
Bango
Bara
Baraïni
Barbarak
Bargatanni
Bargou
Barkéol
Barkéol el Akhdar
Barkéol El Arhdar
Barkéouol
Barogal
Bassikounou
Bassi Nguidi
Baté Layé
Beïla
Beïlogué Yéro
Beïlougué Bolol
Beïlougué Démoundé
Beïlougué Litama
Beïlougué Yéro
Bélane
Bélédendi
Bélel Abdi
Bélel Gaodi
Belnabé
Benibafat
Bérélé
Bergatanni
Betselba
Bezeïr
Bidiské
Binndiamou
Bir el Moghreïn
Bir Moghreim
Bir Moghrein
Bir Moghreïne
Bir Moghrin
Bîr Mogreïn
Bir Morhrein
Bir Oum el Grein
Bir Oum Grein
Bir Oum Greïne
Bir Umm Grain
Blajemile
Blajmil
Blemhar
Bodiédié
Boediam
Bofal
Boghé
Bogué
Bogué Dow
Boguel Fadoua
Boitiek Elali
Boitiek Eliémane
Bokédianbi
Boki Hamet
Bokol
Bolol Doggo
Bolol Dogo
Bondi
Bondiéri
Borélé
Borié
Botoula Taring
Boû Amama
Bou Amana
Bouanzé
Bouara
Bou Aslété
Boû Bakar
Boubou Aoudi
Boubou Karli
Bouda
Boudama Peul
Boudiébaya
Bouélé
Bouérik
Boufal
Boû Gâdoûm
Boû Gamoul
Bougoudré
Bouguérha
Bouguérha
Boukéréya
Boulanouar
Boû Lanouâr
Bouli Borbo
Bouly
Boumdeït
Bounoir
Bounouar
Bounououara
Bounouwara
Bourélé
Bouroudji
Bourougoudoun
Bousseï Adé
Boû Steïlé
Boutanda
Boutel Ahir
Boû Tézékreï
Boutézékrèy
Boutilimit
Boutillmit
Bouyal Bokar
Boû Zraïbié
Boyo
Braïdid
Braydid
Brenn
Breune
Cansado
Casba des Aït Maouin
Casbah des Aït Maouine
Chbariat
Chèbar
Chegga
Cheïka Louaré
Chelka Ould Bannahi
Chelkhat Rhiarhoum
Chelrhat Rhiarhoum
Chig el Outeïdat
Chig Louteïdatt
Chinguetti
Chkata
Chorfa
Choûm
Civé
Coppolani
Coumba Ndao
Coumta N'Dao
Crampel
Dabaï 'Aïn Memounia
Dabaï Amamédé
Dabaï Amidi
Dabaï Baï
Dabaï Dalouach
Dabaï Dalwach
Dabaï el Barké
Dabaï el Izradite
Dabaï el Média
Dabaï el Talb Moussé
Dabaï Jidou
Dabaï Jidou Oul Chett
Dabaï Keïli
Dabaï Laïssad
Dabaïli Souéli
Dabaï Magui
Dabaï Mbaré
Dabaï Moussé
Dabaï Moutraoga
Dabaï Saliou
Dabaï Sambayel Oré
Dabai Sanbayel Ore
Dabaï Sonkarou
Dabal Magui
Dabé
Dafort
Dahakélé
Dahalagué
Danguérémou
Danguidébé
Dao
Daoua
Dara
Dar Cheikh Abdalaye
Dar Cheïkh Abdallaï
Dar-Cheikh-Abdallaye
Dar el Barka
Debay El Barké
Débé Sorfa
Débous
Débouss
Déguismoli
Demba Lembéré
Demba Sambel
Dénéal Samba Ombo
Dérik Guirfafé
Dérik Kélilaé
Dernié
Désili
Diabaye
Diadé
Diafane
Diaguili
Diahoulel
Diala
Diam Diam
Diamel Vidim
Diamer
Diandiourou
Dianguina
Diaouara
Diaoubé
Diawara
Dida Rhoulé
Diéba
Diemar
Dieuk
Dimja
Dimje
Dindi
Dineker
Diogountourou
Diogoutourou
Dioldi
Dioroum
Dios
Dioubali
Dioudi
Diouker
Dioulon
Diou Ould Snéléoum
Diovol
Djadjebina
Djadjibine
Djajbine Chorfa
Djajibine Chorfa
Djajibine
Djebaba Galadio
Djebaba Level
Djeol
Djereida
Djib
Djigéni
Djiguéni
Djilalfa
Djllalfa
Djovol
Dolol Civré
Dolol
Dolol Sivré
Dolol Soubala
Douamkara
Douboungué
Dougoulgui
Douibel Batha
Doulel
Dououara
Dyamawali
Dyamwéli
Dyovol
Echkata
Egémanbénou
Eguémanbénou
El Abdé
El Aïoun
Elali Ajar
Elali Niaroual
Elali Nioroual
Ela Mouinessé
El 'Aoueïnât
El Arch
El Atchane
El Awaïnatt
El 'Ayoûn
El Baghoui
El Bir
El Boulaïr
El Boussaï
El Douti
Êleib
Elemene Srhîr
Elemen Srir
El Erg
El Faraa
El Fougué
El Fouie
El Gèté Mbèygou
El Goss
El Gouessi
El Grain
El Graïr Enzaï
El Greïn
El Gueneïba
El Guèté Mbeïgou
El Guilène
El Haédi
Eli Bab
Eli Bati
Eli Souitt
El Izabè
El Joumaa
El Kseïba
El Magali
El Maha
El Mali
El Mamghar
El Mankous
El Mankouss
El Maroualeb
El Medda
El Meddah
El Memghar
El Memrhar
El Méssiel
El Meuzeu
Elminetafra
El Momchar
El Moudéré
El Moulali
El Roueïrat
El Srir
El Vana
El Zerda
E-n-Tatrat
Es Srhîr
Ez Zerda
Fadia
Fagyar
Fanaye Niakouar
Fassalé
Fdeirek
Fdérick
Fdérik
Feïtas
Féréni
Ferkane
Ferlankobé
Ferrala
Filké
Fimbo
Fimbo Paliba
Flike
Fofana Débé
Foïlé
Fora Sinérabi
Fort Cappolani
Fort Gouraud
Fort Goureaud
Fort Repoux
Fort Trinquet
Fort-Trinquet
Foundou
Fra' el 'Achoûché
Fra' Ladoum
Gâ'ât Teïdouma
Gadiama
Gani
Ganki
Ganséraké
Gaouyéré
Garak
Garalla
Garalol
Garé
Garli
Givé
Gleïbât Boukine
Godiavel Galaoual
Godioouel Demba
Godioouel Galaouel
Godioval
Godiovol
Godiowel Demba
Godiowel Galaoual
Goouatt
Goulel Mouroir
Goupou
Gouraye
Gourdiouma
Gourel Adama
Gourel Ali
Gourel Amadi Boudari
Gourel Baïdi Sori
Gourel Bakar Sy
Gourel Bamol
Gourel Diaré
Gourel Diéri
Gourélé
Gourel Farba
Gourel Foulé
Gourel Gaï
Gourel Keradi
Gourel Kotché
Gourel Mahamoud
Gourel Malalfa
Gourel Mama Dado
Gourel Mamadou Penda
Gourel Moussa
Gourel Pé
Gourel Saldé
Gourel Samba Sidi
Gourel Sanétabé
Gourel Somana
Gourel Tierna Amadou
Gourel Tierno
Gouret Farba
Goureye
Gourfaf
Goven Karé
Govin Karé
Gowatt
Graïr Enzaï
Guéleïbate Boukine
Gueléïbate
Guéleïbé
Guéléoil
Guéléoual
Guémou
Guénétir
Guidakar
Guidala
Guidembala
Guidibiné
Guidilol
Guiégui
Guiraï
Guiraye
Guireye
Hadad
Haddah
Haéré Goléré
Haéré Mbar
Haï Médat
Haïré Goléré
Haïré
Haïré Mbar
Hamdallaye
Hamed Jibi
Hamoud
Hamouria
Hâmouryâ
Hari Hara
Harouna
Harr
Hartane
Hâsèï Larha
Hasseï Larha
Hasseï Sidi
Hassi Bagara
Hassi Bagra
Hassi Boû Seï
Hassi Chaggar
Hassi Chems
Hassi-Chogar
Hassi Delme
Hassi el Abiod
Hassi el Hamar
Hassi Guenderes
Hassi Guendres
Hassi Sidi
Houi Damour
Ibacheléne
Idaouach
Idawache
Idjil
Iéro Djibel
Imijijé
Iouik
Iwik
Jérikay
Jilalive
Jirana
Joumanié
Jraïf
Jraïf
Jreïda
Kadi-el-Abou
Kadié Labou
Kadiel
Kaédi
Kaléourou
Kalifa
Kaloua
Kalwa
Kamor
Kankossa
Karakoro
Karka
Karoulou
Kataouane
Kataouan
Kayoutt
Kélélé
Kéninkoumou
Kerfi
Kersiniané
Keurinadihé
Keur Kouré
Keur Macene
Keur Madiké
Keur Marsal
Keur Massène
Keur Mour
Keur Pèr
Khabou Guidimaka
Khabou
Kharré
Kîfa
Kiffa
Kilioua
Kiliwa
Kitane
Kobenni
Kobonni
Kooa
Koou
Koou Nimadi
Koro
Korokoro
Koté
Kouidé
Koumba Ndao
Koumbi Dyofi
Koumbou
Koundélé
Koundel Réo
Koundiourla
Kouroukéré Béda
Kouroukéré el Kabar
Kouroukéré Idoulcher
Kouroukéré
Koussana
Koussané
Kova
Kow
Kow Nimadi
Kraâ Bou Mbaré
Krâ' Boû Mbaré
Ksar Chams
Ksar el Barka
Ksar el Khâli
Ksar
Ksar Torchane
La Batterie
Lagafouya
Lahouvich
La'ouessi
Larach
Lareïch
Larèych
Léangrat
Léa Ouémoua
Léa Wémwa
Léboudou Ouaoundé
Leboudou Waoundé
Legat
Legatt
Leggatt
Léhagid
Léhaguid
Leherik
Léhoueïdni
Le-Kséïba
Lékselba
Léma
Lemhaisrat
Lemjajta
Lemjatja
Lemrhada
Lerouérat
Leroug
Lévé
Léxelba
Liguilkaïri
Lilia
Liradj
Litama
Livol
Lméday
Lorhviré
Louad Touil
Louboéré
L'Oudeye
Lougat
Lougué Boudamé
Lougué Potié
Louguéré
Loumbaydi
Loumbol
Lououeï
Lourémé
Louweï
Madèl
Madina
Mafondou
Magama
Maghama
Magta-lahjar
Magta' Lahjar
Makadougou
Makhana
Makrédi
Mamaéli
Mame Diak
Mansour
Maoudass
Mara
Marandébé
Marané
Mareïfa
Marhandyé
Marsila
Massam
Massar
Mbagne
Mbahé
Mbalou
Mbédia Achar
MBeida
Mbeïdia
Mbeïdi
Mbich
Mbidane Alambé
Mbomé Kawal
Mboto
Mboul
Mboul
Mbout Chorfa
Mbout
Médala
Médalla
Medd Allah
Mederdra
Meïlaha
Memrhar
Messelsé
Miloatane
Mils
Mkhaïzine
Modi Founti
Mohili
Moïbra
Moï Moï
Mokraï Mara
Monguel Foubdé Diéri
Mônguel
Monguel Toundé
Moribougou
Mostaka
Moudiat
Moudjéria
Moudji Babangol
Moudji Youroufa
Mouénité
Mouit
Moujoufane
Moujoufan
Moulessimou
Mounguel
Mounor
Mourtogalgar
Mousfouayé
Mousfwayé
Moussala
Moussasta
Moussoufoyé
Moutahala
Moutogagar
Moutogalgar
Mreïmida Beïdane
Mreïmida Harâtîne
Mreïmida Haratin
Mta Meïdit
Mta Meydit
Mzaïmid
Mzaymid
Naïlé
Nbâk
Nbaré
Ndam Niaraoual
Ndam Niaroual
Ndam Yalalbé
N'Dan
Ndiago
Ndian Dia
Ndiao Réo
Ndiavaldi Bouli
Ndiavaldi Diouma
Ndiémar
Ndiéo
Ndiongo
Ndirol
Ndoumelli Débé
Ndoumelli
Ndrénawou
Néga
Nemahidi
Néma
Néré
Néré
Néré Oualo
Ngalgou
Ngapougou
N'Goraï
Ngorel
Niabina
Niarawal
Niéleba Haouissa
Niéléba Haouissé
Nima
Nimjad
Niomel
Nouâdhibou
Nouakchat
Nouakchot
Nouakchott
Nouâmghâr
Nouamrhar
Nouma
Ntabane
N-Tîlimît
Ntilimitt
Nuadibu
Nwanghar
Olo Ologo
Otiéré
Ouadâne
Ouadio
Oualâta
Ouali Diamtana
Ouali
Oudane
Oûdeï Chrak
Oûdeï Lebhanis
Oûdeï
Oûdeï Talaba
Oudelemguil
Oudeye Lebhanis
Oudeye Lebhaniss
Oudeye
Oudeye Talaba
Ouechguech
Ouédamor Gobingoa
Ouédamor Gobi
Ouédamor
Ouéringuel
Ouètji
Ouiouat
Oujefte
Oujeft
Oulad el Hadji
Oulad Ouissa
Oulad Talha
Oula Gueïlé
Oulamantess
Ould Jiddou
Ould Moïlid
Ould Rami
Ould Yanja
Ouled Addet
Oulombomé
Oulrami-Maure
Oulrami Maures
Oulrami
Oumkchéra
Oumm el Barka
Oumm el Bohoro
Oumoulbarka
Oumoulbohoro
Oumoussoyé
Oumpou
Ouolé
Ouoloum Atar
Ouoloum Néré
Ouompou
Ourguia
Ouro Aïré
Ouro Boka
Ouro Boki
Ouro Diallo
Ouro Diaoubé
Ouro Famé
Ouro Fari
Ouro Haïré
Ouro Ndom
Ouro Sabar
Ouska
Patoukone
Pempédiel
Pendao
Poleti
Portendick
Port-Étienne
Port Ettienne
Puits des Boradda
Puits des Borradas
Rachbé
Rachide
Rachid
Raïchakh
Raïféra
Regba
Regbet Thila
Reguibat
Rgueïba-Thila
Rhabra
Rinndiao
Roco
Rosso
Rouji Aoudi
Roumda
Roumdé
Sabala
Sabar
Saboala
Saboala
Sabou-Ciré
Sabou-Siré
Saboussiré
Saboussiré
Sagné
Sahout el Ma
Salka Balé
Salka Dahana
Sambadébé
Samba Doga
Sambakagny
Samba Kandji
Sambangoma
Samba Sako
Samba
Sambou
Sanbadébé
Sanba Kandji
Sanbangoma
Sanba
Sanbou
Sandémodé
Sangué Diéri
Saralébéda
Sarankoïté
SAré Ndogou Boubakar Baïli
Saré Ndogou Dibéri
Sayé
Ségui
Sehout el Ma
Seï Délémé
Seï Hamar
Seira Fatouma
Séli Atach
Sélibabi
Sélibaby
Sellam
Selrazéné
Séné Kouna
Sétaré
Séyène
Sibar
Si Hamel
Silla
Siluol
Simon
Sintiou Boumaka
Sivé
Solou
Sori Malé
Soronabougou
Sott
Souaendé
Soueïf
Souet el Ma
Soufi
Sountchoudébé
Swaendé
Tacheur
Tairente
Taizennt
Taïzent
Takoutala
Takoutala
Takoutalla
Talhâya
Tamchaket
Tamchakett
Tamchekett
Tamchekket
Tamxat
Tamzak
Tamzakt
Tanaha
Tânît
Tanoudert
Tanoutalla
Taringuel
Tassota Baréné
Tassota Botokolo
Tata
Tchéra Idobilat
Tchéra Oulad El Faghi
Tchéra Oulad el Fagui
Tchéra Rouissa
Tchéra Rwisa
Téguel Wézé
Teïdouma el Makha
Teïzir
Tèjékent
Ténoudérit
Tentane
Terbékou
Terjit
Tessèm
Testaï
Tétiane
Tétiane
Thiong
Tialé
Tialgou
Tiali
Tiango Nioro
Tîchilît Aganataya
Tîchilît Ahel Baba
Tichïlite Aganataya
Tichilite Ahel Baba
Tîchilît el Hradem
Tîchilît el Hradem
Tîchilît el Khâdem
Tîchilît el Khâdem
Tîchilît el Kountaoui
Tîchît
Tichitt
Tidé
Tidjikdja
Tidjikja
Tiékane
Tiénel
Tiénidébé
Tiguent
Tiguéré
Tijikja
Tikattane
Tikattan
Tilla
Timbedgha
Timbédra
Timébédra
Tindé
Tinéto Koba
Tingal
Tingoumba
Tinteïna
Tiong
Tioyékit
Tisent
Tishit
Tjadi
Tjidé
Toéil
Tombéré Djingué
Tombéré Guindé
Toringuel
Toueïl
Touémirt el Gouazi
Touf
Tougouba
Touil
Touïmert-el-Bèra
Touîmert Lbèra
Touimrat
Touimratt
Toukobra
Touldé Boussobé
Touléli
Toulel
Toulé
Toumbaré
Toumbéré Djingé
Toumbéré Djingué
Toumbou
Toumiat
Toungad
Tounguen
Tourimé Magia
Tourimé
Tourimé Yaka
Traif
Tyoyékit
Ualata
Vane Vane
Vannvane
Vélidiaré
Vèndou Diabi
Vénédou Séno
Vindé Aboïdi
Vindé Aïré
Vindé Guibi
Vindé Haïré
Vindé Lélel
Vindé Mbordi
Vindétilé
Vindi Boké
Vinding
Vindou Goumi
Vinndé Aboïdi
Vourodialo
Walata
Wali
Wéringuel
Windé Mbordi
Wiwatt
Wolé
Wompou
Woumpou
Yama
Yèngi
Yèngui
Yéni
Yéro Djibel
Yiama
Youmane Yiré
Zaïnat
Zegueha
Zénégué Bou
Zénégué Maures
Zénégué Maure
Zénégué Toucouleur
Ziouaz
Ziwaz
Zoueïratt
Zouérate
Zouérat
Zouîrât
Zréf
Zreïf el Azra
Zreïg
