Amersham
Baker Hill
Bank Level
Banks
Beech Hill
Bethel
Black Ghaut Basin
Bramble
Bransby
Cavalla Hill
Cheapend
Cork Hill
Cork Hill Village
Cudjoe Head
Cudjoehead Village
Cuojoe Head
Dagenham
Davy Hill
Delvins
Dick Hill
Drummond's
Duberry Hill
Dyer's
Fairfield
Farm
Farm Village
Fleming
Fogarty
Fox's Bay
Frith
Gages
Gerald's Bottom
Gerald's
Gingoes
Glen Mhor
Gun Hill
Happy Hill
Harris
Harris Village
Harris' Village
Hodge's Hill
Hope
Iles Bay
Jubilee Town
Judy Piece
Kinsale
Kinsale Village
Lee's
Lees Village
Long Ground
Long Ground Village
Mango Hill
Marko Bottom
Molyneux
Morris'
Nixons
Old Norwood
Old Towne
Olveston
Parsons
Plymouth
Pond Bottom
Rendezvous
Rendezvous Village
Richmond Hill
Richmond
Roche's Yard
Rocklands
Ryners
Saint George's Hill
Saint John
Saint John's
Saint John's Village
Saint Patrick's
Saint Patrick's Village
Saint Peters
Saint Peter's Village
Salem
Shooters Hill
Soldier Ghaut
Spanish Point
Streatham
Trant's
Trials
Tuitt's
Victoria
Virgin Island
Webbs
Weekes
Windy Hill
Woodlands
Zion Hill
