Ainsielem
Ashiak
Attard
Axiak
Bahar ic-Caghaq
Bahar it Chiak
Baia di San Paolo
Balzan
B'Buga
B'Bugia
Benghaisa
Benghajsa
Benghisa
Bezbezija
Bidni
Bighi
Bingemma
Binjemma
Birbuba
Birchircara
Birgu
Bir id-Deheb
Birkirkara
Birzbbu
Birzebbu
Birzebbuga
Birzebbugia
Birzebuggia
Biskra
B'Kara
Borg in-Nadur
Bormla
Bubakra
Bubaqra
Bugibba
Bujebba
Bulebel Il Cbir
Buleben il-Kbir
Buleben iz-Zghir
Bur Maghtab
Bur Maghtub
Bur Marrad
Busugrilla
Caccia
Calcara
Casal Asciak
Casal Attard
Casal Balzan
Casal Birchircara
Casal Chircop
Casal Dingli
Casal Krendi
Casal Lia
Casal Luca
Casal Micabiba
Casal Paola
Casal Paolo
Casal Paula
Casal Qala
Casal Safi
Casal Tarxien
Casal Zeitun
Casal Zurrico
Città Notabile
Citta Vecchia
Citta Vechia
Cordin
Corradino Heights
Cospicua
Cospiosa
Curmi
Delimara
Dingli
Dueira
Dwejra
El Madliena
El Mghatáp
'Emieri
Erba' Mwiezeb
Fgura
Fleur de Lis
Fleur de Lys
Floriana
Gargur
Ghain Clieb
Ghain Dueili
Ghain Dwieli
Ghain Il Cbira
Ghain il K'bira
Ghain Kaiet
Ghain Kaijet
Ghain Klieb
Ghain Sielem
Ghain Tuffieha
Ghain Zeituna
Ghajn Dwieli
Ghajn il-Kbira
Ghajn Klieb
Ghajn Melel
Ghajn Qajjet
Ghajn Qajjied
Ghajnsielem
Ghajn Tuffieha
Ghajn Zejtuna
Ghammar
Ghammieri
Gharb
Gharghur
Ghar Mundu
Ghar Ram
Ghashiak
Ghasri
Ghaxaq
Ghemieri
Gnien el Gbir
Gnien-Il Gbir
Gnien il-Kbir
Gomerino
Guarda Mangia
Gudia
Gudja
Gwardamanga
Gzira
Had-Dingli
Hal Baiada
Hal Baijada
Hal-Bajjada
Hal Balzan
Hal Duiel
Hal Dwin
Hal Far
Hal Ghaxaq
Hal Ghaxiak
Hal Ginwi
Hal Jinwi
Halk Dieri
Hal-Kirkop
Hall Bajjada
Hall Duiel
Hal-Lew
Hal Lija
Hall Mula
Hal Luqa
Hal Mula
Hal Mushi
Hal Muxi
Halq Dieri
Hal Qormi
Hal Safi
Hal Saflieni
Hal Saflini
Hal Tarxien
Hamria
Hamrija
Ham Rum
Hamrun
Has-Saflieni
Has-Said
Has-Sajd
H'Attard
Haz-Zabbar
Haz-Zebbug
Hofret ir-Rizz
Hofriet ir Ritz
Id-Dahar
Il-Bidni
Il-Birgu
Il Biskra
Il-Brolli
Il Buierak
Il Busbesia
Il-Bwieraq
Il Cappara
Il-Fawwara
Il-Fgura
Il-Furjana
Il-Gharb
Il-Ghasri
Il Gnien Nesciuf
Il-Gudja
Il-Gwejdi
Il-Gzira
Il- Gzira
Il-Hammieri
Il-Hamra
Il-Hamrija
Il-Hamrun
Il Handak
Il-Hofra
Il Kaiienza
Il-Kalkara
Il-Kamp tal-Mellieha
Il-Kappara
Il Kattara
Il Kortin ta Ghain Zeituna
Il Kortin ta' Ghain Zejtuna
Il-Kortin ta' Ghajn Zejtuna
Il-Madliena
Il Maghtab
Il-Mahsel
Il Manikata
Il-Marsa
Il-Mellieha
Il-Mielah
Il-Minzel
Il Misiep
Il-Mizieb
Il Miziep
Il-Mosta
Il-Palma
Il-Pergla
Il-Qajenza
Il-Qajjenza
Il-Qala
Il-Qasbija
Il-Qat-ara
Il-Qattara
Il-Qortin ta' Ghajn Zejtuna
Il-Qrendi
Il-Wileg
Il-Wilga
Il Wilgia ta Bengemma
Il Wilgia ta Bingemma
Il Willeq
Imgiar
Imjar
Imkabba
Imtarfa Barracks
Imtarfa
In-Nadur
In-nah-Halia
In-Nahhalija
In-Naxxar
In-Nigret
Ir-Rabt
Irras
Isla
Is-Sannat
Is-Sellum
Is-Siggiewi
Is-Simb-blia
Is-Simblija
Is-Suatar
Is Suieki
Is-Swatar
Is-Swieki
Is-Swieqi
It-Troll
Ixaghra il Hamra
Ixxaghara-il-Hamra
Ix-Xaghra
Ix-Xaghra l-Hamra
Ix-Xaghra ta' Barra
Ix-Xaghra ta' l-Isqof
Ix-Xewkija
Ix Xghairat
Ix-Xghajriet
Ix-Xghara
Ix-Xlejli
Iz-Zebbiegh
Iz-Zebbieh
Iz-Zebbug
Iz Zeitun
Iz-Zejtun
Iz-Zlielaq
Iz-Zurrieq
Jew ir-Ras
Kacca
Kacha
Kaienza
Kalafrana
Kala
Kalkara
Kasam Bulebel Iz-Zghir
Kayenza
Kercem
Kerchem
Kirkop
Kordin
Krendi
L-Ahrax tal-Ghajn
L`Andrijet
L-Andrijiet
Lands Ceppuna
Lands Ghemieri
L-Armier
La Valette
Lebbug
L-Ghasri
Lia
L-Iclin
Lija
L-Iklin
L-Imbordin
L-Imdina
L-Imgarr
L-Imghieret
L-Imqabba
L-Imsida
L-Imsierah
L-Imtarfa
L-Ingiered
L-Ingieret
L'Inglin
Liscolba
L-Iskirvit
L-Iskorvit
L-Isla
L-Istabar
L-Mgarr
Luca
Luqa
Madliena
Maghtab
Manikata
Marsalforn
Marsalforno
Marsa
Marsa Scala
Marsa Scirocco
Marsa Shlok
Marsaskala
Marsaxlokk
Marsaxlok
Masta
Mdina
Medina Notabile
Melita
Mellieha
Mgarr
Micabba
Minsija
Misida
Misrah Blandon
Misrah Blandun
Misrah Hlantun
Misrah Il-Barrieri
Misrah Lewza
Misrah Miel
Misrah Srajnu
Misrah Strejnu
Misrah Suffara
Mizieb
Monsciar
Mosta
Mqabba
Mrejzbiet
Msida
Msierah
M'Skala
Mtarfa
Munshar
Munxar
Musta
M'Xloxx
Nadur
Nasciar
Nashar
Naxaro
Naxxar
Negret
Nigred
Nigret
Notabile
Paola
Paula
Pawla
Pietà
Qala
Qasam Bulebel iz-Zghir
Qbajjar
Qormi
Qrendi
Rabato
Rabat
Rahal Gdid
Rahal Jedid
Safi
Saint Julian
Saint Julian's
Saint Paul's Bay
San Annard
San Gilian
San Giljan
San Gwann
San Gwann tal-Gharghar
San Gwann tal-Ghorghar
San Katald
San Laurenz
San Lawrenz
San Leonardo
Sannat
San Paul à Mare
San Paul Amere
San Paul Milkei
San Pawl il-Bahar
San Pawl Milqghi
San Pawl tat-Targa
San Pietro
San Pietru
San Rocco
Santa Lucia
Santa Lucija
Santa Venera
Santa Vennera
Santu Pietru
Santu Rokku
Senglea
Shaghra
Shaghra tal Iskof
Sha'ra tal Iskof
Sh'ayra
Shghaira
Showkiya
Siggieui
Siggiewi
Sijuwi
Skorba
Sliema
Ta' Abram
Ta Bengemma
Ta Birbuba
Ta' Bir Miftuh
Ta' Brared
Ta Braret
Ta' Bullara
Ta Candia
Ta' Cantar
Tac-Cawla
Ta' Ceppuna
Ta' Ciantar
Ta' Cikkun
Ta Cordin
Ta' Danieli
Tad-Dawl
Tad-Duluri
Tad-Dwieli
Ta Erba Muiezep
Ta' Fleur-De-Lis
Ta Giocondu
Ta' Giorni
Ta' Gokondu
Ta' Gorgun
Ta Guardamangia
Ta Hal-Leu
Ta' Hal-Lew
Ta' Hal-Mula
Ta Hal Saflieni
Ta' Hamet
Ta Haxxluk
Ta' Haxxluq
Ta' Hida
Ta Kali
Ta Kandia
Ta' Kandja
Ta' Kappara
Ta' Kordin
Ta L-Abatia
Ta' l-Abatija
Ta' Lampuka
Tal Baiada
Tal-Bajjada
Tal-Barmil
Tal-Barrani
Tal-Blata
Tal-Borg
Tal Borj
Tal Chittienija
Tal Fakkani
Tal-Faqqani
Tal-Fieres
Tal Francis
Tal-Franciz
Tal-Fulija
Tal Ghokod
Tal-Ghoqod
Tal Guardamangia
Tal Hammieri
Tal-Hamra
Tal-Hamrija
Tal Handak
Tal-Handaq
Tal Haulija
Tal-Hawlija
Tal-Hlas
Tal-Hriereb
Ta' l-Ibrag
Tal-Imbordin
Ta' l-Imghajjen
Ta' l-Infetti
Tal Iscorvit
Ta Liscurvit
Ta' L-Iskirvit
Tal Iskolviet
Tal-Kittienija
Tal-Liebru
Tal-Liedna
Tal-Mejda
Tal-Mentna
Tal-Merhla
Tal-Milord
Tal Minsia
Tal-Minsija
Tal-Mirakli
Tal-Munxar
Tal-Munxiar
Tal-Palazz l-Ahmar
Tal-Papa
Tal Pictal
Tal-Pietà
Tal Pitcal
Tal-Pitkal
Tal-Qtates
Tal' Uai
Tal-Vecca
Tal Veccia
Tal Vechia
Ta Misrah Lewza
Ta' Mlit
Ta' Monita
Ta' Penza
Ta' Qali
Tarshin
Tarxien
Ta Salvatur
Ta San Ghirgor
Ta' San Girgor
Ta San Giuacchin
Ta San Guann Tal Ghorghar
Ta' San Gwakkin
Ta San Niclau
Ta' San Niklaw
Ta' Sardina
Tasbiesch
Tas Biesh
Ta' Shbiesh
Tas-Salib
Tas-Salvatur
Tas-Samra
Tas-Santi
Tas-Sienja
Tas-Sinia
Tas-Sinja
Tas-Sliema
Ta Wied Ghammiek
Ta' Wied Ghammieq
Ta' Xbiex
Ta Xlejli
Taz-Zejt
Valetta
Valletta
Victoria Town
Victoria
Vittoria
Vittoriosa
Wardia Cross Roads
Wardija Crossroads
Wied Fulija
Wied Ghammieq
Wied il Ghain
Wied il-Ghajn
Wied l-Arkata
Xaghra ta Liskof
Xaghra
Xeuchia
Xewkija
Xghaira
Xghajra
Xorb-il-Ghagin
Xrobb il-Ghagin
Zabbar
Zebbiegh
Zebbieh
Zeb-Bieh
Zebbug
Zebbuj
Zeitun
Zejtun
Zonkor
Zonqor
Zurrico
Zurriek
Zurrieq
