Abercrombie
Albion
Alma
Amaury
Amitié
Amitié
Anna
Anse aux Anglais
Anse Jonchée
Antoinette
Argy
Arsenal
Astréa
Astroea
Bagatelle
Bagatelle
Baie aux Huîtres
Baie du Cap
Baie du Tombeau
Baie Manioc
Baie Mannioc
Baie Topaze
Baillache
Bain des Dames
Balisson
Bambou
Bambous
Bambous Virieux
Bananes
Barachois
Barkly
Bar le Duc
Barlow
Bassin Cabri
Bassin Louloup
Batimarais
Baty Mare
Beau Bassin
Beau Bois
Beau Bois
Beau Champ
Beau Champ
Beau Fond
Beau Mangue
Beau Manguier
Beau Plan
Beau Séjour
Beau Séjour
Beau Site
Beau Vallon
Beaux Songes
Bel Air
Bel Air
Bel Air
Bel Étang
Belle Étoile
Belle Isle
Belle Mare
Belle Ombre
Belle Rive
Belle Rose
Belle Rose
Belle Ross
Belle Terre
Belle Vue Allendy
Belle Vue
Belle Vue
Belle Vue
Belle-Vue
Belle Vue
Belle Vue Harel
Belle Vue Maurel
Belle Vue Pilot
Bell Village
Bell Village Station
Belmont
Bel Ombre
Belvédère
Belvédère
Bémanique
Bénarès
Black River
Blanche Mont
Bois Chéri
Bois des Amourettes
Bois d'Oiseau
Bois d'Oiseaux
Bois d'Oiseaux
Bois d'Oisseaux
Bois Jacot
Bois Mangue
Bois Marchand
Bois Marchand Station
Bois Pignolet
Bois Pougnet
Bois Rouge
Bois Sec
Bon Accueil
Bon Air
Bon Courage
Bon Espoir
Bon Manioc
Bonne Mère
Bonne Terre
Bonne Veine
Bouchon
Bramsthan
Brisée Verdière
Britannia
Brûlé
Cachette
Calebasses
Camp Accacia
Camp Auguste
Camp Benoit
Camp Berthaud
Camp Bestel
Camp Bonnemère
Camp Bouillon
Camp Carol
Camp Cassia
Camp Caval
Camp Créole
Camp Créoles
Camp Créoles
Camp de Masque
Camp de Masque Pave
Camp de Masque Station
Camp des Embrevades
Camp Diable
Camp du Roi
Camp Fouquereaux
Camp Garreau
Camp Ithier
Camp Jardin
Camp La Savanne
Camp Malgache
Camp Mapou
Camp Marcelin
Camp Poorun
Camp Roches
Camp Sonah
Camp Thorel
Camp Thoret
Camp Yoloff
Candos
Canot
Cap Malheureux
Caroline
Carreau La Liane
Carreau Lalo
Cascavelle
Casela
Cassis
Cazela
Cent Gaulettes
Centre de Flacq
Centre of Flacq
Chamarel
Chameaux
Chamouny
Champ de Mars
Chantenay
Chantenuy
Chébel
Chemin Grenier
Choisy
Choisy
Cinq Arpents
Circonstance
Cité La Cure
Cité Valijée
Citron Donis
Citronelle
Clarence
Clarens
Clavet
Clémencia
Cluny
Congomah
Constance
Coquinbourg
Coromandel
Coromandel
Coteau Raffin
Coteau Rafin
Côte d'Or
Cottage
Crève Coeur
Crève Coeur
Curepipe
Dagotière
Dalais
Deep River
D'Epinay
Deux Bras
Deux Frères
Dubreuil
Eau Bleue
Eau Bonne
Eau Vannée
Eaux Coulée
Ebène
Ecroignard
Eighteenth Mile Village
Engrais Cathan
Engrais Martial
Ernest Florent
Escalier
Espérance
Espérance
Espérance Trébuchet
Etoile
Ferney
Ferney Mill
Flacq
Flic en Flac
Flic-en-Flacq
Floréal
Fond du Sac
Fontenelle
Forbach
Forest Side
Frederica
Gaboola
Gabriel
Gabrielle
Germain
Glen Park
Gokoola
Goodlands
Grand Baie
Grand Baie
Grand Bel Air
Grand Bois
Grand dans Fond
Grande Baie
Grande Case Noyale
Grande Gaube
Grande Montagne
Grande Pointe aux Piments
Grande Retraite
Grande Retraits
Grande Reviere Sud Est
Grande Rivière Noire
Grande Rivière Sud Est
Grande Rosalie
Grand Gaube
Grand River
Grand River North West
Grand River South East
Grand Rivière Noire
Grand Sable
Gros Billot
Gros Bois
Gros Cailloux
Haut de Flacq
Haute Rive
Haut Rive
Helvétia
Henrietta
Hermitage
Hermitage
Hermitage
Hervé
Highlands
Holyrood
Île d'Ambre
Îlot
Isidore Rose
Joli Bois
Jolis Bois
Julien
Khoyratty
La Baraque
La Barraque
La Bergerie
Labonté
Labourdonnais
La Caroline
La Caverne
La Clémence
La Cocoterie
La Commune
La Coterie
La Crete
La Croisée
La Dagotière
La Ferme
La Flora
La Fouche
La Gaiété
La Gaulette
Lagesse
L'Agrément
La Laura
Lalmatie
La Louise
La Lucia
La Lucie
La Marie
La Marre
La Mecque
L'Amitie
La Mivoie
La Morue
La Nourrice
La Rampe
La Rampe - Le Moirt
La Rosa
La Rotraite
La Russie
La Source
La Sourdine
L'Assurance
Latanier
Lataniers
L'Avenir
Laventure
Lavilléon
Le Bocage
Le Bouchon
Le Chaland
Le Goulet
Le Hochet
Le Marres
L'Embrasure
Léonbourg
Le Plessis
Le Ravin
Le Réduit
L'Escalier
L'Escalier
Les Casernes
Les Guibies
Les Mariannes
L'Espérance
L'Espoir
Lesur
L'Étoile
Le Val
Le Vallon
Ligne Barrin
Long Mountain
Luchon
Luçon
L'Union
L'Unité
Madame Azor
Madame Cayeux
Mahébourg
Maison Blanche
Malherbes
Mamzelle Jeanne
Mangue
Mangues
Mapou
Maréchal
Mare Chicose
Mare d'Albert
Mare d'Australia
Mare Jacot
Mare Jocquot
Mare La Chaux
Mare Samson
Mare Tabac
Marie Jeanie
Marie Jeanne
Médine
Médine
Melotte
Melrose
Melville
Mesnil
Midlands
Minissy
Moka
Moka
Moka Village
Mon Choisy
Mon Désert
Mon Désert
Mon Goût
Mon Loisir
Mon Piton
Mon Rocher
Mon Songe
Montagne Blanche
Montagne Ory
Mont Blanche
Mont Blanc
Mont Choisy
Montebello
Mont Fleury
Mont Ida
Mont Longue
Mont Lubin
Mont Piton
Mon Trésor - Mon Désert
Mon Trésor
Mon Vallon
Morcellemont Saint André
Mount Choisy
Mount
Mount Ory
New Grove
New Grove Station
Notre Dame
Notre Dame Station
Nouvelle Découverte
Nouvelle Découverte
Nouvelle France
Old Grand Port
Oliva
Olivia
Oyster Bay
Pailles
Pailles Village
Palissade Ternel
Palma
Palmar
Palmyre
Pamplemousses
Pamplemousses Village
Patate Théophile
Paves
Pavillon du Grand Port
Pavillon
Pelissis
Pellegrin
Pellegrin
Pereybèré
Petit Bel Air
Petit Bois
Petit Brûlé
Petit Camp
Petite Butte
Petite Cabane
Petite Case Noyale
Petite Julie
Petite Rivière Noire
Petite Rivière
Petite Rosalie
Petite Verger
Petit Gabriel
Petit Gamin
Petit Gravier
Petit Paquet
Petit Paquet
Petit Raffray
Petit Sable
Petit Verger
Petit Verger
Phoenix
Piton
Plaine Corail
Plaine des Papayes
Plaine Magnien
Plaines des Papayes
Plaines des Roches
Plaines Magnien
Plaine Verte
Plaisance
Plaisance
Plein Bois
Pointe aux Cannoniers
Pointe aux Canonniers
Pointe aux Feuilles
Pointe aux Roches
Pointe aux Sables
Pointe d'Esny
Pomponnette
Pont Blanc
Pont Colville
Pont Praslin
Pont Prastin
Porte Sainte Rita
Port Louis
Port Louis Town
Port Mathurin
Port Sainte Rita
Port Souillac
Port South East
Port Sud-Est
Poste de Flacq
Post of Flacq
Poudre d'Or Hamlet
Poudre d'Or
Poudre D'Or Village
Providence
Providence
Providence
Quartier Militaire
Quatre Bornes
Quatre Cocos
Quatre Soeurs Br.
Quatre Soeurs
Quatre Vents
Queen Victoria
Quinze Cantons
Rama
Ravin
Reduit
Réunion Maurel
Réunion
Riambel
Riche Bois
Riche en Eau
Richeterre
Rich Fund
Ripailles
River des Anguilles
River Dragon
River du Poste Station
River Side
Rivière Baptiste
Rivière Cocos
Rivière Créoles
Rivière des Anguilles
Rivière des Creoles
Rivière Dragon
Rivière du Poste
Rivière du Poste Station
Rivière du Post
Rivière du Rempart
Rivière Noire
Rivière Sèche
Robinson
Roche Bois
Roche Bon Dieu
Roche Noire
Roche Noires
Roches Brunes
Roches Noire
Roches Noires
Roche Terre
Rose Belle
Rose Hill
Roselyn Cottage
Rouge Terre
Ruisseau Copeaux
Ruisseau Créole
Ruisseau Rose
Saint-André
Saint Antoine
Saint Antoine
Saint Aubin
Saint Avold
Saint Cloud
Sainte Croix
Sainte Madeleine
Sainte-Marie
Sainte Rita
Saint Félix
Saint François
Saint Gabriel
Saint Hilaire
Saint Hubert
Saint Jean
Saint Julien
Saint Julien Village
Saint Louis
Saint Martin
Saint Paul
Saint Pierre
Saint Pierre Village
Saint Remy
Salazie
Sans Souci
Savannah
Savinia
Schoenfeld
Sebastopol
Seizième Mille
Senneville
Solférino
Solitude
Solitude
Songe
Sottise
Souffleur
Souillac
Soullac
Soupir
Stanley
St Remy
Suase
Surinam
Tamarin
Telfair
Terracine
Terre Rouge
The Mount
The Vale
Tranquebar
Trèfles
Trianon
Triolet
Trio
Trois Boutiques
Trois Îlots
Trou aux Biches
Trou d'Eau Douce
Tyack
Union Flacq
Union Maurel
Union Park
Union Saint Aubin
Union
Union Vale
Unité
Vacoas
Vacoa
Vainqueur
Valentina
Valentina
Valetta
Vallée des Prêtres
Vallée Pitot
Valruche
Valton
Verdun Station
Verdun
Vieux Grand Port
Ville Bague
Ville d'Apray
Ville d'Avray
Ville Noire
Ville Valio
Virginia
Vuillemain
Vuillemin
Yemen
