Aaron
Aaron
Abel Chunga
Abele
Abindanjoke
Abisai
Abraham
Abute
Adam
Agabu
Agamonje
Agrippa Jere
Akoyo
Akubilila
Alamu
Alexander Liti
Alick Chisi
Alick Cisi
Alick Ndawandawa
Alifandaka
Ali Kanyenda
Alikishani
Alimenda
Alufasi
Alumenda
Amadzi
Amazi
Ambale Phaso
Amenta
Amon
Amoni
Amonis
Amon Munthali
Amos Zakocera
Amozi
Andama
Andreya
Anoki Mkhere
Antonio
Arfairyu
Asembe
Augustino
Austeni
Azimbare
Azyuda
Baghaya
Bakali
Bakhili
Bakile
Balaka
Balaka
Balakas
Balakasi
Balala
Bana
Banda
Banda
Bandawe
Bandawe
Bande
Bangani
Bang
Bango
Bango
Bani
Banja
Banja
Bano
Baquira
Barton Jere
Barton Mzima
Bartumeyo Tembo
Basikolo
Basopo Lungu
Batamu Hande
Bawa Banda
Bechani
Bechani
Belekia
Bemberi
Ben
Benga
Beni
Benula
Besera
Biambiri Mramu
Bibi
Bikivai
Bilale
Bile
Billiate
Billiati
Bimbi
Bimpi
Bingo
Bisa
Bisa
Bisai
Bisenti
Bitchilipa
Biti Kalanje
Bitoni Karuwa
Biwi
Biwi
Biwi Mazamba
Biwi Mzamba
Biza
Blair
Blantyre
Boghoyo
Bokosi
Bokosi Dindi
Bokosi Kunga
Bolero
Bomombo
Bonda
Bondo
Bondo
Bondo
Bonga
Bongera
Bongoya
Bongwe
Boni
Bonongwe
Bota
Boti
Boti
Boti Kumwenda
Bowa
Bowa
Bowmande
Budu
Buku
Bula
Bulala
Buluzi
Bumba
Bumphola
Bunganiro
Bunyenga
Burnett
Butani
Butani Nyirenda
Butari
Bwala
Bwamba
Bwanaisa
Bwanali
Bwanali
Bwanasompho
Bwanthuwa
Bwatalika
Bwemba
Bwengu
Bweteka
Bweteka Village
Bwetweha
Bweya
Bwikito
Cabvula
Cabwedzeka
Cacecedza
Cadzowa
Caera
Caera
Cafwamba
Cagweluka
Cakulembera
Cakutola
Cakuzizwa
Cakwanika
Cakwawa
Cakwila
Camama
Camau
Cambalekani
Caola
Capamba
Cape Maclear
Caphuka
Capuhkwa
Capuka
Capwawa
Cardi
Casamwalala
Cassapa
Casuka
Cavunguma
Cavura
Cavwelema
Cawala
Cawanje
Cawola
Celemu
Cendesula
Cesalino
Chabuka
Chabwela
Chabwera
Chadagha
Chadika
Chadza
Chadza
Chadza
Chadza Mkwenda
Chadza Nkhwenda
Chadzuka
Chafudzika
Chafukira
Chafumbwa
Chafumukwa
Chagambatuka
Chagocha
Chagogo
Chaguza
Chagwalugwa
Chagwambala
Chaima
Chaima
Chaiso Ndhlovu
Chakalira
Chakanza
Chakapama
Chakasa
Chakazika
Chakhala
Chakhala II
Chakhame
Chakhaza
Chakhaza
Chakhumbira
Chakhumbira
Chakongwa
Chakuma
Chakupompha
Chakuwara
Chakuzamutu
Chakwanila
Chakwawa
Chale
Chalendewa
Chalera
Chaletuwa
Chali
Chalilima
Chalilo
Chalotwa
Chalunda
Chamadenga
Chamaka
Chamakala
Chamama
Chamande
Chamanga
Chamara
Chamatete
Chamawoya
Chamba
Chamba
Chambala
Chambamkuya
Chambukira
Chambuluka
Chambwe
Chambwe
Chambwe
Chamera
Chamkoma
Chamkoma
Chamkoma
Chamkoma
Chamonsi
Champira
Champongo
Chamuhanya Gondwe
Chamvu
Chamyeka
Chana
Chanasa
Chandamana Mwandira
Chande
Chandiwira Moyo
Chandiwu
Changali
Changalis Village
Changaluwa
Chanika
Chankakhala
Chankhamatete
Chanunkha Shawa
Chanza
Chaola
Chaolamokanda
Chaonanjiwa
Chaowa
Chapalapula
Chapanza
Chapanzi
Chapasuka
Chapata
Chapendeha
Chapewa
Chapita
Chapola
Chapola
Chapsinja
Chapu
Chapuma
Chapumbwa
Chapuwala
Chapwaitika
Charenga
Charinda
Chaseta
Chaseta
Chasowa
Chasuka
Chataghara Munthari
Chataika
Chataika
Chatalala
Chatama
Chatambalala
Chatanga
Chatanga
Chateka Chipamphale
Chatewa
Chatile
Chatupa
Chautela
Chauwa
Chavara
Chavina
Chavukuka
Chavura
Chawala
Chawala
Chawala
Chawa Mvula
Chawanda
Chawanta
Chawesa
Chawosa
Chawuluma Jere
Chawuwa
Chawuwa
Chazama
Chazama
Chaziya
Chazuka
Chazuka
Checufikene
Checufikeni
Chelonga
Chembe
Chemlima
Chendo
Chenje
Chenyentha
Cherinda
Chesen
Chesenda
Chewe
Chewesa
Cheza
Chia
Chiam
Chibaka
Chibako
Chibamba
Chibara
Chibene
Chibeni
Chibisa
Chibisa
Chibisa Chirwa
Chiboko
Chibotero
Chibuli
Chibungo
Chibungu
Chibunyu
Chibwana
Chibwana
Chibwana
Chibwana Mgemezulu
Chibwana Mukhalipi
Chibwana Nyangu
Chibwanateka
Chibwinja
Chichiri
Chichitike
Chickalamba
Chickumbeni
Chico
Chicoleca
Chiculungueni
Chidakwende
Chidambo
Chidatha
Chiderezi
Chideru
Chidikha
Chidiwo
Chidote
Chidothe
Chidothe
Chidothi
Chidumayo
Chidumayo Lusale
Chidumayo Nguruwe
Chidyaonga
Chidzunda
Chiembekeza
Chiendausiku
Chifipo
Chifisa
Chifomboti
Chifuwa
Chifya Kandulu Chibere
Chigadula
Chigamba
Chiganda
Chigaru
Chigaule
Chigawa
Chighachangombe
Chigoma
Chigoneka
Chigude
Chiguluwindi
Chigwata
Chigwere
Chijere
Chikabwereza
Chika
Chikadya
Chikalema
Chikalipo
Chikanda
Chikanda
Chikanda
Chikanda
Chikandira
Chikanga
Chikangawa
Chikanje
Chikao
Chikaola
Chikapu Moyo
Chikasauka
Chikaso
Chikhadwe
Chikhangombe
Chikhawo
Chikho
Chikhoko
Chikhu
Chikhumbi
Chikhungwa
Chikhuta
Chikhwakhwa
Chikiwowe
Chikobwi
Chikojo
Chikoko
Chikoli
Chikomakuka
Chikoma Nyanjala
Chikombe
Chikombwe
Chikombwi
Chikomeni Thore
Chikondawanga
Chikondawanga Lusale
Chikonde
Chikoti
Chikowanje
Chikowi
Chikudzu
Chikulu
Chikuluma
Chikumba
Chikumbu
Chikungu
Chikungu
Chikungu
Chikunguntheni
Chikuni
Chikunumbu
Chikusa
Chikuta
Chikute
Chikuwangoma
Chikuwita
Chikuzulira
Chikuzulire
Chikwakwa
Chikwakwa
Chikwawa
Chikwawa
Chikwawa
Chikwawe
Chikwawi
Chikweo
Chikwewo
Chikweze
Chikwina
Chiladzulo
Chilala
Chilambe
Chilando
Chilanga
Chilasa
Chilawa
Chilawo Banda
Chilawo
Chileka
Chileka
Chileka
Chilemba
Chilemba
Chilembwe
Chilembwe
Chilemele
Chilenga
Chilibuno
Chilikumwendo
Chilima
Chilima
Chilimang'ombe
Chilimani
Chilimba
Chilinde
Chilindira
Chilingi
Chilinkoli
Chilipa
Chiloa
Chiloa
Chiloa Matambe
Chiloa Nyilonga
Chilolo
Chilolo
Chilombo
Chilonga
Chilonja
Chilonje
Chilooka
Chilooku
Chilopola
Chilowa
Chilowa
Chilumba
Chilundu
Chilunga
Chilungu
Chilusi
Chiluvya
Chima
Chimala
Chimamba
Chimambo
Chimanda
Chimango
Chimbadzo
Chimbaka
Chimbala
Chimbalanga
Chimbalanga
Chimbalanga
Chimbalanga
Chimbalenga
Chimbalu
Chimbalu
Chimbano
Chimbaru
Chimbaru
Chimbembe
Chimbete
Chimbia
Chimbila
Chimbindu
Chimbobo
Chimbonga
Chimboyera
Chimbuli
Chimbuli
Chimbumbuka
Chimbumbuli
Chimbuto
Chimbwanda
Chimbwanya
Chimbwinda
Chimdima Mhango
Chimelango
Chimelela
Chimenya
Chimesya
Chimgonda
Chimimba
Chimji
Chimkoka
Chimkoka
Chimkoko
Chimkoko
Chimkusa
Chimndulu
Chimombi
Chimombo
Chimombo
Chimombo
Chimombo
Chimombo
Chimono
Chimozimozi Banda
Chimpala
Chimpamba
Chimpamba
Chimpamba
Chimpambana
Chimpando
Chimpangu
Chimpanzi
Chimpeni
Chimpere
Chimphanga
Chimphepo
Chimphithi
Chimpipo
Chimponda
Chimptsolo
Chimsewenzo
Chimsoro Jere
Chimtembo
Chimubve
Chimura
Chimute
Chimutha
Chimuti
Chimutu
Chimutu
Chimutu
Chimutu
Chimwala
Chimwala
Chimwala
Chimwala
Chimwala
Chimwara
Chimwara
Chimwaye
Chimwembe
Chimwendo
Chimwendo
Chimwere
Chimwere
Chimwesya
Chimweyo
Chimzinga
Chimzu
China
Chinamule
Chinavinga
Chinchere
Chinchere
Chindamba
Chindambo
Chindano Village
Chinde
Chindevu
Chindi Jere
Chindoka
Chindozwa
Chindungwa
Chindura
Chinduta
Chinduwe
Chinemba
Chinemba
Chineusa
Chineusi
Chingalande
Chingalanganda
Chingali
Chingali
Chingaliwa
Chin'gamba
Chingamba
Chinganga
Chinganya
Chinganyama
Chingazi
Chingelezi Mithi
Chingeni
Chingila
Chingole
Chingoma
Ching'oma
Chingombe
Chingombe
Chinguo
Chinguwi
Chinguwo
Chinguwo
Chinguza
Chinjoka
Chinkala
Chinkande
Chinkata
Chinkhoma
Chinkhota
Chinkhowoli
Chinkhwazara
Chinkoole
Chinkota
Chinku
Chinkunda
Chinkuyu
Chinkwangula
Chinkwiri
Chinkwita
Chinombo Chaya
Chinombo
Chinombo
Chinombo Shonga
Chinsamba
Chinsasa
Chinsowa
Chinsunche
Chintamtumba
Chintanzi
Chinteche
Chintechi
Chinteji
Chinthankhwa
Chintheche
Chinthuta
Chintoto
Chintumbila
Chintuntha
Chinunda
Chinunka
Chinvama
Chinweza
Chinyakula
Chinyama
Chinyama
Chinyamanyamo
Chinyamunyamu
Chinyanga
Chinyanya
Chinyawa
Chinyenta
Chinziri
Chinzu
Chiombe
Chionjeza
Chipaika
Chipalamawamba
Chipalanje
Chipalawe
Chipamba
Chipanda
Chipanda
Chipanda
Chipanda
Chipande
Chipanza
Chipapi
Chipapika
Chipasi
Chipaso
Chipasula
Chipe
Chipeka
Chipekwe
Chipembere
Chipembere
Chipembere
Chipendo
Chipeni
Chipeni
Chipeni
Chipenyenye
Chipepola
Chipeta
Chipezi
Chiphapi
Chiphazi
Chiphwembwe
Chipimbininga
Chipita
Chipitite
Chipoka
Chipoka
Chipokolo
Chipokora
Chipokosa
Chipole
Chipolonga
Chipolopolo
Chipolwa
Chiponda
Chiponda
Chiponda
Chiponde
Chiponde
Chiponde
Chiponde
Chipoza
Chipudo
Chipuka
Chipumi
Chipusile
Chiputa
Chiputa
Chiputula
Chipwaila
Chipwaila
Chipwaila
Chipwanya
Chipwanya II
Chipwayila
Chipwembwe
Chipyela
Chiradzulu Boma
Chiradzulu
Chirambo
Chirambo Mzoda
Chirando
Chirerawana
Chirinza
Chiriwiya
Chiromangala
Chirombo
Chiromo
Chirongo Mkandawire
Chirumba
Chiruwe
Chirwa
Chisa
Chisamba
Chisambi
Chisambilo
Chisanga
Chisani
Chisani
Chisasa
Chisau Mkandawire
Chisavya
Chisawa
Chiseko
Chiselema
Chisema
Chisempere
Chisemphere
Chisenga
Chisenga
Chisenga
Chisepo
Chisepo
Chisepo II
Chishimu
Chisikwa
Chisikwa II
Chisindi
Chisiza
Chisiza
Chisokowo
Chisoso
Chisumba
Chisumu
Chisumulu
Chisuse
Chisuvi
Chisuwi
Chiswamphila
Chiswamphira
Chiswa Mumba
Chitala
Chitango
Chitanje
Chitanta
Chitapa Moyo
Chitawala
Chitedze
Chitedzi
Chitedzi
Chitele
Chitengo
Chitenjere
Chitete
Chitete
Chitete
Chitete
Chiteyeye
Chithasa
Chithumba
Chithumba
Chiti
Chitimba
Chitipa
Chitomeni
Chitoru
Chitsa
Chitseko
Chitseko
Chitsulo
Chitsulu
Chitsumba
Chitukula
Chitumba
Chitumbwe
Chitundu
Chitundu
Chituwe
Chituzu
Chiuja
Chiula
Chiunda
Chiunjika
Chiunjisa
Chiunjiza
Chiutsi
Chiutsi
Chiutula
Chivala
Chivimya
Chivina
Chivuta
Chivuti
Chivwamila
Chivwara
Chiwala
Chiwala
Chiwale
Chiwaliwali
Chiwalo
Chiwalu
Chiwamba
Chiwambo
Chiwanda
Chiwanda
Chiwanga
Chiwanganya
Chiwara Nkhambule
Chiwara Tembo
Chiwasa
Chiwato Jere
Chiwaula
Chiwaula
Chiwawani Nyambose
Chiwengo
Chiwere
Chiwerera
Chiwere's
Chiwerewere
Chiweta
Chiweto
Chiweyo
Chiweyo Village
Chiweyu
Chiweza
Chiweze
Chiwilira
Chiwinga
Chiwiza
Chiwoko
Chiwoko
Chiwosa
Chiwotha
Chiwoza
Chiwundasi
Chiwuri Kachari
Chiyankhu Chimaliro
Chizangwe
Chizani
Chizenga
Chiziko
Chiziwachapwa
Chiziwa
Chizumba
Chokolokotha
Chokora Mzima
Chokwe
Choloamakande
Cholo
Chomba
Chombe
Chombo
Chomola
Chomosa
Chonde
Chopi
Chorwe
Choto
Chulu
Chulu
Chumbela
Chumbela Kombe
Chumbiro
Chunga
Chunganiro
Chungu
Chungu
Chungu
Chuosa
Chuwuya Nkhata
Chuzu
Cibalala
Cibojora
Ciboko
Cibuga
Cibwata
Cidalanda
Cidewge
Cidya
Ciekwete
Cigadula
Cigunda
Cihepa
Cija
Cikanakuva
Cikazamoto
Cikhangeni
Cikho
Cikoloka
Cikosi
Cikoti
Cikowi
Cikoya
Cikukula
Cikula
Cikutu
Cikwengwe
Cikwesa
Cilala
Cilasanje
Cilembwe
Ciluzi
Cimbayo
Cimbiranjara
Cimbiya
Cimbuli
Cimcimba
Cimcira
Cimdidi
Cimkoko
Cimkonbe
Cimkonbera
Cimlandu
Cimombo
Cimpapho
Cimtake
Cimuna
Cimutu
Cimuzi
Cimwala
Cimwaye
Cimzinga
Cincembere
Cincheto
Cindazi
Cingala
Cinganji
Cinjoka
Cinjunju
Cinkholongo
Cinkhonko
Cinsomba
Cinsonthi
Cinyanga
Cinyanga
Cioku
Cipeta
Cipevya
Ciphwanya
Cipolopolo
Cipongola
Cipuku
Cipwaila
Cipwere
Ciraldata
Cisazima
Ciseka
Ciseko
Cisi
Cisinga
Cisokwe
Cisuwula
Citoneka
Citoohi
Citsa
Citsulo
Citundu
Ciwadzi
Ciwale
Ciwalo
Ciwandauka
Ciwawalo
Ciwekeka
Ciwela
Ciwera
Ciwoshya
Ciwotha
Ciwoza
Ciwoza
Ciwumnya
Ciziko
Cizungu
Cogaka
Combe
Conga
Coroni
Crakwita
Crowndi
Cumangwena
Daka
Dalien
Damba
Damba
Dambalika
Dambaliuzi
Dambe
Dambo
Dambolankhanga
Danda
Dande
Dangalilo
Daniel
Daniel
Daniel
Daniele
Daniel Gausi
Daniel Jere
Daniel Muwowo
Daniel Ndhlovu
Daudi Mbizi
Daudi Thera
Daud Jere
Dauyo
David Nyirenda
Dawa
Dawurire Moyo
Dedza
Deep Bay
Deleleka
Deni
Derale
Dete
Devwe
Dewe
Dickson
Diere
Dimakudi
Dimi
Dimu
Dinje
Disi
Diyere Mdumila
Doka
Domasi
Donda
Donija Nkhoma
Dooko
Dothi
Dowa
Dowoko
Dsoka
Dudu
Dukuduku
Dumanika
Dumba
Dumea
Duwalani
Dwangwa
Dyakanani
Dyanyama
Dzaipa
Dzama
Dzamalala
Dzikolatha
Dzilasye
Dzinjiriza
Dzoole
Dzoole
Dzoole
Dzuwo
Edingeni
Edundu
Edwin
Edwin Tengani
Eheleni
Ehlehleni
Ekhama
Ekwendeni
Elangeni
Eliacuntengo
Eliakimu Nguluwe
Elisa
Emanyeleni
Embangweni
Embombeni
Emchakachakeni
Emcisweni
Emfeni
Emoneni
Eneya Kumwenda
Engalaweni
Engucwini
Enukweni
Enyazini
Ephandeni Ziwa
Ephangweni
Eutini
Ewombeni
Ezondweni
Faint
Fanuel
Fanwere
Faringdon
Farringdon
Feremu
Filimoni
Filimoni Nguluwe
Filimon Kumwenda
Filimon Zungu
Fimbo Moyo
Fisi
Fisi
Fitizalimba
Florence Bay
Fodya
Folotia
Fombe
Fondane
Fonka
Foo
Foroka
Forosani
Fort Hill
Fort Johnston
Fort Manning
Fosa
Fowodenge
Fowo
Francisco
Fransiku
Fuha
Fukamalaza
Fukamapiri
Fumbawowa
Fumozose
Fundi
Fungwe
Funsani
Funwayo
Fwifwi
Fwita
Fyopa Mtonga
Gaga
Galafa
Galangombe
Galasi Madise
Galika
Galôva
Gamadzi
Gandali
Ganya
Ganya
Garamara Mugonje
Gawati
Gawaza
Gema
Gemu
Genesis Mzima
George
Geremani
Geresom
Germani Nthala
Gezamunjowe Thawe
Gharo
Gideon
Gideon
Gideon Msowoya
Gidioni
Gilipa
Gobedi
Gochi
Godiyawo Shawa
Godzikhale
Gogode
Gogo
Golombe
Golomoti
Golomoti Station
Goma
Gomani
Gomba
Gomba
Gombati
Gomes
Gondoli
Gondwe
Gondwe Kadyungu
Goneka
Gonekeni
Gongoli Chilanga
Gongula
Gonyo
Gopole
Goseni
Gotangota
Gouvate
Gowoka Nyanguru
Gulawe
Guliguli
Gulu
Gulugulu
Gulumba
Gulumba
Gulundu
Guma
Guma
Guma
Guma
Guma
Gumba
Gumba
Gumba
Gumbi
Gumbo
Gumbo
Gumulira
Gunda
Gundani
Gundasiche Nyambwane
Gunde
Gunya
Guwende
Guy Kaludwe
Gwalangwa
Gwaligwali
Gwamba
Gwaza
Gwazeni
Gwazeni
Gwechengwe
Gwede
Gwedi
Gwenembe
Gwengwe
Gwenje
Gwesele
Gwileni
Gwilre
Halala
Handire Ndhlovu
Hangeni
Hango
Hanock Beza
Hanock Longwe
Hanock Ngwira
Hawilani
Hawu
Heta
Hicaje
Hola
Idi
Ifwatose
Ilemba
Imbwa
Imfayatonse
Inje
Inoch
Ipulukutu
Isaac
Isaac Mukuntha
Isanga
Iscariot
Issa
Izaki Lukhanda
Izaki Ngoyi
Jaasi
Jailosi Ndora
Jailos
Jailos
Jalangombe
Jalani Kaunda
Jalasi
Jalusa
Jambo
James
James
James
James
James
James Jere
James Kantondobi
Jamu Jere
Jamu Kumwenda
Jana
Jandalala
Jandalala
Janda N'gombe
Jasi
Jede
Jeke Nkhate
Jelamu
Jembe
Jemsi
Jemus
Jenda Theo
Jenga
Jentha Jembe
Jeque
Jere
Jere
Jere
Jeremani Mahoye
Jeremiah Boa
Jeremiya Myaro
Jeremiya Samwili
Jerobivamu
Jesaya
Jese
Jigson
Jiliki
Jim
Jisoso
Jiwa
Jobo
Jogo
Johani
Johani
John Chima
John Here
John
John
John
John Malindeni
John Mzumara
Jojo
Jombe
Jombo
Jona Nhlani
Jonashani
Jonasi
Jonasi
Jonasi Lowora
Jonas
Jonathan
Jonathan
Joni
Joseph
Joseph Mkandawire
Jowe
Jowel
Joyele Mhango
Juliasi
Juma
Juma
Jumbo
Jumbo
Jumo
Jumpha
Jumwa
Junche
Juwaki
Juweka Chipeta
Jwanthi
Kababwa
Kabadula
Kabagosa
Kabala
Kabalamula
Kabalulu
Kabanga
Kabango
Kabapha
Kabengo
Kabenu
Kabenu
Kabgana
Kabila
Kabira
Kabiri
Kabombe
Kabudula
Kabukhu Phiri
Kabula
Kabululu
Kabuluzi
Kabumba
Kabumbo
Kabundile
Kabunduli
Kabungwe
Kabutu
Kabvala
Kabwana
Kabwanda
Kabwanzi
Kabwinja
Kacere
Kachaje
Kachala
Kachapira
Kachara
Kachebere
Kachece
Kachecne
Kachele
Kachelenga
Kachembwe
Kachenje
Kachenpanje
Kachepa
Kachere
Kachibere
Kachibere Mission
Kachigulu
Kachikopa
Kachimbwe
Kachimela
Kachindamoto
Kachipande
Kachipande
Kachipapa
Kachirikisa
Kachiscopa
Kachitsa
Kachons
Kachule
Kachuli
Kachulu
Kachuma
Kachure
Kachuta
Kacikhomeni
Kacimphula
Kacinda
Kacisa
Kacitja
Kada
Kada
Kadambo
Kadamela
Kadango
Kadango
Kadanzhe
Kadazi
Kadeka
Kadeta
Kadeta's Village
Kadewele
Kadewere
Kadewere
Kadewere
Kadifula
Kadisi
Kadosola
Kadula
Kadulama Lambo
Kadulandeo
Kadumba
Kadyauzu
Kadzani
Kadzanja
Kadzimete
Kadzombe
Kadzuwa
Kaewa
Kafafwa
Kafita
Kaflta
Kafora
Kafotewa Mkandawire
Kafotokoza
Kafukule
Kafulama
Kafumphe
Kafuzila
Kafwafwa
Kafwili
Kafwimbiri
Kafwirí
Kagaso
Kagesi
Kagona
Kagona
Kagoti
Kagumbe
Kagumbi
Kahadenga
Kahumbe
Kaigunde
Kaigwazanga
Kaikwinde
Kailole
Kainga
Kaingilira
Kainja
Kaipa
Kaiwale
Kaizwanga
Kajaliza
Kajawa Nyirenda
Kajawo
Kajembe Kumwenda
Kajinyira
Kajiso Shawa
Kajizingi
Kajontha
Kajosi
Kajula
Kajulamonjo
Kajwanthira
Ka
Kakawa
Kakhola
Kakhomwa
Kakoma
Kakonkwe
Kakopa
Kakowa
Kakowa
Kakuda
Kakungwa
Kakutu
Kakwale
Kakware
Kakwazi
Kakwesa
Kakwesa
Kakwesa
Kalaile
Kalaluma
Kalambani
Kalambo
Kalambwe
Kalanga
Kalaundi
Kalawa
Kaledzera
Kalekalele
Kalelo
Kalemba
Kalembela
Kalembo
Kalenga
Kalengo
Kaleya
Kalezera
Kalibwe
Kalikoka
Kalikoko
Kalikwembe
Kalila
Kalilangwe
Kalilombe
Kalilome
Kalimadola
Kalima
Kalimanjira
Kalimbila
Kalimila
Kalinda
Kalindangoma
Kalinde
Kalinde
Kaliopa
Kalipoli
Kalisha
Kalitao
Kalitsila
Kalitsilo
Kalola
Kalolo
Kalombola
Kalonga
Kalonga
Kalonga
Kalonga
Kalonga
Kalonga
Kalongobyela
Kalongo
Kalowe
Kalowe
Kalulu
Kalulu
Kaluluma
Kalumba
Kalumbe
Kalumbi
Kalumbi
Kalumbu
Kalumbwi
Kalumpha
Kalungama
Kalunza
Kalusi
Kaluunda
Kaluva
Kaluwa
Kaluwila
Kaluzu
Kalzengo
Kamagwahkwa
Kamakoko
Kamakule
Kamala
Kamando
Kamando
Kamane
Kamanga Dazi Makwakwa
Kamangadazi Moyo
Kamanga
Kamanga
Kamanga
Kamanga
Kamanga
Kamange
Kamangira
Kamanjawira
Kambadzo
Kambalame
Kambalame's Village
Kambale
Kambalima
Kambanbanga
Kambanje
Kambatuwa
Kambawi
Kambewa
Kambola
Kambombo
Kambona
Kambona
Kambue
Kambuku
Kambula
Kambumula
Kambwili
Kambwiri
Kamcaeni
Kamchira
Kamchocho Banda
Kamcoco
Kamdale
Kamdidi
Kamehe
Kameme
Kamenya-Gwaza
Kamfumu
Kamgomi
Kamilangombe
Kamilangombi
Kamkambo
Kamkande
Kamkoba
Kamkondo
Kamkunguzeni Zgambo
Kamkwinya
Kamlembo
Kamlilika
Kamndalilo
Kamnthambala
Kamonga
Kamoto
Kamoza
Kampala Ndhlovu
Kampalilo
Kampambe
Kampango
Kampani
Kampanikiza
Kampanizita
Kampanje
Kampata
Kampata
Kampenga
Kamphambale
Kamphambale
Kamphambalk
Kamphandila
Kamphasi
Kamphata
Kamphata
Kamphido
Kamphimba
Kamphiningo
Kamphulusa
Kamphuru
Kampido
Kampinga
Kampingo
Kam'pingo Sibande
Kampini
Kampomo
Kampongo
Kampoti
Kampulusa
Kampupu
Kamsale
Kamsonga
Kamtadzo
Kamtawa
Kamtepa
Kamteteka
Kamteteka Phili
Kamtibule
Kamtoma
Kamtumbo
Kamtuwale
Kamulu
Kamuna
Kamunda
Kamungwe
Kamuninga
Kamunkokwe
Kamunwe
Kamuona
Kamuona
Kamuwanga
Kamvona Guiani
Kamwala
Kamwalaperere
Kamwamba
Kamwaza
Kamwendo
Kamwendo
Kamwenye
Kamzati
Kamzimbi
Kamzimbi
Kamzingen
Kamzunguzeni
Kanache
Kanaiza
Kanakulera
Kaname
Kancele
Kancence
Kanchembele
Kanchire
Kanchito
Kanda
Kandale
Kandama
Kandaya
Kandere
Kandete
Kandeu
Kandiya
Kandodo Chisi
Kandowe
Kanduku
Kandulo
Kandulu
Kandusiwa
Kandusu
Kandzu
Kane
Kangawa
Kangimbe
Kango
Kango
Kangolwa
Kangoma
Kangula
Kangulu
Kangulu
Kangunda
Kangunje
Kangwere
Kaninga
Kanitute
Kanjawala
Kanjedza
Kanjengo Moyo
Kanjerengwa
Kanjesa
Kankenda
Kankhande
Kankhande
Kankhoma
Kankhomba
Kankhomba
Kankhumbwa
Kankoma
Kankomba
Kankomwa
Kankwatekuti
Kannene
Kanolo
Kanongola
Kanowa
Kansile
Kansilikiza
Kansukwa
Kanthole
Kanthusi
Kantibulira
Kantukule
Kantungu
Kanunkha
Kanyakatifa
Kanyala
Kanyama
Kanyama
Kanyama
Kanyambo
Kanyamngondo
Kanyamula
Kanyanda
Kanyangala
Kanyenda Bondo
Kanyenda
Kanyenda
Kanyenda
Kanyenda
Kanyenda
Kanyenduli
Kanyerere
Kanyerere
Kanyesi
Kanyezi
Kanyimbi
Kanyimbiri
Kanyimbo
Kanyindo
Kanyinji
Kanyinji
Kanyole
Kanyoni
Kanyuka
Kanyumbaka
Kanyumba
Kanyundo
Kanyunya
Kanzati
Kanzedu
Kanzele
Kanzimbi
Kaodzela
Kaole
Kaombachidzenje
Kaomba
Kaondo
Kaongo
Kapaika
Kapaiza
Kapaizi
Kapala
Kapalamula
Kapalamula
Kapalapata
Kapampika
Kapandula
Kapanga
Kapangama
Kapanglika
Kapanira
Kapara
Kapatika
Kapatuka
Kapawala
Kapaza
Kapelula
Kapelula
Kapelula
Kapeni
Kapenuka
Kapesi
Kapeta
Kapezi
Kaphambale
Kaphamtengo
Kaphathenga
Kaphene
Kapheni
Kaphilijonjo
Kaphiri
Kaphisi
Kaphiza
Kaphuka
Kapichi
Kapichila
Kapichira
Kapicila
Kapicila
Kapicilati
Kapida
Kapika
Kapindula
Kapinga
Kapinya
Kapinya
Kapiri
Kapiri
Kapiri
Kapitapita
Kapolo
Kapoloma
Kapoloza
Kaponda
Kaponda
Kapondasoka
Kaponya
Kapopo
Kaporo
Kapotokoza
Kapulanga
Kapulukira
Kapundo
Kapundu
Kapunduli
Kapunga Mabuka Khonje
Kapunula
Kapunula
Kapuzama
Kapyanga
Kapyela
Kapyepye
Kapyokola
Kapyola
Karama
Karimbira
Karonga
Karonga
Karonga
Karonga
Karonga Longwe
Karonsa
Karusi
Karzizila
Kasache
Kasagula
Kasaha
Kasaja
Kasakula
Kasakula Woyera
Kasakumania
Kasakura
Kasaliga
Kasalika
Kasamba
Kasamba
Kasambe
Kasanda
Kasande
Kasanka
Kasanza
Kaseka
Kasembe
Kasendeka
Kasengwa
Kasenza
Kasera
Kasese I
Kasese
Kasese
Kasguli
Kashele
Kasichi
Kasichi
Kasina
Kasinda
Kasinja
Kasinja
Kasinje
Kasiputa
Kasisi
Kasiyadanga
Kasiya
Kasiya
Kasiya
Kasizika
Kasokera Kaunda
Kasompe
Kasonda
Kasonga
Kasoti Phiri
Kassoche
Kastomo
Kasugulu
Kasumba
Kasumba
Kasumbi
Kasumbu
Kasungu
Kasuntha
Kasupe
Kasupi Boma
Kasupi
Kaswanda
Kaswaya
Kasweswe
Kasyeleka
Katakula
Katakungwa
Katakwi
Katalima
Katalima
Katama
Katambalala
Katambo
Katambo
Katambo
Katanda
Katangara
Katanta
Katantha
Katawa
Katawa
Katawa
Katayene
Katema
Katema
Katema
Katema
Katema
Katembo
Katengeza
Katengeza
Katenji
Katenthe
Katera
Katete
Katete
Katete Mission
Katewe
Kateya
Kathewela
Kathontha
Kathundu
Katikwiri
Katimba
Katimbila
Katimbira
Katobwa
Katola
Katolokoso
Katonda
Katonda
Katongomara Zimba
Katorora Mfwuni
Katoto
Katowili
Katowo
Katsika
Katsilizika
Katsukunya
Katsukunya
Katswatswata
Katumba
Katumba
Katumba
Katumba's Village
Katumbi
Katumbi
Katunga
Katungo
Katungu
Katuru
Katutuka
Katutula
Katuwa
Katuwa
Katyuka
Katzenga
Kaugule
Kaulamwene
Kauma
Kauma
Kaunda
Kaunda
Kaunda
Kaundo
Kausiku
Kausiwa
Kauta
Kauzagaru
Kavala
Kavalho
Kavalo
Kawaka
Kawa
Kawale
Kawale
Kawalika
Kawali
Kawamba
Kawamba Misozi
Kawanga
Kawanga
Kawaye
Kaweche
Kawelama
Kawenda
Kawere
Kaweta
Kaweteka
Kawiliza
Kawinga
Kawinga
Kawoli
Kayembe
Kayembe
Kayembe
Kayesa
Kayesa
Kayeya
Kayidoke Luhanga
Kayidu Purani
Kayora
Kayowoyero
Kayuni
Kayuni Luhanga
Kazando
Kazembe
Kazembe
Kazimbe
Kazira
Kazithule Ziwa
Kazomba
Kazombo
Kazonga
Kazumba
Kazyozyo
Kelula
Kenan Muzigha
Kenan Ngomba
Kesale Nyanguru
Khamakhala
Khamisa
Khanda
Khara Pamuhanya Gondwe
Khazi
Khaziko
Khofi
Khola
Kholowani
Khomani
Khombe
Khombe
Khombe
Khombe
Khomera
Khomera
Khongoni
Khonje
Khosolo Jere
Khoza
Khoza
Khoza Lisali
Khozapi Mtonga
Khulume
Khulumuniyu
Khumi
Khungwa
Khuwi
Khuzi
Khuzumba
Khwere
Kindwe
Kinsigala
Kisoso
Kisyombe
Kliwawa
Kochiwe
Koda
Kodikila
Kokoti
Koleni
Kolopa
Kolopele
Koloweko
Kolowika
Koma
Komakule
Kombedza
Kombi
Kondowe
Kongani
Kongoni
Konjiwa
Konka
Kopa Kopa
Kosam
Kota Kota
Koti
Ktalala
Kuasinja
Kubonda
Kudana
Kude
Kudzoe
Kui
Kukalanje
Kukalanjes Village
Kukanga
Kukulanga
Kulanga
Kulemeka
Kulizamimba
Kulupsya
Kuluwe
Kuluwina
Kuluwira
Kumbande
Kumbawa
Kumbi
Kumela
Kumisu
Kumlira
Kumpatola
Kumpika
Kumtumanji
Kumwenda
Kunchakama
Kundembo
Kundwe
Kunendekude
Kungauma
Kungungwe
Kungwa
Kungwa
Kunjawa
Kunkhokwe
Kunsinja
Kuntelela
Kuntemba
Kuntewa
Kunundura
Kunyinda
Kurdzi
Kurumemu
Kuthenje
Kuwanje
Kuyu
Kwakwala
Kwalala
Kwangala
Kware
Kwaroza
Kwataine
Kwataine's Village
Kwengwele
Kwera
Kwerekwere
Kwilembe
Kwilindi
Kwisa
Kwisimba
Kwis
Kwitambo
Kwitanda
Kyinge
Lambulila
Lambulira
Lambwe
Lameck Chisi
Langa
Langa Mgemezulu
Langeni
Languo
Lavu
Lawrence Kaculu
Lazalo Jere
Lazalo
Lazalo
Lemwe
Leven
Levi Jere
Levi
Levi Mphanje
Leza
Lezani
Licere
Lichapa
Lienda
Liganga
Ligwangwa
Lihana
Likaka
Likambwili
Likangala
Likangaria
Likhakhama
Likhonyowa
Likonde
Likongaji
Likongwe
Likulu
Likulungwa Village
Likuni
Likuni Mission
Lilongwe
Limamu
Limbalile
Limbe
Limela
Lingake
Lingonya
Linthipe
Lintipe
Linyangwa
Lions Cave
Lipempe
Lipenga
Liphala
Lipunga
Lisandwa
Lisiti
Livaro
Livingstonia
Livingstonia Mission
Livinza
Liwaladzi
Liwani
Liwenga
Liwewe
Liwinga
Liwonde
Liwonde
Lizulu
Loba
Lobi
Lodjwa
Lombadzi
Lombe
Lombwa
Lombwa
Londo
Longwe
Longwe
Longwe
Longwe
Loni
Lonya
Loudon
Loudon Mission
Lowe
Luchenya
Luchenza
Lughenza
Lujeri
Lukhanda
Lukulungwa
Lukwa
Lukwa
Lulanga
Lularwe
Lumbadzi
Lumphombo
Lumwira
Lunda
Lundu
Lundu
Lundu
Lungu
Lupafya
Lupembe
Lupenga
Lusale
Lusumbwe
Luthuli Makamo
Luwafwa
Luwagala
Luwanda
Luwazi
Luwitika
Luziwa
Lwazi
Mabulabo
Mabwera
Macala
Macece
Maceka
Macepa
Machado
Machedwa
Machemba
Machilika
Machina
Machinga
Machinjiri
Machirinka
Machisanu Mkandawire
Machowani Musi
Machuleka
Macikika
Macilinga
Macinyila
Maclean
Macmaurice
Maconga
Madaba
Madebe Mzima
Made
Madenda
Madika
Madimba
Madimba Mana
Madisi
Madisi
Madjamanda
Madoro Jere
Maduna Singini
Madzanje
Madziada
Madzi
Madzi
Madzi
Madzonga
Maere
Mafiosi
Mafisau
Mafuleka
Mafunga
Mafunte
Mafupa
Mafuta
Magaga Khonje
Maganaa
Maganga
Maganga
Maganga
Maganitsa
Magansa
Magareta
Magasu
Magayisa
Magenga
Magido
Magido
Maglas
Magoda Chipeda
Magodi
Magodi Nyirenda
Magombe
Magombo
Magomero
Magomo
Magonera
Magumbe
Magunje
Magwalangwa
Magwaza
Magwila
Mahata
Mahau
Mahowe
Mahuza Mzima
Mainja
Mainuka
Mainza
Maiwa
Majaja
Majawa
Majawa
Majawa's Village
Majega
Majiasawa
Majiga
Majika
Maji Kapotwe
Majimsingo Zgambo
Majiri
Majomba
Majuni
Makabola
Makala
Makala
Makalani
Maka
Makanda
Makande
Makanga
Makanjila
Makanjila
Makanjila
Makanjira
Makanyila
Makasa
Makata
Makawa
Makawila
Makawira Chirwa
Makho
Makhula
Makhumba
Makhura
Makhuwila Nkhoma
Makhuwira
Makikomi
Makius
Makoka
Makoko
Makombwa
Makome
Makondesa
Makopala Hara
Makulawe
Makumba
Makumbe
Makumbi
Makumbira
Makungula
Makungulu
Makuni
Makunula
Makuta
Makuvani
Makwakwa
Makwalo
Makwangwala
Makwani
Makwasa
Makwasi
Makwazi
Makwemba
Makwinja
Malagamula
Malaicha
Malajira
Malala
Malamba
Malambo
Malanda
Malanda
Malanda
Malande
Malango
Malangwasila
Malapa
Malauli
Malavi
Malaza
Malekeza
Malema
Malemba
Malembo
Malemia
Malemia
Malemia
Malemi
Malenga
Malenga
Malenga
Malenga
Malenga Mzoma
Malenga Sanga
Malepa
Maleta
Malewani
Malewu
Maleyele
Malico
Malidade Jere
Malika
Malikholeni
Malikolo
Malikopo
Malili
Malima
Malimanji
Malimba
Malimbwe
Malingula
Malisawa Ngwira
Malitimba
Maliwa
Maliwa
Maliyamu
Malo
Malombe Court
Malomo
Malonda
Malonga
Malonje
Malopa
Maluku
Malula
Maluma
Maluma
Malumula
Malupi
Malusa
Maluwa
Mambi
Mambo
Manata
Manchisi
Mandalade
Mandala
Mandala
Mandala
Mandate
Mandele
Mandevu
Mandevu
Mando
Mandwe
Manfred Tito
Mangadz
Mangaliso Kwinika
Mangamba
Manganela
Mangansi
Mangaoma
Mangatsa
Mangila
Mangira
Mangoche
Mangochi
Mangombo
Mangulu
Manguwale
Mangwazo
Mangwe
Maniwa
Maniya
Manjawila
Manjirira
Manjolo
Manjolo
Mankambila
Mankhaka
Mankhalala
Mankhambira
Mankhambira Nhlema
Mankhangala
Mankhoma
Mankudzu
Mankukwa
Mankwazi
Manolo
Manondo
Manondo
Manthalu
Manyamba
Manyon
Manyuwa Ziwa
Manzi
Maonda
Maonga
Mapata
Maperera
Mapila
Mapira
Mapujali
Mapupu
Marata Phiri
Marere
Mariku
Maripela
Marka Nyathando
Maronga
Martin
Masache
Masache
Masaka
Masakandevu
Masamba
Masamba
Masanduko
Masanjere
Masankhawa
Masanya
Masasa
Masasa
Masasa
Masaula
Masekezi
Masenjera
Masenjere
Masenjere
Masese
Masimbakwe
Masinalo
Masinja
Masinji
Masitala
Masokosa
Massasa
Massaula
Masseah
Masuku
Masula
Masumba
Masumba
Masumbi
Maswana
Mataka
Mataketa
Matako
Matalala
Matande
Matapela
Matapi
Mataya
Matekenya Msachi
Matemanga Moyo
Matenje
Materezi
Mateyo Zunga
Mateyu Chitayo
Matiki
Matimanji
Matimba
Matiti
Matola
Matola
Matolino
Matolokela
Matomola
Matomora Chadewa
Matomora Chirwa
Matosa
Matoto
Matsimbe
Matumba
Matumbwa
Matundaludzi
Matundu
Matupa
Matuta
Matutu
Matuwamba Mwale
Maulana
Maunda
Maundi
Maupi
Mauwamba Bokola
Mauya
Mavwanje
Mavwari
Mawalu
Mawango II
Mawango I
Mawango
Mawawa
Mawayira
Maweha
Mawende
Mawere
Mayani
Mayani
Mayese
Mayola
Mayola
Mazanduwa
Mazengera
Mazenjele
Mazinga
Mazongoza
Mazon
Mazuko
Mazweni
Mazyake
Mbabzi
Mbachundu
Mbacunda
Mbacundu
Mbalamanja
Mbalame
Mbalame
Mbalame
Mbalame
Mbali
Mbalira
Mbaluko
Mbaluku Laini
Mbalume
Mbalwe
Mbambo
Mbangala
Mbanga
Mbangombe
Mbangombe
Mbangu
Mbarali
Mbarami
Mbaruku
Mbatata
Mbawa
Mbawa
Mbaya
Mbayo
Mbekwa Shawa
Mbela
Mbelesheka
Mbelewele
Mbemba
Mbembe
Mbemdela
Mbenje
Mberekere
Mbeta
Mbetasamba
Mbewa
Mbewa
Mbewe
Mbewera
Mbeza
Mbia
Mbidzi
Mbilimtenglenji
Mbingwa
Mbingwa
Mbinzi
Mbinzi
Mbira
Mbirintengerenji
Mbiriyawaka Munthari
Mbisa
Mbisa
Mbiwi
Mbiya
Mbobo
Mbobo
Mbobo
Mbodi
Mbogomoyo
Mboko
Mbokosa
Mbomba
Mbonda
Mbondo
Mbosa
Mbowera
Mbowera
Mboza
Mbozo
Mbozo
Mbua
Mbuluma
Mbuluma
Mbunge
Mbungu
Mburuma
Mbuta
Mbuzi
Mbuzi
Mbuzi
Mbuzi Mzumara
Mbwabwa
Mbwana
Mbwawa
Mbwelele
Mbwezo
Mbwindi
Mcekaceka
Mcenza
Mchacha
Mchahulu
Mchambo
Mchambue
Mchambwe
Mchekeni
Mchenga
Mchenga
Mchenga
Mchenga
Mchenga Village
Mchereka
Mchere
Mchetechete
Mchikan
Mchinga
Mchinga Sanga
Mchinji
Mchipira
Mchochoma
Mchoka
Mchonkwe
Mcirawagani
Mcocha
Mdala Chikowa
Mdambo
Mdauka
Mdembo
Mdima
Mdoala
Mdoha
Mdongwe
Mdoyi
Mduka
Mduku
Mdumu
Mdunga
Mduwa
Mdzace
Meja
Mende
Mengwe
Menuli
Menyani
Meri
Meso
Messira
Meyo
Meza
Mfutso
Mfwusi
Mgabi
Mgada
Mganja
Mgawa
Mgombe
Mgonela
Mguba
Mgubane
Mgubo
Mgulula
Mgulula
Mgumila
Mgundadzuwa
Mgunzi
Mguruwe
Mguwacifu
Mguwata
Mgwalima
Mgwanga
Mgwantha
Mgwede
Mgwena
Mgwintha
Mgwinti
Mgwirisi
Mhungula I
Mhyanga
Miange
Migochi
Mijombo
Mijumiju
Mikaeli
Mikandi
Mikolongo
Mikolongwe
Mikorongo
Mikute
Mikuyu
Mikwala II
Mikwala I
Milala
Milaza
Milimbo
Milimbu
Milonga
Mimba
Mindano
Minga
Mingu
Miowi
Mirango
Misango
Misi
Misolo
Misomali
Missi
Misuko
Misuku
Mitanda
Mitara
Mitembo
Mitengo
Mitenyende
Miti
Mitondo
Mitundu
Miwale
Miyawa
Miyowe
Mizate
Miziawo
Mizonda
Mizondo
Mizwa
Mjakadziko
Mjeketa
Mjele
Mjinge
Mjoka
Mjonda
Mjondo
Mjudzi
Mjuwa
Mkagula
Mkakenengoma
Mkanda
Mkanda
Mkanda
Mkandamoto
Mkandawire
Mkande
Mkando
Mkangawi
Mkango
Mkanile II
Mkanile
Mkanje
Mkantama
Mkantaroa
Mkanthama
Mkantoma
Mkanzo
Mkatakurima Gondwe
Mkata
Mkauile
Mkazomba
Mkhalapadzuwa
Mkhoma Mission
Mkhoma
Mkhoma
Mkhomo
Mkhomza
Mkhonde
Mkhucke
Mkhuzi
Mkokoma
Mkoko
Mkoko
Mkolama
Mkomachilolo
Mkoma
Mkomandoro
Mkomba
Mkomba
Mkombe
Mkombozi
Mkondambiri
Mkondowe
Mkosana Mgumayo
Mkotamo
Mkototera
Mkotsano
Mkuamba
Mkubani Ndhlovu
Mkubu
Mkukula
Mkula
Mkulela
Mkule
Mkulumimba
Mkumaniza
Mkumba
Mkumbi
Mkunda
Mkunkhu
Mkusagombe
Mkutumula
Mkuwete
Mkuwila
Mkuwila
Mkwakwazu
Mkwalula
Mkwanda II
Mkwapatira
Mkwatile
Mkwawi
Mkwayaya
Mkwela
Mkwepele
Mkweya
Mkwiche
Mkwichi
Mkwinda
Mkwinda
Mkwinya
Mlali
Mlamba
Mlambe
Mlambwadzi
Mlanda Mission
Mlanda
Mlanda
Mlandula
Mlangali
Mlangali
Mlange
Mlangeni
Mlanje Boma
Mlanje
Mlauli
Mlauzi
Mlela
Mlenda
Mlenga Senga
Mleno
Mlewa
Mlilika
Mlimagwengwe
Mlinga
Mlolo
Mlomba
Mlombe
Mlonga
Mlonga
Mlonga
Mlongola
Mlonyeni
Mlossi
Mlowe
Mlowi
Mlowio
Mlozi
Mlungu
Mlungusi
Mmemo
Mmeta
Mncenga
Mndelemani
Mndoka
Mndola
Mndondwe
Mndungama
Mnelo
M'nembe
Mnewa
Mneya
Mngona
Mnguwe
Mngwala
Mnjere
Mnjeza
Mnkonka
Mnthanje
Mnthembwe
Mnyanga
Mnyanyu
Mocho
Moffat
Moffat
Mologeni
Mombera
Mombere Mission
Monakera
Mondwe
Monemoa
Mongora
Monkey Bay
Monyo
Mopho Jere
Moro
Morton Mtonga
Mose
Moses Gama
Moses
Moses
Moses
Moto
Mount Pleasant
Mowere
Moya
Moyanpansi
Moyo
Moyomsani
Mozace
Mozesi
Mpagaja
Mpakaka
Mpakati
Mpakati
Mpakisa
Mpalawe
Mpalawere
Mpalume
Mpama
Mpamba
Mpamba
Mpamfa
Mpamila
Mpamil
Mpana
Mpanangombe
Mpanda
Mpando
Mpando
Mpandula
Mpango
Mpapalika N'goma
Mpasuleni
Mpasu
Mpaya
Mpazi
Mpelane
Mpemba
Mpeni
Mpenyengo
Mperembe
Mpezeni
Mphako
Mphako
Mphalabungu
Mphamba
Mphamba
Mphamba
Mphambanya
Mphampha
Mphande
Mphande
Mphandukila
Mphanga
Mphasi
Mphata-Milonde
Mphazi
Mphekesa
Mphele
Mphepho
Mphepozinai
Mpherapi Kumwenda
Mpherembe
Mphere
Mpheta
Mpheza
Mphinzi
Mphola
Mphompha
Mphomwa
Mphomwa
Mphonde
Mphonde
Mphonde
Mphonde
Mphonde
Mphosa
Mphoza
Mphuhuwa
Mphuka
Mphunda
Mphunda
Mphunga
Mphungu
Mpikala
Mpikapika
Mpimbi
Mpinda Table
Mpinganjila
Mpinganjila
Mpingo
Mpingo
Mpingu
Mpingwe
Mpisamanja
Mpoka
Mpokosa
Mpokoso
Mpomba
Mpomba
Mponda
Mponda
Mponda
Mponda
Mpondas
Mpondezi
Mpondu
Mponela
Mporo
Mposadala
Mposa
Mposa
Mposongwe
Mpota
Mpoto I
Mpotola
Mpotu
Mpoya
Mpozera
Mpsasaweni
Mpumbe
Mpunda
Mpunda
Mpunde
Mpundu
Mpunga
Mpunganjira
Mpunzi
Mpuwa
Mroro
Mrowi
Msakambewa
Msakli
Msalula
Msamala
Msambafumu
Msamba
Msamba
Msampa
Msampha
Msampha
Msamvi
Msangeni
Msangwa
Msekampata
Mseka
Msekaranthu
Msekwa
Mselema
Mselere
Msendere
Msenga
Mseru
Mseula
Msilanga
Msilisa
Msimpha
Msindwa
Msinje
Msitimali
Msito Mazgoda
Msiwa
Msoci
Msokola
Msokoneza
Msolola
Msonga
Msonga
Msonthe
Msope
Msosa
Msowoya
Msuka
Msuku
Msukwala
Msumbi
Msumphi
Msundu
Msundwe II
Msungwi
Msunsa
Msusa
Msuta
Mswamphila Musi
Mtafiya
M'Taia
Mtaja Chavura
Mtaja
Mtakataka
Mtalimanja
Mtali
Mtalonji
Mtambalala
Mtambalika Moyo
Mtambalika
Mtambalika
Mtambo
Mtambo
Mtambo
Mtambwa
Mtandaza
Mtande
Mtandilo
Mtandizi
Mtandula
Mtanga
Mtanga
Mtanga
Mtanga
Mtangara Theo
Mtanila
Mtanila
Mtanira
Mtapula
Mtawali
Mtawa
Mtaya
Mtelelas
Mtelemoga
Mtema
Mtema
Mtembolibwe Mkosi
Mte
Mtemwende
Mtengampiri
Mtengoagwa
Mtenje
Mtenje
Mtepa
Mteperera
Mterera
Mteuka
Mteyo Ngoma
Mthaceni
Mthambalika
Mthawira
Mthende
Mthiko
Mthiniwa
Mthumba
Mtika
Mtima
Mtima
Mtimasonjo
Mtokoma
Mtonda
Mtonda
Mtondo
Mtonga
Mtongola
Mtongo
Mtonya
Mtonza
Mtoo
Mtoso
Mtotsa
Mtsekese
Mtsilo
Mtsilo
Mtsindo
Mtumanje Village
Mtumbula
Mtunda
Mtundu
Mtundu
Mtundu
Mtunga
Mtuntula
Mtunzi
Mtupa
Mtusani Nguruwe
Mtuta
Mtuwa
Mtuzi
Mtwalo
Mtwice
Mubakure Moyo
Muchasuka Mwanza
Muchekacheka
Muchingarombo
Mudando
Mudi Estate
Mudinda
Muepetha
Mugubani
Mugumbani Chipeta
Mugumbu
Muhango
Muhara
Muhatele
Muhoni
Muhuju
Mujinge Ziwa School
Mujuma Nyasulu
Mukande
Mukubani Mbeye
Mukula
Mulamba
Mula
Mulangari
Mulanje
Mulawa
Mulefu
Mulilima
Mulima
Mulima
Muli
Mulonda
Mulukwi
Mumenia
Munchindwe
Mundi
Mundiyeghe
Mundola
Munduwi Ndhlovu
Mungombwa
Mungombwe
Mungoni wa Mavi
Munyanja Ghabota
Munyonga
Munyongo
Muoka
Muonekera
Mupine
Muruma Settlement
Murwa
Musafire Shonga
Musa
Musangwa
Mutanga
Mutanga
Mutawa
Mutika
Mutonya
Muvenda
Muwanga
Muwango Juma
Muwawa
Muwehule Kumwenda
Muwero Bulukuti
Muyala
Muyeleko
Muyombe
Mvela
Mvera
Mvula
Mvula
Mvula
Mvumu
Mvunguti
Mvuta
Mwachirwa
Mwacipula
Mwacipula
Mwadyanji
Mwadzama
Mwadzanduwa
Mwaebwa
Mwafulirwa
Mwahangula
Mwahenga
Mwakawange
Mwakawenge
Mwakayera
Mwakhundi
Mwakundi
Mwalala
Mwalala
Mwala
Mwala
Mwala
Mwala wa Nkhonda
Mwala-wa-Nkhondo
Mwalija
Mwalija
Mwalimo
Mwamadi Msosa
Mwamafumu
Mwambala
Mwambe
Mwambe
Mwambo
Mwamcheka
Mwamsango
Mwamswere
Mwamtawale
Mwamuru
Mwanaakakula
Mwanabvumbwe
Mwana
Mwana Na Njovu
Mwanda
Mwanda
Mwandawara
Mwandila
Mwandimba
Mwangara
Mwanieti
Mwanjage
Mwanje
Mwanjeti
Mwanjowa
Mwanoapale
Mwansambo
Mwansanbo
Mwansango
Mwanyota
Mwanza
Mwanza
Mwanza
Mwanzawala
Mwape
Mwapiwu
Mwarara
Mwasala
Mwasalano
Mwasambo
Mwasa
Mwase
Mwase
Mwase
Mwasi
Mwasizi
Mwaswero
Mwatsindo
Mwaya
Mwazanduwa
Mwazolokere
Mwegama
Mwembe
Mwenda
Mwendomthengo
Mwenefumba
Mwenewenya
Mwengelele
Mwenje
Mwennipoka
Mwenyali
Mwenye
Mweny
Mwera
Mwewe
Mweza
Mwila
Mwili
Mwimba I
Mwinama
Mwiniwanda
Mwinjilani
Mwinyorwe
Mwita
Mwitiya
Mwiza
Myani
Myanja
Myaya
Myayi
Myombe
Mzalangwe
Mzama
Mzambazi
Mzamu
Mzandu
Mzati
Mzembela
Mzembera
Mzikamanda
Mzikamla
Mzikaola
Mzikowoola
Mzimba Muwi Soko
Mzimba
Mzindo
Mzinga
Mzingwa
Mzingwa
Mzira
Mzizi
Mzoma Miti
Mzoma
Mzowa
Mzoweza
Mzoza
Mzumacalo
Mzuma
Mzumanzi
Mzumara
Mzungunika
Mzuzu
Naboth
Nabwenje
Nachidzi
Nachikadza
Nachikosera Gondwe
Nachuma
Nacite
Naferanje
Naisi
Nakhwala
Nakutepa
Nakutepa
Nalikati
Nalikolo
Nalikolo Village
Nalimba
Namabalu
Namacete
Namadingo
Namadzi
Namaja
Namakho
Namakhwa
Namakoka
Namalaha
Namalaka
Namalaka's Village
Namalindi
Namaloe
Namanja
Namanjonjoli
Namano
Namanya
Namasoko
Namaso
Namatandala
Namatowo
Namawata
Namazani
Nambamba
Nambazu
Nambela
Nambera
Nambesa
Namboya
Nambuma
Nambwale
Namikango
Namilaka
Namilima
Namireno
Namiserera
Namitete
Namitowo
Namkumba
Namkumba Village
Namlera
Namonde
Namoni
Nampeya
Namputu
Namuku
Namwala
Namwera
Namwere
Namwini
Nandaya
Nandumbo
Nanganga
Nangwale
Nangwangwa
Nankhululukute
Nankhumbi
Nankumba
Nansasala
Nanthamhwe
Nanthana
Nantwe
Naperi
Naphaba
Naphome
Naphungo
Naphuthu
Napwanda
Napwanga
Napwenje
Narata
Nasungwe
Nasungwi
Natenje
Nathenje
Nauchi
Nawanga
Nawanga
Nawanga
Nawoza
Nayuci
Nbuyedziko
Ncaca
Ncekana
Nchacha
Nchakata
Nchakatha
Nchalo
Nchapito
Nchefu
Nchelela
Nchenachena
Nchenchena
Nchenenje
Nchenga
Nchenga
Nchenga
Nchenga
Nchengu
Nchenyela
Ncherenje
Nchesi
Ncheu
Nchewere
Nchewete
Nchilanjila
Nchimika
Nchisi Boma
Nchisi
Ncimbo
Ncokola
Ncokola
Ndaca
Ndakhala Chavinda
Ndakhara Chavinda
Ndalama
Ndalama
Ndalankwanda
Ndambala
Ndamba
Ndamera
Ndangulu
Ndawambe
Ndawambe
Ndawambe
Ndawambi Gausi
Ndawambi
Ndawara
Ndawo
Ndawula
Ndaya
Ndaya
Ndebvu
Ndebvu
Ndeka
Ndekwa
Ndela
Ndelema
Ndeli
Ndembela Ngwira
Ndembera Ngwira
Ndembo
Ndembo
Ndenda
Nderendere
Ndinda
Ndinde
Ndindi
Ndindi
Ndisani Mzima
Ndoka
Ndombo
Ndomira
Ndomo
Ndondo
Ndozizira
Nduka
Ndume
Ndunde
Nduwa
Nduwa
Ndwadwa
Neaweane
Nefani
Nelentino
Nembe
Neno
Nepiyala
Ngabu
Ngabu
Ngadziwe
Ngalamila
Ngala
Ngalauka
Ngalaura
Ngambe
Ngani
Nganjo
Ngara
Ngawi
Ngawo
Ngilazi
Ngisi
Ngoji
Ngokwe
Ngoleka
Ngolomi
Ngolomi
Ngoma
Ngoma
Ngomano
Ngombende
Ngombe
Ngombe
Ngombe
Ngombengo
Ngombo
Ngona
Ngona
Ngonbongo
N'gonga
Ngongola
Ngongonda
Ngongondo
Ngongondo
Ngonoonda
Ngontaminga
Ngonzo
Ngorozera
Ngowo
Ngulukila
Ngulu
Nguluwe
Ngumeni
Ngundama
Nguniwe
Ngwala
Ngwangwa
Ngwata
Ngwaya
Ngwenya
Ngwere
Ngwindo
Nhapali
Nhawani
Nhokopo
Nikaiera
Nikaiere
Nitcheu
Njakiva
Njakwa
Njakwa
Njakwa
Njalamaleye
Njala
Njalayankunda
Njambiro
Njambito
Njati
Njati
Njawa
Njaza
Njebwa
Njembu
Njenje
Njewa
Njewa
Njiwa
Njobvu
Njobvu
Njofu
Njolomole
Njombwa
Njonja
Njuchi
Njuci
Njuki
Njuli
Njuwa
Njuyu
Nkafi
Nkakamseza
Nkakomiala
Nkaku
Nkalama
Nkala
Nkalyapa
Nkanga
Nkanga
Nkanira
Nkapa
Nkata Bay
Nkata
Nkata
Nkate
Nkaugala
Nkawa
Nkhala
Nkhalmba
Nkhanganya
Nkhangwa
Nkharamo Chipeta
Nkhata Bay
Nkhata
Nkhawani
Nkhokwe
Nkholero
Nkholowondo
Nkhoma
Nkhondwela
Nkhonga
Nkhongue
Nkhonjera
Nkhonka
Nkhono
Nkhosa
Nkhotakota
Nkhulande
Nkhumpha
Nkhunga
Nkhungulu
Nkhungumbe
Nkhuto
Nkhuto
Nkhuzenje
Nkhuzikuzi
Nkhwakhwa
Nkhwangwa
Nkisa
Nkokola
Nkoko
Nkoma
Nkoma
Nkomeko
Nkomo Sichali
Nkonde
Nkondwe
Nkongolo
Nkope
Nkotama
Nkota
Nkuce
Nkudzi
Nkudzula
Nkuki
Nkulambe
Nkuli
Nkumpha
Nkungulu
Nkungura
Nkupila
Nkuweya
Nkuzi
Nkwambala
Nkwanda
Nkwangwa
Nkwazi
Nkwazi
Nkweo
Nkwepene
Nkwichi
Nkwichi
Nkwila
Nkwinjere
Nlaluwele
Nlambalala
Nlamba
Nlawa
Nlembe
Nlungu
Nlungu
Nluwila
Nokomde
Nomvimbe
Nomyimbe
Nosa
Nowa Hara
Nphonde
Nsabwe
Nsabwe
Nsadzu
Nsalika
Nsamba Kulira
Nsamba
Nsamba
Nsanama
Nsangu
Nsangwe
Nsanje
Nsanyila
Nsaru
Nselema
Nsema
Nseme
Nsenjere
Nseula
Nseula
Nsimbi
Nsipo
Nsiyampanje
Nsobvu
Nsomo
Nsonde
Nsonde
Nsumbi
Nsume
Nsunguliza
Ntache
Ntaja
Ntaja
Ntakataka
Ntala
Ntali
Ntali
Ntambala
Ntambalero
Ntambalika
Ntamba
Ntamo
Ntande
Ntanthila
Ntasa
Ntayambizi
Ntaya
Ntcheu
Ntchisi
Ntemankhana
Ntembe
Ntenga
Ntentha
Nthala
Nthalire
Nthambwe
Nthandu
Nthema
Nthembwe
Nthenda
Nthesa
Nthesa
Nthondoni
Nthondo
Nthondo
Nthondo
Nthondowa
Nthondowa
Nthonga
Nthukwa
Nthumba
Nthumbidwa
Nthunga
Ntila
Ntiwe
Ntiya
Ntolo
Ntolowa
Ntonda
Ntonda
Ntonda
Ntonda
Ntondo
Ntondwe Market
Ntondwe
Ntose
Ntuka
Ntundu
Ntunduwara
Ntungwi
Ntuwa
Nyachikadza
Nyalugwe
Nyalunga
Nyalwanga
Nyama
Nyamasi
Nyamawende
Nyamazani
Nyambadwe
Nyambalo
Nyambi
Nyambosi
Nyamkhwa
Nyampalu
Nyampe
Nyamula
Nyamuna
Nyamwelo
Nyandule
Nyangamile
Nyanga
Nyanga
Nyangatayani
Nyango
Nyangula
Nyangulu
Nyangu
Nyani
Nyanje
Nyanjereze
Nyanthumbi
Nyanya
Nyanya
Nyanyika
Nyapambere
Nyathando
Nyawa
Nyazomwe Chima
Nyenda
Nyenga
Nyenje
Nyenjere
Nyezani
Nyezerera
Nyirenda
Nyirenda
Nyirongo
Nyoka
Nyombe
Nyonbawi
Nyongani
Nyongole
Nyonyo
Nyonyo
Nyumbu
Nyundo
Nyundo
Nyundo
Nyungani
Nyungwe Mphaka
Nyungwe
Nyunyu
Nzinda
Nzola
Nzulu
Ofesi
Ofesi Stores
Offisi
Old Bandawe Church
Old Chisamba
Old Liwonde Boma
Old Salawe
Olokani
Omgolo
Onaini
Ondwe
Onga
Padukana
Padzani
Padzha
Padzua
Paima
Pakanyanda
Palaka
Palatini
Palm Beach
Palombe Market
Palombe
Palula
Pambiche
Pambichi
Pamichitonge
Pandanson
Pango
Pankanga
Pantengo
Panyathwa
Panye
Pasajule
Patengo
Patenje
Patreke
Patsankonda
Patungo
Pelete
Pemba
Pemba
Pemba
Penama
Pende
Perekamoyo Chima
Peremwe
Perete
Peter Ndawandawa
Peter
Peter
Petrosi
Petulos
Phalombe
Phalula
Phambala
Phaso
Phata
Pheleni
Phenjele
Phereni
Phetera
Pheza
Phikironi Hill
Phiri
Phodgoma
Phoho
Phoka
Phulos Nyaluanga
Phwampwa
Phwangwa
Phwiti
Pila
Pindani
Pinda
Pingo
Pirimiti
Pisawene
Pitiya
Pofu
Poko
Pombwe
Pondelani
Ponyemba
Port Herald
Psyeda
Pulumuka
Puruma
Robert Luwe
Robert Mdoro
Robert
Robert Thupa
Rodreck
Ruarwe
Ruben Mqongwani
Ruben
Rufukazi Gama
Rumphi
Rumpi Boma
Rumpi
Runda Lusale
Sabun
Sadichi
Sadvala
Saenda
Saidi Kwisimba
Saidi
Saidi
Saidi
Saiko
Saimon Jere
Saissone
Saite Mwasungu
Saiti
Sakala
Saka
Saka
Saka
Salabeni
Salawe
Saleke
Saleya
Salima
Salimukanga
Saliva
Sambamimba
Sambankusi
Sambishiyo
Sambo
Same
Sampale
Samsoni
Samuel Jere
Samuel Mphepo
Samuel Nyirenda
Samuel Nyoni
Samuel
Samu
Samu
Samvu
Sandama
Sande
Sande
Sandresi Nyika
Sandulizeni
Sandu
Sangala
Sangala
Sanga
Sanga
Sangazinje Mulotha
Sangua
Sangula
Sani
Sani
Sani
Sani
Sanjama
Sanjama
Sanjani
Sankhani
Sankulani
Sankulani
Sansani
Santhe
Saopa
Sapulaya
Sasani
Satema
Saulosi Mkosi
Saulosi
Saulosi Tembo
Saulos Mhango
Saulos
Savala
Saviwa
Savula
Sawanje
Sayela
Sazu
Scott Mhango
Sekela
Sekwala
Selemani
Selemani
Selemani
Selewa
Semphere
Semuka
Senga
Senzani
Seremani
Seseo
Seyenye
Seza
Shaba
Shandawila
Shani
Sharpevale
Shawa
Shemu
Shikana
Shilling
Siana
Sigulane
Sikelo Katundu
Sikonala Lundu
Silimoni
Sili
Silota
Simabvu
Simbi
Simeji Nyirenda
Simeon Mvula
Simeon
Simewa
Simlemba
Simnawi
Simoni
Simonjere
Simon Moyo
Simon Nthara
Simon's Cotton Market
Simon
Simon
Simon's Village
Simumbo
Sindani
Sinde
Sinde
Singano
Singine
Singo
Sininda
Sinombe
Sinosi
Sintala
Sinumbe
Sinyala
Sinyale
Sinyi
Sirombe
Sitambo
Sitima
Sitolo
Sitonya
Sitonya
Siwala
Siwerera
Siyalimba
Smapiri
Smomba
Sobala
Soche
Sofaya
Sokole
Sokopo Chinura
Solomoni
Solowa
Soloweni
Somba
Somba
Sombo
Somve
Songa
Songoli
Songo
Sonkho Mvula
Sonkho
Sonkhwe
Sopani
Sorjin
Sosale
Sosola
Sosola
Soueli
Spooni
Staniele
Stephen
Steven Mwanza
Sukasuka
Sululu
Sulumba
Sumba
Sunche
Sundwe
Sungasanga
Sungene
Sunnyside Suburb
Suwati
Suwe Mwale
Suwe
Suwila
Suza
Suzho
Suzi
Tabu
Tadeyo Chakwira
Takeyo
Tambala
Tambala
Tambala
Tambolagwa
Tambwe
Tamleti
Tandne
Tandwe
Tanga
Tanthauko
Tantwe
Tawakale
Tawa
Tayali
Tayayo
Tchigaga
Tebulo
Tembo
Tembo
Tembwa
Tembwe
Tembwe
Tembwe
Tembwe
Tembwe
Tena
Tendo
Tendo
Tengani
Tenga
Tenge
Tenje
Tenje
Tenje
Tenthema
Terere
Tete
Tewesya
Thako
Thawalawa
Thawale
Thawali
Thebulo
Thema
Thembani Mkandawire
Themuka
Thengeza
Therere
Thimba
Thimu
Thipa
Thomas Matopa
Thomas Mkandawire
Thomas
Thomo
Thondwe
Thope
Thornwood
Thorpe
Thosi
Thowa
Thowolo
Thuchila
Thudezi
Thudzu
Thulamela
Thuu
Thyolo
Tihomane
Tikit
Tikoliwe
Timbenao
Timbenow
Timbiri
Timbizi
Timeyo Chavura
Timeyo
Timote
Timoti
Timoti
Tiopaizi
Tiwi
Tizola
Tizola
Toleza
Tomali
Tom Allen
Tomasi
Tombondera
Tom Chipeta
Tomo
Tomo
Tomsala
Tonde
Tondolo
Tondoloza
Tondo
Tongole
Tongole
Tongoto
Tongozala
Topoloni
Tsamvu
Tsankanga
Tseka
Tsekwe
Tsenjerani
Tsicipapa
Tsitsi
Tsogo
Tsonga
Tsoyo
Tsoyo
Tsumba
Tsumba
Tsumbe
Tuchila Centre
Tuchila
Tundudza
Tundulu
Tunduma
Tungali
Tuthuwa
Two Boy
Tyaka
Ubale
Uko
Ulaya
Ulediwangwe
Ulisa
Umi
Umpuanela
Undi
Ungwe
Ungwe
Uriah
Usiska
Usisya
Usufu
Uwala
Uzinga
Valako
Veliasi
Vepe
Vera
Vindevu
Vinkhumbo
Visambo
Visanza
Vivi
Vivya
Viwangalala
Vizharona
Vizimba
Vua
Vulani Ruwanda
Vulani
Vuruakaini Ngwenya
Vwalamani
Vyapatamo
Vyauka
Wachaza
Wadede
Wajingo Theu
Wajingu Theu
Walala
Waletsa
Walkers Ferry
Waloyi
Wankhama
Wanthewa
Warika
Waya
Wayenga Wongowongo
Wazankhu
Wazaza
Wemba
Wendewende
Weta
Wethiwa
Wikson
Wiliamu Ngwenya
Wilima
Wilson Moyo
Wilson
Wimbe
Witombe
Wole
Wuledi
Yadinga
Yakobe Ndezu
Yakobe Njakwa
Yakobe Nyirenda
Yamwala
Yangala
Yapola
Yawinda
Yekamu
Yelemiya Lungu
Yendayenda
Yera
Yesaya Chiwambo
Yesaya Mkosi
Yesaya Ndowera
Yesaya Shawa
Yesaya
Yesaya
Yobe Gama
Yobe Jere
Yofu
Yohane Jere
Yohan
Yonam
Yosefi
Yotamu
Yotamu Ziwe
Yundu
Zakalia
Zakaria
Zakeyo
Zakhanya
Zambara
Zamba
Zamba
Zambo
Zanda
Zandi
Zathika
Zawa Gumbo
Zayuka
Zebedia Shawa
Zebedia
Zebediya Kamanga
Zebediya Kaunda
Zebediya Makwakwa
Zeka
Zelema
Zeleza Moyo
Zembe
Zepetia
Zgaka Ngwira
Zgambo
Ziaghayiki
Zidala
Zidana
Zidunge
Zidyana
Zifa
Ziga Tembo
Zikesa
Zikheta
Zikoti Zaka
Zilakoma
Zilale
Zimema Jere
Zimkondenge
Zimpita
Zimponje
Zimukambani
Zingwara Khowoya
Zinyoni
Zirona
Zironzo
Ziroro Nkhawerani
Zithani
Ziwande
Ziwuya Lungu
Zolire
Zolokere
Zomba
Zombwe
Zowani
Zowde
Zozomala
Zulu
Zunga
Zungusi
Zunguwa
Zun'guza
Zunze
Zuwalinyenga
Zwayumbo Makamo
Zyalambe
