Abbabis
Abenab
Academia
Achab
Affenrücken
Ai-Ais
Aida
Ais
Akutsima
Akweenyanga
Alt Duwisib
Alt-Seeis
Aluriesfontein
Alurisfontein
Amaadhala
Amakange
Amarika
Amasbank
Ambende
Amilema
Aminuis
Amukulungundju
Amutanga
Amuteya
Amwaanda
Amweepele
Anabib
Anamulenge
Andara
Angra-Juntas
Angras Juntas
Anichab
Anigab
Anixab
Anker
Antheap Milepost
Arabia
Arandis
Aranos
Araob
Arbeidsgenot
Arbeidsloon
Ariamab
Ariamsvlei
Ariamsvley
Aris
Arixa Ams
Arizona
Aroab
Aroams
Aroams Oos
Arona
Asikuli
Aub
Aubinhonis
Aubinhorus
Augustinium
Aupütz
Aurus
Aus
Austerlitz
Avis
Bagani
Bam se Pos
Beenbreek
Behr
Berghof
Bergquell
Bergveld
Berseba
Bethal
Bethanie
Bethanien
Bethany
Bethlehem
Binsenheim
Birkenfels
Biro
Blau
Blaukehl
Blignaut
Blokwater
Bloukrans
Blouputz
Blouwes
Blydeverwacht
Bodenhausen
Bokiesbank
Bokiesbank Oos
Bokiesbank Ost
Bonna
Boomplaas
Brack
Brigadoon
Bruinheuvel
Bruinheuwel
Buchani
Buitepos
Bukalo
Bulhoek
Bulskop
Butjana
Bwabwata
Cambells Aub
Cape Cross
Catjo
Chaibis
Chaka
Cha-re
Charley
Charliesputs
Charlys Pütz
Chausib
Chefuzwe
Chengere
Chinchimane
Chrisjansputs
Christians Pütz
Claratal
Coas
Coblenz
Constantia
Corona
Cowenga
Cuma
Cuseva
Cwa
Dabegabis
Dagbreek
Dakwa
Dancence
Davignab
Davignab Süd
Davignab Suid
Daweb
Dawegabis
Dawignab
Debegabis
Denarius
Deo-Volente
Derm
Desi
De Start
Devillers Pütz
De Villiersputs
De Villiers Pütz
Die End
Die Park
Diepkuil
Diepputz
Dikundhu
Dipito
Direlis
Diyogha
Djadjasa
Dobegabis
Döbra
Dongo
Donkerhoek
Donkersan
Dordabis
Dornbaum
Dosa
Douglas
Draaihoek
Dreihuk
Drei Kameelbaum
Driehoek
Driemaal
Drimiopsis
Dudu
Duinekraal
Dumsis
Dumushe
Dusternbrook
Duurdrift
Duurdrift Süd
Duwib
Duwisib
Dyapanga
Ebeneser
Ebenezer Mission
Ebenhaezer
Edilanghono
Edoseb
Edundja
Eehama
Eembidi
Eenana
Eendobe
Eendombe
Eengolo
Eenhana
Eenkombo
Eeshowa
Efinde
Efululula
Ehafo
Ehafo
Ehangano
Eheke
Eholongo
Ehomba
Ehongo
Eirup
Eisgaubib
Ekamba
Ekambo
Ekango
Ekangolomuve
Ekapashna
Ekoka
Ekokalinini
Ekoko
Ekuli
Ekwenye
Ekwili
Elakalapwa
Elalangali
Elandsdraai
Elandspan
Elao
Elim
Elim
Elisenheim
Elizabeth Bay
Elizabeth
Elizenhöhe
Elombe
Elondo
Emanya
Embwende
Emeritus
Emmanuel
Emonso
Enana
Endola
Engela
Enghandja
Enkundi
Enoch
Enoleu
Enongo
Enyana
Eorondemba
Epako
Epalalalinini
Epangwe
Epasha
Epashna
Epata
Epato
Epeke
Epembe
Epinga
Epoko
Epopo
Epukiro
Epuku
Epumbu
Epupa
Epyalyiipundu
Erakarombi
Erakorambe
Erindinoukambe
Eros
Erospark
Esati
Eselsruhe
Eselsruh
Eselsrus
Eshakeno
Esheshete
Esheshete
Eshosho
Etakaya
Etale
Etale Lyeenguwa
Etambo
Etaneno
Etanga
Etayi
Etengua
Etengwa
Etiliasa
Etilyasa
Etjapa
Etomba
Etope-Lya-Simpung
Etope-Lya Simpungu
Etoto
Etshinga
Etudilondjaba
Etunda
Etunda
Eunda
Fairview
Falena
Fischfontein
Formanastat
Fort Rietfontein
Fransfontein
Franzfontein
Friedental
Fumbe
Gaibes
Gaigoab
Gainachas
Gam
Gamsberg
Ganigobes
Gaobis
Garep
Garib Ost
Garooab West
Garrettes Pos
Gatwitwi
Gaucha
Gauko-Otavi
Gauko-Otawi
Gawa
Gcagcawe
Gcagcwe
Gcama
Gcaru
Gcaruha
Gcude
Gcugcuma
Gcunda
Gcwagi
Gcwatjinga
Geigoab
Geusha
Gewagi
Gibeon
Gkamboro Settlement
Goabis
Goanikontes
Gobabeb
Gobabis
Gochas
Gocheganas
Goeroegas
Göllschau
Gorooab Ost
Gorooab West
Goroseb
Gove
Granitberg
Grieserau
Grillenthal
Groendoring
Groendorn
Groendraai
Groot Aub
Grootfontein
Grootfontein
Groot Gaobis
Groot Kais
Grootplaas
Grootplaats
Groot Schwarzkuppe
Groot Uis
Gross Barmen
Groutfontein
Grünau
Gründorn
Guichabis
Guisis
Guma
Gunib
Gunkas
Gunkwe
Guruchas
Haakiesdoorn
Hackiesdorn
Hadi-Aus
Haib
Haib Rhenish Mission
Haigamchab
Haigamkab
Haisisera
Haisisira
Hakiesdoorn
Hakos
Halali
Halali
Halali Rest Camp
Halali Ruskamp
Haldenwang
Halila
Halili
Hamab
Hamakanga
Hammerstein
Hamoye
Hamutenja
Hantam
Hardap
Haribes
Haris
Harmse
Hartelust
Hatsamas
Hefner
Heidehof
Heimat
Helen
Helmeringhausen
Henta
Hentiesbaai
Henties Bay
Hildenhaf
Hildenhof
Hilton
Hoachanas
Hoapegas
Hochfeld
Hochfeld
Hochland
Hogeis
Hohenfels
Hohenheim
Holm
Holoog
Homeb
Hopefield
Horison
Hottentoten Bay
Hugus
Huitsib
Hulde
Hunam Ost
Huniam
Huniam Ost
Huniams Oos
Huniams Wes
Huniam West
Huns
Ibbu
Ibolokwa
Ihaha
Iihamyongwe
Iihanguti
Iihongo
Iikango
Iikelo
Iikokla
Iilambo
Iindangungu
Iipanda
Iipanda
Iipopo
Iiputu
Iitapa
Iithindi
Ikaba
Ilumba
Imkerhof
Imukusi
Ingururu
Isabis
Ishesha
Itomba
Ivoma
Jakkalsvlei
Jude
Juriesdraai
Kaap Kruis
Kabala
Kabbe
Kabebi
Kabe
Kabolissa
Kabulabula
Kabula
Kadedere
Kaguni
Kahenge
Kais Noord
Kais Nord
Kaisosi
Kais Suid
Kais Zuid
Kaiyanga
Kaiyeura
Kakambi
Kakatswa Onguati
Kake
Kakomwe
Kakoro
Kakuwa
Kalala
Kalaluka
Kalangana
Kaliangile
Kalibo
Kalimbeza
Kalkbron
Kalkfeld
Kalkfontein
Kalkfontein South
Kalkrand
Kalkveld
Kaltenhausen
Kalundu
Kamanjab
Kambowo
Kambu
Kamkam
Kandenga
Kandimbe
Kandjara
Kanebis
Kaneb Pos
Kangongo
Kangweru
Kanibes
Kankudi
Kanono
Kansoni
Kansukwa
Kanto
Kanubeb
Kanyekama
Kanyikama
Kanzoni
Kaoko Otavi
Kapako
Kapako
Kapanda
Kaparara
Kapenene
Kapengwena
Kapolota
Kapupahedi
Kapupayedi
Karanab
Karanas
Karangana
Karasburg
Karayi
Karayl
Karibib
Karo
Karuchas
Karuci
Kasara
Kashiana
Kashivi
Kasika
Kasikili
Kasima
Kasimbo
Kasivi
Kasokonga
Kasoro
Kasote
Kasulwe
Katanda
Katanga
Katanga
Katara
Katembo
Katere
Katima Molilo
Katima Mulilo
Katimba
Katomeno
Katondo
Katonga
Katope
Katope-ko-Mbome
Katope-Komugoro
Katsho
Katungu
Katutura
Katwitwi
Kaundu Kavambanda
Kaveura
Kayanga
Kayaru
Kayengona
Kayeura
Kayuo
Kazi
Kazinzila
Keetmanshoop
Keibeb
Keibeb
Keimas
Kelpie
Keni
Kentucky
Khaais
Khalkrand
Khance
Khan Mine
Khoexas
Khomasdal
Khorixas
Khorusepa
Khowarib
Kirschberg
Kleepforte
Klein Aiais
Klein-Ais
Klein Amasbank
Klein Aub
Klein Aub
Klein Bergveld
Klein Chausib
Klein Hakiesdoorn
Klein Kais
Klein Klipneus
Klein Kowares
Klein Nauas
Klein Onnaams
Kleinvaalgras
Klein Windhoek
Klepheuvel
Klipdam
Klipdrift
Klipfontein
Klipheuvel
Klipheuwel
Kliprand
Kliprant
Koam
Koanus
Kobos
Koës
Koireb
Koireb Wes
Kolmanskop
Koma
Kombat
Komnarib
Kongola
Kongolo
Konob Pos
Konsukwa
Kopako
Korabib
Kora
Korhaan
Korlia
Korokoko
Koro
Korrebub
Korridor Pos 13
Korridor Pos Dertien
Kosheshe
Kosis
Kos
Koukuas
Kowares
Kraaipoort
Kramersdorf
Kreta
Kromhoek
Krönlein
Kroonster
Kub
Kubona
Kuisebmond
Kuisebpos
Kuitsib
Kums
Kumu
Kuring Kuru
Kuseka
Kushalula
Kwaggaspan
Kwakwas
Kwalala
Kwando
Kwaviyi
Kwena
Kyalami
Lafrenz Township
La Gratia
Lamhedi
Lammerwater
Langfontein
Last Hope
Lekkerwater
Leonardville
Liamissa
Lianjunga
Libetse
Lichtenstein Mitte
Lickulu
Lifumbela
Likubangwa
Lilira
Limbandalunga
Lindangungu
Linyanti
Lionga
Lisikili
Litaba
Livuyu
Liwakala
Lizauli
Lüderitz
Ludwigsdorf
Luginsland
Luhopi
Luile
Lukanko
Lukulo
Lukuto
Lupenbwe
Lusese
Lusikili
Lusu
Lützelhöhe
Luzibalule
Lyakahani
Mabala
Mabasi
Mabele
Mabusbe
Mabushe
Madudu
Maenzere
Mafube
Magongo
Mahachana
Mahango
Mahonda
Mahundu
Maienzele
Majara
Majenzele
Makadena
Makambu
Makando
Makandu
Makata
Makena
Makundu
Makuni
Makuzu
Malabar
Malambo
Malesu
Malimina
Malinde
Malindi
Maltahöhe
Malundu
Mamili
Mamili's
Mamono
Manda
Mangandu
Mangarangandja
Mankonga
Mantjenya
Manunga
Manyondo
Mapulanga
Marema
Maria Bronn
Mariental
Maroelaboom
Maroeloboom
Marulakuta
Masari
Mashari
Mashika
Mashivi
Masida
Masikili
Masule
Matanga
Matava
Mate
Matemwa
Matende
Matengu
Matengus
Matongo
Matongos
Maulukupeka
Maurukupeka
Mavanze
Mavenge
Mavhenge
Mayara
Mayara
Mayenzere
Mayhenge
Mayowe
Mayuni
Mazambani
Mazaza
Mazua
Mazwa
Mbalasinte
Mbambi
Mbambi
Mbanga
Mbango
Mbimbi
Mbomande
Mbome
Mbora
Mbore
Mbozi
Mbumbi
Mbunza
Mbura
Mburuuru
Mbwata
Mc Intyre
Mecklenburg
Meersig
Melkpos
Middelbult
Middelhof
Middelpos
Middelpos
Mittag
Modderdrift
Mohango
Mondesa
Mongombi
Mooibome
Mopane Pos
Mopolilo
Môrester
Möwebaai
Mpanda
Mpapuka
Mpara
Mpengu
Mpoto
Mpuku
Mpuma
Mpungu
Mugandwizi
Muhema
Mukasa
Mukassa
Mukawa
Muketelwa
Mukundu
Mukuvi
Mukwe
Mumboni
Muneambuanas
Munembwana
Mungomba
Mungunda
Munjewe
Munsu
Munuma
Munyandi
Muoyeta
Mupapama
Muparara
Mupini
Muroro
Musese
Mushovoyi
Musiluku
Musine
Musipili
Musovoye
Musukubili
Musu
Musunzi
Musuwilwa
Mutambo
Mutau
Muteto
Mutikitila
Mutonga
Mutwi
Muveve
Muyako
Muyoba
Muyombwe
Mvuvu
Mwilima
Mwitjiku
Myara
Myara
Mylpaal
Naachaams
Nabas
Naherob
Nainais
Naingopo
Nakakabulelwa
Nakamwandi
Nakayale
Nakazaza
Nambali
Nambi
Namtib
Namu
Namuntuntu
Namutoni Gate
Namutoni
Nandingwa
Nandu
Nangoni
Nanibecheb
Nankomba
Nankudu
Nantungu
Naos
Narachaams
Narachaams Pos
Naris
Narraville
Narubis
Naruchas
Natab
Natap
Nauchas
Naucova
Naukhas
Nayita
Nbimbi
Ncamakora
Ncame
Ncarise
Ncaute
Ncecwa
Ncoco
Ncuncuni
Ncushe
Ndiyona
Ndonga
Ndonga
Ndonge Linona
Ndongo
Neikop
Neineis
Neneis
Nepara
Neudam
Neu-Puts
Ngala
Ngandu
Ngangana
Ngcamadang
Ngcana
Ngcangcana
Ngcarama
Ngcasawa
Ngenda
Ngoma
Ngone
Ngoni
Ngove
Ngumbo
Ngura
Nhoma
Nicos Hoek
Niedersachsen
Nieuwefontein
Nieuwefontein Ost
Nieuwefontein West
Nina
Nkandi
Nkata
Nkinka
Nkonke
Nkurenkuru
Nkutu
Nkwazi
Nkwizu
Nomtsas
Non Dimenticar
Noordoewer
Nora
Nore
Nossiko
Nossobville
Nqandu
Nsivi
Ntaranga
Ntara
Ntela
Ntenta
Ntonde
Nuhoab
Nuhoas
Numkaub
Numkaup
Nungubais Noord
Nungubais
Nuniab
Nu-Uis
Nuwedam
Nuwefontein Wes
Nuwe Kabbe
Nuwe Modderdrif
Nyangana
Nyege
Nyenye
Nyondo
Nzinze
Nzinzi
Oab
Oab
Oahava
Oamities
Oamseb
Oamsib
Oase
Odilayafyenota
Odimbo
Odimbwa
Oembalantoe
Ofaitumbo
Ogongo
Ohahati
Ohaibana
Ohaihai
Ohaihana
Ohaikedi
Ohailinda
Ohainengena
Ohaingu
Ohaipetekwa
Ohakane
Ohakayale
Ohakuyela
Ohalushu
Ohamakanga
Ohama
Ohambungu
Ohamevainini
Ohamuheke
Ohamuheke
Ohamviimbi
Ohandungu
Ohangwena
Ohaufiku-Renine
Ohauwangakukutu
Ohauwanga
Ohauyave Munini
Ohauyave
Ohaziwa
Ohehonge
Ohinakawe
Ohohorwa
Ohongondjanambari
Ohopoho
Ohopuho
Ohorua
Ohumbula
Ohuukewo
Oidimba
Oidiva
Oikoto
Oikuku
Oininive
Okaanga
Okaaruu
Okadhiya
Okaepe
Okahahauyavwena
Okahandja
Okahanja
Okahao
Okahau
Okahauwangwena
Okahiokaapa
Okahitanda
Okahitua
Okahitwa
Okahodhu
Okaholo
Okahororwa
Okahosu
Okahozu
Okahumandu
Okahumba
Okahwa
Okajape
Okakarara
Okakekete
Okakewa
Okakololo
Okakongwena
Okakuara
Okakunda
Okaku
Okakuvisa
Okakuyu
Okakwiyu
Okalili
Okalimbo
Okalindi-Komutati
Okaloko
Okalolo
Okalondo
Okalondo
Okalongo
Okalumpa
Okalunga
Okamaere
Okamakaku
Okamanya
Okamatapati
Okambabwena
Okambaramba
Okambebe
Okambe-Odombo
Okambogo
Okambonde
Okamborombonga
Okamboro
Okambukonde
Okambwarongo
Okamita
Okanambundona
Okanaya
Okandjera
Okandjira Settlement
Okandjombo
Okando
Okangeama
Okangeoma
Okangoho
Okangwati
Okangwindi
Okanjanga
Okankolo
Okanungu
Okanyanona
Okaokongwinya
Okaonde
Okaoraore
Okapanje
Okapashona
Okapawe
Okaperre
Okapuka
Okapunde
Okapya
Okarjanga
Okaserawe
Okaseta
Okashidi
Okatana
Okathima
Okathitu
Okathutu
Okatitu
Okatjangee
Okatjaveva
Okatjiho
Okatjiparanga
Okatjiparango
Okatj
Okatjongwa
Okatjoruu
Okatjovandu
Okatjsoroi
Okatope
Okatope
Okatoto
Okatumbo
Okatumuama
Okatumwama
Okatuuo
Okatuwo
Okatuwo
Okatwakoverwa
Okatyali
Okauapehuri
Okaue
Okaukuejo
Okaukueyo
Okaundja
Okauva
Okauwa
Okavakwa
Okavandje
Okavare
Okawangwa
Okawani
Okawarongo
Okawe
Okayala
Okayepe
Okazimba
Okazize
Okeholongo
Okeriko
Okeruru
Okeserahi Number 2
Okeserahi Number Two
Okeserahi
Okohonga
Okomapuku
Okomaruru
Okombaha
Okombahe
Okombambi
Okombepera
Okomboha
Okomizema
Okomize
Okomumbonde
Okomungondo
Okomuparara
Okomutati
Okondjatu
Okondomba
Okongo
Okongo
Okongowa
Okongutirwa
Okongwe
Okonjota
Okonyama
Okonyoka
Okorosave
Okorosawe
Okosonduju
Okosondusu
Okotjandjoura
Okotjitundu
Okotjize
Okotjoto
Okoukambe
Okoutjove
Okovihona
Okovimburu
Okozondsuwoine
Okozonduzu
Okozongoro
Okozongwehe
Okozoserandu
Okuje
Okumumbonde
Okumutati
Okwatiwalunga
Olifantsput Pos
Olifa
Oluhapa
Olukonda
Olukonda
Olukula
Olukumwa
Olukupa
Olumelengwa
Olunkono
Oluno
Olunos
Olupale
Olupandu
Olupumbu
Olupundi
Oluteyi
Oluvango
Oluvongo
Oluwaya
Olwani
Olyavahenge
Olympia
Olyuulaye
Omaalala
Omabzu
Omadano
Omadhiya
Omahahi
Omahai
Omahini
Omaihi
Omakande
Omakondo
Omako
Omalambo
Omalundudu
Omambuumbuu
Omangambo
Omangundu
Omanye
Omapumba
Omaruru
Omaseb
Omashaka
Omatale
Omatanga
Omatangela
Omatapati
Omateleklelo
Omatjatjeva
Omatjete
Omatwadiva
Omauozonjanda
Omauzongaka
Omauzongoka
Omawewozonyanda
Omayi
Omayulu
Omazera
Ombaba
Ombabi
Ombahe-Yakako
Ombahu
Ombako
Ombalantu
Ombalayamumbwenge
Ombaravera
Ombawe
Ombepera
Ombinda
Ombivango
Omboloka
Ombonde
Omboora
Ombora
Ombugayamupolo
Ombuku
Ombulantu
Ombumbu
Ombundiya
Ombungurur
Ombu Yomenye
Ombu Yomumbonde
Ombu Yovakuru
Ombwana
Omege
Omeihei
Omhangela
Omhedi
Omikwa
Omindamba
Omingondo
Omitara
Omitivine
Omitjete
Omitjira
Omizema
Omkwa
Ompandakani
Ompanda
Ompangela
Ompunda
Ompundja
Omuditu
Omufiya
Omuhanguzi
Omuhiva
Omukonda
Omukondo
Omukukutu
Omukundagwana
Omukurukaze
Omulamba
Omulonga
Omundaungilo
Omundudu
Omunduungio
Omungholyo
Omungunda
Omungwelume
Omungwindi
Omunjereke
Omunkayi
Omuntele
Omunwandjai
Omunyankwe
Omunyekadi
Omupanau
Omupanda
Omupanda
Omupanda
Omupandu
Omupembe
Omupini
Omupumba
Omuramba
Omushakala
Omusheshe
Omushigo
Omushilawombadje
Omusimboti
Omutala
Omuthima
Omuthitugwonyama
Omuthitu
Omuthiya
Omutima
Omutiwanduka
Omutjatjewa
Omutjenya
Omutsegwombandje
Omutumbondudu
Omutundungu
Omutuni
Omutwewomunhu
Omutwewondjaba
Omutwewonime
Omutwrwomedi
Omuulu
Omuwike
Omvil
Omwandi
Omwe
Onaanda
Onahenene
Onahima
Onahi
Onaimbungu
Onakalunga
Onakalunga
Onakandi
Onakandjangi
Onakankunzi
Onakasino
Onakayale
Onakiidhi
Onakuku
Onalunike
Onalusheshete
Onamagwena
Onamahoka
Onamasila
Onamatadiva
Onamatandiva
Onamatanga
Onamatende
Onamavo
Onamayo
Onambaladi
Onambashu
Onambeke
Onambutu
Onamhindi
Onamhombo
Onamhombo
Onamihonga
Onampengu
Onamtai
Onamtayi
Onamudime
Onamukulo
Onamundidi
Onamundindi
Onamungodjo
Onamungundo
Onamunhama
Onamutai
Onamutai
Onamutene
Onamutenya
Onandi
Onandjaba
Onandjamba
Onandjokwe
Onandjo
Onandjushi
Onandomba
Onangalo
Onangama
Onangava
Onanghulo
Onangolo
Onangombe
Onangulo
Onanguwo
Onangwe
Onankali
Onanona
Onanyalala
Onanyama
Onaombombonde
Onashikookaya
Onathinge
Ondaakula
Ondaanda
Ondahaka
Ondanda
Ondando
Ondangua
Ondangwa
Ondauka
Ondema
Ondermaitje
Ondermatje
Ondermatjie
Onderombapa
Ondeshifiilwa
Ondiihaluka
Ondingwanyama
Ondjaba
Ondjamba
Ondjiripumwa
Ondjombo
Ondjondjo
Ondjungurume
Ondobe
Ondole
Ondombeyoshaale
Ondonga
Ondorozu
Ondova
Ondudu
Onduna
Ondundo
Ondundotjiuapa
Ondundotjivapa
Onduno
Ondwi
Oneeya
Onehanga
Oneheke
Onehongo
Onehova
Onekukumo
Onekwaya
Onelago
Onembaba
Onembenge
Onengali
Onepandagulu
Onepandaulo
Oneputa
Oneshiyo
Onesi
Ongalangobe
Ongala
Ongali
Ongali
Ongandjera
Onganja
Ongenga
Ongenga
Onghwiyu
Ongolongela
Ongolo
Ongombesa
Ongombombonde
Ongonga
Ongongora
Ongord Gotjari
Onguati
Onguedira
Onguediva
Ongula Netanga
Onguma
Ongumi
Ongundi
Ongwediva
Onhandungu
Onheleiwa
Onheleiwa
Onheti
Onhumba
Onhunda
Oniihandi
Oniihati
Oniihwa
Oniimwandi
Oniimwandi
Oniimwandi
Oniipa
Oniiwe
Onikila
Onimuandi
Onimwandi
Onkumbwiimbwi
Onkwinkwiti
Onreg
Ontananga
Ontuli
Ontunda
Onyaanya
Onyati
Onyawanyawa
Onyeka
Onyuulaye
Onzinzi
Oongodhi
Oozonduwombe
Opepela
Opuwa
Opuwo
Orange Mouth
Orangemund
Oranjemond
Oranjemund
Orauku
Orjimbarombonga
Orokakaru
Orokatundu
Orokatuwo
Orongoto
Orontjitombo
Orotjitombo
Ortmansbaum Oos
Ortmansbaum
Oruaku
Oruauku
Orue
Oruhito
Oruhona
Orukwapa
Orumwe
Orunahi
Orupemba
Orupembe
Orutanda
Oruuwa
Oruvandjai
Oruware
Oryeheke
Oshaakondwa
Oshaangu
Oshakati
Oshakati
Oshali
Oshali
Oshali
Oshalongo
Oshamambu
Oshambada
Oshanashiwa
Oshandi
Oshanyata
Oshapwa
Oshatotwa
Oshawello
Oshekasheka
Oshidundumbe
Oshidute
Oshifitu
Oshigambo
Oshikango
Oshikiyu
Oshikondiilongo
Oshikondiilongo
Oshikuku
Oshikulu
Oshikunde
Oshikuni
Oshikushashipya
Oshikushomunkete
Oshikwiyu
Oshilambwili
Oshilulu
Oshilungi
Oshimanya
Oshimwaku
Oshinge
Oshipala
Oshipaya
Oshipumbu
Oshishogolo
Oshitai
Oshitalamesho
Oshitaye
Oshitayi
Oshitayi
Oshiteni
Oshiteyatemo
Oshityoshikukutu
Oshivelo
Oshiya
Oshombwa
Oshukwa
Oshuli
Oshuudiya
Oshuuli
Oshuungu
Oskitayi
Osona
Osongunde
Osonhaui
Oswater
Otamanzi
Otapatapa
Otavi
Otawi
Otengua
Othamutirika
Othika
Othile
Otiwarongo
Otjahorowara
Otjaparakaha
Otjapitjapi
Otjatjingenge
Otjetjekwa
Otjewe
Otjiauena
Otjihaenena
Otjihase
Otjihende
Otjihitwa
Otjijandjasemo
Otjijere
Otjikango
Otjikondavirongo
Otjikondo
Otjikongoi
Otjikorondo
Otjikoto
Otjikuina
Otjikundua
Otjimanangombe
Otjimbingue
Otjimbingwe
Otjimikambo
Otjimukona
Otjinanwa
Otjinene
Otjinhungwa
Otjipandjarwa
Otjipembahi
Otjiperongo
Otjiquena
Otjirareni
Otjiraroni
Otjirova
Otjisepa
Otjiserandu
Otjitanda
Otjitanga
Otjitati
Otjitunduwa
Otjiunaune
Otjiungukwa
Otjiu
Otjivakuanda
Otjivera Sud
Otjivero
Otjivero
Otjivetjombungu
Otjivikango
Otjiwaketambo
Otjiwaneho
Otjiwapeke
Otjiwarongo
Otjiwarongo
Otjiwarongo
Otjiwetjombungu
Otjiyere
Otjohorongo
Otjomatemba
Otjombungu
Otjomukona
Otjomumbonde
Otjomungwindi
Otjomupanda
Otjonana
Otjondeka
Otjongava
Otjongeama
Otjongombe
Otjongombe Settlement
Otjongundu
Otjorongwari
Otjoruharwi
Otjotopero
Otjouye
Otjovakombe
Otjovasando
Otjovasandu
Otjovasondu
Otjovazandu
Otjozondjou
Otjozongombe
Otju
Otofima
Otsalindi
Otuazuma
Otumborombonga
Otunganga
Otupopero
Otuvare
Otuvinga
Otuvingo
Otuware
Otwani
Otyaityava
Otyoyononoka
Oukala
Oukongo
Oumbada
Oupili
Oupongo
Oupumako
Oushini
Outjo
Outwilo
Ovanduvongwe
Ovehotua
Ovinjuru
Ovinyuru
Ovivapa
Owatjipaue
Owatupanda
Oyovu
Ozanjonga
Ozombari
Ozondati
Ozondjiva
Ozongaka
Ozongarongombe
Ozongaru
Ozongunda
Ozonvanga
Palmenhorst
Palm
Papuka
Paradys
Parkland
Pelepele
Pelgrimsrus
Pelgrimsrust
Perahomp
Perepere
Petrusdal
Petrusfontein Pos
Philadelphia
Photo
Picadilly
Pilgrimsrust
Pionier
Pionierspark
Pockiesbank-Ost
Pollox
Pollux
Pomona
Poortjie
Popa
Portsmut
Prospect
Protea
Punga
Pusa
Pwani
Randeier
Rand Rifles
Rehoboth
Rehoboth
Richthofen
Richthofen
Richthoten
Rietfontein
Rietfontein
Rietoog
Rietquelle
Rooibank
Rooiklip
Rooi Veldskoea
Rooi Veldskoen
Rössing Village
Rostock
Ruacana
Rucara
Rudhiva
Rudiva
Ruga
Rughongo
Ruhleben
Ruhuga
Ruhuru
Ruimte
Rukanko
Runda
Rundjarara
Rundu
Runjarara
Runtu
Rupeho
Rus-en-Vrede
Ruuga
Sachona
Saddle Hill North
Saddle Hill
Saigcakate
Saigeakate
Sakapupwe
Sakatuka
Sakfweba
Salem
Samakape
Samakapi
Samara
Samasore
Sambiso
Sambuso
Sambusu
Samulandela
Sandfontein
Sangwali
Sankwassa
Santa
Santusela
Sapelapela
Saperaperas
Sapirama
Sapondwa
Sarie Maré
Sarukwe
Sarusungu
Sausungu
Sauyemwa
Sawato
Schlesien Noord
Schlesien
Schlip
Schönau
Schuckmannsburg
Schuickmannsburg
Schukmansburg
Seeheim
Seeis
Sekrige
Sekubis
Sendelingsdrif
Sendelings Drift
Sendlingsdrif
Sendlings Drift
Seseke Sabanyai
Sesfontein
Sesheke
Setefani
Shadikongoro
Shadjunu
Shagaya
Shakambu Oos
Shakambu
Shakawe
Shamaghongo
Shamatura
Shamaturu
Shamburo
Shambyu
Shamundambo
Shamvura
Shangando
Shangandu
Shankara
Sharughanda
Sharukwe
Shighuru
Shigruru Nejuwa
Shiguru
Shiguvu
Shikali
Shikenge
Shikondo
Shilling
Shimanje
Shimanya
Shimweghe
Shinguruve
Shinguruvi
Shinyemba
Shinyungwa
Shinyungwe
Shipakupaku
Shishidjo
Shitembo
Shitemo
Shivara
Shiwuru
Shudiva
Shunem
Siambisso
Sia
Sibali
Sibinda
Sibulwe
Sibungu
Sichimwa
Sifuha
Sifuma
Sigone
Sihope
Siia
Sikabelezi
Sikarosompo
Sikenge
Sikereti
Sikome
Sikondo
Siko
Sikosi
Sikubi
Sikwalo
Sikwanyi
Sikwekwe
Silenga
Silenge
Silikunga
Silonga
Silumbi
Silverstroom
Silwerstroom
Simajumbulas
Simana
Simanya
Simassiku
Simataa
Simayumbula
Simbwaye
Simnco
Simobe
Simpanda
Simplon
Singalamwe
Singuruve
Sinjala
Sinjogoro
Sinsogoro
Siomboko
Siongo
Sipula
Siraro
Sishekesabanyia
Sisungu
Sitongwani
Sitopogo
Situmba
Siudiva
Siunda
Siurungu
Sivara
Siveyo
Siwi
Siya
Skilpad
Skuit Drift Cattle Post
Skuit Drift
Slaaipoort
Sliputu
Snyfontein
Solitaire
Sonderwater
Sonop
Sorris-Sorris
Soutrivier
Sovo
Spaarwater
Spencer Bay
Sperlingputs
Sperlingsputs
Spitskop Pos
Spitzkop
Stampried
Stamprietfontein
Stampriet
Stamprivier
Stanley
Stauch Lager
Stauchs Lager
Steinhausen
Sterlingspüts
Stilhoek
Stilte
Stinkwater
Straussfeld
Strohhof
Suider Hof
Suiderkruis
Sukkelsoek
Summerdown
Superlingspütz
Swakopmund
Swartbank
Swartberg
Takwasa
Talismanis
Tamariskia
Tamsu
Tantalite Valley
Tantus
Tara
Taratara
Taulo
Tavauka
Thikanduka
Thinyemba
Thipapo
Thovega
Three Sisters
Tien Myl
Tiervlei
Tinkeringheib
Tinkie
Titima
Tjeye
Tjomeyao
Tjova
Toakas
Tôasis II
Tôasis I
Toekoms
Toevlug
Toggekry
Tolkoms
Tomakas
Tom
Tondoro
Tongamassakas
Torrabaai
Toscanini
Totem
Tranedal
Tsamab
Tsamatse
Tsamub
Tsandi
Tsaobis
Tsaraxa-aibes
Tses
Tshandi
Tsheye
Tshisau
Tshova
Tsintsabis
Tsumeb
Tsumis
Tsumkwa
Tsumkwe
Tsutsab
Tugus
Tuguva
Tweekoppies
Twintig-Myl
Twyfelspoort
Tzamab
Uhabis
Uhlenhorst
Uigaran
Uisib
Uis Mine
Uis Myn
Uis
Uitkoms
Uitsig
Uitspan
Ukamas
Uparara
Ururas
Uru
Usakos
Usambara
Ushimanya
Utilo
Utokota
Uubvlei
Uukangowahamalwa
Uukwanambwa
Uukwanatshikale
Uukwandongo
Uukwangula
Uukwiwongue
Uukwiwongwe
Uukwiyu
Uulungawaanayaangolo
Uuningu
Uuntyaye
Uutapi
Uutsathima
Uutsima
Uuvudhiya
Uvungu-vungu
Valencia
Valhala
Valhalla
Van Wyk
Van Zylsrus
Vasvat
Veddersdal
Veldduin
Veldschoen
Velloor Drift
Velloorsdrift
Velloor
Vellorsdrift
Verdruk
Verdwaal
Vineta
Vliessengen
Vlissingen Noord
Vlissingen Suid
Vlissingen
Vogelpan
Voigtland
Voigtsgrund
Volmoed
Vooruit
Voorwaarts
Vorstershoop
Vredendal Gaobis
Vredendal
Vrede
Vungu Vungu
Wadili
Wadiri
Wag-'n-bietjie
Wakashamane
Walfisch-Bucht-Niederland
Wallwitch
Walvisbaai
Walvis Bay
Wande
Wandonga
Warmbad
Warmquelle
Wasser Beyer
Waterberg
Waterburg
Waterval
Wauwu
Weenen
Wegkruip
Welgemoed
Welkom
Wellwitsch
Welverdien
Welwitschia
Welwitsch
Wenela
Wildacker
Wildernis
Wilhelmsfeste
Wilhelmstal
Willemshof
Wilmardi
Windhoek Noord
Windhoek
Windhuk
Witberg
Witkop
Witkop
Witlvey
Witputs
Witsand
Wittpütz
Witvlei
Witvley
Wlotzkasbaken
Wolfbeen
Wortel
Xaubehunis
Yaka
Yanghandja
Yaro
Yinsu
Yishesha
Ysterputs
Zais
Zebedeus
Zesfontein
Zessfontein
Zilitene
Zone
Zoutriver
Zoutrivier
Zoveha
Zwartbank
