Akaouane
Amoa
Amouéma
Anéo
Anézitch
Aoué
Aoumou
Arama
Ashir
Atéou
Atha
Auteuil
Awé
Awi
Azareu
Baaba
Bâ
Babouillat
Baco
Bakouya
Balaba
Balade
Balagam
Balagham
Balaguet
Banout
Baoui
Baoum
Bas-Coulna
Basse-Poya
Bayes
Bernheim
Bétsèda
Blanchot
Boakaine
Boara
Bobeitio
Boéareu
Boghen
Boguen
Bogui
Bondé
Boné
Bopope
Boréaré
Bouabondo
Bouarou
Boucrabat
Bouélas
Bouémanda
Bouérabat
Bouerabate
Bouérégaou
Bouirou
Bouloupari
Boulouparis
Bourail
Boureil
Boyen
Briqueterie
Buemanda
Buerabat
Bui
Bulupari
Burabat
Burail
Bwéo
Caavatch
Camp de Nandaï
Canala
Cengeïté
Céni
Chagrin
Chaïnon
Chépénéhé
Chepeneke
Coindé
Colnett
Conception
Congouma
Coula
Cradji
Cuadène
Daking
Diahot-Paraoua
Diahoué
Diakana
Dogny
Dokin
Doking
Donéva
Dosip
Dothio
Dothiu
Douéoulou
Dumbéa
Eacho
Ema
Enéné
Eni
Eo
Eté
Ethi
Faiaoué
Faiaué
Farino
Fayaoué
Fayawa
Foaobanik
Fonwary
Fonwhary
Forêt Noire
Forêt Plate
Gadji
Gala
Galagaoui
Galilée
Gamaï
Ganem
Gélima
Ghio
Gilles
Gilliés
Goa
Gohapin
Goipin
Golone
Gomen
Gomen Ouaco
Gondé
Gondon
Gondou
Goro
Gossanat
Gouaraoui
Gouareu
Gouaro
Goyetta
Grand-Borindi
Grand Gouli
Grochain
Grombaou
Grondu
Guaro
Guéhi
Haouli
Hapétra
Haut-Coulna
Haute Couvelée
Haute Pouéo
Haute Tamoa
Havila
Hienghène
Hiengherie
Hmélek
Hnadid
Hnaénéde
Hnaeu
Hnapalou
Hnassé
Hnawayéce
Hô
Honem
Houaïlou
Houone
Houts
Huaïlu
Huneté
Iate
Inagod
Ina
Juvénat Sainte-Thérèse
Kaala-Gomén
Kabéyourou
Kaéwatine
Kaewaura
Kako
Kalédicta
Kaléne
Kamé
Kamoui
Kana
Kanala
Kanguma
Kanono
Kaora
Kapoué
Karagreu
Karembé
Karenga
Kasouri
Katrikoin
Kavatch
Kédeigne
Kénérou
Kéré
Kérembé
Kézièné
Kikoé
Kirinata
Kode
Koé
Koh
Koindé
Kokengone
Kokingoné
Koligoh-Gomen
Koligoh
Koné
Kongouma
Koniambo
Konio
Konoé-Chaoué
Koout
Kopélia
Koua
Kouaoua
Kouaré
Kouarga
Koulnoué
Koumac
Koum
Koumo
Koutio-Kouéta
Kua
Kuaua
Kuen Tchio
Kuenthio
Kuiné
Kumac
Kumak
Kurin
Kuto
La Bouverie
La Conception
La Coulée
La Couvelée
La Foa
La Médouya
La Résidence
La Roche
La Tarodière
Le Caillou
Le Cresson
Le Diahot
Le Gabé
Lekia
Lékine
Lekin
Les Charmes
Les Pirogues
Limite
Lindéralique
Lion
Loangani
Lo
Lot
Lounéou
Luécilla
Luengoni
Mahamaté
Maïna
Malabou
Malhec
Mamié
Manéko
Mangou
Manguine
Méa
Méa-Mébara
Méaré
Meareu
Mebuet
Méchin
Médaouya
Médu
Méhoué
Mé
Ménaku
Ménérémé
Méomo
Méoui
Messadiu
Mévegon
Mia
Miramas
Moindah
Moindou
Moindu
Moméa
Monéo
Mont-Dore
Montfaoué
Mouane
Mouly
Mou
Muendu
Muéo
Muli
Mu
Mutchaweng
Nada
Naïa
Nakéty
Nakutakoin
Namamate
Namélagat
Naméméhu
Nanawa
Nanémühata
Nang
Naniouni
Nanon
Napoémien
Napoléonville
Nassandou
Nassirah
Nataé
Natchaom
Nathalo
Nato
Nato Népia
Ndé
Ndji
Néami
Néaoua
Néaria
Néavin
Nébouéba
Nécé
Nédiouen
Nédivin
Négropo
Nékliaï
Nékoué
Néméara
Némengui
Néoua
Néouio
Néouta
Néouty
Népoui
Népou
Néra
Nérin
Nessadiou
Nessa Kouya
Néssapoué
Nesson
Netchaot
Netché
Nétéa
Netieh
Névaho
Néya
Nidénode
Niéré
Nili
Nimaha
Nimbaye
Nimbayes
Nindiah
Ni
Niri
Noéli
Noet
Nomoudja
Nonhoué
Normandie
Nouméa
Nouville
Numea
Ognahu
Ognat
Ogné
Olane
Ometteux
Ono
Onwari
Ouabao
Ouåco
Ouadila
Ouaène
Ouagap
Ouahat
Ouaïème
Ouakaya
Oualanga
Ouamba
Ouaméni
Ouaméo
Ouamoeo
Ouanache
Ouanane
Ouanap II
Ouanap I
Ouan Kout
Ouanpouès
Oua-Oué
Ouapan
Ouara
Ouarap
Ouarenndi
Ouaré
Ouassé
Ouaté
Oua Tom
Ouayaguette
Oubatche
Ouébia
Ouégoa
Oué Hava
Ouéholle
Ouélis
Ouémou
Ouéna
Ouendé
Ouendji
Ouéné
Ouengo-Pouéaï
Ouengo-Pouépaï
Ouenguip
Ouénia
Ouenpouès
Oué
Ouéroupimé
Ouessoin
Ouinané
Ouindo
Ouingo
Ouipouin
Ouitchamba
Ouloup
Oumbaïna
Ounao
Oundjo
Ouo
Ouro
Ouroué
Ouyaguette
Paagoumène
Paagowmene
Paagumene
Paalo
Paama
Pabou
Pagoumene
Pagou
Paimboas
Païromé
Païta
Pambou
Pam
Panaki
Panane
Pangou
Panié
Panouma
Paola
Paop
Paouta
Papalé
Parahoui
Paraoua
Paraouyé
Patho
Pavé
Pédé
Pélaoui
Pénélo
Penisi
Péorawa
Perlou
Petit-Borindi
Petit Gouli
Petit Moné
Peum
Péwaété
Péyécé
Pierra
Pierrat
Pilmango
Pindache
Pinjen
Plaine aux Cailloux
Plum
Pocquereux
Poët
Poinda
Poindimié
Pombéï
Ponéo
Ponérihouen
Poneriuen
Ponibok
Pont-des-Française
Pont des Français
Popidéry
Pô
Poro
Port de France
Port Paagoumène
Port Saïd
Pothé
Pouébadou
Pouébo
Pouedjane Maladj
Poué Koué
Pouembout
Pouendiap
Pouéné
Pouéo
Pouépaï
Pouiembeng
Pouiou
Poume
Poum-Plage
Poum
Poum-Titch
Poya
Prony
Puébo
Puembut
Pum
Punereuin
Quameni
Quameo
Rawa
Rho
Roibahon
Roï
Rô
Ruète
Saint-Adolphe
Saint-Denis
Sainte-Anne
Sainte-Marie
Sainte-Thérèse
Saint-Ferdinand
Saint-François
Saint-Gabrielee
Saint-Gabriel
Saint-Jean-Baptiste
Saint-Joachim
Saint-Joseph
Saint-Léonard
Saint-Louis
Saint-Michel
Saint-Paul
Saint-Philippe II
Saint-Philippe I
Saint-Pierre
Saint-Roch
Saint-Thomas
Saint-Vincent
Saint-Yves
Saraméa
Sarraméa
Shepenehe
Shoup
Shuane
Siloam
Station Castex
Station de Beaupré
Station de Muéo
Station de Ta
Station Ouanéko
Taanlô
Tadine
Tadinou
Tadinu
Taïté
Takedji
Taodé
Taom
Tao
Taradi
Tarap
Tarbeville
Tawaïnèdre
Tchamba
Tchambouenne
Tchaulé
Téganpaïk
Temaio
Témala
Téméline
Tenane
Tenda
Tendo
Ténem
Tenjaï
Téouta
Thia
Thio
Thogone
Thonon
Thuahaïk
Thum
Tiabet
Tiakana
Tiamou
Tiaoué
Tiaou-Tiwaka
Tiaré
Tiari
Tia
Tibarama
Tiébaghi
Tiendanite
Tiéta
Tiété
Tié
Tiéti
Tilougne
Tilwit
Timbia
Timothée
Tindéa
Tindo
Tingeting
Tinipp
Tinip
Tiolé
Tiouaé
Tiouamak
Tiouandé
Tipindjé
Tiponite
Tiwaka
Todine
Toen
Tomo
Tonga
Tonghoué
Tongoue
Tongouin
Tonlon
Touaourou
Touho
Toul
Trapour
Trégon
Troulala
Tsendia
Tuho
Tunney
Tuo
Tû
Uaco
Uagap
Uala
Uaméni
Uapan
Uapao
Uara
Ubatche
Ubati
Uegoa
Upuaite
Usine
Uvéa
Vallée des Colons
Vallée du Génie
Vallée du Tir
Vallée
Vao
Vieux-Touho
Vieux Tuho
Voh
Wabao
Wacamadra
Wadila
Wadrilla
Wagap
Waho
Wakat
Wakoné
Wakuarori
Wala
Wanap
Wapan
Wara
Wassadieuhu
Wassagne
Watahu
Wéa
Wédoumel
Wenéki
Wenghé
Wé
Winikuyé
Wiwatoul
Yahoué
Yambé
Yaté-Barrage
Yaté-Village
Yaté
Yengen
Yenghébane
Zoangani
Zoze
