Abada Goungou
Abadam
Abala
Abalaï
Abalak
Abalo
Abamaté
Abardok
Abardokh
Abarey
Abaro
Abaza
Abdou
Abdou-Koara
Abdou Kwara
Abdouladji
Abégou
Abenguir
Abiggi
Abiggui
Aboka
Aboni-Koara
Aboni Kwara
Abonkor
Abouko Koara
Abouko Kwara
Abranga
Abzagor
Achénouma
Achouaden
Achouadene
Adabay
Adabaye
Adabda
Adam Kolé
Adankya
Adaoua
Adaouda
Adawa
Addare
Addia
Adébour
Adebur
Adékou
Adela
Adérawa
Aderbissinat
Adiga Kaboy
Adiga-Kaboye
Adiga Lélé
Adiga Zanguina
Adinkia
Adjibo
Adjigidi
Adjiguidi
Adjiri
Adjiri
Adohi
Adoua
Adoua
Adoua
Adouda
Adoudouba
Adoukoré
Adoumchi
Adouooui
Adouowi
Adwa Késa
Adwa Késsa
Aékao
Aékao
Aéni-Koye-Koara
Aéni Koy Kwara
Afadékou
Afalawas
Afassa
Afodamata
Afolé
Afonori
Agada
Agadem
Agades
Agadey
Agadez
Agaès
Aga Gari
Agalali
Agali
Agar
Agarous
Agata
Agawa
Agay
Agessis
Agnari
Agoda Koira
Agonga
Agorou
Agouaoua
Agouawa
Agoubéri
Agoudoufoga
Agouliza
Agourmi
Âguelal
Aguellal
Aguessis
Aguié
Agyé
Ahaya
Ahmat
Aïdara-Koara
Aïdo
Aikaouel
Aïla Koubo
Aïnsimourou
Ajékoria
Ajia Ibrahim
Aji
Ajia Mijiniawa
Ajia Saboa
Ajibo
Ajiéfa
Ajya Ibrahim
Akala
Akali
Akani
Akaraouane
Akarawan
Akarzaza
Akiata
Akka
Akkamari
Akoirori
Akora
Akora
Akoulma
Akourki
Akoyrori
Akrérèb
Akwara
Alabata
Alachini
Aladji Arou
Aladji Dango
Aladji Sami
Alagaza
Alakarbo
Alakaye
Alakey
Alalaba
Alallaga
Alambaré
Alambaré Ouro Alifoné
Alareïni
Alaréni
Alarsas
Alasan
Ala Sèrki
Ala Serkin
Alassane
Alassane Dey
Alassane-Dèye
Albarkaisé
Albarkaïzé
Albarka Koara
Albarka Kwara
Albawa
Albora-Koara
Albora Kwara
Alédawa
Aléla
Alenguel
Alfadémata
Alfaïzé-Koara
Alfaïzé Kwara
Alfa-Koara
Alfakoara
Alfa-Koara
Alfa-Koara
Alfa Koura-Koara
Alfa Koura Kwara
Alfa Kwara
Alfa Kwara
Alfari
Alfari
Alfaribé
Alfa Soriré
Alfassi
Alfataouess
Alfélen
Alforma
Alforma Bogwari
Alfourtouk
Algafia
Algoum
Alhadji
Alhadji Arou
Alhadji Dango
Alhadji Dodo
Alhadji Sami
Al Hasan
Al Hassane
Alhazé
Ali
Aliam
Alibou
Alidou-Koara
Alidou Kwara
Aliou
Alkama
Alkamari
Alkaouel
Alkonghi
Alkongui
Alkou
Allabara
Allah Kabani
Allakaï
Allambaré
Allambéré
Allanguel
Allaréni
Allé
Allo
Almajir
Al Moktar
Almou-Koara
Almou Kwara
Alondi
Aloré
Alou
Alougèl
Alouguèl
Aloulouba
Alsawa
Alzana Fandou
Amagano
Amagay
Amalka
Amamara Toudou
Amanawa
Amanbodi
Amani
Aman Kayram
Amao
Amara
Amasgala
Amassaral
Amassé
Amaza Zaga
Ambagoura
Ambagura
Ambaraoua
Ambotché
Ambouroua
Ambouta
Amdallaye
Amil
Amil Ganda
Amo
Amodou
Amourzouk
Amouzata
Anaboubou
Anahé
Anam Tiloa
Anam Tondi
Anay
Anaye
Anboksa
Anbouta
Ancoua Gamji
Andalé
Andari
Anéker
Aney
Anga Bandawaki
Anga Mazouga
Angoa Angao
Angoa Ango
Angoa Ansandi
Angoa Aouta
Angoa-Bandawaki
Angoa-Bawaké
Angoa Bossari
Angoa Bourama
Angoa Dagne
Angoa Damagani
Angoa Dambané
Angoa Dangaladima
Angoa Danhaïni
Angoa Daoura
Angoa Dembo
Angoa Dobi
Angoa Doka Baba
Angoa Doka Karama
Angoa Doua
Angoa Doubou
Angoa Gao
Angoa Gorka
Angoa Gouaka
Angoa Gouaya
Angoa Guessa
Angoa Kadé
Angoa Kadey
Angoa-Kadeye
Angoa Kouatche
Angoa Koundou
Angoa Laboa
Angoal Aïki
Angoal Bayi
Angoal Dachi
Angoal Dan Gourgou
Angoal Douna
Angoal Doutchi
Angoa Lélaba
Angoal Gamdji
Angoal Ibrahim
Angoa Limané
Angoal Kalgo
Angoal Kara
Angoal Koura
Angoal Kourna
Angoal Magazi
Angoal Makyéra
Angoal Marafa
Angoal Mata
Angoal Mayaki
Angoal May Dogon
Angoal Nana
Angoal Roumji
Angoal Saoulo
Angoal Serki Makyéra Daoutché
Angoal Zanoa
Angoa Maba
Angoa Magagui
Angoa Mali
Angoa Marafa
Angoa Marata
Angoa Mayo
Angoa Modakini
Angoa Nama
Angoa Nassara
Angoa Noberni
Angoa Nomagandalé
Angoa Nomaïwa
Angoa Rérey
Angoa-Rérèye
Angoa Sama
Angoa Saoulo
Angoa Serki Toudou
Angoa Soala
Angoa Tamou
Angoa Tchadi
Angoa Yaro
Angoa Yaya
Angoa Zanoa
Ango Namaïwa
Angoua Gamji
Angou-Kourawa
Angouldenia
Angua Gamji
Angwa Bandawaki
Angwa Bawaké
Angwa Kourawa
Angwa Kwatché
Ankara
Ankoura
Annour
Ansoudou
Antigoura
Anyari
Anzawa
Aokambida
Aouaro
Aouderas
Aoudou Tounga
Aoukansara
Aoulakora
Aoula Kouara
Aoula Kwara
Aoulaol
Aouli-Koara
Aouli Kwara
Aoulondokoara
Aoulondo Kwara
Aouloumout
Aouré Dan Kaka
Aoussanké
Aouta
Aqrereb
Ara
Aragaga
Arahoueï
Arangié
Aranguié
Araouei
Araouey
Araoueye
Aratène
Ardi
Ardo Aléké
Ardo Djédo
Ardo Gaya
Arédo Koara
Arédo Kwara
Aré-Koara
Aré Kwara
Aréoua
Arga
Arhli
Arigana
Arijon
Arikanassou
Arikiley
Ari Kiré
Arikiré
Arikouka
Arikoukouri
Aringuiéssa
Aringyésa
Arioua
Arisouna
Arissouna
Arizouma
Arji
Arjika
Arkouta
Arlit
Arnagou
Arorayé
Aroungouza
Arrigui
Arzakori
Arzarori
Arzérori
Arzika
Arzitao
Arzorori
Asamihan
Asao
Ashowada
Asiri
Askia
Askourouram
Askya
Asoul
Assamakka
Assamihan
Assanni
Assao
Assaouas
Assarara
Assarou
Assiri
Assiri
Assoou
Assou
Assou
Assoul
Assow
Ataba
Atako I
Atako II
Atakonio
Atalabawa
Ataloga
Atantané
Ataraba
Atara Oubanda Waki Koara
Atara Oubandawaki Kwara
Atchi Lafiya
Atchilafya
Atiébey
Atjirou Kouné
At-Mamou
At-Mamoum
At Mamoun
At Mamu
Atou Baba Kouara
Atoubabo-Koara
Atou Babo Kwara
Atri
Atta-Loga
Attara-Oubanda-Waki-Koara
Attoukouara
Auguste-Koara
Auguste Kwara
Awaché
Awa Data
Awa Kansara
Awandawaki
Awaro
Awaye-Yara
Away Yara
Awini Kouma
Ayaouane
Ayavoual
Ayawane
Aydara Koara
Aydara Kwara
Ayebachi
Ayorou
Ayorou Goungo Koré
Ayouba
Aytaden
Aza
Azao
Azaoua
Azaou
Azazala
Azel
Azémouraba
Azkia
Azza
Baba Andanaré
Baba
Babadaignan
Babadainyan
Baba Dey
Baba-Dèye
Babagadé Kwaré
Baba-Koara
Baba-Koatcha
Baba Kwara
Baba Kwatcha
Babam'Baki
Babam Kori
Baban Baki
Babangata Barkiré
Baban Katami
Baban Kori
Baban n'Baki
Baban Rafi
Babantabki
Babantapki
Baban Toudou
Baba Sofoa
Babayé
Babé-Kaïna-Koara
Babé Keyna Kwara
Babeudoli
Babiadey
Babiadèye
Babou el Aya
Baboul
Baboul
Baboulla
Babouloua
Baboulwa
Baboussaye
Babussaye
Bachirgaga
Bachiri
Bada
Badabey
Badabey
Badafalalèye
Badaguichéri
Badakay
Badara Dey
Badaradèye
Badaria
Badefa
Badéguichéri
Badéguishéri
Badér
Badéri
Badeta
Badiéga
Badifa
Badingui-Koara
Badingui Kwara
Badiola
Bado
Badochi
Badoko
Badouel
Badoukay
Baga
Baga
Bagadié Koara
Bagadié Kwara
Bagadji
Bagaji
Bagaré
Bagariné
Bagaroua
Bagarwa
Bagarwa
Bagay
Bagé
Bagérdama
Bagnagondi Koara
Bagnébangou
Bagnobangou
Bago
Bago Bandé
Bagouma-Koara
Bagouma Kwara
Bagué
Baguendoutchi
Baguenduchi
Baguérdama
Baguey
Bagueye
Bahanidey
Bahanidèye
Bahondou
Bahonndou
Baïxo
Baïzo
Baja
Bajadani
Bakachanta
Bakachenta
Bakadawa
Bakadoubou
Bakakilli
Bakari
Bakarkasa
Bakarkassa
Bakatchi Raba
Bakatchiraba
Baké
Bakhoum
Bakin Birji
Bakin Birji I
Bakin Birji II
Bakine-Tombo
Bakin Tombo
Bakin Toulou
Bakirikou
Bakitombo
Bakitombo Gorou
Bakoba
Bakodey
Bakodèye
Bakomaka
Bakoraouni
Bakorowani
Bakoubé
Bakoula
Bakoumaka
Bakouso
Bakousso
Bakoy
Bakwey
Bala
Bala
Bala Bérim
Balabirim
Bala Koara
Bala Kwara
Balankolé
Balanta
Balarabé
Balati
Balati Foulague Koira
Balati Foulagué Koyra
Balé
Balé Bongou
Balégoudjo
Baléwa
Baléyara
Baleykoara
Baley Kwara
Balgari
Balgaya
Balibal
Balibali
Bali Bali
Balidey
Balideye
Bali-Fatou
Balifolo
Ballam
Ballaré
Ballem
Balma
Balo Koara
Balo Kwara
Bambey
Bambeye
Bamey
Bamey Koiré
Bamey Koyré
Bamguél Nyiri
Bamida
Bamideni
Bammouti
Bamo
Bamuti
Bana
Bana
Banari
Banboma
Banché
Bandawa
Bandé
Bandé
Bandéguichéri
Bandé Haousa
Bandé Haoussa
Bandiguicheri
Bandio
Bandizan
Bandoutchi
Bandzoumbou
Baneye-Kaina
Baneye-Niaberi-Koara
Baney Keyna
Baney Niabéri Kwara
Bangaga
Bangaia
Bangali
Bangana
Bangarasa
Bangarassa
Bangaré
Bangaria Moussa
Bangaria Zou
Bangario Baba
Bangario
Bangario
Bangariokaina
Bangario Keyna
Bangaya
Bangaza
Bangi
Bangir
Bangkaré
Bangnaga
Bangoa
Bango
Bangoléra
Bangou Banda
Bangou
Bangoubi
Bangou Bobo
Bangoufada Rouzou
Bangoufada Tata
Bangoufida
Bangou Karé
Bangou Koarèy
Bangou Kwarey
Bangourwal
Bangou Sendyo
Bangou Taoué
Bangoutawa
Bangou-Tawé
Bangou Tawey
Bangou Téra
Bangoutiré
Bangoutisa
Bangoutissa
Bangou Tyiré
Bangui
Banguir
Banguiro
Banibanagan
Bani Bangou
Bani Bangou
Bani
Banibié
Bani Dey
Banideye
Banideye Tougaye
Bani Dey Tougay
Banidyoumbou
Baniébangou
Banifa
Banigiti
Banigorou
Bani Gorou
Banigorou
Bani Goungou
Baniguiti
Bani Guiti
Banikadey
Banikadèye
Banikan
Banikane
Banikane
Banikané Bombéri
Banikané Moussa
Banikane Tiali
Banikossey
Banikosseye
Banikoubey
Banikoubèye
Bani Loua
Baniloudi
Banilouli
Banimaté
Banizo
Banizombou
Banizombu
Banizongou
Banizoumbo
Bani Zoumbou
Banizoumbou
Banizoumbou
Bani Zoumbou
Banizoumbou Guessé
Banizoumbou Guidan Baba
Banizoumbou-Guidane-Baba
Banizoumbou Moumouni
Banizoumbou Rambi
Banizoumbou Ranbi
Banizoumbou Sido
Banjani
Bankadey
Bankadeye
Bankaré
Bankata
Bankilaré
Bankoula
Bano Koira
Bano Koyra
Banori
Banou Djoumba
Banta Béri
Bantacha
Bantéri
Bantoularé
Banyaga
Banyagondi Kwara
Banyé Bangou
Banyi
Banyo Bangou
Baouada
Baoudéta Haousa
Baoudéta Haoussa
Baouleye
Baouré
Baouré Nagoudou
Baoussay
Baoussaye
Bara Bangou
Bara
Bara
Bara
Barago
Bara-Koara
Bara Kwara
Baramaka
Bara May Zari
Bara Meyzéri
Barana
Baranjaja
Baraya
Baraya
Baraya Dan Tanko
Baraya Daohi
Baraya Dounounou
Bara Zaki
Barazé Gorou
Barba
Barbé Peul
Bardakoy
Bardouga
Barduga
Barèngo Zengo
Bargaja
Bargat
Bargo Dan Malam
Bargoumawa
Baria
Bariguiko
Bariji-Koara
Bariji Kwara
Bari Touri
Barka Kada
Barkaoual Keyna
Barkaouel
Barkawel
Barké-Koara
Barké Kwara
Barkèldaba
Barkia
Barkiaoual-Kaïna
Barkiaoual Keyna
Barkiavel
Barkiawal Béri
Barkirékoara
Barkiré Kwara
Barkoua
Barkoual
Barma
Barmo Sajé
Barmou
Baroa
Baro-Koara
Baro Kwara
Baroua
Barouma
Barwa
Barwa
Barwadey
Barwadeye
Basaré
Basawa
Baschi
Bashi
Basi Dyèrma
Basikwana
Basi Peul
Basira
Bassaga
Bassaré
Bassi Dyerma
Bassikwana
Bassi Peul
Bassira
Batagé
Batagué
Batako
Batamabéri
Batambéri
Bataouri Koara
Bataouri Kwara
Bataré
Batata
Batawa
Batchiéri
Batchyéri
Batékoliawa
Batilès
Batouré
Battaré
Bauré
Bawa Béri
Bawoli
Baworé
Baya Baya
Bayan Koré
Bayawa
Bayo
Bayzo
Bazaga
Bazala
Bazazaga
Bazèïzé Kwara
Bazèyzè Koara
Baziagorou
Baziga
Béchémé
Bédouaram
Béduaram
Bégorou Tondo
Bégorou Tonndo
Beïbatan
Beï-Beï
Beïka
Beïna
Beïtouri
Békin Zango
Béla
Béla Bérim
Béla Bérim
Belabiram
Bélabirim
Béla Birim
Belabirim
Bélabirin
Béladolé
Belagana
Belaiala
Béla Koara
Béla Kwara
Bèlakwara
Belandé
Béla Yala
Belbédji
Bélbéji
Bélbélou
Belbéye
Bélé
Bélé-Béri-Koara
Bélé Béri Kwara
Bélétié
Bella
Bélla Dolé
Bella Kouara
Bella Kwara
Béllékoïré
Bellékoyré
Bénabrou
Bénam
Bendio
Bendou
Benga
Bengou
Bengu
Béra
Berba
Berbérikya
Bérèy Basolo Koara
Bérey Bassolo Kwara
Bérey
Bérey Fandou
Béri Béri
Berkéleye
Berkiavel
Berkierdaba
Bermo
Bermou
Bétawa
Betché
Béti
Bétou
Bey Bey
Beybeye
Bèye-Bèye
Beylandé
Beylandé Zarma
Bibia
Bidéwan
Biga Halip
Bigel Kankoura
Biguel Kankoura
Bilabérim
Bilakolari
Bilal Bangou
Bilal
Bilal Doutchi
Bilama
Bilama Mousa
Bilama Moussa
Bilamaram
Bilandao
Bilbizo
Bilifouda
Biligol
Bilina
Bilinngol
Bilisando
Billingol
Billinngol
Bilma
Bilma
Binéguel
Binga
Bingaro Godié
Bingire
Binguel
Binguel Kobé
Binguiré
Bionté Niargou
Birey
Birgi Mari
Birgui Mari
Biri
Biri
Birigui Kwaré
Birim Péni
Biringol
Birizanza
Birizanza
Birji
Birjin Toro
Birkida
Birni Fantora
Birni-Kaïna
Birni Kaouna
Birni Keyna
Birni Kobéri
Birni Kolondia
Birni-Koni
Birni Kouka
Birni Lafia
Birni Lallé
Birni Madeïzé
Birnin Fala
Birnin Falla
Birnin Gaouré
Birni Ngaouré
Birni Ngaure
Birnin Géza
Birnin Guéza
Birninkauna
Birnin Kazoé
Birni n'Kenni
Birni Nkoni
Birnin Konni
Birni Nkonni
Birnin Lallé
Birni Nwala
Birni Silanké
Birni Sofo
Birni Tazer
Birni Tombo
Birni Tondi
Birni-Zoumbou
Bisao
Bissakiré
Bissao
Bitaga Zarga
Boaratawa
Bobal
Bobalombo
Bobalonmbo
Bobiél
Boblol
Bobokari
Bobokya
Bobonkoli
Boborgou
Boc
Bodari
Bodinnga
Bodoukou
Bodyol
Boégoro
Boey
Boéye
Boeye-Tondi
Boey Tondi
Boéy Tonndi
Boga
Boggol
Bogodiotou
Bogodji
Bogol
Bogol Hima
Bogol Mahamar
Bogol Mamar
Bogorgou
Boguel
Bohé
Bohi Tondi
Bohi-Tonndi
Boïga
Boigua
Boïzé
Bokani-Koera
Bokano
Bokari
Bokarigountou
Bokari Koéra
Bokary-Koéra
Bokatili
Boki
Bokossey
Bokotiéli
Bokou
Boksay
Boktili
Bolbo
Bolbol
Bolbol Goumandey
Bolbol Kodi
Bolbol-Manga-Koara
Bolbol Manga Kwara
Bolbol Marafa
Bolé
Boli
Bolobadié
Bololadié
Bolsi
Bomanga
Bomberi
Bomberi-Koara
Bombéri Kwara
Bombodji
Bomboko
Bomboro
Bomboulasa
Bomboulassa
Bonbangou
Bonbodji
Bondaba
Bondiolo
Bondyagouré
Bondyo
Bonféba
Bongokoiré
Bongo Koyré
Bongotanda
Bongoua
Bongoukwaré
Bongounji
Bongouro
Bongtalba Kwara
Boni
Bonkoukou
Bonkoukou
Bonkuku
Bonkwari
Bonndyagouré
Bono
Bonoubonko
Bontalba Koara
Bontyoulou
Boouré
Boreizadeï
Boreyzadey
Borézadèye
Borgo Béri
Borgo Gaya
Borgo Gorou
Borkolo
Borobon
Boro
Borobou
Borogo
Borota
Bosébangou
Bosèy
Bosey Zougou
Bosia
Boso
Bosomari
Bososwa
Bossa Bangou
Bossa
Bossadji
Bossebandu
Bossé Bangou
Bossé Bangou
Bosseï
Bossey Bangou
Bossey Bangou
Bossey
Bosseye Bangou
Bosséye
Bossey Zougou
Bossia
Bosso
Bosso
Bossokoré
Bossomari
Bossoswa
Bossou Bangou
Bossya
Bosya
Botaré
Bouarataoua
Bou Bangou
Boubawa
Boubawa
Boubon
Boubou Bangou
Boubou
Boubouré Fandou
Boudaga
Boudeda
Boudéfandou
Boudou
Boudoukou
Boudoum
Boudounga
Boudoun Koui
Boudourio
Boudyoga
Boué
Bouga
Bougar
Bougoufen
Bougoum
Bougoungaba
Bouhoum
Boukagorou
Boukanda
Boukari
Boukari Koiré
Boukari Koyré
Boukata
Boukéen
Bouki
Boukou
Boukoulou
Boukourou
Boukouxaoua
Boukouzaoua
Boukouzaoua Foulani
Boukouzawa Foulani
Boula
Boulaga
Boulagana
Boula-Koara
Boulakordji
Boula Kwara
Boulboul
Boulbouldi
Boulel
Boulél Gaori
Boulelgaori Kaïna
Boulél Gaori Keyna
Boulendo
Boulkab
Boulkabo
Boulkagou
Boulkas
Boulkass
Boulléba
Boulli
Boulloum
Boulokordi
Boulouaga
Bouloukoutou
Bouloum Gaha
Bouloum Koucha
Bouloungéy
Boulounguey
Boultou
Boultoum
Bouma
Boumba
Boumbodji
Boumbougoua
Boumboukoua
Boundouarou
Boundou
Boundou Doki
Boundouga
Boundou Goumyé
Boundousounti
Bouné
Bouné Bouné
Bounériré
Boungou
Bounoukoara
Bounou Kwara
Bountioulou
Bountou
Bounzo-Koara
Bounzo Kwara
Bouongoula
Bouori
Bouppo
Boura
Bouraéso
Bouraésso
Bourbourou
Bourdami
Bourdatan
Bourdi
Bourdounga
Boureïmi
Boureïni
Bourgami
Bouriadjé
Bouringa
Bouringakaina
Bouringa Keyna
Bourobouré
Bourou Bangou
Bouroubou Kabé
Bouroubouré-Kabé-Kaïna
Bouroubouré Kabé Keyna
Bouroubouroulkabé
Bourouguita
Bouroukabé Keyna
Bouroum
Bourourou
Bousaragé
Boussaragué
Boutay
Bouti
Boutoudou
Boutoutou
Bouya
Bouza
Bouzouk
Bouzouri
Bouzou Sougoné
Bouzouzoum
Boyanga
Boybangou
Boy Boy
Boye-Boye
Boyènga
Brigambou
Brigui Kwaré
Brihani
Brinani
Budum
Bukul
Bukuzawa
Bulkabo
Bumba
Bumbukoa
Bune
Bureimi
Bututu
Bwolongou
Bwongoula
Castelbodi
Chabaré
Chadadié
Chadakori
Chadaouanka
Chadawanka
Chadi
Chadouka
Chafa
Chagala
Chagalawa
Chaguia
Chagya
Chakala
Chakalaga
Chakalounka
Chala
Changari
Changi
Changui
Chaniassou
Chatt
Chatyé
Chawey
Chayn Banza
Chéri
Chérifaoua
Cheta
Chetao
Chétimari
Chia
Chical
Chichiwa
Chidoufaoua
Chigio
Chiguio
Chikal Chaniassou
Chikal
Chikal Chinyassou
Chikal Dourgouna
Chikal Iléla
Chikal Kwaré
Chim Berkaouan
Chim Berkaouane
Chim Berkawan
Chinagaman
Chinagodrar
Chinaoua
Chinaouèlla
Chinawella
Chirfa
Chirfa Driga
Chirgagao
Chirgé
Chirgué
Chiria
Chirifidèye-Moussa
Chirifi Dey Moussa
Chirineda
Chirkat
Chirmaleck
Chirmalek
Chiroua
Chirwa
Chisana
Chokot
Chokott
Chouni
Chya
Colman
Dabaga
Dabala
Dabalia
Daballa
Dabara
Dabara
Dabédébé
Dabkoudey
Dabkoudeye
Dabnou
Dabnu
Dabo
Dabos
Daboubou
Dabré
Dabza
Dachal
Dadani
Dadéo
Dadi
Dadi Mayahi
Dadin Koa
Dadin Sèrki
Dadin Sèrki
Dadin Serkin
Dadin Tamro
Dadoba
Dadoria
Dafam
Dafan
Dafaoua
Dagana
Dagaradi
Dagari
Dagaya
Dagazamé
Dagazéri
Dagouji
Daguendoutchi
Dahanidey
Dahanidèye
Daikaina
Dajimbali
Dajimbara
Dajin Bawa
Dakala Béri
Dakala
Daka Lanké
Dakaraoua
Dakaraoua Gora
Dakarka
Dak Dakèy Koizé Koara
Dak Dakey Koïzé Kwara
Dak Dakèy Sabo Koara
Dak Dakey Sabo Kwara
Dakfao
Dakié
Dakola
Dakora
Dakoro
Dakoro
Dakouraoua
Dakourawa
Dakoussa
Dalafèl
Dalawa
Dalbéri
Dali
Dalladi
Dalohi
Daloué
Dalouel
Dalouey
Dalya
Dama
Dama
Damadatchi
Damagaram Takaya
Damako
Damalé
Damama
Damana
Damana
Damane
Damankada
Damantey Saboa
Damantey Sofoa
Damargouraji
Damari
Damari
Damarké
Damarké
Damarké
Damaro
Damayou Haousa
Damayou Haoussa
Dambadé
Dambanga
Dambangiro
Dambanguiro
Dambazi
Dambiri
Dambochi
Dambo
Dameli
Damémoi Koara
Damétoka
Damfom
Damfon
Dammeli
Damni
Damoa
Damou
Damtia
Dan Abdallah
Dan Abdou
Dana
Dan Adi
Dan Adjara
Dan Adwa
Dan Adwaré
Dan Ahi
Dan Alasan
Dan Alassane
Dan Albawa
Dan Alé
Dan Alya
Dan Amanta
Dan Amaria
Dan Amarya
Dan Amina
Dan Aro
Dan Arou Hasan
Dan Arou Hassane
Dan Arou Tambari
Dan Arou Tanbari
Dan Askia
Dan Askya
Dan Baba
Dan Ba Baganzamé
Dan Bagou
Dan Bahago
Dan Baki
Dan Baki
Dan Bako
Dan Bako
Dan Bakoy
Dan Balao
Dan Banga
Dan Bangou
Dan Baochi
Dan Baou
Dan Baraouka
Dan Bardé
Dan Barko
Dan Barno
Dan Barto
Dan Batata
Dan Binta
Dan Biri
Dan Birji
Danbochi
Danbo
Dan Bogaji
Dan Boka
Danbou
Dan Bourasa
Dan Bourassa
Dan Bouzou
Dan Bouzwa
Dan Chatji
Danchia
Dan Dabaza
Dan Dabo
Danda
Dan Dagi
Dan Dagouma
Dan Dagui
Dandala
Dandaloa
Dan Damao
Dandamou
Dan Dania
Dan Dardo
Dan Dardou
Dan Dawé
Dan Dawo
Dan Dégéji
Dan Déguéji
Dan Diba
Dan Dijié
Dan Dijyé
Dandiré
Dandiré
Dan-Djia
Dan Dodo
Dandokoye-Koara
Dandokoy Kwara
Dan Dola
Dan Doto
Dan Doukié
Dan Douna
Dan Dounia
Dan Doutchi
Dan Doutchi
Danéfandou
Daneyegorou
Daney Gorou
Danfa
Dan Falké
Danfan
Dan Faro
Dan Farou
Dan Fati
Danga Béri
Dan Gada
Danga
Danga Daouda
Dan Gadawa
Dan Gado
Dan Gadou
Dan Gagéré
Dan Gaguéré
Dan Gajéré
Dangala
Dan Galadima
Dan Gali
Dan Gambo
Dan Gambo
Dangami
Dan Gamji
Dan Ganabay
Dan Ganga
Dan Ganmbo
Dan Gantamawa
Dan Gao
Dan Gao
Dangara
Dan Gara
Dangara Saboa
Dangaré
Dangari
Dan Garki
Dan Gaya
Dangayen
Dan Gizo
Dan Gobo
Dango
Dan Godi
Dan Goma
Dan Goma
Dan Gona
Dangoné
Dan Goudao
Dan Goulbi
Dan Gouma
Dangoum
Dangouna
Dan Guizo
Dan Gwari
Dan Gwiwa
Dan Gwywa
Dan Haouwa
Dania
Dania
Daniakou
Daniaré
Dan Ijo
Dan Ijo Kondilo
Dan Ila
Dan Isa
Dan Issa
Dan Ja Amouté
Dan Ja
Dan Jaoudi
Dan Jato
Dan-jia
Dan Jiko
Dan Jouadi
Dan Joumma
Dan Kachi
Dan Kadé
Dan Kadé
Dan Kadou
Dan Kahi
Dan Kaka
Dan Kala
Dan Kalgo
Dan Kalogou
Dankama
Dan Kanasa
Dan Kanassa
Dan Kandé
Dan Kandé
Dan Kandé
Dan Kandili
Dan Kané
Dan Kano
Dan Karami
Dan Karami
Dan Kari
Dan Kasseri
Dan Kétou
Dankiandou
Dan Kibia Aréwa
Dan-Kibia-Gousou
Dan Kibia Goussou
Dan Kika
Dan Kiri
Dan Kisko
Danko
Dan Kognao
Dankolio Gabas
Dan Konyao
Dan Kori
Dankoukou
Dan Koulou
Dan Koumissi
Dan Kourégao
Dan Kousou
Dan Koussou
Dan Koyla
Dan Kwantaro
Dan Lalo
Dan Madatchi
Dan Madi
Dan Madougou
Dan Maïri
Dan Maïro
Dan Makéri
Dan-Makéry
Dan Malam
Dan Malam Maygijé
Dan Malam Mayguijé
Dan Malam Yan Bougagé
Dan Malam Yan Bougagué
Dan Malem
Dan Mani
Dan Marké
Dan Marké
Dan Markyé I
Dan Markyé II
Dan Matiéri
Dan Matyawa
Dan Mayouna
Dan Mayro
Dan Maza
Dan Mélé
Dan Méro
Dan Méwasa
Dan Méwassa
Dan Mokao
Dan Nani
Dan Nomo
Dano
Dan Rago
Dan Rani
Dan Saali
Dan Sa
Dan Saga
Dan Sara
Dan Sara
Dan Sarko
Dan Sofo
Dan Sounsou
Dan Souri
Dan Tagoua
Dan Takyara
Dan Talouché
Dan Tambara
Dan Tanbara
Dantandiou
Dan Taouayé
Dan Taouré
Dan Tchako
Dan Tchao
Dan Tchatchi
Dan Tchiako
Dan Tchiao
Dan Tchibao
Dan Tchili
Dan Tchinwé
Dan Tchinya
Dan Tchiro
Dan Thiao
Dantiandou
Dantiandoutéji
Dantika
Dantiondou
Dan Tomo
Dan Tonkou
Dan Totchi
Dan Toudou
Dan Toudou
Dantoulou
Dan Tounou
Dan Tourké
Dan Tourou
Dantyandou
Dantyandou
Dantyao
Dan Wanzam
Dan Yaba
Dan Ya
Danya
Danyaé
Danya Maychabanou
Danya May Kogo
Danyan
Danyan Goma
Dan Yaya
Dan Yia
Dan Zabaya
Dan Zabia
Dan Zabo
Dan Zabou
Dan Zaki
Dan Zenké
Dan Zeyna
Dan Zeynou
Dao-Koara
Dao Kwara
Dao Marké
Daorawa
Dao Timmi
Dao Timni
Daouaki
Daoualki
Daouda Bangou
Daouda Bangou Tagasaba
Daouda Bangou Tagassaba
Daouda
Daoudari
Daoudé Dey
Daoudédèye
Daoudou
Daoundou
Daourawa
Daouréré
Daouya
Dara Amadodo
Dara
Dara
Daragorou
Darakou
Daramousso
Daratchama
Daraton
Daratou
Daratu
Darayna
Darbani
Darboundey
Daré Béri
Dare
Daré
Daré
Daré Gorou Brahima
Darégorou
Daré gorou el Fazaz
Daregoru
Daré Karimou
Daréki
Daré Maliki
Darey Adamou
Darey
Darey
Darey
Dargé
Dargol Badio
Dargol
Dargol Hamidou
Dargoro
Dargué
Darguiti
Darich
Darkindé
Darma Salmiram
Darre
Dar Salam
Dar Salami
Dassériré
Dawanyala
Dawé
Dayaondo
Day
Daykeyna
Déba
Débarégati
Débé Débé Dyerma
Débé Débé Peul
Débérégati
Débérikyabbi
Débey
Débi
Debiel
Debon
Débora
Deddéré
Dédé Koara
Dédé Kwara
Dedere
Déguéma
Dehikwara
Deïssa
Deïtagui
Deitagui
Deïtagui
Deïtagui-Gorou
Deïtégui-Amani
Deïtégui
Deïtegui
Déïtegui-Kaïna
Déïtégui-Yamoussa
Déitiguigorou
Dékala
Dékédéké
Délakoyré
Délaram
Delbou
Délé
Déléwa
Delifondi
Déli Tondi
Delladi
Dellakori
Delli-Tondi-Atou-Koara
Delli Tondi Atou Kwara
Delwa Bangou
Dembébé
Dembo
Dembou
Dengas
Dentchandou
Déoua
Déoula
Déoulé
Deoulle
Déré Koara
Déré Kwara
Dèrgaza
Dérié
Dériki
Derkendé
Desa
Déssa
Dessa
Dewa
Dey Béri
Dey
Déyé
Dèye-Koukou
Dèye-Koukou-Est
Déyetagui
Déyétagui
Dèye Tégui
Deyetégui
Deygorou
Dey Keyna
Dey Koukou
Dey Koukou-Est
Deykwara
Dey Tagui
Dey Tagui
Dey Tagui Gorou
Deytédji Amadou
Deytédji Moussa
Deytégi Madé
Deytégi Noma
Dey Tégui Amani
Dey Tégui Assane
Dey Tégui Atili
Dey Tégui Béri
Dey Tégui
Dey Tégui
Dey Tégui
Dey Tégui Fandou
Dey Tégui Keyna
Dey Tégui Madé
Dey Tégui Niondou
Dey Tégui Noma
Dey Tégui Yamoussa
Dey Tégui Yarou
Dey Tégui Yéni Kwara
Deytétji Amadou
Deytigui-Niondou
Deytigui-Yéni Koara
Dézé-Koara
Dézé Kwara
Diabala
Diab Béri
Diab Kaina
Diab Keyna
Diabo-Dèye
Diabokiria
Diadia
Diadiré
Diado
Diagoga
Diagorou
Diaké-Koara
Diaké Kwara
Diakel
Diakimé
Diakindi
Dialé
Diamarizédèye
Diambabadey
Diambabadèye
Diambouleye
Diamibougari
Diané
Diankoundi
Diaouga Midou Dey
Diaouga-Midoudeye
Diavandei
Diavando
Diavoué
Diawando
Diayam
Dibilo
Dibisou
Dibissou
Diboni
Didia
Diéhiban
Diembinedi
Diendiang-Koara
Diendiang Kwara
Diéno Koara
Diéno Kwara
Diéré-Koara
Diéré Kwara
Dietkorom
Diffa
Digaba
Diga
Digimua
Digina
Diginasa
Diguéoua
Diguia
Diguimoua
Diguina
Diguinaoua
Diguinissa
Diguinoua
Diki
Diki
Dikita
Dikitane
Dikoré
Dilia Tehfidinga
Dillia Téfidinga
Dillia Tehfidinga
Dillo
Dimoa
Dina Hondo
Dina-Honndo
Dinaibéri
Dinara
Dinarha
Dindi
Dindou Bani
Diné
Dinédo
Dinéguidi
Diney
Dinézogo
Dingazi Banda
Dingazi Laba
Dingoaba
Dinka
Dinki
Dinkildimi
Dinkilmi
Dinkim
Dinkimo
Dioga
Diokolé
Diolaï
Diolé
Diomana
Diombala
Dionané
Dion
Diongeré
Diongo Bougazié
Diongo Bougazyé
Diongo
Diongoré
Dionkoto
Dionté Koirébio
Dionté Koyrébio
Dionté Koyré
Dionté Niargou
Dioridioré
Dioundiou
Dioundou
Diouré
Diousi
Dioussi
Dirga
Dirgouma
Diribangou
Dirikoa
Dirikoua
Dirim
Dirki
Dirkou
Disiridé
Dissa
Dissiridé
Dissiriré
Ditchimba
Djaba
Djaboulam
Djadja
Djadjaé
Djado
Djaji Douna
Djakata
Djali
Djami
Djamoun
Djané
Djani Toulou
Djébia
Djéboukiria
Djéda
Djénia
Djerma
Djerma Gandey
Djerma-Gandeye
Djermey
Djiajia
Djibato
Djibilo
Djibouloua
Djibourga
Djibri
Djibri
Djibrin
Djiga
Djiguina
Djiguinés
Djiko
Djiliki
Djima Djimi
Djin Gilma
Djin Guilma
Djinguines
Djinguinessa
Djinguiness
Djinguiress
Djirataoua
Djiratawa
Djirgo
Djongouna
Djoukoutouri
Djoura
Doalaga
Doba
Dobagawa
Dobo
Dochandu
Doché
Dodamey
Dodibi
Dodo
Dodol Peul
Dofaoua
Doga
Dogaé
Dogari
Dogeraoua
Dogérawa
Dogo Dakora
Dogo Dakor
Dogo Dakoroa
Dogo
Dogo Dogo
Dogofol
Dogokoara
Dogo Koira
Dogo Kouria
Dogo Koyra
Dogo Kwara
Dogona
Dogon Banza
Dogon Chimgué
Dogon Daji
Dogon Daji
Dogon Dawa
Dogon-Dogon-Koaro
Dogon Dogon Kwaro
Dogondoutchi
Dogonduchi
Dogon Farou
Dogon Gao
Dogon Gao
Dogon Gao Zodi
Dogon Gona
Dogon Hano
Dogonkiria
Dogon Kirya
Dogon Makochi
Dogon Marké
Dogon Marké
Dogon Markyé
Dogon Tabki
Dogon Tabki
Dogon Tapki
Dogon Tapkin
Dogon Tapkin
Dogon Taramnia
Dogon Toudou
Dogoraoua
Doguel Guédé
Doguel Kaïna
Doguel Keyna
Doguéraoua
Dogueraua
Doki
Dokimana
Doko Tombo
Dolbèl
Dolé
Dolé
Dolérom
Doléwa
Doli
Doli
Doli
Dombossédey
Dombossédèye
Domfon
Domfone
Donei
Doney
Donèye
Dongaré
Dongha
Dongo Marké
Dongon Chimge
Donlaga
Donoudibi
Dori
Dorobobo
Doromawa
Dorowa
Dorozi
Dosey
Dossey
Dosso
Doua
Doubél
Doubélma
Doubidana
Doubwindi
Douddo
Doudo
Doufaumbara
Doufoumbara
Dougou
Dougou
Dougou Saro
Doukana
Doukou
Doukou Doukou
Doukouna
Doula
Doulg
Doulgou
Doulou
Doulougou
Doulsou
Douma
Doumaloha
Doumana Ara
Doumana
Doumana Sèrkin Fawa
Doumangada Dan Falké
Doumani
Doumankada
Doumba
Doumbizao
Douméga
Doumoukada
Doumyo
Douna
Doundiél
Doundo Ara
Doundoubangou
Doundou
Doundoufawa
Doundougorou
Dounfou Mato
Doun Fourouma
Dounga
Dounga Goungou
Doungas
Dounga Tarey
Dounga-Tareye
Doungel
Doungo
Doungou
Doungou Haousa
Doungou Haoussa
Doungoul Faram
Doungouro
Doungourousou
Doungouroussou
Dounguel
Dounsou
Dounzou
Douri
Dourobia
Douro
Dourougouna
Dourougouna
Doutchi Bila
Doutchi
Doutchi
Doutchi Koura
Doutchi Sakaro
Doutikoura
Doutouel
Doutoufouk
Drigana
Drouel
Droum
Droum Kafi
Droum Malori
Drum Kafi
Dulgu
Dumana
Dumboulogo
Dumega
Dunga
Dungas
Dungass
Dungu
Duro
Dyabo Dey
Dyabou
Dyafartouga
Dyagoga
Dyagorou
Dyamarizé Dey
Dyamongou
Dyamyowé
Dyatyano
Dyawalkoara
Dyawal Kwara
Dyawando
Dyaya
Dyayé
Dyayèl
Dyéboukiria
Dyégwa
Dyémeykoyiré
Dyépènga
Dyerokoara
Dyéro Kwara
Dyeyban
Dyibourga
Dyina
Dyiribangou
Dyoboïzé Kwara
Dyoboyzékoara
Dyoga
Dyolé
Dyongaré
Dyongoré
Dyonkoto
Dyonkoto
Dyowol
Dzituma
Dzitumma
Ebaka
Edir
Edjouma
Edouka
Egédi
Eguébango
Eguédi
Ékaba
Ekané
Ekiégana
Ekrafane
El Dala
El Dania
El Daoua
El Dawa
Eldjouma
Eleouayene
Elèwayèn
Èl Gèza
El Goula
El Guèza
El Hassam
El Hassan
El Hazeï
El Hazéy
Éliki
Eliki Gounda
Elkassouora
Elkaswora
El Kouka
El Kouka
El Mayahi
El Mecki
Elméki
Elock
Elok
Éloum
Emi Tchouma
Enzangou
Erama
Eras
Erédemké
Eriozi
Éroudou
Eroufa
Eroufa
Eroupa
Er Roui
Er Rout Sanihida
Esjiga
Eskéta
Eskimit
Eskita
Essamia
Fabangou
Fabeidjié
Fabidji
Fachi
Fada
Fadama Djibo
Fadama
Fadama
Fadama
Fadama
Fadama Rakouma
Fadézéno
Fadin Kay
Fadma Djibo
Fadma Jibo
Fadouri
Fafa
Fagata
Fakara Béri
Fakara
Fakara
Fakey
Fal Abdou
Falanga
Falawa
Fal Bada
Falé
Falenga
Falénko
Falénko Ila
Falenkolollla
Fal Farara
Fali
Falimbaki
Falinké Béri
Falinké
Falink Kaïna
Falké
Falloel
Falme
Falmey
Falmèy Kaina
Falmey Keyna
Falouel
Falounfa
Falwel
Fama
Famalé
Fambéta
Fambita
Famélé
Fana
Fana
Fanaka Koara
Fanaka Kwara
Fanda
Fanda
Fandara
Fandoba
Fandobon
Fandoga
Fandou Banda
Fandou Béri
Fandou Béri
Fandoubon Tombo
Fandou Dodo
Fandou
Fandoukadamana
Fandoukaina
Fandou Kaina
Fandou Keyna
Fandou Keyna
Fandou Kiré
Fandou Mayaki
Fandou Sakadamana
Fanfara
Fangari
Fanntafaouta
Fantafaouta
Fantafatta
Fantio
Fantoubari
Fantou
Fantouyan
Fantyo
Fanwargou
Faoundé Banda
Faradèye
Fara Dey
Faragona
Farakeina
Farandeye
Farandey
Faran
Farara
Farasaouna
Farassaouna
Farat Baba
Farca
Fardiedi
Fardou Djibo
Faré Goungou
Faré-Kaïna
Faré Keyna
Farèye
Farey
Fareygorou-Kaïna
Farey Gorou Keyna
Farézédo
Faria
Fari Béri Damari
Farié
Farié Goungou
Farié Haoussa
Fari
Fari
Fari Gédi
Fari Guédi
Farin Doutchi
Farin Tchiki
Farin Toulou
Farka
Farka
Farkass
Farmas
Farmei
Farou Bakoy
Farou Sami
Fartadji Kalma Koira
Fartadji Kalma Koyra
Fartal
Fartédji
Faska
Faska
Fatabanoye
Fatakadié
Fatasayé
Fatatako
Fatawa
Fatay Bangou Banda
Fatay Karma
Fatomanga
Fatou
Faya Abdalla
Faya Abdallah
Faya
Fayra
Fazao
Fazo
Fédobokki Zarma
Fe Fandou
Féfandou
Fégana Kabé
Félawa
Fenfétou
Férézé
Fété Kidé
Fetobanoï
Fétobanoye
Féto Banoy
Fétobokki Peul
Fétobokki Zarma
Féto Karkallé
Féto Mango
Fiawa
Fiébouloua
Fièdaga
Fiénouna
Filingué
Filnaré
Filokédé
Finaré
Finari
Firgoun
Firiguine
Firinkin
Firkou
Firkoum
Firnyaré
Firo
Firoua
Fisatoa
Fisgin
Fisguin
Fissatao
Fiti Bangou
Fobou
Fodé Béri
Fodé Kaïna
Fodé Keyna
Fogodji
Fogonbanda
Foïma
Fokeney
Fokoentési
Fokoentéssi
Foko
Folakam
Folenko
Foloa
Folo
Foltyangou
Fombonou
Fombonu
Fondabonda
Fondabondé
Fondé Ganda
Fondézangou
Fondibéri
Fondoubéri
Fonéko
Fongato
Foni-Koara
Foni Kwara
Fonkoya
Fonkoye
Fonogirbi
Fono Guirbi
Forkas
Forsey
Fort Dromard
Fotinguel
Fotoboki Djerma
Fottyango
Fouaram
Fouda Gieza
Fouda Guiéza
Fouinnza
Foukiné
Foulanguèye
Foulanguey
Foulanké
Foulanwègorou
Foulanza
Foulatari
Foulé
Foumbia
Founkouèye
Founkouey
Founkouy
Founkoye
Fountoun Toudou
Foura
Foura Girké
Foura Girké
Foura Guirké
Foura Guirké
Fourdirom
Fourmey
Fourori
Gaba
Gaba Gida
Gabagoura
Gaba Guida
Gabana
Gabanna
Gabaouri
Gabi
Gabikané
Gabi Koy Dey
Gabi-Koye-Dèye
Gabi Mayaki
Gabi Tajaé
Gabou
Gaboureï
Gachia
Gadabo Fatakadié
Gadabo
Gadabo-Koara
Gadabo Kwara
Gadamata
Gadambo
Gadambou
Gadanbou
Gadaré
Gadé-Koara
Gadé Kwara
Gadèrga
Gaégoro
Gaégorou
Gafati
Gaffati
Gafiédèye
Gafiédey
Gafourmari
Gagali
Gagan Bawa
Gaganta
Gagaoua
Gagaré
Gagaré
Gagaro
Gagawa
Gagila
Gaguéré
Gaguila
Gahé
Gahéi
Gaïgorou
Gaïgorou
Gaïgouirou
Gaïgourou
Gaima Koara
Gaja
Gajiji
Gajila
Gajiri
Gajita
Gakoudi
Gakouko Siégi
Gakouko Siégui
Gakwey
Gala Béri
Galadindi
Gala
Galago-Koara
Galago Kwara
Galaïdi
Gala Kaïna
Galamé
Galé
Galiangou
Galingwona
Galjia
Galladima
Galla
Gallaoua
Gallawa
Galloua
Galma
Galmi
Galouagata
Galoubi
Galozi
Gamao Babba
Gambé
Gambo
Gamdebari Koara
Gamdou
Gamdu
Gamé
Gamgara
Gamji
Gamji Karama
Gamkalé
Gamkallé
Gamori
Gamou
Gamou Gayli
Gamouzon
Gamram
Gamran
Ganacha
Ganaram
Ganatcha
Ganawa
Ganboudé
Gandabéri Koara
Ganda Béri Kwara
Gandebéri Koara
Gandessama
Gandessamou
Gandou Béri
Gandou
Gandou
Gandou Kaina
Gandou Keyna
Gandou Mayaki Fari
Ganga
Gangala
Gangannyan
Ganganyan
Gangara
Gangara
Gangara
Gangara
Gangara Nachambé
Gangazar
Gangèy
Ganguel
Ganguey
Ganguio-Koara
Ganguio Kwara
Ganigoungou
Ganjinwa
Ganki Banaou Gorikiré
Ganki Bassarou
Ganmbo
Gao Aljèna
Gaobangou
Gao
Gao
Gao
Gao Kaswa
Gaomey
Gao Mousou
Gao Sabon Gari
Gao Sofon Gari
Gaotaouey
Gaotaweye
Gaoudé
Gaouna
Gaouna
Gao Zengi
Gao Zengui
Gara Ali
Garabeye-Tombo
Garabey Tombo
Garadama
Garadoumé
Garadoum
Garagoumasa
Garagoumsa
Garagoumsa Haoussa
Garagoumssa
Garagoumza
Garagumsa
Garakoïre
Garanga
Garanga
Garankadeï
Garankadèye
Garankadey
Garatchi
Garawa
Garazou
Garbagougou
Garbay-Kourou
Garbé Gounbia
Garbel
Garbéyégorou
Garbèye-Koara
Garbeye Tombo
Garbey Fandou
Garbey
Garbey
Garbey Gorou
Garbey Kourou
Garbey Kwara
Garbey Tombo
Garbou
Garbougoua
Garbouhya
Garbounya
Garbu
Gardaé Ajajoua
Gardamakoaca
Gardamakoara
Gardama Kwara
Gardaoua
Gardié
Gardi
Gardi
Gardi
Garé
Gar
Garhanga
Gari Abidjan
Gari Agi
Gari Agui
Gari Aji
Gari Akoussa
Gari Amadou
Gari Amani
Gari Amou
Gari Aouta
Gari Ataèr
Gari Azié
Gari Baïdou
Gari Bara Serki
Gari Bawa
Gari Birgiji
Gari Birguiji
Garié
Gari El Hadji Hadèm
Gari Fana
Gari Gagui
Gari Gandou
Gari Ganndou
Gari
Gari Gaziri
Gari Gemba
Gari Gnabo
Gari-Golokoye
Gari Golokoy
Gari Goni
Gari Goungom
Gari Gourmou
Gariguengui
Gari Irkwénon
Gari Jéji
Gari Kouka
Gari Kouroungou
Gari Limbu
Gari Madié
Gari Magaji
Gari Mahalba
Gari Maji
Gari Malam
Gari Malan
Gari Malan
Gari Malenkitari
Gari Masoui
Gari Mayaki
Gari Mayara
Garim Bahi
Garim Bango
Gari Mbano
Garim Bwé
Gari Miza
Garin Aba
Garin Achawal
Garin Acheval
Garin Adamou
Gari Nahalako
Garin Akao
Garin Aladji
Garin Aladou
Garin Ala
Garin Alasan
Garin Alassane
Garin Algo
Garin Alhadji
Garin Alichina
Garin Amadou
Garin Amani
Garin Bajini
Garin Baka
Garin Banya
Garin Bara
Garin Barao
Garin Bara Serki
Garin Barmadwa
Garin Barmo
Garin Barouma
Garin Barso
Garin Barso
Garin Basako
Garin Bassako
Garin Beydou
Garin Biga
Garin Bogoari
Garin Boka
Garin Bougao
Garin Bouzaé
Garin Chala
Garin Chéfou
Garin Dado
Garin Daka
Garin Dan Tousa
Garin Dan Toussa
Garin Dila
Gari Ndombokaka
Garin Doutchi
Garin Fako
Garin Gado
Garin Gagaré
Garin Gao
Garin Garakyé
Garin Garba
Garin Géro
Garin Gouandi
Garin Goudao
Garin Goulbi
Garin Guéro
Garin Hélou
Garin Idi
Garin Ila
Garin Jari
Garin Jato
Gari Nkadadey
Garin Kado
Garin Kané
Garin Kanta
Garin Kaoura
Garin Karékaré
Garin Koana
Garin Koki
Garin Kouka
Garin Koutoubou
Garin Labo
Garin Labou
Garin Lasan
Garin Lassan
Garin Limam
Garin Maégali
Garin Makada
Garin Malamay
Garin Malam Doudwa
Garin Malamey
Garin Malam
Garin Malam Isa
Garin Malam Issa
Garin Mayaki
Garin Maychanou
Garin Maygali
Garin Mazadou
Garin Mokoyo
Garin Nomao Dan Gado
Garin Nori
Garin Nouhou
Garin Nwali
Garin Oumarou
Garin Sani
Garin Sékaro
Garin Sèrkin Baka
Garin Ta Anari
Garin Tambari
Garin Tanbari
Garin Toudou
Garin Wali
Garin Wawa
Garin Yabo
Garin Yama
Garin Yousi
Garin Youssi
Garin Zaroumay
Garin Zigao
Gari Sabo
Gari Sakou
Gari Samna
Gari Sara
Gari Tankari
Gari Wanbangir
Gari Wanbanguir
Gari Zakari
Garonzom
Garoua
Garoubé
Garoubeikala
Garoubey
Garou
Garoumaji
Garoumalé
Garoumélé
Garoumiga
Garou Peul
Garsiko
Garu
Garumagi
Garyangoul
Garzagao
Gasakoli
Gasawa
Gashia
Gassafa
Gassakoli
Gassawa
Gassa Ziban
Gasséda
Gasseki
Gassi
Gassikena
Gassikeyna
Gassin Kournié
Gassira
Gata Garbey
Gata
Gata
Gatali
Gatari
Gata Tounga
Gatawani Béri
Gatawani
Gatawani-Kaina
Gatawani Keyna
Gattaouel
Gatwan
Gawal Baba
Gawal
Gawana
Gawaro Madatey
Gawassa
Gawéye
Gaxafa
Gaxaoua
Gaya
Gaya
Gayanbo
Gaye-Koara
Gay Kwara
Gazabi
Gazafa
Gazammi
Gazamni
Gazaoua
Gazawa
Gazéré Koara
Gazéré Kwara
Gazila
Gazori
Gazourawa
Géchémé
Gégouma
Genguikogo
Gérim Bakèso
Gérin Ditdi
Gérin Djinba
Gérink Kiémogo
Germat
Gésébéri
Gésé
Getché
Gétsi
Géza
Gézawa
Gezényan
Ghabaré
Giarouna
Gidadamé
Gidam Biri
Gidan Abdou
Gidan Achalou
Gidan Achi
Gidan Adamou
Gidan Adan Dano
Gidan Adangao
Gidan Ado
Gidan Agoulou
Gidan Ajia
Gidan Akané
Gidan Alasan
Gidan Alèy
Gidan Alkali
Gidan Alou
Gidan Amou
Gidan Ango
Gidan Anko
Gidan Ankouro
Gidan Anour
Gidan Ara Gigalé
Gidan Arna
Gidan Arzika
Gidan Atchiali
Gidan Atchyali
Gidan Aykao
Gidan Azara
Gidan Badoukou
Gidan Bagala
Gidan-Bagilbi
Gidan-Bahago
Gidan Baoutchi
Gidan Bara
Gidan Bara
Gidan-Barao
Gidan Baraya
Gidan Basaré
Gidan Basou
Gidan Bawa
Gidan Bazé
Gidan Bizo
Gidan Bogori
Gidan Boka
Gidan Bori
Gidan Boulhou
Gidan Bounou
Gidan Bouzou
Gidan Chabké
Gidan Chadou
Gidan Dadi
Gidan Dan Baskoré
Gidan Dao
Gidan Dawey
Gidan Déré
Gidan Dialo
Gidan Djibo
Gidan Dodo
Gidan Dombo
Gidan Doungou
Gidan Doutchi
Gidan Gabou
Gidan Gado
Gidan Galadima
Gidan Gimba
Gidan Gorga
Gidan Gouje
Gidan Harouna
Gidan Hasan
Gidan Idou
Gidan Ili
Gidan-Isa
Gidan Jalo
Gidan Jigo
Gidan Kaché
Gidan Kadao
Gidan Kakou
Gidan Kalgo
Gidan Kanda
Gidan Kané
Gidan Kani
Gidan Kaoura
Gidan-Kara
Gidan Karfa
Gidan Karma
Gidan Karou
Gidan Kata
Gidan Kibia
Gidan Kognao
Gidan Koso
Gidan Koubé
Gidan Kyata
Gidan Lanbou
Gidan Laré
Gidan Lésao
Gidan Maégizo
Gidan Maga
Gidan Magaji
Gidan Makada
Gidan Malam
Gidan Malam Maygijé
Gidan Malam Soulé
Gidan Malem
Gidan-Masalatchi
Gidan Masoy
Gidan Matsidaya
Gidan Mayaki
Gidan May-Douma
Gidan Maykaydéri
Gidan Miko
Gidan Mousa
Gidan Mousa
Gidan Nababa
Gidan Nadolé
Gidan Nagidi
Gidan Nahantchi
Gidan Nanaya
Gidan Ngaya
Gidan Nomao
Gidan Oubandawaki
Gidan-Raki
Gidan Roro
Gidan Roumji
Gidan Salao
Gidan-Samni
Gidan Santelli
Gidan Sono
Gidan Sori
Gidan Tajri
Gidan Tanbari
Gidan Tanko
Gidan Tanko May Rogo
Gidan Tawayé
Gidan Tonio
Gidan Wanda
Gidan Yakao
Gidan Zaga
Gidan Zaourami
Gidan Zigao Farga
Gidan Zoudi
Gidan Zougao
Gidaonya
Gidigir
Gidigri
Giébé
Gigamawa
Gigamawa-Sofoa
Gigouna
Giguna
Gijigaoua
Gijigawa
Gijikawa
Gijik
Gijongo
Giladji
Gilé Kwara
Gilgijé
Gilgizé
Giliman
Gilimé Koré
Gilmago
Gilzawa
Ginba Tonbo
Ginda
Gindi Giri
Gindo
Gindo Goloma
Ginia
Ginimumi
Gintchéré
Girbiyé
Girigorou
Gisgé
Gisgué
Goalo
Goaram
Gobao
Gobatel
Gobawa
Gobérawa
Gobérawa
Gober Gorou
Gobéri
Gobirko Béri
Gobirko-Kaïna
Gobirko Keyna
Goboro
Gobro
Gobroua
Gocholo
Goda
Godé-Koara
Godé Kwara
Godgi
Godjé Fadarawa
Godyo
Goënga
Gofo
Gogaré
Gogé
Goggi
Goginé
Gogo
Gogoro
Gogouro
Gogué
Goguiézé-Koara
Goguiézé Kwara
Goguiné
Gohenga
Gojé
Golbégui
Golbel
Golé
Golgou
Gollo
Golokoy Dey
Golokoye-Dèye
Golokoye-Koara
Golokoy Kwara
Golombi Dan Aoua
Golongana
Goltondi
Gomande-Koara
Gomande Kwara
Gomango
Gombara
Gombéoua
Gombéwa
Gombi
Gombogandé Koara
Gombogandé Kwara
Gombri Bangou
Gommangou
Gomnango
Gomozo
Gona Kandawa
Gondokéré
Gonga Bangou
Gonga Béréla
Gongabéri Deytégi Mousa
Gongabéri Dey Tégui Moussa
Gongadé Béri
Gonga
Gonga Innza
Gongakaina
Gonga Karima
Gonga Keyna
Gonga Makaré
Gongatorey
Gongaye
Gongazèy-Koara
Gongazey Kwara
Gongokoara
Gongo Kwara
Gongotandé
Gongoubé
Gongozougou Peul
Gono
Gonoubi
Gontoumbou
Gontumbu
Gonzaré
Goram
Gordioré
Gorgawa
Gorgoussa
Goriba
Goriba
Gorobanda
Gorokondo
Gorotyé
Goroual
Gorou Bakasamé
Gorou Banda
Gorou Bankassamé
Gorou Béri
Gorou-Dèye
Gorou Dey
Gorou Dézé
Gorougindé
Gorou
Gorou
Gorou Guindé
Gorouguinndé
Gorou-Kaina
Gorou Kaya
Gorou Keyna
Gorou Kirey
Gorou Yéno
Gorou Zangui
Gorozo-Koara
Gorozo Kwara
Goso
Gossa Fandou
Gossa
Gossogorou
Gosso
Gotché
Gothèye
Gothey
Gotié
Gouagourzo
Gouala
Gouarou-Koira
Goubara
Goubawa
Goubé
Goubéïze Bangou
Goubé-Kireye
Goubé Kirey
Goubékoye-Koara
Goubékoy Kwara
Goubel
Goubérawa
Goubéraya
Goubèye
Goubeye-Koara
Goubey
Goubey Kwara
Goubé Zéno
Goubongou
Gouchi
Goudaboulam
Gouda
Goudao
Goudel Gorou
Goudel
Goudel
Goudey
Goudomaria
Goudou Féma
Goudou
Goudougwa
Goudoumaria
Goudyé
Gouga Abarchi
Goûgaram
Gougoufama
Gougouféma
Gougoufena
Goula
Goula
Goulay
Goulbawa
Goulbi-n-Kano
Goulcha Haousa
Goulcha Haoussa
Goulma Gabi
Goulma
Goulmi
Gouloubi
Goulou Goutchi
Goulou Koulsao
Goulouma Amani
Goulouma
Goulouma Kadi
Gouloumbouji
Goulouski
Gouma
Goumajé
Goumandé Sèné
Goumata
Goumbayé
Goumbibanda
Goumbi
Goumbi
Goumbi
Goumbi Kano
Goumboro
Goumdawa
Goumoi
Goumza
Gouna
Goundé
Goundèski
Goundidi
Goundo-Koara
Goundo Kwara
Goundoumawa
Goundounmawa
Goun Douroum
Goungo
Goungou Béri
Goungou
Goungou
Gouni
Gouni-Koara
Gouni Kwara
Gouni Madara
Gounizé
Gounki Argika
Gounki Arjika
Gouno Koara
Gouno Kwara
Gounou Bangou
Gounoubi
Gountiéna
Gounti Kouara
Gountodéni
Gountou
Gouoro
Goura Goura
Gourao
Gourbabo
Gourbin Kada
Gourbobo
Gourdoumous
Gouré
Gourgoumgao
Gourgoumi
Gouria
Gourinesi
Gourjaé
Gourjougou
Gourléa
Gourmakindi
Gourmoundé
Gournaché
Gournaka
Gourou Banda
Gourou Béri
Gourougouani-Koara
Gourougwani Kwara
Gourou-Kaïna
Gourou Keyna
Gouroumou
Goursélik
Goursoumey
Gourya
Goutchi
Goutoumbou
Goutoumbou
Gouzouri
Gozeïzé
Gozeizé Koara
Gozé Koara
Gozé Kwara
Granbassa
Grasa Kaara
Grassa Kwara
Grouskil
Gruskil
Guabèye Gorou
Gubei
Guchi
Guchy
Gudel
Gudumaria
Guéchémé
Guégorou
Guégouma
Gueladio
Gueladjo
Guelajo
Guélangou
Guènguènbéra
Guenguikogo
Guérebchi
Guéré
Guéremchi
Guergou-Koara
Guergou Kwara
Gueriel
Guériguindé Kourtey
Guériguindé Zarma
Guérimari
Guérim Bakésso
Guérin Abdou
Guérin Ditdi
Guérin Djinba
Guérin Kiémogo
Guermat
Guéschémé
Gueskérou
Guéssé Béri
Guessebodi
Guéssé Doundou
Guéssé
Guessékaïna
Guéssé Keyna
Guessel Bodi
Guessi Bari
Guessi Beri
Guessi
Guetché
Guétsi
Gueurslek
Guéyédèye
Guéyédey
Guéza Gado
Guéza
Guéza
Guézaoua
Guéza Rouga
Guézawa
Guezényan
Gugufama
Guiado Koara
Guiado Kwara
Guiarouna
Guibourga
Guidadamé
Guida Daoda
Guida Kossori
Guidal-Eyni
Guidal
Guida Magadji
Guida-Magagdi
Guidam Ali
Guida Malou
Guidam-Ango
Guidam-Bade
Guidambado
Guidam Bado
Guidam
Guidam Guilmago
Guidam Guimalgo
Guidam Kane
Guidam Kano
Guidam Makora
Guidam Roumji
Guidam-Salifou
Guidam Sori
Guidam Touko
Guidan Ababa
Guidan Abara
Guidan Abarchi
Guidan Abarchi
Guidan Abdou
Guidan Abdou May Baréwa
Guidan Achalou
Guidan Achi
Guidan Adamou
Guidan Adan Dano
Guidan Adangao
Guidan Adan
Guidan Adji
Guidan Ado
Guidan Adomou
Guidan Aékao
Guidan Afali
Guidan Agada
Guidan Agali
Guidan Agoulou
Guidan Aguidi
Guidan Ahmed
Guidan Ajia
Guidan Akané
Guidan Aladji
Guidan Alambaji
Guidan Alasan
Guidan Alassane
Guidan Alassane
Guidan Aley
Guidan Ali
Guidan Alkali
Guidan Alo
Guidan Alou
Guidan Aloumou
Guidan Ama
Guidan Aman Ariwa
Guidan Aman Gachi
Guidan Aman
Guidan Amou
Guidan Amou
Guidan Amoumou
Guidan Anar
Guidan Anaya
Guidan Ando
Guidan Ango
Guidan Ango
Guidan Ango
Guidan Ango Labo
Guidan Anko
Guidan Ankouro
Guidan Anna
Guidan Anné
Guidan Anné
Guidan Antou
Guidan Aouré Mékaka
Guidan Ara Guigalé
Guidan Arji
Guidan Arjika
Guidan Arna
Guidan Arna
Guidan Arzika
Guidan Asan
Guidan Asan
Guidan Aska
Guidan Asoko
Guidan Asouman
Guidan Assane
Guidan Assane
Guidan Assoko
Guidan Assouman
Guidan Atcha
Guidan Atché
Guidan Atchiali
Guidan Atchié
Guidan Atchié
Guidan Atchyé
Guidan Ato
Guidan Awidi
Guidan Aykao
Guidan Ayo
Guidan Azara
Guidan Baba
Guidan Babao
Guidan Bado
Guidan Badoukou
Guidan Bagala
Guidan Bagay
Guidan Baguilbi
Guidan Bahago
Guidan Bahago
Guidan Bako Chawey
Guidan Bako Daré
Guidan Bako
Guidan Bako
Guidan Bako May Ganga
Guidan Bakoy Dan Tanko
Guidan Bakoy
Guidan Bakwey Sabon Gari
Guidan Balé
Guidan Bango
Guidan Bango
Guidan Baoura
Guidan Baoutchi
Guidan Bara Dangaji
Guidan Bara
Guidan Bara
Guidan Barajé
Guidan Barao
Guidan Baréo
Guidan Barmo
Guidan Barmou
Guidan Barouma
Guidan Baso
Guidan Bassaré
Guidan Basso
Guidan Bassou
Guidan Bawa
Guidan Bazé
Guidan Biri
Guidan Bizo
Guidan Bizo
Guidan Bizo
Guidan Boey
Guidan Bogori
Guidan Bogwari
Guidan Boka
Guidan Bori
Guidan Botié
Guidan Boubé
Guidan Boubou
Guidan Bouda
Guidan Bouja
Guidan Boukari
Guidan Boulhou
Guidan Boultou
Guidan Bounou
Guidan Bourka
Guidan Bouzey
Guidan Bouzou
Guidan Bouzou
Guidan Chabké
Guidan Chadawa
Guidan Chadou
Guidan Chantali
Guidan Chanteli
Guidan Chantéli
Guidan Chaybou
Guidan Chèbkao
Guidan Chibkao
Guidan Chinao
Guidan Chipkao
Guidan Dabo
Guidan Dadi
Guidan Dagué
Guidan Dakari
Guidan Dala
Guidan Dambaki
Guidan Dan Bakar
Guidan Dan Baro
Guidan Dan Baskoré
Guidan Dandéla
Guidan Dan Déla
Guidan Dan Gana
Guidan Dangeji
Guidan Dangueji
Guidan Dan Jako
Guidan Dan Jimo
Guidan Dan Kano
Guidan Dan Labi
Guidan Dan Malam
Guidan Dan May Gari
Guidan Dan Tatou
Guidan Dao
Guidan Daouda
Guidan Daoudou
Guidan Daoudou
Guidan Darmou
Guidan Dawé
Guidan Dawey
Guidan Déré
Guidan Dialo
Guidan Dillo Abdou
Guidan Djibo
Guidan Djibo
Guidan Djibrin
Guidan Dodo
Guidan Dogari
Guidan Dogo
Guidan Dogo
Guidan Dombo
Guidan Douké
Guidan Douma
Guidan Doung
Guidan Doungou
Guidan Doutchi
Guidan Ekao
Guidan Éko
Guidan Fako
Guidan Fako
Guidan Falkié
Guidan Gabés
Guidan Gabje
Guidan Gabou
Guidan Gado Agada
Guidan Gado
Guidan Gaja
Guidan Gajéré
Guidan Galadima
Guidan Galadima
Guidan Ganao
Guidan Gandao
Guidan Gara
Guidan Garo
Guidan Gaya
Guidan Gazobi
Guidan Gingama
Guidan Gingé
Guidan Gobjé
Guidan Gobro
Guidan Gojé
Guidan Gonda
Guidan Gonda
Guidan Gono
Guidan Gorga
Guidan Goujé
Guidan Goula
Guidan Goulé
Guidan Guilmago
Guidan Guimba
Guidan Guingama
Guidan Guingué
Guidan Gwari
Guidan Hakourao
Guidan Halila
Guidan Harouna
Guidan Hassane
Guidan Ibbo
Guidan Ibra
Guidan Ibrahim
Guidan Ibro
Guidan Ider
Guidan Idi
Guidan Idi
Guidan Idou
Guidan Ili
Guidan Illo
Guidan Illo
Guidan Ilo
Guidan Ilyas
Guidan Inda
Guidan Isa
Guidan Issa
Guidan Issa
Guidan Iya
Guidan Jalili
Guidan Jalo
Guidan Jato
Guidan Jibi
Guidan Jido
Guidan Jigo
Guidan Jiguili
Guidan Jika
Guidan Jirgi
Guidan Kaboy
Guidan Kachambo
Guidan Kaché
Guidan Kachi
Guidan Kaka
Guidan Kakou
Guidan Kalé
Guidan Kalgo
Guidan Kamey
Guidan Kanda
Guidan Kané Dan Madougou
Guidan Kané
Guidan Kané
Guidan Kané Katsénawa
Guidan Kané Mekahi
Guidan Kani
Guidan Kankanda
Guidan Kano
Guidan Kaora
Guidan Kaoura
Guidan Kara
Guidan Karé
Guidan Karfa
Guidan Karma
Guidan Karo
Guidan Karo
Guidan Karou
Guidan Kaso
Guidan Kasou
Guidan Kasso
Guidan Kassori
Guidan Kassou
Guidan Kata
Guidan Kiabéy
Guidan Kibia
Guidan Kino
Guidan Kodao
Guidan Koli
Guidan Konyao
Guidan Koré
Guidan Kosso
Guidan Koubé
Guidan Koudou
Guidan Kourchi
Guidan Kouré
Guidan Kourouma
Guidan Kwari
Guidan Kyabey
Guidan Kyambé
Guidan Kyata
Guidan Labo Ada
Guidan Labo Baré
Guidan Labo Dan Magazia
Guidan Labo
Guidan Labou
Guidan Lalo
Guidan Lambou
Guidan Laré
Guidan Laséyni
Guidan Lasseyni
Guidan Léko
Guidan Léssao
Guidan Lifida
Guidan Lifida Saboa
Guidan Louché
Guidan Mado
Guidan Madougou
Guidan Madou
Guidan Maga
Guidan Magaji
Guidan Magaji
Guidan Magaji Koré
Guidan Magazinkori
Guidan Magiza
Guidan Maguiza
Guidan Mahaki
Guidan Mahama
Guidan Mahaman
Guidan Mahazou
Guidan Makada
Guidan Makao
Guidan Makora
Guidan Malam
Guidan Malam
Guidan Malam Mayguijé
Guidan Malam Soulé
Guidan Malem
Guidan Malou
Guidan Mani Ada
Guidan Mannto
Guidan Mantao
Guidan Manto
Guidan Manzo
Guidan Maroki
Guidan Maski
Guidan Masko
Guidan Massalatchi
Guidan Massoy
Guidan Matchouda
Guidan Mato
Guidan Matou
Guidan Matsidaya
Guidan Matyéri
Guidan Mayadya
Guidan Maya
Guidan Mayaki
Guidan Mayao
Guidan Mayara
Guidan Maydoubou
Guidan May Douma
Guidan May Gochi
Guidan May Gori
Guidan May Guizo
Guidan Maykaydéri
Guidan Maytama
Guidan Meyda
Guidan Meydi
Guidan Meyliga
Guidan Miko
Guidan Mohammadou
Guidan Moullou
Guidan Mousa
Guidan Mousa
Guidan Mousgou
Guidan Moussa
Guidan Moussa
Guidan Mouza Mazadou
Guidan Moyahi Chibkao
Guidan Nadolé
Guidan Nahantchi
Guidan Nahaya
Guidan Nakaora
Guidan Nako
Guidan Nakori
Guidan Nanaya
Guidan Naséla
Guidan Nasséla
Guidan Néno
Guidan Nomao
Guidan Nomao
Guidan Nomo
Guidan Noudé
Guidan Nouho
Guidan Ouari
Guidan Ouazé
Guidan Oubandawaki
Guidan Oubandawaki
Guidan Oubandawaki Ilo
Guidan Oubandawaki Kanta
Guidan Oumarou
Guidan Rabo
Guidan Rabo
Guidan Raki
Guidan Rigo
Guidan Roro
Guidan Roumbou
Guidan Roumboukawa
Guidan-Roumji
Guidan Roumji
Guidan Rounboukawa
Guidan Rwa
Guidan Saïdou
Guidan Salao
Guidan Salao Saboa
Guidan Salé
Guidan Salifou
Guidan Sallao
Guidan Sami Dodo
Guidan Sami
Guidan Sami Ousmane
Guidan Sami Ousman
Guidan Samni
Guidan Sana
Guidan Sèrki
Guidan Sèrkin Dawa
Guidan Sèrkin Gardi
Guidan Sèrkin Makéra
Guidan Sèrkin Makyéra
Guidan Sèrkin Noma
Guidan Soli
Guidan Sono
Guidan Sono
Guidan Sori
Guidan Souzou Maydouma
Guidan Tadjae
Guidan Tajri
Guidan Tambari
Guidan Tambari Kadér
Guidan Tanbari Kadér
Guidan Tanimou
Guidan Tanimou
Guidan Tanko Ekadé
Guidan Tanko
Guidan Tanko
Guidan Tanko Idi
Guidan Tanko May Rogo
Guidan Tawayé
Guidan Tawey
Guidan Tayé
Guidan Tchidadé
Guidan Tchida
Guidan Tinda
Guidan Tintini
Guidan Tonio
Guidan Toudou
Guidan Touko
Guidan Toukou
Guidan Touno
Guidan Wada
Guidan Wagi
Guidan Wagui
Guidan Wajé
Guidan Wajé
Guidan Wanda
Guidan Wané
Guidan Wari
Guidan Yakao
Guidan Yakoudi
Guidan Yari Nidi
Guidan Yérima
Guidan Yérima
Guidan Zaga
Guidan Zagi
Guidan Zagui
Guidan Zakara
Guidan Zaki
Guidan Zaourami
Guidan Zigao Farga
Guidan Zoudi
Guidan Zougao
Guidaounia
Guiddéré
Guidel
Guidel
Guidémario
Guidigri
Guidiguir
Guidimouni
Guidjigaoua
Guidna Magazi
Guiébé
Guigamawa
Guigamawa Sofoa
Guigané
Guijikawa
Guijik
Guijongo
Guiladji
Guilael
Guilahel
Guilaré
Guilaré
Guilaré Peul
Guilé Kwara
Guileyni
Guilguijé
Guilguizé
Guiliman
Guilimé Koré
Guillima
Guilmago
Guilzawa
Guimba Tombo
Guimguénia
Guinda
Guindaraoua
Guindé Golmi
Guindi Guiri
Guindogoloma
Guindo Goloma
Guindo
Guinguindé
Guinia
Guinndé Golmi
Guintchéré
Guírbiyé
Guirdiguissi
Guiribansou
Guirigorou
Guissé-Maïzé-Koara
Guissé Maïzé Kwara
Guitaoua
Guitawa
Guivaye
Guivay
Guizamou
Gumbe
Guna
Gurselik
Gurzhe
Gwanda
Gwaram
Gwarou Kwara
Gwindogoro
Gwomata
Gwom Gwom
Gworo
Gworozengé
Gworozengué
Haamat
Haba
Habiri
Hadamna
Haji
Halbaou
Halbawa
Hama Dallaye
Hamadi
Hamané-Koara
Hamané Kwara
Hamba
Hamdalay Ama
Hamdalay Hasan
Hamdallaye Ama
Hamdallaye
Hamdallaye
Hamdallaye Hassane
Hamdallay
Hamdilaye
Haméné Kwara
Hamidan
Hami
Hamka
Hamka Tombo
Hammi
Hanamé Tombo
Hanamé Tonbo
Hanandé
Hanayé
Hanou Gazané
Haokansara
Haouèyefandou
Haoussanké
Haoussankyè
Harikanassou
Haringué
Harna
Harouna
Harounawa
Haya
Héda
Héda
Hélo Béri
Hérou
Hilokwaré Kwarézénou
Hondé
Hondey
Hondobon Goungou
Hondobon
Hondou Béri
Honndoubon
Houdel
Houmawa
Iabakinka
Iarkala Gorkou
Ibankane
Ibankan
Ibazaouane
Ibazaouan
Ibeka
Ibiri
Ibiya
Ibo Dan Jari
Ibohamane
Iboye
Iboy
Ichirnawa
Idri oua-n-Tazak
Iessé Koara
Iessé Kwara
Iferouâne
Iferouan
Iga El Hadj Adèm
Ihi
Ihyi
Ijali
Ijia Guidan Nomo
Ijia
Ikaka
Iladé
Iléla
Iléla
Ilella
Ilia
Ilikokoara
Iliko Kwara
Ilio
Illéla Akwara
Illéla
Illéla
Illélou
Illéta
Illi
Illikoï
Illio
Illo
Illo
Iloa Missan
Iloa Miza
Iloa Zakara
Iloua
Iloua Missan
Iloua Zakara
Ilwa
Ima-Deye
Ima Dey
Imokoara
Imo Kwara
Imoudaka
Imourarene
I-n-Alakam
I-n-Azaoua
In Azaoua
I-n-Bagala
Inda
I-n-Dika
In Egoul
I-n-Elou
Inétinikoye-Koara
Inétinikoy Kwara
Ingal
In-Gal
I-n-Gall
In Gall
Ingawa
I-n-Gouitou
In Gwitou
Inignaoueï
Inignaouen
Inisamiya
Injer
I-n-Jinjaram
I-n-Kadéouane
In Kadéwan
I-n-Karkada
I-n-Kokane
In Kokan
In Korkada
I-n-Lélou
I-n-Najine
In Najin
Inngaski
Inntalahounda
I-n-Ouagar
I-n-Ouala
Inouna
I-n-Safari
In Samia
I-n-Takachi
I-n-Tamat
I-n-Tazak
I-n-Tikilatène
In Tikilatèn
In Tousa
I-n-Toussa
In Wala
Inyélwa
Irara
Isa
Isaka
Isarnaoua
Islam
Issa
Issaka
Issa-Koara
Issa Kwara
Issa Lé
Issaouane
Issawan
Issili
Ita
Itchigin
Itchiguine
Itesan
Itessane
Iyaka
Izaouitène
Izaragan
Izawitène
Jahé
Jaja Koumé
Jajiri
Jakasa
Jakassa
Jaki
Jakouta
Jali
Jali
Jalkasan
Jalkassan
Jambéri
Janbagé
Janbagué
Janbara
Jan Rwa
Janrwa
Jan Toudou
Jari
Jariri
Jéfhao
Jéhao
Jéré
Jibbi
Jibia Dan May Zari
Jibilo
Jibo
Jiga
Jigaoua
Jigawa Boka
Jigawa
Jigawa Kirwey
Jigouna
Jikata
Jiki
Jilantabi
Jilmiram Kori
Jilmiram Toudou
Jimina
Jimké
Jingo
Jinguines
Jinguiness
Jirket
Jitkouka
Kaadjia
Kaba Bangou
Kaba
Kaba
Kâ Bangou Koara
Ka Bangou Kwara
Kabara
Kabawa
Kabawa
Kabay
Kabéfo Bangou
Kabeï Koungo
Kabé
Kabé
Kabé Kaina
Kabékakongou
Kabé Keyna
Kabé Kiré
Kabélaoua
Kabélawa
Kabéri
Kabey Koungo
Kabi
Kabiwa
Kabobi
Kabobi
Kaboboy
Kaboé-Koara
Kaboé Kwara
Kabofo
Kabountafa
Kachaïna
Kacha
Kachéni
Kadago
Kada II
Kada I
Kadakey
Kada Ousmane
Kada Tadiri
Kadata
Kadawa
Kadé
Kadé Kato
Kadélaboua
Kadéri
Kadidi
Kadié Dounkeye
Kadigawa
Kado Koara
Kado Kwara
Kadoudou
Kaé
Kaellabi
Kafal Hadjéna
Kafate
Kaffa
Kafi
Kafin Abersi
Kafin Bâka
Kafin Baouchi
Kafin Chanteli
Kafin Kiro
Kafin Kosao
Kafin Kossao
Kafin Koura
Kafoudyé
Kagadama
Kagarki
Kagniouakoura
Kagoua
Kagouma Bara
Kagoum
Kagourou
Kagwa
Kahé
Kahi Aska
Kahifi
Kahi
Kaigo
Kaïouatane
Kaïwaran
Kaiwatan
Kaji
Kaka
Kakalé
Kakao
Kakarahil
Kakara
Kakara
Kakarawa
Kakassi
Kakelé
Kaki Fada
Kaki
Kakin
Kakou
Kaku
Kalabossé
Kala Bouto
Kalachimbéri
Kalachin Biri
Kalachin Biri
Kala
Kala
Kalakoidèye
Kalakoydey
Kalali
Kala Paté
Kalassi
Kalbara
Kalbaté
Kaleydey Béri
Kaleydéyébéri
Kaleydeyekaïna
Kaleydey Keyna
Kalèye
Kalfou
Kalfousou
Kalfoussou
Kalgo
Kalgo
Kalgo
Kalgon Gaya
Kalgou
Kalguéri
Kalkom
Kaloma
Kaloum
Kamado
Kamakadji
Kamariga
Kambadeye
Kambadey
Kambari Kourigné-Koara
Kambari Kourinyé Kwara
Kambatitanda
Kambouzeye
Kambouzey
Kamia
Kami
Kamounia
Kampa
Kamrey
Kamri
Kana
Kanambakachi
Kanambakatchi
Kanan Bakaché
Kanan Bakatché
Kanaré
Kandadji
Kanda
Kanda
Kandamao
Kandaré
Kandel Bouzou
Kandéloua
Kandil-Bouzou
Kandili
Kandili Mougamou
Kandoum
Kandousa
Kandoussa
Kane Béri
Kané
Kané
Kanfatawa
Kangouri
Kaniagoma
Kania
Kanioua
Kaniua
Kanjaé
Kankalé
Kankalé Majikay
Kankaléni
Kankalérou
Kankali
Kankané
Kankani
Kankani
Kankan Mala
Kankantouti
Kankara
Kan Karawa
Kankaré
Kankari
Kanki Koara
Kanki Kwara
Kankoura
Kankouri
Kanlayénou
Kanndili Mougamou
Kannfatawa
Kanofulé
Kano
Kanombakatchi
Kanon Zoubao
Kanta
Kantanawa
Kantari
Kantché
Kantiérawa
Kantyoaga Dyerma
Kantyoaga Peul
Kanyagoma
Kanya Goumbi Banda
Kanya Goumbi Bannda
Kanya
Kanya
Kaodakay
Kao Kakil
Kao
Kaokay
Kaola
Kaora Abdou
Kaora
Kaori
Kaouana
Kaouara Débbé
Kaouara-Débé
Kaouara
Kaouara
Kaouchi Léko
Kaouhassamo
Kaoura Dan Kadou
Kaoura Debbe
Kaoura Débé
Kaoura
Kaoura
Kaourakéri
Kaoura Lahama
Kaoutchi Kaba
Karabji
Karadjé
Karaé
Karaé
Karagoua
Karagou
Karagu
Kara
Karakara
Karaké
Karalay
Karal
Karama
Karamba
Karambi
Karaméni
Karamgaoua
Karam Karam
Karamouni
Karanbana
Karandia
Karani
Karaorayé
Karawa
Karawa
Karayel
Karazomé
Karba Karba
Karbasey
Karbassey
Kardaga
Kardjibangou
Karé Bangou
Karé Daouka
Karégourou
Karé
Karékopto
Karey Bangou
Kareye-Bangou
Kareye-Goussou
Karey Goussou
Karfina
Kargi Bangou
Karguéri
Kargui Bangou
Karhamat
Karian Banza
Kari
Karjibengou
Karjibengu
Karkada
Karkara
Karkara
Karki
Karkou
Karky
Karma
Karma
Karni
Karobango
Karofane
Karofan
Karofi
Karo
Karo
Karoubadji
Karoubini
Karousa
Karoussa
Karra
Karsabou
Karta
Kartisé
Kasa
Kasakorou
Kasari
Kasatia
Kasinava
Kasi Tondi
Kaska
Kasko
Kaso
Kasou
Kasoula
Kassadabi
Kassa
Kassakorou
Kassani Goungou
Kassani
Kassari
Kassatchia
Kassatia
Kassi Gourou
Kassinava
Kassi Tondi
Kasso
Kassou
Kassoula
Kastelboldi
Kastlebodi
Katababa-Koara
Katababa Kwara
Katakata
Katamfransi
Katami
Katanbajé
Katanga
Katanga
Katanga Moyesi
Katano
Kataré
Kataré
Katarma
Katchan Katchan
Katchellari
Katéré Gidan Ousman
Katéré Guidan Ousmane
Katéré
Katéré Mousa
Katéré Moussa
Katima
Katiré
Kato Bala
Katofou
Kato-Koara
Kato Kwara
Katoukoumé
Katouma
Katsari
Kauhasamo
Kawara Débé
Kawara-Kaïna
Kawara
Kawara Keyna
Kawayé
Kawhasamo
Kawou Kowou
Kayam
Kayan-Kaïna
Kayan
Kayan Keyna
Kaydoné
Kayé Wahé
Kayéwa
Kayfin Gatari
Kaykay Meywa
Kayma Sofoa
Kaymou
Kayni Kougoum
Kayouatane
Kaywa
Kazakoura
Kazwa
Kechiasko
Kéda
Keïta
Kékéni
Kélakam
Kélé-Kélé
Kéléwey
Kelkéli
Kellé
Kellé Kellé
Kelloma
Kélowé
Kélzou Gantaram
Kembey
Kendadji
Kendella Bouzou
Kenébéri
Kéouye
Kéouy
Kérey Gorou
Kerwoulé
Ketchiasko
Kéyan Zarma
Kiabi
Kialoumadobou
Kiaméli
Kiara Béri
Kiara Kaïna
Kiara Kidé
Kiara-Kouassize-Koara
Kiari Kagar
Kiba Amadou
Kiba Tombo
Kidèl
Kiemro
Kièrwol
Kiésé
Kiéssé
Kiesso-Koara
Kigo
Kiguiré
Kiki
Kikonga
Kikoudou Koara
Kikoudou Kwara
Kilakina
Kilawan
Kimia-Koara
Kimia Kwara
Kindimi
Kindofari
Kineye
Kingoua
Kinkélétchi
Kinnta-Koara
Kinnta Kwara
Kinoma
Kiota
Kirala
Kiran Bilinngol
Kiran Fadoubéri
Kiran Mili
Kirib-Kaina
Kirib Keyna
Kirib
Kiriguim
Kirikawa
Kiri
Kirimasidi
Kirimassidi
Kirin
Kirkissa
Kirkissoy
Kirou Haousa
Kirou Haoussa
Kirtachi
Kirtachi Seybou
Kirtachi Zéno
Kissambana
Kissana
Kita Kité
Kitamo
Kitchi Yaskou
Kizamou
Koabouta
Koadégé Farwa
Koado
Koagoni
Koagorou
Koakoaré
Koakora
Koakoré
Koana
Koara Débé
Koara-Kaïna
Koara
Koara Mayaki
Koara-Saré
Koara Tégui
Koarategui
Koaratigui
Koarazeno
Koasi
Koassèye
Koassi
Ko Baboudji
Koba-Dèye
Koba Dey
Kobadié
Kobakitanda
Kobardjikoye
Kobardjikoy
Kobayou
Kobé Azia
Kobé Béri
Kobeday
Kobedey
Kobé Gatéri
Kobeï Koungo
Kobéïzé-Koara
Kobéïzé Kwara
Kobekaïna
Kobé Keyna
Kobéki Tanda
Ko Béri
Kobéri Kouara
Kobièl
Kobikoara
Kobi
Kobi
Kobi Kwara
Kobio
Kobio
Kobiol
Kobiol
Kobodé
Kobolo
Kobori Koara
Kobori Kwara
Kobou
Kobouri
Kobta
Kobyon
Kochin Foura
Kodaga
Koda
Kodda
Koddo
Kodémio
Kodérogo
Kodèye
Kodey
Kodey
Kodiadia
Kodiéré
Kodo
Kodou Kwara
Kodyélé
Kodyolowel
Kofadeï
Kofadèye
Kofadey
Kofa
Kofarina
Kofiti
Kofo
Kofouno
Kofouro
Kogadama
Koga
Kogané
Ko-Gaziegie
Kogerbèy
Kogon Chémé
Kogonè
Kogori
Kogori Peul
Kogori Tondikilé
Ko Gorou
Kogorou
Ko Gorou
Kogou
Koguéli
Koguerbèye
Koguerbey
Koguiélé
Koïa
Koïdou
Koïgolo
Koigorou
Koïkono-Koara
Koilabosseï
Koilami
Koinidibangou
Koira
Koira Tégui
Koirya-Gourma
Koirya
Kojimit
Kojita
Kokaina Bada Daouri
Kokaina
Ko Kaina
Koka
Kokaram
Kokeyna Bada Daouri
Ko Keyna
Kokiré-Gounizédèye
Kokiré Gounizé Dey
Kokiré Koaratégi
Kokiré-Koaratégui
Kokiré Kwara Tégui
Kokiré-Modikoara
Kokiré Modi Kwara
Kokiri
Kokitanou
Kokoaré-Djerma
Kokoaré
Kokoïré
Kokomani
Kokomanimè
Kokorbé Fandou
Kokorbé
Kokorbé
Kokorobé Bangou
Kokorobé Fandou
Kokorobé
Kokoro
Ko Kouarey Peul
Ko Kouarey Zarma
Kokoukou
Kokouta
Kokwaré Djerma
Kokwaré Peul
Kolabosseye
Kolabossey
Koleadé
Koléfou
Kolèngé
Kolèngué
Kolènsé
Kolentey
Kolfa
Kolga
Kolibabonga
Kollama
Kollé
Kollo
Kollo
Kollo
Kollo
Kolloma
Kolman
Kolmay
Kolme
Kolmey
Koloba
Kolobo
Kolo Bosseye
Kolo Bossey
Kolo Diogona
Kolo Gaouéni
Kolo
Kolo
Koloma Baba
Koloma
Kolomanga
Kolomé
Kolom
Kolongal
Kolo Tassi
Koloukta
Koloumbou
Kolouno
Koma Béri
Komaguindé
Koma-Kaïna
Koma Kayna
Koma Keyna
Koma
Kombagoura
Komba
Kombangou
Kombong
Komboula
Komdi
Komdili Béri
Komdili Darey
Komdili Kaïna
Komdili Keyna
Kominia
Kominia
Komkoukou
Komo Bangou
Komokokou
Komokou
Kona Koara
Kôna
Konbo
Kondala Dan Délia
Kondanbarké
Kondi
Kondo
Kondo Tondi
Kondo Tonndi
Kondou
Koné Béri
Koné-Kaina
Koné Keyna
Kongaré
Kongoré
Kongoré
Kongou
Kongou
Kongouri
Kongou Zarma
Konimatan
Konjimit
Konkomawa
Konkonbilo
Konkorido
Konkorindo
Konkormawa
Konkouré
Konkoza
Konni
Konoguindi Béri
Konoguindi Zou
Kontagora
Konté Langou
Konyagou
Konya
Konyao
Koona
Kooum
Korahane
Kora
Korama
Koran Kassa
Koraou
Koratédji
Koraw
Korbéyawa
Kordango
Kordongo
Kordongo
Koré
Koré
Koré
Korémaïroua
Koré Maïroua
Korémairwa
Koré Marna
Koré Mayroua
Koré-Méroua
Korenkasa
Korén Saboa
Korén Sabré
Korgam
Korgom
Korgom
Korgoura
Koria
Korin Abjia
Korin Kanbari
Korismido
Koriyounfa
Korkodé
Korkodo Fandora
Korkodo
Korkoulokou
Kornaka
Korobébangou
Korodji
Koro Goussou
Korohane
Korokodo Fandora
Korokodo
Korokourigniédèye
Koro Kourinyé Dey
Korombi-Koara
Korombi Kwara
Koromi
Koromoukou
Koronbal
Korongobèye
Korongo
Koron Gomey
Korontanga
Koro Toulou
Korozé
Korsilé
Kortamido
Kosanèyzé Babakoaré
Kosangizé Koara
Kosao
Kosawa
Kosèy
Kosèy
Kossa
Kossa
Kossaneïzé Babakwaré
Kossanguizé-Koara
Kossanguizé Kwara
Kossao
Kossaoua
Kossei
Kosseye
Kosséyé
Kossey
Kossey
Kossilane
Kossouga
Kossoulabou
Kotaki
Kotaki
Kota
Kotaré
Kotawé
Kotayé
Kotchi
Kotchotchwa
Koté Koté
Kotia
Kotibanta
Kotifafa
Kotjiri Bani Koara
Kotjiri Bani Kwara
Kotokoté
Koto
Kotolougui
Kotombo
Kotonbo
Kotou
Kotoumbi
Kotou Ouango
Kotya
Kotyétangakaina
Kotyétanga Keyna
Koua
Kouanza
Kouara Débé
Kouara
Kouara Koukou
Kouaratéji
Kouardanna
Kouatadèye
Kouatadey
Koubal
Koubangé
Koubangué
Koubdo Saboa
Kouboga
Koubo
Kouboubangou-Batouro-Koara
Kouboubangou Batouro Kwara
Kouboubangou
Kouboubi Koura
Kouboubi Sori
Koubou Kaina
Koubou Keyna
Kouboutié
Kouda
Koudangandé
Koudéram
Koudiandian
Koudidifi
Koudno
Koudoua
Koudou Baro
Koudoudifi
Koudoumous
Koudouram
Koudourou
Koudoutawa
Koudyé Kaina
Koudyé Keyna
Koudyé
Koufangoal
Koufey
Koufey
Kougél
Kougou
Kouguél
Kouinakou
Kouiya
Koukabokoye
Koukabokoy
Kouka Bokoy
Kouka Dan Bako
Kouka Dan Wada
Koukadin
Koukadou
Kouka Gana
Kouka Goubé
Kouka Hadi
Kouka
Kouka
Kouka
Kouka Magaji
Kouka May Kogo
Kouka May Tourmi
Koukanahandi
Koukan Awaki
Koukaokou
Kouka Tulé
Koukoki
Koukoki
Koukouta
Koukoutoua
Koulakoula
Koulbaga
Koulbagou
Koulbori
Kouléba
Koulélé
Koulétchi
Koulétchi Saboa
Kouley
Koulgoulerom
Koulia
Koulibo Koara
Koulibo Kwara
Kouliki
Koulikoïré
Kouli Kouara
Kouli
Kouli Kwara
Koulki
Koulleié
Koullélé
Koulombardo
Koulou-Koara
Koulou Kouara
Koulou
Koulou Kwara
Kouloumadou
Kouloum Boutey
Koulouna
Kouloun Karki
Koulouré
Koumari
Koumasa
Koumassa
Koumazi
Koumba Kamargou
Koumbo-Koy-Dèye
Koumbo Koy Dey
Koumbo-Koye-Dèye
Koumbyari
Koumchi
Koumchi Sofoa Berni
Kounadaga
Kouna
Kounam
Kounari
Koundagande
Koundala
Koundébaba
Koundigé
Koundigué
Koundiri
Koundjandjan
Koundoubou
Koundougourou
Koundoukoundou
Kounem
Kounjanjan
Kounkouley
Kounkouroutou-Koara
Kounkouroutou Kwara
Kounkouzout
Kounou
Kountarou Baki
Kountarou
Kountché
Kountiétari Ama
Kountiétari Zibo
Kountoudèye
Kountoudey
Kountoumi
Kountouzou
Kouoda Kargi
Kouoda Kargui
Kouontyel
Koupkoup
Kouradana
Koura
Kourami
Kourani
Kourdidifi
Kouréga
Kourégou
Koureïa
Kouré Koara
Kouré Kobadé
Kouré
Kouré Kwara
Kouré Maliki
Kouré Sakao
Kouré Tatibaba
Koureya
Kourfa
Kourfaré
Kourfa Saouna
Kourfayawa
Kourfé Yawa
Kourfin Koura
Kourgel
Kourgou
Kourgou Peul
Kourgoussou
Kourguel
Kouria
Kouri Kouri
Kourki
Kour
Kourma
Kournaka
Kourokaïna
Kouro Keyna
Kouro
Kouroufa
Kouroufa
Kourou Kourou
Kourouma Batiaka
Kourouma
Kouroungousa
Kouroungoussa
Kourounguel Mayaki
Kouroun
Kouroun Kousi
Kouroun Koussi
Kourouroubé
Kourteydo
Kourya
Kousoulabou
Koussa Arma
Koussa-Koara
Koussa
Koussa Kwara
Koussoulabou
Kouté Koara
Kouté Kwara
Koutéré
Koutey
Kouto Koara Tiaranga
Kouto Kwara Tiaranga
Koutoubi
Koutoufani
Koutougou
Koutoukalé Goungou
Koutoukalé
Koutoukalé Kwara Tadyo
Koutou
Koutoumbou
Koutoumé Bigaré
Koutounèye
Kouyéwa
Koyem
Koye-Téguio
Koygolo
Koy Gorou
Koyina
Koyiria
Koyirya
Koykono Kwara
Koylami
Koyra Tégui
Koyria Gourma
Koyria
Koy Téguio
Kozoro
Kria
Kriram
Krya
Kukutua
Kulia
Kuradana
Kurdidifi
Kurdififi
Kure
Kurgussu
Kurki
Kuro
Kwabo
Kwadégom
Kwagani
Kwagwani
Kwakora
Kwakoré
Kwakwaré
Kwalèn Dawa
Kwandi
Kwara Keyna
Kwara Mayaki
Kwara Saré
Kwara Tagui
Kwaratagui
Kwara Tégui
Kwara Tégui
Kwara Zéno
Kwarda
Kwarda
Kwaré
Kwaré Lami
Kwarézénou
Kwaria
Kwari
Kwarou
Kwartégi
Kwartégui
Kwarya
Kwaryawa
Kwasé
Kwassé
Kwassey
Kwassi
Kwatokom
Kwéini
Kweyni
Kwita
Kwofou
Kwontyel
Kyada
Kyapda
Kyara Béri
Kyara Keyna
Kyara Kidé
Kyara Kwassizé Kwara
Kyasara
Kyassara
Kyekésoboh
Kyekésobon
Kyékéssobon
Kyésso Kwara
Laba
Labanda
Labara
Labat
Labbezanga
Labézanga
Labié
Labi
Labi
Laboa
Laboda
Labouti Tiloa
Ladama
Ladame
Ladané-Koara
Ladané Kwara
Ladanka
Ladankpira
Ladinka
Lafan
Lafiya Yayo
Lafya Yaio
Lagareye
Lagarey
Lagéré
Lahaba
Laha Bangou
Lahé
Lalanédji Dyerma
Lalanédji Peul
Lalanédji Yéro
Laléoua
Laléwa
Lambouti
Lami
Lamodi
Lamordé
Lamordé Torodi
Lamorgé
Lamoroe
Lamoudi
Landara
Landari
Landioma
Lanroi
Laouei
Laoué
Laoueye
Laoueye
Laouey
Laouey
Laougoumbi
Larba Birnon
Larba Kwarézénou
Larba Touloumbou
Larèye
Larey
Largaddi
Lari
Lari
Lassaoura
Lata
La Tapoa
Lataram
Latori
Latti
Lauei
Lébabaré
Lébi
Leïbi
Leïga
Leima
Lékariri
Lélé Béri
Lélé-Gorou
Lélé-Kaïna
Lélé Koynounga
Lélé
Lélé Mamane Nialé
Léley Béri
Léley Gorou
Léley Keyna
Léley
Lelley
Léné
Lesson Matche
Leyma
Leyni
Libatam
Libiri
Libo-Atou-Koara
Libo Atou Kwara
Libo Gaoucholon
Libo Guéna
Liboré Fou Hinza
Liboré
Liboré Tonko Bangou
Liboré Zarma
Libo Téguio
Lido
Liebabaré
Liebapare
Ligido
Liguido
Likdo
Likida
Likido
Lilengou
Lili
Lilingo
Lilingo
Lilingou
Lillo
Lilo
Liman Lia
Limia
Linkei
Linket
Linkidim
Lisia Boukar
Lissia Boukar
Litao
Litore
Loda
Loga Kokorou
Loga
Loga
Logazeido
Logazeydo
Loguébi
Loki
Lokoko
Loleye-Tondi
Loley Tondi
Lolleitondi
Loma
Lomohani
Londyoguèl
Londyori
Longaré
Lonngaré
Lontia Béri
Lontia-Kaïna
Lontia Keyna
Looudou
Lori-Koara
Lori Kwara
Loso
Lossa
Losso Goungou
Losso
Lotiloti
Louba
Loubayèl
Loubé
Loubey
Loudoudji
Loudou i-n-Bagatène
Loudou
Loudounyaki
Loudouoy
Loudou Sabon Guida
Loufoudou
Louga Aouta
Louga Arou
Louga Bira
Lougadyam
Louga Iro
Louga Kataré
Louga
Louga Méléma
Louga Nalèlo
Lougga
Lougoudou
Lougou
Louguélaba
Louguel Habba
Loula
Louloudji
Loulou-Koara
Loulou Koara
Loulou Kwara
Louma
Louram
Lourfari-Koara
Lourfari Kwara
Lourgoubango
Loutou-Koara
Loutou Kwara
Luma
Machaya
Machinkahi
Madalaïzé-Koara
Madalaïzé Kwara
Madalayzé Koara
Madama
Madao
Madaoua-Kyara
Madaoua
Madaroumfa
Madarounfa
Madarunfa
Madatta
Madawaki
Madawa
Madawa
Madé Koara
Madé Kwara
Madé
Mademba
Madergué
Madetta
Madey
Madeyni
Madi Tchilèmdi
Madjiménou
Madobi
Mado Biya
Madotchi
Madougou Babakpara
Madou
Madou Saboa
Madousa
Madou Sofoa
Madoussa
Maégamji
Magadi
Magadiougou
Magagi
Magagui
Magaji Bounou
Magaji
Magajin Kori
Magajiri
Magaji Sèrkin Kaya
Magaji Talé
Magalé
Magami
Maganan
Magaria
Magaria
Magaria
Magaria
Magaria
Magaria Tounkour
Magaria Tunkur
Magaridèye
Magaridey
Magarla
Magarya Tounkour
Magazama
Magazi Kouaré
Magazi
Magazin Koli
Magirgui
Magou
Mahaka
Mahalba
Mahaleïki
Mahaman
Mahawa
Mahinaram
Maidachi
Maidahini
Maidiga
Maïdigoa
Maï Digoua
Maïdjirgui
Maidoubou
Maigizesa
Maïgougnan-Koara
Maïgounyan Kwara
Maijirgui
Maikada
Maiki
Maïlafia
Mailagana
Maï Magaria
Maïmoulaki
Mainaram
Mainasara
Maïna Sara
Maïné Gora
Maïné
Maïné-Soroa
Maïouando
Maiouata
Mai-Ouendo
Maïseka
Maïto
Mai Wando
Maïzari
Maizhirgi
Maïzouga
Majaroua
Majarwa
Majé
Majia
Majya
Makada
Makaï
Makalandé
Makalendé
Makal
Makalondi
Maka
Makangara
Makani
Makasa
Makassa
Makéraoua
Makérawa
Makiaso
Makiasso
Makiéra
Makiéri
Makirdaji
Makoché
Makokya
Makouaroua
Makoulatié
Makourdi
Makwasa
Makwassa
Makyélawa Guiélo
Makyélawá Gyélo
Makyéra
Makyéra
Makyérawa
Makyéri
Malaba
Malabawa
Maladjibo
Malagata
Malahango
Malalé
Malali
Mala
Malamaoua
Malamawa Labaran
Malamawa
Malamawa Malam Djibo
Malamawa Oumarou Saboa
Malamay
Malam Barmo
Malam Dodo
Malamé
Malamkoara
Malam-Koara
Malam Koara
Malam Kwara
Malam
Malam Oumarou
Malam Salifou
Malamsanga
Malam Tchiloum
Malankadi
Malawa
Malbaxa
Malbaza
Malékékama
Malélébi
Malé
Malé
Malé Malé
Malémay Sofoa
Maléme Madi
Malem Mawa
Malem May
Malémmay Sofoa
Malé Saboa
Malé Sofoa
Maley
Malgorou
Maliari
Mallaley
Mallamawa
Mallaoua
Mallawa
Malo
Maloumé
Maloumey
Maloumey
Maloum
Mamadou-Koara
Mamadou Kwara
Mamaga Koara
Mamaga Kwara
Mama Kassa
Mama
Mamasey
Mamassey
Mamassirou
Mamawa
Mamaya
Mamori
Mamouri
Mandaba
Manda
Mandaoua Gadaoulé
Mandaoua
Mandara
Mandata
Mandatta
Mandori
Mangagata
Mangahizé-Keina
Mangaïzé Koysédo
Mangaïzé
Manman-Dèye
Manman Dey
Manomawa
Mansala
Mansalla
Mansa
Mansaré Boura
Mansaré
Manseyka
Mansourou
Manssa
Mantao
Manzou
Maoli
Maori Koira
Maori Koyra
Maourédèye-Koara
Maourédèye
Maourédey Kwara
Maourédey
Maoureydo
Maoureye
Maourey
Maouridey
Maoutchandari
Maradi
Marafa-Koara
Marafa Kwara
Marafo Koara
Marafo-Koara
Marafo Kwara
Marafo Kwara
Maraka
Maraké
Maraké
Maraké
Marakyé
Mara
Marandet
Maraya
Maray
Marédoumbo
Maré
Maréna
Margaram
Margargari
Margou
Margou
Margouna
Maria Kirgari
Mari
Marina
Marin Dawa
Mariza
Marké Haousa
Marké Haoussa
Marmane
Marmaré
Marmaro
Marmarou
Marmarou
Marna
Maroubéri
Maroubéri Peul
Marousa
Maroussa
Marsouta
Masafia
Masalata
Masama
Masaorari
Maski
Masoui
Massafia
Massalata
Massama
Massama
Massaorari
Massi Koubou
Massoui
Matada
Matafa
Matafari
Matamèye
Matamey
Matankari
Matankary
Matatchaka
Matayko
Matgorou
Matgoru
Matgourou
Matiéra
Matioum
Mato
Mato
Matoum
Matoya
Mattoïa
Maul
Mauridei
Maut
Mayachi
Maya Darojia
Maya Darojya
Mayaga
Mayahi
Mayaki-Dèye
Mayaki Dey
Mayaki-Koara
Mayaki Koara
Mayaki-Koara
Mayaki-Koara
Mayaki Kwara
Mayaki Kwara
Mayaki
Mayaki
Mayaki
Maya
Mayanga
Maya Oukou
Mayaoukou
Mayara-Koara
Mayara Kwara
Mayara
Mayasawaki
May Assawaki
May Aya
May Bagari
May Bagay
Maybagéy
May Baguey
Maybami
May Birji
Maybobawa
Maychabarou
Maychèlemi
May Chinkafa
May Dachi
May Daji
May Dawa
Maydiéya
May Diga
May Dirga
May Dokoki
Maydoubou
May Douma
May Doungou
Maydyéya
Maye Erama
Mayel
Mayenga
Mayéri-Koara
Mayéri Kwara
May Foula
May Gachi
May Gadambo
Maygadanbo
May Gamji
May Ganga
May Gaoudé
May Garké
Maygémé
Maygizaza
Maygizé
Maygizo
Maygizon Aréwa
Maygneme
Maygoadahi
May Gochi
May Gochi
Maygourbabo
May Gozo
May Guémé
May Guézaoua
Mayguizaza
Mayguizé
Mayguizéssa
May Guizo
May Guizon Aréwa
Mayizawa
Mayjangéro
Mayjanguéro
May Jiga
May Jirgi
May Jirgui
May Kada
Maykaka
Maykaka
May Kalaho
May Kalgo
Maykanyou
May Kaswa
Maykazori
May Kérawa
May Kérawa
May Kiéléwa
May Kiemro
Mayki
May Kisava
May Kogo
May Kogo
May Konkoumi
Maykori
Maykoulaha
Maykoumbarwa
May Koumourtchi
May Kouré
Maykoutoutouré
May Koutouttouré
May Kyérawa
May Lafia
Maylawa
Maylawa
Maylayou
Mayléllé Baba
Mayléllé Karama
Mayléré
Mayloumoud
May Magaria
May Magaria
May Malio
May Malyo
May
May Moudjia
May Moudjya
Maymoulaki
Maynasara
Maynasara
May Nassara
May Nassara
Mayodo
May Ouaké
May Ouando
Mayouatane
May Rakouma
May Rakoumi
May Rakoumi Sofoa
Mayréré
May Reyrey
May Riga Saboa
May Riga Sofoa
May Roumfa
Mayrounfa
May Rounfou
Mayrwa
May Sabi
Maysaki
Maysambalarabé
Maysanbalarabé
Maysapsap
May Sara
May Sararaka
Mayseka
May Sèrka
May Sèrka
May Sinsia
Maysinsya
Maysirida
Maysokoni
Maysountchya
May Soura
May Tabaré
Maytafasa
May Tafassa
May Tagaza
Maytama
May Tambarkami
Maytanbarkami
May Taramni
Maytchakaé
Maytjatjaka
Maytoka
Maytsiga
Maywalkin Biri
May Zabi
May Zari
Mayzirga
Mayzouga
Mazadou Abdou
Mazadou
Mazamni
Mazannya
Mazanya
Mazaouda
Mazaraoua
Mazari
Mazar Kola
Mazoubi
Mazoza
Mazzia
Mbagahidowa
Mbala
Mbama
Mbanga
Mbannga
Mbida
Mbirka
Méana
Mébéré Koara
Mébéré Kwara
Mebourgouma
Mééna
Mégémé
Mégia
Méguémé
Méguia
Méhana
Mehanna
Mékerfi
Mélé
Méléram
Mélérom
Ména
Ménésé
Méragakina
Mériza
Mérizan
Métélékiya
Méwando
Meydi
Meydoubou
Meyna
Midawa
Midellaram
Mihan
Mijinyawa
Mindoli
Minya
Miragaya
Miria
Mir
Mirria
Mitissaha
Mizinndadi-Koara
Mizinndadi Kwara
Moa
Moddi Koara
Moddi Kwara
Moddi
Modi Koara
Modi
Mofarawa
Mogeur
Mogheur
Mogodiougou
Mogodyougou
Mogonana
Mogueur
Moha
Mohara
Mokéré
Moko
Molgorou
Molia
Moli Gourmanché
Moli Gourmantché
Moli Haousa
Moli Haoussa
Mollo
Mologata
Molori
Moma
Momogay
Monataré
Monboye-Tounga
Monboy Tounga
Mondolo
Mondolo Wali Koara
Mondolo Wali Kwara
Mongamou
Mongéy
Monguey
Monzo
Moriban
Mori
Morna Sonsou
Mossaré
Mossipaga
Motagata
Moto
Mouchéri
Moudouk
Moudou Tounga
Mougou
Moujia
Moujiawa
Moujyawa
Moulay Koiré
Moulay Koyré
Mouléla
Moulléla
Moull
Moul
Mounbéna
Mounj
Mounouk
Mountarou
Mountogui
Mouri Dan Farou
Mouri Dan Ladi
Mouri Makaoura
Mournazabo
Mourtchati
Mousadèy
Mousa
Moussadeï
Moussadèye Kaïna
Moussadèye
Moussa Dey Keyna
Moussadey
Moussa Dey
Moussa
Moussou Koira
Moussou Koyra
Moutchikwi
Mouzia
Moyazé
Mussadei
Mwala
Myrria
Naantchi
Nabalé
Nabamboro
Nabolé
Naboulé
Nadara
Nadié Nadié
Nafouta
Nafouta
Nagali
Nagoua
Nagouol
Nagouwol
Nahalla
Nahatchi
Nakaora Tamakiéra
Nakay
Nakey
Nakifada
Naki Fada
Nakigaza
Naki Karfi
Nakin Tawingo
Nakoki
Nakonawa
Nakonawa Sami
Nakoni
Nalé-Koara
Nalé Kwara
Namaga
Namalam
Namarde Goungou
Namari Bangou
Namarigoungou
Namari
Namaro
Namata
Namenga
Nanaji
Nana
Nanaya
Nanbityi
Nanifonou
Naouani
Naoudéo
Naounfana
Naré Béri
Naré-Kaïna
Naré Keyna
Narmar
Naroua
Nartia
Nasafo
Nasarawa
Nasarawa
Nasilé
Nasiré
Nassafo
Nassamné
Nassaraoua
Nassaraoua
Nassarawa
Nassilé
Nassiré
Natchira
Nawani
Naynou
Nazamé
Nazamné
Nazey-Gadobabo-Koara
Nazey Gadobado Kwara
Nazey-Kaïna
Nazey Keyna
Nazey
Ndiahé
Ndiouga
Ndogo
Ndounga Goungou
Ndounga
Ndounga Tarey
Ndyahé
Nénéfouno
Nénikoidamé
Nessarawa
Néyia
Néynikoïdamé
Neynikoydamé
Ngaba
Ngalaoua
N'Galewa
Ngaloua
Ngalwa
Ngamou-Koara
Ngamou Kwara
Ngawa
Ngéléwa
Ngidé
Ngigmi
Ngorouwa
Ngourti
N'Gourty
Nguéléwa
Nguèl Garamiram
Nguèl Komma
Nguèl Waye
N'Guibouloa
Nguida
Nguidé
Nguigmi
Niabéré Béla
Niabéré Dambé
Niabéré Mouléyé
Niabéré
Niabéri Koara
Niabéri Kwara
Niakaré
Niakatiré
Niakoye-Tounga
Niakoy Tounga
Nialé Koara
Niame
Niamey
Niamey
Nianféré
Nielwa
Niki Béri
Niki Koara Tegui
Niki Kwara Tégui
Nikki
Nikoyé
Nindiboulaï
Niouga
Nioumankagorou
Noba
Noddiré
Noma-Koara
Noma Kwara
Nonbokoli
Nordiré
Noufawa
Noufou
Nounou-Koara
Nounou Kwara
Nouséyni
Nousseyni
Ntilli
Nwala Dan Sofoa
Nwala Maydoubou
Nwala
Nwala Sèrkin Toudou
Nyafanou
Nyagoumaro
Nyalagari
Nyalé Kwara
Nyamadé
Nyamba
Nyankondo
Nyarnyandé Kaina
Nyarnyandé Keyna
Nyarnyandé
Nyoupèlma
Oamram
Odo Goria
Oga
Ogolé
Ojia
Ola
Oléléoua
Oléléwa
Oléloua
Olléléwa
Olleloua
Ondoubouka
Ongoulou
Ouabon
Ouacha
Ouadi
Ouadi Soudou
Ouagani
Ouaïré
Ouakazoua
Ouakéré
Ouakou
Oualak
Oualam
Oualéram
Oualia
Ouallam
Ouama
Ouamé
Ouanganga
Ouankey
Ouanzerbé
Ouaouiram
Ouarégountou
Ouargalé
Ouarmé
Ouassoro Mambé
Ouatcha
Oubandawaki Alfacha
Oubandawaki Makiani
Oubandawaki
Oubandawaki
Oubandawaki
Oubandawaki Yaya
Oubandiada
Oubandiawaki
Oudé
Oudourou
Ouedda
Ouéla
Ouella
Ouèlla Sabon Gari
Ouèlla Sofon Gari
Ouentatagueye
Ouéré Souldou
Ouidi
Ouiman Tama
Ouinditéne
Ouissili
Ouiyé
Oulendyan
Ouloual
Oumaraoua
Oumarawa
Oumarawa
Oumarou Dakili
Oumba
Oumgali
Ouna
Oundé
Oundé Sayoou
Oundougoumé
Oungara
Ouondi
Ouorio
Ouorzou
Ouossébangou
Ourafane
Oura Kaji
Ourakossé
Oura
Ouratondi
Ouratondi
Oura Tondi
Ouré Souldou
Ourini
Ourno
Ouro Bambalé
Ouro Boufilatondi
Ouro Boufilatonndi
Ouro Boyombo
Ouro Dioubé
Ourofané
Ourofan
Ourofon
Ouro Gaobé
Ouro Go
Ouro Goumé
Ouro Guéladio Koanari
Ouro Guéladio Kounari
Ouro Guéladio
Ouro Hagati
Ouro Hesso
Ouro Mousa Banada
Ouro Moussa Banada
Ouro Ouséini
Ouro Ousseyni
Ouro Paté
Ouro Sanda
Ouro Sawabé
Ouro Sawabé
Ouro Séna
Ouro Sori
Ouro Souldé
Ouro-Timbaso
Ouro Timbasso
Ourotyaka
Ourountoua Maroutegui
Ourountoua
Ourta
Ousman
Oussa
Outa
Outcha
Outché
Outchia
Ouwaou
Ouyé
Oyou Bezzé Denga
Pada
Paliadouga
Pamboudyé
Pangoma
Panoma
Patakar
Patchinnga
Paté Balga
Paté Koura
Paterga
Paté Tyaga
Périmani
Pétay
Pétél Ouomoré
Pétél
Piadia
Pita
Pogogdji
Pogwa
Potoa
Poulo Bossadji
Pounga
Powali
Rabami
Raba
Rachakoum
Radi
Rafa
Rafawa
Raffa
Rafin Malam
Rahaba
Raha
Rakka
Rama
Raouya
Raoyou
Raoyu
Rapsori
Réba
Régé Gaya
Rego
Régué Gaya
Reyrabanza
Rhaka
Riadi
Rijia Aman
Rijia Bagwali
Rijia Ba
Rijia Bawa
Rijia Gaya
Rijia Gayda
Rijia Kikila
Rijia Maté
Rijia Mato
Rijia May Ganga
Rijia Sitou
Rijmawa
Rijya Aman
Rijya Bagwali
Rijya Ba
Rijya Bawa
Rijya Gaya
Rijya Gayda
Rijya Kikila
Rijya Mato
Rijya Mayganga
Rijya Samna
Rijya Sitou
Rikiskama
Rilé
Rinaé
Ringidi
Ringuidi
Rizia Bana
Rizia Maikounda
Rizia Mayaki
Rizia Maykounda
Rizia Samna
Rogogo
Rosi
Rossi
Rouafi
Rouan Chama
Rouan Zafi
Roubabya
Roubasao
Roubassao
Roubouki
Rouda Adwa
Rouda Goumandey
Rouga Guiodi
Rouga
Rouga
Rouga Samia
Rouga Tsisso
Rougawa
Rougougwa
Rougoumnia
Rougounia
Roukoudjé
Roukouzoum
Roukouzou
Roumawa
Roumboukawa
Roumbou
Roumbou Tchiké
Roumdji
Roumgoumawa
Rounbou Tchiké
Roundouna
Rourouka
Rwafin Wada
Rwafi
Rwafi
Rwahinkaba
Rwa Kouka
Rwan Agwa
Rwan Dénya
Rwan Dénya
Saadia
Sabadji
Sabanguéri
Sabankaffi
Sabankafi
Saban Sara
Sabara Bangou
Sabara-Dèye
Sabara Dey
Sabara
Sabara
Sabaré Kaina
Sabaré Keyna
Sabaré
Sabarou
Sabarou
Sabka Gouazi
Saboa Dounya
Saboamashi
Sabokafi
Sabon Birni
Sabon Gari Kané
Sabon Gari
Sabon Gari
Sabon Gari
Sabon Gari
Sabonga
Sabon Gidan
Sabon Guida
Sabon Kafi
Sabon Machi
Sabonmashi
Sabon Rwa
Sabonyahi
Sabori-Guida
Saboudèye
Saboudeye
Sabou Dey
Saboudey
Sabou-Koara
Sabou Kwara
Saboula
Saboumatchi
Sabrara
Sabré
Sabunbirni
Sachia
Sadèïzé Kwara
Sadèyzé Koara
Sadio
Sadoré
Sadyéma
Sadyo
Saé Saboa
Saé Saboua
Saé
Saé Sofoa
Safa Doungoumi
Safa-Kaïna
Safa Keyna
Safala
Safantan
Safa Patiak
Safa
Safa
Safatané
Safatan
Safia
Safo
Safoura Barnekoy Dey
Safoura Barnekoyedeye
Saga-Aviation
Sagadé
Sagaé
Sagagagorou
Sagagorou
Saga Gourma
Saga Kouara Tégui
Saga Kourtey
Sagam
Sagana
Saga
Saga
Sagati
Sagay
Sagézé Koara
Sagnassou
Sagnina-Koara
Sagoubangou
Sagoumou
Sagoum
Saguézé Kwara
Saguia
Sahabi
Saha-Koara
Saha Kwara
Sahalla
Sahin Daka
Sahoua
Saïdaoua
Saïdawa Konkorma
Saïdou Bidawa
Sajé Manja
Sajèmbili
Sakadamna
Sakala Gonga Kaina
Sakala Gonga Keyna
Sakala Gonga
Sakaleye Tondi
Sakalongo
Sakama
Sakara
Sakari-Koara
Sakari Kwara
Sakari
Sakata
Sakawa
Sakawa
Saké
Sakey Kouara Tégui
Sakey Kouara Zéno
Sakey
Sakié
Sakinédaji-Koara
Sakinédaji Kwara
Sakiré Peul
Sakitaoua
Sakoira
Sakoïre
Sakorba
Sakouda
Sakoyra
Salakadamna
Saléoua
Salé
Salé
Salga
Salifawa
Sallalas
Salo
Salouèye
Salouey
Salou
Samadeye
Samadey
Samaé
Samaldi
Samandi
Samari-Kaina
Samari Keyna
Samari Maïsosso
Samari
Sama
Sama Samé
Samayna
Sambéra Alfa
Sambera-Dèye-Tegui
Sambéra Dey Tégui
Sambéra
Sambo-Koara
Samboukoara
Sambou Kwara
Samékou
Samey
Samia Andi
Samia Bakoy
Samia Goma
Samia Makada
Samia-Mayemoda
Samia May Moda
Samia
Samia
Samia
Samia
Sami Bokoy
Sami
Sami
Samori
Samséré
Samtigui
Samyel Kadé
Sanafina
Sanam
Sanbéra-Alfa
Sanbéra
Sandagou
Sanda Réta
Sanda
Sandé Moussa
Sandé Seydou
Sandi-Dèye
Sandidèye
Sandi Dey
Sandidey
Sandiré
Sandou
Sanéhen
Sangalgala
Sangara
Sangori
Sanguilé
Sankarné
Sansamé
San Sami
Sansanaoua
Sansan Aussa
Sansana Wada
Sansanawa Wakili
Sansané Haoussa
Sansané
Sansané
Sansan Haoussa
Santyé
Sanyina Kwara
Saouani
Saoudé
Saouna Goma
Saouna
Saounawa
Saourara
Saourara
Saoura
Saourin Kaïhi
Saptaka
Saraé
Sarakoira
Sara Koïré
Sara Kotey
Sara Koyra
Sara Koyré
Sara Maradi
Sarando Béné
Sarando Ganda
Sara
Sara
Saratawa
Sarba
Saréklou
Sarékou Maydara
Sarékou
Sarékou
Saré Tondi
Saré Tonndi
Sargadji
Sargam
Sargan
Sarikinédadji
Sarkafa
Sarkaki
Sarta
Sasabangou
Sasalé
Sasoumbouroum
Sassabangou
Sassaba
Sassalé
Sassia
Sassono
Sassoumbouroum
Sata-Koara
Sata Kwara
Satama
Sataro
Satié Bangou
Satoni
Satoou
Satourou
Satow
Sawani
Sawani
Sawa
Sawaya Magaria
Saya Afa
Sayam
Saya
Saydawa
Sayna
Say
Sdikoara
Sebango
Sébangou
Sébéri
Sébéri Zarma
Sédigé
Sédigué
Sédi
Sedouaram
Séfala
Séguédine
Séhia
Seïti Berni
Sékiraoey
Sekiré
Sékomé
Sékoukou
Sékoulou
Séliboli
Séloum
Séné Béllabé
Séney
Sénoubimpo
Séram
Serké Ariwa
Serké Haousa
Serké Haoussa
Sèrkian Atchi
Serki Atchin
Sèrki Atchi
Sèrki Bazey
Sèrkin Abzin Saboa
Sèrkin Achi
Sèrkin Albi
Sérkin Aréwa
Sérkin Aski
Sèrkin Atchi
Sèrkin Bla
Sèrkin Dia
Serkine-Noma-Koara
Sèrkin Fawa
Sèrkin Kagnwa Kané
Sèrkin Kanwa
Serkinndia Dèye
Serkinndia Dey
Sèrkin Noma Kwara
Sèrkin Rafi
Sèrkin Saé
Sèrkin Toudou Dan Toukwé
Sèrkin Yama
Serkin Yamma
Serkiré Peul
Serkiré
Serkiré Zarma
Sèrmakoy
Sétébèllé
Séwan
Seydi
Séyéri
Sheri
Shigwiyo
Siankolé
Sia
Sidaouet
Sidaré
Sidawet
Sidéré
Sidi-Koara
Sidi Kouara
Sidi Kwara
Sidi Kwara
Sidobia
Sikiey
Sikyé
Sila
Silfaye
Siméri
Siminti
Simiri
Simiti-Kaina
Simiti Keyna
Sina-Dèye
Sina Dey
Sina-Koara
Sina Kwara
Sindamoa
Sindèrmé
Sinder
Sindèr
Sinedèye
Sinedey
Siné Gorou
Sinégourou
Siné-Koara
Siné Kwara
Sin Gérawa
Sin Guérawa
Sinia
Sini Bangou
Siniguinédé
Sinisika
Sinka
Sinnguibosseye
Sinnguibossey
Sinnsan Kaoura
Sinnsan-Koaratégui
Sinnsan-Koarazéno
Sinnsan Kwara Tégui
Sinnsan Kwara Zéno
Sinnsan Samari
Sino-Koara
Sino Kwara
Sinsan Koarazéno
Sirakatouné
Siram
Sirgourou
Siria
Sirimbana
Siriniéré
Siriniéré Zarma
Sisan
Sisan Tondi
Sisintondi
Sissan
Sissan Tondi
Siwili
Soboro
Sodane
Sofari
Sogal
Sogossa-Koara
Sogossa Kwara
Soké Soké Saboa
Soké Soké
Sokolé
Sokoli
Sokorbé
Sokorbey
Sola
Soleï
Soley Gano Tondi
Soley Tonka
Soli
Soli
Soli-Tagris
Soloa
Soloua
Soloua
Solwa
Son-Alla-Koara
Son Alla Kwara
Sona
Sona
Songalikabé
Songolé
Sono
Sonsoni Haoussa
Sonsoni
Sorbo Aussa
Sorbo Haoussa
Sorbon Goungou
Sorbon Haoussa
Sorey
Sorké
Sormo
Sornalik
Soroko-Deïtégui
Soroko Dey Tégui
Soroko Kaïna
Soroko Keyna
Soroko
Soroko
Sosé
Sossé
Sotoré
Soudani
Souda
Soudiadèye
Soudiadey
Soudingo
Soudoré
Soudouré
Soudyédo
Soufaré
Sougougi
Sougougui
Souguéra
Soukey
Soukié
Soukoukoutane
Soukoukoutan
Soukoulou
Soula
Soulougou
Souloulou
Soumarana Abou
Soumarana Maazou
Soumarana
Soumassou
Soumat
Soumba
Soumboullikongo
Soum Soum
Sounga Béri
Sounga Dossado
Sounga Foulbé
Sounga Kaïna
Sounga Keyna
Soungali
Sounga
Sounsaé
Soura Aboubakar
Souraka
Souraka
Soura Oubandawaki
Sourgourou
Sourougou Koara
Sourougou Kwara
Sourounya
Souroutou
Sourout
Sunga
Tabalakh
Tabalak
Tabala
Taballawa
Tabanga
Tabani
Tabani
Tabani
Tabanni
Tabaranga
Tabaraoua
Tabarawa
Tabarenga
Tabaré
Tabaroua
Tabaza
Tabbani
Tabchi Koré
Tabela
Tabelot
Tabkin Déri
Tabkin Guiwa
Tabkin Kalogo
Tabkin Kiria
Tabkin Kouka
Tabkin Marké
Tabkin Matchiji
Tabkin Sa
Tabkin Seybou
Tabkin Za
Tabla
Taborat
Tabotaki Bayan Doutchi
Tabotaki
Tabotakit
Taboué
Tabouka
Taboula
Taboyé
Tabula
Tachalawa Leymi
Tache
Tachi Dey Banda
Tachi
Tadarast
Taddé
Tadé Koara
Tadé Kwara
Tadénawa
Tadène Gaobéri
Tadénékaina
Tadéné Keyna
Tadéta
Tadetta
Tadjaé
Tadoubta
Tadoupta
Tadourba
Tadourta
Tafa-Koara
Tafa Kouara
Tafa Kwara
Tafobayo
Tafo Koara
Tafo Kwara
Tafouka
Tagabati
Tagabaton
Tagabatou
Tagadaba
Tagada
Tagalas
Tagamaoua
Tagantassou
Tagantassu
Tagara
Tagatil
Tagaza Dan Kléro
Tagaza
Tagaza
Taggafadi
Taghmeur
Taghmeurt
Taghouaji
Tagiris Koumché
Tagiris
Tagizit
Tagouan
Tagouayé
Tagsy
Taguiris Koumché
Taguiris
Taguizit
Tagwané
Tahibat
Tahiré
Tahirou Tounga
Tahoua
Tahoulène
Tahoulèn
Tahououilane
Tahouwilan
Tajaé
Tajaé
Tajaé
Tajouka
Taka Bangou
Taka Bawa
Takaji
Takalafia
Takalafia
Taka Lafiya
Takalafya
Takalboï
Takaldebei
Takaldebey
Takalmaoua
Takalmawa
Takamargou
Takanamat
Takantami
Takaouat II
Takaouat I
Takaraoua
Takaré
Takar
Takarwé
Takasaba Liman
Takasaba Maradi
Takasaba
Takasaba
Takasaba
Takassaba Liman
Takassaba Maradi
Takassaba
Takassaba
Takassaba
Taka
Taka
Takatama
Taka Tiémé
Takatsaba
Takawat II
Takawat I
Takazanza
Takelmawa
Takelmawa
Takénékou
Také Také
Takiéta
Takili
Takinkaya
Takochi
Tako Koara
Takokou
Tako Kwara
Takolgos
Takorka
Takoro
Takorta
Takoui Daoua
Takoui Dawa
Takouli Roumbouda
Takousa
Takoussa
Takoussa
Takou Takou
Takpin Marké
Taksaba
Talala
Talambou
Talantégou
Talawal
Talcho
Talé Alforma
Talékya
Talémout
Talé
Talé-Zengina
Talé Zenguina
Talfata
Talia
Talibi Birgui
Talibi
Talkaboï
Talkaboy Kwara Tégui
Talkaboy
Talkadabey
Talladjé
Talley
Taloumé
Tamajé
Tamaka
Tamalaoulaout
Tamangas
Tamaské
Tama
Tamatchi
Tambaranga
Tambarawa
Tambari
Tambas
Tambey
Tambey Touareg
Tambolé
Tambos
Tambzitas
Tamidao
Tamindaoua
Tamindawa
Tamindraoua
Tamjin
Tamkalla
Tamo-Koara
Tamo Kwara
Tamou
Tampanda Rimaybé
Tampéna
Tamroro
Tamsoutoua
Tamtala
Tam
Tamu
Tamzak
Tana Béri
Tanagèy
Tana Gorso
Tanaguèye
Tanaguey
Tanakaïna
Tana Keyna
Tanamari
Tanbari
Tanchilé
Tanda Koira
Tanda Koyra
Tanda
Tandou
Tanga Koara
Tanga Kwara
Tango-Koara
Tango Kwara
Tangon
Tankadémi
Tankala Sopodou
Tankama
Tankaraoua
Tankarka
Tanko Karazoumi
Tanko
Tanko
Tankoundé
Tanmpanda Rimaybé
Tannabéri
Tanna
Tânout Anghaïdé
Tanou
Tanout
Tantyaga
Taoria
Taoudi
Tapagué
Tapchi-Koré
Tapehi Inoa
Tapkin Giwa
Tapkin Kiria
Tapkin Marké
Tapkin Matjiji
Tapkin Sa
Tapoa
Taramna
Taramni
Taramouna
Taramounou
Taratako
Taratako
Tara
Tara
Tarbin Gouzouma
Tarcassa
Tarhmert
Tarim Baréwa
Tarkasa
Tarkassa
Tarka
Tarmeurt
Tarna
Tarnou
Tarouada
Taroum
Tarou
Tarsousa
Tarsoussa
Tasao Haousa
Tasara
Tashi Dèybannda
Tashi
Tasibon
Tasièl
Tasi
Tasker
Taskeur
Tassao Haoussa
Tassara
Tassa
Tassé Bangou
Tassessat
Tassia
Tassiba Tangara
Tassibon
Tassièl
Tassi
Tassobon
Tassya
Tasya
Tatokou
Tatori
Tatourou
Tawaé
Tawalala
Tawalala
Tawarki
Taway
Tawourinsaki
Taya
Taza
Tchadaoua
Tchadoua
Tchadou
Tchadwa
Tchakiré
Tchakkaoua
Tchakodi
Tchakori
Tchakyé
Tchamaynya
Tchambangou
Tchangan
Tchangari
Tchankam
Tcharingabéri
Tchédam
Tchégoum
Tchenchérwa
Tchéri
Tcheyzégorou
Tchibao Bawa
Tchidoufoua
Tchidoufwa
Tchigada
Tchigaji
Tchighozérine
Tchikadji
Tchikaji
Tchi-m Berkaouane
Tchi-m-Berkaouane
Tchinbouaragan
Tchinbwaragan
Tchingaran
Tchinkaki
Tchin-Tabaradene
Tchin Tabaraden
Tchintchia
Tchin-terbaradin
Tchintoulous
Tchira Koumika
Tchirnawa Haousa
Tchirnawa Haoussa
Tchitchiga
Tchitchioua
Tchito
Tchizon Kourégé
Tchizon Kourégué
Tchololoy
Tchololwa
Tchougoundi
Tchoukoutjany
Tchounkouna
Tchourout
Tébalak
Tebalock
Tébalok
Tébaram
Tébarat
Tebossé
Techiasco
Téchiasko
Tédao
Tedjidda-n-Tesemt
Teggoumour
Tegiddan Tesemt
Tégirmé
Tégoézédeye Koara
Tégoézédey Kwara
Tégouma
Téguéféguel
Teguelguel
Tégué
Téguey
Teguidda i-n-Tessoum
Teguidda-n-Tagaït
Teguidda-n-Tessoum
Teguiddan Tessoum
Teguidda-n-Tessoumt
Teguidda-n-Tisemt
Téguirmé
Tékelmawa
Tekobabo-Koara
Teko Babo Kwara
Tékou Foundi
Tekousse
Tekwalou
Telaji
Téla
Tèlbia
Télbya
Téléguindékoy
Téléguinedékoye
Télemsès
Télikoubi
Teloas
Télouess
Teloues
Telwes
Tèm
Ténaré
Tenda
Tènéfès
Tenkyèndi
Téouat
Téra
Téra
Térétéré
Téré Tombo
Termini
Termit-Kaoboul
Téroua
Téroudié
Terwaza
Tésa
Tésèlfé
Tessa Goungou
Tessak
Tessaoua
Téssa
Tessa
Téssèlfé
Téssi
Tessoiana
Tessouma
Tétégnan-Koara
Tétényan Kwara
Tiada
Tiadi
Tiaédé
Tiafalkoli
Tiaguiriré
Tiahiguel
Tiaho-Koara
Tiaho Kwara
Tiakaho
Tiakeye-Koara
Tiakey Kwara
Tiala
Tiambanga
Tiam Bangou
Tiambi
Tianbanga
Tiandadji
Tiandewa
Tianfandou
Tiangala
Tiangalla
Tianodèye
Tianodey
Tiantargou
Tiaptey Tonndo
Tiartadèye
Tiartadey
Tiassoboba Koara
Tiassoboba Kwara
Tibaré Kokoro
Tibaré Téra
Tibawa
Tibili
Tibiri
Tibiri
Tibi Wankoye
Tibi Wankoy
Tibo Béri
Tibo-Kaïna
Tibo Keyna
Tidadé
Tidani
Tida
Tidiba
Tidirika
Tiébo Koira
Tiéfandou
Tiélafoulbé
Tiélawa
Tiellel
Tiendi Farou
Tiengué
Tientergou
Tientergu
Tientérogou
Tientérougou
Tièntiènga Foulbé
Tientienga
Tientiergou
Tiérendi
Tigaladi
Tigaye
Tigay
Tigézéfen Safongari
Tigézéfen
Tigilala
Tigirgira
Tigoji
Tigo
Tiguézéfene
Tiguézéfen Safongari
Tiguézéfen
Tiguilala
Tiguirguira
Tiguiri
Tihore
Tikko
Tikoré
Tilagadji
Tilakeina
Tilakeyna
Tilbi
Tilboy
Tilemsès
Tilgo
Tilia
Tilibassé
Tili Bassey
Tilibéri
Tili Kollo
Tilim
Tillabéri
Tillabéry
Tillaféri
Tillia
Tilloa
Tiloa
Tiloa
Tilou Kaina
Tilou Keyna
Tilou Koaré
Tilou Kwaré
Timba
Timbeï
Timbey
Timbora Ata
Timbora Soli
Timbora
Timéré
Tîmia
Timmbora-Ata
Timmbora-Soli
Timoumenîne
Tin Daguin
Ti-n-Daouine
Tin Dawin
Tinéchamoud
Tinédènédi
Tine Time
Ti-n-Gara
Tingobangou
Tingou
Tini
Tinkim
Tinkirana
Tinnkafé
Tinoma
Ti-n-Telloust
Tiolin
Tiolol
Tiombango
Tiomori
Tioudawa
Tioudi Abé
Tioulan
Tioumbo
Tiouré Fandou
Tiraféri
Tirga
Tiringui
Tirmini
Tirobidèye
Tirobidey
Tirofondou
Tiro Koara
Tiro Kwara
Tiwatié
Tizégorou
Tizigéka
Tiziguéka
Tlemcès
Tlemecs
Tlemsés
Tobana
Tobinnkani-Dierma
Tobinnkani Dyerma
Todaoua
Toda
Tofawa
Tokala
Tokané
Tokaraoua
Tokara
Tokar
Tokégoria
Tokéi
Tokéraoua Taboli
Tokérawa Taboli
Tokey
Toki
Tokobinkani Peul
Tokoraoua
Tokorawa
Tokorko
Tokoy Bangou-Nord
Tokoy Bangou-Sud
Tokoy Bangou
Tokoye-Bangou-Nord
Tokoye-Bangou-Sud
Tokoye-Bangou
Tokoye
Tokoy
Tolbéri
Tolèba
Toli
Tolobangou
Tolo
Tomaré
Tomba Bélé
Tomboasan
Tombo Bana
Tombo Béri
Tombo Dadji
Tombo Diambé
Tombo Dogo
Tombo Gokié
Tombo Guerba
Tombokaïna
Tombo Keyna
Tombo Kiré
Tombo-Koaré
Tombo Kwaré
Tombo Magori
Tombo Mouza
Tombon Bouya
Tombon Kaso
Tombon Kasso
Tombon Tagao
Tombo Seïda
Tombo Tafa
Tombo Tamey
Tombo Téssa
Tombo
Tombo
Tomboudao
Tonbo-Béri
Tonbo Koaré
Tondé Goura
Tondé Karia
Tondékiboro
Tondé
Tondia
Tondi Banda
Tondi Bia
Tondi Bongou
Tondichiboro
Tondi Daré
Tondiel
Tondifou
Tondigamé Alfaga
Tondigamé Issa
Tondigamé Kaninéké
Tondigamé
Tondigameye
Tondi Gamey
Tondigam Issa Koara
Tondigam
Tondigoungo
Tondikari
Tondika
Tondikiboro
Tondikiouendi
Tondikiré
Tondi Kiwindi
Tondi Koda
Tondikoire
Tondikouendi
Tondi Koukou
Tondi Koyré
Tondi Kwaré
Tondikyiboro
Tondi Kyiré
Tondi Kyirey
Tondimerkireye
Tondi Tiré
Tondi Tiyaro Koara
Tondi Tiyaro Kwara
Tondi
Tondi Tyiré
Tondo
Tondyakahgué
Tondyakangué
Tondya
Toné Kassa
Tongasaré
Tongom
Tongorso
Tongosaré Dyerma
Tongosaré Peul
Tongo Tongo
Tongo Tongo
Tongou Tongey
Tongou Tonguey
Tong Tong
Tonkadey
Tonkosom
Tonkour
Tonmbo
Tonndi Banda
Tonndi-Daré
Tonndi-Kirèy
Tonndi-Koaré
Tonndi Koda
Tonndikoiré
Tooye
Topkin Giwa
Toranki
Toraré
Torodi
Toronbi
Torosso
Toro Tabogari
Toro
Tosa
Tosa
Tossa
Tossa
Toubaram
Toubi
Toubori
Touchimgina
Touchimguina
Toudawa
Toudawa
Toudiani
Toudombouzay
Toudou Adaraba
Toudouchaki
Toudou Dounka
Toudoum Baouchi
Toudoun Adam
Toudoun Baki
Toudoun Gouga
Toudoun Goulbi
Toudouni
Toudouni
Toudoun Jaka
Toudoun Kirya
Toudounou
Toudoun Sako
Toudoun Wada
Toudoun Wafa
Toudou
Toudou
Toudou
Toudou Ziga
Toufafiram
Toufaliz
Tougana
Tougounous
Tougour Tougour
Tougouzéfa
Touhoré
Toukako
Toukoufouni
Toukoufouri
Toukoulou
Toukounda
Toukounous
Toukou Toukou
Toulamè
Toulaye
Toulial
Toullonaré
Toullouei
Toullou
Toullou
Toulo Koaré
Toulo Kwaré
Touloua
Touloubi
Touloueye-Kaïna
Toulouéye
Toulouey Keyna
Toulouey
Toulou-Koara
Toulou Kwara
Toulou Lani
Toulou Madi
Touloumagé
Touloumagué
Toulou-Maïmassa
Touloumaye
Toulou Maymasa
Toulou May Massa
Touloumay
Touloum Baré
Touloumboulou
Toulou Ndamésa
Touloun Daméssa
Touloun Demessa
Toulou
Toulou
Touloutou
Toulouwa
Toulwaré
Toumaré
Toumbélaga
Toumbindè
Toumbi
Toumboula
Toumboula
Toumbouri
Toumfafi
Toumfafi
Toumkous
Toumouga
Toumoulé
Toumour
Toundé Bango
Toundou Jimina
Toundoukou
Tounfafiram
Tounfafi
Tounfafi
Tounfalizé
Tounga Adoua
Tounga Amarza
Tounga Aoudou
Tounga Daoudou
Tounga Diargou
Tounga Dintaway
Tounga Domani
Tounga Gandou
Tounga Goubé
Tounga Jimino
Tounga Koma
Tounga Korfoa
Tounga Magaji
Tounga Makoki
Tounga Mazigo
Tounga Mohamadou
Tounga Ndobi
Tounga-Onkoye
Tounga Onkoy
Tounga Sabon
Tounga Samia
Tounga-Souley
Tounga Takobé
Tounga Takoubou
Tounga Tegui
Tounga Tidirika
Toungatji
Tounga
Tounga Wondarou
Tounga Yakouba
Tounga Zakari
Tounga Zaouri
Tounga Zar
Tounga Ziméraou
Toungouri
Tounkouché
Tounkouré
Tounouga
Tounous
Tountafi
Tountoubé
Tounzourawa
Tourbanguida
Tourbey
Tourey
Touribi
Touringoukou
Tourizé
Tourmouzawa
Tournya
Tourobon
Tourouf
Touroukoukwè
Touroutourou-Koara
Touroutourou Kwara
Tourtourou Koara
Tourtourou Kwara
Tousout
Tousseye
Toussey
Toussout
Touti Touti
Toutoure
Touza
Toza
Tozey
Tsadaré
Tsalliga
Tsamia
Tsandarawa
Tsarnaoua
Tsarnaua
Tsatsoumbroum
Tsernaoua
Tsernawa
Tsiassi-Koara
Tsiassi Kwara
Tsola
Tudu
Tugana
Tuila
Tuizégorou
Tukako
Tunguri
Tunoga
Tunuga
Turbangida
Twansala
Twila
Tyadoga
Tyakaho
Tyala
Tyalkoé
Tyalongou
Tyamé
Tyampélgoré
Tyangalgi
Tyangalgui
Tyaptey Tondo
Tyawa
Tyébo Koyra
Tyédoga
Tyéla Foulbé
Tyéléda
Tyeleltonkadyé
Tyellel Tonkadyé
Tyellel
Tyélol Baléol
Tyélol Doundoundié
Tyélol Tenga
Tyélol
Tyéna
Tyénétyaya
Tyènga Koara
Tyènga Kwara
Tyènga Siminti
Tyènga
Tyerasa-Goune
Tyerasa-Mango
Tyérassa Gouné
Tyérassa Mango
Tyétyédji
Tyollondi
Tyota
Tyoumbou Dyabikira
Tyourio
Vèndou Mama
Vouchek
Voushek
Voyvoya
Wacha
Wachémawa
Wada Béri
Wada-Kaïna
Wada Keyna
Wadatao
Wada
Wadégaya
Wadi Soudou
Wadi
Wadouka
Wagani
Wagou
Wahagouna
Wahilo
Wairé
Wakasa
Wakassa
Wakawa
Wakazoua
Wakéré
Waké
Wako-Koara
Wako Kwara
Wakoula
Wala
Walio-Koara
Walio Kwara
Wama
Wame
Wandé Baba
Wandé Nasso
Wanderma
Wangalam
Waniké
Wankama
Wanké
Wantatagay
Wantidik
Wanzamay
Wanzamey
Wanzanmèy
Wanzerbé
Warao
Wargale
Warga
Wargountou
Warme
Waro
Warzaka
Warzou
Warzou
Wasa Dâhatchi
Wassa Dahatchi
Wassangou
Watchia
Waudi
Wawara
Wawouré
Wazé
Wazifa
Waziri-Koara
Waziri Kwara
Wédi Bangou
Wélézam
Wèlla Sabon Gari
Wèlla Sofon Gari
Wénezèmedèye
Wénezèmédey
Were Suldu
Weyla
Wimane-Tama
Windé Bago
Windé Béri
Windé Bidji
Windé Dyoumaro
Windé Kaïna
Windé Kaïne
Windé Keyna
Windé Korkoye
Windoumama
Windou
Winnditéne
Wissili
Wohilou
Wondi
Wonkel-Kéïni
Wonkel Keyni
Wonkoïdeye-Déïtegui
Wonkoïdèye
Wonkoydey Dey Tégui
Wonkoydey
Wonkoye-Koara
Wonkoy Kwara
Woudi
Wountchila
Wyié
Xembey
Yaama
Yabakinka
Yabo
Yachima
Yachin Gila
Yachin Guila
Yachi
Yadagamo
Yadiagaré
Yadya
Yagadji
Yagagi
Yagaji
Yakai Isga
Yako Baba-Koara
Yako Baba Kwara
Yakoudi
Yakousa
Yakoussa
Yalaboumkyendi
Yalouma
Yamadeï
Yama
Yambaré
Yambidyana
Yamboyé
Yaméri
Yamia
Yanawa
Yanbabakou
Yan Bangou
Yan Daka
Yangana
Yangaouna
Yanga
Yankai Isga
Yankay Isga
Yankotjinava
Yan Riadi
Yanrwa
Yan Ryadi
Yantala
Yaouna
Yarda
Yarin Idi
Yari
Yaroua Koura
Yarou-Koara
Yarou Kwara
Yassane
Yassan
Yatakala
Yataoua
Yatawa
Yaya Tounga
Yaya
Yébi Kindjia
Yébi Kinjabé
Yéda
Yégalalane
Yekaoua
Yékoua
Yekua
Yékwa
Yeldou
Yélé-Koara
Yélé Kwara
Yéléouani
Yéléwani
Yéléwa
Yeli
Yelo-Kaïna
Yélo Keyna
Yélouané
Yeloua
Yeloua
Yélou-Kaïna
Yélou Keyna
Yelouma
Yélouna
Yélou
Yelwani
Yelwa
Yendila
Yenigendé
Yenijendé
Yéni
Yérimadeye
Yérimadey
Yérimawa
Yérima Wa
Yérima
Yérima
Yéssi
Yété-Koara
Yété Kwara
Yiloumandi Koara
Yiloumandi Kwara
Yobri
Yo Koy Kouara
Yoldé
Yolo
Yomba Bini
Yooukoiré
Yooukoyré
Yorez Koira
Yorez Koyra
Yorokoara
Yoro Kwara
Youmbou
Youri Kourtéré
Youri Say
Youri
Zaba-Koara
Zaba Kwara
Zabdoguiwa
Zabéwa
Zabeye Koara
Zaboa
Zabon Mousou
Zabon Moussou
Zabori
Zaborizédeye
Zaborizé Dey
Zabouré
Zabouré
Zagabanda
Zagari
Zagavoa
Zagawa
Zagé
Zagoré
Zagué
Zalokoto
Zamadèye
Zamadey
Zama Kaina
Zama Keyna
Zamakwara
Zamaré
Zamatawa
Zama
Zamba
Zamia
Zammazoubi
Zamodei
Zamodey Youti
Zamo Kwara Tadyo
Zamo Kwara
Zamtourimka
Zané
Zanga-Baba Dèye
Zanga Baba Dey
Zanga-Koara
Zanga Kwara
Zangari
Zango Amadou
Zango Barhé
Zango Malik
Zangon Abda
Zangon Adagé
Zangon Adagué
Zangon Algabi
Zangon Alhèr
Zangon Amwa
Zangon Ara
Zangon Atéwa
Zangon Ba Haoussa
Zangon Dasi
Zangon Dassi
Zangon Islama
Zangon Kané
Zangon Kanta
Zangon Krakra
Zangon Madougou
Zangon Mahama
Zangon Maïna Sara
Zangon Malam
Zangon Mégame
Zangon Mousa
Zangon Moussa
Zangon Touno
Zangon Yia
Zangoukaka
Zangouma
Zangou
Zango
Zango Zodi
Zankaïa Isger
Zankom
Zankoukaka
Zanloa Tounga
Zano
Zantam
Zantouri Bangou
Zanzano
Zaouraré
Zaouta
Zara Kwara
Zara
Zaromeye-Koara
Zaromeye Kwara
Zaroua
Zaroumey
Zarso
Zata
Zazatombo Arouna
Zazatombo Koda
Zaziatou
Zébane Fiti
Zéla
Zélengué
Zémé
Zenaï
Zena
Zérma Daré
Zermou
Zermo
Zermu
Zéyébane Fiti
Ziamazoubi
Zibane
Ziban
Ziéla
Zigola
Ziguida
Zikata
Zimba Koara Tégi
Zimba Koara Zéno
Zimba Kwara Tégui
Zimba Kwara Zéno
Zimba Maroumfa
Zimba
Zimmba
Zinder
Zinder
Zindigori
Zinegui-Koara
Zinegui Kwara
Zinndarou
Zirga
Zodey
Zodi
Zokoti
Zomba
Zombo
Zongo Akanawa
Zongodey
Zongo-Koara
Zongo Kwara
Zongo Mousa
Zongo Moussa
Zongo Oumaro
Zongotobanda
Zongouna Aza
Zongo
Zonkon
Zoraré
Zoribi
Zorozoro
Zoro Zoro
Zouarare
Zougao
Zoui
Zoukoara
Zoukout
Zoukwara
Zoumari-Koara
Zoumari Kwara
Zoumba
Zoumba
Zoumbou
Zouragane
Zouragan
Zouraga
Zouragèn
Zouraguèn
Zourdi
Zouréwa
Zourgo Koara
Zourgo Kwara
Zouroudou
Zourou Mohamadou
Zourzawa
Zouzou Béri
Zouzouga
Zouzoumadèye
Zouzoumadey
Zouzou Saney
Zumba
