Abra Vieja
Achuapa
Acoyapa
Aduana
Aduana
Agua Agria
Agua Amarilla
Agua Amarillas
Agua Caliente
Agua Caliente
Aguacate
Agua Clara
Agua Dulce
Agua Frìa
Agua Planta
Aguas Caliente de Acayo
Aguas Calientes
Aguas Calientes
Aguas Calientes de Acayo
Ahuchuetes
Ahuehuete
Ahuehuito
Alamìcamba
Alamikamba
Alaska
Alimicamba
Almendro
Aló
Alsacia
Altagracia
Alta Mira
Altos
Amaka
Amaki
Amalia
Amatilla
Amatillo
Amatitán
Amatitán Viejo
Amatitlan
Amaya
Amayito
Amayo
Amayo
América
América
Amerisco
Amerrisco
Amparo
Amucayán
Andrés
Angel
Anris
Anris Tara
Apají
Apaji Rancho
Apalí
Apalilí
Apamico
Apampoa
Apante
Apante
Apastate
Apatus
Apinpua
Apompoa
Apompuá
Apompuá
Apompuá
Aposentillo
Araditos
Arado
Arados
Arandak
Aranjuez
Arapal
Argelia
Ariswatla
Arlen Siu
Arrayán
Asabalbali
Asan
Asancor
Asang
Asaog
Aserradero Sanders
Aserrío Bum
Aserrío Wiwás
Asososca
Astillero
Asturias
Asunción
Atlanta
Auanay
Auastara
Auas Tingni
Aurora
Auxiliadora
Auya Pihni
Auyapura
Auyatara
Auya Yari
Avapal
Awastara
Awastingni
Ayapal
Ayoja
Azacualpa
Azáncor
Bachilaya
Bacoas
Bajos de Tomatoya
Baká
Balque
Balsamo
Bálsamo
Bálsamo
Balsamo
Banco
Banco Brown Abajo
Banco Salva Todo
Banderas
Barba de Tigre
Barquito
Barra del Río Maíz
Barra de Río Grande
Barra de Wawa
Barranco
Barranco Bayo
Barra Punta Gorda
Barra Rio Grande
Barrera
Barrio Chiquito
Barrio Copaltepe
Barrio de San Francisco
Barrio de Tecuaname
Barrio de Zaragoza
Barrio El Nacascolo
Barrio El Terrero
Barrio Los Aburtos
Barrio Los Bustos
Barrio Los Hidalgos
Barrio Momotombo
Barrio Monimbó
Barrio Nuevo
Barrio Pío XII
Barrio San Lorenzo
Barrio San Miguel
Barrio Tierra Colorada
Barro
Bartola
Bartolo
Bartolo
Batsilaya
Belén
Belén
Belén
Bella Cruz
Bellavista
Bella Vista
Bella Vista
Beña Blanca
Benito Montalbán
Berlín
Betil
Betulia
Bijague
Bijaque
Bijia
Bilampí
Bilas
Bilas Carmen
Bilhuas
Bilwarkarma
Bilwás
Bilwascarma
Bilwaska
Bilwaskarma
Bismuna
Bismuna Tara
Blewfield
Bluefields
Boaco
Boaco Viejo
Boaquito
Boca del Toro
Boca de Sábalos
Bocana Caoba
Bocana de Paiwas
Bocana Las Limas
Bocana Mahogany
Bocas del Toro
Bocay
Bonanza Bodega
Bonanza
Boom
Boon
Boquerón
Boquita
Bordo Las Tinajas
Bosquito
Bragman's Bluff
Brasil
Brasil
Brasiles
Brasil Grande
Brasilito
Brazil
Brazil
Brito
Brown Bank Bottom
Brown Bank
Brown's Bank
Buena Vista
Buena Vista
Buenavista
Buena Vista
Buenavista
Buenavista
Buenavista
Buenavista
Buena Vista
Buena Vista
Buenavista de Apompuá
Buenavista del Socorro
Buenos Aires
Buenos Aires
Buenos Aires
Buenos Aires
Buenos Aires
Bull Camp
Bull Sirpe
Bulún
Bum
Bumsirpe
Bum Sirpi
Butara
But Tara
Cabecera Las Iguanas
Cabo de Gracias a Dios
Cabo de Horno
Cabo Gracias a Dios
Cabo Gracias Viejo
Cabo Viejo
Cacaguapa
Cacao
Cacao
Cacao de Los Chavarrías
Calabaza
Calabazas
Calderas
Calera
Calera
California
Calle de Los Besos
Calle Real de Tolapa
Calpules
Calpules
Cama
Camaopa
Camelia
Camoapa
Campamente
Campamento
Campamento Kukra Hill
Campamento Omega
Campamento Omega Wilder
Campazano
Campuzano
Campuzano
Cañada
Cañada Grande
Caña de Castilla
Caña de Castilla
Caña de Castilla
Caña de Ora
Caña de Oro
Cañafístula
Cañas
Cañas Gordas
Cañas Gordas
Candelaria
Candelaria
Candelaria
Candelaria
Caño de la Laja
Caño de Oro
Caño Mocho
Caño Moho
Canta Gallito
Cantimplora
Capitán
Capules
Capules
Capulinar
Capulín
Cara
Cara de Mono
Carao
Carao
Carata
Caratera
Carbonal
Cárdenas
Carlos Fonseca Amador
Carmen
Carratera
Carreta Quemada
Carrizal
Carrizal
Carrizal
Carrizo
Casa Blanca
Casa Colorada
Casa Colorado
Casa de Alto
Casa de Teja
Casa Nueva
Casares
Casa Sola
Casa Sola
Casas Viejas
Caserío Abra Vieja
Caserío Carreta Quemada
Caserío Corre Viento
Caserío de Casa Nueva
Caserío de La Montaña
Caserío de San Claudio
Caserío El Cerro
Caserío El Charco de Los Bueyes
Caserío El Comején
Caserío El Espino
Caserío El Guisconal
Caserío El Laurel Galán
Caserío El Madroño
Caserío El Mango
Caserío El Palenque
Caserío El Piñuelar
Caserío El Terrero
Caserío Guapinol
Caserío La Calle Real de Tolape
Caserío La Flor
Caserío La Fuente
Caserío La Granja
Caserío La Menuda
Caserío La Mojarra
Caserío La Piedra
Caserío Las Cuchillas
Caserío Las Delicias
Caserío Las Lajitas
Caserío Las Maderas
Caserío Las Nubes
Caserío Las Ranas
Caserío La Trinidad
Caserío La Uva
Caserío Los Mangles
Caserío Los Portillos
Caserío Los Zarzales
Caserío Maderas Negras
Caserío Pacora
Caserío Paredones
Caserío Pasocaballos
Caserío Pilas Occidentales
Caserío Quebrada Honda
Caserío Río Grande
Caserío San Jorge
Caserío San Miguelito
Caserío Santa Elena
Caserío Telpetate
Caserío Veinticuatro
Castillo
Castillo
Castillo Viejo
Castro
Casulí
Catarina
Catarina
Cayanlipe
Cayetano
Cebadía
Cebadilla
Cebadilla
Cebadillo
Cedro Macho
Ceiba
Ceiba Mocha
Ceilán
Cerritos
Cerro Colorado
Cerro Colorado
Chacalapa
Chagüite Grande
Chagüite Grande
Chagüitillo
Chagüito Grande
Chahuite Grande
Chahuitillo
Chalmeca
Charco Muerto
Chicago
Chichigalpa
Chilamate
Chilamatillo
Chile
Chile
Chinandega
Chocoyo
Chorrera
Chuslí
Cicaya Grande
Cinco Pinos
Cincuita
Cinquita
Cirama
Citalapa
Ciudad Antigua
Ciudad Darío
Ciudad del Cabo
Ciudad Rama
Ciudad Sandino
Ciudad Sandino
Ciwas Tara
Clampa
Clemente Canales
Coapa
Cocabila
Cocabilla
Cocal
Coco
Coco Haulover
Cocoland
Coco Mina
Coco Mine
Cocote
Cofradía
Cofradías
Cokabilla
Colama
Colón
Colón
Colonia Adela
Colonia Agrícola Verdún
Colonia Cristo Rey
Colonia La Esperanza
Colonia La Esperanza Grande
Colonia Los Laureles
Colonia Molina
Colonia Nueva Guinea
Colonia Porvenir Viejo
Colonia Verdún
Colorado
Comalapa
Comalcalpa
Comarca Arriba
Comarca Ceiba Chachagua
Comarca de La Aduana
Comarca del Tololar
Comarca El Jicarito
Comarca El Platanar
Comarca El Tololar
Comarca La Cruz
Comarca Las Jaguitas
Comarca Los Madrigales
Comarca Tomayunca
Comatingny
Comején
Comejon
Concepción
Concepción
Concepción
Concepción
Conchita
Conchitas
Concordia
Condega
Congojas
Conquista
Constancia
Convento
Coom
Coperna
Corcoera
Corcuera
Corcuera Vieja
Corinto
Corinto
Corneta
Corn Island
Corozo
Corozo
Corpus Cristi
Corre Viento
Corsoara
Coseguina
Cosigüina
Cosmapa
Costa Rica
Coyolar
Coyolar
Crucero
Crucira
Cruz
Cuajiniquilapa
Cuajiniquil
Cuapa
Cuarentaitres
Cuarenta y Tres
Cuarentitrés
Cuascoto
Cuatro Caminos
Cuatro Esquinas
Cuatro Esquinas
Cuatro Esquiras
Cuatro Palos
Cuatro Tubos
Cucalaya
Cuesta
Cuesta Parda
Cuicuina
Cukra
Cukra Hill
Culculaia
Culumbus
Cumaica
Cum
Cumplida
Cunagua
Cundinamarca
Cusile
Cusirina
Cusmapa
Cusuca
Cusulí
Cutirre
Cuyal
Cuyalí
Cuyamel
Cuyu Tigni
Cuyutingni
Dacura
Dakban
Dákura
Danlí Arriba
Danlí
Danta
Danto
Dario
Datanlí
Decuelito
Delicias
Delicitas
Delta del San Juan
Desmotadora Las Brasiles
Devonia
Dipilto
Dipilto Viejo
Diriá
Diriamba
Diriambo
Diriomo
Dolores
Dos Montes
Dos Socos
Ducualí
Dulce Nombre
Ebaniso Tasbapauni
El Abejonal
El Abra
El Abra
El Acento
El Acetuna
El Acetunal
El Agua Agria
El Aguacate
El Aguacate
El Aguatal
El Algodón
El Almendo
El Almendro
El Almendro
El Alto
El Amatillo
El Amparo
El Amparo
El Angel
El Apante
El Aparejo
El Aradito
El Arco
El Arenal
El Areo
El Arrayán
El Asilo
El Astillero
El Ayote
El Bálsamo
El Bálsamo
El Bálsamo
El Bálsamo
El Bálsamo
El Banco
El Barquito
El Barro
El Barro
El Barro
El Bejuco
El Bijague
El Bluff
El Bonete
El Boquerón
El Bosque
El Bosque
El Bosque
El Bosque
El Bosque
El Bote
El Brasil
El Brasil
El Brasilito
El Buen Suceso
El Buey Negro
El Cacao de Los Chavarrías
El Cacao de Los Duarte
El Cacao
El Cacao
El Cacao
El Cacao
El Cacao
El Caimito
El Caimito
El Caimito
El Cairo
El Campamento
El Canal
El Cantón
El Capitán
El Capulín
El Capulín
El Capulín
El Caracol
El Carao
El Carao
El Carao
El Carbonal
El Cardón
El Carmen
El Carmen
El Carmen
El Carmen
El Carmen
El Carmen
El Carmen
El Carmen
El Carmen
El Carrizal
El Carrizal
El Carrizal
El Carrizal
El Carrizo
El Carrizo
El Castillo de La Concepción
El Castillo
El Castillo
El Castillo
El Castillo Viejo
El Cebollín
El Cedral
El Censo
El Cerrito
El Cerro
El Chague
El Chagüite
El Chamarro
El Chaparral
El Chaparro
El Charco de Los Bueyes
El Chayote
El Chilamate
El Chilamatillo
El Chile
El Chile
El Cielo
El Cilindro
El Cimiento
El Cimientos
El Cirucero
El Clavel
El Cocal
El Coco
El Coco
El Comején
El Congo
El Consuelo
El Convento
El Coquital
El Coralí
El Corozo
El Corozo
El Corozo
El Corozo
El Corozo
El Cortesal
El Costillo
El Coyolar
El Coyolar
El Coyolar
El Coyolar
El Coyol
El Coyol
El Coyol
El Coyol
El Coyolito
El Coyolito
El Cráter
El Cristal
El Crucero
El Crucero
El Delirio
El Delirio
El Delta
El Descanso
El Despacho
El Disparate
El Dorado
El Dorado
El Dos
El Dulce Nombre
El Edén
El Embudo
El Empalme
El Empalme
El Empalme
El Encanto
El Encanto
El Encierro
El Escándalo
El Escobillo
El Escobillo
El Escondalo
El Esfuerzo
El Eslabón
El Espabel
El Espadillo
El Espavel
El Espinal
El Espino
El Espino
El Esquirín
El Estero
El Fortín
El Fuente
El Gallo
El Gallo
El Gamalote
El Garcero
El Gigante
El Golfo
El Gorrión
El Guabillito
El Guabillo
El Guabo
El Gualiqueme
El Guanacaste
El Guanacaste
El Guanacaste
El Guapinolar
El Guapinol
El Guapinol
El Guapote
El Guapote
El Guarumo
El Guásimo
El Guayabal
El Guayabalito
El Guiscánal
El Hatillo
El Hatillo
El Hato de La Virgen
El Hato
El Higueral
El Higueral
El Horcal
El Horno
El Horno
El Horno
El Hoyero
El Infiernito
El Ingenio
El Jabillito
El Jabillo
El Jabillo
El Jicaral
El Jicarito
El Jícaro
El Jícaro
El Jícaro
El Jícaro
El Jícaro
El Jicote
El Jobo
El Jocote
El Jocote
El Jocote
El Jocote
El Jote
El Lagartillo
El Lajero
El Lanchón
El Laurel Galán
El Limonal
El Limón
El Limón
El Limón
El Limón
El Lirio
El Llanito
El Llano de La Cruz
El Madroño
El Mango
El Martillo
El Martillo
El Matadero
El Matasano
El Mojón de Veracruz
El Mojón
El Mojón
El Molina
El Morado
El Morán
El Moroñoso
El Morrito
El Mulero
El Nancital
El Naranjal
El Naranjo
El Naranjo
El Naranjo
El Naranjo
El Narranjo
El Níspero
El Obraje
El Obraje
El Obraje
El Ocotal
El Ocotal
El Ocote
El Ocotillo
El Ocotillo
El Ojochal
El Ojoche
El Ojochito
El Ostional
El Palacio
El Palacio
El Palaíso
El Palenque
El Pallal
El Palmarcito
El Palmar
El Palmar
El Panamá
El Panamá
El Panorama
El Panorama
El Papalonal
El Papalote
El Papalote
El Paraíso
El Paraíso
El Paraíso
El Paraíso
El Paraíso
El Paraíso
El Paraíso
El Paso
El Paso Real
El Pastor
El Pastoreo
El Pavón
El Pedernal
El Pedernal
El Pedernal
El Pegón
El Pegón
El Pellisco
El Perro
El Perú
El Picacho
El Picacho
El Pijibay
El Piñuelar
El Pital
El Pital
El Pital
El Pital
El Plantel
El Platanal
El Pochote
El Polvón
El Portillo
El Portillo
El Portillo
El Portón
El Porvenir
El Porvenir
El Porvenir
El Porvenir
El Porvenir
El Porvenir
El Potrerillo
El Potrero
El Pozo
El Pozo Público
El Prado
El Progreso
El Progreso
El Puente
El Quebrachal
El Quebradón
El Queso
El Quinal
El Rayo
El Rayo
El Realejo
El Recreo
El Recreo
El Recreo
El Recreo
El Regate
El Remate
El Retiro
El Riego
El Río
El Roblar
El Roble
El Rodeo
El Rodeo
El Rodeo
El Rodeo
El Rodeo
El Rosal
El Rosario
El Rosario
El Rosario
El Rosario
El Rosario
El Rosario Manila
El Sabalar
El Sábalo
El Salitre
El Salto
El Salto
El Salto
El Salto
El Salto
El Salvador
El Sapoá
El Sardinal
El Sauce
El Silencio
El Silencio
El Sitio
El Socorro
El Socorro
El Socorro
El Socorro
El Sol
El Sucio
El Tabacal
El Tábano
El Tábano
El Tachote
El Tamagás
El Tamarindo
El Tamarindo
El Tamarindo
El Tambor
El Tanque
El Tanque
El Tanque
El Tempate
El Tempisque
El Tempisque
El Terrero
El Terrero
El Terrero
El Tieso
El Tigre
El Tigre
El Tinco
El Tizate
El Toro
El Torovenado
El Torreón
El Tránsito
El Trapiche
El Trapiche
El Trapichito
El Trapichito
El Trapichito
El Trianón
El Trompillo
El Tule
El Tule
El Tule
El Tule
El Tuma
El Tunalito
El Valle de Las Zapatas
El Valle
El Valle
El Valle
El Valle Menier
El Varillal
El Venado
El Venado
El Verde
El Viejo
El Volcán
El Zanate
El Zapotal
El Zapote
El Zapote
El Zapote
El Zapote
El Zapote
El Zapote
El Zapote
El Zapote
El Zapotillal
El Zarzal
El Zonto
Empalme San Benito
Emperatriz
Encinos
Encuentros
English Bank
Ermita El Castillo
Escalante
Escamacita
Escameca
Escamequila
Escamequita
Escandalo
Escocia
Escondido
Esenkita
Esperanza
Esperanza
Espinal
Espino
Espinol
Espíritu Santo
Esquinas
Esquipula
Esquipulas
Esquipulas
Esquipulas
Esquipulas
Esquipulas
Esquipulas
Esquipulín
Estanzuela
Estelí
Estillero
Facundo
Falso Bluff
Fátima
Fátima
Fátima
Felix Ernesto Lopez Toruño
Filadelfia
Flor
Fruta de Pan
Fruta de Pan
Fruta de Pan
Fruta de Pan
Fundadera
Fundadora
Gagos
Gamalote
Garita
Garito
Gemastepe
Genízaro
Gigante
Gómez
Gorda
Gorrión
Granada
Graytown
Great River Town
Grecia
Greenville
Gregorio
Greystown
Greytown
Grietas
Guachipilín
Guadalupe
Guadalupe
Guadalupe
Gualices
Gualises
Guanabana
Guanacasta
Guanacaste
Guanacaste
Guanacaste
Guanacastillo
Guana
Guapinal
Guapinolapa
Guapinol
Guapinol
Guapotal
Guasayuca
Guasimón
Guastomate
Guasuyuca
Guayaba
Guayabalito
Guayucali
Guiguilí
Güilique
Guilises
Güina
Güiquiliapa
Guiquili
Guirruca
Guiscanal
Güiscarán
Guiscaya
Güiscoyol
Güiscoyol
Guiscyal
Guisguilapa
Güisquilapa
Guisquiliapa
Gumacia
Gutierrez
Hacienda Colón
Hacienda Las Brisas
Hacienda Orosi
Hamacas
Hatillo
Hato de La Virgen
Hato Grande
Hato Grande
Hato Grande
Hato Grande
Hato Nueva
Hato Nuevo
Hato Nuevo
Hato Viejo
Haulover
Haulover
Horno
Horno
Horoal
Huahua
Huahua River
Huahuashán
Huailahuas
Hualpa
Hualpasika
Hualpasixa
Huani
Huankalaya
Huanta
Huasla
Huaspan
Huaunta
Huehuete
Huiste
Hula
Iallemenier
Icalupe
Idelfonso
Ilapo
Ingenio Amalia
Ingenio Bélgica
Ingenio El Povón
Ingenio Monterrosa
Ingenio San Antonio
Ingenio San Pedro
Ingenio Santa Rita
Inipuwás
Isabel Grande
Isidrillo
Ising Kita
Isinquita
Isiquí
Iskri
Isnahuas
Isnawás
Israel
Iungla
Iyás
Izapa
Jacote
Jalapa
Jemuyca
Jerónimo
Jesús María
Jesús María
Jesús María
Jicaral
Jicarito
Jicarito
Jicaro
Jícaro
Jicote
Jiñocuabo
Jinotega
Jinotepe
Jiquilillo
J. L. Chavarria
Joaquín Zavala
Jocate
Jocomico
Jocomico
Jocomico
Jocote
Jocote
Jocote
Jocote
Jocote
Jocote
Juan Bautista Peguero
Juan Romero
Jucuapa Abajo
Jucuapa Arriba
Jucuapa
Juigalpa
Jumuyca
Kahkabila
Kakabila
Kakaubila
Kama
Kambla
Kamla
Kamp Tee
Kamusasca
Kangrina
Kansas City
Kara
Karatá
Karawala
Karma
Kaska
Kauru Tingni
Kiawás
Kilambé
Kilaski
Kisalaya
Kisaliya
Kisiksik
Kitaski
Kiwás Tara
Klam
Klampa
Klarín Dam
Klark
Kligna
Klinas
Klingna
Kocabilla
Kokomo
Krak Prakia
Krasa
Krasn
Krisimbila
Krukira
Krupika
Kuakuil
Kuanwatla
Kuculalia
Kuculaya
Kugna
Kuikuina
Kuikuinita
Kukalaya
Kukra Hill
Kukra
Kukulaua
Kukulaya
Kum
Kumusaca
Kung Kung Tingni
Kuri
Kurin Dan
Kurinwacito
Kuyu Tingni
La Aduana
La Albina
La Alemania
La Alianza
La Amistad
La Argentina
La Argentina
La Argolla
La Asunción
La Aurora
La Aurora
La Avellana
La Avellana
La Azucena
La Bacinica
La Bandera
La Barra de Río Grande
La Barra
La Barranca
La Barranca
La Batea
La Boca de Brito
La Boca de La Montaña
La Bocana
La Bocana
La Bocana
La Bolsa
La Bomba
La Boqueta
La Boquita
La Breña
Labú
La Calamidad
La Caldera
La Calera
La Calera
La Calera
La Calera
La California
La Calle de Los Besos
La Calle Real de Tolapa
La Calle Real de Tolape
La Calzada
La Camarona
La Camaroncita
La Camelia
La Campana
La Campana
La Campana
La Cañada
La Cancepción
La Cándida
La Canoa
La Carbonera
La Carbonera
La Ceiba
La Ceiba
La Ceiba
La Ceiba Mocha
La Ceibita
La Chácara
La Chácara
La Chilamita
La China
La Chinampa
La Chocolata
La Cholpa
La Chuscada
La Chuscada
La Cicaya
La Compañía
La Concepción
La Concepción
La Concepción
La Concepción
La Concepción
La Concepción
La Concepción
La Concha
La Concha
La Concordia
La Conquista
La Constancia
La Corneta
La Coyota
La Coyotera
La Crisálida
La Cruz de La India
La Cruz de Río Grande
La Cruz
La Cruz
La Cruz
La Cruz Verde
La Cuesta de Apatite
La Cuesta
La Cumplida
La Cusuca
La Danta
La Escuadra
La Esmeralda
La Española
La Esperanza
La Esperanza
La Esperanza
La Esperanza
La Esperanza
La Esperanza
La Esperanza
La Esperanza
La Esperanza
La Estancia
La Estrella
La Estrella
La Estrella
La Estrella
La Fe
La Fe
La Florida
La Flor
La Flor
La Flor
La Fortuna
La Fruita de Pan
La Fuente
La Fuente
La Fundadora
La Fundadora
La Galpa
La Garita
Lagartillo
La Gateada
La Gaveta
La Gorra
La Gorriona
La Granadilla
La Grandeza
La Granja
La Granja
La Granja
La Grecia
La Guanábana
La Guanábana
La Guayaba
La Guayaba
La Guayaba
La Guinea
Laguna de Perlas
Laguna
Laguna
Laguna
Laguna Seca
Laguntara
La Historia
La Hormiga
La Horqueta
La India Jicaral
La India
La Jabilla
La Jagua
Lajas
La Jicaral
La Joya
La Jumuyca
La Lagarta
La Laguna
La Laguna
La Laguna
La Lagunillas
La Lanza
La Leona
La Leonesa
La Libertad
La Lima
La Limosna
La Lorena
La Lux
La Luz
La Luz
La Luz
La Luz
La Luz Mine
Lama Laya
La Manga
La Marcheneña
La Marimba
La Marrana
Lamblaya
La Menuda
La Milpa
Lamlaya
La Moca
La Mohosa
La Mojarra
La Montaña
La Montaña
La Montañita
La Morada
La Mora
La Muralla
La Murilla
La Natividad
La Orilla
La Palanca
La Palestina
La Palma
La Palma
La Palmera
La Palmera
La Palmira
La Paloma
La Pampa
Lapan
La Patriota
La Paz Central
La Paz Centro
La Paz de Oriente
La Paz
La Paz
La Paz Vieja
La Paz Viejo
La Pelona
La Pelona
La Peñita
La Perla
La Piedra
La Piedra Pintada
La Pila del Guásimo
La Pinganilla
La Pintada
La Pintada
La Piñuela
La Pitahaya
La Pitahaya
La Pita
La Pita
La Pita
La Pita
La Pitilla
La Plazuela
La Plegaria
La Polvosa
La Ponzoña
La Ponzoñita
La Presa
La Presita
La Providencia
La Puerta
La Punta
La Quemazón
La Quesera
La Reina
La Rejoya
La Remonta
La República
La Reseda
La Reserva
Larga Vista
La Rica
La Rosa Grande
La Rosa
La Rosa
La Rosita
La Rota
Larreynaga
La Sabana
La Sabaneta
Las Ánimas
Las Banderas
Las Brisas
Las Brisas
Las Brisas
Las Brisas
Las Brisas
Las Cabras
Las Calabazas
Las Calabozas
Las Camaras
Las Camelias
Las Cañas de Arriba
Las Cañas
Las Cañas
Las Cañas
Las Canoas
Las Carolinas
Las Casas Viejas
Las Casillos
Las Castillos
Las Colinas
Las Colinas
Las Conchitas
Las Conchitas
Las Conchitas
Las Conchitas
Las Costillas
Las Cruces
Las Cruces
Las Cruces
Las Crucitas
Las Cuatro Esquinas de la Mora
Las Cuatro Esquinas
Las Cuchillas de Apompuá
Las Cuchillas
Las Cuchillas
Las Cumbres
Las Delicias
Las Delicias
Las Delicias
Las Delicias
Las Delicias
Las Delicias
Las Delicitas
Las Enramadas
Las Enramadas
Las Enramadas
Las Enramadas
Las Esquinas
Las Flores
Las Grietas
Las Guabas
Las Guanacastes
La Sirena
La Sirena
Las Jagüitas
Las Labores
Las Lagunas
Las Lajas
Las Lajas
Las Lajas
Las Lajitas
Las Lajitas
Las Lajitas
Las Lajitas
Las Lapas
Las Limas
Las Limas
Las Lomas
Las Maderas
Las Maderas
Las Maderas
Las Mangas
Las Manos
Las Marías
Las Marías
Las Marías
Las Masís
Las Mercedes
Las Mercedes
Las Mercedes
Las Mercedes
Las Mercedes
Las Mercedes
Las Mercedes
Las Mercedes
Las Mesas de Acicaya
Las Mesas
Las Mesas
Las Mesas
Las Mesas
Las Mesitas
Las Mesitas
Las Minas
Las Minitas
Las Nambiras
Las Nilas
Las Ñocas
Las Nubes
Las Nubes
Las Nubes
Las Nubes
Las Nubes
Las Palancas
Las Palomas
Las Pavas
Las Pavas
Las Pencas
Las Pencas
Las Peñitas
Las Peñitas
Las Peraltas
Las Perlas
Las Perlas Town
Las Piedras Cagadas
Las Piedras
Las Pilas
Las Pilas
Las Pilas
Las Pilas
Las Pilas
Las Pilas
Las Pilas Occidentales
Las Playitas
Las Postreras
Las Pozas
Las Pozas
Las Pozas
Las Puertas
Las Puertas
Las Ranas
Las Rinconadas
Las Sabanas
Las Sabanas
Las Salinas
Las Soleras
Las Tablas
Las Tablas
Las Tablas
Las Tejas
Las Tinajas
La Suiza
Las Uvas
Las Vegas
Las Vueltas
Las Zapatas
La Tejera
La Tortuga
La Trinidad
La Trinidad
La Trinidad
La Trinidad
La Tronquera
La Unión
La Unión
La Unión
La Unión
Laurel Galán
La Uva
La Uva
La Vaca
La Vainilla
La Veranera
La Victoria
La Victoria
La Vigía
La Vijia
La Virgen del Camino
La Virgen
La Virgen
La Virgen
La Virgen
La Virgen
Lawa Place
Layasicsa
Layasiksa
Layasixa
La Younga
La Yunga
La Zapotilla
La Zopilota
La Zopilota
Ledakura
Leedakuta
Leimus
Leonardo
Leonesa
León
Leytón
Libertad
Licoroy
Li-Dákura
Li Dakura Village
Ligero
Limas de Belén
Limay
Limay
Limbaica
Limbaika
Limbayka
Limonal
Limón
Limon
Limón
Limón
Limón
Limsiwita
Linda Vista
Linsikita
Lisawé
Living Creek
Living's Creek
Liwa Sirpe
Lizarco
Llano de Las Mesas
Llano El Boquerón
Llano Grandde
Llano Grande
Llano Grande
Llano Grande
Llano Grande
Llano Largo
Llano Redondo
Lodo Podrido
Loma Alegre
Loma Azul
Loma de Mico
Loma Mico
Lomas Los Tendidos del Carbonal
Los Altos del Guanacastillo
Los Altos
Los Ángeles
Los Ángeles
Los Ángeles
Los Ángeles
Los Ángeles
Los Ángeles
Los Ángeles
Los Arados
Los Arcos
Los Baltodano
Los Baltodanos
Los Bañaderos
Los Brasiles
Los Brasiles
Los Brasilitos
Los Braziles
Los Bueyes
Los Calabazos
Los Caleros
Los Calpules
Los Calpules
Los Camarones
Los Capules
Los Caracoles
Los Caraos
Los Cardones
Los Cedros
Los Cerritos
Los Cerritos
Los Cerritos
Los Cerritos
Los Chagüites
Los Chilamates
Los Chocoyitos
Los Cimientos
Los Cocos
Los Cruces
Los Cutiérrez
Los Diamantes
Los Encinos
Los Encuentros
Los Encuentros
Los Frijoles
Los Gagos
Los Guidos
Los Gutiérrez del Sur
Los Gutiérrez
Los Lajos
Los Larios
Los Leiva
Los Limones
Los Limones
Los Lirios
Los Llanos
Los Llanos
Los Loras
Los Mangles
Los Menas
Los Millones
Los Mollejones
Los Morenos
Los Narváez
Los Navarrete
Los Navarretes
Los Negritos
Los Novios
Los Ojos de Agua
Los Ortiz
Los Perlos
Los Peroles
Los Placeres
Los Placeres
Los Placeres
Los Planes
Los Pocitos
Los Pocitos
Los Portillos
Los Portillos
Los Portillos
Los Potrerillos
Los Potrerillos
Los Potrerillos
Los Puentes
Los Puntalitos
Los Ranchones
Los Ranchos de Sinecapa
Los Ranchos
Los Ranchos
Los Reyes
Los Riitos
Los Rivera
Los Riveras
Los Robles
Los Sánchez
Los Sánchez
Los Solano
Los Tacanistes
Los Tendidos del Carbonal
Los Tololos
Los Toruños
Los Valdivia
Los Velásquez
Los Velásquez
Los Viejitos
Los Walices
Los Zarzales
Lourdes
Lóvago
Lowa Place
Luciana
Luciano
Lukú
Lumlei
Lumlel
Macantaca
Macuelís
Macuelizo
Maderas
Maderas
Maderas Negras
Mahogany
Makantaca
Makantaka
Malacaguás
Malacatoya
Malacatoya
Malacatoyo
Malacatoyo
Malpaisillo
Mal Paso
Managua
Mana
Mancarrón
Mancotal
Manga
Mangle Alto
Manihuatla
Maniwatla
María Cristina
María Magdalena
Mario Soza
Marshall Point
Marshall Ponit
Masachapa
Masa Pala
Masapa
Masapía
Masatepe
Masaya
Mata de Caña
Mata de Caña
Mata de Tule
Matagalpa
Mataka
Matasano
Matasano
Matasano
Matasanos
Matasanos
Matazano
Mateare
Matiguás
Maunica
Mazatlán
Mecatepe
Mecatepillo
Mechapa
Mecitepio
Medio Mundo
Mercedes
Mercedes
Mercedes
Mercedes
Mérida
Mérida
Mesa Cayan
Mesa
Mesas Alcayán
Mesas de Alcayán
Mesas
Mesas
Mesita
Metapa
Meteare
Miguel Bikan
Mil Pays
Mina Columbus
Mina El Limón
Mina La India
Mina La Luz
Mina Limón
Mina Santa Pancha
Mina Verde
Mine Castro
Miraflores
Mira Lago
Miralagos
Miramar
Miramontes
Miravalle
Moha
Moho Creek
Mojón
Mokorón
Molina Norte
Molino Norte
Mollejones
Mombacho
Momotombi
Momotombito
Momotombo
Monimbó
Monkey Point
Montaña Grande
Montecristo
Monte Cristo
Monte Cristo
Monte de Los Olivos
Monte Fresco
Monte Fresco
Monte Grande
Monte Grande
Monte Grande
Monte Grande
Monte Grande Oriental
Monte Líbano
Montelimar
Monte Oscuro
Monte Oscuro
Monte Rosa
Monte Verde
Morado
Morazán
Moropotente
Morrillo
Morrito
Mosonte
Moyogalpa
Mozonte
Muelle de los Bueyes
Muelle Real de Siquia
Muelle Real
Mugán
Muhan
Mukuwás
Mulakrai
Mulle Real
Muralla
Murra
Murubila
Muy Muy
Muy Muy Viejo
Nacascola
Nacascolo
Nacascolo
Nadayosi
Nagarote
Nagorote
Nancemi
Nancimí
Nancite Dulce
Nancite Dulce
Nandaime
Nandaime
Nandarola
Nandasma
Nandasmo
Nandayosi
Naranja
Naranjo
Naranjo
Naranjo
Naranjo Pass
Nasma Almuk
Nauawás
Navarette
Navarretés
Nawawas
Neblina
Nicaragua
Nihrtara
Nina Yari
Ninayeri
Nindirí
Niqui
Niquinohomo
Niquinomo
Nombre de Jesús
Novios
Nubes
Nueva Guinea
Nuevo Amanecer
Obraje
Obraje
Obregones
Obregón
Ochomogo
Ococona
Ococono
Ocona
Ocotal
Ocotal
Ocote de Abajo
Ocotillo
Ocotón
Oculí
Ojoche
Olama
Olanceri
Olankeri
Olimpo
Olomega
Omar Torrijos
Orange
Orilla
Orinoco
Orosí
Oscotal
Ostinal
Ostional
Ostocal
Oyate
Oyote
Oyoto
Pacaya
Pacayita
Pacora
Páhara
Paigua
Paiguás
Paiwás
Paiwas
Paiwitas
Palacagüina
Palermo
Palermo
Palestina
Palmera
Palmero
Palmira
Palmira
Palmira
Palo Alto
Palo Alto
Palo Blanco
Palo Bonito
Palo Grande
Palo Negro
Palos Negros
Palo Verde
Paloyumpa
Palsagua
Palvon
Panamá
Panamá
Panamérican
Pancasán
Paneloya
Panka Dákura
Pankawás
Pansaca
Pansuaca
Paraíso
Paredones
Pasocaballos
Paso de Carreta
Paso de Lajas
Paso de Panaloya
Paso Hondo
Paso Hondo
Paso La Solera
Paso Panaloya
Paso Picado
Paso Real de Cuá
Paso Real de la Guardia
Paso Real del Cuá
Paso Real de Ochomogo
Paso Real de Ochomo
Paso Real
Paso Real
Passaya
Pauta Dimon
Paxila
Payacuca
Paz Central
Paz
Paz Vieja
Pecaya
Pedernal
Pedro de Laya
Pedro del Norte
Peña Blanca
Peñas Blancas
Peñas Blancas
Penjamõn
Peor Es Nada
Perales
Perla
Perlas
Peroles
Petacaltepe
Picacho
Pica Pica
Piedra Colorada
Piedra Colorado
Piedra de Agua
Piedra Larga
Pijibaye
Pijibay
Pilas
Pilpilia
Pineda
Pintada
Pintades
Pío XII
Píoxil
Píoxll
Pipilwas
Pisbayarv
Pispayeri
Pital
Pital
Pita
Plan Grande
Plankira
Plano Grande
Planta Electra
Planta Electrica
Platanar
Playa Grande
Playa Grande
Playitas
Plazuela
Plis
Pochomil
Polsagua
Polvón
Poneloya
Popoyuapa
Portalupi
Portilla
Portillo del Jícaro
Portillo
Portobanco
Portugal
Posoletega
Posoltega
Potosí
Potosí
Potrerillo
Potrerillos
Potrerillos
Potrerillos
Potrerios
Potrero Grande
Potrero Grande
Potrero Grande
Potrero
Potter
Poyas
Poza Azul
Poza Redonda
Presillitas
Principulco
Prinzapolca
Prinzapolka
Prinzapolka
Progreso
Providence
Providencia
Pueblo La Sabana
Pueblo Nuevo
Pueblo Nuevo
Pueblo Nuevo
Pueblo Nuevo
Puente
Puente Real
Puerta Negra
Puertas de París
Puertas Viejas
Puerto Arturo
Puerto Cabezas
Puerto Cabo Gracias a Dios
Puerto de Bocay
Puerto de Esparta
Puerto Díaz
Puerto el Barquito
Puerto El Tamarindo
Puerto Esparta
Puerto Isabel
Puerto Limón
Puerto Masachapa
Puerto Momotombo
Puerto Morazán
Puerto Morrito
Puerto Nuevo
Puerto Sandino
Puerto Somoza
Puerto Somoza
Puerto Viejo
Puerto Zapote
Punta de Suela
Punta Gorda
Punta Gorda
Puntali
Puntalitos
Punta Marshall
Punta Ñata
Puntezuela
Quaquel
Quebrada Arriba
Quebrada Honda
Quebrada Honda
Quebrada
Quebrada
Quebrada Seca
Quebrado
Quesalguaque
Quesera Playa Grande
Quezalguaque
Quibuto
Quiguastara
Quihuastara
Quilalí
Quimichapa
Quinama
Quintana
Quisalaya
Quisulí
Raitapura
Raitipura
Raití
Rama Cay
Rama
Ranas
Rancherías
Rancherías
Rayapura
Raya Tara
Realejo
Recreo
Rejoya
Rinconada
Rincón Escondido
Río Abajo
Río Blanco
Río Escondido
Río Grande
Río Grande
Río Grande
Río Grande
Río Negro
Río Nuevo
Río Seco
Río Wawa
Riska
Rivas
Robles
Rocky Point
Rodeo Grande
Rodeo Grande
Rodeo
Rosario
Rosario
Rosario
Rosario
Roscilapin
Rosita
Roskaya
Rostilapin
Rota
Sabadilla
Sábalo
Sábalos
Sabana Grande
Sabana Grande
Sabana Grande
Sabana Grande
Sabana Grande
Sabana Grande
Sabana Grande
Sabana Larga
Sabana Largo
Sabanas
Sacalis
Saclín
Sacramento
Sagua
Sagua
Saguatepe
Sahua Leven
Sainica
Saíz
Saklin
Salale
Salamina
Salinas Grande
Salinas Grandes
Salinas
Salitre
Salónica
Salónicas
Salto Grande
Salto
Salvador
Samalali
Samaria
Samulali
San Agustín
San Agustín
San Agustín
San Albino
San Alejandro
San Andrés
San Andrés
San Andrés
San Andrés
San Antonio de Arriba
San Antonio de Las Cuchillas
San Antonio del Bosque
San Antonio del Condadillo
San Antonio
San Antonio
San Antonio
San Antonio
San Antonio
San Antonio
San Antonio
San Antonio
San Antonio
San Antonio
San Antonio
San Antonio
San Bartolo
San Bartolo
San Bartolo
San Benito
San Benito
San Bernabé
San Blas
San Blas
San Blas
San Caralampio
San Caralimpio
San Carlos de Río Coco
San Carlos
San Carlos
San Carlos
San Cayetano
San Cayetano
San Cayetano
Sánchez
San Claudio
San Clemente
San Coyotano
San Cristóbal
San Cristóbal
San Cristóbal
San Cristóbal
San Diego
San Diego
Sandino
San Dionisio
San Dionisio
San Domingo
Sandy Bay Sirpi
San Eduardo
San Emilio
San Emilio
San Ernesto
San Esquipula
San Esteban
San Esteban
San Esteban
San Felipe
San Felipe
San Fernando
San Fernando
San Fernando
San Francisco de Cuaginiquilapa
San Francisco de Cuajiniquilapa
San Francisco de Guaniquilapa
San Francisco de La Unión
San Francisco del Carnerico
San Francisco del Carnicero
San Francisco del Norte
San Francisco del Peñón
San Francisco de Quajiniquilapa
San Francisco Libre
San Francisco
San Francisco
San Francisco
San Francisco
San Francisco
San Francisco
San Francisco
San Francisco
San Francisco
San Gabriel
San Gabriel
San Geronimo
San Gregorio de Las Cañas
San Gregorio
San Gregorio
San Gregorio
Sang Sang
San Ignacio
San Ignacio
San Ignacio
San Ignacio
San Ildefonso
San Isidro
San Isidro
San Isidro
San Isidro
San Isidro
San Isidro
San Isidro
San Isidro
San Isidro
San Jacinto
San Jacinto
San Jacinto
San Jerónimo
San Jerónimo
San Jerónimo
San Jerónimo
San Jerónimo
San Jerónimo
San Jerónimo
San Joaquín
San Joaquín
San Joaquín
San Jorge
San Jorge
San Josecito
San José de Achuapa
San José de Agua Fría
San José de Amucayán
San José de Bocay
San José de Cuasompa
San José de Cusmapa
San José del Cardón
San José del Mombacho
San José del Obraje
San José de los Remates
San José del Sur
San José de Monte Redondo
San José de Paiwas
San José de Tepano
San José de Torres
San José de Umure
San José
San José
San José
San José
San José
San José
San José
San José
San José
San José
San José
San José
San José Valque
San Juancito
San Juan de Dios
San Juan de La Concepción
San Juan de Las Pencas
San Juan de Limay
San Juan del Norte
San Juan del Río Coco
San Juan del Sur
San Juan de Murra
San Juan de Oriente
San Juan de Río Coco
San Juan de Telpaneca
San Juanillo
San Juan
San Juan
San Juan
San Juan
San Juan
San Juan
San Juan
San Juan
San Juan Viejo
San Julián
San Lázaro
San Lorenzo
San Lorenzo
San Lorenzo
San Lorenzo
San Lorenzo
San Lucas
San Lucas
San Lucas
San Luis
San Luis
San Luis
San Luis
San Luis
San Luis
San Manuel
San Marco
San Marcos
San Marcos
San Marcos
San Marcos
San Marcos
San Martín
San Martín
San Martín
San Martín
San Miguelito
San Miguelito
San Miguelito
San Miguelito
San Miguellito
San Miguel
San Miguel
San Miguel
San Miguel
San Miguel
San Nicolás
San Nicolás
San Nicolás
San Nicolás
Sannilaya Lakus
San Pablo
San Pablo
San Pablo
San Pablo
San Pablo
San Pancho
San Pancho
San Patricia
San Patricio
San Pedro de Buculmay
San Pedro de Lavajo
San Pedro del Norte
San Pedro del Norte
San Pedro de Lóvago
San Pedro de Potrero Grande
San Pedro de Potrero
San Pedro
San Pedro
San Pedro
San Pedro
San Pedro
San Pedro
San Pedro
San Pedro
San Rafael del Norte
San Rafael del Sur
San Rafaelito
San Rafael
San Rafael
San Rafael
San Rafael
San Rafael
San Rafael
San Rafael
San Ramón de la Uva
San Ramon Rancho
San Ramón
San Ramón
San Ramón
San Ramón
San Ramón
San Ramón
San Ramón
San Rita
San Roque
San Roque
San Salvador
Sansang
San Sebastian de Acoyapa
San Sebastián de Yalí
San Sebastián
San Silvestre
San Simón de Palcila
Santa Amalia
Santa Ana
Santa Ana
Santa Ana
Santa Ana
Santa Ana
Santa Ana
Santa Ana
Santa Ana
Santa Ana
Santa Bárbara
Santa Bárbara
Santa Bárbara
Santa Bárbara
Santa Bárbara
Santa Berta
Santa Bethania
Santa Casimira
Santa Cecilia
Santa Celia
Santa Clara
Santa Clara
Santa Clara
Santa Clara
Santa Clara
Santa Cruz
Santa Cruz
Santa Cruz
Santa Cruz
Santa Cruz
Santa Cruz
Santa Cruz
Santa Cruz
Santa Cruz
Santa Cruz
Santa Domingo
Santa Domingo
Santa Elena
Santa Elena
Santa Elena
Santa Elena
Santa Elisa
Santa Elvira
Santa Emilia
Santa Emilia
Santa Emilia
Santa Ernestina
Santa Fe
Santa Fe
Santa Fe
Santa Fe
Santa Fe
Santa Fe
Santa Fe
Santa Gertrudis
Santa Gertrudis
Santa Gertrudis
Santa Graciela
Santa Inés
Santa Inés
Santa Inez
Santa Isabel
Santa Isabel
Santa Isabel
Santa Isabel
Santa Isabel
Santa Isabel
Santa Isabel
Santa Isabel
Santa Jorna
Santa Josefina
Santa Juana
Santa Julia
Santa Julia
Santa Julia
Santa Justa
Santa Lucía
Santa Lucía
Santa Lucía
Santa Lucía
Santa Lucía
Santa Lucía
Santa Luisa
Santa Margarita
Santa María de Loma Azul
Santa María
Santa María
Santa María
Santa María
Santa María
Santa Maria
Santa María
Santa María
Santa María
Santa Marta
Santa Marta
Santa Marta
Santa Marta
Santa Maura
Santa Nalisa
Santa Patricia
Santa Rita de Plata
Santa Rita
Santa Rita
Santa Rita
Santa Rita
Santa Rita
Santa Rita
Santa Rita
Santa Rita
Santa Rita
Santa Rosa de Lima
Santa Rosa del Peñón
Santa Rosa
Santa Rosa
Santa Rosa
Santa Rosa
Santa Rosa
Santa Rosa
Santa Rosa
Santa Rosa
Santa Rosa
Santa Tecla
Santa Teresa de Apatague
Santa Teresa de Guasuyuca
Santa Teresa
Santa Teresa
Santa Teresa
Santa Teresa
Santa Teresa
Santa Teresa
Santa Teresa
Santa Teresa
Santa Teresa
Santa Teresita
Santa Tereza
Santa Tomas
Santa Tomas
Santiago
Santiago
Santo Domingo de Guzmán
Santo Domingo
Santo Domingo
Santo Domingo
Santo Domingo
Santo Domingo
Santo Domingo
Santo Tomás del Norte
Santo Tomás de Nance
Santo Tomás
Santo Tomás
San Ubaldo
San Ubaldo
San Vicente del Coyolito
San Vicente
San Vicente
San Vicente
San Victor
Sapoá
Sardinal
Sardina
Sasama
Sauce
Sáupuka
Sausa
Savanas
Save You All Bank
Sawa
Saw Mill
Saynika
Sébaco
Sébaco Viejo
Set Net
Seven Benk
Siawás
Sicantal
Siempreviva
Sih
Sika Yari
Siksayali
Siksayari
Siksikwás
Silencio
Silvandera
Sinkita
Sinsin
Siquia
Sisinata
Sisin
Sisi
Sitalapa
Sitio Viejo
Siuna
Skruwarban
Slilmasía
Soledad
Soledad
Soledad
Somotillo
Somoto
Sonzapote
Sonzapote
Sotacaballo
South End
Suak Suakia
Sucuyá
Suina
Suní
Susama
Suscallon
Susucayán
Susuli
Suti Tingni
Tabaltara
Tablas
Tacaniste
Tacanites
Tadasna
Tagua
Tahuantla
Talnites
Talolinga
Talolinga
Talpetate
Talpetate
Talpetate
Talquezal
Tamarindo
Tamarindo
Tamarindo
Tamarín
Tamla
Tangue
Tanque
Tanque
Tanque
Tapales
Tapalguás
Tapalwás
Tapasle
Tapriedra Pintada
Tarca
Tasbapauni
Tasbapauni
Tasbapawnie
Tasbapone
Tasbapone
Tasbaraya
Tastaslí
Tawantara
Tawantla
Tawasakia
Tayguay
Tecolostote
Tecomajoche
Tecomapa
Tecomapita
Tecuaname
Tee Kamp
Tejera
Tejerina
Telape
Telica
Telpaneca
Telpochapa
Telpochoapa
Telquezal
Temoa
Tempate
Tempisque Negro
Tempisquiapa
Teotecacinte
Teotecicante
Tepalón
Tepetate Granada
Tepetate
Terabona
Terrabona
Terranova
Terrero
Teustepe
Tichaná
Tichán
Ticuantepe
Tierra Azul
Tierra Blanca
Tierra Blanca
Tierra Blanca
Tierra Colorada
Tierra Colorada
Tierra Dorada
Tierras Blancas
Tigre
Tiguilillo
Tijero
Tipitapa
Tisma
Tizate
Todo Obrero
Tolapa
Tola
Tololar
Tololos
Tomalapa
Tomatollita
Tomatoya
Tomatoya
Tomatoyo
Tomayuca
Tomayunca
Tomvalle
Tonalá
Tongua
Toro Blanco
Toro Overo
Torre Cinco
Torre Dos
Tortuguero
Totacasinte
Totecacinte
Totecasinte
Totogalpa
Totolapa
Totumbla
Totumblita
Transito
Trapichito
Trinidad
Trinidad
Trujillo
Trujillo
Truskusirpi
Truskutara
Tuapí
Tuara
Tuestepe
Tule
Tule
Tulimbila
Tumarín
Tuma
Tum Tum
Tuncar
Tungla
Tupilapa
Tupitapa
Tuskro Sirpe
Tuskro Tara
Tuskru Sirpi
Tuskru Tara
Twapi
Uhran
Uhri
Ukunni
Ulwás
Umbra Sumal
Umbra
Upá
Upla Pruan
Urbaite
Uskira
Utila
Utlamasta
Vaguas
Vailavas
Valencia
Valgüe
Valle Congojas
Valle Dantalí
Valle de Colón
Valle de Gothel
Valle de Las Zapatas
Valle de Ocotal
Valle de Trujillo
Valle Ducualí
Valle El Ángel
Valle El Brasil
Valle El Charco
Valle El Danto
Valle El Jocote
Valle El Limón
Valle El Nisperal
Valle el Ojochal
Valle El Orégano
Valle El Tablón
Valle El Tamarindo
Valle El Tempisque
Valle Gotel
Valle Gottel
Valle Guadalupe
Valle Guayucalí
Valle Kuikuinita
Valle La Plazuela
Valle Las Calabazas
Valle Las Pilas
Valle Las Zapatas
Valle La Tejera
Valle Los Aburtos
Valle Los Encuentros
Valle Los Robles
Valle Mancotal Abajo
Vallemenier
Valle Menir
Valle Sabana Larga
Valle Sabana
Valle San Andrés
Valle San Antonio
Valle San Antonio
Valle San Francisco
Valle San Francisco
Valle San José
Valle San José
Valle San Juan de Sabana Grande
Valle San Juan de Somoto
Valle Santa Cruz
Valle Santa Isabel
Valle Santa Teresa
Valle Santo Domingo
Valle Telpochapa
Valparaíso
Valque
Vegas
Veinticuatro
Venecia
Venecia
Venecia
Venecia
Veracruz
Veracruz
Veracruz
Veracruz
Veracruz
Veracruz
Verapaz
Verapaz
Viejo
Viente Cuatro
Vigía del Río Grande
Vigías
Viila Somoza
Villa 15 de Julio
Villa 15 de Junio
Villa Carlos Fonseca Amador
Villa El Carmen
Villa Nazaret
Villanueva
Villa of Nicaragua
Villa Quince de Julio
Villa Salvadorita
Villa Sandino
Villa Somoza
Virgen
Virgen
Viscaíno
Vista Alegre
Volcan
Voy y Vengo
Vueltas
Wailawas
Waingka Laya
Wainkalaya
Wakaban
Walakitan
Walpasicsa
Walpasiksa
Walpa Sixa
Walpasixa
Walpa
Wanblán
Waní
Wankluma
Wany
Warnata
Washington
Waska
Waslala
Waslala
Wasla
Waspado
Waspam
Waspán
Waspuko
Waspuk
Wasta
Waswalí Abajo
Waswali
Wawasang
Wawashan
Wawa
Wayawás
Waylaska
Weinkalaya
Wilder
Wiliwa
Wina
Wirapahani
Wiwás
Wiwilí
Wiwinak
Wounta Plantation
Wounta
Wualpa
Wualpaxisca
Wualpaxisco
Wuaní
Wuany
Wuina
Wuonta
Yabaltara
Yablis
Yacica-Sur
Yacica
Yagualica
Yakalpanani
Yalagüina
Yalí
Yasica Norte
Yasica Sur
Yaule Abajo
Yayule
Younga
Yucapuca
Yucapuca
Yucica-Sur
Yulu Tingni
Yulú
Yupalí
Zaguatepe
Zambrana
Zambrano
Zapata
Zapatos
Zapotal
Zapotal
Zapote
Zapote
Zapotillal
Zapotilla
Zapotillo
Zapotillo
Zarzales
