1e Exloërmond
2e Exloërmond
2e Valthermond
2e Vlotbrug
Aadorp
Aagtdorn
Aagtdorp
Aagtekerke
Aaien
Aaijen
Aalanden
Aalbeek
Aalburg
Aalden
Aaldonk
Aalsmeer
Aalsmeerderbrug
Aalst
Aalst
Aalsum
Aalsum
Aalten
Aalzum
Aam
Aan de Berg
Aan de Bergen
Aan de Maas
Aan de Popelaar
Aandepoppelaar
Aan de School
Aan de Zuwe
Aan het Broek
Aan Reijans
Aanschot
Aanwas
Aard
Aardam
Aardenburg
Aardenhout
Aardswoud
Aardt
Aarlanderveen
Aarle
Aartswoud
Aartwoud
Aasterberg
Aasterein
Abbega
Abbegaasterketting
Abbekerk
Abbekinderen
Abbenbroek
Abbenes
Abbengawier
Abbestede
Abbeweer
Abbewier
Abbingawier
Abcoude
Abcoven
Abdissenbosch
Abkoude
Absdale
Abshoven
Abswoude
Abtsdale
Abtswoude
Achlum
Acht
Achterberg
Achterbos
Achterbosch
Achterbosch
Achterbroek
Achterbroek
Achter de Vree
Achterdiep
Achterdijk
Achterdijk
Achterdijk
Achterdrempt
Achtereind
Achter het Klooster
Achterhoek
Achterhoek
Achterhoek
Achterhroek
Achter-Lindt
Achterlo
Achterom
Achtersloot
Achterste Brug
Achterste Diesdonk
Achterste Distelberg
Achterste Erm
Achterste Hees
Achterste Heide
Achterste Heikant
Achterste Hermalen
Achterstehoek
Achterste Rith
Achter-Thesinge
Achterveld
Achter-Weel
Achterwehl
Achterwetering
Achthoven
Achthoven
Achthuizen
Achtmaal
Achtsehoek
Achttienhoven
Achttienhoven
Ackooi
Ackooy
Acquoij
Acquoy
Adegeest
Adeward
Adewardervoorwerk
Adorp
Aduard
Aduardervoorwerk
Aduarderzijl
Aegum
Aekinga
Aerdenhout
Aerdt
Afferden
Afferden
Afhang
Afraai
Afsched
Agelo
Agodorp
Aijen
Aijn
Akersloot
Akert
Akker
Akkerput
Akkerwoude
Akkooi
Akkrum
Akmarijp
Aksel
Albergen
Alblasserdam
Aldegea
Aldhoarne
Aldlan
Alem
Alendorp
Alexanderpolder
Alfen
Alfen
Alfen
Alfen-Boschoven
Alhlasserdam
Alinghuizen
Alkmaar
Allardsoog
Allartsoog
Allerdsoog
Allersma
Allingaweer
Allingawier
Almelo
Almeloo
Almen
Almenum
Almere
Almere-Haven
Almkerk
Alphen aan den Rijn
Alphen aan de Rijn
Alphen aan der Rijn
Alphen
Alphen
Alphen
Alphen Boschoven
Alphen-Boshoven
Alphen Bosschoven
Alphen-Oosterwijk
Altena
Alteveer
Alteveer
Alteveer
Altforst
Alting
Altweert
Altweerterheide
Alverna
Alvershool
Ambij
Amby
Ameide
Amen
America
Amerika
Amerika
Amerongen
Amersfoort
Ammerssluis
Ammerstol
Ammerzoden
Ampsen
Amsen
Amsteleind
Amstelhoek
Amstelveen
Amstenrade
Amsterdam
Amsterdamscheveld
Amsterdamsche Veld I
Amsterdamseveld
Amsweer
Andel
Andel
Andelst
Anderen
Andijk
Andijk Oost
Andijk West
Ane
Anerveen
Anevelde
Angelslo
Angelsloo
Angeren
Angerlo
Anholt
Anjum
Ankeveen
Ankeveense Rade
Anklaar
Ankrum
Ankum
Anlo
Anloo
Anna Jacoba
Anna Jacobapolder
Annaparochie
Anna Paulowna
Anna Paulowne
Anneburen
Annen
Annendaal
Annerveen
Annerveenschekanaal
Annerveensch Kanaal
Anneville
Annwas
Anreep
Ansen
Antonis
Apeldoorn
Apenhuizen
Aperloo
Appel
Appelscha
Appelsga
Appeltern
Appen
Appingedam
Arcen
Archem
Arendnest
Arendsnest
Arensgenhout
Ariën
Arkel
Arkens
Arkum
Armhoede
Armwei
Armweide
Arnemuiden
Arnheim
Arnhem
Arnoud
Arriën
Arriërveld
Arum
Arwerd
Asbroek
Asch
Aschat
Aselo
Asenraij
Asenray
Asnapium
Asperen
Aspert
Asschat
Asschot
Assel
Asselt
Assen
Assendelft
Assendorp
Assendorp
Assenraai
Assinkshoek
Assum
Asten
Attelaken
Atzeburen
Augsbuur
Augsbuurt
Augsbuurt-Lutjewoude
Augstbuurt
Augustinusga
Austerlitz
Avelingen
Avenhorn
Avereest
Averlo
Averloo
Averreest
Avest
Avezaath
Axel
Axelsche Sassing
Axels Sassing
Axwijk
Ayen
Azelo
Azeloo
Azenraai
Azenray
Azewijn
Baai
Baaiduinen
Baaidunen
Baaijum
Baak
Baakhoven
Baaksem
Baal
Baalde-Radewijk
Baalder
Baalhoek
Baambrugge
Baambrugse Zuwe
Baamsum
Baanhoek
Baar
Baard
Baardburen
Baarderburen
Baardwijk
Baarland
Baarle Boschoven
Baarle-Boshoven
Baarle Bosschoven
Baarle-Nassau
Baarle-Nassau-Grens
Baarlo
Baarlo
Baarloo
Baarloo
Baarloseweg
Baarn
Baars
Baarschot
Baarsdorp
Baarsdorpermeer
Baarstraat
Babberich
Babiloniënbroek
Baburen
Babyloniënbroek
Badhoevedorp
Badhoezedorp
Baexem
Baflo
Bagben
Baggel Huizen
Bagven
Bahr
Baijum
Baium
Bajum
Bakel
Bakelsebrug
Baken
Bakenberg
Bakendorp
Bakermark
Bakertand
Bakheide
Bakhuisbos
Bakhuizen
Bakkerom
Bakkersdam
Bakkeveen
Bakkum
Balgoij
Balgoij
Balgoy
Balhofstede
Balinge
Balk
Balkbrug
Ballast
Balleman
Ballingbuur
Ballo
Balloo
Ballum
Balmahuizen
Bandsloot
Banenheide
Bangerd
Bangert
Banholt
Bankert
Banne Buiksloot
Bant
Bantega
Barchem
Barendrecht
Bareveld
Bargebek
Bargen
Barger
Barger-Compascuum
Barger-Erfscheidenveen
Bargeres
Barger-Oosterveen
Barger-Oosterveld
Barlage
Barlaque
Barlo
Barloo
Barneveld
Barnflair
Baronsbergen
Barrier
Barsbeek
Barsingerhorn
Bartlehiem
Barwoudswaarder
Barwoutswaarder
Basse
Basserveld
Batadorp
Bat
Batenburg
Bath
Bathmen
Batmen
Bato's Erf
Battenoord
Batum
Bavel
Bavinkel
Bazeldijk
Bazuin
Beckum
Bedaf
Bedum
Beegden
Beek
Beek
Beek
Beekbergen
Beekdorp
Beekkant
Beekveld
Beekweide
Beemd
Beemdkant
Beemte
Beerenplaat
Beers
Beers
Beerschoten
Beersdal
Beersdonk
Beerse
Beerserveen
Beersterhogen
Beersterhoogen
Beerta
Beerten
Beertsenhoven
Beerze
Beerzerhaar
Beerzerveld
Beesd
Beesel
Beest
Beetgum
Beetgumermolden
Beetgumermolen
Beets
Beets
Beetsterweg
Beetsterzwaag
Behelp
Beiersche
Beijersche
Beijum
Beilen
Beilervaart
Beinsdorp
Beinum
Beitel
Bekelaar
Bekenes
Bekkum
Bekveld
Belcrum
Beldert
Belfeld
Belfort
Belgenhoek
Belgeren
Bella Vista
Bellingeweer
Bellingwolde
Bel Nem
Belt
Beltrum
Belt-Schutsloot
Belvert
Bemelen
Bemmel
Bemmel
Bemmelskous
Bemmer
Bendersche
Benderse
Benedenberg
Beneden Delwijnen
Benedeneind
Benedeneind
Beneden-Haastrecht
Beneden-Haastrect
Benedenheul
Benedenkerk
Benedenknijpe
Beneden-Leeuwen
Benedenvaart
Beneden Veensloot
Benesuela
Bennebroek
Bennekom
Benners
Benneveld
Benningbroek
Benoordenhout
Benoordenhoutsche Vaard
Benschop
Bent
Bentelo
Benteloo
Bentem
Benten
Benthem
Benthuizen
Bentum
Bentveld
Benzenrade
Berchem
Berenbroek
Bergakker
Bergambacht
Berg
Berg
Bergeijk
Bergeik
Bergen aan Zee
Bergen
Bergen
Bergen-Binnen
Berg en Bos
Berg en Dal
Bergenhuizen
Bergen op Zoom
Bergenshuizen
Bergentheim
Bergerden
Bergeyk
Bergharen
Berghem
Berghem
Berghkwartier
Berghuis
Berghuizen
Berghuizen
Berghum
Bergkwatier
Bergsche Heide
Bergschenhoek
Bergsebaan
Bergstoep
Bergstraat
Bergum
Bergumer-Nieuwstadt
Bergweide
Berik
Beringe
Beringen
Beringerhoek
Berk
Berkeind
Berkeindje
Berkelaar
Berkel
Berkel
Berkenrode
Berkenwoude
Berkhoek
Berkhout
Berkmeer
Berkt
Berkum
Berkum-Bruggenhoek
Berlicum
Berlikum
Berlikum
Berm
Bern
Bernissche Hoeven
Bernsche Hoeven
Bernsterburen
Berverwyk
Besel
Besoijen
Besooien
Besoyen
Besselaar
Best
Besthmen
Bestmen
Beswerd
Bethlehem
Betterwird
Beugen
Beugt
Beuil
Beukelaar
Beul
Beuningen
Beuningen
Beusbergen
Beuseberg
Beusichem
Beutenaken
Bevermeer
Beverwijk
Bezooien
Bezuidenhout
Bidderkerk
Biddinghuizen
Bieberg
Biert
Bierum
Biervliet
Bies
Biesdonk
Bieshaar
Biesland
Biessum
Biest
Biesthoek
Biest-Houtakker
Biestraat
Biesum
Biezelinge
Biezen
Biezenheuvel
Biezenkuilen
Biezenmortel
Biggekerke
Bijlmer
Bijlmermeer
Bijsteren
Bijsterveld
Bijvanck
Bikbergen
Bikkershorn
Bilderdam
Bilgaard
Bilgaerd
Billinghuizen
Bilthoven
Bingelrade
Bingerden
Binnenheurne
Binnenhof
Binnen-Moerdijk
Binnenwijzend
Birdaard
Birk
Birstum
Bisschop
Bisschopswetering
Bisselt
Bissen
Bitswijk
Bittens
Blaak
Blaaksche Dijk
Blaakschendijk
Blaaksedijk
Blaartem
Blaarthem
Blaasbalg
Bladel
Blaker
Blankenberg
Blankenburg
Blankenham
Blaricum
Blarikum
Blauw
Blauwe Hand
Blauwe Keet
Blauwenhoek
Blauwesluis
Blauwe Sluis
Blauwewijk
Blauwhuis
Blauwkapel
Blauwverlaat
Bleienbeek
Bleijenbeek
Bleijerheide
Bleiswijk
Blekkink
Blekslage
Blenkert
Blerick
Blerik
Blesdijk
Blesdijke
Blesdijkerveld
Bleskensgraaf
Blesse
Blessum
Blieswijk
Blija
Blijdenstein
Blijenbeek
Blijham
Blikhalm
Blitterswijck
Blitterswijk
Bloemberg
Bloemendaal
Bloemendaal
Bloemendaalseweg
Bloemhof
Blokdijk
Blokhuizen
Blokker
Blokland
Blokum
Blokzijl
Bobeldijk
Bocholtz
Bocholtzerheide
Bocholz
Boddenbroek
Bodegraven
Boechouterhaven
Boeicop
Boeiink
Boeikoop
Boeikop
Boekel
Boekel
Boekelo
Boekeloo
Boekend
Boekend
Boekenderbos
Boeket
Boekhorst
Boelenslaan
Boerakker
Boer
Boerdijk
Boerdonk
Boerelaan
Boerengat
Boerenhoek
Boerenhol
Boerenstreek
Boerhaar
Boermastreek
Boertang
Boertange
Boerveenschemond
Boesingheliede
Boetele
Boeteloo
Boevenheuvel
Bogaard
Bohemen
Boijl
Boil
Bois-le-Duc
Bokhorst
Bokhoven
Boksheide
Boksmeer
Bokstel
Boksum
Bokt
Bolberg
Bolenberg
Bolkhoek
Bolkshoek
Bollendorp
Bollingawier
Bolnes
Bolshuizen
Bolst
Bolsward
Bomen- en Bloemen Buurt
Bommel
Bommelskous
Bommenede
Bommerich
Bong
Bonkwerd
Bonnen
Bonnerveen
Bonrepas
Bontebok
Bontebrug
Bontemorgen
Boomen
Boompjes
Boompjesdijk
Booneschans
Boord
Boornbergum
Boornzwaag
Boornzwaag over de Wielen
Borchwerf
Borculo
Borgele
Borger
Borgercompagnie
Borgertange
Borgharen
Borgsweer
Borgweg
Borkel
Borkeld
Borkulo
Born
Borne
Borne
Bornebroek
Bornerbroek
Bornwerd
Bornwird
Bornwirdhuizen
Borsele
Borssele
Borsselen
Borteldonk
Bosch
Boscheind
Bosch en Duin
Boschheurne
Boschhoven
Boschkant
Boschkant
Boschkens
Boschoord
Boschoven
Boschweg
Bos en Lommer
Boshoek
Boshoven
Boshoven
Boshoven-Vrakker
Boshuizen
Bosje
Boskamp
Boskant
Boskoop
Boslust
Bosschenhoofd
Bosschenhuizen
Bosscherheide
Bossenburgh
Bosserheide
Bosserstraat
Boteburen
Botele
Boterveen
Boterwijk
Botshol
Botshoofd
Bottel
Bottom
Bouchauterhaven
Boudewijnskerke
Bouille
Boukoel
Boukoul
Bourtange
Bouwberg
Bouwerschap
Bovenberg
Boven Bolivia
Bovenburen
Bovendijks
Boveneind
Boven-Haastrecht
Boven Hardingsveld
Boven-Hardinxveld
Bovenkarspel
Bovenkerk
Bovenkerk
Bovenknijpe
Boven-Leeuwen
Bovenrijge
Bovensluis
Bovensmilde
Bovenstad
Bovenste Huis
Bovenstreek
Bovenstreek
Bovenstreek
Bovenveen
Boven Veensloot
Bowgraven
Boxmeer
Boxtel
Boxum
Boyl
Boyle
Bozum
Braakhoek
Braakhuizen
Braakpeel
Braamberg
Braamberg
Braambosch
Braamt
Braband
Brabander
Brachterbeek
Brakel
Brakel
Brakkenstein
Brakkenstraat
Brakkestein
Brammelo
Brammeloo
Brand
Brandeburen
Brandemolen
Brandevoort
Brandt
Brandwijk
Brantgum
Breda
Bredelaar
Bredevoort
Bredeweg
Bredius Kwartier
Breede
Breedenbroek
Breedeveen
Breedschot
Breehees
Breemortel
Breeveld
Breezand
Breezand
Bregtdorp
Breklenkamp
Bremberg
Brembosch
Brem
Breskens
Breudijk
Breugel
Breukelen
Breukelen
Breukelerveen
Breukeleveen
Breust
Bricat
Briel
Brielle
Brienenoord
Brienenoordbrug
Brigdamme
Brijdorpe
Brillerij
Briltil
Brinke
Brinkheurne
Brinkhoek
Brinkhorst
Brinkmanshoek
Britsum
Britswerd
Broek
Broek
Broek
Broek
Broek
Broek
Broek
Broekdijk
Broekeind
Broekenseind
Broekerhaven
Broekhem
Broekheurne
Broekhin
Broekhoek
Broekhorn
Broekhoven
Broekhoven
Broekhuizen
Broekhuizen
Broekhuizen
Broekhuizen
Broekhuizenvorst
Broekhuizervorst
Broek in Waterland
Broekkant
Broekkant
Broekland
Broekland
Broeklanden
Broek-Noord
Broekoord
Broek op Langedijk
Broek op Langendijk
Broeksittard
Broeksterwoude
Broekveld
Broekzijde
Broekzijde
Brommelen
Brongerga
Bronkhorst
Bronneger
Bronnegerveen
Bronsberg
Bronsbergen
Bronsveen
Brouwershaven
Brouwershoek
Brouwhuis
Bruchem
Brucht
Bruchterveld
Brug
Bruggemors
Bruggen
Bruggenmors
Bruggenum
Bruggerhuizen
Bruil
Bruinehaar
Bruinisse
Bruisterbosch
Brukske
Brumhold
Brummen
Brunnepe
Brunsbergen
Brunssum
Brunsting
Brunsum
Bruntinge
Bubel
Buchten
Budel
Budel-Dorplein
Budel-Schoot
Budschop
Buena Esperansa
Buena Vista
Bueren
Buggenem
Buggenum
Buiksloot
Buikslotermeer
Buikstede
Buinen
Buinerveen
Buis
Buitenhof
Buitenhuizen
Buitenhuizen
Buitenhuizen
Buitenkaag
Buitenpost
Buitensluis
Buitenstvallaat
Buitenstverlaat
Buitenveldert
Bulkemsbroek
Bulkenaar
Bullenkamp
Bult
Bultinge
Bunde
Bunne
Bunnik
Bunschoten
Bunt
Buren
Buren
Burg
Burg
Burgemeester Beinsdorp
Burgerbrug
Burgerdijk
Burgerenk
Burgersdijk
Burgerveen
Burgervlotbrug
Burgh
Burghsluis
Burgsluis
Burgt
Burgwerd
Burum
Bus
Busch en Dam
Bussel
Busselte
Bussereind
Bussloo
Bussum
Butterhuizen
Buttinga
Buttinge
Buurmalsen
Buurse
Buurtje
Buurtsdijk
Buweklooster
Buytenwegh de Leyens
Cabauw
Caberg
Cadier
Cadier en Keer
Cadoelen
Cadoelen
Cadzand-Bad
Cadzand
Calfven
Californië
Callantsoog
Camerig
Camp
Campen
Camperduin
Camperland
Capelle aan den IJssel
Capelle
Capelle
Capelle
Capelle-Oostgaarde
Capelle-Schenkel
Capelle-West
Caranjito
Carnisse
Cartils
Casant
Cas Corá
Castelre
Castenraai
Castenraij
Castenray
Casteren
Castricum aan Zee
Castricum
Catarinadal
Catrijp
Catryp
Catsop
Cattenbroek
Cellemuiden
Centrum
Ceresdorp
Chaam
Chaamdijk
Chapel Piece
Charlois
Chêvremont
Cillaarshoek
Clinge
Cocksdorp
Coelhorst
Coendersborg
Coeroeboeroe
Coevering
Coevorden
Coldenhove
Colijnsplaat
Collendoorn
Collendoornerveen
Colmont
Colmschate
Colonies
Colonjes
Commandeurs
Commissiepolle
Concordia
Corle
Cornjum
Cornwerd
Cortenoever
Cothen
Cottage Pasture
Cottessen
Couwelaar
Covik
Craailo
Crabbehof
Crailo
Crailoo
Cranendonck
Crapoel
Craubeek
Creil
Crèvecoeur
Crispeen
Crixhoek
Crob
Cromvoirt
Croy
Cruquius
Cubaard
Cuijk
Culemborg
Culemburg
Culenborg
Cuyk
Daarle
Daarlerveen
Daland
Dal
Dale
Dalem
Dalem
Dalen
Dalerend
Dalerpeel
Dalerveen
Dalfsen
Dallingeweer
Dalmsholt
Dalmsholte
Dalvoorde
Dalvoorden
Dam
Dam
Damwoude
Daniken
Dante
Dantumawoude
Darp
Darthuizen
Dashorst
Dassemus
Dauwendaele
De Aa
De Aa
De Aspert
De Baan
De Baest
De Bangert
De Banjaard
De Banken
De Bazeldijk
De Beek
De Beek
De Beekkant
De Belt
De Bente
De Berg
De Berg
De Bergen
De Berken
De Biezen
De Bijlmer
De Bijvang
De Bildt
De Bilt
De Binnen-Moerdijk
De Birk
De Birkt
De Blaak
De Blaak
De Blesse
De Blijnse
De Blokken
De Boer
De Boikeld
De Bolt
De Borkeld
De Bosjes
De Bottel
De Brabander
De Bramert
De Brand
De Bree
De Briel
De Bril
De Broek
De Bruil
De Bruil
De Buis
De Bult
De Bult
De Bult
De Bund
De Bunt
De Burg
De Burgh
De Bus
De Buurt
De Cocksdorp
De Compagnie
Deddingabuurt
De Delle
De Dellen
Dedemsvaart
De Dennenhoek
Dedgom
Dedgum
De Domp
De Donk
DeDood
De Doornakkers
De Drait
De Driehoek
De Droo
De Druif
De Eeck
De Eeuwsels
De Efteling
Deelen
De Elft
De Elft
Deelgemeente Prins Alexander
Deelse Kampen
Deelshurk
De Emmer
De Eng
De Engel
Deenschenhoek
Deenterra
Deersum
Deest
De Folgeren
De Gaasten
De Gagel
De Galhoek
De Geer
De Geeren
De Gest
De Ginkel
De Ginkel
De Glind
De Glip
De Goorn
De Gors
De Gouw
De Grebbe
De Greiden
De Grits
De Groe
De Groep
De Groeve
De Groeve
De Groeze
De Haal
De Haandrik
De Haar
De Haar
De Haar
De Haar
De Haar
De Hagen
De Ham
De Hamert
De Har
De Hare
De Haspel
De Haukes
De Hee
De Heeg
De Heen
De Heenweg
De Hees
De Hees
De Heibloem
De Heid
De Heide
De Heide
De Hei
De Heij
De Heikant
De Heikant
De Heiplaat
De Hel
De Helluw
De Hem
De Hem
De Heuf
De Heul
De Heul
De Heurne
De Heuvel
De Heuvel
De Heuvels
De Hilte
De Hoef
De Hoef
De Hoef
De Hoef
De Hoek
De Hoek
De Hoek
De Hoek
De Hoelm
De Hoeve
De Hoeven
De Holle Poarte
De Holm
De Hondsberg
De Hoogeweg
De Hooge Wegen
De Hoop
De Hoorn
De Hoorn
De Horck
De Horn
De Horst
De Horst
De Horst
De Houkes
De Hout
De Hoven
De Hoven
De Hoven
De Hoven
De Huizen
De Hulk
De Hulst
De Hut
De Hutten
Deijleroord
Deil
Deil
Deileroord
De Inlaag
Deinum
De Jammer
De Jordaan
De Jouwer
De Kaag
De Kade
De Kampen
De Kapel
De Kapel
De Kar
De Keegen
Dekeshorst
De Kiel
De Kieviet
De Kievit
De Kievit
D' Ekker
Dekkershuizen
De Kladden
De Klei
De Klem
De Kling
De Klomp
De Klosse
De Kluis
De Knijp
De Knijpe
De Knipe
De Knol
De Knolle
De Knype
De Kolk
De Kolk
De Kolonie
De Kolonie
De Koog
De Kooi
De Kooi
De Kooten
De Kooy
De Kop van het Land
De Kouk
De Kraan
De Kraats
De Kreek
De Krim
De Krim
De Kroeven
De Kroost
De Krosselt
De Kruin
De Kruisberg
De Kruiskamp
De Kruisweg
De Kwakel
De Laak
De Laak
De Laan
De Laar
De Lage Vuursche
De Langstraat
De Laren
Delburen
Delden
Delden
Deldenerbroek
Deldeneresch
De Leek
De Leeuwte
De Leije
De Leijen
De Lemmer
De Lent
De Lethe
De Leuke
Delfgauw
Delfshaven
Delfstrahuizen
Delft
Delfzijl
Delfzyl
De Lier
Dellen
De Locht
De Loete
De Logt
De Loo
De Loo
De Loofaert
De Looi
De Lutte
Delwijnen
De Maer
De Marke
De Markt
De Mars
De Marshoek
De Marslanden
De Maten
De Maten
De Maurik
Dem
De Meele
De Meene
De Meene
De Meente
De Meenthe
De Meer
De Meern
De Meie
De Meije
De Melm
Demen
De Mheen
De Middel Buurt
De Mije
Demmerik
Demmershoek
De Moer
De Moespot
De Molen
De Mortel
De Mortel
De Muis
De Mulderij
De Munte
Den Akker
Den Andel
Den Bommel
Den Bosch
Den Bosch
Den Braam
Den Briel
Den Broek
Den Broek
Den Bruil
Den Burg
Den Deijl
Den Deil
Den Deyl
Den Dolder
Den Dool
Den Dungen
Denekamp
Den Elshout
Denemarken
Den Emer
Den Eng
De Nes
De Nes
De Nes en Zwaluwenbuurt
Den Haag
Den Ham
Den Ham
Den Ham
Den Ham
Den Helder
Den Heuvel
Den Hoef
Den Hoef
Den Hoek
Den Hoelm
Den Hool
Den Hoorn
Den Hoorn
Den Hoorn
Den Hoorn
Den Horn
Den Hout
Den Huizen
Den Hulst
De Nieuwe Hoeven
De Nieuwstad
Den Ilp
Den Kaat
Dennenburg
Dennenoord
Den Nul
Den Oever
Den Oever
De Noord
Den Oord
Den Oosterhuis
Den Opslag
Den Osse
Dentera
Den Treek
Den Tuna
Den Velde
Den Westerhuis
De Paal
De Paauwen
De Pallert
De Pals
De Pan
De Pan
De Park
De Pas
De Pauwen
De Pettelaar
De Peulen
De Piksen
De Plaats
De Plak
De Plas
De Platvoet
De Pleegste
De Poffert
De Pol
De Pol
De Polle
De Polle
De Pollen
De Poppe
De Posthoorn
De Punt
De Purmer
De Rand
De Ratte
De Reit
Der Helder
De Rietschoof
De Rijlst
De Rijp
De Rijtjes
De Roemer
De Rompert
De Roond
De Roskam
De Rotte
De Rotting
Derp
De Ruif
De Ruigewaard
De Rund
De Run
De Schans
De Schans
De Schietbaan
De Schooten
De Schutterij
De Snipperij
De Spronk
De Stack
De Stad
De Stapel
De Statendam
De Steeg
De Sterre
De Stolpen
De Stork
De Strange
De Streek
De Strook
De Stuw
De Tempel
De Tempel
De Teuge
De Tij
De Tike
De Tinte
De Tippe
De Tuut
De Uithof
Deuringen
Deurne
Deurninge
Deurningen
Deursen
Deurssen
Deurze
Deurzen
Deurzen-en-Dennenburg
Deuteren
De Vaart
De Val
De Valk
De Valom
De Vecht
De Veenhoop
De Velde
De Vennen
Deventer
De Vierburen
De Vijf Eiken
De Vijfhoek
De Vink
De Vlijt
De Voort
De Voort
De Voorwaarts
De Vorst
De Vossenpels
De Vrijheid
De Vuursche
De Waal
De Wacht
De Weed
De Weel
De Weerd
De Weere
De Weert
De Weide
De Weijer
De Werken
De Westen
De Westergast
De Westerhoeve
De Wetering
De Wieken
De Wielschehoeven
De Wijert
De Wijk
De Wijzend
De Wiken
De Wilgen
De Wilp
De Wind
De Winkel
De Woerd
De Wopereis
De Woude
De Woudfennen
De Wyk
De Zandberg
De Zande
De Zandhoek
De Zandloper
De Zilk
De Zoeke
De Zomerdijk
De Zoom
De Zulthe
De Zwet
De Zweth
Dichteren
Didam
Dieden
Diefdijk
Diemen
Diemerbroek
Diemerbrug
Diepenbroek
Diependal
Diepenheim
Diepenveen
Diepswal
Dieren
Diergaarde
Diermen
Diesen
Dieskant
Diessen
Dieteren
Dieverbrug
Diever
Dieze
Dieze Oost
Dieze West
Diffelen
Dijk
Dijk
Dijk
Dijken
Dijkerhoek
Dijkerstraat
Dijkhoek
Dijkhuisjes
Dijkhuizen
Dijkhuizen
Dijkmanshuizen
Dijkshoek
Dijkshorne
Dijksterburen
Dijkwel
Dijnacker
Dikbroeken
Dikkenberg
Dingen
Dingsperloo
Dingsterveen
Dinteloord
Dinter
Dinther
Dinthersehoek
Dinxperlo
Dinxterveen
Diphoorn
Dirckshorn
Dirkshorn
Dirksland
Dishoek
Disseldorp
Distelberg
Diunt
Djept
Dochteren
Dodewaard
Doenrade
Doesburg
Doesburgerbuurt
Does Burger Huurt
Doetinchem
Doeveren
Doezum
Doijum
Dokkum
Dokkumernieuwezijlen
Dolberg
Dolder
Doldersum
Dolphia
Domburg
Dommel Bergen
Dommelen
Dommelsvoort
Domwier
Donderberg
Donderen
Dongen
Dongenschevaart
Dongensch Vaart
Dongense Vaart
Dongenvaart
Dongjum
Dongwier
Doniaburen
Doniaga
Donk
Donk
Donkerbroek
Donkereind
Donkersvoort
Donkervliet
Donzel
Doodenhoek
Doodeward
Doodstil
Doonheide
Doornakkers
Doorn
Doornenburg
Doornhoek
Doornik
Doorning
Doornspijk
Doornspyk
Doornsteeg
Doorwerth
Doosje
Dordrecht
Dordt
Dorkwerd
Dorp Antriol
Dorp
Dorplein
Dorp Nikiboco
Dorp Nikiboko
Dorp Noor i Sãlina
Dorp Nor i Saliña
Dorpplein
Dorp Rincan
Dorp Rincón
Dorp Sabana
Dorp Tera Corá
Dorp Tera Kora
Dorshout
Dorst
Dort
Dorterhoek
Dortherhoek
Douvergenhout
Douwen
Draaibrug
Draai
Draaisterhuizen
Drachster Compaghnie
Dracht
Drachten
Drachtstercompagnie
Dreischor
Drempt
Dremt
Dreumel
Driebergen
Drieboerehuizen
Drieborg
Driebruggen
Drieburg
Driedorp
Drie
Drieënhuizen
Drie Hoefijzers
Drie Hoefijzers
Driehoek
Driehuis
Driehuis
Driehuizen
Driehuizen
Driehuizen
Driel
Driemanspolder
Driemolens
Driemond
Driene
Drieschouwen
Driesprong
Driesum
Driewegen
Driezum
Drijber
Drijschor
Drimmelen
Drocht
Drochteropslagen
Droge
Drogeham
Drogendijk
Drogt
Drogteropslagen
Drongelen
Dronrijp
Dronten
Droo
Droogeham
Drouwen
Drouwenermond
Drouwenerveen
Druisdijk
Drumpt
Drumt
Drunen
Druten
Dubbeldam
Dubbroek
Duifhuis
Duikschehoeven
Duiksehoef
Duikse Hoeven
Duindorp
Duin
Duin en Bosch
Duin-en-Daal
Duinen
Duinzigt
Duistervoorde
Duivedans
Duivendans
Duivendrecht
Duiven
Duivenhoek
Duizeldonk
Duizel
Duizen Morgen
Dukenburg
Dulder
Dun
Dungen
Dunsborg
Durgerdam
Dusseldorp
Dussen
Dutten Del
Duur
Duurendseind
Duurkenakker
Duurse
Duurswoude
Duyn en Dael
Dwarsdiep
Dwarsdijk
Dwarsgracht
Dwarsweg
Dwingelo
Dwingeloo
East Flylân
Ebbenbroek
Echel
Echt
Echteld
Echten
Echten
Echtenerbrug
Echterbosch
Echterbrug
Eckart
Eck
Eckelrade
Eck en Wiel
Edam
Ede
Edens
Ederveen
Eede
Ee
Eefde
Eefsele
Eekamp
Eekeburen
Eekenrade
Eeksta
Eekst
Eeksterveen
Eekt
Eekwerd
Eekwerderdraai
Eelde
Eeldenerwolde
Eelde-Paterswolde
Eelderwolde
Eelen
Eembrugge
Eemdijk
Eemnes-binne
Eemnesbinnen
Eemnesbuiten
Eemnes
Eempten
Eemster
Eemswoude
Eendragt
Een
Eeneind
Eenigenburg
Eenrum
Eenum
Eenumerhoogte
Een-West
Eerbeek
Eerde
Eerde
Eernewoude
Eerschot
Eersel
Eerste Ekslooërmond
Eerste Exloërmond
Eerste Exsloërmond
Eerste-Valtermond
Eerste Valthermond
Eese
Ees
Eesergroen
Eeserveen
Eesterga
Eestrum
Eesveen
Eeten
Eethen
Eexta
Eext
Eexterveen
Eexterveenschekanaal
Eexterzandvoort
Eeze
Effen
Efteling
Egbertsgaasten
Egchel
Egchelheide
Egede
Egelshoek
Eggelshoven
Egmond aan den Hoef
Egmond aan Zee
Egmond-Binnen
Egmond op den Hoef
Egum
Egypte
Eiberburen
Eibergen
Eibersburen
Eibertburen
Eigelshoven
Eigen
Eijgelshoven
Eijsden
Eijs
Eikberg
Eikelenbosch
Eikelenbosch
Eikelenbos
Eikelhof
Eikenheuvel
Eikenhoek
Eikenreit
Eikske
Eiland
Eiland
Eimeren
Eimighausen
Einde
Eind
Eind
Eindewege
Eindhoven
Eindje
Eind van Den Hout
Einighausen
Eisden
Eis
Eiteren
Ekamp
Ekehaar
Ekenrooi
Ek en Wiel
Ekkelrade
Ekkersrijt
Eksel
Eksloo
Ekslooërveen
Eksmorra
Elahuizen
Elburg
Elde
Eld
Elden
Eldersloo
Elderveld
Eldijk
Eldik
Eldrik
Electra
El
Eleveld
Elfbergen
Elft
Elft
Elim
Elkenraad
Elkenrade
Elkersee
Elkerzee
Ellecom
Ellekom
Ell
Ellemeet
Ellerhei
Ellerhuizen
Ellersinghuizen
Ellertshaar
Ellewoudsdijk
Ellewoutsdijk
Elp
Elsbroek
Elsendorp
Elsen
Elsenerbroek
Elshof
Elshout
Elshout
Elshout
Elslo
Elslo
Elsloo
Elsloo
Elspeet
Elst
Elst
Elsteren
Elzen
Elzen
Elzenerbroek
Elzet
Emer
Emer-Noord
Emer-Zuid
Emmaberg
Emmadorp
Emmawijk
Emmeloord
Emmen
Emmen
Emmer-Compascuum
Emmer-Erfscheidenveen
Emmerhout
Emmermeer
Emmerschans
Emmikhoven
Emmikhovenschedijk
Emmikhuizen
Emminkhuizen
Empe
Empel
Emst
Endepoel
Engbergen
Engeland
Engeland
Engeland
Engelbert
Engelen
Engel
Engelum
Eng
Eng
Eng
English Quarter
Englum
Engwerd
Engwier
Engwierum
Enkhuizen
Enschede
Enschot
Ens
Enspijk
Enspik
Enterbroek
Enter
Entrejol
Enumatil
Enum
Enzelens
Epe
Epen
Epenerheide
Eperheide
Eppenhuizen
Eppenzolder
Epse
Erde
Erfscheidenveen
Erica
Erichem
Erlecom
Erlekom
Ermelo
Erm
Ermerveen
Erp
Esbeek
Escharen
Esch
Eschoten
Esdonk
Espele
Espel
Espelo
Espeloo
Esp
Essebroek
Essen
Essen
Essen
Essesteijn
Est
Esveld
Etenaken
Eten
Etersheim
Etsberg
Etten
Etten
Etzenrade
Eursinge
Eursing
Eurzinge
Euvelgunne
Euvelwegen
Euverem
Evenheuvel
Everdingen
Everland
Everlo
Everloo
Eversdijk
Everse
Evertsoord
Everwenninkhoek
Ewer
Ewijcksluis
Ewijk
Ewinkel
Exel
Exel-Tol
Exloërkijl
Exloërveen
Exlo
Exloo
Exmorra
Exmorrazijl
Eygelshovenerneg
Eygelshoven
Eykereind
Eysden
Eyserheide
Eys
Eze
Ezinge
Ezumazijl
Faan
Farmsum
Fatum
Feerwerd
Feijenoord
Feins
Felland
Fellenoord
Ferwerd
Ferwoude
Fiemel
Fijenoord
Fijnaart
Filippine
Fimel
Finkeburen
Finkega
Finkum
Finsterwolde
Finsterwolderhamrik
Firdgum
Fiscal
Flansum
Fleringen
Flevowijk
Flieren
Fluitenberg
Flushing
Fochtelo
Fochteloo
Fokkershoek
Fokshol
Fokswolde
Folgeren
Follega
Folsgara
Folsgare
Fons
Formearum
Formerum
Fort de Haandrik
Fort
Fortmond
Foudgum
Foxel
Foxham
Foxhol
Foxholsterbosch
Foxwolde
Fraamklap
Franeker
Frankhuis
Frankrijk
Fransegat
Franse Hoef
Fransumervoorwerk
Fransum
Fransummervoorwerk
Frederiksoord
Friens
Friescheloo
Frieschepalen
Frieswijk
Friezenwijk
Frik
Fromberg
Froombosch
Frytum
Gaag
Gaal
Gaanderen
Gaarkeuken
Gaarland
Gaasten
Gaast
Gaastmeer
Gaete
Gageldonk
Gagel
Galamadammen
Galder
Gameren
Gammelke
Gantelwijk
Ganzedijk
Ganzendijk
Ganzenwinkel
Ganzert
Gapinge
Garderbroek
Garderenbroek
Garderen
Gardererbroek
Garijp
Garmerwolde
Garminge
Garnerwolde
Garnisse
Garnwerd
Garrelsweer
Garreweer
Garshuizen
Garsthuizen
Gassel
Gasselte
Gasselterboerveen
Gasselterboerveenschemond
Gasselternijeveen
Gasselternijeveenschemond
Gasselternijveen
Gasselternijveenschemond
Gastel
Gastelsveer
Gasteren
Gasthuis
Gauw
Gawege
Gebergte
Gebroek
Geefsweer
Geelbroek
Geeneind
Geeneneind
Geenhoven
Geenweide
Geerdijk
Geerestein
Geer
Geer
Geersbroek
Geersdijke
Geersdijk
Geerstraat
Geertruidenberg
Geertruid
Geervliet
Geesbrug
Geeserveld
Gees
Geestdorp
Geesteren
Geesteren
Geeuwenbrug
Geffen
Geijsteren
Geisteren
Geitberg
Geitenkamp
Geitenwaard
Geldermalsen
Geldermalsen-Oost
Geldermalsen-West
Gelderschebuurt
Geldersche Huisjes
Gelderse Buurt
Gelderswoude
Gelderwoude
Geldrop
Geldtienden
Geleen
Gelkenes
Gellekom
Gellekum
Gellicum
Gellikum
Geloo
Gelselaar
Gement
Gemert
Gemonde
Gemullehoeken
Genderen
Gendijk
Gendringen
Gendt
Genemuiden
Geneneind
Gening
Genne
Genne-Overwaters
Gennep an der Maas
Gennep
Gennep
Genoenhuis
Genooi
Gent
Genum
Gerheggen
Gerkesklooster
Gerner
Gershot
Gersloot
Gerven
Gerverskop
Gerwen
Gestel
Gest
Geul
Geulhem
Geulle
Geuzenbuurt
Geuzenveld
Gever
Geverik
Gevert
Gewande
Geysteren
Ghil
Giekerkerhoek
Giekerk
Gieltjesdorp
Giersbergen
Giesbeek
Giesdam
Giesendam
Giesen
Giesen Nieuwkerk
Giesen-Oudkerk
Giessenburg
Giessendam
Giessen
Giessen Nieuwkerk
Giessen-Oudekerk
Giessen Oudekirk
Giessen Oudkerk
Gietel
Gietelo
Gieten
Gietersebrug
Gieterveen
Giethmen
Giethoorn
Giethoorn Noord
Gietmen
Gijbeland
Gijbelend
Gijsselte
Gijzel
Gijzenrooi
Gilheads
Gilze
Ginderdoor
Ginderover
Ginkel
Ginkel
Ginneken
Glane
Glanerbrug
Glass Bottle
Glimmen
Glinde
Glinden
Glinder
Glind
Glip
Gnephoek
Godet
Godlinze
Godschalksoord
Goedereede
Goederee
Goejanverwelle
Goejanverwellesluis
Goënga
Goëngahuizen
Goengarijp
Goëngaryp
Goeree
Goes
Goessche Sas
Goesse Sas
Goidschalxoord
Goilberdingen
Goinga
Goingahuizen
Goingarijp
Goirke
Goirle
Golberdingen
Golden Rock
Goldhoorn
Gooi
Gooi
Gooium
Goor
Goor
Goorke
Goorle
Goorn
Goorstraat
Gorinchem
Gorkum
Gorpeind
Gorp
Gorredijk
Gorsel
Gorssel
Gortel
Gouda
Gouden-Ploeg
Gouderak
Goudriaan
Goudschesluis
Goudseweg
Goudswaard
Gouse Sluis
Goutum
Gouwe
Gouwelaar
Gouw
Gouwsche Sluis
Gouwsluis
Goyse Dorp
Graaf
Graafland
Graauw
Gracht
Gracht
Graetheide
Grafhorst
Graftdijk
Graft
Grafwegen
Gramsbergen
Gramsoord
Grashoek
Graspeel
Graswijk
Graszode
Gratem
Grathem
Grauwe Kat
Grauwe Polder
Grauw
Grave
Gravesloot
Grazen
Grebbe
Greffeling
Greffelkamp
Grenlo
Greonterp
Greup
Grevenberg
Grevenbicht
Griendtsveen
Griete
Griet
Grieth
Griffioen
Grijpskerke
Grijpskerk
Grijssloot
Grijzegrubben
Grijzemonnikenklooster
Grixhoek
Groede
Groe
Groenekan
Groenendaal
Groenendijk
Groenendijk
Groenendijk
Groeneveld
Groeneweg
Groenewoud
Groeningen
Groenlanden
Groenlandsekade
Groenlo
Groenstraat
Groenstraat
Groenveld
Groep
Groesbeek
Groeseind
Groesen
Groeskuilen
Groessen
Groet
Groeve
Groeve
Groeze
Grollo
Grolloo
Groningen
Gronsveld
Groot-Abeele
Groot-Agelo
Groot-Ageloo
Groot-Ammers
Groot-Antink
Groot Azewijn
Groot-Bedaf
Groot Breedenbroek
Groot Bruggen
Groot Deunk
Groot-Deuteren
Groot Dochteren
Groot Doenrade
Groot Dorregeest
Groot Driene
Groote Abeele
Groote Bottel
Grootebroek
Grootegast
Groote Haar
Groote Hoeven
Groote Horst
Groote Keeten
Groote Kolonie
Groote Leeuwte
Grootelind
Groote Lindt
Grootelint
Groot Emmer
Groot Entink
Groote Oever
Groote Schoot
Groote Waal
Groote Zilk
Groot-Genhout
Groot Haesdal
Groot Hitland
Groot IJsselmonde
Groot Koolwijk
Groot-Linden
Groot Loo
Groot Maarslag
Groot Medhuizen
Groot Meers
Groot-Oever
Groot Oventje
Grootschermer
Groot Schoot
Groot-Valkenisse
Groot Vettenoord
Groot-Welsden
Groot Wetsinge
Groot Wieren
Grootwijngaarden
Groot Zundert
Grosthuizen
Grote Bottel
Grote Kolonie
Grotel
Grote Melm
Grote Voort
Grotewal
Grote Wiske
Group
Grouw
Grubbenvorst
Guatemala
Guda
Guelle
Gulpen
Gun
Guttecoven
Guttekoven
Gybeland
Haaften
Haag
Haag
Haagje
Haagoord
Haagse Beemden
Haaksbergen
Haakswold
Haalderen
Haaldersbroek
Haal
Haamstede
Haandrik
Haanrade
Haansberg
Haanwijk
Haanwijk
Haaren
Haar
Haar
Haarheeze
Haarle
Haarlem
Haarlemmerliede
Haarlemmermeer
Haarlo
Haarsteeg
Haarst
Haart
Haart
Haarxuilens
Haarzuilen
Haarzuilens
Haasdal
Haasdin
Haastrecht
Haelen
Haelensche Broek
Haeler
Haerst
Hagestein
Haghoek
Haghorst
Hagoord
Hagoort
Haink
Hakkelaarsbrug
Halder
Halen
Haler
Halfeind
Half-Meijl
Halfmijl
Halfweg
Halfweg
Halfweg
Halfweg
Halfweg
Hal
Hal
Halle
Halle-Heide
Halle-Nijman
Hallerhoek
Hall
Hall
Hallumerhoek
Hallum
Hallweide
Halsteren
Halte
Halvinkhuizen
Hamdijk
Hamersveld
Hamert
Ham
Ham
Ham
Ham
Ham
Hamingen
Hamrik
Hamshorn
Handel
Haneburen
Hanenberg
Hanendorp
Hanik
Hankate
Hank
Hannenberg
Hanssum
Hansweerd
Hansweert
Hantumerhoek
Hantumeruitburen
Hantum
Hantumhuizen
Hapert
Haps
Harbrinkhoef
Harbrinkhoek
Harculo
Hardegarijp
Harde
Hardenberg
Hardenberg
Harderwijk
Harderwijk
Hardeweer
Hardingsveld
Hardinxveld
Hare
Harendermolen
Harenermolen
Haren
Haren
Harenkarspel
Harfsen
Hargen
Harger
Harich
Haring
Haringhuizen
Harkebuurt
Harkema
Harkema-Opeinde
Harkezijl
Harkstede
Harles
Harlingen
Harmelen
Harmelerwaard
Harmöle
Harmolen
Harpel
Harreveld
Harselaar
Harskamp
Harssens
Hartenkamp
Hartskamp
Hartwerd
Hasjesstraat
Haskerdijken
Haskerhorne
Haspel
Hasselderheide
Hasseler Es
Hasselo
Hasseloo
Hasselt
Hasselt
Hasselt
Hatenboer
Hatert
Hato
Hatsum
Hattelaar
Hattemerbroek
Hattem
Haule
Haulerwijk
Hauwert
Havelte
Havelterberg
Havelt
Havenbuurt
Havenhoofd
Haventje van Bouchaute
Haven van Lelystad
Hayum
Hazelaar
Hazelberg
Hazeldonk
Hazenberg
Hazenhurk
Hazennest
Hazerswoude-Dorp
Hazerswoude
Hazerswoude-Rijndijke
Hazerswoude-Rijndijk
Hearty
Hebrecht
Hedel
Hedel
Hedikhuizen
Heechterp
Heefveld
Heeg
Heeg
Heegh
Hee
Heek
Heel
Heelsum
Heelweg
Heem
Heemse
Heemserveen
Heemskerkerduin
Heemskerk
Heemstede
Heemstede
Heen
Heensche Molen
Heense Molen
Heenvliet
Heenweg
Heerde
Heereburen
Heereind
Heerendonk
Heereneind
Heerenveen
Heerewaarden
Heer
Heerhugowaard
Heerjansdam
Heerle
Heerlen
Heerlerbaan
Heerlerheide
Heer Oudeland Ambacht
Heer Oudelandsambacht
Heers
Heerstaaien
Heerstraat
Heesakker
Heesbeen
Heesboom
Heescheind
Heesch
Heeselt
Hees
Hees
Hees
Hees
Hees
Heesselt
Heesterakker
Heesterbosch
Heeswijk
Heeswijk
Heeten
Heetveld
Heeze
Heezerenbosch
Hefswal
Hegelsom
Hegge
Hegge
Heiakker
Heiberg
Heibloem
Heibloem
Heicop
Heide
Heide
Heide
Heide
Heideheim
Heidehuizen
Heidekant
Heidenhoek
Heidenschap
Heiderschoor
Heideschoor
Heidhuizen
Heieind
Heien
Heienrade
Heiereind
Heierhoeve
Hei
Hei
Heihoek
Heijen
Heijenraat
Heijenrade
Heijningen
Heijplaat
Heijthuizen
Heikant
Heikant
Heikant
Heikant
Heikantse Hoeve
Heike
Heikoop
Heikop
Heilaren
Heile
Heiligeboom
Heilige Land
Heiligenboom
Heiligerlee
Heiligland
Heilig Landstichting
Heille
Heilo
Heiloo
Heimolen
Heineburen
Heinenoord
Heiningen
Heinis
Heinkensand
Heino
Heioord
Hei-Oostenrijk
Heiplaat
Heisterbrug
Heistraat
Heithuizen
Heitrak
Heitrek
Heiveld
Hekelingen
Hekendorp
Hekkum
Heksenberg
Helbroek
Helden
Heldensedijk
Helder
Helenaveen
Helhoek
Helhoek
Helhoel
Helhuizen
Helkant
Hellebroek
Hellegat
Hellegom
Helle
Hellendoorn
Helleneind
Hellevoetsluis
Hell
Helling
Hellouw
Hellsgate
Hellum
Helmond
Heloren
Helpman
Helsdingen
Helvoirt
Helvoort
Helwerd
Helwijk
Hembrug
Hemelrijk
Hemelum
Hemert
Hemert
Hemgelo
Hem
Hem
Hemmemabuurt
Hemmen
Hempens
Hemrikerverlaat
Hemrik
Hendrik-Ido-Ambacht
Hengeland
Hengelo
Hengelo
Hengeloo
Hengeloo
Hengevelde
Hengeveld
Hengforden
Hengsdal
Hengsdijk
Hengsel
Hengstdaal
Hengstdal
Hengstdijk
Hengstdyk
Hengstheuvel
Hengvoorde
Hengvorden
Hennaard
Hensbroek
Henxel
Henzel
Heppert
Herbaijum
Herbaium
Herbajum
Herbayum
Herculo
Herfte
Hericke
Herike
Herkeloo
Herkenbosch
Herkenrade
Herkingen
Herksen
Herkulo
Hermalen
Hernen
Herongerberg
Herpen
Herpt
Hersel
Hersend
Herten
Hert
Hertme
Hertmen
Hertogenbosch
Herveld
Herven
Herwen
Herwijnen
Herxen
Hesingen
Hespelaar
Hesselingen
Hessem
Hessum
Het Beggelder
Het Beijersche
Het Bezuidenhout
Het Bosch
Het Broek
Het Broek
Het Dorp
Het Eind
Heten
Heteren
Het Gewande
Het Goirke
Het Gooi
Het Goor
Het Ham
Het Harde
Het Hazebos
Het Heem
Het Heufke
Het Hoekske
Het Hof
Het Hollandsche Veld
Het Hoog
Het Hool
Het Hout
Het Houw
Het Jachtveld
Het Kalf
Het Korfwater
Het Laar
Het Lage Land
Het Loo
Het Loo
Het Loo
Het Moer
Het Oostrik
Het Oudeland
Het Peebos
Het Reidland
Het Schier
Het Schoor
Het Schouw
Het Slikgat
Het Slot
Het Spiegel
Het Spuikwartier
Het Stift
Het Tigchelwerk
Het Vallaat
Het Veen
Het Vels
Het Ven
Het Ven
Het Vliet
Het Vonderen
Het Voorwerk
Het Vorst
Het Waar
Het Wandelbos
Het Westeinde
Het Wild
Het Woold
Het Woud
Het Woud
Het Zand
Het Zwarte Paard
Het Zwartveen
Heuf
Heugem
Heukelem
Heukelom
Heukelom
Heukelom
Heukelum
Heukelum
Heult
Heumen
Heuneind
Heure
Heurne
Heurne
Heusden
Heusdenhout
Heuvelberg
Heuvelderij
Heuveleind
Heuvel
Heuvels
Heuvelstraat
Heuveltje
Heuven
Heveadorp
Heveringen
Heveskes
Heveskesklooster
Hexel
Hey
Heythuizen
Heythuysen
Hezelaar
Hezinge
Hezingen
Hiaure
Hichtum
Hidaard
Hien
Hiept
Hierden
Hieslum
Hijken
Hijkersmilde
Hijlaard
Hijum
Hilaard
Hilakker
Hilde
Hild
Hil
Hillegersberg
Hillegom
Hilleshagen
Hill
Hilligersberg
Hillishagen
Hilte
Hilvarenbeek
Hilversum
Hilversumse Meent
Hilvertsheim
Hindeloopen
Hinderdam
Hingen
Hintam
Hintham
Hippolytushoef
Hitsberg
Hitsertschekade
Hitsertse Kade
Hitzberg en Brugstraat
Hitzerschekade
Hitzum
Hobbel
Hobbelrade
Hobrede
Hobreede
Hodenpijl
Hoedekenskerke
Hoef
Hoef
Hoefkens
Hoekdries
Hoekeinde
Hoekelum
Hoek
Hoek
Hoek
Hoekje
Hoek Makkinga
Hoekske
Hoeksmeer
Hoek van Holland
Hoenderbosch
Hoenderbos
Hoenderlo
Hoenderloo
Hoenkoop
Hoensbrock
Hoensbroek
Hoenzadriel
Hoetmansmeer
Hoeve
Hoeve
Hoevelaken
Hoeveneind
Hoeven
Hoeves
Hof Espelo
Hofgeest
Hof
Hof
Höfke
Hofstad
Hofte
Hofwegen
Hogebeintum
Hogebieren
Hoge Brug
Hogebrug
Hoge Donk
Hoge Enk
Hoge
Hoge Land
Hogeland
Hoge Mors
Hogendijk
Hoge Rijndijk
Hogeveen
Hogeweg
Hohenhorst
Holevoet
Holiesloot
Holijsloot
Holkerveen
Holk
Hollander
Holland
Hollandsch Ankeveen
Hollandsche Rading
Hollandscheveld
Hollebalg
Hollenberg
Holleneind
Holle Poarte
Hollevoeterbrug
Hollum
Holset
Holsloot
Holst
Holtblerick
Holte
Holtenbroek
Holten
Holterhoek
Holthees
Holthe
Holtheme
Holt
Holthone
Holthuixen
Holthuizen
Holthuizen
Holtien
Holtinge
Holtland
Holtum
Holwerd
Holwierda
Holwierde
Holwinde
Holy
Holysloot
Holz
Homberg
Hommelse Hoeven
Hommert
Hommerts
Homoet
Honderdmorgen
Hondsberg
Hondseinde
Hondseind
Hondshorledijk
Hondsrug
Hondsruk
Hondzenelleboog
Honesch
Hongerige Wolf
Honselerdijk
Honselersdijk
Honswijk
Honthem
Hoofddorp
Hoofdorp
Hoofdplaat
Hoog-Baarlo
Hoogblokland
Hoogbraak
Hoogbroek
Hoog-Buurlo
Hoog-Caestert
Hoogcasteren
Hoogcruts
Hoogdonk
Hoog-Duurswoude
Hooge Aard
Hoogebeintum
Hoogeberg
Hooge Berkt
Hoogebiezen
Hooge Bijssel
Hoogebrug
Hoogedijk
Hooge Donk
Hoogedorp
Hooge Enk
Hoogegraven
Hoogehaar
Hooge Haghorst
Hooge Ham
Hooge Heide
Hoogeheide
Hooge Heksel
Hooge-Hexel
Hoogeind
Hoogeind
Hoogeind
Hooge Lindhorst
Hooge Linthorst
Hoogeloon
Hoogemeden
Hoogemeeden
Hooge Mierde
Hoogen-Aarle
Hoogend
Hoogendijk
Hoogengraven
Hoogenweg
Hoogerheide
Hooge-Rijndijke
Hooge-Rijndijk
Hoogersmilde
Hooge Vaart
Hoogeveen
Hoogeveen
Hoogewaard
Hoogewegen
Hoogeweg
Hoogeweg
Hooge Wijst
Hoogezand
Hooge Zandschel
Hooge Zwaluwe
Hoog Geldrop
Hooghalen
Hoog Heukelom
Hoog Heukelum
Hooghout
Hoog Kana
Hoogkarspel
Hoog-Keppel
Hoogkerk
Hooglanderveen
Hoogland
Hoogmade
Hoogmaden
Hoogmeien
Hoograven
Hoogriebroek
Hoog-Soeren
Hoog Spul
Hoogveld
Hoogvliet
Hoogwatum
Hoogwoud
Hoogzand
Hoog-Zutem
Hoog Zuthem
Hooibergen
Hooidonk
Hooilandseweg
Hook of Holland
Hool
Hoonhorst
Hoonte
Hoop
Hoophuizen
Hoornaar
Hoornderveen
Hoornerveen
Hoorn
Hoorn
Hoorn
Hoorn
Hoorn
Hoornsedijk
Hoornsterzwaagcompagnie
Hoornsterzwaag
Hoornsterzwaagster Compagnie
Hoorsik
Hoorzik
Hopel
Hordijkerveld
Hordijk
Horickheide
Horick
Horn
Horn
Hornhuizen
Hornsterburen
Hornsterzwaag
Horsen
Horssen
Horsten
Horstermeer
Horsthoekerveld
Horsthoek
Horst
Horst
Horst
Horst
Horszak
Horzik
Houkes
Housden
Housie
Houtakker
Hout-Blerick
Houtblerik
Houtbroek
Houtdijken
Houtdorp
Houtem
Houten
Houtens
Houterd
Houtgoor
Houthei
Houthem
Houthem-St. Gerlach
Hout
Hout
Houthuizen
Houtigehage
Houtsestraat
Houwerxijl
Houwerzijl
Houw
Hoven
Hub
Hugten
Huibergen
Huifke
Huigsloot
Huijbergen
Huij
Huinen
Huinerbroek
Huinerwal
Huins
Huisduinen
Huiseling
Huisen
Huisseling
Huissen
Huis ter Heide
Huiswaard
Huizem
Huizen
Huizen
Huizerhoogt
Huizermaat
Huizinge
Huizum
Hulhuizen
Hulsbeek
Hulsberg
Hulsdonk
Hulsel
Hulsen
Hulsen
Hulshorst
Huls
Hulstheuvel
Hulst
Hulst
Hulst
Hulten
Hultje
Hulzen
Hulzen
Humcoven
Hummelo en Keppel
Hummelo
Hunnecum
Hunsel
Hunzebergen
Huppel
Hupsel
Hurene
Hurkske
Hurwenen
Hushoven
Husken
Hussenberg
Hutten
Huurne
Huygevoort
Hydaard
Hylaard
Hyplaat
Hypolitushoef
Idaard
Ide
Idsegahuizen
Idsegahuizum
Idsega
Idserdaburen
Idskenhuizen
Idzega
Iersake
Iersekedam
Ierseke
Iersekendam
IJerseka
IJhorst
IJkenberg
IJlst
IJmond
IJmuiden
IJpecolsga
IJpelaar
IJpelaarseind
IJpelo
IJsbrechtum
IJselham
IJselmonde
IJselmuiden
IJselstein
IJsselham
IJssellaan
IJsselmonde
IJsselmuiden
IJsseloord
IJsselstein
IJsselstein
IJsselsteyn
IJzendijke
IJzendoorn
IJzerenbrug
IJzeren
IJzerlo
IJzevoorde
Illicoven
Illikhoven
Ilpendam
Ilp
Imstenrade
In de Hoeven
In den Raarhoek
In den Velnerhoek
Indijk
Indoornik
Ingber
Ingen
Iniaheide
Irnsum
Isabellahaven
Ishiri
Itens
Itteren
Ittersum
Ittervoort
Jaarsveld
Jabeek
Jachtveld
Jagershoef
Jagerswijk
Jan Doran
JanKenberg
Jannendorp
Jansenstichting
Janssenstichting
Janum
Jardinga
Jellum
Jelsum
Jeslum
Jet
Jipsingboermussel
Jipsingboertange
Jipsinghuizen
Jislum
Jispinghuizen
Jisp
Jodenpeel
Jonas
Jonen
Jonkershuizen
Jonkersland
Jonkersvaart
Joppe
Jordaan
Jorwerd
Joure
Jousterp
Jouswerd
Jouswier
Jouwswier
Jubbegaaster-compagnie
Jubbega Derde Sluis
Jubbega
Jubbega-Schurega
Jubbegastercompagnie
Jukwerd
Julianadorp
Junne
Jutfaas
Jutphaas
Jutrijp
Kaag
Kaakhorn
Kaalheide
Kaard
Kaarschot
Kaart
Kaathoven
Kaatsheuvel
Kabauw
Kabel
Kade
Kadier en Keer
Kadier
Kadijk
Kadoelen
Kadoelen
Kadzand-Bad
Kadzand
Kakert
Kalenberg
Kalenberg
Kalf
Kalfsdonk
Kalisbuurt
Kalishoek
Kalkwijk
Kallenbroek
Kallenkote
Kallensoog
Kalsdonk
Kalslagen
Kalteren
Kalverdijk
Kameren
Kamerik
Kampen
Kampen
Kampen
Kamperhoek
Kamperland
Kampernieuwstad
Kampershoek
Kamperveen
Kamperzeedijk
Kamperzeedijk-Oost
Kamperzeedijk-West
Kamp
Kamp
Kanaleneiland
Kandelaar
Kanis
Kantens
Kantje
Kapel-Avezaath
Kapel-Avezaat
Kapelbrug
Kapel
Kapel
Kapellebrug
Kapelle
Kapelle
Kapolder
Kappellebrug
Kappert
Karnisse
Karreveld
Karstraat
Kasen
Kasteel Verwolde
Kastelree
Kastenraai
Kasteren
Kastert
Kastrikum
Katendrecht
Katerbosch
Katershorn
Katerveer
Kathagen
Katham
Kathoek
Katijk aan Zee
Katlijk
Katrijp
Katsberg
Kats
Kattenberg
Kattenberg
Kattenbosch
Kattenbroek
Kattenburg
Kattendijke
Katwijk aan den Rijn
Katwijk aan de Rijn
Katwijk aan Zee
Katwijkerlaan
Katwijk
Katwijk
Katwoude
Katwyk Aan Zee
Kaumershoek
Kaumeshoek
Kavelingen
Kaweide
Kedichem
Keent
Keent
Keer
Keersop
Keienborg
Keienburg
Keiendorp
Keijenborg
Keimpetille
Keinse
Keinsmerbrug
Keizerbosch
Keizerrijk
Keizersbos
Keizersdijk
Keizershoek
Keizerslanden
Keizersveer
Kekerdom
Keldonk
Kelmond
Kelpen
Kemenade
Kempkens
Kenwerd
Kerckebosch
Kerensheide
Kerk-Avezaath
Kerk-Avezaat
Kerkbuurt
Kerkbuurt
Kerkdorp
Kerkdriel
Kerkeburen
Kerkehout
Kerkeind
Kerkelanden
Kerkenbosch
Kerkenveld
Kerkhof
Kerkhoven
Kerkhuurt
Kerklaan
Kerkrade-Holz
Kerkrade
Kerkwerve
Kerkwijk
Kersehoten
Kersel
Kerspel-Goor
Kerspel
Kerzel
Kesseleik
Kessel
Kessel
Kesteren
Ketelhaven
Ketel
Kethel
Kettingwier
Keulse Kamp
Keunenhoek
Keuningswijk
Keup
Keur
Keutenberg
Keuter
Keyenborg
Kibbelgaarn
Kibbelgaren
Kibbelveen
Kibra Hacha
Kie
Kiel
Kiel Windeweer
Kiesterzijl
Kievietsduin
Kievit
Kievit
Kievitsbraak
Kievitsdel
Kievitshaar
Kievitsnest
Kijfhoek
Kijkduin
Kijkuit
Kijkuit
Kilder
Kille
Kimswerd
Kinderdijk
Kingmatille
Kinkhoven
Kinnum
Kippereind
Kitskensberg
Kivitsbiaak
Klaarstraat
Klaarwater
Klaaswaal
Kladde
Klad
Klakbaan
Klappenberg
Klarebeek
Klarenbeek
Klarenbeek
Klaterbuurt
Klatering
Klazienaveen
Klazienaveen-Noord
Kleeberg
Klef
Klei
Klein-Agelo
Klein Amsterdam
Klein-Azewijn
Klein Baal
Klein-Bedaf
Klein Berkelaar
Klein Berkelaars
Klein Borkel
Klein-Brabant
Klein Bruggen
Klein-Delfgauw
Klein Dochteren
Klein Doenrade
Klein-Dongen
Kleindorp
Kleindorp
Klein Dorregeest
Klein Driene
Kleine Bottel
Kleine Gaastmeer
Kleinegeest
Kleine Hoeven
Kleine-Horst
Kleine Huisje
Kleine Huisjes
Kleine Kolonie
Kleine-Leeuwte
Kleine-Lindt
Kleinemeer
Kleine Meers
Kleine Sluis
Kleine Voort
Kleine Wierum
Kleine Wiske
Klein Garnwerd
Kleingenhout
Klein-Genhout
Klein Groningen
Klein Haasdal
Klein Haesdal
Klein-Hausen
Klein-hauser
Klein Heidekamp
Klein Hitland
Klein Koolwijk
Klein Linden
Klein Loo
Klein Maarslag
Klein Mariekerke
Klein Medhuizen
Klein-Oekel
Klein-Oirlo
Klein-Overleek
Klein-Schoot
Klein-Ulsda
Klein-Valkenisse
Klein-Vortum
Klein-Welsden
Klein Wetsinge
Klein Wieren
Klein-Zundert
Kleuter
Kleverskerke
Klidse
Klidze
Kliese
Kliesse
Klijndijk
Klimmen
Klinge
Kling
Klinkenberg
Klinkenberg
Kloetinge
Klokkenberg
Klomp
Klooster-Anjum
Kloosterburen
Kloosterburen
Kloosterdijk
Kloostereind
Kloosterhaar
Kloosterhoek
Klooster
Klooster
Klooster
Kloosterlanden
Klooster-Lidlum
Kloosterveen
Kloosterzande
Klössehoek
Kluis
Klundert
Kluppelshuizen
Klutsdorp
Knaphof
Knegsel
Knijpe
Knikkerdorp
Knollendam
Knuitershoek
Kockengen
Koedijk
Koedijkslanden
Koedood
Koehool
Koekange
Koekangerveld
Koekoek
Koekoek
Koelhorst
Koelveen
Koevering
Koevorden
Koewacht
Kokkelert
Kokkengen
Kokorobi
Koks
Kolderveen
Kolderveensche Bovenboer
Kolderveense Bovenboer
Kolderwolde
Kolham
Kolhol
Kolhorn
Kolijnsplaat
Kollendoorn
Kollingsveen
Kollumerland
Kollumerpomp
Kollumerzwaag
Kollum
Kolmschate
Kolthoorn
Kommerdijk
Kommerzijl
Koninginnehaven
Koningsbosch
Koningsbuurt
Koningslust
Koningsoord
Koog aan de Zaan
Koogerveld
Koog
Kooihuizen
Kooisloot
Kooiwijk
Kooldert
Koolwijk
Koornhorn
Kooten
Kootstertille
Kootwijkerbroek
Kootwijk
Kopaf
Kopstukken
Kop Van Het Land
Kop van 't Land
Korendijk
Korengarst
Korhorn
Kornhorne
Kornhorn
Kornjum
Korn
Kornwerderzand
Kornwerderzand Sluizen
Kornwerd
Korrewegwijk
Kort Bossen
Korte Akkers
Korte Heide
Kortehemmen
Kortendijk
Kortenhoef
Kortenhoeven
Kortenoever
Kortenoord
Korteraar
Korteven
Kortezwaag
Kortgene
Kortgerecht
Kortland
Kortrijk
Kortwoude
Korvel
Kosberg
Kostverloren
Kostvlies
Koten
Koten
Kotgene
Kotten
Koudehoek
Koudehuizum
Koudekerk aan den Rijn
Koudekerk an der Rijn
Koudekerke
Koudekerk
Koudenburg
Koudenhoek
Koudhoorn
Koudum
Koufurderrige
Kouk
Koulen
Koundenburg
Kouwenberg
Kox
Kraaienburg
Kraaijenberg
Kraaijenstein
Kraailoo
Kraaiven
Kraan
Kraanmeer
Kraanven
Kraayenstein
Kraayensteyn
Krabbeburen
Krabbendam
Krabbendijke
Krabbendyke
Krabbenhoek
Krabburen
Krachtighuizen
Kraggenburg
Krakeel
Kralendijk
Kralingen
Kralingsche Veer
Kralingse Veer
Kralingsveer
Kraloo
Kranenbroek
Kranenburg
Kranendijk
Krassum
Krauwelgors
Krawinkel
Kreek
Kreel
Kreielt
Kreijel
Kreijl
Kreileroord
Kreil
Kreil
Kreitenmolen
Kreitsberg
Kremsel
Kreverhille
Krewerd
Krim
Krim
Krimpen aan de Lek
Krimpen aan den IJssel
Krimpen
Kring van Dorth
Krispijn
Kroddeburen
Krogten
Kromme Elleboog
Kromme Gouwe
Krommeiniedijk
Kromme Mijdrecht
Krommenhoeke
Krommeniedijk
Krommenie
Kromvoort
Kromwal
Kromwijk
Kronenberg
Kroonstad
Krooswijk
Kropswolde
Kruiningen
Kruiningergors
Kruisberg
Kruisberg
Kruisdijk
Kruisdorp
Kruiselwerk
Kruishaar
Kruishoofd
Kruis
Kruis
Kruisland
Kruispolderhaven
Kruispolderkaai
Kruisschot
Kruisstraat
Kruisweg
Kruisweg
Kubaard
Kudelstaart
Kuikhorne
Kuiksche Heide
Kuikse Heide
Kuikseind
Kuilenburg
Kuilenrode
Kuil
Kuinderdijk en Baarlo
Kuinderdijk en Baarloo
Kuinre
Kuipershoek
Kuipersveer
Kuitaart
Kuivezand
Kulert
Kulsdom
Kunchi
Kunrade
Kuruburu
Kuttingen
Kuyk
Kuzemerbalk
Kuzemer
Kwaalburg
Kwabeek
Kwadendamme
Kwadendanne
Kwadijk
Kwake
Kwakel
Kwakkel
Kwartierdorp
Kwartier
Kwartier
Kwartiersdorp
Kwintsheul
Laad en Zaad
Laag-Blokland
Laag-Caestert
Laag-Dalem
Laag-Duurswoude
Laageinde
Laageind
Laaghalen
Laaghalerveen
Laagheide
Laag-Heukelom
Laag Heukelum
Laag-Keppel
Laagnieuwkoop
Laagraven
Laagriebroek
Laag-Soeren
Laag Spul
Laagstraat
Laag-Zutem
Laag Zuthem
Laak
Laak
Laaksum
Laarakkers
Laarbroek
Laareind
Laareind
Laar
Laar
Laar
Laarstraat
Laaxum
Labra
Ladysmith
Lage Aard
Lage Berkt
Lagebiezen
Lage-Bijsel
Lage Bijssel
Lagebroek
Lagedijk
Lage Donk
Lage Haghorst
Lage Ham
Lageheide
Lagekant
Lageland
Lage-Meden
Lagemeeden
Lage Mierde
Lagen Ham
Lagenheuvel
Lage-Vuursche
Lagewald
Lageweg
Lageweg
Lage Weide
Lage Wijst
Lage Zandschel
Lage Zwaluwe
La Haye
Lakei
Lakemond
Lakerveld
Lakswerd
Lalleweer
Lambalgen
Lambertschaag
Lammerburen
Lammerenburg
Lammers
Lammerweg
Lamper
Lamswaarde
Landerum
Landeveen
Landhorst
Landorp
Landsmeer
Landsrade
Landvoort
Langakker
Langbroek
Langdonk
Langeberg
Langedijke
Langedijk
Langedijk
Lange Heide
Langeheit
Lange Hout
Langelaar
Langelille
Lange Linschoten
Langel
Langelo
Langelo
Langeloo
Langeloo
Langenberg
Langenboom
Langendijk
Langenholte
Langen
Langenoord
Langeraar
Langerak
Langerak
Langerak
Langereis
Langereit
Langeroord
Langeschouw
Langeveen
Langeweegje
Langeweg
Langeweide
Langezwaag
Langstraat
Langstraat
Langweer
Lankes
Lankhorst
Lankum
Lapstreek
Laren
Laren
Lariestraat
Laskwerd
Lathum
Lattrop
Latum
Laude
Laudermarke
Lauradorp
Laurens
Lauwersoog
Lauwerzijl
Lebith
Ledeacker
Ledeakker
Lede en Oudewaard
Lede-Oudewaard
Leebrug
Leegemeden
Leegkerk
Leegte
Leekerweg
Leek
Leemberg
Leemdobben
Leemhorst
Leende
Leenders
Leenderstrijp
Leensel
Leens
Leerbroek
Leerdam
Leermens
Leersum
Leesten
Leest
Leeuwarden
Leeuwarden
Leeuwenbeneden
Leeuwen
Leeuwen
Leeuwerik
Leeuwstuk
Leeuwte
Leewarden
Legemeer
Legert
Leggelo
Leggeloo
Leg
Leiden
Leiderdorp
Leidschendam
Leie
Leihoek
Leije
Leijenbroek
Leijen
Leimuiden
Leimuiderbrug
Lekermeer
Lekkerkerk
Lekkerterp
Lekkum
Leksmond
Lellens
Lelystad-Haven
Lelystad
Lemele
Lemelerveld
Lemel
Lemier
Lemiers
Lemmer
Lemperhoek
Lemselo
Lemseloo
Lengel
Lennisheuvel
Lensheuvel
Lenthe
Lent
Leo-Stichting
Lepelstraat
Lerop
Lesterhuis
Lettelbert
Lettele
Leuken
Leunen
Leurke
Leur
Leur
Leusbroek
Leusden-Centrum
Leusden
Leusden-Zuid
Leusder-Kwartier
Leutes
Leuth
Leutingewolde
Leut
Leuvenheim
Leuven
Leuvenum
Leuwen
Leverock Town
Leveroij
Leverooi
Leveroy
Lewedorp
Lewenborg
Lexmond
Leyden
Leymuiden
Lheebroek
Lhee
Libeek
Lichtaard
Lichtenberg
Lichtenberg
Lichtenvoorde
Lichtmis
Lidlum
Liefkenshoek
Liempde
Lienden
Liender Strijp
Liendert
Lierderholthuis
Lieren
Lierhand
Lier
Lierop
Liesbosch
Lieseind
Liesel
Lieshout
Lies
Lies
Liessel
Liesveld
Lieuwarden
Lievelde
Lievendaal
Lieveren
Lieve Vrouwenparochie
Lieve Vrouwe Parochie
Lieving
Liezel
Ligtenberg
Lijnden
Lijnden
Lijndonk
Lijnsheike
Limbricht
Limmel
Limmen
Limmerkoog
Linde
Linde
Linde
Lindenheuvel
Lindenholt
Linden
Linderle
Linderte
Linderveld
Lingsfort
Linne
Linschoten
Lintelo
Linteloo
Lintvelde
Lioesens
Lioessens
Lions
Lippenhuizen
Lippenwoude
Lisse
Lisserbroek
Lith
Lithoijen
Lithooien
Lithoyen
Lit
Litooien
Lobith
Lobit
Lochem
Lochtenburg
Locht
Locht
Lochuizen
Loehuizen
Loenen en Wolferen
Loenen
Loenen
Loenen op de Veluwe
Loenersloot
Loënga
Loerbeek
Loerik
Loerwijk
Loeswijk
Loete
Loet
Logt
Loil
Lokstreek
Lollum
Lombardijen
Lombok
Lombok
Lom
Lomm
Longerhou
Longerhouw
Lonneker
Loobeek
Loobrink
Loohuizen
Looieind
Looienhoek
Look
Loo
Loo
Loo
Loo
Loo
Looneind
Loon
Loon
Loon op Zand
Loonschedijk
Loonschen Dijk
Loonshoekje
Looperskapelle
Loosbroek
Loosdorp
Loosdrecht
Loosduinen
Looveer
Loozen
Lopikerkapel
Lopik
Loppersum
Losdorp
Losser
Lottum
Lovendaal
Loven
Loveren
Lower Hell's Gate
Lower Town
Lubberstraat
Lubbinge
Lucaswolde
Luchen
Luchtenburg
Luchtenveld
Luddeweer
Luijksgestel
Luiksgestel
Luinjeberd
Luissel
Luitert
Luksterhoek
Lukswolde
Lukswoude
Lula
Lunen
Luniabird
Lunssloten
Lunteren
Luntershoek
Lutjebroek
Lutjegast
Lutjelollum
Lutjelo
Lutjeloo
Lutjepost
Lutjerijp
Lutjewijtwerd
Lutjewinkel
Lutjewolde
Lutjewoude
Lutkepost
Lutkewierum
Lutsborg
Luttelgeest
Lutte
Lutten aan de Dedemsvaart
Luttenberg
Lutten
Lutten-Oever
Lutterade
Lutterhartje
Lutterveld
Lutterveld
Luunjeberd
Luunjebert
Luxterhoek
Luxwolde
Luxwoude
Luyksgestel
Lytshuzen
Maagd van Gent
Maaidijk
Maaijkant
Maalbergen
Maalbroek
Maaldrift
Maalstede
Maanen
Maarheeze
Maarheze
Maarhuizen
Maarland
Maarn
Maarsbergen
Maarsen
Maarseveen
Maarslag
Maarssenbroek
Maarssenbroekpolder
Maarssen
Maarsseveen
Maartensdijk
Maartensdyk
Maasband
Maasbommel
Maasbracht
Maasbree
Maasdam
Maasdijk-Heenweg
Maasdijk
Maashees
Maaskantje
Maaskant
Maasland
Maasniel
Maassluis
Maastricht
Maatsehei
Macharen
Made
Maemert
Maestricht
Magele
Magi-Straat
Magistraatwijk
Magrette
Majoppeveld
Makkinga
Makkum
Makkum
Makselt
Malberg
Malburgen
Malburgen Oost
Malburgen West
Malden
Maliskamp
Malland
Mallem
Mallum
Malta
Mamelis
Mande
Mander
Manderveen
Manen
Mansion
Mantgum
Mantinge
Maren-Kessel
Maren
Margraten
Mariadorp
Maria-Gewanden
Mariaheide
Mariahoeve
Mariahoop
Mariahout
Mariakerke
Mariaparochie
Mariarade
Mariekerke
Mariekerk
Mariënberg
Mariënboom
Mariëndijk
Mariënheem
Mariënvelde
Mariënwaard
Mariënwaard
Marijenkampen
Maris
Markelo
Markeloo
Markeloschebroek
Markelose Broek
Markenbinnen
Marken
Markluiden
Mark
Marknesse
Markt
Markvelde
Marle
Marollenput
Marolleput
Marrum
Marshoek
Marssum
Marsum
Marsum
Martenshoek
Marum
Marwijksoord
Mastenbroek
Mastwijk
Mataram
Matena
Maten
Mathijseind
Matsloot
Maurik
Mauritsfort
Maxel
Maxelt
Maxet
Mechelen
Mechelen
Meddeho
Meddeo
Meddo
Meddoo
Medel
Medemblik
Medevoort
Medhuizen
Meeden
Meedhuizen
Meehr
Meemortal
Meene
Meerenbroek
Meeren
Meerestein
Meerkerk
Meerland
Meerlebroek
Meerlo
Meerloo
Meer
Meer
Meer
Meern
Meerselo
Meersen
Meers
Meerssen
Meerten
Meertenwei
Meerveldhoven
Meerveld
Meerven
Meerwijk
Meerwijk
Meerzicht
Meeuwen
Meeuwenplaat
Meezenbroek
Megchelen
Megelsum
Megen
Meiel
Meijel
Meijelsche Dijk
Meijelsedijk
Meije
Meijsberg
Meilahuizen
Mekkelholt
Mekkelhorst
Melderslo
Melick
Meliestraat
Melik
Meliskerke
Melissand
Melissant
Melle
Melleschet
Melm
Menaldum
Menkeweer
Mennonietenbuurt
Mennonietenbuurt
Mensfort
Mensingeweer
Mentor
Menzel
Meppel
Meppen
Merenwijk
Mereveldhoven
Merkelbeek
Merlenberg
Merm
Merselo
Merum
Merum
Mesch
Meteren
Meterik
Methuizen
Metslawier
Meulunteren
Mheer
Midbuul
Middelaar
Middelbeers
Middelbert
Middelburen
Middelburg
Middelburg
Middelbuurt
Middelbuurt
Middeldijk
Middeldijk
Middele
Middeler Veld
Middelharnis
Middelie
Middelijk
Middelkoop
Middel
Middel
Middelrode
Middelsluis
Middelstum
Middelveen
Middenbeemster
Middenbuurt
Middendorp
Midden-Eierland
Middenmeer
Middenvaart
Middenvoort
Midhallum
Midhalm
Midlaren
Midlum
Midsburen
Midsland aan Zee
Midsland
Midsland Noord
Midslân
Midslân Noard
Midslân oan See
Midwolda
Midwolde
Midwoud
Mieden
Miedum
Mierlo-Hout
Mierlo
Mierloo
Mijdrecht
Mije
Mijnden
Mijnheerkens
Mijnsheerenland
Mijzijde
Mildam
Milheeze
Millert
Milligen
Milligen
Millingen aan de Rijn
Millingen
Millingen
Mill
Mil
Milsbeek bij Gennep
Milsbeek
Milschot
Milt
Mingersberg
Minkeloos
Minnertsga
Mirns
Mispeleind
Miste
Moddergat
Moeniswerf
Moerbeek
Moerdijk
Moeren
Moergestel
Moerkapelle
Moershoofde
Moerslag
Moerstraten
Moerwijk
Moesdijk
Moesel
Moeshoorn
Moeshorn
Moespot
Moezel
Molecate
Molecaten
Molekaten
Molembaix
Molenaarsbrug
Molenaarsbuurt
Molenaarsgraaf
Molenbelt
Molenberg
Molenbroek
Molenbuurt
Moleneind
Moleneind
Moleneind
Moleneind
Moleneind
Molenend
Molengat
Molenheide
Molenhoek
Molenhoek
Molenhoek
Molenhoek
Molenhoek
Molenhof
Molenhuizen
Molen
Molenperk
Molenrij
Molenschot
Molens
Molenstad
Molenstraat
Molentje
Molenveld
Molenvliet
Molenwijk
Molenwijk
Molkwar
Molkwerum
Molsberg
Monnickendam
Monnickenwerf
Monnikeburen
Monnikenburen
Monnikendam
Monnikendijk
Monnikenwerf
Monster
Montfoort
Montfort
Mookhoek
Mook
Moordhuizen
Moordrecht
Moorse Hoef
Moorsel
Moorveld
Morgenstond
Moriaanshoofd
Morige
Morra
Morse Hoef
Mortel
Mortel
Mosbulten
Moscou
Moscou
Mosik
Moskou
Mosselaar
Mosselhoek
Mossel
Mostheuvel
Most
Mountain Piece
Müdrecht
Muggebeet
Muggenbeet
Muggenbeet
Muggenberg
Muggenhoek
Muggenhol
Muggenhool
Muiden
Muiderberg
Muisbroek
Mullegen
Mullem
Mullum
Mun
Mun
Munnekebaayum
Munnekebajum
Munnekeburen
Munnekemoer
Munnekens Vinkel
Munnekezijl
Munnikeburen
Munnikemeer
Munnikemoer
Munnikenbajum
Munnikenheide
Munnikenmoer
Munnikens-Vinkel
Munnikenzijl
Munnikeveld
Munsel
Munstergeleen
Munsterscheveld
Muntendam
Murmerwoude
Musschendorp
Musselkanaal
Mussel
Mussendorp
Muyeveld
Naaldwijk
Naarden
Naarderburen
Naardermeer
Naastenbest
Nabbegat
Nabben
Nachtegaal
Nagelbeek
Nagele
Nansum
Napels
Nattenhoven
Nauerna
Nauwerna
Neck
Nede
Nederasselt
Nederbiel
Nedereindseweg
Neder Hardingsveld
Neder-Hardinxveld
Nederheide
Nederhemert
Nederhemert-Noord
Nederhemert Noordzijde
Nederhemert-Zuid
Nederhemert Zuidzijde
Nederhorst den Berg
Nederland
Nederlangbroek
Nederslingeland
Nederweerterdijk
Nederweert
Nederwetten
Nederwoud
Neede
Neer-Andel
Neerbeek
Neerbosch
Neerbosch West
Neerbroek
Neerdorp
Neerijnen
Neeritter
Neerkant
Neerlangbroek
Neer-Langel
Neerloon
Neer
Neersteind
Neerstraat
Negenhuizen
Neijenkamp
Neinsel
Nekkeveld
Nergena
Nergena
Nerhoven
Nes aan de Amstel
Nes
Nes
Nessen-Zwaluwebuurt
Nessersluis
Netersel
Nettelhorst
Netterden
Neuzen
New Ground
Niawier
Nibbikswoud
Nibbixwoud
Nichtevecht
Nieberd
Niebert
Niedorperverlaat
Niehove
Niekerk
Niemansdorp
Niemeskant
Nierhoven
Niersen
Niesoord
Nietap
Nieuwaal
Nieuw-Abeele
Nieuwacht
Nieuw Amerika
Nieuw-Amsterdam
Nieuw Annerveen
Nieuw Appelsga
Nieuw-Balinge
Nieuw-Beerta
Nieuw Beets
Nieuw-Beierland
Nieuw-Beijerland
Nieuw-Bergen
Nieuw-Borgvliet
Nieuw Brongerga
Nieuw-Buinen
Nieuw Buren
Nieuw Den Helder
Nieuw-Dijk
Nieuw-Dordrecht
Nieuwdorp
Nieuwdorp
Nieuwdorp
Nieuwe Bildtdijk
Nieuwe Bildtzijl
Nieuwe Biltzijl
Nieuwebrug
Nieuwe Brug
Nieuwebrug
Nieuwe Compagnie
Nieuwediep
Nieuwe Dijk
Nieuwedijk
Nieuwedorp
Nieuwegein
Nieuwegein-Noord
Nieuwegein-Zuid
Nieuwegen
Nieuwehaske
Nieuwe Heide
Nieuwehorne
Nieuwe Krim
Nieuwe Meer
Nieuwe Milligen
Nieuwe Molenheide
Nieuwe Molen
Nieuwemolen
Nieuwemolen
Nieuwenberg
Nieuwendam
Nieuwendijk
Nieuwendijk
Nieuwenhagen
Nieuwenhager
Nieuwenhoorn
Nieuwenhuishoek
Nieuwe-Niedorp
Nieuw-en Sint Joosland
Nieuw- en Winnerstraat
Nieuwe-Parochie
Nieuwe Pekela
Nieuwer Amstel
Nieuwerbrug
Nieuwerhoek
Nieuwerkerk aan den IJssel
Nieuwerkerk aan den Yssel
Nieuwerkerke
Nieuwerkerk
Nieuwerkerk
Nieuweroord
Nieuwersluis
Nieuwer-Ter-Aa
Nieuwertera
Nieuwe Schans
Nieuweschans
Nieuweschild
Nieuweschoot
Nieuwesluis
Nieuwesluis
Nieuwe Statenzijl
Nieuwe Strumpt
Nieuwe-Tonge
Nieuwe Tuinen
Nieuwe Vaart
Nieuwe Vaart
Nieuwe-Wetering
Nieuwe Wetering
Nieuwe Wetering
Nieuw-Gassel
Nieuw-Gastel
Nieuwgraaf
Nieuw-Haamstede
Nieuw-Heeten
Nieuw Hellevoet
Nieuw-Helvoet
Nieuwkerk
Nieuwklap
Nieuwkoop
Nieuwkuijk
Nieuwkuik
Nieuwlande
Nieuwland
Nieuwland
Nieuwland
Nieuwland
Nieuwlandsche Molen
Nieuw-Lekkerland
Nieuw Leusden
Nieuwleusen
Nieuw Leuzen
Nieuw-Loosdrecht
Nieuw-Lotbroek
Nieuw Maarseveen
Nieuw-Milligen
Nieuw Naman
Nieuw-Namen
Nieuwolda
Nieuwolda-Oost
Nieuwoord
Nieuw Oostendorp
Nieuwpoort
Nieuw-Reemst
Nieuw-Roden
Nieuw-Scheemda
Nieuw-Schoonebeek
Nieuw-Schoonebekerveld
Nieuw Sluis
Nieuwstad
Nieuwstad
Nieuwstad
Nieuwstad
Nieuwstad
Nieuwstadt
Nieuwveen
Nieuw-Vennep
Nieuwvliet-Bad
Nieuwvliet
Nieuw-Vosmeer
Nieuw-Vossemeer
Nieuw-Weerdinge
Nieuw-Wehl
Nieuw Weper
Nieuw-Zwinderen
Niezijl
Niftrik
Nigtevecht
Nij Altoenae
Nij Beets
Nijbroek
Nijeberkoop
Nijega
Nijehaske
Nijeholtpade
Nijeholtwolde
Nijeholtwoude
Nijehorne
Nijelamer
Nijelemmer
Nijemirdum
Nijenheim
Nijenklooster
Nijensleek
Nijentap
Nijeschoot
Nijetrijne
Nijetrine
Nijeveen
Nijeveensche Bovenboer
Nijeveense Bovenboer
Nijewier
Nijezijl
Nijgraaf
Nijhaske
Nijhofshoek
Nijhoven
Nijhuixum
Nijhuizum
Nijken
Nijkerkerveen
Nijkerk
Nijkerk
Nijkleaster
Nijlande
Nijland
Nijmegen
Nijmeyen
Nijnsel
Nijrees
Nijrsel
Nijstad
Nijstad
Nijswiler
Nijswiller
Nijvelaar
Nijverdal
Nikiboko
Nimègue
Nimrodpark
Nimwegen
Nispen
Nispense Achterhoek
Nisse
Nistelrode
Niswijlre
Niswiller
Noenes
Noetselen
Noetsele
Nolde
Noldijk
Nollen
Nooit Gedacht
Nooitgedacht
Noorbeek
Noord-Bakkum
Noordbarge
Noordbeek
Noordbeemster
Noordbergum
Noordbroek
Noordbroeksterhamrik
Noordburen
Noorddeuringen
Noord Deuringe
Noord-Deurningen
Noord-Deurninge
Noorddijk
Noorddijk
Noorddijk
Noord di Salinja
Noorddorp
Noord Eexterveen
Noordeinde
Noordeinde
Noordeinde
Noordeinde
Noordeinde
Noordeloos
Noord-Empe
Noorden
Noorderbuurt
Noorderhoogebrug
Noorderkolonie
Noordermeer
Noorderpark
Noordervenerbosch
Noord-Eschmarke
Noord-Esmarke
Noordeuringen
Noordgeest
Noord Giethoorn
Noordgouwe
Noordhaffel
Noordhoek
Noord-Hofland
Noordhornertolhek
Noordhorn
Noordijk
Noordijk
Noordink
Noordkant
Noordlaren
Noord-Meer
Noord
Noordpolderzijl
Noord Prins Alexanderpolder
Noord Schalkwijk
Noordschans
Noord-Scharwoude
Noordscheschut
Noordsebuurt
Noordse Dorp
Noord-Sleen
Noord-Spierdijk
Noord-Stegeren
Noordstraat
Noordstroe
Noordwelle
Noordwijk aan Zee
Noordwijk-Binnen
Noordwijkerhout
Noordwijk
Noordwijk
Noordwijk
Noordwolde
Noordwolde
Noordwolde-Zuid
Noordzijde
Nootdorp
Norden
Norgervaart
Norg
Notel
Notenboom
Notendaal
Notsel
Notter
Noukoop
Nude
Nuenen
Nuijeneind
Nuil
Nuinhof
Nuis
Nuland
Nulands Vinkel
Numansdorp
Numero Dertien
Nummerderlien
Nummer Dertien
Nummer Een
Nunen
Nunhem
Nunspeet
Nuth
Nut
Nutter
Nyawier
Nylan
Nymegen
Obbicht
Obdam
Obergum
Ochten
Ockhuizen
Odijk
Odiliapeel
Odoornerveen
Odoorn
Oefelt
Oeffelt
Oegstgeest
Oeienbraak
Oeijenbraak
Oekel
Oeken
Oele
Oene
Oenerdijk
Oenkerk
Oensel
Oensel
Oerle
Oestgeest
Oetelaar
Oevereind
Oever
Oever
Oeyenbraak
Offenbeek
Offerkamp
Offingawier
Ofwegen
Ohé en Laak
Ohee
Ohé
Oijen
Oijen
Oirlo
Oirsbeek
Oirschot
Oisterwijk
Okkenbroek
Okswerd
Olbergen
Olburgen
Oldeberkoop
Oldeboorn
Oldebroek
Oldehaske
Oldeholtpade
Oldeholtwolde
Oldeholtwoude
Oldehorne
Oldehove
Oldekerk
Oldelamer
Oldelemmer
Oldemarkt
Olde-Mirdum
Oldendiever
Oldeneel
Olden Eibergen
Oldenhave
Oldenhove
Oldenklooster
Oldenxijl
Oldenzaal
Oldenzijl
Oldeouwer
Olderbroek
Oldetrijne
Oldetrine
Oldhorst
Oldorp
Olen
Oler
Oling
Olland
Olst
Olterterp
Ommelanderwijk
Ommel
Ommelschebosch
Ommelse Bosch
Ommen
Ommeren
Ommerenveld
Ommerschans
Ommoord
Omval
Onderdendam
Onder den Molen
Onderdijk
Onderwierum
Ongeren
Onima
Onland
Onna
Onnen
Onrooi
Ons Belang
Onsenoort
Onstwedde
Oog in Al
Ooien
Ooien
Ooievaarsnest
Ooijen
Ooijevaarsnest
Ooij
Ooi
Oolden
Oolde
Ool
Ooltgensplaat
Oomsberg
Oordeelheikant
Oordeel
Oordeelschestraat
Oordeelse Straat
Oordeelsheikant
Oordel Heikant
Oord
Oorloo
Oorlo
Oorsbeek
Oorschot
Ooselt
Oosseld
Oosselt
Oostappen
Oostbeemster
Oostbroek
Oostburg
Oostburgsche Brug
Oostbuurt
Oostdijk
Oostdijk
Oostdorp
Oostdorp
Oostdorp
Oosteinde
Oosteinde
Oosteinde
Oosteinde
Oosteinde
Oosteind
Oosteind
Oosteind
Oostelbeers
Oostellingwerf
Oostendam
Oostendorp
Ooste
Oosterbeek
Oosterbierum
Oosterblokker
Oosterboer
Oosterboorn
Oosterbroek
Oosterburen
Oosterbuurt
Ooster-Dalfsen
Oosterdijk
Oostereinde
Oostereind
Oostereind
Oosterend
Oosterend
Oostereng
Oosterens
Oostergast
Oostergouw
Oosterhaule
Oosterheide
Oosterhesselen
Oosterhof
Oosterholt
Oosterhoogebrug
Oosterhout
Oosterhout
Oosterhoutse Dam
Oosterhuis
Oosterhuizen
Oosterijk
Oosterik
Oosterklief
Oosterland
Oosterland
Oosterleek
Oosterlittens
Oostermeenthe
Oostermeer
Oosternieland
Ooster-Nijega
Oosternijkerk
Ooster Oene
Oosterpark
Oosterparkwijk
Oosterse Bos
Oosterstreek
Oostervalge
Oosterwierum
Oosterwijdwerd
Oosterwijk
Oosterwijk
Oosterwijk
Oosterwijk
Oosterwijtwerd
Oosterwijzend
Oosterwolde
Oosterwolde
Oosterzand
Oosterzee
Oosterzij
Oost-Graftdijk
Oosthem
Oosthoekeind
Oosthoek
Oosthoek
Oosthuizen
Oost Indië
Oostkapelle
Oostkerke
Oostkerk
Oost-Knollendam
Oostlaar
Oostmahorn
Oost-Meerpolder
Oostmijzen
Oost
Oost
Oostrum
Oostrum
Oostsoeburg
Oost-Souburg
Oostum
Oostvaardersdiep
Oost-Vlieland
Oostvoorne
Oostwolde
Oostwolderhamrik
Oostwolderpolder
Oostwold
Oostwoud
Oostzaan
Ootmarsum
Ooyerhoek
Ooy
Op-Andel
Op de Belt
Op de Bies
Op de Bos
Op de Haven
Op de Hoogewegen
Op de Hoven
Op den Evenbelt
Op den Hering
Opeinde
Opeinde
Opende-Oost
Opende
Opende
Opende-West
Opende-Zuid
Ophemert
Op Het Reelaart
Opheusden
Ophoven
Ophuis
Opijnen
Opitnen
Oploo
Oplo
Opmeeden
Opmeer
Oppenhuizen
Opperburen
Opperdoes
Opperduit
Opwetten
Opwierda
Opwierde
Orange Town
Oranjedorp
Oranjeoord
Oranje
Oranje Pan
Oranjestad
Oranjewoud
Orden
Orinoco
Orten
Orthen
Orvelte
Osdorp
Osen
Oshaar
Osingahuizen
Os
Ospel
Ossendrecht
Ossenisse
Ossenwaard
Ossenzijl
Oss
Ostaaien
Osterbos
Oterdumerwarven
Oterdum
Oterleek
Othene
Otterdijk
Otterloo
Otterlo
Ottersum
Otterweg
Ottoland
Oud Aa
Oud-Ade
Oud-Alblas
Oud-Annerveen
Oud-Appelscha
Oud Appelsga
Oud-Avereest
Oud-Beets
Oud Beierland
Oud-Beijerland
Oud-Bergentheim
Oud-Bodegraven
Oud-Caberg
Oud-Diemen
Oud-Dijk
Ouddorp
Oud-Drimmelen
Oude Bildtdijk
Oude Bildtzijl
Oude Biltzijl
Oude Diemen
Oudedijk
Oudedorp
Oude Gaarkeuken
Oudega
Oude Gracht
Oudehaske
Oudehorne
Oudehornstercompagnie
Oudekerk
Oudelande
Oudeland
Oudeland
Oude Leede
Oude Leie
Oude Leije
Oude Leye
Oude Maasdijk
Oude Meer
Oudemirdum
Oudemolen
Oudemolen
Oude Molen
Oudemolen
Oude-Molen
Oude Molen
Oudenbosch
Oudendijk
Oudendijk
Oudendijk
Oudenhoorn
Oude-Niedorp
Oude Nieuwland
Oudenmolen
Oudenrijn
Oude Pekela
Oude Polder
Ouder Amstel
Ouderkerk aan de Amstel
Ouderkerk-aan-den-IJsel
Ouderkerk aan den IJssel
Ouderkerk
Ouderkerk
Oudeschans
Oude Schans
Oudeschild
Oudeschip
Oudeschoot
Oude Schouw
Oudesluis
Oudesluis
Oude Statenzijl
Oude Stoof
Oude Stoof
Oude Strumpt
Oude Terp
Oude-Tonge
Oudewater
Oudeweg
Oudewegstervaart
Oude Wetering
Oude Wetering
Oudezijl
Oud-Gastel
Oud-Heusden
Oudhuizen
Oudijk
Oud-Kamerik
Oudkarspel
Oudkerk
Oud-Leusden
Oudleusen
Oudleuzen
Oud-Loosdrecht
Oud-Lutten
Oudmaarseveen
Oud-Maarsseveen
Oud-Milligen
Oud-Ootmarsum
Oudorp
Oudover
Oud-Reemst
Oud-Reeuwijk
Oud-Roosteren
Oud-Sabbinge
Oud-Schaayk
Oud Schoonebeek
Oudsdorp
Oudshoorn
Oudshoornscheweg
Oud-Valkenburg
Oud Valkeveen
Oud Veeningen
Oudveld
Oud Verlaat
Oud Vosmeer
Oud-Vossemeer
Oud-Vroenhoven
Oudwoude
Oud-Wulven
Oud-Zevenaar
Oud-Zuilen
Oukoop
Oukoop
Ousternijega
Ouwendorp
Ouwerkerk
Ouwsterhaule
Ouwster-Nijega
Oventje
Overakker
Overa
Overasselt
Overberg
Overberg
Overbiel
Overboeicop
Overboeicops
Overbroek
Overbrug
Overburen
Over de Dijk
Over-Diemen
Overdie
Overdinkel
Over-Eijs
Overeis
Overeys
Overgeul
Overhaelen
Overheek
Overheicop
Overhoven
Overlangbroek
Overlangel
Overloon
Overmeer
Overschie
Overschild
Overschot
Overslag
Overslingeland
Overstegen
Overtoomseveld
Over 't Schild
Overvecht-Noord
Overvecht
Overveen
Overwettering
Overwhere
Overwoud
Ovezande
Oxe
Ozingahuizen
Paal
Paardelanden
Paarlo
Paasloo
Paaslo
Paauwenburg
Paddepoel
Padhuis
Paesens
Paezens
Palemig
Palenberg
Palenstein
Palestina
Pals
Pandelaarse Kampen
Panheel
Pankras
Pannekeet
Pannenschop
Pannerden
Panningen
Papekop
Papenbeek
Papendijk
Papendrecht
Papenhoven
Papenveer
Papenvoort
Papenvoort
Paradijs
Paradijs
Para Mira
Paramira
Park Leeuwenbergh
Park
Parrega
Partij
Pasewaaij
Pasop
Passart
Passenroth
Passenrot
Passerot
Passewaaij
Passewaai
Passewaay
Passluis
Paterswolde
Pathmos
Patmos
Patrijzenhoek
Pauluspolder
Pauwen
Peasens
Peelkant
Peeloo
Peelo
Peel
Peelschehuis
Peelsehuis
Peelstraat
Peest
Peij
Peins
Pei
Peize
Peizerhorst
Peizermade
Peizerweg
Peizerwold
Pelikaan
Pelsendijk
Pendrecht
Pennendijk
Penningsveer
Peperga
Pepinusbrug
Pereboom
Perenboom
Perkpolder
Pernis
Persingen
Pesaken
Pesse
Petersburg
Pettelaar
Petten
Peursum
Pey
Pezens
Philippine
Philipswijk
Piaam
Piekezijl
Pieperij
Piepert
Pierik
Pieriksmars
Piershil
Pieterburen
Pieterburen
Pietersbierum
Pietersburen
Pieterzijl
Piet Gijxenbrug
Piet Gijzenbrug
Pijnacker
Pijnakker
Pijnenburg
Piksen
Pikveld
Pingjum
Pittelo
Pitteperk
Plaat
Plaatsluis
Plaggenberg
Plaggenborg
Plakkebord
Plak
Plankendorp
Planketent
Plantage
Plasmolen
Plaspoelpolder
Platteweg
Platveld
Platvoet
Playa
Pleegste
Plein
Plompetoren
Poederoien
Poederoijen
Poederoijenschehoek
Poederooien
Poederoyen
Poeldijk
Poeldonk
Poelpolder
Poffert
Polanen
Polen
Polle
Pol
Pol
Polsbroekerdam
Polsbroek
Ponte-Avancé
Ponte
Poolland
Poonhaven
Poortugaal
Poortvliet
Poppendamme
Poppenhaar
Poppenhuizen
Poppe
Poppingawier
Porta Makaku
Portengen
Porto Spaño
Posterenk
Posterholt
Posthoorn
Posthoorn
Posthoorn
Pothoek
Pottenberg
Praets
Presikhaaf
Prichart
Prickart
Priesterink
Princenhage
Princenhof
Princepeel
Principeel
Prins Alexanderpolder
Prins Alexander
Prinsejacht
Prinsenbeek
Prinsenhage
Prinsenhof
Prinsenland
Prinsenpeel
Prinses Marianne
Prospect
Prosperdorp
Puiflijk
Punthorst
Punt
Purmerbuurt
Purmerend
Purmerland
Purmer
Putbroek
Puth
Putkop
Putselaar
Putten
Putten
Putte
Puttershoek
Pynakker
Pyramide
Quabeek
Quatrebras
Quatre Bras
Quirijnstok
Raaieind
Raakeind
Raalte
Raamberg
Raam
Raamsdonk
Raamsdonksveer
Raamsdonkveer
Raard
Raarhoek
Raar
Raath
Raayen
Radewijk
Rafelder
Rakens
Rakt
Ramele
Randenburg
Rande
Randwijk
Rannereen
Ransdaal
Ransdorp
Ranserveen
Ranum
Raren
Raskwerd
Rasquert
Ratum
Rauwerd
Ravensgast
Ravensgat
Ravenstein
Ravenswaaij
Ravenswaai
Ravenswaay
Ravenswoud
Ravestein
Rechteren
Rechtvaart
Recht van Terleede
Rectum
Redichem
Reedijk
Reedijk
Reek
Reeth
Reet
Reeuwijkbrug
Reeuwijk-Dorp
Reeuwijk
Reeuwijksebrug
Reezerveen
Refeling
Reidswal
Reijen
Reijerscop
Reijmersbeek
Reijmerstok
Reiken
Reimersbeek
Reimerstok
Reithorst
Reitsum
Rekken
Rektum
Relaar
Remmerden
Remswerd
Remt
Renen
Renesse
Renkum
Renneberg
Renneborg
Renooi
Ren
Renselaar
Renswoude
Republiek
Respelhoek
Ressen
Retersbeek
Reth
Retranchement
Reuken
Reusel
Reuth
Reutje
Reutum
Reuver
Reuzel
Reuzenhoek
Rhaan
Rha
Rheden
Rhederbrug
Rhederveld
Rheebruggen
Rhee
Rheeveld
Rheeze
Rheezerveen
Rhenen
Rhenoij
Rhenooi
Rhenoy
Rhienderen
Rhoon
Rhoonse Veer
Ridderbuurt
Ridderkerk
Ridderveld
Ried
Riele
Riel
Rienderen
Rien
Rietdijk
Rietgoor
Riethorst
Riethoven
Rietmolen
Rietmole
Rietveld
Rietven
Rigot
Rijckholt
Rijen
Rijkebuurt
Rijkel
Rijkerswoerd
Rijkevoort
Rijke Waver
Rijkholt
Rijksdorp
Rijndijke
Rijndijk
Rijnsaterwoude
Rijnsburg
Rijnxaterwoude
Rijpelberg
Rijperkerk
Rijp
Rijpwetering
Rijsbergen
Rijsberkampen
Rijsdam
Rijsenburg
Rijsenhout
Rijsen
Rijsoord
Rijs
Rijssen
Rijswijk
Rijswijk
Rijswijk
Rijt
Rijtseterp
Rijzenburg
Rikman
Rikmansbrug
Rikstel
Rilland-Bath
Rilland
Rimburg
Rimpeld
Rincón
Ringoven
Rinkesfort
Rinkveld
Rinnegom
Rinnegum
Rinsumageest
Riperkerk
Rips
Riscado
Risdam
Rith
Rit
Ritsamuzijl
Ritsumaburen
Ritsumazijl
Rittem
Ritthem
Rivierenwijk
Rixtel
Rockanje
Rode Dorp
Rodenrijs
Roden
Roderesch
Roderol
Roderwolde
Rode Sluis
Roebolligehoek
Roekebosch
Roekel
Roelage
Roeleveen
Roelofarendsveen
Roelshoek
Roermond
Roer
Roestenburg
Roeven
Rogat
Roggebotsluis
Roggel
Roggelsedijk
Rohel
Rokanje
Rokkanje
Rolaf
Rolde
Roligt
Rollecate
Rolpaal
Rome
Ronduite
Rondveld
Roodehaan
Roodenhoek
Roodeschooi
Roodeschool
Roodeschuur
Roodevaart
Roodewijk
Rood Huis
Roodhuis
Roodkerk
Roon
Roonsestraat
Roordahuizum
Roosberg
Roosendaal
Roosendaal
Rooskenskant
Rooskens
Roosteren
Rooth
Root
Rooversbroek
Roozendaal
Ropta
Roptazijl
Rosendaal
Roskam
Rosmalen
Rossum
Rossum
Roswinkel
Rotbrink
Rothem
Rothenbach
Rotstergaast
Rotsterhaule
Rotterdam Alexanderpolder
Rotterdam
Rotte
Rottevalle
Rott
Rottum
Rottum
Rouveen
Roverberg
Rovert
Rozenburg
Rozenburg
Rozendaal
Rozendaal
Rozendaal
Rozewerf
Rucphen
Rugdijk
Rugge
Ruigahuizen
Ruigelollum
Ruigenhoek
Ruigeweide
Ruigezand
Ruimel
Ruinen
Ruinerdijk
Ruinerweide
Ruinerwold
Ruischendegat
Ruischerbrug
Ruisende Gat
Ruisseveen
Ruitenhuizen
Ruiten
Ruitenveen
Ruitersbosch
Rukfen
Rukven
Rullen
Rul
Rumelaar
Rumpen
Rumpt
Rumt
Run
Rustenburg
Rutbeek
Rutbeke
Rutten
Ruurlo
Ruurlosche Broek
Ruurlosebroek
Ruwaard
Saaksumhuizen
Saaksum
Saasveld
Saaxumhuizen
Saaxum
Sabaneta
Saint John's Flat
Saliña
Salverd
Sambeek
San Bernardo
Sandebuur
Sandelingen-Ambacht
Sander
Sandfirden
Sandfird
Sandfort
Sandtfort
Sânfirde
San José
Santa Catarina
Santa Clara
Santa Cruz
Santfort
Santpoort-Noord
Santpoort
Santpoort-Zuid
Sappemeer Noord
Sappemeer
Sasput
Sas
Sassenheim
Sassing
Sas van Gent
Sas Van Goes
Sationswijk
Sauwerdermeden
Sauwerdermeeden
Sauwerd
's Bosch
Schaaik
Schaaik
Schaaikse Hoek
Schaalsum
Schaapbulten
Schaaphok
Schaapsbrug
Schaarsbergen
Schaasberg
Schadewijk
Schadijk
Schadrom
Schadron
Schaesberg
Schafelt
Schafferden
Schaft
Schagen
Schagerbrug
Schaijk
Schaijksche Hoek
Schaijkse Hoek
Schaik
Schaik
Schalkhaap
Schalkhaar
Schalkwijk
Schalkwijk
Schalluinen
Schalsberg
Schalsum
Schaluinen
Schandelo
Schans
Schans
Schans
Schapenbout
Schapershoek
Schardam
Scharendijke
Scharl
Scharmer
Scharneburen
Scharnegoutum
Scharn
Scharsterbrug
Scharwoude
Schaveren
Schayk
Scheemda
Scheemdermeer
Scheemderzwaag
Scheepstal
Scheerwolde
Scheide
Schei
Scheldeoord
Scheldevaartshoek
Schelfhorst
Schelfshorst
Schellach
Schelle
Schellingwoude
Schellinkhout
Schelluinen
Schelm
Schenkeldijk
Schenkel
Schermerhorn
Scherpbier
Scherpenering
Scherpenisse
Scherpenzeel
Scherpenzeel
Scherwolde
Scherwold
Schettens
Scheulder
Scheveningen
Schiebroek
Schiedam
Schiermonnikoog
Schietecoven
Schieven
Schijf
Schijndel
Schilberg
Schilderswijk
Schilde
Schildwolde
Schillaard
Schillersheide
Schilligeham
Schimmelarij
Schimmert
Schingen
Schinkel
Schinnen
Schin op Geule
Schin op Geul
Schinveld
Schipborg
Schipbork
Schiphol
Schiphorst
Schipluiden
Schippersbeek
Schoelieberg
Schonauwen
Schonouwen
Schoolbuurt
Schoonauwen
Schoonbron
Schoondijke
Schoondorpe
Schoondorp
Schoonebeek
Schoonenberg
Schoonenburg
Schoonerwoerd
Schoonheeten
Schoonheten
Schoonhoven
Schoonloo
Schoonlo
Schoonoord
Schoonouwen
Schoonrewoerd
Schoon Velde
Schoordijk
Schoorldam
Schoorl
Schoor
Schoor
Schoorstraat
Schoorveld
Schooteind
Schoot
Schorebrug
Schore
Schoterzijl
Schothorst
Schotsenhoek
Schotsheuvel
Schottershuizen
Schouwen
Schouwerzijl
Schouw
Schouw
Schouw
Schraard
Schrapsveen
Schrapveen
Schreierswijk
Schrins
Schuddebeurs
Schuilenburg
Schuilenburg
Schuilenburg
Schuilingsoord
Schuinesloot
Schulder
Schulde
Schurega
Schurenberg
Schuring
Schutsboom
Schutterhoef
Schuttersveld
Schutwijk
Schuwacht
Schweiberg
Sebaldeburen
Seerijp
Seeryp
Seghwaert
Seitaart
Selissen
Sellingen
Sellingerbeetse
Sellingerzwarteveen
Selmien
Selwerd
Sengelsbroek
Senkuria
Separatiedijk
Serooskerke
Seters
Sevenum
Sexbierum
's-Graveland
's Gravemoer
's-Gravendeel
's-Gravenhage
's Gravenland
's-Gravenmoerse Vaart
's-Gravenmoer
's-Gravenpolder
's-Gravensloot
's-Gravenweg
's-Gravenzande
's-Gravesloot
's Grevelduin-Capelle
's Grevelduin Kapelle
Shedrecht
's-Heer-Abtskerke
's-Heer-Arendskerke
's-Heerenberg
's-Heerenbroek
's-Heerenhoek
's-Heer-Hendrikskinderen
S-Heerjansland
's-Hertogenbosch
Sheven
Sibbe
Sibculo
Sibenlo
Siberie
Sibrandaburen
Sibrandahuis
Siddeburen
Siebengewald
Siegerswolde
Siegerswoude
Sigerswoude
Sijbekarspel
Sijbrandaburen
Sijbrandahuis
Sijtaard
Sijtaart
Sijthuizen
Silven
Silvolderbuurt
Silvolde
Silvoldsche Buurt
Simonshaven
Simonshoek
Simpelveld
Sinderen
Singelwijk
Sinoutskerke
Sinselbeek
Sint Agatha
Sint Andries
Sint Annaland
Sint Annaparochie
Sint Anna
Sint Anna ter Muiden
Sint Annen
Sint Annerhuisjes
Sint Anthoniepolder
Sint Anthonis
Sint Anthonypolder
Sint Antoniepolder
Sint Antonis
Sint Antoniusbank
Sint Antonypolder
Sint Filipsland
Sint Geertruide
Sint Geertruid
Sint Gerlach
Sint Hubert
Sint Isidorushoeve
Sint Jacobiparochie
Sint Janskerke
Sint Janskerkhof
Sint Jansklooster
Sint-Janssteen
Sint Jansteen
Sint-Joachimsmoer
Sintjohannesga
Sint Johannisga
Sint John
Sint John's
Sint Joost
Sint Joris
Sint Kruis
Sint Laurens
Sint Maartensbrug
Sint Maartensdijk
Sint Maarten
Sint Maartensvlotbrug
Sint Maartenszee
Sint Michielsgestel
Sint Nicolaasga
Sint Nikolaasga
Sint Odiliënberg
Sint-Oedenrode
Sint Pancras
Sint Pankras
Sint Philipsland
Sint Pieter
Sint Piet Gijxenbrug
Sint Vitusholt
Sint Willebrord
Sion
Sirjansland
Sirsjansland
Sittard
Sixbierum
Sjungadijk
Slabroek
Slagharen
Slagveld
Slangenburg IJzevoorde
Slaperstil
Slappeterp
Sleen
Sleeuwijk
Sleewijk
Slek
Slenaken
Slenken
Slennebroek
Slibbroek
Slichtenhorst
Sliedrecht
Slieven
Sliffert
Slijkenburg
Slijk Ewijki
Slijk-Ewijk
Slijkplaat
Slijkwell
Slijkwel
Slijkwijk
Slikewijk
Slikgat
Slikkenburg
Slikkenburg
Slikkendam
Slikkerveer
Slikplaats
Slingenberg
Slingerbos
Sliuk Ewijk
Slochteren
Slootdijk
Slootdorp
Sloten
Sloten
Sloterdijk
Slotermeer
Slotervaart
Slotjes
Slot
Sluipwijk
Sluis de Piet
Sluis Dertien
Sluiskil
Sluis
Sluis
Sluitersveld
Smakt
Smalbroek
Smallebragge
Smallebrugge
Smalle Ee
Smal
Smedekensbrugge
Smeerling
Smerp
Smeulveen
Smidshorn
Smidstraat
Smilde
Smitshoek
Smitzerveld
's-Molenaarsbuurt
Smorenhoek
Smoutskerke
Snakkeburen
Snakkerburen
Sneek
Sneidershoek
Snellestein
Snelleveld
Snelrewaard
Snepseind
Snijdel
Snijdersberg
Snijders-Chaam
Snijders
Snikzwaag
Snippeling
Snodenhoek
Snorrenhoef
Soerendonk
Soerselo
Soesloo
Soeslo
Soestdijk
Soestduinen
Soesterberg
Soesterkwartier
Soesterveen
Soest
Soest-Zuid
Soeterbeek
Solwerd
Someren-Eind
Someren-Heide
Someren
Sommelsdijk
Sondel
Son en Breugel
Sonnega
Sonniuswijk
Son
Sopsum
Sorghvliet
Sormorre
Sorramorre
Sorremorra
Sorremorre
Sotterum
Sottrum
Souberg
Spaansehoek
Spaanshuisken
Spaarndam
Spaarnwoude
Spakenburg
Spanbeek
Spanbroek
Spanga
Spangen
Spang
Spankeren
Spannenburg
Spannum
Sparjebert
Sparjebird
Spaubeek
Speers
Spekhoek
Spekholzerheide
Spekt
Spengen
Speulde
Speuld
Spierdijk
Spier
Spiesberg
Spijkdorp
Spijkenisse
Spijkerboor
Spijkerboor
Spijk
Spijk
Spijk
Spijk
Spijk
Spik
Spinolaberg
Spitsbergen
Spitsendijk
Spoelwijk
Sponturfwijk
Spoolde
Spoorbuurt
Spoordonk
Spoorwijk
Sprang-Capelle
Sprangsevaart
Sprang
Sprokkelbosch
Sprokkelenbosch
Sprong
Sprong
Spronk
Sprundel
Spui
Spui
Spurkt
Stad aan het Haringvliet
Stad aan 't Haringvliet
Stadbroek
Stad-Hardenberg
Stadsdam
Stadsdennen
Stadse Dijk
Stadsfenne
Stadskanaal
Stadterij
Stad van Gerven
Stad van Gerwen
Stakenborg
Stalberg
Stampersgat
Stamprooi
Stamproy
Standdaarbuiten
Stapel
Staphorst
Startenhuizen
Starting
Startwijk
Statenboom
Statendam
Statenkwartier
Stationsbuurt
Stavenisse
Staverden
Staveren
Stavoren
Stedum
Steegsbroek
Steeg
Steeg
Steelhoven
Steenbergen
Steenbergen
Steendam
Steenderen
Steenenkamer
Steenenkruis
Steenharst
Steenhoven
Steenovens
Steenoven
Steenoven
Steenpaal
Steenplaats
Steensel
Steenvak
Steenweg
Steenwijkerwold
Steenwijksmoer
Steenwijk
Stegen
Stegeren
Stegerveld
Stegeslag
Steggerda
Steggerden
Steijl
Steil
Stein
Stein
Stellendam
Stenenheul
Stepekolk
Stepelo
Sterenborg
Sterkenburg
Sterksel
Sterrenburg
Sterrenschans
Steurgat
Stevensbeek
Stevensweert
Stevert
Steyl
Stieltjeskanaal
Stiem
Stiens
Stierop
Stipdonk
Stiphout
Stitswerd
Stobbega
Stobbegat
Stobben
Stogger
Stokhasselt
Stokhem
Stokkelaarsbrug
Stokkelen
Stokkumerbroek
Stokkum
Stokkum
Stokske
Stokt
Stolpen
Stolpervlotbrug
Stolwijkersluis
Stolwijk
Stompetoren
Stompwijk
Stoof
Stootshorn
Stoppeldijkerveer
Stoppeldijkscheveer
Stoppeldijkveer
Stork
Stormpolder
Stort
Stougiesdijk
Stougjesdijk
Stoutenburg
Stox
Straat
Strabeek
Strabrecht
Stramproij
Stramproy
Strand
Straten
Strateris
Stratum
Streefkerk
Streek
Strenkhaar
Strepen
Streukel
Strien
Strijbeek
Strijenham
Strijensas
Strijensche Sas
Strijen
Strijen
Strijkviertel
Strijp
Strijp
Strikberg
Stroe
Stroe
Stroet
Stroinkslanden
Stroobos
Stroodorpe
Stroodorp
Strooiendorp
Strooiendorp
Strooienstad
Stroopuit
Strubben
Strucht
Struikberg
Strype
Stryp
Stuifakker
Stuifzand
Stuivezand
Suameer
Suawoude
Surhuisterveensterheide
Surhuisterveen
Surhuizumermieden
Surhuizum
Surig
Susteren
Suttum
Swalmen
Swartbroek
Sweikhuizen
Swichum
Swier
Swifterbant
Swolgen
Sybrandaburen
Sybrandahuis
Sythuizen
Sythuzen
Taarloo
Taarlo
Tacozijl
Takozijl
Tange
Tappersheul
Tasdijk
Taskenhuizen
Tatum
't Bergje
't Broek
't Buurtje
't Coll
Teckop
Teeffelen
Teerd
Teerns
Teersdijk
Tefelen
Teffelen
Tegelen
't Eigen
Teijeburen
Teijlingen
't Eind
Tekkop
Telcht
Telgt
Tempel
Ten-Arloo
Ten Arlo
Ten Boer
Ten Esschen
Ten Have
Ten Post
Tent
Ten Vorsel
Ter Aalst
Ter Aard
Ter Aar
Ter-Aart
Ter Aa
Tera Hundu
Ter Apelkanaal
Ter Apel
Terband
Terblijt
Terborch
Terborg
Ter Borg
Terbregge
Terbroek
Terdiek
Tereijken
Ter Eiken
Tereyken
Tergracht
Ter Haar
Terhagen
Terheden
Terheiden
Terheiden
Ter Heide
Terheide
Ter Heide
Terheijden
Ter Heijde
Terheijl
Terheil
Terhei
Terhofstede
Ter Hole
Terhorne
Terhorn
Ter Horst
Terhorst
Ter Idzard
Ter Idzardt
Ter Idzart
Ter Idzerd
Terkaple
Ter Laan
Ter Lede
Terlet
Terlinden
Ter Lucht
Ter Maarsch
Termaar
Termoors
Termunten
Termunterzijl
Ternaard
Terneuzen
Teroele
Terover
Terpoorten
Terra Corra
Terrijken
Terschuren
Terschuur
Tersluis
Terstraten
Tervaten
Tervinselen
Tervoorst
Tervoort
Terweij
Terwei
Terwey
Terwinseien
Terwinselen
Ter Wisch
Terwisga
Terwispel
Terwisscha
Terwolde
Terwolte
Ter Wupping
Terziet
Terzool
Teteringen
Teuge
't Evenbelt
Tezinge
't Genseler
't Gooij
't Gooi
't Gooi
't Goy
't Haagje
't Haantje
't Haantje
't Haantje
't Haantje
't Haantje
't Hankale
't Harde
't Hart
The Bottom
't Heechhout
't Heem
Theereheide
't Heeske
Theetuin
The Gap
The Haag
The Hague
't Heike
The Level
't Hemelrijk
Thesinge
Thezinge
Thije
't Hoekje
't Hofke
't Hof
Tholen
't Hooge Heksel
't Hool
Thorn
't Horntie
't Horntje
't Hout
't Houw
Thull
Thuserhof
Tiamsweer
Tibben
Tibma
Ticheltse Berg
Tichelwerk
Tieljerk
Tiel
Tiendeveen
Tiendweg-West
Tiengeboden
Tiengemeten
Tienhoven
Tienhoven
Tienhoven
Tienraai
Tienraij
Tienray
Tietjerk
Tiggeltscheberg
Tiggelt
Tijenraan
Tijnje
Tij
Tike
Tilburen
Tilburg
Tilhgte
Tilligte
Timmereind
Tinaarloo
Tinaarlo
Tinallinge
Tinga
Tinte
Tin
Tirns
Tivoli
Tjaard
Tjabbesoord
't Jagertje
Tjalhuizum
Tjalleberd
Tjallebert
Tjallebird
Tjallewal
Tjamsweer
Tjeintgum
Tjeppenboer
Tjerkgaast
Tjerkwerd
Tjoene
Tjuchem
Tjummarum
Tjum
't Kabel
't Kalf
't Klooster
't Klooster
't Kret
't Kruis
't Laar
't Laar
't Lage van den Weg
't Look
't Loo
't Loo
't Loo
't Loo
't Noorden
't Nopeind
't Oever
Tokalmar
Tolberd
Tolberg
Tolbert
Toldijk
Tolen
Tolkamer
Tolke
Tolkmar
Tollebeek
Tolsteeg
Tol
Tommel
Tonden
Tongelre
Tongeren
Tongeren
Tongeren
Tongerloo
Tongerlo
Tonnekreek
Tonnelkreek
Tonnenkreek
Tonsel
Toom
Toornwerd
Top
Topweer
Torenveen
Torenwerd
Torn
Toterfout
Toven
't Peelse Huis
Tragel
Tranendal
Trebeck
Trebek
Treebeek
Treek
't Reelaer
Tregelaar
't Relaar
Trent
Tricht
Triemen
Trimen
Trimpert
Trimunt
Trintelen
Tripscompagnie
Tritzum
Tronde
't Rooth
Trophorne
't Ruurlose Broek
't Sas
't Schoor
't Schoor
't Slot
Tubbergen
Tuikwerd
Tuil
Tuindorp Heyplaat
Tuindorp-Onnen
Tuindorp Oostzaan
Tuindorp
Tuindorp
Tuindorp
Tuindorp
Tuitjehorn
Tuitjenhorn
Tuk
Tull
Tul
Tungelroij
Tungelrooi
Tungelroy
Turfhoofd
Turkeije
Turkeye
Turkije
Tusschen de Bruggen
Tusschenklappen
Tusschenlanen
Tusschenloegen
Tussenlanen
Tusveld
Tuuthees
't Veld
't Velleken
't Ven
't Vlaandertje
't Vlot
't Vlut
't Waal
't Waar
't Wad
Tweede Dwarsdiep
Tweede Ekslooërmond
Tweede Exloërmond
Tweede Tol
Tweede Valthermond
Tweede Vlotbrug
Tweedeweg
Tweehuizen
Tweesluizen
Tweewegen
Twekelerveld
Twekkelerveld
Twekkeloo
Twekkelo
Twello
Twietel
't Wijbosch
Twijtel
Twijzelerheide
Twijzel
Twisk
Twisselt
Twist
Twizel
't Woudt
't Woud
't Woud
't Woud
Tynaarlo
Tynje
't Zandstervoorwerk
't Zandt
't Zand
't Zand
't Zand
't Zand
't Zand
't Zuiderrot
Tzummarum
Tzum
Ubach over Worms
Ubachsberg
Ubagsberg
Ubbena
Ubbergen
Ubroek
Uchelen
Uddel
Udenhout
Uden
Uffelsen
Uffelte
Ugchelen
Uilesprong
Uitdam
Uiteinde
Uiteinde
Uiterburen
Uitermeer
Uitgeest
Uithoorn
Uithuizen
Uithuizermeden
Uithuizermeeden
Uithuizermeedum
Uitweg
Uitwellingerga
Uitwierda
Uitwierde
Uitwijk
Ulekoten
Ulestraten
Ulfterhoek
Ulft
Ulicoten
Ullingen
Ullinger
Ulrum
Ulsda
Ulvend
Ulvenhout
Ungabuurt
Ungebuurt
Upper Hell's Gate
Upper Town
Ureterp aan de Vaart
Ureterperverlaat
Ureterp
Uriezenveen
Urkhoven
Urk
Urmond
Ursem
Uskwerd
Usquert
Usseloo
Usselo
Utrecht
Vaals
Vaardeburen
Vaareind
Vaarsche Hoef
Vaarsche-Hoeve
Vaarse Hoeve
Vaarsel
Vaartbroek
Vaartkant
Vaartwijk
Vaassensche Broek
Vaassense Broek
Vaassen
Vaesrade
Valburg
Valderveen
Valeiskreek
Valenberg
Valendries
Valentijn
Valkenberg
Valkenburg
Valkenburg
Valkenburg
Valkenheide
Valkenhorst
Valkenhuizen
Valkenisse
Valkenswaard
Valkeveen
Valkkoog
Valkoog
Valk
Valom
Valom
Valsteeg
Valterveen
Valte
Valtherblokken
Valthermond
Valthermussel
Valthe
Val
Van Brienenoordbrug
Van Ewijcksluis
Van Ewijksluis
Van Ewycksluis
Vareburen
Varenhout
Varik
Varkenshoek
Varselder
Varsel
Varsen
Varseveld
Varsselder
Varssel
Varsseveld
Vasensche Broek
Vasense Broek
Vasen
Vasse
Vatrop
Vechel
Vechten
Veecaten
Veelerveen
Veele
Veendam
Veendijk
Veenebrugge
Veenendaal
Veenesluis
Veenhof
Veenhuizen
Veenhuizen
Veenhuizen
Veenhuizen
Veenhuizerveld
Veeningen
Veeninger
Veenklooster
Veenkloster
Veenkolonie Ouderhorner Compagnie
Veenoord
Veenoord
Veen
Veen
Veenweg
Veenwouden
Veenwoudsterwal
Veere
Veerster Veldhuis
Veers
Veer
Veessen
Vegelinsoord
Veghel
Veldbraak
Velddijk
Velddriel
Velden
Velde
Veldhoek
Veldhoek
Veldhoven
Veldhuis
Veldhuizen
Veldhuizen
Veldhuizen
Veldhunten
Veldmaat
Veld-Oostenrijk
Veldschuur
Veldstreek
Veld
Veld
Veldwijk
Veldzicht
Veldzicht
Velmolen
Velnerhoek
Velorenhoek
Velp
Velp
Velsen-Noord
Velsen
Velsen-Zuid
Velseroord
Velswijk
Veltum
Veluwe
Veluwe
Velzen
Velzeroord
Vemde
Venebrugge
Veneburen
Veneind
Venekoten
Venendaal
Venesluis
Venezuela
Venhorst
Venhuizen
Veningen
Venkant
Venloo
Venlo
Vennen
Venneperdorp
Venne
Venraai
Venraij
Venray
Vensterburen
Venushoek
Ven
Ven
Ven-Zelderheide
Vere
Vergelt
Vergulde Hand
Verhoven
Verlaat
Verlaat
Verloren Einde
Verloren Hoek
Vernhout
Verrebest
Verreheide
Verrenbest
Verwolde
Vesen
Vessem
Vethuizen
Veulen
Veur
Veut
Vianen
Vianen
Vianen
Viane
Viel
Vierakker
Vierbannen
Vierburen
Vierhouten
Vierhuis
Vierhuizen
Vierhuizen
Vierlingsbeek
Vierpolders
Vieruitersten
Vierverlaten
Vijcie
Vijfhoek
Vijfhoek
Vijfhuis
Vijfhuizen
Vijfhuizen
Vijfhuizen
Vijlen
Vijverberg
Vilgert
Vilheide
Vilsteren
Vilt
Vinkebrug
Vinkega
Vinkel
Vinkenberg
Vinkenbroek
Vinkenbuurt
Vinkenkade
Vinkepas
Vinkeveen
Vinkhuizen
Vink
Vinkwijk
Visberg
Visbuurt
Vischbuurt
Visdonk
Visscherweerd
Vissersburen
Visserweerd
Visserweert
Visvliet
Vithoorn
Vlaardingen
Vlaas
Vlachtwedde
Vlagberg
Vlagtwedder-Veldhuis
Vlagtwedde
Vlake
Vlasmeer
Vlas
Vledderhuizen
Vledderveen
Vledderveen
Vledder
Vleet
Vlengendaal
Vlerken
Vleuten
Vleut
Vliedberg
Vliegert
Vlieghuis
Vlieland
Vlierden
Vliet
Vlietwijk
Vlijmen
Vlijt
Vlissingen
Vlist
Vlodrop-Station
Vlodrop
Vloed
Vloeieind
Vloet
Vlokhoven
Vlotbrug
Vluchtenburg
Voederheil
Voerendaal
Vogelenzang
Vogelenzang
Vogelfort
Vogelgezang
Vogelsberg
Vogelswerf
Vogelwaarde
Vogelwijk
Vogelzang
Völckerdorp
Voldijn
Volendam
Volen
Volkelstraat
Volkel
Vollenhove
Volte
Voltherbroek
Volthe
Voorburg
Voordeldonk
Voordijk
Vooreind
Voorhof
Voorhout
Voorne
Voorpeel
Voorrijp
Voorschoten
Voorste Beersdonk
Voorste Brug
Voorste Diesdonk
Voorste Hees
Voorste Heikant
Voorsterveld
Voorstonden
Voorst
Voorst
Voorst
Voorteind
Voorthuizen
Voortje
Voort
Voort
Voorweg
Voorwerk
Vorchten
Vorden
Vorenseinde
Vorenseind
Vorstenbosch
Vorst
Vorst
Vortum-Mullem
Vortum
Vosberg
Vosdonk
Voske
Voskuilen
Voskuil
Vossebelt
Vosseberg
Vosseburen
Vosselen
Vossenberg
Vossenbrink
Vossenburg
Vossendaal
Vosseneind
Vossenhol
Vossenpels
Vossen
Voulwames
Voulwamis
Voulwamus
Vrachelen
Vragender
Vraggelen
Vrakker
Vrank
Vredenburg
Vredenheim
Vredepeel
Vredeveld
Vreekwijk
Vreeland
Vreeswijk
Vreewijk
Vreewijk
Vrekwijk
Vressel
Vrieheide
Vriescheloo
Vrieschelo
Vries
Vriezekoop
Vriezenveen
Vrijhoeve-Capelle
Vrijhoeve Kapelle
Vrijhoeven Kapelle
Vrijhoeven
Vrij
Vrilkhoven
Vroelen
Vroenhof
Vroenhout
Vroomshoop
Vrouweakker
Vrouwenakker
Vrouwenparochie
Vrouwenpolder
Vrouwentroost
Vrouwenverdriet
Vrusschemig
Vrussemig
Vuchtschoot
Vuchtse Hoeven
Vucht
Vughtsche Hoeven
Vught
Vuilendam
Vuile Riete
Vuilpan
Vuilwammes
Vuren
Vuurbaken
Waaksens
Waalbroek
Waalre
Waal
Waal
Waalwijk
Waalwijlre
Waalwiler
Waanskinderen
Waardenburg
Waarder
Waarde
Waardhuizen
Waarland
Waar
Waatskamperheide
Waatskamp
Waaxens
Wachtum
Wacht
Waddingsveen
Waddinxveen
Wadenoijen
Wadenooien
Wadenooijen
Wadenoyen
Wadwaai
Wadwaij
Wadwai
Wadway
Wadwei
Wadwerd
Wagenberg
Wagenborgen
Wageningen-Hoog
Wageningen
Wahlwijlre
Wahlwiller
Waije
Walderveen
Walem
Walik
Walsberg
Walsert
Walsoorden
Walsoorde
Wals
Wamel
Wammert
Wanapa
Wanneperveen
Wanroij
Wanrooi
Wanrooy
Wanroy
Wanssum
Wansum
Wanswerd aan de Streek
Wanswerd
Wapenvelde
Wapenveld
Wapserveen
Wapse
Warande
Warden
Warder
Warffum
Warfhuizen
Warfstermolen
Warfum
Warga
Warken
Warmenhuizen
Warmond
Warm
Warniahuizen
Warnsveld
Warns
Warstiens
Wartena
Wartumerklap
War
Wasberg
Waserg
Waskemeer
Waspik Boven
Waspik
Wassenaar
Wassinkbrink
Wassink
Waterakkers
Wateregge
Wateren
Watergang
Watergraafsmeer
Waterhoek
Waterhuizen
Wateringen
Wateringskant
Waterkant
Waterlandkerkje
Waterland
Waterop
Waterstraat
Watertuin
Waterval
Waubach-Lauradorp
Waubach
Waverveen
Waver
Weberbuurt
Wechterholt
Wedderheide
Wedderveer
Wedde
Wedzeburen
Weebosch
Weed
Weeg
Weende
Weerdingermond
Weerdinge
Weerd
Weerestein
Weere
Weerseloo
Weerselo
Weert
Weerwille
Weesp
Weë
Wegdam
Wegterholt
Wehe-den Hoorn
Wehe
Wehl
Weibosch
Weidum
Weierswold
Weijereind
Weijerswold
Weijland
Weijpoort
Weilenseind
Weimeren
Weipoort
Weitemanslanden
Weiteveen
Weite
Weiven
Weiwerd
Wekerom
Welberg
Weleveld
Wellenseind
Wellerlooi
Wellseind
Well
Well
Welp
Welschap
Welsrijp
Welsumerveld
Welsum
Welten
Wel
Wely
Wemeldinge
Wemmenhove
Wengeloo
Wengelo
Wenneperveen
Wenum
Weper
Wercheren
Werendijke
Werfhorst
Werkendam
Werken
Werkhoven
Wernhoutsbrug
Wernhout
Werveld
Werven
Wervershoof
Wesepe
Wesselerbrink
Wessel
Wessem
Wessingen
Wessinge
Wessinghuizen
Wessingtange
West aan Zee
Westbeemster
Westbroek
Westbroek
Westdijk
Westdorpe
Westdorp
Westeinde
Westeinde
Westeinde
Westeinde
Westeind
Westeind
Westelbeers
Westendorp
Westeneng
Westenenk
Westenesch
Westenholte
Westenschouwen
Westerbeek
Westerblokker
Westerbork
Westerbroek
Westerbuurt
Westerdijkshorn
Westeremden
Westerenden
Westerend Harich
Westereng
Westergast
Westergeest
Westergeest
Westerhaar-Vriezenveensewijk
Westerhaar
Westerhoeve
Westerholte
Westerhorn
Westerhoven
Westerik
Westerklief
Westerklooster
Westerland
Westerlee
Westerlee
Westermeer
Westermient
Westernieland
Westernijkerk
Westerschelling
Westerschouwen
Westerse Bos
Westervalge
Westervelde
Westervlier
Westervoort
Westerwijdwerd
Westerwijk
Westerwijtwerd
Westerwijzend
Westerzand
Westerzicht
Westerzij
Weste
West Geesteren
West-Graftdijk
West Grastdijk
Westhem
Westhoek
Westhoek
Westijselmonde
Westijsselmonde
Westkapelle
Westkerke
Westkerk
West-Knollendam
Westlaren
Westmaas
Westmijzen
West-Nieuwland
West oan See
Westpunt
Westrik
Westschavwen
West-Skylge
Westsoeburg
West-Souburg
West-Terschelling
Westwoud
Westzaan
Westzaner-Overtoom
Wesup
Weteringbrug
Wetering
Wetsens
Wetsinge
Wetzens
Weurd
Weurt
Weustenrade
Wevershoek
Weversloo
Weverslo
Weverwijk
Weyerswold
Wezel
Wezepe
Wezep
Wezuperbrug
Wezup
Wheermolen
Wichmond
Wieën
Wieken
Wieksloot
Wielder
Wieldrecht
Wieler
Wielsche Hoeven
Wielse Hoeven
Wiel
Wielwijk
Wiene
Wierden
Wierhuizen
Wieringerdorf
Wieringerwaard
Wieringerwerf
Wieringerwerf-Zuid
Wierumerschouw
Wierum
Wierum
Wier
Wiesel
Wiessel
Wieuwens
Wieuwerd
Wiewerd
Wie
Wijbosch
Wijchen
Wijckelereebuurt
Wijckel
Wijdenes
Wijdewormer
Wijerswold
Wije
Wijgeest
Wijhe
Wijk aan Zee
Wijk bij Duurstede
Wijkel
Wijk
Wijk
Wijk
Wijk
Wijlaardburen
Wijlre
Wijmers
Wijnaldum
Wijnandsrade
Wijnbergen
Wijngaarden
Wijnjeterp-Duurswoude
Wijnjeterpverlaat
Wijnjeterp
Wijnjewoude
Wijns
Wijnvoorden
Wijnvoorde
Wijster
Wijst
Wijtgaard
Wijthmen
Wijtmen
Wijzend
Wikel
Wilaarderburen
Wilaard
Wilbertoord
Wildenberg
Wildeplaats
Wilderhof
Wildert
Wildervanksterdallen
Wildervank
Wilgen
Wilhelminadorp
Wilhelminadorp
Wilhelminaoord
Wilhelminapark
Wilhelmina Soord
Wilhelmsoord
Willebrordushoek
Willebrord
Willemsdorp
Willemsoord
Willemstad
Willemstad
Willemstad
Willeskop
Willibrordushoek
Willige Langerak
Willige
Wilnis
Wilp-Achterhoek
Wilp
Wilp
Wilree
Wilreit
Wilsum
Wilsveen
Wilton
Wimmenum
Winaldum
Windas
Windesheim
Windeweer
Winde
Windraak
Windward Side
Winkelerhoek
Winkelsche Hoek
Winkelshoek
Winkelstraat
Winkel
Winkel
Winkel
Winneweer
Winschoten
Winschoterhoogebrug
Winschoterzijl
Winseem
Winsen
Winssen
Winsum
Winsum
Wintelre
Winterswijk
Winthagen
Wintraak
Wipstrik
Wirdumerdraai
Wirdum
Wirdum
Wisch
Wissekerke
Wissel
Wissenkerke
Wissinkhoek
Witdonk
Witgaard
Witharen
Withuis
Witman
Witmarsum
Witrijt
Wittebrink
Wittelte
Wittem
Wittenbrink
Witten
Witte Paarden
Witteveen
Witteveen
Wittewerf
Wittewierum
Witveen
Woensdrecht
Woenselse Heide
Woensel
Woerdenscheverlaat
Woerdenschverlaat
Woerdense Verlaat
Woerden
Woerdsche Verlaat
Woerd
Woeste Hoeve
Woezikrot
Woezik
Wogmeer
Wognum
Wolbert
Woldendorp
Wolder
Wolde
Wolferen
Wolfhaag
Wolfhagen
Wolfheeze
Wolfheze
Wolfsbarge
Wolfsbergen
Wolfsberg
Wolfsbosch
Wolfsbos
Wolfshoek
Wolfshuis
Wolfsput
Wolfswinkel
Wollingboermarke
Wollinghuizen
Wolphaartsdijk
Wolsum
Woltersum
Wolvega
Wommels
Wonneburen
Wons
Woolderes
Woolde
Wooldrik
Woold
Woord
Wordragen
Workum
Wormenschematen
Wormen
Wormereer
Wormerveer
Wormer
Wormingen
Worsem
Woubrugge
Woudbloem
Woudenberg
Woudhuis
Woudrichem
Woudse Dijk
Woudsend
Woud
Woud
Woud
Wouterswoude
Wouterswoud
Wouwsche-Hill
Wouwsche Hil
Wouwsche Plantage
Wouwse Hil
Wouwse-Plantage
Wouw
Wullenhoven
Wulpenbek
Wyck
Wynjeterp
Wyns
Wytgaard
Yde
Yersekendam
Yerseke
Ymuiden
Ypelo
Ysbrechtum
Ysselsteyn
Zaadstukken
Zaalheuvel
Zaamslagveer
Zaamslag
Zaandam
Zaandijk
Zaanstad
Zaarvlaas
Zalk
Zalmplaat
Zalné
Zaltbommel
Zandberg
Zandberg
Zandberg
Zandberg
Zandberg
Zandberg
Zandbulten
Zandburen
Zanddijk
Zandeind
Zandeweer
Zande
Zandfort
Zandfort
Zandheuvel
Zandhoek
Zandhoek
Zandhuizen
Zandkant
Zandoerle
Zandplaat
Zandpol
Zandschel
Zandspui
Zandstraat
Zandstroom
Zandveld
Zandvoort
Zandvoort
Zandvoort
Zandvoort
Zandweerd
Zandwerven
Zandwijk
Zand
Zand
Zanegeest
Zeddam
Zedde
Zeedorp
Zeegat
Zeegse
Zeeland
Zeeland
Zeelberg
Zeelberg
Zeelburg
Zeelst
Zeerijp
Zeerijp
Zeese
Zeesse
Zeewolde
Zeeze
Zegge
Zegvelderbroek
Zegveld
Zegwaard
Zegwaart
Zeien
Zeijen
Zeilberg
Zeist
Zeldam
Zeldert
Zelder
Zelen
Zelhem
Zelt
Zenderen
Zennewijnen
Zes Gehuchten
Zethuis
Zethuizen
Zetten
Zeumeren
Zevenaar
Zevenbergen
Zevenbergschehoek
Zevenbergschen Hoek
Zevenbuurt
Zevender
Zevenhoven
Zevenhoven
Zevenhuis
Zevenhuixen
Zevenhuizen
Zevenhuizen
Zevenhuizen
Zevenhuizen
Zevenhuizen
Zevenhuizen
Zevenhuizen
Zevenhutten
Zevenmorgen
Zeyen
Ziedewijdijk
Ziek
Zieriksee
Zierikzee
Zieuwent
Zijderveld
Zijdewind
Zijdewinne
Zijlberg
Zijldijk
Zijpersluis
Zijpesluis
Zijpe
Zijtaart
Zilk
Zilven
Zinkweg
Zinzelbeek
Zittard
Zittard
Zittend
Zoeke
Zoelen
Zoelmond
Zoerte
Zoetermeer
Zoeterwoude-Rijndijk
Zoeterwoude
Zoggel
Zomerdijk
Zonderwijk
Zondveld
Zonnemaat
Zonnemaire
Zon
Zoomvliet
Zoom
Zorgvlied
Zorgvliet
Zoutelande
Zoutespui
Zouteveen
Zoutkamp
Zouwendijk
Zuelichem
Zuidbakkum
Zuidbarge
Zuidbeierland
Zuid-Beijerland
Zuidbreek
Zuidbrock
Zuidbroek
Zuidbroek
Zuidbruek
Zuidburen
Zuidbuurt
Zuid-Carolina
Zuiddorpe
Zuid-Eierland
Zuideinde
Zuideinde
Zuideind
Zuiderburen
Zuiderend
Zuiderkolonie
Zuidermeer
Zuideropgaande
Zuiderpark
Zuiderrot
Zuiderveen
Zuiderwoude
Zuidgeest
Zuidhaffel
Zuidhappel
Zuidhoek
Zuidhorn
Zuidhorn
Zuidhoven
Zuidlaarderveen
Zuidland
Zuidlaren
Zuidloo
Zuidoostbeemster
Zuid Prins Alexanderpolder
Zuid-Schalkwijk
Zuid-Scharwoude
Zuidschermer
Zuid-Spierdijk
Zuidveen
Zuidvelde
Zuidveld
Zuidveld
Zuidwending
Zuidwijken
Zuidwijk
Zuidwolde
Zuidwolde
Zuidzande
Zuidzijde
Zuid
Zuilen
Zuilichem
Zulkwartier
Zulte
Zuna
Zunderdorp
Zundert
Zuppeld
Zurich
Zutem
Zutfen
Zuthem
Zutphen
Zuuk
Zuurbeek
Zuurdijk
Zwaagdijk-Oost
Zwaagdijk-West
Zwaagdijk
Zwaagwesteinde
Zwaag
Zwaanshoek
Zwaantje
Zwagerbosch
Zwagerveen
Zwaluwenbuurt
Zwaluwe
Zwammerdam
Zwanegat
Zwanenburg
Zwanenheike
Zwartbroek
Zwartebroek
Zwarte Gat
Zwarte Goor
Zwarte Haan
Zwarteklef
Zwartemeer
Zwartenberg
Zwartendijk
Zwartenhoek
Zwarte Paard
Zwarte Ruiter
Zwartewaal
Zwartewatersklooster
Zwarteweg
Zwartschaap
Zwartschap
Zwartsluisje
Zwartsluis
Zwartveen
Zweekhorst
Zweeloo
Zweelo
Zweins
Zweth
Zwet
Zwichem
Zwichum
Zwiep
Zwiggelte
Zwijndrecht
Zwijnsbergen
Zwilbroek
Zwinderen
Zwingelspaan
Zwolle
Zwolle
