Achham
Aiselukharka
Aisvalukharka
Aisyalukharka
Amardaha
Amariya
Amile
Amlekganj
Amlekhagang
Amlekhgang
Amlekhganj
Amlekhsagunz
Amlia
Amraia
Andia
Andrauli
Angbung
Arghakot
Arughat Bazar
Asaina
Ataria
Athmauza
Athpali
Atrauli
Aulgurta
Autaria
Bachhuwa
Badagaon
Badiarpatti
Bagar
Bagarchhap
Baglung
Baglung Bazar
Bahadurganj
Bahairawah
Bahasi
Bahrabise
Baijnathpurwa
Bailikot
Baindoli
Bairia
Baitadi
Bajang
Bajhang
Bajura
Bakarkot
Bakhri Kharka
Balaju
Balapur
Baldenggarhi
Balkot
Balma
Banasawar
Banda
Bandadandi
Bandi
Bandichhap
Bandipur
Banepa
Banepa Bazar
Baneshore
Baneshwar
Baneswar
Bangahi
Banke
Bansangu
Banskot
Banspani
Baraban
Barabise
Barachbise
Barahbise
Barang
Baratpur
Barbatta
Bardanda
Bardia
Bardiya
Barewa
Bargaon
Barhamjia
Barhara
Barikot
Barmdeo Mandi
Barnideo Mandi
Bartar
Basbeti
Batar Bazar
Bathala
Batra
Battar
Batter
Baudha
Baudhatinchule
Baugachia
Beding
Bela
Belahia
Belani
Belbhar
Belgaon
Beluwa
Belwa
Beni
Beni Ghat
Benighat
Berhampuri
Beteni
Bethari
Betrawati
Bhada
Bhadgaon
Bhadrapur
Bhagaura
Bhagwanpur
Bhainsaha
Bhainse
Bhainse Dobhan
Bhairahawa
Bhairawa
Bhairhwa
Bhairwa
Bhaise
Bhajni
Bhaktapur
Bhandar
Bhandari
Bharatpur
Bhartabas
Bhata
Bhataulia
Bhatgaon
Bhatgoan
Bhawanipur
Bhikhna Tdjori
Bhikhna Thori
Bhikna Thori
Bhimpedi
Bhimphedi
Bhingrigaon
Bhirahawa
Bhitania
Bhojpur
Bholi
Bhopatpur
Bhowa
Bhujauli
Bhurchaur
Bhurkia
Bichhuwa
Bichhuwa Jhala
Bijalpura
Bijauri
Bijulpura
Bilauri
Bilbhari
Bimtakothi
Binaikgaon
Biprat
Biratnagar
Biratnagur
Birganj
Birgunj
Birkot
Birta
Bishunpura
Bistbara
Bithara
Bogri
Boradandi
Bramahdeomandi
Bramhadeu Mandi
Bubakone
Budanilkantha
Budha-Nilkantha
Budhbare
Bungmati
Burathum
Burhanilkantha
Buriali
Burtibang
Butaul
Butwai
Butwal
Captainganj
Chainpur
Chaitya
Chala
Champapur
Champpur
Chandragadhi
Chandra Garhi
Changrang
Chapagaon
Chapagaun
Chapia
Charang
Charikot
Chatra
Chaturale
Chaubisho
Chaukle
Chaukun
Chaunrikharka
Chautara
Chautha
Chepang
Chepti
Chepua
Chepuwa
Chhapia
Chhapre
Chharka Bhot
Chharkabhotgaon
Chhibro
Chhintapu
Chhokang
Chhukgaon
Chhule
Chilankha
Chilha
Chilkha
Chilkhaya
Chisapani
Chisapani Gadhi
Chisapani Garhi
Chisopani
Chiyabari
Chobhar
Chobhor
Cholpa
Chong
Choutara
Chuchekanda
Chukhung
Chumik Gyatsa
Chunemari
Chyabari
Chyamtang
Chyangthapu
Colonelbari
Daban
Dabhung
Dadeldhura
Dahawa
Dailekh
Daiphu
Dakhakot
Dakshinkali
Dali
Daliwa
Dalli
Dalphu
Daman
Damdwali
Dana
Dandakharka
Dandeldhura
Dandelhura
Dangarmarwa
Dang
Dang Deu Khuri
Darchula
Daregaunra
Darma
Daura
Daurah
Deb
Debichaur
Debikot
Dekhatbhuli
Deomoro
Deoraha
Deorali
Dhabai
Dhading
Dhakela
Dhalkebar
Dhalkewar
Dhamaura
Dhangadhi
Dhangarhi
Dhankuta Bazar
Dhankuta
Dhankutta
Dhantardhi
Dhanukha
Dhap
Dharamnager
Dharampur
Dharan Bazar
Dharan
Dharchula
Dharchul
Dharmpur
Dharot
Dharsing
Dhik
Dhita
Dhorpatan
Dhuli
Dhulikhel
Dhunche
Dhundras
Dhung
Dhungrebas
Dhurjanna
Dhurkot
Dhursing
Digaman
Diktel Bazar
Diktel
Dillikot
Dingboche
Dingla
Dingpoche
Dobala
Dobata
Doglang
Dolakha
Dolalghat
Dorpattan
Doti
Duglha
Dugtha
Dullu
Duman
Dumja
Dumrichaur
Dumuhan
Dunglang
Durgaon
Durgoli
Fatehpur
Gadhi
Gadriya
Gaindakanda
Gairagaon
Gairigaun
Galba
Galkot
Galwa
Galwa Gaun
Gamphathang
Ganinekanda
Ganjri
Garenkhuti
Gaur
Geta
Ghachak
Ghanpokhara
Ghara
Ghilinggaon
Ghoghda
Ghorahi
Ghorai
Ghumthang
Ghunsa
Ghunthang
Giri
Girma
Godauari
Godavari
Godavri
Godawari
Gogangaon
Gogan
Golagauri
Golagowar
Golapala
Gongrali
Gopalpur
Gorakha
Gorkha
Gorkhe
Gosainkund
Gotam
Gotamsiyala
Gothi
Gour
Guani
Gudel
Gularia
Gulariya
Gulmikot
Gulmi Tamghas
Gulmi Tanghas
Gumbung
Gum
Gumsha
Gunhana
Gurdham
Gurja
Gurjakhana
Gurjakhani
Gurkha
Guthi
Hajminia
Halji
Handrung
Hangsari
Hanumannagar
Haraincha
Hardia Chauki
Haria
Hariharpur Gadhi
Hariharpur Garhi
Harpur
Harrebarre
Harta
Hasta
Hatia
Hatranga
Helambu
Helmu
Hetauda Bazar
Hetauda
Hetaunda
Hetaura
Hidalwa
Hilajug
Hithaura
Hitura
Ilam
Inarwa
Irung
Ismakot
Itahari
Ithari
Jabdahawa
Jagat
Jain
Jajarkot
Jaleshwar
Jaleswar
Jalkundi
Jalthal
Jamu
Jamuna
Janakpur
Jang
Jantra Khani
Jawalakhel
Jawlakhel
Jemir Ghat
Jhala
Jhapa
Jharkham
Jhawani
Jhikabasti
Jhin
Jhuga
Jhunga
Jhuwani
Jibu
Jiri
Jiwadanda
Jogikuti
Jomosom
Jomoson
Joriapani
Joshipur
Jubing
Jub
Jumla
Junbesi
Juribela
Jwalakhel
Kachai
Kacha
Kadarbana
Kagbeni
Kaigaon
Kaigaun
Kailali
Kakani
Kalaiya
Kalikot
Kalimate
Kalimati
Kampu Ghat
Kamsin
Kanchanpur
Kando
Kandrang Garhi
Kanouli
Kanthapur
Kantipura
Kantipur
Kantu Purwa
Kaparkot
Kapilvastu
Kapurkot
Karelung
Karmaiya
Kasba
Kaski
Kaspa
Kathmandu
Katle
Katmandu
Katomato
Katti
Katunje
Kehami
Kermi
Kerwani
Keware
Khadi
Khadkagaon
Khadka Gaun
Khadka
Khadreha
Khairbana
Khairban
Khaireni
Khalte
Khamachin
Khanbari
Khanchikot
Khandbari
Khangra
Khangsar
Khanjpur
Khanskot
Kharang
Kharchyun
Khargauli
Kharpu
Khatmandu
Khinchit
Khokna
Khotang
Khumjung
Khunza
Khurpa
Kirantichhap
Kiratichhap
Kiratpur
Kirtipur
Kodali
Kodari
Kodudanga
Koilabas
Koropani
Kothari
Kuiyahi
Kulikhani
Kumaltar
Kumbher
Kumragaon
Kunauli
Kunchha
Kuseri
Kusma
Kuthanawa
Kutharpekot
Labsibot
Labu
Lahan
Lakarpata
Lakkar
Lalbhitti
Lalitapura
Lalitpur
Lamabagar
Lamadihi
Lamji
Lamjung
Lammela
Lamobagar Gola
Lamobagar
Lamodihi
Lampakha
Lamri
Langtang
Larkya
Lawamjula
Lekhparajuli
Lekhparajul
Lekparajuli
Lete
Lho Mantang
Lhonak
Libanggaon
Lidanda
Limbudin
Limbuwan
Lindanda Village
Liping
Litakot
Liwangaon
Liwang
Lobuche
Lobuje
Lobujya
Loh Mantung
Lokondo
Lo Mantang
Lomnang
Lukla
Lumbini Bagh
Lumbini Garden
Lumbini Grove
Lumbini
Lumsal
Lumsumkhani
Lumsum
Lunak
Lungchung
Lungthung
Lunh
Lunishera
Lurigaon
Mahadevtar
Mahankai
Mahankal
Maharajganj
Mahen Dkanagar
Mahendranagar
Maikot
Majari
Majhgaon
Makaising
Makwanpur Garhi
Malakheti
Malangawa
Malangwa
Malankwa
Malbhanguwa
Malemchigaon
Malimchigaon
Manakot
Manangbhot
Manang
Mandpur
Manebhaniyang
Manebhanjyang
Mangalpur
Mangle
Mangri
Manhari
Manikapur
Maniramkanda
Mankali
Mankot
Manma
Manpur
Manung
Mariphant
Markhu
Maruwa Ghat
Megauli
Meghauli
Melekheti
Melung
Mingbo
Mohami
Motipur
Mughla
Muglaha
Mugu
Muhjung
Mujigaon
Mujkot
Muktinath
Munchi
Munchu
Munga
Munge
Munigaon
Munigaun
Mushtang
Musikot
Mustang
Nagaa
Nagarkot
Nagma
Namai
Nambo
Namche Bazar
Namde Goan
Namdogaon
Namdu
Namrek
Nanche Bazar
Nandpur
Nangaon
Nangraon
Naraingarh
Narayangadh
Narayangarah
Narayangarh
Narayanghat
Narcheng
Nargaon
Naubise
Nauche
Nauranga
Nawakot
Nayagaon
Nepalganj
Nepaltar
Nepa
Nepka
Netadurling
Neta
Neto
Ngyak
Nijgarh
Nisalgaon
Nougam
Num
Nuo
Nup
Nuwaket
Nuwakot
Odarapur
Ojna
Okhaldhunga Bazaar
Okhaldhunga
Olanchungola
Olangchuk Gola
Olang
Oligaon
Olingchung Gola
Pachgachhiya
Pachkaria
Pachui
Pachuwar Ghat
Pachwarghat
Padmi
Padukasthan
Pahritol
Pahung
Pakhra
Paklihawa
Paklihwa
Pali
Palpa
Palung
Palung Sikarkot
Panaoti
Panauti Village
Panbari
Panchkhal
Panepa
Panga
Pangboche
Pangpoche
Pangthok
Panigata
Panighat
Parabice
Para
Parasi
Partapur
Partol
Pasandhara
Pasauli
Pashupatinath
Pasupati
Patan
Patharkot
Patia
Pati Bhamyang
Pati Bhanjyang
Patlahara
Pato
Pausauli
Phalabang
Phalame Sangu
Phalamsangu
Phaphlu
Phaplu
Pharping
Pharpin
Phembu
Phidim
Phijorgaon
Phopagaon
Phorcha
Phorse
Phugaon
Phugru
Phulbari
Phulwaria
Phungnangtar
Pipalkot
Pipraha
Piprahwa
Pipra
Piuthan
Pokhara
Pokharia
Pokhar
Pokhra
Pokhria
Poklihawa
Prangmu
Pratappur
Pudamigaon
Pulanto
Purti Ghat
Putalikhet
Putallkhet
Putlikhet
Pyuthan
Raha
Rajapur
Rajbiraj
Ralnabas
Ramdighat
Ramdikbana
Ramechhap
Ramgarh
Ramnagar
Rampur
Rangeli
Rangkhung
Ranibirta
Ranipauwa
Ranitar
Rara
Rasi
Raskot
Rasnadu Village
Rasnalu
Rasua Garhi
Rasua
Rasuwa Garhi
Rasuwa
Rear
Rehara
Rehra
Rekcha
Ridikot
Ridi
Rijabang
Rimi
Riri Bazar
Ririkot
Romandey
Rukumkot
Rumalgaon
Rumjatar
Rummin-dei
Rupandehi
Saipal
Sakha
Saldanggaon
Salkot
Sallen
Sallyana
Sallyan
Salyan
Samargaon
Sama
Samde
Samjung
Sanam
Sangdah
Sangu
Sangutar
Sankhu
Sanwal
Sarswati
Sasaiya
Saukatia
Selkot
Semri
Setibas
Setibeni
Setu Bash
Seulabang
Shibganj
Shibkhola
Shimi
Shirha
Shivanagar
Shringa
Shyabu
Sialkot
Siddharthanagar
Sidhnia Ghat
Sikha
Sikpasor Khani
Sikta Ghat
Siktahan
Silgadhi-Doti
Silgadhi
Silgarhi-Doti
Silgarhi Dot
Siliguri
Simagaon
Simara
Simengaon
Simikot
Simra
Sindhuli Gadhi
Sindhuli Garhi
Sindhuli
Sinja
Siraha
Sirha
Sirkot
Siror
Sirsia
Sisaghat Bazar
Sisaghat
Sisaria
Sisbani
Sitalpati
Sitapur
Sitlapur
Siurigaon
Siwanagar
Sonauli
Sorukot
Sorung
Sripur
Subakone
Sugarkhal
Sukadhik
Sukhar
Sukhchauri
Sunarpur
Sunauli
Sundarijal
Sundarpur
Sunderijal
Sundraijal
Sundrijal
Sungarkhal
Sunwal
Surajpura
Surkhet
Swargdwari
Swargdwar
Syabru Bensi
Syabru
Syangja
Syang
Tagring
Taklak
Talkot
Talpaka
Tamaspur
Tamgas
Tamghas
Tanahun
Tandi
Tange
Tangmoche
Tanhu
Tanje
Tanju
Tansen
Tansing
Taplejung
Tarakot
Tarapgaon
Tarenggaon
Tarke Ghyang
Tatopani
Taulia
Taulihawa
Teghari
Tehrathum
Teh
Telok
Telpani
Tempathang
Terhathum
Terhthum
Thabang
Thahrakot
Thakle
Thalara
Thami
Thammu
Thandar
Thangjet
Thangmoche
Thangpoche
Thankol
Thankot
Thapagaon
Thapathali
Tharakot
Thare Pati
Thargumtha
Thimi
Thodung
Thonje
Thori
Those
Thotung
Thukla
Thulopatal
Thumshe
Thyangboche
Thyangtoche
Tibrikot
Tigri
Tikabhairab
Tikapur
Tikoli
Tilaurakot
Tiling
Til
Tinakar
Tingjegaon
Tinkar
Titahari
Tokha
Tokna
Toli
Topke Gola
Topla
Tribeni Gatt
Tribeni Ghat
Tribeni
Trisuli Bazar
Trisuli
Tsarang
Tukotigaon
Tukucha
Tulsipur
Tulsi
Tumlingtar
Tumlintar
Tunrikhel
Udain
Udaipur Gadhi
Udaipur Garhi
Udaipur
Udai
Udayapur Garhi
Ukta
Ulejula
Umari
Umraro
Umse
Unapani
Upardang Gadhi
Upardang Garhi
Uwagaon
Vishnupura
Waleng
Waling
Wali
Walling
Walungchung Gola
Wamitaksar
Wapsa Khani
Yala
Yalbang
Yamphodin
Yangar
Yangbel
Yang Fu Ring
Yangphuring
Yapkel
Yari
Yarsa
Yektim
