Abbotsford
Adams Flat
Addington
Admiralty Bay
Ahaura
Ahikiwi
Ahimia
Ahipara
Ahititi
Ahuiti
Ahurangi
Ahuriri
Ahuriri Village
Ahuroa
Aickens
Aka Aka
Akatore
Akerama
Akitio
Albany
Albert Road
Albert Town
Albury
Alford Forest
Alfredton
Algies Bay
Allandale
Allanton
Allerton
Alma
Altimarloch
Altimarlock
Alton
Amberley
Amodeo
Amodeo Bay
Anama
Annat
Aohanga
Aokautere
Aongatete
Aorere
Aotea
Aotuhia
Aparima
Apata
Apiti
Appleby
Arahura
Arai Point
Aramiro
Aramoana
Aramoho
Aranga
Aranui
Arapae
Arapito
Arapohue
Arapuni
Ararata
Ararimu
Aratapu
Arcadia
Ardlussa
Ardmore
Ardmore College
Argyll East
Aria
Ariki
Aropaki
Arthur Pass
Arthur's Pass
Arthurs Point
Arthurton
Arundel
Ashhurst
Ashley
Ashley Bank
Ashley Clinton
Ashton
Ashwick Flat
Ataahua
Atapo
Atarau
Atawhai
Atene
Athenree
Athol
Atiamuri
Atiamuri Bridge
Auckland
Aukopae
Auroa
Autawa
Avondale
Avondale
Awaawakino
Awahuri
Awa-iti
Awakaponga
Awakeri
Awakino
Awamangu
Awamarino
Awamoko
Awamunga
Awanui
Awapiri
Awaroa
Awarua
Awarua Plains
Awatea
Awatoto
Awatuna
Awhitu
Awhitu Central
Aylesbury
Babylon
Bainesse
Bainham
Balcairn
Balclutha
Balfour
Ballance
Bankside
Bannockburn
Barnego
Barnego Flat
Barrhill
Barrys Bay
Barrytown
Bartlett
Bartlett's
Bastings
Batley
Baton
Bayleys Beach
Baylys Beach
Bayswater
Bay View
Beachlands
Bealey
Beaumont
Beautiful Valley
Becks
Belfast
Belgrove
Bell Block
Bell Hill
Bells
Belmont
Bendigo
Benhar
Benmore
Benmore Stream
Bennets
Bennetts
Berhampore
Berlins
Berwen
Berwick
Bethlehem
Bexley
Bideford
Big Omaha
Birchfield
Birch Grove
Birch Hill
Birchwood
Blackball
Blackburn
Blackpool
Blacks Point
Blackstone Hill
Blackwater
Blind River
Blueskin
Bluespur
Blue Spur
Bluff
Bog Roy
Bombay
Bortons
Braeburn
Brighams Creek
Brighton
Brightwater
Broad Bay
Broadwood
Bromley
Brooklyn
Brookside
Broughton Bay
Browns Bay
Browns
Bruce Bay
Brunnerton
Brunswick
Bruntwood
Brydone
Buckland
Bull Creek
Bulls
Bulls Town District
Bunnythorpe
Buried Village
Burkes Pass
Burnham
Burnside
Burwood
Bush Gully
Caberfeidh
Cable Bay
Cairnbrae
Cambrian
Camden
Camerons
Campbells Bay
Canvastown
Cape Runaway
Cardiff
Cardrona
Care
Carew
Carnarvon
Carswells
Carters Beach
Carters Mill
Cashmere
Cashmere Hills
Cass
Castlecliff
Castle Hill
Castlepoint
Cave
Caversham
Centre Bush
Chaneys
Charing Cross
Charleston
Charlton
Charwell Forks
Chaslands
Chatto Creek
Chatton
Chelsea
Cheltenham
Chertsey
Chesterfield
Cheviot
Chorlton
Christchurch
Churchill
Clandeboye
Claremont
Clarence
Clarendon
Clareville
Clarke's
Clarks
Clarks Junction
Clarksville
Clarkville
Claudelands
Clearburn
Clevedon
Clifden
Cliff Road
Clifton
Clinton
Clive
Closeburn
Clyde
Clydevale
Coal Creek
Coal Creek Flat
Coalgate
Coatesville
Cobden
Colac Bay
Colac
Collingwood
Colville
Colyton
Conical Hill
Conical Hills
Coopers Creek
Corbyvale
Corinth
Cormacks
Coroglen
Coromandel
Courtenay
Coutts Island
Cowes
Craigieburn
Crail Bay
Creighton
Cricklewood
Crofton
Cronadun
Cross Creek
Crushington
Culverden
Cunninghams
Cust
Dacre
Dairy Flat
Dalefield
Darfield
Dargaville
Dashwood
Dawson Falls
Dawson Gate
Days Bay
Deborah
Deep Creek
Denniston
Devenport
Dipton
Dobson
Domett
Donnellys Crossing
Dorie
Douglas
Dovedale
Doyleston
Driving Creek
Dromore
Drummond
Drury
Drybread
Dumbarton
Dunback
Dunedin
Dunrobin
Dunsandel
Duntroon
Duvauchelle
Duvauchelles
Ealing
Earnscleugh
Earnscleugh Settlement
Eastbourne
East Cape
East Chatton
East End
Eastern Bush
East Taieri
East Takaka
East Tamaki
Edendale
Edendale Town District
Edgecumbe
Edievale
Egmont Village
Eiffelton
Elgin
Ellesmere
Elsthorpe
Eltham
Endeavour Inlet
Enfield
Erehwon
Erina
Erua
Eskdale
Esk Valley
Ethelton
Eureka
Evansdale
Evans Flat
Eyre Creek
Fabians Valley
Fairburn
Fairdown
Fairfax
Fairfield
Fairlie
Fairton
Fairview
Favona
Fendalton
Fergusons
Fern Flat
Fernhill
Fernleigh
Fernside
Fitzroy
Five Rivers
Flagstaff
Flaxton
Flemington
Flints Bush
Fordell
Forsyth
Fort Galatea
Fortrose
Foxhill
Foxton Beach
Foxton
Frankton
Frankton Junction
Frankton Wharf
Franz Josef
Franz Josef Glacier
Frasertown
French Farm
Freshford
Fruitlands
Galloway
Garston
Gate Pa
Georgetown
Gibbston
Gimmerburn
Gisborne
Gladstone
Glen Afton
Glenavy
Glenbrook
Glencoe
Glendhu
Glenduan
Glen Eden
Glen Eden Town District
Glenfield
Glengarry
Glenham
Glenhope
Gleniti
Glenkenich
Glenledi
Glenlee
Glen Murray
Glenomaru
Glenorchy
Glenore
Glen Oroua
Glenorve
Glenpark
Glenroy
Glentanner
Glentunnel
Glinkes Gully
Glinks Gully
Glorit
Golden Downs
Goldsboro
Goldsborough
Goodwood
Goose Bay
Gordon
Gordonton
Gorge Road
Gowanbridge
Gracefield
Grahams Beach
Granity
Greatford
Greenfield
Greenhills
Greenhithe
Greenmeadows
Greenpark
Greenstone
Greenvale
Green Valley
Greerton
Greville Harbour
Greymouth
Grove Bush
Grove
Grovetown
Gummies Bush
Guthrie
Haast
Hackthorne
Hairini
Hakahaka
Hakaru
Hakataramea
Hakatere
Halcombe
Haldane
Half-moon Bay
Halfway Bush
Halkett
Halkett Town
Halswell
Hamilton Bay
Hamilton City
Hamilton
Hampden
Hamurana
Hamurana Springs
Hangatiki
Hanmer
Hanmer Springs
Hapuku
Harapepe
Harewood
Harewood Settlement
Harihari
Haruru
Hastings
Hastwell
Hastwells
Hataitai
Hatfield
Hatuma
Haumoana
Haunui
Hautapu
Hauturu
Hauwai
Havelock
Havelock North
Havelock North Town District
Havelock Suburban
Havelock Town District
Hawarden
Hawea Flat
Hawera
Hawkeswood
Hawkins
Hawkswood
Haywards
Hazelburn
Hazletts
Heathcote
Heathcote Valley
Hector
Heddon Bush
Hedgehope
Helena Bay
Helvetia
Henley
Herbert
Herbertville
Herekino
Herepo
Heretaunga
Heriot
Herne Bay
Herriot
Hicks Bay
Highbank
Highcliffe
Highcliff
Hihitahi
Hikuai
Hikumutu
Hikurangi
Hikurangi Town District
Hikutaia
Hilderthorpe
Hillend
Hillersden
Hillgrove
Hillsborough
Hilton
Himatangi
Hinahina
Hinakura
Hindon
Hindon Railway
Hinds
Hinerua
Hinuera
Hira
Hirstfield
Hiruharama
Hiwipango
Hobsonville
Ho Ho
Hohonu
Hokio
Hokitika
Hokonui
Homai
Homedale
Homewood
Honikiwi
Hook
Hope
Hopelands
Horeke
Hornby
Horndon
Horoeke
Horoera
Horopito
Hororata
Horotiu
Horrelville
Horseshoe Bend
Hoteo
Houhora
Houipapa
Houpoto
Houto
Howard
Howard Junction
Howick
Howick Town District
Huapai
Huarau
Huatoki
Huhuka
Huia
Huinga
Huirangi
Huiroa
Hukanui
Hukapapa
Hukarere
Hukerenui
Humphreys
Humua
Hundalee
Hunter
Hunterville
Hunterville Town District
Hunts Road
Hunua
Hurleyville
Huruiki
Hyde
Idaburn Valley
Ida Valley
Ikamatua
Ikawai
Inaha
Inangahua Camp
Inangahua
Inangahua Junction
Inangahua Landing
Inchbonnie
Invercargill
Irwell
Isla Bank
Island Bay
Island Block
Island Cliff
Jackson
Jacksons
Jamestown
Jerusalem
Johnsonville
Johnsonville Town District
Johnstone
Johnstone's
Jordan
Judgeford
Kaawa
Kaeaea
Kaeo
Kaharoa
Kahuika
Kahutara
Kaiaka
Kaiata
Kaiaua
Kaihere
Kaihiku
Kaihinu
Kaihu
Kai Iwi Beach
Kai Iwi
Kaikarangi
Kaikora
Kaikou
Kaikoura
Kaikoura Suburban
Kaimai
Kaimata
Kaimaumau
Kaimiro
Kaingapai Hakataramea Station
Kaingapai
Kaingaroa
Kaipaki
Kaipara Flat
Kaipara Flats
Kairanga
Kairara
Kairua
Kairuru
Kaitangata
Kaitaratahi
Kaitawa
Kaitieke
Kaitoke
Kaituna
Kaiuma
Kaiwaka
Kaiwarawara
Kaiwarra
Kaiwhara
Kaiwharawhara
Kakahi
Kakahu Bush
Kakanui
Kakapo Bay
Kaka Point
Kakapotahi
Kakapuaka
Kakaramea
Kakatahi
Kamahi
Kamaka
Kamo
Kamo Town District
Kaniere
Kanieri
Kanohi
Kapara
Kaponga
Kaponga Town District
Kapowai
Kapuka
Kapuni
Karamea
Karamu
Karangahake
Karangarua
Karekare
Karetu
Karewa
Karewarewa
Karioi
Karitane
Karori
Kartigi
Katea
Katikati
Katiki
Kauaeranga
Kauangaroa
Kauhoe
Kaukapakapa
Kaupokonui
Kauri
Kauroa
Kauru Hill
Kauwhata
Kawakawa
Kawakawa Town District
Kawatiri
Kawau Island
Kaweku
Kawerau
Kawhia
Kawhia Town District
Kawiti
Kekerangu
Kekerengu
Kelburn
Kelchers
Kelso
Kelvin Grove
Kenana
Kenepuru Head
Kennedys Bay
Kennington
Kent Road
Kerepeehi
Kerepehi
Kereta
Kerikeri Inlet
Kerikeri
Kerrytown
Khandallah
Kihikihi
Kihikihi Town District
Kikiwa
Kilbirnie
Killinchy
Kimbell
Kimbolton
Kimihia
Kingsdown
Kingston
Kinikini
Kinleith
Kinloch
Kinohaku
Kioreroa
Kirikau
Kirikopuni
Kirikopunui
Kiripaka
Kiritaki
Kiritehere
Kirwee
Kiteroa
Kiwi
Kiwitahi
Kiwitea
Knapdale
Kohekohe
Kohukohu
Kohukohu Town District
Kohumaru
Kohuratahi
Koiterangi
Kokakoriki
Kokapo
Kokatahi
Kokiri
Kokonga
Kokopu
Komako
Komakorau
Komata
Komata North
Komiti
Kongahu
Konini
Kononi
Kopaki
Kopua
Kopuaranga
Kopuawhara
Kopu
Kopuku
Kopuriki
Koputaroa
Koraki
Korakonui
Korere
Korere Valley
Koriniti
Korito
Korokoro
Koromiko
Kororareka
Kotemaori
Kotuku
Koutu
Kowai Bush
Kowhatu
Kowhitirangi
Kuaotunu
Kumeroa
Kumeu
Kuri Bush
Kurow
Kyeburn Diggings
Kyeburn
Kyle
Ladbrooks
Lady Barkley
Lady Barkly
Laghmor
Lagmhor
Lake Coleridge
Lake Kaniere
Lake Kanieri
Lake Ohia
Lake Pukaki
Lake Rotoiti
Lake Rotoroa
Lake Tekapo
Langridge
Lauder
Lauriston
Leamington
Leamington Town District
Le Bons Bay
Leeston
Leeston Town District
Lee Stream
Leigh
Leithfield
Lepperton
Lethbridge
Levels
Levin
Limehills
Lincoln
Linden
Lindis Crossing
Lindis Pass
Linkwater
Linton
Linwood
Lismore
Little Akaloa
Little River
Little Wanganui
Livingstone
Loburn
Lochiel
Longbeach
Longburn
Longbush
Longford
Long Gully
Longridge
Longs Beach
Longwood
Lorne
Lorneville
Lovells Flat
Lowburn Bridge
Lowburn Ferry
Lowburn
Lowcliffe
Lowcliff
Lower Hutt City
Lower Hutt
Lower Kaimai
Lower Kohumaru
Lower Kokatahi
Lower Moutere
Lower Nevis
Lower Shotover
Lower Waiawa
Lowgarth
Lowther
Luggate
Lumsden
Lumsden Town District
Lyalldale
Lyell
Lyndhurst
Lynnford
Mabel Bush
Mabel School
Macandrew Bay
Macandrews Bay
Macetown
Mackaytown
Mackenzie
Maclennan
Macraes Flat
Macraes
Maerewhenua
Mahakipawa
Mahana
Mahanga Beach
Mahanga
Maharahara
Maharakeke
Maheno
Mahers Creek
Mahia Beach
Mahia
Mahitahi
Mahoe
Mahoenui
Mahunga
Mahurangi
Mahuta
Maihiihi
Maimai
Maina
Mairangi Bay
Mairoa
Maitahi
Maitland
Makaraka
Makarau
Makaretu
Makarewa Junction
Makarewa
Makarora
Makarora Wharf
Makauri
Makeokeo
Maketu
Makikihi
Makirikiri
Makotuku
Makuri
Mamaku
Mamaranui
Manaia
Manaia Town District
Manakau
Manapouri
Manaroa
Manawahe
Manawaora
Manawaroa
Manawaru
Manawatu Heads
Mandeville
Mandeville North
Mangaiti
Mangamahoe
Mangamahu
Mangamaire
Mangamate
Mangamauna
Mangamaunu
Mangamingi
Mangamuka
Mangamutu
Mangaohutu
Mangaone
Mangaonoho
Mangapai
Mangapani
Mangapurua
Mangarata
Mangaroa
Mangatainoka
Mangatangi
Mangatarata
Mangatawhiri
Mangatiti
Mangatoki
Mangatua
Mangatu
Mangawai
Mangaweka
Mangaweka Town District
Mangawhai
Mangawhata
Mangawhio
Mangere
Mangonui
Mangorei
Mangweka
Maniatutu
Manuka Creek
Manukau City
Manukau
Manunui
Manunui Town District
Manutahi
Manutuke
Maori Point
Mapiu
Mapua
Maraehoko
Maraekakaho
Maraeroa
Maraetai
Maraitara
Marakeke
Marakerake
Maramarua
Marangai
Mararewa
Mareretu
Market Cross
Marlow
Marohemo
Marokopa
Maromaku
Maropiu
Marotiri
Marsden
Marsden Point
Marshland
Marua
Maruia
Maruia Springs
Maruwenua
Maruwhenua
Masons Flat
Massey Glen
Masterton
Mast
Matahanea
Matahina
Matahiwi Landing
Matahiwi
Matahorua
Matahura
Matahuru
Matainui
Matakana
Matakanui
Matakitaki
Matakohe
Mata
Matamau
Matangi
Matangirau
Matapara
Matapihi
Matapouri
Matapu
Matarakau
Matarawa
Matariki
Mataroa
Matata
Matatoki
Matau
Mataura Island
Matauri Bay
Matauwai
Matawai
Matawhero
Matiere
Matukuroa
Mauku
Maungaatua
Maungakaramea
Maungapohatu
Maungatapere
Maungatea Village
Maungatiro
Maungatua
Maungaturoto
Maungawera
Mauriceville East
Mauriceville
Mauriceville West
Mawaro
Mawheraiti
Maxwell
Mayfield
McKenzie
Medbury
Meeanee
Mendip Hills
Menzies Ferry
Mercer
Mercer Town District
Meremere
Merrijigs
Merrivale
Methven
Middlemarch
Midhirst
Midhurst
Mihiwaka
Miko
Milburn
Millers Flat
Millerton
Milton
Mina
Mino
Miramar
Miranda
Mirza
Mission Bay
Mitcham
Mitimiti
Mititai
Moa Creek
Moa Flat
Moana
Moanapuru
Moanariri
Moawhango
Moeatoa
Moeawatea
Moemoto
Moengawahine
Moeraki
Moerangi
Moerewa
Moeroa
Mohaka
Mokai
Mokauiti
Mokau
Mokihinui Mine
Mokihinui
Mokoia
Mokoreta
Mokotua
Molesworth
Momahaki
Momona
Moneymore
Moonlight
Morere
Morikau
Mornington
Morrisons
Morton Mains
Morven
Mosgiel
Mossburn
Motairehe
Motairere
Motatau
Moteo
Motuhora
Motukaraka
Motukarara
Motumaoho
Motu
Motunau
Motunui
Motupiko
Motupipi
Moturoa
Moumahaki
Mount Cargill
Mount Linton
Mount Maunganui
Mount Pisa
Mount Pleasant
Mount Rex
Mount Somers
Mount Stoker
Mourea
Moutere
Moutoa
Moutohora
Mowhanau
Mowhiti
Mullet Point
Mungaroa
Murapara
Murchison
Murimotu
Muripara
Muritai
Muriwai Beach
Muriwai
Murumuru
Murupara
Myross Bush
Napier City
Napier
Narrow Neck
National Park
Naumai
Nelson City
Nelson Creek
Nelson
Netherton
Nevesville
Nevis
New Brighton
Newcastle
New Haven
Newland
Newman
New Plymouth City
New Plymouth
Newstead
Newton Flat
Newton
Ngaere
Ngahauranga
Ngahere
Ngaio
Ngakawau
Ngakawhau
Ngamoko
Ngapara
Ngapipito
Ngapuhi
Ngapuke
Ngapuna
Ngaro
Ngaroto
Ngataki
Ngatapa
Ngatea
Ngatimoti
Ngatira
Ngaturi
Ngauranga
Ngawaro
Ngawha
Ngongotaha
Ngunguru
Ngutunui
Ngutuwera
Niagara
Nightcaps
Nightcaps Town District
Nihoniho
Nihotupu
Nikau
Nireaha
Nokomai
Normanby
Normanby Town District
Norsewood
Northcote
North East Valley
North Head
Northland
North Loburn
North Mount Egmont
North Shore
North Taieri
Norwood
Nuhaka
Nukuhau
Nukumaru
Nukutawhiti
Oakleigh
Oakura
Oaonui
Oaro
Oban
Ocean Bay
Ocean Beach
Ocean Grove
Oeo
Ohaeawai
Ohai
Ohakea
Ohangai
Ohariu
Ohau
Ohaupo
Ohaupo Town District
Ohautira
Ohawe Beach
Ohawe
Ohinemutu
Ohinepaka
Ohinepanea
Ohinewai
Ohingaiti
Ohingaroa
Ohirangi
Ohirehape
Ohoka
Ohope Beach
Ohotu
Ohura
Ohura Town District
Oio
Okahukua
Okahukura
Okahu
Okaiawa
Okaihau
Okains Bay
Okains
Okaramio
Okarito
Okato
Okauia
Okau
Okere Falls
Okete
Okiore
Okiwi
Okoia
Okoke
Okoki
Okoroire
Okukari
Okupu
Okuru
Omahanui
Omahu
Omaio
Omakau
Omanaia
Omana
Omanawa Falls
Omanawa
Omapere
Omarama
Omata
Omiha
Omihi
Omimi
Omoana
Omokoroa Beach
Omokoroa
Onaeroa
Onaero
Onairo
Onamalutu
Onapua
Onauku
Onekaka
Onekawa
Onerahi
Onerahi Town District
Oneroa
Onetangi
Onetea
Onewhero
Onga Onga
Ongarue
Oniao
Opaheke
Opapa
Oparara
Oparau
Ophir
Opio
Opoiti
Oponae
Opononi
Opotiki
Opoutama
Opoutere
Opua
Opuatia
Opuawhanga
Opunake
Opunui Marae
Oraka
Orakei
Orangapai
Orangimea
Oranoa
Orari
Oratia
Orawia Bridge
Orawia
Orepuki
Orere Point
Oreti
Oreti Plains
Orewa
Orini
Ormond
Ormondville
Oropi
Oroua Downs
Orton
Oruaiwi
Oruanui
Oruru
Otahuti
Otaio
Otaitai
Otakeho
Otaki Beach
Otaki
Otakiri
Otakou
Otama
Otamarakau
Otamita
Otane
Otanerau
Otangaroa
Otangihaku
Otanomomo
Otapiri Gorge
Otara
Otarawao
Otatara
Otaua
Otautau
Otautau Town District
Otekaieke
Otekaike
Otekura
Otematata
Otipua
Otira
Otiria
Otokia
Otoko
Otonga
Otoroa
Otorohanga
Otorohanga Town District
Otuhi
Otukou
Otumoetai
Oturehua
Oue
Ouruhia
Outram
Outram Town District
Ouwenga
Overdale
Owaka
Owaka Valley
Owen Junction
Owen River
Owen Valley
Owersby
Owhango
Owhiro
Oxford
Paekakariki
Paemako
Paengaroa
Paerata
Paerau
Paeroa
Paetawai
Pahautane
Pahautanui
Pahautea
Pahia
Pahi
Pahitoa
Pahoia
Pahowai
Pah
Paiaka
Paihia
Pakaraka
Pakatoa
Pakawau
Pakihikura
Pakihiroa
Pakipaki
Pakiri
Pakotai
Pakowhai
Pakuranga
Pakurangi
Palmerston North City
Palmerston North
Pamapuria
Pandora Bank
Pandora
Pangatotara
Panguru
Panmure
Papakaio
Papakura
Papamoa
Papanui
Paparangi
Paparata
Paparata Valley
Paparimu
Paparoa
Papatawa
Papatotara
Papatowai
Paradise
Parakai
Parakakau
Parakao
Parakino Pa
Parakino
Paranui
Paraoanui
Para
Parapara
Paraparaumu Beach
Paraparaumu
Parau
Parawa
Paremata
Paremoremo
Parenga
Pareora
Pareora West
Paretai
Parihaka Pa
Parihaka
Parikino
Park Hill
Parkhurst
Parkvale
Parnassus
Parnell
Paroa
Parore
Parua Bay
Patangata
Patea
Patearoa
Patetonga
Patoka
Patuki
Patumahoe
Patunga
Paturau River
Patutahi
Patutahi Town District
Pauanui
Paua
Pauatahanui
Pawarenga
Peebles
Peel Forest
Pehiri
Pehu
Pembroke
Penrose
Pepepe
Peria
Petane
Petane
Petone
Phoebe
Piako
Pigeon Bay
Pigeon Bush
Pihama
Piha
Pikiariki
Piko Piko
Pikowai
Pine Bush
Pine Valley
Pinohia
Piopio
Pipiriki
Pipiroa
Piriaka
Pirinoa
Piripiri
Pirongia
Piruhi
Pleasant Point
Pleasant Point Town District
Pleasant Valley
Plimmerton
Poerua
Pohangina
Pohokura
Pohuehue
Point Chevalier
Point Resolution
Pokaka
Pokapu
Pokeno
Pokere
Pokororo
Pollok
Pollok Settlement
Pomahaka
Pongahere
Pongakawa
Pongaroa
Ponsonby
Poolburn
Popotunoa
Porangahau
Poranui
Porirua Pa
Porirua
Porongahau
Porootarao
Poroporo
Poroti
Port Ahuriri
Port Albert
Port Awanui
Port Chalmers
Port Charles
Port Craig
Port Fitzroy
Port Hardy
Portland
Port Molyneux
Port Motueka
Port Nelson
Portobello
Port Robinson
Port Waikato
Potters Creek
Poukawa
Poukiore
Pounamu
Pounawea
Pouto
Poutu
Poutu
Prebbleton
Puaha
Puahau
Puaho
Puerua
Puha
Puhau
Puhoi
Puhua
Pukahu
Pukaki
Pukapuka
Pukearuhe
Pukeatua
Pukeawa
Pukehiki
Pukehina
Pukehou
Pukehuia
Pukeinoi
Pukekapia
Pukekohe East
Pukekoikoi
Pukekoma
Pukekura
Pukemaori
Pukemiro Junction
Pukemiro
Pukenui
Pukeowhare
Pukepito
Pukerangi
Pukerau
Pukeroa
Pukerua Bay
Puketapu
Puketeraki
Puketi
Puketiro
Puketitiri
Puketona
Puketotara
Puketui
Puketutu
Pukeuri Junction
Puk-kura
Punakaiki
Punakitere
Punaroma
Punaromia
Punawai
Punganui
Pungarehu
Puniho
Puniwhakau
Puponga
Pupuke
Purangi
Purekireki
Purerua
Puriri
Pusey
Putangahau
Putiki
Putorino
Puwera
Pyramid
Quarry Hills
Queensberry
Queensbury
Queenstown
Raes Junction
Raglan
Rahiri
Rahotu
Rai Falls
Rai Valley
Rakahouka
Rakaia Gorge
Rakaia
Rakauhauka
Rakaunui
Rakau
Rakauroa
Rakautahi
Rakautao
Raketapauma
Ramarama
Ranfurly
Ranganui
Rangataua
Rangiahua
Rangikura
Rangiotu
Rangi Point
Rangiputa
Rangiriri
Rangitaiki
Rangitata Island
Rangitata
Rangitatau
Rangitihi
Rangitukia
Rangiuru
Rangiwaea Marae
Rangiwahia
Raorao
Rapahoe
Rapaki
Rapanui
Rapaura
Rapuwai
Ratana
Ratanui
Ratapiko
Rata
Rat Hill
Raukokore
Raumai
Raumati Beach
Raumati
Raumati South
Raupaki
Raupo
Raupunga
Raurekau
Raurimu
Raurimu Spiral
Ravensbourne
Rawanui
Rawene
Rawene Town District
Rawhiti
Raymonds Gap
Red Beach
Redcliffs
Redhill
Red Vale
Redwoods Valley
Reefton
Rehia
Reidston
Reikorangi
Renown
Renwick
Renwicktown
Reporoa
Rere
Rewanui
Rewa
Richmond
Ridgelands
Rimu
Ringway
Riponui
Rissington
Ritchie
Riverhead
Riverlea
Riversdale
Riverside
Riverton
Riwaka
Roa
Robinsons Bay
Rock and Pillar
Rocklands
Rockville
Rolleston
Romahapa
Rongahere
Rongotea
Roslyn Bush
Roslyn
Rotherham
Rotoiti
Rotokawa
Rotokino
Rotokohu
Rotomanu
Rotongaro
Roto
Rotowaro
Rotu
Rouiti Pa
Round Hill
Rowan
Rowsells
Ruahine
Ruakaka
Ruapuke
Ruapuna
Ruatahuna
Ruatangata East
Ruatangata
Ruatangata West
Ruataniwha
Ruatapu
Ruatoki North
Ruatoki
Ruatoria
Ruawai
Ruawaro
Rukuhia
Rukuwai
Runaruna
Runciman
Ruru
Russell
Russell Town District
Rutherglen
Ryal Bush
Saies
Saint Albans
Saint Andrews
Saint Arnaud
Saint Bathans
Saint Clair
Saint Heliers
Saint Kilda
Saint Omer
Saint Patricks
Salisbury
Sandy Bay
Sandy Knolls
Sanson
Sawyers Bay
Scargill
Scotts Gap
Seacliff
Seadown
Seafield
Seatoun
Seaward Downs
Seddon
Seddonville
Sedgemere
Sedonville
Sefton
Selwyn
Sentry Hill
Sergeants Hill
Shag Point
Sheffield
Shenandoah
Sherry River
Sherwood Downs
Sherwood
Silverdale
Silverhope
Silverstream
Simons Pass
Skippers
Slope Point
Somerton
Southbridge
Southbridge Town District
Southbrook
Southburn
South Hillend
South Malvern
South Rakaia
South Rangitata
Spotswood
Spreydon
Springbank
Springburn
Spring Creek
Springfield
Spring Grove
Springhills
Springs Junction
Springston South
Springston
Stafford
Stanley Brook
Stanmore Bay
Staveley
Stillwater Junction
Stillwater
Stirling
Stockton
Stoke
Stoke
Stoneburn
Strachans
Strathmore
Straun
Stuarts
Studholme Junction
Summer
Summit
Surfdale
Sutherlands
Sutherland
Sutton
Swannanoa
Swanson
Sydenham
Tadmor
Taemaro
Tahakopa
Tahatika
Tahawai
Tahekeroa
Taheke
Tahere
Tahoraite
Tahoraiti
Tahorakui
Tahorakuri
Tahora
Tahunanui
Tahuna
Taieri Beach
Taieri Mouth
Taieri
Taikawhana
Taimate
Taingaihe
Tainui
Taioma
Taipa
Taipuha
Tairua
Tai Tapu
Taita
Taitimu
Takaanini
Takahiwai
Takahue
Takaka
Takaka Town District
Takamatua Bay
Takamatua
Takanini
Takapau
Takapuna
Takitahuna
Takou
Takutai
Tamahere
Tamihunu
Taneatua
Tanekaha
Tane
Tangaihe
Tangarakau
Tangimoana
Tangiteroria
Tangitu
Tangiwai
Tangoio
Tangowahine
Taniwha
Tapawera
Tapuhi
Tapu
Tapuwae
Taradale
Taradale Town District
Tarakohe
Taramakau
Taranui
Tarara
Tarata
Taraunui
Tarawera
Tarewa
Tariki
Taringamotu
Tarras
Tarukenga
Tarurutangi
Tasman
Tataraimaka
Tataramoa
Tatare
Tatuanui
Tatu
Taueru
Tauhoa
Taumangi
Taumarere
Taumatatahi
Taumata
Taumutu
Taupahi
Taupaki
Taupiri
Taupo
Taupo Town District
Tauranga
Tauraroa
Taurikura
Tautoro
Tautuku
Tauweru
Tauwhare
Tawa Flat
Tawa Flat Town District
Tawai
Tawanui
Tawhai
Tawharanui
Tawhiti
Tawhiwhi
Tawiti
Taylorville
Te Ahuahu
Te Akatea
Te Akau
Te Anau
Te Anga
Te Arai
Te Araroa
Te Aroha West
Te Atatu
Te Aute
Te Awaiti
Te Awanga
Teddington
Te Hana
Te Hapua
Te Haroto
Te Hauke
Te Hoe
Te Horo
Te Huia
Te Kaha
Te Kaiwhata
Te Kao
Tekapo
Te Kapu
Te Karaka
Te Karaka Town District
Te Kauwhata
Te Kauwhata Town District
Te Kawa
Te Kinga
Te Kiri
Te Kohanga
Te Kopura
Te Koroa
Te Kowhai
Te Kuha
Te Maika
Te Mapara
Te Mata
Te Mawhai
Te Miro
Te Moana
Te Moari
Templeton
Te Namu
Te Paki
Te Pangu
Te Papatapu
Tepene
Te Pirita
Te Pohue
Te Poi
Te Popo
Te Puia Springs
Te Puia
Te Puna
Te Puninga
Te Pu
Teramakau
Te Ranga
Te Rapaki-a-Te-Rangiwhakaputa
Te Rapa
Te Rauamoa
Te Rawa
Te Rehunga
Te Rerenga
Te Roti
Te Rou
Terrace End
Terras
Te Taho
Te Tawa
Te Tua
Te Tumutu
Te Uku
Teviot Settlement
Teviot
Te Waewae
Te Wairoa
Te Waitere
Te Waotu
Te Weka
Te Wera
Te Whaiti
Te Whanga
Te Whetu
Thames
The Forks
The Key of the Lakes
The Key
The Reefs
Thornbury
Thornton
Thorpe
Tiakitahuna
Tihaka
Tikinui
Tikitere
Tikokino
Tikorangi
Timaru City
Timaru
Tiniroto
Tinline
Tinopai
Tinui
Tinwald
Tinwald Town District
Tira-ora
Tiraumea
Tirau
Tirohanga
Tirohia
Tiromaunga
Tiromoana
Tiroroa
Tiro
Tisbury
Titahi Bay
Titirangi
Titiroa
Titoki
Ti-tree Point
Toa
Toatoa
Toiro
Tokaanu Junction
Tokaanu
Tokanui
Tokarahi
Tokata
Tokatoka
Tokirima
Tokoiti
Tokomaru Bay
Tokomaru
Tokomaru
Tokorima
Tokoroa
Toko
Tolaga Bay
Tomahawk
Tomoana
Tongaporutu
Tongariro Bridge
Tongariro
Topuni
Torbay
Torea
Torehape
Torere
Tormore
Totara Flat
Totara North
Totaranui
Totaratahi
Totara
Towai
Traquair
Trentham
Tryphena
Tuahiwi
Tuai
Tuakau Town District
Tuakau
Tuamarina
Tuamarino
Tuapeka Flat
Tuapeka Mouth
Tuapeka West
Tuatapere
Tuatara
Tuhara
Tuhipa
Tuhua
Tui
Tumahu
Tuna
Tuparoa
Tupuangi
Turakina South
Turakina
Turangi
Turiapua
Turiroa
Turiwhate
Turiwhati
Turua
Tussock Creek
Tutaki
Tutamoe
Tutekehua
Tutira
Tutukaka
Tuturau
Tututawa
Uia
Umawera
Umukuri
Umutoi
Upcot
Upokongaro
Upokonui
Upokopoito
Upper Kahui
Upper Moutere
Upper Papamoa
Upper Rewanui
Upper Ruatiti
Upper Shotover
Upper Takaka
Upper Tauheru
Upper Waiawa
Upper Waiwera
Urenui
Urquharts Bay
Urrall
Ururua
Uruti
Uruwhenua
Utakura
Utiku
Utuwai
Uxbridge
Valetta
Venlaw
Victoria Valley
Waddington
Wadestown
Waerengaahika
Waerengaokuri
Waerenga
Waharoa
Waianakarua
Waianiwa
Waiareka Junction
Waiariari
Waiatarua
Waiatoto
Waiau Pa
Waiau
Waihaha
Waihao Downs
Waihao Forks
Waihaorunga
Waihapai
Waiharara
Waiharera
Waihau Bay
Waihemo
Waihi Beach
Waihi
Waihoaka
Waiho Gorge
Waihola
Waihopai
Waihopo
Waihou
Wai-iti
Waikaia
Waikakaho
Waikaka
Waikanae
Waikanai
Waikaremoana
Waikare
Waikari
Waikarua
Waikawau
Waikawa
Waikiekie
Waikino
Waikiwi
Waikohu
Waikoikoi
Waikokopu
Waikopua
Waikoukou
Waikouro
Waikowhai
Waikuku Beach
Waikuku
Waimahaka
Waimamaku
Waimana
Waimangaroa
Waimangu
Waimarama
Waimarie
Waimata
Waimate North
Waimatenui
Waimatuku
Waimauki
Waimauku
Waimaunga
Waima
Waimea
Waimea West
Waimiha
Waimiro
Waimumu
Waingaro
Waingona
Wainihinihi
Wainui Beach
Wainui Farm
Wainuiomata
Wainuio
Wainui
Waiohiki
Waione
Waiongana
Waiongona
Waioreka Junction
Waioruarangi
Waiotahe
Waiotahi
Waiotapu
Waiotemarama
Waiotira
Waiotu
Waiouru
Waipahi
Waipai
Waipaoa
Waipapakauri
Waipapa
Waipara
Waiparera
Waipatiki
Waipawa
Waipera
Waipiata
Waipipi
Waipiro Bay
Waipiro
Waipori Falls
Waipori
Waipounamu
Waipu Cove
Waipuku
Waipuna
Waipureko
Waipu
Wairakei
Wairangi
Wairata
Wairau Valley
Wairere Falls
Wairio
Wairoa
Wairoto
Wairuna
Wairunga
Waitaanga
Waitahanui
Waitahinga
Waitahuna
Waitahuna West
Waitai
Waitakaro
Waitakaruru
Waitakere
Waitaki
Waitane
Waitangi
Waitangi West
Waitanguru
Waitaniwha
Waitara
Waitarere
Waitati
Waitawa
Waiteika
Waitekauri
Waitepeka
Waiterimu
Waitetuna
Waitewhena
Waitewhenua
Waitoa
Waitohi Flat
Waitoitoi
Waitomo Caves
Waitomo
Waitotara
Waituna
Waituna West
Waiuku Town District
Waiuku
Waiuta
Waiwera South
Waiwera
Waiwhio
Waiwhiu
Wakaia
Wakanui
Wakapatu
Wakapuaka
Wakarara
Wakaremoana
Wakatu
Wakefield
Wallacetown
Wallaceville
Wallingford
Wallsend
Walton
Wanaka
Wangaehu
Wangaloa
Wangamoa
Wanganui
Wangapara
Wangapeka Valley
Wangapeka
Wangawai
Wanstead
Waotu
Ward
Warea
Warepa
Warkworth Town District
Warkworth
Warouru
Waro
Warrington
Warwick Junction
Washdyke
Wataroa
Waterton
Waverley Town District
Waverley
Wayby
Weber
Wedderburn
Weedons
Weheka
Wehenga
Wekaweka
Welds Hill
Wellington
Wellsford
Welsford
Wendonside
Wendon Valley
Wendon
West End
Westerfield
Western Springs
West Eyreton
Westfield
West Kyle
Westlake
West Melton
Westmere
Weston
West Plains
Westport
Westshore
Wetheral
Weymouth
Whakaangiangi
Whakaea
Whakahoro
Whakaihuwaka
Whakaki
Whakamarama
Whakamara
Whakapara
Whakapirau
Whakarongo
Whakatahuri
Whakataki
Whakatane
Whakatiri
Whakatu
Whakekauri
Whananaki South
Whananaki
Whangaehu
Whangakoko
Whangamarino
Whangamata
Whangamoa
Whangamomona
Whangamumu
Whangaparaoa
Whangapara
Whangape
Whangapoua
Whangarata
Whangara
Whangarei Heads
Whangarei
Whangaroa
Whangaruru North
Whangaruru South
Whangaruru
Whangateau
Whangawehi
Wharanui
Whareama
Wharehine
Wharehuanui
Wharehuia
Wharekopae
Wharekuri
Whareorino
Wharepaina
Wharepapa
Wharepoa
Whareponga
Wharepuhunga
Whareroa
Wharua
Whatanihi
Whataroa
Whatatutu
Whatawhata
Whatoro
Whatuma
Wheatstone
Wheatston
Whenuakite
Whenuakoa
Whenuapai
Whenuatonga
Whirinaki
Whiritoa
Whitakere
Whitecliffs
Whitehall
White Tank
Whitford
Whitianga
Whitstone
Wigram
Willowbridge
Willowby
Wimbledon
Winchester
Winchmore
Windermere
Windsor
Windwhistle
Wingatui
Winscombe
Winslow
Winton
Wiritoa
Wiri
Woodbourne
Woodbury
Woodcocks
Woodend
Woodhill
Woodlands
Woodleigh
Woodside
Woodstock
Woolston
Wreys Bush
Wrights Bush
Wylies Crossing
Wynchmore
Wyndham Town District
Wyndham
Yaldhurst
