Abailah
A`bal
`Abat
`Abayah
`Abbasah
`Ablah
Abu `Abali
Abu Akaisha
Abu al Hisn
Abud
Abu Durus
Abu Nukhayl
Abu Qal`ah
Abu Qarayt
Abu Rumaila
Abu Rumaylah
Abu `Ukayshah
Abyad
Abyadh
Adaakham
Adakham
Adam
Adanham
Ad Daffah
`Addah
Ad Da`nah
Ad Dar
Ad Darayn
Ad Dariz
Ad Dariz
Ad Das
`Addas
Ad Dawaniq
Ad Dharayn
Ad Duwaykah
Adh`eet
Adhjoord
Afa
Afi
Aflaj
Aflaj
Afranji
Aged
Agyaan
Agyan
Ahyawf
Aimus
Aini
Aiyuun
`Ajib
Ajma`
Ajran
Ajreezi
Ajrizi
Akbul
Akkad
Akroont
Akrunt
Aktam
`Akur
Al Ababah
Al `Abbasah
Al `Ablah
Al `Ablah
Al Abyad
Al`Adan
Al `Adhfayn
Al `Afifah
Al Afrad
Al Ahjal
Al Ahmadi
Al Ahramiya
Al Ahramiyah
Al `Ajal
Al Ajal
Al Akhdar
Al Akhri
Al `Alá
Al `Ala'
Al `Alayah
Al `Aliyah
Al Amarat
Al Ambah
Al `Amirah
Al `Aqabah
Al `Aqar
Al Aqariyah
Al `Aqir
Al Aqli
Al `Aqud
Al `Araqi
Al `Arid
Al Arkub
Al `Arqub
Al `Asansar
Al Ashkhara
Al Ashkharah
Al Ashkhar
Al Ashkhirah
Al Ashqar
Al Ashtana
Al Asrar Bani Sa`d
Al Asrar Bani `Umar
Al `Awabi
Al Awaya
Al `Awaynat
Al `Awhi
`Alayah
`Alayat Dank
`Alayat Misfah
`Alayat Sama'il
Al `Ayinah
Al `Ayn
Al `Ayn
Al `Ayn
Al `Aynayn
Al `Ayr
Al `Ayshah
Al `Aysh
Al Bajariyah
Al Banah
Al Barmiyah
Al Basatin
Al Bataykhi
Al Batin
Al Bayd
Al Bid`ah
Al Bidayah
Al Bilad
Al Birak
Al Bi'r
Al Bi'r
Al Buda`ah
Al Budayah
Al Bulaydah
Al Bulaydah
Al Burayk
Al Buraymi
Al Burj
Al Burj al Saliya
Al Burj as Saliya
Al Burj as Saliyah
Al Burr
Al Bustan
Al But
Al Buwayt
Al BuwayzÌ§a
Al Darai
Al Dharayn
Al Duwika
Al Fai
Al Fala
Al Falaj
Al Falaj al Hadith
Al Farfarah
Al Fa'y
Al Fayy
Al Fida
Al Fiduk
Al Frian
Alfton
Algema
Al Ghaba
Al Ghabah
Al Ghabbi
Al Ghabbi
Al Ghabirah
Al Ghadifah
Al Ghafat
Al Ghala`il
Al Ghalilah
Al Ghalil
Al Gharir `Alayah
Al Gharir Sufalah
Al Ghashbah
Al Ghawr
Al Ghaya
Al Ghayl
Al Ghayl
Al Ghayyah
Al Ghayzan
Al Ghomb
Al Ghu
Al Ghub
Al Ghubar
Al Ghuf
Al Ghulaylah
Al Ghuraifa
Al Ghurayfah
Al Ghushayn
Al Ghuwaysah
Al Ghuwayz
Al Ghuwiz
Al GhuzÌ§ayfah
Al Habalayn
Al Habayla
Al Habubiyah
Al Hadd
Al Hadd
Al Hadd
Al Hafah
Al Haffah
Al Hajar
Al Hajir
Al Hajir
Al Hajr
Al Haju
Al Hajul
Al Hamiliyah
Al Hamra'
Al Haqq
Al Haqq
Al Haqt
Al Harah
Al Haran
Al Harat
Al Harfiyah
Al Harmaliyah
Al Harmuzi
Al Hasaifin
Al Hasan
Al Hashimi
Al Hasin
Al Hatm
Al Hawmaniyah
Al Hawshak
Al Hawz
Al Hayl
Al Hayl
Al Hayr
Al Hazm
Al Hazm
Al HÌ±ajar
Al Hibra
Al Hijal
Al Hijar
Al Hijir
Al Hijrah
Al Hijr
Al Hillah
Al Hilyah
Al Hin
Al Hishmah
Al Hisn
Al Hisn
Al Hiyal
Al Hothera
Al Hub
Al Hubayl
Al Hubi
Al Hujayrimat
Al Humr
Al Hunaynah
Al Hurah
Al Husaifin
Al Husayfin
Al Huwayl
Al Huwaylayn
Al Huwib
Al Huwir
Al Huyul
`Ali Khamis
Al Ima
Al Isbalah
Al Islat
Al `Izz
Al Ja`arif
Al Jabat
Al Jadi
Al Jafnayn
Al Jahliyah
Al Jamma
Al Jari
Al Jawabi
Al Jaylah
Al Jazir
Al Jiba`i
Al Jibal
Al Jil
Al Jinah
Al Jiri
Al Jirri
Al Jissa
Al Jissah
Al Jowar
Al Jufar
Al Jull
Al Jumaylah
Al Juwaif
Al Juwar
Al Juwayf
Al Kabirat al Hayl
Al Kabirat Hayl al Ghaf
Al Kabirat Hayl
Al Kalban
Al Kamil
Al Karbi
Al Karsha
Al Karshah
Al Kathir
Al Khabat
Al Khabbah
Al-Khabourah
Al Khabura
Al Khaburah
Al Khaburah
Al Khaddah
Al Khaddah
Al Khadhra
Al Khadhrawain
Al Khadirah
Al Khadra'
Al Khadra
Al Khadra'
Al Khadrawayn
Al Khaisa
Al Khalaf
Al Khaluf
Al Khalw
Al Khan
Al Kharifut
Al Khasab
Al Khasal
Al Khatmah
Al Khawd
Al Khayr
Al Khaysah
Al Khaza'in
Al Khubayb
Al Khubayn
Al Khudayrah
Al Khudrah
Al Khufayqi
Al Khulli
Al Khur
Al Khurays
Al Khusayt
Al Khutaymah
Al Khutaym
Al Khutaymi
Al Khutum
Al Khuwayrah
Al Khuwayrat
Al Khuwayriyah
Al Kwairat
Allam
Al Limah
Allish
Al Liwa'
Al Luwayz
Al Ma'balla
Al Mabrak
Al Madinah
Al Mahadin
Al Mahal
Al Mahall
Al Mahall
Al Mahalli
Al Mahattah
Al Mahda
Al Mahdah
Al Mahdha
Al Mahjul
Al Mahyul
Al Majnab
Al Makhamarah
Al Maksuriyah
Al Mal`ab
Al Maladda
Al Malqama
Al Malqamah
Al Mandur
Al Manfash
Al Maqayaw
Al Ma`qul
Al Masayqah
Al Masharta
Al Mashati Shelbarak
Al Maskan
Al-Masna`a
Al Masna`ah
Al Matrah
Al Mays
Al Ma'zam
Al Mazarah
Al Ma'zim
Al Mazra`ah
Al Mazra`
Al Mibu
Al Mintarah
Al Mintera
Al Mintirib
Al Minzifah
Al Misar
Al Misfah
Al Mudaibi
Al Mudairib
Al Mudaybi
Al Mudayli
Al Mudayq
Al Mudayrib
Al Mudirah
Al Muhram
Al Muhtariq
Al Mukhailif
Al Mukhaylif
Al Muladdah
Al Mulayyanah
Al Mulayyinah
Al Mumsam
Al Muntarib
Al Murair
Al Murayr
Al Musana`a
Al Musayh
Al Musayqah
Al Musin
Al Mu`tarid
Al Mutib Muqsad
Al Mu`walah
Al Muwaylihat
`Alob
Al Qabil
Al Qabil
Al Qahlah
Al Qala`
Al Qal`ah
Al Qal`i
Al Qanfar
Al Qanha
Al Qanhah
Al Qarah
Al Qarihah
Al Qarin
Al Qaryah
Al Qaryah
Al Qaryatayn
Al Qasabiyat
Al Qasbiyah
Al Qasbiyat
Al Qasha
Al Qash`ah
Al Qashar
Al Qashi`
Al Qasmitayn
Al Qawasim
Al Qaylah
Al Qubayyil
Al Qufays
Al Qunnah
Al Quraiyat
Al Qurayyat
Al Qurayyat
Al Qurt
Al Qurti
Al Qusayr
Al Qutaytirah
Al Ramayh
Al Raq
Al Raudha
Al Safiq
Al Sahayn
Al Salhaymis
Al Shawa
Al Shess
Al Shinas
Al Shuwara
Al-Sib
Al Sohar
Al Sufayrat
Altaf
Al Thaybat
Al `Ubaylah
Al `Ulya
Al `Ulyah
Al `Umani
Al `Umqah
Al `Uqaybah
Al `Uqayr
Al `Uqmayrah
Al `Uqud
Al Usaylah
Al Uthrat
Al `Uwayd
Al `Uwaynat
Al `Uwayridi
AlWadiyat
Al Wafi
Al Wafi
Al Wahah
Al Wahrah
Al Waqaybah
Al Waqbah
Alwar
Al Warr
Al Wasfiyah
Al Wasib
Al Wasil
Al Wasit
Al Wasit
Al Wuqbah
Al Ya'
Al Yalba
Am Atafa
`Amis
`Amla'
Amlah
Amnot
`Amqah
Amqah
`Amq
Amqat
Amti
An Nabrah
An Naqdah
An Niba'
An Nid
An Nujayd
An Nuqdah
Anoothook
Ansham
Antha Arr
Anthakak
Anthok
Anthraytat
Anuthuk
AnzÌ§awr
`Aqabah
Aqabat al Rahayba
`Aqabat
`Aqabat ar Ruhaybah
`Aqabat `Asu
Aqad
Aqbal
`Aqbiyah
Aqbut al Bayut
`Aqil
`Aqr
`Aqr
Aradh
Araft
Arajfiniti
Aram
Araqi
Arfit
Arid
'Aridh
`Arja'
Arja
Arkabait
Arkam
Arkut
`Arqabat
`Arqi
Ar Rabi
Ar Radidah
Ar Rafsa
Ar Rahbah
Arraida
Ar Rajmi
Ar Rakakiyah
Ar Ramyah
Ar Raqq
Ar Raudha
Ar Rawdah
Ar Rawdah
Ar Rayhani
Ar Rihani
Ar Ru'ays
Ar Rudaydah
Ar Rumaidh
Ar Rumayh
Ar Rustaq
Ar Ruwais
Arryop
Arubi
Arzat
Arzayrot
Arzoom
Arzum
Asam
Asaqat Bilarb
Asayh
Ashinhaib
Ashinkhorr
Ash Shab
Ash Shariyah
Ash Sharjah
Ash Sharm
Ash Shawah
Ash Shawr
Ash Shays
Ash Shija'
Ash Shinas
Ash Shirs
Ash Shishah
Ash Shiyah
Ash Shizaw
Ash Shubaykah
Ash Shu`iyah
Ash Shuraiqa
Ash Shutayfi
Ash Shuwayhah
Ashtanah
`Ashub
Asjudi
Asrar Bani Sa`d
Asrar Bani `Umar
As Sa`af
As Sa`arah
As Sabal
As Safiq
As Saham
As Sahsahah
As Sahsah
As Saiq
As Salala
As Salalah
As Samad
As Samidah
As Sarhat
As Sarm
As Sarur
As Saruwi
As Sarwi
As Sayh
As Sayrsah
As Sib
As Sidafi
As Sifa
As Sifah
As Sifah
As Sifiyah
As Sir
As Sohar
As Su`ara
As Su`arah
As Subarah
As Subaykha
As Subaykhah
As Subaykhi
As Sudayrah
As Sudiyah
As Suhar
As Sukhnah
As Sulayb
As Sulayf
As Sumayni
As Sunaynah
As Sur
As Suraymah
As Suwaih
As Suwaiq
As Suwayb
As Suwayh
As Suwayq
As Suwayr
Aswad
Aswad
A`tayr
Athabat
Ath Tharmad
Ath Thaybat
Ath Thuqbah
At Tab
At Taqa
At Tau
At Tawayb
At Tawiyan
At Tawqah
At Tayi
At Tikhah
At Toyan
At Tuwayyah
'Auhi
Auqad
Autuch
`Awabi
`Awabi
Awbi
`Awf
`Awhi
`Awqad
`Awqad Bayt Fadil
`Awqad Bayt Marhun
Aydawr
`Ayja
`Ayn al Mahab
`Ayn `Amq
`Ayn ash Shadniyah
`Ayn as Si
`Ayn
`Aynayn
Aynayn
`Aynayn
`Ayniyah
`Ayqa
`Ayqah
Aytin
`Ayun
Azaiba
Azeyrenawt
AzÌ§ ZÌ§ahir
AzÌ§ ZÌ§ahrayn
AzÌ§ ZÌ§uwayhir
Azki
Badaj `Ud
Badi`ah
Badi`ah `Ud
Badi`at `Ud
Badi
Badiya
Badiyah
Badiyah
Bahla'
Bahlah
Bai'a
Baiah
Bait al Falaj
Bait el Falaj
Bait Rathawt
Bakha
Bakhabi
Bakhah
Bakhah
Balad Bani Bu Ali
Balad Bani Bu Hassan
Balad Shabus
Ba'l
Bal Ghaylan
Bandah Jadidah
Bandar al Jissa
Bandar Jissah
Bandar Khayran
Bani Habib
Bani Ka`b
Baqlah
Baraimi
Bari
Baridah
Barik
Barka'
Barkah
Barsit
Barut
Barzaman
Bat
Bat
Batha'
Batha' Jibah
Bathar/Baithakoob
Bat-hat Yal Sa`d
Batha' Yal Sa`d
Batin
Baushar
Bawshar
Bay`ah
Bay`ah
Bayda'
Bayha'
Baynunah
Bayt al `Awabi
Bayt al Buwaydh
Bayt al Falaj
Bayt ash Shaykh
Bayt Fiqait
Bayt Fiqayt
Bayt Jabal
Bayt Khawr
Bayyid
Beda
Bi'ah
Bi`aq
Biban
Biban
Bid'ah
Bid`ah
Bidbid
Biddi
Bidi
Bidit
Bilad `Aqabat al Hamra'
Bilad `Aqabat al Hamrah
Bilad as Sur
Bilad Bani Bu `Ali
Bilad Bani Bu Hasan
Bilad Bani Rasib
Bilad
Bilad Manah
Bilad Sayt
Bilad Shahum
Billa
Billah
Bilt
Bimah
Bimah
Bimma
Bimmah
Bin `Umran
Bira
Bi'r Ajman
Bi'r
Bi'r Bira'
Bireimi
Birkat al Mauz
Birkat al Mawz
Birkat al Nuss
Birkat di Moz
Birkat Khaldiyah
Bisafteer
Bisaftir
Bisiyah
Bisiyai
Bisyah
Biyad
Biyaq
Bu `Abali
Bu `Aid
Bu `Asim
Bu`ayd
Bu`ayq
Buba`irah
Bu Baqara
Bu Baqarah
Bu Baqarah
Budahr
Buday`ah
Bu Fashiqah
Bugla
Bu Khabi
Bukha
Buklah
Bulaydah
Bulaydah
Bulaytah
Bu Qal`ah
Buqla
Buraimi
Burami
Buri
Burj
Bu Saylah
Bu Sayli
Busayliyat
Busayr
Buwah
Buwayrid
Buwayrik
Buwaytin
Buyut Aram
Camp
Chashawfi
Dabab
Dabah
Dabaran
Dabarayn
Dabbagh
Dab`
Dafiyat
Daghali
Daghmar
Dahaan
Dahaan Khanaat
Dahariz
Dahaz
Dahful
Dahir
Dahir
Dahit
Dahiyah
Dahiz
Dahrayn
Dahr
Dallah
Dalut
Damm
Dana
Danak
Dank
Dankor
Dann al Hamra'
Dann
Dansaf
Dansat
Daqiq
Daquq Maghadhi
Dar al Qal`ah
Darbat
Daris
Dariz
Dariz
Darsait
Dar Sawda'
Darsayt `Alwa
Darsayt
Dasir
Dat Hayl
Dauka
Dawanij
Dawkah
Dawqa
Daw Sunni
Dawt
Dawwah
Dayrat al Khatamah
Dazzah
Delute
Dhahib
Dhahir
Dhahir
Dhahr
Dhaid Rasm
Dhaliaatat
Dhalqut
Dhank
Dhayd Rasm
Dhibab
Dhibad
Dhinab Khant
Dhiqdah
Dhuwwah
Diba al Bay`ah
Dibab
Diba Dib`
Dibba Dib
Dib Dibba
Difa`
Difan
Dihan
Dihan Khanat
Dihas
Dikkah
Dil Al `Abd as Salam
Dil
Dil Yal `Abd as Salam
Dil Yal Burayk
Dim
Dinab al Khanit
Din ar Rukayb
Diqal
Dirbat
Dirhi
Diriz
Disli
Distah
Diyan al Buwarah
Diyan
Diyan Yal Bu Sa`id
Dogal
Doqal
Dubah
Dubayshi
Dubiyah
Dumi
Dumm
Duqm
Dut
Duwaykhilah
Easmome
Eerdeent
Enhorelah
Erdit
Erigfien
Erikob
Erkot
Erqoot Daham
Erqoot
Erqut Daham
Eshto
Fadghah
Fadhi
Faiqaitha
Falad Beni Khazair
Falai
Falaj al `Awhi
Falaj al Harth
Falaj al Hawashim
Falaj al Hirith
Falaj `Ali
Falaj al Khawr
Falaj al Qaba'il
Falaj ash Sham
Falaj as Sa`idi
Falaj as Sudayriyin
Falaj Bani Khazair
Falaj Bani Khuzayr
Falaj Bani Rabi`ah
Falaj Bani `Umr
Falaj
Falaj
Falaj
Falaj Milli
Falaj Sahra'
Falaj Shirah
Falaj Sudayriyin
Falaj Wusta
Falaj Wustah
Falara
Falayj
Falbirah
Faljat
Fanakhah
Fanja
Fanjah
Fara`ah
Fara'
Fardah
Far`
Farfarah
Farfar
Fariq ar Rawashid
Farq
Fary
Fasad
Fashah
Fasiqa
Fasiqah
Fatah
Fath Al Bu Sa`id
Fath
Fathi
Faud
Fawfalah
Fawhfallam
Fayraq
Fayyad
Fayyah
Fida'
Fiiam
Fijri
Filam
Fil
Filim
Fill
Film
Fins
Fiqayn
Fiq
Fira`ah
Firam
Firaq
Firjat
Firokht
Firq as Sa'diyan
Firq az Zamiyan
Firq
Firq
Fita'
Fiyad
Fizh
Fu'ad al Hadu
Fudar
Fudgha
Fudhra
Fujayj
Fujayrah
Fulayj al Masha'ikh
Fulayj al Mashayikh
Fulayj
Fulayj
Fulayj
Fulayy
Fuluj Sayghah
Furfar
Furfur
Gabil
Garnoot
Geamawt
Ghaba
Ghabarah
Ghab
Ghabib
Ghabi
Ghabina
Ghabirah
Ghabrah
Ghaday
Ghadfan
Ghadhiya
Ghadir Bin Rakham
Ghadir Qadhra
Ghadir Qadhrah
Ghadw
Ghafat
Ghafdi
Ghaidhain
Ghail al Ghab
Ghairaifah
Ghalat
Ghalhaifa
Ghalil al Hanadis
Ghalil al Masa`id
Ghallah
Ghamdah
Ghamd
Ghamsah
Ghamtha
Gharaifah
Gharam
Gharayfah
Gharba'
Gharbah
Gharbi Hafit
Gharbiyah
Ghariyan
Ghar Milah
Gharnawt
Gharnut
Gharwah
Gharyan
Ghassah
Ghatt
Ghawrah
Ghayl ad Dakk
Ghayl ash Shabb
Ghayl ash Shab
Ghayl
Ghayl Sarm
Ghayl Shabul
Ghayl Shahab
Ghayl Shizaw
Ghayl Wadi as Sayatin
Ghayyan
Ghayzayn
Ghazain
GhiyazÌ§ah
Ghoff
Ghrnout
Ghrnowt
Ghuaifat al Habb
Ghuban Hemid
Ghubayrah
Ghubaytah
Ghubbah
Ghubb `Ali
Ghubbat Qadimah
Ghubirah
Ghubn Hamad
Ghubrah
Ghubrah
Ghubrat ar Ra's
Ghubrat at Tam
Ghubrat Tanuf
Ghudayy
Ghukra
Ghulay
Ghul
Ghumar
Ghumda
Ghumdha
Ghumla
Ghumra
Ghumrah
Ghurah
Ghurayfah
Ghursheba
Ghuwayfat al Habb
Ghuzayn
Ghuzayyil
GhuzÌ§ayfi
Gilaal
Gilal
Glaet
Habalain
Habalayn
Habarut
Habdoomer
Habib
Habka
Habkah
Habkayt
Habkeit
Habl
Habl Hadid
Habubiyah
Habus
Hadash
Hadbarah
Hadbaram
Hadd
Haddis
Hadf
Had
Hadhf
Hadib
Hadi
Hadirah
Hadishah
Hadi Thabil
Hadsha`ab
Hadsh
Hafa
Hafah
Haffah
Hafit
Hafit
Hailain
Hail Al `Amair
Hail al Umair
Hailat al Ghabara
Hailat bin Anauz
Hailat bin Aruq
Hailat
Hailat La`mia
Hail Bin-Suwaidan
Hail
Haima
Hajar
Hajar
Hajirah
Hajir
Hajir
Hajir
Hajir Rakah
Hajlat al Yahi
Hajlat Harad
Hajz
Hakkan
Halahil
Halban
Halfah
Halhal
Hall
Hall Samasim
Hal Sumaysim
Haluf
Hamad
Hamadiyin
Hamah
Hamah
Hamasa
Hamasah
Hamim
Hamitah
Hamitha
Hamizah
Hamma
Hammam al `Ali
Hammam
Hamra
Hamrah
Hamrat ad Duru`
Hamrat al `Abriyin
Hamriyah
Hamsi
Hana
Hanah
Hanfit
Hansi
Haqabat Arokub
Haql
Haradi
Haramil
Harat al Balush
Harat al Hisn
Harat al Ju`
Harat al Khatwah
Harat al Marakah
Harat al Murakah
Harat al Nadd
Harat al Qadi
Harat al Qaramitah
Harat ash Shaykh
Harat as Subarah
Harat Bani `Isa
Harat Bidih
Harat Hadd
Harat
Harat Raha
Harat Rumran
Harat Shizaw
Hardhi
Harf ad Daghafilah
Harf Bani Hamud
Harf Ghabi
Harf
Harimah
Harimah
Harim
Harmali
Harmaliyah
Harmul
Harmuzi
Harrah
Hasa
Hasaifin
Hasam
Haseifin
Hasha
Hasik
Hassa
Hassah
Hassas
Hat
Hatt
Hawil al Musayqah
Hawiya
Hawiyah
Hawl
Hawmaniyah
Hawqayn
Hawshak
Hayawt
Hayba
Haybah
Haybi
Hayfadh
Hayhar Hil Hijar
Hayi
Hayjar
Hayjari
Hayl al Farfar
Hayl al Ghafar
Hayl al Ghaf
Hayl al Kabir
Hayl al Khalfah
Hayl al Khanabish
Hayl al Liwa'
Hayl al Mosakhar
Hayl al Musakhkhar
Hayl al Quwasim
Hayl Al `Umayr
Haylar Rass
Haylashi
Hayl as Safil
Haylat al Ghabarah
Haylat Bin Anauz
Haylat Bin `Anuz
Haylat Bin `Aruq
Haylat Ghabarah
Haylat Harashif
Haylat La'mia
Hayl Awamir
Haylayn
Hayl Bani Kathir
Hayl Bin Suwaydan
Hayl el Kahuf
Hayl Hamiyah
Hayl
Hayl
Hayl
Hayli
Hayl Juwari
Hayl Manadhirah
Hayl Ra`sah
Haylshi
Hayl Sulayman
Hayl Yaman
Hayma'
Haymiliyah
Haymitiyah
Hayr Khazinaw
Hayr Salam
Hayyal
Hayzan
Hazain
Hazam
Hazm
Hebra
Herda
Hezaar
Hezar
Hibb
Hibra
Hida
Hifri al Batha'
Hifri
Hijal
Hijar
Hijari
Hijar Sajr Sanaiba
Hilf
Hil Hijar
Hil
Hillat al Balush
Hillat al Hisn
Hillat al Hisn
Hillat al Quwita`
Hillat ar Rawashid
Hillat ash Shaykh
Hillat Burj
Hillat Jan Muhammad Khan
Hilm
Hindarut
Hirmut
Hisn Mazyad
Hubat
Hubi
Hudniyah
Huffi
Hugaif
Hujayrimat
Hulayfah
Hulayhil
Hulaylat
Hulw
Humaydah
Humayrah
Humer
Humsi
Huqayf
Huqul
Husayfin
Huwaylat
Huwayl
Huwayniyah
Huzayn
Ibra
`Ibri
Indaf
Inkeyzeti
Insaid
Inshaf
Irowk
Irqat
Istal
Ithaff
Ithi
Izki
`Izz
Jaal
Ja`arah
Jabal Ghawil
Jabal Khasbar
Jabal Qiqat as Safil
Jabrin
Jadid
Jadi
Jadl
Ja`fariyah
Jahaneen
Jahfiyah
Jahilah
Jahis
Jahl
Jahlut
Jalah
Jal
Ja'mam
Ja`man
Jammah
Jardamanah
Jardaman
Jardoom
Jardum
Jawdah
Jawzah
Jaylah
Jaylah
Jaylil
Jebel Khasbar
Jibal
Jibjaat
Jibjat
Jifar
Jill ar Raddah
Jimah
Jinah
Jinnah
Jiri
Jirri
Jissah
Jivi
Jubaylat
Jufayf
Jumailah
Jumaila
Jumarah
Jumaylah
Junawl
Junawt
Junayz al Janubi
Junayz ash Shamali
Jurakh
Jurayd
Jurayf
Juraym
Juwaibi
Juwaybi
Juwibiyat
Kabiyah
Kahal
Kahanat
Kahf al Humayr
Kahil
Kalban
Kalbuh
Kalhat
Kamah
Kamfarah
Kanamt
Kanit
Kanut
Karku
Karshah
Karshah
Karsha
Karsha
Karshayt
Kartheit
Kartlayt
Karyat al Kabira
Kebka
Keb' Keb
Kerral
Khabbah
Khabbah
Khabbayn
Khabeifa
Khabr Hay
Khabt
Khaburah
Khabura
Khaburat Yanqul
Khadfier
Khadhil
Khadhra
Khadhrawain
Khadhr
Khadil
Khadirah
Khadra' Al Bu Rashid
Khadra' Al Sa`d
Khadra' Bin Daffa`
Khadra'
Khadrakoor
Khadrawayn
Khadra' Yal Bu Rashid
Khafa'
Khafdi
Khafifah
Khaftawt
Khafudh
Khahil
Khalaghal
Khalil
Khalli
Khaluf
Khamid
Khan
Kharfat
Kharfawt
Kharfut
Kharifot
Kharifut
Kharma'
Kharm
Khasab
Khasaf
Khashbah
Khashishat al Milh
Khashub
Khasur
Khatam Malahah
Khatmat al Malahah
Khatmat Malahah
Khatr
Khatudh
Khatum
Khatwah
Khaud
Khawabi
Khawbi
Khawd
Khawr al Asrah
Khawr al Asra
Khawr al Jaramah
Khawr al Milh
Khawr Hammam
Khawr Hulw
Khawr Rawri
Khawr Siyabi
Khawr Zammah
Khayfiyah
KhazÌ§ar
Khaziriyah
Khedit
Khejeen
Khejin
Khidr Marghuth
Khilah
Khishdah
Khlayhawr
Khodh
Khorr
Khor Rori
Khotudh
Khubain
Khubar
Khubar
Khubayfah
Khubayn
Khubaytah
Khubrah
Khudal
Khudar
Khudr Margot
Khulaybah
Khuldah
Khush
Khuwaylah
Khuzayriyah
Khuzinah
Kibdiyah
Kibrit
Kilban
Kinhat
Kirshah
Kirub
Kitheort
Kitnah
Kitna
Kizetakhayf
Kizit
Kliatudh
Koriat
Kubarah
Kubara
Kubbarah
Kujad
Kumzar
Kuri
Kuryát
Kusaat
Kusat
Kuwayrat
La'aqaybah
Labijah
Lahayay
Lakbah
Lakba
Lali Laynah
Lamehos
Lansab
Lashkharah
Lasmu
Lawqaybawt
Layh
Layjah
Lekfayir
Liban
Lihaban
Lihban
Limah
Lima
Limhas
Liqbi
Lishgar
Lislat
Liwa'
Lizq
Lokhbeb
Lothera
Lub
Lushil
Luwayb
Luzugh
Luzuq
Ma`abilah
Ma al Mishash
Ma' al Mushash
Ma'amad
Ma`amir
Maart
Ma'atib
Ma`awi
Ma'bas
Mabis
Mabni
Mabrah
Mabyak
Macula
Madabbah
Madam
Madarah
Maddeh
Madha
Madieh
Madinat al Haqq
Madruj
Magam
Magan
Maghadar
Maghdar
Maghsail
Maghsil
Maghyuth
Mahab
Mahadat
Mahadhah
Mahadha
Mahalih
Mahalil
Mahaliyah
Mahall
Mahani
Mahaniyah
Mahariq
Mahatt
Mahbab
Mahbat
Mahbub
Mahdah
Mahdus
Mahlah
Mahmum
Mahram
Mahyul
Mahyul
Maidal
Ma`idin
Maja`isah
Majan
Majasaa
Majazah
Majaz al Kubrá
Majaz as Sughra
Majhal
Majis
Majiz Kabirah
Majiz
Majiz Saghirah
Majrirah
Majrira
Majzi
Majzi
Makhadah
Makhailif
Makhda
Makhibiyah
Makhi
Makhsain
Makinat Shihan
Malaqat
Ma`mad
Ma'mul
Ma`murah
Ma`murah
Ma`mura
Mamur
Ma`mur
Manadhif
Manadif
Manah
Manakhir
Manazif
Manithirah
Manjurin
Mansal
Mansur
Mansur
Manumah
ManzÌ§ariyah
Maqa`isah
Maqammah
Maqaqah
Maqham
Maqlab
Maqniyat
Maqniyat
Maqsad
Maqta`ah
Maqyubi
Marbat
Markaz Thamarid
Marmul
Marsa Darsayt
Marwani
Masah
Masakin Shabiyah
Mascat
Maserayn
Masharib
Masharub
Mashin
Mashuq
Masil
Masirah
Masirat Nakhr
Masirat Ruwajih
Maskat
Maskin
Maslaq
Masna'ah
Masqab
Masqat
Masquat
Masrun
Ma`tamar
Matbat as Safil
Matid
Matrah
Matruh
Ma`ul
Mawaafag
Mawalih
Ma`wal
Mawi
Mawiyah
Mawrid Sidwi
Mayat
Maydal
Maydan
Mayhah
Maysar
Mazahit
Ma'zam
Mazim
Mazra` al `Alawi
Mazra` al Ghaf
Mazra` al Hadri
Mazra`at al Abyad
Mazra`at al Hatih
Mazra`at al Hilaylah
Mazra`at al Khadra'
Mazra`at al Qasf
Mazra`at ar Raja'
Mazra`at Qayd
Mazra`at Shuway`i
Mazra` Bu Ba`arah
Mazra` Ghulaylah
Mazra` Khusayyim
Mazra` Khusayyin
Mazra`
Mazra`
Mazra` Sumayr
Mazra` Zarka`
Mazub
Mazum
Mdha
Merbat
M`hal
Mibam
Midah
Mida
Midway
Milah
Minabak
Min`a
Mina' Sitt
Minbak
Minsift
Mintaf
Minthar
Mintirib
Mintirib
Minzafah
Minzifah
Mirah
Mirbat
Misfah al `Ali
Misfah al Halfayn
Misfah al Shurayqiyin
Misfah ash Shurayqiyin
Misfah as Safil
Misfah
Misfah
Misfaq al Halfayn
Misin
Miskin
Misliq
Miss
Mitali
Mithqub
Mi`wal
Mizbar
Mizfar
Muaskar al Murtafa`a
Mu`askar al Murtafi`ah
Mu` askar `Ibri
Mu`aydin
Mubayq
Mudabbah
Mudaybi
Mudaybi
Mudayrah
Mudayrib
Mudayy
Mudbugha
Mudhaibi
Mudhairib
Mudhayrib
Mudrah
Mudri
Mughbariyah
Mughrabah
Mughrah
Mughsayl
Mughshin
Muhali
Muhaydith
Muhya
Mukayhim
Mukaysah
Mukaysa
Mukhaylif
Mukhaysirah
Mukhayti
Mukhi
Mukhtari`
Muladdah
Multaqa `Alwiyah
Multaqa Hadriyah
Multaqá Sharak
Munayzif
Munayzif
Munjarid
Munqas
Muntaf
Muntarib
Muntayfah
Muqal
Muqaydan
Muqayhfah
Muqay`if
Muqaz
Muqniyat
Muqraymatayn
Muqshin
Muqshur
Muqur
Murair
Murarah
Murayjat
Murayrat
Murayr
Muraysi
Murbat
Murihah
Murih
Murji
Murrah
Murri
Murri
Murtafa`at Saham
Musalla
Musawa
Musayb
Musaydirah
Musayfiyah
Musayna`ah
Musayni`iyah
Musayrat Shurayqiyin
Muscat
Mushabbah
Mushaqasah
Mushayq
Mushebba
Mushir
Musibit
Muslaf
Muslimat
Mu`tamar
Mutayli`
Mutayrah
Muti
Mutrah
Muttrah
Muwaffaq
Muwaybin
Muzaynah
Nabr
Nadan
Nadhifi
Nadhif
Naf`ah
Naft
Nafun
Nahdah
Nahdah
Nahiz
Nahoor
Nahur
Naid
Najd
Najid
Nakhl
Nakhr
Nakhshah
Naqisi
Naqsi
Nattalah
Nawai-i
Nazab
NazÌ§ifi
Nazwah
Niad
Nibah
Nidab
Nida'
Nigrit
Nihada
Nizwá
Nujayd
Nujum
Nura
Nuwai
Nuwal
Nuwa
Nuway'i
Nuway'
Okkad
Owtar
Qabbah
Qabil al Hirth
Qabil
Qabil
Qab'il
Qabil Yal Bu Sa`id
Qa`b
Qadah
Qadá
Qadhait
Qadheit
Qafa
Qafis
Qaftat
Qa`idi
Qal`at al `Awamir
Qal`at Kasrá
Qa'lat
Qalhat
Qanah
Qanatir
Qandeen
Qandin
Qantab
Qarabi
Qarat al Milh
Qarat az Zingi
Qarat az Zunji
Qarayah Qata
Qarib
Qari
Qar Khul Qabal
Qarn
Qarn Sawadiyah
Qarr
Qarr Shamis
Qarthet
Qarthit
Qarutah
Qarut al `Ulya
Qarut as Sufla
Qaryah
Qaryah
Qaryat al `Ayjah
Qaryat al Firay
Qaryat al-Kabirah
Qaryat as Samar
Qaryat Dafiyat
Qaryat Maghilah
Qaryat Shi`inzi
Qaryat `Umq
Qasa`ah
Qasabiyat al Burayk
Qasabiyat Al Bu Sa`id
Qasabiyat al Hawasinah
Qasabiyat az Za`ab
Qasabiyat
Qasabiyat Yal Burayk
Qasaf
Qasah
Qas`ah
Qasbiya
Qasbiyat al Burayk
Qashah
Qasini
Qata`ah
Qayd
Qaylah
Qaysad
Qayut
Qef Dann al Hamra'
Qibah
Qidah
Qila
Qitqawt
Qizmi
Quabil
Qu`ayd
Qubiyat
Quff
Qulayyah
Qumaylah
Qumayrah
Qurah
Quraiyat
Qurayat
Qurayyah
Qurayyat
Qurayyih al Qata
Quri
Qurm
Qurn Sawadiya
Qurtah
Qurta
Quryat
Qusaydat
Qusuf
Quwairat
Quwayrat
Rabi
Raddah
Raf`ah
Rafsah
Rahab
Rahbah
Rahmah
Rahn
Rajmi
Rakabi
Rakhbah
Rakhuit
Rakhyut
Rakyut
Rakzah
Ramlah
Ramlah
Raqi
Ra's al `Aqq
Ra's al Qara`ah
Ra's al Salam
Ra's ar Ru`ays
Ra's as Salam
Rasibah
Rasin
Rasis
Ra'siyah
Rasm
Ra's
Rassah
Rassier
Rawdah
Rawdah
Rawdah
Rawdah
Rayibah
Raykhut
Raysut
Raythathey
Rayy
Rayzut
Rekab al Shib
Reoob
Rida'
Rihani
Rihani
Rija`
Rijlah
Rijla
Rikab ash Shibb
Rimi
Rimthah
Riqqah
Rism
Rissah
Rissah
Risut
Riyam
Riyan
Roda
Rostak
Rubat
Rubiyah
Rubkah
Ruddah
Rudha
Ruhaybah
Rukab ash Shabb
Rukhdayn
Rumaidh
Rumais
Rumaylah
Rumays
Rumayyah
Rumayyih
Ruqqah
Rusayl
Rushayd
Rustaq
Ru'us
Ruwaila
Ruwaydah
Ruwaylah
Ruwaylat az Za`ab
Ruwaylat Badw
Ruways
Ruwi Gharbi
Ruwi
Sa`abah
Sa`ab Bani Khamis
Sa`ab
Sa`adi
Sa`al
Sa`arah
Sa'ara
Sabaikha
Sabakh
Sabkhat
Sabtan
Sabt
Sadadib
Sa`dah
Sadah
Sadairah
Sadam
Sadan
Sadh
Sad
Safah
Safaij
Safa'iq
Safa'
Safil
Safqat
Safqot
Safqut
Safut
Safwan
Sahaiah
Sahailah
Sahaila
Sahalnawt
Saham
Saham Town
Sahayli
Sahb al Nun
Sahb an Nun
Sahban
Sahiban
Sahil Harmul
Sahil
Sahm
Sahsahan
Sahsaha
Sa`idah
Sa`id Bin Sahran
Sa`id
Saifam
Saih al Maleh
Saih al-Malih
Saih-el-Malih
Sailal
Saiq
Saitaw
Salaif
Salaiyah
Salalah
Sal al A`lá
Salala
Sal al Kabir
Salam
Salayah
Salaylah
Salb
Salhad
Sal Hamdan
Salh
Salib
Salifah
Salil
Salil
Salistam
Sal Khawr
Sall al A`lá
Sall al Kabir
Sallan
Sallan
Sallat Ashaba
Sall Hamdan
Sall Istam
Sall Khawr
Sall Malik
Salmah
Salmá
Sal Melik
Salmiyah
Sal
Salut
Samad
Samad Town
Sama'il
Sama`iyah
Saman
Samhan
Samkat
Samra'
Samud
Sanaiba
Sanat
Sanau
Sanaw
Sanhiyat
Sanqar
Sant
Saqah
Saqilah
Saqlah
Saqrah
Saraima
Sa`ra'
Sar Ayd
Sarbih
Sarfanah
Sarid
Sarin
Sarkaan
Sarkhaar
Sarkhar
Saruq
Sarur
Saruz
Sauqara
Sawaiharah
Sawaqim
Sawqarah
Sawqirah
Sawt
Sawt
Saybah
Saydah
Sayda
Sayfam
Sayh adh Dhabi
Sayhakil
Sayh al Asfal
Sayh al Malih
Sayh
Sayjah
Sayjani
Sayma'
Sayma'
Saynah
Sayq
Sayq
Sayr
Sayyah
Sedab
Sehab
Sehaff
Sehaf
Selat Ashaba
Shafa`
Shafia
Shafi`
Shaghaf
Shaghi
Shahait
Shahiq
Shair
Shakhakhit
Shakhbut
Shalim
Shamm
Sham
Shanatir
Shanitah
Shantut Saham
Shanut
Shaq
Sharaijah
Sharam
Sharbatat
Sharbithat
Shari`ah
Sharik
Shariq
Shariyah
Sharjah
Sharjat Saqabah
Sharkh
Sharmilah
Sharm
Sharqatayn
Sharqi Hafit
Sharyah
Sharyatayn
Sharyat Ayqal
Shat
Shawah
Shaww
Shayrah
Shelim
Sheria
Sherkh
Shibat
Shibith
Shi`b Nahiz
Shibob
Shidah
Shi`inzi
Shijah
Shinas
Shiqqat al `Awd
Shira
Shirkho
Shirs
Shirs Yal Burayk
Shisah
Shishah
Shisha
Shisuh
Shiya'
Shu`aymiah
Shu`aymiyah
Shubaykah
Shufi
Shufrah
Shufra
Shuhayt
Shukayli
Shumayt
Shurayjah
Shurayjah
Shurayjah
Shurayjat
Shurayjat Thuqbah
Shuwahi
Shuwah
Shuwayhah
Shuway`i
Shuwaymirah
Sibi
Sib
Sidab
Sidaira
Sidakah
Sidaqah
Sidaq
Sifah
Sifalat Samail
Sifa
Sihah
Sihlat
Sih-Mall-Rakhyut
Sikun Shikfaino
Sikun Shikfainot
Silad
Silaif
Silat Ashaba
Silayb
Silay
Silhi
Simah
Sima
Sinaf
Sinni
Sinsilah
Sint
Siqattah
Siqatta
Sirab
Sir`arah
Sira'
Sirqan
Siseroon
Siserun
Si`
Siyaq
Siya
Siyudin
Siyyah
Smoor
Sohar
Su'arah
Subakh
Subayb
Subaykhah
Subiyat Za`ab
Subtan
Sudamah
Sudamat al Khanabish
Sudayrah
Sudh
Sudi
Sufalat Dank
Sufalat Ibra'
Sufalat Misfah
Sufalat Sama'il
Sufun
Suhal
Suhar
Suhaylah
Suhayrah
Sukaykira'
Sukhnah
Sukirah
Sukoon Zuwam ari Shari
Sulawah
Sulayb
Sulayf
Sulaymi
Sulayyah
Sulfi
Sultiyah
Sumail
Sumaiya
Sumayel
Sumayil
Sumayni
Sumaysim
Sumayyah
Sumhuran
Sumrah
Sumut
Sunainah
Sunaybah
Sunaybi`
Sunaynah
Sunaysilah
Sunnar
Sunni
Sunub
Suq Badiyah
Sur ad Dawahinah
Suraima
Suraj
Sur al `Abri
Sur al Balush
Sur Al Bu Hilal
Sur Al Bu Khamis
Sur Al Bu Rashid
Sur al-Masirah
Sur al Mazari`
Sur ash Shiyadi
Surayjah
Suraymah
Surayr
Sur Bani Hamad
Sur Bani Hammad
Sur Bani Khuzaymah
Sur Bani Khuzaymat
Sur-i-Masira
Suri
Sur Khusaybi
Sur Laqtayt
Sur Ma`awil
Sur Maghabishah
Sur Masirah
Sur Shiyadi
Sur
Sur Yal Bu Rashid
Sur Yal Hillal
Suwadi al Batha'
Suwadi `Alwa
Suwaida
Suwaihara
Suwaih
Suwaik
Suwara
Suwar
Suwayah
Suwayda'
Suwayd
Suwayhirah
Suwayh
Suwaykimi
Suwayq
Suwayyah
Suweih
Suwiqah
Ta`ab
Tabaqah
Tab
Taburah
Tabura
Taf al Qarha
Taf al Rakhm
Taf ar Rakhm
Taff ar Rakhm
Tafif
Taga
Tahwah
Taiwa
Taiwi
Takah
Takham
Talh
Tam
Tana'am
Tan`am
Tan
Taqah
Taqa
Taqa
Taqub
Tarif
Tasah
Tasawir
Tau
Tawa
Tawi al Badu
Tawi al Badw
Tawi al Hayl
Tawi al Qarinat
Tawi `Aqdah
Tawi Bedi Guish
Tawidah
Tawi Harim
Tawi Khadaraq
Tawi Khuzayriyah
Tawi Kuraysh
Tawi Mansur
Tawi Muqayriyah
Tawi Nawimiya
Tawi Nuss
Tawi Rumayih
Tawi Sadh
Tawi Sayh
Tawi Sih
Tawi Sulaym
Tawi
Tawi `Ubayd
Tawiyah
Tawiyah
Tawiyan
Tawiyan Yiti
Tawj
Taww
Tayma'
Taymissah
Taywah
Tayyib
Teetaan
Thabiti
Thaghi
Thagi
Thaka
Thalfut
Thaloot
Thalut
Thamarit
Thaqib
Thaqub
Tharfait
Tharmad
Theb
Thermod
Thibab
Thina'
Thinqayr
Thissor
Thumayd
Tibat
Tibbah
Tibba
Tidah
Tikhah
Tiwi
Tubbah
Tul
Tumayt
Tunus
Turayf
Tuwaybah
`Ubaylah
`Udhaybah
Uhi
Ukhaydir
UkhayzÌ§ir
`Ulub
`Ulyah
`Ulya
Umm Adailan
Umm al `An'ah
Umm al `Inah
Umm al Ja`arif
Umm al `Unnah
Umm ar Rasas
Umm Rasas
Umm Rusays
UmmRusays
Umm Saghrain
Umm SÌ„alib
`Umq Bi'r
`Umq
Unkulth
Uqdah
`Uqdah
`Uqq
`Urf
Urzuq
`Uwaydat
`Uwaynah
`Uyun
`Uyun
Wa`ab `Ali
Wa`ab al Lif
Wa'a Bin Baraq
Wa`ab Mubarak
Wa'ab Mubarik
Wa`b `Ali
Wab al Sebil
Wabal
Wabal
Wa`b Mubarak
Wadd
Wadi `Andam
Wadi Kabir
Wadi Khasbar
Wadi Layh
Wadi Mayh
Wadim
Wadi Shirs
Wadiyah al Hadriyah
Wadiyah al `Ulya'
Wadiyat al Hadriyah
Wadiyat al `Ulya'
Wadiyat
Wadiyayn
Wafi
Waghlah
Wahala
Wahlah
Wajmah
Wakan
Waljah
Wally Camp
Waqbah
Waqif az Zabrah
Wariyah
Washihi
Washihi
Washil
Wasil
Wasit
Wasit
Wasit
Wasi
Watif
Wayt
Werrsaar
Widham
Wihi al Murr
Wishal
Wudam `Alwa
Wudam
Wudham `Alwa'
Wudham
Wughlah
Wukabah
Wuqbah
Wutayyah
Yahi Risakh
Yahi Rizakh
Yanqal
Yanqul
Yawiyah
Yemah
Yenkit
Yidah
Yidiyah al Bahr
Yidiyah Safiyah
Yika'
Yimah
Yistin
Yiti
Yiyailah
Za`bah
Zabara
Zab
Za`faran
Zaghi
Zammah
Zarub
Zawajah
Zawliyah
Zaybah
Zaydi
Zaymi
Zghiu
ZÌ§abi`ah
ZÌ§ab`in
ZÌ§abyah
ZÌ§abyat
ZÌ§ahir
ZÌ§ahir
ZÌ§ahrayn
ZÌ§ahr Sidrah
ZÌ§ahr
ZÌ§ahur
Zibarah
ZÌ§iyan
Ziki
Zikt
Zilaft
ZÌ§uwayhir
ZÌ§uwayhir
Zukayt
