Afaahiti
Afareaitu
Afatauri
Ahurei
Akamaru
Akaputu
Amaru
Anaho
Anapoo
Anapoto
Anatonu
Anau
Anganui
Anua
Aoua
Apaura
Apeakava
Apihaa
Apomaoro
Arahiri
Araiteva
Araito
Area
Arue
Arve
Ataiti
Atiakoa
Atiaoha
Atihiva
Atihoi
Atimaono
Atipiti
Atirikigaro
Atitouiti
Atituiti
Atiue
Atouana
Atuana
Atuona
Aua
Auaue
Auorotini
Auti
Avae
Avatoru
Avera
D'Hauti
Faaa
Faanoa
Faanui
Faaone
Faarumai
Faatautia
Faauanu
Fakamaru
Fakatopatere
Fané
Fanui
Faone
Faraari
Farauo
Fareeru
Fare
Farehau
Faremi
Fareorea
Farerea
Fariipiti
Fitii
Gahutu
Gahutu Tenohu
Ganhutu
Ganoa
Garumaoa
Gataha
Gatavaké
Haaoipu
Haapane
Haapape
Haapiti
Haapu
Haapupuni
Haapupuri
Hakamui
Hakapehi
Haka Puuae
Hakaui
Hamuta
Hanamiai
Hana-moe-noa
Hana te Fau
Hana Teio
Hanatetena
Hana Tuuna
Hanaui
Hanavave
Hanga Haa
Hapatoni
Hatinua
Hauturua
Hitiaa
Hitia
Hiti Mahana
Hiti Mahaua
Hooumi
Hotapuu
Hotopuu
Houmi
Houroumanou
Huahine
Huau
Hurumanu
Ikitake
Iumaru
Ivaiva Nui
Kairori
Katiro
Kirimiro
Kokohue
Lauiaru
Maaea
Maatea
Mahaena
Mahaiutea
Mahanatoa
Mahatea
Maheva
Mahina
Mahua
Mahu
Maraa
Maraeapai
Marae
Marepa
Mariuti
Maroe
Matahiva
Mataiea
Mataiva
Mataorio
Mataura
Matiti
Matopu
Matotea
Matura
Mitirapa
Moerai
Moheva
Motaiva
Motopu
Motu Taiahu
Motu Ura
Nahoe
Nairiri
Nakapeni
Ngarumaova
Niumaa
Niuporiri
Niutahi
Nivee
Nurehia
Nutae
Oae
Oehau
Ofaiharata
Ohava
Ohomo
Omoa
Omuara
Onoheha
Ootomai
Opaura
Oponu
Oroau
Orofara
Orofura
Oroiri
Oroiro
Orouau
Orufara
Otepa
Otiaroa
Otumai
Otuofai
Otutara
Ouia
Outu Maoro
Owharre
Paca
Paea
Paeau
Pahiarepo
Pahiti
Pahonu
Pahua
Paiouma
Pani
Paofai
Paopao
Papao
Papara
Paparevo
Papava
Papawa
Papeari
Papeete
Papehee
Papeiti
Papeotai
Papetoai
Papiete
Papiti
Paraeo
Paraiore
Paraohumu
Paraoro
Parari
Patere
Patio
Patuarepa
Patu Patu
Paturoa
Patutoa
Paui
Peavitoa
Pehoa
Petou
Piahena
Pierre
Pihaa
Pihaena
Pipine
Pirae
Port Vairao
Pouheva
Poutei
Povai
Puahua
Puaiti
Pucu
Pueu
Puheva
Punaauia
Punaavia
Putiara
Rairai
Rairoa
Rairua
Raitahiti
Raiurua
Rautini
Rihirea
Rikitea
Roruru
Rotoava
Rouru
Saint Amelia
Sainte Amélie
Taapuna
Tahaa
Taharoa
Tahateao
Tahueia
Tai-o-hae
Taiokai
Takou
Taku
Tamatoa
Taraeo
Taravai
Taravao
Tarione
Tatoi
Taua
Taunoa
Tautera
Tautira
Taverea
Teaharoa
Teahupoo
Teahupo
Teahupu
Teamara
Teana
Teapaa
Te Auae
Teavaro
Te Avi Toa
Te-Fare-Arii
Tefau
Tehekega
Tehuarupe
Temae
Temao
Teniuohiri
Tenukupara
Teonemahima
Teonemahina
Tepukamaruia
Tepu
Terehe
Tereporepo
Teruafaroa
Teruamao
Te Rua Pua
Tetamanu
Tetira
Teuo
Tevaitoa
Tiaraha
Tiarei
Tiitau
Tiomati
Tipaerui
Tiputa
Tiripoa
Titau
Toahotu
Toamara
Toanoano
Toetoe
Tohautu
Toini
Topitike
Torea
Tuara
Tuarea
Tuete
Tuherahera
Tukuhora
Tupana
Tupapati
Turapao
Tuuhora
Urihore
Uritutua
Utaofai
Utu-maoro
Utuofai
Uturoa
Vaïare
Vaieri
Vaiete
Vaihi
Vaionifa
Vaioperu
Vaiori
Vaipeu
Vaipohe
Vairao
Vairoa
Vairo
Vaitahu
Vaitape
Vaitia
Vaitinoua
Vaitoare
Vaitona
Vaitoto
Vaitunanaa
Vaitu
Vaiuru
