Abasan
Abasan al Kabir
Abasân el-Kabîr
Abu al `Ajaj
`Abud
Abu Dis
Abu el `Ajaj
Abu Qash
Abu Qashsh
Abu Shueidin
Abu Shukhaydim
Abu Shukheidim
`Abwayn
`Abwein
Adam
Ad Dahiriyah
Ad Duyuk
Adh Dhahiriya
Adnim
Adora
Adorah
`Ain `Arik
Ain `Atara
`Ain Nuwi`ima
Ain Qiniya
`Ain Yabrud
`Ajja
`Ajjah
`Ajjul
Akabeh
Al Atrun
Al `Attara
Al `Attarah
Al `Auja
Al `Awja'
Al `Ayzariyah
Al Barid
Al Bira
Al Birah
Al Burayj
Al-Bureij
Al `Eizariya
Al Fandaqumiya
Al Fandaqumiyah
Al Fasa'il
Alfe Menashe
Al Funduq
Al Haram
Al Haram ash Sharif
Al Hashimiyah
Al Jaba`
Al Jab`ah
Al Jakhadim
Al Janiya
Al Janiyah
Al Jardah
Al Jib
Al Judayrah
Al Judayyidah
Al Khadr
Al Khalil
Al Khidr
Al Latrun
Allen More
Allon
Allon Shevut
Al Lubban
Al Maghtis
Al Makhruq
Al Mashahira
Al Mashahirah
Al Mazra`ah al Qibliyah
Al Mazra`ah ash Sharqiyah
Al Mazra`at al Qibliyah
Al Midya
Al Midyah
Almog
`Almon
Al Mughaiyir
Al Mughayir
Al Mughayyir
Alon-Morah
Alon Moreh
Al Qubaybah
Al Qubeiba
Al Yamun
`Ammaos
`Ammuriya
`Ammuriyah
`Ammurya
`Ammuryah
`Amwas
`Anabta
`Anabtah
`Anata
`Anatot
`Anebta
`Anin
An Maqurah
An Nabi Ilyas
An Nabi Salih
An Nabi Samu'il
An Nabi Samwil
An Naqura
An Naqurah
An Nazla al Gharbiya
An Nazla al Wusta
An Nazla ash Sharqiya
An Nazlah al Gharbiyah
An Nazlah al Wusta
An Nazlah
An Nazlah ash Sharqiyah
An Nazlat al Wusta
An Nazlat ash Sharqiyah
An Nuway`imah
`Anza
`Anzah
Aqabe
`Aqqaba
`Aqqabah
`Aqqabe
`Aqraba
`Aqrabah
`Aqrabe
`Arabbuna
`Arabbunah
Arabeh
`Araqa
`Araqah
`Arava
Argaman
Ari'el
Ariha
`Arraba
`Arrabah
`Arrabe
'Arrabuna
Arrakah
Ar Rama
Ar Ramah
Ar Ram
`Arrana
`Arranah
`Arraqa
Ar Ra's
Ar Rihiya
Ar Rihiyah
Ar Ru`ah
Ar Ru`at
Artas
Artasium
`Arura
`Arurah
Ash Shaykh `Arubi
Ash Shaykh `Aruri
Ash Shaykh Falih
Ash Shuhada'
Ash Shumaysani
Ash Shuyukh
`Asira al Qibliya
Asira ash Shamaliya
`Asira
`Asira el Qibliya
`Asira el Qibliye
`Asira esh Shamaliya
`Asira esh Shamaliye
`Asirah al Qibliyah
`Asirah ash Shamaliyah
`Askar
As Samu`
As Sawiya
As Sawiyah
As Sira ash Shamaliyah
`Atara
`Atarot
`Atarut
`Ateret
Atraqzia
At Taiyiba
`Attara
`Attarah
Attarot
At Tayyiba
At Tayyibah
`Attil
At Tira
At Tirah
At Tur
Audala
`Auja el Fauqa
Ausarin
Avne Hafez
`Awarta
`Awdallah
Aw Sarin
`Aynabus
`Ayn `Arik
`Ayn Fashkhah
`Ayn Nuwi`imah
`Ayn Qiniya
`Ayn Qiniyah
`Ayn Siniya
`Ayn Yabrud
`Azmut
`Azza
Az Zababida
Az Zababidah
Az Zababide
Azzah
Az Zahiriyah
Az Zawiyah
Az Zayt
`Azzun
Baka
Bal`a
Bal`ah
Bal`ama
Bal`amah
Balata
Balatah
Ballutat Ibrahim
Bani Na`im
Bani Qays
Bani Qeis
Bani Suhaylah
Bani Suhayl
Bani Suheila
Baqa ash Sharqiya
Baqa
Baqa esh Sharqiya
Baqah ash Sharqiyah
Baqah
Baqat ash Sharqiyah
Bardala
Bardalah
Barqan
Barqan B
Barta'a
Battir
Bayta al Fawqa
Bayta at Tahta
Bayta
Bayt `Abd al Qadir
Bayt al Khirbah
Bayt Awla
Bayt Dajan
Bayt Duqqu
Bayt Fajjar
Bayt Furik
Bayt Hamdan al Ahmad
Bayt Hanina
Bayt Hanun
Bayt Iba
Bayt Ijza
Bayt Iksa
Baytillu
Bayt Immar
Bayt `Inan
Baytin
Bayt Jala
Bayt Kahil
Bayt Lahiya
Bayt Lahiyah
Bayt Lahm
Bayt Lid
Bayt Liqya
Bayt Luba
Bayt Nuba
Bayt Nurik
Bayt Qad
Bayt Rima
Bayt Safafa
Bayt Sahur
Bayt Sira
Bayt Surik
Bayt `Umar
Bayt Umrin
Baytuniya
Bayt `Ur al Fawqa
Bayt `Ur at Tahta
Bayt `Ur
Bayt Wazan
Bazariya
Bazariyah
Bazzariya
Bazzariyah
Bedolah
Be-erot
Be-eroth
Beita al Fauqa
Beita at Tahta
Beit `Abd el Qadir
Beit `Abdul Qadir
Beita
Beita el Fauqa
Beita et Tahta
Beit Aula
Beit Dajan
Beit Duqqu
Beit el Khirba
Beit Fajjar
Beit Furik
Beit Hamdan el Ahmad
Beit Hanina
Beit Hanun
Beit Horon ha `Elyon
Beit Iba
Beit Ijza
Beit Iksa
Beitillu
Beit Immar
Beit I`nan
Beitin
Beit Jala
Beit Kahil
Beit Lahiya
Beit Lahm
Beit Lahya
Beit Lehem
Beit Lid
Beit Liqya
Beit Nuba
Beit Qad
Beit Rima
Beit Safafa
Beit Sahur
Beit Sira
Beit Surik
Beit Ummar
Beit Umrin
Beitunia
Beituniya
Beitunya
Beit `Ur al Fauqa
Beit `Ur at Tahta
Beit `Ur el Fauqa
Beit Ur el Foka
Beit `Ur el Foqa
Beit `Ur et Tahta
Beit Wazan
Belar
Bene `Azmon
Benot Orot Yisra'el
Beqa`ot
Berakha
Betar
Bet Arye
Bet El B
Bet El
Bet Ha`Arava
Bethany
Bethel
Bethléem
Bethlehem
Bet Horon B
Bet Horon
Bet Mirsham
Betounia
Bettsahour
Bet Yattir
Biddiya
Biddu
Biddya
Bidieh
Bidiye
Bidu
Bidya
Bil`in
Bira
Birah
Bi'r az Zayt
Bire
Bi'r Nabala
Birqin
Biryah
Bi'r Zayt
Bir Zeit
Bitayn
Bituniya
Brosh
Bruqin
Brura
Budrus
Burbam
Burgin
Burham
Burin
Burj el Baiyara
Burqa
Burqah
Burqayn
Burqin
Buruqin
Canada Park
Dair Balut
Dannaba
Dannabah
Dar Abu Sabha
Daribat ash Shaykh Hammuda
Dayr Abu Da`if
Dayr Abu Mash`al
Dayr al Balah
Dayr al Ghusn
Dayr al Ghusun
Dayr al Hatab
Dayr `Ammar
Dayr as Sudan
Dayr Ballut
Dayr Dibwan
Dayr Ghassanah
Dayr Ghazalah
Dayr Ghazzalah
Dayr Ibzi`
Dayr Istiya
Dayr Istya
Dayr Jarir
Dayr Nizam
Dayr Qaddis
Dayr Qiddis
Dayr Sharaf
Debir
Deir Abu Da`if
Deir Abu Mash`al
Deir al Ghusan
Deir al Ghusun
Deir al Hatab
Deir Ammar
Deir as Sudan
Deir Ballut
Deir Dibwan
Deir el-Balah
Deir el Ghusun
Deir el Hatab
Deir es Sudan
Deir Ghassana
Deir Ghazala
Deir Ghazzala
Deir Ghazzalah
Deir Ibzi`
Deir Istiya
Deir Istya
Deir Jarir
Deir Nidham
Deir Qaddis
Deir Sharaf
Der el Bela
Devir
Dhahiriya
Dhahrat Zein ed Din
Dhannabah
Djelbon
Djemmain
Djenin
Dolev
Doma
Domea
Dugit
Duma
Dumah
Dura al Qar`
Dura
Dura el Qar`
Durah
Duyuk
Ed Dhaherie
Edh Dhahiriya
Edh Dhahriye
Edh Dhairiya
Efrata
Efratah
`Einabus
`Ein `Arik
`Ein Fashkha
`Ein Gannim
Ein Qiniya
`Ein Sinya
`Ein Yabrud
`Eizariya
El `Araqa
El `Attara
El 'Auja
El`azar
El Barid
El Bira
El Bureij
El Dahaheriya
El `Eizariye
Ele Sinai
El Fandaqumiya
El Fandaqumiye
El Fasayil
El Funduq
El Haram esh Sharif
El Hashimiya
`Eli
Elisha`
El Jab`a
El Jakhadim
El Janiya
El Jib
El Judeiyida
El Khader
El Khadr
El Khalil
El Khulil
El Lubban
El Makhruq
El Maza'a esh Sharqiya
El Mazara`a esh Sharqiya
El Mazra`a al Qibliya
El Mazra`a el Qibliya
El Midya
El Mughaiyir
El Mugheir
El Nesleh
Elon More
Elon Moreh
Elqana D
Elqana
El Qubeiba
El Taiyiba
El Yamun
`Enav
Engannim
En Nabi Elyas
En Nabi Ilyas
En Nabi Sahih
En Nabi Salih
En Nabi Samuil
En Nabi Samweil
En Nabi Samwil
En Naqura
En Nazla al Gharbiya
En Nazla al Wusta
En Nazla ash Sharqiya
En Nazla el Gharbiya
En Nazla el Wusta
En Nazla esh Sharqiya
En Nazle el Wasta
En Nazle
En Nezle
Erez
Eriha
Er Rafa
Er Rama
Er Ram
Er Ras
Er Rihiya
Er Ru`at
Eshkolot
Esh Sheikh `Aruri
Esh Sheikh Falih
Esh Sheikh Jarrah
Esh Shuhada
Esh Shumeisani
Esh Shuyukh
Eshtemoa`
Es Samu`
Es Sawiya
Et Taiyiba
Et Taiyibe
Et Tayyibeh
Et Tira
Et Tur
`Ez Efrayim
Ez Zababida
Ez Zawiya
Ez Zawye
Fahma
Fahmah
Falama
Falamah
Falamia
Falamiyah
Fandaqumiya
Fandaqumiye
Faqqu`a
Faqqu`ah
Far`ata
Far`atah
Farkha
Farkhah
Far`un
Fendakumie
Fendakumiyeh
Firasin
Fir`awn
Gadid
Gane Modi`in
Ganne Tal
Gannim
Gan Or
Gavri'el
Gaza
Geva`
Geva`ot
Ghazah
Ghazza
Ghazzah
Ghazze
Ghazzi
Ghuzze
Gilbo`a
Gilgal
Gillo
Gilo
Ginnat
Ginnot Shomeron
Gittit
Giv`at HaMatos
Giv`at HaMerkaziz
Giv`at HaMivtar
Giv`at HaRadar
Giv`at Harsina
Giv`at Homa
Giv`at Shappira
Giv`at Ze'ev
Giv`on
Giv`on Hadassa B
Giv`On Hadassa
Giv`on HaHadasha
Habla
Hablah
Habrun
Hadar Betar
Haggai
Haggy
Hajja
Hajjah
Halhul
Hallamish
Hamra
Hanut Yona
Har Adar
Haram esh Sharif
Har Gillo
Har Gilo
Haris
Hatserot
Hebron
Hemdat
Hermesh
Hevron
Hinnanit
Hizmah
Hizma
Homesh
Horon Gimmel
Husan
Huwarah
Huwwarah
Huwwara
`Ibwayn
`Ibwein
Idnah
Idna
Ijnisinya
Iktabah
Iktaba
`Illar
`Immanu`el
Immatin
`Imwas
`Iraq Burin
Ir David
`Irit
Irtah
Iskakah
Iskaka
`Islah
`Isla
`Izbat at Tabib
`Izbatet et Tabib
Jab`a
Jaba`
Jabaliya
Jabalya
Jaiyus
Jalamah
Jalama
Jalamat as Siyar
Jalamat es Siyar
Jalbun
Jalqamus
Jalud
Jamaliyah
Jamma`in
Jammalah
Jammala
Janin
Janiyah
Jarba'
Jaurat esh Sham`a
Jayyus
Jeba
Jemma`in
Jenin
Jericho
Jibiya
Jib
Jibya
Jifna
Jiftlik
Jiljilia
Jiljiliyah
Jiljiliya
Jiljiliye
Jinin
Jit
Jitt
Judaydah
Judayrah
Judeida
Judeira
Judirah
Judira
Junayd
Juneid
Jurat ash Sham`ah
Jurat esh Shama
Jurish
Kaddim
Kaddum
Kadoum
Kafr `Abbush
Kafr ad Dik
Kafr al Labad
Kafr `Aqab
Kafr Ashwa`
Kafr `Ata
Kafr `Ayn
Kafr Bayta
Kafr Beita
Kafr Dan
Kafr ed Dik
Kafr `Ein
Kafr el Labad
Kafr Haris
Kafr Ishwa
Kafr Jammal
Kafr Kaddum
Kafr Laqif
Kafr Malik
Kafr Ni`mah
Kafr Ni`ma
Kafr Qaddum
Kafr Qalil
Kafr Qallil
Kafr Qud
Kafr Ra`i
Kafr Rumman
Kafr Sur
Kafr Thulth
Kafr Zibad
Kalandia
Kalendieh
Kalia
Kalkilieh
Kal Kiliya
Kallia
Kalya
Karmel
Karme Zur
Katanneh
Katif
Kaubar
Kawbar
Kear Darom
Kefar Adummim
Kefar Darom
Kefar `Etsyon
Kefar Etzion
Kefar `Ezyon
Kefar Na`aran
Kefar Rut
Kefar Tappuah
Kefar Yam
Keram
Kfar-Etsion
Kfar Etzion
Kfar Etziyon
Kfar Saba
Khadr
Khalil-el-Rahman
Khan al `Askar
Khan el `Askar
Khan Younes
Khan Yumus
Khan Yunis
Khan Yunus
Kharas
Kharbata
Khirbat `Abd Allah al Yunis
Khirbat `Abd Allah al Yunus
Khirbat `Abd Allah Ibrahim
Khirbat `Abdullah el Yunis
Khirbat `Abdullah Ibrahim
Khirbat Abu Falah
Khirbat Abu Harfil
Khirbat Abu Nujaym
Khirbat Abu Nujeim
Khirbat ad Dahr
Khirbat ad Dayr
Khirbat ad Deir
Khirbata
Khirbat al `Alawinah
Khirbat al `Aqqabah
Khirbat al `Aqrabaiya
Khirbat al `Aqrabaniyah
Khirbat al `Arrub
Khirbat al Ashqar
Khirbat al `Awja' at Tahta
Khirbat al Bizrah
Khirbat al Bizra
Khirbat al Burj
Khirbat al Ghadbanah
Khirbat al Ghadbana
Khirbat al Hafnah
Khirbat al Hafna
Khirbat al Hajarah
Khirbat al Hammah
Khirbat al Hamma
Khirbat al Harazan
Khirbat al Hijrah
Khirbat al Hijra
Khirbat al Hubaylah
Khirbat al Jarushiyah
Khirbat al Jarushiya
Khirbat al Karmah
Khirbat al Kaum
Khirbat al Kawm
Khirbat al Khuljan
Khirbat al Khuraysah
Khirbat al Mafjir
Khirbat al Majd
Khirbat al Ma`sarah
Khirbat al Mirsas
Khirbat al Misbah
Khirbat al Munqati`ah
Khirbat al Murassas
Khirbat al Musharraf
Khirbat al Mushrif
Khirbat al Mutillah
Khirbat al Mutilla
Khirbat al Tarrama
Khirbat an Najjar
Khirbat an Nasara
Khirbat an Natsh
Khirbat an Nazlah
Khirbat an Nazla
Khirbat `Aqqabah
Khirbat `Aqqaba
Khirbat ar Rabud
Khirbat ar Rashsh al Fawqa
Khirbat ar Rashsh at Tahta
Khirbat ar Rawsh al Fawqa
Khirbat ar Rawsh at Tahta
Khirbat `Arrub
Khirbat ar Rush al Fauqa
Khirbat ar Rush at Tahta
Khirbat `Asalah
Khirbat Asala
Khirbat ash Sham`ah
Khirbat ash Sham`a
Khirbat ash Shaykh Sa`ad
Khirbat ash Shaykh Sa`d
Khirbat ash Sheikh Sa`d
Khirbat `Asidah
Khirbat `Asida
Khirbat as Sakut
Khirbat as Sikkah
Khirbat at Tarramah
Khirbat at Tayyibah
Khirbat at Tuwayyil
Khirbat `Atuf
Khirbat az Za`rurah
Khirbat az Za`rura
Khirbat az Zu`rurah
Khirbat Badd Falluh
Khirbat Badd Faluh
Khirbat Baqqar
Khirbat Batin Abn Lihya
Khirbat Batin Abu Lihyah
Khirbat Batin Abu Lihya
Khirbat Bayt Amin
Khirbat Bayt `Awwa'
Khirbat Bayt Hasan
Khirbat Bayt Mirsim
Khirbat Bayt Nasib al Gharbiyah
Khirbat Bayt Nasib ash Sharqiyah
Khirbat Bayt Nasib
Khirbat Bayt Sakariyah
Khirbat Bayt Ta`mir
Khirbat Bayt Zakariya
Khirbat Beit Amin
Khirbat Beit `Awwa
Khirbat Beit Hasan
Khirbat Beit Mirsim
Khirbat Beit Nasib el Gharbiya
Khirbat Beit Nasib esh Sharqiya
Khirbat Beit Nasib
Khirbat Beit Sakariya
Khirbat Beit Ta`mir
Khirbat Beit Zakariya
Khirbat Burayda`ah
Khirbat Buraydhi`ah
Khirbat Bureida`a
Khirbat Bureidhi`a
Khirbat Dahr al `Abd
Khirbat Dayr al `Asal al Fawqa
Khirbat Dayr al `Asal at Tahta
Khirbat Dayr al `Asal
Khirbat Dayr an Nil
Khirbat Dayr ar Razih
Khirbat Dayr `Asal al Fawqa
Khirbat Dayr `Asal at Tahta
Khirbat Deir al `Asal
Khirbat Deir an Nil
Khirbat Deir `Asal el Fauqa
Khirbat Deir `Asal et Tahta
Khirbat Deir en Nil
Khirbat Deir er Razih
Khirbat Dhahr al `Abd
Khirbat Dhahr el `Abd
Khirbat Duma ad Deir
Khirbat Duma
Khirbat ed Deir
Khirbat edh Dhahr
Khirbat el `Akkaba
Khirbat el `Alawina
Khirbat el Aqrabaniya
Khirbat el Ashgar
Khirbat el `Auja el Tahta
Khirbat el Bizra
Khirbat el Burj
Khirbat el Ghadbana
Khirbat el Hafna
Khirbat el Hajra
Khirbat el Hamma
Khirbat el Harazan
Khirbat el Hubeila
Khirbat el Jarushiya
Khirbat el Karma
Khirbat el Kaum
Khirbat el Mafjir
Khirbat el Majd
Khirbat el Ma`sara
Khirbat el Mirsas
Khirbat el Misbah
Khirbat el Munqati`a
Khirbat el Murassas
Khirbat el Mushrif
Khirbat el Mutilla
Khirbat el Rabud
Khirbat en Najjar
Khirbat en Nasara
Khirbat en Nazla
Khirbat er Raush el Fauqa
Khirbat er Rush et Tahta
Khirbat esh Shama
Khirbat esh Sheikh Sa`ad
Khirbat es Sakut
Khirbat es Sikka
Khirbat et Tarrama
Khirbat et Tira
Khirbat et Tuwaiyil
Khirbat ez Za`rura
Khirbat Firasin
Khirbat Hafnah
Khirbat Hafna
Khirbat Hubaylah
Khirbat Hubeila
Khirbat Jamrin
Khirbat Jarushiya
Khirbat Jubb ar Rum
Khirbat Jubb er Rum
Khirbat Kafa
Khirbat Kafr Bayta
Khirbat Kafr Beita
Khirbat Karazah
Khirbat Karaza
Khirbat Karmah
Khirbat Karma
Khirbat Karzah
Khirbat Karza
Khirbat Kashdah
Khirbat Kashda
Khirbat Khureisa
Khirbat Khursaysah
Khirbat Khurseisa
Khirbat Kufin
Khirbat Kufr Baytah
Khirbat Kufr Beita
Khirbat Magharat ad Dab`ah
Khirbat Magharat ed Dab`a
Khirbat Marah Rabbah
Khirbat Mudayminah
Khirbat Mudeimina
Khirbat Muqaysimah
Khirbat Muqeisima
Khirbat Muraysh
Khirbat Mureish
Khirbat Musharraf
Khirbat Mustafa Abu Jabir
Khirbat Qalqas
Khirbat Qays
Khirbat Qeis
Khirbat Qilqis
Khirbat Rabud
Khirbat Ra'fat
Khirbat Raq`ah
Khirbat Raq`a
Khirbat Ra's `Atiyah
Khirbat Ras `Atiya
Khirbat Ra's at Tirah
Khirbat Ras at Tira
Khirbat Ra's Tirah
Khirbat Ras Tira
Khirbat Ruq`ah
Khirbat Safah
Khirbat Safa
Khirbat Salhab
Khirbat Sarah
Khirbat Sara
Khirbat Saydah
Khirbat Sikkah
Khirbat Sikka
Khirbat Sir
Khirbat Tabaliya
Khirbat Tabliyah
Khirbat Tarrama
Khirbat Tura ash Sharqiya
Khirbat Tura el Gharbiya
Khirbat Tura
Khirbat Um `Allas
Khirbat Um er Rihan
Khirbat Um et Tala`
Khirbat Umm `Allas
Khirbat Umm ar Rayhan
Khirbat Umm ar Rihan
Khirbat Umm ash Shaghut
Khirbat Umm ash Shughut
Khirbat Umm at Tala`
Khirbat Umm at Tal`
Khirbat Umm Dayminah
Khirbat Umm Natshah
Khirbat Umm Salamunah
Khirbat Umm Salamuna
Khirbat Umm Tuba
Khirbat Um Natsha
Khirbat Um Salamuna
Khirbat Wad ad Dabi`
Khirbat Wadi ad Dab`
Khirbat Wadi ed Dab`
Khirbat Zahr al `Abd
Khirbat Za`kukah
Khirbat Za`kuka
Khirbat Zayta
Khirbat Zeita
Khirbat Zibad
Khirbet Abu Falah
Khirbet at Taiyiba
Khirbet Kashda
Khirbet Koufin
Khirbet Quza
Kibbia
Kibbutz Kallia
Kiblie
Kibliyeh
Kiel Harith
Kifar `Asyun
Kifl Harith
Kireh
Kiryat Arba
Kokhav HaShahar
Kokhav Ya`aqov
Kubalan
Kubatie
Kubatiya
Kufayrat
Kufayr
Kufeirat
Kufeirit
Kufeir
Kuffin
Kufr Qaddum
Kufr Ra`i
Kulundia
Kuriyut
Kur
Kusin
Kusrah
Kuzah
Kuza
Lido Yehuda
Likia
Lubban ash Sharqiyah
Lubban esh Sharqiya
Lubban
Lubban Rantis
Lubban Sharqiya
Ma`ale Adumin
Ma`ale Adummim
Ma`ale `Amos
Ma`ale Efrayim
Maale Ephraim
Ma`ale Ha`adumim
Ma`ale Hever
Ma`ale Levona
Ma`ale Mikhmas
Ma`ale Shomeron
Ma`alot Dafna
Madama
Majdal Bani Fadil
Majdal Bani Fadl
Makhfar Kaliyah
Makkabbim
Makkabim
Mamilla
Manoah
Ma`on
Mardah
Marda
Marj Na`jah
Marj Na`ja
Mashah
Mas-ha
Mashra` Abu Gharbah
Mashra` Abu Gharba
Maskiyyot
Massau
Massu'a
Matkhan Tappuah
Mattityahu
Mattiyahu
Maysalun
Maythalun
Mazari` an Nubani
Mazari` en Nubani
Mazor Atiqa
Mazra`a al Qibliya
Mazra`a ash Sharqiya
Mazra`a Bani Murra
Mazra`at Bani Harith
Mehola
Mehula
Meithalun
Mekhora
Menora
Mevo-Chilo
Mevo Dotan
Mevo Horan
Mevo Horon
Mevo Shillo
Mezad B
Mezad
Midyah
Midya
Migdalim
Migdallim
Migdal Oz
Mikhmas
Mirkah
Mirka
Mishor Adummim
Misilyah
Misilya
Misliyah
Misliya
Mitspe-Chalem
Mitzpe-Shalom
Mizpe `Azmona
Mizpe Deragot
Mizpe Rahel
Mizpe Shalem
Mizpe Yeriho
Modi'in
Morag
Mughaiyir
Mukhmas
Mul Nevo
Na`ale
Na`ama
Nabi Salih
Nabi Samwil
Nablus
Nabulus
Nabulus Yeshiva
Nafi Ya`qub
Nahal Argaman
Nahal Argeman
Nahal Elisha`
Nahal Geva`ot
Nahal Ginnat
Nahal Hemdat
Nahali'el
Nahal `Irit
Nahal Kallia
Nahal Kalya
Nahal-Katif
Nahal Kochav Hashahar
Nahal Mehula
Nahal Mekhora
Nahal Mevo Shilo
Nahal Modi`im
Nahal Morag
Nahal Negohot
Nahal Netsarim
Nahal Qatif
Nahal Reyhan
Nahal Rimonim
Nahal Ro`i
Nahal Tekea
Nahal Teqoa`
Nahal Yaqin
Nahal Zor`ef
Nahal Zori
Nahhalin
Nahl Mivsam
Napouse
Naqura
Nazlah
Nazla
Nazlat Abu Nar
Nazlat `Isa
Neapolis
Negohot
Netafim
Netiv HaGedud
Netzarim
Newe Daniyyel
Newe Deqalim
Newe Oranim
Newe Ya`aqov
Nezar Hazani
Nezarim
Nezer Hazzani
Nifi Ya`qub
Nili
Ni`lin
Niran
Niriyya
Nisanit
Nisf Jubayl
Nisf Jubeil
Nofim
No`omi
Noqedim
Nu`aymah
Nuba
Nu'eima
Nur ash Shams
Nur esh Shems
Nur es Shams
Nusayrat
Nuseira
Nuseirat
Nuzle
Odala
'Ofarim
Ofra
`Ofra
'Omarim
Ophrah
Oranit
Osarin
`Otni'el
Patzael
Paza'el
Pe'at Sade
Pedu'el
Pe'erim
Pelas
Pentakomia
Pesagot
Peza'el
Pisgat Amir
Pisgat Ze'ev
Pundaqa
Pundaq
Qabalan
Qabatiyah
Qabatiya
Qabatye
Qaddim
Qaddum
Qadum
Qaffin
Qalandiyah
Qalandiya
Qalandye
Qalkilya
Qalqiliya
Qalqilyah
Qalqilye
Qalya
Qarawat Bani Hasan
Qarawat Bani Zayd
Qarawat Bani Zeid
Qarne Shomeron
Qaryat Hajjah
Qaryat Hajja
Qaryat Jit
Qaryut
Qasr `Anab al Kabirah
Qasr `Anab al Kabir
Qasr `Anab el Kabira
Qasr Hisham el Amawi
Qasr `Inab al Kabir
Qatana
Qatannah
Qatanna
Qatanne
Qatif
Qedar
Qedumim `Illit
Qedumim
Qedumim Zefon
Qibyah
Qibya
Qibye
Qidma
Qirah
Qira
Qire
Qiryat Arba`
Qiryatayim Anim
Qiryat Sefer
Quarawat Bani Zeid
Qubeiba
Quffin
Qusein
Qusin
Qusrah
Qusra
Quzah
Quza
Raay
Raba
Rachelim
Rafaa
Rafah
Rafah Yam
Rafa
Rafat
Rafiah
Rafiah Yam
Rafidiyah
Rafidiya
Rafidya
Rahm Alla
Ramallah
Ram Allah
Rama
Ramat Eshkol
Ramin
Rammun
Ramot Allon
Ramot Eshkol
Ramot Modi`in
Ram
Rantis
Raphia
Ra's Karkar
Rehan
Rekhes Shu`afat
Revava
Rifah
Rihiya
Rimmonim
Rimmon
Ro`i
Rosh Tzurim
Rosh Zurim
Rotem
Rujayb
Rujeib
Rummanah
Rummana
Sabastiyah
Sabastiya
Sabatiyah
Saffarin
Saffa
Saint Gilles
Sa`ir
Saknat az Zarqa'
Salem
Salfit
Salhab
Salim
Sal`it
Samiriyyah
Sanirah
Sanireh
Sanniriyah
Sanniriya
Sannirya
Sa Nur
Sanur
Sarrah
Sarra
Sartah
Sarta
Sayda
Saylat ad Dahr
Schechem
Sebaste
Sebastia
Sebastiya
Sebastye
Sebustie
Sebustiye
Seida
Sevaste
Sha`are Tiqwa
Shabtin
Shadmot Mehola
Shaqed
Sharafat
Shave Shomeron
Shawfah
Shaykh Jarrah
Shechem
Sheikh Falih
Sheikh Jarah
Sheikh Jarrah
Shekhem
Shilat
Shima
Shomron
Shu`afat
Shufah
Shufa
Shu`fat
Shuqbah
Shuqba
Shuwaykah
Shuweika
Shuyukh
Si`ir
Silat adh Dhahr
Silat al Harithiyah
Silat al Harithiya
Silat az Zahr
Silat edh Dhahr
Silat el Harithiya
Silet edh Dhahr
Siloam
Silwad
Silwan
Sindjil
Sinjil
Siris
Sir
Sur Bahir
Sur Bahit
Surdah
Surda
Surif
Suseya
Susya
Sychem
Sykhem
Ta`anakh
Taffuh
Taiyiba
Taiyibi
Talfit
Tall
Talluzah
Talluza
Talmon B
Talmon C
Talmon
Tammun
Tannuk
Tarqumiyah
Tarqumiya
Tarqumye
Tayasir
Telem
Tel Hayim
Tell
Temple Area
Terkumie
The Noble Sanctuary
Tifit
Ti`innik
Tilfit
Til
Tira
Tomer
Tubas
Tulkarm
Tul Kerem
Tura el Gharbiya
Tura esh Shargiya
Turah al Gharbiyah
Turah ash Sharqiyah
Turmas `Aya
Turmus `Aiya
Turmus `Ayyah
Turmus `Ayya
Turqumiya
Tur
Udalah
`Udala
Um es Safa
Um es Saf
Um et Tin
Um et Tut
Umm at Tin
Umm at Tut
Umm et Tut
Umm Safa'
Umm Tuba
Upper Beth-horon
`Urif
Usarin
Vered Yeriho
Wadi Fukin
Wered Yeriho
Ya`arit
Ya`bad
Yabrud
Ya`bud
Yafit
Yalu
Yamun
Yanun
Yaqin
Yaqqir
Yasid
Yasuf
Yatir
Yatma
Yattah
Yatta
Yattir
Yefe Nof
Yeriho
Yirihu
Yitav
Yizhar
Yo'ezer
Yunas
Yunus
Yuta
Zababida
Zahrat Zayn ad Din
Zamarot
Za`tarah
Za `Tara
Zawata
Zawiyah
Zawiya
Zayta
Zeita
Zibdah
Zibda
Zofim
Zohar
Zoref B
Zoref
Zori
Zububah
Zububa
Zufin
