Aakip
Achelap
Acholl
Adkip
Admodhorom
Aebukuru
Agol
A Gol
Agoru
Aibukit
Aiebukl
Aiekasaol
Aiekasol
a Imelogel
Aimeong
A Imeungs
A Imig
Aimion
Aimuul
Aiokako-suido
a Ipelau
A Irai
Airai
Airrai
Aiungel
Aiyon
Aiyunguru
Akalak
Akalokul
Akalokul Point
Akarappu
Akarokoro Kaku
Akarokoro Point
Akoru
Akrappu
Akuro
Alakasoho
Almaska
Almonogui
Amarakarakkuru
a Meungs
Amiyonsu
Amodhorom
Amolon
Amoron
Amurmomur Head
Amuromur Head
Angkaklau
Angkaluau
Arabaketsu
Aracalong
Aragamae
Aragamaye
Aragol
Arakabesan
Arakasoaol
Arakaso
Aramarakarakkuru
Aramarakarakuru
Archongelungel
Ardelollec
Ardololok
Arekamae
Argutel
Arkamais
Armid
Artingall
Arubaketsu
Arubodoru
Arumasaka
Arumizu
Arumonogui
Arumuzu
Asias
Assias
Atekasabru
Atekasaoru
Athermal
Athernal
Atkiíp
A Ulimang
Ayebukuru
Babelthuap Village
Bloody Nose Ridge
Btangech Iterchobel
Btululachang ra Rrai
Charkamais
Chechol
Chelab
Chelechui
Chiyou
Chol
Chrkamais
Coaengal
Dabador
Dabadoru
Delebog
Delutaog
Dilong
Dimes
Dobadaru
Doko
Doro Island
Ebaduls Pier
Echang
Echol
Eeyahoru
Eeyakoru
Eholl
Eimelik
Elauesachel
Elecbue
Elechui
Emeleol
Emieangl
Engkasar
Enkasar
Enkassar
Ertong
Euakor
Gabadekk
Gabatouru
Gabayanga
Gabokkudo
Gabulko
Gadkip
Gaiakasan
Gakip
Gakkibu
Galadolman
Galamadei
Galapao
Galap
Galauekkel
Galaus
Galbuko
Galeds
Galegui
Galekui
Galumuleaka
Galuokkur
Gamesed
Gamliangel
Gamusetsu
Garadai
Garakasan
Garashiyoo
Garasho
Garasuun
Garekoru
Garekory
Garikiai
Garudoriruko
Garudoruko
Garukiyokku
Garukyoku
Garumureaka
Garuokkuru
Garurudo
Garuruon
Garusaru
Garusuun
Gasakan
Gaskan
Gasupan
Gatkip
Gatomel
Gatsumeru
Gaysan
Gegol
Geklau
Geleg
Gelgug
Gelgung
Geysan
Goikul
Goleguy
Golei
Golekl
Gol
Goreor
Goror
Halahol Point
Hells Pocket
Idid
Iebukel
Ikelau
Ilebei
Imeiong
Imelechol
Imeleol
Imeong
Imul
Irrai
Itkib
Iungel
Iyebukel
Jimusho
Kaemesang
Kakalau
Kakurao
Kamaltan
Kamesang
Kameset
Kamiyangaru
Kamiyangaur
Kamsetts
Kamusetsu
Karaeru
Karasho
Karikari
Karikiai
Kaslau
Kayungur
Keklau
Kekurao
Kesauaol
Kloulklubed
Koiguru
Kolekl
Komliangl
Konlei
Konrei
Koreor
Koror City
Koror
Koror town
Kororu
Koror village
Koygul
Lademisang
Ladmisang
Madalai
Madarabae
Madarabaye
Madarai
Madaria
Magachin
Malligoyoke
Mangalang
Mangal'lakl
Mangal'lang
Maralai
Marukiyoku
Matalai
Mechang
Mechebechubl
Medalaii
Medorm
Medorom
Mehebehubl
Meiungs
Meker
Meketii
Melekeiok
Melekejok
Melekeok
Melekiok
Melekyok
Meligeok
Mengellang
Meungs
Meyungs
Mgadernal
Minatohang
Molegojok
Molegoyok
Mudorom
Mudurom
Mukeru
Nagarekeai
Namako Island
Nasiás
Nerubodoru
Neustadt
Ngabeanged
Ngabuked
Ngaburok
Ngadernal
Ngaldolok
Ngalkiok
Ngalkol
Ngapedeg
Ngarabau
Ngaradermang
Ngaragebukl
Ngarakassoul
Ngarakeai
Ngarakesou
Ngaraklingong
Ngarakosou
Ngaramasch
Ngaramash
Ngaratameng
Ngarbagedesau
Ngarbaged
Ngarbaged-rengul
Ngarbau
Ngarbeched
Ngarchemai
Ngarderer
Ngardololok
Ngaregamai
Ngaregol
Ngarekai
Ngarekamais
Ngarekeai
Ngarekesauaol
Ngarekeukl
Ngarekeul Island
Ngarekeul
Ngaremetengel
Ngarevikl
Ngargersiul
Ngargeso
Ngargesouaul
Ngargeukl
Ngargol
Ngarmid
Ngarsul
Ngarsung
Ngasachang
Ngasias
Ngatbong
Ngatkip
Ngatmel
Ngatpang
Ngchemesed
Ngchemiangel
Ngchesar
Ngchesechang
Ngebeanged
Ngebei
Ngebuked
Ngeburch
Ngebureg
Ngedbang
Ngeiungel
Ngemerdang
Ngerbau
Ngerbeched
Ngerbodel
Ngercheluuk
Ngerchemai
Ngerchol
Ngerdelolk
Ngerderemang
Ngerechemai
Ngerechol
Ngerekebesang
Ngerekemais
Ngereklmadel
Ngeremasech
Ngeremeleg
Ngeremlengui
Ngergeai
Ngerkeai
Ngerkeseuaol
Ngerkesewaol
Ngerkeukl
Ngerkeyai
Ngerklingong
Ngerkyukl
Ngermechau
Ngermelech
Ngermetengel
Ngermid
Ngerngesang
Ngersuul
Ngersuwl
Ngerubesang
Ngeruiki
Ngeruikl
Ngeruluobel
Ngerupesang
Ngerusar
Ngerutoi
Ngeruwikl
Ngesar
Ngesias
Ngesyas
Ngetbong
Ngetgip
Ngetkib
Ngetkip
Ngetpang
Ngeungel
Nggamased
Nggasagang
Nggesar
Nghemesed
Nghesehang
Nghmesed
Ngiwal
Ngkebeduul
Ngkekau
Ngkeklau
Ngorsul
Ngorsum
Ngriel
Ngriil
Ngril
Ngtkíp
Ngurusar
Ngurutoi
Obiil
Ogiil
Ogiwal
Ogiwaru
Oigul
Oikull
Olei
Olkang
Ollei
Ololian
Ongeuidel
Ononguru
Orocall
Ororian
Orukei
Oyonguru
Pkulrengereiong Point
Pkulrengerelong
Ralap
Rallap
Renrak
Rollekl
Roll
Rrai
Saipan
Saipan Town
Saipon
Sipon
T-Dock
Tngeronger
Ukurakusetsu
Ukurakusetts
Ulimang
Uliman
Ulubosan
Uluboson
Ulutei
Urdmang
Urdmau
Yalap
Yubinkyoku
