24 De Julio
28 Km Paranambu
Abaí
Abá-Ñe-é
Abay
Acahaí
Acahay
Acá Verá
Achaval
Administración Lunardelli
Agriex
Agua Dulce
Aguaity
Aguará Charte
Aguara-i
Aguaray
Aguay
Agüerito
Agüero
Aguilera
Aguirre
Aguirre
Ajos
Alberdi
Alberto
Alborada
Alborada Dos
Alborada Uno
Aldea Loma Plata
Alianza
Altos
Alto Verá
Aluralde
Alurralde
Alvar Núñez Cabeza de Vaca
Amambay
Amarillo
Amarillo Pericote
Anahi
Andres Aquirye
Angelito
Angelito
Angostura
Anguá
Antequera
Apipé
Apya
Arce Rojas
Areco
Arecutacuá
Arecutacué
Areguá
Arquitecto Tomás Romero Pereira
Arrocera Softo
Arroyito
Arroyito
Arroyo Costa
Arroyo Horco
Arroyos y Esteros
Asseradero
Assetadero
Asunción
Atajado
Atyrá
Audivert
Aurora
Ayolas
Bahía Negra
Ballivián
Banco San Miguel
Bandera Blanca
Barranquerita
Barrero Grande
Barrero Pyta
Barrio Asunción
Barrio Caacupé Mí
Barrio del Carmen
Barrio Itá-cuá
Barrio San Blas
Barrio San Isidro
Barrio San Miguel
Barrio Santa Maria
Batallón Ingeniería No. 4 Aquidabán
Batallón Ingeniería Número Cuatro Aquidabán
Batallón Ingeniero Número Cinco P.J. Caballero
Batallón Ingeniero Número Cuatro Aquidabán
Batallón Número Uno Palmar de las Islas
Beatriz
Becalde-cué
Bedoya-cue
Belén
Belén Tuyá
Bella Vista
Bella Vista
Bella Vista
Bella Vista de Alto Paraná
Benjamín Aceval
Bertoni
Blanco Nu
Blas Garay
Bobí
Bobi-Cangó
Boquerón
Boquerón
Boquerón
Borja
Buena Vista
Buena Vista
Buena Vista
Caacupé
Caacupé
Caaguazú
Caaguazú
Caaguy cupé
Caagüy Porá
Caaguy-rupé
Caapucú
Caarendy
Caarendy Guazú
Caa Rogue
Caá Yovai
Caazapá
Caballern
Caballero
Caballo Muerto
Cabeza de Tigre
Cabo Juan
Cabral-cué
Cacha Labrada
Cachi Puente
Cacique Bueno
Cacique Ramón
Cafetal Cerro Cuatia
Cafetal San Antonio
Calia
Calixto Benítez
Camacho
Camalote
Cambyretá
Campamento Aña-retá
Campamento Cabichu-í
Campamento
Campamento Final
Campamento Mercedita
Campamento Michin
Campamento Quince de Agosto
Campamento Rivarola
Campamento Santa Mercedita
Campamento V. Rivarola
Campichuelo
Campo Aceval
Campo Alegre
Campo Alegre
Campo Ana-reta
Campo Azul
Campo Cerro Sarambí
Campo Cuarentiocho
Campo Duarte-cué
Campo Esperanza
Campo Lata
Campo Lobo-cué
Campo Michin
Campo Punta Diamante
Campo San Luis
Campos
Caña Blanca
Cañada Blanca
Cañada Calais
Cañada Catorce de Mayo
Cañada la Paz
Cañada Oruro
Cañada Strongest
Cañada Tarua
Caña de Castilla
Canandero
Cañaverales
Cancha Labrada
Cancha Pinilla
Candida Aohucarro
Cañete
Cañete-cué
Cango
Caniza-cué
Capiatá
Capibindi
Capiíbary
Capiipobó
Capiitindi
Capiitindy
Capilla San Rafael
Capilla Tuyá
Capista
Capitán Bado
Capitán Castro
Capitán Meza
Capitán Miranda
Capitán Pablo Lagerenza
Capitán Peralta
Capitán Sosa
Capitán Vicente A. Matiauda
Caracol
Caracoles
Caraguatá
Caraguatay
Carapá
Carapeguá
Carayaó
Carayá Vuelta
Caray-cué
Cargué
Carlos Antonio López
Carlos Pfanel
Carmen
Carmencita
Carmen del Paraná
Carmen Inés
Carolina
Carpincho Cuá
Carreria
Caruperá
Casado
Cascabel
Cascahal
Castillo
Castillo Cué
Catan
Catorce de Mayo
Cebolla
Cecilio Báez
Cecina
Celada Cué
Celia
Celina
Centinela
Cerrito Caaguazú
Cerrito
Cerrito
Cerrito
Cerrito Jara
Cerro Corá
Cerro Corá
Cerro Cora-i
Cerro León
Cerro Sarambi
Cerro Tarin
Cerro Torín
Chaco-i
Charagua
Charará
Charara
Charara
Charata
China Blanca
China Muerta
Chingüelo
Chivilar
Chore
Ciervo Blanco
Ciudad del Este
Ciudad Presidente Stroessner
Cleto Romero
Cobija
Cocueré
Codo Kononi
Collar Ahorcada
Collar Ahorcado
Colón
Colonia 21 de Julio
Colonia Acaray
Colonia Aca-Yuasa
Colonia Aceval
Colonia Acuña de Figueroa
Colonia Acuña Figueroa
Colonia A. Dacak
Colonia Adriano Iralá
Colonia A. Goiburú
Colonia Agustin Molas
Colonia Agustín R. Pinedo
Colonia Alberdi
Colonia Alborada
Colonia Alejo García
Colonia Alfonso Tranquera
Colonia Altura
Colonia Alvar Núñez Cabeza de Vaca
Colonia Antequera
Colonia Aparypa
Colonia Ape-Aime
Colonia Arroyita Ex-combatientes
Colonia Austria-í
Colonia Bella Vista
Colonia Benjamín Aceval
Colonia Bergtal
Colonia Bergthal
Colonia Blas A. Garay
Colonia Blas Garay
Colonia Blumengart
Colonia Bogado-cué
Colonia Boquerón
Colonia Caárendy
Colonia Cadete Pastor Pando
Colonia Caninobyú
Colonia Capitán F. Leguizamón
Colonia Capitán Miranda
Colonia Capitán V. Brizuela
Colonia Carlos A. López
Colonia Carlos Peanell
Colonia Carlos Pfanell
Colonia Carmelo Peralta
Colonia Casualidad
Colonia Catorce de Mayo
Colonia Catuete
Colonia Cerro Memby
Colonia Chaontal
Colonia Cleto Romero
Colonia Comondante Pedro Caballero
Colonia Cosme
Colonia Costa Jhoby
Colonia Costa Jhovy
Colonia Cumandá Kay
Colonia Curupayty
Colonia Defensores del Chaco
Colonia de Mompox
Colonia Doctor Bottrel
Colonia Doctor Domingo Montanaro
Colonia Doctor Pastor Obligado
Colonia Dr. A. Yrala
Colonia Eligio Ayala
Colonia Eliza
Colonia Escalada
Colonia Estrella
Colonia Ex Combatiente
Colonia Ex Combatiente
Colonia Ex Enfermera del Chaco
Colonia Falcón
Colonia Felicidad
Colonia Felix Azara
Colonia Félix de Azara
Colonia Ferheim
Colonia Fernando de la Mora
Colonia Fernando de Trejo y Sanabria
Colonia Fernheim
Colonia Filadelfia
Colonia Fram
Colonia Fran
Colonia Friesland
Colonia F. R. Moreno
Colonia Gaboto
Colonia Genaro Romero
Colonia General Acuino
Colonia General Alfredo Stroessner
Colonia General Bernardino Caballero
Colonia General Bernardino Caballero
Colonia General Bruguez
Colonia General de División A. Fretes Dávalos
Colonia General de División A. Fretes Dávalos
Colonia General Delgado
Colonia General Díaz
Colonia General Díaz
Colonia General Morínigo
Colonia General P. Colmán
Colonia General Roa
Colonia Goiburú
Colonia Guzman
Colonia Hector L Vega
Colonia Hector L. Vera
Colonia Hernandarias
Colonia Herrera Vega
Colonia Herrera Vegas
Colonia Hohenau
Colonia Hondo
Colonia Independencia
Colonia J. Cancio Flecha
Colonia J.E. Estigarribia
Colonia J.L. Mallorquín
Colonia Joan M. Frutos
Colonia Jorje L. Moreira
Colonia José Beger
Colonia José Berges
Colonia Jose Palcón
Colonia Juan Sinforiano Bogarin
Colonia La Colmena
Colonia la Pastora
Colonia la Pastora
Colonia Laura
Colonia Liberación
Colonia Limoy
Colonia Lomas Valentinas
Colonia Maka
Colonia M.A. Molas
Colonia Manitoba
Colonia Maria Auxiliadora
Colonia Maria Auxiliadora
Colonia Mariano Roque Alonso
Colonia Mariscal López
Colonia Martínez de Irala
Colonia Mauricio José Troche
Colonia Mauricio J. Troche
Colonia Mayor Hermosa
Colonia Mayor Nicolás Arguello
Colonia Mayor Otaño
Colonia Mbareté
Colonia Mburicá Potrero
Colonia Mburucuya
Colonia Mburupy
Colonia M. Domínguez
Colonia Medianera
Colonia Memnonista
Colonia Menno
Colonia Mennonita Canadiense
Colonia Mennonita
Colonia Mennonitas
Colonia Menonitas
Colonia Mesquita
Colonia M. Gondra
Colonia Minga Porá
Colonia Miranda
Colonia Moises Bertoni
Colonia Mompox
Colonia Mons Bogarin
Colonia Montanaro
Colonia Moses Bertoni
Colonia Ñande Mbaepá
Colonia Natalicio Talavera
Colonia Neuland
Colonia Nueva Australia
Colonia Nueva Colombia
Colonia Nueva Germania
Colonia Nueva Independencia
Colonia Nueva Italia
Colonia Número Dos General Alfredo Stroessner
Colonia Oliva
Colonia Osterwich
Colonia Padre Guido Coronel
Colonia Pancho Garmendia
Colonia Paratodo
Colonia Pedro M. de Portugal
Colonia Peguajhó
Colonia PFannl
Colonia Pirareta
Colonia Pira Rita
Colonia Piray
Colonia Presbítero A. Molas
Colonia Presbítero Fidel Maíz
Colonia Presidente Franco
Colonia Presidente Stroessner
Colonia Primero de Marzo
Colonia Puente Canií
Colonia Puente Franco
Colonia R. Díaz de Guzmán
Colonia Reconstrucción
Colonia Reinland
Colonia Repatriación
Colonia R.G. de Santa Cruz
Colonia Riachuelo
Colonia Río Verde
Colonia Risso
Colonia Roberto L. Petit
Colonia Roque Alonso
Colonia R. Scagnoli
Colonia R. Scagnoti
Colonia Rubio Ñu
Colonia Rusa
Colonia Salto
Colonia San Alfredo
Colonia San Alfredo
Colonia San Alfredo
Colonia San Antonio
Colonia San Blas
Colonia San Francisco
Colonia San Ignacio de Loyola
Colonia San Isidro
Colonia San José
Colonia San José Obrero
Colonia San Juan
Colonia San Lazaro
Colonia San Marcos
Colonia San Pedro
Colonia San Roque
Colonia Santa Catalina
Colonia Santa Gaboto
Colonia Santa Isabel
Colonia Santa Isabel
Colonia Santa Maria
Colonia Santo Domingo
Colonia Sargento Duré
Colonia Sargento José E. Lopéz
Colonia Schoental
Colonia Sebastián Gaboto
Colonia Serafini
Colonia S. Escobar
Colonia Sierra León
Colonia Siete de Agosto
Colonia Siete Montes
Colonia Somerfield
Colonia Sommerfeld
Colonia Stica
Colonia Stroessner
Colonia Sudetia
Colonia Tacuara
Colonia Tacuarí
Colonia Tacuruty
Colonia Tañarandy
Colonia Tavapy II
Colonia Tendal
Colonia Teniente A. Dakak
Colonia Teniente A. Dakan
Colonia Teniente Alfonso Rojas
Colonia Teniente Farina
Colonia Teniente Rojas
Colonia Teniente Tristán A. Zalazar
Colonia Teniente Tristan
Colonia Thompson
Colonia Thomson
Colonia Tres Palos
Colonia Trinacria
Colonia Tuyu Cué
Colonia Valois Rivarola
Colonia Veinticinco de Diciembre
Colonia Veinticinco de Noviembre
Colonia Veintiuno de Julio
Colonia Virgen de Fátima
Colonia Volendam
Colonia Walter Insfran
Colonia Yacubó
Colonia Yacy Corá
Colonia Yapepó Isla
Colonia Ybycuí
Colonia Yby Pé
Colonia Ybypyté
Colonia Yby Yu
Colonia Yguazú
Colonia Yoaijhú
Comis
Compañía Cañada
Compañia Curuñai
Compañía Curuzu Nú
Compañía Gumersindo Sosa
Compañía Laguna
Compañía Potrero Romero
Compañía Resquín Cué
Compañía Salinas Cué
Compañía San Antonio
Compañía San Jose
Compañía Yhuguá Guazú
Compañía Ytú
Compañía Zanja Cué
Comparada
Comunidad
Concepción
Concordia
Cooperativa Lagerenza
Cooper
Corá Cué
Coratei
Coronel Bogado
Coronel Eugenio A. Garay
Coronel Jose F. Bogado
Coronel Martínez
Coronel Martínez
Coronel Oviedo
Cororo
Corpus Christi
Corpus Cristi Viejo
Corral
Corral de los Paraguayos
Corralito
Corralón
Correa
Cosme
Costa Barrio
Costa
Costa Mercado
Costa Peña
Costa Pucú
Costa Rosado
Creyo-cué
Cristo Rey
Cruce Dolores
Cruce Margarita
Cuatro de Julio
Cuatro Mojones
Curuguaty
Curumbatay
Curuñai
Curupaity
Curupayty
Curupayty
Curupayty
Curupayty
Curupayty
Curuzúabá
Curuzú
Delegación de Gobierno
Delfin
Delicia
Delicias
Deolinda
Desmochado
Desmochados
Destacamento General P. Colman
Destacamento Militar Número Dos Parque Cué
Diarte
Diez Caballos
Doctor Botrell
Doctor Cecilio Báez
Doctor J. León Mallorquín
Doctor Juan León Mallorquín
Doctor Juan Manuel Frutos
Doctor Juan M. Frutos
Doctor Pedro P. Peña
Doctor Raúl Peña
Dolores
Domingo M. Irala
Dorado
Dos Hermanas
Dos Tuscas
Duarte
Edelira
El Atajado
El Cuervo
El Galpón
El Kastro
El Mojón
El Paraíso
El Pocito
El Quemado
El Rastro
El Trébol
Elvira
Emboscada
Emiliano
Encarnación
Enramadita
Entre Ríos
Escobar
Escobar
Esmeralda
Espectro
Esperanza
Esperanza
Espinilla
Espinillar
Espinillo
Espinillo
Esquina
Establecimento Ñanducuá
Establecimento Randacua
Establecimiento Aquino Puentecito
Establecimiento Cabañas
Establecimiento Ganadero Torocay
Establecimiento Kenneth
Establecimiento La Norma
Establecimiento Mil
Establecimiento Noguera
Establecimiento Ortiz
Establecimiento Primavera
Establecimiento Sanaóría
Establecimiento San José
Establecimiento San Luis
Establecimito Juan Benitez
Establicimiento Santa Irene
Estación Charara
Estación Isla Corazón
Estación José Fassardi
Estación San Salvador
Estancia Adelina
Estancia Agatapé
Estancia Agualinda
Estancia Aguaray-mí
Estancia Aguirre
Estancia Alambre Tuajhá
Estancia Albardón
Estancia Alborada
Estancia Alegría
Estancia Alfonso XIII
Estancia Algarrobo
Estancia Alina
Estancia Amalia
Estancia Ana Berta
Estancia Andrada
Estancia Anguá
Estancia Antonio Maki
Estancia Anuncia
Estancia Apsa
Estancia Aquino-cué
Estancia Aquino
Estancia Arámbulo
Estancia Ararapó
Estancia Ardeba
Estancia Armonia
Estancia Arroyo Blanco
Estancia Arroyo Primero
Estancia Aurora
Estancia Avarenga
Estancia Barbero
Estancia Barboza
Estancia Barrero
Estancia Barrero Grande
Estancia Barrios Canal
Estancia Becalde-cué
Estancia Bedoya-cué
Estancia Belén-cué
Estancia Belén
Estancia Belén
Estancia Bella Vista
Estancia Bella Vista
Estancia Berta
Estancia Betty
Estancia Blanca
Estancia Boca-í
Estancia Bonanza
Estancia Boquerón
Estancia Borja
Estancia Bottrell
Estancia Bretona
Estancia Brusqueti
Estancia Buena Suerte
Estancia Buena Vista
Estancia Buena Vista
Estancia Buena Vista
Estancia Caa Cara-í
Estancia Caá Corá
Estancia Caacupe
Estancia Caa Poí
Estancia Caapucú-mí
Estancia Caaty Cue
Estancia Caatygue
Estancia Caballero
Estancia Cabañas
Estancia Cabaraí
Estancia Cabeza de Tigre
Estancia Cabral Cué
Estancia Caceres Cué
Estancia Cagatá
Estancia Cali
Estancia Camalote
Estancia Campana
Estancia Campichuelo
Estancia Campo Aroma
Estancia Campo Azul
Estancia Campo I
Estancia Campo León
Estancia Campo Lima
Estancia Campo Loa
Estancia Campo Sastre
Estancia Caña de Castilla
Estancia Cañaverales
Estancia Cañete Cué
Estancia Capiípobó
Estancia Capitán Carmelo Peralta
Estancia Capurro
Estancia Caracol
Estancia Carai
Estancia Carambola
Estancia Carandayty
Estancia Cara ü
Estancia Carayá
Estancia Carayá Vuelta
Estancia Cardús
Estancia Caridad
Estancia Carmelita
Estancia Carmencita
Estancia Carumbé
Estancia Cascada
Estancia Casilda
Estancia Casualidad
Estancia Casualidad
Estancia Casuarina
Estancia Catorce de Mayo
Estancia Cazal Cué
Estancia Ceibo
Estancia Celia
Estancia Centurión
Estancia Cerrito Amakera
Estancia Cerrito
Estancia Cerrito
Estancia Cerrito
Estancia Cerrito Jara
Estancia Cerro Corá
Estancia Cerro Corá
Estancia Cerro Memby
Estancia Chamacoco
Estancia Chovoreca
Estancia Ciervo
Estancia Ciervo
Estancia Clarita
Estancia Coco Laguna
Estancia Coé Puajhú
Estancia Coeyú
Estancia Colón
Estancia Colo ó
Estancia Concepción
Estancia Copacar
Estancia Cora-í
Estancia Corazón
Estancia Corralito
Estancia Corralito
Estancia Corralón
Estancia Cuarenta
Estancia Cuatro Ciervo
Estancia Cuatro de Mayo
Estancia Cunataí
Estancia Curupayty
Estancia Curuzu
Estancia del Carmen
Estancia Delfín
Estancia Delia Clara
Estancia del Medio
Estancia del Socorro
Estancia Deolinda
Estancia Diana
Estancia Dojavina
Estancia Doldán
Estancia Don Felipe Feltes
Estancia Dos Banderas
Estancia Douglas
Estancia Duarte Cué
Estancia El Buen Amigo
Estancia El Dorado
Estancia Eleonora
Estancia El Pampero
Estancia El Pinar
Estancia Elvira
Estancia Eriana
Estancia Escobar
Estancia Esperanza
Estancia Esperanza
Estancia Espinillo
Estancia Esteche
Estancia Esther
Estancia Estrella
Estancia Estrellas
Estancia Felicidad
Estancia Felicita
Estancia Ferko
Estancia Fernando Silva
Estancia Florida
Estancia Florida
Estancia Fontana
Estancia Fortuna
Estancia F. Paredez
Estancia Gadea
Estancia Galileo
Estancia Gaona
Estancia Garay Cué
Estancia Gasory
Estancia Gauna Cué
Estancia Gauto-cué
Estancia Gavallo
Estancia Gavilán
Estancia General Díaz
Estancia General Díaz
Estancia Golondrina
Estancia Gómez
Estancia Gonzalez
Estancia Graciela
Estancia Gran Siete
Estancia Guajhó
Estancia Guanes
Estancia Guaviray
Estancia Guavjray
Estancia Guayacán
Estancia Guayaki
Estancia Guazu Pyta
Estancia Hermosa
Estancia Hernandarías
Estancia Herradura
Estancia Inmakata
Estancia Irala
Estancia Isla Alta
Estancia Isla Alta
Estancia Isla Corazón
Estancia Isla Saca
Estancia Isla Sola
Estancia Isla Sombrero
Estancia Isla Yovai
Estancia Itacarú
Estancia Ita-cuá
Estancia Ita-cué
Estancia Itacurubí
Estancia Ita Reta
Estancia Itati
Estancia Jara-cué
Estancia José Dolores Genes
Estancia Josefina
Estancia Kennedy
Estancia Kilómetro 115
Estancia La Abelenda
Estancia La Aguada
Estancia La Americana
Estancia La Angelica
Estancia La Bonita
Estancia La Chaquena
Estancia La Clementina
Estancia La Concepción
Estancia La Cuca
Estancia La Delicia
Estancia La Esmeralda
Estancia La Esperanza
Estancia La Esperanza
Estancia La Flecha
Estancia La Golondrina
Estancia Laguna Bella
Estancia Laguna Chancho
Estancia Laguna
Estancia Laguna León
Estancia Laguna Negra
Estancia Laguna Porá
Estancia Laguna Rey
Estancia Laguna Sola
Estancia Laguna Verde
Estancia Lagunita
Estancia La Lechiguana
Estancia La Madelón
Estancia La Mariposa
Estancia Lamber
Estancia La Mocha
Estancia La Nena
Estancia La Novia
Estancia La Patria
Estancia La Patricia
Estancia La Querencia
Estancia Las Casnarinas
Estancia La Selva
Estancia Las Isidoras
Estancia Las Mellizas
Estancia Las Mellizas
Estancia Las Palmas
Estancia Las Palmas
Estancia Las Palmas
Estancia Las Perlas
Estancia Las Rosas
Estancia La Susana
Estancia La Unión
Estancia Laurel
Estancia La Ventura
Estancia La Victoria
Estancia La Victoria
Estancia La Victoria
Estancia Lavista
Estancia Ledesma
Estancia Locatti
Estancia Loma
Estancia Loma
Estancia Loma
Estancia Loma Porá
Estancia Loma Pora
Estancia Loma Pytá
Estancia Lomas
Estancia Lomas
Estancia Loma Verde
Estancia Lomita
Estancia Lomita
Estancia López Cué
Estancia Lorena
Estancia Los Caminantes
Estancia Los Cedros
Estancia Los Gemelos
Estancia Los Hijos
Estancia Los Lapachos
Estancia Los Laureles
Estancia Los Milagros
Estancia Los Sauces
Estancia Los Tamarindos
Estancia Lucipar
Estancia Lugo Cué
Estancia Luis
Estancia Machuca-cué
Estancia Magallanes
Estancia Malberti
Estancia Maldonado
Estancia Maldonado
Estancia Mamo Reí
Estancia Mancuello
Estancia Margarita
Estancia María Auxiliadora
Estancia Maria Ester
Estancia María Luisa
Estancia Maria Stella
Estancia María Vicenta
Estancia Mari Christie
Estancia Marín-Cuú
Estancia Marlene
Estancia Maroma
Estancia Marona
Estancia Marta Ester
Estancia Marta Lidia
Estancia Martinez
Estancia Mary
Estancia Mbigua
Estancia Mbutu Reta
Estancia Medina-cué
Estancia Medina
Estancia Millón
Estancia Mistroll Marcado
Estancia Molina Cué
Estancia Montelindo
Estancia Montiel
Estancia Morales
Estancia Moreno
Estancia Nanawa
Estancia Ñandú
Estancia Nandypay
Estancia Napegue
Estancia Naranjito
Estancia Navidad
Estancia Nelly Victoria
Estancia Ninfa
Estancia Notice
Estancia Nú Apu-á
Estancia Nueva Alegría
Estancia Nueva Esperanza
Estancia Nuñez
Estancia Núñez
Estancia Nú Porá
Estancia Nú Porá
Estancia Nú Puajhú
Estancia Obraje
Estancia Ocampo-cué
Estancia Once de Junio
Estancia Orihuela
Estancia Pablo Rene Mora
Estancia Palermo
Estancia Palmares
Estancia Palma Sola
Estancia Palo Blanco
Estancia Palo Santo
Estancia Pampero
Estancia Paraíso
Estancia Paredes
Estancia Paredez
Estancia Parirí
Estancia Pastora
Estancia Patria
Estancia Pedernal
Estancia Pilaga
Estancia Pilagas
Estancia Pindoty
Estancia Pindura-cué
Estancia Pindura
Estancia Pirity
Estancia Pirizal
Estancia Piroy
Estancia Pocito
Estancia Polvorín
Estancia Ponderosa
Estancia Porfiria
Estancia Porongo
Estancia Porvenir
Estancia Potrero
Estancia Potrillo
Estancia Pozo Amarillo
Estancia Pozo Azul
Estancia Pozo Azul
Estancia Pozo Blanco
Estancia Pozo Brillante
Estancia Pozo Colorado
Estancia Pozo Indio
Estancia Pozo León
Estancia Pozo Milico
Estancia Pozo Negro
Estancia Pozo Verde
Estancia Prado Verde
Estancia Primavera
Estancia Primavera
Estancia Primavera
Estancia Primavera
Estancia Prosperidad
Estancia Puesto Lata
Estancia Punta Diamante
Estancia Quebrachos
Estancia Ramón Dávalos
Estancia Ramos
Estancia Rancho Moreno
Estancia Rancho Quemado
Estancia Rancho Z
Estancia Recalde-cué
Estancia Recife
Estancia Reyes Cué
Estancia Riachito
Estancia Riacho Alegre
Estancia Riacho G
Estancia Rincón Charrúa
Estancia Río Negro
Estancia Río Verde
Estancia Rio Verde
Estancia Rivarola Cué
Estancia Roja-Cué
Estancia Roja Silva
Estancia Rosalia
Estancia Rosario
Estancia Rubí
Estancia Safari
Estancia Saladillo
Estancia Salinares
Estancia Salitre Cué
Estancia Salto Cué
Estancia Samuhú
Estancia San Alfredo
Estancia San Alfredo
Estancia San Antonio
Estancia San Antonio
Estancia San Antonio
Estancia San Antonio
Estancia San Antonio
Estancia San Blas
Estancia San Blas
Estancia San Carlos
Estancia San Carlos
Estancia San Diego
Estancia Sandrina
Estancia San Elisa
Estancia San Felipe
Estancia San Fernando
Estancia Sanguina
Estancia San Heriberto
Estancia San Isidro
Estancia San Isidro
Estancia San Isidro
Estancia San Jorge
Estancia San Jorge
Estancia San José
Estancia San José
Estancia San Juan Bautista
Estancia San Juan
Estancia San Juan
Estancia San Juan
Estancia San Juan
Estancia San Juan
Estancia San Lorenzo
Estancia San Luis
Estancia San Luis
Estancia San Luis
Estancia San Luis
Estancia San Marcos
Estancia San Miguel
Estancia San Miguel
Estancia San Miguel
Estancia San Miguel
Estancia San Miguel
Estancia San Miguelito
Estancia San Nicolás
Estancia San Onofre
Estancia San Pablo
Estancia San Patricia
Estancia San Pedro
Estancia San Piero
Estancia San Rafael
Estancia San Rafael
Estancia San Ramón
Estancia San Roque
Estancia San Roque
Estancia San Sebastián
Estancia San Sinfó
Estancia San Solano
Estancia Santa Ana
Estancia Santa Ana
Estancia Santa Ana
Estancia Santa Ana
Estancia Santa Arsenia
Estancia Santa Asunción
Estancia Santa Aurelia
Estancia Santa Catalina
Estancia Santa Catalina
Estancia Santa Clara
Estancia Santa Clara
Estancia Santa Elisa
Estancia Santa Elisa
Estancia Santa Emilia
Estancia Santa Filomena
Estancia Santa Gabriela
Estancia Santa Gabriela
Estancia Santa Isabel
Estancia Santa Isolina
Estancia Santa Jacinta
Estancia Santa Juanita
Estancia Santa Lucía
Estancia Santa Lucia
Estancia Santa Luisa
Estancia Santa María
Estancia Santa María
Estancia Santa María
Estancia Santa María
Estancia Santa Rita
Estancia Santa Rosa
Estancia Santa Rosa
Estancia Santa Rufina
Estancia Santa Sofía
Estancia Santa Teresa
Estancia Santa Teresa
Estancia Santa Teresa
Estancia Santo Domingo
Estancia Santo Domingo
Estancia Santo Tomás
Estancia San Victor
Estancia San Victor
Estancia Sapira
Estancia Sapiro
Estancia Sarubi
Estancia Scobar
Estancia Sebastián-cué
Estancia Seripi
Estancia Serratti
Estancias Guazú
Estancia Siete Puntas
Estancias La Blanca
Estancia Sofía
Estancia Soledad
Estancia Soledad
Estancia Sol Naciente
Estancia Sombrero Jhovy
Estancia Sorpresa
Estancia Sosa
Estancia Sosa
Estancia Sosa
Estancia Sotera
Estancias Paraiso
Estancia Surubí
Estancia Tacho Cué
Estancia Tacuara
Estancia Tacuara
Estancia Tacuara
Estancia Tacue
Estancia Tacuru
Estancia Tagatiya
Estancia Tagatya
Estancia Talavera
Estancia Tanco
Estancia Tarumá
Estancia Tarumá
Estancia Tarumá
Estancia Tarumá
Estancia Tatare
Estancia Tataré
Estancia Teniente Prieto
Estancia Terrado
Estancia Toja
Estancia Toldo Cué
Estancia Toldo-Cue
Estancia Toldo Cué
Estancia Toldo Grande
Estancia Tomas Cué
Estancia Toro Blanco
Estancia Toro Paso
Estancia Totoré
Estancia Trementina
Estancia Tres de Mayo
Estancia Tres Lagunas
Estancia Trés Marías
Estancia Tres Reyes
Estancia Tres Toritos
Estancia Triunfo
Estancia Tuparendá
Estancia Tuyá
Estancia Typucha
Estancia Ugarte-cué
Estancia Uruguaitá
Estancia Uruguaya
Estancia Uruguayita
Estancia Valle-i
Estancia Vallejos
Estancia Vanguardia
Estancia Vargas
Estancia Va y Viene
Estancia Verde
Estancia Victoria
Estancia Victoriano Ortiz
Estancia Villa Alegre
Estancia Villa Real
Estancia Villa Rey
Estancia Vista Alegre
Estancia Voon Leppel
Estancia Wellcome
Estancia Yacare
Estancia Yacuá Nú
Estancia Yaguarete
Estancia Yasamathasla
Estancia Ybyracapá
Estancia Yesamatahla
Estancia Yesamatathia
Estancia Yetyty
Estancia Yezamathla
Estancia Ypané
Estancia Ypecuá
Estancia Ytororó
Estancia Yuí
Estancia Yukyry
Estancia Zapallo
Estancia Zapatero-cué
Estancia Zarza
Estancia Zunilda
Esterito
Estoncia Sauce
Estrella
Eusebio Ayala
Fassardi
Favorito
Federico-cué
Felicidad
Félix Pérez Cardozo
Felix Perez Cordoza
Fernando de la Mora
Filadelfia
Fiore
Fiori
Florentín Cué
Florida
Florida
Fonciere
Fondo
Fortín Camalotes
Fortin Campos
Fortin Canada Oruro
Fortín Caracoles
Fortín Cerro Corá
Fortín Comondante Giménez
Fortín Coronel Eugenio Garay
Fortín Curupaity
Fortín Frías
Fortín General Camacho
Fortín Horqueta
Fortín Ingavi
Fortín Lopez de Filippis
Fortín Mariscal Estigarribia
Fortín Orihuela
Fortin Paria
Fortín Patria
Fortín Pozo Hondo
Fortín Samaklay
Fortin San Ramón
Fortín Sorpresa
Fortin Sorpresa Nueva
Fortín Sorpresa Viejo
Fortin Tunari
Fram
Franca
Frías
Fuerte Olimpo
Fuerte San Carlos
Fulgendo R. Moreno
Galileo
Galpones
Ganadera
Gaona-cué
Garay-cué
Garcete
Garrapata
Garros Cue
Gaspar-cué
Gauto-cué
Gavilán
Gazpar-cué
General Aquino
General Artigas
General Delgado
General Días
General Díaz
General Diaz
General Elizardo Aquino
General Eugenio A. Garay
General Eugenio A. Garay
General Eugenio Garay
General Francisco Caballero
General Higinio Morínigo
General Isidoro Resquín
General José Eduvigis Díaz
General Morínigo
Giménez
Golondrina
Golondrina
Granja Tres María
Guaica
Guajhó
Guajhó
Guami Taperé
Guanes
Guarambaré
Guaraní
Guardia-cué
Guardia Oliva
Guaviray
Guayaqui Cuá
Guayaybi
Guayra Toro
Guazucuá
Gutiérrez-cué
Gutiérrez
Guyrá Toro
Hachita
Hernandarias
Hiaty
Hihaty
Hohenau
Horqueta
Horqueta
Horqueta-Mí
Hotel Pirahú
Hotel Rio Negro
Humaitá
Hyaty
Hyhaty
Iba-Pobo
Ibapobó
Ibycuy
Igatimí
Ihacanguazú
Ihú
Independencia
Independencia
Ingavi
Insfrán-cué
Ipacarai
Irala
Irendague
Irindague
Isla Aguaray
Isla Alta
Isla Cuatro
Isla La Muerta
Isla La Muerte
Isla Pucú
Isla Real
Isla Umbú
Itacorá
Itacurabi
Itacurbí
Itacurubí de la Cordillera
Itacurubí del Rosario
Itacurubí
Itacurubi
Itacurubí
Itá
Itanara
Itapé
Itapirú
Itapúa Poty
Itapucumí
Itaquyry
Itaquyry
Itauguá
Itá Verá
Itayurú
Iturbe
Jara-cué
Jardín
J. D. Ocampos
J. E. Estigarribia
Jejuí Guazú
Jejuí
Jesuitas
Jesús
Jhovy
Jhuguá
Jhugua Rey
Jiménez
Jjovy
J. Leon Mallorquin
José Eduvigis Díaz
José La Haye
José Potrero
J. R. Chávez
J. Rodríguez
J. Saldivar
Juan Cué
Juan De Ayolas
Juan de Mena
Juan E. O'leary
Juan M. Fruto
Juan Pirú-cué
Julio Silva
Katupyry
Kendal
Kendall
Kilómetro 262
La Caída
La Cañada
La Cautiva
La Colmena
La Colonia Pirareta
La Cumbrera
La Dorada
La Florestal
La Forestal
Lagerenza
Laguna Blanca
Laguna Pirizal
Laguna Porá
Lalagua
Lambaré
La Mercedes
La Misión
La Mizión
Landskrone
La Niña
La Novia
La Pastora
La Paz
La Rosada
Las Breas
La Señora
Las Lagunas
Las Mercedes
Las Palmas
Las Palomas
Las Señoras
Lata
Laureles
Laurel
Leandro Oviedo
Leda
Lima
Limpio
Linares Viejo
Loma Grande
Loma
Loma
Loma
Loma
Loma Paraíso
Loma Plata
Loma Porá
Lomita
López de Filippis
Lopez de Fillippis
Loreto
Los Cedrales
Los Esploradores
Los Exploradores
Los Machos
Los Marinos
Los Naranjos
Los Pastos
Los Pozos
Los Tigres
Lourdes
Luchan
Luqua
Luque
Machain Cué
Machuca-Cue
Maciel-cué
Maciel
Maldonada cué
Maldonado-cué
Mancuello
Mandarina
Mandijho
Manta Potrero
Manuel Amarilla
María Casilda
María Lidia
María Luisa
Mariano Roque Alonso
Marina
Mariscal Estigarribia
Mariscal F. S. Lopez
Mariscal José F. Estigarribia
Maroma
Martinez
Masa Grande
Matorral
Mauricio José Troche
Mayor Julio D. Otaño
Mayor Martínez
Mayor Nicolas Arguello
Mayor Pablo Lagerenza
Mayor Paulo Lagerenza
Mbaracayú Guazú
Mbaracayú Guazú
Mbaracayú
Mbarigui
Mbocayá
Mbocayaty Del Yhaguy
Mbocayaty
Mbocayaty
Mbopicuá
Mburica
Mburicá Potrero
Mbutuy
Mbuyapey
Media Luna
Medina-cué
Medio
Mello-cué
Menchaca Cué
Mercedes Ibarra
Mercedes
Ministro Prieto
Mirabeau
Miraveau
Misión Abajo
Misión Central
Misión Chica
Misión del Divino Salvador
Misión Guaraní
Misión Inglesa
Misión La Esperanza
Misión
Misión Nuevas Tribus
Misión San José Estero
Misión San Leonardo
Misión Santa Rosa
Misión Santa Teresa
Misión Verbo Divino
Misión Yalve Sanga
Mistolar
Moisés Bertoni
Moisés S. Bertoni
Molino-cué
Monges
Monte Lindo
Monte Rico
Montevideo
Mopaii Moho
Mopaii Moro
Mora-cué
Moras-cué
Moras
Morena
Ñacunday
Nanawa
Ñanduro Cái
Naranjal
Naranjál
Naranjito
Naranjito
Natalicio Talavera
Natalico Talavera
Natalio
Navidad
Necons Wais
Necons Wats
Necons Weis
Nemby
New Bordeaux
Nuestra Señora Santa María de la Asunción
Nueva Alborada
Nueva Australia
Nueva Burdeos
Nueva Colombia
Nueva Esperanza
Nueva Germania
Nueva Italia
Nueva Londres
Nueva Sorpresa
Nueva Virginia
Ñumí
Núñez
Ñu-Porá
Obligado
Obraje Natalia
Ocampo-cué
Ohia
Olimpo
Oliva
Olivares
Oratorio Juan Bautista
Oratorio San Antonio
Oratorio San Antonio
Oratorios San Antonio
Ordóñez
Orihuela
Ortiz
Otazú
Pacoyá
Pacú Cuá
Pairo-cué
Pajonales
Palma Chica
Palma Chica
Palmar
Palmar
Palmeta
Palo Blanco
Palo Blanco
Pampa Grande
Panadero
Panchito López
Paraguarí
Paraguay Puajhú
Paraje Linda
Paraje Tuyuyú
Paranambucu
Parapití Uno
Pareja
Paria
Parodi
Paso Barreto
Paso Cadena
Paso Canoa
Paso Curuzu
Paso de los Tobas
Paso de Patria
Paso Horqueta
Paso Itá
Paso Mancuello
Paso Mbutú
Paso Patria
Paso Tuya
Pasto
Pastoreo Mayo
Pastos
Patiño Cué
Patiño
Pato Blanco
Patria
Paz Soldán
Pedernal
Pedro González
Pedro Juan Caballero
Pedro P. Caballero
Pedrozo
Peguajhó
Pelada
Pelanca
Pérez
Pericote
Philadelphia
Picada Catorce de Mayo
Pilar
Pilcomayo
Pinasco
Pindó
Pindura-cué
Pío Corá-Cué
Piquete Cué
Piquirenda
Pirapo
Piratey
Pirayú
Piribebuy
Pirizal
Pirizal
Pirón
Piror
Pista Strongest
Platero
Porto María
Porvenir
Porvenir
Poso Colorado
Potrero Bulión
Potrero Esteche
Potrero Nuevo
Potrero Palmas
Potrero Ramos
Potrero Ybate
Potrero Zebolla
Pozo Algarrobo
Pozo Anta
Pozo Azul
Pozo Blanco
Pozo Chambi
Pozo Charata
Pozo Colorado
Pozo Colorado
Pozo de Buey
Pozo del Buey
Pozo El Venado
Pozo Favorito
Pozo Gloria
Pozo Grande
Pozo Negro
Pozo Paucarpata
Pozo Quince de Abril
Pozo Soldado Chambi
Pozos
Pozo Verde
Presidente Franco
Presidente Stroessner
Primavera
Primero de Junio
Primero de Marzo
Primero de Marzo
Princesa
Providencia
Pueblo Loma
Puerto Abente
Puerto Adela
Puerto Agatapé
Puerto Alberto
Puerto Alegre
Puerto Alegre
Puerto Alegre
Puerto Alegre
Puerto Antequera
Puerto Arecutacua
Puerto Armandina
Puerto Arrecife
Puerto Arroyo Verde
Puerto Bahía Negra
Puerto Ballemí
Puerto Barranquerita
Puerto Bella Vista
Puerto Bertoni
Puerto Botánico
Puerto Buena Vista
Puerto Caarendy
Puerto Caa Yovai
Puerto Caballo
Puerto Calera-Cué
Puerto Cantera
Puerto Caravá Vuelta
Puerto Carayá Vuelta
Puerto Carlos Pfannl
Puerto Carmona
Puerto Casado
Puerto Catorce de Mayo
Puerto Celia
Puerto Colón
Puerto Colorado
Puerto Cooper
Puerto Curupaity
Puerto Curuzú Abá
Puerto Curuzú
Puerto de Humaitá
Puerto Desaguadero
Puerto de Tacurupucú
Puerto Diaz
Puerto Dolores
Puerto Doria
Puerto Edelira
Puerto Elsa
Puerto Elvira
Puerto Embalse
Puerto Esperanza
Puerto Flores
Puerto Fonciere
Puerto Galileo
Puerto General Díaz
Puerto Guaraní
Puerto Guarany
Puerto Hohenau
Puerto Iba-pobó
Puerto Indio
Puerto Irala
Puerto Iribo
Puerto Isau
Puerto Itacora
Puerto Italia
Puerto Itambey
Puerto Itapucú Mi
Puerto Ita
Puerto La Esperanza
Puerto La Novia
Puerto Laurel
Puerto La Victoria
Puerto Leda
Puerto Lidia
Puerto Lobata
Puerto Lobato
Puerto Loma
Puerto Lomas
Puerto Marangatú
Puerto María Auxiliadora
Puerto María
Puerto Marité
Puerto Max
Puerto Mayor Otaño
Puerto Mburajhe
Puerto Mihanovich
Puerto Milagro
Puerto Militar
Puerto Ñacunday
Puerto Napegué
Puerto Naranjito
Puerto Nuevo
Puerto Obligado
Puerto Odornez
Puerto Olivares
Puerto Ordóñez
Puerto Pagani Cué
Puerto Palma Chica
Puerto Palma
Puerto Palmares
Puerto Palmas
Puerto Paloma
Puerto Paraiso
Puerto Paraiso
Puerto Paramanbú
Puerto Paranambú
Puerto Pedernal
Puerto Pikyry
Puerto Pinasco
Puerto Pirapó
Puerto Porvenir
Puerto Presidente Franco
Puerto Presidente Stroessner
Puerto Ramos
Puerto Recife
Puerto Río Negro
Puerto Risso
Puerto Rosario
Puerto Samuhú
Puerto San Alberto
Puerto San Antonio
Puerto San Antonio
Puerto San Fernando
Puerto San José
Puerto San José
Puerto San Juan
Puerto San Lorenzo
Puerto San Luis
Puerto San Pedro
Puerto Santa Elena
Puerto Santa María
Puerto Santa Rita
Puerto Santa Rita
Puerto Santa Rosa de Lima
Puerto Santa Rosa
Puerto Santa Rosa
Puerto Santa Teresa
Puerto San Vicente
Puerto Sao Vicente
Puerto Sara
Puerto Sastre
Puerto Sauce
Puerto Siete de Agosto
Puerto Tacurupucu
Puerto Tacurú Pyta
Puerto Tarumá
Puerto Torocuá
Puerto Tres Palmas
Puerto Tres Palmito
Puerto Triunfo
Puerto Turi
Puerto Vacay
Puerto Valle Mi
Puerto Venecia
Puerto Venicia
Puerto Ventidos de Mayo
Puerto Villa del Rosario
Puerto Voluntad
Puerto Yacare Cué
Puerto Ybapobó
Puerto Ybcui Ñaro
Puerto Yngó
Puerto Yrigoyen
Puerto Ysaú
Puerto Zapatero-cue
Puesto Aguape
Puesto Alambique
Puesto Alcaraz
Puesto Alegre
Puesto Arazá
Puesto Areco
Puesto Bárbaro
Puesto Benjamín
Puesto Bogado
Puesto Boquerón
Puesto Buena Vista
Puesto Bullain
Puesto Bullán
Puesto Bultam
Puesto Caabó Tory
Puesto Cabayoray
Puesto Cabayuray-Carujhá
Puesto Cabo Giménez
Puesto Cabo Jiménez
Puesto Campo Flores
Puesto Careca
Puesto Careco
Puesto Careta
Puesto Catán
Puesto Celia
Puesto Cerrito
Puesto Ciento Noveinta
Puesto Colon-i
Puesto Córdoba
Puesto Coreca
Puesto Corralito
Puesto Corralón
Puesto Correa
Puesto Cuatro Bocas
Puesto-cué
Puesto Curupayty
Puesto Curupayty
Puesto Deidamia
Puesto Don Manuel
Puesto Dorado
Puesto Elvira
Puesto Esperanza
Puesto Esperanza
Puesto Estancia-í
Puesto Estrella
Puesto Estrella
Puesto Estrello
Puesto Ferreira
Puesto Fortuna
Puesto F
Puesto Galponcito
Puesto Ganadero
Puesto Gimenez
Puesto González
Puesto Guaraní
Puesto Gulach
Puesto Horqueta
Puesto Horqueta
Puesto Isla Sola
Puesto Itacurubi Guazú
Puesto Jabalí
Puesto Kilómetro Veinte
Puesto K
Puesto Laguna Ciervo
Puesto Larrosa
Puesto Lata
Puesto La Vista
Puesto Leopoldina
Puesto Linda Vista
Puesto Lucy
Puesto Lugo
Puesto Luis
Puesto Mainumby
Puesto Mbocaya
Puesto Michí
Puesto Misión Chica
Puesto Montaño
Puesto Monte Lindo
Puesto Moreno
Puesto Moreno
Puesto Muñeca
Puesto Nanati
Puesto Nuevo
Puesto Olguita
Puesto Ortiz
Puesto Pajonal
Puesto Palmares
Puesto Palomo
Puesto Pampa Grande
Puesto Panambí
Puesto Pañuelo
Puesto Pavón
Puesto Paz
Puesto Peña
Puesto Porá
Puesto Rancho Quemado
Puesto Rey
Puesto Roas Cué
Puesto Roy
Puesto Salado
Puesto Salinas-Cué
Puesto Salto Palmar
Puesto San Bartolomé
Puesto San Carlos
Puesto San Carlos
Puesto San Fernando
Puesto San Javier
Puesto San Lorenzo
Puesto San Luis
Puesto San Miguel
Puesto Santa Elena
Puesto Santa Manuela
Puesto Santa Maria
Puesto Santa Rosa
Puesto San Timoteo
Puesto Santo Domingo
Puesto Sargento B. Figueredo
Puesto Sargento Primero Felix Zaracho
Puesto Sarita
Puesto Siete Palma
Puesto Sosa
Puesto Subieta
Puesto Susana
Puesto Tabla
Puesto Tapacaré
Puesto Taruma
Puesto Teniente G. Trovatto
Puesto Teniente H. Gini
Puesto Toldo-í
Puesto Tortuga
Puesto Tres de Mayo
Puesto Tuyuyú Raity
Puesto Typycha
Puesto Valinotti-Cué
Puesto Valle
Puesto Vega
Puesto Victoria
Puesto Warnes
Puesto Winchester
Puesto Ybyra Guazú
Puesto Yuasy-y
Puesto Zarza
Puesto Zotti
Punta Rieles
Punto Salto Palmar
Quebrachal
Quemado
Quiindy
Quintana
Quyquyhó
Quyquyó
Quyyndy
Rafa
Ramírez-cué
Ramos
Ramos
Rancho Cabrera
Rancho Ocho
Rancho Ocho
Rancho Quemado
Randacua
Raul Oviedo
Reducción de San José
Remancillo
Remancito
Remanzo
Repatriación
Represa
Retén-cué
Retiro Cuatro Bocas
Retiro-cué
Retiro Dávalos
Retiro Federico-cué
Retiro González
Retiro Itú
Retiro Laguna
Retiro
Retiro Serranía
Retiro Yaguarete
Retiro Yrigoyen
Río Corrientes
R. I. Tres Corrales
Rivera Porvenir
Rivera
Roa Rugua Oratorio
Roa Ruguá
Robles-cué
Rojas-cué
Roque Gonzales de Santa Cruz
Roque González de Santa Cruz
Roque González Santacruz
Rosalina
Rosario Pastoreo
Rosario Pastorio
Rosario
Rosario
Rosarito
Saavedra
Sactorio
Saladero Risso
Salinares
Salitre-cué
Salto del Guairá
Salto Palmar
Saltos de Guairá
Salvador-cué
Salvador
Saly
Samaclay
Samakay
Samaklay
San Agustín
San Agustín
San Alberto
San Anacleto
San Antonio
San Antonio
San Antonio
San Antonio
San Antonio
San Antonio
San Antonio
San Antonio
San Antonio
San Augustín
San Bernardino
San Bernardo
San Carlos
San Carlos
San Carlos
San Carlos
San Carlos
Sanchez Cué
San Cosme
San Cosme y Damián
San Cristóbal
San Estanislao
San Fernando
San Fernando
San Fernando
San Florencio
San Francisco
Sanguina
San Isidro de Curuguaty
San Joaquín
San Joaquín
San Jorge
San Jorje
San José de los Arroyos
San José del Rosario
San José-mí
San José Obrero
San José
San José
San José
San José
San José
San José
San José
San Juan Bautista de Ñeembucú
San Juan Bautista Ñeembucú
San Juan Bautista
San Juan Bautista
San Juan del Paraná
San Juan de Neembucú
San Juan Neembucú
San Juan Nepomuceno
San Juan
San Juan
San Juan
San Lázaro
San Lorenzo de la Frontera
San Lorenzo del Campo Grande
San Lorenzo
San Lorenzo
San Lorenzo
San Luis Boquerón
San Luis de la Sierra
San Luis
San Miguel
San Miguel
San Miguel
San Miguel
San Pablo de Ycuámandyyú
San Pablo
San Pablo
San Patricio
San Patricio
San Pedro-cué
San Pedro del Paraná
San Pedro de Ycuamandiyú
San Pedro
San Pedro
San Rafael del Parana
San Rafael
San Rafael
San Rafael
San Rafael
San Ramón
San Ramón
San Ramón
San Ramón
San Roman
San Roque
San Roque
San Roque
San Salvador
San Salvador
San Sebastián
San Silvestre
Santa Ana
Santa Ana
Santa Anuncia
Santa Anunci
Santa Catalina
Santa Clara
Santa Cruz
Santa Elena
Santa Elena
Santa Eva
Santa Isabel
Santa Isabel
Santa Jacinta
Santa Librada
Santa Lidia
Santa Luisa
Santa Maria
Santa María
Santa María
Santa Maria
Santa María
Santa Rita
Santa Rita
Santa Rita
Santa Rosa de la Misiones
Santa Rosa
Santa Rosa
Santa Rosa
Santa Rosa
Santa Rosa
Santa Rosa
Santa Rosa
Santa Sofía
Santa Teresa
Santa Teresa
Santa Úrsula
Santiago Cué
Santiago De Las Misiones
Santiago
Santísima Trinidad
Santo Domingo
Santo Domingo
Santo Domingo
Santo Domingo
Santo Tomé
San Vicente
San Victor
San Ygnacio
Sapirá
Sapucai
Sapucaí
Sapucay
Sargento B. Figueredo
Sargento Rodriguez
Sargento Saracho
Sargento Valinotti
Sartorio
Sastre
Sati
Saty
Sauce Juncal
Sauzal
Say
Sebastián-cué
Sebastian mi
Sebastian
Siete de Agosto
Soledad
Sorpresa Nueva
Sorpresa
Sosa
Sotera
Tabai
Tabai
Taba-i
Tabapy
Tacuaraí
Tacuaras
Tacuara
Tacuary
Tacuatí
Tacuaty
Tacuaty
Tacuru-Pucu
Tagatiya
Tajhyire
Talavera
Tapacaré
Tapera B. Madrid
Tapera El Cuervo
Tapera Monte Lindo
Tapytá
Tarumá
Tarumá
Tavaí
Tavaí
Tavai
Tayí-caré
Tayí Caré
Tayí
Tayi
Tayî
Tayy
Tayy
Tebicuary Mí
Tebicuary
Tejerina
Teniente Barrientes
Teniente Barrientos
Teniente Camperchioli
Teniente Crovato
Teniente E. Ortiz
Teniente Figueira
Teniente Filgueira
Teniente G. Arias
Teniente H. Gini
Teniente Lugo Chilaver
Teniente Ochoa
Teniente Pessolani
Teniente S. Velázquez
Teniento Bogado
Terbicuary
Terecañy
Terre Noir
Tezén
Toba Quemado
Tobas Quemado
Tobatí
Tobaty
Toldo Cué
Toldo-cué
Torín
Toro-cuá
Toro Pampa
Tororá
Toro
Torres-cué
Torrez-cué
Tranquita
Tres Boca
Tres de Noviembre
Tres Fronteras
Tres Ollas
Tres Pozos
Triángulo
Trinidad
Trinidad
Tronquito
Tunani
Tunari
Tuna
Tuna
Tuscal
Tuya
Ugarte-cue
Último Rancho
Umbú
Unión
Unión
Urrujia Duartey Compañía
Uruguaita Estancia
Uruguaitá
Uruguaya
Uruguayita
Urusapucai
Vaca Jhu
Vacaretá
Vacay
Valenzuela
Valle Apúa
Valle-mí
Valley-mi
Vapor Cué
Veinticinco de Diciembre
Veinticinco de Mayo
Ventiocho Kilometros de Paranambu
Vera-cué
Vicente Matiauda
Victoria Guazú
Villa Azara
Villa Concepción
Villa Curuguaty
Villa Elisa
Villa Florida
Villa Franca
Villa Hayes
Villalbin
Villa Mercedes
Villanueva San Antonio
Villanueva
Villa Occidental
Villa Oliva
Villa Pastoreo
Villa Rey
Villa Rica
Villarrica del Espíritu Santo
Villarrica
Villa Sana
Villa San Francisco
Villazón
Villeta
Yabebyry
Yaguarele Pytá
Yaguarón
Yajhapé
Yaquaron
Yatairy
Yataity del Norte
Yataity
Yataity
Yataity
Yatayty
Yatay
Yatebu-í
Ybapobo
Ybaroty
Ybucú
Ybycuí
Ybycul
Yby-Pe
Ybyrá Morotí
Ybyrá-Pytá
Ybyrarobana
Ybytimí
Ybytymí
Yby Yaú
Ycuá Porá
Yegros
Yero-cué
Ygatimí
Yhacangauzu
Yhacá Ruguá
Yhacá
Yhaty
Yhú
Ypacarai
Ypacaray
Ypane
Ypé Jhú
Ype-ju
Ypucú
Ypytú
Yrendagüe
Ytaquyry
Ytororó
Yukirí
Yuty
Zanja Pyta
Zanjita
Zapatero-cué
Zarate Isla
Zeballos-cué
Zebolla
Zebollo
Zenteno
