Aba Zuluf
`Abd al `Aziz
Abu az Zuluf
Abu Daluf
Abu Dhaluf
Abu Dhuluf
Abu Hamur
Abu Husayyah
Abu Kharab
Abu Qarn
Abu Samrah
Abu Sidrah
Abu Sudayrah
Abu Suwayy
Abu Thaylah
Abu Zahif
Abu Zuluf
Ad Da`ayin
Ad Darb
Ad Da`udiyah
Ad Dawha
Ad Dawhah
Ad Dawhah al Jadidah
Ad Dhakhirah
Ad Doha
Ad Dowhah
Adhbah
Adh Dhakhira
Adh Dhakhirah
Adh Dhukhayr
Al `Adhbah
Al `Arish
Al Bida` al Gharbiyah
Al Bida` ash Sharqiyah
Al Busayyir
Al Da`ain
Al Dakhirah
Al Dhakhirah
Al Dha'Sin
Al Ghafah
Al Ghaf
Al Ghanim
Al Gharafah
Al Ghariyah
Al Ghariyeh
Al Gharrafah
Al Gharrafah al Jadidah
Al Ghashamiya
Al Ghashamiyah
Al Ghashshamiyah
Al Ghuwairiya
Al Ghuwairiyah
Al Ghuwayriyah
Al Hilal al Gharbiyah
Al Hilal ash Sharqiyah
Al Hitmi
Al Husayniyah
Al Hussainiyah
Al Huwaylah
Al Jabar
Al Jadhi
Al Jamaliya
Al-Jamil
Al Jamliyah
Al Jasrah
Al Jubayl
Al Judhay`
Al Jumail
Al Jumaliyah
Al Jumayl
Al Jumayliyah
Al Ka`aban
Al Ka`ban
Al Ka`biyah
Al Khalifat
Al Kharitiyat
Al Kharrarah
Al Khathiyah
Al Khatiyah
Al Khattiyah
Al-Khaur
Al Khawr
Al Khisa
Al Khisah
Al Khisah
Al Khiseh
Al Khurayb
Al Khurays
Al Khuraytiyat
Al Khursa`ah
Al Khuwair
Al Khuwayr
Al Kir`anah
Al Kuhwayr
Al Mafier
Al Mafijar
Al Mafjar
Al Majidah
Al Mansurah
Al Maqran
Al Markhiyah
Al Markiyah
Al Mashrab
Al Muntazah
Al Muraydah
Al Murqab
Al Na'man
Al Qa`abiyah
Al Qa`iyah
Al Raiyan
Al Rayyan
Al Shahaniyah
Al Suwaihiliya
Al Suwaihiliyah
Al Thagab
Al Thaqab
Al `Uqdah
Al `Uraysh
Al `Uwaynah
Al Wa`b
Al Wa`b
Al Wa`b
Al Wabrah
Al Wagbah
Al Wajba
Al Wajbah
Al Wakrah
Al Waqbah
Al Waqra
Al Waqrah
Al Wasait
Al Wukair
Al Wukayr
Al Wusail
Al Wusayl
Anaiza
Aneiza
An Najmah
An Nasraniyah
An Nu`ayiah
An Nu`man
An Nuqay`ah
`Araish
Ar Rakiyat
Ar Rayyan
Ar Ru'ays
Ar Rufayq
Ar Rumaylah
Ar Ruwais
Ar Ruwaydah
Ar Ruways
Ash Shafallahiyah
Ash Shahaniyah
Ash Shaqra'
`Asmiyah
As Sadd
As Sahlah
As Salatah al Jadidah
As Salatah
As Samiriyah
As Sani`
As Sawq
As Sayliyah
As Sidrah
As Sidriyah
As Sulaymi `Abd al Aziz Bin Khalifah
As Sulaymi Fahd Bin `Abd Allah
As Sulaymi Khalifah Bin Hamad
As Sulaymi Qasim Bin Hamad
As Sulaymi Suhaym Bin Hamad
As Su`lukiyah
As Sumaisma
As Sun`
As Sunu`
As Suwayhiliyah
Ath Thagab Oasis
Ath Thaghab
Ath Thaqab
`Ayn Khalid
`Ayn Sinan
Az Za`a'in
Az Za`ayim
Az Za`ayin
Bi'r al Husayn
Bi'r Zikrit
Bu Sidrah
Busidreh
Dakhira
Dawhat al Qatar
Dha`ain
Dha`an
Dhakhirah
Dhaluf
Dhuluf
Doha
Dukhan
Edh Dha'ain
El Mafier
Fâhahîl
Fariq al Ghanim al Jadid
Fuhayhil
Fuwayrit
Ghaf Makin
Ghariyah
Ghariyat Adkhan
Ghariyat Dukhan
Ghashamiyah
Ghuwairiyah
Halwan
Hulwan
Ingaiah
Jimaliyah
Jumail
Kar`anah
Khaur al-Mahanidah
Khaur Shaqiq
Khawr Hassan
Khawr Shaqiq
Khawzan
Khor-al-Mahandah
Khor Hassan
Khor
Khor Shaqiq
Khursa`at al Bahat
Khuwair
Lisha
Lumail
Lusail
Madinat al Ka`ban
Madinat ash Shamal
Madinat Khalifah
Mafijar
Mazra`at Tarina
Mazra`at Turayna
Mu`askar al Busayyir
Mu`askar as Saliyah
Mu`askar as Sayliyah
Mu`aydhir Abu ad Dawm
Mu`aydhir
Mu`aydhir
Muhayriqah
Mukaynis
Muraikh
Muraykh
Musay`id
Musaykah
Mushayrib
Na'aijah
Na'aman
Nabat al Usayl
Naeeja
Naeejeh
Nu`aija
Nu`auah
Nu`ayjah
Nu`man
Qahahil
Raiyan
Ra's Abu Fintas
Raudat al `Ayuz
Rawdat al Ajuzah
Rawdat al `Ajuz
Rawdat Rashid
Rodhat-al-`Ajuzah
Rumailah
Rumaillah
Rumaylah
Ruwais
Sa Alokiyah
Sa`lukiyah
Shafilahiyah
Shakik
Shaqra`
Sidriyat Makin
Simsimah
Somaismah
Sumaisimah
Sumaisima
Sumaismah
Sumaisma
Sumaysimah
Suwaihaliyah
Thaghab
Tinbak
Umm A'birieh
Umm `Abiriyah
Umm al Abarig
Umm al Abariq
Umm al Afa`i
Umm al `Amad
Umm al Ghaylam
Umm al Hawa'ir
Umm al `Izam
Umm al Kharj
Umm al Kharq
Umm al Kilab
Umm al Oubur
Umm al Qubur
Umm al Qubur
Umm al Quhab `Abd Allah Bin Nasir
Umm al Quhab al `Atiq
Umm al Quhab
Umm al Quhab
Umm-al-Salal
Umm al Suwaija
Umm ash Shubrum
Umm as Suf
Umm as Suwab
Umm as Suwayyah
Umm az Zabar
Umm az Zubar
Umm Bab
Umm Birkah
Umm es Salal
Umm es Slal
Umm Ghuwaylinah
Umm Ghuwaylinah
Umm Ghuwaylina
Umm Juaidah
Umm Ju`ayd
Umm Jurn
Umm Juwaydah
Umm Qarn
Umm Qayn
Umm Qurun
Umm Sa`ad
Umm Sabbah
Umm Sa`id
Umm Salal `Ali
Umm Salal Mohammad
Umm Salal Muhammad
Umm Ses Salal
Umm Shamim
Umm Silal `Ali
Umm Silal Mohammed
Umm Slal Ali
Umm Slal Mohammed
Umm Suwaijah
Umm Suwayjah
Umm `Ubayriyad
Umm `Ubayriyah
Umm Wishah
`Unayzah
Wadi as Sayl
Wadi Jallal
Wajbah
Wakrah
Wakra
Waqra
Yamail
Zaghab
Zar` al `Atiyah
Zekrit
Zikrit
Zugain al Bahath
Zughayn al Bahath
Zughayn al Bahth
