Agatwi
Astrida
Banda
Bandazi
Basa
Bganga
Bibale
Bicumbi
Bigutu
Biguzi
Bihe
Bihembe
Bilembo
Binana
Birenga
Biru
Bisaga
Bishyiga
Bitare
Bitare
Biumba
Buberuka
Budaya
Bugali
Bugaragara
Bugaragara
Bugarama
Bugarura
Bugesera
Bugindi
Bugobagoba
Bugoya
Bugu
Buguma
Bugungu
Buhimba
Buhokoro
Buhongo
Buhoro
Buhuga
Buhungwe
Bukamba
Bukaragata
Bukarakata
Bukekele
Bukondjo
Bulega
Bulenga
Bulengera
Bulimba
Bulinga
Bumazi
Bumbogo
Bunga
Bungeshi Mukuru
Bunyambilili
Bunyereri
Burama
Burega
Burenga
Burere
Busekera
Bushara
Bushenyi
Bushiga
Bushingamohetu
Bushoka
Butale
Butambamo
Butambara
Butambwe
Butamwa
Butandi
Butare
Butaro
Butete
Butezi
Butozo
Buvali
Buvumu
Buyanga
Buyenzi
Buyoga
Buyoga
Buzigi
Bwakira
Bweya
Bwisha
Bwishya
Bwisige
Byumba
Churusi
Chyugi
Chyuna
Colline Bandazi
Colline Basa
Colline Bganga
Colline Bibale
Colline Bigutu
Colline Biguzi
Colline Bihe
Colline Bihembe
Colline Bilembo
Colline Binana
Colline Bisaga
Colline Bishyiga
Colline Bitare
Colline Bitare
Colline Budaya
Colline Bugali
Colline Bugaragara
Colline Bugarura
Colline Bugindi
Colline Bugoya
Colline Bugu
Colline Buguma
Colline Bugungu
Colline Buhimba
Colline Buhokoro
Colline Buhongo
Colline Buhoro
Colline Buhuga
Colline Buhungwe
Colline Bukamba
Colline Bukaragata
Colline Bukekele
Colline Bukondjo
Colline Bulega
Colline Bulenga
Colline Bulengera
Colline Bulimba
Colline Bumazi
Colline Bunga
Colline Bunyereri
Colline Burama
Colline Burega
Colline Burere
Colline Busekera
Colline Bushara
Colline Bushiga
Colline Bushingamohetu
Colline Bushoka
Colline Butale
Colline Butambamo
Colline Butambara
Colline Butambwe
Colline Butandi
Colline Butaro
Colline Butete
Colline Butezi
Colline Butozo
Colline Buvali
Colline Buvumu
Colline Buyaga
Colline Buyanga
Colline Bweya
Colline Bwisha
Colline Bwishya
Colline Churusi
Colline Chyuna
Colline Cyabingo
Colline Cyamuti
Colline Cyarwa
Colline Cyato
Colline Cyete
Colline Cyibumba
Colline Cyigaro
Colline Cyimbande
Colline Cyimpundu
Colline Cyiya
Colline Cyotomakara
Colline Cyumba
Colline Cyuve
Colline Gabiro
Colline Gafuba
Colline Gafunza
Colline Gahanga
Colline Gahondo
Colline Gakenke
Colline Gako
Colline Gakoma
Colline Gakoni
Colline Gakoro
Colline Gangura
Colline Garama
Colline Gasabo
Colline Gasagara
Colline Gasaka
Colline Gasambu
Colline Gasambya
Colline Gasana
Colline Gasanze
Colline Gasasa
Colline Gashaki
Colline Gashenye
Colline Gasheshe
Colline Gashinia
Colline Gashoba
Colline Gashonga
Colline Gasura
Colline Gatatara
Colline Gatete
Colline Gatete
Colline Gatete
Colline Gatonde
Colline Gatovu
Colline Gatsilima
Colline Gazinga
Colline Gicuba
Colline Gihango
Colline Gihe
Colline Giheke
Colline Giheta
Colline Gihinga
Colline Gihinga
Colline Gihora
Colline Gikondo
Colline Gisa
Colline Gisagara
Colline Gisanze
Colline Gisanze
Colline Gisayura
Colline Giseke
Colline Gishike
Colline Gishute
Colline Gisodzi
Colline Gisongwe
Colline Gisozi
Colline Gitaba
Colline Gitambi
Colline Gitambi
Colline Gitandi
Colline Gitare
Colline Gitare
Colline Gitega
Colline Gitenga
Colline Gitenge
Colline Gitongati
Colline Gitongo
Colline Gitovu
Colline Gitovu
Colline Gitovu
Colline Gitovu
Colline Gitshatsha
Colline Gitsimba
Colline Gitsuba
Colline Gituza
Colline Gitwa
Colline Gitwe
Colline Gombaniro
Colline Gorora
Colline Gosenyi
Colline Guhengeri
Colline Hakasiru
Colline Ibanda
Colline Isenga
Colline Ityazo
Colline Janjagiro
Colline Jenda
Colline Jomba
Colline Kabale
Colline Kabalele
Colline Kabanda
Colline Kabilizi
Colline Kabingo
Colline Kabira
Colline Kabirizi
Colline Kabongoya
Colline Kaboza
Colline Kabuga
Colline Kabuga
Colline Kabutembo
Colline Kabyaza
Colline Kadjumo
Colline Kagabo
Colline Kagasa
Colline Kagunga
Colline Kagunga
Colline Kakole
Colline Kakute
Colline Kalembule
Colline Kalengera
Colline Kamabara
Colline Kambogo
Colline Kamushuri
Colline Kanama
Colline Kangoma
Colline Kangwandi
Colline Kanogo
Colline Kanombe
Colline Kanyoni
Colline Kanzanza
Colline Kanzenze
Colline Karagari
Colline Karama
Colline Karama
Colline Karama
Colline Karambo
Colline Karambo
Colline Karandarye
Colline Karizinge
Colline Karotshyo
Colline Kataretare
Colline Katshuriro
Colline Kavumu
Colline Kayanga
Colline Kayenzi
Colline Kayovu
Colline Kazo
Colline Kendale
Colline Kibadirwa
Colline Kibagabaga
Colline Kibali
Colline Kibangu
Colline Kibanza
Colline Kibari
Colline Kibazi
Colline Kibinja
Colline Kiboga
Colline Kibungu
Colline Kidaho
Colline Kigali
Colline Kiganda
Colline Kigarama
Colline Kigarama
Colline Kigasa
Colline Kigembe
Colline Kigeyo
Colline Kikunyu
Colline Kilambi
Colline Kilarambogo
Colline Kimbwebwe
Colline Kimironko
Colline Kimiryi
Colline Kinanira
Colline Kindonye
Colline Kinigi
Colline Kinigi
Colline Kinihira
Colline Kinihira
Colline Kinogo
Colline Kintarure
Colline Kinyababa
Colline Kinyambo
Colline Kinyanja
Colline Kinyantozi
Colline Kinyoma
Colline Kinyoni
Colline Kinzuzi
Colline Kiraga
Colline Kirambo
Colline Kirambo
Colline Kiranga
Colline Kiraro
Colline Kirengo
Colline Kiryi
Colline Kisigiro
Colline Kisunzu
Colline Kiterwe
Colline Kivuba
Colline Kivu
Colline Kivumu
Colline Kiyanza
Colline Kiyonza
Colline Kiziguru
Colline Kizirakome
Colline Kukabira
Colline Kukana
Colline Kulisha
Colline Kumutaka
Colline Kununya
Colline Kuwingugu
Colline Kuwinkingi
Colline Kyiombe
Colline Kyiri
Colline Linganwe
Colline Lubirizi
Colline Luhigiro
Colline Luhunga
Colline Lutendele
Colline Mabare
Colline Mabuye
Colline Macuba
Colline Magi
Colline Magina
Colline Mahoko
Colline Mahumbe
Colline Maliba
Colline Mamfu
Colline Marabuy
Colline Mararo
Colline Mareba
Colline Masha
Colline Maso
Colline Masoro
Colline Matara
Colline Maya
Colline Mayange
Colline Mayobe
Colline Mbazi
Colline Mbuye
Colline Mbuye
Colline Mibuba
Colline Mikingo
Colline Mitshiniro
Colline Mizingo
Colline Mpage
Colline Mpanga
Colline Mpanga
Colline Mpare
Colline Mpira
Colline Mubori
Colline Mubumbano
Colline Mubumbano
Colline Mudende
Colline Mufumba
Colline Mugakindu
Colline Mugamba
Colline Mugano
Colline Mugejuru
Colline Mugera
Colline Mugomba
Colline Mugunga
Colline Muhanda
Colline Muhari
Colline Muhehwe
Colline Muhero
Colline Muhingu
Colline Muhororo
Colline Muhoza
Colline Muhura
Colline Mukalange
Colline Muko
Colline Muko
Colline Mukoma
Colline Mukoni
Colline Mukuyu
Colline Mulemule
Colline Mulinja
Colline Mumatyazo
Colline Munini
Colline Munini
Colline Munsheke
Colline Munyinya
Colline Munyove
Colline Murama
Colline Muramba
Colline Muramba
Colline Muramba
Colline Murambi
Colline Murambi
Colline Murambi
Colline Murambi
Colline Murandi
Colline Murangi
Colline Murara
Colline Muraza
Colline Murehe
Colline Murito
Colline Murore
Colline Murunda
Colline Mururu
Colline Muryorera
Colline Musagara
Colline Musama
Colline Musange
Colline Musebeya
Colline Muse
Colline Musenyi
Colline Musheri
Colline Mushirarungu
Colline Mushongi
Colline Musoro
Colline Musumba
Colline Musumule
Colline Mutambiko
Colline Mutamo
Colline Mutara
Colline Mutego
Colline Mutende
Colline Muti
Colline Muti
Colline Mutima
Colline Mutimasi
Colline Mutongo
Colline Mutusa
Colline Muvumu
Colline Muyage
Colline Muyira
Colline Muzenga
Colline Mwanabili
Colline Mwegera
Colline Mwendo
Colline Mwendo
Colline Mwenya
Colline Mwijanda
Colline Mwishe
Colline Mwite
Colline Mwiviro
Colline Mwufe
Colline Mwumba
Colline Myariro
Colline Ndaganzwa
Colline Ndago
Colline Ndera
Colline Nemba
Colline Nengo
Colline Ngange
Colline Nganzo
Colline Nganzo
Colline Ngeruka
Colline Ngiryi
Colline Ngoma
Colline Ngoma
Colline Ngoma
Colline Ngurugunzu
Colline Nkanda
Colline Nkanka
Colline Nkunzuzu
Colline Nkurubuye
Colline Nomba
Colline Ntarabana
Colline Ntebe
Colline Ntobwe
Colline Ntonde
Colline Nulambi
Colline Nyabichwamba
Colline Nyabihu
Colline Nyabishambi
Colline Nyabisindu
Colline Nyabiteke
Colline Nyabugando
Colline Nyagahinika
Colline Nyagahita
Colline Nyagasozi
Colline Nyagisozi
Colline Nyagitabire
Colline Nyakabanda
Colline Nyakabongo
Colline Nyakabu
Colline Nyakabumgo
Colline Nyakabungo
Colline Nyakabuye
Colline Nyakanyinya
Colline Nyakayogera
Colline Nyakibanda
Colline Nyakingandu
Colline Nyamagana
Colline Nyamikama
Colline Nyamikamba
Colline Nyamirembe
Colline Nyamugari
Colline Nyamweru
Colline Nyamyumba
Colline Nyanda
Colline Nyankenke
Colline Nyantomvu
Colline Nyanza
Colline Nyanza
Colline Nyarubanga
Colline Nyarubungu
Colline Nyarugenge
Colline Nyarugina
Colline Nyarugumba
Colline Nyaruhengeri
Colline Nyarungu
Colline Nyarurama
Colline Nyarurama
Colline Nyarusange
Colline Nyarushishi
Colline Nyarutembe
Colline Nyaruteme
Colline Nyarutsi
Colline Nyenje
Colline Nyondo
Colline Nyonilima
Colline Nyunzwe
Colline Nzahaha
Colline Nzangwa
Colline Rango
Colline Rekisugi
Colline Remera
Colline Remera
Colline Rimwe
Colline Rongi
Colline Rubaka
Colline Rubaya
Colline Rubeja
Colline Rubona
Colline Rubona
Colline Rubona
Colline Rubona
Colline Rubona
Colline Rubungo
Colline Rubungu
Colline Rudaga
Colline Rugamba
Colline Ruganda
Colline Rugaragara
Colline Rugaragara
Colline Rugarama
Colline Rugari
Colline Rugendabari
Colline Rugenge
Colline Rugera
Colline Rugerero
Colline Rugobagoba
Colline Rugobasoba
Colline Rugogwe
Colline Rugoti
Colline Ruhanga
Colline Ruhanga
Colline Ruhanya
Colline Ruhara
Colline Ruhengeri
Colline Ruhinga
Colline Ruhoko
Colline Ruhurura
Colline Ruinihingo
Colline Rukira
Colline Rukoko
Colline Rukoma
Colline Rukona
Colline Rukondo
Colline Rukoro
Colline Rukura
Colline Runyanga
Colline Runyinya
Colline Runyinya
Colline Rurama
Colline Rusasa
Colline Rusayo
Colline Rusebeya
Colline Rusekera
Colline Rusekera
Colline Rushari
Colline Rushashi
Colline Rushebeya
Colline Rusiga
Colline Rusingi
Colline Rusoro
Colline Rususa
Colline Rutamba
Colline Rutare
Colline Rutarure
Colline Rutonde
Colline Rutondwe
Colline Ruyange
Colline Ruyaraka
Colline Ruyenzi
Colline Ruyonga
Colline Rwabicuma
Colline Rwabidege
Colline Rwahi
Colline Rwakirari
Colline Rwamiko
Colline Rwamiko
Colline Rwangara
Colline Rwani
Colline Rwankeri
Colline Rwankomo
Colline Rwankuba
Colline Rwankuba
Colline Rwanya
Colline Rwaza
Colline Rwegenya
Colline Rwimbogo
Colline Rwinkuba
Colline Rwoga
Colline Rwumba
Colline Ryandinzi
Colline Saga
Colline Sanga
Colline Sayo
Colline Shahara
Colline Shara
Colline Sheke
Colline Shenga
Colline Sholi
Colline Shuti
Colline Shyanda
Colline Shyorongi
Colline Songa
Colline Syogi
Colline Taba
Colline Tambwe
Colline Tanda
Colline Tovu
Colline Tshanzozo
Colline Tsheya
Colline Tshyugaro
Colline Tumba
Colline Umufu
Colline Winteko
Colline Yonde
Colline Zivu
Cyabingo
Cyamuhinda
Cyamuti
Cyangugu
Cyarwa
Cyato
Cyeru
Cyeru
Cyesha
Cyete
Cyibumba
Cyigaro
Cyimbande
Cyimbazi
Cyimbogo
Cyimpundu
Cyiya
Cyondo
Cyotomakara
Cyumba
Cyumba
Cyungo
Cyuve
Gabegi
Gabiro
Gacundura
Gafuba
Gafunzo
Gahanga
Gaharo
Gahengele
Gahondo
Gakenke
Gako
Gakoma
Gakoma
Gakoni
Gakoro
Gangura
Garama
Gasaba
Gasagara
Gasaka
Gasambu
Gasambya
Gasana
Gasanze
Gasasa
Gasave
Gaseke
Gashaki
Gashenye
Gasheshe
Gashinia
Gashinya
Gashonga
Gashora
Gasura
Gatare
Gatatara
Gatete
Gatete
Gatete
Gatete
Gatonde
Gatonde
Gatovu
Gatsibo
Gatsibu
Gatsilima
Gazinga
Gaziza
Genda
Ghasheshe
Giciye
Gicuba
Gihango
Gihe
Giheke
Giheta
Gihinga
Gihinga
Gihora
Gikomero
Gikondo
Gikongoro
Gikoro
Girgi
Gisagara
Gisa
Gisaka
Gisanze
Gisanze
Gisayura
Giseke
Gisenyi
Gishamvu
Gishike
Gishikiri
Gishoma
Gishute
Gishyita
Gisodzi
Gisongwe
Gisovu
Gisozi
Gisuma
Gitaba
Gitambi
Gitambi
Gitandi
Gitarama
Gitare
Gitare
Gitega
Gitenga
Gitenge
Gitesi
Githatsha
Giti
Gitoke
Gitongati
Gitongo
Gitovu
Gitovu
Gitovu
Gitovu
Gitshatsha
Gitsimba
Gitsuba
Gituza
Gitwa
Gitwe
Gombaniro
Gorora
Gosenyi
Guhengeri
Hakasiru
Hubingo
Huye
Ibanda
Ilemera
Isenga
Ityazo
Janjagiro
Jari
Jenda
Jomba
Kabale
Kabalele
Kabanda
Kabare
Kabare
Kabarondo
Kabaya
Kabilizi
Kabingo
Kabira
Kabirizi
Kabongoya
Kaboza
Kabuga
Kabuga
Kabutembo
Kabutindi
Kabuye
Kabyaza
Kacyiru
Kademero
Kadjumo
Kagabo
Kagano
Kagasa
Kagunga
Kagunga
Kakole
Kakoma
Kakute
Kalembule
Kalenda
Kamabara
Kambogo
Kamembe
Kamushuri
Kamuzamuzi
Kanama
Kanazi
Kangoma
Kangwandi
Kanogo
Kanombe
Kanyoni
Kanyundo
Kanzanza
Kanzenze
Karagari
Karago
Karama
Karama
Karama
Karama
Karambo
Karambo
Karambo
Karandarye
Karehe
Karengera
Karizinge
Karongo
Karotshyo
Karundi
Karushya
Kasaka
Kashango
Kataretare
Katshuriro
Kavumu
Kayanga
Kayenzi
Kayenzi
Kayenzi
Kayonza
Kayove
Kayovu
Kazo
Kendale
Kibadirwa
Kibagabaga
Kibali
Kibangu
Kibanza
Kibari
Kibasi
Kibayi
Kibazi
Kibembe
Kibilira
Kibinja
Kiboga
Kibungo
Kibungu
Kibungu
Kibuye
Kicukiro
Kidaho
Kigale
Kigali
Kigali
Kiganda
Kigarama
Kigarama
Kigarama
Kigasa
Kigembe
Kigeyo
Kigoma
Kigombe
Kikunyu
Kilambi
Kilarambogo
Kilimbi
Kimbwebwe
Kimironko
Kimiryi
Kimisange
Kinanira
Kindonye
Kindony
Kinigi
Kinigi
Kinihara
Kinihira
Kinihira
Kinogo
Kintarure
Kinyababa
Kinyamakara
Kinyambo
Kinyami
Kinyanja
Kinyantozi
Kinyoma
Kinyoni
Kinzuzi
Kipuye
Kiraga
Kirambo
Kirambo
Kiranga
Kiraro
Kirengo
Kirwa
Kiryi
Kisigiro
Kisiguro
Kisunzu
Kiterwe
Kitongati
Kitshasa
Kivuba
Kivu
Kivumu
Kivumu
Kivuye
Kiyanza
Kiyombe
Kiyonza
Kiziguru
Kizinga
Kizirakome
Kugihembe
Kukabira
Kukana
Kulisha
Kumana
Kumunini
Kumutaka
Kununya
Kurukara
Kuwingugu
Kuwinkingi
Kwibanda
Kyiombe
Kyiri
Leberu
Lemera
Linganwe
Lubilizi
Lubirizi
Luganda
Lugarama
Lugarama
Lugera
Lugera
Luhanga
Luhigiro
Luhonge
Luhunga
Lusitare
Lutendele
Luvulu
Mabanza
Mabare
Mabuye
Machuba
Macuba
Magi
Magina
Mahoko
Mahumbe
Maliba
Mamfu
Maraba
Marabuy
Mararo
Mareba
Masaka
Masango
Masha
Masogwe
Maso
Masoro
Matara
Mayaga
Maya
Mayange
Mayobe
Mbazi
Mbogo
Mbogo
Mbuye
Mbuye
Mibuba
Migina
Mikingo
Mitshiniro
Mizingo
Mont Buzigi
Mont Cyondo
Mont Gabegi
Mont Gaharo
Mont Gahengele
Mont Gatete
Mont Ghasheshe
Mont Giseke
Mont Gishikiri
Mont Jari
Mont Kabare
Mont Kakoma
Mont Kalenda
Mont Karama
Mont Kayenzi
Mont Kigali
Mont Kurukara
Mont Leberu
Mont Lemera
Mont Lugarama
Mont Lugera
Mont Luhonge
Mont Masogwe
Mont Mugusa
Mont Murama
Mont Murambi
Mont Muyumbu
Mont Mwulire
Mont Ndjari
Mont Ndoma
Mont Neke
Mont Nyakisu
Mont Nyamisangi
Mont Nyamiyaga
Mont Nyangara
Mont Nyaruwanga
Mont Nzega
Mont Rubona
Mont Ruhanga
Mont Rutoma
Mont Shololo
Mont Shori
Mpage
Mpanga
Mpanga
Mpare
Mpira
Mubori
Mubuga
Mubumbano
Mubumbano
Mudasomwa
Mudende
Mufumba
Mugakindu
Mugamba
Mugambazi
Mugano
Muganza
Mugejuru
Mugera
Mugesera
Mugina
Mugomba
Mugunga
Mugusa
Muhambo
Muhanda
Muhari
Muhazi
Muhehwe
Muhero
Muhingu
Muhorora
Muhororo
Muhoza
Muhura
Mukarange
Mukingi
Mukingo
Mukoma
Muko
Muko
Muko
Mukoni
Mukuyu
Mulamoi
Mulemule
Mulindi
Mulinja
Mulire
Mumatyazo
Munini
Munini
Munsheke
Munyinya
Munyove
Murama
Murama
Murama
Muramba
Muramba
Muramba
Murambi
Murambi
Murambi
Murambi
Murandi
Murangi
Murara
Muraza
Murehe
Murito
Murore
Murubaya
Murunda
Mururu
Muryorera
Musagara
Musama
Musambila
Musambira
Musange
Musasa
Musave
Musebeya
Musebeya
Muse
Musenge
Musenyi
Musezero
Musheri
Mushirarungu
Mushongi
Mushubati
Musoro
Musumba
Musumule
Mutambiko
Mutamo
Mutara
Mutego
Mutende
Mutima
Mutimasi
Mutimazi
Muti
Muti
Mutongo
Mutura
Muture
Mutusa
Mutuza
Muvumba
Muvumu
Muyaga
Muyage
Muyira
Muyumbu
Muyumbu
Muzenga
Mwanabili
Mwegera
Mwendo
Mwendo
Mwendo
Mwenya
Mweru
Mwijanda
Mwishe
Mwite
Mwito
Mwiviro
Mwufe
Mwulira
Mwulire
Mwumba
Myariro
Ndaganzwa
Ndago
Ndera
Ndiza
Ndoma
Ndora
Ndusu
Neke
Nemba
Nengo
Ngando
Ngange
Nganzo
Nganzo
Ngarama
Ngenda
Ngeruka
Ngiryi
Ngoma
Ngoma
Ngoma
Nguba
Ngurugunzu
Ngyrgyi
Nkamba
Nkana
Nkanda
Nkanka
Nkuli
Nkumba
Nkunzuzu
Nkurubuye
Nomba
Nseka
Nshili
Ntarabana
Ntebe
Ntehe
Ntobwe
Ntogwe
Ntoma
Ntonde
Ntyazo
Nulambi
Nyabichwamba
Nyabihu
Nyabikenke
Nyabishambi
Nyabisindu
Nyabisindu
Nyabisindu
Nyabiteke
Nyabugando
Nyacyonga
Nyagahinika
Nyagahita
Nyagasozi
Nyagatare
Nyagatugunda
Nyagisozi
Nyagitabire
Nyakabanda
Nyakabanda
Nyakabongo
Nyakabumgo
Nyakabungo
Nyakabungo
Nyakabu
Nyakabuye
Nyakanyinya
Nyakayogera
Nyakesha
Nyakibanda
Nyakibande
Nyakinama
Nyakingandu
Nyakisosi
Nyakizu
Nyamabuye
Nyamabuye
Nyamagabe
Nyamagana
Nyamengo
Nyamigogo
Nyamikama
Nyamikamba
Nyamirembe
Nyamisangi
Nyamiyaga
Nyamugali
Nyamugali
Nyamugari
Nyamutera
Nyamweru
Nyamyumba
Nyanda
Nyangara
Nyange
Nyankenke
Nyantomvu
Nyanza
Nyanza
Nyanza
Nyarubungu
Nyarubuye
Nyarugali
Nyarugenge
Nyarugina
Nyarugumba
Nyaruhengeli
Nyarukengeri
Nyarungu
Nyarurama
Nyarurama
Nyarushishi
Nyarutembe
Nyaruteme
Nyarutovu
Nyarutsi
Nyaruvumu
Nyaruwanga
Nyenje
Nyondo
Nyonilima
Nyundo
Nyunzwe
Nzahaha
Nzangwa
Nzega
Plateau Kipuye
Ramba
Rango
Rekisugi
Remera
Remera
Remera
Rimwe
Rongi
Rubaka
Rubavu
Rubaya
Rubeja
Rubona
Rubona
Rubona
Rubona
Rubona
Rubungo
Rubungu
Rudaga
Rugamba
Ruganda
Rugaragara
Rugaragara
Rugarama
Rugarama
Rugarama
Rugari
Rugendabari
Rugende
Rugendo
Rugenge
Rugera
Rugerero
Rugobagoba
Rugogwe
Rugoti
Ruhanga
Ruhanga
Ruhanya
Ruharabuge
Ruhara
Ruhashya
Ruhengeri
Ruhinga
Ruhoko
Ruhondo
Ruhurura
Ruinihingo
Rukara
Rukira
Rukira
Rukoko
Rukoma
Rukomo
Rukona
Rukondo
Rukoro
Rukura
Runda
Runyanga
Runyinya
Runyinya
Runyinya
Rurama
Rusasa
Rusatira
Rusayo
Rusebeya
Rusekera
Rusekera
Rushari
Rushashi
Rushebeya
Rusiga
Rusingi
Rusororo
Rusoro
Rusumo
Rususa
Rutamba
Rutare
Rutarure
Rutobwe
Rutogbe
Rutoma
Rutonde
Rutonde
Rutondwe
Rutongo
Rutsiro
Ruwiri
Ruyange
Ruyaraka
Ruyenzi
Ruyonga
Rwabicuma
Rwabidege
Rwahi
Rwakirari
Rwamagana
Rwamatamu
Rwamiko
Rwamiko
Rwamiko
Rwangara
Rwani
Rwankeri
Rwankomo
Rwankuba
Rwankuba
Rwanya
Rwarenga
Rwasama
Rwasama
Rwaza
Rwegenya
Rwempasha
Rwenjara
Rwerere
Rwesero
Rwimbogo
Rwimitereri
Rwinkuba
Rwinkwavu
Rwoga
Rwumba
Ryandinzi
Saga
Sake
Sanga
Satinsyi
Sayo
Shahara
Shangasha
Shango
Shangugu
Shara
Sha
Sheke
Shenga
Sholi
Shololo
Shonga
Shori
Shuti
Shyanda
Shyogi
Shyorongi
Songa
Syogi
Tabagwe
Taba
Taba
Tambwe
Tandalukara
Tanda
Tare
Tovu
Tshanzozo
Tshato
Tsheya
Tshyondo
Tshyugaro
Tumba
Umufu
Umwige
Winteko
Yenda
Yonde
Zivu
