Aalia
Aba ad Dud
Aba al Hiran
Aba al Kibash
Aba ar Ruwath
Aba as Su`ud
Abab
Ab-ad-Dud
Abalah
Abal Dud
Abaqaiq
Abarahee at Taybi
Abar el-Shifaiya
Aba Sa`ud
`Abassah
`Abd al Mutliq
Abd Mutliq
Abha
Abhur al Janubiyah
Abi `Arish
Abkayk
Abqaik
Abqaiq
Abqayq
Abraqiyah
`Absiya
`Absiyah
Abu `Alaq
Abu al `Arish
Abu al Kibash
Abu al Qa`a'id
Abu al Qa`ayid
Abu an Na`am
Abu `Arish
Abu ar Radif
Abu `Ashirah
Abu as Suwadi
Abu at Tuyur
Abu Dhiba
Abu Diba`
Abu Diha`
Abu Duba`
Abu Duda
Abu Dudah
Abu es Suadi
Abu Hadriya
Abu Hadriya Camp
Abu Hadriyah
Abu Hajar A`la
Abu Hajar al A`la
Abu Hajar Ula
Abu Hanash
Abu Hanesh
Abu Hasani
Abu Hathrah
Abu Hisani
Abu `Irwah
Abu Jassa
Abu Jilal
Abu Jissah
Abu Jusaysah
Abu Khusayfa'
Abu Kirsh
Abul Kabash
Abu Makhruq
Abu Maragh
Abu Ma`raj
Abu Ma`rij
Abu Markha
Abu Markhah
Abu Marwa
Abu Marwah
Abumnura
Abu Nakhla
Abu Nakhlah
Abu Qa`ar
Abu Qirfah
Abu Radif
Abu Rijum
Abu Rubaiq
Abu Rubayq
Abu Rukab
Abu Salama
Abu Salma
Abu Sawr
Abu Sha`ib
Abu Shaibana
Abu Shaitana
Abu Shauk
Abu Shauk
Abu Shawk
Abu Shawk
Abu Shaytanah
Abu Sheitana
Abu Shu`ayb
Abu Sidayrah
Abu Sulal
Abu Talh
Abu Tutah
Abu `Urwah
Abyar `Ali
Ac-Chafe
A`dabi
Adaim
Adan
Adaya
Ad Da`abah
Ad Dabbah
Ad Dabbah
Ad Dabbiyat al Janubiyat
Ad Dabbiyat ash Shamaliyat
Ad Dab`iyah
Ad Dab`iyah
Ad Dadiyah
Ad Daff
Ad Dafinah
Ad Dafinan
Ad Dagharir
Ad Dahinah
Ad Dahis
Ad Dahlah
Ad Dahw
Ad Dahya'
Ad Dakhilah
Ad Dal`ah
Ad Dalfa`ah
Ad Dam
Ad Dammam
Ad Damthi
Ad Darah
Ad Dar al Bayda'
Ad Dar al Bayda'
Ad Dar as Sufla
Ad Darb
Ad Darb
Ad Dath
Ad Dathir
Ad Dawadami
Ad Dawadimi
Ad Dawh
Ad Dawh al Kabir
Ad Dawh as Saghir
Ad Dawqah
Ad Dhid
Ad Digayik
Ad Dihalah
Ad Dihasiyah
Ad Dihwah
Ad Dilam
Ad Dilaymiyah
Ad Dimasah
Ad Dirah
Ad Dir`iyah
Ad Dir`iyah
Ad Diriyah
Ad Dirs
Ad Du`abah
Ad Dubay`ah
Ad Dubayjah
Ad Dubayyah
Ad Dubbat
Ad Dubiyah
Ad Duhu
Ad Dulaymiyah
Ad Dulu`
Ad Dumayriyah
Ad Duqah
Ad Dur
Ad Durayhamiyah
Ad Duray`iyah
Ad Dur`iyah
Ad Duwadami
Ad Duwayd
Ad Duwayhirah
A`dhabi
Adhaim
Adh Dhabiyah
Adh Dhagharir
Adh Dhanbah
Adh Dharma
Adh Dhibah
Adh Dhibiyah
Adh Dhibiyah
Adh Dhirwayin
`Adimah ash Shamran
`Adimat ash Shumran
`Afif
Aftara
Ahad al Masarihah
Ahad Marrat
Ahlab-ad-Dud
Ahl al Ash`af
Ahl Dhuwaiyan
Ahl Hanaish
Ahl Hunaysh
Ahl Muhammad
Ahl Sufran
Ahl Zurqan
`Ainah
`Ain
Ainain
Ainan
Ain Dar
Ain ibn Fuhaid
Ain Lebdah
Ain Rig
`Ainuna
`Ajaj
Ajama
Ajam
`Ajam
Ajam al Qatif
`Ajibah
`Ajjah
`Ajmiya
`Ajmiyah
`Ajnuna'
Ajyad
`Akar
`Akaz
Al `Aba
Al `Ababid
`Alabah
Al Abar
Al `Abbas
Al `Abbasiyah
Al `Abdaliyah
Al `Abidiyah
Al `Abis
Al Abtiyat
Al `Adamah
Al `Adan
Al ad Dahis
Al ad Daramah
Al ad Duwayh
Al `Adhabah
Al `Adhar
Al Adh'dhah
Al `Adhiriyah
Al `Adl
Al `Afus
Al Agrabiyak
Al Ahad al Masarihah
Al Ahmar
Al `A'id
Al Ajam
Al Ajfar
Al Ajfur
Al `Ajjabat
Al `Ajrumiyah
Al `Akarah
Al-`Akejla
Al Akhal
Al Akhdar
Al `Alawah
Al `Alayyah
Al `Allayyah
Al `Alyan
Al `Ama'ir
Al `Amal
Al Amarah
Al `Amar
Al `Amayir
Al Amghar
Al Amira
Al `Amirah
Al `Amir
Al Amiriyah
Al Amlah
Al `Ammaj
Al `Ammariya
Al `Ammariyah
Al `Amrah
Al `Amudah
Al Andalus
Al an Nanisah
`Alaqan
Al `Aqaylah
Al `Aqiq
Al `Aqiq
Al `Aqir
Al `Aqrabiya
Al `Aqrabiyah
Al `Arfajiyah
Al`Aridah
Al `Arin
Al `Arine
Al `Arja'
Al Artawi
Al Artawi ash Shamali
Al Artawiyah
Al Asamilah
Al Asamir
Al Ash`ariyah
Al `Ashash
Al `Ashayr
Al Ashraf
Al Ashraf
Al Ashram
Al ash Shaykh
Al `Asibat
Al `Assafiyah
Al Assan
Al as Sawat
Al Astral
Al `Ataya
Al `Ateefah
Al Athalah
Al Athamah
Al Athlah
Al Athlah
Al Athlah
Al at Tafilah
Al `Attar
Al at Tawil
Al `Atyan
Al `Awajiyah
Al `Awali
Al `Awali
Al `Awamiyah
Al `Awazim
Al-`Awda
Al `Awdah
Al `Awd
Al `Awd
Al Awjam
Al Awqair
Al Awqayr
Al `Awran
Al `Awsajiyah
Al `Awsajiyah
Al Awsat
Al `Awshaziyah
Al `Awshaziyah
Al `Ayayyah
Al `Aydah
Al `Ayfah
Al `Ayid
Al `Ayinah
Al Ayish
Al `Ayn
Al `Ayn
Al `Ayn
Al `Ayn
Al `Ayn al Bayda'
Al `Ays
Al `Aysh
Al `Aytaliyah
Al `Azamiyah
Al `Azazah
Al `Aziziyah
Al `Aziziyah
Al `Aziziyah
Al Ba`a'ith
`Alba'
Al Ba`ayith
Al Bada'i`
Al Bada'i` al `Ulya
Al Bada'i` al Wusta
Al Bad`
Al Bad`
Al Bad` al Qadim
Al Badawi
Al Badi`ah
Al Badi`
Al Badi'
Al Badi`
Al Badi'
Al Badiriyah
Al Badiyah
Al Badiyi`
Al Badr
Al Bahadah
Al Bahah
Al Baharah
Al Bahawal
Al Ba`id
Al Ba`ja'
Al Ba`jah
Al Bakhra'
Al Bakrah
Al Balad
Al Bani Thawr
Al Bani Thur
Al Baqaq
Al Barabir
Al Bardiyah
Al Barik
Al Barjasiyah
Al Barkah
Al Barrah
Al Barraq
Al Barraqiyah
Al Barud
Al Barud
Al Barzah
Al Basam
Al Basar
Al Bashir
Al Basirah
Al Basiri
Al Bathah
Al Batra'
Al Battaliyah
Al Bawathil
Al Bayda`
Al Bayda'
Al Bazazah
Al-Bed`
Al Bi'ar
Al Bida`
Al Bid`
Al Bid`
Al Bid`
Al Bidayyi`ah
Al Bijadiyah
Al Bikah
Al Bilad al Wusta
Al Biqa`
Al Bir
Al Bir
Al Bi'r
Al Birk
Al Biyadi
Al Bu`aythiyah
Al Buhrah
Al Bujaydi
Al Bukayriyah
Al Buraik
Al Buraykah
Al Burayk
Al Burud
Al Bustan
Al Butayn
Al Butayniyat
Al Butayra'
Al Buwatah
Al Buwaybiyah
Al Buwayridah
Al Daff
Al Dahrah
Al Dalham
Al-Dawadimi
Al Dawdaf
Al Dhuhrah
Al Dibah
Al-Dir`iyya
Al Djufaydiriyya
Al Duwayh
Al `Erq
Al Fadili
Al Fahd
Al Fa'ijah
Al Faisaliyah
Al Fa'iziyah
Al Fakhiriyah
Al Fakhriyah
Al Falah
Al Falah
Al Falt
Al Fanatir
Al Faqirah
Al Fara`
Al Far`ah
Al Far`ah
Al Far`ah
Al Far`ah
Al Farah
Al Far`ah
Al Far`ayn
Al Farhan
Al Farhaniyah
Al Far`iyah
Al Farrash
Al Farridah
Al Farsah
Al Farshah
Al Farshah
Al Faruq
Al Faruthi
Al Farwan
Al Fasl
Al Fatah
Al Fatat
Al Fatihah
Al Fawwarah
Al Fawwarah
Al Fawwaz
Al Faydah
Al Faydah
Al Faydah
Al Faydah
Al Faydah
Al Fayd
Al Fayd
Al Fayha'
Al Fayijah
Al Faysaliyah
Al Faysaliyah
Al Faysaliyah
Al Faysaliyah
Al Faysaliyah
Al Fayuah
Al Fazz
Al Firqah
Al Fiwan
Al Fiyad
Al-Fudhul
Al Fudul
Al Fukah
Al Furay`
Al Furaysh
Al Furuthi
Al Futah
Al Fu'ur
Al Fuwayliq
Al Fuwayliq
Al Gaback
Al Garrah
Al Gattan
Al-Getamijje
Al-Gfejfe
Al Ghabib
Al Ghabra'
Al Ghabra'
Al Ghadir
Al Ghadya'
Al Ghaf
Al Ghaff
Al Ghafiyah
Al Ghamya'
Al Ghanam
Al Ghanamiyah
Al Ghananim
Al Ghanmiyah
Al Ghar
Al Gharif
Al Gharith
Al Gharrah
Al Ghassalah
Al Ghat
Al Ghat
Al Ghat
Al Ghaydaniyah
Al Ghayl
Al Ghayl
Al Ghaylanah
Al Ghaylan
Al Ghazalah
Al Ghulah
Al Ghumayyisah
Al Ghurabah
Al Ghuraim
Al Ghurayri
Al Ghutamiyah
Al Ghutghut
Al Ghuzayz
Al Haba
Al Habah
Al Habashi
Al habil
Al Hada
Al Hada
Al Hadan
Al Hadaqah
Al Hadaq
Al Hadba'
Al Hadbah
Al Haddadah
Al Haddar
Al Hadidah
Al Hadidiyah
Al hadilah
Al-Hadita
Al Hadithah
Al Hadrur
Al Hafah
Al Hafar
Al Hafayir
Al Hafirah
Al Hafnah
Al Hafr
Al Ha'ir
Al Ha'it
Al Haiyaniya
Al Hajar
Al-Hajar
Al-Hajjanijje
Al Hajnawi
Al Hajrah
Al Hajyé
Al Halaliyah
Al Halami
Al Halaqah
Al Hamadah
Al Hamadah
Al Hamar
Al Hamdah
Al Hamd
Al Hamidah
Al Hamidah
Al Hamimah
Al Hamiriyah
Al Hamjah
Al Hamjah
Al Hamjah
Al Hamma
Al Hammad
Al Hammah
Al Hamra'
Al Hamra'
Al Hamra'
Al Hamr
Al Hanakiya
Al Hanakiyah
Al Hanashah
Al Hani
Al Hani
Al Hanish
Al Haql
Al Haqu
Al Haqw
Al Haqw
Al Harani
Al Hararah
Al Harasa
Al Haras
Al Harayr
Al Harf
Al Harijan
Al Hariq
Al Harma
Al Harmaliyah
Al Harra'
Al Hasamah
Al Hasan
Al Hasan
Al Hasaniyah
Al Hasar
Al Hasasinah
Al Hasat al Khaniqah
Al Hasherij
Al Hassi
Al Hathirah
Al Hati
Al Hawatimah
Al Hawiyah
Al Hawja'
Al Hawmah
Al Hawrani
Al Hawtah
Al Hawtah
Al Hawt
Al Hayathim
Al Hayd
Al Hayir
Al Hayit
Al Hayra
Al Haysam
Al Hayyaniyah
Al Hazim
Al Hazimi
Al Hazm
Al Hazm
Al Hazm
Al Hegr
Al-Hfene
Al-Hfêr
Al Hidn
Al Hifnah
Al Hijanbah
Al Hijfar
Al Hijr
Al Hijriyah
Al Hijun
Al Hilaliyah
Al Hilla
Al Hillah
Al Hillah
Al Hilwa
Al Hilwah
Al Himliyah
Al Hinakiyah
Al Hinayniyah
Al Hindawiyah
Al Hindiyah
Al Hinnah
Al Hinnah
Al Hishah
Al Hisi
Al Hisn al Adshfar
Al Hisn al Ala
Al Hissu
Al Hisun
Al Hisyan
Al Horm
Al-Hrajbe
Al Hubayriyah
Al Hudaylah
Al Hufayr
Al Hufayyirah
Al Hufrah
Al Hufuf
Al-Hulailah
Al Hulaylah
Al Hulaysiyah
Al Hulwah
Al Humaidha
Al Humaydah
Al Humaymah
Al Humayra'
Al Humayzah
Al Humil
Al Hunayy
Al Huraimala
Al Huraiyiq
Al Hurayq
Al Hurayr
Al Hurayyiq
Al Hurm
Al Husayni
Al Husayniyah
Al Husayniyah
Al Husayy
Al Husn al Adshfar
Al Husn al Ala
Al Husun
Al Huwah
Al Huwaiyit
Al Huwaydi
Al Huwaymidah
Al Huwayrah
Al Huwayrrah
Al Huwayyit
Al Huwwah
`Ali Bin Zuhayr
Al `Ididi
Al `Idwah
Al `Idwah
Al Ifayhid
`Ali Hamad
`Ali Huwayl
Al `Irfan
Al `Irjayn
Al `Irq
Al Irtawiya
Al `Isam
Al `Isawiyah
Al `Ishash
Al Ishay`il
Al `Ishsh
Al Iskan
Alista
`Aliya
Al `Iyaynah
Al Izdihar
Al Jabiri
Al Jabiriyah
Al Jabiriyah
Al Jabriyah
Al Jabriyah
Al Jadi
Al Jadidah
Al Jadidah
Al Jadidah
Al Jadid
Al Ja`diyah
Al Jadyah
Al Jafa
Al Jafr
Al Jahu
Al Ja`lah
Al Jalamid
Al Jami`ah
Al Janadiriyah
Al Janubiyah
Al Jar`a'
Al Jaradah
Al Jarad
Al Jarad
Al Jaradiyah
Al Jarawi
Al Jardhawiyah
Al Jariyah
Al Jarradiyah
Al Jawah
Al Jawf
Al Jawwah
Al Jaww
Al Jaz`ah
Al Jazi
Al Jazirah
Al Jid`
Al Jifarah
Al Jifayrat
Al Jilf
Al Jilh
Al Jimah
Al Jirbah
Al Jirthamiyah
Al Jishshah
Al-Jishshan
Al Jisimah
Al Jissah
Al Jith
Al Jithamiyah
Al Jithyathah
Al Ju`aydah
Al Jubaila
Al-Jubail
Al Jubaylah
Al Jubayl
Al Jubayl Industrial City
Al Jubb
Al Judaida
Al Judaydah
Al Judayyidah
Al Judayyidah
Al Judhamiyah
Al Jufaifa
Al Jufaydiriyah
Al Jufayfah
Al Jufayr
Al Juhfah
Al Juhu
Al Jullab
Al Jum`ah
Al Jumaymah
Al Jummayzah
Al Jumum
Al Jumun
Al Junayfah
Al Junayfi
Al Junaynah
Al Junibah
Al Ju`ranah
Al Jurayba'
Al Jurayfah
Al Juraysa
Al Juraysah
Al Jurayyir
Al Jurdhawiyah
Al Jussah
Al Juwayfah
Al Kabrit
Al Kahafah
Al Kahfah
Al Kahfah
Al-Kahma
Al Kamil
Al Karbah
Al Karbus
Al-Kasab
Al-Kasab
Al Kasib
Al-Kasr
Al Kawahilah
Al Kayd
Al-Kfâr
Al Khabbah
Al Khabra'
Al Khadra' al Janubiyah
Al Khadra'
Al Khadra'
Al Khadra' ash Shamaliyah
Al Khadrah al Janubiyah
Al Khadrah
Al Khadrah ash Shamaliyah
Al Khafaq al Jadid
Al Khafaq al Qadim
Al Khafji
Al Khalaf
Al Khala'iq al Gharbiyah
Al Khala'iq ash Sharqiyah
Al Khalas
Al Khalf
Al Khalidiyah
Al Khalidiyah
Al Khalij
Al Khamasin
Al Khammasin
Al Khamrah
Al Khaniq
Al Khansak
Al Kharabah
Al Kharadilah
Al Kharayij
Al Kharfa
Al Kharfah
Al Kharjah
Al Kharj
Al Kharkhayr
Al Kharma' al Janubiyah
Al Kharma'
Al Kharma'
Al Kharma' ash Shamaliyah
Al Khars
Al Khasawiyah
Al Khashabiyah
Al Khasirah
Al Khatayshiyah
Al Khatilah
Al Khawbah
Al Khawjarah
Al Khawsh
Al Khawwari
Al Khaydar
Al Khayf
Al Khayt
Al Khis
Al Khishaybi
Al Khishl
Al Khobar
Al Khubah
Al Khubara'
Al Khubar
Al Khubra
Al Khubrah
Al Khufayfah
Al Khufayfiyah
Al Khulafiyah
Al Khulasah
Al Khunayqiyah
Al Khunn
Al Khuraiba
Al Khuraybah
Al Khuraymi
Al Khuraysha'
Al Khurmah
Al Khushaybi
Al Khushaybi
Al Khutamah
Al Khutaym
Al Khuttah
Al Khuwayjiah
Al Khuwayjiyah
Al Khuways
Al Khuzama
Al Kidadiyah
Al Kidwah
Al Kihafah
Al Kihayfiyah
Al Kilabiyah
Al Kilabiyat
Al-Kira`
Al Kirs
Al Kitimah
Al-Ksejbe
Al Kuds
Al Kuhayfiyah
Al Kulakhiyah
Al Kulla
Al Kumah
Al-Kunfudha
Al Kura`
Al Labbah
Al Laghfah
Al Lahabah al Janubiyah
Al Lahabah
Al Lahabah ash Shamaliyah
Al-Lakita
Al Laqayit
Al Laqitah
Al Laqyah
Al Lasafah
Al Lidam
Al Lihabah
Al Liqa'
Al Lisafah
Al Lith
Al Lughfiyah
Al Lughfiyah
Al Lumayma'
Al Luqiyah
Al Luwaybidah
Al Luwaymi
Al Ma`abidah
Al Ma'abid
Al Ma'amil
Al Ma`aqas
Al Ma`arid
Al Ma`arif
Al Ma`ashbah
Al Ma`ayin
Al Ma`azil
Al Mabarraz
Al Mabda`
Al Mabiyah
Al Mabná
Al Mab`uthah
Al Madabi`
Al Mad
Al Madarah
Al Madaya
Al Madayah
Al Maddah
Al Madhah
Al Ma`dhar
Al Ma`dhar ash Shamali
Al Madhiq
Al Madhiq
Al Madina
Al Madinah
Al Madinah
Al Madinah al Munawwarah
Al Madinah as Sina`iyah
Al Madiq
Al Madiq
Al Madra'
Al Madrakah
Al Mafraq
Al Maghal
Al Magharibah
Al Maghrafiyah
Al Mahabbah
Al Mahalani
Al Mahallah
Al Mahamid
Al Mahani
Al Mahash
Al Mahattah
Al Mahawiyah
Al Mahdam
Al Mahjar
Al Mahruqat
Al Mahshush
Al Ma'ish
Al Majaridah
Al Majarish
Al Majma`ah
Al Majma
Al Makhlutah
Al Makhul
Al Makhwah
Al Makzam
Al Makzum
Al Malahah
Al Malahah
Al Malaz
Al Malbanah
Al Mali
Al Mallah
Al Mallat
Al Malqa'
Al Manakh
Al Mani`
Al Manifiyah
Al Mani`iyah
Al Manjarah
Al Mansouriyah
Al Mansurah
Al Mansuriyah
Al Ma`qas
Al Maqnah
Al Maqrah
Al Marabi
Al Maraghah
Al Marah
Al Ma`rash
Al Markaz
Al Markuz
Al Marmá
Al Marmuthah al Janubiyah
Al Marqab
Al Marwá
Al Marwah
Al Marwah
Al Marwah
Al Masani`
Al Masarrah
Al Masbar
Al Masfalah
Al Mashaer
Al Masha'ikh
Al Masha`ilah
Al Mashayikh
Al Mashramiyah
Al Ma`shuqah
Al Masif
Al Masna`ah
Al Massarah
Al Mathnah
Al Matrif
Al Mayasam
Al Maysari
Al Ma`yuf
Al Mayyah
Al Mazri`
Al Medina
Al Midhnab
Al Midhya'
Al Mifa
Al Mighzal
Al Mihayniyah
Al Mijasas
Al Mijazah
Al Mikhlaf
Al Mikhwah
Al Milhah
Al Mindak
Al Mindaq
Al Mindassah al Gharbiyah
Al Mindassah ash Sharqiyah
Al Mi`qas
Al Mish`ab
Al Mishash
Al Mishash
Al Mishillahah
Al Miski
Al Mislanah
Al Mith`ab
Al Mi`zal
Al Mosna`a
Al Mu`abba'
Al Mu`ayqilat
Al Mu`aysim
Al Mu`ayzilah
Al Mubarak
Al Mubarakiyah
Al Mubarikiyah
Al Mubarraz
Al Mubarraz
Al Mubaydi`
Al Mudarra`ah
Al Mudarraj
Al Mudawwarah
Al Mudayyih
Al Mudhaylif
Al Mudhnib
Al Mufajah
Al Mufrihat
Al Mugharah
Al Mughaydir
Al Mughayra'
Al Mugheidir
Al Muhammad
Al Muhammadi
Al Muhammadiyah
Al Muharraqah
Al Muhassin
Al Muhawal
Al Muhsam
Al Muhtaraqah
Al Mujahidin
Al Mujamma`
Al Mujammah
Al Mujassas
Al Mukahhal
Al Mukanbil
Al Mukayli
Al Mukhallad
Al Mukhallid
Al Mukharim
Al Mukhaydir
Al Mukhtalif
Al Mulaihiyah
Al Mulayha'
Al Mulayh
Al Mulayh
Al Mulayhiyah
Al Mulaylih
Al Mulayniyah
Al Multasa
Al Munaizilah
Al Munayzilah
Al Munayzir
Al Mundassah
Al Mundassah
Al Muqayti`
Al Muqr
Al Murabba`
Al Murabba`
Al Muraybá
Al Murayr
Al Muraysiyah
Al Mursilat
Al Muruj
Al Musa
Al Musallamiyah
Al Musandaq
Al Musaybir
Al Musayjid
Al Mushallahah
Al Mushash
Al Mushash
Al Mushayritah
Al Mushaytiyah
Al Mushazzib
Al Mushirah
Al Muski
Al Mustajidah
Al Mustajiddah
Al Mutairifi
Al Mutaiwiyah
Al Mutarrifiyah
Al Mutayniyat
Al Mutayrifi
Al Mutaywi
Al Mutaywi ash Shamali
Al Mutaywiyah
Al Muthab
Al Mutrif
Al Muwanisiyah
Al Muwassam
Al Muwayh
Al Muwayh al Qadim
Al Muwaykir
Al Muwaylih
Al Muyyah
Al Muzahimiyah
Al Muzaylif
Al Muzayri`
Al-Mweleh
Al Nadir
Al Na`imah
Al Naman
Al Nawariyah
Al-Nimas
Al Nuqaia`h
Al `Oqair
Al `Orosh
Alowa
Al Qa`
Al Qa`
Al Qa`
Al Qa`
Al Qa`ar al A`la
Al Qab`iyah
Al Qadab
Al Qadhf
Al Qadhif
Al Qadhima
Al Qadimah
Al Qadisiyah
Al Qahab
Al Qahmah
Al Qahm
Al Qa`id
Al Qa'im
Al Qa`iyah
Al Qal`ah
Al Qalibah
Al Qaltah
Al Qalt
Al Qamri
Al Qara`ah
Al Qar`a'
Al Qar`a'
Al Qar`a'
Al Qara
Al Qar`a'
Al Qarah
Al Qarah
Al Qar`ah
Al Qarah
Al Qarahin
Al Qara'in
Al Qararah
Al Qararah
Al Qararah
Al Qarawayn
Al Qarfa'
Al Qarha'
Al Qari
Al Qarina
Al Qarinah
Al Qarn
Al Qarn
Al Qarn
Al Qarqar
Al Qaryah
Al Qaryat
Al Qas`a'
Al Qasab
Al Qasab
Al Qasara
Al Qashah
Al Qashashiyah
Al Qashshah
Al Qasr
Al Qasr
Al Qasr
Al Qatif
Al Qawba'
Al Qawba`iyah
Al Qaw`i
Al Qawsah
Al Qawsah
Al Qawzayn
Al Qay`iyah
Al Qaym
Al Qaysumah
Al Qaysumah
Al Qazzahah
Al Qidrawiyah
Al Qifaf
Al Qirinah
Al Qirshan
Al Qirw
Al Qisamah
Al Qu`ayyir
Al Qub`iyah
Al Qubsah
Al Qudayh
Al Qudayh
Al Qudaymah
Al Quds
Al Qufaifa
Al Qufar
Al Qufayfah
Al Qufayf
Al Quful
Al Qulaybayn
Al Qulayyibah
Al Qulayyib
Al Qunaytirah
Al Qunfidha
Al Qunfidhah
Al Qunfudhah
Al Quraimisa
Al-Qurain
Al Qurayb
Al Quraymisah
Al Qurayn
Al Qurayn
Al Qurayn
Al Qurayn
Al Qurayyah
Al Qurayyat
Al Qusaiba
Al Qusaybah
Al Qusaybi
Al Qusayr
Al Qusayr
Al Qushashiyah
Al Qusuriyah
Al Qutb
Al Qu`tubah
Al Quwah
Al Quwam
Al Quwara
Al Quwarah
Al Quway`
Al Quway`iyah
Al Quway`iyah
Al Quwayz
Al Quwwah
Al Rafi`ah
Al-Rawda
Al Rawdah
Al-Rawshan
Al-Rayâna
Al-Razale
Al Ruqayyiqah
Al Russ
Al Sabat
Al-Sabya
Al Salma
Al Satan
Al-Sayh
Al-Sha`bah
Al Shaharin
Al Shayban
Al-Shukayk
Al-Shuqaiq
Al-Sidara
Al Sirhan
Al-Sitara
Al-Ta'if
Al Tamam
Altammah
Al-Taraf
Al Tawilah
Al Tawlah
Al Thaqbah
Al Tuhaimiyah
Al-Turbaibil
Al-Tuwaithir
Al `Uarayja' al Gharbiyah
Al `Ubaylah
Al `Ud
Al `Udayliyah
Al Udhailiya
Al `Ukayshah
Al Ukaz
Al Ukhaydir
Al `Ula
Al `Ulayin
Al `Ulayya'
Al `Ulayya
Al `Ulayya'
Al `Ulayyah
Al `Ulu
Al `Ulya
Al `Ulya
Al `Umaniyah
Al Umbarak
Al Umla`aya
Al `Umran
Al `Uqaylah
Al `Uqaylah Kaf
Al `Uqaylat
Al `Uqayr
Al `Uqdah
Al `Uqdah
Al `Uqlah
Al `Uqlah
Al `Uqlah
Al Uqlah
Al `Uqul
Al `Uraydiyah
Al `Urayja'
Al `Urayja' al Wusta
Al `Urfan
Al `Usaylah
Al `Ushayr
Al `Ushwah
Al `Utaybiyah
Al `Utayyiq
Al Uthaithiya
Al `Uthmaniyah
Al `Uwainid
Al `Uwaynid
Al `Uwayqilah
Al `Uyaynah
Al `Uyaynah
Al `Uyun
Al `Uyun
Al `Uyun
Al `Uyun
Al `Uzaym
Al Wadi
Al Wadi
Al Wadi
Al Wadiyayn
Al Wahabah
Al Wahat
Al Wahbah
Al Wahlah
Al Waht
Al Wajh
Al Wannan
Al Waqid
Al Wasat
Al Washam
Al Washi`ah
Al Washm
Al Washqah
Al Washwash
Al Wasi`ah
Al Wasili
Al Wasitah
Al Wasit
Al-Waswas
Al Watah
Al Watah
Al Watat
Al Watyah
Al Wayiliyah
Al Waziyah
Alwejh
Al Wizarat
Al Wu`ayli
Al Wubayriyah
Al Wuday`ah
Al Wuday
Al Wuday
Al Wudayy
Al Wudayy
Al Wudiyah
Al Wuhayt
Al Wuqid
Al Wurud
Al Wusayl
Al Wusayta'
Al Wusayta'
Al Wusayta'
Al Wusayyi`ah
Al Wusta
Al Wutah
Al-Wuzid
`Alya'
`Alya'
Al Yamama
Al Yamamah
Al Yamaniyah
Al Yaqutiyah
Al Yarmuk
Al Yasmin
Al Yazid
Al Yunis
Al Zabyah
Al Zahrah
Al Za`ir
Al Zarib
Al Zuhrah
Al Zumamiyah
Al Zuwaydiyah
`Ama'ir
`Amairiya
`Amar
Ambak
`Amdah
Amlah
`Ammar
`Ammariya
`Ammariyah
`Anaiza
'Anaizah
Anaizeh
Anbak
Anda
Andah
Anek
Anik
Aniker
`Ank
An Na`amah
An Na`am
An Na`ayim
An Nabhaniyah
An Nabk Abu Nakhlah
An Nabk Abu Qasr
An Nabk
An Nabqiyah
An Nadi
An Nafal
An Nafi
An Nahdah
An Na`imah
An Na`imah
An Najamiyah
An Nakhil
An Nakhra'
An Namudhajiyah
An Naqa
An Narjas
An Nasfah
An Nasifah
An Nasim al Gharbi
An Nasim
An Nasim ash Sharqi
An Nasiriyah
An Nasiriyah
An Nawmaniyah
An Nazayim
An Nazim
An Nazim
An-Nêjijje
An Ni`ayy
An Nibaj
An Nijibah
An Nikashah
An Nimas
An Nimriyah
An Nisiyah
An Niswan
An Nizim
An Nu`ayriya
An Nu`ayriyah
An Nubqiyah
An Nughayq
An Nukhayl
An Nukhayshiyah
An Nu`man
An Numaniyah
An Nuqay`ah
An Nuqrah
An Nur
An Nuwaytah
An Nuzhah
An Nuzhah
`Anqa'
`Anqa'
`Anqarah
Anta'
`Antutah
`Aqabah
`Aqabat al `Alb
`Aqba
`Aqda
Aqda
`Aqim
`Aqiq
Aqiq
Aqla
`Aqla
Aqlat al Suqur
`Aqlat as Suqur
Ara`ar
`Arab
`Arafat
Arai`ra
`Ar`arah
`Ar`ar
`Arawah
Arbal Allah
`Arda
`Ardah
Ardha
`Ardha
`Arfah
Arfan
`Arid
Arim
`Arin
`Arish
Arja
'Arjah
`Arjah
Arqa
Arquiya
Ar Rabad
Ar Rabbah
Ar Rabi`
Ar Rabi`iyah
Ar Rabwa'
Ar Rabwah al `Ulya
Ar Rabwah
Ar Rabwah
Ar Rabwah as Suflá
Ar Radah
Ar Radifah
Ar Radi`i
Ar Rafah
Ar Rafa'i`
Ar Rafayi`
Ar Rafgha'
Ar Rafi`ah
Ar Rafi`ah
Ar Rafi`ah
Ar Raga`i
Ar Raghba
Ar Raghbah
Ar Raghdan
Ar Raghib
Ar Raghib
Ar Raghiyah
Ar Rahmaniyah
Ar Rahwah
Ar Rakah
Ar Ramadah
Ar Ramadiyat
Ar Rashawiyah
Ar Rasifah
Ar Rass
Ar Rawabi
Ar Rawamah
Ar Rawdah
Ar Rawdah
Ar Rawdah
Ar Rawdah
Ar Rawdah ash Shamaliyah
Ar Rawd
Ar Rawd
Ar Rawgh
Ar Rawshan
Ar Rayana
Ar Rayhah
Ar Rayn
Ar Raysh
Ar Rayth
Ar Rayyanah
Ar Rayyan
Ar Rayyan
Ar Rayyan
Ar Rayyar
Ar Ri`
Ar Ridifah
Ar Rihab
Ar Rimah
Ar Rimayah
Ar Rishadin
Ar Rishawiyah
Ar Riyad
Ar Riyadh
Ar Rownah
Ar Ru'ays
Ar Rubad
Ar Rubay`ah
Ar Rubay'iyah
Ar Rubian
Ar Rudaymah
Ar Rughbah
Ar Ruhaymiyah
Ar Rukbah
Ar Ruknah
Ar Rukubah
Ar Rumadiyat
Ar Rumah
Ar Rumhiyah
Ar Rumi
Ar Ruqaiqa
Ar Ruqayyiqah
Ar Ruq`i
Ar Rusayfah
Ar Rushda
Ar Rutbah
Ar Ruwanah
Ar Ruwan
Ar Ruwaq
Ar Ruway`
Ar Ruwaydah
Ar Ruwaydah
Ar Ruwaydat
Ar Ruwayhan
Artawi ar Raqqas
Artawi
Artawiyah
Artawiyya
`Arwa
`Arwa'
`Arwah
Arya`
`Aryam
Asalan
Asfaan
Asfalah
Asfal al Batin
Asfan
Ashaira
Ashaira
'Ashairah
Ashavaghira
`Ashayrah
`Ashayrah
Ashburma
Ashruwat
Ash Sha`afah
Ash Sha`af
Ash Sha`arah
Ash Sha`ar
Ash Sha`ar
Ash Sha`bah
Ash Shabariqah
Ash Sha`bayn
Ash Shabbakiyah
Ash Shabibiya
Ash Shafa
Ash Sha`f
Ash Shafayyah
Ash Shafirah
Ash Sha`fuliyah
Ash Shaharin
Ash Shahba'
Ash Shahbah
Ash Shahmah
Ash Sha'ib
Ash Shajwah
Ash Sha'lah
Ash Sha`laniyah
Ash Shamasiya
Ash Shamasiyah
Ash Shamiyah
Ash Shamiyah
Ash Shaqah al Yamaniyah
Ash Shaqqah al Yamaniyah
Ash Shaqqah ash Shamiyah
Ash Shaqra'
Ash Shaqrah
Ash Sha`ra'
Ash Sharafa
Ash Sharafiyah
Ash Shara'i` al Mujahidin
Ash Shara'i` al `Ulya
Ash Shara'i`
Ash Shara'i`
Ash Sharayi`
Ash Sharayi`
Ash Sharif
Ash Sharikhiyah
Ash Sharmah
Ash Sharqiyah
Ash Shashi
Ash Shatlaniyah
Ash Shatt
Ash Shawraqiyah
Ash Shaybi
Ash Shayhiyah
Ash Shaykh
Ash Shayyit
Ash Shebark
Ash Shi`bah
Ash Shi`b
Ash Shi`b
Ash Shifa
Ash Shifallahiyah
Ash Shifayyah
Ash Shihiyah
Ash Shihiyah
Ash Shihiyah
Ash Shimasiyah
Ash Shinanah
Ash Shinan
Ash Shiqqah
Ash Shirayhiyah
Ash Shirthah
Ash Shishah
Ash Shu`aybah
Ash Shu`aybah
Ash Shu`bah
Ash Shubaykah
Ash Shubaykah
Ash Shubaykiyah
Ash Shubayrimah
Ash Shubramiyah
Ash Shufayyah
Ash Shuggah
Ash Shuhada' ash Shamaliyah
Ash Shuhada'
Ash Shuhayla'
Ash Shukayyirah
Ash Shukrah
Ash Shumaysi
Ash Shumaysi
Ash Shumlul
Ash Shuqaiq
Ash Shuqaiq Rukba
Ash Shuqayq
Ash Shuqayq
Ash Shuqayq
Ash Shuqayq Rukbah
Ash Shuqayri
Ash Shuqqah
Ash Shuqra
Ash Shurayf
Ash Shurayhiyah
Ash Shuwamin
Ash Shuwatah
Ash Shuwaybit
Ash Shuwayhitiyah
Ash Shuyukh
Ashu Shumaysi
Asira
Asnad
As Sa`adah
As Sabahani
As Sab`an
As Sabarin
As Sabat
As Sa`biyah
As Sabya
As Sadah
As Sadar
As Sadawi
As Sadayir
As Saddah
As Sadr
As Safa
As Safa
As Saffaniyah
As Safhah
As Safra'
As Safra'
As Safra'
As Safrah
As Safsafah
As Sahaf
As Sahanah
As Sahan
As Sahara
As Sahba'
As Sahra'
As Sahwah
As Saihat
As Sajir
As Sakran
As Salamah
As Salam
As Salamiyah
As Salbukh
As Salihiyah
As Salina
As Samd ash Shamali
As Samd
As Sam`uriyah
As Saqiyah
As Saqrah
As Sarar
As Sarbah
As Sarif
As Sarrar
As Sawad
As Sawrah
As Sayhad
As Sayh
As Sayh
As Sayhat
As Sayl al Kabir
As Sayl as Saghir
As Sayl
As Si`ayyirah
As Sibakh
As Sidr
As Sifyani
As Sighawa
As Sihaf
As Sikak
As Silaym
As Silayyil
As Sinnariyah
As Sirar
As Sirar
As Sir
As Sirr
As Sitara
As Sitarah
As Siwaytiyah
As Su`ayyirah
As Subakh
As Subayhiyah
As Subayhiyah
As Subaykhah
As Sudayra
As Sudayrah
As Sudayrah
As Sudayrah
As Sufay
As Sufayri
As Sufayy
As Sufh
As Sufun
As Suh
As Suhaylat
As Suhaymi
As Suka`a
As Sulaimi
As Sulaimiya
As Sulay`a'
As Sulaybi
As Sulaymaniyah
As Sulaymaniyah
As Sulaymaniyah
As Sulaymi
As Sulaymiyah
As Sulayy
As Sulayyil
As Sulhaniyah
As Sullayyil
As Sulubiyah
As Sumariyah
As Sumayrah
As Sunay`
As Sunayna
As Suq
As Sura
As Sur
As Surayhah
As Sururiyah
As Suwadah
As Suwaydi al Gharbi
As Suwaydi
As Suwaydiyah
As Suwayfilah
As Suwayriqiyah
`Ata
`Ataiyiq
`Atf al Jabara
`Atf al Jabbarah
`Atf
`Atf
`Atf Jabara
`Atf Wizran
`Atf Wuzran
Athfalah
Ath Thabitiyah
Ath Thamamiyah
Ath Thamiriyah
Ath Tharmida
Ath Thinayyan
Ath Thu`aylibi
Ath Thumalah as Sufla
Ath Thumamah
Ath Thuqbah
`Atiyan
`Atraban
At Ta`awun
At Tahiriyah
At Ta'if
At Tandabiyah
At Tan`im
At Tannumah
At Taraf
At Tarafiyah
`Attar
At Tarfa'
At Tarfawi
At Tasrir
At Tawdihiyah
At Tawilah
At Tawilah
At Tibah
At Timyat
At Tiraq
At Tiraq
At-Tjer
At Tubi
At Tufayha'
At Tuhaymiyah
At Tulayhah
At Tu`miyah
At Tu'miyat
At Tundubawi
At Turayf
At Turbaibil
At Turbiyah
At Turfiyah al Gharbiyah
At Turqi
At Tuwaim
At Tuwair
At Tuwaiya
At Tuwal
At Tuwal
At Tuwal
At Tuwaym
At Tuwayr
At Tuwayyah
At-Twejje
At-Twer
Auda
`Auda
'Audah
Aushaziya
Aushaziya
Aushaziyah
A `Utayfah
'Awainidh
`Awali
Awamiya
'Awamiyah
`Awdah
Awdakh
`Awdat Sudayr
`Awshaziyah
`Ayaina
`Ayinah
`Ayn al Hawwasi
`Ayn al Khufayji
`Ayn al Qannur
`Ayn al `Uqayli
`Ayn ar Rayyan
`Ayn ash Shaqab
`Ayn as Suwayni`
`Aynayn
`Ayn Dar al Qadimal
`Ayn Dar
Ayn Ibn Fuhayd
`Ayn Lebdah
`Ayn Riqq
`Ayn Sha`athah
`Ayn Shams
`Ayn Sha`tha'
`Ayn Sulayman
`Aynuna
`Aynunah
`Aythursh
'Ayun
`Ayyanah
`Azizah
Aziziyah Terminal
Az Zabirah
Az Zafir
Az Zahariyah
Az Zahir
Az Zahiriyah
Az Zahra'
Az Zahra'
Az Zahran
Az Za`ir
Az Zalal
Az Zandi
Az Zarqa'
Az Zawiyah
Az Zawr
Az Zaymah
Az Zihayriyah
Az Zilal
Az Zilfi
Az Zinan
Az Zira`
Az Zirab
Az Zughayn
Az Zughbah
Az Zuharah
Az Zulayyim
Az Zulfi
Az Zuluzal
Az Zumamiyah
Az Zumayqah
Az Zurqa
Az Zurra`
Az Zuwayb
Az Zuwaydiyah
Bab-al-Jafar
Bada'i` al `Ishsh
Bada'i` al Makhul
Bada'i` al Masha`ilah
Bada'i` as Sab`an
Bada'i` as Sighawa
Bada'i` Murayfiq
Bada'i` Mushrifah
Bada'i` Naqbayn
Bada'i` Riman
Badanah
Badarah
Badayi' al `Usmah
Badayi Bin Najm
Badi`a
Badi`
Badr
Badr
Badr
Badr Hunain
Badr Hunayn
Baharah
Bahrah
Bahrah
Bahrat al Mujahidin
Bahrat al Qadimah
Bahr
Bahr
Bahwah
Bahwil
Baisari
Baiyadha
Bakha
Bakhsha
Bakhshah
Bakhshah Yamani
Bakhshat Yamani
Baladin as Sakran
Balaisah
Baljarshi
Baljurashi
Baljurshi
Balum
Banban
Bani `Awad
Bani `Awadh
Bani Hamim
Bani Hayf
Bani Humaim
Bani Humaym
Bani `Isa
Bani Malik
Bani Malik
Bani Ma`n
Bani Rizam
Bani Sar
Bani Sharfa'
Bani Thawr
Bani Thuwr
Bani `Ubayd
Baqa`a
Baqa'a
Baq`a' ash Sharqiyah
Baq`a'
Baq`a'
Baq`a'
Baqira
Baqiri
Baqran
Baranah
Baraq
Barjisiyah
Barjisiyya
Barka
Barra
Barrah
Bartiya
Bartiyah
Barud
Barzah
Barzayn
Bashm
Basra
Basr
Bawda'
Bawdah
Bayad ad Dathir
Bayda' Nathil
Bayda' Nathil
Baydayn
Baysari
Baysh
Baytariyah
Bayt Maqbul
Bayyadah
Beda al Haura
Beljurashi
Ben Gamarsh
Beniruh
Ben Omer
Ben Shefefani
Bida
Bijadiah
Bijadiyah
Bika
Bilad Al Dhuwaiyan
Bilad Al Duwayyan
Bilad Al Muhammad
Bilad `Awf
Bilad Bani `Amr
Bilad Beni `Amr
Bilad Hanabijah
Bilad Mashwal
Bilad Mishwal
Bil Hasbil
Biljurshi
Binban
Bin Gamarsh
Bin Hadi
Bin Hashbal
Bin Shefefani
Bin `Umar
Bi'r ad Dibba
Bi'r al `Abd
Bi'r al `Ayshamah
Bi'r al Mashi
Bi'r `Ayn Qattan
Bir
Bîr eben Hirmâs
Bir El Dibba
Bi'r Hijrat al Hamjah
Bir Hirmas
Bi'r Ibn Hirmas
Bi'r Idamah
Bi'r Jamajim
Bir Jimajim
Birjisiyah
Birka
Birka
Birkah
Birkah
Birk
Bi'r Lij`ah
Birq
Birzayn
Bisha
Bishat ibn Salim
Bishat Mushayt
Braik
Bu Bi'r
Bugaiya
Bughaili
Bughayli
Buhaira
Buhairah
Buhayrah
Buhra
Bukayk
Bukayriyah
Bu Khayr
Bulaida
Bulaisa
Bulaydah
Bulaysah
Bul`um
Buqay`a' al Janubiyah
Buqay`a' al Lu`a`ah
Buqay`a'
Buqayq
Buqayyah
Buraida
Buraidah
Buraiman
Buraq
Buraydah
Buraykah
Burayk
Burayman
Burqah
Burza
Busai
Busal
Busar
Busaytah
Butainiyat
Bu Tawq
Buthal
Butóq
Caf
Camp Rufhah
Cape Tannura
Chuwaitir
Cradle of Gold
Daba
Dabbah
Dabbah
Dabyah
Daff Khuza`ah
Daff Zayni
Dafina
Daghabij
Dagharir
Daghbadi
Daghbaj
Dahaban
Dahahron
Dahban
Dahina
Dahis
Dahl Hit
Dahma
Dahmah
Dahr al Jamal
Dahu
Dahw
Dailami
Dakhila
Dakhilah
Dalham
Dalmah
Dalqan
Dalqan
Damad
Dam
Dammam
Damman
Dammari
Damrur
Damthi
Darah
Darain
Dara'iyah
Dar al `Arq
Dar al Husayn
Dar al Jabal
Dar al Wadi
Dar ar Ri`
Darb al Ibl
Darb Bani Sha`ba
Darb Bani Sha`bah
Darb
Darb
Dar el Wadi
Darin
Darin Fort
Dariya
Dariyah
Darma
Daumari
Dauqa
Dawbah
Dawmat al Jandal
Dawqah
Dayf Allah Rashdan
Daylami
Deraya
Dhaba
Dhabba
Dhabhah
Dhadban
Dhagharir
Dhahaban
Dhahara
Dhahara
Dhahban
Dhahi
Dhahram
Dhahran
Dhahran
Dhaifalla Rashdan
Dharbin
Dhariyah
Dheib
Dhi al Munash
Dhofir
Dhruma
Dhulaiyim
Dhurm
Dhurum
Diba
Dighnun
Dil` al Kharwa`
Dilam
Diqalah
Dirab
Diraybis
Diraymihah
Diri
Dirs
Djafar
Djaladjil
Djayzan
Djazan
Djidda
Doka
Dokhna
Dómot
Duba
Dubaila
Dubay`ah
Dubaylah
Dudah
Dughaimiya
Dughaybjah
Dughaymiyah
Duhayma'
Duhayqah
Duka
Dukhnah
Dulaidila
Dulaydilah
Dulayhan
Dulaym
Durma
Durm
Duruma
Duwadami
Duwadimi
Duwaid
Duwaihara
Dwarah
Eastern ar Rabwaw
Ebha
El Aba
El Ain al Jumah
El Ajam
El Arja
El-Bustân
El-Dafina
El Fadhul
El Fur`a
El-Hafa
El Hani
El Haql
El Hawatima
El Himeida
El Kaa
El Kaid
El Katif
El Khin
El Khis
El-Khureiba
El Maayuf
El Mashaikh
El Medina
El Mutainiyat
El Qara
El Qasara
El Qasr
El-Rayâna
El Russ
El Sail
El-Sharâyi
El Shimeisi
El Utaiq
El Washim
En Nusia
`Esh Sad
Esh Sheikh
Ethnen
Etra
Et Turaif
Fadhul
Fa'idah
Faid
Faidha
Faidhah
Faifa
Faihiq
Fajhaniya
Falas
Fanuda
Fanudah
Fanyah
Faqarah
Fara`a
Fara'ah
Fara`
Far`ah
Farasan
Far`
Farshah
Farwan
Fawwara
Fawwarah
Fayad ash Sha`ra'
Faya
Faydah
Faydat al Mislah
Faydat Ibn Suwaylim
Faydat Yaklib
Fayd
Fayd
Fayfa'
Fayhiq
Fayidah
Fayyadah
Fejd
Fihan
Fiji
Firzan
Fiyad Qulayyib Khudr
Foda
Fudah
Fudhul
Fugana
Fugwa
Fuqaha'
Gabouk
Gaisum
Gaisun
Game
Gamra
Gdejjedet Ar`ar
Gedda
Ghabra'
Ghabra'
Ghabrah
Ghabrah
Ghadhwar
Ghadnah
Ghafaqiya
Ghaf
Ghafqiyah
Ghaifa
Ghail
Ghail
Ghalfah
Ghalidh
Ghammas
Ghammash
Ghamrah
Ghamrah
Ghamr
Ghanam
Ghanamiyah
Ghanwá
Ghar `Ishah
Gharith
Ghasiba
Ghasibah
Ghat
Ghatti
Ghawan
Ghawiya
Ghawiyah
Ghaya
Ghayfa'
Ghayl
Ghayl
Ghazwar
Ghazzala
Ghazzalah
Ghirnatah
Ghisil
Ghiyanah
Ghizlan
Ghumayqah
Ghunan
Ghunwa
Ghurabah
Ghuraira
Ghurayrah
Ghuslah
Ghutti
Ghuwaymid
Ghuziyyat
Gizán
Gran
Gubba
Guntan
Haba
Habawnah
Habil
Hada ash Sham
Hadaba
Hadabah Ghabra
Hadabah
Hadabah
Hadabah Hamra
Hadabat al Ghabra'
Hadabat Ghabrah
Hadabat Hamra'
Hadah
Hadba
Hadba
Hadbah
Hadbah
Hadban
Haddad
Hadda'
Haddah
Haddar
Haddat ash Sham
Hadhah
Hadhira
Hadhirah
Hadhlulah
Hadhra
Haditha
Hadithah
Hadiyah
Hadjumbah
Hadrah
Hadram
Hadri
Hael
Hafa
Hafa
Hafar al `Atk
Hafar al `Atsh
Hafar al Batin
Hafar
Hafar
Haffar El Batin
Hafirat al `Ayda
Hafirat ash Shuqayq
Hafirat Nisah
Hafir
Hafir Kishb
Hafnah
Hafnan
Hagl
Hagul
Haija Muraqqa
Haikl
Ha'il
Haima
Hair
Haitan
Ha'it
Haiyaniyah
Hajambar
Hajar
Hajar
Hajel
Hajir ash Shih
Hajlah
Hajrah
Hajrat al Khinbish
Hajr
Hajrufah
Hajur
Hakimah
Hakl
Hala al `Abd
Halaban
Halamah
Halaqat al `Afraj
Halat `Ammar
Halb
Haliban
Hallat
Halqat al `Afraj
Hamamah
Hamar
Hamayyah
Hamdah
Hamdah
Hamdana
Hamdanah
Hamdha
Hamdha
Hamdha Oasis
Hamdh
Hamdiyah
Hamdiyya
Hamid
Hamidh
Hamma
Hamma
Hammah
Hamman
Hamra
Hamran
Hamrurah
Hanabiya
Hanaidhil
Hanak
Hanakiya
Hanidh
Haqal
Haql
Haqqaq
Haqu
Haqu
Haqw
Haradah
Haradhah
Harad
Harad
Haradh Camp
Haradh
Harahha
Haraimalah
Haraimlah
Haraira
Haraiyiq
Haraja
Harajah
Harat al Bab
Harfain
Harfayn
Harf
Harf
Hariq
Harithi
Harkat
Harma
Harmah
Harrat al Azahirah
Harshaf
Harthiya
Harthiyah
Harub
Hasa
Hasa
Hasarah
Hashash
Hasi
Hasim
Hassi
Hassi
Hassun
Hasun
Hasy
Hasy
Hauta
Hautah
Haut
Hawalah
Hawaya
Hawja'
Hawtah
Hawtat Sudayr
Hayat
Hayil
Hayit
Hayjah Muraqqah
Hayla
Haylah
Haylat Radi al Baham
Hayy al Hamdaniyah
Hayy al Mahattah
Hayy al Malik `Abd al `Aziz
Hayy al Malik Fahd
Hayy al Malik Faysal
Hayyaniyah
Hayy as Salihiyah
Hayy as Sifarat
Hayyir
Hazimiya
Hazlulah
Hazm al Jalamid
Hazmiyah
Hegl
Héla
Hellat
Hellat Imhaish
Héma
Hifnah
Hifna
Hijla
Hijrat Laban
Hillah
Hilla
Hilla
Hillat Abu Hizam
Hillat Muhish
Hilwah
Hilwa
Hinayah
Hinna
Hinnat
Hirmah
Hishash
Hisn al Quhayb
Hitan
Hittin
Hizwah
Hizwa
Hofuf
Hubaris
Huberis
Hudayb
Hudayb
Hudayrah
Hudayrah
Hudhaib
Hudhaira
Hufayrah
Hufnah
Hufuf
Hujayrah
Hujjaj
Hujrah
Hujrah
Hujra
Hujra
Hujrat al Baydah
Hulaifa
Hulaifa Kharba
Hulayfah
Hulayfah
Hulayfah Kharibah
Hulayfa'
Hulayfa' Kharibah
Humran
Humr
Hunaidhil
Hunayzil
Huraimala
Huraira
Huraiyiq
Hurayiq
Huraymalah
Huraymala
Huraymilah
Huraymila'
Husaini
Husainiyah
Husainiya
Husainiya
Husayniyah
Husnah
Husun
Huthrur
Huwaiyina
Huwaiyit
Huwaymidah
Huwaytah
Huwayyan
Huwayyinah
Huzaimiya
Huzaimiyat
Huzaymiyah
Ibdah
Ibn `A'ish
Ibn Hadi
Ibn `Isa
Ibn Khaldun
Ibn Khuldun
Ibn Lughaysim
Ibn Sa`dan
Ibn Sharar
Ibn Shuraym
Ibn Su`ayyid
Ibn Suqi
Ibn Tuwalah
`Ifriyah
Ihmam
Ijwai
Ilbaras
`Ilb
Ildam
Imarat al Mistawi
Imhaish
Industrial Ciy
`Iqdah
'Iqlah
`Irqah
`Irsan
`Ishayrat al Makhamir
Istabl Antar
Ithmaniya
Ithnayn
Ithrah
Ithra'
`Itwad
Jabailah
Jabala
Jabal al Qawm
Jabrah
Jabraya
Jada`ah
Jadaidah
Jadaidat Arar
Jadat al Bab
Jaddah
Jaddalah
Jadhamiyah
Jadidah
Jadida
Jadid
Jadid
Jadmah
Jafaidriyah
Jafar
Jafn Dabb
Jafn
Jafr
Jahra
Jaizan
Jalajil
Jalib Bulaihi
Jallal
Jallat al Mawt
Jama
Jammah
Jamma
Jammalah
Jammala
Janab
Janib Sharah
Janib Sha`ra
Janubiya
Janubiyat Sudayr
Jar`a' al Qa`id
Jaradat al Buraykah
Jarad
Jaraifah
Jara
Jarba'
Jarbu`
Jardawiyah
Jarha
Jarinah
Jarina
Jarir
Jariya al `Ilya
Jarrarah
Jarrar
Jarudiyah
Jarudiya
Jarwal
Jasar
Jash
Jashshah
Jasr
Jatha Bani Shubayl
Jaw
Jaww al Hasah
Jaww
Jawzan
Jawz
Jazan
Jazirah
Jazira
Jeddah
Jedda
Jelajil
Jeriya `Ilya
Jezan
Jibalah
Jibila
Jidanah
Jidarah
Jiddah
Jidda
Jidhdhanah
Jifin
Jilhayah
Jimajim
Jirab
Jirdawijah
Jirthamiya
Jirthamiya
Jirubah
Jish
Jishshah
Jishsha
Jiza
Jizan
Jubah
Jubaila
Jubail al Bahri
Jubail
Jubayl al Bahri
Jubayl `Aynayw
Jubayl
Jubbah
Jubba
Jub
Judah
Judaidat al Arar
Judaira
Judaydat `Ar`ar
Judayrah
Judayyidat `Ar`ar
Juddah
Judeira
Judhamiyah
Jufaidariya
Jufaydiriyah
Jufayfa'
Juha
Juhayrah
Julaijilah
Julayjilah
Julaylah
Julayyil
Jumum
Junaih
Junai
Junaina
Jundiyah
Juraida
Jurayban
Juraydah
Jurayfah
Jurudiya
Jurumah
Jush
Juwai
Juwayy
Kabshan
Kabushah
Kadara
Kadwat al A`waj
Kaf
Kaháfah
Kahafa
Kalabiyah
Kalabiya
Ka`lul
Kamb ad Dulu`
Karinah
Karina
Karkar
Kasavia Shami
Kasr `Asrawat
Kayyat
Kefeirah
Kefire
Keriya
Khabath Sa`id
Khabb-al-Qabar
Khabb Qabr
Khabra al Barazat
Khabra Halwah
Khabrah
Khadarah
Khadaran
Khadar
Khadhar
Khadrah
Khadra'
Khadra'
Khafaq
Khafji
Khafs Daghara
Khafs Daghrah
Khaibar
Khaif Fadhil
Khalah
Khalfah
Khalfa
Khamam
Khamdan
Khamis al Bahr
Khamis ash Shahran
Khamis as Sahil
Khamis el Bahr
Khamis Mushait
Khamis Mushayt
Khamis Mutayr
Khanuqah
Khanuqa
Kharfah
Kharfa
Kharkhair
Kharkhir
Kharmah
Kharma
Khasaa
Khasa
Khash'a
Khashm al `An
Khashran
Khataishiya
Khatib
Khauba
Khawajiyah
Khawajiya
Khaw`a'
Khawlah
Khawsh
Khayalat Abu Suwaytif
Khaybar
Khayf al Hizam
Khayf Fadil
Khay`
Khayr
Khei
Khella
Khidlan
Khillah
Khisa
Khishaybi al Hadar
Khis
Khobara
Khobar
Khola
Khotib
Khubayb ar Rim
Khubayra'
Khubb al Qabr
Khubra
Khudayrah
Khufaifiya
Khuff
Khuff
Khulais
Khulays
Khumrah
Khumsiyah
Khunayfisan
Khunayfsah
Khuraiba
Khuraybah
Khuraybah
Khurayman ash Shaghghar
Khurayman
Khuraysah
Khurays
Khurayyim Sa'id
Khurmah
Khurma
Khurma
Khush`ah
Khushal
Khushaym
Khuwaildiya
Khuwaylidiyah
Khyalet Abu Swaitif
Kiad
Kidan
Kidwa
Kidwat al A`waj
Kidwat al Ghawanimah
Kihlah
Kihlah
Kilabiya
Kilabiyat al-Nuhud
Kilabiyatan Nuhud
Kilwa
King Faisal Military City
Kiyat
Kna'
Krom
Ksejr at-Turki
Kubah
Kubah
Kuba
Kuba
Kudayd
Kudayd
Kufayrah
Kuff
Kuff
Kuhaifiya
Kulaikh
Kulakh
Kulayyah
Kuluf el Masri
Kulwah
Kunfida
Kurma
Kutnah
Kutuf al Misri
Kutuf el Masri
Labkah
Labkhah
Lahbey
Lailah
Laila
Lainah
Lajam
La Mecque
Lamlah
Lamma`ah
Lamma`a
Laqita
Lashram
Lathrippa
Lauga
Lauqa
Lawqah
Laylah
Laylá
Laynah
Lidam
Li`li`
Linah
Lina
Lîne
Liqa
Liqya
Lith
Lowka
Lughaf
Luqya
Ma`aniq
Ma`aqalah
Ma`aqala
Ma`aqla
Maarua
Ma`ashsh Ramlan
Mabdá
Mabná
Macoraba
Mada'in Salih
Madhaha
Madha
Madhan
Madhaya
Madhdha
Madhiq
Madinat Abqaiq
Madinat al Jubayl as Sina`iyah
Madinat al Malik Fahd as Sahiliyah
Madinat Yanbu` as Sina`iyah
Madiq
Madiq
Madrakah
Madraqah
Madraqa
Madsus
Mafraq
Mafraq Thadiq
Mafruq
Mafuq
Maghabb
Maghati
Maghib
Maghrabah
Magnah
Magna
Mahad Dhahab
Mahadid
Mahalla
Mahalli
Maham
Mahariqah
Mahash
Mahatah
Mahattat al Hafah
Mahattat al Turayf
Mahattat as Sir al Gharbiyah
Mahattat at Turayf
Mahbubah
Mahd adh Dhahab
Mahdawa
Mahd Dhahab
Mahd el-Dahab
Mahdumah
Mahdumah
Mahduwah
Mahinbah
Mahlal
Mahla
Maidah
Majaba
Ma`jar
Majma`ah
Majma`a
Majma'
Majma`
Makasir
Makha`il
Makhshushah
Makkah al Mukarramah
Makkah al Mukarraman
Makkah
Makka
Makna
Maksanah
Malaha
Mala'iya
Malakan
Malakiyah
Malawi Jidarah
Malawi Jidara
Malgocta
Malhah
Malha
Malha
Malham
Mallahah
Mallaha
Malqá
Malqá
Malqutah
Manaizlah
Manakh
Mandak
Mandaraq
Manfadh al Khafji
Manfuhah al Jadidah
Manfuhah
Manfuha
Manifah
Manifa
Manjamah
Mansiyah
Mansur
Manwá
Manzila Hadriya
Manzilah
Manzilah
Manzila
Manzilat Hadriyah
Maqab
Ma`qala
Maqhab
Maqnah
Maqna
Maqrah
Maqra
Maqshush
Maqta` ar Rijma
Maqta` ar Rujmah
Marabah
Maraghan
Marah
Marah
Maraiqib
Ma`raj as Suban
Marat
Ma`riyah
Marjan
Markaz ash Shurtah
Marran
Marrat
Marterel
Marwah
Marwan
Masaddah
Masahili
Masani`
Masawi
Masha'ih
Mashajji
Mashayih
Ma`shi
Mashquq
Mashrufah
Mashrufa
Mashuqah as Sufla
Masihat Mahd al Hayl
Masil
Masjid ar Rashid
Masjid Ibn Rashid
Maskar
Masliyah
Masliya
Maslum
Masqarah
Mastabah
Mastaba
Masturah
Mastura
Matairafi
Ma`talah
Matala
Mat`an
Matariq
Math`an
Matirith
Matiyah
Mauqaq
Mawaila
Mawan
Mawarah
Mawara
Mawqaq
Maydah
Mayzah
Mayza`
Mazari` al Haylah
Mazari` Sajir
Mazati` al Kaysumah
Mazma`
Mazra`at al Bustan
Mazra`at an Nuhayyan
Mazra`at Sultanah
Mecca
Medain Saleh
Medajen-Saleh
Medina
Mekik
Mekka
Mena
Mendak
Meshrif
Mibari
Midhal
Midhnib
Mifah
Mifa
Mihayyidah
Mijannah
Mikhail
Mikhwa
Milaikah
Milhah
Milha
Mina' al `Aziziyah
Miná
Minazla
Minjarah
Minsafa
Minshar
Minwah
Minwá
Misca
Mishaab
Mish`ab
Mishallah
Mishash al Baqar
Mishash as Suhul
Mishash Jurud
Mishash Rukayyan
Mishlah
Mishrifah
Mishrif
Mishrif
Miskah
Misliyah
Mismah
Misma
Misna
Mizab
Mizal
Mizhirah
Miz`il
Monsour Camp
Mowila
Mowkak
Mu`arran
Mubarraz
Mubarriz
Mubayid
Mudaysis
Mudhallala
Mudhnib
Mudhra
Mudiq
Mu`fija
Mugharah
Mughara
Mugharrizat
Mugharrzat
Mughayra'
Mughayra'
Mugnah
Muhairqa
Muhaiyidha
Muhammadi
Muhashwila
Muhassin
Muhayil
Muhaylah
Muhayriqah
Muhayyidah
Muhrah
Mujamma` al Hadithah
Mu`jar
Mu`jur
Mukambal
Mukaylah
Mukhaykiran
Mukhtarah
Mulaha
Mulaidja
Mulaih
Mulaija
Mulayh
Mulayjah
Mulaykah
Mumjiye
Munaizila
Muná
Munavsif
Munaydhir
Munaysif
Munayzilah
Mundaraq
Munifah
Munifat al Qa`id
Munifat Jalwah
Munjiye
Munsaf
Muqabil
Muqabil
Muqammar
Muqbilah
Murabba'
Murabba
Murayba`
Muraybi`
Murayfiq
Murayqib
Murshidiyah
Musabih
Musaghir
Musallamiyah
Musallamiya
Musaykah
Musaylah
Musaylim
Mushallahah
Mushash al Baqar
Mushrifah
Mushrifah
Mushrif
Mushrif
Mushrif
Musiddah
Mustagidda
Mustajiddah
Mustajidda
Mu'tala
Muteirfeh
Muti`ah
Mutribah
Mutribah
Muwaih Hakran
Muwaih
Muwaisil
Muwassam
Muwayh Hakran
Muwayh
Muwaysil
Muzallalah
Muzallala
Muzayfir
Muzdalifah
Naairiya
Na'ajan
Na'aman
Nabek
Nabhaniyah
Nabhaniya
Nabqiyah
Nabqiya
Nabwan
Nadinah
Nadina
Nafi
Nafjah
Naghbi
Nahud
Na`jan
Naji`ah
Naji`a
Najikh ash Shamali
Najik
Naji
Najkh
Najmah
Najmah
Najma
Najran
Nakhalat
Nakhisah
Nakhl an Nilah
Nakhl Shahabah
Nakhl Shahbah
Nakhl U`aywij
Namar
Namasiyah
Namasiya
Namirah
Namrah
Naq`a
Naqaybat ash Shumaysi
Nariya
Nashir
Nata`
Nazwah
Nazwá
Nejma
Nibak
Niffi
Nifi
Nikhb
Nikhib
Nimran
Nisab
Nita`
Nizlah
Nta
Nu`aima
Nu`aymah
Nubayha
Nughaila
Nughaylah
Nughayshiyah
Nuhud
Nujail
Nujayl
Nukhail al `Abd
Nukhail el Abd
Nukhail Mashan
Nukhayl al `Abd
Nukhaylan
Nukhayl Mashan
Numas
Numayr
Nuqaybat ash Shumaysi
Nussiya
Nuwai'amah
Nuwaimah
Nuway`imah
Nuwaymah
Nuzlat al Faqin
'Odhaim
`Ojair
Okadz
Oqair
Qa`ariyah
Qaba'
Qadab
Qadda'
Qadhdha
Qadhima
Qadimah
Qafarah
Qaf
Qa` Ghari
Qahmah
Qahma
Qahr
Qa'id
Qai'iya
Qa`ima
Qaim
Qa'im
Qaisumah
Qa`iyah
Qa`iya
Qa`iya
Qal`at Bishah
Qalbiyah
Qalib Bulayhi
Qamirah
Qana
Qanziyah
Qara'ah
Qara`a
Qarah
Qarah
Qarainah
Qarain
Qara'in
Qaran
Qaran
Qara
Qaraqir
Qararah
Qarara
Qarar
Qarha
Qarinah
Qariya al Ilya
Qariya as Sifla
Qariya el Ilya
Qariya
Qariya Ulya
Qarn Ahad Yubah
Qarn as Suwida'
Qarn Hadhil
Qarn Hadil
Qarn Mazabbar
Qarn Muzabbar
Qarn
Qarqar
Qartabah
Qartaniya
Qarwat
Qaryah al `Ulya
Qaryah
Qaryat al `Ulya
Qaryat as Suflá
Qasab
Qasr Abal As Sa`ud
Qasr Abal Sa`ud
Qasr al Ballaji
Qasr al Battah
Qasr al Hayyaniyah
Qasr `Ali
Qasr al `Ishruwat
Qasr al Quraynah
Qasr `Ammar
Qasr an Nasiriyah
Qasr an Nasriyah
Qasr `Ashrawat
Qasr Badawi
Qasr Fayhaq
Qasr Hamam
Qasr Hilliyah
Qasr Hilliya
Qasr Himam
Qasr Ibn Khuraiyif
Qasr Ibn Khurayyif
Qasr Ibn Mushawwah
Qasr ibn Sakran
Qasr Ibn Shuhayl
Qasr Ibn `Uqayyil
Qasr Ihmam
Qasr Khalid
Qasr Lahiya
Qasr Mulaih
Qasr Mulayh
Qasr
Qasr Salwa
Qasr Sunaidi
Qasr Sunaydi
Qasr Umaia
Qasr Umayyah
Qasr Zarah
Qasr Zara
Qatain
Qatif
Qauwa
Qawz al Ja`afirah
Qawz Bal`ayr
Qawz
Qaya
Qaysumah
Qaysumat Fayhan
Qiba'
Qina'
Qiran
Qirbish
Qiri at Tuwaym
Qitabir
Qitan al Qadimah
Qiyal
Qiya
Qizana
Qizan
Quai`iya
Quai`
Quai
Quaniya
Quasomeh
Qudaih
Quday`an
Qudayd
Qudayh
Qufaifa
Qufaifa
Qufar
Qufayfah
Qufl
Qulayyib Khudr
Qunayfidhah
Qura as Sadr
Quraina
Qura`
Qurayhah
Quraynah
Quraynah
Qurayyah
Qusaibah
Qusaiba
Qusaybah
Qusayba'
Qusayba'
Qusayr at Turki
Qusayriyat
Qusayr Matruk
Qushayya
Qussab
Qussa
Qusur al `Abd
Qusur al Muqbil
Qusur el Abd
Qusuriya
Qusur Mai
Qusur Mayy
Qutain
Qutayn
Qutuf al Misri
Quwaida
Quwai'iyah
Quwai`iya
Quwaiz
Quwa
Quwarah
Quwara
Quway`ah
Quway`an
Quwaybil
Quwayda'
Quway`
Quwayzah
Quwayz
Quz
Rabba
Rabegh
Rabigh Qasr
Rabigh
Radaymah
Rad-hah
Radhaima
Radum
Radwah
Radwan
Radwa
Rafa'i` al Humaymah
Rafhah
Rafha
Rafi`ah
Rafi`ah
Rafi`a
Rafia Uwadah
Raghabah
Raghaba
Raghadan
Raghbah
Raghdan
Raghwah
Raghwan
Rahaima
Raha
Rahimah
Rahman
Rahwan
Rahwat al Barr
Raiis
Rain
Ra'is
Raivan
Raiyan
Rakah
Raka
Rakk
Ramadah
Ramadan
Ramada
Ramadha
Ramah
Rama
Ramdah
Ramlan
Raqhwah
Raqiyah
Ra's al Khafji
Ra's al Mish`ab
Ra's as Saffaniyah
Ra's at Tannurah
Ras at Tannura
Ras el Misha`ab
Ra`shah
Rashwan
Ras Misha`ab
Ra's Munaysif
Rass
Ra's Tannurah
Ras Tannura
Ras Tanura
Rathah
Ratha
Raudha Ataiq
Raudhah
Raudhah
Raudha
Raudha
Raudha
Raudh
Raudh
Raushaniya
Raushan
Rawaiqa
Rawdah
Rawdah
Rawdah
Rawd al Jiwa'
Rawdat al Faras
Rawdat al Hisu
Rawdat al Lawwaf
Rawdat ar Rubay`i
Rawdat ash Shuqayyiqah
Rawdat az Zar`
Rawdat Du`ayj
Rawdat Habbas
Rawdat Qiradan
Rawdat Sudayr
Rawdat `Utayyiq
Rawdat Wuthaylan
Rawhah
Rawkhah
Rawshaniyah
Rawshan
Raynibah
Raysh
Rayyan
Rayyis
Reis
Rghabah
Riad
Riad
Rifa`
Righlah
Ri` Harshah
Rijm al Shuyukh
Rimahi
Rimah
Riqa'i
Ri` Taqrib
Riyadh
Riyad
Riyad
Rizhan
Rodes
Rodhat-ar-Rubai'i
Roshan
Rotti
Ru`ayli
Ru'aysah
Ru'ays
Rubaiya
Rubayq
Rubua al Quraish
Rubua al Quraysh
Rudaymah
Rueis
Rufa'i` al Hajrah
Rufa'i` al Luhayb
Rufai`a
Rufa'i` `Ata
Rufay`ah
Rughwan
Rujm ash Shuyukh
Rumahi
Rumah
Ruma
Ruqaiqah
Ruqaita
Ruqayqah
Rusibah
Ruwaidah
Ruwaidhah
Ruwaidhah
Ruwaidha
Ruwaidhat al Zayidi
Ruwaidhat
Ruwaidhe
Ruwaisah
Ruwaisa
Ruwais
Ruwak
Ruwaydah
Ruwaydah
Ruwaydat as Suhul
Ruwayghib
Ruwayqah
Ruways
Sa`ab
Sa`aibi
Sabakh
Sab`an
Sabhah
Sabha
Sabie
Sabihah
Sabihi
Sabil
Sabiya
Sabiya
Sabuhah
Sabya
Sadiliyah
Sadiliya
Sa`di
Sa`diyah
Sa`diya
Sadus
Sadyan
Safania
Safaniya
Saffagah
Saffaqah
Safhah
Safwah
Safwa
Sagrit
Sahaf
Sahayy
Sahil
Sahlah
Sahla
Sahl Sha`irah
Sahra'
Sahwah
Sahwah
Sa`idah
Saih al Aqsa
Saihat
Saih
Sail Kabir
Sail
Sair
Saiyaba
Sajid
Sajir
Sakakah
Sakaka
Salah ad Din
Salah
Salamah
Salamah
Salama Sifla
Salama Ulya
Salamiyah
Salam
Salasil
Salayah
Salbukh
Salhabah
Salma
Salwah
Salwá
Salwá
Samah
Samakh
Sambah
Samba
Samhan
Samitah
Samnan
Samta
Samudah
Samur
Sanabis
Sanad
Sanam
Sandaliyah
Sanqar
Saq
Sarab
Sarar
Sarb
Sarif
Sarma
Sarrar
Sarra'
Sarum
Saula
Sawad
Sawdah
Sawdah
Sawda'
Sawda'
Sawi
Sawla'
Sawra
Sayhat
Sayh
Sayr
Sayyabah
Sayyal
Seb`an
Segid
Seir
Sekk al- `Abd
Selwa
Serom
Sha'abah
Sha`aba
Sha'aibah
Sha'aibah
Sha'arah
Sha`ara
Sha`ar
Sha`bah
Sha`bah
Sha`bah
Sha`b `Amir
Shaban
Shabibiyah
Shabibiya
Shadad
Shadanah
Shaddad
Shafalla
Shaghar
Shagra
Shaharin
Shahar
Sha`ib al Malqah
Shaibani
Sha`ib Bu Khaythah
Sha`ib Bukheithah
Shaihiyah
Shaihiya
Shajwa
Shaka
Shakhir
Shakkal-el-Yemanie
Shakkal-esh-Shamie
Shakkat el Shamiya
Shakkat el Yemeniya
Shamaisah
Shamasiyah
Shamasiyya
Shamas
Shams
Shaqiqah
Shaqiqa
Shaqiq
Shaqqa al Yamaniya
Shaqqa ash Shamiya
Shaqrah
Shaqra'
Shaqsan
Sharafa
Shara'i` al Mujahidin
Shararah
Sha'ra
Sharaya
Shari`
Shari
Shariyah
Shariya
Sharma
Sharqah
Sharqah
Sharqa
Sharqi
Sharurah
Sha`tha'
Shawyah
Shaya ibn Idris
Sha`ya
Shaybah
Shaybani
Shayhiyah
Shi`b adh Dhi'b
Shi`b `Amir
Shidad
Shifiyah
Shihah
Shiha
Shimas
Shinanah
Shinana
Shira`ayn
Shoowaya
Shu`aiba
Shu`aybah
Shu`aybah
Shu`ayr
Shubra
Shubrumiyah
Shudayq
Shukeik
Shukhur
Shumaysah
Shumaysi
Shumran
Shunanah
Shuqaiq
Shuqayq
Shuqayq
Shuqayri
Shuwayhit
Shuwayyah
Sidi Hamzah
Sidi`
Sidis
Sidus
Sifeina
Sifsafa
Sihat
Sihmah
Silaimi
Simira'
Simla
Sinnariyah
Sirar
Sirr ad Ghalidh
Sirr Al Ghaliz
Sirr
Sirr
Sirum
Sitarah
Sitara
Sitar
Siyah
Skâka
Skuk
Sobh
Somaimah
Soor Bin Mizbil
Starah
Su`aydan
Su`aynin
Subaikha
Subakh
Subayhah
Subh
Suda
Sudayrah
Sudayr al Janubiyah
Sudus
Sufah
Sufailah
Sufaila
Sufaina
Sufan
Sufaylah
Sufaynah
Sufayyan
Sufran
Sug al Khamis
Suk al `Ajama
Suk-el-Ajama
Suk-el-Habil
Suk-el-Khamis
Suk-er-Rubaa
Sukhaybarah
Suk Jumaa
Suk Jum'a
Suk Khamis
Suk Mashkal
Suk Ruba
Suk Rubo'
Sulaba
Sulah
Sulaimaniya
Sulaiman
Sulaimiyah
Sulaimiya
Sulaimiya
Sulaiyil
Sulavm
Sulayman
Sulaymiyah
Sulaymiyah
Sulaym
Sulayyimah
Sulbukh
Sultanah
Sultanah
Sum`ah
Sumaima
Sumairiya
Sumaymah
Sumayriyah
Sumlah
Sumnan
Sunqur
Suqah
Suq `Aiban
Suq al Ahad
Suq al Ahad
Suq al Ahad
Suq al `Ajamah
Suq al Habil
Suq al Ithnayn
Suq al Ithnayn
Suq al Ithnayn
Suq al Jum`ah
Suq al Jum`ah
Suq al Khamis
Suq al Khamis
Suq al Layl
Suq al Layl
Suq al Sabt
Suq ar Rab
Suq ar Rub`
Suq ar Rubu`
Suq ar Rubu`
Suq as Sabt
Suq ath Thalut
Suq ath Thulatha'
Suq ath Thuluth
Suq `Ayban
Suq Bani Rizam
Suq el Habil
Suq Mashkal
Suq
Suq Suwaq
Suq Suwayq
Suq Thuluth
Suqubiya
Surah
Sura
Sur Bin Mizbil
Surrah
Sur
Sururah
Suwadah
Suwada
Suwairkiya
Suwaiyid
Suwaydan
Suwaydarah
Suwayd
Suwayid
Suwayrikiyah
Suwayr
Suways
Suwayyid
Suwid
Ta'amiyah
Taashar
Ta`ashshar
Tabah
Tabalah
Tabala
Tabarjal
Taba
Tabouk
Tabuk
Tahiriyah
Taif
Taimah
Taima
Taitad
Taj
Tal`at `Ammar
Talhah
Talha'
Talha
Tali`
Tamiya
Tamrah
Tamra
Tanim
Tanumah
Tanumah
Tanuma
Taraba
Tarafiya
Taraf Shaqq al `Abd
Taraif
Tarfiyah
Tarqhasha
Tarqush
Tarut fort
Tarut
Tathlith
Tauqi
Tawala
Tawil
Tawil
Tawqi
Tayif
Taymah
Tayma'
Tayyib al Ism
Tebuk
Tehelan
Teima
Tejma
Thadig
Thadij
Thadik
Thadiq
Thadj
Thaj
Thalakah
Thalak
Thamayn
Thamida
Thammah
Thamma
Thamma
Thaniyah
Tharghad
Tharmada
Tharmada'
Tharmidah
Tharmida
Tharmudah
Tharwah
Tharwa
Thiral
Thulaima
Thulaymah
Thulaym
Thuluth Bani Shahr
Thuluth Bin Shahr
Thumayn
Thummah
Thuqba
Thuraybah
Thurayban
Thurayban
Thurb
Thurghud
Thurmida
Thuwair
Thuwal
Thuwal
Thuwayr
Tibrak
Timriyah
Tindahah
Tindaha
Tobi
Tubarjal
Tuhaiy
Tuhamah
Tuhayyi
Tumayr
Turabah
Turaba
Turaifa
Turaif
Turaif
Turayfah
Turayf
Turayf
Turbah
Turghush
Turubah
Tuwaim al `Abd
Tuwaim
Tuwair
Tuwaithir
Tuwaiyah
Tuwal
Tuwal
Tuwarin
Tuwaym al `Abd
Tuwaym
Tuwayq
Tuwayrah
Tuwayriq
Tuwaythir
Tuwayyah
Tuwwal
Twaiyya
U`aywij
Ubayr
Udakh
`Udayliyah
`Udaym
Udhailiyah
`Uglat as Suqur
Ukadh
`Ukaz
`Ukaz
Ukhaidhar
`Ulayshah
`Umair
`Umayriyah
`Umayr
`Umayr
Umm ad Damar
Umm ad Dibbah
Umm ad Diyan
Umm ad Dubbah
Umm Aiyal
Umm al `Amayir
Umm al Arad
Umm al `Arad
Umm al Batha'
Umm al Bikar
Umm al Birak
Umm al Ghiran
Umm al Hamam
Umm al Hamam
Umm al Hamd
Umm al Haram
Umm al Hawd
Umm al Hawshat
Umm al Hisn
Umm al `Iyal
Umm al Jamajim
Umm al Jirm
Umm al Jud
Umm al Jurm
`Umm Alkabash
Umm al Kashab
Umm al Kharasi`
Umm al Khasab
Umm al Khashabah
Umm al Khashab
Umm al Khashb
Umm al-Kulbân
Umm al Milh
Umm al Qasariyah
Umm al Qulban
Umm Ama'in
Umm `Amayin
Umm `Aqla
Umm `Araj
Umm ar Rakah
Umm Ashaira
Umm ash Shifallah
Umm-as-Sahak
Umm as Sahik
Umm as Salam
Umm as Salam
Umm as Sala`
Umm as Siba`
Umm Athlah
Umm Athlah
Umm Birak
Umm Dharb
Umm el Birak
Umm El-Haram
Umm el Salam
Umm es Sahich
Umm Ghawr
Umm Hamdh
Umm Hamla
Umm Hasan ar Rajhi
Umm Hazm
Umm Hubaytir
Umm `Irq
Umm `Ishar
Umm Ithila
Umm Kharaq
Umm Khasb
Umm Khashabah
Umm Khashaba
Umm Khubz
Umm Khunsur
Umm Lajj
Umm Lej
Umm Lujj
Umm Madiq
Umm Marjah
Umm Nashm
Umm Qabir
Umm Qabr
Umm Qanburah
Umm Qulayb
Umm Radamah
Umm Radmah
Umm Radmah
Umm Rahta
Umm Rahta'
Umm Rakhkh
Umm Rakh
Umm Rubay`ah
Umm Rudhuma
Umm Rujum
Umm Ruzuma
Umm Salam
Umm Salim
Umm Sama'
Umm Sarahah
Umm Shutafiyah
Umm Shutayfiyah
Umm Sidrah
Umm Sidrah
Umm Sudayrah
Umm Sulaym
Umm Surayhah
Umm Talhah
Umm Tali`
Umm Terfi
Umm Thalwiwah
Umm Tukhrur
Umm Tulayhah
Umm Tulayhah
Umm Tulayh
Umm `Ushayrah
Umm Zumu`
`Unaiza
`Unayzah
`Uqadah
`Uqair
`Uqaylat al Laban
`Uqdah
`Uqdah
`Uqdah
`Uqlah
`Uqlat al Qusur
`Uqlat as Suqur
`Uqlat Ibn Dani
`Uqlat Ibn Kulayb
`Uraydah
`Urayfijan
`Urayfjan Sahuq
`Uray`irah
`Urayja'
Uruj
`Urwah
Usaila
`Usayfirat
`Usaylah
`Usaylah
`Usfan
`Usharah
`Ushara
`Ushash
Ushayqir
`Ushayrah
`Ushayrah
`Ushayrah
`Ushwah
Ushwa
`Usran
`Utayqah
`Utayyiq
`Utayy
Uthaithi
Uthaythiyah
`Uwaigilah
Uwainid
`Uwaiqilah
Uwais
`Uway`irah
Uwaysit
`Uyun al Jiwa'
`Uyun al Qasim
Uyun
`Uyun
Uzughain
Wadi al Jalil
Wadi-al Janah
Wadi al Jinah
Wadi `Arwaj
Wadi Hammah
Wahtan
Waibani
Wa`ir
Wajj
Wa`lan
Washaiqir
Washwash
Wasili
Wasitah
Wasit
Wasit
Wasm
Wasta
Watat
Wathaithiyah
Wathal
Waybani
Wayban
Wejh
Western ar Rabwaw
Whatan
Widan
Winan
Wudayah
Wurainiya
Wurayniyah
Wushaqir
Wushayqir
Wushayy
Wutat
Wuthaithiya
Wuthaylan
Wuthaythiyah
Wutidah
Yamamah
Yamama
Yambo
Yanbu al-Bahar
Yanbu` al Bahr
Yanbu al Sinaiyah
Yanbu Industrial City
Yanbu`
Yanif
Yarfa`
Yasirah
Yasira
Yathrib
Ya`udh
Ya`ud
Yenbo` al Bahar
Yenbo
Yuhan
Zabyah
Zabyah
Zabya'
Za`faranah
Za`faran
Zafeer
Zagharir
Zahir
Zahran al Yaman
Zahran
Zahran
Zahrat al Badi`ah
Zahrat Laban
Zahwah
Zaima
Zakhmiyah
Zalim
Zallum
Zalmawi
Zalma'
Zamaijah
Zamrat `Aqabah
Zamrat Aqaba
Zaqrat
Zarghat
Zarqan
Zawr
Zaymah
Zbe
Zibala
Ziba'
Zikhrit
Zilfi
Zirab
Zor
Zubarah
Zubarat Rashid
Zulayyim
Zulm
Zumaiqa
Zumaygah
Zumaykah
Zumayqah
Zurayb
Zurayghit
Zur
