Aakae
A'ama
A'ama
Aanosusura
A'arai
Aarite
Abalolo
Abe
Abira'adoa
Abu
Abungari
Adou
Ae'akwato
Aena
Aena'aiwasi
Aenaangingi
Aenakaro
Aenalite
Aenariki
Aenathaia
Aerotoro
Aesunia
Afudodo
Afufu
Afusalo
Afutala
Age
Ageraba
Ahanga
Ahatu
Ahboga
Ahenawai
Ahe'ohia
Ahesia
Ahi'a
Ahia
Ahi'a
Ahu'amu
Ahuu
Ai
Aiasi
'Aifaafasu
Aifiri
'Ailali
Ailau
'Aimburu
Aimela
'Aimela
Aimera
Ainiasi
'Ai Ni Mae
'Ainimae
Aio
'Aio
Airaea
'Airumu
Aisasale
Aisato
'Aisi'ina
Aisiko
Aisina
Aisisiki
Akwariri
Akwe
Alafe
Alahasiai
Alangakaula
Alangaula
Alavugu
Alialia
Alialiala
Aliali
Aligegeo
Alikata
Alita
Alite'au
Alligator Creek
Alogha
Aloha
Alosolo
Alotatahoma
Alundava
Ama
Ama'ama
Amba
Ambi
Amboiosi
Ambuambili
Ambuasu
Ambuavao
'Ambungali
Ambuporondavi
Anakelo
Anata
Andandaiesi
Anda'ua
Andeande
Andevadhu
Andi
Andina
Ane'efafako
Angali
Anggia
Angoango
Aniuke
Anoano
Anofai
Anofalake
Anoketo
Anokwakwale
Anokwasi
Anoni'usu
Anotole
Anuta
Anutaiasi
Aoani'iru
Aola
Aona
A'opasi
Aopasi
Apakhö
Apaone
Apaora
Apaoro
Apauni
Apio
Apuara
Apuiraramua
Apunahunu
Apurahe
Apurahi
Ara'arauna
Arabala
Arabale
Arairou
Araki
Arambu
Aranimamu
Arao
Ara'ou
Araro Puti
Arasi
Araumana
Araveu
Arinapa'ewa
Aroaha
Aro
Aroaro
Arohane
Arona
Arovachivi
Arovia
Aruligo
Aruliho
Asaibala
Asibonga
Asimaenioha
Asimana
Asimanioha
Asimboa
Assimaniona
Ato
Ato
Atohau
Ato'ifi
Atonihare
Atori
Atuatu
Au'alu
Auangisia
Au
Au
Aujivigno
Auke
Auki
Aula
A'ulupeine
Aupono
Ausi
Avisi
Avita
Avuavu
Avu Avu
Avuavu Mission
Awale
Awanararu
Bacalwallo
Bagarai
Bagarice
Bagharai
Baghovu
Bahi
Bakofu
Balasu'u
Balegoma
Balo
Balu
Bambala
Bangara
Baniath
Banimbari
Banisokeo
Baolo
Bara
Barakoma
Barokoma
Baroni
Batongo
Batuna
Batuna Mission Station
Batun Mission
Baunani
Baunuani
Behelula
Beholua
Belaga
Belama
Belana
Belatasi
Belati
Beluga
Bema
Bengena
Berapa
Bethany
Bia
Bifonu
Bili
Biliha
Bilikovu
Bili Village
Biloa
Bilua
Biluro
Bina
Bina Mission
Bio
Biporo
Bira
Birambira
Birasu
Bitama
Biti
Boe
Boemboe
Boinio
Boitsatsu
Bokoagau
Bokola
Bokolo
Bola
Bolitei
Bolonda
Bomboe
Bomboe Village
Bonala
Boro
Borohinaba
Boromoli
Boroni
Boubosu
Buala
Buga
Bugawahu
Bula'abu
Bulabu
Bula
Bulai
Buma
Buma
Bumbugaro
Bumbugoro
Bumbukuana
Buna
Bunala
Bungusile
Burianiasi
Busu
Busukwa'e
Busuone
Bwaomarau
Bwaroo
Bwaunasughu
Bwaunasu'u
Bweinaniawarikiapu
Caledonia
Canaan
Canaan
Chachara
Chaghoe
Chahoga
Chakundale
Chaliaru
Chalimpale
Chamburu
Chapana
Chapunamo
Chapuru
Charanggao
Charanimate
Charavutu
Charihaivati
Chariko
Chari Ndoke
Chaukandora
Chaunaroga
Chaunarogha
Chauneroga
Chautivi
Chavunggao
Chea
Checheche
Cheke
Cheli
Chelu
Chemoho
Chili
Chimbakoghe
Chimbori
Chinatown
Chiri
Chirovanga
Chivoko
Chocho
Chochokiki
Choghiri
Choha
Chokare
Chombonavaka
Chombu
Chörovanga
Chouna
Chuchulu
Chukakonia
Chuma
Chupuchupu
Chuva
Daboko
Dada'isalu
Dadaku'ulua
Dadale
Dai
Dala
Dalamata
Daolusu
Dara
Daringali
Darione
Dau
Dauta'e
Dedeu
Dende
Dhadhaje
Dhavoa
Dikona'ara
Dinare
Dingodingo
Dinoveek
Di'una
Doma
Domma
Domu
Down Wind
Dubona
Duindui
Dukwasi
Dundurava
Egelo
Eghelo
Eke
Eleoteve
Eliotavi
Eliote
Ena
Enara
Enarano
Engarano
'Ere Amsuli
'Ere'eresulu
Erenahata
Etamarorai
'Eteala
Etehonu
Etei'a
Etemwarore
Euro
Euru
Faalau
Faandile
Fa'arau
Faasaale
Fa'asileta
Fafa'idodo
Fafa'ikafo
Fafaiona
Fafalona
Fagani
Fageifa
Fagheifa
Fagini
Faiako
Faibubulia
Falabulu
Falamae
Falambulu
Falufa'alu
Fanalei
Fanelei
Fangamboni
Fanuafalai
Fanuamba'ita
Farisi
Farumalaula
Fata'olo
Faua'ala
Fauabu
Fauala
Faubala
Faufala
Faufalu
Faufanea
Fauiolo
Fauketa
Faulaloia
Faumamanu
Faumamanu Itolo
Faumbaekwa
Faunikari
Fausadio
Fausindio
Ferafalu
Ferafalu
Feranagono
Feranaso
Ferasi
Ferasimi
Fifihu
Filuo
Firifau
Fiti
Fiu
Fiumbu
Fiu Mission
Foa
Foafora
Fo'au
Folotana
Fo'ondo
Fote
Fouambu
Fouia
Foukwakwaoa
Foulandasusu
Foulanoasusu
Foulofo
Foumamatoo
Fouongge
Foutoru
Fuaga
Fugu
Fukha
Fula'ambu
Fula
Fuliabote
Fulifata'a
Fulifo'oe
Fuli
Fuligura
Fulisango
Fulitafe
Fulo
Fulufo
Funakuma
Funakumwa
Funiau
Funii'au
Fupukuna
Furii'au
Furii
Furi'ilai
Furindofe
Furona
Furuana
Futuna
Gagalu
Gagara
Gaimali
Gaini Viti
Galiatu
Galilee
Galovae
Ganongga
Gareka
Garofate
Gatakesa
Gatere
Gauale
Gavaga
Gavanga
Gavango
Gavuhoho
Gavuholo
Gazalata
Geeura
Gegena'ua
Gegenda
Gegende
Geigei
Gembua
Geta
Ghaghagra
Ghaghaolo
Ghaghara
Ghaimali
Ghaimanggere
Ghairavu
Ghaisere
Ghaivale
Ghaliatu
Ghalimbere
Ghamburi
Ghaningangao
Ghaomai
Gharina
Gharufate
Ghatere
Ghauvalisi
Ghavagha
Ghavigha
Ghavighanimumu
Ghavuhoho
Gheghende
Gheighei
Gheta
Ghizo
Ghole
Ghombaghoghoro
Ghombua
Ghorambau
Ghoroghavutu
Ghoroghoro
Ghoromala
Ghoroveitughu
Ghove
Ghoveo
Ghoverighi
Ghulavu
Ghumba
Ghumu
Ghupuna
Ghurumei
Gilbert 1
Gilbert 2
Gilumeuna
Giluniuna
Gizo
Gizo Government Station
Gnapwongo
Gnilomboo
Gnisunggu
Gnulahaghe
Goe
Goiravu
Gold Ridge
Gole
Gombua
Gorabau
Gorambau
Gotazae
Gouulu
Guguha
Gukhuna
Gumba
Gupuna
Guranja
Gurauja
Gurena
Gwai'akama
Gwaiako
Gwaiareko
Gwai'asai
Gwaidae'dae
Gwa'idae
Gwaidingale
Gwa'ifaefae
Gwaigeo
Gwa'ininiu
Gwa'irade
Gwa'irakwana
Gwaisila
Gwa'itaba'a
Gwaitamba'a
Gwango
Gwaunaoa
Gwaunaruu
Gwaunaruu
Gwaunasuu
Gwaunatafu
Gwaunatala
Haa'apu
Haa
Haarumou
Hachogha
Hada
Hadja
Haghalu
Hagharuhe
Hagharuhi
Haghela
Hagheulu
Hahietau
Hahorarumu
Hahorarunu
Hailalua
Hailovo
Hailupa
Haimarao
Haimatua
Haimbau
Haimela
Haimolumolu
Hainatogha
Hainatoha
Haiparia
Hairi
Haisavoria
Haisighinia
Haitete
Haivoha
Hakama
Hakanipua
Halahala
Hala Hala Mission
Halavo
Haleta
Haleta
Haliatu
Halisi
Haliupai
Hambere
Hamberi
Hambunameka
Hamihumanga
Hana'anaroho
Hangataru
Hang
Hanianawa
Haninggela
Hanivaivine
Hanivavine
Hanjohapeule
Hanua'apa
Hanuaniupa
Hanuasuu
Hanuvaivine
Hapai
Hapai
Harai
Harai
Hara'ina
Harana'eke
Harapa
Harea
Harehare
Harisiharihari
Harisi
Harisiu
Haroro
Hasupari
Hatakau
Hatanggua
Hatodeea
Hauharii
Hauhato
Hauhui
Haukoukou
Haumera
Haupara
Hauporo
Hauporomaea
Hauposo
Hauraha
Hauroho
Hautahe
Hautahi
Hautonima
Havaruvu
Haverughu
Havila
Heleta
Henuangoto
Hera
Heraisiu
Herani'asuhe
Heraniesi
Heranihio
Herepa'a
Heuhonu
Heupeine
Heuru
Hihiaka
Hihiaka Patukae
Hilamondu
Hirihiriasi
Hirihiripopo
Hirosare
Hirovanga
Hiuasi
Hofi
Hofovo
Hoilava
Hoilona
Holebara
Hombahohoro
Homba
Honiara
Honoa
Hopongo
Horanari
Horaniu
Horara
Horokao
Horouru
Hote
Houaha
Houa
Hou'ao
Houhepa
Houhou
Houhouna
Houkari
Houkeni
Houkokore
Houkona
Houmatana
Hounasi
Houoa
Houparoparo
Houpuna
Houri
Houripipisu
Houripou
Houro'a
Houroho
Houro
Housuru
Houte'ete'e
Hovi
Hovoro
Hovukoilo
Huali
Huehule
Hu
Huhuru
Hulavu
Hulihale
Hulina Manukiki
Hulo
Hunahao
Hunahau
Hunanaawa
Hunanahara
Hunanapuru
Hunda
Huni'ama
Hunihara
Hunihu
Hunimasi
Huno Ramu
Hunouri
Hunughu
Hunurama
Hunuta
Hurakaia
Huranahai
Huranja
Hurasona
Hure
Hurepelo
Hurihasu
Huri'i
Huro
Huru
Huu
Hu'umarere
Iaru
Iaruraha
Igwa
Ikupaara
Ilangana
Ilikaliana
Iliki
Imana
Imomoru
Inagau
Ina Ghau
Ina Ghavigha
Ina Ghoana
Inahombe
Ina Kala
Inakona
Inakona Mission
Ina Kongga
Ina Kua
Ina Maole
Ina Mati
Ina Mbombo
Inanunu
Ina Puru
Ina Ravu
Ina Vindi
Ina Visa
Iofana
Ione
Iramarore
Iranumu
Iranunu
Ireke
Iremaea
Irindofe
Iringgila
Iripaina
Iriri
Ironunu
Irowai
Iruiru
Isiisu
Isipeni
Israel
Isuisu
Isuna
Isunavara
Itina
Jaklo
Japuana
Jarava
Java
Jejevo
Jiku
Jinjapili
Joroveto
Judaea
Kaanggua
Kaekui
Kafema'u
Kafoambu
Kafo'elia
Kafoi'ilo
Kafulafiu
Kaio
Kakake
Kakalaa'ano
Kakalaka
Kakalambao
Kakalao
Kakalokasa
Kakambona
Kakambona Villages
Kakara
Kakaro
Kakaru
Kakaru
Kakasa
Kakatio
Kakavovo
Kakaza
Kakendakena
Kakolia
Kalaka
Kalala'ao
Kalambisi
Kalanggwata
Kalavaolu
Kalenga
Kaliala
Kalibato
Kalimai
Kalima
Kaloka
Kalona
Kaltoma
Kamaleai 2
Kamaleai
Kamangga
Kamanjikoko
Kamaosi
Kamoniboko
Kanata
Kanava'eha
Kanda
Kandiavata
Kandova
Kanggava
Kanipa
Kaoka
Kaokaona
Kaonasughu
Kaonasugu
Kaonggele
Kaori
Kaotave
Kapasiro
Kapeu
Kapicha
Kapika
Karaka
Kareki
Karinara
Karipaupapa
Karivalu
Karivasa
Karo
Karokaro
Karona
Karukaru
Karupopora
Karu'uu
Kasaranga
Kasarongo
Kasimburu
Katurasele
Kauchupuchupu
Kau
Kau Kau Mission
Kaukona
Kaunasugu
Kausa
Kauva
Kauvare
Kavahambe
Kava
Kavoa
Kavo
Keala
Ke'ana
Keara
Kekena
Kekepina
Kelakwai
Keloanamusu
Kelomari'i
Kemane
Kemba
Kena
Keravuru
Kere
Kerekoka
Keremanivo
Kerenapisi
Kerepai
Kerepei
Kerepei
Kerepukavala
Keru
Keru Village
Kesao
Kesatamba
Ketoketo
Ketonga
Keviani
Kia
Kiala
Kibelifolo
Kibelifolu
Kicho
Kikinocho
Kikiri
Kililonga
Kilokaka
Kilufali
Kilufi
Kilusakwalo
Kiluufi
Kimaga
Kimbito
Kindivoroa
Kinoso
Kioramo
Kira
Kirakira
Kirighi
Kirighi
Kirigi
Kiripaasu
Kiu
Kmagha
Koaa
Koache
Koa
Koalia
Koatolo
Kobiloko
Koburu
Kochitoa
Kochokocho
Koela
Koepilua
Koetungi
Kofi
Kofiloko
Koghambugha
Koghe
Koila
Koilambu
Koilonambo
Koilosuimomoru
Koilotumaria
Koilotumuria
Koilovala
Koilovata
Kokamau
Kokenggolo
Kokengolo
Kokengolo Mission
Kokepaku
Kokoerata
Kokoilo
Kokolapa
Kokolope
Kokombagia
Kokombono
Kokomu
Kokomuruka
Kokosuliseu
Kokosurisau
Kokote
Kokumaruki
Kokumbona
Kokumuruka
Koleala
Kolenamoa
Koliai
Kolika
Koli
Kolina
Kolochachara
Kolochega
Kolochemba
Kolochimiu
Kolochiri
Kolochulu
Koloe
Kolofi
Kologhajogha
Kologhalivei
Kologhasi
Kologhavatu
Kologhavutu
Kologhodu
Kologhona
Kolohambusi
Kolohaumbi
Kolokapalu
Kolokapasi
Kolokarako
Kolokeleve
Kolokiki
Kolokoko
Kolokundukundu
Kololauvi
Kolombagia
Kolombaleho
Kolombangara
Kolombari
Kolombolo
Kolombora
Kolomola
Kolomosu
Kolondoli
Kolonjiri
Kolosigana
Kolosula
Kolosulu
Kolotambu
Koloteve
Kolotita
Kolotubi
Kolotumaria
Kolovaleve
Kolovalu
Kolovaolu
Kolovasari
Kolovatuniura
Kolovelo
Kolovuluvulu
Kolumbaghea
Kolutoha
Komambulu
Komanuga
Komanuha
Komaru
Komate
Komati
Kombae
Kombalombalo
Kombau
Kombe'aikiki
Kombe'ai
Kombe
Kombi
Kombiloko
Kombito II
Kombito I
Kombito
Kombokisa
Komimbo
Komindi
Komoniboko
Komoto
Komovaolo
Komughavea
Komu'isia
Komukama
Komukea
Komu
Komukomu
Komukusua
Komule
Komulevugha
Komumarara
Komumbembe
Komuna
Komungelea
Komuniao
Komuniato
Komunidhimbo
Komunighogha
Komunihaka
Komunihara
Komunikoa
Komunima'angga
Komunimala
Komunimatangga
Komunimbaimbai
Komunimbambasa
Komunimboko
Komunimbolo
Komunimbombolo
Komuninggita
Komunisambaha
Komunitambalolo
Komunivele
Komupau
Komuporo
Komurarata
Komureo
Komusondu
Komuvadha
Komuvaolu
Kona
Konapou
Kondodhau
Kondothau
Kondovele
Kongga
Konggau
Konggeva
Konggo
Konggu
Konggulai
Konibau
Konitaraka
Konitarake
Konjonambangaro
Konure
Koo
Ko'ombaita
Kopapara
Kopau
Kopiu
Koraga
Koragha
Korai
Korambu
Korasa
Korasa
Korikasike
Korogha
Korombusu
Korove
Korovou
Koruha
Kosarara
Koseranga
Kosifu
Kosikosi
Kosipo
Kosisi
Koso
Kosuarangga
Kotaoa
Kotatave
Kotokum
Kouasi
Kovahu
Kovare
Kovatali
Koviloko
Kowowugy
Kubolota
Kuchira
Kuekue
Kugk
Kuikuila
Kuikuilu
Kuila
Kuki
Kukuduro
Kukuhila
Kuku
Kukumbona
Kukum
Kukumu
Kukundu
Kukunu
Kukuruu
Kulu
Kuma'ihavi
Kuma
Kumanakati
Kumarei
Kumariva
Kumbakale
Kumbokala
Kumbokale
Kumbokesa
Kumbokota
Kumbolia
Kumotu
Kumu
Kumundi
Kundale
Kundu
Kunji
Kunjo
Kunokuno
Kunso
Kunumboko
Kunura
Kuraisau
Kurilaka
Kuru
Kusini
Kusumba
Kutakana
Kuva Kei
Kuvamiti
Kwa'a
Kwaakwadi
Kwaakwandi
Kwaiafaa
Kwaiana
Kwaiaroaro
Kwaifiu
Kwai
Kwaila'abu
Kwailaua
Kwailava
Kwailibesi
Kwaimae
Kwaimbaambaala
Kwainaketo
Kwainangali
Kwaiorua
Kwakwailata
Kwalakwala
Kwaoasi
Kwaoasio
Kwao
Kwapiekwa
Kwari'ekwa
Kwene
Labogo
Labukasga
Labukasiha
Lache
Laga
Lageba
Laghira
Laiana
Lajaka
Lakampao
Lakatana
Lalalo
Lalande
Lalao
Lale
Lali
Lalitau
Lalloassi
Laloato
Laloe'efou
Laluto
Lamaa
Lambeana
Lambete
Lambeti
Lambia
Lambi
Lambughue
Lambukasigha
Lambukasigu
Lambungasi
Lambunggaula
Lame
Lamuas
Landeni
Langalky
Langanaku
Langange
Langgoe
Langgoi
Langgo
Lango
Langumusu
Laotatau
Laovavasa
Laovundi
Lapo
Larimbaolo
Laru
Lasa
Laso
Lata
Latina
Lauhavigha
Laukolo
Laula
Laulambeti
Laulasi
Lauru
Lauta
Lauvavasa
Lauvi
Lavaka
Lavanggu
Lavu
Lavuro
Lea'angeange
Leche
Leitango
Leitongo
Leleghia
Lelei
Leleola
Leleona
Lengalau
Lenga
Lengatura
Lenggakiki
Lenggalau
Lenggalei
Lengga
Lenggaloki
Lenggarauna
Lengo
Leomate
Leosa
Leovatu
Letuni
Levaleva
Levuka
Levu
Liangai
Lighara
Lilifia
Lilisiana
Limi
Lingrababo
Lio
Lipe
Litoghahira
Lituni
Liufanithauthau
Liuliu
Liulu
Liwe
Liweliwe
Loalonga
Lochatana
Loghahaja
Logha
Loghasia
Loimboro
Loina
Lokanipeo
Lokiha
Lokuru
Lolinggi
Lolofoe
Lologae
Lologana
Lologhae
Lologhana
Lololo
Lolomikilo
Lomati
Lombe'esuala
Longapolo
Longgu
Longguna
Longu
Longwocky
Lo'ombola
Lotiloti
Lova
Lueselemba
Lughunataumana
Lughuvasa
Lugunabuli
Lukuvaru
Lulambai
Lulemikilo
Luluvato
Lumanambolo
Lumanaroko
Lumarau
Lumu
Lunga
Lunga
Lungga
Lungga
Lungua
Luti
Lu'ue
Luvuna
Luvunambuli
Luvunbuli
Lwowa
Maamalasuala
Maamburu
Maanafaene
Maanafiu
Maanakafo
Maana'oba
Maanggwarafu
Ma'ara'ara
Maariki
Maariwai
Maasupa
Maatona
Mablosi
Madoa
Madoa Mission Station
Ma'eanikana
Maeloboa
Maeroto
Mage
Maghati
Mahagha
Mahuto
Maimali
Maira
Maisinirae
Maisu
Makali
Maka
Makambo
Makanakolopao
Makana
Makanapeo
Makaranguru Nguru
Makaruka
Makarukar
Makia
Makila
Makile
Makilo
Makina
Makorukoru
Makweunu
Malabague
Malaengari
Malagwasu
Malaisa
Malaisu
Malalaia
Malangano
Malango
Malangono
Malanjoru
Malapau
Malapu
Malatabii
Malatawa'a
Malatema
Malathawa
Malatoha
Maleai
Malefomuu
Malemgeulu
Malevaga
Maleva
Malevangga
Maliali
Malisa
Malitawaniuhu
Malivaga
Malivanga
Malivugu
Maloaini
Malohu
Malohumbisi
Malo
Malombo
Malona
Malosu
Malo'u
Malou
Malue
Maluka
Malukuna
Malu
Malumalunimbirisi
Malumgeulu
Maluu
Malvmalunavirsu
Mamako
Mamalade
Mamara
Mamarea
Mamarei
Mamatoa
Mambulu Na Kake
Mami
Mamui
Mamulele
Manaambu
Manaara
Manaba
Manabubulu
Manabuma Mission
Manakia
Manakukunu
Manakwai
Manamba
Manambusu
Manano
Manaoru
Manawai
Manchuki
Mandakacho
Mandakato
Mandalua
Mandekachu
Mandiralava
Mandou
Manduo
Maneade
Manegohere
Manehuki
Maneoura
Maneura
Manevovo
Manewaro
Manewiriwiri
Mangakiki
Mangalao
Manga
Manganakao
Mangapahu
Mangautu
Manggari
Manggatarava
Manggautu
Manggo
Mania'aa
Mania
Maniate
Manibokosi
Maniborkosi
Manierate
Manifao
Manigai
Manighai
Manihauhau
Manihauni
Manihinua
Manihouhou
Manihouni
Manihusi
Mani'iira
Manikaraku
Manikiriu
Maniora
Maniota
Maniou
Manipwena
Manivasa
Maniwaro
Maniwawa
Manjavo
Manna Kwoi
Mannu
Manoroti
Manuagere
Manule
Manu
Manuopo
Manupisu
Maokao
Maoro
Maosiri
Maoto
Mapahisi
Maraeva
Maraghova
Maragova
Marahovi
Marahuiraramua
Marahu
Maraiva
Maranu'u
Marao
Maraone
Maraoni
Marapona
Marararo
Marasa
Marata
Marau
Maraunia
Marauni
Maravari
Maravovo
Mariava
Marindi
Marisi
Marivari
Maroco
Maroghu
Marokafo
Marou
Maro'umasike
Marui
Maruiraru
Maruitaro
Marumba
Marumbo
Marumu
Marunga
Marupo
Maru'ura
Masi
Masiu
Masoko
Masugologo
Matachachali
Matahenua
Matakachi
Matakwaisuu
Matakwalao
Matamofu
Matamotu
Matanambamba
Matananughu
Matanaso
Matanganakafo
Matangasi
Matangga
Matango
Matanikao
Matanikau
Mataniko
Mataninughu
Matapava
Matapuru
Matari
Matariu
Mataruka
Matasere
Matavati
Matekolukolu
Matenggolo
Mati
Matlava
Matombo
Matoni
Matoraniwai
Mavaina
Maviru
Mavulu
Mavunina
Mawa
Mba'elasurumbe'u
Mba'eniambu
Mbagherau
Mbahi
Mbakua
Mbalafai
Mbalanimanu
Mbaleghokoa
Mbaleokala
Mbalola
Mbalo
Mbaloni
Mbambala
Mbambanakira
Mbambandeha
Mbambareilonga
Mbambarelonga
Mbambasu
Mbanga
Mbangara
Mbangopingo
Mbaniata
Mbanimbani
Mbanone
Mbaole
Mbarakoma
Mbarakongga
Mbarambou
Mbarana
Mbaranasia
Mbara Parilonga
Mbarasipo
Mbaraulu
Mbareho
Mbariki
Mbasakana
Mbatongo
Mbatuna
Mbazo
Mbea
Mbeghotadhi
Mbeghovila
Mbeghovuvudha
Mbekambeka
Mbelagha
Mbelaha
Mbelaitohu
Mbelambela
Mbelapita
Mbelasara
Mbelatania
Mbelatasi
Mbelati
Mbele
Mbembe
Mbembenamanu
Mbengena
Mberapa
Mberechoa
Mberelonga
Mberenigha
Mbetembete
Mbetilonga
Mbetimbeti
Mbetini
Mbetitambu
Mbetivaolu
Mbiche
Mbilikovu
Mbili
Mbilimbili
Mbilua
Mbimbisala
Mbina
Mbino
Mbinu
Mbirambira
Mbirasu
Mbisuana
Mbita'ama
Mbiti
Mbiula
Mboe
Mboemboe
Mboeni
Mbohu
Mbokasuhu
Mbokiaka
Mbokoaghau
Mbokochare
Mbokola
Mbokolo
Mbokolonga
Mbokolovo
Mboko
Mbolaau
Mbola
Mbomboe
Mbonala
Mbona
Mbonmbonu
Mbonumbonu
Mbopo
Mboranaho
Mborandaho
Mboringo
Mborohinamba
Mborokoko
Mboromole
Mboroni
Mborosavila
Mbotolo
Mboutambu
Mbuambua
Mbuamena
Mbuandoko
Mbuasavia
Mbuchikora
Mbughetu
Mbughona
Mbughulusule
Mbuini Tusu
Mbuira'ambu
Mbukileti
Mbulai
Mbulo
Mbulu
Mbuluminjua
Mbuma
Mbumbualala
Mbumbughoro
Mbumbukembe
Mbumbukolo
Mbumbukuana
Mbumbulonga
Mbumbumaraho
Mbumbunamo
Mbumbunuhu
Mbumbupanapana
Mbumburu
Mbumbutasi
Mbuni
Mbu'ombu'o
Mburaki
Mburuku
Mburungia
Mbutovatale
Mbuturua
Menai
Menakasapa
Menamini
Menelu
Mengasanga
Menighagha
Mereka
Mifare
Mimisi
Misinighau
Moela
Mogarege
Moila
Moira
Moki
Mole
Moli
Moli
Momolu
Mondo
Mondomondo
Mongga
Mongga
Monggo
Morondo
Mota
Motombulu
Mou
Mouta
Muana
Mulusu
Munamanu
Munda
Mundimundi
Musukui
Mwadjo'a
Mwadoa
Mwamwako
Mwaniache
Mwanibwaghosu
Mwanibwagosi
Mwanihuki
Mwanimaoru
Mwanimauru
Mwanipua
Mwaniwowo
Mwarada
Mwarairaru
Mwaratja
Mwareiraro
Mweilalapo
Naafisi
Naakwila
Naambula
Naamute
Naana
Naanau
Na Ande
Naanggwai
Naaruu
Na'atilo
Na Chei
Nadi
Nafinotoga
Nafinua
Nafinuatogho
Nafinuatogo
Naganea
Naghania
Naghatare
Naghighi
Nagholau
Nagho
Naghonangichu
Naghonimbalo
Naghotano
Nagigi
Nagonangitsu
Nahahau
Na Haimbau
Na Hambu
Na Hambusi
Naharahau
Na Hau
Na Homba
Nahombe
Naho
Nahoura
Naifai
Nainaoa
Naiwa
Na Kambi
Na Kene
Na Keo
Na Kili
Na Koilo
Na Kondo
Na Kongga
Nakuhu
Na Kule
Nakuma
Na Kuma
Nakutei
Na Lagho
Nalaguthue
Na Lame
Nala
Nalitata
Na Longa
Namakohigho
Namakohuigo
Nama
Namania
Na Manu
Namarako
Namarango
Namasi
Namaturi
Nambacomba
Na Mbakero
Na Mbambasa
Nambare
Na Mbocha
Na Mbo
Na Mboneta
Na Mbulonggato
Nambusasa
Nambusasa Tuzu
Namoanabaola
Namoanabaula
Namo'ao
Namochuvere
Namo'ere'ere
Namo'ia
Namoirora
Namola'ela'e
Namom Blou
Namonahote
Namo Na Kerengandi
Namonambosa
Namongali
Namosalabe
Namosambagha
Namosina
Namo Valu
Nanakeni
Nanakinimae
Nanao
Na Naro
Na Ndoa
Nanepe
Na Ngali
Na Nggeu
Nangli
Na Niva
Na Njelu
Na Nono
Naonai
Na'ona
Na'o
Na'onatala
Naonauli
Naonuli
Napaghewa
Napagiwae
Na Palulu
Naparaohau
Naparaoinawa
Naparaomafai
Naparasusu
Naparenawa
Naparesusu
Naparoahau
Na Pasa
Napasiwai
Na Poli
Na Pono
Napurongo
Narano
Na Rate
Nareabu
Nariasi
Nari'eke
Narihasi
Narinaasuru
Narioriori
Nari'ou
Naripuipui
Nariwarawa
Narohei
Naro
Naroro
Narowai
Naruka
Naruo
Na Sengge
Na Sungi
Nasuragena
Nasuraghena
Natagere
Nataghera
Nata
Nategera
Na Tita
Naufee
Na Uli
Na Ura
Na Vahalo
Navai
Na Vasa
Na Vatali
Na Vaundalo
Na Vila
Na Vura
Na Vuravale
Na Vuvuti
Naworihu
Na Wosi
Nazareth
Ndaimbangara
Ndala
Ndandae
Ndandala
Ndandave
Ndara
Ndarangwara'u
Ndarawara'u
Ndari'aitolo
Ndarifu'ikwao
Ndauana
Ndaulahasi
Ndavalaka
Ndende
Ndiuku
Ndiu'uma
Ndoma
Ndovele
Nduindui
Ndukuna
Ndula
Ndumule
Ndunde
Nea
Neembuna
Nefua
Neia
Nele
Nemba
Nembao
Nemboe
Nenbo
Nene Pungupungu
Netengge
Nevea
New Chiri
New Hatara
New Lache
Newland
New Mala
New Manra
New Marere
New Mbambaraho
New Paradise
Newport
New Tenambuti
New Valley
Ngada'ifiu
Ngadefiu
Ngagatari
Ngaimambulumbu
Ngalato
Ngaliabu
Ngaliachulu
Ngaliae
Ngalialoalo
Ngaliamate
Ngaliambaleo
Ngaliambina
Ngalianggwa'iu
Ngaliapau
Ngalichichimiu
Ngalighaghachogha
Ngalikasiu
Ngalikemukemu
Ngalikoa
Ngalikolia
Ngalikomba
Ngalikombi
Ngalikonare
Ngalikovea
Ngalikwasi
Ngalilalali
Ngalilambelambe
Ngaliluage
Ngaliluaghe
Ngalimakeko
Ngalimarasa
Ngalimaremare
Ngalimauvo
Ngalimbina
Ngalimera
Ngalinanggela
Ngalindova
Ngalinggonu
Ngalingwangwao
Ngalipapa
Ngalipeule
Ngalisusure
Ngalitaghaverona
Ngalitalo
Ngalitatae
Ngalitata
Ngalitavedhi
Ngalithakali
Ngalito'o
Ngaliturara
Ngalituturiha
Ngalituturima
Ngalituturi
Ngalivasa
Ngalivavatu
Ngalivivinua
Ngalivoli
Ngalivouvou
Ngalivovo
Ngalivungambau
Ngalivuria
Ngarafata
Ngari'alambusi
Ngaria'ura
Ngaringari
Ngautu
Ngganggalu
Nggareka
Nggaulai'ato'o
Nggepai
Nggesa
Nggeukama
Nggeu
Nggilo
Nggilu
Nggiluniuna
Nggilutae
Nggoinggoi
Nggoma
Nggonanakiki
Nggononggolua
Nggonopoto
Nggoraembara
Nggoranaveki
Nggosi
Nggounaambusu
Nggounatogha
Nggovu
Ngguluvoa
Nggumu
Nggunggu
Nggurambusu
Nggwa'ako
Nggwa'alalamoa
Nggwaloa
Nggwanggwani'olou
Nggwauafa
Nggwaunahili
Nggwaunaire
Nggwaunakafo
Nggwaunaloi
Nggwauna'ua
Ngongorefou
Ngongosila
Ngongosila
Ngongosilu
Ngorangora
Ngotikala
Ngulangana
Ngurengure
Ngutu
Nifaro
Ni'ina
Nikomaroro
Nila
Nimahoro
Nimaniaihura
Nimaniriko
Nimatori
Nima'ui'ui
Nimbau
Nineveh
Nio
Nitauhi
Niughaghalo
Niuheli
Niukasu
Niumakani
Niumara
Niuma'uma'u
Niumeli
Niupani
Niupilesi
Niu Pilesi
Niupote
Niutakina
Njarivonggangga
Njava
Njeilao
Njenjepele
Njiku
Njoroveto
Noka
Noli
Nomie
Nonea
Nono
Nonoropo
Nonume
Nööle
Noroiru
Noronaho
Noro
Noto
Nuali
Nuatambu
Nudungi
Nudung
Nuela
Nughu
Nuhu
Nuhu
Nukiki
Nulavu
Numanuma
Numbuko
Numbu
Numu
Numu Numu
Nunu'asi
Nunughu
Nunulafa
Nunulaka
Nunumbala
Nusambaruku
Nusa Roviana
Nusunimanu
Nusu
Nu'u
Oa
Oau
Obaum
Ocili
Oesambe
Ofakwasi
Ofatambu
Ofio
Ogadea
Ogho
Ogo
Oha'aano
Ohena
Ohi
Ohumae
Oiamaama
Oi'arai
Oiawaa
Oi'eke
Oimera
Oinapo
Oiniha'a
Oinihari
Oio
O'io
Oiparuru
Oipunu
Oipuru
Oiraia
Oirawaro
Oirousu
Oisabe
Oisi'ini
Oitohutohu
Oitomu
Okeoke
Okiani
Okwala
Old Case
Old Chuva
Old Haimatua
Old Pawa
Olelavata
Olevuga
Olevugha
Olilavata
Olofolo
Oloha
Olokesi
Ololo
Olomburi
Omba
Omirangia
Onebia
Onefana
Onefolo
Onehatare
Onehatari
Oneibia
Onemae
One
One
Oneone
Onepara
Onepusu
Onesere
Oneteva
Oneuru
Onggaongga
'Onggou
Onibia
Onitari
Onitewa
'Oofa
'Oofu
O'omatawa
Oonerohoroho
O'o
O'oroba
Ootenimae
Oote
Opi
'Opo'opo
Oraetaro
Ora
Ore
Oroe
Orombina
Orothambeuu
Orumba
Osinakaro
Osonakaro
Ote'anggo
Oteiora
Ote
Oteotea
Ote'ote
Oterama
Otou
Ouitcho
Oula
Oula
Ou
Paa
Paarai
Pachipachi
Paele
Paena
Paeni
Paeraurasu
Paeu
Paeva
Paiatori
Pailongge
Paimbeta
Paiou
Pakenggosu
Pakinggusu
Palaina
Palasu'u
Palolu
Palulu
Pamua
Panarui
Panatina
Pandii
Pandi
Panggoe
Panuha
Panuhe
Pao
Papaie
Papai
Papalaha
Papanaka
Papanggu
Papangu
Papara
Papasuli
Papipao
Papi
Papipap
Para'akai
Paradise
Paramata
Parambauna
Parapara
Parapara
Parasana
Parasi
Paraso
Paravele
Pare'omane
Pare'o
Pare
Parepare
Parina
Paripao
Parisisi
Paro
Paru
Paruru
Pasana
Pasifatoga
Pasifutogha
Pataerae
Patima
Patukae
Patumbello
Patumbelo
Patupaele
Patupaili
Patura
Patutiva
Patutiwa
Patuvendi
Patuvindi
Paunairo
Paunanu'u
Paungga
Pau
Paupau
Paura
Pauro
Pauru
Pawa
Peava
Pelekea
Penjuku
Penjulu
Peochakuri
Peonakake
Peonamacho
Peonavula
Peou
Pepele
Perachikai
Perachika
Perakauru
Pere'oi
Petupat
Petupetu
Peu
Piapia
Piatarau
Pichahila
Piela
Pienuna
Pilo
Pilopilo
Pilupotori
Pimandara
Pina
Pinau
Piphirina
Pipisu
Piregha
Pirumeri
Pisagila
Pitakutukutu
Pite
Piundava
Plartual
Poepoe
Pogholauka
Poholauka
Poianiho
Poichachu
Poikotogha
Poinagobo
Poinahoho
Poinanggela
Poisughu
Pokimundi
Pokolauka
Poli
Polisongona
Polomuhu
Polo
Pona
Popoheo
Poponaia
Popona'ire
Poporo
Poposa
Porapora
Poreniaro
Porokokore
Poro
Poroporo
Posaposara
Posarae
Potani'uu
Pouiramo
Pounandi
Pounanohu
Poupasu
Po'u
Pourah
Puchua
Pui
Pukambuti
Pululaha
Pulu
Puma
Pupuanakeni
Pupuku
Pupuri'a
Puputa
Purakechau
Purakechu
Purakesale
Purakiki
Puralava
Pura
Purapura
Puratao
Purepure
Puriasi
Puri'asi
Purikiki
Puripuri
Pusuraghi
Puto
Putukora
Putu
Pututu
Pwe'u
Raa
Rabu
Rabuta
Radefasu
Raeao
Raeavu
Ragapu
Raghapu
Raia
Raisi
Raja
Rako
Rakuiofu
Ralavu
Rama
Rambali
Rambunggaula
Rame'ai
Ramoma'ini
Rani
Ranja
Ranongga
Rano
Raoha
Raolo
Rapa
Raputete
Rarade
Raraetaro
Rarafata
Rarande
Rara
Rararona
Rararo
Rarasi
Rarasu
Rarata
Rarato
Raraususia
Raria'oa
Raroasi
Rarumana
Rasa
Ratakeni
Rata
Ratei
Rate
Rau'ahu
Rau'e'eta
Rauhi
Raukerere
Raukwao
Raunitono
Raupono
Rauramba
Raurasua
Raurauna
Raurembo
Rauribau
Raurileko
Rautalu
Rauvalu
Raverave
Ravu
Ravu Sondu Kosi
Ravu Sondu Ulu
Ravu Soundu Ulu
Rawanaoru
Reghi
Regi
Reilonga
Reko
Relonga
Rerea
Rerede
Rerehonomae
Rerembonumbonu
Rere
Rerere
Reva
Rihoniwasi
Rihutarau
Riimairuu
Rikipara
Rio'aaea
Rio'ahia
Rio'ao
Riohiasi
Riomara'u'u
Ripo
Ririka
Riusoru
Riverside
Ro'ameo
Roapu
Roawaisisi
Roghu
Rohinari
Rokai
Rokera
Rongofangaa
Rongokwere
Rongolegu
Rongoleilei
Rongomae
Rongomoli
Rongoninggorunggoru
Roone
Ropa
Ropa
Rori
Roroana
Rorongo
Roroni
Rororia
Roso
Rota
Rova
Rove
Rove
Ruanggao
Ruanggo
Ruaniu
Ruapuri
Ruavatu
Rufoki
Rughu
Rukutu
Rumahui
Rumatari
Runanigogoro
Ruravai
Ruru'uhe
Ruruvai
Rutaorea
Ru'u
Saa Mission
Sa'a
Sabonau
Saghavua
Sagheraghi
Sagigai
Sahalu
Sahasahakama
Sahuhu
Saighilana
Saikila
Saikile
Sainahando
Saira
Sakevolo
Sakosi
Salalava
Salamarao
Salapuka
Salatolu
Salaura
Salesapa
Sali'au
Salio
Salisapa
Samaria
Samasodu
Sambani
Sambira
Sambora
Sanabogo
Sandato
Sandeleni
Sandikepi
Sanggasere
Sanggigae
Sanggighae
Sangigai
Sani Lae
Sani Lumu
Saofura
Sao
Sapanetavu
Sape
Sape
Sapuru
Saranakako
Saranamola
Sarananggaule
Saranuli
Sarase'ele
Sarawasi
Sareko
Sarelata
Sariana
Sarimera
Sarivona
Sasacoma
Sasaghana
Sasahakama
Sasaleka'o
Sasaleke'o
Sasamungga
Sasatora
Sasavele
Saseke
Sau'a
Saua
Saua
Saunata
Saunatu
Saungulu
Sauri
Savalu
Savaolo
Savaolu
Sava
Savekau
Savilu
Savolo
Savuna
Sawarokau
Seba
Seghe
Segi
Selaghoghoro
Selatenagho
Selavana
Seleo
Semano
Sepa
Sepi
Sepi Village
Serabese
Seragala
Serighama
Serulando
Sesedo
Sesepi
Seve
Siarana
Siarara
Sia
Siata
Sidon
Sidu
Sigana
Sighosapa
Sihomaniwara
Sihomwaniwala
Siinamuo
Sikopisu
Sikwafunu
Silighodu
Sili
Silolo
Simba
Simbesimbe
Simbilando
Simbo
Simiu Bank
Simuli
Sinalanggu
Sinamo
Sinasuu
Sindu
Sineria
Singgilia
Singiti
Siodjuru
Sioduru
Siota Mission
Siota
Sirana
Siriwareo
Sirokakara
Siro
Sirukia
Siruria
Sisifiu
Sisiota
Sitaronda
Sita
Sivula
Siwapau
Siwarau
Smalo
Sobelia
Soesonde
Soga
Soghati
Soghoka
Somber
Sombiro Loka
Sombiro
Songgulu
Sopanitogha
Sopapera
Soranamola
Sorovisi
Sorusitana
Soso
Suaba
Suafa
Suaghi
Suagi
Sualakeke
Suaraghi
Suavanao
Sub Talahia
Su'ena
Suenna
Sughulonga
Sughu
Sugu
Suguu
Suhairato
Suhu
Suilonggolonggo
Suindaraa
Sukiki
Sulanggwalu
Suliliu
Sulimuni
Sulione
Sulofoloa
Sulukiai
Sumakotu
Suma
Sumate
Sumbaniu
Sumbombono
Sunahavi
Sunana
Sunangauli
Sunasau
Sunavutu
Sungasau
Sungina
Sungulu
Supato
Supusapuai
Suputovu
Sura'iro
Suramane
Suramani
Suranani
Surapau
Surimuni
Suruaharau
Suruanihonu
Suru'ao
Suruhoroa
Suruni'oi
Susubona
Susuka
Susu
Susu'ume
Su'uholo
Su'uirahu
Suu Lava
Suumatahu
Su'umboko
Suunanila
Suurawa
Su'uri'i
Su'uruaharau
Su'usu
Su'u
Su'utaluhia
Suva
Suva
Suwe
Ta'alulolo
Ta'arutona
Tabaa
Taba
Tadahadi
Tadhighalagha
Tadhimane
Tadhi
Taeniu
Taepe
Ta'eri'ara
Tafala
Tafukoe
Tafuna'ama
Tagatalau
Tagholauna
Tagongga
Tagulaunga
Tahaa
Tahaimbau
Taheramo
Tahibo
Tainiu
Taipe
Taitai
Taivo
Taivu
Taka'ito
Takamboro
Takaniano
Takataka
Takatakati
Takata
Takavali
Takemboru
Takira
Takoi
Takokoilo
Takola
Takolenduna
Takonga
Takongga
Takopikopi
Takosoarangga
Takuika
Takurakura
Taku
Takwafiru
Takwa
Talahia
Talaitango
Talakali
Talamu
Talaungwembe
Talaura
Talesimba
Taliatango
Talingavatu
Talisemba
Talise
Taloa
Tamami
Tamanby
Tamatangga
Tambaa
Tamba'au
Tambakokomu
Tambakolo
Tambalia
Tambalusu
Tambama
Tambani
Tambarato
Tambasaru
Tambea
Tambelusu
Tambero
Tambili
Tamboko
Tambughu
Tambugu
Tambulivu
Tambunahambu
Tambunambulo
Tambunimane
Tamburiu
Tametame
Tametave
Tanabili
Tanabou
Tanabuli
Tanaemba
Tanagai
Tanahai
Tanakea
Tanakindi
Tanakola
Tanakombu
Tanakongga
Tanalanga
Tanambora
Tanambuli
Tanamo
Tanandoe
Tanapau
Tanapoi
Tanasali
Tanatete
Tanavalea
Tanavasa
Tandalo
Tangali
Tanged
Tanggilanggila
Tanggonggora
Tangongote
Tanikola
Tanimbili
Taombo
Taora
Taori
Tapa'atewa
Tapou
Taraafada
Tarahoro
Taraikui
Taramata
Tar'aniparu
Taraoto
Tarapaina
Tarapiri
Tarariu
Tarariwa
Taratarau
Taraupata
Tarekacho
Tarekotz
Tari'ao
Taroaniara
Taro'a
Tarohaha
Tarosi
Taruta'a
Taruvana
Tasia
Tasilaki
Tasile
Tasiloki
Tasimania
Tasisi
Tasi
Tasiuki
Tasoe
Tasule
Tasure
Tatamba
Tatamba
Tatambiri
Tatatu
Tatau
Tatira
Tauba
Tau'ialomae
Taulalamu
Taumamae
Taumbaghe
Taumbuto
Taunavali
Taupanda
Tausese
Tausoro
Tau
Tautuvera
Tavabuta
Tavala
Tavangaoa
Tavavao
Tavioa
Tavughi
Tavulea
Tavulepasa
Tavuli
Tavutisakai
Tawaaro
Tawahaule
Tawaiabu
Tawaibu
Tawaihuro
Tawai Mare
Tawainupu
Tawaiosi
Tawairoi
Tawaiseu
Tawaisira
Tawanaora
Tawana
Tawanava
Tawania
Tawanimae
Tawanisisisi
Tawanisitoo
Tawani
Tawapaina
Tawaraha
Tawarararo
Tawarihira
Tawarihou
Tawarodo
Tawaroga
Tawarogha
Tawasubwe
Tawasu
Tawatana
Tawa'uia
Tearoku
Teatupa
Telina
Telina
Temuo
Tenabuti
Tenadhugha
Tenaghau
Tenahi Mission
Tenakaro
Tenakoko
Tenalinggi
Tenambuti
Tenandalovi
Tenaro
Tenaru
Tenatelidhe
Tenatomba
Tenatungi
Tenauti
Tenavatu
Tenavunudha
Tenavutu
Tenendoe
Teneru
Tereali
Tetemara
Tetenimae
Tetere
Tetomera
Tevua
Thalu
T'holana
Tinabuti
Tinahodhi
Tinaindari
Tinakle
Tina
Tinggoa
Tinomeat
Tinovika
Tirognuli
Tiroko'u
Tirotong'na
Tirovisi
Tit'hiro
Titiana
Tiua
Tiuni
Tiviale
Toa
Toeleghu
Tofie
Toga
Toghasalo
Toghasa
Toghasio
Togha
Toghorei
Toghunaovo
Togore
Togunaovo
Toitombe
Tokopigopi
Tolughu
Tolugulu
Toma
Tombakambu
Tombe
Tomura
Tongona
Toohita
Tookina
Torapare'o
Torapora
Toriheo
Toriowango
Toroa
Torohane
Toronihanua
Totolni
Totome'etani
Totongo
Toumoa
Tsamburu
Tsapuru
Tuaninamo
Tuaria
Tuarughu
Tuarugu
Tuavarava
Tughagha
Tuhungganggo
Tuhurutolu
Tuiai
Tuitolu
Tulachara
Tulaghi
Tulagi
Tumanggulu
Tumbila
Tumbuka
Tumuligahu
Tumulighohu
Tumuligohu
Tumumbosa
Tumumboso
Tumurora
Tumuugohu
Tundu
Tunnibuli
Tunoe
Tuotungo
Tuo
Tupaveke
Turi
Tusamine
Tusumine
Tutitoto
Tutumu
Tutuva
Tuvaruhu
Tuvukokichi
Tuvu
Uani
Uara
Ubuna
Uclava
Ugali
Ugeli
Uhu
Uivate
Ukuuku
Ulakuma
Uluambolo
Ulungga
Ulusughu
Ulusugo
Ulusugu
Umara
Uma
Umuu
Unawa
Ungalesi
Uni
Univa
Untava
Unusoa
Upuna
Upu
Uradau'e
Uraghai
Ura
Uruilangi
Ururu
Uruuru
Ususua
Usu'usue
Utuni
U'ula
U'unimenu
Uura
U'uri
U'usu
'Uvea
Uzamba
Vadhalutu
Vadhavoka
Vaenimala
Vagara
Vaghara
Vahato
Vaholia
Vahoria
Vaimaia
Vaitambu
Vakambo
Valakaro
Valangge
Valasi
Valearanisi
Valeato
Valechacha
Valechomara
Valekeo
Valemano
Valemanu
Valemaunu
Valembaimbai
Valembakero
Valembilombilo
Valembolo
Vale Muse
Vale Na Koko
Valengali
Valengal
Valepombo
Valesala
Valesighao
Valesule
Valevaghalo
Valevale
Valevuru
Vambahunu
Vana
Vangapisu
Vanga
Vangavanga
Vanggoso
Vangoso
Vanikolo
Vanikoro
Vanikuva
Vanuavaolu
Vaovao
Varadaki
Varangge
Varanitu
Vara
Varhui
Variana
Vasavarangge
Vatakulau
Vatalochi
Vatasevue
Vatavi
Vatibora
Vatinarau
Vatomanivo
Vatualae
Vatubora
Vatughai
Vatuhila
Vatukapicha
Vatukolaa
Vatukulau
Vatulava
Vatuloki
Vatulovo
Vatumanivo
Vatumbaghea
Vatumbora
Vatunakuvukuvu
Vatunandi
Vatuniura
Vatupilei
Vatupura
Vatusii
Vatutaranggau
Vatuteko
Vatuvonu
Vatuvua
Vau
Vauvau
Vavaea
Vavanga
Vavao
Vavarenitu
Vavundu
Venga
Verabue
Verabuni
Veragalea
Veraghalea
Veraghavai
Veraghughula
Verahanjahanja
Verahavai
Verahoai
Verahue
Verahui
Verahulolo
Verahuvia
Verakaria
Verakauraghinia
Verakelia
Verakuskau
Veralala
Veralava
Veralee
Veralenga
Veralengga
Veralevugha
Veralevuha
Veralilighi
Veramakula
Veramakuru
Veramambe
Veramambi
Verambasia
Veramboli
Verambou
Veramogho
Veramogo
Veranaue
Veranggono
Verani
Verasara
Verasua
Veraulia
Veravaolu
Veravasu
Veravaulo
Veravaulu
Veravolia
Verigalia
Veuru
Veuvu
Viavusa
Vilu
Vio
Visakiki
Visale
Visanaoru
Visovaso
Viso
Vivili
Voghavule
Voliemba
Volinavua
Volivoli
Voloa
Volonavua
Vonu
Vori
Vorovota
Votumasoghata
Vow Vow
Voza
Vuavao
Vudu
Vughoe
Vugholonga
Vugoe
Vugolonga
Vugulonga
Vuhu
Vularu
Vulavu
Vulolo
Vunanuli
Vundutaru
Vunjimbuli
Vunuha
Vunusa
Vuragha
Vuraimosu
Vuranembonembo
Vuranimala
Vuratindao
Vuravohai
Vura
Vura
Vure
Vuruvuru
Vuturua
Wahere
Waiahaa
Waibana
Waihii
Waihusa
Wai'iripo
Wailulu
Waima'aka
Waimahui
Waimapuru
Waimarae
Waimarai
Waimarau
Waimbonombono
Wainaworasi
Wainoni
Wai'ou
Waipora
Wairadina
Wairaia
Wairaraha
Wairaramua
Wairimane
Wairokai
Wairoka
Wairura
Waisiri
Waisisi
Waisusu
Waitani
Waitao
Waitara
Waitautaru
Waitete
Wakio
Wakora
Walade
Waloabu
Walo
Wango
Wanione
Wanipuru
Waowaorahi
Waowao
Waraata
Warakirita
Waraniuwo
Wararaia
Warekau
Wariatipai
Waro'ai
Waro'au
Waropara
Wataro
Wataro
Wawarioke
Werobungia
White River
Wugiroga
Yandina
Zambanarungga
Zambanavarungga
Zarepe
Zaru
Zavare
Zavari
Ziata
Zieta Village
Zieta
Zongga
