Adam Park
Adelphi Park Estate
Ah Soo Garden
Aik Hong and Aik Chiang Estate
Alexandra
Alexandra Estate
Ama Keng
Ama Keng Village
Ang Mo Kio
Ang Mo Kio New Town
Ang Mo Kio Village
Ardmore Flats
Ayer Rajah
Ayer Raja New Town
Bajau Estate
Bamboo Grove Park
Bandar Baharu Jurong
Ban Guan Park
Banta Tengeh
Bedok
Bedok Garden
Bedok New Town
Bedok Village
Bedok Ville
Bena Park
Bin Tong Park
Bishan New Town
Boon Lay
Boon Lay Resettlement Area
Braddell Heights Estate
Brickworks Estate
Bright Hill Crescent
Brizay Park
Bukit Batok
Bukit Batok New Town
Bukit Ho Swee Estate
Bukit Mandai
Bukit Mandai Village
Bukit Merah Estate
Bukit Panjang
Bukit Panjang Estate
Bukit Panjang New Town
Bukit Sembawang Estate
Bukit Timah
Bukit Timah Estate
Bukit Timah Village
Bulim
Bulim Village
Buona Vista
Buona Vista Village
Caidecutt Hill Estate
Caldecott Hill Estate
Camden Park
Chai Chee Estate
Changi
Changi Village
Charlton Park
Chia Keng
Chia Keng Village
Chia Tong Quah Estate
Chinese Gardens
Chip Hock Garden
Choa Chu Kang
Choa Chu Kang New Town
Chong Pang
Chong Pang Village
Chye Kay
City West
Clementi
Clementi Housing Estate
Clementi New Town
Coronation Gardens
Delta Estate
Dixil
Dragon View Park
Dunearn Estate
Eastern Gardens
East View Garden
Eden Hall
Eden Park
Eng Khong Gardens
Ewart Park
Faber Garden
Faber Hills
Fernhill Gardens
Fish Farming Estate
Frankel Estate
Fuyong Estate
Gay World Park
Geylang Serai
Geylang Serai Village
Ghim Moh
Goldhill Gardens
Hai Sing Park
Happy Gardens
Havelock/Delta Estate
Havelock Estate
Heap Guan
Heap Guan Village
Henderson Estate
Hillcrest Park
Holland Grove Park
Holland
Holland Village
Hong Kah
Hong Kah Village
Hong Kong Park
Hong Leong Garden
Hougang New Town
Huat Choe
Huat Choe Village
Hume Heights
Hun Yeang
Hun Yeang Village
Island View Estate
Jalan Kayu
Jurong East
Jurong East New Town
Jurong
Jurong New Town
Jurong Town
Jurong Village
Jurong West
Jurong West New Town
Kaki Bukit Estate
Kalang
Kallang
Kampong Amber
Kampong Amoy Quee
Kampong Ayer Bajau
Kampong Ayer Gemuruh
Kampong Ayer Limau
Kampong Ayer Merbau
Kampong Ayer Samak Darat
Kampong Ayer Samak
Kampong Baharu
Kampong Bahru
Kampong Batak
Kampong Batu Koyok
Kampong Belimbing
Kampong Bereh
Kampong Beremban
Kampong Blukang
Kampong Bugis
Kampong Bukit Panjang
Kampong Chai Chee
Kampong Changi
Kampong Chantek Baharu
Kampong Che Jevah
Kampong Cutforth
Kampong Darat Nanas
Kampong Dulah
Kampong Eunos
Kampong Harvey
Kampong Hock Soon
Kampong Jagoh
Kampong Java Teban
Kampong Jelutong
Kampong Kebun Baharu
Kampong Kembangan
Kampong Kitin
Kampong Kopit
Kampong Kranji
Kampong Kuchai
Kampong Ladang
Kampong Lew Lian
Kampong Loya
Kampong Loyang
Kampong Mak Baok
Kampong Malayu
Kampong Mamam
Kampong Mandai Kechil
Kampong Melayu
Kampong Noordin
Kampong O'Carroll Scott
Kampong Pachitan
Kampong Padang Terbakar
Kampong Pahang
Kampong Pasir
Kampong Pasir Merah
Kampong Pasir Ris
Kampong Pengkalan Kundor
Kampong Pengkalan Pakau
Kampong Pengkalan Petai
Kampong Perigi Piau
Kampong Permatang
Kampong Pesek
Kampong Pinang
Kampong Potong Pasir
Kampong Pulau Kechil
Kampong Pulau Ubin
Kampong Punggol
Kampong Radin Mas
Kampong Reteh
Kampong Saigon
Kampong Sakeng
Kampong Salabin
Kampong San Teng
Kampong Sanyongkong
Kampong Sanyonkong Parit
Kampong Sek Lim
Kampong Seminei
Kampong Serangoon Kechil
Kampong Seraya
Kampong Silat Estate
Kampong Sireh
Kampong Siren
Kampong Soopoo
Kampong Sudong
Kampong Sultan
Kampong Sungai Belang
Kampong Sungai Blukar
Kampong Sungai Jurong
Kampong Sungai Pandan
Kampong Sungai Tengah
Kampong Sungi Pinang
Kampong Tampines
Kampong Tanah Merah
Kampong Tanah Merah Kechil
Kampong Tanjong Irau
Kampong Tanjong Penjuru
Kampong Tanjong Penuru
Kampong Teban
Kampong Tebing Terjun
Kampong Telok
Kampong Tengah
Kampong Todak
Kampong Tongkang Pechah
Kampong Tulloch
Kampong Ubi
Kampong Ulu Jurong
Kampong Ulu Pandan
Kampong Unam
Kampong Unum
Kampong Wah Tuang
Kampong Wak Bechik
Kampong Wak Dulah
Kampong Wak Hassan
Kampong Wak Sekak
Kampong Wak Tanjong
Kampong Wing Loong
Kampong Woodleigh
Kam Wak Hassan
Kangkar
Keat Hong
Keat Hong Village
Kembangan
Kent Ridge
Kian Hong Estate
Kian Teck San Estate
Kilburn Estate
Kim Chuan
Kimlin Park
King Albert Park
Kingsmead Hall
Kranji
Lam Kiong Estate
Lam San
Lam San Village
Leedon Park
Lim Chu Kang Estate
Lim Chu Kang
Lokvang
Lokyang
Lokyang Village
Lorong Tiga Estate
Lucky Hills
Lucky Park
Mandai
Mandai Road Village
Marine Parade Estate
Marsiling Estate
Marsiling
Maryland Estate
Mata Ikan
Mata Ikan Village
Matilda Estate
Mayflower Estate
McMahon Park
Medway Park
Mok Peng Hiang Estate
Mount Emily Park
Mount Pleasant
Mount Rosie
Mount Vernon
Namazie Estate
Nee Soon Estate
Nee Soon
Nee Soon Village
Nepal Park
Ng Kay Boon Estate
Oei Tiong Ham Park
Old Kallang Airport Estate
Ong Lee
Ong Lee Village
Opera Estate
Outram Park
Padang Terbakar Village
Pandan Valley
Pasir Panjang
Pasir Panjang Village
Pasir Ris New Town
Pasir Ris
Pasir Ris Village
Paya Lebar
Peoples Garden
People's Park
Perseverance Estate
Phoenix Park
Playfair Estate
Prince Edward Park
Prince Edward Point
Princess Elizabeth Estate
Pulau Minyak
Pulau Ubin
Pulau Ubin Village
Punggol Estate
Punggol
Punggol Village
Queen Astrid Park
Queenstown Estate
Queenstown New Town
Queenstown
Quemoy Park
Race Course Village
Radin Mas
Raffles Park
Raya Garden
Rebecca Park
Rochester Park
Rose Garden
Saga
Saga Village
Saint Michael's Estate
Sam Heng Estate
Sam Hin Estate
Sarang Rimau
Sea View Estate
Seletar Hills Estate
Seletar
Sembawang Estate
Sembawang Hills Estate
Sembawang
Sembawang Village
Seminoi
Sennett Estate
Serangoon Garden Estate
Serangoon New Town
Serangoon
Serangoon Village
Shamrock Park
Siew Lim Park
Simei Estate
Simei New Town
Simei
Simpang Bedok
Simpang Bedok Village
Singapore City
Singapore
Singapore United Plantation
Sin Watt Estate
Sit Estate
Somapah Changi
Somapah Changi Village
Somapah Serangoon
Somapah
Sommerville Estate
Song Hah Estate
Soo Chow Garden
Springleaf Park
Spring Park Estate
Sungai Mandai
Sungai Mandai Village
Sungai Simpang
Sungai Unum Estate
Sungei Simpang Village
Sussex Estate
Swiss Cottage Estate
Tai Hwan Gardens
Tai Kheng Gardens
Tai Seng
Tampines Estate
Tampines New Town
Tampines
Tanglin Halt
Tanglin Hill
Tanglin
Tan Hua Gek Estate
Tanjong Pagar
Tay Keng Loon Estate
Teacher's Housing Estate
Teck Chong Estate
Teck Hock
Teck Hock Village
Telok Blangah Estate
Telok Blangah New Town
Telok Blanga
Tengah
Thomson Garden Estate
Thomson Park
Thomson Ridge Estate
Thomson Rise Estate
Thomson
Thomson Village
Thong Hoe
Thong Hoe Village
Tian Guan Estate
Tiong Baharu
Tiong Bahru Estate
Tiong Guan Estate
Toa Payoh New Town
Toa Payoh
Tua Kang Lye
Tuas
Tuas Village
Tumasik
Tyersall Park
Ulu Bedok
Ulu Bedok Village
Victoria Park
Watten Estate
Watten Park
Wessex Estate
West Coast Village
Windsor Park Estate
Woodlands New Town
Woodlands
Woodleigh Park
Woollerton Park
Xilin Estate
Yan Kit Village
Yan Kit
Yew Tee Village
Yew Tee
Yio Chu Kang Estate
Yio Chu Kang Village
Yio Chu Kang
Yishun New Town
Yishun
York Hill Estate
Yow Toe
