Acquariva
Acquaro
Acquaviva dei Vena
Adelsberg
Adergas
Adlesici
Adorjánfalva
Adrijanci
Aiba
Aidussina
Ajba
Ajbelj
Ajdovec
Ajdovscina
Ajsevica
Albaro Vescová
Alber di Sesana
Alsóbeszterce
Alsóbesztercze
Alsó-Bisztricze
Alsócsalogány
Alsójánosfa
Alsólakos
Alsólendva
Alsólendvalakos
Alsószentbenedek
Altendorf
Altenmarkt
Ambrus
Ancarano
Ancorano
Ancovo
Andorháza
Andorhegy
Andraz nad Polzelo
Andrejci
Andrej nad Zmincem
Andrenci
Anhovo
Anicovo
Ankaran
Ankarano
Antignano
Antignano d' Istria
Antinjan
Anze
Apace
Arclin
Armesko
Arnace
Arsevica
Artice
Arto
Artuise
Artvize
Arzise
Assling
Auersperg
Auremo di Sopra
Auremo di Sotto
Auzza
Avber
Avce
Azenski Vrh
Babenfeld
Babici
Babina Gorica
Babina Polica
Babino Polje
Babna Gora
Babna Gorica
Babna Polica
Babno Polje
Baca
Baca pri Modreji
Baca pri Modreju
Baca pri Podbrdu
Bac
Baccia
Baccia di Modrea
Backova
Bac pri Materiji
Bagolina
Bagonya
Bajgot
Bakónak
Bakovci
Bane
Banja Loka
Banjscice-Sveti-Duha
Banjsica
Banjsice
Banovci
Bántornya
Banuta
Barca
Barka
Barkóc
Barkócz
Baselj
Bate
Battaglia
Battaglia della Bainsizza
Battyánd
Battyánfalva
Batuje
Bausizza
Bavsica
Beca
Bedenj
Begunje
Begunje na Gorenjskem
Begunje pri Cerknici
Beka
Bela
Bela Cerkev
Belatinc
Belatincz
Bela Voda
Belca
Bele Vode
Belica
Bella d' Idria
Bella di Vipacco
Belo
Belsko
Beltinci
Belveder
Belvedur
Benedek
Benedicki Vrh
Benedikt
Benedikt v Slovenskih Goricah
Benko
Berdo
Berdo di Elsane
Berglez
Bergogna
Bericevo
Berie
Berkeháza
Berkhaus
Berkovci
Berkovci pri Proseljakovcih
Berkovci pri Prosenjakovcih
Bernhard
Bertocchi
Bertoki
Berze di Torrenova
Besnica
Bevke
Bezina
Beznovci
Bezuljak
Bic
Bicje
Biglia
(( Bile ))
Bilje
Bilje Konjarna
Billichgratz
Bircna Vas
Birószék
Bis
Bischoflack
Bisecki Vrh
Bisterza
Bistra
Bistrica
Bistrica
Bistrica ob Sotli
Bistrica pri Limbusa
Bistrica pri Limbusu
Bistrica pri Mokronogu
Bistrica pri Rusah
Bistrica pri Trzicu
Bistricica
Bistriski Dom
Bizeljska Vas
Bizeljsko
Bizovik
Blagovica
Blanca
Blanke
Blata
Blate
Blatna Brezovica
Blatnik
Blatnik
Blatnik pri Crmosnjicah
Blatno
Blato
Blato
Blaz
Blazevci
Blazic
Blecji Vrh
Blec Vrh
Bled
Bled-Mlino
Bled-Recica
Blejska Dobrava
Blocice
Bloke
Bloschkapoliza
Bloska
Bloska Polica
Bobovo pri Ponikvi
Bocaji
Boccavizza
Bocna
Bodislavci
Bodóhegy
Bodonci
Bodovlje
Boginja Vas
Bogojina
Bogolina
Boharina
Bohinjska Bela
Bohinjska Bistrica
Bohova
Bojanci
Bojanja Vas
Bojtina
Bokraci
Bokrács
Bolcina
Boldraz
Boldrez
Bolehnecici
Boletina
Bonini
Boraceva
Boracova
Boreana
Boreca
Boreci
Borejci
Borháza
Borhida
Boriano
Borjana
Borje
Borostyán
Borovci
Borovec
Borovec pri Kocevski Reki
Borovnica
Borst
Borst
Bosco
Boscomalo
Bosljiva Loka
Bostanj
Boste
Bovec
Bozakovo
Bozje
Branica
Branik
Branoslavci
Braslovce
Bratanci
Bratislavci
Bratonci
Bratoncz
Bratonecice
Brce
Brdar
Brdarci
Brdce
Brdce
Brdinje
Brdo
Brebovnica
Brebrovnica
Breganci
Bregansko
Bregansko Selo
Breg
Breg
Brege
Breginj
Breg ob Kokri
Breg ob Savi
Breg pri Borovnici
Breg pri Kocevju
Breg pri Litiji
Breg pri Velikem Gabru
Brejze
Brengova
Bresar
Bresenza di Taiano
Bresovizza Marenzi
Bresovoberdo
Brestanica
Brest
Bresternica
Brestovica
Brestovica pri Komnu
Brestovica pri Povirju
Brestovizza di Poverio
Brestovizza in Valle
Brestovizza in Valle Inferiore
Brestrnica
Bretto di Sopra
Bretto di Sotto
Breza
Breze
Brezen
Breze pri Celje
Brezice
Brezina
Brezje
Brezje
Brezje pri Dobrovi
Brezje pri Grosupljem
Brezje pri Kumpolju
Brezje pri Lekmarju
Brezje pri Podplatu
Brezje pri Raki
Brezje pri Roznem Dolu
Brezje pri Senusah
Brezje pri Veliki Dolini
Brezje pri Vinjem Vrhu
Brezje v Podbocju
Breznica
Breznik
Brezni Vrh
Brezno
Brezova
Brezova Reber
Brezova Reber Pri Dvoru
Brezovci
Brezovec
Brezovec
Brezovec Del
Brezovica
Brezovica
Brezovica pri Borovnici
Brezovica pri Dobu
Brezovica pri Gradinu
Brezovica pri Ljubljani
Brezovo Brdo
Brezovo
Brezula
Brinje
Brise
Brise
Brise pri Polhovem Gradcu
Britof
Britovo
Brje
Brje pri Komnu
Brje pri Koprivi
Brnik
Brniki
Brod
Brode
Brozovo
Brsljin
Brunik
Brunk
Brunska Gora
Brunsvik
(( Brunvirt ))
Buc
Buce
Bucecovci
Bucerca
Bucka
Buckovci
Bucovizza Granda
Bucovizza Piccola
Bucuie
Budagne
Budanje
Budfalva
Budina
Budinci
Büdincz
Budna
Bugdanja Vas
Buie del Timavo
Buje
Bukova Gora
Bukov
Bukovci
Bukovica
Bukovica pri Vodicah
Bukovje
Bukovje
Bukovje pri Slivnici
Bukovje v Babni Gori
Bukovlje
Bukovlje pri Stranicah
Bukovnica
Bukovo
Bukovscica
Bukovsica
Bukovska Vas
Bukov Vrh
Bukovzlak
Bukuje
Buncani
Burjak
Businja Vas
Butajnova
Butari
Butoraj
Buzahely
Cabrace
Cabrovizza
Caca Vas
Cacic
Cacitti
Cadra
Cadram
Cadraze
Cadrg
Cagona
Cajnarje
Cal di Canale
Cal di Plezzo
Cal di San Michele
Cambresco
Camigna
Camina
Canale
Canale d'Isonzo
Canje
Cankova
Capodistria
Caporetto
Capriva del Carso
Capriva nel Carso
Carbonari
Carcase
Carcauzze
Carie
Cartinozza
Casali Nenzi
Casigliano di Sesana
Castagnevizza
Castel
Castel Dobra
Castelgiovanni
Castel Iblanizza
Castel Lueghi
Castelnuovo
Castelnuovo d'Istria
Castel Voltiano
Cateska Gora
Catez
Catez
Catez ob Savi
Catez pri Veliki Loki
Cave Auremiane
Ceconico
Cegelnica Pri Novem Mestu
Ceglie
Cekovnik
Celevec
Celje
Celje
Cemsenik
Centiba
Cepinci
Ceplje
Cepovan
Cepulje
Cerkljanska Dobrava
Cerkljanski Vrh
Cerklje
Cerklje
Cerklje na Gorenjskem
Cerklje ob Krki
Cerknica
Cerkno
Cerkovna
Cerkvenjak
Cerkvisce
Cernelavci
Cernizza Goriziana
Cernotti
Cerovo
Cersak
Cesari
Cesnjica
Cesnjice
Cesnjice pri Trebelnem
Cesnjice v Tuhinju
Cesta
Cesta
Ceste
Cetena Ravan
Cetez pri Strugah
Cezanjevci
Cezarji
Cezlak
Cezsoca
Chiapovano
Chiazzacco
Chiesa
Chiusa
Ciadra
Cicecka Ves
Ciginj
Ciglence
Cigonca
Cikecka Vas
Cilli
Cilpah
Cilpoh
Cimerno
Cinzat
Circhina
Circice
Cirknica
Cirkovce
Cirkovci
Clanz
Clenico
Còbbia
Cocce
Cogetinci
Col
Colnisce
Comen
Comeno
Copinci
Copriva
Corgnale
Coritenza
Cosana del Collio
Cosana nel Còllio
Cosbana nel Collio
Cosesse
Cosiane
Cosina
Cosina d'Istria
Costabona
Cottésevo
Covedo
Cragni
Crastie
Crenjevci
Crenovizza
Crensovci
Cresnica
Cresnjevci
Cresnjevec
Cresnjevec
Cresnjevec ob Dravi
Cresnjevec pri Dragatusu
Cresnjevec pri Semicu
Cresnjice
Cresnovci
Creta pri Kokarju
Cretez
Crevatini
Crisna Gora
Cristoglle
Crmelice
Crmosnjice
Crna
Crna na Koroskem
Crna Vac
Crna Vas
Crnci
Crneca Vas
Crnece
Crnelavci
Crneslavci
Crngrob
Crnice
Crni Kal
Crni Potok
Crni Potok pri Dragi
Crni Potok pri Kocevju
Crni Vrh
Crni vrh nad Idrija
Crnogrob
Crnolica
Crnolice
Crnomelj
Crnotice
Crnova
Crnuce
Croce di Tomadio
Crska Gora
Cruscevie
Crven
Csekefa
Csendlak
Csente
Csentevölgy
Cserencsócz
Cserföld
Cvislarji
Cvislerji
Daljna Vas
Daljni Vrh
Daljnja Vas
Dalna Vas
Damalj
Damelj
Dane
Dane pri Divaci
Dane pri Sezani
Dankovci
Dankovec
Danna
Danne di Sesana
Davca
Debece
Debeli Rtic
Debenec
Debro
Decani
Decja Vas
Decna Sela
Decno Selo
Dedni Dol
Dednja Vas
Dekani
Deklezsin
Dekmanca
Delnice
Depala Vas
Depalja Vas
Derbetici
Descla
Deseca Vas
Desenci
Desen
Desinec
Deskle
Desternik
Destrnik
Deutschruthd
Devica Marija
Devica Marija V Polju
Devica Marya
Devina
Dezno
Dezno pri Makolah
Dezno pri Podlehniku
Divaca
Divaccia
Divazza
Dob
Dobec
Dobeno
Dobeno
Dobenska Mladina
Dobenske Mladine
Doberna
Dobje
Dobje
Dobje pri Lesicnem
Dobje pri Planini
Doblar
Doblarji
Doblice
Dobova
Dobovec
Dobovec pri Rogatcu
Dob pri Sentvidu
Dobraceva
Dobraule
Dobrava
Dobrava
Dobrava pri Konjicah
Dobrava pri Skocjanu
(( Dobrava pri Sticni ))
Dobravica
Dobravice
Dobravlje
Dobric
Dobrije
Dobrina
Dobrna
Dobrnic
Dobrnice
Dobrno
Dobronak
Dobro Polje
Dobrova
Dobrova
Dobrova pri Ljubljani
Dobrovce
Dobrovnik
Dobrovo
Dobrovo v Brdih
Dobrunje
Dobruska Vas
Dogose
Dojutrovica
Doklece
Doklezovje
Dol
Dol
Dole
Dolegne
Dolenci
Dolenci
Dolenja Bistrica
Dolenja Brestovica
Dolenja Brezovica
Dolenja Briga
Dolenja
Dolenja Kosana
Dolenja Lepa Vas
Dolenja Pirosica
Dolenja Podgora
Dolenja Ravan
Dolenja Selca
Dolenja Straza
Dolenja Susica
Dolenja Trebusa
Dolenja Vac
Dolenja Vas
Dolenja Vas pri Mirni Peci
Dolenja Zetina
Dolenje Brdo
Dolenje Dobravica
Dolenje Dobravice
Dolenje Dole
Dolenje
Dolenje Gradisce
Dolenje Grcevje
Dolenje Jezero
Dolenje Kamence
Dolenje Kamenje
Dolenje Kamenje pri Dobrnicu
Dolenje Kamnice
Dolenje Karteljevo
Dolenje Kronovo
Dolenje Lakovnice
Dolenje Mokro Polje
Dolenje Otave
Dolenje Planina
Dolenje Poljane
Dolenje pri Jelsanah
Dolenje Selce
Dolenje Skopice
Dolenje Susice
Dolenje Vreme
Dolenji Bostanj
Dolenji Globodel
Dolenji Globodol
Dolenji Lazi
Dolenji Logatec
Dolenji Maharovec
Dolenji Novaki
Dolenji Novi Svet
Dolenji Podsumberk
Dolenji Ravni
Dolenji Suhadol
Dolenji Suhodol
Dolenji Suhor
Dolenji Suhor pri Vinici
Dolenji Sumberk
Dolenji Vecenbah
Dolenjske Toplice
Dole pri Krascah
Dole pri Litiji
Dole pri Polici
Dolga Njiva
Dolga Njiva pri Sentlovrencu
Dolga Njive
Dolga Vas
Dolga Vas
Dolge Njive
Dolge Njive
Dolgi Rt
Dolgose
Dol Grande
Dolic
Doli
Dolina
Dolina
Dolina pri Lendavi
Dolje
Dolje-Novake
Dolnja Bistrica
Dolnja Bitnja
Dolnja Briga
Dolnja Kosana
Dolnja Lendava
Dolnja Lokvica
Dolnja Prekopa
Dolnja Rjavica
Dolnja Stara Vas
Dolnja Tezka Voda
Dolnja Topla Reber
Dolnje Brezovo
Dolnje Cerovo
Dolnje Dobravice
Dolnje Lezece
Dolnje Lozine
Dolnje Mrasevo
Dolnje Orle
Dolnje Retje
Dolnje Vreme
Dolnji Kot
Dolnji Kriz
Dolnji Lakos
Dolnji Puzevci
Dolnji Slaveci
Dolnji Suhor
Dolnji Suhor pri Metliki
Dolnji Vrh
Dolnji Zemon
Dol Otlica
Dol Ottelza
Dol pri Borovnici
Dol pri Hrastniku
Dol pri Hrastovljah
Dol pri Ljubljani
Dol pri Vogljah
Dolsko
Dol-Suha
Dolz
Domajinci
Domanjsevci
Domanjsovci
Domansovci
Dombalja
Domonkosfa
Dom v Kamniskoj-Bistrici
Domzale
Donacka Gora
Donja Bistrica
Donja Lendava
Donja Lendova
Donja Sevnica
Donje Brezovo
Donje Kamnice
Donje Novake
Donji Vrsnik
Dorfarje
Dorinbergo
Dornava
Dornberg
Dornberk
Dornova
Dotovlje
Dovie
Dovje
Dovze
Draga
Dragatus
Drage
Dragomelj
Dragomer
Dragonja
Dragonja Vas
Dragotinci
Dramlje
Drascice
Drasici
Dravce
Dravlje
Dravograd
Dravski Dvor
Draza Vas
Drazenci
Drazen Vrh
Drazgose
Drazica
Drbetinci
Drenje
Drenov Gric
Drensko Rebro
Drescozze
Dresenza Picco
Drevenik
Dreznica
Drezniske Ravne
Drezniske Ravni
Drganja Sela
Drnovo
Drobtinci
Drskovce
Drtija
Drulovka
Drusce
Druzmirje
Dubrava
Dubrovnik
Dule
Duori
Duple
Duplica
Duplje
Dutovlje
Duttigliano
Duttogliano
Duttoule
Dvor
Dvori
Dvori nad Izolo
Dvorjane
Dvor pri Polhovem Gradcu
Dvorska Vas
Elsane
Equile Lipizzano
Eriacci
Erjavec
Erpelle
Ersel in Monte
Erzelj
Faal
Fala
Falud
Famie
Famlje
Fara
Feistritz
Felsobeszterce
Felsobesztercze
Felso-Bisztricze
Felsolakos
Felsolendva
Felsoszentbenedek
Feran
Ferenclak
Ferenczfalva
Fiesa
Fiessa
Fiesso
Fijesa
Fijeso
Fiksinci
Filipcje Brdo
Filippi
Filóc
Filócz
Filovci
Fjesa
Fleana
Florijan
Florjan pri Gornjem Gradu
Fojana
Fojona
Fokovci
Fontana del Conte
Formin
Fornaci
Frajhajm
Frajham
Fram
Frankolovo
Frankovci
Franz
Friedau
Füchselsdorf
Füxlinc
Füxlinci
Fuzina
Fuzine
Gaberce
Gaber
Gaberje
Gaberje
Gaberke
Gaberk
Gabernik
Gabrce
Gabrega
Gabria
Gabri di Tolmino
Gabrije
Gabrijele
Gabrje
Gabrje pod Spilkom
Gabrke
Gabrk
Gabrnik
Gabrovcec
Gabrovica
Gabrovica
Gabrovica pri Crnem Kalu
Gabrovica pri Komnu
Gabrovizza d'Istria
Gabrovizza
Gabrovka
Gabrovka pri Zagradcu
Gabrovnica
Gabrska Gora
Gacnik
Gager
Gajevci
Gaj
Gaj nad Mariborom
Gajovci
Galetov Grad
Galicija
Galusak
Gancani
Gánicsa
Gargaro
Gason
Gatina
Gazice
Gazon
Gederovci
Gedoudvar
Gegar
Geme
Genterovci
Gerecja Vas
Gerlinci
Gerohaza
Geserza
Gesztenyés
Ghamus
Giavorie
Gibina
Giursici
Giusterna
Glava
Glazuta
Glem
Glina
Glinica
Glinice
Glinje
Glintovec pri Osilnici
Globel
Globocice
Globocice pri Kostanjevici
Globoka
Globoko
Gmajnica
Goce
Gocova
Godeninci
Godesic
Godic
Godovic
Godovici
Godovitsch
Golac
Golavabuka
Golaz
Golazzo
Golce
Golek
Golica
Golisce
(( Goli Vrh ))
Goljace
Golnik
Golobinjek
Golobinjek ob Sotli
Golo
Gomance
Gomanjce
Gomila
Gomilica
Gomilsko
Gonobitz
Göntérháza
Gora
Gora
Gora pri Pecah
Goreansca
Goregna di Buciue
Gore
Goreljce
Gorenja Brdo
Gorenja Brezovica
Gorenja Brezovica
Gorenja Briga
Gorenja Dobrava
Gorenja Kanomlja
Gorenja Kosana
Gorenja Lepa Vas
Gorenja Pirosica
Gorenja Podgora
Gorenja Ravan
Gorenja Selca
Gorenja Straza
Gorenja Susica
Gorenja Trebusa
Gorenja Vas
Gorenja Vas
Gorenja Vas pri Smarjeti
Gorenja Zetina
Gorenjcj
Gorenje Brdo
Gorenje Dobravice
Gorenje Dole
Gorenje
Gorenje
Gorenje Gradisce
Gorenje Grcevje
Gorenje Jezero
Gorenje Kamence
Gorenje Kamenje
Gorenje Kamenje pri Dobrnicu
Gorenje Karteljevo
Gorenje Kronovo
Gorenje Lakovnice
Gorenje Lezece
Gorenje Mokro Polje
Gorenje Mrasevo
Gorenje Otave
Gorenje Pijavsko
Gorenje Ponikve
Gorenje pri Divaci
Gorenje Selce
Gorenje Skopice
Gorenje Susice
Gorenje Visoko
Gorenje Vreme
Gorenji Cepovan
Gorenji Globodol
Gorenji Ig
Gorenji Logatec
Gorenji Log
Gorenji Maharovec
Gorenji Novaki
Gorenji Podsumberk
Gorenji Podzumberk
Gorenji Ravni
Gorenji Suhadol
Gorenji Sumberk
Gorenji Vecenbah
Gorenji Vrh
Gorenji Vrsnik
Görhegy
Goriano
Gorica
Gorica
Goricane
Gorica pri Slivnici
Gorica pri Smartnem
GoricaVas
Goricce del Timavo
Goricce
Gorice
Gorice pri Famljah
Goricica
Goricica pod Krimon
Goriska Vas
Goriski Vrh
Gorisnica
Gorjansko
Gorje
Gorjne Ravne
Gorjuse
Gornja Bistrica
Gornja Bitnja
Gornja Briga
Gornja Kosana
Gornja Lendava
Gornja Lokvica
Gornja Pohanca
Gornja Prekopa
Gornja Radgona
Gornja Slaveca
Gornja Straza
Gornja Tezka Voda
Gornje Cerovo
Gornje Dobravice
Gornje Jezero
Gornje Kamnice
Gornje Krapje
Gornje Lezece
Gornje Lozine
Gornje Orle
Gornje Orlje
Gornje Poljane
Gornje Retje
Gornje Vreme
Gornji Cmel
Gornji Crnci
Gornji Dolic
Gornji Grad
Gornji Ig
Gornji Ivanjci
Gornji Kamenscak
Gornji Kot
Gornji Kriz
Gornji Lakos
Gornji Leskovec
Gornji Log
Gornji Petrovci
Gornji Puzevci
Gornji Slaveci
Gornji Slavici
Gornji Suhor
Gornji-Suhor
Gornji Suhor pri Metliki
Gornji Suhor pri Vinici
Gornji Vrh
Gornji Zemon
Gornjo Mackovec
Goropeke
Gorska
Gortina
Gotenica
Gotna Vas
Gotovlje
Gottschee
Govejek
Govnjac
Gozd
Gozd Martuljak
Gozd Martuljek
Gozd-Mrtulek
Gozza
Grabe
Grabe pri Ljutomeru
Grabonos
Grabonoski Vrh
Grabrovec
Gracisce
Gracnica
Gracova
Gracovo
Gradac
Grádena
Gradence
Gradenc
Gradenec
Grad
Grad
Gradicek
Gradigne
Gradina
Gradin
Gradisa
Gradisca
Gradisce
Gradisce
Gradisce nad Prvacino
Gradisce pri Lukovici
Gradisce pri Materiji
Gradisce pri Vipavi
Gradisce v Slovenskih Goricah
Gradischie di Castelnuovo
Gradischie di Vipacco
Gradisko
Grad Kolovec
Grad Kopar
Gradnik
Grad Piran
Grafenbrunn
Grahoro Brdo
Grahovo Brdo
Grahovo
Grajena
Grajensak
Grajenscak
Grajska Vas
Grandisce
Grant
Graska Gora
Grcarevec
Grcarice
Grcarske Ravne
Gregovce
Grgar
Grgarske Ravne
Griblje
Grintavica
Grise
Grize
Grize
Grlava
Grlinci
Grmada
Grmolje
Grmovlje
Grmulje
Grobelno
Grobisce
Groblje
Groblje pri Prekopi
Grossentag
Grosser Steinbach
Gross-Laschitz
Gross-Schaal
Grosuplje
Gruca
Gruden
Grudnica
Grusena
Gruskovec
Gruskovje
Grzeca Vas
Gubno
Guitzendorf
Guitzenhof
Guizendorf
Gumilicza
Gumnisce
Gurkfeld
Gustanj
Gustini
Gutenstein
Gyanafa
Gyertjanos
Gyertyános
Haidenschaft
Haidomitz
Hajdensaft
Hajdina
Hajns
Halmosfo
Halmos
Harije
Harje
Hármasmalom
Hársliget
Határfalva
Haudi
Havrlen
Hebat
Hegyszoros
Hermanci
Herpelje
Hidvég
Hinje
Hlaponci
Hlavce Njive
Hlevni Vrh
Hlewenwerch
Hoce
Hocevje
Hocko Pohorje
Hodos
Hof
Höflein
Hohitsch Sauerbrunn
Homec
Hom
Horjul
Hosnica
Hosszúfalu
Hotavlje
Hotederschitz
Hotedersica
Hotedrsica
Hotemaze
Hotinja Vas
Hotiza
Hottiza
Hovnik
Hramse
Hrasce
Hrase
Hrastek
Hrastenica
Hrastenice
Hrast
Hrastje
Hrastje
Hrastje-Mota
Hrastje ob Bistrici
Hrastje pri Cerkljah
Hrastnigg
Hrastnik
Hrastnik
Hrastnik pri Trojanah
Hrastovec
Hrastovec v Slovenskih Goricah
Hrastovlje
Hrast pri Vinici
Hrelin
Hrenca
Hrenovice
Hrenovilz
Hrib
Hrib-Loski Potok
Hrib pri Hinjah
Hrib pri Kamniku
Hrib pri Koprivniku
Hrovaski Brod
Hrpelje
Hrusevica
Hrusevje
Hrusevka
Hrusica
Hrustel
Hrvaski Brod
Hrvatin
Hrvatini
Hudajuzna
Hudenje
Hude Ravne
Hudi Kot
Hudi Log
Hudinja
Hudi Rogatec
Hudi Vrh
Hudo
Hum
Hum
Hum pri Ormozu
Hundsdorf
Huselbach
Ianezevo Brdo
Idresca d'Isonzo
Idria della Baccia
Idria di Bacia
Idria di Sotto
Idria
Idrija
Idrija ob Baci
Idrija pri Baci
Idrijska Bela
Idrijski Log
Idrsko
Iga Vas
Iggdorf
Ig
Ig pri Ljubljana
Ig-Studenec
Ihan
Ihova
Ilarie
Ilirska Bistrica
Iljasevci
Illyrisch Feistritz
Ilovica
Imeno
Irje
Iska
Iska Loka
Iska Vas
Isola d'Istria
Isola
Ivanci
Ivancna Gorica
Ivánfalva
Ivanje Selo
Ivanji Grad
Ivanjkovci
Ivanjsevci
Ivanjsevci ob Scavnici
Ivanjsevski Vrh
Ivanjsovci
Ivanovci
Izakovci
Izgorje
Izla
Izlake
Izola
Izsakócz
Izvir
Jablana
Jablance
Jablanica
Jablan
Jagersce
Jagoce
Jagodce
Jagodje
Jagrsce
Jakob pri Sentjurju
Jakovica
Jama
Jamna
Jamnica
Jamnik
Jance
Jancje
Janezevo Brdo
Janezovci
Jankar
Jánosfa
Janski Vrh
Janzeva Gora
Janzevski Vrh
Jareninski Dol
Jareninski Vrh
Jarse
Jasen
Jastrebci
Jastrebnik
Javnice
Javnik
Javorica
Javor
Javorje
Javorje
Javornik
Javornik
Javorniski Rovt
Javorovica
Javrovec
Jazbina
Jazbine
Jazne
Jegenyés
Jelendol
Jelenja Vas
Jelen
Jelenov Zleb
Jelicni Vrh
Jellici Vrh Zala
Jelovec
Jelovica
Jelovice
Jelsane
Jelse
Jelsevec
Jelsevica
Jereb
Jereka
Jereslavce
Jereslavec
Jerinov Gric
Jermov Gric
Jerneja Vas
Jernej
Jernej pri Locah
Jeronim
Jesenca
Jesenice
Jesenih
Jesenjak
Jesovec
Jesovec pri Smarju
Jevnica
Jeza
Jezerca
Jezerce
Jezerce pri Dobjem
Jezero
Jezica
Jirsovci
Johannisthal
Jörgelsdorf
Josipdol
Jost nad Kranjem
Jozefdol
Jugorge
Jugorje
Jugorje pri Metliki
Juresce
Jurij
Jurisce
Jurjevica
Jurkloster
Jurna Vas
Jurovci
Jurovski Dol
Jursice
Jursinci
Jurski Vrh
Kacice
Kacice-Pared
Kacji Potok
Kalce
Kalce
Kalce-Naklo
Kale
Kalisce
Kalise
Kal
Kal
Kal Kanalski
Kal-Koritnica
Kalobje
Kaltenbrunn
Kámaháza
Kambresko
Kamenica
Kamen
Kamna Gorica
Kamnica
Kamnik
Kamnik pod Krimom
Kamniska Bistrica
Kamnje
Kamno
Kamovci
Kanal
Kanalski Vrh
Kancevci
Kancovci
Kandrse
Kaniza
Kanizarica
Kanji Dol
Kanjizarica
Kanker
Kapca
Kapcza
Kapele
Kapla
Kapornak
Karlsdorf
Károlyfa
Kasaze
Kastabona
Kastelec
Kazle
Kazlje
Kebele
Kebeleszentmárton
Kebelj
Kerkafo
Kerkaszabadhegy
Kicar
Kidricevo
Kikovce
Kilovce
Királyfa
Királyszék
Kirchberg
Kisdolány
Kisdolincz
Kisfalu
Kislak
Kislippa
Kismálnás
Kismáriahavas
Kis-Palina
Kisszerdahely
Kisszombat
Kitni Vrh
Kladje pri Krmelju
Klanc
Klanc
Klanec
Klanec
Klanec pri Komnu
Klanec pri Kozini
Klavze
Klece
Klece pri Dolu
Klec
Klein-Schaal
Klemencevo
Klenik
Klinja Vas
Kljucarovci
Kljucarovci pri Ljutomeru
Kljucevica
Klopce
Klopce
Kloritnica
Knezak
Kneza
Knezdol
Knezina
Knezja Lipa
Knezja Njiva
Knezja Vas
Kobali
Kobarid
Kobdilj
Kobilje
Kobilscak
Kobja Glava
Kobjeglava
Kobjo
Koblarji
Koble
Koblerje
Koboli
Koce
Kocevje
Kocevska Reka
Kodreti
Kodr
Kog
Kohida
Kojca
Kojsko
Kokarje
Kökényes
Kokolajnsak
Kokolajnscak
Kokorici
Kokra
Kokrica
Kölesvöly
Kolicevo
Kolk
Kolovce
Kolovec
Kolovrat
Komarna Vas
Komberg
Komendska Dobrava
Komen
Komenska Dobrava
Komolec
Kompolje
Kompolje
Konjice
Konjisko
Konj
Konjsica
Konjski Vrh
Konjsko
Kopacnica
Kopar
Kopela
Koper
Kopriva
Koprivna
Koprivnik
Koprivnik v Bohinju
Koren
Koreno
Koreno nad Horjulom
Koretno
Korevska Reka
Korinj
Koritnica
Koritnica
Koritnice
Koritno
Korong
Koroska-Bela
Koroska Vas
Korosta Vas
Korovci
Korte
Korte
Kosárháza
Kosarovci
Kosarse
Kosevnik
Koseze
Kosmac
Kosnica
Kosnica pri Celju
Kosovelje
Kostabona
Kostanjevica
Kostanjevica na Krasu
Kostanjevica na Krki
Kostanjevjca
Kostanj
Kostanj
Kostanovci
Kostrevnica
Kostrivnica
Kot
Kot
Kotle
Kotlje
Kot pri Provaljah
Kot pri Ribnici
Kot pri Semicu
Kotredez
Kovacevci
Kovacovci
Kovk
Kovk
Kovor
Kozana
Kozarisce
Kozarje
Kozbana
Középbeszterce
Középbesztercze
Kozina
Kozjak
Kozjak nad Pesnico
Kozjak pri Cersaku
Kozjane
Kozjek
Kozjek nad Pesnico
Kozje
Kozji Vrh
Kozji Vrh nad Dravogradom
Kozlek
Kozljec
Kozljek
Kozminci
Krainburg
Krajina
Krajna
Krajna Vas
Kraljevci
Kramarovci
Kranichsfeld
Kranjce
Kranj
Kranjska Gora
Kranjski Dol
Krapje
Krasci
Krasinec
Krasnja
Krcevina
Krcevina pri Vurbergu
Krekovse
Kreplje
Kresnice
Kresnicke Poljane
Kresniske Poljane
Kreuzberg
Kreuzdorf
Kriska Vas
Kristanci
Krivcevo
Krizan Vrh
Krize
Krize
Krize na Gor
Krizevci
Krizevci pri Ljutomeru
Krizevci v Prekmurju
Krizevska Vas
Krizisce
Krizka Vas
Kriz
Kriz
Krizna Gora
Krizni Vrh
Krizovci
Krizovec
Krkavce
Krmelj
Krnci
Krnica
Krn
Krog
Kromarovci
Kromberk
Kronau
Kropa
Krotica
Krplivnik
Krshko
Krsinji Vrh
Krska Vas
Krsko
Krstenica
Krtina
Krtinovica
Kruplivnik
Krvava Pec
Krvavi Potok
Krvoski Vrh
Krzisce
Kubed
(( Kuka Vas ))
Kukec
Kuljmanovi
Kumar
Kunce
Kunc
Kungota
Kungota pri Ptuju
Kunova
Kupljenik
Kupsinci
Kurja Vas
Kustanovci
Kutezevo
Kutinci
Kuzdoblanje
Kuzma
Kvasica
Laas
Labinje
Labor
Ladra
Lahomno
Lahovce
Lahov Graben
Lahovice
Lahovno
Laibach
Lajse
Lakháza
Lancberk
Lancova Vas
Lancovo
Landol
Landolo
Lanisce
Laporje
Lapsina
Lasce
Lase
Lasigovci
Laski Trg
Lasko
Lastomerci
Latkova Vas
Laura
Lazaret
Lazec
Laze
Laze nad Krko
Laze pri Dolskem
Laze pri Gorenjem Jezeru
Laze v Tuhinju
Lazise
Lazzaretto
Lazzaretto-Risano
Ledina
Ledinek
Ledine
Lees
Legen
Legen
Lehen
Lehen na Pohorju
Lehomér
Lemberg
Lemberg pri Smarju
Lemberg pri Strmcu
Lemberk
Lemerje
Lenart
Lenart
Lenart nad Luso
Lenart pri Gorenjem Gradu
Lenart pri Gornjem Gradu
Lenart v Slovenskih Goricah
Lendava
Lendvaerdo
Lendvahidvég
Lendvahosszúfalu
Lendvakirályfa
Lendvakislak
Lendva
Lendvanemesd
Lendvanyíres
Lendvarózsavölgy
Lendvaszentjózsef
Lepa Nijva
Lepa Njiva
Lepena
Lepenja
Lepi Vrh
Lesane
Lesce
Lesc
Lesecce Auremiano
Lese
Lese
Lesicno
Leskova Dolina
Leskova Dol
Leskovca
Leskovec
Leskovec
Leskovec pri Krskem
Leskovica
Letenice
Letus
Levajnci
Levanjci
Levec
Levpa
Libelice
Libelicka Gora
Libeliska Gora
Libna
Libno
Liboje
Libusnje
Libussina
Licenca
Licnica
Lienfeld
Ligetfalva
Ligojna
Limbus
Lindek
Linfeld
Lipa
Lipa
Lipa pri Frankolovem
Lipe
Lipica
Lipje
Liplje
Lipoglav
Lipovci
Lipovec
Lipovscica
Lipovsica
Lippahoc
Lippahócz
Lippa
Lippa
Lippiza
Lipsenj
Lisca
Lisec
Litija
Litmerk
Littai
Livajnci
Livek
Livold
Ljubecna
Ljubija
Ljubinj
Ljubin
Ljubljana
Ljubljana-Polje
Ljubnica
Ljubno
Ljubno ob Savinji
Ljutomer
Loavizza
Lobnica
Locavizza di Aidússina
Locavizza
Loccepiccolo
Loce
Loce pri Poljcanah
Locica
Locica pri Vranskem
Locic
Loga di Oliresonsi
Logarovci
Logarsce
Logarse
Logatec
Log Cezsoski
Logje
Log
Log
Log nad Skofjo Loko
Log pod Mangartom
Log pri Brezovice
Log pri Brezovici
Lojen
Loka
Loka
Loka pri Dobrni
Loka pri Framu
Loka pri Mengsu
Loka pri Zidanem Mostu
Loka pri Zusmu
Lokavec
Lokavec
Lokavitz
Loke
Loke
Loke pri Mozirju
Loke pri Zagorju
Lokev
Loke v Tuhinju
Lokovec
Lokovica
Lokrovec
Lokve
Lokvica
Lomanose
Lom di Tolmimo
Lome
Lomerje
Lom
Lom
Lom pod Storzicem
Loncarevci
Loncarovci
Lonche
Longo
Lonici
Loog
Lopar
Loparo
Lopata
Lopatca
Lopersice
Loqua
Loquizza Seghetti
Losce
Lose
Losizze
Lovrenc
Lovrenc na Dravskem Polju
Lovrenc na Pohorju
Loze
Lozice
Loz
Loznica
Lubiana
Lubinj
Lubino
Lubliano
Lucarjev Kal
Luce
Lucia
Lucija
Lucine
Lucne
Lucova
Ludranski Vrh
Luico
Lukacevci
Lukacki Zrin
Lukacovci
Lukácsfa
Lukanja
Lukavci
Lukomitz
Lukova
Lukovec
Lukovec
Lukovica
Lukovica pri Domzalah
Luksendorf
Lusecka Vas
Luttenberg
Lutverci
Luxend
Luza
Luzarji
Luze
Mace
Macke
Macki
Mackovci
Mackovec
Mackovec pod Trsko Goro
Mackovec pri Dvoru
Madonna di Strugnano
Magasfok
Magosti
Magozd
Mahovnik
Majnik
Majolic
Majsperk
Makobeti
Makole
Makosa
Makose
Mala Brda
Mala Brezovica
Mala Bukovica
Mala Cikava
Mala Dobrava
Mala Dolina
Mala Goba
Mala Gora
Mala Hubajnica
Mala Ilova Gora
Mala Kostrevnica
Mala Ligojna
Mala Loka pri Visnji Gori
Mala Mislinja
Mala Nedelja
Mala Polana
Mala Pristava
Mala Racna
Mala Slevica
Mala Stanga
Mala Stara Vas
Mala Strmica
Mala Varnica
Mala Vas
Mala Vas pri Grosupljem
Male Braslovce
Male Brusnice
Malecnik
Male Grahovse
Male Lese
Male Lipljene
Male Loce
Malenska Vas
Male Podgorje
Male Poljane
Male Vodenice
Male Vrhe
Mali Ban
Mali Brezovec
Mali Centur
Mali Cirnik
Mali Cirnik pri Sentjanzu
Mali Dolenci
Mali Dol
Mali Dol
Mali Gaber
Malija
Mali Kal
Mali Kamen
Mali Koren
Mali Korinj
Mali Lipoglav
Mali Lipovec
Mali Locnik
Mali Log
Maline
Maline pri Strekljevcu
Mali Nerajec
Mali Obrez
Malio
Mali Orehek
Mali Osolnik
Mali Otok
Mali Podlog
Mali Rakitovec
Mali Ralatovec
Mali Rigelj
Mali Vrhi
Mali Vrh
Mali Vrh
Mali Vrh pri Smarju
Málnás
Malne
Malnik
Malni
Malo Crnelo
Malo Loka
Malo Mlacevo
Malo Mrasevo
Malo Tinje
Malo Trebeljevo
Malo Ubelisko
Malo Ubeljsko
Manastir Gotard
Mance
Manc
Manzan
Manzano
Marchici
Marcossina
Marenberg
Maresego
Marezige
Maria Rast
Mariberg
Maribor
Marija Gradec
Marija Reka
Marija Snezna
Marina Vas
Marin
Marjeta
Marjeta na Dravskem Polju
Markisavci
Markisovci
Markovci
Markovec
Markovscina
Márkusháza
Marof
Marokrét
Marolce
Marolci
Martijanci
Martinjak
Martinja Vas
Martinja Vas pri Mokronogu
Martinje
Martinj Vrh
Martjanci
Mártonhely
Marzi
Masare
Masora
Masore
Masun
Matavun
Matena
Matenja Vas
Materia
Materija
Matjasevci
Matjasovci
Mattegna
Matteria
Mátyásdomb
Mavcice
Mavrlen
Medana
Medija
Medno
Medvedce
Medvode
Medvodje
Megojnice
Meja
Mekinje
Mele
Melinci
Meljski Hrib
Mellincz
Menges
Mengus
Meniska Vas
Merce
Merciano
Merecce
Merece
Merna
Merse
Mestinje
Mestni Vrh
Metava
Metlika
Metlje
Metnaj
Metulje
Mevce
Mezgovci
Mezica
Meznar
Mezovar
Migojnice
Mihalovec
Mihovce
Mihovci
Mihovec
Mihovo
Miklarz
Miklavz
Miklavz na Dravskem Polju
Miklavz pri Ormozu
Miklavz pri Taboru
Miren
Mirna
Mirna Pec
Misace
Misji Dol
Mislinja
Mislinje
Mislinjska Dobrava
Mislinjska Dobrova
Missling
Mitvarjevci
Mlajtince
Mlajtinci-Lukacovci
Mlajtinci
Mlaka
Mlaka pri Kocevju
Mlaka pri Kocevski Reki
Mlaka pri Kranju
Mlake
Mlescevo
Mlgovca
Mlinari
Mlino
Mocna
Mocnik
Mocvirje
Mohorini
Mojstrana
(( Mokri Potok ))
Mokronog
Molak
Moncorona
Mondonovo
Monforte del Timavo
Monfredi
Monte di Capodistria
Montenero d'Idria
Montenero
Montespino
Monte Urabice
Montevecchio
Morava
Moravce
Moravce pri Gabrovki
Moravci
Moravci v Slovenskih Goricah
Moravske-Toplice
Morje
Moscanci
Mose
Moskanjci
Mosnje
Mostec
Mostecno
Moste
Mostje
Most na Soci
Mota
Motnik
Motovilci
Möttling
Möttnig
Mottolyád
Mottyolád
Motvarjavci
Motvarjevci
Movraz
Mozelj
Mozirje
Mozirska Koca
Mozjanca
Mrce
Mrseca Vas
Mrse
Mrtulek
Mrzia Rupa
Mrzli Studenec
Mrzlo Polje
(( Muha Vas ))
Muhovec
Mulini
Muljava
Murabaráti
Murabeszterce
Muracsermely
Murafüred
Murafüzes
Murahalmos
Murahely
Muramelence
Murapetróc
Murapetrócz
Murarév
Muraszentes
Murasziget
Muraszombat
Muravárhely
Muretinci
Murska Sobota
Murska Subota
Murski Crnci
Murski Petrovci
Musznya
Muta
Nacrucizza
Nadbisec
Nadgorica
Nadlesk
Nádorfa
Nadrozica
Nagrnik
Nagydolány
Nagydolincz
Nagypalina
Nagytótlak
Naklo
Na Krnicah
Na Logu
Na Muti
Na Ogalcah
Na Peceh
Narad
Naraplje
Narede
Naredi
Na-rein
Narini
Narin
Na Rovtu
Nasirec
Nasova
Nasovce
Nasovici
Nauporto
Navrski Vrh
Nazire
Neblo
Nebola
Nedelica
Negastern
Negastrn
Negova
Nemcavci
Nemcevci
Nemci
Nemesd
Nemilje
Nemska Loka
Nemska Loko
Nemska
Nemska Vas
Nemski Rovt
Nemski Rut
Neradnovci
Neradovci
Neumarktl
Neverke
Nevlje
Nigrignano
Nisevec
Nizevec
Njiverce
Nomelj
Nomenj
Norsinci
Norsinci pri Ljutomeru
Notranje Gorice
Nova Cerkev
Nova Gora
Nova Gorica
Novak
Nova Kracina
Nova Lipa
Nova Mesta
Nova Oselica
Nova Sela
Nova Stifta
Nova Susica
Nova Vas nad Dragonje
Nova Vas nad Dragonjo
Nova Vas
Nova Vas
Nova Vas pod Rifnikom
Nova Vas pri Markovcih
Nova Vas pri Ptuju
Novavilla
Nove Lozine
(( Novi Breg ))
Novi Lazi
Novi Pot
Novi Svet
Novokracine
Novo Mesto
Nuskova
Nussdorf
Nyíreslehomér
Obcice
Obcina
Obcine
Ober-Laibach
Ober Leskovec
Oberlimbach
Oberlimpach
Ober-loitsch
Ober Sankt Kunigund
Ober-Strascha
Obizeljska Vas
Oblaki
Oblak
Oblakov Vrh
Oblisca di Postumia
Oblisca Grande
Oblocca
Obloke
Obloschiz
Obrezje
Obrez
Obrh
Obrh pri Dragatusu
Obrisch
Obris
Obrne
Obrov
Obrovo
Obrovo Santa Maria
Ocinje
Ocisla
Ocizla
Odrance
Odranci
Odrga
Ogljensak
Ogulin
Oisnitz
Ojstrica
Ojstri Vrh
Okonina
Okoskvici
Okoslavci
Okroglo
Okrog
Okrog pri Motniko
Olesce
Olsevek
Olsnitz
Oltresonzia
Onek
Onkraj Meze
Opacchiasella
Opatje Selo
Oplotnica
Oppacchiasella
Orecca di Postumia
Orehek
Orehovci
Orehovec
Orehovica
Orehovlje
Oresje-Col
Oresje
Oréssia
Orfalu
Orihodos
Orlaka
Orla Vas
Orlek
Orle
Orlica
Orlje
Ormob
Ormos
Ormoz
Orszentvid
Ortnek
Osek
Osek
Oselj
Oslusevci
Osojnik
Ospo
Osp
Osredek
Osredek
Osredek pri Podsredi
Ossecca
Ossegliano
Ostini
Ostrc
Ostri Vrh
Ostroznik
Ostrozno Brdo
Ostrozno
Ostrozno pri Ponikvi
Otalez
Otavec
Otavice
Otiski Vrh
Otlica
Otocec
Otocek
Otoce
Otok
Otosce
Otovci
Otovec
Ottocco
Ottocco-Piccolo
Ottóháza
Ovsise
Ozbald
Ozbalt
Ozbolt nad Zmincem
Ozeljan
Pacinje
Padena
Padeski Vrh
Padez
Padna
Pajcice
Paka
Paka pri Velenju
Pako
Palci
Palcje
Pálhegy
Palice
Palina
Pálmafa
Pamece
Panece
Paniqua
Panovci
Paradisce
Pared
Parie
Parje
Paroz
Partinje
Pártosfalva
Pasja Vas
Paska Vas
Patzing
Paugnano
Pecarovci
Pece
Pecice
Pecke
Peckovci
Pecovje
Pecovnik
Pec
Pedrovo
Peilenstein
Pekre
Peresto
Perisce
Pernica
Pernice
Perovo
Pertoca
Pesata
Pesjak
Pesje
Peskovci
Pesnica
Pesnica pri Maribor
Pesnica pri Mariboru
Pesniski Dvor
Pesnjak
Petanjci
Petelinje
Péterhegy
Petesevci
Petesháza
Petisovci
Petkovec
Petofa
Petrigna
Petrinje
Petri
Petrova Vas
Petrovce
Petrovci
Petrovo Brdo
Pettau
Petteline
Peven
Pevno
Pichldorf
Piedicolle
Piedimonte del Taiano
Pietro del Carso
Pieve di Leupa
Pijava Gorica
Pikovnik
Piliscovizza della Madonna
Pilstanj
Pince
Pincze
Pirano
Piran
Piro
Pisajnovica
Piscchalz
Pisece
Pivka
Place
Plac
Planina Javornik
Planina Jesenje
Planina nad Horjulom
Planina
Planina
Planina pod Golico
Planina pod Gorico
Planina pri Cerknem
Planina pri Rakeku
Planina pri Sevnici
Planina Zajamniki
Planinska Vas
Planota
Plasivica
Plat
Plava
Plave
Plavia Montedoro
Plavje
Plesevica
Plesivec
Plesivica
Ples
Pleterje
Pletovarje
Plevnik
Plezzo
Pliscovizza della Madonna
Pliscovizza
Pliskovica
Plitvica
Plitvice
Plitvicki Vrh
Plodersnica
Plusina di Plezzo
Pluzna
Pluzne
Pluznje
Pobegi
Pobese
Pobrezje
Pobrez
Pocakovo
Pocehova
Pocrai del Piro
Podbela
Podbeze
Podblica
Podbocje
Podbrdo
Podbreg
Podbrezje
Podcetrtek
Pod Dobricem
Podgora
Podgora
Podgorci
Podgorica
Podgorica pri Crnucah
Podgorje ob Sevnicni
Podgorje
Podgorje
Podgorje pri Sevnicni
Podgozd
Podgraceno
Podgrada
Podgrad
Podgrad
Podgraje
Podgric
Podhlenik
Podhom
Podhosta
Podibela
Podicrai del Piro
Podicrai
Podirec
Podjelje
Podkaj
Podklanec
Podkoren
Podkrai
Podkraj
Podkraj
Podkraj pri Velenju
Podkum
Podlaka
Podlanisce
Podlehnik
Podlipa
Podlipje
Podlipoglav
Podljubelj
Podlog pod Bohorjem
Podlog
Podlog
Podlog v Savinjski Dolini
Podlom
Podlonk
Podloz
Podmarkovac
Podmarkovec
Podmelec
Podmolnik
Podnanos
Podnart
Podolnica
Podovo
Podpeca
Podpec
Podplat
Podpreska
Podraga
Podreca
Podsabatin
Podsabotin
Pod Skalo
Podslivnica
Podsmreka
Podsreda
Podstena
Podstene
Podstene pri Kostelu
Podstenice
Podstenje
Podstrmec
Podtabor
Podtabor pri Grosupljem
Podturen
Podturen pri Dolenjskih Toplicah
Podturn
Podturn pri Dolenjskih Toplicah
Podvelka
Podveza
Podvinci
Podvinje
Podvin pri Polzeli
Podvolovljek
Podvrh
Podzaga
Podzemelj
Pogara
Pogliane
Poglie
Pogricci
Pohorje
Pokojisce
Pokojnica
Polana
Polenci
Polensak
Polglizze
Polhov Gradec
Polica
Police
Police
Policka Vas
Poljana
Poljane nad Blagovicom
Poljane nad Skofjo Loko
Poljane
Poljcane
Poljce
Polje ob Sotli
Polje
Polje
Polje pri Bistrici
Poljice
Poljscica
Poljscica pri Podnartu
Poljsica
Poljsica pri Podnartu
Pollain
Pologar
Polom
Polsnik
Polzela
Pomjan
Pongrac
Ponikva
Ponikva pri Zalcu
Ponikve
Ponikve
Ponikve pri Studencu
Ponkvica
Ponoma Vas
Popecchio
Popetre
Pordasinci
Porisce
Portorose
Portoroz
Pössnitz-Hofen
Postegna
Postojna
Postumia Grotte
Postúmia
Postumija
Potocce di Villabassa
Potocco del Confine
Potocco
Potoce
Potok-Bonini
Potoki
Potok
Potok pri Gorenji Strazi
Potok pri Muljavi
Potok Volavce
Pototsche
Potov Vrh
Poverio
Povir
Pozega
Pozeg
Poznanovci
Pragerhof
Pragersko
Prapetno Brdo
Prapetno
Prapozze
Praprece
Prapretno
Prapretno pri Hrastniku
Praproce
Praprotna-Polica
Praprotna Poljica
Praprotnica
Praprotno Brdo
Praprotno
Praprot
Prase
Prassberg
PreÄ‘ama
Prebacevo
Prebold
Precna
Predanovci
Preddvor
Predgrad
Predgrize
Predjama
Predmeia
Predmeja
Predole
Predoslje
Predvor
Pregara
Pregarje
Preg
Pregrad
Pregrise
Prekopa
Prelasko
Prelesje
Preloge
Preloge pri Smarju
Preloka
Prelose Sant'Egidio
Preloze
Prem
Prepolje
Presa
Preseckaves
Presecno
Preseka
Preseria
Preserje
Preserje pri Komnu
Preserje pri Radomljah
Presika
Preska nad Kostrevnico
Preska nad Medvodah
Preska
Preska pri Medvodah
Presladol
Presnica
Presnic
Pressérie
Prestane
Prestava Grande
Prestava Piccola
Prestranek
Prestrane
Pretrez
Prevacina
Prevald
Prevale
Prevalje pod Krimom
Prevalje
Prevalje
Prevallo
Prevalnik
Preval
Prevoje
Prevoje pri Sentvidu
Prevole
Preza
Prezganje
Prhovec
Pribinci
Pribisje
Pri Cerkvi
Pri Cerkvi-Struge
Prigorica
Prihova
Pri Jezeru
Prikrnica
Primano
Primca Vas
Primostek
Primoz pri Ljubnem
Primoz
Primoz
Primoz pri Sentjurju
Pristava pri Mestinju
Pristava
Pristava
Pristova
Prosecka Vas
Prosecka Ves
Prosenisko
Prosenjakovci
Prosenjakovici
Prtovc
Prunsvig
Prvacina
Prvi Javrovec
Psajnovica
Psata
Psevo
Ptuj
Ptujska Gora
Pucaie
Puce
Puconci
Puc
Pudob
Pungert
Puscava
Pusenci
Pusonci
Puste Lozice
Pusti Javor
Pusto Polje
Puzanci
Puzavci
Puzeci
Puzevci
Puzzole
Racche
Raccolico
Race
Rachiteni
Rachitovich
Racice
Racizze
Racje Selo
Ráckanizsa
Ráczkanizsa
Radamos
Radece
Radegunda
Radehova
Radein
Radenci
Radgona
Radgonica
Radinci
Radisel
Radizelj
Radizel
Radlek
Radljek
Radlje ob Dravi
Radlje
Radmannsdorf
Radmazanci
Radmirje
Radmizanci
Radmozanci
Radófalva
Radófa
Radohova Vas
Radomerje
Radomlje
Radoslavci
Radovci
Radovica
Radovljica
Radovna
Raduha
Raduse
Radvenci
Rafolce
Rajc
Rajec
Rajhenau
Rajhenav
Rajhenberg
Rajhenburg
Rajndol
Rajnkovec
Raka
Rakek
Rakican
Rakicsán
Rakitna
Rakitnica
Rakitnik
Rakitovac
Rakitovec
Rakitsán
Rakovec
Rakovnik pri Sentrupertu
Rakovnik
Rakulik
Raku
Rance
Rankovci
Rann
Ranziano
Rapljevo
Raschach
Rascica
Rasica
Rasic
Raskrizje
Rastanj
Ratece
Ratecevo Brdo
Ratecevo in Monte
Ratje
Rátkalak
Ratkovci
Ratschach
Raume di Piedimeize
Rauna del Castello
Rauna di Dresenza
Rauna di Sabbice
Raune di Piedimelze
Raune
Raunik
Raunizza
Ravne na Blokah
Ravne nad Sentrupertom
Ravne na Koroskem
Ravne pri Cerknem
Ravne pri Smartnem
Ravne
Ravne
Ravne v Bohinju
Ravne Zapce
Ravnica
Ravni Dol
Ravnik pri Hotedrsici
Ravnik
Ravnje
Ravno
Razborca
Razborica
Razbor
Razdrto
Razgorce
Razgor
Razkrizje
Razvanje
Rdeci Breg
Rdeci Kal
Reber
Recaje
Recenjak
Recica ob Paki
Recica ob Savinji
Recica
Recica
Reichenburg
Reichenstein
Reifenberg
Reifnitz
Reka
Reka
Remsnik
Rence
Renke
Renki
Renkovci
Reparac
Repce
Repnik
Repnje
Rep
Resnik
Restanj
Rétállás
Retje
Ribbenizza
Ribce
Ribceva Plan
Ribcev Laz
Ribenizza
Ribice
Ribjek
Ribnica na Pohorju
Ribnica
Ribnica
Ribno
Rifembergo
Rifnik
Rigonce
Rihemberk
Rihpovec
Rihtarovci
Rijavci
Rimske Toplice
Ritize
Rizana
Rizan
Rjavce
Rjavci
Robadje
Robedischis
Robedisehis
Robic
Robidisce
Robidnica
Robnik
Rob
Rocica
Rocinj
Rodik
Rodine pri Trebnjem
Rodine
Roditti
Rodni Vrh
Rogacovci
Rogasevci
Rogaska Slatina
Rogasovci
Rogatec nad Zelimljami
Rogatec
Rogatec
Rogati Hrib
Roginska Gorca
Rogoza
Rogoznica
Römerbad
Ronafo
Ronzina
Ropoca
Rosalnice
Rose
Rosizze
Rosnja
Rospoh
Rova
Rove
Rovte
Rovte v Selski Dolini
Rovt
Rozalnice
Rozempelj
Rozemple
Rozengrund
Rozengrunt
Rozenpelj
Rozice
Rozna Dolina
Rozni Dol
Roznik
Rubije
Rucetna Vas
Rucic
Rucmanci
Rudenik
Rudnica
Rudnik
Rudno
Rudolfswerth
Rumanja Vas
Runarsko
Runec
Ruperce
Rupe
Ruse
Rute
Rut
Rutte di Gracova
Rutte di Grac
Rutte
Sable
Sabocevo
Sabogna
Sabonje
((Sadni Hrib ))
Safarsko
Saga
Sagona
Sagoria
Sagória San Martino
Sagorje
Saiecce Castelvecchio
Saint Anna
Saint Larenzen
Sairach
Sajevce
Saksid
Sakusak
Salamenci
Salamonci
Salamon
Salek
Salilog
Salinci
Salka Vas
Salloga d'Idria
Saloga di Postumia
Salona
Salone d'Isonzo
Salovci
Salovski Breg
Sal
Sambasso
Samec
Sanabor
San Antonio di Capodistria
San Canziano della Grotta
San Canziano
San Canzian
San Daniele del Carso
San Daniel
Sándorvölgy
San Giacomo in Colle
San Giovanni Berdo
Sanjsice
Sank Leonhard
Sankt Georgen
Sankt-Georgen
Sankt Gotthard
Sankt Johann an Drau-Felde
Sankt Leonhard
Sankt Margarethen
San Martino
San Michael
San Michele di Senosecchia
San Michele di Seros
San Michele
San Peter
San Pietro del Carso
San Pietro di Gorízia
San Pietro di Madrasso
San Pietro
San Quirico
San Sergio
Santa Canziana
Santa Croce di Aidas
Santa Croce
Santa Lucia d'Isonzo
Santa Lucia di Tolmino
Santa Lucia
Santa Maria di Sesana
Sant'Antonio
San Tommaso
Santo Spirito della Bainsizza
San Valentino
Sapnik
Sap
Sapuse
Sara Vas
Sarecce
Sarecizza
Sared
Sarsko
Sasseto
Satahovci
Saurazzt
Sava
Savci
Savica
Savina
Savinsko
Savlje
Savski Vrh
Scandaussina
Schabing
Scherbina
Schönpals
Schönstein
Schwarzenberg
Scoffe
Scopo
Scoppo
Sebeborci
Sebenje
Sebreglie
Sebrelje
Secovlje
Sec
Sedlarjevo
Sedlo
Sedovec
Sedula
Segovci
Seisenberg
Sejanci
Sekirisce
Sekirsce
Sela na Krasu
Sela pri Dobovi
Sela pri Hinjah
Sela pri Jugorju
Sela pri Kamniku
Sela pri Rudniku
Sela pri Smarju
Sela pri Sumberka
Sela pri Sumberku
Sela pri Visnji Gori
Sela
Sela
Selca
Selce
Selce
Sele
Selisci
Sella del Bivio
Sella delle Trincee
Sella di Caporetto
Sella di Volzana
Sella
Selnica ob Dravi
Selnica ob Muri
Selnica
Selo nad Laskim
Selo
Selo
Selscek
Selske Lajse
Selzach
Selze
Sembie
Sembije
Sembilje
Semedela
Semedella
Semic
Semnik
Sempas
Sempeter pri Gorici
Sempeter
Sempeter
Sempeter v Savinjski Dolini
Senabor-Val Bella
Senadole
Sencur
Senico
Senik
Senik
Senodole
Senosécchia
Senosetsch
Senovo
Senozece
Senozeti
Senozet
Sent Andraz
Sentanel
Sent Florijan
Sentgotard
Sentilj pod Turjakom
Sent Ilj
Sentilj
Sent Janez
Sentjanz nad Dravcani
Sentjanz pri Dravogradu
Sentjanz
Sentjanz
Sent Janz
Sentjernej
Sentjost nad Horjulom
Sentjost
Sent Jungerta
Sentjurij
Sent Jurij
Sentjurij
Sent Jurij
Sentjurje
Sentjur na Dolenjskem
Sentjur pri Celju
Sentjur
Sentlambert
Sent Lenart
Sent Mihelj
Sent Mihel
Sent Ozbald
Sentozbalt
Sentozbolt
Sent Ozbolt
Sentpavel
Sent Peter na Krasu
Sent Peter
Sent Peter
Sent Ruperti
Sentrupert
Sentrupert
Senturje
Senturska Gora
Sent Vid nad Ljubljano
Sentvid na Slemenu
Sent Vid ni Ljubljano
Sentvid pri Grobelnem
Sentvid pri Planini
Sentvid pri Sticni
Sentvid pri Zavodnju
Sent Vid
Sentvid
Sentvid
Sent Vid
Sentviska Gora
Senuse
Serdica
Seregháza
Serilla
Serore
Serpenizza
Sesana
Sesce pri Preboldu
Sestreze
Sestrze
Setarova
Seta
Setnica
Sevnica
Sevnica
Sevno
Sezana
Sfrmec pri Destrniku
Shmare
Sibelia
Sibelji
Sicciole
Sicole
Sikole
Sinadole
Sinja Gorica
Sinji Vrh
Sinkovec
Sinkov Turn
Sink
Sinnersdorf
Siroka Set
Sittich
Sivce
Skadanscina
Skakovci
Skale
Skandanscina
Skarucna
Skocijan
Skocjan
Skocjan
Skofelca
Skofia Loka
Skofija
Skofija
Skofije
Skofja Loka
Skofja Loka
Skofja Riza
Skofja Vas
Skoflje
Skofljica
Skoke
Skomarje
Skopo
Skorba
Skorno
Skosja Loka
Skrbina
Skrilje
Skrilj
Skrjance pri Novem Mestu
Sladka Gora
Sladki Vrh
Slap ob Idrijci
Slappe d'Idria
Slappe Zorzi
Slap
Slaptinci
Slatina pri Ponikvi
Slatina Radinci
Slatina
Slatinek
Slatna
Slavigne
Slavina
Slavinje
Slavsina
Slemensek
Slepsek
Slivia di Castelnuovo
Slivje
Slivna
Slivnica pri Celju
Slivnica pri Mariboru
Slivnica
Slivnisko Pohorje
Slokarji
Slomi
Slom
Slope
Sloppe
Slovenja Vas
Slovenj Gradec
Slovenji Gradec
Slovenska Bistrica
Slovenska Vas
Slovenske Konjice
Slovenski Gradec
Smarca
Smarije
Smarje pri Jelsah
Smarje pri Kopru
Smarje pri Sezani
Smarje-Sap
Smarje
Smarje
Smarjeta pri Celju
Smarjeta
Smartin na Pohorju
Smartin ob Dreti
Smartin ob Paki
Smartin
Smartin
Smartin v Rozni Dolini
Smartno na Pohorju
Smartno ob Dreti
Smartno ob Paki
Smartno ob Savi
Smartno pod Smarno Goro
Smartno pri Litiji
Smartno pri Litui
Smartno pri Slovenjem Gradcu
Smartno pri Slovenj Gradcu
Smartno
Smartno
Smartno v Rozni Dolini
Smartno v Tuhinji
Smartno v Tuhinju
Smecice
Smednik
Smeria
Smerjene
Smihel nad Mozirjem
Smihel pod Nanosom
Smihel pri Novem Mestu
Smihel pri Zuzemberku
Smihel
Smihel
Smiklavz
Smiklavz
Smlednik
Smodis
Smohor
Smokvica
Smolenja Vas
Smolnik
Smrecje
Smrecno
Smrjene
Smrje
Smuka
Sneberje
Soarazica
Sober
Sobetinci
Sobocevo
Sobota
Sobotinci
Sobrace
Soca
Socerga
Socka
Soderschitz
Sodinci
Sodisinci
Sodna Vas
Sodrazica
Sodrazice
Solcava
Solkan
Sónzia
Sopote
Sopotnica
Sora
Sorica
Soseska
Sostanj Mesto
Sostanj
Sostro
Sotina
Sovjak
Sovodenj
Sovoden
Sovra
Spicnik
Spitalic
Spodna Branica
Spodnja Bela
Spodnja Besnica
Spodnja Breznica
Spodnja Dobrava
Spodnja Draga
Spodnja Gorica
Spodnja Hajdina
Spodnja Hrusica
Spodnja Idrija
Spodnja Jamnica
Spodnja Kapla
Spodnja Kostrivnica
Spodnja Lipnica
Spodnja Loznica
Spodnja Lusa
Spodnja Nova Vas
Spodnja Pohanca
Spodnja Polskava
Spodnja Ponanca
Spodnja Radovna
Spodnja Recica
Spodnja Ribnica
Spodnja Selnica
Spodnja Senarska
Spodnja Senica
Spodnja Siska
Spodnja Slivnica
Spodnja Sorica
Spodnja
Spodnja Susica
Spodnja Velka
Spodnja Vizinga
Spodnja Volicina
Spodnja Zadobrava
Spodnja Zadobrova
Spodnje Bitnje
Spodnje Brezovo
Spodnje Danje
Spodnje Dobrenje
Spodnje Duplje
Spodnje Gameljne
Spodnje Gorce
Spodnje Gorje
Spodnje Grusovlje
Spodnje Hlapje
Spodnje Hoce
Spodnje Jarse
Spodnje Jelenje
Spodnje Jezersko
Spodnje Koseze
Spodnje Krapje
Spodnje Mestinje
Spodnje Palovce
Spodnje Palovice
Spodnje Pirnice
Spodnje Pobrezje
Spodnje Prebukovje
Spodnje Rigonce
Spodnje Roje
Spodnje Skofije
Spodnje Stranje
Spodnje Tinsko
Spodnje Verjane
Spodnje Vodale
Spodnje Vrtice
Spodnje Zrece
Spodnji Boc
Spodnji Brnik
Spodnji Cacic
Spodnji Dolic
Spodnji Dravograd
Spodnji Duplek
Spodnji Gabernik
Spodnji Gasteraj
Spodnji Hotic
Spodnji Ivanjci
Spodnji Jakobski Dol
Spodnji Kamenscak
Spodnji Kaselj
Spodnji Leskovec
Spodnji Log
Spodnji Otok
Spodnji Porcic
Spodnji Razbor
Spodnji Slemen
Spodnji Velovlak
Spodnji Velovlek
Spodnji Vrsnik
Spodnji Zerjavci
Spotnji Hotic
Spuhla
Spuhlja
Spuhlje
Sratovci
Srebotje
Sredgora
Sredisce ob Dravi
Sredisce
Sredme
Srednja Bela
Srednja Bistrica
Srednja Dobrava
Srednja Kanomlja
Srednja Radovna
Srednja Vas - Gorice
Srednja Vas pri Dragi
Srednja Vas pri Kamniku
Srednja Vas
Srednja Vas v Bohinju
Srednje Bitnje
Srednje Grcevje
Srednje Jarse
Srednje Laknice
Srednje Pijavsko
Srednji Dolic
Srednji Gasteraj
Srednji Globodol
Srednji Javrovec
Srednji Vrh
Srgasi
Srobotje
Sromle
Sromlje
Srpenica
Stahovica
Staje
Stajnbrova
Stajngrova
Stalcarji
Stalcerji
Stanezice
Stanjel
Stanjevci
Stanjovci
Stankova
Stankovo
Stanovsko
Stara Cerkev
Stara di Postumia
Stara Fuzina
Stara Gora
Stara Lipa
Stara Loka
Stara Nova Vas
Stara Nova Ves
Stara Oselica
Stara Susica
Stara Vas-Bizeljsko
Stara Vas
Stara Vas
Stara Vrhnika
Stari Breg
Stari Cerkev
Stari Kot
Stari Log
Stari Trg ob Kolpi
Stari Trg pri Lozu
Stari Trg
Stari Trg
Staro Apno-Skocjan
Staro Apno
Staro Brezje
Staro Selo
Starosince
Starosinci
Starse
Statenberg
Stavesinci
Stefanja Gora
Stehanja Vas
Steinbrück
Stein
Stermizza Mater Dei
Stiak
Sticna
Stijak
Stiska Vas
Stjak
Stoglej
Stogovci
Stojnci
Stomaz
Stopce
Stoperce
Stope
Stopice
Stopnik
Stopnik
Stopno
Store
Storie
Storje
Stozice
Strahinj
Strahomer
Strane
Stranica
Stranice
Stranje
Stranje
Straza pri Raki
Straza
Straza
Straze
Strazgonjca
Strazgonjci
Strazica
Strazisce
Strehovci
Strekljevac
Strekljevec
Strezevica
Strgojnce
Strihovec
Strit
Strmce
Strmec na Predelu
Strmec pri Leskovcu
Strmec
Strmec
Strmica
Strnisce
Strocja Vas
Strocja Ves
Strojna
Strtenica
Strugnano
Strukljeva Vas
Strukovci
Strunjan
Strzisce
Studena Gora
Studena in Monte
Studencice
Studenec-Ig
Studenec
Studenec
Studenice
Studenitz
Studeno
Studenza
Studor
Studor v Bohinju
Sucoria
Suhadole
Suha pri Predosljah
Suha
Suhi Potok
Suhi Vrh pri Radljah
Suhi Vrh
Suhodolnik
Suhodolnik
Suhorje
Sujica
Sulinci
Sürüháza
Sürüház
Susak
Susida
Susje
Sussa
Sussizza
Sutta
Suzid
Sveca
Svecina
Svedi Vid nad Cerknico
Sveta Ana pod Ljubeljem
Sveta Ana
Sveta Ana
Sveta Ana v Slovenskih Goricah
Sveta Barbara
Sveta Barbara
Sveta Lucija
Sveta Marjeta
Sveta Radegunda
Sveta Trojica
Sveta Trojica
Sveta Valpurga
Sveta Vizinga
Sveti Andraz
Sveti Andre
Sveti Anton
Sveti Anton
Sveti Bostjan
Sveti Danijel
Sveti Duh
Sveti Duh
Sveti Florijan pri Sostanju
Sveti Florijan
Sveti Florijan
Sveti Ilj
Sveti Jakob ob Savi
Sveti Jakob
Sveti Jakob
Sveti Janez na Dravskom Polju
Sveti Janez
Sveti Jernej
Sveti Jeronim
Sveti Jost
Sveti Jungert
Sveti Juraj
Sveti Jurij pod Kumon
Sveti Jurij pri Celju
Sveti Jurij
Sveti Jurij
Sveti Jurij v Slovenske Gorice
Sveti Katarina
Sveti Kriz pri Litiji
Sveti Kriz
Sveti Kriz
Sveti Kungota
Sveti Lenard
Sveti Lenart
Sveti Lenart
Sveti Lovrenc
Sveti Lovreno
Sveti Marija-Magdalena
Sveti Marko
Sveti Martin
Sveti Miklavz
Svetina
Sveti Ozbalt
Sveti Ozbolt
Sveti Ozbolt
Sveti Peter na Krasu
Sveti Peter pod Sveti Gorami
Sveti Peter
Sveti Peter
Sveti Pongrac
Sveti Primoz nad Muto
Sveti Primoz na Pohorju
Sveti Primoz
Sveti Primoz
Sveti Rupert
Sveti Simon
Sveti Tomaz pri Ormozu
Sveti Tomaz
Sveti Tomaz
Sveti Trije Kralji
Sveti Trije Kralji
Sveti Trije Kralji v Slovenskih Goricah
Sveti Urban
Sveti Vid
Sveti Vid
Svetli Potok
Sveto
Svibno
Svino
Szabadhegy
Szarvaslak
Széchénykút
Szécsényfalva
Szécsényfa
Szécsénykút
Szécsiszentlászló
Szentbenedek
Szentbibor
Szentlászló
Szentmátyás
Szentsebestyén
Szerdahely
Szombat
Tabor
Tabor
Tacen
Talmina
Tamar
Tanca Gora
Tarnova della Selva
Tarnova
Tatinec
Tatre
Teharje
Tekacevo
Telce
Temenica
Temenizza
Temljina
Temljine
(( Temna Luza ))
Temnica
Tenetise
Tepanje
Tepe
Terbegovci
Terciane
Tergne
Ternova d'Isonzo
Ternova
Tertenico
Tesanovci
Tesova
Tevce
Tevce
Tiaka
Tiborfa
Tibovci
Tihaboj
Tinaboj
Tinjan
Tinjska Gora
Tirna
Tirosek
Tisina
Tisovec
Titovo Velenje
Todraz
Tölgyes
Tolmino
Tolminske Ravne
Tolminski Lom
Tolmin
Tolsti Vrh pri Mislinj
Tolsti Vrh pri Ravnah naKoroskem
Tolsti Vrh
Tomacevica
Tomádio
Tomaj
Tomaz pri Ormozu
Tomaz
Tomigna
Tominje
Tomiselj
Topla Reber
Topla
Toplice
Topolc
Topolec
Topole
Topolje
Topolovac
Topolovci
Topolovec
Topol pri Begunjah
Topol pri Medvodah
Topolschitz
Topolscica
Topolsica
Topol
Topolza
Topotovac
Topovlje
Toppolo in Belvedere
Tosko Celo
Tótkeresztúr
Tótlak
Trata pri Velesovem
Trata
Trate
Tratnik
Trava
Travnik
Trboje
Trbonje
Trbovlje
Trdkova
Trdkovo
Trdobojci
Trebanjski Vrh
Trebce
Trebce
Trebelno
Trebese
Trebesse
Trebija
Trebizani
Trebnje
Tremerje
Trenta
Treven
Trevisani
Trgovic
Trgovisce
Tribuce
Tribusa
Tribussa di Monte Sanvito
Tribussa Inferiore
Tribussa Superiore
Tribussa
Tridussa
Trije Mlini
Trimlini
Trnje
Trnje
Trnovci
Trnovec pri Dramljah
Trnovec
Trnovec
Trnovlje pri Celju
Trnovlje
Trnovo ob Soci
Trnovo pri Gorici
Trnovo
Trnovska Vas
Trnovska Ves
Troblje
Trobni Dol
Trojana
Trojane
Tropovci
Troscine
Trotkova
Trpcane
Trsevje
Trsic
Trska Gora
Trstenik
Trstenik
Trtnik
Truscolo
Truske
Trusnje
Trzec
Trzic
Trzin
Trzisce
Tschernembl
Tsel'e
Tubbiano
Tuble di Boriano
Tublje pri Hrpeljah
Tublje pri Komnu
Tublje
Tüffer
Tunjica
Tunjice
Tupalice
Turiska Vas
Turjak
Turjanci
Turnisce
Turnischa
Tusev Dol
Tüskeszer
Udje
Uhk
Újkökényes
Újtölgyes
Ulaka
Unec
Unter-Drauburg
Unter Feising
Unteridria
Unter-Limbach
Urabtsche
Úrdomb
Úriszék
Ursic
Ursina
Urslja Gora
Ursna Sela
Ustie
Ustje
Utovlje
Uttoglie
Vace
Vadarci
Vajgen
Valburga
Valdoltra
Vale
Valica
Valiza
Valizza
Vallegrande
Valmorasa
Valmovrasa
Vanca Vas
Vanca Ves
Vaneca
Vanetina
Vanganel
Varda
Varea
Vareje
Várhely
Varnica
Varos
Vashidegkút
Vaskopárd
Vaskovácsi
Vaslak
Vasnyíres
Vaspolony
Vas
Vasvecsés
Vatovlje
Vattoglie
Vauca Vas
Vautosek
Veceslavci
Veckoti
Végfalva
Véghely
Velce
Velenje
Velesovo
Velika Brda
Velika Brezovica
Velika Bukovica
Velika Cikava
Velika Dobrava
Velika Dolina
Velika Goba
Velika Hubajnica
Velika Ilova Gora
Velika Kostrevnica
Velika Lasna
Velika Ligojna
Velika Loka
Velika Mislinja
Velika Nedelja
Velika Piresica
Velika Polana
Velika Pristava
Velika Racna
Velika Slevica
Velika Stanga
Velika Stara Vas
Velika Strmica
Velika Varnica
Velika Vas pri Krskem
Velika Vas
Velika Vas
Velike Bloke
Velike Brusnice
Velike Grahovse
Velike Lasce
Velike Lese
Velike Lipljene
Velike Nedelje
Velike Poljane
Velike Poljane
Velike Vodenice
Velike Vrhe
Velike Zablje
Veliki Ban
Veliki Centur
Veliki Cerovec
Veliki Cirnik
Veliki Dolenci
Veliki Dolinci
Veliki Dol
Veliki Gaber
Veliki Kal
Veliki Kamen
Veliki Kog
Veliki Koren
Veliki Korinj
Veliki Lipoglav
Veliki Lipovec
Veliki Locnik
Veliki Nerajec
Veliki Obrez
Veliki Orehek
Veliki Osolnik
Veliki Otok
Veliki Podlog
Veliki Rakitovec
Veliki Rakitovec
Veliki Rigelj
Veliki Slatnik
Veliki
Veliki Vrhi
Veliki Vrh pri Smarju
Veliki-Vrh
Veliki Vrh
Veliko Bloke
Veliko Brdo
Veliko Crnelo
Veliko Loka
Veliko Mlacevo
Veliko Mrasevo
Veliko Poljane
Veliko Polje
Veliko Rapljevo
Veliko Sirje
Veliko Tinje
Veliko Trebeljevo
Veliko Ubeljsko
Veliko
Velka
Venarse
Vend-Kovácsi
Venise
Verbovo
Verco di Canale
Vercogliano di Monrupino
Vercoglie di Quisca
Verdun pri Ursnih Selah
Verdun
Verd
Vergoglie
Vernek
Verpogliano
Verpoglie
Vertazzi
Vertoiba in Campi Santi
Verzej
Vescica pri Murski Soboti
Vescica
Veternik
Vevce
Vicna Vas
Vic
Vic
Videm ob Scavnici
Videm pri Ptuju
Videm
Videm
Videz
Vidonce
Vidonci
Vidorlak
Vigaun
Villabassa
Villa Decani
Villa Nadrosizza
Villanova
Villa Podigraie
Villa Slavina
Villa Svina
Ville Montevecchio
Vinica pri Smarjeti
Vinica
Vinica
Vinje
Vinji Vrh pri Semicu
Vinji Vrh
Vintarjevec
Vintarovci
Vipacco
Vipava
Vipavski Kriz
Vippaco
Virmase
Vir pri Sticni
Virstajn
Virstanj
Vir
Visejec
Visevek
Viski
Visne
Visnja Gora
Visnja Vas
Visnjevik
Visnje
Visnovicco
Visoko
Vitanje
Vitan
Vitna Vas
Vitomarci
Vitovlje
Vittuglia
Vizlendva
Vizmarje
Vnajnarje
Vnanje Gorice
Vnasjnarje
Voalje
Vodice pri Gabrovki
Vodice
Vodnik
Vodnik
Vodranci
Vogersko
Voglarji
Vogliano
Voglje
Voglova
Vogrsko
Voischizza
Voisizza di Comeno
Voissizza
Vojnik
Vojscica
Vojsko
Voklo
Volarje
Volavlje
Volca
Volce Auremiano
Volce
Volci
Volcja Draga
Volcja Gomila
Volcja Jama
Volcje Jame
Volcji Grad
Volcji Potok
Völgyes
Völgyifalu
Vollaria
Volzana
Vosce
Voschia
Vrabce
Vranje
Vranovici
Vransko
Vrasicko
Vrata
Vratja Vas
Vratno
Vrba
Vrbje
Vrbljene
Vrbovec
Vrbovo
Vrcice
Vreme
Vremski Britof
Vrhe
Vrhje
Vrhloga
Vrh nad Krasnjo
Vrh nad Rovtami
Vrh nad Zelimljami
Vrhnika pri Lozu
Vrhnika
Vrhole pri Laporju
Vrhole pri Slovenskih Konjicah
Vrhole
Vrhov Dol
Vrhovec
Vrhovije
Vrhovlje pri Kojskem
Vrhovlje
Vrhovo pri Zuzemberku
Vrhovo
Vrhovo
Vrhpec
Vrhpolje pri Kamniku
Vrhpolje pri Moravcah
Vrhpolje
Vrh pri Fari
Vrh pri Ljubnu
Vrh pri Poljanah
(( Vrh pri Sobracah ))
Vrh pri Visnji Gori
Vrhtrebnje
Vrhtrebno
Vrh
Vrh
Vrsna Sela
Vrsnik
Vrsnik
Vrsno
Vrtoce
Vrtojba
Vrtovce
Vrtovsce
Vrzdenec
Vuca Gomila
Vucegomila
Vucegomilje
Vucja Gomila
Vucja Vas
Vucja Ves
Vuhred
Vurmat
Vuzenica
Weitenstein
Weixelburg
Widem
Wigaun
Windisch-Feistritz
Windischgraz
Wochein Feistritz
Woditz
Woiska
Wöllan
Wuchern
Zabavia
Zabavje
Zabavlje
Zabce
Zàbice Castèlvecchio
Zabice
Zabjak
Zabjek
Zabljek
Zablje
Zabnica
Zabocevo
Zaborst pri Sentvidu
Zaborst
Zabovci
Zabrdo
Zabreznica
Zabukovica
Zabukovje nad Sevnico
Zabukovje
Zabukovje
Zadel
Zadlog
Zadobje
Zadolje
Zadvor
Zaga Bog
Zaga
Zaga
Zagoda
Zagojici
Zagon
Zagorci
Zagorica pri Catezu
Zagorica pri Dobrnicu
Zagorica pri Dolskem
Zagorica pri Velikem Gabru
Zagorica
Zagorje ob Savi
Zagorje pri Pilstanju
Zagorje
Zagorje
Zagozdac
Zagozd
Zagradec
Zagrad
Zagrajec
Zaielse
Zajcje Polje
Zajcji Vrh pri Stopicah
Zajcji Vrh
Zajelse
Zajelsje
Zakl
Zakojca
Zakriz
Zalagyertyános
Zalaiváncz
Zalaivánd
Zala
Zalec
Zali Haib
Zali Log
Zalmance
Zalna
Zalog pri Cerkljah
Zalog
Zaloka
Zalosce
Zalovce
Zalovice
Zamenci
Zamesko
Zamostec
Zamotna Vas
Zaplana
Zapodnem
Zapoge
Zapotok
Za Prevalom
Zapreval
Zapuze
Zarecica
Zarecje
Zarobom
Zasap
Zasavci
Zasavec
Zastava
Zatolice
Zaver
Zaver
Zavino
Zavodnje
Zavratec
Zavratec
Zavrc
Zavrhek
Zavrh nad Dobrno
Zavrhnek
Zavrh pod Smarno Goro
Zavrh pri Borovnici
Zavrh
Zavrh
Zavrn
Zavrsje
Zavrsnik
Zavrstnik
Zazar
Zazid
Zbelovo
Zbigovci
Zbilje
Zbuke
Zbure
Zdenska Vas
Zdole
Zebnik
Zece
Zeie
Zeje
Zejno
Zelen Breg
Zeleznica
Zelezniki
Zelezno
Zelimlje
Zeljne
Zelse
Zemelj
Zemon di Sopra
Zemon di Sotto
Zenavlje
Zenkovci
Zepovci
Zerovinci
Zerovnica
Zesta
Zetale
Zganja Vas
Zgonce
Zgorna Dolina
Zgornja Bela
Zgornja Besnica
Zgornja Bistrica
Zgornja Breznica
Zgornja Dobrava
Zgornja Draga
Zgornja Hajdina
Zgornja Hrusica
Zgornja Jamnica
Zgornja Kapla
Zgornja Korena
Zgornja Kostrivnica
Zgornja Kungota
Zgornja Lipnica
Zgornja Loznica
Zgornja Lusa
Zgornja Pohanca
Zgornja Polskava
Zgornja Pristava
Zgornja Radovna
Zgornja Recica
Zgornja Ribnica
Zgornja Rocica
Zgornja Scavnica
Zgornja Selnica
Zgornja Senarska
Zgornja Senica
Zgornja Siska
Zgornja Sorica
Zgornja Spodnja Kungota
Zgornja Sveta Kungota
Zgornja Svina
Zgornja Velka
Zgornja Vizinga
Zgornja Volicina
Zgornja Zadobrava
Zgornja Zadobrova
Zgornje Bitnje
Zgornje Danje
Zgornje Dobljezice
Zgornje Dobrenje
Zgornje Duplje
Zgornje Gameljne
Zgornje Gorce
Zgornje Gorje
Zgornje Gradisce
Zgornje Grusovlje
Zgornje Hlapje
Zgornje Hoce
Zgornje Jarse
Zgornje Jezersko
Zgornje Koseze
Zgornje Palovce
Zgornje Palovice
Zgornje Partinje
Zgornje Pirnice
Zgornje Pobrezje
Zgornje Poljane
Zgornje Poljcane
Zgornje Prebukovje
Zgornje Ravno
Zgornje Rigonce
Zgornje Roje
Zgornje Skofije
Zgornje Stranje
Zgornje Tinsko
Zgornje Verjane
Zgornje Vrtice
Zgornje Zrece
Zgornji Boc
Zgornji Brnik
Zgornji Brnjik
Zgornji Cacic
Zgornji Duplek
Zgornji Gabernik
Zgornji Gabrnik
Zgornji Gasteraj
Zgornji Hotic
Zgornji Jakobski Dol
Zgornji Kamenscak
Zgornji Kaselj
Zgornji Leskovec
Zgornji Otok
Zgornji Porcic
Zgornji Preka
Zgornji Razbor
Zgornji Slemen
Zgornji Tuhinj
Zgornji Velovlak
Zgornji Velovlek
Zgornji Zerjavci
Zibika
Zibrse
Zice
Zidani Most
Ziganja Vas
Zigmarice
Zigoni
Zikarce
Zilce
Zilje
Zimarice
Zimica
Ziri
Zirje
Zirknitz
Zirovnica
Zirovski Vrh
Zitence
Zitkovci
Zizki
Zlabor
Zlakova
Zlatolicje
Zlato Polje
Zlebic
Zloganje
Zminec
Znojila
Znojile pri Krki
Znojile
Zodize in Selva di Piro
Zoll
Zoltánháza
Zorkóháza
Zraz
Zrece
Zrinj
Zrin Lukacki
Zrkorci
Zrkovci
Zsidahegy
Zsitkóc
Zsitkócz
Zsizsekszer
Zubina
Zupelevec
Zupeno
Zusterna
Zuzemberk
Zuzemperk
Zvab
Zvirce
Zvodno
