Aberdeen
Adonkia
Aku Town
Alikalia
Allen Town
Amaria
Angola
Angola Town
Baama
Baama
Baba
Babahun
Babakalia
Babalahun
Babawahun
Babu
Babura
Baburo
Bachalo
Bada
Badi
Badja
Bado
Badugula
Bafawahun
Bafehun
Bafodia
Bafodu
Baga
Bagahun
Bagayima
Bagbamma
Bagbe
Bagbema
Bagbwema
Bagemba
Baha
Bahal
Bahama
Bahama
Bahol
Baia
Baiama
Baiama
Baiame
Baiawa
Baiawaindu
Baibunda
Baidu
Baiima
Baiima
Bainaru
Baine
Baiwala
Bajibo
Baka
Baka
Baka
Bakaia
Bakando
Bake
Bakebana
Bakedu
Bakelimri
Bake Loko
Bake Mamule
Bakinia
Baknya
Bakodu
Bakolo
Bakuidu
Bakuya
Balahun
Balahun
Balalo
Balamuya
Balandugu
Balansera
Balantin
Balea
Bale
Bale
Balentakura
Balia
Bali
Balinia
Ballo Wharf
Balo
Balu
Bamabalia
Bama
Bamaia
Bamandu
Bamanjama
Bamata
Bamayama
Bamba
Bamba
Bambaia
Bambakalia
Bambako
Bambali
Bambara
Bambara
Bambarakalima
Bambawo
Bambaworo
Bambayiraia
Bambe
Bambisu
Bamboria
Bambu
Bambugu
Bambuibu
Bambukoro
Bambuya
Bamfira
Bammbatuk
Bamoi
Bana
Banahu
Banahun
Banahun
Banale
Banbut
Banda
Banda
Banda Bulima
Bandaia
Bandaia
Bandajama
Bandajuma
Bandajuma
Bandakarafaia
Bandako
Bandako
Bandakoro
Bandalahun
Bandalahun
Bandama
Bandama
Bandankoro
Bandankunduma
Bandaru
Bandasa
Bandasuma
Bandasuma
Bandawa
Bandi
Bandi
Bandivulahun
Bandiworo
Bandko
Bandoma
Bane
Banfele
Bangabu
Bangabu
Bangagolehun
Banga Ground
Bangahun
Bangalo
Bangawilli
Bangba
Bangbalia
Bangbama
Bangbema
Bangema
Bangema
Bango
Bangoma
Banguema
Bangulihun
Banguru
Bangwama
Bani
Banjala
Banjema
Banjuguya
Banka
Bankafu
Bankanbaia
Bankoro
Banoajuma
Bantania
Bantantia
Bantele
Bantoro
Banyamahun
Baoma
Baoma
Baoma
Baomahun
Baomahun
Baomo
Baona
Bap
Bapi
Baponto
Bapuya
Barabara
Baradu
Baraka
Baraka
Barawakomoia
Bar
Bar
Barbara
Barbo
Bare
Barema
Baremakha
Barengin
Bareta
Bari
Bari
Barimbe
Barimbi
Barinyin
Barlo
Barlo Wharf
Barma
Barmoi
Barmouth
Barve
Basa
Basa
Basaiya
Basale
Basama
Basaya
Basea
Basia
Bassa
Bassu Town
Batahol
Batama
Batawahun
Batbai
Batbai
Batbal
Batbana
Bate
Batema
Bathurst
Batiema
Batiyema
Batiyema
Batkanu
Batoma
Batoma
Batoru
Batpela
Batpo
Batpulun
Batsint
Battam Town
Batwoma
Baudu
Baula
Bauya
Bawa
Bawadu
Bawahun
Bawbaw
Baw-o-bu
Bawura
Bayama
Bedu
Bejorma
Beki
Beko
Bekolimri
Bekoro
Belbul
Bele
Belebu
Belebu
Belforia
Belibap
Belihu
Belihun
Beliya
Belor
Belu
Bembe
Bembebu
Bembelo Giema
Bembelo Glema
Bembelo Njala
Bembeya
Bembeyema
Bemebu
Bempa
Bena
Benalu
Bendehun
Bendia
Bendu
Bendu
Bendu
Bendugu
Benduhun
Benduma
Benduma
Benekoro
Benga
Bengani
Bengberia
Benge
Bengelo
Bengi
Bengomaia
Benguema
Bengwema
Benia
Benikoro
Benkai
Benke
Benkeh
Benkia
Benkisa
Benkisi
Benoko
Benti
Benyama
Beobu
Bepi
Bepon
Berebu
Berekhuri
Berembe
Berimbe
Besane
Besebu
Besenia
Beshebu
Betesu
Betesu
Bevehun
Bewobu
Bewobu
Beyama
Beyambu
Beyima
Biama
Bibodu
Biki
Bikidu
Bilafu
Bilasilaia
Bilo
Bimaso
Bimbaia
Bimbaiya
Bimbaya
Bimbi
Bina
Bindalahun
Bindi
Bindika
Bindohun
Binkolo
Binni
Biradu
Biribaia
Birimba
Birun
Bisao
Bisawo
Bisibu
Bith
Bitima
Blama
Blama
Boaboabu
Boabu
Boabu
Boaia
Boajibu
Boalakarafaia
Bobe
Bo
Bo
Bobobu
Bobobu
Bobo Gieya
Bobowahun
Bodu
Bogbema
Bogboabu
Bogema
Bohehun
Bohekema
Bohoi
Bohol
Bohun
Boikandu
Boisawlaw
Bokaria
Bokarikondea
Bokari Town
Bokeni
Boko
Bokolu
Bokuma
Boleyama
Bolia
Bolilahun
Bolilanun
Bololo
Boloma
Bolota
Boma
Boma
Boma
Bomahun
Bomaru
Bomatok
Bombadu
Bombalibana
Bombali
Bombe
Bombe
Bombe
Bomboafuidu
Bombo
Bombohun
Bombohun
Bomboima
Bom
Bomboma
Bomboma
Bomboru
Bomdei
Bomemahun
Bomia
Bomi
Bomna
Bomodia
Bomotoke
Bompetok
Bompeworo
Bomu
Bomuvulahun
Bonaia
Bondal
Bondama
Bondam
Bondayilahun
Bondayirahun
Bonde
Bondebu
Bondehun
Bondodu
Bondoma
Bondoma
Bondua
Bonekune
Bonga
Bongama
Bongama
Bonganema
Bongboma
Bongboru
Bongbu
Bonge
Bonge
Bongema
Bongere
Bo Ngieha
Bongka
Bongoadu
Bongo
Bongoia
Bongoma
Bongoya
Bonguema
Boni
Bonjema
Bonjema
Bonjeya
Bonka
Bonkamataka
Bonkiri
Bonkofoton
Bonkohun
Bonkomataka
Bonoyema
Bonth
Bonthe
Bontiwo
Bontiworo
Bopan
Bopo
Bopon
Borbana
Boria
Borobofu
Borokonko
Boronka
Boroso
Borwaila
Bosadu
Bosaia
Bosanda
Bosodu
Bosudu
Botima
Botiwa
Boto
Bouria
Bowahun
Bowama
Bowgere
Bowo
Bowobu
Boyago
Boyama
Boyama
Boyipie
Bradali
Bradford
Braia
Brama
Buabu
Buawola
Bubama
Bubania
Bubu Town
Bubuya
Buedu
Buelu
Bugami
Buguma
Buia
Bukema
Bukuya
Bulima
Bullom
Bululaminaia
Buma
Buma
Bumba
Bumban
Bumbande
Bumbanjia
Bumbe
Bumbe
Bumbe
Bumbeworo
Bumbeworo
Bumbo
Bumbolo
Bum
Bumbuna
Bumbunkoro
Bumbunkura
Bumoe
Bumpa
Bumpe
Bumpe
Bumpetok
Bumpetoke
Bumplol
Bunabu
Bunbande
Bundayirahun
Bunde
Bundema
Bundima
Bundobu
Bundobu
Bundoia
Bundukaw
Bundundo
Bunga
Bunge
Bungema
Bunguema
Bunguema
Bunjema
Bunjema
Bunkababi
Bunka
Bunti
Bunumbu
Bunumbu
Buobobo
Buobobu
Burahun
Buraia
Bure
Bure
Bure Town
Burie Town
Buru
Busu
Butehun
Buvehun
Buya
Buya
Buyama
Buyama
Buyebu
Buyegema
Buyehun
Bwaia
Bwango Town
Bwedu
Bwema
Calaba Town
Campbell Town
Charlotte
Chembu
Cher
Chesuadu
Chokolo
Cline Town
Coldbath Town
Cole Town
Congo
Cotton Tree
Daambu
Dablama
Dablama
Dabu
Dada
Dagbu
Dagure
Dahama
Dakadu
Dakaia
Dakanene
Dakaro
Dakaw
Dakokalia
Dakunaia
Dalmusaia
Dama
Damando
Damaworo
Damawuro
Dambaba
Damba
Dambadu
Dambalu
Dambara
Dambara
Dambo
Dambu
Dambu
Dandabu
Dandabu
Danda
Danda
Dandafara
Dandaia
Dandando
Dandaya
Dandebu
Dandegahun
Dandu
Dandu
Dangbwidu
Dankan
Dankankuma
Dankawali
Dankowolia
Dankwali
Dansadia
Dansaia
Darakuru
Dare
Dar-es-Salaam
Dar-es-Salaam
Dar-es-Salaam
Dar-es-Salam
Dar-es-Selaam
Darina
Daru
Dawa
Dawambu
Dawambu
Dawia
Dawule
Dawulema
Deadu
Deili
Deilo
Deima
Delken
Delkin
Demaboa
Dema
Dema
Demba
Dembema
Dendegahun
Dendehun
Dengedu
Denibe
Dentema
Denti
Depea Water
Devil Hole
Dewadu
Deyaw
Dia
Dia
Diama
Diamani
Diame
Diamei
Diamein
Dian Sokurela
Dibia
Dibia
Dibid
Dibo
Didia
Dige
Diima
Dikpaya
Dilma
Dina
Dindi
Dinga
Dintilipan
Dipala
Disa
Disalami
Diwa
Diyange
Dodo
Dodo
Dogema
Doijo
Dombadu
Domboma
Dombu
Domingo Farm
Domliyan
Domo
Dongowa
Donia
Doumbu
Dowoju
Dowoloma
Dowoma
Duago
Duako
Duako
Dubaia
Dublin
Dudia
Dugaia
Dugbema
Dugbudu
Dugulama
Dukono
Dukono
Duladi
Dulema
Dulipuibu
Dumagbe
Dumbaia
Dumbilibu
Dunamaro
Dunamo
Dunduko
Dunduwa
Dunemaro
Durukoro
Duvubu
Duvubu
Duwulema
Duya
Duyamahun
Eaiama
Eaiama
Egbema
Eneya
Faabu
Fabaina
Fabaina
Fabaina
Fabu
Factri
Fada
Fadu
Fadugu
Fafo
Fagoia
Fagona
Fagoya
Faiama
Faiama
Faikundo
Failahun
Faima
Fainda
Faindu
Fairo
Fa-iya
Fajkundo
Fakabai
Fakai
Fakai
Fakaisana
Fakina
Fakono
Fakor
Fakoro
Fakoya
Fakundija
Fakunding-ya
Falabadi
Falaba
Falaba
Falaba
Falabodi
Falabu
Fala
Fala
Falahun
Falo
Falu
Fana
Fanama
Fanda
Fandala
Fandehun
Fandu
Fangamadu
Fangoia
Fanima
Fanima
Fankaia
Fankama
Fankoya
Fanta
Fanye
Faragbema
Farakoro
Farama
Farandu
Farandugu
Farangbaya
Faransula
Farataw
Farawaro
Fasinaia
Fasonkodu
Fataba
Fatio
Fatori
Fauia
Fawaneemaa
Fayama
Fayima
Feba
Febana
Febena
Feja
Felnabalia
Fembedu
Fengehun
Fengka
Fenkembaia
Fensedu
Fentikhura
Fentikhuri
Feremabalia
Fernando Po
Fero
Fiama
Fiawo
Figi
Filina
Fimbadu
Fimbaia
Finabania
Fintibaia
Fintonia
Firawa
Firikaia
Fisher Lane
Foau
Fobu
Fodia
Fodi Town
Fogbanjo
Fogbanju
Fogbodu
Fogbo
Fo-gbo
Fogo
Foiboma
Foidu
Foimangadu
Foinba
Foinda
Foindu
Foindu
Foiya
Fokaw
Fola
Folima
Folima
Folodu
Folu
Folu
Fomadu
Fomaia
Fomaia
Fomaya
Fonaia
Fonayama
Fondokhuri
Fondu
Foniko
Fonima
Fonima
Foredugu
Fore
Foremoria
Foremusaia
Foria
Forikolo
Forobine
Forodugu
Forokoia
Fotani
Fotingaia
Foto
Fotori
Four Miles
Fowa
Fowaya
Foya
Foya
Foyama
Fransa
Freetown
Fuendo
Fuendo
Fuendu
Fuendu
Fuendu
Fuero
Fuhiko
Fuidu
Fukunba
Fula
Fulahun
Fulako
Fulaninahun
Fulatown
Fula Town
Fulawahun
Fulawahun
Fulewama
Fuliwama
Fulun
Fumbala
Fundo
Fundu
Fundusuma
Funeba
Funehun
Funemba
Fungia
Funihun
Funiko
Funima
Funkia
Funkia
Funkin
Funkio
Funknyin
Funkuya
Furia
Furibalia
Furikaria
Fusia
Futa
Futa
Futani
Futawahn
Futawahun
Futawoma
Fuyero
Gaahun
Gaama
Gabweba
Gafton
Gahun
Gaidehun
Gaigba
Gaigo
Gaioura
Gaivolu
Gajubaoma
Galahun
Galema
Galu
Galu
Gama
Gamayama
Gambia
Gando
Gandohun
Gandohun
Gandorhun
Gandorhun
Gangama
Gangama
Gangodu
Ganguhun
Ganjama
Ganya
Garahun
Garahun
Garama
Garinga
Garwama
Gaugba
Gavuyema
Gawmbu
Gawula
Gawura
Gawuyema
Gbaama
Gbaan
Gbabai
Gba
Gbahama
Gbahun
Gbaidu
Gbaikiya
Gbailo
Gbain
Gbaiya
Gbakilo
Gbakio
Gbalahun
Gbalan
Gbale
Gbalehun
Gbali
Gbaligbali
Gbalihun
Gbama
Gbama
Gbamani
Gbambaia
Gbambali
Gbambiadu
Gbampo
Gbamundu
Gbamusa
Gbamusu
Gbana
Gbana
Gbanahun
Gbanbalo
Gbandawo
Gbandidu
Gbandi
Gbandi
Gbandoma
Gbandorma
Gbandu
Gbane
Gbane
Gbane Loko
Gbanelol
Gbanfalo
Gbangadu
Gbangan
Gbangba
Gbangba
Gbangbaia
Gbangbaia
Gbangbama
Gbangbama
Gbangbanfira
Gbangbaro
Gbangbatok
Gbangbima
Gbangema
Gbangidu
Gbanguria
Gbaninga
Gbanjauma
Gbanka
Gbankan
Gbankona
Gbanti
Gbap
Gbap
Gbara
Gbarama
Gbarama
Gbaran
Gbaru
Gbasati
Gbashama
Gbasiakonke
Gbatawoma
Gbatema
Gbatema
Gbatodu
Gbaulahun
Gbawima
Gbawula
Gbeaia
Gbeaia
Gbeha
Gbehan
Gbeka
Gbekawraw
Gbekedu
Gbeko
Gbekpe
Gbela
Gbele
Gbeli
Gbema
Gbema
Gbemaia
Gbematambadu
Gbembo
Gbembu
Gbencha
Gbendela
Gbendema
Gbenderu
Gbenega
Gbengbabu
Gbengbebu
Gben
Gbensendo
Gbenti
Gbeorbu
Gberefi
Gberia Fotombu
Gberia
Gberia Timbako
Gberi
Gberi
Gberikoro
Gbero
Gberti
Gberu
Gbesebu
Gbese
Gbese
Gbese
Gbeseya
Gbesibu
Gbetema
Gbeteoma
Gbetewama
Gbetuma
Gbewama
Gbewebu
Gbiabu
Gbie
Gbiidala
Gbikundu
Gbilahun
Gbilmoko
Gbingbangordu
Gbin
Gbinti
Gbitima
Gbitma
Gbiton
Gbodu
Gbogboma
Gbogoboyan
Gbogonma
Gbogoroma
Gboidu
Gboifira
Gbokadu
Gbokulahun
Gbolia
Gbombana
Gbombo
Gbomei
Gbomuko
Gbonbomba
Gbonbondo
Gbondama
Gbondoru
Gbondu
Gbongba
Gbongbe
Gbongboma
Gbongboma
Gbongbondo
Gbongboru
Gbongboto
Gbonge
Gbonge
Gbongonko
Gbongoya
Gbonima
Gbonkobankala
Gbonkobe
Gbonkobon
Gbonko
Gbonko
Gbonkolah
Gbonkolal
Gbonkomakent
Gbonkomaria
Gbonkomayemi
Gbonkomayina
Gbonkomayira
Gbonkomipere
Gbonkompere
Gbonkopila
Gbonkopil
Gbonko Talia
Gbonkowili
Gbonumbu
Gboro
Gboyama
Gboyama
Gboyeiya
Gbuahun
Gbulia
Gbulum
Gbulun
Gbundapi
Gbungba
Gbungbuna
Gbunkuia
Gbuyama
Geblama
Gega
Gegbadu
Gegbwema
Gegwema
Gehama
Geiawahun
Gelahun
Geleblama
Gelehun
Gelehun
Geliama
Gema
Gembo
Gendema
Gendema
Gendema
Gendemwolo
Gendima
Gengema
Gepi
Gerehun
Gerehun
Gerema
Gerihun
Geringa
Gerlo
Gerroh
Geseihun
Gewajahun
Gewojahun
Gewojahun
Ghalahun
Giawama
Gibiabehun
Gibina
Gidani
Gieboya
Giebu
Giebu
Giegboia
Giegbolia
Gieha
Giehun
Giehun
Giema
Giema
Giero
Gieumba
Gieumbu
Giewabu
Giewahun
Giewoma
Gieya
Gigbema
Gigbema
Gihina
Giima
Gikon
Gilehun
Gilihun
Gilima
Gisiwulo
Gitani
Giwahun
Giyahun
Glaya
Gleya
Glima
Glinti
Gloucester
Gnanyahun Bulima
Gnanyahun
Gnanyahun Sawilla
Goabu
Goabu
Goahun
Goala
Goap
Gobahun
Gobi
Gobioma
Gobwebu
Godama
Goderich
Godiama
Godi
Godi
Godiwa
Godrich
Gofo
Gofor
Gogbebu
Gogehun
Go
Go
Gogwema
Gohuma
Gohun
Gokodu
Gokoma
Gokoro
Gokoru
Gola
Golahun
Golahun
Golala
Golala
Golalo
Golawahun
Golawoma
Golawoma
Golowahun
Golu
Goma
Gomahun
Gombahun
Gombohun
Gombu
Gomnaw Sembehun
Gomsua
Gondama
Gondama
Gondema
Gondima
Gondoma
Gong
Gonghu
Gongolo
Gongwa
Gonohun
Gonorhun
Goomadu
Goop
Gorahun
Gorahun
Gorahun Vaama
Gorahunwa
Gorala
Gorama
Gorapo
Gore
Gorehun
Gorewoma
Goriama
Gorokura
Goroya
Govokpahun
Goyama
Goyo
Gpa
Gpamgbauahun
Gpendeima
Gpoijaima
Gpowama
Gpowobu
Grafton
Grap
Great Scarcies
Grilahun
Grima
Grima
Grima
Guabu
Guabu
Guadu
Guagoma
Guala
Guama
Gubaru
Gubehun
Gugbebu
Guhao
Gumahun
Gumasa
Gumbukeima
Gurala
Gurubu
Guwobu
Hagbahun
Hagbantama
Hahun
Haila
Hake Town
Hamilton
Hangha
Hangiri
Hanjama
Hastings
Hegbema
Hegbwema
Helawa
Helegonba
Heligahun
Heligohun
Hemabu
Henan
Hendobu
Hendo
Herako
Herebu
Heremakono
Heremankono
Heviko
Hewebu
Hill Station
Hima
Hinan
Honayema
Hoya
Hubake
Humalahun
Humalanun
Hunkan
Igaia
Imperi
Irua
Jabama
Jabama
Jabama
Jabu
Jafuya
Jagandoma
Jagbabun
Jagbahun
Jagbahun
Jagbaihun
Jagbakahun
Jagbaka
Jagbea
Jagbema
Jagbewema
Jagbwema
Jagbwema
Jagbwemu
Jago
Jago
Jagundoma
Jahandama
Jahun
Jahun
Jaiahun
Jaiahun
Jaiama
Jaiama
Jaiama Nimiko
Jaiama Nimiyama
Jaigbahun
Jaiwulo
Jajubu
Jakama
Jalahun
Jala
Jalandama
Jalauhun
Jaliahun
Jalia
Jalihun
Jalihun
Jaluahon
Jaluahun
Jaluahun
Jalu
Jalwala
Jama
Jama
Jambailu
Jambohun
Jamboma
Jamesi
Jamiru
Jande
Jangalo
Janja
Jao
Jaomahun
Jarbarma
Jaro
Jawabundeima
Jawahun
Jawe
Jawe
Jawi
Jawor
Jawu
Jayahun
Jembe
Jembe
Jeme
Jeneh
Jene
Jene
Jeoma Jago
Jeoma
Jeoma
Jerihun
Jerihun
Jeru
Jibima
Jibima
Jijama
Jimi
Jioma
Jiyahun
Jiyanun
Jobanda
Joborhu
Jobu
Joe Fakai
Joei
Joe Town
John Obey
Johntop
Joi
Joioima
Jojohun
Jojohun
Jojoima
Jokibu
Jokibu
Jolohun
Jolomei
Jolu
Jombehun
Jombohun
Jombohun
Jombosin
Jomoihun
Jomu
Jomu
Jonbaba
Jongoba
Jopowahun
Jopowahun
Jopwahun
Joru
Jowi
Juhun
Jui
Juite Town
Jujuma
Juluahun
Juluahun
Juma
Juma
Jumbu
Jummu Town
Jumu
Junctuela
Jungalau
Juring
Jurma
Jurung
Juwema
Kaado
Kabaia
Kabaidu
Kabaima
Kaba
Kabaka
Kabake
Kabala
Kaballa
Kaban
Kabanka
Kabara
Kabari
Kabate
Kabati
Kabat
Kabawana
Kabawana
Kabenda
Kabengu
Kabere
Kabiama
Kabo
Kabonka
Kabonke
Kabuita
Kabu
Kabunga
Kabuya
Kadagbana
Kadaina
Kadala
Kadanda
Kadando
Kadankan
Kadanso
Kadansu
Kadina
Kadu
Kafaidu
Kafa
Kafogo
Kafu
Kafukuta
Kafunka
Kagbadu
Kagbane
Kagbanga
Kagbangona
Kagbanka
Kagbanlama
Kagbantama
Kagbari
Kagbeden
Kagbeia
Kagbeli
Kagbema
Kagberi
Kagbete
Kagbeti
Kagbindi
Kagbodo
Kagbo
Kagboma
Kagbonka
Kagboto
Kagbulo
Kagbumbo
Kagbungbaw
Kagbunko
Kagbwama
Kagbwema
Kaia
Kaifindu
Kai
Kaikudu
Kailahun
Kailahun
Kailankoro
Kaimbadu
Kaimbaitohun
Kaimblama
Kaimbo
Kaina
Kaine
Kainfodu
Kainke
Kainkorda
Kainkordu
Kaipo
Kaisoko
Kaito
Kaiya
Kajalu
Kaka
Kakama
Kakanda Town
Kakande
Kakanu
Kakaratamba
Kakarima
Kakayu
Kakeako
Kakeko
Kakhei
Kakia
Kakogboma
Kakonki
Kakonri
Kakonta
Kakonti
Kakoya
Kakoyiehun
Kakpadu
Kakpwema
Kakuna
Kakutan
Kalahun
Kalakera
Kalamaro
Kalanga
Kalangba
Kalangla
Kale
Kalenke
Kalia
Kalia
Kalia
Kaliere
Kalifaiya
Kali
Kalikhuri
Kalimaia
Kalimata
Kali Town
Kaliyiri
Kalkoia
Kalmaro
Kalmoro
Kalu
Kalu
Kalumbi
Kamabai
Kamaba
Kamadonkea
Kamadugu
Kamadugu Sokurela
Kamadu
Kamaharin
Kamaima
Kama
Kamakonta
Kamakwie
Kamala
Kamalan
Kamalo
Kamalo
Kamalon
Kamalu
Kamalu
Kamandi
Kamandu
Kamange
Kamanka
Kamapodu
Kamaranka
Kamara Town
Kamareki
Kamaro
Kamaron
Kamasapi
Kamasiki
Kamaso
Kamasori
Kamasu
Kamasu
Kamasundo
Kamasundu
Kamasundu
Kamasu-Tanineba
Kamata
Kamatereh
Kamatipa
Kamatogu
Kamato
Kamato
Kamauna
Kamayen
Kambabai
Kambaia
Kambaia
Kamba
Kamba
Kambalia
Kambalo
Kambalu
Kambama
Kambama
Kambana
Kambaya
Kambema
Kambeyama
Kambiadi
Kambia
Kambia
Kambitambaia
Kambodu
Kamboli
Kamboma
Kamboma-Mamayema
Kambotok
Kamem
Kamendugu
Kamengodu
Kamera
Kamero
Kamiendo
Kamiendu
Kamirindugu
Kampan
Kampedi
Kampudi
Kamrabai
Kanama
Kandagbe
Kandaia
Kandambaya
Kanderena
Kandilo
Kando
Kandu
Kanebo
Kaneia
Kangahun
Kangahunworo
Kanga
Kanga
Kangama
Kangama
Kangasa
Kangatoto
Kangbaro
Kangbe
Kangbwema
Kangordu
Kania
Kania
Kania
Kanigba
Kanijalu
Kani
Kanike
Kanipo
Kaniva
Kanjadu
Kanjahun
Kanjalu
Kanjowola
Kankaia
Kanka
Kankorobaia
Kankr
Kankwia
Kansabalia
Kantaia
Kantia
Kantine
Kantiri
Kantirina
Kanwaya
Kapaira
Kapandakadu
Kapete
Kapeti
Kapitel
Kapoto
Kaprsanka
Kaprsira
Karafafinaia
Karafaia
Karafasani
Karafili
Karakana
Karakawa
Karamon
Karandugu
Karangawa
Karasa
Kargbo
Karima
Karimbu
Karim
Karina
Karine
Karinta
Karsarai
Karvuama
Kasadu
Kasafoni
Kasakundi
Kasama
Kasan
Kasanko
Kasansa
Kasasi
Kase
Kasema
Kasengbe
Kasenpon
Kasewe
Kasi
Kasikhuri
Kasikoia
Kasikoro
Kasine
Kasipota
Kasiri
Kaso
Kasokira
Kasompona
Kasongha
Kasse
Kassiri
Kasuan
Kasunia
Kataiama
Kataiku
Kataima
Kata
Katakera
Katala
Katamban
Katambo
Katankina
Katanta
Kategian
Kate
Katema
Katena
Katene
Katengbe
Kathin
Katifon
Katikin
Katik
Katima
Katima
Katimbo
Katin
Katinta
Katiri
Katoina
Katomahun
Katoma
Katoma
Katombo
Katonga
Katonta
Katribana
Katta
Katumpu
Katu Town
Kawaia
Kawais
Kawa
Kawala
Kawama
Kawana
Kawaya
Kawbana
kawboli
Kawere
Kawla
Kawoma
Kawono
Kawria
Kawungulu
Kayako
Kayasi
Kayele
Kayenge
Kayima
Kayimbo
Kayinda
Kayonkuya
Kayungbula
Keama
Keama
Keba
Kebaluahun
Kebawana
Kebawana
Kebbie Town
Keche
Kegbema
Kegbolia
Keiga
Keika
Keimadugu
Kekeya
Kelei
Kemaia
Kemantandu
Kemasoko
Kembadu
Kemoru
Kemosaia
Kena
Kendea
Kendembia
Kendiama
Kendima
Kenema
Kenema
Kenema
Kenenday
Kenewa
Kenewa
Kengesi
Kengudu
Kenjama
Kenkeli
Kenkowakoro
Kensekoro
Kensuya
Kente
Kent
Kenyema
Kenyema
Kepu
Keradugu
Kerebu
Keredu
Kerife
Kerry Town
Ketar
Ketelle
Ketuma
Ketuma
Kewulia
Keyehun
Keyenhun
Kiagbasima
Kiambe
Kiampudi
Kianfil
Kichom
Kichum
Kiehom
Kiehuk
Kigbai
Kigba
Kigbal
Kigbal
Kigbema
Kigbie
Kikina
Kila
Kileia
Kilela
Kilitewondi
Kimbima
Kindea
Kindea
Kindema
Kindia
Kindia
Kingimadu
Kinse
Kipimp
Kipulun
Kiragba
Kiragbé
Kiriborodugu
Kiridu
Kirima
Kisama
Kisene
Kisewa
Kisia
Kisi
Kisiwuru
Kisoni
Kissi
Kissi Town
Kissy
Kita
Kitenti
Kitite
Kitoma
Kitonki
Kitori
Kline Town
Knewa
Koadima
Koafuni
Koardu
Kobaia
Koba
Koba
Kobali
Koboia
Kobo
Kobotu
Kobu
Kobumpe
Kobundala
Kodia
Kodibu
Kodu
Koema
Kofima
Kogboma
Kogbotima
Kogbwendehun
Koidu
Koijei
Koila
Koinadugu
Koindu
Koindu
Koinende
Koining
Koiva
Koiyima
Kokero
Koker Town
Kokoma
Kokoru
Kola Town
Kola Tree
Koldu
Koleine
Kolia
Koliayama
Kolifa
Kolima
Kolisoko
Kolobengu
Kolujehun
Komadu
Komaia
Koma
Koma
Komando
Komandu
Komao
Komaru
Komau
Kombadugu
Kombaia
Kombandu
Kombeima
Kombema
Kombile
Kombilema
Kombilema
Kombilima
Kombolkaya
Komboma
Komboria
Komboya
Kombundu
Komende
Komende
Komende Luyama
Komende-Luyama
Komendi
Komendinja
Komima
Komiyehun
Komohun
Komoia
Komolu
Komonia
Komraba
Konabe
Konabu
Konabu
Konakridee
Konakri
Konbilima
Konda
Kondama
Kondayama Junction
Kondea
Kondea
Kondebotihun
Kondebu
Kondelema
Kondema
Kondembaia
Kondewakoro
Kondia
Kondiama
Kondibu
Kondibu
Kondiea
Kondigbama
Kondita
Kondokuba
Kondoma
Kondoma
Kondu
Konduwahun
Konehun
Konehun
Konela
Konelo
Konendu
Kongabahun
Kongama
Kongbama
Kongboma
Kongodako
Kongoife
Kongo
Kongo
Kongoma
Kongopa
Kongorma
Kongowakoro
Konia
Konia
Konia
Koni
Konima
Konima
Konima
Konja
Konjekehun
Konjokehun
Konjo
Konkan
Konkoako
Konkoba
Konkofinja
Konkohun
Konkoia
Konko
Konkombadu
Konkonani
Konkorako
Konkor
Konkowakoro
Konkoworo
Konkoya
Konno Town
Konohun
Konokude
Konolo
Kono Town
Konovulahun
Konovulahun
Konsirefe
Konsoya
Kontabana
Konta
Konta
Konta
Kontakuma
Konte
Konte
Konto
Konyeko
Kopama
Kopoto
Koribundu
Korjehun
Korkorti
Korma
Korodiakoro
Korodu
Koroma
Korosa
Korrata
Kortimaw
Kortright
Kosima
Kosongudu
Kossoh Town
Kosso Town
Kotela
Kotia
Kotifon
Kotobu
Kotohun
Kotohun
Kotohun
Koto
Kotolon
Kotomahun
Kotomahun
Kottopema
Kotumahun
Kotuma
Kotuyama
Kouma
Kovehun
Kowa
Kowama
Kowehun
Kowubu
Koya
Koya
Koyama Bulima
Koyama Jego
Koyama
Koyama
Koyandu
Koyehun
Koye
Koye
Koyema
Kpadu
Kpafaia
Kpakabu
Kpakadu
Kpakayema
Kpakru
Kpaku
Kpakuma
Kpakuyama
Kpama
Kpandabu
Kpandakadu
Kpandebu
Kpandema
Kpandobu
Kpandobu
Kpandoma
Kpandu
Kpangadu
Kpangba
Kpangbani
Kpangiema
Kpanjala
Kpanpanbu
Kpanyoma
Kpaoga
Kparu
Kpasabu
Kpasambu
Kpasumba
Kpatadu
Kpatewoma
Kpatobu
Kpawula
Kpawura
Kpayamalu
Kpaye
Kpefe
Kpeima
Kpeko
Kpekoro
Kpemadu
Kpema
Kpemalu
Kpendema
Kpendima
Kpetema
Kpeteoma
Kpetewoma
Kpeyama
Kpeyima
Kpolia
Kpombu
Kponima
Kponkpona
Kponkponto
Kponporu
Kposso
Kpou
Kpowubu
Kpowuibu
Kpuawala
Kpubu
Kpukema
Kpumbu
Kpuwuta
Kruto
Kubake
Kubong
Kudu
Kuelo
Kufkaw
Kufune
Kufuru
Kugbahun
Kugbao
Kugbun
Kuidu
Kuikonki
Kuinuntambaia
Kuiva
Kukubu
Kukudu
Kukuna
Kulako
Kulakoya
Kulanko
Kulawulia
Kulero
Kulia
Kulia
Kuligbe
Kulioia
Kulkos
Kulubema
Kulufaga
Kumala
Kumandu
Kumantandu
Kumba
Kumbavulahun
Kumbuma
Kumbwema
Kumende
Kumidagi
Kumnabai
Kumrabai
Kumrabai
Kumrabai Mamila
Kumrabai Matuko
Kumrabai Yoni
Kumrabi
Kumunkalia
Kumunkhuri
Kumuntambaia
Kunaka
Kunao
Kundaia
Kundaima
Kundakura
Kundawma
Kundehun
Kunderwahun
Kundiama
Kundima
Kundiu
Kundiyama
Kundobi
Kundo
Kundoma
Kundorwahun
Kundowahun
Kundowahun
Kundubi
Kundudu
Kunduko
Kundu
Kunduma
Kundundu
Kundunkonko
Kungamadu
Kungbania
Kungu
Kunia
Kuniki
Kunjogiehun
Kunjo
Kunjondoma
Kunju
Kunkura
Kunkuwaraw
Kunshu
Kunso
Kunsuta
Kuntaia
Kunta
Kunte
Kunuyema
Kunya
Kunyindo
Kupr
Kupru
Kuradara
Kuraka
Kurako
Kurako
Kurakoro
Kuranko
Kuranko
Kurankoya
Kuratuyila
Kurekunema
Kuria
Kurubonia
Kurubonla
Kuru
Kurukuru
Kurumando
Kurumbaia
Kurumbunia
Kurundo
Kurun
Kutakalia
Kutala
Kutan
Kutima
Kutohun
Kutr
Kuyadu
Kuyi
Kwaje
Kwako
Kwakuma
Kwalu
Kwama
Kwango
Kwaoma
Kweko
Kwelo
Kwelu
Kwelu
Kweo
Kwidadu
Kwiko
Kwikuma
Kwiva
Kychom
Laa
Labiama
Lablama
Lagbalu
Lago Junction
Lago
Lago
Lago
Lah
Lahun
Lahun
Laia
Laiama
Laiehun
Laimbema
Lajelahun
Lakka
La
Lalehun
Lambo
Laminaia
Laminia
Lanakoro
Langrama
Lankono
Lansanabalia
Lansar
Lansetee
Lantibul
Laoma
Laoma
Laowa
Largo
Lasaru
Lat
Latu
Lawa
Lawalu
Lawana
Lawmpa
Lebema
Legbela
Leicester
Leicester
Lekpeyama
Lembema
Lembilema
Lembilema
Lembima
Lenbo
Lengekoro
Leng
Leni
Lenkenboli
Leobengu
Lepallu
Lero
Levuma
Levuma
Levume
Levumu
Liange
Libi
Liia
Likono
Lileima
Lilema
Lilema
Lilia
Limayema
Limayema
Limba
Lime
Limri
Litia
Logbana
Lokaju
Lokko Town
Loko Fakai
Loko
Lokomasama
Lolu
Lomabu
Loma
Lomboko
Londila
Londoma
Londoma
Lopa
Lopa
Loponga
Lorlu
Lotahun
Lottu
Lotu
Lowana
Lower Allen Town
Lower Moyamba
Lower Saama
Lower Sama
Loweya
Luawa
Lugi
Luguema
Lumbebu
Lumbelebu
Lumgba
Lumley
Lumpa
Lundila
Lundilo
Lungai
Lungi-Lol
Lungi
Lungi
Lunguri
Lunsar
Lunseni
Luria
Luseni
Luvulu
Luwulu
Mabafet
Mabaikuli
Mabai
Mabaime
Mabaine
Mabaio
Mabake
Mabaki
Mabala
Ma-bala
Mabama
Mabamba
Mabambi
Mabamp
Ma-bampo
Mabanda
Ma-bangba
Mabange
Mabanglol
Mabang
Mabang
Mabangura
Mabankara
Mabankita
Mabankra
Mabansa
Mabansi
Mabanta
Ma-baola
Mabar
Mabasia
Mabasi
Mabata
Mabaya
Mabebana
Mabeki
Ma-bekke
Mabeko
Mabembadama
Mabendi
Mabendo
Mabendu
Mabente
Maberi
Mabero
Mabete
Mabidungung
Mabilebana
Mabilé
Mabing
Mabin
Mabinti
Mabireka
Mabiri
Maboala
Maboana
Maboboi
Mabobo
Mabobo
Maboima
Maboka
Mabokari
Mabole
Mabolu
Mabombo
Mabombo
Mabom
Mabompa
Mabona
Mabona
Mabonde
Mabonge
Maboni
Maboni
Mabonkai
Mabonka
Mabonkaw
Mabonkise
Mabonto
Mabora
Mabore
Maboro
Mabot
Mabourka
Mabua
Mabua
Mabugoli
Mabum
Mabundulai
Mabundu
Mabundunga
Mabunko
Mabunsa
Mabunt
Mabunyele
Maburagwa
Mabura
Mabure
Maburkise
Mabuya
Macdonald
Macdonald Wharf
Machan
Machebil
Machugu
Macroba
Madala
Madama
Madeira
Mademokai
Madete
Madibi
Madif
Madik
Madima
Madina
Madina
Madina
Madina Taninahun
Madine
Madogbo
Madonke
Madu
Madura
Mafabani
Mafala
Mafan
Mafanta
Mafare
Mafari
Mafatike
Mafe
Mafemgbe
Mafenda
Mafengbe
Mafengbi
Mafengeri
Mafenti
Mafidu
Mafilaferiya
Mafila
Mafile
Mafina
Mafindo
Mafinta
Mafokoya
Ma-fola
Mafonike
Mafonike
Mafore
Maforika
Mafori
Mafoye
Mafufie
Mafufune
Mafufure
Mafuis
Mafulaka
Mafulata
Mafulumu
Mafumgbe
Mafunde
Mafurabi
Mafure
Mafurifi
Mafuri
Mafuri
Mafutike
Magbadu
Magbafat
Ma-gbafti
Magbakan
Magbakre
Magbakwal
Magbala
Magbama
Magbambo
Magbanabum
Magbanapoli
Magbanasatia
Magbanawil
Magbane
Magbankita
Magbankori
Magbanku
Magbanonko
Magbansaw
Magbant
Magbanto
Magbapsa
Magbare
Magbasia
Magbas
Magbema
Magbema
Magbenbe
Magbende
Magbengba
Magbengbe
Magbeni
Magbenka
Magbenkebe
Magbenki
Magbenkiti
Magbenta
Magbesebana
Magbese
Magbese
Magbeti
Magbeu
Magbila
Magbile
Magbili
Magbingbi
Magbiti
Magbogba
Magboima
Magbokai
Magboke
Magboki
Magboko
Magbokwaw
Magboloko
Magbolo
Magbolonto
Magbondo
Magbonka
Magbonto
Magboronga
Magbosi
Magbugu
Magbuna
Magbundo
Magbune
Magbungi
Magbung
Magbuntubana
Magbuntukali
Magbuntuso
Magburaka
Magburkise
Magburuka
Magbuyu
Magbwama
Magbwama
Magbwema
Magbwema
Magbwema
Maghere
Magihun
Magoma
Magona
Magonda
Mahai
Mahakoi
Maha
Mahari
Mahela
Mahera
Mahia
Mahinti
Mahoma
Mahomu
Mahoni
Mahumbu
Mahun
Mahun
Maiafuri
Maidu
Maike
Maikodu
Mai
Maima
Maiogbo
Maipeko
Maiyamba
Maiyanko
Maiyata
Maiyemberi
Maiyinde
Majackson
Majebu
Majehun
Majiebu
Majihun
Majihun
Majundu
Majundu
Makaba
Makabi
Makabi
Makabi
Makabo
Makabu
Makada
Makadu
Makagbo
Makago
Makaia
Makaiba
Makaimaia
Makai
Makaima
Makaita
Makakamor
Makakmor
Makako
Makakura
Makala
Makalanka
Makali
Makali
Makalimu
Makalkump
Makaloi
Makalpati
Maka
Maka
Maka
Makama
Makamba
Makambi
Makambisa
Makambo
Makambori
Makambri
Makanbu
Makande
Makane
Makanigba
Makaniko
Makani
Makankoi
Makanre
Makanshan
Makanshu
Makapr
Makarabai
Makarambe
Makaranki
Makare
Makari
Makarmbe
Ma-karrifon
Makasa
Makase
Makasi
Makawgo
Makawmok
Makawta
Makayoni
Makeha
Makehe
Makeh
Makekaw
Makeku
Makekura
Makele
Makelfa
Makelma
Makema
Makem
Makemoko
Makena
Makende
Makenendi
Makeni
Makenke
Makenkin
Makenti
Makent
Makera
Makerembe
Makerifi
Makeri
Makerimbe
Makeson
Maketane
Makete
Maketika
Maketi
Makiabin
Makihe
Ma-kimba
Makimo
Making
Makinki
Makire
Makiribo
Makite
Makma
Makoande
Makobabana
Makoba
Makoba
Makobi
Makobolo
Makobo
Makobonko
Makoen
Ma-koi Lunga
Makoi
Makoini
Makokoi
Ma-koko
Makola
Makoli
Makolio
Makolo
Makolo
Makolu
Makoma
Makoma
Makomba
Ma-komba
Makombaw
Makombe
Makombi
Ma-kombi
Makombo
Makombo
Makombom
Makombon
Makombu
Makomo
Makona
Makondo
Makondu
Makongbi
Makong
Makoni
Makonkari
Makonkodu
Makonko
Makonko
Makonkoma
Makonkubo
Makonkuri
Ma-konkwe
Makonon
Makonta
Makontebana
Makonte
Ma-konte
Makonti
Makonto
Makora
Makore
Makorgba
Makor
Makorogbo
Makoro
Makoro
Makot
Makoto
Makoya
Makpele
Makpintaw
Makpr
Makrombo
Makrombom
Makrugba
Makrugbe
Makuful
Makuli
Makulon
Makuma
Makumba
Makumba
Makumbolol
Makumbo
Makumine
Makumpa
Makumpan
Makumpan Tadi
Makump
Makumre
Makumri
Makuna
Makundi
Makundu
Makunto
Makure
Makurubulai
Makuseri
Makut
Makwali
Makwie
Makwi
Malaforia
Malahaisoko
Malahiri
Malai
Malako
Malal
Malama
Malambe
Malamina
Malamine
Malamino
Malancho
Malanga
Malanko
Malap
Malegbe
Malegbema
Malehun
Male
Male
Malema
Malema
Malempa
Malempeh
Malengben
Maleni
Malia
Malie
Maligia
Maligu
Malikia
Mali
Malima
Malimba
Malimp
Maloge
Malogo
Maloko
Malomai
Maloma
Malomei
Malon
Malonta
Malua
Malulom
Ma-lumbe
Malumpa
Malumpo
Mamabu
Mamaha
Mamah
Mamah Town
Mamaka
Mamako
Mamaliki
Mamana
Ma-mange
Mamanki
Mamankuro
Mamano
Mamansu
Mamara
Mamara
Mamaria
Ma-mari
Mamasa
Mamaso
Mama Town
Mamawa
Mamawa
Mamaya
Mambadia
Mambayema
Mambia
Mambodu
Mamboima
Mamboima
Mamboi
Mambola
Mambolo
Mamboma
Mamboma
Mambo
Mambuya
Mambwema
Mamela
Mamentia
Mamesefe
Mami
Mamina
Mamiri
Mamonda
Mamudia
Mamu
Mamu
Mamunde
Mamunta Kasete
Mamunta
Mamuria
Mamuri
Mamusa
Mamuta
Manahun
Manahun
Manaiyepe
Ma-nalo
Manami
Manandi
Manane
Manangbe
Manangpe
Mananki
Manankon
Manasi
Mandahun
Mandehun
Mandema
Mandia
Mando
Mando
Mandoworo
Mandulawahun
Mandu
Mandu
Manduvulabun
Manduvulahun
Manduyulahun
Mane
Manere
Manewa
Manfi
Mangadantilia
Mangadu
Mang-aibe
Mangama
Mangara
Mang-ata
Manga Tambaia
Mange
Mange
Mangeme
Mangi
Mangobo
Mangobu
Mango
Mangoni
Mangowka
Manguama
Mangugbe
Mania
Mania
Manihun
Manika
Maniki
Manima
Mani
Mani
Manina
Maninki
Manjabai
Manjamadu
Manjama
Manjama
Manjawo
Manjehun
Manjehun
Manjema
Manjulu
Mankaia
Mankaia Wharf
Mankala
Mankane
Mankara
Mankard
Mankaw
Manke
Mankene
Mankibana
Manki
Mankomba
Mankombe
Mankore
Mankorokoro
Manlokoko
Mano-Bonjema
Mano Bunjema
Mano-Gieha
Mano-Katuhun
Mano-Kotuhun
Mano-Kpende
Mano
Mano
Mano
Mano
Manomenima
Manomoia
Manonko
Mano Pende
Mano Pendobu
Mano Salija
Manowa
Manowa
Manow
Manoworo
Manoworo
Manowuro
Mansiraia
Mansofinia
Mansonia
Manson
Manta
Manterema
Manteremu
Manyaga
Manyako
Manye
Manyoro
Mapagbo
Ma-paira
Mapaki
Mapamant
Mapankili
Mapanmow
Mapansan
Mapanwom
Mapeki
Mapeles
Mapella
Mapema
Mape
Mapila
Mapiret
Mapita
Mapite
Maplete
Mapoima
Mapoli
Mapololom
Mapololon
Mapolo
Mapore
Maposo
Mapota
Mapotee
Mapotolon
Maprakuri
Maproto
Mapuma
Mapumanobuma
Ma-pumpuni
Mapuntu
Maputi
Maraka
Marako
Mara
Mara
Marampa
Maramu
Mareke
Marena
Marenka
Marenkaw
Marepe
Maria
Marifa
Marilia
Marimaia
Marima
Marimbi
Marimbu
Marko
Maronko
Maron
Maroto
Martin
Maruba
Marunia
Marunku
Marusia
Mary Wharf
Masaba
Masabangpil
Masabi
Masabom
Masabong
Masadugu
Masadukoro
Masadukura
Masafita
Masagbe
Masagbul
Masagpa
Masaha
Masahi
Masahun
Masahun
Masaka
Masakon
Masakpa
Masakpi
Masaktaba
Masakundu
Masalpe
Masalu
Masalun
Masama
Ma-samana
Masa
Masamboi
Masam
Masampa
Masamu
Masamwa
Masana
Masanasi
Masanda
Masandi
Masandu
Masanga
Masang
Masanka
Masankere
Masanki
Masanki
Masankin
Masankori
Masankoro
Masan
Masantigi
Masantigi
Masao
Masapi
Masaru
Masasa
Masatiamama
Masati
Masatjamama
Masau
Masauur
Masayama
Masayema
Masebali
Masebe
Masegea
Masei
Maseka
Masekere
Maseki
Maseku
Masele
Maseli
Ma-selo
Masembe
Masena
Masene
Masengbe
Masenkan
Masenkeni
Masepena
Masepina
Maseri
Masesay
Masesebe
Masete
Masetle
Masewa
Mashebra
Ma-shewore
Masibi
Maside
Masifsif
Masima-Kani
Masima
Masimaw
Masimbara
Masimera
Masimo-Kani
Masimo
Masimora
Masindi
Masindugu
Masine
Masine
Masingbe
Masingbi
Masinka
Masinkotaw
Masinkpi
Masint
Masipema
Masipo
Masipr
Masira
Masire
Masisa
Masisi
Masitaha
Masobai
Masogo
Masokobi
Masoko
Masokori
Maso
Masom
Masong-a
Masongo
Masori
Masosingbi
Masoya
Masoyila
Massen
Massulimani
Massu
Masuba
Masugbe
Masulimani
Masulinki
Masumanakole
Masumana
Masumankole
Masumarandugu
Masu
Masumbala
Masumba
Masumbiri
Masunbum
Masunbun
Masundu
Masungbo
Masungbun
Masunkari
Masunku
Masuntu
Masurakata
Masuri
Ma-suri
Masuri
Ma-suri
Masurite
Masuworo
Ma-swar
Matadi
Matagema
Matai
Mataine
Mataine
Matakahun
Mataka
Matakan
Matak
Matale
Matal
Matama
Matama
Mata
Matambakonte
Matamba
Matam
Matamp
Matandoko
Matankaw
Matanko
Matanok
Matanta
Matapi
Matara
Mataska
Matawn
Matebe
Mateboi
Matedi
Mategbema
Matehun
Mateima
Matei
Matekere
Mateli
Mate
Matempe
Matene
Matenemoi
Matenki
Maten
Matenomi
Matepoma
Mateti
Matibo
Matidinga
Matikili
Matimba
Matimeli
Matim
Ma-Tinde
Ma-tindi
Matinka
Matinke
Matinta
Matiri
Matisaw
Matobon
Matogo
Matoi
Matoir
Matoko
Matoli
Mato
Matombo
Matombo
Matongbai
Matongu
Matonko
Maton
Matope
Matopi
Matorgo
Matotaka
Matoto
Matru
Matru
Matsetle
Mattr
Mattru
Mattru
Matufuri
Matugutera
Matui
Matuka
Matukin
Matuk
Matuko
Matuku
Matula
Matula
Matumba
Matumbu
Matumkara
Matunka
Matunkaraboi
Matunkara
Matunko
Matura
Matwa
Maundu
Ma-Uzni
Mawabul
Mawaia
Mawala Katante
Mawanka
Mawdia
Mawduku
Mawil
Mawoma
Mawono
Mawore
Mawor
Maworna
Maworoko
Mawoso
Mawoto
Mawoto
Mawria
Mawruku
Mawujo
Mawuluman
Mawure
Mayafendi
Mayagba
Mayaia
Mayaki
Mayalunka
Mayambafona
Mayamba
Mayambaworo
Mayanki
Mayanku
Mayan
Mayarakabi
Mayarebo
Mayaso
Mayata
Mayawke
Mayawlaw
Mayawma
Mayawso
Mayehe
Mayeke
Mayela
Mayemberi
Mayemberi
Mayemberi Tendokom
Mayemi
Mayengbema
Mayengbe
Mayengema
Mayenkineh
Mayeno
Mayepema
Mayera
Mayeriba
Mayesl
Mayetedi
Mayimbo
Mayinda
Mayine
Mayinka
Mayira
Mayirima
Mayobi
Mayogbo
Mayoko
Mayola
Mayolo
Mayoma
Mayombo
Mayom
Mayomra
Mayongoba
Mayonkoli
Mayopo
Mayora
Mayorba
Mayoro
Mayototo
Mayubu
Mayumbo
Mayunto
Mayutai
Mbaoma
Mbaoma
Mbauma
Mbelebu
Meama
Meboyama
Medina-Dula
Medina-Oula
Medu
Meema
Megi
Meilo
Melama
Melebum
Melika
Melikhuri
Meliko
Melikuri
Melikuru
Melima
Mema
Memesea
Mendama
Mendegerem
Mendekelema
Mende Kelema
Mendekelema
Mendema
Mende
Mende
Mende
Mendetown
Mendewa
Menika
Menima
Mesa
Mesandankude
Mesima
Mesima
Metamp
Meyama
Miami
Middle Town
Mieta
Miligi
Miliki
Mina
Mindia
Mindohun
Minti
Mintomo
Mirahun
Mirimboe
Misadu
Mishon
Misiba
Misilaia
Misila
Misila
Misila
Mobaikura
Mobai
Mobai
Mobaiwa
Mobang
Mobasi
Mobavi
Mobeki
Mobela
Mobele
Mobe
Mobiakefi
Mobiko
Mobin
Mobobu
Mo-bokari
Mobonda
Moboso
Mobunji
Mobunu
Mobure
Moburi
Mochach
Mocharch
Mochas
Mochebil
Modagba
Modavis
Modenkema
Modiya
Modogbo
Modrisa
Modukkor
Modurobu
Modurubu
Mofanthane
Mofengari
Mofengeri
Mofindo
Mofindo
Mofino
Mofombu
Mofos
Mofoyo
Mofumba
Mofure
Mofwe
Mogbago
Mogbaihita
Mogbaiima
Mogbain
Mogbako
Mogbambo
Mogbamu
Mogbanaboi
Mogbanasatia
Mogbandi
Mogbando
Mogbangumba
Mogbap
Mogbaseke
Mogbasike
Mogbasiki
Mogbei
Mogbembo
Mogbembu
Mogbem
Mogbe
Mogbencha
Mogbende
Mogbendu
Mogbenje
Mogben
Mogbese
Mogbetu
Mogbevo
Mogbewa
Mogbewo
Mogbintimi
Mogbisi
Mogbodo
Mogbo
Mogbomo
Mogbovu
Mogbowu
Mogbum
Mogbumn
Mogbundu
Mogbun
Mogbuya
Mogbwama
Mogbwe
Mogbwemo
Mogibisi
Mogona
Mogongbe
Mogoviwa
Mogumgbe
Mohera
Mohite
Mohuwa
Moia
Moimada
Moimadu
Moimardu
Moi
Moindema
Moindu
Moindu
Mojajua
Mojohnson
Mojoka
Mojombo
Mojusu
Mokaba
Mokabanda
Mokabi
Mokaima
Mokaipi
Mokaisumana
Mokalikut
Mokamba
Mokambebome
Mokanagbo
Mokana
Mokanasi
Mokande
Mokande
Mokando
Mokango
Mokankre
Mokasi
Mokawa
Mokea
Mokebe
Mokebi
Mokebi
Mokegbe
Mokehe
Mokele
Mokele
Mokelle
Mokelpe
Mokende
Mokenewa
Mokengi
Mokeni
Mokepi
Mokera
Mokerifuma
Mokewa
Mokime
Mokiri
Mokit
Mokoba
Mokobo
Mokohun
Mokoli
Mokolo
Mokombe
Mokombi
Mokombo
Moko
Mokonbeti
Mokonde
Mokone
Mokonia
Mo-konkodu
Mokonowa
Mokonvandi
Mokore
Mokori
Mokota
Mokoti
Mokpandimo
Mokumbara
Mokurigbe
Mokusi
Mokus
Molaga
Molain
Molakul
Molamina
Molango
Molankono
Molemu
Molunia
Momaia
Momajo
Momaligi
Momal
Momana
Momange
Mombawa
Momengi
Momi
Momodumaria
Momoria Badela
Momoria Bedela
Momoria
Momorimaria
Mo-morlai
Monaia
Mondeko
Mondema
Mondema
Mondoko
Mondo
Mondo
Mondoya
Monga
Mongawo
Mongaworo
Mongeri
Mongeri
Mongeriwo
Mongeriworo
Mongheri
Mongokiri
Mongonbuh
Mongongon
Mongoro
Mongri
Mongutu
Moniambe
Monjalo
Monjama
Monjema
Monjigba
Monjobo
Monjobu
Monkoi
Monunk
Monunko
Monyan
Moogiba
Mopalma
Mopalmer
Mopani
Mopende
Mopendi
Mopile
Mopiye
Morbigema
Mordia
Moria
Moria Sokurela
Moribaia
Moribia
Morigbaia
Morigbedu
Morikpandidu
Moritown
Moriya
Morka
Moroso
Mortema
Mosadugu
Mosagbe
Mosago
Mosaipe
Mosako
Mosala
Mosampo
Mosanasi
Mosanda
Mosandi
Mosando
Mosangawo
Mosanjo
Mosankon
Mosankun
Mosan
Mosapbo
Mosapo
Mosavi
Mosawa
Moseba
Mosebana
Mosebonkane
Moseki
Moselime
Moselolo
Mosendema
Mosenengo
Mosengaru
Mosenge
Mosengo
Mosepi
Mosimbara
Mosimbo
Mosine
Mosisiworo
Mosogbo
Mosogbul
Mosundu
Mosune
Mosunga
Mosungi
Mosungo
Mosunkara
Mosuri
Motabe
Motaiko
Motail
Motainkil
Motainkin
Motami
Motanga
Motaso
Motaua
Motava
Motehun
Motema
Moteva
Mothach
Motia
Motifu
Motimbo
Motinga
Motoko
Motopi
Motuakoi
Motumbo
Motuo
Motuwo
Mount Aureol
Mount Aurol
Movahun
Movaudi
Movembe
Movia
Movugba
Movunde
Mowago
Mowanga
Mowe
Mowil
Mowoin
Mowoto
Mowuto
Moyagba
Moyah
Moyambabasi
Moyamba Junction
Moyamba
Moyamba
Moyambaworo
Moya
Moyavita
Moyawo
Moyegbe
Moyema
Moyemi
Moyengi
Moyenken
Moyeve
Moyia
Moyibo
Moyirasa
Moyogbo
Moyogbu
Moyoli
Moyolo
Moyomboma
Moyombo
Moyongolo
Moyoro
Moyowa
Moyoworo
Moyumbo
Moyumbu
Mufiahun
Mulikia
Murray Town
Musaia
Musala
Musumbu
Musungbo
Naama
Naba
Naboi
Nafudu
Nagbema
Nagbena
Nagbena
Nagbwema
Naiagoiehun
Naiagolehun
Naiagolehun
Naiagorehun
Naiaguehun
Naiahun
Naiahun
Naiawama
Naiyama
Naji
Nalagolehun
Nalfomoria
Namasaidu
Namema
Nanfayi
Navali
Navari
Navuro
Nayema
Ndablama
Ndambadu
Ndarobu
Ndema
Ndendemoia
Ndendemoi
Ndendemo
Ndogbogoma
Neama
Neba
Negbema
Negdema
Nekabu
Nekoro
Nelikoro
Nemahugoima
Nema
Nenehun
Nerekoro
New England
New Fakai
Newton
Ngaiagoehun
Ngamayama
Ngathun
Ngawama
Ngawla
Ngeihehun
Ngeihun
Ngelehun
Ngerehun
Ngerehun
Ngesehun
Ngiehun
Ngiyebu
Ngiyema
Ngoalu
Ngogahun
Ngokolu
Ngokoma
Ngorgo
N'Gowyihun
Nguala
Ngukpabu
Ngukuma
Niagulahun
Niagwehun
Niahalahun
Niama
Niayama
Niewoma
Nikiba
Nikihun
Nimia
Nine Miles
Niti
Njafidu
Njafoia
Njagbema
Njaiama
Nja-Ijia
Njala
Njala
Njale
Njama
Njama
Njaunwulo
Njawama
Njaweworo
Njaworo
N'jerihun
Njewote
Njopoia
Njorahun
Nomiama
Nomogoya
Nongoba
Nongoba
Nongoko
Nongowa
Nongowa
Nonkaba
Nonkoba
Nonkoba
Nonkosobia
Nosenti
Nuala
Nugialu
Number Two
Number Two Village
Numula
Nungialu
Nunkekoro
Nwala
Nyadehun
N'yagbanta
Nyalahun
Nyalema
Nyamaina
Nyamawabu
Nyamba
Nyamoima
Nyamundu
Nyandankolia
Nyandeama
Nyandeama
Nyandehun-Gbuyama
Nyandehun
Nyandehun
Nyandeworo
Nyandoworo
Nyanihun
Nyan
Nyehun
Nyeldu
Nyeleme
Nyeminga
Nyenya
Nyeyama
Nyeyama
Nyondehun
Ogue Farm
Ogue
Oiehun
Old Baoma
Old Songo
Old Wharf Wellington
Orugu
Pahundu
Paima
Paimu
Pakandi
Pakibu
Pakidu
Pakpakia
Paku
Palahai
Palima
Palima
Pa Lokko
Pamaro
Pamboko
Pamelap
Pampanko
Pamuronko
Pandebu
Panderu
Pandobu
Pangbalia
Panguima
Panguma
Panguma
Paninga
Panlap
Papwema
Pasandi
Patama
Patema
Patewoma
Pateya
Pati
Patobu
Patobu
Patolu
Pau Grande
Pau Kandi
Pava
Pawama
Paw paw
Pawula
Pawulay
Pebul
Pegama
Pegema
Pege
Pehala
Pehun
Peiya
Pejebu
Peje
Pejevulahun
Pejewa
Pejewa
Pejeworo
Pejewulu
Pekam
Pekan
Pekebobu
Pelawahun
Pelewahun
Pelewa
Peli
Pemdembu
Pendabu
Pendehun
Pendembu
Pendembu
Pendembu
Pendembu
Pende
Pepaw
Pepel
Perankoro
Perema
Perewahun
Perewama
Peri
Periwahun
Periwahun
Periwahur
Periwalun
Periwama
Periwama
Periwehun
Perpon
Petaw
Petbana
Petebu
Petema
Petema
Petemo
Peteoma
Peteoma
Pete
Petewama
Petewoma
Petifu Junction
Petifu
Petifu
Pewahun
Pewama
Pewama
Pewa
Peyama
Peyama
Peyima
Pidu
Pindegumahun
Pinto
Pipiwahun
Pipo
Piri Town
Piriwahun
Piriwahun
Piriwara
Piti
Piwoli
Piwoma
Plain Town
Poiama
Poima
Polbo
Polehun
Poliye
Polo
Polot
Polubu
Poluma
Pombu
Pomwalal
Pondonga
Ponima
Ponka
Ponka
Popalahun
Popoma
Popo
Porebalia
Porpon
Port Loka
Port Lokko
Port Loko
Poruma
Potehun
Potobu
Potok
Potolu
Potoru
Powubu
Poyama
Poyama-poya
Prawahu
Probo
Puabu
Puidu
Pujbhun
Pujehun
Pujehun
Pujehun
Pujeyima
Pujhun
Pulongwe
Pulunmant
Pulun
Pulun
Puluntawt
Pulunye
Pundi
Pundung
Punduru
Pungi
Puntun
Putahun
Quiva
Raboli
Ragbema
Raka
Regent
Rembi
Retaw
Ribimakeni
Ribimen
Ribi
Ribi
Ricketts
Robani
Roban
Robat
Robek
Robe
Robia
Robisbana
Robis Bana
Robis
Robis
Roboaf
Roboli
Robros
Robumpah
Robump
Robum
Ro-bunga
Ro-bungba
Robun
Robunt
Rochen
Roching
Rochin
Rocky
Rofunk
Rogap
Rogbam
Rogbane Bana
Rogbane
Rogbanti
Rogbaray
Rogberay
Rogberi
Ro-gberri
Rogbese
Rogbombali
Rogbom
Rokai
Rokai
Rokamp
Rokawlon
Rokell
Rokel
Rokel
Rokonbana
Rokon
Rokon
Rokrot
Rokumbi
Ro-kundu
Rokupa
Rokupr
Rokure
Rolal
Rolunk
Rolup
Rombe
Romeni
Rongohun
Rongotok
Ronieta
Ronta
Rontoke
Rontok
Rontuk
Ronuri
Ropapa
Ropat
Ropet
Ropoint
Ro-poti
Roruks
Rosanda
Rosar
Rosint
Rosint
Rosos
Roten
Roten
Rotifunk
Rotifunk
Rotomahun
Rotung
Rowala
Rowal
Rowal
Royanka
Royel
Ro-Yema
Royema
Royenkala
Rubange
Rubgnge
Ruko
Rupapa
Russell
Russel
Saama
Saama
Sabama
Saba
Sabi
Sadupompo
Sadu
Safinia
Sagait
Sagbawa
Sagbe
Sagboihun
Sagoihun
Sagpati
Sagwehun
Sagwehun
Sahafaria
Sahama
Saha
Sahawa
Sahia
Sahn
Sahun
Sahun
Saiama
Saiela
Saima
Saint George
Sainya
Saiu
Saka
Sakasakala
Sakiema
Sakosaria
Sakpe
Sakua
Sakuma
Sakura
Sakutan
Sakuta
Salaima
Salakunda
Salema
Salifula
Salifuya
Salima
Salina
Salina
Salinga
Salon
Salt Pan
Salu
Samabobu
Samadu
Samahun
Samaia
Samakuidu
Samakun
Samani
Samarank
Samatia
Sambaidu
Sambalu
Samboraia
Samboria
Samgbamba
Samiendu
Sami
Sami
Samiya
Samoru
Sampo
Samuel Town
Samu
Samuya
Sanama
Sanankoreko
Sanbengu
Sanboria
Sanbu
Sandahun
Sandaru
Sanda
Sanda
Sandea
Sandialu
Sandia
Sandia
Sandikoro
Sandima
Sandi
Sandokoro
Sandu
Sanfaia
Sangara
Sanga
Sangbalima
Sangbamba
Sangbanbaro
Sangbando
Sangbania
Sangban
Sangbaya
Sange
Sangha
Sangoya
Sang
Sanguia
Sania
Saniria
Sanjama
Sankarama
Sankori
Sankpamba
San
Sansankama
Santigiyadauda
Santigiyadodi
Santigiyanene
Santo
Saokoro
Saoworo
Sarako
Sargolehun
Sarma
Sar
Sa
Sasahun
Sasa
Satamodia
Sattia Town
Sauhun
Saulia
Saura
Sauria
Sawako
Sawala
Sawi
Sawkta
Sawoko
Sawula
Sawula
Sawuria
Sayima
Se-a-du
Seama
Sebengu
Seberandu
Sedukonkoma
Sedu
Sefadu
Segbema
Segbwema
Segbwema
Sehun
Seidu
Seima
Sei
Sekenema
Sekodeko
Sekuya
Sekuya
Selabu
Selabu
Selekoro
Sele
Selu
Selu
Semabu
Semabu
Sembebun
Sembehan
Sembehun
Sembehun
Sembehunworo
Sembehunwo
Sembehu
Sembema
Semeibu
Semisedu
Senahu
Senbehun
Sendakha
Sendema
Sendia
Sendikoro
Sendugu
Senduma
Sendumei
Senehun Bulema
Senehun
Senehun
Senga
Sengbe
Sengeko
Sengema
Sengema
Senge
Sengima
Sengima
Sengisengi
Senguinya
Seniehun
Senikedugu
Senita
Senjehun
Senki
Senkuya
Sentai
Senyekhuri
Sepena
Sera Bonkuraw
Serabu
Serabu
Seradu
Serafaia
Serafilaia
Serafula
Serania
Sera
Sereadu
Seredugu
Serekolia
Seremodu
Seria
Setema
Setnyin
Sewaia
Sewaia
Sewaiw
Sewaoma
Shangaima
Sheakaia
Shengama
Shengboma
Shengeputu
Shenge
Sherbro Town
Shimbekihun
Shimbek
Shorema
Shunge
Siabu
Siamamaia
Siamandu
Siama
Sidu
Siena
Sigi
Sihun
Sikidia
Sikindidu
Silabu
Silema
Simabu
Simabu
Simbabu
Simbaia
Simbakoro
Simbaria
Simbaru
Simbriyan
Simi
Simiye
Simria
Sindadu
Sindeya
Sindugu
Sinegal
Sinekoro
Singbinia
Singbinja
Singeko
Singema
Sini
Siniye
Sinjo
Sinkimbadu
Sinkunia
Sinkuya
Sino
Sint
Sioma
Sipahun
Sipayema
Sirabu
Siraia
Siraninkoro
Sirekude
Sisawema
Sitafaia
Siwal
Skola-In
Soamani
Soaworo
Sobo
Sodokorobendu
Sogbehun
Sogboro
Sogoma
Sogoma
Soia
Sokibu
Sokohana
Sokoma
Sokoria
Sokoya
Sokurela
Sokurila
Sola
Solema
Solindo
Soli
Solon
Somafema
Soma
Sombaria
Somiya
Somtabaka
Somu
Somwe
Sondodu
Sonfondu
Sonfo
Songo
Songo
Songo Town
Sonigiema
Sonkonia
Sonto
Sorekoro
Soronkura
Soronkuro
Soron
Soru
Soso
Sos
Sowaia
Sowama
Sowlia
Soya
Soyema
Stones Town
Suagolu
Suako
Subu
Suen
Sufidu
Sugbale
Sugeta
Suinkonkoma
Suinya
Sukebu
Sukudu
Sukuma Town
Sulehun
Sulimania
Sulima
Sulima
Sulpon
Sumana
Sumanferikia
Sumata
Sumaworia
Sumbadu
Sumbaia
Sumbaidu
Sumbaria
Sumbaru
Sumbedu
Sumbidu
Sumbuya
Sumbuya
Sumoya
Sundodu
Sundukuni
Sundulukoro
Sundu
Sungaru
Sungaru
Sunga
Sungiema
Sunkoni
Sunya
Suria
Suribulomia
Suriburaia
Surie
Surikamara
Suri
Sussex
Susudara
Susu Town
Susuwalia
Susuworo
Suwadu
Swaku
Tabadu
Tabema
Tabema
Tabe
Tabila
Tabuna
Tabuna Tanene
Tadisuria
Tadi
Tagbehun
Tagboima
Tagbwema
Tagrin
Tahinahu
Tahun
Taiama
Taiama
Taiamaworo
Taiandu
Taia
Taigbe
Taiko
Taima
Taimbela
Taindu
Tajoma
Takadakura
Takasa
Takpanga
Takpoima
Talai
Talani
Tala
Talayin
Taldale
Talia
Talia
Taliyi
Taluke
Tama
Tambaia
Tambakura
Tambateko
Tambaya
Tambiama
Tambiama
Tambianu
Tambi
Tambiyama
Tambo
Tamboya
Tamful
Tamnahun
Tana
Tanehun
Tanene
Tanful
Tangaba
Tangabu
Tangabu
Tangahun
Tangahun
Tanganema
Tangeima
Tangoma
Tanima
Taninabur
Taninahua
Taninahun
Taninahun
Taninihun
Tankonba
Tansakoro
Tanta
Tantini
Tara
Tasoku
Taso
Tasso
Tatama
Tata
Taua
Taua
Taukam
Tauya
Tauyia
Tavyia
Tawahun
Tawamahehun
Tawi
Tawnkawnba
Taworo
Taw
Tayehun
Taylor Town
Tebo
Tedu
Teema
Tefea
Tefee
Tegbadu
Teibo
Tei
Tekaw
Tekea
Tekeya
Tekibe
Tekuyema
Tekwiama
Tekwiyama
Teleia
Telu
Telu
Temajadu
Tembedu
Tembe
Tembu
Tenbana
Tendehun
Tendehun
Tendokom
Tenehun
Tenentilia
Tengbele
Tengeden
Tengeya
Tenkere
Tenkisan
Teoma
Tepron
Teso
Tevulahun
Tewema
Tewo
Teyama
Teyama
Teyema
Thunman
Tiama
Tiandu
Tifin
Tigbema
Tihun
Tijoema
Tike
Tikonka
Tikonko
Tikonko
Tikonkoworo
Tikonkowo
Tikump
Tilikoro
Tiloma
Timbaidu
Timbekundu
Timbekurdu
Timbira
Timbo
Timbo
Timidi
Timindi
Timmani Town
Tim
Tinduina
Tinehun
Tingibu
Tingie
Tingipira
Tinglfira
Tinsiko
Tintafol
Tintafor
Tintambaia
Tintfor
Tirero
Tiria
Tiria
Tisana Point
Tisana
Tissana
Tissana
Titambaia
Titibul
Tiwalan
Tobanda
Tobanda
Tobu
Togboie
Togobana
Tohobu
Tokbombu
Toke
Tokoma
Tokoroba
Tokpombu
Tokpombu
Tola
Tolobu
Tolobu
Tolo
Tomaia
Tomania
Tombalu
Tombe
Tombodu
Tomboma
Tombu
Tomiyama
Tom
Tondoya
Tongbai
Tongbai
Tongbodu
Tongiama
Tongie
Tongima
Tongkomba
Tongole
Tongolo
Tongolu
Tongoma
Tongorma
Tongwebu
Tonhe
Toniama
Tonia
Tonkolele
Tonkoli
Tonko
Tonkoya
Tonsu
Topan
Topowahun
Toppogehun
Toria
Tormabum
Tormandi
Torma
Torobu
Toroko
Torrugehun
Toso
Toso
Tosser
Toto
Tovulahun
Tovulehun
Tovulemin
Towala
Towama
Toyama
Toya
Trowaia
Tuakam
Tuba
Tudu
Tuelo
Tufoyim
Tuicotte
Tukoyema
Tuk
Tulmasaw
Tulomasaw
Tuludansaia
Tulun
Tulurma
Tumba
Tumba
Tumbodu
Tumbonwa
Tumbo
Tumbubana
Tumbu Bana
Tumbudu
Tumbu Lol
Tumbu
Tumbu
Tumbu
Tunfuya
Tungbibu
Tungebu
Tungia
Tungie
Tungie
Tungoro
Tungwebu
Tunisi
Tuobu
Turadu
Turia
Tuso
Twasu
Twema
Twilo
Twiyo
Upper Benduma
Upper Saama
Vaahun
Vaama
Vaama
Vahun
Valama
Vandima
Vanima
Varama
Varma
Vawahun
Vendehun
Vengema
Vengeme
Venima
Venima
Victoria
Victoria
Vile
Vingima
Vituma
Vokoma
Volima
Wabengu
Wadu
Waia
Waiawayehun
Waidu
Waima Tokpombu
Waima
Waima
Wairaw
Wai
Waiya
Waka
Wake
Walai
Walbai
Wale
Walia
Walibana
Walihun
Walima
Walima
Walkenda
Walsas
Wami
Wandobu
Wangele
Wanindara
Wanjama
Wanjiela
Wankako
Wankobaw
Wanyama
Warakasona
Warakasonia
Wari Bana
Waribana
Waridala
Wari Lol
Wari-Masia
Wari
Warkpakpa
Watai
Waterloo
Waterloo
Wa
Weba
Wehun
Weilo
Weima
Wei
Wekinda
Wellington Bassah
Wellington
Welma
Welo
Wembadu
Wende
Wengele
Wengili
Werikenda
Wesima
Wiande
Wiandi
Widaro
Wilberforce
Wilima
Wilo
Wima
Windi
Wingifi
Winsa
Woama
Wogondo
Wojema
Wokoro
Woko
Wokoya
Wolabahun
Wolaw
Wole
Woloma
Woma
Wombe
Wonde
Wonela
Wongifo
Wongifu
Wongkifu
Wongkitu
Wongoma
Wonkifu
Wonkoma
Wonyoma
Wonyomo
Wopo
Worodu
Worokaw
Worokoro
Woroma
Woroma
Worombaia
Worowaia
Woyama
Wuade
Wubange
Wubunge
Wugbadu
Wulai
Wula
Wulia
Wulumbu
Wumoima
Wundefili
Wunde
Wunde
Wundidu
Wungulo
Wusia
Wusubengu
Yabaia
Yabaima
Yabaima
Yabema
Yadema
Yadusinero
Yagala
Yaganto
Yagbea
Yago
Yahama
Yaiamba
Yakagi
Yakaji
Yakala
Yakama
Yakgban
Yakobi
Yakoi
Yakunda
Yalefudia
Yalia
Yalima
Yaliwandu
Yalo
Yalu
Yamadu
Yamanda
Yamandu
Yamandu
Yamanigbunti
Yamankoro
Yamaro
Yama
Yama
Yambalu
Yambama
Yambama
Yambaro
Yamba Town
Yameama
Yamehun
Yamfaka
Yamoama
Yamoria
Yams Farm
Yana
Yandahun
Yandahu
Yandama
Yandaworo
Yandehun
Yandehun
Yandehu
Yandema
Yandihun
Yandihun
Yandohun
Yandugu
Yandu
Yandu
Yangahun
Yangahun
Yangisei
Yangua
Yanihun
Yankabu
Yankalol
Yankambu
Yanka
Yankone
Yanleia
Yanwulia
Yapoma
Yaradu
Yaraia
Yarakonko
Yarando
Yarandu
Yarawadogu
Yarawadugu
Yarawaia
Yara
Yarbuma
Yase
Yasi
Yataia
Yawaju
Yawando
Yawei
Yawema
Yawe
Yawe
Yawuema
Yawundo
Yayima
Yebana
Yebima
Yegele
Yegile
Yeibana
Yekilo
Yelebana
Yelelol
Yelendu
Yele
Yele
Yelibaba Town
Yelibana
Yeliba
Yeligban
Yelim
Yelkakrom
Yemahun
Yeman
Yema
Yema
Yembama
Yemberu
Yemere
Yemeri
Yemiya
Yendama
Yendehun
Yendeh
Yendema
Yendema
Yende
Yendibengu
Yendu
Yengama
Yenga
Yengbelahun
Yengemaworo
Yengemawo
Yengema
Yengema
Yengeme
Yengeveni
Yenge
Yengima
Yengkisa
Yeni
Yenkin
Yenkisa
Yenkisa
Yerendu
Yerima
Yesan
Yesa
Yesa
Yibaia
Yibaima
Yibeima
Yibema
Yiben
Yibe
Yifin
Yikabdaw
Yikandaw
Yikando
Yilandu
Yile
Yilogo
Yima
Yima
Yinaiya
Yindia
Yindimi
Yirafilaia
Yiraia
Yiralaia
Yirendu
Yiriki
Yisaia
Yisimaia
Yituma
Yiwadu
Yiwaye
Yoabu
Yobohun
Yof
Yogbodu
Yogbofo
Yogomaia
Yogomusaia
Yoka-iri
Yoka
Yoke
Yoki
Yokodu
Yomadugu
Yomadu
Yomanja
Yomankoro
Yombohun
Yomboia
Yomboro Duladi
Yomboro Konta
Yomboro
Yomforia
Yomolo
Yomudu
Yondu
Yonfon
Yongaro
Yongoima
Yongoro
Yongro
Yonibana
Yoni
Yoni
Yoni
Yonkonia
Yon
Yoombarmo
Yoria
York
York
Yorondo
Yoro
Yovohun
Yovuhun
Yowema
Yoya
Yoyema
Yo
Yuabu
Yuabu
Yumawusudu
Yumbukoro
Yumbuma
Yundunduyi
Yungula
Yuria
Yurika Wharf
Yurika
Yuruka Wharf
Yuya
Zimi
Zimmi
Zozo
