Abanna Kondre
Abenaston
Abendanon
Abenekokondre
Abene-oton
Abetwakondre
Abontjeman
Acote
Adawai
Adjama
Adjamoe-kondre
Adjoemakondre
Affifisitie
Affivisiti
Affivisitie
Affobakka
Afobaka
Agama Kreek
Agamakriki
Agila
Agitiondro
Agitriondre
Agossa
Ajokojokondre
Akalikondre
Akalli Kondre
Akoelitatajeprati
Akoelitatojeprati
Akote
Akroikondre
Alalapadu
Albina
Aliance
Alkmaar
Alliance
Aloepi 1
Aloepi 2
Aloepi
Aloepi Een
Aloepi Twee
Alopi
Alopidorp
Americankondre
Anapaike
Anapi
Aneewakampoe
Aneewakondre
Anna Maria
Antongron
Antonigron
Apetina
Apikalo
Apikollo
Apikolo
Apikotto
Apoekakondre
Apoera
Apoteki
Apotheki
Apothekidorp
Appera
Appikalo
Apura
Arakoniekondre
Arokonie Kondre
Asafiri Kondre
Asidonhopo
Asidonhoppo
Asidonkondre
Asindonhopo
Asoenoebo
Asognekondre
Assidonhoppo
Atereboto
Atipakondre
Auca
Aucaners
Aurora
Awadam
Awa-damkondre
Baikoetoe
Bajkoetoe
Bakrakondre
Bakra Oppestan
Bakra-oppeston
Bakra Opposton
Bakrapranas
Balin
Baloemadam
Bamboesi
Bamboesie
Basiakampoe
Batavia
Beerdoti
Beerdotti
Begoeba
Belwaarde
Bendorp
Bensdorp
Benzdorf
Benzdorp
Berceba
Berendslust
Bergendaal
Berg en Dal
Bergen op Zoom
Berlijn
Bersaba
Bethania
Bethesda
Bethsebs
Biakronie
Bigi Poika
Bigiston
Bilawatra
Bilo Langa Hoekoe
Birihoedoematoe
Birthoedoematoe
Bitagron
Blakawabra
Blakawatra
Bloferie
Bofe
Bombay
Boom Jachtlust
Boschland
Boschland
Boskamp
Bosland
Bosland
Boslanti
Boston
Botopasi
Botopasie
Botopassi
Bottopass
Bottopassi
Bottriekoe Santi
Boxel
Broederschap
Brokolonko
Brokolonko Placer
Brokopondo
Bronsweg
Brownsweg
Burnside
Cajana
Calbo
Calcutta
Caledonia
Carel François
Carl François
Carolina
Casipora
Cassabaondro
Cassabeondre
Cassipora
Catharina Sofia
Catharina Sophia
Charlotteburg
Charlottenburg
Chatillon
Christiaankondre
Christiankondre
Clementi
Clementie
Clevia
Commissaris Kondre
Compagnie des Mines d'Or
Compagnieloo
Constancia
Constantia
Constantin
Copaivagogo
Copie
Coppenamepunt
Corneles Kondre
Cornelis-kondre
Corneliskondre
Cornelius Kondre
Corome
Coronie
Cottica
Cotticadorp
Crappahoek
Cupido
Dablasiekondre
Dahome
Dahomey
Dam
Dam Parra
Dampoentoeng
Dampoentong
Dang
Dankbaarheid
Deboe
Deboekondre
De Drie Gebroeders
De Goede Hoop
Dehan
Dehankondre
Dehau
De Jong Noord
De Jong Zuid
Dekweh
Dekwekondre
Destombesburg
De Vier Hendrikken
De Vrede
Dirkshoop
Dissiong
Djoemoe
Doewatta
Dombaai
Dombaaikondre
Domburg
Donderkamp
Dorp Cottica
Dotti Bergi
Draai
Draij
Drietabbetje
Eduardkondre
Einde Rust
Elisabeth's Hoop
Ephrata
Ephratha
Esterslust
Esthers Lust
Fijetti
Flora
Fort Amsterdam
Fort Neu-Amsterdam
Fort New Amsterdam
Fossi Bergi
Fossi Bergi
Fossiebergi
Fransman Landing
Friendship
Gakaba
Galibi
Ganiakondre
Gansee
Gansé
Geertruidenberg
Gege
Gelderland
George Kondre
Glasgow
Gloria
Godawatra
Goddodrai
Goddo
Goddo Watra
Gododrai
Godo
Godo-watradorp
Godowatra
Goejaba
Gonoe
Granboridorp
Granbori
Gran Dahomeij
Grandam
Grankopie
Grankopi
Granmankondre
Granpakkapakka
Gran Poika
Gran Slee
Groenkreek
Groenkr
Groningen
Groot Chatillon en Bethesda
Groot Chatillon
Groot Henar
Groot Henarpolder
Groot Poika
Gros
Gros Placer
Gross Placer
Guiana Goldplacer
Guyanagoudplacer
Gwegwefoetoe
Haarlem
Hamburg
Hamilton
Hampton Court
Hannover
Hanover
Hecht en Sterk
Hédoti
Heidoti
Hekoenoe
Herminadorp
Herstelling
Hildesheim
Hoofdkamp
Huwalijkszorg
Huwelijkszorg
Ingiekondre
Ingikondre
Ingipoe
Intelewa
Intelwakondre
Jachtlust
Jacklust
Jacktlust
Jacobkondre
Jacob Kondre
Jagtlust
Jaimeskondre
James Kondre
Janemale
Java
Jenny
Joden Savanna
Jodensavanne
Johan en Margaretha Buitenrust
Johan Margaretha en Buitenrust
Johan Margaretta Buitenrust
Johan Margaretta en Buitenrust
Johanna-Margaretha
Johannesburg
Jonan en Margaretha
Kaaimanstone
Kaaimanston
Kabelpont
Kabelstation
Kadjoe
Kalebas Kreek
Kalfoekondre
Kamaloea
Kamaroa
Kampong Baroe
Kapasie Kree
Kapasi-kondre
Kapoa
Kapoesanti
Katwijk
Kiokondre
Klaverblad
Klein Chatillon
Klein Poika (1)
Klein Poika
Klokondre
Koemboe
Koembre
Koffiekamp
Koffikamp
Konenburg
Kontina
Kontina Trio
Kopi Ondro
Kopi Ondroo
Kraka
Krijorokampoe
Krikie
Kronenburg
Kroonenburg
Kryoro Kampoe
Kwakoegrob
Kwakoegron
Kwamalasamutu
Kwatahede
Kwattahede
Laarwijk
Ladoewanie
Laduani
Landsboerderij
Langa Hoekoe
Langamankondre
Langatabbetje
Lantiwei
La Poule
La Providence
La Ressource
La Simplicité
La Siplicite
Leasowes
Leiden
Leijden
Leliëndaal
Lelydorp
Lembe
Lemmiki
Leonsberg
Levant
Loksi-ati
Loksie Hatti
Lombee
Lombé
Lombé
Maasstroom
Mabo (1)
Mabo B
Mabo Een
Maboga Kondre
Maboga
Magali
Magdafien
Magdatien
Maho (1)
Maho B
Maho
Mainsi
Majoli 2
Majoli
Majoli Twee
Makajapiengo
Makajapinggo
Makajapingo
Makami
Makampedorp
Makampee
Makampe
Makka Krieki
Makkakriki
Malaitawa
Malobbi
Malobi
Malrosee-Kondre
Mambabasoe
Manchester
Manillakondre
Manjaboomkondre
Manlobbi
Manlobi
Mansi
Mantsjillo
Ma Omba-kondre
Maréchalkriki
Maréchalskondre
Maréchalskriki
Margrita
Mariashoop
Marias Lust
Mariënburg
Maripaondre
Mary's Hope
Mason Kondre
Mata
Matapi
Matappi
Matawaribo
Matrosee-kondree
Matta
Mattawaribo
Mattewaribo
Meerzorg
Miranda
Misalibiekondre
Misalibi
Moederzorg
Moelakondre
Moengoe Tapoe
Moengo
Moengotapoe
Moetoetoetabriki
Mofina
Moisimoisikondre
Moismois Kondre
Mombabasoe
Monbabasoe
Monbobasoe
Mongotapoe
Mon Plaisir
Mon Souci
Mon Trésor
Mooitakie
Mooitaki
Moy
Mungo
Nason
New Nickerie
Nickerie
Nieuw Amsterdam
Nieuw Bambeij
Nieuw Lombé
Nieuw Meerzorg
Nieuw Mocha
Nieuw Nickerie
Nioe-konare
Nioe Kondre
Njoeng Jacobkondre
Njoeng Pelgrimkondre
Njoen Jacob Kondre
Nooitgedacht
Oemakondre
Oeman Santie
Oemansanti
Onikaikondre
Onoribo
Onverdacht
Onverwacht
Oplanie
Oposeilangahoekoe
Overtoom
Overtoon
Ovillanhollo
Ovilonholloi
Ovilon Hollo
Oxford
Pada
Pada
Paka-Paka
Pakira Kondre
Pakka-Pakka
Pananam
Panapi
Papatam Kondre
Paradijs
Paradijs
Paradise
Paramaribo
Paranam
Passaloango
Passaloa
Passikondre
Paubasoe
Pauwie
Pawakka
Pempe
Pepejoe Dorp
Pepejoe
Phaedra
Pheadra
Phedra
Pieterszorg
Piketie
Piketi
Pikienkondre
Pikien Pada
Pikien Santie
Pikien Santi
Pikien Slee
Pikinkondre
Pikumi
Pikuni
Pilgrimkondre
Pinatjarimi
Pisari
Pisiemoengo
Pisjang
Pisoridorp
Pisori
Placer De Jong
Pleiké
Poeketi
Poeloegoedoe
Poelwijk
Poesoegroenoe
Poigrondorp
Poigron
Poitehede
Poitehede
Poitehedo
Poiti Hede
Pokigron
Poligoudou
Pomona
Pontoetoedorp
Pontoetoe
Popakai
Popokai
Portorico
Posoegroenoe
Post Coronie
Post Leiden
Post Leijden
Post Leyden
Post Lookout
Post Mindrineti
Post Uitkijk
Potribo Eb
Potribo
Powaka
Powakka
Prassara Kondre
Prodobaka
Prodokaba
Rainville
Rama
Reijns-dorp
Reinsdorp
Rémontcourt
Replubliek
Republiek
Reynsdorp
Ricanau Moffo
Ricanau
Rikanaumoffo
Rikanau
Rorac
Rosebel
Rust en Werk
Sabakoe
Sabana
Sabanpassie
Saban Passi
Sabaroe
Saje
Salinkondre
Samargini
Sanbendoemie
Sanbindoni
Sangamansoesa
Sangsimasoesa
Saniki
Santigron
Sapenda
Sapende
Sarah Maria
Sarah
Sara Maria
Saye
Seboewatra
Sectie Oeëst
Sectie Oost
Sectie O
Sectie
Semoisi
Sesebiase
Sidiredjo
Sidodadi
Sidoredjo
Sikakamp
Slee
Slootwijk
Smalkalden
Smithfield
Soekibaka
Soekroewatra
Solan
Sola
Sonnakampoe
Speeringhoek
Spieringshoek
Spierinshoek
Stoelmanseiland
Stoepenveer
Stonehoekoedorp
Stonehoekoe
Stonhoekoe
Stonkampoe
Stonkoe
Storkoe
Suhoza
Suzannasdaal
Swampoekondre
Tabbetje
Tabrikiekondre
Tamanredjo
Tamanridjo
Tamarin
Tambaredjo
Tamparedjo
Tapahoekoe
Tapoeripa
Tapontekampoe
Teomaripa
Tiobato
Tioboto
Tipo
Tjakkatjakka Ston
Toanke
Todness
Toeboeka
Toekoppie
Toemaripa
Tojakondre
Tomemoené
Tonpaikampoe
Topibo
Totikamp
Totness
Tottiekamp
Tottikamp
Touanke
Trio
Tulpenburg
Uitkijk
Unverwacht
Utrecht
Vanderhaak
Veer
Vertrouwen
Vertrouwen
Vertrouw
Vier Hendrikken
Vier Kinderen
Visiti
Visserszorg
Vliet Zorg
Voetoekaba
Wageningen
Wajana's
Wakibassoe
Waktibasoe
Wan-ati
Wan-ati
Wanemoffe
Wanhati
Wanhatti
Wanhatti
Warnakomoponafaja
Warnakomopponafaja
Washabo
Wasjabo
Waterland
Waterloo
Watervliet
Wiesawinie
Wijngaardekondre
Witagron
Witkijk
Wittiehede Ston
Wittikamba
Wonoredjo
Zanderij II
Zanderij I
Zanderij
Zandery
Zoelen
Zoewatta
Zorg en Hoop
Zorgvliet
Zwampoekondre
