A. Andrade
Abade
Água-Côco
Água Izé
Alto Douro
Amparo
Amparo II
Anselmo de Andrade
António Dias
Atalaia
Azeitona
Babudo
Bela Vista
Bela Vista
Belmonte
Belo Monte
Bemfica
Bemposta
B. Faro
Bindá
Blublu
Boa Entrada
Boa Esperança
Bombaim
Bombom
Bombon
Buenos Aires
Buenos Ayres
Cadão
Caixão Grande
Caldeiras
Campainha
Canavial
Cantagalo
Caridade
Cascalheira
Catumbela
Chamiço
Cidade de Santo António
Cincoenta
Colónia Açoreana
Correio
Costa e Silva
Diana
Diogo Vaz
Dona Augusta
Dona Eugénia
Enjale
Ermelinda
Esperança
Esprainha
Fernão Dias
F. Mantero
Formiga
Futuro
General Fonseca
Germinia Antónia
Ghegue Novo
Graça
Granja
Gratidão
Guadalupe
Guarda
Guayaquil
Guegue Novo
Gumbela
Henrique
Infante Dom Henrique
Ió Grande
Iola
Java
Kimpo
Lapa
Laura
Lembá
Lemos
Macambrará
Madalena
Magdalena
Makambrará
M. Alice
Mantero
Manuel Gomes
Máquina
Matocana
Milagrosa
Mirante
Montalegre
Montalvão
Montebelo
Monte Café
Monte Carmo
Monteforte
Monte Pedra
Monte Raul
Monte Rosa
Monte Roza
Montes Hermínios
Morro Vigia
M. Peixe
Mulondo
M. Vilela
Nazaré
N. Ceilão
N. Ceylão
Neves Ferreira
Neves
Nitreira
Nova Cuba
Nova Estrela
Nova Moca
Nova Moka
Nova Olinda
Novo Brasil
Novo Brazil
Novo Destino
N'zumbi
Oquê Gaspar
Oquê Rosário
Oquê Três
Paciencia
Paris
Pau Cavalo
Paufita
Periquito
Perseverança
Pico
Piedade
Pincaté
Pinheira
Planca Primeira
Planca Segunda
Plancas
Platô Café
Poiso Alto
Ponta do Sol
Ponta Figo
Ponta Forte
Ponta Furada
Portinho
Porto Alegre
Praia da Rosema
Praia das Conchas
Praia Grande
Praia Inhame
Queluz
Quimpo
Quinas
Quingué
Ribeira Afonso
Ribeira Fria
Ribeira Funda
Ribeira Izé
Ribeira Palma
Rio Ave
Rio do Ouro
Rio Leça
Rio Vouga
Roça Furada
Rosema
Rozema
Salazar
Salomão
San Antonio
Santa Adelaide
Santa Catanna
Santa Catarina
Santa Cecília
Santa Clara
Santa Clotilde
Santa Cruz
Santa Elvira
Santa Irene
Santa Isabel
Santa Joaquina
Santa Josefina
Santa Luzia
Santa Margarida
Santa Maria
Santana
Sant'Ana
Santarém
Santa Rita
Santa Trindade
Sant'Elmo
Sant'Elvira
Santo Amaro
Santo André
Santo António
Santo António
Santo Cristo
São Antõnio
São Carlos do Fundão
São Francisco
São Januário
São Jão
São Jerónimo
São Jerónimo
São Jerónymo
São João
São João
São Joaquim
São Jorge
São José Picaté
São José
São José
São Luís
São Luiz
São Manoel
São Manuel
São Mateus
São Miguel
São Nicolau
São Paulo
São Pedro
Sào Thomé
São Tomé
Saudade
Sequeira
Soledade
Sundi
Terra Firme
Trás os Montes
Traz os Montes
Trindade
Triunfo
Ubabudo
Uba
Urzelina
Val Carmo
Vila Conceição
Vila Moura
Vila Rosa
Vila Sara
Vila Verde
Vista Alegre
