Acachapa
Acajutla
Aceituno
Aceituno
Achichilquito
Agua
Agua Blanca
Agua Blanca
Agua Blanca
Agua Caliente
Agua Caliente
Agua Caliente
Agua Caliente
Aguacatal
Aguacate
Aguacayo
Aguacayo
Aguachapío
Agua Chuca
Agua Escondida
Agua Escondida
Agua Fría
Agua Fría
Agua Fría
Agua Fría
Agua Fría
Agua Fuerte
Agua Helada
Agua Helada
Aguaje Escondido
Agua Salada
Agua Salada
Agua Santa
Aguas Frías
Agua Shuca
Agua Shuca
Agua Zarca
Agua Zarca
Agua Zarca
Agua Zarca
Agua Zarca
Aguilares
Ahuachapán
Ahuachapio
Ajuluco
Albornoz
Albornoz Arriba
Albornoz de Arriba
Alcancia
Aldea de La Cruz
Aldea del Zapote
Aldea de Mercedes
Aldea El Zapote
Aldea Mercedes
Aldea San Antonio
Aldea Vieja
Aldea Zapote
Aldeíta
Alegría
Alemán
Almendro
Almohadas
Altamiz
Alto del Llano
Alto Del Roble
Alto El Roble
Alto El Sitio
Altomiro
Altos del Mora
Altos del Moral
Alvarenga
Alvares
Álvarez
Amapalita
Amapalito
Amaquilco
Amatecampo
Amate de Taltapanca
Amatepe
Amatepeque
Amatillo
Amatillo
Amatitán Abajo
Amatitán
Amatitán Arriba
Amaya
Amayo
Amayo
Amayón
Amulunco
Anal Abajo
Anal
Anal Arriba
Anal Arriba y Anal Abajo
Analco
Analquito
Anamorós
Anchico
Anchila
Anguiatu Abajo
Anguiatú
Anguiatú Zapote Brujo
Ánimas Abajo
Ánimas
Ánimas
Animas
Animas
Ánimas
Ánimas Arriba
Anonal
Antiguo Cuscatlán
Antiguo San Fernando
Antón Flores
Apancoyo
Apaneca
Apapuerta
Apastepeq
Apastepeque
Apastepeque
Apopa
Aposentos
Apulo
Aradillas
Arambala
Arcatao
Arenales
Arenero
Argentina
Armenia
Arrozales
Ashapuco
Asino
Astoria
Asunción Amatepe
Ataco
Atalaya
Ateos
Atiluya
Atiocoyo
Atiquizaya
Ayacachapa
Ayagualo
Ayuta
Ayutepeque
Ayutica
Ayutuxtepegue
Ayutuxtepeque
Azacualpa
Azacualpa
Azacualpa
Azacualpa
Azacualpa
Azacualpa
Azacualpa
Azacualpa
Azacualpa de Gualcho
Azacualpa Gualcho
Azacualpía de Gualcho
Azacualpía de Joco
Balneario El Espino
Balsamar
Banco
Baños La Toma
Barahona
Barahona
Barra Ciega
Barra de Santiago
Barranca
Barranca Honda
Barrancones
Barra Salada
Barrie La Cruz
Barrio Abajo
Barrio Nuevo
Barrios
Barrio Victorias
Barro de Los Ausoles
Bartolo
Batres
Bebedero
Belén
Belén
Belén
Belén Güijat
Beneficio Curazao
Beneficio El Marquesado
Beneficio El Peñón
Beneficio La Quebrada
Beneficio Las Cruces
Beneficio Las Quebradas
Beneficio Las Termópilas
Beneficio Monte Alegre
Beneficio Tacubita
Beneficio Termópilas
Berlín
Bermuda
Bobadilla
Boca Tronadora
Bola de Monte
Bolívar
Bolívar
Bonete
Boquerón
Boquín
Bosque
Botoncillal
Bramadero
Buena Vista Abajo
Buena Vista Arriba
Buena Vista Arrinconada
Buenavista
Buena Vista
Buena Vista
Buenavista
Buena Vista
Buena Vista
Buena Vista
Buena Vista
Buenos Aires
Buenos Aires
Buenos Aires
Buenos Aires
Buenos Aires
Buenos Aires
Cabos Negros
Cabrera
Cacahuatalejo
Cacaopera
Cagalero
Calapa
Calavera
Calderas
Calera
Caleras
California
Callejon
Calle Nueva
Calle Nueva
Calle Real
Calpules
Caluco
Calzontes Abajo
Calzontes Arriba
Camalote
Camotepeque
Campamento de C.E.L. No. 1
Campamento de C.E.L. No. 2
Campamento Guajoyo
Campamento No. 1
Campamento No. 2
Campamento Número Dos
Campamento Número Uno
Campana
Campana
Campanario
Campanera
Campanero
Camulián
Caña Brava
Caña de Tarro
Cañafístula
Canaire
Cañales
Cañas Dulces
Cañaveral
Cañaverales
Caña Verde
Cancasque
Candadillo
Candelaria Albornoz
Candelaria
Candelaria
Candelaria
Candelaria
Candelaria
Candelaria
Candelaria
Candelaria de La Frontera
Candelaria Lempa
Candelario
Candelillas
Cangrejera
Cangrejera
Cañitas
Canjales
Canoas
Canoguero
Canterillas
Cantón Aguacate
Cantón Aguacayo
Cantón Agua Escondida
Cantón Agua Fría
Cantón Agua Fría
Cantón Agua Santa
Cantón Agua Sarca
Cantón Agua Zarca
Cantón Algodón
Cantón Álvarez
Cantón Amatepeque
Cantón Amatillo
Cantón Amatillo
Cantón Anal
Cantón Anchico
Cantón Anonal
Cantón Bonete
Cantón Buena Vista
Cantón Buena Vista
Cantón Buenos Aires
Cantón Camotepec
Cantón Carpintero
Cantón Caulote
Cantón Caulote
Cantón Caulotilla
Cantón Caulotillo
Cantón Chaparron
Cantón Chayal
Cantón Chiquihuat
Cantón Chonchon
Cantón Conacaste
Cantón Coyolito
Canton Criba
Cantón Cuyantepec
Cantón del Norte
Cantón Dos Quebradas
Cantón Eden
Canton El Achotal
Cantón El Algodón
Cantón El Amatal
Cantón El Amatillo
Cantón El Cacao
Cantón El Caulote
Cantón El Cedro
Cantón El Chaparrón
Cantón El Coyolar
Cantón El Coyol
Cantón El Edén
Cantón El Espino
Cantón El Guaje
Cantón El Llano
Cantón El Marquezado
Canton El Marquezado
Cantón El Molino
Cantón El Morro
Cantón El Nisperal
Cantón El Palón
Cantón El Paraíso
Cantón El Paraíso
Cantón El Pilón
Cantón El Refugio
Cantón El Rodeo
Cantón El Rosario
Cantón El Suncita
Cantón El Taburete
Cantón El Tigre
Cantón El Tigre
Cantón El Tránsito
Cantón El Zarzal
Canton Espinal
Cantón Frutilla
Cantón Gualindo
Cantón Guanijiquil
Cantón Honduritas
Cantón Huertas Viejas
Cantón Jocomotique
Cantón La Ceiba
Cantón La Ceiba Gacha
Cantón La Esperanza
Cantón la Estancia
Cantón La Flor
Cantón La Joya
Cantón La Joya
Cantón La Junta
Cantón La Lucha
Cantón La Montaña
Cantón La Nueva
Cantón La Palma
Cantón La Reforma
Cantón Las Ánimas
Cantón Las Aradas
Cantón Las Cruces
Cantón Las Delicias
Cantón Las Flores
Cantón Las Flores
Cantón La Shila
Cantón Las Hoyos
Cantón Las Lajas
Cantón Las Lomitas
Cantón Las Mesas
Cantón Las Tunas
Cantón Las Ventanas
Cantón La Trinidad
Cantón La Unión
Cantón Libertad
Cantón Loma de Ramos
Cantón Los Ángeles
Cantón Los Hoyos
Cantón Los Laureles
Cantón Los Zelaya
Cantón Lourdes
Cantón Lucha
Cantón Macance
Cantón Marquezado
Cantón Matasano
Cantón Matasano
Cantón Matazano
Cantón Mira Valles
Cantón Mogotes
Cantón Mojones
Cantón Monteca
Cantón Morro Grande
Cantón Nance Verde
Cantón Nueva
Cantón Obrajuelo Lempa
Cantón Ojo de Agua
Cantón Palacios
Cantón Palo Galán
Cantón Palo Grande
Cantón Palo Verde
Cantón Paraíso
Cantón Pavana
Cantón Peña Blanca
Cantón Piedra Blanca
Cantón Piedra Pacha
Cantón Piedras Blanca
Cantón Piedras Pachas
Cantón Pimiental
Cantón Porrillo
Cantón Portillo
Cantón Potrerillos
Cantón Pueblo
Cantón Punta Remedios
Canton Quequeisque
Cantón Ramírez
Cantón Rodeo
Cantón Rodríguez
Cantón Rosario Arriba
Cantón Rositas
Cantón Sacamil
Cantón Salitre
Cantón Salitre
Cantón Salitre
Cantón Samuria
Cantón San Antonio
Cantón San Antonio Grande
Cantón San Carlos
Cantón San Felipe
Cantón San Jacinto
Cantón San Jerónimo
Cantón San José de La Montaña
Cantón San Juan
Cantón San Juan
Cantón San Marcelino
Cantón San Miguel Ingenio
Cantón San Nicolás
Cantón San Rafael
Cantón San Ramón
Cantón Santa Bárbara
Cantón Santa Emilia
Cantón Santa Inés
Cantón Santa Lucía
Cantón Santa Rita
Cantón Shonshon
Cantón Tahulapa
Cantón Tamarindo
Cantón Tapachucut
Cantón Tapaschucit
Cantón Tempisque
Cantón Tonala
Cantón Topaschucit
Cantón Trinidad
Cantón Tulima
Cantón Valle Nuevo
Cantón Victoria
Cantón Volcancillo
Canton y Beneficio El Peñón
Cantón Zarzal
Cantora
Capulín
Cara
Caracol
Caracol
Caragon
Carasque
Cara Sucia
Carbonal
Caribal
Carita Palmera
Carmen
Carolina
Carolina
Carpintero
Carrasco
Carrillo
Carrizal
Carrizal
Carrizal
Casa Blanca
Casa de Piedra
Casa de Teja
Casa de Tejas
Casamulco
Casas de Teja
Casas Viejas
Casa Vieja
Caserío Aceituno
Caserío Agua Fría
Caserío Amatillo
Caserío Amatitán
Caserío Anguiatú Abajo
Caserío Anogado
Caserío Belén
Caserío Bosque
Caserío Buenos Aires
Caserío Cagalero
Caserío Camones
Caserío Campanera
Caserío Canton
Caserío Cantón El Palon
Caserío Carrillo
Caserío Casa de Teja
Caserío Casitas
Caserío Chagalapa
Caserío Chamoco
Caserío Chepe
Caserío Chilín
Caserío Chimalapa
Caserío Colón
Caserío Comayan
Caserío Comecayo
Caserío Cruzadilla de Yaquerano
Caserío Cuis Cuis
Caserío Curunco
Caserío de Las Uvillas
Caserío del Lago
Caserío El Achotal
Caserío El Amatal
Caserío El Amatillo
Caserío El Ángel
Caserío El Arco
Caserío El Banco
Caserío El Bejuco
Caserío El Bejuco
Caserío El Brujo
Caserío El Capulín
Caserío El Carmen
Caserío El Carmen
Caserío El Carrizal
Caserío El Carrizal
Caserío El Cedro
Caserío El Chagüite
Caserío El Chino
Caserío El Chiste
Caserío El Chorizo
Caserío El Copinol
Caserío El Corozal
Caserío El Corral
Caserío El Coyolar
Caserío El Coyolar
Caserío El Despoblado
Caserío El Escondido
Caserío El Guayabo
Caserío El Jícaro
Caserío El Jiote
Caserío El Jobal
Caserío El Junquillar
Caserío El Jurón
Caserío El Jute
Caserío El Milagro
Caserío El Mogote
Caserío El Mojón
Caserío El Morro
Caserío El Nance Dulce
Caserío El Palo Negro
Caserío El Paste
Caserío El Pino
Caserio El Pinto
Caserío El Planón
Caserío El Porvenir
Caserío El Presidio
Caserío El Pulguero
Caserío El Pulido
Caserío El Rebelde
Caserío El Rodeo
Caserío el Rosario
Caserío El Sauce
Caserío El Sauce
Caserío El Socorro
Caserío El Tablón
Caserío El Tablón
Caserío El Tabloncito
Caserío El Talpetate
Caserío El Teshcal
Caserío El Tigre
Caserío El Tránsito
Caserío El Zompopo
Caserío El Zope
Caserío Galeano
Caserío Garita Palmera
Caserío Guacamayo
Caserío Guachipilín
Caserío Guachipilín
Caserío Guayabillas
Caserío Guayapa Arriba
Caserío Hacienda Viejo
Caserío Hoja de Sal
Caserío Honduritas
Caserío Jicaron
Caserío La Aldea
Caserío La Angostura
Caserío La Cabaña
Caserío La Cabaña
Caserío La Ceibita
Caserío La Chila
Caserío La Coruña
Caserío La Coyote
Caserío La Gloria
Caserío La India
Caserío La Jagua
Caserío La Joya
Caserío La Joya
Caserío La Línea
Caserío La Majada
Caserío La Montañita
Caserío La Piedrona
Caserío La Piña
Caserío La Puerta
Caserío Las Ánimas
Caserío Las Aradas
Caserío Las Casitas
Caserío Las Cerezas
Caserío Las Champas
Caserío Las Conchas
Caserío Las Delicias
Caserío Las Flores
Caserío Las Lajas
Caserío Las Lajas
Caserío Las Marías
Caserío Las Marías
Caserío Las Marías
Caserío Las Mercedes
Caserío Las Mercedes
Caserío Las Mesas
Caserío Las Peñas
Caserío Las Piletas
Caserío Las Piletas
Caserío Las Termópilas
Caserío Las Victorias
Caserío Lima
Caserío Llanitos
Caserío Llano Grande
Caserío Loma Alta
Caserío Loma de Paja
Caserío Los Angeles
Caserío Los Anteojos
Caserío Los Arenales
Caserío Los Cocos
Caserío Los Huateras
Caserío Los Huateros
Caserío Los Jobos
Caserío Los Magueyes
Caserío Los Menjívar
Caserío Los Pinos
Caserío Los Planes
Caserío Los Planes de Nueva Granda
Caserío Los Pozos
Caserío Los Ranchos
Caserío Los Ranchos
Caserío Los Reyes
Caserío Los Talpetates
Caserío Majoma
Caserío Mariona
Caserío Matala
Caserío Miravalle
Caserío Moncagua
Caserío Monte Cristo
Caserio Montepeque
Caserío Nancintepeque
Caserío Natividad
Caserío Pacún
Caserío Palomar
Caserío Panalito
Caserío Pedregal
Caserío Piedra Blanca
Caserío Potrerito
Caserío Presidio
Caserío Primavera
Caserío Pueblo
Caserío Río Faro
Caserío Río Frío
Caserío Río Grande
Caserío Salamo
Caserío San Andrés Chota
Caserío San Antonio
Caserío San Antonio
Caserío San Antonio Silva
Caserío San Benito
Caserío San Carlos
Caserío San Diego
Caserío San Felipe
Caserío San Francisco
Caserío San Jacinto
Caserío San Jacinto
Caserío San Jerónimo
Caserío San Jerónimo
Caserío San Jorge
Caserío San Jorge y Mazatepeque
Caserío San José
Caserío San José Los Pinalitos
Caserío San Juan Buena Vista
Caserío San Lorenzo
Caserío San Luis
Caserío San Luis Ciénaga
Caserío San Marcos
Caserío San Miguelito
Caserío San Nicolás
Caserío San Pedro
Caserío San Sebastián
Caserío Santa Cruz
Caserío Santa Cruz
Caserío Santa Elena
Caserío Santa Elena
Caserío Santa Inés
Caserío Santa Lucía
Caserío Santa Lucía
Caserío Santa Rita
Caserío Santa Rosa
Caserío Sauce
Caseríos El Salitre
Caseríos Los Mangos
Caserío Sunquenque
Caserío Tempisque
Caserío Tenango
Caserío Valeriana
Caserío Valle Nuevo
Caserío Valle Nuevo
Caserío Venecia
Caserío Veracruz
Caserío Zapote
Caserío Zapúa
Casitas
Catal
Caulote
Caulote
Cauta Abajo
Cauta Arriba
Cedros
Ceiba de Guadalupe
Ceiba del Charco
Ceiba Gacha
Ceibillas
Ceibios
Ceibita
Centeno
Cerco de Piedra
Cerco de Piedra
Cerco de Piedras
Cerritos
Cerro Alto
Cerro Blanco
Cerro Bonito
Cerro Colorado
Cerro Coyol
Cerro de Amatepeque
Cerro de Las Flores
Cerro de San Pedro
Cerro El Jiote
Cerro El Nanzal
Cerro Grande
Cerro Grande
Cerro Pando
Cerro Pelón
Cerros de San Pedro
Chagalapa
Chagüitillo
Chagüitón
Chalatenanga
Chalatenango
Chalchuapa
Chaltepe
Chaltipa
Chamalistagua
Chambala
Chambalo
Chamoco
Chancala
Chancuyo
Chancuyo
Changallo
Chanmico
Chantusnene
Chaparral
Chaparrastique
Chaparro
Chapelcoro
Chapelpique
Chapeltique
Chapina
Charlaca
Chayal
Chepe
Chiapas
Chicunhuexo
Chilagual
Chilahual
Chilama
Chilamatal
Chilamate
Chilamate
Chilamate
Chilamate
Chilamate
Chilamates
Chilanga
Chilanguera
Chilata
Chilcuyo
Chilín
Chilín
Chilincito
Chiltiupán
Chimalapa
Chimamas
Chinamas
Chinameca
Chinanes
Chipilapa
Chiquihuat
Chiragual
Chiricana
Chirilagua
Chocoaique
Chorrera del Guayabo
Chorro Abajo
Chorro Arriba
Chorro Blanco
Chucumba
Chucuyo
Chucuyo
Chunte
Chupadero
Cimarrón
Cimarrón
Cimarron
Cincuya
Cinquera
Ciricuario
Citalá
Citila
Ciudad Arce
Ciudad Barrios
Ciudad de Nueva San Salvador
Ciudad de Sonsonate
Club Atami
Club Salinitas
Coatepeque
Cofradia
Cofradía Nueva
Cojutepeque
Colapa
Colima
Colón
Colón
Colonia América
Colonia Belén
Colonia Buenos Aires
Colonia Carrillo
Colonia Ciudad Jardín
Colonia Conde
Colonia del Milagro
Colonia Dolores
Colonia El Ángel
Colonia El Milagro
Colonia El Pedrerito
Colonia Escalón
Colonia Gavidia
Colonia Guzmán
Colonia Hirlemann
Colonia Joya de Cerén
Colonia La Ceiba
Colonia Las Delicias
Colonia Las Victorias
Colonia Los Andes
Colonia Los Angeles
Colonia Milagro de La Paz
Colonia Monserrate
Colonia Morataya
Colonia Nombre de Jesus
Colonia Palmira
Colonia Panamericana
Colonia San Benito
Colonia San José
Colonia San Judas
Colonia Santa Julia
Colonia Sitio del Niño
Colonia Zamorán
Colonia Zapata
Comacarán
Comalapa
Comalapa
Comalapa
Comapa
Comasagua
Comaylán
Comecayo
Conacastal
Conacaste
Conacaste
Conacaste
Conacaste
Conacaste
Conacaste Herrado
Conaguero
Concepción Batres
Concepción Cañas
Concepción
Concepción
Concepción
Concepción
Concepción
Concepción
Concepción
Concepción
Concepción Corozalito
Concepción de Ataco
Concepción de Oriente
Concepción Jalponga
Concepción Los Planes
Concepción Lourdes
Concepción Quezaltepeque
Conchagua
Conchagüita
Conchagüita
Condadillo
Condadillo
Consolación
Consolación
Consuelo
Copalchán
Copalío
Copantíos
Copapayo
Copapayo
Copetillos
Copinolapa
Copinol
Copinol
Coquiama
Coralito
Cordoncillo
Cordoncillo
Corinto
Corlantique
Corozal
Corozal
Corral de Mulas
Corral de Piedras
Corral Falso
Corralito
Corralito
Corral Viejo
Costa Rica
Coyolar
Coyote
Coyotera
Coyotera
Cruzadilla
Cruzadilla de San Juan
Cruzadilla de Vaqueranos
Cruz del Llano
Cruz Grande
Cruz Verde
Cruz Verde
Cuajinique
Cuapa
Cucurucho
Cuervo Abajo
Cuervo Arriba
Cuesta de La Marina
Cuesta de Marina
Cuevas
Cuevitas
Cuisnahuat
Cujuapa
Cujucullo
Cujucuyo
Cumaro
Cuntán
Cupatacho
Cupinco
Cuquinca
Curarén
Curazao
Cururo
Cusamaluco
Cuscatancingo
Cutumay Camones
Cutumayo
Cuyagualo
Cuyagualo
Cuyanausul
Cuyantepec
Cuyantepeque
Cuyuapa Abajo
Cuyuapa
Cuyucuyo
Cuyuiscat
Cuyultitán
De Bobadilla
Delgado
Delicias de Concepción
Delicias de Concepción
Delicias
Delicias
Delicias del Norte
Desvío San Francisco
Divisadero
Dolores Apulo
Dolores
Dolores
Dos Quebradas
Dulce Nombre de María
Dulce Nombre
Dulce Nombre
Dulce Nombre
Dulce Nombre
Dulce Nombre
El Aceituno
El Aceituno
El Achiotal
El Achiotal
El Achiotal
El Achiote
El Achotal
El Achotal
El Achotal
El Achote
El Aguacate
El Aguacate
El Agua Helada
El Agua Salada
El Ahogado
El Alambre
El Albornoz
El Algodón
El Almendro
El Almidón
El Alto
El Amatal
El Amatal
El Amatal
El Amatal
El Amate
El Amate
El Amate
El Amate
El Amate
El Amatillo
El Amatillo
El Amatillo
El Amatillo
El Amatillo
El Amatón
El Ángel
El Ángel
El Ángel
El Angel Talcualhuya
El Ángel Talcualuya
El Anogado
El Anonal
El Apintal
El Aquino
El Arado
El Arco
El Arco
El Arco
El Arenal
El Arenal
El Avillal
El Bajío
El Balsamar
El Bañadero
El Barillo
El Barrancón
El Barro
El Bartolo
El Bebedero
El Bejuco
El Bejuco
El Bonete
El Borbollón
El Borbollón
El Bosque
El Bosque
El Botoncillal
El Botoncillo
El Bramadero
El Brazo
El Brujo
El Brujo
El Cacao
El Cacao
El Cacao
El Cacao
El Cacao
El Cacao
El Cagalero
El Cáguamo
El Caimito
El Callejón
El Callejón
El Calvario
El Camalote
El Camalote
El Cambio
El Cambio
El Cañal
El Canelo
El Cangrejillo
El Capitán
El Capulín
El Capulín
El Capulín
El Capulín
El Capulín
El Capulín
El Caracol
El Caracol
El Caragón
El Caragual
El Carao
El Carao
El Carao
El Carbonal
El Carbón
El Carmelo
El Carmen
El Carmen
El Carmen
El Carmen
El Carmen
El Carmen
El Carmen
El Carmen
El Carmen
El Carmen
El Carmen
El Carpintero
El Carretero
El Carrizal
El Carrizal
El Carrizal
El Carrizal
El Carrizal
El Carrizal
El Carrizal
El Carrizal
El Carrizo
El Carrizo
El Casco
El Castaño
El Castaño
El Castaño
El Castaño
El Castillo
El Castillo
El Caulote
El Caulote
El Caulote
El Caulotillo
El Cedral
El Cedral
El Cedro
El Cedro
El Cedro
El Centeno
El Centro
El Centro
El Cerrito
El Cerrito
El Cerrito
El Cerro
El Cerro
El Cerro
El Cerro
El Cerro
El Cerro
El Cerrón
El Chaguite
El Chagüite
El Chagüitón
El Chagüitón
El Chahuite
El Chaparral
El Chaparral
El Chaparral
El Chaparro
El Chaparrón
El Chapernal
El Chaperno
El Chayal
El Chayal
El Chichipate
El Chichipate
El Chilamatal
El Chilamate
El Chilamate
El Chilamate
El Chilamate
El Chilar
El Chilar
El Chile
El Chile
El Chile
El Chilin
El Chilinto
El Chingaste
El Chino
El Chiquirín
El Chirizo
El Chiste
El Chorizo
El Chorizo
El Chorrerón
El Chunte
El Chupadero
El Cicahuital
El Cimarrón
El Cimarrón
El Cimarrón
El Ciprés
El Ciprés
El Ciprés
El Ciricuario
El Cirigual
El Cobanal
El Cobanito
El Cóbano
El Cocal
El Coco
El Coco
El Coco
El Coco
El Colorado
El Colorado
El Común
El Conacastal
El Conacaste
El Conacaste
El Conacaste
El Conacaste
El Conacaste
El Conacaste
El Condadillo
El Conde
El Congo
El Consuelo
El Copalío
El Copinol
El Copinol
El Corazal
El Cordoncillo
El Corosal
El Corozal
El Corozal
El Corozal
El Corozal
El Corozo
El Corozo
El Corral
El Corralito
El Cortez
El Coyolar
El Coyolar
El Coyolar
El Coyol
El Coyolito
El Coyolito
El Criba
El Cristo
El Cuco
El Cucurucho
El Cuervo
El Cuje
El Curunco
El Cusumuluco
El Cutal
El Cuyal
El Delirio
El Delirio
El Derrumbado
El Desagüe
El Desparrame
El Desparramo
El Despoblado
El Despoblado
El Diamante
El Divisadero
El Divisadero
El Divisadero
El Dorado
El Durazneño
El Duraznillo
El Durazno
El Durazno
El Edén
El Encantado
El Encumbrado
El Escalón
El Escarbadero
El Escobal
El Escondido
El Escorpión
El Espinal
El Espinal
El Espino Abajo
El Espino Arriba
El Espino
El Espino
El Espino
El Espino
El Espino
El Espino
El Espino
El Espíritu Santo
El Espíritu Santo
El Faro
El Faro
El Filo
El Flor
El Fraile
El Garrote
El Gavilán
El Gavilán
El Gigante
El Golandrino
El Golfo
El Gramal
El Guaje
El Guajiniquil
El Guamo
El Guapinol
El Guásimo
El Guatalón
El Guayabillo
El Guayabito
El Guayabito
El Guayabo
El Guayabo
El Guayabo
El Guayabo
El Guayabo
El Guayabo
El Guaycume
El Güiligüistal
El Güiligüiste
El Guilihuiste
El Guineo
El Guineo
El Guineo
El Güiscoyolito
El Güisnay
El Gumeo
El Havilla
El Havillal
El Herrado
El Higuerón
El Hondable
El Hormiguero
El Hotel
El Huatalón
El Huiscoyolate
El Huiscoyol
El Huiscoyol
El Huiscoyol
El Huiscoyolito
El Imposible
El Irayol
El Iscatal
El Izcatal
El Izotal
El Jabalí
El Jabalincito
El Jagüey
El Jicaral
El Jicaral
El Jicarillo
El Jícarito
El Jícarito
El Jícaro
El Jícaro
El Jícaro
El Jícaro
El Jícaro
El Jícaro
El Jícaro
El Jicarón
El Jicarón
El Jiote
El Jiote
El Jobal
El Jobito
El Jobo
El Jobo
El Jobo
El Jobo
El Joco
El Jocomontique
El Jocotal
El Jocote Dulce
El Jocote
El Jocote
El Jocote
El Jocote
El Jocotillo
El Jocotillo
El Jocotillo
El Julupe
El Junquillal
El Junquillo
El Junquillo
El Junquillo
El Junquillo
El Jurón
El Jutal
El Jute
El Jute
El Jutillo
El Jutio
El Lagartero
El Lago
El Lajero
El Lazareto
El León
El Líbano
El Ligano
El Limar
El Limo
El Limo
El Limo
El Limón
El Limón
El Limón
El Limón
El Limón
El Limón
El Limón
El Limón
El Limón
El Llano
El Llano
El Llano
El Llano
El Majagual
El Majahual
El Malpaso
El Maneadero
El Manguito
El Manguito
El Manguito
El Manzanillo
El Marañon
El Marillo
El Marquesado
El Marquesado
El Marquezado
El Marquezado
El Martillo
El Matazano
El Matazano
El Matazano
El Matazano
El Matazano
El Matazano
El Mestizo
El Mico
El Milagro
El Milagro
El Mogote
El Mogotillo
El Mojón
El Mojón
El Mojón
El Mojón
El Mojón
El Molino
El Molino
El Molino
El Monarca
El Monito
El Mono
El Mono
El Moral
El Morro
El Morro
El Mostacillar
El Mozote
El Mundo Nuevo
El Nacaspilo
El Nance Dulce
El Nance
El Nance
El Nance
El Nancito
El Nanzal
El Naranjito
El Naranjito
El Naranjo
El Naranjo
El Naranjo
El Nazareno
El Negro
El Niño
El Nisperal
El Nisperal
El Níspero
El Níspero
El Níspero
El Nispero
El Níspero
El Norte
El Obrajito
El Obrajuelo
El Obrajuelo
El Obrajuelo Lempa
El Ocotal
El Ocote
El Ocre
El Ojeo
El Ojo de Agua
El Ojushte
El Ojushte
El Ojuste
El Pacún
El Pacún
El Paisnal
El Pajal
El Pajarito
El Palmar
El Palmital
El Palmo
El Palmo
El Palomar
El Palomar
El Palomar
El Palo Negro
El Palón
El Palón
El Palo Verde
El Panal
El Panal
El Papalón
El Papalón
El Papaturral
El Papayal
El Paraíso
El Paraíso
El Paraíso
El Paraíso
El Paraíso
El Paraíso
El Paraíso
El Paraíso
El Paredón
El Paste
El Pastor
El Paxte
El Pedernal
El Pedregal
El Pedregal
El Peinado
El Peñón
El Peñón
El Peñón
El Pepenance
El Pepeto
El Pepeto
El Pepeto
El Pepeto
El Perical
El Perical
El Petatero
El Pezate
El Pezote
El Picacho
El Picacho
El Picacho
El Piche
El Pichito
El Pichón
El Pico
El Pilón
El Pimiental
El Pinal
El Pinito
El Pino
El Pinto
El Pital
El Pital
El Planón
El Planón
El Platanar
El Platanar
El Platanar
El Playón
El Playón
El Polvo
El Porfiado
El Porrillo
El Portezuelo de La Cañada
El Portezuelo
El Portezuelo
El Portillito
El Portillo del Ujushte
El Portillo
El Portillo
El Portillo
El Portillo
El Portillo
El Portzuelo
El Porvenir Aguacayo
El Porvenir
El Porvenir
El Porvenir
El Porvenir
El Porvenir
El Porvenir
El Porvenir
El Porvenir Jocotillo
El Potosí
El Potrerillo
El Potrero
El Poy
El Pozo
El Pozón
El Presidio
El Progreso
El Progreso
El Progreso
El Progreso
El Pueblo de Santo Domingo de Guzmán
El Puente
El Puente
El Puente
El Pulguero
El Pulido
El Puntito
El Quebracho
El Quebracho
El Quequeishque
El Quequeisque
El Ranchador
El Rebalse
El Rebalse
El Rebelde
El Refugio
El Refugio
El Regadío
El Resbaladero
El Rincón
El Rincón
El Rincón
El Rincón
El Roblar
El Roblar
El Roble
El Roble
El Roble
El Roble
El Roble
El Roblito
El Rodeo
El Rodeo
El Rodeo
El Rodeo
El Rodeo
El Rodeo
El Rodeo
El Roquinte
El Rosario
El Rosario
El Rosario
El Rosario
El Rosario
El Rosario
El Rosario
El Rosario
El Rosario
El Rosario
El Rosario
El Rosario Tablón
El Rotillo
El Rucio
El Sacamil
El Sacazil
El Saco
El Sacramento
El Saitillal
El Salamar
El Salamar
El Salamo
El Sálamo
El Salitre
El Salitre
El Salitre
El Salitre
El Salto
El Salto
El Salto
El Salto
El Salto San Jose
El Salvador
El Saso
El Sauce
El Sauce
El Sauce
El Sauce
El Sauce
El Semillero
El Señor
El Shiste
El Sicahuital
El Sicahuite
El Sinai
El Sincuyo
El Siricuario
El Sisimitepet
El Sitio de los Nejapas
El Sitio de Santa Lucía
El Sitio
El Sitio
El Sitio
El Sitio
El Sitio
El Social
El Socorro
El Socorro
El Socorro
El Sombrerito
El Suncita
El Sunza
El Sunza
El Sunzal
El Tablazo
El Tablón
El Tablón
El Tablón
El Tablón
El Tablón
El Tablón
El Tablón
El Tablón
El Tablón
El Tablón
El Tablón
El Tablón
El Talpetate
El Talpetate
El Talpetate
El Talpetate
El Talquezal
El Tamarindito
El Tamarindo
El Tamarindo
El Tamboral
El Tamboral
El Tambor
El Tanque
El Tapechame
El Tapesco
El Tecolote
El Tecomatal
El Tecomatal
El Tegual
El Tejar
El Tejar
El Telpetate
El Tempiscal
El Tempisque
El Tempisque
El Terrerito
El Terrero
El Terrero
El Tesoro
El Tiangue
El Tigre
El Tigre
El Tigre
El Tinteral
El Tinteral
El Tizate
El Tizate
El Tizatillo
El Torrero
El Tortuguero
El Tortuguero
El Tránsito
El Tránsito
El Tránsito
El Tránsito
El Tránsito
El Tránsito
El Tránsito
El Trapichón
El Trilladero
El Trillo
El Triunfo
El Triunfo
El Triunfo
El Triunfo
El Triunfo
El Triunfo
El Tronadero
El Tronador
El Tronconal
El Tule
El Tuno
El Ujushtal
El Ujushte
El Valle Grande
El Volcancillo
El Volcancillo
El Volcancillo
El Volcán
El Volcán
El Volcán
El Volcán
El Yurique
El Zacamil
El Zacamil
El Zacamil
El Zacamil
El Zacatal
El Zacatoso
El Zamorán
El Zamorán
El Zapatero
El Zapotal
El Zapotal
El Zapotal
El Zapotal
El Zapote
El Zapote
El Zapote
El Zapote
El Zapote
El Zapote
El Zapote
El Zapote
El Zapote
El Zapote
El Zapote
El Zapote
El Zapotillo
El Zarzal
El Zarzal
El Zarzalito
El Zarzel
El Zompopo
El Zonte
El Zope
El Zope
El Zope
El Zorral
El Zúngano
El Zunza
El Zunzal
El Zurrón
Encumbrado
Entre Ríos
Eramón
Ereguayquín
Escalante
Escalón
Escarbadero
Escondido
Espino Abajo
Espino Arriba
Espíritu Santo
Esquipulas
Estanzuelas
Estanzuelas
Estanzuelas
Eucalipto
Eugenio
Faya
Finca Agua Shuca
Finca Barrios
Finca Buenavista
Finca Campana
Finca El Carmen
Finca el Carmen
Finca El Chorro
Finca El Espino
Finca El Pinalito
Finca El Ranchón
Finca El Sinai
Finca Flor Amarilla
Finca La Angostura
Finca La Cruz
Finca La Marina
Finca La Placita
Finca Las Canoas
Finca Las Cruces
Finca Las Mercedes
Finca Las Mercedes
Finca Las Mercedes
Finca Las Tinieblas
Finca Las Victorias
Finca Linda Vista
Finca Los Pinos
Finca Miramar
Finca Monarca
Finca San Antonio
Finca San Cayetano
Finca San José
Finca San José
Finca San Luis
Finca Santa Elena
Finca Suchinango
Finca Venecia
Finca Venecia
Finca Victoria
Finca y Beneficio el Espino
Flamenco
Flor Amarilla Abajo
Flor Amarilla
Flor del Muerto
Flor Muerta
Frutilla
Gabilan
Galeano
Galera Quemada
Galingagua
Garita Palmera
Gavilán
Gigante
Gilovasco
Girón
Gotera
Granada
Guacamaya
Guacamaya
Guacamaya
Guacamayo
Guacamayo
Guacamayo
Guachipilín
Guachipilín
Guachipilín
Guachipilín
Guachua
Guacotecti
Guacuco
Guadalupe
Guadalupe
Guadalupe
Guadalupe
Guadalupe
Guadalupe
Guadalupe La Zorra
Guajiniquil
Guajiniquil
Guajoyo
Gualache
Gualcho
Gualchua
Gualcimaca
Gualindo Abajo
Gualindo Centro
Gualindo
Gualococti
Gualora
Gualosito
Gualpiapur
Gualpirque
Gualuca
Guanacastal
Guanacaste
Guanaste
Guanijiquil
Guapa
Guapinol
Guaripe
Guarjila
Guarnecia
Guarumal
Guarute
Guasapa
Guascota
Guascotía
Guatajiagua
Guatinluca
Guatinlucas
Guatinuco
Guayabillas
Guayabito
Guayabo
Guayaltepec
Guayaltepe
Guayapa Abajo
Guayapa Arriba
Guayapa
Guayape
Guaymango
Guaymoco
Guazacapán
Guazapa
Guchipilín
Gueripe
Guerrero
Güiligüiste
Güiligüiste
Güilihüiste
Guineo
Güiscoyol
Güisiltepeque
Guisquil
Gutiérrez
Hachadura
Hacienda Achacualpa
Hacienda Agua Fuerte
Hacienda Amatitán Arriba
Hacienda Amatitán
Hacienda América
Hacienda Astoria
Hacienda Atalaya
Hacienda Atiocoyo
Hacienda Ayuta
Hacienda Azacualpa
Hacienda Barrios
Hacienda Bermuda
Hacienda Bolívar
Hacienda Bonete
Hacienda Buena Vista
Hacienda California
Hacienda Cangrejera
Hacienda Cantora
Hacienda Casa Mota
Hacienda Catarina
Hacienda Chaguantique
Hacienda Chahuantique
Hacienda Chamoco
Hacienda Chepona
Hacienda Chilanguera
Hacienda Colapa
Hacienda Colima
Hacienda Colina
Hacienda Comalapa
Hacienda Concepción
Hacienda Consolación
Hacienda Copapayo
Hacienda Corlantique
Hacienda Corral de Mulas
Hacienda Cuyagualo
Hacienda Danta
Hacienda El Banco
Hacienda El Bebedero
Hacienda El Cacao
Hacienda El Cañal
Hacienda El Chagüite
Hacienda El Chino
Hacienda El Congo
Hacienda El Cortijo
Hacienda El Coyol
Hacienda El Dorado
Hacienda El Fraile
Hacienda El Icacal
Hacienda El Imposible
Hacienda El Jobal
Hacienda El Jocote
Hacienda El Lavadero
Hacienda El Marquezado
Hacienda El Mico
Hacienda El Palmar
Hacienda El Paraíso
Hacienda El Platanar
Hacienda El Playón
Hacienda El Progreso
Hacienda El Rosario
Hacienda El Salto
Hacienda El Sitio
Hacienda El Trapchón
Hacienda El Triunfo
Hacienda El Zope
Hacienda Finca el Zunza
Hacienda Grande
Hacienda Guajoyo
Hacienda Guarnecia
Hacienda
Hacienda Ingeniero el Zunza
Hacienda Jalponga
Hacienda Jiboa
Hacienda Jocote
Hacienda La Alcancía
Hacienda La Asunción
Hacienda La Barra
Hacienda La Bolsona
Hacienda La Cabaña
Hacienda La Calzada
Hacienda La Cangrejera
Hacienda La Canoa
Hacienda La Canoa
Hacienda La Carrera
Hacienda La Catarina
Hacienda La Chepona
Hacienda La Concordia
Hacienda La Cruz
Hacienda La Danta
Hacienda La Estancia
Hacienda La Finca
Hacienda La Florida
Hacienda Laguna
Hacienda La Hulera
Hacienda La Isla
Hacienda La Joya
Hacienda La Joya
Hacienda La Laguna
Hacienda La Normandía
Hacienda La Palestina
Hacienda La Poza
Hacienda La Puebla
Hacienda Las Americas
Hacienda Las Canoas
Hacienda Las Flores
Hacienda Las Mesas
Hacienda Las Mezas
Hacienda La Soledad
Hacienda Las Palmeras
Hacienda Las Piletas
Hacienda Las Trancas
Hacienda Limones
Hacienda Lisandro Cruz
Hacienda Lomachata
Hacienda Los Ángeles
Hacienda Los Apoyos
Hacienda Los Jobos
Hacienda Los Lagartos
Hacienda Los Limones
Hacienda Los Limones
Hacienda Los Mangos
Hacienda Los Moreno
Hacienda los Naranjos
Hacienda Los Romero
Hacienda Machotique
Hacienda Madresal
Hacienda Marillo
Hacienda Marquezado
Hacienda Marranitos
Hacienda Masatepeque
Hacienda Mechotique
Hacienda Melara
Hacienda Monares
Hacienda Montepeque
Hacienda Monte Velmo
Hacienda Nahualapa
Hacienda Natividad
Hacienda Normandía
Hacienda Nueva de Chilanguera
Hacienda Nueva
Hacienda Nueva
Hacienda Nueva
Hacienda Obrajuelo
Hacienda Ojo de Agua
Hacienda Ojos de Agua
Hacienda Ostúa
Hacienda Palestina
Hacienda Palmera
Hacienda Palmira
Hacienda Paredes
Hacienda Parras Lempa
Hacienda Petacones
Hacienda Piletas
Hacienda Pishishapa
Hacienda Plan de La Laguna
Hacienda Primavera
Hacienda Puerto Caballo
Hacienda Puertona
Hacienda San Antonio
Hacienda San Antonio
Hacienda San Antonio
Hacienda San Benito
Hacienda San Carlos
Hacienda San Cayetano
Hacienda San Cayetano
Hacienda San Diego
Hacienda San Diego
Hacienda San Felipe
Hacienda San Felipe
Hacienda San Felipe
Hacienda San Francisco
Hacienda San Isidro
Hacienda San Isidro
Hacienda San Isidro
Hacienda San Isidro
Hacienda San José Arrazola
Hacienda San José
Hacienda San José
Hacienda San José
Hacienda San José
Hacienda San Juan Buena Vista
Hacienda San Juan del Gozo
Hacienda San Juan
Hacienda San Lorenzo
Hacienda San Lucas
Hacienda San Luis
Hacienda San Marcos
Hacienda San Mariano
Hacienda San Pedro
Hacienda San Pedro
Hacienda San Rafael
Hacienda San Ramón
Hacienda San Ramón
Hacienda San Román
Hacienda Santa Adela
Hacienda Santa Ana
Hacienda Santa Anita
Hacienda Santa Bárbara
Hacienda Santa Bárbara
Hacienda Santa Clara
Hacienda Santa Clara
Hacienda Santa Elena
Hacienda Santa Emilia
Hacienda Santa Emilia
Hacienda Santa Gertrudis
Hacienda Santa Rosa Calapa
Hacienda Santa Rosa
Hacienda Santa Rosa
Hacienda Santa Rosa
Hacienda Santo Tomás
Hacienda Segura
Hacienda Singüil
Hacienda Tamera
Hacienda Tangolona
Hacienda Taquillo
Hacienda Taquio
Hacienda Tepiagua
Hacienda Tierra Blanca
Hacienda Tilapa
Hacienda Tongolona
Hacienda Trapichón
Hacienda Tutultepeque
Hacienda Vieja Chilanguera
Hacienda Vieja
Hacienda Vieja
Hacienda Vieja
Hacienda Vieja
Hacienda Yayantique
Hacienda Zamorán
Hacienda Zanoran
Hacienda Zapotitán
Haciendita
Hatillos
Hato de Los Reyes
Hato Nuevo
Hato Nuevo
Hatos de Los Reyes
Hatos de Reyes
Higueral
Higueras
Hilobasco
Hiscoyol
Hoja de Sal
Hojas de Sal
Hondable
Honduritas
Honduritas
Horconcillos
Horcones
Hormiguero
Hualama
Hualazo
Hualoso
Huertas Viejas
Huilihuiste
Huilihuiste
Huiscoyo
Huiscoyolate
Huiscoyol
Huisiltepeque
Huiziltepeque
Huizitepeque
Huizúcar
Huizúcar
Hule Chacho
Ichanguezo
Ichanqueso
Ichanquezo
Iglesia Vieja
Ilobasco
Ilopango
Ilquilisco
India
Ingeniero San Andrés
Ingenio El Ángel
Ingenio La Fincona
Ingenio Omoa
Ingenio Prusia
Ingenio San Andres
Ingenio Talcualuya
Intipucá
Iravol
Iscatal
Ishuatán
Isla del Cerro
Isla de Méndez
Isleta
Istagapán
Istagua
Istepeque
Ixtepeque
Izalco
Izcanales
Izcaquilío
Izcatal
Jabalí
Jabalinón
Jaguatalla
Jaguataya
Jalacatal
Jalponga
Jalponguita
Jayaque
Jayuca
Jayuca
Jeronimo
Jerusalén
Jiboa
Jicalapa
Jicaras
Jícaras Largas
Jicaro
Jícaro
Jícaro
Jiñuco
Jiquilisco
Jirón
Joateca
Jobal Arrozales
Jocoaitique
Joco
Jocomontique
Joconcota
Jocoro
Jocotán
Jocote Dulce
Jocotillo
Jocotillo
José Gualozo
José Luna
Joval
Joya Ancha Abajo
Joya Ancha Arriba
Joya Ancha
Joya de Cerén
Joya de Cerén
Joya del Maguey
Joya del Matazano
Joya del Monte Grande
Joya del Pilar
Joya del Platanar
Joya del Zapote
Joya del Zapotillo
Joya de Monte Grande
Joya de Munguía
Joya de Ventura
Joya El Zapote
Joya Galana
Joya Girón
Joya Grande
Joya Grande
Joya
Joyas de Girón
Joyas de Monte Grande
Joya Verde
Juan Higinio
Juan Higinjo
Juan Yánez
Juayúa
Jucuapa
Jucuarán
Jujutla
Julupe
Junquillar
Junquillo
Junquillo
Jutiapa
Jutillo
La Agencia
La Alcancía
La Aldea
La Aldea
La America
La Anchila
La Angostura
La Angostura
La Angostura
La Angostura
La Anona
La Arenera
La Argentina
La Arrinconada
La Asunción
La Barahona
La Barca
La Barra
La Basa
La Baza
La Bermuda
La Bermuda
La Bocana
La Bolsa
La Bolsa
La Bolsona
Labranza
La Breña
La Cabaña
La Cabaña
La Cabaña
La Cabaña
La Calavera
La Calera
La Calera
La Calzada
La Cañada
La Cañada
La Cañada
La Cañada
La Cañada
La Cañada
La Candelilla
La Cangrejera
La Cangrejera
La Canoa
La Canoa
La Cantarera
La Carbonera
La Carbonera
La Caridad
La Carrera
La Casona
La Catarina
La Cebadilla
La Ceiba de Agua
La Ceiba de Guadalupe
La Ceiba
La Ceiba
La Ceiba
La Ceiba
La Ceiba
La Ceiba
La Ceibita
La Ceibita
La Chacara
La Chacra
La Chacra
La Chapina
La Chepona
La Chila
La China
La Chiricana
La Chorrera del Guayabo
La Chorrera
La Cienaga
La Ciudad de Nueva San Salvador
La Cofradía
La Colonia
La Comunidad
La Concepción
La Concepción
La Concordia
La Constancia
La Coruña
La Costanera
La Coyota
La Coyotera
La Coyotera
La Criba
La Cruces
La Cruzadilla de San Juan
La Cruzadilla
La Cruz del Mojón
La Cruz Grande
La Cruz
La Cruz
La Cruz
La Cruz
La Cruz
La Cruz
La Cruz
La Cruz Verde
La Cuchilla
La Cuchilla
La Cuchilla
La Cuchilla
La Cuchilla
La Cuesta
La Cuestona
La Cumbre
La Cumbre
La Cumbre
La Danta
La Danta
La Danta
La Dubona
La Ensenada
La Ermita
La Ermita
La Escondida
La Escopeta
La Esmeralda
La Esperanza
La Esperanza
La Esperanza
La Esperanza
La Esperanza
La Esperanza
La Estancia
La Estancia
La Estancia
La Estrechura
La Fincona
La Florida
La Florida
La Flor
La Flor
La Flor
La Fragua
La Frutilla
La Fuente
La Fuente
La Galera
La Gallina
La Gallinera
La Garita
Lagartero
La Gloria
La Gloria
La Gloria
Lagnetas
La Granadilla
La Guacamaya
La Guascota
La Guayabilla
Laguna
Laguna Seca
Laguneta
Laguneta
Lagunetas
Lagunetas
Lagunetas
Lagunita
La Hachadura
La Hacienda
La Haciendita
La Herradura
La Hulera
La India
La Isla
La Isla
La Isla
La Isleta
La Isleta
La Jabilla
La Jagua
La Jagua
Lajas y Canoas
La Javía
Lajitas
Lajitas
La Joya del Pilar
La Joya
La Joya
La Joya
La Joya
La Joya
La Joya
La Joya
La Joya
La Joya
La Joya
La Joya Redonda
La Joyita
La Junta
La Labor
La Labor
La Labranza
La Laguna
La Laguna
La Laguna
La Laguna
La Laguna
La Laguna
La Laguna
La Laguna Seca
La Laguneta
La Laguneta
La Laguneta
La Laguneta
La Leona
La Libertad
La Libertad
La Lima
La Línea
La Loma
La Loma
La Loma
La Loma
La Lomega
La Lomita
La Longaniza
La Longaniza
La Lucha
La Magdalena
La Majada
La Majada
La Majada
La Manzanilla
La Maquina
La Maraña
La Mona
La Mona
La Montaña
La Montaña
La Montaña
La Montaña
La Montañita
La Montañita
La Montañita
La Montañita
La Montañita
La Mora
La Morita
La Mula
La Noria
La Nueva Encarnación
La Nueva
La Orilla
La Palanca
La Palanca
La Palestina
La Palma
La Palma
La Palma
La Palma
La Palmera
La Palomilla
La Pandeadura
La Parada
La Paz
La Paz
La Paz
La Pelota
La Peña
La Peña
La Peñita
La Periquera
La Periquera
La Perla
La Piedrona
La Pila
La Piña
La Pinte
La Piragua
La Pitahaya
La Pita
La Placita
La Placita
La Playa
La Poza
La Presa
La Presa
La Presa
La Presa
La Preza
La Preza
La Primavera
La Puebla
La Puebla
La Puente
La Puerta de La Laguna
La Puerta
La Puerta
La Puerta
La Puerta
La Puerta
La Puerta Quemada
La Puertona
La Quebrada Española
La Quebrada
La Quebradona
La Quesadilla
La Quesera
La Quesera
La Quesera
La Reforma
La Reina
La Rinconada
La Rinconada
La Romalgena
La Romalguena
La Ruda
La Sabana
Las Acosta
Las Ahogadas
Las Albornos
Las Almohadas
La Sambombera
Las Angosturas
Las Ánimas
Las Ánimas
Las Ánimas
Las Ánimas
Las Anonas
Las Anonas
Las Aradas
Las Aradillas
Las Barrancas
Las Barrosas
Las Brisas
Las Brisas
Las Cabañitas
Las Calavera
Las Calaveras
Las Caleras
Las Cañas
Las Cañas
Las Cañas
Las Cañitas
Las Canoas
Las Caricias
Las Casitas
Las Casitas
Las Casitas
Las Casitas
Las Casitas
Las Ceibas
Las Cerezas
Las Chachas
Las Champas
Las Charcas
Las Chinamas
Las Chinimas
Las Cocinas
Las Colinas
Las Conchas
Las Conchas
Las Conchas
Las Cruces
Las Cruces
Las Cruces
Las Cruces
Las Cruces
Las Cruces
Las Crucitas
Las Cuchillas
Las Cuchillas
Las Cuevas
Las Cuevitas
Las Dantas
Las Delicias
Las Delicias
Las Delicias
Las Delicias
Las Delicias
Las Delicias
Las Delicias
Las Delicias
Las Delicias
Las Dispensas
Las Dos Hojas
Las Flores
Las Flores
Las Flores
Las Flores
Las Flores
Las Flores
Las Granadillas
Las Granadillas
Las Guarumas
Las Guarumas
Las Guayabas
Las Higueras
Las Higueras
La Shila
Las Hojas
Las Hojas
Las Hojas
Las Hojas
Las Huateras
Las Huertas
La Siguanaba
Las Isletas
Las Joyas
Las Lagunetas
Las Lagunitas
Las Lajas
Las Lajas
Las Lajas
Las Lajas
Las Lajas
Las Lajitas
Las Lajitas
Las Limas
Las Llaves
Las Lomas
Las Lomas
Las Lomas
Las Lomitas
Las Lomitas
Las Margaritas
Las Marías
Las Marías
Las Marías
Las Marías
Las Marías
Las Marías
Las Marías
Las Mercedes
Las Mercedes
Las Mercedes
Las Mercedes
Las Mesas
Las Mesas
Las Mesas
Las Mesas
Las Mesas
Las Mesas
Las Mesas
Las Mesitas
Las Minas
Las Minas
Las Minitas
Las Moras
Las Negritas
La Soledad
La Soledad
La Soledad
Las Pacayas
Las Palmeras
Las Pavas
Las Pavas
Las Peñas
Las Peñas
Las Peñitas
Las Peñitas
Las Piedras
Las Piedras
Las Piedritas
Las Piedronas
Las Pilas
Las Pilas
Las Pilas
Las Piletas
Las Piletas
Las Piletas
Las Piñas
Las Pitas
Las Playitas
Las Quebradas
Las Quebradas
Las Queseras
Las Raices
Las Rosas
Las Salinas de Ayacachapa
Las Salinas
Las Salinas
Las Salinas
Las Salinas
Las Tablas
Las Tablas
Las Tablas
Las Tablas
Las Tapias
Las Termópilas
Las Tijeras
Las Tijeretas
Las Tinahas
Las Tinajas
Las Tinieblas
Las Trancas
Las Trancas
Las Trancas
Las Tres Ceibas
Las Tres Ceibas
Las Trincheras
Las Trojas
Las Tunas
Las Tunas
Las Tunas
La Suncuya
Las Uvillas
Las Vegas
Las Vegas
Las Ventanas
Las Ventas
Las Victorias
Las Victorias
Las Victorias
Las Vueltas
Las Zelayas
La Tasajera
La Tijereta
La Tirana
La Toma
La Tortuga
La Trinchera
La Trinidad
La Trinidad
La Trinidad
La Trinidad
La Trombina
La Trompina
La Tronconada
La Unión Corozal
La Unión
La Unión
La Unión
La Unión
Laureles
La Uvilla
La Villa de El Triunfo
La Virgen
La Virgen
La Virgen
La Zambombera
La Zanja
León de Piedra
Lepaz
Libertad
Lievano
Lima
Linda Vista
Lislique
Llano Alegre
Llano Blanco
Llano de Doña María
Llano de la Cruz
Llano de la Hacienda
Llano de La Laguna del Espino
Llano de La Laguna
Llano de la Majada
Llano de Las Majadas
Llano de Las Rosas
Llano de La Virgen
Llano del Coyol
Llano del Hoyo
Llano del Muerto
Llano de Los Patos
Llano de Santiago
Llano El Ángel
Llano El Azote
Llano El Irire
Llano Grande de La Piedra
Llano Grande de Las Piedras
Llano Grande
Llano Grande
Llano Grande
Llano Grande
Llano Grande
Llano La Ceiba
Llano Largo
Llano Largo
Llano Los Patos
Llanos de Achichilco
Llano Verde
Llano Verde
Lolotique
Lolotiquillo
Loma Aislada
Loma Alarcón
Loma Alta
Loma Alta
Loma Alta
Loma Alta
Loma Alta
Loma Chata
Loma Chata
Loma de Alarcón
Loma de Chepe
Loma de La Gloria
Loma de la Peña
Loma de Las Delicias
Loma del Muerto
Loma de Los González
Loma de Paja
Loma de Ramos
Loma de Santiago
Loma El Espino
Loma Grande
Loma La Gloria
Loma Larga
Loma Larga
Loma Larga
Loma Larga
Loma Larga
Loma Los González
Loma Monte Hermoso
Lomas de Candelaria
Lomas del Caulote
Lomas del Copinol
Lomas de Peña
Lomas de San Marcelino
Lomas de Santiago
Lomas El Zope
Lomas San Marcelino
Loma y Media
Los Abelines
Los Acosta
Los Acostas
Los Almendros
Los Alpes
Los Alvarenga
Los Amate
Los Amates
Los Amates
Los Amates
Los Amates
Los Amates
Los Amates
Los Amates
Los Andes
Los Ángeles
Los Ángeles
Los Angostures
Los Anisales
Los Anizales
Los Anteojos
Los Apoyos
Los Arenales
Los Arrozales
Los Ayala
Los Barillas
Los Barrillas
Los Batres
Los Berríos
Los Blancos
Los Calderón
Los Campos
Los Cañales
Los Cerritos
Los Chagüites
Los Chapetones
Los Charcos
Los Chilamates
Los Chilamates
Los Chives
Los Chivos
Los Chorres
Los Chorros
Los Cipreses
Los Cóbanos
Los Conacastes
Los Conejos
Los Corrales
Los Cruz
Los Desamparados
Los Dos Cerros
Los Dubón
Los Ejidos
Los Encuentros
Los Encuentros
Los Encuentros
Los Escalante
Los Escobar
Los Esperanza
Los Espinos
Los Espinos
Los Eucaliptos
Los Filos
Los Flores
Los González
Los Gramales
Los Guachipilines
Los Guardado
Los Guillén
Los Gutiérrez
Los Hatillos
Los Hatos de los Reyes
Los Henríquez
Los Horcones
Los Horcones
Los Horcones
Los Horcones
Los Horcones
Los Hornitos
Los Hornos
Los Hoyos
Los Huatales
Los Huatalones
Los Huateros
Los Isotes
Los Izotes
Los Jiotes
Los Jobos
Los Jobos
Los Jobos
Los Lagartos
Los Laureles
Los Laureles
Los Laureles
Los Laureles
Los Limones
Los Limones
Los Limones
Los Llanitos
Los Llanitos
Los Llanitos
Los Llanitos
Los Llanitos
Los Magueyes
Los Majados
Los Mangos
Los Mangos
Los Mangos
Los Mangos
Los Mangos
Los Marines
Los Marquez
Los Marranitos
Los Martínez
Los Martínez
Los Melgar
Los Méndez
Los Mendoza
Los Menjívar
Los Menjívar
Los Miranda
Los Mogotes
Los Mojones
Los Morales
Los Moreira
Los Munguía
Los Naranjitos
Los Naranjos
Los Naranjos
Los Naranjos
Los Naranjos
Los Naranjos
Los Navarrete
Los Negritos
Los Negritos
Los Novillos
Los Nuñez
Los Olotes
Los Orteces
Los Ortez
Los Ortiz
Los Pajales
Los Pajales
Los Palmitos
Los Palones
Los Papalones
Los Patos
Los Picachos
Los Piedror
Los Pilones
Los Piñalitos
Los Piñaritos
Los Pinos
Los Planes de La Laguna
Los Planes de Nueva Granada
Los Planes de San Sebastián
Los Planes
Los Planes
Los Planes
Los Planes
Los Platanares
Los Platanares
Los Portillo
Los Portillos
Los Portillos
Los Pozos
Los Pozos
Los Pozos
Los Prados
Los Puentecitos
Los Quebrados
Los Ramirez
Los Ramírez
Los Ranchos
Los Ranchos
Los Ranchos
Los Ranchos
Los Ranchos
Los Ranchos
Los Remedios
Los Reyes
Los Reyes
Los Riítos
Los Rincones
Los Ríos
Los Rivas
Los Rodas
Los Rodríguez
Los Romero
Los Rubio
Los Rubios
Los Sánchez
Los Sitios
Los Sitios
Los Sorto
Los Tablones
Los Talnetes
Los Talpetates
Los Talpetates
Los Talpetates
Los Talpetates
Los Tecomates
Los Terreros
Los Toles
Los Torunos
Los Tres Chorros
Los Troncones
Los Tunalmiles
Los Urías
Los Vásquez
Los Ventura
Los Zacatales
Los Zacatillos
Los Zelaya
Los Zelayas
Los Zepeda
Los Zetino
Lourdes
Lousiana
Macance
Maculís
Madre Sal
Madresal
Maguey
Maiguera
Majada
Majada Vieja
Majoma
Majuma
Malacoff
Malacof
Mal Paso
Managuara
Manaquil
Manuel José Arce
Manzanilla
Manzanillas
Maquigüe
Maquihue
Maquilishuat
Marcelino
Masahuat
Masajapa
Masala
Masatepeque
Masatepeque
Mascarón
Matala
Matalapa
Matapalo
Matasi
Matazano
Mayucaquín
Mazacúa
Mazajapa
Mazatepeque
Mazatepeque
Meanguera de Golfo
Meanguera del Golfo
Meanguera
Mejicanos
Mejicapa
Melara
Meléndez
Melgar
Menjivar
Mercedes La Ceiba
Mercedes
Mercedes
Mercedes
Mercedes Umaña
Mesetas
Metalío
Metapán
Mexicanos
Michapa
Milingo
Milingo
Minas de Plomo
Minas
Mineral Barrios
Mineral Divisadero
Mineral el Divisadero
Mineral El Potosí
Mineral Los Encuentros
Mineral Montecristo
Minero El Potosi
Minitas
Minitas
Miracapa
Miracopa
Miraflor Arriba
Miraflores Arriba
Miraflores
Miraflores
Miramar
Miramar
Miramar
Mirandilla
Miravalle
Miravalles
Mizata
Mogotes
Mogotillo
Mojones
Mojon Valle Candelaria
Molineros
Molino
Molino
Monares
Moncagua
Moncagua
Monserrate
Montañita Jícaro
Montañita Linares
Montañita
Montañita
Montañita
Monte Alegre
Montebello
Monteca
Montecillo
Montecillos
Montecristo
Montecristo
Montecristo
Monte de San Juan
Monte Fresco
Monte Grande
Monte Hermoso
Monte Mayor
Montenegro
Montepeque
Monte Redondo
Monterico
Monte San Juan
Monte Velmo
Monte Verde
Monte Verde
Montserrat
Morontepeque
Moropala
Morro Grande
Morro Grande
Morro
Mosquito
Mozote
Muerto
Mundo Nuevo
Mundo Nuevo
Mundo Nuevo
Munguía
Nacascol
Nacascolo
Nacaspilo
Nahualapa
Nahuaterique
Nahuilingo
Nahuizalco
Nahulingo
Nanastepeque
Nance Dulce
Nance Verde
Nance Verde
Nancintepeque
Nancistepeque
Natividad
Natividad
Nauizalco
Navarrete
Nazareth
Nazaret
Negro
Nejapa
Nejapa
Nejapa
Niqueresque
Níspero
Nombre de Dios
Nombre de Dios
Nombre de Dios
Nombre de Jesús
Nombre de Jesús
Nonualco
Normandía
Nueva California
Nueva Cantón Guadalupe
Nueva Concepción de Oriente
Nueva Concepción
Nueva Concepción
Nueva Concepcion Oriente
Nueva Eden
Nueva Esparta
Nueva Esperanza
Nueva Granada
Nueva Guadalupe
Nueva Guadalupe
Nueva
Nueva San Salvador
Nueva Trinidad
Nuevo Cuscatlán
Nuevo Edén de San Juan
Nuevo Edén
Nuevo Edén
Nuevo Porvenir
Nuevo Tepetitán
Obraje Nuevo
Obrajito
Obrajuello Lempa
Obrajuelo
Obrajuelo
Ochupse Abajo
Ochupse Arriba
Ocotal
Ocote
Ocote Seco
Ocotillo
Ocotillo
Ojeo
Ojo de Agua Arriba
Ojo de Agua de León
Ojo de Agua Escondido
Ojo de Agua
Ojo de Agua
Ojo de Agua
Ojo de Agua
Ojo de Agua
Ojo de Agua
Ojo de Agua
Ojo de Agua
Ojos de Agua
Ojos de Agua
Ojos de Agua
Ojushte
Ojushte
Ojushtillo
Olocuilta
Olomega
Olomeguita
Olosingo
Omoa
Opico
Oratorio de Concepción
Oratorio de La Inmaculada Concepción
Oratorio
Oromontique
Osicala
Ostúa
Ostucal
Ozatlán
Pabaya
Pacayas
Pacun
Paisnal
Pajigua
Palacios
Palacios
Palestina
Palmera
Palmeras
Palmira
Palo Blanco
Palo Bonito
Palo de Campana
Palo Galán
Palo Galán
Palo Grande
Palo Grande
Palomar
Palomas
Palo Negro
Palo Pique
Palo Seco
Palos Prietos
Palo Verde
Palo Verde
Panal
Panchimalco
Panchimalquito
Panchimilama
Papalambre
Papalón
Papalón
Papayal
Papelon
Paraíso de Osorio
Paraíso
Paraje Galán
Paratao
Paredes
Parras Lempa
Pasaguina
Pasaquina
Pasaquinita
Paso de Canoa
Paso de Canoas
Paso de La Ceiba
Paso del Río
Paso Hondo
Patamera
Patanera
Paterno
Paturla
Pavana
Pedernal
Peña Blanca
Peña Blanca
Peña Blanca
Peña Parada
Penitente Abajo
Penitente Arriba
Peñón
Pepeishtenango
Pepenance
Pepeshtenango
Pepeto
Pepeto
Perquín
Perulapia
Petaca
Petacas
Petacones
Petapa
Pie de La Cuesta
Pie de La Cuesta
Piedra Ancha
Piedra Azul
Piedra Blanca
Piedra Cargada
Piedra de Agua
Piedra de Moler
Piedra Gorda
Piedra Gorda
Piedra Grande Abajo
Piedra Grande Arriba
Piedra Labrada
Piedra Parada
Piedra Rajada
Piedra Rallada
Piedra Rayada
Piedras Azules
Piedras Blancas
Piedras Blancas
Piedras Gordas
Piedras Gordas
Piedras Pachas
Pilas
Piletas
Pinalito
Piñalitos
Pinalón
Pineda
Piñitas
Pischishapa
Piscina La Toma
Pishishapa
Pita Floja
Pitahaya
Placitas
Plana las Mesas
Plan de Amayo
Plan de la Laguna
Plan de La Mesa
Plan de La Negra
Plan de Las Marías
Plan del Carbón
Plan del Higo
Plan del Horno
Plan del Hoyo
Plan del Mango
Plan del Ojo de Agua
Plan del Pino
Plan de Mesas
Plan de Ojo de Agua
Planes de Delicias
Planes de La Laguna
Planes de Las Delicias
Planes de Renderos
Plan Grande
Plan las Mesas
Plan Verde
Platanares
Platanares
Platanarillo
Platanario
Platanar
Platanillos
Playa de el Jaguez
Playa Grande
Playa Negra
Playa Novillo
Playas Negras
Playitas
Plazuelas
Polorós
Portezuelo de La Cañada
Portezuelo
Portillo Blanco
Portillo Blanco
Portillo de Frail
Portillo del Aguacate
Portillo del Norte
Portillo del Ujushte
Portillo Los Carrillo
Portillo
Portillo
Porvenir Jocotillo
Porvenir
Poste Grueso
Potenciana
Potonico
Potosi
Potosi
Potrerillo
Potrerillo
Potrerillos de La Laguna
Potrerillos del Matazano
Potrerillos
Potrerillos
Potrerillos
Potrerillos
Potrerillos
Potreríos
Potrerito
Potrero Adentro
Potrero de Batres
Potrero del Carmen
Potrero Grande Abajo
Potrero Grande
Potrero
Potrero Seco
Potrero Sula
Potrero y Tabla
Potrero y Tablas
Pozo Hondo
Pozos
Presa 5 de Noviembre Campamento Número 1
Primavera
Primavera
Primavera
Prisma
Prusia
Puchtán
Pueblo de Cancasque
Pueblo El Triunfo
Pueblo Nuevo
Pueblo
Pueblo Viejo
Puente Arce
Puerta de la Laguna
Puerta Parada
Puertas Negras
Puerto Acajutla
Puerto Arturo
Puerto Avalos
Puerto Caballo
Puerto Del Triunfo
Puerto El Triunfo
Puerto La Libertad
Puerto Los Ávalos
Puerto Parada
Puerto Viejo
Pulguero
Pululapa
Punta de Ceiba
Punta de Navarro
Punta de Navarro
Punta de Sueño
Punta Novillo
Punta Remedios
Pushtán
Quebrachal
Quebracho
Quebracho
Quebrada de Agua
Quebrada El Naranjo
Quelepa
Quequeisque
Quesadilla
Quesera
Quesera
Queseras
Queseras
Queseritas
Queseros
Quezadillas
Quezalapa
Quezalapa
Quezaltepeque
Quezaltepque
Quipure
Quita Calzón
Quitasol
Raíces
Ramírez
Ranchador
Rancho Gracar
Rebolsa
Reforma
Resbaladero
Reyes Abajo
Rinconada
Rincón Grande
Río Chiquito
Río de Vargas
Río Frío
Río Frío
Río Grande de Alvarado
Río Grande de Cardoza
Río Grande de Los Alvarado
Río Grande
Río Grande
Río Las Monjas
Río San Román
Río Sucio
Río Tamanique
Río Vargas
Rodeo de Pedrón
Rodeo de Piedrón
Rodeo
Rodríguez
Rojas
Rojitas
Ropilla
Roquinte
Rosales
Rosario Abajo
Rosario Arriba
Rosario de la Paz
Rosario de Mora
Rosario Perico
Rosario
Rosario
Rosario Tablón
Rosario Toblon
Rosas
Sabana de San Juan Abajo
Sabana de San Juan
Sabana Grande
Sabana San Juan Abajo
Sabana San Juan Arriba
Sabana San Juan
Sabanetas
Sabanetas
Sacacoyo
Sacamil
Sacamil
Salamar
Salamar
Salamo
Salcoatitán
Salcotitan
Salina El Lajero
Salinas Acachapa
Salinas de Ayacachapa
Salinas de Sisiguayo
Salinas El Lajero
Salinas El Potrero
Salinas El Sisihuayo
Salinas El Zamorancito
Salinas El Zamorán
Salinas
Salitrero
Salitre
Salitre
Salto
Samorán
Samuria
San Agustín
San Agustín
San Agustín
San Agustín
San Alejo
San Alfonso
San Alfredo
San Andrés Achiotes
San Andres Chota
San Andrés
San Andrés
San Andrés
San Andrés
San Antonio Abad
San Antonio Abajo
San Antonio Achichilquito
San Antonio Angeleño
San Antonio Arriba
San Antonio Buenavista
San Antonio Buenavista
San Antonio Caminos
San Antonio de La Cruz
San Antonio de las Moscas
San Antonio del Monte
San Antonio del Mosco
San Antonio de Los Ranchos
San Antonio de Silva
San Antonio El Cerro
San Antonio Girón
San Antonio Grande
San Antonio Izcanales
San Antonio Jiboa
San Antonio La Bolsa
San Antonio la Cruz
San Antonio La Junta
San Antonio La Laguneta
San Antonio La Loma
San Antonio Los Blancos
San Antonio Los Garrobos
San Antonio Los Ranchos
San Antonio Los Ranchos
San Antonio Manaquil
San Antonio Masahuat
San Antonio Masahuat
San Antonio Pajonal
San Antonio Panchimilama
San Antonio Potrerillos
San Antonio
San Antonio
San Antonio
San Antonio
San Antonio
San Antonio
San Antonio
San Antonio
San Antonio
San Antonio
San Antonio
San Antonio
San Antonio Silva
San Antonio Tras El Cerro
San Antonio Zapotal
San Bartolo Ichanmico
San Bartolomé Perulapía
San Bartolo
San Bartolo
San Bartolo
San Bartolo
San Bartolo
San Benito Piedra Gorda
San Benito
San Benito
San Benito
San Benito
San Benito
San Benito
San Benito
San Buena
San Buenaventura
San Carlos de La Unión
San Carlos
San Carlos
San Carlos
San Carlos
San Carlos
San Carlos
San Cavetano Istepeque
San Cayetano Istepeque
San Cayetano
San Cayetano
San Cayetano
San Cristóbal Frontera
San Cristóbal La Frontera
San Cristóbal
San Cristóbal
San Cristóbal
San Cristóbal
San Cristóbal
San Cristóbal
San Diego
San Diego
San Diego
San Diego
San Diego
San Dieguito
San Dionisio
San Eduardo
San Emigdio El Tablón
San Emigdio
San Emilio
San Emillo
San Esteban Catarina
San Esteban El Perical
San Esteban
San Eugenio
San Felipe
San Felipe
San Felipe
San Felipe
San Felipe
San Felipe
San Felipe
San Felipito
San Fernando
San Fernando
San Fernando
San Fernando Viejo
San Francisco Amatepe
San Francisco Angulo
San Francisco Apanta
San Francisco Aqua Agria
San Francisco Chamoco
San Francisco Chinameca
San Francisco del Monte
San Francisco Echeverría
San Francisco El Porfiado
San Francisco El Potrerón
San Francisco Gotera
San Francisco Hacienda
San Francisco Iraheta
San Francisco Javier
San Francisco Lempa
San Francisco Los Reyes
San Francisco Menéndez
San Francisco Morazán
San Francisco Potrerón
San Francisco Realengua
San Francisco Rialengua
San Francisco
San Francisco
San Francisco
San Francisco
San Francisco
San Francisco
San Francisco
San Francisco
San Francisco
San Francisquito
San Gerardo
San Gerónimo
San Gregorio
San Ignacio
San Ignacio
San Ildefonso Calderas
San Ildefonso
San Ildefonso
San Ildefonso
San Isidro El Palomar
San Isidro Labrador
San Isidro Los Planes
San Isidro
San Isidro
San Isidro
San Isidro
San Isidro
San Isidro
San Isidro
San Isidro
San Isidro
San Isidro
San Jacinto La Burrera
San Jacinto
San Jacinto
San Jacinto
San Jerónimo Limón
San Jerónimo Los Planes
San Jerónimo
San Jerónimo
San Jerónimo
San Jeronimo
San Jerónimo
San Jerónimo
San Jeronmo
San Joaquín
San Joaquín
San Jorge
San Jorge
San Jorge
San Jorge
San José Abajo
San José Almendros
San José Aquacatitán
San José Arrazola
San José Arriba
San José Buena Vista
San José Calera
San José Caleras
San José Cancasque
San José Capulín
San José Carbonera
San Jose Carrizal
San José Chilín
San Josecito
San José Cortés
San José Cortez
San José Costa Rica
San José de La Montaña
San José de La Poza
San Jose de las Flores
San José del Carao
San José El Carao
San José El Carrizal
San José El Naranjo
San José El Porvenir
San José El Tablón
San José El Tule
San José Gualozo
San José Guayabal
San José Ingenio
San José La Ceiba
San José La Cueva
San José La Labor
San José La Majada
San José La Montaña
San José La Palma
San José Las Caleras
San José Las Flores
San José Las Flores
San José Llano Grande
San José Loma
San José Los Llanitos
San José Los Naranjos
San José Los Sitios
San José Los Sitios
San José Montañita
San José Obrajito
San José Obrajuelo
San José Pinalito
San Jose Pinalitos
San José Primero
San José Sacare
San José
San José
San José
San José
San José
San José
San José
San José
San José
San José
San José
San Jose
San José Segundo
San José Tule
San José Villanueva
San José Zompopo
San Juan Abajo
San Juan Arriba
San Juan Buenavista
San Juan Buena Vista
San Juan Buenavista
San Juan Buenavista
San Juan Chiquito
San Juan de Dios
San Juan de La Cruz
San Juan de la Cruz
San Juan de Letrán
San Juan del Gozo
San Juan del Letran
San Juan de Merino
San Juan de Velásquez
San Juan El Espino
San Juan Gualare
San Juan Gualaria
San Juan la Cruz
San Juan La Mesa
San Juan Letran
San Juan Loma Alta
San Juan Los Planes
San Juan Miraflor Abajo
San Juan Miraflores Abajo
San Juan Nahuistepeque
San Juan Nonualco
San Juan Opico
San Juan
San Juan
San Juan
San Juan
San Juan
San Juan
San Juan
San Juan
San Juan
San Juan
San Juan Tacubita
San Juan Talpa
San Juan Tepezontes
San Judas
San Julian Cacaluta
San Julián
San Julián
San Laureano
San Lázaro
San Lorenzo
San Lorenzo
San Lorenzo
San Lorenzo
San Lorenzo
San Lorenzo
San Lucas
San Lucas
San Lucas
San Lucas
San Lucas
San Luis de la Reina
San Luis del Carmen
San Luisito
San Luis La Ciénaga
San Luis La Planta
San Luis Maniadero
San Luis Mariona
San Luis Potosí
San Luis
San Luis
San Luis
San Luis
San Luis
San Luis
San Luis Talpa
San Marcelino
San Marcos de La Cruz
San Marcos Lempa
San Marcos
San Marcos
San Marcos
San Marcos
San Marcos
San Marcos
San Marcos
San Martín
San Martín
San Martín
San Matías
San Matías
San Matías
San Miguel de Mercedes
San Miguel Ingenio
San Miguelito
San Miguelito
San Miguelito
San Miguel Longaniza
San Miguel Mercedes
San Miguel Nance Verde
San Miguel
San Miguel
San Miguel Tapezontes
San Miguel Tepezontes
San Miguel Tobías
San Miquel
San Nicolás Anchico
San Nicolás La Encarnación
San Nicolás Lempa
San Nicolás Los Encuentros
San Nicolás Piedras Gordas
San Nicolás
San Nicolás
San Nicolás
San Nicolás
San Nicolás
San Nicolás
San Pablo Cañales
San Pablo
San Pablo
San Pablo Tacachico
San Pedro Agua Caliente
San Pedro La Palma
San Pedro Las Flores
San Pedro Mártir
San Pedro Mártir
San Pedro Masahuat
San Pedro Nonualco
San Pedro Oriente
San Pedro Perulapán
San Pedro Potrerillos
San Pedro Puxtla
San Pedro
San Pedro
San Pedro
San Pedro
San Pedro
San Pedro
San Pedro
San Pedro
Sanqueque
San Rafael Cedros
San Rafael de Oriente
San Rafael La Loma
San Rafael Los Horcones
San Rafael Obrajuelo
San Rafael Oriente
San Rafael San Diego
San Rafael
San Rafael
San Rafael
San Rafael
San Rafael
San Rafael
San Rafael
San Rafael
San Rafael Tasajera
San Ramoncito
San Ramón Grifal
San Ramón
San Ramón
San Ramón
San Ramón
San Ramón
San Ramón
San Ramón
San Ramón
San Raymundo
San Román
San Román
San Roque
San Salvador
San Sebastián Abajo
San Sebastián Arriba
San Sebastián Arriba
San Sebastián El Chingo
San Sebastián La Zorra
San Sebastián Salitrillo
San Sebastián
San Sebastián
San Sebastián
San Sebastián
San Sebastián
San Sebastián
San Sebastián
San Sebastián
San Simón
Santa Adela
Santa Ana
Santa Ana
Santa Ana
Santa Anita
Santa Anita
Santa Anita
Santa Bárbara
Santa Bárbara
Santa Bárbara
Santa Bárbara
Santa Bárbara
Santa Bárbara
Santa Catarina Masahuat
Santa Catarina Mazahuat
Santa Catarina
Santa Catarina
Santa Catarina
Santa Clara
Santa Clara
Santa Clara
Santa Clara
Santa Clara
Santa Crucita
Santa Cruz Analquito
Santa Cruz Chacastal
Santa Cruz de la Vega
Santa Cruz del Mojón
Santa Cruz La Vega
Santa Cruz Loma
Santa Cruz Michapa
Santa Cruz Paraíso
Santa Cruz
Santa Cruz
Santa Cruz
Santa Cruz
Santa Cruz
Santa Cruz
Santa Cruz
Santa Cruz
Santa Cruz
Santa Cruz
Santa Cruz Vega
Santa Efigenia
Santa Elena
Santa Elena
Santa Elena
Santa Elena
Santa Elena
Santa Eloísa
Santa Emilia
Santa Emilia
Santa Fe
Santa Gertrudis
Santa Gertrudis
Santa Inés
Santa Inés
Santa Isabel Ishuatán
Santa Isabel
Santa Juliana
Santalaya
Santa Lucía La Barranca
Santa Lucía
Santa Lucía
Santa Lucía
Santa Lucía
Santa Lucía
Santa Lucía
Santa Lucía
Santa Lucía
Santa Lucía
Santa Lucía
Santa María de La Sabana
Santa Maria La Sabana
Santa María Mizata
Santa María Ostuma
Santa Maria
Santa María
Santa Marta
Santa Olaya
Santa Rita Almendro
Santa Rita Cimarrón
Santa Rita
Santa Rita
Santa Rita
Santa Rita
Santa Rita
Santa Rosa Acacalco
Santa Rosa de Lima
Santa Rosa Guachipilín
Santa Rosa
Santa Rosa
Santa Rosa
Santa Rosa
Santa Rosa
Santa Rosa
Santa Rosa
Santa Rosa Senca
Santa Rosita
Santa Tecla
Santa Teresa del Porfiado
Santa Teresa
Santa Teresa
Santa Teresa
Santa Teresa
Santa Virginia El Achiotal
Santa Virginia El Achotal
Santiago de La Frontera
Santiago de María
Santiago Nonualco
Santiago
Santiago
Santiago
Santiago Texacuangos
San Tiburcio
Santo Domingo de Guzmán
Santo Domingo Guzmán
Santo Domingo
Santo Domingo
Santo Domingo
Santo Tomás
Santo Tomás
Santo Tomás
Santo Tomás
Santo Tomás Tejutla
San Vicente
San Vicente
San Vincente
San Vincente
Sareta Rosa
Sarita Rosa
Segura
Segura
Sensembra
Sensuntepeque
Sensuntepque
Sesembra
Sesori
Shaltipa
Shan Shon
Shon Shon
Shucutitán
Siberia
Sicagüite
Sicahuital
Sicahuite
Sicahuite
Siete Principes
Siguapilapa
Sihuapate
Sihuapilapa
Simalapa
Sincuya
Singüil
Sirama
Siramita
Siricuario
Sisimitepec
Sisimitepet
Sitio de la Avanzada
Sitio del Niño de los Nejapas
Sitio del Niño
Sitio de Los Nejapa
Sitio de San Antonio
Sitio de Santa Lucía
Sitio El Aguacate
Sitio El Castillo
Sitio El Chaparral
Sitio El Paraíso
Sitio El Rosario
Sitio el Tablaso
Sitio El Tablazo
Sitio El Zapote
Sitio Grande
Sitio Las Palomas
Sitio Los Chavarría
Sitio Los Núñez
Sitio Los Ranchos
Sitio Marriburria
Sitio Plan de San Antonio
Sitio Quebrachal
Sitio San Agustín
Sitio San Antonio
Sitio San Francisco
Sitio San José
Sitio
Sitio Viejo
Sitio Viejo
Sociedad
Socorro
Soledad Las Flores
Soledad
Soledad
Soledad Terrero
Solimán
Solimar
Sombrerito
Sonsonate
Sonzacate
Soyapango
Soyopango
Suchinango
Suchioto
Suchitoto
Suhuapilapa
Sumpul Avelares
Sumpul Chacones
Sumpul de Avelares
Sumpul de Chacones
Sumpul
Sunapa
Suncita
Sunquenque
Sunquiat
Sunsulaca
Suntecumat
Suntulín
Suquiat
Tablón Chagüite
Tabloncitos
Tabloncito
Tablón del Coco
Tablón
Tablón
Tablón
Tablon
Taburete Claro
Taburete Jagual
Taburete Los Claros
Taburete
Tacachico
Tacanagua
Tacanague
Tacualuya
Tacuba
Tacubita
Tahuilapa
Tajcuilujlán
Talchaluya
Talchiga
Talcomunca
Talcualuya
Talnique
Talpa
Talpetates
Talpetates
Talpetates
Talpetate
Talpetate
Talpetate
Talpetate
Talquezalar
Talquezal
Taltapanca
Taltapanka
Tamanique
Tamarindo
Tamarindo
Tamasha
Tamashita
Tamera
Tangolona
Tapachucut
Tapacún
Tapalhuaca
Tapalshucut
Tapashucut
Tapesco
Tapesquillo Alto
Tapesquillo Bajo
Taquillo
Taquio
Tarpeya
Taucba
Tecapán
Tecolote
Tecoluca
Tecoluca
Tecomatal
Tecomatepeque
Tecomatepe
Tecomates
Tecualuya
Tecumán
Tecuma
Tegal
Tehuicho
Tehuiste Abajo
Tehuiste Arriba
Tejutepeque
Tejutla
Tempisque
Tempisque
Tempisque
Tenancingo
Tenango
Teosinte
Teotepeque
Tepeagua
Tepeagua
Tepechama
Tepecoyo
Tepehahua
Tepemechín
Tepenahuaste
Tepetitán
Tepeyac
Tepiagua
Teponaguaste
Teponahuaste
Tequeque
Terreritos
Terrero Blanco
Terrero
Teshcal
Teshcal
Texispulco
Texistepeque
Texusín Chirizo
Texuzín Chirizo
Tierra Blanca
Tierra Blanca
Tierra Blanca
Tierra Blanca
Tierra Blanca
Tierra Colorada
Tierra Colorada
Tierra Colorada
Tierra Dura
Tierra Morada
Tigle
Tigre
Tihuicha
Tihuilotal
Tijeretas
Tilapa
Tilapa
Tilapa
Titihuapa
Tizapa
Tizate
Tizate
Tobalón
Tobías
Toluca
Tonacatepeque
Tonalá
Tonate
Tongolona
Torola
Tortolico
Tortolito
Tortuga
Tortugo
Torunos
Towla
Tremedal
Tres Ceibas
Tres Ceibas
Tres Ceibas
Tres Palos
Trinchera
Triunfo
Tronadara
Tronalagua
Tulapa
Tula
Tulima
Tultultepeque
Tunalmiles
Turín
Tutultepeque
Ujuste
Ulapa
Uluazapa
Upatoro
Upire
Usulután
Uvitas
Vado Copinolapa
Vado Nuevo
Vado Viejo
Vainillas
Valencia
Valeriana
Valeriano
Valladares
Valle Afuera
Valle Alegre
Valle Azacualpa
Valle Cacao
Valle Campaña
Valle Campana
Valle Candelaria
Valle Carrizal
Valle Carrizal
Valle Casitas
Valle Chilagual
Valle Chilín
Vallecito El Fraile
Valle de Animas
Valle de Guadalupe
Valle de Jesús
Valle de Las Anonas
Valle del Mascarón
Valle del Matazano
Valle del Pacún
Valle de San Benito
Valle de San Juan
Valle de Vera Cruz
Valle El Aceituno
Valle El Carrizal
Valle El Cerro
Valle El Espino
Valle El Guayabo
Valle El Junquillo
Valle El Ligano
Valle El Limón
Valle El Limo
Valle El Marillo
Valle El Portezuelo
Valle el Potrero
Valle El Rosario
Valle El Señor
Valle El Tambor
Valle El Tránsito
Valle Gracia
Valle Grande
Valle Guadalupe
Valle Guayapa
Valle Jesus
Valle Jocotillo
Valle La Aguja
Valle La Coyotera
Valle La Cruz
Valle La Fuente
Valle la Laguna
Valle Largo
Valle Las Ánimas
Valle Las Cañadas
Valle Las Delicias
Valle Las Flores
Valle Las Hojas
Valle Las Marías
Valle Las Pilas
Valle Las Trancas
Valle Las Tunas
Valle Las Tunas
Valle La Tirana
Valle Limon
Valle Los Manojos
Valle Los Planes
Valle Mascarón
Valle Mendoza
Valle Mundo Nuevo
Valle Nuevo
Valle Nuevo
Valle Nuevo
Valle Nuevo
Valle Nuevo
Valle Nuevo
Valle Nuevo
Valle Nuevo
Valle Nuevo
Valle Nuevo
Valle Palacios
Valle Palomar
Valle San Agustín
Valle San Antonio
Valle San Benito
Valle San Felipe
Valle San Francisco
Valle San Jorge
Valle San José
Valle San Juan Merino
Valle San Juan
Valle San Lucas
Valle San Luis
Valle San Pedro Mártir
Valle Santa Cruz
Valle Santa Rosa
Valle Suchinango
Valle Tehuicho
Valle Tilapa
Valle Tunas
Valle Vera Cruz
Valle Virginia
Varilla Negra
Vega Grande
Venecia
Venecia
Veracruz
Veracruz
Veracruz
Veracruz
Veracruz
Verapaz
Victorias
Victoria
Victoria
Villa de Cacahuatique
Villa Delcado
Villa del Coco
Villa Delgado
Villa Dolores
Villa El Rosario
Villa El Triunfo
Villa Modelo
Villa Rosario
Villa Victorias
Villa Victoria
Virginia
Volcancillo
Volcancillo
Volcancillo
Volcán Opico
Xilobasco
Yamabal
Yancolo
Yayantique
Ylopango
Yoloaiquín
Yologual
Yomo
Yucuaiquín
Yurique
Yzalco
Zabanetas
Zacacoyo
Zacamil
Zacamil
Zacamil
Zacamil
Zacatal
Zacateccoluca
Zacatecoluca
Zambombera
Zambullido
Zamorano
Zamorán
Zamorán
Zanjón Prieto
Zapatagua
Zapotal
Zapote
Zapote
Zapotillo
Zapotitán
Zapúa
Zaragoza
Zaragoza
Zazalapa
Zunca
Zuquiat
