Abercorn
Abercorn Point
Abercorn Pont
Balegana
Balegane
Balegane Store
Bennets
Bhunya
Big Bend
Bremersdorp
Bulembu
Bunya
Commissie Nek
Compound
Croydon
Darkton
Darktown
Dwaleni
Emhlembi
Emlembe
Esulweni
Etjanine
Ezulweni
Ezulwini
Forbes Reef
Gege
Goedgegun
Gollel
Grand Valley Estate
Granvalley
Havelock
Havelock Mine
Herefords
Hlatikulu
Hluti
Holobela
Horo
Inyetane
Kobolondo Heights
Kubuta
Kwaluseni
Lavumisa
Lismore
Lobamba
Lobomba
Lomahasha
Lomati
Lomati Store
Lubuli
Luyengo
Macnab
Mac Nabs
Macnab Store
Madlangampisi
Magomba
Mahamba
Mahlanya
Malkerns
Maloma
Manêini
Mankaiana
Mankayane
Manzini
Matapa
Matsapa
Matsapha
Mbabane
Mbuluzana
Mgamane
Mhlambanyati
Mhlambanyatsi
Mhlosheni
Mhlotsheni
Mhlume
Mhlumeni
Mlawula
Mliba
Mooihoek
Mvangalini
Mvangatini
Ngonini
Nhlangano
Nkanni
Nkonjane
Nokwane
Nomahasha
Nsoka
Nsoko
Nyabe
Palata
Piggs Peak
Rocklands
Rondspring
Sandlane
Sibobela
Sicunusa
Sidvokodvo
Sigunusa
Sinceni
Singceni
Siphofaneni
Sipofaneni Bridge
Sipofanenibrug
Sipofaneni
Siteki
Sitobela
Skombeni
Spofanene
Stegi
Stylkloof
Tahaneni
Tshaneni
Usutu Mission
Usutu
Verdun
Von Wissel
