Abagatchi
Abagnivégoui
Abakouandé
Abalakopé
Abali
Abalo Kakaou
Abalokopé
Abalo Kpélé
Abalou-Kakaou
Aban
Abanakopé
Abassakopé
Abatamé
Abati Kopé
Abazikopé
Abédinékopé
Abégba
Abékba
Abékopé
Abéssakopé
Abéssankopé
Abidikopé
Abissoukopé
Ablamé
Ablédo
Ablochrhi Kopé
Ablogamé
Ablogbé
Abobo
Abodji
Abodjopo
Abofla Kopé
Abokoukopé
Abolégbé
Abolokopé
Abonakopé
Aboni Kopé
Abonkopé
Abossoumkofé
Abotéssé
Aboudiokopé
Aboudyo Kopé
Abouloukopé
Aboundji
Abowikovhe
Abréouanko
Abrewanko
Abvélébé
Achikopoui
Adabiam
Adablai
Adabou Kopé
Adabyaou
Adafokopé
Adagali
Adakakpé
Adakopé
Adakoui
Adakousé
Adakpamé
Adakpo Kondji
Adamé
Adamé
Adamé
Adamiabo
Adanauara
Adangbé
Adaniabo
Adanka
Adanou
Adanouvé
Adaté Kopé
Adato
Adavo Kopé
Adédakopé
Adékoé
Adékplovi
Adéli
Adéta
Adéti-Kopé
Adgénou
Adiaboulkoukopé
Adiakiti
Adialakopé
Adiblikopé
Adidogomé
Adido Gomé
Adidomé
Adidomé
Adidovi
Adidovikopé
Adiemasi Kopé
Adiémassikopé
Adigbli
Adigo
Adioba
Adiougbé
Adiré Kopé
Adiséou
Adiva
Adjablékopé
Adjaboukopé
Adjaché
Adjadébé
Adjahoun
Adjaïté
Adjakakopé
Adjakopé
Adjakové
Adjakpa
Adjakpékopé
Adjakpodji
Adjakpohoué
Adjan
Adjanohoué
Adjanouhoué
Adjaradomé Adjarado
Adjatogo
Adjave
Adjavi
Adjavon
Adjégan Kopé
Adjégnio Kopé
Adjeïdé
Adjényokopé
Adjéouro
Adjétakopé
Adjiablé Kopé
Adjido
Adjido
Adjido Déka
Adjidomé
Adjigémé
Adjigo
Adjigo
Adjikamé
Adjira Kopé
Adjirékopé
Adjiré Kouba Kondji
Adjivon
Adjivou
Adjkrédé
Adjobéti Kopé
Adjodakopé
Adjodo
Adjodogou
Adjoékpa
Adjogbénouko
Adjogblé
Adjogidi
Adjoguidi
Adjomi
Adjonikopé
Adjouga
Adjougba
Adjrhala Kopé
Adképaï Tchokoukon
Adogli
Adokpo
Adokpoué
Adokpwé
Adolokopé
Adomé
Adomi Abra
Adossa
Adoubatou
Adougba
Adoukbé
Adoukoé
Adoukoué
Adoukrom
Adourho Kondji
Adumdé
Adyéna Kondji
Adyényénya
Adzahoun
Adzyaka Kopé
Aéto
Afadadé
Afadonou
Afadonou Kondji
Afagnagnan
Afagnan-Bletta
Afagomé
Afakodja
Afanbo
Afangbédji
Afangbédji
Afangnagan
Afanjaga
Afanyá
Afanyan Bléta
Afanyangan
Afassani
Afaté
Afatodji Kopé
Afem
Afévi
Afiadégniba
Afidegni
Afidégniba
Afidégnigba
Afidégnigba
Afidégnigban
Afidégnigban
Afidégnigban
Afidemgha
Afidénigba
Afidénigba
Afidénioumba
Afidenjonskpé
Afidényigba
Afidényigban
Afidényon-Sikpé
Afidenyukonyi
Afikopé
Afilahou
Afitialakofé
Aflagadjido
Aflagatito
Afodi
Afokponoé
Afolé
Afoou
Afotoudé
Afoudenyiban
Afoudi
Afranyanga
Afrotokpoui
Afrotrokpoui
Afwimé
Agadia
Agadja
Agadja
Agadja
Agadja
Agadjakpé
Agadjamé
Agadji
Agala
Agamé
Agame-Koutoukapa
Agan
Aganho
Agaradé
Agave
Agawé
Agbadi
Agbadomé
Agbadoumé
Agbafrou
Agbagho
Agbakou
Agbalaho
Agbalamé
Agbalé
Agbalé Pédo
Agbamassoumou
Agbanaken
Agbanakin
Agbanati
Agbandaodé
Agbandé
Agbandé
Agbandi
Agbandji
Agbanho
Agbanjaladé
Agbanon
Agbantokopé
Agbaré
Agbata
Agbaté Kopé
Agbati Kopé
Agbatitoé
Agbato
Agbatopé
Agbatopé
Agbavé
Agbavé
Agbavito
Agbéavé
Agbédépémé
Agbédévi Kopé
Agbédinou
Agbédjikpo
Agbédjipé
Agbédomodji
Agbedrafo
Agbéléou
Agbéli
Agbélouvé
Agbéménya
Agbéninou
Agbénouvon
Agbénya
Agbésia
Agbésitonou
Agbéssia
Agbessia
Agbétchafan
Agbétiko
Agbétiko
Agbétim
Agbétime
Agbétyafan
Agbévé
Agbézoudo
Agbézourhlan
Agbladomé
Agblédo
Agbo
Agbo Akounou
Agboba
Agbobolo
Agbodan
Agbodinou
Agbodjalo
Agbodjekpo
Agbodjekpoui
Agbodjékpwé
Agbodjrovi
Agbodo
Agbodrafo
Agbodrafo
Agbodrafo
Agbodrafo (Porto-Séguro)
Agbofakopé
Agbofon
Agbokopé
Agbokopé
Agbokoro
Agbolokopé
Agbonagban
Agbonaglé
Agbondji
Agbonou
Agbosè
Agbota
Agbotamé
Agbouto Kopé
Agbozomé
Agdgomé
Aglago
Aglagokopé
Aglali
Aglamarhoé
Aglami
Aglénosihoué
Agligbé
Agligo
Aglomé
Aglomedji
Agnaoui
Agnavé
Agnibé
Agnikoé
Agnoron
Agnougbaté
Agnrokopé
Agnron
Agnronkopé
Agobaba
Agodéka
Agodéka
Agodéké
Agodéké
Agodjololo
Agodomé
Agodoukopé
Agogoudjou
Agogpamé
Agohoumé
Agokopé
Agokpamé
Agokpé
Agokplamé
Agokpo
Agokpo
Agokpwé
Agokpwi
Agomé
Agomé Glozou
Agomé Kotoukpa
Agomé-Kotukpa
Agomékpota
Agomé-Palimé
Agomé Séva
Agomonigbé
Agondavi
Agoniokopé
Agonpala
Agonyo Kopé
Agoponou
Agoréké
Agoréké
Agoréké
Agorika
Agorké
Agoromé
Agosito
Agossito
Agoté
Agotévi
Agotimé
Agotimé Kpodjaho
Agoto
Agoto
Agotové
Agou
Agouam Yo
Agouanta
Agoudévé
Agoudévé
Agoudiabadja
Agoudja
Agoudja Badja
Agoudoukpé
Agoudouvou
Agoué
Agoué
Agouébou
Agouégan
Agoué Kopé
Agouévé
Agou Gadzépé
Agou-Gare
Agou Iboé
Agoukpoéta
Agoulou
Agoumana
Agoumé
Agoumé
Agouna Dévé
Agoundé
Agouné
Agou-Nyongbo
Agouté
Agou Tomegbé
Agoutou
Agové
Agpaïdo
Agripakopé
Agrougbé
Aguéloufé
Aguidagbadé
Agwégan
Ahassomé
Ahépé Agbléta
Ahépé Agbletta
Ahépé
Ahépé Akposo
Ahépé Akposso
Ahépé Asiko
Ahépé Assiko
Ahépé Hekpoui
Ahépé-Kpooula
Ahépé Kpoula
Ahépé Nouatché
Ahépé Nuatché
Ahépé Pokli
Ahépé Rhekpoui
Ahiamablé
Ahion
Aholoukopé
Ahomma Gligohoué
Ahomma Kpélé
Ahonéssipé
Ahotokopé
Ahoué Houé
Ahoundjo
Ahuizimé
Aiaokopé
Aidé
Aïnakopé
Aisou
Aissaoui
Ajiakpékopé
Ajomé
Aka
Akaba
Akabacabrais
Akabakabrais
Akaba Kabrè
Akabasim
Akabavi
Akabazim
Akadiamé
Akakahonhon
Akakaï
Akakblé
Akaké
Akaképo
Akakpo
Akakpo
Akakpodjé
Akakpoé
Akakpo Kopé
Akalédé
Akalokopé
Akapokopé
Akaré
Akatchan
Akatchang
Akato
Akato Avemé
Akato Avoémé
Akato Viépé
Akato Vyépé
Akbandi
Akbodia Kondj
Akboéssoukopé
Aké
Aképé
Aképé Dzogbépimé
Akéta
Akétchom
Akétohoin
Akiafé
Akiafé Hohoué
Aki
Akinda
Akinfénou
Akladjénou
Aklakou
Aklakou Etchavi
Aklakougan
Aklakou Molokou
Aklaku
Ako
Akoda
Akodéséa
Akodé Séva
Akodéséwa
Akodésséa
Akodésséwa
Akoé
Akoin
Akoli Kopé
Akolochi
Akominékopé
Akomomboua
Akomommboua
Akonda Kondji
Akopé
Akossikopé
Akotéa
Akoua
Akoublé
Akouékpé
Akoumahou
Akoumapé
Akoura
Akoura
Akousé
Akoutchobli
Akoutia
Akoutsavé
Akoviépé
Akovyépé
Akpa
Akpafia
Akpahonou
Akpaka
Akpaka Sagada
Akpakikopé
Akpakopé
Akpakopé
Akpaloukopé
Akpanté
Akparé
Akpavou
Akpla Albo
Akplagasou Kopé
Akplagassoukopé
Akplolowogboé
Akpodé
Akpoissou
Akpokli
Akpontè
Akpouta Kopé
Akroa
Akuikamé
Akwadoudjé
Akwen
Akwéta Kpégan
Ala
Aladjové
Alagbamé
Alagbé
Alagbo
Alaglo
Alaglo Kopé
Alakopé
Alakopé
Alakopé
Alakoyo
Alakpa
Alakpa Kopé
Alalé
Alamassou
Alaogbé
Alaousso
Alati
Alavanio
Alédjamé
Alédji
Alédjo Kadara
Aléhéridé
Alemandé
Alembonda
Alémodji
Ali
Aliandé
Alibi
Alidounpo
Ali Kodji
Alikopé
Alikopé
Alikopé
Alinka
Alinnki
Alisoumkopé
Allou
Aloé
Alogbalé Kopé
Alokénou
Alokodjé
Alokoégbé
Alokopé
Alokouévé
Alokpa
Alomanié
Alouénou
Aloufakopé
Aloum
Aloumboukou
Alouméré
Aloun
Alovikoté
Alovitoké
Aloyi
Amadjikakopé
Amadou
Amaïdé
Amaké
Amakpavé
Amandé
Amangomassi
Amaniokpé
Amaoudè
Amassakopé
Amatétoukopé
Amauidjé
Amavé
Amavénou
Amavi Kopé
Améblévé
Amédé Kouévé
Amédé Kové
Amédjonokou
Amégadé
Amégadiani
Amégblé
Amégblévé
Améglo
Amégnran
Amégnrankopé
Amékoussikopé
Améléké
Aménoudji
Aménoudji Kondji
Aménoukpé
Amento Kopé
Aményaglo
Aményaglo
Aményoukpé
Aményran
Amesodjikopé
Amétekou Kopé
Amétogan Kopé
Amétonou
Améwawou
Amézodjikopé
Aminto
Amlamé
Amodoukouté
Amokouy
Amokwi
Amosimé
Amouadranyi
Amouakpa
Amou Akpékpé
Amou
Amou
Amoublé
Amouchou
Amoukondji
Amoukopé
Amou Kopé
Amoukopé
Amoukopé
Amounou
Amou Oblo
Amousou
Amousoukofé
Amousoukopé
Amousou Kopé
Amousouvi
Amoussa
Amoussalé
Amoussimé
Amoussokopé
Amoussou
Amoussoukofé
Amouta
Amoutchou
Amouti
Amoutivé
Amouzoukopé
Amouzoukopé
Amutschu
Ana
Ana
Anagali
Anamanié
Anamé
Anandé
Ananoukopé
Anatoa
Anazivé
Andjidé
Ando
Ando Gbégamé
Anécho
Aného
Anekho
Anerho
Anfamé
Anfeï
Anféou
Anfoi
Anfoin
Anfouin
Anfwen
Angbandé
Angfeu
Anguédi
Anha
Aniandidé
Anié
Aniélakou
Anigouaménio
Anima
Anima
Anima
Animabio
Animaoio
Animène Tié
Ankoukopé
Anoukou
Anyahoui
Anyarhwi
Anyavé
Anyibou
Anyimanya
Anyinoumé
Anyro Kopé
Anyron
Aogan
Aondou
Aoroka
Aouagomé
Aoudé
Aoudja
Aoudomo
Aoukoukopé
Aou-Lasso
Aou Losso
Aouté Kondji
Aoutélé
Aouya
Apakpakpekopé
Apakpokopé
Apapahoé
Apéda
Apéda Kondji
Apédo
Apédomé
Apédomé Fongbé
Apégamé
Apégamé
Apégame
Apégamé
Apéléte
Apényigbé
Apéyémé
Apéyémé
Apéyémé
Apoeidounpo
Apoeydoumpo
Aposso
Apoti
Apougon
Apounonkpa
Aranda
Arengbo
Arigono
Aroukakopé
Arrikopé
Asahoun
Asanté
Asasa
Asato
Asénou Kopé
Asinyo
Asinyo Kopé
Asiré
Aso
Asomé
Asou
Asou Kondji
Asou Kondji
Asou Kopé
Asrama
Assahoun
Assahun Fiagbé
Assanté
Assénoukopé
Assinyokopé
Assiré
Assogbakopé
Assolakpo
Assomé
Assou Kondji
Assou Kondji
Assoukopé
Assouma Kédémé
Assoumakodji
Assoumakondji
Asyabi
Ataké
Ataké
Ataké
Atakédibato
Atakpamé
Atakpamé
Atakpamédé
Atakpara
Atalo
Ataloté
Atapamé
Atatikopé
Atchachimé
Atchadipémé
Atchahoué
Atchakopé
Atchakpati
Atchakpwé
Atchangbadé
Atchanvé
Atchanvé
Atchasi
Atchassi
Atchati
Atchavé
Atchavé
Atchavé
Atchavé
Atchavé
Atchavé Komé
Atchavou
Atchéki
Atchénedji
Atchétimé
Atchinéboukopé
Atchinedji
Atchitchouvikopé
Atchou
Atchoukpé
Atchyomé
Atchyonfré
Até
Atéhoue
Atékoui
Atékwi
Atélo
Atélo
Aténioufoué
Atenyoufwé
Atéoué
Atépa
Atéta Kopé
Atétimé
Atétou
Atgamazété
Atiadékopé
Atiagomé
Atiaka
Atiakéké
Atiakodio
Atiakopé
Atiapati
Ati
Atiavé
Atiba
Atidié
Atidji
Atidjon
Atifoutou
Atiga Kopé
Atigan
Atigan Kopé
Atigba
Atigbé
Atigbé
Atigozo
Atikolé
Atikpa
Atikpaï
Atikpamé
Atikpay
Atikplé Kopé
Atikpo
Atikpoévikopé
Atikpo Kopé
Atikpovi Kopé
Atilkavé
Atimé
Atimé
Atimédé
Atindou
Atinndou
Atinyo
Atiogbékopé
Atioukoufe
Atiové
Atiso
Atisobé Kopé
Atisogbé
Atiso Kondji
Atisowé
Atissobékopé
Atissogbé
Atisso Kondji
Atité
Atité Kopé
Atitoé
Atitogo
Atitogon
Atitolomé Apégamé
Atitpaye
Atitso Kopé
Ativé
Ativémé
Atiwé
Atokodjé
Atomé Atchiné
Atomé
Atontébou
Atouéta
Atouikondji
Atouko Kondji
Atou Kondji
Atovikoté
Atschawe
Atsoglokopé
Atsou Kopé
Attia
Atti
Attikplé Kopé
Attitogon
Atwéta
Atyémé
Avadadé
Avakodja
Avalagbé
Avalao
Avalépo
Avati Djobédji
Avazikopé
Avébadié
Avédié
Avedio
Avédjé
Avédjé
Avedje
Avédjémé
Avé Djén
Avédjéta
Avédji Anyigbé
Avédji
Avédji
Avédjikpodji
Avédji Sagada
Avédomé
Avédomé
Avéfodzo
Avégan
Avégo
Avégwimé
Avého
Avého
Avého-Tongbé
Avéimé
Avélé
Avélébé
Avéméné
Avéno
Avenou
Avépozo
Avéré
Avérékpé
Avésido
Avéssido
Avéta
Avété
Avété
Avétonou
Avévé
Avévoen
Avévonou
Avévwen
Aveyigbome
Aviététa
Avigénou
Aviguénou
Avlata
Avoémé
Avogo
Avoikopé
Avolé
Avolokopé
Avou
Avougon Kopé
Avouko
Avoukouékopé
Avoutsou
Awagomé
Awandjello
Awandjélo
Awassa
Awen
Aweno
Awési
Awéta
Awewé
Awogame
Awouté Kondji
Ayaba
Ayagba
Ayahohou Kopé
Ayamagblé
Ayandété
Ayaouo Kopé
Ayata
Ayé
Ayékpada
Ayékporé
Ayengré
Ayenngre
Ayéro
Ayi Kopé
Ayivi Adjavon
Ayivi
Ayolé
Ayomé
Ayoré
Azabényon
Azafi
Azafi Témé
Azakopé
Azakpé
Azam
Azanadé
Azano
Azapoué
Azaza
Azévou
Aziadomé
Aziakakopé
Aziakpo Kopé
Azigo
Azikopé
Azimé
Azimégan
Azio Anou
Azivégo
Aziza
Aziza
Azogénou
Azome
Azongo
Azyabou Kopé
Azyagbang
Babadé
Babahoé
Babame
Babansaoudé
Babiaillé
Babona
Badao
Badégoékopermi
Badia
Badja
Badjanaké
Badjénopé
Badji
Badji
Badji Kopé
Badoga
Badoré
Badou
Badougbé
Badougbé Bézoumé
Badu
Baféo
Bafilo
Bafo
Baga
Baga
Bagaré
Bagbé
Bagida
Bagnida
Bagou
Bagré
Bagu
Baguida
Baguid
Baka
Baka Kopé
Bakari
Bakari
Bakari Kondji
Bakokozé
Ba Kopé
Bako Samaba
Bako Touga
Bakoulé
Bakpansouga
Bakpaya
Baladjékopé
Balanbo
Balanka
Balékpo
Balé Pédogan
Balimé
Balkok
Balla
Baluikopé
Bama
Bama Kopé
Bamandou
Bambouyé
Bamé
Bamoundo
Banbansaoudé
Banboli
Bandali
Bandiadou
Bandjéli
Bangan
Bangbou
Bangeli
Baniamé
Baniamé Kantindi
Banikopé
Banjeli
Banjena
Bankpandé
Banntierk
Banouba
Bantierk
Banyéli
Banyi Kopé
Bao
Baou
Baouda
Baoulé
Baoulinsé
Baounda
Bapélé
Bapuré
Barangadé
Barédjian
Bariba
Barkoisi
Barkoissi
Barkouassi
Barouba
BÄ±ruu
Basoudougou
Bassambo
Bassammbo
Bassar
Bassari
Bassassin
Bassavakopé
Bassé Adjido
Bassé Djigbé
Bassé Gnamassi
Bassikopé
Bassoudé
Bassoutougou
Batanbouaré
Batchang
Baté
Batébogou
Batékopé
Batékpo
Batémané
Batéo
Bating
Bato
Bato
Batome
Batonou
Batoumé
Batoumé
Bavi
Baya
Bayaïdé
Bayakou
Bazirékopé
Bé-Apeyémé
Bé
Bébémé
Bédékopé
Bediémé
Bédikpé
Bédjikpé
Bédo
Bégamé
Bégbé
Béhémé
Béïaku
Békando
Béko
Békodji
Békouleb
Békouroubé
Bélémélé
Bélondi
Béloué
Béloukoué
Bémé
Bémé
Bémina Kondji
Béna
Bénali
Bénata
Béoaja
Bergou
Bésé
Bessaméké
Béssarakpenbé
Bessarakpennbé
Bétékpo
Bétèkpo Kopé
Bétépo
Bétia
Bétoglo
Bétoué
Bia
Biaga
Biakou
Biakpabé
Biankouri
Bibindo
Bidaïbé
Bidjabé
Bidjanga
Bidjenga
Bidoemé
Bidokékopé
Biduimé
Biégou
Bigabo
Bijobébé
Bijomanbé
Bikambombé
Bikambonbé
Bikammbommbé
Bikoutikpandi
Bikpadiab
Bikpandib
Bilamoinga
Bimaldé
Binadioub
Binadioubé
Binako
Binanoualiba
Binaparba
Binatapé
Bindiba
Bini Kopé
Birgou
Birini
Bisoukpabé
Bissaomé
Bissibi
Bissokpabé
Bitankpan
Bitiakpa
Bitjaba
Bitjabe
Bittindam
Bityaba
Bla
Blakpa
Blakpa
Blakpa Kopé
Blakpe
Blama Kondji
Bléonoukopé
Blétérikopé
Blevié
Bliba
Blibba
Blidokopé
Blita
Blita-gare
Blitta
Blitta Kotokoli
Blitta Losso
Bloma
Blomfou
Bloumfou
Blumfu
Boaga
Boanakopé
Boatzanarou
Bo
Bobolé
Bodavé
Bodié
Bodjendi Sada
Bodjondé
Bodo
Bodoudé
Bodougpé
Bodoukpé
Boébé
Boga Afoudomé
Boga
Boga Kopé
Bogamé
Bogan Afoudomé
Bogan
Bogdélo Kopé
Bogo Ahlo
Bogo Arlon
Bogo
Bogokopé
Bogou
Bogu
Bohou
Boilougou
Boinintinga
Boinkéré
Boirintinga
Boissi
Bojonk
Boko
Boko
Bokohoé
Bokokopé
Bokopé
Bokourobé
Bola
Bolo
Bolo Kopé
Bolomegblé
Bolou
Bolougan
Bolou Kpéta
Bombonagui
Bomboua
Bombouaka
Bommbonagui
Bomongué
Bomongue
Bondjondé
Bongboldo
Bongbon
Bongoulou
Boni
Bonodoko
Bonsougou
Bontan
Bopaké
Borbogou
Borgou
Borgu
Borobodji
Boro
Borokpindo
Bosofémé
Bosou
Bossofémé
Bossou Vegou
Bouandaou
Bouasé
Bouassé
Boubogou
Boudiédou
Bouélé
Bouénaou
Boufalé
Boufouli Boko Losso
Bougab
Bougnarou
Bougou
Bougri
Bouhori
Bouita
Boukouakou
Boukoukpanbé
Boukpassiba
Bouladé
Boulasso
Boulo
Boulogou
Boulou
Boulougioualé
Boulouguioualé
Bouman
Boumbéri
Boumbouaka
Boumouan
Boundialé
Boundido
Boundjouaré
Boundjouaro
Boungbalé
Bounkoulinki
Bounkouloum
Bounlaré
Bounon
Bounoubana
Bountourouga
Bourgou
Bourgué
Bourk
Boussékou
Boussié
Boutado
Boutanièmpa
Boutiatialé
Boutob
Bouto
Bouvolem
Bouvolèmé
Bouya
Bouzaloda
Bouzem
Bovéle
Bovimé
Bowolem
Boyi
Brékoukou
Broda
Brouffou
Bukurwe
Bukutibe
Cabolé
Cambole
Chaboua
Chalandé
Chalo
Chapouko
Chénakoé
Chialakoé
Chila
Chodouko
Chra
Cinkassé
Couffota
Dabogou
Dabou Kopé
Daboukopé
Dabouté
Dadekpé
Dadiérémé
Dadja
Dadja
Dadome
Dafé
Dafo
Dafo
Dafokopé
Dafoléamé
Dafolényamé
Dafonou
Dafounoukopé
Dagakou
Dagbati
Dagbésito
Dagé
Dagni
Dagnivi
Dagou
Dagué
Daho
Dahoué
Dahoumé
Daïdéhoué
Daïrohoé
Dako
Dakondji
Dakouadé
Dakpa
Dakpétab
Dalagou
Dalaïka
Dalako
Dalangda
Dalavé
Dalavé
Dalavé Todomé
Dalia
Daliko
Damabali
Damadé
Dangbéssito
Dangma
Danhadanha
Danlé
Danouaga
Danou
Danpiong
Dantcho
Dantjo
Dapango
Dapanpergou
Dapaong
Dapong
Daroué
Dasagba
Dasi Kopé
Dasou Kondji
Dasouti
Dassékopé
Dassikopé
Dassou Kondji
Dassouti
Datoukopé
Daudé
Davédé
Davié
Davo
Davyé
Dawië-Dékpo
Dayébou
Dazagba
Dédéké
Dèdjé
Dédomé
Défalé
Défalé
Defali-Boco
Déguéré
Déguingué
Dekadyé
Dékamé
Dékamé
Déklémé
Dékondji
Dé Kopé
Dékou Kopé
Dekpo
Dekpo
Déléga
Démakpoé
Démé
Demini
Demi-Okpahoué
Démon
Dénakapoé
Dengbaza
Denliko
Dénou
Déomouana
Déponou
Déréboua
Dérhéké
Détokpo
Dévé
Dévégo
Dévégo
Dévémé
Dévikamé
Dewa
Déwé
Diabagbal
Diabanta
Diab
Diabédo
Diabirdo
Diabogou
Diabougou
Diabouri
Diabozi
Diadiaba
Diadoni
Diadoukopé
Diakopé
Diakorga
Diakpanion
Diamassi
Diamdé
Diammpélé
Diamoukopé
Diampélé
Dianbildo
Diangouyadou
Dianta
Diaokopé
Diaoulé Kopé
Diapa
Diapiéni
Diassékopé
Diavon
Dibaldi
Dibanjori
Dibéti
Didjaré
Didoképo
Didokoui
Didokouo
Didokpo
Didomé
Didoumé
Didovi Kopé
Didyoyéri
Diengalé
Diépiéni
Digbaré
Diguina
Dihiaga
Dijioyeri
Dijon
Dikpékou
Dikpéléou
Dimouri
Diogbakpé
Diomé
Diosé Kopé
Diotaoul
Dioubo
Direkpon
Dissani
Ditanpayabouri
Djabargou
Djabargou
Djabataouré
Djabatauré
Djabatoré
Djabili
Djabiré
Djabodji
Djaboni
Djabontoti
Djabontouti
Djabotaure
Djabou
Djadou
Djadou Kopé
Djaga
Djagblé
Djaka
Djaka Kopé
Djakbou Kopé
Djakli
Djakperga
Djakpo
Djakpo
Djakpo Djobédji
Djaléré
Djalogué
Djalouma
Djamakou
Djambloukou
Djamdè
Djamési
Djamla
Djanahoussi
Djanbangou
Djanbassoukopé
Djanbori
Djandjé
Djangou
Djanguéla
Djanipé
Djankasé
Djankassé
Djanyipémé
Djapaké
Djapatakopé
Djapiengou
Djarakpana
Djassakopé
Djatikpo
Djatougou
Djava
Djavedji
Djavémé
Djawaka
Djébé
Djébé
Djebotauré
Djé Djabou
Djédramé
Djé-Gando
Djegba
Djékloué
Djémégni
Djémendji
Djéminimotonou
Djena
Djenkoukouri
Djénon
Djényo Kopé
Djépil
Djéréhouyé
Djérémégan
Djereponi
Djerpini
Djéta
Djeta Kopé
Djétriamé
Djévé
Djé Wogou
Djéyi
Djeypémé
Djiapatakopé
Djiatikpo
Djibé
Djidjandonou
Djidji
Djidopo
Djigbé
Djigbé
Djijonoukopé
Djikamé
Djikboukopé
Djikousére
Djilédji
Djiméki
Djiméné
Djiossegblé
Djirekpon
Djirekpo Rhagou
Djirikouba
Djitriamé
Djobédji Agokpo Tokpli
Djobedji
Djobé Kopé
Djodjé
Djodji
Djodjire
Djogbedji
Djogbékopé
Djoïdou
Djoine
Djokoko
Djokoto
Djokounékopé
Djombé
Djon
Djondo
Djonokouvé
Djonougoué
Djorergou
Djoréro
Djosségblé
Djoukoudaou
Djoundou Yondo
Djounlé Djamonga
Djrekpon
Djuélo
Djurvita
Djyasakopé
Doba
Dodikopé
Dodji
Dodji
Dodohoé
Dodo Vego
Dodo Vegou
Doévé
Doévi
Dofoli
Dogba
Dogbéavi
Dogoblé
Dogogblé
Dogokodji
Dogokono
Dogokopé
Dogou
Doklé
Dokochroé
Dokohui Kopé
Dokpé Kopé
Dokuikopé
Dola
Dolardo
Domaine Gravillou
Domé
Domé
Dondonné
Donga
Donié
Dono
Donokofé
Donoumé
Dontougou
Doplala
Doré
Dosavi
Dosé
Dosou
Dota
Dote
Dotékopé
Douakouya
Douandé
Doubouak
Doubouranda
Doudokpoé
Doudongué
Doufio
Doufouli
Dougadji
Douga
Dougan
Dougba
Doukorodé
Doulogoé
Doumé
Doumé
Doumé
Doundoudjemé
Doungou
Doungou
Dourokodé
Dousekboulé
Douvihoé
Dovi
Dovikopé
Dozo
Dubouidé
Dyabotaouré
Dyambé
Dyaoulé
Dyé Kopé
Dyéményi
Dzafi
Dzavémé
Dzikalé
Dzilédji
Dzobékopé
Dzogbégan
Dzogbépimé
Dzogbépimévi
Dzogbetoé
Dzokyasi
Dzoubéto
Ebéva
Ebewa
Echouime
Echouiné
Echuime
Edakopé
Edifou
Edjanaoué
Edjé
Edjéné
Edji
Effolo
Efofami Yéyé
Egbé
Égbégbékopé
Egbéli
Egbétab
Egbouendé
Eglozoukopé
Egouandi
Egoukopé
Eho
Ekbésé
Ekéto
Ekloukopé
Eko
Ekoté
Ekoukoifouté
Ekoukouafouté
Ekpa
Ekpévé
Ekpla
Ekpokopé
Ekpoui
Ekpui
Ekramé
Elavagnon Agoudié
Elavagnon
Elavagnon
Elawagnon
Elé
Ema Kopé
Emla
Emoé Kopé
Emoné
Empékopé
Enabedjé
Enadomi
Enaoué
Enawé
Engniré
Enuy
Enyidjé
Erhé
Erhlan
Esè-Godjé
Esé Godjen
Esé Nadjè
Esè Zogbedji
Esé Zogbedji
Esimé
Ésoun
Essankopé
Essé Ana
Essé Godjen
Essé-Godjin
Essé Nadjé
Essé Nadjin
Essé Zogbedji
Éssoun
Etamé
Etchalé
Etchialé
Etiola
Etiotia
Etoé
Etoé Kopé
Evamakpoé
Evédakopé
Evémé
Evi Kopé
Evohoun
Évou Gnamidro
Ewou
Expounoumé
Ezimé
Ezo
Fadao
Fagadué
Fagbédji
Fala
Fanté Komé
Fantomé
Faré
Farénag
Farendé
Faréo
Fasao
Fasaou
Fasau
Fasuu
Fatao Kopé
Fazadè
Fazao
Fazaou
Féglo
Fiabomé
Fiangata
Fiata
Fiégou
Filandi
Fiové
Fisao
Fissohoué
Flagajido
Flakodzi
Flandi
Flandi
Flélouvé
Flemouvé
Fli
Fobanga
Fofovi
Fògbé Apédomé
Fògbé
Fohé
Fokomé
Fokoun
Fokpoé
Fokpo
Fokpou
Foliga Kopé
Foli Kopé
Folivikopé
Folo
Foloo
Fonboro
Fondécopé
Fondékopé
Fongbé Apédomé
Fongbé Dzogbédji
Fongbé
Fonhouo
Fono
Foté
Foto
Foudjaé
Foudjaï
Foudjaye
Foufami
Fougo
Foukonou
Foukoté
Foulandi
Foulandi
Foulenda
Fouléo
Fouloum
Fragadouya
Fukore
Fyakodji
Fyégbo
Fyoata
Fyo Kondji
Fyové
Gabakoui
Gabongbong
Gabyan Doumé
Gadja
Gadjagan
Gadjawoukpé
Gadjépé
Gadya
Gadza
Gafé
Gagban
Gaïbo
Gainé
Gakenou
Gaklé
Gakli
Gakopé
Ga Kopé
Gakpodji
Galangachi
Galangashi
Galé
Galékopé
Gali
Gamadékou
Gamahé
Gamarhé
Gambolé
Gamé
Gamé
Gamégblé
Gamélili
Ganavé
Ganavé
Gandé
Gandé
Gando
Gando Namoni
Ganganakounkok
Gangan
Gan Kopé
Ganloré
Gaokopé
Gaotomé
Gaougblé
Gaoukopé
Gapé
Garbadé
Garimbomb
Garimbommb
Garimmbommb
Garka
Garokopé
Gasséma
Gassieldo
Gassi-Gagni
Gassi Gaki
Gatangachi
Gatiblé
Gati
Gatoga
Gavi
Gazalui
Gbadago
Gbadi Atakpamé
Gbadi Béna
Gbadi Kougna
Gbafa Kopé
Gbagbadjakou
Gbakopé
Gbangbalé
Gbangbangtcha
Gbanouaga
Gbao
Gbata
Gbavé
Gbawanga
Gbébaré
Gbécon
Gbedjémé
Gbégamé
Gbégué
Gbégué
Gbékon
Gbékon
Gbémaho
Gbémé
Gbenblévé
Gbésogbé
Gbéssogbé
Gbéteï
Gbéto
Gbétou
Gbinba
Gbinoukopé
Gblainvié
Gblenkomé
Gblenvié
Gblikopé
Gboamou
Gbobo Kopé
Gbodjomé
Gbogba
Gbogbo
Gbohoulé
Gbohoulévédji
Gbohou Loto
Gbo Kopé
Gbologan
Gboloho
Gbolovou
Gbomé
Gbonvé
Gboto Asigamé
Gboto Assigamé
Gboto Atchamé
Gboto Atchémé
Gboto Eklohomé
Gboto Koisidamé
Gboto Koissidamé
Gboto-Sévé
Gboto Vodougba
Gboto Vodougbé
Gboto Zévé
Gbouamé
Gdémeinkopé
Gédji
Gerin-Kuka
Gladjoé
Glami Kopé
Gléfé
Glégbé
Gleï
Glèkopé
Glèkové
Glékové
Glenkové
Glévé
Glidji
Glidji
Glidji Kpodji
Glikpo
Glito
Glokpui
Glopé
Glozou Kopé
Gnagbali Kopé
Gnaguidikopé
Gnalem
Gnamidro
Gnamiro
Gnaoulou
Gnata
Gnavon
Gnézérékopé
Gniboudji
Gninokopé
Gnivé
Gnougbo
Gobé
Godéka
Godjémé
Godocopé
Godokopé
Godzo
Goédékopé
Gogakopé
Gogovikopé
Gohokopé
Golgossou
Golodomé
Golowou
Gonari
Gonbdé
Goné
Gonnété
Goroumé
Gosiéti
Gossiéti
Gota
Gotakablé
Gotivi
Gouandjoga
Gouani
Goubi
Goubouni
Goudévé
Goudévé Vého
Gougou
Gougoume
Goundam
Goundoga
Gouné
Gounkopé
Gouzilles
Govié
Govi
Gowié
Goza
Grando Namoni
Groungouboui
Groungrouboui
Guagané
Guarbadé
Gubi
Guédjé
Guédji
Guégueu
Guérin-Kouba
Guérin-Kouka
Guerin Kuka
Guérin N'Kouka
Haba
Hachingou
Hadédé
Haduo
Hago
Hahatoé
Hahogodou
Haho Kpodji
Hahomogbé
Hahoté
Hahotoé
Haké
Halte
Hamavou
Hanhou
Haousakopé
Haoussakopé
Hatchingou
Hausberg
Havé
Havé
Havé Kopé
Havé Yopé
Haviko
Hawé
Hawé
Hebé
Hébuidomé
Hédjégan
Hédjéné
Hedschawi
Héhé
Hehoun
Heknovi
Hékpé
Héléhoui
Helénou
Héti Kopé
Hétovi
Hévou
Hiama Kopé
Hihétro
Hilacondji
Hila-Kondji
Hilhagbé
Hilia Kondji
Hilla-Condji
Hla
Hlandé
Hlé
Hlonvié
Hodakpoékopé
Hodakpo
Hoéta
Hoholou
Homakué
Hométové
Hompou
Honkopé
Hotatimé
Hotonou
Hottatimé
Houdé
Houdé
Houdikoukopé
Houmblasso Kopé
Houmokodji
Hounbléso Kopé
Houndanou
Houndebakin Kondji
Houndjogokopé
Hounlokoué
Hounlokwé
Houvémé
Huimé
Hungbeu
Iawaka
Iba
Ibo
Iboundiou
Idambado
Idammbado
Idifiou
Idifou
Igboloudja
Igbométji
Ihoua
Ihouassi
Ikokouéni
Ikouétéka
Ikpa Anigbé
Ikpa Djigbé
Ikpassé
Illékohan
Illigo
Illiko
Illougba
Immoudo
Imoindini
Inaré
Infalébou
Infoutié
Inkoukoumamné
Inokopé
Insadou
Insalabou
Insandiapo
Intioungouta
Inyior
Inyor
Iobo
Iounabé
Isandiapo
Isas
Isídje
Issati
Itokoubé
Itoudou
Itounou
Iwe
Jafadé
Jambule
Jami
Jatékpé
Jauwikovhe
Jébou-Jébou
Je Gando
Jege
Jélifa
Jeta
Jéwindou
Jimbiri
Jimmbiri
Jiunjiundé
Kababo
Kabagni
Kabanda
Kabangbag
Kabangou
Kabikou
Kablé
Kablékopé
Kablékopé
Kablékpégnon
Kablikodji
Kablikpé
Kaboli
Kabongou
Kabou
Kabrékopé
Kabrékopé
Kabré Lassa
Kabré Todji
Kabu
Kada
Kadia Bangbalé
Kadiambara
Kadiamé
Kadianga
Kadianmbara
Kadiéka
Kadio
Kadiozoura
Kaditiéri
Kadjafé
Kadjala
Kadjalla
Kadjamba
Kadjambara
Kadjambe
Kadjika
Kadjokopé
Kadogou
Kado
Kadoué
Kadrekopé
Kadyamba
Kaédo
Kafalouka
Kafié
Kagavé
Kagen Kopé
Kagnelo
Kagni Kondji
Kagnisi
Kagnissi
Kaguenkopé
Kahora
Kajalawa
Kajamba
Kajamboué
Kaka
Kakioumba
Kaklévé
Kakouabou
Kakourou
Kakpa
Kakpalé
Kakpoui
Kaktapalessi
Kakwé
Kalabo
Kalagbangbong
Kalakala
Kalakongon
Kalakoué
Kalakoum
Kalangachi
Kalanga
Kalangaschi
Kalapé
Kalaré
Kalékodi
Kalia
Kali
Kaliko Agbo
Kamaama
Kamasa Kopé
Kamassakopé
Kambolé
Kamé
Kamelagou
Kamina
Kamina
Kamina
Kampalé
Kanboua
Kandé
Kandiado
Kandio
Kandjock
Kandjouaré
Kanganbou
Kangandem
Kangba
Kangou
Kaniamboua
Kaniamé
Kankamobiagou
Kankandino
Kankangbé
Kankanpiéni
Kankanti
Kankongo
Kankoundé
Kanmbole
Kanokopé
Kanté
Kantindi
Kanyamboua
Kanyiammboua
Kanyi
Kanyi Kondji
Kaodé
Kaodé
Kaogalé
Kaogüalé
Kao
Kaoua
Kaoua
Kapakopé
Kaparama
Kapo
Kapoo
Kapré Kopé
Kara
Karangatji
Kargou
Kariata
Karigora
Karo
Karsome
Kasaboua
Kasa
Kasé
Kassé
Kasséna
Kassori
Katahoué
Kataï
Katambara
Katammbara
Kataré
Katcha
Katchamba
Katchammba
Katchanké
Katchoukouma
Katemé
Katiao
Kati
Katikoué
Katindi
Katiombiya
Kativou
Katobodjo
Katolé
Katomé
Kaua
Kaua
Kavégé Kopé
Kavéguékopé
Kavou
Kawa
Kawanga
Kawékondji
Kayes
Kayikopé
Kazaboua
Kazakalé
Kaza
Kazalé
Kébékopé
Kébolo
Kébou
Kédéodé
Kédia
Kédiébi
Kédjéboua
Kédji Kandjo
Kédji
Kéhodou
Kélégougan
Kélégouvi
Kélété Talé
Kélévou
Kélouda
Kémavo
Kéméa
Kémédisso
Kémé
Kémèrida
Kémini
Kéoumé
Képéagsoba
Képégblé
Képékblé
Képodo
Kerkété
Kerkéténou
Késévé
Kétabo
Kétangbao
Kétao
Ketchekpé
Kétédja
Kétémé
Kétgebona
Kétidjan
Kévé
Kévèna
Kevikopé
Kéwegá
Kéwé
Kézévé
Khouitokopé
Khra
Kiandé
Kiangué
Kidjaboum
Kidjaboun
Kietchi
Kikpan
Kikpéou
Kima
Kindohou
Kiniakara
Kini Kondji
Kintik
Kion
Kiossoumé
Kirikri
Kissaboui
Kissaboun
Kissachiéou
Kitchibo
Kitéou
Kitoman
Kivinga
Kjékplémé
Kjirkjiri
Klabé Afokpa
Klabé Apégamé
Klabé
Klabé Ofokpa
Klédoumé
Klein-Popo
Klékamé
Klémé
Klémé
Klépé
Klétchi
Klétigan
Kléti
Klikama
Klikamé
Klikamé
Klikapé
Klikapo
Klokpé
Klokpoé
Klokpwé
Klologo
Klologokpodji
Klomavi Kopé
Klonou
Kloto
Kloubatémé
Klougakénou
Klouga
Klou Kopé
Kloumekpé
Kloupossi
Kloutché Kopé
Klouto
Kloutsé Kopé
Klouvi
Klovatémé
Klovidonou
Klovi Kopé
Kluto
Kobé Kondji
Kobikopé
Kodèmé
Kodésoa
Kodiènè Isoda
Kodiènè Issoda
Kodiènè Ité
Kodio
Kodiokpégblé
Kodjagbo
Kodjatcha
Kodjé
Kodji
Kodji
Kodji Kopé
Kodjilou
Kodji Tsévié
Kodjo Aza
Kodjo
Kodjo
Kodjoui Kopé
Kodjovya
Kodzovya
Koétadi
Kofé Agba
Kofédo
Kofélakou
Kofétchouko
Koffikopé
Kofigato
Kofi
Kofioden
Kofiti
Kofiwendjé
Kofodua
Kofoiden
Kofordia
Kofou
Kogoudakou
Kohoun
Koinédadéni
Koinétédiouaga
Koiniétaga
Koiséga
Koisséga
Kojenadé
Kokbété
Koklomité
Koklovi
Kokolépé
Kokolo
Kokondi
Kokopé
Kokoté
Kokouba
Kokoudi
Kokou
Kokoukopé
Kokou Kopé
Kokoukopé
Kokou Kopé
Kokovikopé
Kokpli
Kokuolo
Kolaboun
Kolanda
Kolédjikopé
Koledjo
Kolina Kohidji
Kolobo
Kolohoué
Kolo
Kolo
Kolokopé
Kolokopé
Kolokopé
Kolokpé
Kolonabois
Kolonaboua
Kolonabua
Kolonbua
Kolonouboua
Kolouhou
Koloukopé
Koloum
Kolowaré
Kombakopé
Kombongu
Komé
Komé
Komikopé
Kominidè
Komité
Komivikopé
Komla
Komla Kondji
Komlakopé
Komla Kopé
Komlan Kopé
Komlavi
Komoukopé
Konadiou
Konagoui
Konassi
Konbogou
Konbonloga
Konboulouaka
Konda
Kondala
Kondia
Kondjeare
Kondji Kpodonou
Kondjouaré
Kondjuare
Kondoivé
Kondo
Kondonga
Konfese
Konfesse
Kong
Kong Kpintingué
Kongouhoué
Konhé
Konhoé
Konkoa
Konkomané
Konkon
Konouga
Konpiéna
Konta
Kontenga
Kontjénga
Kontjonga
Kontyionya
Kooda
Kopégan
Kopégan
Kopé
Korbongou
Koré
Koréséwa
Korésséwa
Kosi Kopé
Kosi Kopé
Kosi
Kosivi
Kossamossi
Kossikopé
Kossikopé
Kota Bléta
Kota
Kotakota
Kotaro
Kotatéou
Kotenga
Kotiokopé
Kotokopé
Kotomboua
Kotongbo
Kotoniakopé
Kotonmboua
Kotouri
Kouadangou
Kouakato
Kouakéta
Kouakopé
Kouandé
Kouangan
Kouanhou
Kouaro
Kouasi Agbavi
Kouatchou
Kouatié
Kouawé
Koubakou
Koubangou
Kouban
Kouba Tié
Koubinoukoué
Koubinoukwé
Kouboabo
Koubodohon
Koubongou
Kouboni
Koubon
Koudaboubou
Koudakou
Koudakpokomé
Koudasi
Koudassi
Koudémo Kopé
Koudioman
Koudja
Koudjiragan
Koudjonou
Koudjouare
Koudjragan
Koudjravi
Koudogouti
Koudokodji
Koudyabyaou
Koudyobé
Koudyobon
Koudyoman
Koudyopongpong
Kouéda
Koué
Kouénou
Kouété Amava
Kouété
Kouévé
Kouévé
Kouffota
Kougnohou
Kougnohou
Kougnohou
Koui
Kouilo
Kouiniéteri
Koujiobé
Koujioman
Koujioponpon
Koujioubon
Kouka
Kouka
Koukbon
Koukombou
Koukommbou
Koukoudé
Koukou
Koukoumboul
Koukouo Tougou
Koukpam
Koukpandiada
Koukpan
Kouladabo
Koulama
Koulamon
Koulanion
Koulan
Koularo
Koulassi
Kouléhoho
Koulékopé
Koulifiagou
Koulogé
Koulokopé
Koulosi Kopé
Koulossikopé
Koulouhou
Kouloumi
Koumaho
Koumakanga
Koumako
Kouma
Koumalo
Koumalou
Koumandé
Koumangou
Koumase
Koumassie
Koumassi
Koumaye
Koumazan
Koumbatara
Koumbienbagou
Koumbiretou
Koumbok
Kouméa
Koumérida
Koummbienbagou
Koumondé
Koumongo
Koumongoukan
Koumongou
Koumoniadé
Koumonyadé
Koumpiagué
Kounadjékou Kopé
Koundjanlonkopé
Koundjoaré
Koundjouaré
Koundjouaré
Koundoungou
Koundouta
Kounfaga
Kounianètmé
Kouniango
Kouniéré
Kounigbo
Kouni Kopé
Kouni
Kouni
Kouniohou
Kounkogué
Kounkokou
Kounkoloné
Kounkongbane
Kounkong
Kounkouaté
Kounniéré
Kounounia
Kounounya
Kounsogou
Kountélaou
Kountja
Kountoiré
Kountongbong
Kountonri
Kountoum
Kountoun
Kountouri
Kounyaglo Kopé
Kounyanètmé
Kounyion
Kounyo
Kounyon
Kouokou
Koupagou
Koupassassi
Koupou
Kourdjoaga
Kourdjoaga
Kourientré
Kourniéré
Kousountou
Koussatiéou
Koussatine
Koussigou
Koussoukopé
Koussountou
Koussountou
Koussourkou
Koutanbado
Koutangoli
Koutaou
Koutazomé
Koutchichéou
Koutchigbé
Koutchikoué
Koutchi
Koutéo
Koutian
Koutiatialbo
Koutidji Kopé
Koutié
Koutienga
Koutière
Koutio
Koutiona
Koutiopokopé
Koutobdo
Koutobi
Koutougou
Koutoukpa
Koutsavé
Kouvé Atra
Kouvé Atran
Kouvé Gboli
Kouvé
Kouvé
Kouvi
Kouvon
Kouwahaya
Kouwé
Kouya
Kouyao
Kouyobè
Kouyounlé
Kové
Kovéto
Koviakopé
Kovié
Koviépé
Kovi Kopé
Kovyépé
Koyachroé
Koyé Kopé
Koyer
Kpabidé
Kpadafé
Kpadapé
Kpadayo
Kpadégan
Kpadé
Kpadéro
Kpadjenta
Kpaglikouta
Kpagouda
Kpaha
Kpakpabo
Kpakpo
Kpalafé
Kpalanda
Kpalavé
Kpalavhé
Kpalé
Kpali
Kpalimé
Kpambiribi
Kpandia
Kpando
Kpankangouani
Kpankpandé
Kpankpark
Kpapala Kénou
Kparafé
Kpassidè
Kpatéfi
Kpatéfi
Kpatibori
Kpatsougomé
Kpavou
Kpayando
Kpayaora
Kpéda
Kpédigni
Kpédje
Kpédji Afiokou
Kpédji
Kpédji
Kpédji
Kpédji
Kpédomé
Kpédomé
Kpégnon Agoromé
Kpégnon Atchikiti
Kpégnon
Kpéhénou
Kpéhou
Kpéhoum
Kpeï
Kpékodji
Kpé Kopé
Kpékplémé
Kpélé
Kpéli Kopé
Kpélo
Kpémé
Kpémé
Kpényini
Kpéréa
Kpésé
Kpésikonou
Kpésoudji
Kpesougomé
Kpésoumé
Kpessidé
Kpéssi
Kpessou
Kpéssoumé
Kpéta
Kpétavi
Kpetchi
Kpété Béna
Kpété Maflo
Kpététa
Kpéti
Kpétoé
Kpétohi
Kpéto
Kpétzikopé
Kpévégo
Kpéve
Kpévé
Kpévémé
Kpévi Donion
Kpèzindè
Kpierk
Kpinbonga
Kpindi
Kpinparbagou
Kplaba
Kplagassou Kopé
Kplagba
Kplakba
Kplélé
Kpodji Dassé
Kpodji
Kpodji
Kpodji
Kpodji
Kpodjivé
Kpodo
Kpodonoukopé
Kpoédji
Kpogamé
Kpogan
Kpogéde
Kpogédé
Kpoguéde
Kpoguédé
Kpoguéré
Kpoimbek
Kpoka
Kpokodjé
Kpokou Kondji
Kpokou Kopé
Kpola
Kpoli Kopé
Kpomé
Kpondavé
Kpondjaga
Kpong
Kponou
Kponou
Kponvié
Kporavé
Kpota Kopé
Kpota
Kpota
Kpota Oundadji
Kpotavé
Kpoté
Kpoti
Kpouata
Kpouédji
Kpouèmbek
Kpouli
Kpouparo
Kpovénou
Kpoyikofé
Kra
Krétove
Kri-Kri
Ksipé Afidégnon
Ksipé Afidényon
Kuahoé
Kuboni
Kubun
Kudjetjeu
Kudjetju
Kueda
Kuë
Kuëso
Kúge
Kukub
Kulamon
Kumondé
Kumongu
Kundjore
Kuni
Kuntum
Kuntun
Kupone
Kupon
Kuta
Kutau
Kwahwé
Kwengan
Kwénou
Kyiridyiri
Kzékzétoroui
Laatongo
Labavi Kopé
Lablé Kopé
Labo
Ladiek
Ladjékpo
Lagoro
Lahoutiegnou
Lahoutiéniou
Lajoudoun
Lakata Kondji
Lakodayo
Lakourgou
Lakwi
Lalamila
Lalora
Lama Bou
Lama-Kara
Lama
Lama Tessi
Lama Wédé
Lamba
Lambo
Lammpogo
Lampogo
Lanbadé Kopé
Landa
Landa Pozenda
Landjo
Langabou
Langondé
Lanké
Lankomé
Lankouvé
Lankui
Lantigban
Lanvié
Laokopé
Lao
Lao
Laou
Laouloukopé
Larini
Laroukopé
Lasa
Lassa
Lassé
Latékopé
Laté
Latihou
Latikopé
Latime
Latioubdo
Lato
Lavouékopé
Lavwé Kopé
Lawadan
Lébega
Lébé
Legbanou
Légbanou
Légouansélandé
Lékétékopé
Lékin
Lékoan
Lekpakoji
Lékpandé
Lélé
Léllé
Lemmé
Lémokopé
Lemoué
Léon
Létobé
Létoukopé
Letsoukopé
Letté
Liagalbou
Liatonou
Liboungdial
Lidialabo
Lidiobilbou
Lidiomalbo
Lidyobilbou
Lidyomalbo
Lié
Ligbalébou
Ligbalé
Ligbatré
Ligo
Likadiol
Lilihoué
Lili Kopé
Lilikové
Litito
Little Popo
Livé
Loajoulé
Loandé
Lodji
Logoba
Logodé
Logomé
Logopé
Logosé
Logosou Kondji
Logossa
Logossou Kondji
Logoué
Logové
Lohou
Lokodopé
Lokokpé
Loko
Lokoréa
Lokpano
Loloboavé
Lolu
Lomé
Lomé
Lomnava
Lomnava
Lomoé
Lomoi
Lonbéne
Lonvo
Lopoli
Loso-Tchitchao
Losou Kopé
Lossokopé
Losso Tchitchao
Louakban
Louanga
Louankpongou
Louanou
Loué
Louholoubo
Loukou
Lovè
Lovo
Lyato
Mabo
Maboualabi
Mabou
Madéomé
Madiamakou
Madjikpéto
Madodji
Magbla
Makaléa
Makou
Malomé
Malomi
Mamakopé
Mamao
Mamisi
Mamissi
Manando
Manasé
Mandiaré
Mandime
Mandou
Mandouri
Mandouta
Mango
Mangosé
Mangossé
Mangouasi
Mangouassi
Maniadjoti
Manian
Manja
Manka
Mankié
Manniédo
Mantintéléo
Manya
Manyan
Maosi Djogbé
Maossi Djogbé
Mapa
Margbangou
Maséda
Masédéna
Masorthé
Masséda
Massédéna
Massejioon
Masséjioun
Massipou
Massoo
Massouékopé
Matékouo
Matékpo
Matioukpli
Matougou
Matrégbédjé
Mavenou
Mayondi
Meboudanou Kondji
Méda
Médélou Kondji
Médélou
Médiamékou
Mediéné
Meïfogou
Mélamboua
Mélanmboua
Mélia Moutsougalo
Méli
Mémoné
Menoukpoé
Mésan Kondji
Mésan Kopé
Mésan Kopé
Mésan
Mésan
Méssakopé
Méssan Kondji
Méssankopé
Messaoué
Messiobé
Messlobé
Méti
Métonokoé
Méwindo
Michon-Tové
Midégodé
Midja
Migbodji
Mikbondji
Mikéso
Mikini
Mikoumé Kondji
Mimpassem
Miniki
Mirhédo
MisahÅ“he
Misahöhé
Misino
Missahohé
Missahomé
Missahomé
Misséouta
Mission-Tové
Mlagani
Moak
Moandé
Modjaï
Moékopé
Mogbanté
Mogou
Mogu
Mokaga
Mokélégbé
Moloubé
Momé-Agouti
Momé Balémé
Momé Gbavé
Momé Hounkpati
Momé Rhagou
Momoané
Mondlabélé
Monél
Moné
Mono
Monooaré
Monota
Morbagou
Morbak
Moretan
Morita
Motchan Kopé
Moukpido
Moulimané
Mouloubé
Moumouané
Mouna
Mpoti
Mwen
Myéso
Naaboumbo
Naani
Naba
Nabangou
Nabati
Nabib
Nabinga
Naboague
Nabogban
Nabonga
Nabonton
Nabouab
Nabouakou
Naboukor
Naboulgou
Naboulpiou
Nabouni
Nabouri
Nabrouk
Nabulgu
Nachitipi
Nadagou
Nadaké
Nadari
Nadégré
Nadjalgbané
Nadjitindi
Nadjok
Nadjondi
Nadjoundi
Nadoba
Nadoti
Nadoungou
Nadoun
Nafindioul
Nafouli
Nafou
Nagané
Nagangou
Nagbalé
Nagbeni
Nagbéni
Nagbeni-Tchokosise
Nagbéni Tchokossisse
Nagbidjabou
Nagblé Kopé
Nagbong
Nagmon
Nagouangou
Nagouémoni
Nahilé
Nahoutinou
Naka
Nakbako
Nakdon
Naki-Est
Naki-Ouest
Nakitendi-Est
Nakitindi-Est
Nakitindi Laré
Nakitindi
Nakitindi-Ouest
Nakitoné
Nakiyakou
Naklogo
Nakouadé
Nakouarédioke
Nakpabak
Nakpalikonkog
Nakpaté
Nakpouékou
Nakre
Nalaziha
Nalématé
Nalénou
Naliénou
Nali
Naloague
Naloaté
Naloba
Nalogou
Nalomi
Nalongbani
Namab
Namagnan
Namalo
Namandiouré
Namandouba
Namanjo
Namatougou
Nambassi
Nambowédo
Namiélé
Nammbassi
Nammbi-Kara
Nammbowédo
Nammjoni
Nammpoak
Nammpoa
Nammpon
Namongou
Namon
Namoré
Namoudjogo
Namouk
Namoundjoga
Namouté
Namouté
Namouyogo
Nampoach
Nampoak
Nampoa
Nampon
Namunjogo
Nanaéni
Nanbonga
Nanbong
Nanbouéssou
Nandialé
Nandiki
Nandodani
Nandoga
Nandoundia
Nandouta
Nandri
Nanergou
Nangbangou
Nangbani
Nangbeto
Nangbetou
Nangoua Nangré
Nanguélé
Nanhal
Nanioumboul
Nanjéré
Nankitendi-Ouest
Nankoul
Nano
Nanpimmbo
Nansagou
Nantcharé
Naouléma
Napabagou
Napakon
Napatéou
Napimbo
Napimmbo
Napirkang
Napitik
Napotab
Napoulou
Naprekango
Napretango
Narbale
Nasablé
Nasiégou
Nasiété
Nason
Nassablé
Nassakini
Nassibiki
Nassiégou
Nassiété
Nasson
Natako
Natala
Nataré
Natchamba
Natchammba
Natcharé
Natchiboura
Natchikpil
Natchioumou
Natchitchikpi
Natchitipi
Natianbonga
Natiboni
Natigou
Natiri
Natjintend
Natjoundi
Natomone
Natongo
Natongpargou
Navako
Nawakassou
Nawako
Nawallo
Nawaré
Nawaré
Nayargou
Nayéga
Nayeng
Nayergou
Nayombo
Nayommbo
Ndigbé Apédomé
Ndigbé
Négakopé
Néglo
Nélimé
Néyépa
Nganbéto
Nganbi
Ngoboto
Niada
Niadou
Niagbangbou
Niakambou
Niakammbou
Nialémé
Nialiano
Niali
Nialo
Niama Niama
Niamasi
Niamassila
Niamassi
Niamavo
Niambadé
Niambi Kara
Niamessi
Niammbadé
Niamtougou
Niamtougou
Niamtuu
Niandé
Niangbané
Niangoulame
Niangoulam
Niangou
Niankalé
Nianpandi
Nianpopo
Niantoukou
Niantoulé
Niaranga
Niasankopé
Niassivé
Niatin
Niazankopé
Niébodji
Niélé
Nièmpénou
Niévé
Nikpakparé
Nimanya
Nimbéolo
Nimmbéolo
Niniando
Nintambada
Nintammbada
Nintin
Niobadjoani
Niongou
Nioukpourma
Nirekpé
Nissiguékopé
Nita
Nita Zogbédji
Nitoué
Njamassila
Njamassilla
Njamtuu
Njitoé
Njiwé
Nkingbé
Nlaman
Nlensi
Noégpéblé
Noépé
Nomanyon
Nomanyo
Nomlo Komé
Nonava
Norédiengou
Nosi Kopé
Nossi Kopé
Nossikopé
Notchèkpé
Notsé
Nouatja
Nouat
Noubklo
Nouhoulmé
Nouko
Noumananga
Noumanannga
Noumbanda
Noumbannda
Nousourou Kopé
Noussouroukopé
Nparé
Npoula Tiéka
Nsara
Ntchiado
Ntchourou
Ntitidomé
Ntounkwé
Nuatia
Nuatja
Nuatya
Nuhundo
Nyagbali Kopé
Nyalimé
Nyamasila
Nyamassila
Nyamavo
Nyamoussila
Nyampopo
Nyamtouhou
Nyandé
Nyanétchi
Nyanou
Nyasivé
Nyaso
Nyassivé
Nyativé
Nyavi
Nyékonakpoé
Nyenakpoé
Nyiativé
Nyibo
Nyidé
Nyidianga
Nyigbé
Nyilékpé Kpénou
Nyimountchiga
Nyinoumé
Nyita Dzogbédji
Nyitakpo
Nyita
Nyite
Nyitoé
Nyitoé-Zoukpé
Nyivé
Nyosi Kopé
Nyossikopé
Nytoradé
N'Zara
Oba
Obédi
Obé
Obi
Odéré
Odigouro
Odikopé
Odjekpo
Odjindjikopé
Odjoubo
Odoli
Odoméglo
Odonko
Ofé
Ofé
Ofon
Oga
Ogaro
Ogato
Ogobé
Ogodji
Ogomé
Ogouala
Ogoufo
Oguapi
Ohanébé
Ohan Okou
Oholoboué
Ohouloka
Ohouritcho
Okama
Okbo
Okéloukoutou
Oklou
Okouati
Okou
Okoutalakou
Okpahoué
Okpahoui
Okpla
Okpo
Oku
Oliboukou
Ologuimé
Ologwé
Omono Kopé
Omouti
Onbatédèmpo
Ondito
Onétékopé
Ong Ha
Ongodé
Oniadokopé
Onko
Onsou
Oranyi
Oronka
Otadi
Otandjobo
Ouadagni
Ouagba
Ouakpo Kopé
Ouakpo
Oualimé
Ouali
Ouamé
Ouapa
Ouardé
Ouarkambou
Ouatam
Ouatchidomé
Ouatchigomé
Oubiangou
Oubiaro
Oubombo
Oubommbo
Oubo
Oudiran
Oudjé
Oudouban
Oudouoba
Ouessové
Ouétrapé
Ougatomé
Oukouré
Oukouyoté
Oukrédo
Oulatché
Oulbéni
Oulénou
Oulita Hohoé
Oulita
Oulongou
Ounabé
Ounadjassi
Ounado
Oundemba
Oundo
Oungan
Ounkpé
Ounlewakin
Ounlivou
Ounpé
Ounsouvi
Ountivou
Ouorouo
Ouregui
Ourgou Tigou
Ouroukou
Oussalné
Outimbiangou
Outimmbiangou
Outisibé
Ouyamdé
Ouyombo
Ouyou
Oya
Oyo
Ozopekopé
Paboualé
Pabouté
Padébé
Padioulé
Padori
Padouane
Padoumé
Pagala-gare
Pagala
Pagouda
Pagou
Paiokou
Paio
Pakando
Pakli Kopé
Pakounga
Pakpassa
Pakroupa
Paktanga
Paladi
Palajakopé
Palaka
Palakokokopé
Palakoko
Palako
Palanko
Palimé
Pallakoko
Pamber
Pamboa
Pammber
Pammboa
Pamou
Pampouelou
Pana Bagou
Pana Kounkogo
Pana
Pana Tiérou
Pandia
Pangadiéka
Pangalan
Pangalo
Pangani
Panga
Pango
Pánjere
Panséni
Panséri
Pantogou
Papoualoni
Papoual
Papri
Parampa
Paratao
Parataou
Paratau
Parbiak
Paremmpa
Parempa
Paris
Pasa
Pasondé
Pasra
Passao
Passawa
Passoua
Passouté
Patadou
Patalabo
Patala
Patata
Patatoukou
Paté Diyogbé
Patiama
Patiéli
Patikopé
Pativémé
Payambou
Payokou
Payo
Payoubo
Paywawaya
Pebadjibé
Pédaudé
Pédigbé
Pédomé
Pégolou
Péio
Pelelé
Pénézeil
Pennsaka
Pensaka
Péoungou
Péou
Périgué
Peséré
Pessaré
Pésséré
Pessidé Koundoum
Pessidé
Pessidé
Pessi
Pétab
Petchikoé
Petchi Kopé
Petchi
Petit Popo
Pévémé
Pévienoukopé
Péwa
Péyolou
Piabrébagou
Pianian
Pikpandib
Pilia
Pipidioulé
Pirgou
Pirinio
Pitambadé
Pitammbadé
Piya
Poda
Podji
Podji
Podonou Kopé
Pogan
Pogan
Pogno
Poguiéssou
Pogyésou
Poiporga
Pokédé
Poklolo
Pokpon
Politi
Pondaha
Ponio
Ponio
Popoin Doumé
Popoumé
Poroudji
Porto-Segouro
Porto-Séguro
Possourhé
Potassou Rédjé
Potassou Rhédjé
Potosou
Pouapouarakou
Poubogou
Pouda
Pouffa
Poukpouara
Poulougou
Pouroum
Poutamélé
Povékopé
Pya
Redjé
Rhanou
Rhatosé
Rhayé
Rhébwidomé
Rhédjégan
Rhédjékopé
Rhéhou
Rhèkpé
Rhénonvi
Rhétchevi
Rhétovi
Rhévou
Rhimé
Rhlandé
Rhli Agbé
Rhodan
Rhodémi
Rhonyo Kondji
Rhoségbado
Rhotou
Rhoukopé
Rodokopé
Rodokpé
Saako
Sabarangadé
Saba
Sabóngari
Sabouénou
Sada
Sada
Sadjalé
Sadomé
Sadori
Sadoulakopé
Safénou
Safoukopé
Sagada Kopé
Sagada
Sagapé
Sagbadé
Sagbado Agotimé
Sagbado Logoté
Sagbado
Sagbiabou
Sagnakopé
Sagnanko
Sagognon
Sagonou
Sagoudanhang
Sagouda
Sagou
Sahéringabé
Sahoudé
Sahou
Sakani
Sako
Sakpalé
Sakpléto
Sakpové
Sakré
Salaga
Salanbagou
Salanda
Saligbé
Salimdé
Salimmdé
Samaï
Samakopé
Samana
Samanoukopé
Samanyi
Samba
Samboumé
Sammba
Sammboumé
Sammti
Sampadjakopé
Samti
Sandiado
Sandiane
Sandogo
Sanfatouti
Sangbana
Sanguéra
Sankassa
Sankassé
Sankpong
Sanoubi
Sanpalé
Sanpa
Sansalé
Sansane-Mangu
Sansanfon
Sansanné-Mango
Sanssané-Mango
Santé-Bas
Santé-Haut
Santo
Sanyako
Sanyanko
Sanyra
Saon
Saouvé
Sapalo
Sapémé
Saponé
Sapoulib
Sapounoumbo
Saragamada
Sarakaoa
Sara-Kawa
Saramakopé
Sara
Sarou
Sasiaga
Sasiéga
Sassemmpté
Sassempté
Sassiéga
Satito
Satodé
Savanié
Savikopé
Savimé
Sawaga
Sayagali
Sébliani
Séboukoualé
Sedjikoé
Sedjro
Sédjro
Sedou
Sègbèdji Kopé
Ségbégouni
Ségbé
Séglo
Ségoédé
Ségou
Séko Kopé
Séko
Sékotéli
Sékoundé
Sekpo
Sélébino
Sélég
Seluga
Séméba
Sémé
Sémouhourl
Séni
Séouatchikopé
Séou
Séouvé
Séozanbiani
Seregbané
Sessaro
Séssikouravi
Sétégbé
Sétekpé
Sétodji Kopé
Séva-Apédomé
Sévagan
Sevaga
Sévagbléta
Séva
Séva
Séva
Séva Tonou
Sévého
Sévo Kopé
Séwagan
Sewágá
Séwati
Seydjro
Sibamé
Siborototi
Sichalébé
Sicinni
Sidémé
Sidiki
Sidjitré
Sidomi
Sié
Sigbéwé
Sigbinga
Sihèbi
Sika Kondji
Sikibagou
Sikpé Adégou
Sikplé Kodi
Simané
Simkokikopé
Siniga
Sinkasé
Sinkassé
Sintéri
Sintodi
Siokopé
Sioudouga
Siou Kawa
Siou
Sirka
Sisiaga
Sissiaga
Sitiboubou
Siu
Sivamé
Skapatéï
Soagédé
Sodême
Sodé
Sodjisi Kopé
Sodjissikopé
Sodogacopé
Sodogakopé
Sodokékopé
Sodokè
Sodo
Sofié
Sofo
Sogbédji
Sogbepémé
Sogbohoé
Soghédji
Soglodé
Sogou
Soholo
Sohonou
Sohoukopé
Sohou
Soklito
Sokodé
Sokomé
Sokoukopé
Sokpo
Sola
Sola
Solla
Sominidè
Somnadé
Somonékopé
Sondé
Sondina
Sonpion
Sopé
Soréda
Sorogadanga
Sorouba
Sorrogadanga
Sosou
Sossakoué
Soto
Sotouboua
Soubah
Soudoré
Soudou
Souépé
Soulao
Soulou
Soumbao
Soumdina
Soundina
Soungou
Sounsouri
Souroukou
Soussoubandé
Soutéhoum
Souté
Souté
Sovipé
Sovou
Ssada
Ssirka
Ssiu
Ssodo
Ssorouba
Station-Despalang
Station Météo
Sudu
Sumbo
Syanou Kopé
Tababi
Tababou
Tabalé
Tabalo
Tabara
Tabligbo
Tablizhbo
Tabo
Tachi
Tadéri
Tadiénou
Tadomé
Tado
Tadoum
Tafdeman
Tafia
Tafié
Tafigbangbang
Tafouroumé Kéwédji
Tafouroumé
Tagakopé
Tagbalo Kopé
Tagbamé
Tagba
Tagbesé
Tagbéssé
Tagovi
Taguégankopé
Tahasi
Tahassié
Tahassi
Takbla
Takoundou
Takpamba
Takpammba
Takpapier
Takpapié
Takpla
Talada
Tamabadé
Tamagné
Tamaklokopé
Tamandjouaré
Taman
Taman
Tamanyé
Tamatgou
Tamatougou
Tambonga
Tambo
Tamboulado
Tambou
Tamdo
Taméklo
Tamémé
Tamé
Tami
Tammbou
Tamondjouaré
Tamong
Tamongué
Tamoundjouaré
Tampialème
Tampialim
Tanakopé
Tanakou
Tanbangou
Tanbatodéni
Tanbiga
Tanbimongou
Tanbina
Tanbingué
Tanbonga
Tandjoaré
Tandjouaré
Tandjouaré
Tandouaga
Tanékago
Tangbaré
Tanguikou
Taniamboul
Tankiarékou
Tankomanti
Tankomonti
Tankpapiéni
Tankpuéré
Tanlongue
Tanou
Tanpakté
Tanpialéme
Tansi
Tantangou
Tantanierta
Tantchiagou
Tantigou
Tantoga
Tantouagou
Tantouatré
Tao
Taouléba
Taou
Tapouennta
Tapouenta
Tapouhoukou
Tapoundé
Tapoun
Tapounté
Tapouta
Taschi
Tasse
Tassindi
Tassi
Tasso
Tatékoïdi
Tativi
Tatrakondji
Tavéga
Tavèkwémé
Tavé
Tawana
Ta Wédé
Tayaro
Tchabé
Tchabikopé
Tchakala Kossou
Tchakpali
Tchalanidé
Tchalo
Tchaloumikopé
Tchamba Kabré
Tchambao
Tchamba
Tchambo
Tchanagakan
Tchanaga
Tchandana
Tchangui
Tchanié
Tchantcha
Tchaoro
Tchaourondé
Tchapali
Tchapossi
Tchapritchapra
Tcharabaou
Tcharé-Baou
Tcharé
Tcharé
Tchatchaminadé
Tchati
Tchavadé
Tchawouikan
Tchébébé
Tchékélé
Tchékita
Tchekpo Anagani
Tchekpo Dédékpoé
Tchékpo Dévé
Tchekpo
Tchelimé
Tchéoka
Tchépakopé
Tché
Tchialè
Tchiarabaou
Tchiaré
Tchidémé
Tchiémé
Tchié
Tchihémé
Tchikoé
Tchikoué
Tchikplonoukondji
Tchilémé Kopé
Tchilémé
Tchintchingou
Tchiorgo
Tchiri
Tchirkpambo
Tchirkpammbo
Tchitchao
Tchitchidé Taré
Tchitchidé
Tchitchoa
Tchoglitcho
Tchokpo
Tchonoro
Tchonou
Tchotchopola
Tchoubona
Tchouboupoué
Tchoumouri
Tchouri
Tchoutchoubeni
Téba
Tédahoé
Tédarhoé
Tédo
Téfia
Tekfaté
Tékou
Tekpohoé
Tékpolo
Tékpo
Téma
Téma
Témédja
Témédjolo
Temé-Oderé
Témé
Tempiendjoaga
Ténanékopé
Ténéga
Ténouvé
Téouli
Téréouda
Tessiam
Tétékpokoudji
Tététou
Tététu
Tétouiabakopé
Tiaba
Tiadikoffé
Tiadi
Tiakasso
Tiakbal
Tialaïdè
Tialakopé
Tialemdé
Tialoum
Tiamanga
Tiambilibi
Tiamou
Tianaka
Tianamboul
Tiandé
Tiankalhou
Tiankouéné
Tiankpuéré
Tiaromé
Tiassidé
Tiati
Tiavalème
Tiavé
Tibado
Tidira
Tiéfouma
Tiékou
Tielakopé
Tienbiengou
Tientéléga
Tiépakdo
Tiéressou
Tigbada
Tiglikpo
Tigoé
Tigoué
Tigou
Tigwétolomé
Tihaléa
Tikakan
Tikamou
Tikarè
Tikoé
Tikou
Tikplé
Timbou
Tinandé
Tingué
Tinipé
Tinkiro
Tiodiga
Tiofolèmpo
Tiokou
Tioré
Tioufouma
Tiouk
Tioutiou
Tipakpane
Tipil
Tirka
Tirté
Tisé
Titiar
Titiégou
Titigbé
Titira
Tjou
Toaga
Toa
Toboéssé
Toboïchré
Toboni
Todjaï
Todji
Todjoini
Todogo
Todomékopé
Todomé Kopé
Todomé
Todomé
Todomé
Togarhaouidé
Togba
Togbé Ayiho
Togbé Sokou
Togbidji
Togblé Kopé
Togblékové
Togblé
Togbli
Togodo Azimaglé
Togodoé
Togodo
Togodo
Togodué
Togokomé
Togomé
Togomé
Togo-Plantation
Togo
Togourka
Togou
Togoville
Toguène
Toguèn
Tohoganou
Tohou Kopé
Tohoum
Tohoun
Tohou
Toigbekopé
Toïgbokopé
Toïgbo
Toï Kopé
Tokagamé
Toka
Tokélé
Toklolo
Tokodié
Tokoin
Tokoro
Toko
Tokouin
Tokou
Tokpa
Tokpévié
Tokplézo
Tokplikopé
Tokpli
Tokpli
Tokpli
Tokpognikopé
Tokpo Kondji
Tokpokondji
Tokpo
Tokpo
Tokwen
Tolon
Tolo
Tomané
Toman
Tomegbé
Tomegbé
Tomégbé
Tomegboué
Tométihonou
Tométikondji
Tomé
Tomé
Tongbe
Tonou Kondji
Tonoumasé
Tonoun
Tonte
Tontondi
Topli
Topo Kondji
Tora
Torégadé
Torogode
Toromé Kopé
Torossi
Tosiégou
Tossiégou
Totagan
Tota Kondji
Tota
Totchagni
Totchenti
Totigan
Totoï
Totoki
Touangou
Touazi
Toubéloélhou
Toubigou
Toudji
Touékopé
Touglo
Toukouikopé
Toukou
Toulankataka
Toulong
Toulounbongou
Toulounkarga
Toumali
Toumé
Toumoulmou
Tounabopi
Tounato Kondji
Toungbandangou
Tounoumassé
Tounouvé
Tounta
Tountionga
Tountiounga
Tourhasi Kopé
Tourhassikopé
Tourondé
Touta Kopé
Toutchikopé
Toutionga
Toutougou
Toutoug
Toutou Kopé
Toutou
Touvoui
Touvwi
Tovégan
Tovéga
Tovégblé
Tovégblé
Tové Kpedji
Tové
Tové
Tovouganou
Towégá
Towé
Trémahonlé
Tsaga
Tsagba
Tsamanyé
Tsamé
Tsamé
Tsanaga
Tsavié
Tschalo
Tsétsé Kopé
Tséva
Tséviétokopé
Tsévié
Tsévyé
Tsikoé
Tsiko
Tsikplonou
Tsingoé
Tsinngoé
Tsipé
Tsiravokoué
Tsivé
Tsiviépé
Tsivyépé
Tsohalo
Tsologou
Tsriravokoué
Ttchati
Tuandi
Tun
Tyaloumikopé
Tyaloum
Tyélakopé
Tzevie
Tzikané
Uarde
Undemba
Urenji
Vakbo
Vakpo
Vakpo
Valakopé
Valokopé
Valoufou
Valo
Vamassi
Vamatchi
Védékou
Vedomé
Végouémé
Venkounia
Vévé
Vévoin
Vikpakpa
Viti
Viy
Vly
Vo-Afouime
Vo-Aso
Vo Asso
Vo Ativé
Vo-Attivé
Vodjé
Vodomé Gbétounou
Vodomé
Voévé
Vogan
Vogan
Voga
Vogba Kopé
Vogba
Vokémé
Vo Koutimé
Vole Kopé
Volové
Voméno Kopé
Vonhoto
Vonougba
Vontou
Vo Tokpli
Votromé
Vou Apéga
Voudjagblé
Voudoukopé
Vougomé
Voui
Voukopé
Voukpé
Voukpo
Voulè Kopé
Voumé
Voutégblé
Vouto
Vou
Vwi
Vyévépé
Wabounian
Wadandé
Wadiado
Wagam
Wagante
Wagram
Wakadé
Waladé
Waman
Wandégué
Wandé Nadoum
Wangbalé
Wangbane
Wango
Wania
Wapambouni
Wapammbouni
Wapa
Warkambou
Warké
Warté
Wasouké
Wassara Bo
Wasséra Kadéro
Wassouké
Watalangue
Watigomé
Wati
Wato
Waya
Wédémé
Wélou
Wéripi
Wevé
Wiané
Wianné
Wihoté
Witi
Woame
Woaso
Wodou
Wogan
Woga
Wogba
Wokambo
Wokambu
Wokammbo
Wokon
Wo Kopé
Wo Kotine
Wo Koutime
Wo-Kutime
Womé
Wonougba Séva
Wonougba
Wonyomé
Wotokou
Wouhokoué
Woukpo
Wouley
Woumé
Woumé
Woutegblé
Xantho
Yabangolé
Yabdouaré
Yabido
Yaboukopé
Yachiboulé
Yacoubokopé
Yadékopé
Yadé
Yadé
Yadé
Yafadé
Yagou
Yakassi
Yaka
Yaka
Yaka
Yakoubokopé
Yala
Yalla
Yamboulé
Yamboul
Yammboul
Yankassia
Yanou Kopé
Yanyane
Yaokopé
Yaokopé
Yaouté
Yapoutando
Yaré Kabré
Yaré Yaré
Yawaka
Yayago
Yébou Yébou
Yégué
Yékou
Yekplékodji
Yélemmpa
Yélempa
Yelifa
Yéloum
Yemboulé
Yéoum
Yérangué
Yéviéfé
Yéyéhoué
Yibouékopé
Yiméni
Ykouétéka
Ykpa-Anigbé
Ykpa-Djigpé
Ykpa Djikpé
Yobo
Yokbakopé
Yokélé
Yokoé Ablégan
Yokoé Kopégan
Yokoé
Yolikopé
Yoméchin
Yométchen
Yométchin
Yométié
Yorhonou
Yoro Démadéli
Yorodo
Yorokoto
Yorokoudji
Yoro
Yosiou
Yoto Kopé
Yoto
Youabu
Younabé
Yousakofé
Youssakofé
Yovokodji
Yovo Kondji
Yovo Kopé
Yovokopé
Yovovi Kondji
Yo
Zafi
Zalivé
Zaliwé
Zamoué
Zanvé
Zavé
Zawagou
Zébédé
Zébé
Zébé
Zébé
Zéglégan
Zéglé
Zenkplémé
Zevaga
Zévé
Zikpé
Zinnglakopé
Ziogba
Zionou
Ziovémé
Ziovounou
Zivé
Ziwo
Zobédji
Zobékopé
Zobinou
Zogbedji Papédomé
Zogbedji
Zogbégan
Zogbégan
Zogbé Kopé
Zogbépémé
Zogbépimé
Zohoudji
Zohoun
Zoki Kondji
Zokouvé Kpoguédé
Zolou
Zolo
Zomaé
Zomésimé
Zonachrakopé
Zongo
Zongo
Zongo
Zoolagan
Zoola Kpoguédé
Zooti Segbedji
Zooti
Zopomahé
Zopomarhé
Zotchi Kpota
Zoubégan
Zougbéga Ouga
Zougbéga
Zoukpé
Zoumé
Zoumé
Zouvi
Zoviémé
Zowla
Zowolagan
Zowola Kpogere
Zowola Kpoguédé
Zozokondji
Zyon
