Abarda
Abbah Qusur
`Abbas
Abbes
Abd er Rahmane
Abd er Rahmane el Garsi Zaouïa
Abes
Abzeg
Ad Dabdabah
Ad Dakhilah
Ad Damus
Ad Damus
Ad Dulab
Ad Duwayrat
Adeloun
Adh Dhahibat
Adjim
Adlet Touïla
Africa
Agareb
Aggarset Nepte
Aghir
Ahmad al Hakim
Ahmad Bin `Ali
Ahmed Ben Ali
Ahmed el Hakim
Ahmed Zid
Ahzeg
Ailet Jridani
Aïn Bou Seba
Aïn Cherichera
Aïn Djelloula
Aïn Djeloula
Aïn Draham
Aïne Djeloula
Aïne Draham
Aïne el Asker
Aïne Faroua
Aïn el Asker
Aïn el Faroua
Aïn el Mouia
Aïne Radouane
Aïne Sellam
Aïne Zigzaou
Aïn Jioula
Aïn Krannguet Sour
Aïn Mestour
Aïn Moularès
Aïn Radouane
Ain Sahalin
Ain Saidana
Ain Saidane
Aïn Sayada
Aïn Sellam
Aïn Zigzaou
Ajim
Akkudah
Akouda
Akuda
Al `Abadiliyah
Al `Abbasiyah
Al Achem
Al Agraïne
Al Akhawat
Al Akhawayn
Al Akwash
Al `Ala'
Al `Alandayah
Al `Alim
Al `Aliyah
Al `Alqamah
Al `Aqarib
`Alaqimah
Al `Arusah
Al Aswad
Al `Ataya
Al `Attar
Al `Ayayishah
Al `Ayn
Al `Azib
Al Bakakishah
Al Baqalitah
Al Barawikah
Al Batan
Al Bayyaz
Al Bazimah
Al Birin
Al Borma
Al Buhayrah
Al Bulaydah
Al Burayj
Al Burjayn
Al Burmah
Al Bustan
Alegma
Al Fahs
Al Fajjah
Al Fawwar
Al Fihri
Al Firnanah
Al Funduq al Jadid
Al Ghazal
Al Ghurayyibah
Al Graa
Al Haddadah
Al Hafsah
Al Hafsi
Al Hajj as Saghir
Al Hajj `Umar
Al Hamadah
Al Hammah
Al Hammamat
Al Hanashah
Al Harah al Kabirah
Al Harah as Saghirah
Al Hara'iq
Al Hawmat
Al Hayara
Al Hazim
Al Hizq
Al Hushayshinah
Al Huwariyah
Al Huwwariyah
Ali ben ez Zine
Ali Lazreg
Al `Irq
Al Jabal al Abyad
Al Jabbas
Al Jadidah
Al Jamah
Al Jamm
Al Jana'in
Al Jawawidah
Al Jazirah
Al Jubaybinah
Al Judayyidah
Al Jurf
Al Kaf
Al Kallabin
Al Kana'is
Al Karashiwah
Al Karashiwah
Al Karib
Al Karm
Al Katif
Al-Kayrawan
Al Khadriyah
Al Khalij
Al Khara'ib
Al Khawi
Al Khirbah
Al Khulaydiyah
Al Khuraybah
Al Khuraybah
Al Lawatah
Al Lawzah
Allegma
Allouet el Gounna
Al Madilah
Al Madinah
Al Maghmumah
Al Mahadhibah
Al Mahdiyah
Al Mahras
Al Ma'i
Al Ma'iyah
Al Majlis
Al Makhalif
Al Makhzan
Al Malasin
Al Ma`murah
Al Manarah
Al Manarah
Al Mansurah
Al Manubiyah
Al Manzil
Al Maqarisah
Al Marirah
Al Marsá
Al Marsá
Al Marsá
Al Mas`adin
Al Masdur
Al Mashraf
Al Matamir
Al Matlin
Al Matwiyah
Al Mawajin
Al Mayyitah
Al Mazarah
Al Mazzunah
Al Medou
Al Metlaoui
Al Midah
Al Miknasi
Al Minshar
Al Mi`sarah
Al Mstiri
Al Mu`allaqah
Al Muhammadiyah
Al Muknin
Al Munastir
Al Munayhilah
Al Murnaqiyah
Alouet el Gounna
Al Qal`ah al Kabirah
Al Qal`ah al Kubra
Al Qal`ah
Al Qal`ah as Saghirah
Al Qal`ah as Sughra
Al Qannarah
Al Qantarah
Al Qarmadah
Al Qasr al Jadid
Al Qasr al Jadid
Al Qasr
Al Qasr
Al Qasr as Sa`id
Al Qasrayn
Al Qattar
Al Qayrawan
Al Qaytanah
Al Qulay`ah
Al Qusur
Al `Umran
Al `Urqub
Al `Uwaynah
Al `Uwaynah
Al `Uwaynah Raja
Al Wardanin
Al Waslatiyah
Al Widyan
Al Wusfan
Amara Ben Sliman
Amdoun
Andalouses
An Naffatiyah
An Nafidah
An Naghamishah
An Nahl
An Namlat
Aoudsja
Aouina
Aouru
Aousdja
Aquilaria
Aram
Argoub Mechtat
Arhir
Ariana
Arkou
Arlet en Najaa
Armand-Colin
Ar Rabitah
Ar Rahmat
Ar Rajish
`Arram
Ar Ramlah
Ar Raml
Ar Rawdah
Ar Rawhiyah
Ar Rejdane
Ar Rijal al Aroua
Ar Riqab
Ar Rudayyif
Aryanah
Ash Shababiyah
Ash Shabbah
Ash Sharqi
Ash Shawaribiyah
Ash Shawariniyah
Ash Shawashiniyah
Ash Shurayshirah
Ash Shuwayqi
As Sabalah
As Sahili
As Sahilin
As Sa`idah
As Saluqiyah
As Sanad
As Saqalibah
As Sars
As Sawda'
As Sawma`ah
As Sawwaf
As Sayyadah
As Segala
As Sijumi
As Subaykhah
As Sukhayrah
As Sunduq
At Tarabulusiyah
Attar
At Tawfiq
Audja
Awlad al `Abid
Awlad al Qasim
Awlad ar Rawajih
Awlad Bu `Ali
Awlad Bu Hadda
Awlad Majid
Awlad Marzuq
Awlad `Umar
Awlad Yaniq
`Awsajah
Ayaicha
`Ayn ad Darahim
`Ayn al `Askar
`Ayn al Farwah
`Ayn Jalulah
`Ayn Mastur
`Ayn Ridwan
`Ayn Sa`idan
`Ayn Sallam
`Ayn Ziqzaw
`Azib al Muruq
Azib el Mroug
Az Zahruni
Az Zaqanah
Az Zaramidin
Az Zarat
Az Zaribah
Az Zawawin
Az Zawilah
Azzedine
Az Zuwarah
Az Zuwarin
Az Zuwaytinah
Bab al Jazirah
Bab Alleoua
Bab al Qurjani
Bab as Suwayqah
Bab Bou Saadoun
Bab Djarira
Bab Djazira
Bab el Gorjani
Bab el Gorjarni
Bab Khadra
Babouch
Bab Saadoun
Bab Sa`dun
Bab Sidi Kassem
Bab Souika
Babush
Bad Saadoun
Bajah
Balli
Balta
Baltah
Banbalah
Bani `Ata'
Bani `Ayshun
Bani Barkah
Bani Dinhet
Bani Hassan
Bani Hazaz
Bani `Isa
Bani Khaddash
Bani Khallad
Bani Khezer
Bani Khiyar
Bani Kulthum
Bani Seggane
Bani Zaltan
Bannan
Banzart
Baradah
Bardaw
Bardaw
Bardo
Bardo
Barghouthla
Barkouk
Barquq
Barquq
Bashatir
Bazima
Bazma
Bchelli
Beau Site
Bechater
Béchateur
Bechelli
Bechri
Bedja
Béja
Bejaoua
Bekalta
Belgica
Bel Houl
Beli
Bel Kassim
Bellevue
Belli
Belvédère
Bembla
Ben Aichoun
Ben Arous
Ben Bachir
Ben Bechir
Ben Djarou
Benen
Ben Fetaïel
Ben Gardan
Ben-Gardán
Ben Gardane
Ben Hamid
Beni Aïchoum
Beni Aïchoun
Beni Aïssa
Beni Ata
Beni-Aychoun
Beni Barka
Beni Braouka
Beni Dinhet
Beni Eta
Beni Hassan
Beni Hassane
Beni Hazaxe
Beni Hazaz
Beni Kaltoum
Beni Khaar
Beni Khalled
Beni Khaltoun
Beni Kheddache
Beni-Khezer
Beni Khiar
Beni Kraled
Beni Kraltoum
Beni Kraltun
Beni Kreddache
Beni Kriar
Beni Seggane
Beni Yekrzer
Beni Zelten
Beni Zeltene
Ben Khezer
Ben Khirat
Ben Metir
Ben Nan
Bennane
Ben Rhilouf
Ben Romdane
Ben-Saidane
Berghoutsia
Bergoug
Berouari
Berrboutsia
Berrhoutsia
Biada
Biar Mafa
Bi'ar Msifa
Bidane
Bijouville
Bilad al Hadar
Bin `Arus
Bin Bashir
Bin Fata'il
Bin Hamid
Bin Metir
Bin Qirdan
Bin Rhilouf
Bi'r al Hufayy
Bir Ali Ben Khalifa
Bir Ali Ben Khalifat
Bi'r `Ali Bin Khalifah
Bi'r al Kudayyat
Bi'r al Malluli
Bi'r al Mashariqah
Bi'r al Qas`ah
Bi'r at Tayyib
Bir-Bou-Reckba
Bir-Bou-Regba
Bir Bou Rekba
Bi'r Bu Ruqbah
Bir Chaaba
Bir-Chadouf
Bir Challouf
Bir Chalouf
Bir ech Chebbou
Bir el Afey
Bir El Bey
Bir el Hafey
Bir el Kedaïet
Bir el Kedaiv
Bir el Mellouli
Bir et Taïeb
Bir Halima
Bi'r Halimah
Birine
Bir Kassa
Bi'r Khalifah
Bir Khelifa
Bi'r Marwah
Bir M'cherga
Bir Meherga
Bir Mellouli
Bir Meroua
Bir Morra
Bi'r Shalluf
Bi'r Shu`bah
Bir Tabeug
Bir Taieb
Bir Tebeug
Bi'r Tebeuk
Bir Tebeul
Bir Zar
Biserta
Bishri
Bit Bou Sâa
Bizerta
Bizerte
Bled el Hadber
Bled el Hader
Bled el Hadhar
Bled el Hadher
Blidet
Blidet el Meguedmine
Bodeur
Bordj Aalouine
Bordj Adj Ali
Bordj Admed Zaïd
Bordj Ali Ben Ammar
Bordj Ali Bene Ammar
Bordj Ali Ben Rdjeb
Bordj Arif Termeus
Bordj Bach Mamlouk
Bordj Ben Chelbi
Bordj Bene Chelbi
Bordj Ben Reguiga
Bordj Bir Tabeug
Bordj Bou er Rmada
Bordj Bou Ficha
Bordj Cédria-Potinville
Bordj Chakir
Bordj d' Arhir
Bordj ech Cheikh Belkassem
Bordje Frendj
Bordj El Achichina
Bordj el Amri
Bordj el Bey
Bordj el Bey
Bordj el Hadj Brahim
Bordj el Hadj Braïk
Bordj el Hadj Mohammed
Bordj el Hafsia
Bordj el Handousse
Bordj el Kherba
Bordj el Krerba
Bordj el Meragueb
Bordj el Touil
Bordj et Teurki
Bordj et Touil
Bordj et Tourki
Bordj Flifel
Bordj Flifet
Bordj Fouaoud
Bordj Frenndj
Bordj Gourbala
Bordj Gourbata
Bordj Ktori
Bordj Maâjen Bel Abbès
Bordj Maajen
Bordj Madjène Bel Abbès
Bordj Mohammed el Hadj Ali
Bordj Mohammed el Madjiri
Bordj Oulad Lara
Bordj Saïdane
Bordj Sidi Toui
Bordj Tahar
Bordj Turki
Borj Aalouine
Borj Abd Allah Ferhatt
Borj Ahmed Zaïd
Borj Ali Ben Ahmar
Borj Ali Ben Ammar
Borj Ali Ben Sil
Borj Amera Trabesse
Borj Arif Termeus
Borj Bach Mamlouk
Borj Ben Aouali
Borj Ben Chelbi
Borj Ben Reguiga
Borj Bou Khaïl
Borj Chakir
Borj ech Chouchana
Borj el Achichina
Borj el Amri
Borj el Bey
Borj el Bey
Borj el Habib
Borj el Hadj Mohammed
Borj el Hadj Salah
Borj el Hafsia
Borj el Haj Braïk
Borj el Haj Salah
Borj el Handousse
Borj el Hatat
Borj el Kherba
Borj el Khessous
Borj el Khoudja
Borj el Khouja
Borj el Meragueb
Borj Ennbaza
Borj et Teurki
Borj et Touil
Borj et Tourki
Borj Fouaoud
Borj Frennj
Borj Gourbata
Borj Graba
Borj Hadida
Borj Jeneïn
Borj Mahdjouba
Borj Mahjouba
Borj Mechehed Salah
Borj Mejen Bel Abbès
Borj Mohammed el Haj Ali
Borj Mohammed el Majiri
Borj Ouichka
Borj Oulad Lara
Borj Saïdane
Borj Sidi Toui
Borj Turki
Bou Abdallah
Bou Aleg
Bou Alem
Bou Ali
Bou Arada
Bou Arkoub
Bou Atouch
Bou Attouche
Bou Bellel
Bou Cebah
Bou Chebka
Bou Chema
Bou Chemma
Bou Chenini
Bou Chlaga
Bouder
Boudher
Bou Djafer
Bou Djelida
Bou Djerga
Bou el Azhar
Bou Ficha
Boughrara
Bou Ghrara
Bou Grad
Bou Grara
Bou Hadjar
Bou Hamed
Bou Hamram
Bou Hamran
Bou Hamrane
Bou Jerga
Boukrim
Bou Menjel
Bou Merdas
Bou Merdès
Bourdjine
Bou Rebia
Bou Regba
Bourguiba
Bou Saadia
Bou Salem
Bou Thadi
Brada
Braïna
Bu Adjar
Bu Ali
Bu `Aradah
Bu ar Rabi`ah
Bu `Attush
Bu Ballal
Bu Ficha
Bu Fisha
Bu Fishah
Bu Ghirarah
Bu Hajar
Bu Humran
Bu Jalidah
Bulaydat al Muqaddamin
Bulla Reggia
Bu Mirdas
Burghuthiyah
Burj Ahmad Za'id
Burj al Amri
Burj `Alawiyin
Burj al Bay
Burj al Bay
Burj al Hafsiyah
Burj al Hajj Ibrahim
Burj al Hajj Muhammad
Burj `Ali Bin `Ammar
Burj al Khirbah
Burj ash Shaykh Bu al Qasim
Burj at Tahir
Burj at Tawil
Burj at Turki
Burj Bash Mamluk
Burj Bin Shalabi
Burj Bu ar Ramadah
Burj Frendj
Burj Fulayfil
Burj Majin Bu al `Abbas
Burj Qurbatah
Burj Sidi at Tawi
Bu Sabah
Bu Sa`diyah
Bu Salim
Bu Shabakah
Bu Shammah
Bu Shema
Bu Thady
Bu `Urqub
Camp de la Santé
Camp de Santé
Camp-des-Chênes
Camp de Sidi el Hani
Camp de Souk el Djemaa
Camp de Souk el Jemaa
Camp du Zarour
Camp Servière
Capsa
Carthage
Cebala-ben-Ammar
Cebala-du-Mornag
Cedada
Cekhira
Chaba Remada
Chabbia
Chabet Smala
Chahbania
Chakbanaria
Chalbi
Chaouach
Chaouache
Chaouat
Chara Bou Krim
Charpin Ville
Chassart-Teffaha
Chebabia
Chebba
Chebbaou
Chebchoub
Chebika
Chebikha
Cheguimi
Cheïkh Birm
Cheikh Hamed
Chekanes
Chemlali
Chemtou Ance
Chenenni
Chenini
Chenini
Chenini de Gabès
Chergui
Cherichira
Cheylus
Chidibbia
Chikka Benar
Chorbane
Chougri
Chouigui
Chourbane
Chuiggui
Cité Lescure
Cité Ouvrière
Clupea
Col de Babouch
Crémieuxville
Crétéville
Crich el Oued
Dababishah
Dachret Bou Djehda
Dachret Bou Djelida
Daghagba
Daghagha
Daghaghah
Dagla
Dahmani
Dai Zina
Damous
Damous el Laya
Damouss
Damouss
Daour Amar Ben Ali Saïdani
Daour Haoussene
Dar `Abd al `Aziz
Dar Abdallah Bel Hadj
Dar Abdallah Bel Haj
Dar Abdallah Ben Talef
Dar Abd el Aziz
Dar Ahmed Ben Hadj Yahia
Dar Ahmed Ben Haj Yahia
Dar Ahmed Ben Keani
Dar Ahmed Mohammed ed Derouich
Dar Ahmed Mohammed Largueb
Dar Ahmed Msakni
Dar al `Arusi
Dar al Bay
Dar al Fallah
Dar al Hajj `Ali Bin Sulayman
Dar al Hajj Hasan
Dar al Hajj Salih Bin Mubarak
Dar al Hajj Yusuf
Dar Ali Ben Baziz
Dar Ali Ben Bouzid
Dar Ali Ben Hamidou
Dar Ali Ben Hammidou
Dar Ali Ben Hassene
Dar Ali Ben Mohammed
Dar Ali Bey
Dar `Ali Bin Hamidu
Dar `Ali Bin Hassan
Dar al Jalalibah
Dar al Jundi
Dar al Misratiyah
Dar al Mu'adhdhin Bin Qasim
Dar al Qabisi
Dar al Widyan
Dar Ameur
Dar Amor Ben Rammah
Dar Amor Cherina
Dar Amrous
Dar ash Shawush `Abd Allah
Dar at Talib Hasan
Dar at Tuwaybiyah
Dar Awlad al Murabit
Dar Awlad Khalifah
Dar Awlad Sidi Farhat
Dar Azdine
Dar Bach Hamba
Dar Bach Mufti
Dar Bagara
Dar Bel Gacem
Dar Belkassem Ben Hadj Naceur
Dar Belkassem Ben Haj Naceur
Dar Bel Kassem Bou Ktel
Dar Ben Amar
Dar Ben el Ouaar
Dar Beni Amar
Dar Ben Mbarek
Dar Ben Nehar
Dar Ben Saïdane
Dar Ben Slimane
Dar Ben Zallout
Dar Bir Soula
Dar Bou Agine
Dar Bou Diya
Dar Bou Guedaoui
Dar Bou Guetaia
Dar Bou Habib
Dar Bou Khelif
Dar Bou Sain
Dar Bou Zeraia
Dar Bou Zid
Dar Brahim Ben Assassa
Dar Brahim Ben Kahia
Dar Brahim Ben Nasser
Dar Brinissa
Dar Bu al Qasim
Dar Bu Diya'
Dar Bu Qattayah
Dar Bu Zayd
Dar-Chaabane
Dar-Chaabane-el-Fehri
Dar Chabane
Dar Chabanne
Dar Chaouch Ali Ben Khalifa
Dar Chaouch Ali Ben Kralifa
Dar Chaouch Ali
Dar Cheikh Ahmed
Dar Cheïkh Ali
Dar Cheikr Ahmed
Dar Cheïkr Ali
Dar Djendi
Dar Djeziri
Dar Dred
Dar ech Chambi
Dar ech Chaouch Abd Alla
Dar ech Cheïkh Amor Ben Ali
Dar ech Cheikr Ali
Dar el Allani
Dar el Aroussi
Dar el Beïda
Dar el Beil
Dar el Bey
Dar el Bey
Dar el Bey
Dar el Bich
Dar el Caïd
Dar el Cheikh Kilani
Dar el Djendi
Dar el Frininé
Dar el Gabsi
Dar el Gouadria
Dar el Goudaria
Dar el Guedidi
Dar el Hadj Ahmed
Dar el Hadj Ahmed
Dar el Hadj Ahmed Souïd
Dar el Hadj Aleya
Dar el Hadj Ali Ben Slimane
Dar el Hadj Ali
Dar el Hadj Amara
Dar el Hadj Daoui
Dar el Hadj es Srhir
Dar el Hadj Hassene
Dar el Hadj Mabrouk
Dar el Hadj Mohammed Mallak
Dar el Hadjri
Dar el Hadj Salah Ben Emmbarek
Dar el Hadj Salah Ben M'barek
Dar el Hadj Taïeb
Dar el Hadj Youssef
Dar el Haj Ahmed
Dar el Haj Ahmed Souid
Dar el Haj Aleya
Dar el Haj Ali
Dar el Haj Amara
Dar el Haj Daoui
Dar el Haj Mabrouk
Dar el Haj Mohammed Mallak
Dar el Hajri
Dar el Haj Salih Ben Moubarak
Dar el Haj Taïeb
Dar el Haj Youssef
Dar el Haoui
Dar el Jilani
Dar el Kharaz
Dar el Koudia
Dar el Madani
Dar el Mahameri
Dar el Matia
Dar el Mouldi
Dar el Mzali
Dar el Ouahichi
Dar el Oudiane
Dar el Ouzir
Dar el Saïd
Dar el Tehami
Dar er Rebia
Dar er Reml
Dar es Saadi
Dar es Srahia
Dar et Talerzat
Dar et Tehami
Dar et Touibia
Dar ez Zogb el Ouafi
Dar Fallah
Dar Farikat
Dar Frikat
Dar Grim el Oussit
Dar Hadj Ahmed Ben Ameur
Dar Hadj Ali Ben Sliman
Dar Hadj en Nour
Dar Hadj Salah
Dar Haj Ahmed Ben Ameur
Dar Haj en Nour
Dar Haj Salah
Dar Halfaoui
Dar Halfawi
Dar Hamad Djedidi
Dar Hamad Jedidi
Dar Harcha
Darharha
Dar Hasan al Murabit
Dar Hasan Zegoulli
Dar Hassen Ben Bel Kassem
Dar Hassene ech Chemiki
Dar Hassene el Mrabott
Dar Hassen Zegouli
Dar Hassen Zegoulli
Dar Hassine Ben Ameur
Dar Hessine Ben Amor
Dar Husayn Bin `Amir
Dar `Izz ad Din
Dar Jdida
Dar Jeziri
Dar Karaeche
Dar Khaled
Dar Khalid
Dar Khalifa Ben Hassene
Dar Kraled
Dar Krarrata
Dar Ktori
Dar Ktory
Dar Ladjimi
Dar Lajimi
Dar Mallul
Dar Mannsour Bou Amara
Dar Marrouch
Dar Melloul
Dar Merazguia
Dar Mimoun Bey
Dar Mohamed Bel Hadj Ali
Dar Mohamed Bel Hdaj Ali
Dar Mohammed Bel Hadj
Dar Mohammed Bel Haj
Dar Mohammed Ben Abdallah
Dar Mohammed Ben Ahmed
Dar Mohammed Ben Hazaz
Dar Mohammed Ben Mabrouk
Dar Mohammed Ben Messaoud
Dar Mohammed Salah
Dar Mouaddene Ben Kassem
Dar Mouaddenne Ben Kassem
Dar Muhammad Bin `Abd Allah
Dar Muhammad Bin Mas`ud
Dar Muhammad Bu al Hajj `Ali
Dar Naheli
Darnayah
Dar Noureddine
Dar Olad el Hadj Alib Abdallah
Dar Olad el-Hadj Ali ben Abdallah
Dar Oulad Daoued
Dar Oulad Otsmane
Dar Ouled Khalifa
Dar Ouled Sidi Ferhatt
Dar Ramel
Dar Retba
Dar Safi
Dar Salah Bene Saad
Dar Salah Ben Zaroug
Dar Salah Bey
Dar Salah Bou el Fellah
Dar Salih Bey
Dar Sbiaete
Dar Sha`ban
Dar Shawush `Ali Bin Khalifah
Dar Sialah
Dar Sidi al Azhar
Dar Sidi Attik
Dar Sidi Azhar
Dar Sidi el Azhar
Dar Sidi el Gani
Dar Sidi el Moudjad
Dar Sidi el Moujad
Dar Sidi M'hamed ech Cherif
Dar Sidi Muhammad ash Sharif
Dar Soudane
Dar Souïd
Dar Sudan
Dar Suwayd
Dar Tahar Zaouch
Dar Taïeb Bou Abd el Slam
Dar Taïeb Bou Abd es Slam
Dar Taleb Hassem
Dar Taleb Hassene
Dar Taleb Mohammed
Dar Titi
Dar Touibia
Dar `Umar Bin ar Rammah
Dar `Umrus
Dashrat al Aouach
Dashrat al `Ar`arah
Dashrat al Bahirine
Dashrat al Fuqrah
Dashrat al Ghamiliyah
Dashrat al Ghar
Dashrat al Hadaya
Dashrat al Kramet
Dashrat al Oucelti
Dashrat al Qanburah
Dashrat al Qannarah
Dashrat al Qaryah
Dashrat al Qulay`ah
Dashrat al Waslatiyah
Dashrat an Nechad
Dashrat as Sarduk
Dashrat at Taw'amah
Dashrat Awlad `Isawi
Dashrat Awlad Muhammad Bin Sa`id
Dashrat az Zaribah
Dashrat Ballutah
Dashrat Bin `Abd Allah
Dashrat Bin Sa`idan
Dashrat Bu `Abd Allah
Dashrat Bu Dabbus
Dashrat Bu Sabioun
Dashrat Bu Tays
Dashrat Chetlou
Dashrat Janwah
Dashrat Kaf ash Shami
Dashrat Mansurah
Dashrat Sefaïeb
Dashrat Sidi Hamadah
Dashrat Zawiyat Sidi Salih
Dawalah
Dawwar ad Dahmani
Dawwar ad Dawawidah
Dawwar ad Duwaymis
Dawwar ad Duwayrah
Dawwar al Adhla
Dawwar al `Amamiriyah
Dawwar al Aouata
Dawwar al `Arab
Dawwar al Azaizia
Dawwar al Barashiniyah
Dawwar al Bashir
Dawwar al Falitah
Dawwar al Farwah
Dawwar al Frinine
Dawwar al Ghiran
Dawwar al Hadjerine
Dawwar al Hajj Ahmad
Dawwar al Hajj Ahmad
Dawwar al Hajj Ahmad
Dawwar al Hajj Mansur
Dawwar al Hajj Wanis
Dawwar al Hammamji
Dawwar al Hofer
Dawwar al Huwayd
Dawwar `Ali Bin az Zayn
Dawwar `Ali Bin Khulut
Dawwar al Jawawidah
Dawwar al Kharratah
Dawwar al Khaymah
Dawwar al Mabtuhah
Dawwar al Ma'
Dawwar al Majanin
Dawwar al Malikat
Dawwar al Manarah
Dawwar al Qawadiriyah
Dawwar al Qusayr
Dawwar al Waslatiyah
Dawwar ar Ru`aynin
Dawwar ash Cheniti
Dawwar ash Shatayb
Dawwar ash Shatt
Dawwar as Sawalim
Dawwar as Sulah
Dawwar at Talib `Ali
Dawwar at Tallah
Dawwar Awlad `Abbas
Dawwar Awlad al Hajj Ahmad
Dawwar Awlad `Ali Bin Nasir
Dawwar Awlad Bu `Aziz
Dawwar Awlad Gana
Dawwar Awlad Mas`ud
Dawwar Awlad Sidi `Abid
Dawwar Awlad Zaytun
Dawwar az Zaribah
Dawwar az Zarqun
Dawwar az Zughb
Dawwar Bayud
Dawwar Bechouk
Dawwar Bed
Dawwar Bin Jarw
Dawwar Bin Mansur
Dawwar Bin Misbah
Dawwar Bi'r as Sulah
Dawwar Bu al `A'id
Dawwar Bu Nafil
Dawwar Bu Sem
Dawwar Cherfech
Dawwar Dar Ramil
Dawwar Farrujah
Dawwar Ghar Ouinkel
Dawwar Goungla
Dawwar Guerfdjana
Dawwar Hammadah
Dawwar Henna
Dawwar Ja`far
Dawwar Jawwal
Dawwar Lezdine
Dawwar Manzil `Amir
Dawwar Messeftine
Dawwar Mraf
Dawwar Muhammad Bu al Hajj Bu al Qasim
Dawwar Qamamisah
Dawwar Qarnatah
Dawwar Ra's al `Ayn
Dawwar Salih Bin Sa`d
Dawwar Sha`ib
Dawwar Sidi `Amir
Dawwar Sidi Bu Hanash
Dawwar Sidi Muhammad Bu al Qurun
Dawwar Sidi Salih Bin Husayn
Dawwar Sidi `Uthman
Dawwar Suq al Ithnayn
Dawwar Tinjah
Dawwar `Umar Cherina
Dawwar `Unq al Jamal
Dawwar `Uthman Bin Hasan
Dawwar `Uwayn al Hajjaj
Dawwar Yusuf Bey
Debabcha
Debdaba
Debdabat el Jerardia
De Carnières
Dechour Marraoua
Dechra Ballouta
Dechra Bou Tiss
Dechra el Hedaya
Dechra Kef Chami
Dechrat el Araara
Dechrat Kramet
Dechret Bahirine
Dechret Ballouta
Dechret Ben-Abdallah
Dechret Beni Abdallah
Dechret Ben Saïdane
Dechret Bou Abdallah
Dechret Bou Dabous
Dechret Bou Dabouss
Dechret Bou Sabioun
Dechret Bou Tis
Dechret Chetlou
Dechret Djenoua
Dechret el Aarara
Dechret el Agraïne
Dechret el Amdjenine
Dechret el Aouach
Dechret el Bahirine
Dechret el Fougra
Dechret el Gamboura
Dechret el Garia
Dechret el Goléa
Dechret el Guennara
Dechret el Kramet
Dechret el Onennara
Dechret el Oucelti
Dechret el Ousseltia
Dechret el Rhar
Dechret en Nechad
Dechret er Ramlia
Dechret es Sardouek
Dechret es Serdouk
Dechret et Mannsoura
Dechret ez Zriba
Dechret Ghamlia
Dechret Guennara
Dechret Jelelba
Dechret Jenoua
Dechret Majoura
Dechret Mannsoura
Dechret Nechia
Dechret Ouled Aïssaoui
Dechret Ouled Kralifa
Dechret Ouled Mohamed Ben Saïd
Dechret Rhamlia
Dechret Sefaïeb
Dechret Sidi Hamada
Dechret Touama
Dechret Zaouiet Sidi Salah
Dechret Zerdoud
Degache
Deguach
Dehiba
Dehibat
Dekhila
Dekrnia
Depienne
Dernaïa
Diar Beni Allah
Diar-el-Adjiaj
Diar el Amri
Diar el Hadi Hassan
Diar el Hadjedj
Diar el Hadj Hassan
Diar el Haj Hassan
Diar el Hajjej
Diar Oulad Hamouda
Diyar al Hajjaj
Diyar al Hajj Hassan
Diyar Awlad Hammudah
Djafar
Djama
Djama el Guelloufi
Djama er Rih
Djara
Djara es Srhira
Djar al Amri
Djar el Amri
Djaziret-el-Louhichi
Djebaniana
Djebarna
Djebel Abiod
Djebel-Abiodh
Djebel Abiot
Djebel Djelloud
Djebeliana
Djebel Mdilla
Djebel Oust
Djebel Trozza
Djebeniana
Djebibina
Djebiniana
Djedaïd
Djedak Ali
Djedeïa
Djedeïda
Djedida
Djedida
Djehim
Djelidatt
Djeloula
Djemal
Djemil
Djemma
Djemmal
Djemmel
Djemna
Djeneïen
Djeradou
Djeradoux
Djerba
Djerda
Djerf
Djerf el Kanntara
Djerf el Kantara
Djerissa
Djezira
Djilma
Djorf Bou Grara
Djorf
Djors
Djoua Awlad Sultan
Djouaber
Djoua Oulad Soltane
Douaber
Douaïdia
Douala
Douane
Douar Abdallah
Douar Abd el Kader
Douar Adou
Douar Aïfa
Douar Aïn Ghelal
Douar Aïn Rhelal
Douar Aïssa
Douar Ali Ben Ahmar
Douar Ali Ben Amara
Douar Ali Ben ez Zine
Douar Ali Ben Krelout
Douar Ali Ben Msika
Douar Ali Bou Mesbah
Douar Ali Bou Saïd
Douar Ali el Hadj Amar
Douar Ali el Haj Amar
Douar Amor Ben Ramah
Douar Amor Cherina
Douar Ank el Djemel
Douar Aouïn el Hedjadj
Douar Atmane Ben Hacéne
Douar Atmane Ben Hassene
Douar Atouama
Douar Baya Rassa
Douar Bayoud
Douar Bechatib
Douar Bechouk
Douar Bed
Douar Bel Aïd
Douar Belghout
Douar Bel Kassem Ben Amor
Douar Belrhout
Douar Ben Amara
Douar Ben Aouda
Douar Ben Chelbi
Douar Ben Diffalah
Douar Ben Djouida
Douar Bene Mansour
Douar Ben Hamda ech Chrif
Douar Ben Hamouda el Kliâ
Douar Beni Oudzil
Douar Beni Oussel
Douar Ben Jarou
Douar Ben Jouida
Douar Ben Mahmoud
Douar Ben Mannsour
Douar Ben Miled
Douar Ben Mosbah
Douar Ben Nasseur
Douar Ben Nour
Douar Ben Rjeb
Douar Ben Sadek
Douar Ben Saïdane
Douar Ben Saïd
Douar Ben Saïd
Douar Ben Tiba
Douar Berna
Douar Besbessia
Douar Bessouf
Douar Bir Abd el Ghim
Douar Bir Abd el Rhim
Douar Bir es Soula
Douar Bou Ali
Douar Bou Beker
Douar Bou Beker
Douar Bou Chenina
Douar Bou Daoudi
Douar Bou Djourane
Douar Bou Jourane
Douar Bou Maa
Douar Bou Mahres
Douar Bou Nefil
Douar Bou Rkane
Douar Bou Said
Douar Bou Sem
Douar Boussari Sghir
Douar Boussari Srhir
Douar Brahim Ben Rahal
Douar Brahim Bou Daoui
Douar Brahim el Hamidi
Douar Chaïb
Douar Charbi
Douar Chebbaou
Douar Cheïkh Ali
Douar Cheikh Amar
Douar Cheniti
Douar Cherfech
Douar Chouli
Douar Dagma
Douar Dahmani
Douar Dar Ammar
Douar Dar Ramel
Douar Demoine
Douar Djafeur
Douar Djeddaria
Douar Djouaouda
Douar Djouf es Sbiba
Douar Djoum es Srhir
Douar Douahria
Douar Douaïdia
Douar Douaouda
Douar Douimis
Douar ech Chaouïa
Douar ech Charafia
Douar ech Chatib
Douar ech Cheniti
Douar ech Cherif
Douar ech Cherit
Douar ech Chott
Douar ed Demane ez Zaa
Douar ed Douimis
Douar ed Douira
Douar ej Jenane
Douar el Abaïda
Douar el Abd Bou Debous
Douar el Adhla
Douar el Agha
Douar el Aich Ben Hamza
Douar el Amamria
Douar el Aouachia
Douar el Aouata
Douar el Arab
Douar el Arianout
Douar el Assafir
Douar el Ayad
Douar el Azaïzia
Douar el Bachir
Douar el Bahira
Douar el Bakhia
Douar el Beïda
Douar el Bezazia
Douar el Bheïra
Douar el Blate
Douar el Brachenia
Douar el Chott
Douar el Debabsa
Douar el Djedid
Douar el Djenane
Douar el Douimiss
Douar el Faroua
Douar el Fedja
Douar el Feja
Douar el Felta
Douar el Fras
Douar el Fratis
Douar el Frinine
Douar el Gharba
Douar el Ghezel
Douar el Ghirane
Douar el Gouadria
Douar el Graya
Douar el Guelaïa
Douar el Guessa
Douar el Guezadri
Douar el Hadj Ahmed
Douar el Hadj Ahmed
Douar el Hadj Ahmed
Douar el Hadj Ayas
Douar el Hadj Bou Amra
Douar el Hadj Dhahbi
Douar el Hadj Djemaa
Douar el Hadjerine
Douar el Hadj Mannsour
Douar el Hadj Mansour
Douar el Hadj Mohammed Ben Hassene
Douar el Hadj Mohammed
Douar el Hadj Mohammed
Douar el Hadj Mosbah
Douar el Hadj Oumis
Douar el Hadj Ounis
Douar el Hadj Said
Douar el Hadj Salah
Douar el Hadj Salem bou Kheïba
Douar el Hadj Toumi
Douar el Hafer
Douar el Hafey
Douar el Haïm
Douar el Haj Ahmed
Douar el Haj Ahmed
Douar el Haj Ayas
Douar el Haj Bou Amra
Douar el Haj Dhahbi
Douar el Hajerine
Douar el Haj Jemaa
Douar el Haj Mannsour
Douar el Haj Mohammed Ben Hassene
Douar el Haj Mohammed
Douar el Haj Mohammed
Douar el Haj Mosbah
Douar el Haj Said
Douar el Haj Salah
Douar el Haj Salem Bou Kheïba
Douar el Haj Toumi
Douar el Hamandji
Douar el Haouidh
Douar el Hassini
Douar el Helalif
Douar el Hofer
Douar el Jedid
Douar el Kafia
Douar el Kechabta
Douar el Kharrouba
Douar el Kherifa
Douar el Khima
Douar el Khissane
Douar el Krima
Douar el Ksir
Douar el Maada
Douar el Mabtouha
Douar el Ma
Douar el Mallaha
Douar el Medjanine
Douar el Medjoub
Douar el Mehadba
Douar el Mehamid
Douar el Mejoub
Douar el Mekki
Douar el Merdsa
Douar el Metroub
Douar el Mezline
Douar el Mnara
Douar el Mrabet
Douar el Ouslatia
Douar el Rharba
Douar el Rhirane
Douar el Tarig
Douar el Zough
Douar Ennbaza
Douar en Nouilia
Douar er Rahmane
Douar er Rainine
Douar er Remadni
Douar er Rhezel
Douar er Rirane
Douar er Roumane
Douar es Safsaf
Douar es Sakkak
Douar es Sali
Douar es Sghaïra
Douar es Smara
Douar es Soula
Douar es Srhaïra
Douar et Tahouna
Douar et Taleb Ali
Douar et Tarig
Douar et Tella
Douar et Toub
Douar et Touila
Douar ez Zafra
Douar ez Zedine
Douar ez Zerdoudi
Douar ez Zergane
Douar ez Zergoun
Douar ez Zogb
Douar ez Zough
Douar ez Zourh
Douar ez Zriba
Douar Faroua
Douar Faroudja
Douar Farouja
Douar Fellah
Douar Felta
Douar Ferdouine
Douar Gabrejelli
Douar Ghar Ouïnkel
Douar Ghezala
Douar Goungla
Douar Gournata
Douar Guelaa
Douar Guelfat
Douar Guerfdjana
Douar Hadj Ahmed
Douar Hadj Chabane
Douar Hadj Salah
Douar Haj Ahmed
Douar Haj Chabane
Douar Haj Salah
Douar Hamama
Douar Hammada
Douar Hammar el Hattab
Douar Hamouda Ben Mannsour
Douar Hamouda
Douar Hamrouna
Douar Hashassia
Douar Hasni Salah
Douar Hassine Ben Hadj Salah
Douar Hassine Ben Haj Salah
Douar Henna
Douar Jafeur
Douar Jaouel
Douar Jeddaria
Douar Jelelba
Douar Jendouba
Douar Jouaouda
Douar Jouf es Sbiba
Douar Joum es Sghir
Douar Kabyle
Douar Kaddour
Douar Kaouana
Douar Kenndjel
Douar Kennjel
Douar Kharrata
Douar Khelifa Ben Slimane
Douar Khima
Douar Kmamsa
Douar Kouider en Noual
Douar Krelifa Ben Slimane
Douar Laater
Douar Lababsa
Douar Laheg Ben Merouah
Douar Lezdine
Douar Maaoui Ben Saïd
Douar Mabrouk Ben Mannsour
Douar Mabrouk Ben Rehem
Douar Maïsra
Douar Mannchara
Douar Mannoubi
Douar Maunsour Bou Hadia
Douar Mbarek
Douar Meguerba
Douar Melikat
Douar Mennchia
Douar Mennzel Aïssa
Douar Mennzel Ameur
Douar Mennzel Rached
Douar Menzel Ameur
Douar Mernissa
Douar Merzaguine
Douar Mesratia
Douar Messeftine
Douar Mnara
Douar Mohammed Bel Hadj Belkassem
Douar Mohammed Ben Attala
Douar Mohammed Ben Redjeb
Douar Mohammed Ben Rejeb
Douar Mohammed Ben Salah
Douar Mohammed Bou Brahim
Douar Mohammed Del Hajd Belkassem
Douar Mohammed
Douar Mohammed
Douar Mohammed el Akerni
Douar Mokhtar
Douar Mokna
Douar Mostefa
Douar Moulahénèche
Douar Mraf
Douar Msakine
Douar Msifin
Douar Mtakerem
Douar Olad Sidi Abid
Douar Otsmane
Douar Oudeïa
Douar Oulad Abbas
Douar Oulad Ahmed Ben Ali
Douar Oulad Ahmed
Douar Ouladaia
Douar Oulad Ali Ben Naceur
Douar Oulad Aoun
Douar Oulad Bou Aziz
Douar Oulad Djebar
Douar Oulad ech Cherabi
Douar Oulad el-Hadj Ali Ben Abdallah
Douar Oulad el Hadj Salah
Douar Oulad el Haj Ali Ben Abdallah
Douar Oulad el Haj Salah
Douar Oulad el Kalaa
Douar Oulad el Mrabot
Douar Oulad Gana
Douar Oulad Hadj Ahmed
Douar Oulad Haj Ahmed
Douar Oulad Hassine Ben Abbas
Douar Oulad Jebar
Douar Oulad Kbir
Douar Oulad Khiar
Douar Oulad Messaoud
Douar Oulad Mohammed
Douar Oulad Moumen
Douar Oulad Salah
Douar Oulad Zitoun
Douar Oulad Znai
Douar Ouled Abd Allah
Douar Ouled Abd el Kader
Douar Ouled Ali Ben Salem
Douar Ouled Avad
Douar Ouled Bou Allah
Douar Ouled Bou Zaria
Douar Ouled Messaoud
Douar Ouled Zaid
Douar Oum et Tine
Douar Ousseltia
Douar Rarounkel
Douar Ras el Aïne
Douar Rebta
Douar Rhar Ouïnkel
Douar Rhezala
Douar Rouis er Roua
Douar Sadok
Douar Saïd Ben Hadj
Douar Saïd Ben Haj
Douar Salah Belkilani
Douar Salah Ben Abda
Douar Salah Ben Khaled
Douar Salah Ben Khalifa
Douar Salah Ben Saad
Douar Salah ed Dridi
Douar Salem Ben ez Zine
Douar Salem
Douar Seka Kebir
Douar Seka Sghir
Douar Seka Srhir
Douar Sidi Ameur
Douar Sidi Ameur
Douar Sidi Amor
Douar Sidi Athman
Douar Sidi Athmane
Douar Sidi Bou Hanech
Douar Sidi Bou Haneche
Douar Sidi Chabane
Douar Sidi Mohamed Bel Kroun
Douar Sidi Salah Ben Assine
Douar Sidi Salah Ben Hassine
Douar Slimane Gharbi
Douar Slimane Rharbi
Douar Smaratia
Douar Snesi
Douar Soualem
Douar Souarigue
Douar Souk et Tnine
Douar Souk et Toub
Douar Soulah
Douar Tassa
Douar Tell er Rebia
Douar Tindja
Douar Touba
Douar Tourou
Douar Trifaïa
Douar Youssef Bey
Douar Zaouia el Kebira
Douar Zaouia es Sghira
Douar Zaouïa es Srhira
Douar Zouameïa
Douar Zouaouda
Douar Zougdjag
Douar Zougjag
Douar Zouila
Douar Zouitina
Douira
Douirat
Douiret es Serdouk
Dour el Hadj Mannsour
Douz
Dubosville
Duela
Duz
Ebba-Ksour
Ebba Ksour
Ebbenes
Ebness
Ech Cheikh Azzouz
Ech-Chergui
Ech Cheriha
Ech Cheurfa
Ech Chouachnia
Ech Chouarbia
Ech Chouarnia
Ed Debdaba
Eddekhila
Ed Doghra
Ed Dzahibi
Edjouaouda
El Abadlia
El Abassia
El Achaïchia
El Achem
El Achichina
El Adara
El Agareb
El Agraïne
El Aguerba
El Ahmar
El Ain
El Aïoun
El Ajama
El Akhouat
El Akhouine
El Akrouine
El Ala
El Alekma
El Alem
El Alendaya
El Alia
El Alkema
El Amamria
El Amarmria
El Amra
El Aouaria
El Aouata
El Aouina
El Aouina
El Aouina Radja
El Aouina Raja
El Aouinat
El Aouinet Raja
El Araba
El Argoub
El Ariana
El Arouna
El Aroussa
El Aroussia
El Assoued
El Ataya
El Attaïa
El Attar
El Attaya
El Awaria
El Ayacha
El Ayaïcha
El Ayaoha
El Azaïzia
El Azib
El Bahira
El Baïaz
El Baïr
El-Bak-Ksour
El Batane
El Bathane
El Bathan
El Battan
El Bayada
El Bedarna
El Bekakcha
El Bekakha
El Bekakra
El Beniane
El Ben Kheddaone
El Bey
El Bidha
El Blida
El Borma
El Bostane
El Bourdjine
El Braouka
El Bredj
El Bridj
El Djem
El Djidida
El Erg
El Erijat
El Fahri
El Fahs
El Faouar
El Fedja
El Fehri
El Feja
El Fleïssiah
El Gelaah
El Gennara
El Ghazal
El Ghazalia
El Ghobena
El Golaa
El Goléa
El Graa
El Guecheïne
El Guedara
El Guennara
El Guetar
El Guettar
El Guithna
El Hachchane
El Haddada
El Hadeba
El Hadj Amer
El Hadj Amor
El Hadjerine
El Hadj es Srhir
El Hadj Mohammed Zarrouch
El Hafsa
El Hafsi
El Hahara K'bira
El Hahara Srira
El Haj Amor
El Haj Mohammed Zarrouch
El Hamada
El Hamila
El Hamissia
El Hamma de l'Arad
El-Hamma-Djerid
El Hamma du Djerid
El Hamma
El Hamma
El Hammam
El Hani
El Haouach
El Haouaria
El-Haouid
El Haoumet
El Haraïg
El Hashassia
El Hayara
El Hazem
El Hememda
El Houach Zarzouna
El Houamdia
El Houanize
El Jema
El Jem
El Jemm
El Jezira
El Kalaa
El Kantara
El Kantara
El Karouba
El Kef
El Kelij
El Keriba
El Ketef
El Khadria
El Khalfia
El Kharrouba
El Khelij
El Kheraïb
El Kheriba
El Khnefess
El Kilam
El-Korchine
El Kouache
El Kouaf
El Kouiba
El Kradria
El Krarrouba
El Kreiba
El Krelidj
El Kreraïb
El Krerba
El Ksar
El Ksar
El Ksour
El Ksour
El Laba
Ellès
Ellez
El Louza
El Maamoura
El Magazdia
El Maïa
El Maï
El Maïta
El Makhzene
El Maknassi
El Makrzene
El Malka
El Mamoura
El Mansouraa
El Marsa
El Marsa
El Marsa
El Marsal
El Mây
El Mdou
El Mechref
El Medjahed
El Medjless
El Medou
El Meghmouma
El Mejabra
El Mejless
El Menara
El Mennzel
El Menstir
El Menzel
El Merhmouma
El Metline
El Mgarsa
El Mhedba
El Mida
El Midda
El M'khalif
El Mkralif
El M'nagha
El Mouadjene
El Mouagéne
El Mouajene
El Mourstane
El Mstiri
El Omrane
El Oudiane
El Ouesfane
El Qantara
El Redir
El Regueb
El Rhazalia
El Rhobena
El Skhirra
El Toufik
Enfida
Enfidarille
Enfidaville
En Merhamcha
En Naffatiyah
En Nekhila
En Nekrila
En Nemlet
En Nerhamcha
Envidaville
Er Rahmat
Er Raïnine
Er Redjal El Aroua
Er Regueb
Er Rejdane
Er Remel
Er-Remla
Erriadh
Er Rmep
Er Rouda
Erruda
Es Sabra
Es Safet
Es Sakket
Es Segala
Es Send
Es Sened
Es Sid
Es Snam
Es Somaa
Es Souda
Et Tahma
Et Taoufik
Et Trabelsia
Et Trabelsia
Ezgana
Ezouara
Ez Zahra
Ez Zaouaoudi
Ez Zaouaouine
Ez Zeguana
Ez Zgadna
Ez Zgana
Ez Zghana
Ez Zouaouine
Ez Zouitina
Ez Zriba
Faddan al Baqar
Fafou
Fahmine
Fahs
Fa'id
Fajj at Tamir
Faoumt
Fath Allah
Fatnassa
Faubourg Bab Souïka
Feddane el Begar
Fedj et Tameur
Feriana
Ferme Lovy
Fernana
Fernara
Ferryville
Fertouna
Fitnasah
Fochville
Foganine
Fondouck el Oqbi
Fondouk Choucha
Fondouk Debbiche
Fondouk-Djedid
Fondouk-Djedid-Mesrayta
Fondouk el Aouareb
Fondouk el Djedid
Fondouk el Okbi
Fondouk
Fondouk Jedid
Fonndouk Bou el Haneche
Fonndouk Choucha
Fonndouk Djedid
Fonndouk el Okbi
Fort-Saint
Fortuna
Fouchana
Fouk Ahmed el Aïfa
Foum Tatahouine
Foum Tataouine
Fraïa
Franceville
Fremdj
Fumm Tattauin
Fum Tatawin
Funduq al `Uqbi
Funduq ash Shushah
Funduq Dabbish
Furna
Furnah
Furriyanah
Fushanah
Gabès
Gaffour
Gafour
Gafsa
Gafso
Galaa
Galaat el Andeless
Galaat el Andless
Galaat el Anndlès
Galas el Andeless
Gamart
Gammarth
Gammouda
Garnata
Gassa
Gasseur ed Djedid
Gasseur el Djedid
Ghaïalif
Ghannush
Ghar ad Dima'
Ghar al Fahs
Ghar al Milh
Ghardimaou
Ghar el Fabs
Ghar el Melah
Ghelissia
Ghermassa
Ghermessa
Ghidmah
Ghlissia
Ghomrassen
Ghoumerassen
Ghoumrassene el Bled
Ghoumrassene
Ghoumrassen
Ghraiba
Ghulaysiyah
Ghumrasin
Golea
Golea
Goletta
Gouarme
Goubellat
Goulette
Gounifida
Gourbis
Gourine
Gournata
Graba
Graïba
Gremda
Grenush
Grétéville
Grich el Oued
Grich el Qued
Grombalia
Grombalic
Guallala
Guechaïne
Guelaat el Andeless
Guelaat-el-Andless
Guelib es Sebt
Guellala
Guermessa
Guetaïa
Guetoufa
Guettaïa
Guettaya
Guettoufa
Gumis
Hachache-Matmata
Hachichina
Haddada
Haddada
Haddadah
Haddedj
Haddej
Hadège
Hadjeb el Aïoune
Hadjeb el Aïoun
Hadj Mohammed Ben Hamid
Hadrumète
Hadrumetum
Hadrumetum
Haf Djerdjer
Haffouz
Haffuz
Hafi Rassa
Haf Jirjir
Hafret Amaïd
Haïdra
Hajeb el Aïoun
Haj Mohammed Ben Hamid
Halk el Oued
Halq al Wadi
Halq el Oued
Hamadat al Kebalou
Hamadet el Kebalou
Hamam-el-Guezeze
Hammam al Anf
Hammam al Ghazzaz
Hammam Biada
Hammam Djedidi
Hammam el Fezoua
Hammam el Rhezèze
Hammam el Rhezez
Hammamet
Hammam Jadidi
Hammam Jedidi
Hammam Lekses
Hammam-Lif
Hammam-Plage
Hammam Sousse
Hammam Susa
Hammam Susah
Hamman-Lif
Hamman-Sousse
Hammat al Jarid
Hanout Cheïkh
Hanout Seridik
Hanshir al Fass
Hanshir `Ali Bin Rajab
Hanshir al Maraziqiyah
Hanshir al Qussah
Hanshir al Raqubah
Hanshir al Rhiria
Hanshir as Sawatir
Hanshir Bani `Umar
Hanshir Bin Khalladiyah
Hanshir Qasr Ghallab
Hanshir Sa`diyah
Hanshir Sidi Saadoum
Haouadid
Haouita el Rhezala
Haouita er Rhezat
Hara Kbira
Hara Kebira
Haras de Sidi Tabet
Hara-Sghira
Hara Srhira
Hara Srira
Harqalah
Hassi Amor
Hassi Soltane
Hawadid
Hawmat al Andalus
Hawmat al Badawiyin
Hawmat al Fawqanin
Hawmat al Hashshan
Hawmat al Qibliyin
Hawmat as Suq
Hawsh Mahmud Bin Nasib
Haydus
Hazeg
Hechichina
Heidous
Heïdouss
Hencha
Henchir Abd el Kader
Henchir Ben Ameur
Henchir ben Saidane
Henchir Bou Djerida
Henchir Bou Jerida
Henchir Djeradou
Henchir el Haouachi
Henchir el Merazguia
Henchir Hadj Ali Bou Hamouda
Henchir Haj Ali Bou Hamouda
Henchir Jeradou
Henchir Mejles
Henchir Saadia
Henchir Sidi Khalifa
Henchir-Souatir
Henchir Zarouane
Hennchir Ali Ben Rejeb
Hennchir Ben Ameur
Hennchir Ben Khalladia
Hennchir Bir Bou Zouita
Hennchir el Fass
Hennchir el Gounifida
Hennchir el Merazguia
Hennchir er Regouba
Hennchir Goussa
Hennchir Haïdra
Hennchir Ksar Rhaleb
Hennchir Saadia
Hennchir Sidi Saadoum
Hennchir Souatir
Henndi ech Chiab
Henndi el Alouj
Henndi el Hadj Brahim
Henndi el Haj Brahim
Henndi el Menzel
Henndi es Saada
Henndi es Setta
Henndi et Teggaz
Henndi Knana
Henndi Oulad Saïd
Henndi Salmoun
Hergla
Herkla
Hessi Amor
Hiboun
Hibune
Hibun
Hippo Diarrhytus
Hippou Aksa
Houch Mahmoud Ben Necib
Houmet el Jerbou
Houmet Essouk
Houmet Es Souk
Houmt Andeless
Houmt Bedouin
Houmt Guebliine
Houmt Souk
Houmt Souq
Humk-Suk
Humt-Ajim
Humt-Seduiksh
Humt-Suk
Huwaytat al Ghazalah
`Ilwat al Qunnah
Jaafar
Jabal al Jallud
Jabal al Madilah
Jabal Trozza
Jabinyanah
Jafar
Jalidat
Jama er Rih
Jama
Jami` al Guelloufi
Jammal
Jamnah
Jaradu
Jarah
Jarjis
Jarsine
Jawabir
Jawawilah
Jebarna
Jebel Jelloud
Jebel M'dhilla
Jebel Trozza
Jedaida
Jedaïd
Jedak Ali
Jedeïda
Jedida
Jehim
Jemna
Jenaien
Jendouba
Jeradou
Jerbna
Jerissa
Jilmah
Jilma
Jouaoula
Jougar
Jraïda
Jundubah
Jurf al Qantarah
Justiniania
Justiniapolis
Kabis
Kaf al Marir
Kaf ar Rayat
Kafsa
Kahoua ad Douadji
Kahoua ed Douadji
Kairouan
Kairwan
Kalaa Djerda
Kalaa-Es-Senam
Kalaa K'bira
Kalaa Kebira
Kalaa Kebma
Kalaa Matmata
Kalaa-Sghira
Kalaa Srira
Kalaat Djerda
Kalaat-El-Andaleus
Kalaat-el-Andleus
Kalaat es Senam
Kalaat Khasba
Kantara
Kariz
Karsouline
Kasba Bou Nemcha
Kasba Drina
Kasba es Saboun
Kasbah Drina
Kasbah
Kasbah Leguine
Kasba Leguine
Kasba Zamaz
Kasbet Ammar
Kasbet Dafnia
Kasbet el Agoum
Kasbet el Rherdegui
Kasbet ez Zourgane
Kasbet Oulad Saïdane
Kasbet Tannfoura
Kasbet Zamaz
Kasnadar
Kasra
Kasr Moenza
Kasr Saïd
Kasr Zaouia
Kasr Zauia
Kassar el Hal
Kassar Saïd
Kasserine
Kasserin
Kattanah
Kchaïcha
Kebeur el Djaheli
Kebeur el Jaheli
Kebili el Ouati
Kebili
Kef el Mechta
Kef el Mrir
Kef er Rayat
Kef
Kelaa Kebira
Kélibia
Kellabine
Kelouamene
Kelouamen
Kérédine
Keriba
Kesra
Kessera
Kesser el Hal
Ketena
Kettana
Khalouet Bou Haslaya
Khanguet el Hadjadj
Khannguet el Hadjadj
Khannguet el Hajaj
Khanqat al Hajjaj
Khayr ad Din
Khelouet Rebah
Khenis
Kheraib
Kheredine
Khlaïfa
Khledia
Khnis
Khorfa
Khoussiah
Khunays
Kirchaoui
Kirchaou
Kirshaw
Kisrah
Kledia
Kmamsa
Knais
Knais
Knaïss
Kneis
Kneïs
Kobtine Awlad `Umar
Kobtine Oled Amor
Kobtine Ouled Amor
Korba
Korbous Dar el Oudiane
Korbous
Koudiat ech Chouicha
Koudiat
Kourba
Kourchine
Krachoua
Krachoua
Kram
Kraoui
Kreddache
Krerachfa
Kriba
Kriz
Krnis
Krorfa
Krouibia
Kroussia Ferme
Kroussiah Ferne
Kroussiah
Kroussia
Ksar Aaïat
Ksar Aïssa
Ksar Azzedine
Ksar Beni Kheddache
Ksar Ben Khedache
Ksar Ben Khradache
Ksar Bou Zid
Ksar Bou Ziri
Ksar Cherchara
Ksar Chitana
Ksar Chouline
Ksar Darhariet
Ksar de Lala
Ksar Djedid
Ksar Djedid
Ksar Djelidat
Ksar ech Chehbane
Ksar el Ababsa
Ksar el Djedid
Ksar el Djouama
Ksar el Djouamea
Ksar el Guennara
Ksar el Hadid
Ksar el Hallouf
Ksar el Kebrit
Ksar el Kradem
Ksar el Kredem
Ksar el Krerachefa
Ksar el Rouima
Ksar et Turki
Ksar Ghilane
Ksar Hallouf
Ksar Hellal
Ksar Kebrita
Ksar Kherachefa
Ksar Kheracheta
Ksar Kourikria
Ksar Krachoua
Ksar Krerachefa
Ksar Maned
Ksar Mdoudja
Ksar Mdouja
Ksar Mehira
Ksar Mehiri
Ksar Métrioua
Ksar Mezouar
Ksar Mgassa
Ksar Mguebla
Ksar Mhiri
Ksar Mihel
Ksar Mihil
Ksar Mora
Ksar Morra
Ksar Mouansa
Ksar Mrabtine
Ksar Nekrif
Ksar Oulad Aoun
Ksar Oulad Bou Abid
Ksar Oulad Debbab
Ksar Oulad Mahmed
Ksar Oulad Saïd
Ksar Oulad Soltane
Ksar Ouled Aoun
Ksar Ouled Debbab
Ksar Oum er Roumanat
Ksar Rebouten
Ksar Retbet el Krachoua
Ksar Rhilane
Ksar Said
Ksar Sidi Aïch
Ksar Slimane
Ksar Taleb Beldine
Ksar Tamelest
Ksar Tarcine
Ksar Tarcin
Ksar Tarsine
Ksar Tyr
Ksar Zaouia
Ksiba-el-Mediouni
Ksiba
Ksib-el-Mediouni
Ksibet el Mediouni
Ksibet-Sousse
Ksir Slimane
Ksour Djelidat
Ksour Djelidatt
Ksour el Ahnache
Ksour el Hannache
Ksour Essaf
Ksour
Ksour Lireba
Ksour Sidi Aïch
Ksursef
Kudiat
Kurba
La Bâtie
La Cagna
La Cebala du Mornag
La Cebala
La Charentaise
La Chebba
La Corniche
La Croix
Lafayette
La Gouletta
La Goulette
La Hencha
La Khriba
La Kriba
Lala
La Laousa
La Laouza
La Laverie
Lalla Aicha Mourakchia
Lallah `A'ishah al Mourakchia
Lallah
Lallah Mabrukah
Lallah Manubiyah
Lalla
Lalla Mabrouka
Lalla Manoubia
La Louata
La Louza
La Malga
La Malka
La Manouba
La Manoubia
La Manoubie
La Marsa
La Médina
La Méthouïa
La Mohammedia
La Mornaghia
La Mornarhia
Lampta
Lamtah
Lamta
Laouainiah
Laouata
La Pêcherie
La Rabta
L'Ariana
La Sauvagere
La Sebala du Khaïat
La Sebala du Mornag
La Sebala
La Skhira
La Skhirra
La Skhrira
La Smala des Souassi
La Soukra
La Srira
Lassouda
La Sulamite
Le Bardo
Le Bardo
Le Bed
Le Belvedere
Le Faïd
Leïla
Le Kef
Le Kram
Le Krib
Le Mdilla
Lemta
Les Andalouses
Les Andalous
Les Assion
Les Boudrenas
Les Caroubiers
Les Chênes
Le Sers
Les Nassen
Les Salines
Les Sers
Lessouda
Les Zouarines
Limaguese
Limaguès
Limaguess
Lortess
Lorzot
Louata
Louza
Lovy
Luza
Maadene
Maâdjen Bel Abbès
Maafrine
Maagen-Bel-Abbes
Maamoura
Maarouf
Maatmer
Maatmeur
Macera
Macera
Mactaris
Madanin
Madhia
Madien
Madjène Bel Abbès
Madjouba
Magraoua
Maharès
Mahari Jabbas
Mahdia
Mahedia
Maherine
Mahires
Mahjouba
Mahjubah
Mahmoud Ben el Hadj
Mahmoud Ben el Haj
Mahmud Bin al Hajj
Mahmur
Mahrès
Mahrine
Majaz al Bab
Majin Bu al `Abbas
Majjen Bel Abbes
Majouba
Majoura
Majurah
Maknassi
Maknassy
Maktar
Makthar
Malga
Malitah
Malitah
Mallulash
Maned
Manharés
Mannsoura
Manouba
Manshiyah
Mansoura
Manubah
Manzil `Abd ar Rahman
Manzil Bu Ruqaybah
Manzil Bu Zalafah
Manzil Harb
Manzil Hurr
Manzil Jamil
Manzil Kamil
Manzil Khayr
Manzil
Manzil Salim
Manzil Shakir
Manzil Tamim
Maqrin
Mareth
Marith
Markez Bou Ladiab
Markez Tijani
Marmora
Marsa Djdida
Marsa Djelida
Marsa el Kantara
Marsa Ksiba
Marsa
Marsa
Masakin
Mashhad Salih
Mashta `Abd Allah Bin Sasi
Mashtá al Anad
Mashtá ash Shuwayshah
Masjid `Isa
Massera
Massicault
Mastouta
Mastutah
Matem
Mateur
Matguia
Mathildeville
Matir
Matlaoui
Matmatah
Matmata
Matmer
Matmeur
Maxula
Maxula-Radès
Mdeïna
M'dhilla
Mdilla
Mdou
Mechta Abd Allah Ben Sassi
Mechta Berzig
Mechta ech Chouicha
Mechta el Anab
Mechta Kmamsa
Mechtat el Amab
Mechtat el Anad
Mechtat el Kharrouba
Mechtat el Krarrouba
Medenine
Medina
Medjez el Bab
Medjine
Megdoudech
Megmag
Mégrine-Coteaux
Mégrine Lescure
Mégrine
Mehdia
Meheri Zebbeus
Mejen Bel Abbès
Mekhalif
Melassine
Meliana
Mélikate
Meliounèche
Melita
Mellita
Mellita
Melloulèche
Mellounêche
Mellulesh
Menchia
Menjel Djemil
Mennchia
Mennzel Abd er Rahmane
Mennzel-Abd-er-Ralmane
Mennzel Bou Zelfa
Mennzel Djemil
Mennzel el Henndi
Mennzel Heur
Mennzel
Mennzel Temine
Menzel Abderhaman
Menzel Abd er Rahmane
Menzel Abderrahman
Menzel Abd-er-Raman
Menzel Bourguiba
Menzel Bou Zelfa
Menzel Chaker
Menzel Djemil
Menzel el Arb
Menzel el Heurr
Menzel Harb
Menzel Hedi Chaker
Menzel Heur
Menzel Heurr
Menzel Horr
Men-zel Huerr
Menzel Jemil
Menzel Jemime
Menzel Kamel
Menzel-Khir
Menzel Krir
Menzel
Menzel M'heri
Menzel Salem
Menzel Temime
Menzel-Temimi
Menzel Temine
Menzel Termine
Merzouna
Mesdjed Aïssa
Mesdour
Mesjed-Aïssa
Messadine
Metameur
Methouïa
Metlaoni
Metlaoui
Metline
Metlin
Métouia
Mezraia
Mezrane
Mezzouna
Mhareb
Mianu
Michaud
Mida
Midè
Midoun
Midun
Milletville
Mirabaud
Mkalta
Mnara
Moghrane
Mohamedia
Mohamedla
Mohammed Ben Bel Kassem
Mohammed Bessaïs
Mohammed Brahim el Aouaïd
Mohammedia
Mohammed Zioud
Moknine
Moknin
Monastir
Montarnaud
Montarn
Montfleury
Montfleury Supérieur
Morhrane
Mornaghia
Mornaguia
Mornarhia
Mostfa Ben Maamer
Mouamla
Moularès
Moureddine
Mouredine
Mourreddine
Mrabia Halima
Mrira
Msaken
Msaker
Mteurch
M'tuia
Mu`allaka
Muamla
Muhammad Bessais
Muhammad Bin Bu al Qasim
Munchar
Muqran
Mutuelleville
Mzara
Mzata
Nabeul
Naboel
Nabul
Nafed
Naftah
Nagga
Nahal
Nakta
Naqqah
Na`san
Nassene
Nassene Sghira
Nassene Srhira
Nassen
Nebeur
Nechiou
Néfatia
Neffatia
Nefta
Negga
Neis
Nemlet
Netta
Nezlat el Abid
Nianou
Nibbar
Niyanu
Nouaïl
Nouil
Nsar Allah
Nuqtah
Oglat el Djedra
Oglet Elababsa
Oled er Rouadjah
Ouadenine
Ouallarh
Ouardanine
Ouardenine
Oudhref
Oudref
Oued Ellil
Oued Errebaa
Oued Esseder
Oued et Taam
Oued Lill
Oued Meliz
Ouedrane
Oued Sarrath
Oued-Serrath
Oued Zarga
Oued Zargua
Oued Zarta
Oued Zebib
Oued Zerga
Oulad Aissa
Oulad Amor
Oulad Amor
Oulad Azzédine
Oulad Ben Draïf
Oulad-bou-Ali
Oulad Bou Hadda
Oulad Cheraiet
Oulad el Abed
Oulad el Ghoulet
Oulad el Hajj Saad
Oulad el Houra
Oulad el Kassem
Oulad el Kelba
Oulad el Klib
Oulad el Meniou
Oulad el Rhoulet
Oulad Hadj Ahmed
Oulad Haj Ahmed
Oulad Kacem
Oulad Maalla
Oulad Madjed
Oulad Majed
Oulad Merzoug
Oulad Messaouda
Oulad Messaoud
Oulad Mohammed el Alounia
Oulad Mrabot
Oulad Nasseur
Oulad Neffet
Oulad Neffet
Oulad Nouasseur
Oulad Soltane
Oulad-Yaneg
Oulad Youssef
Ouled Abd er Rahmane
Ouled Alaïa
Ouled Bel Firane
Ouled Bou Ali
Ouled Bou Zerara
Ouled el Abed
Ouled el Djema
Ouled el Jema
Ouled el Klib
Ouled er Rouadjah
Ouled er Rouajah
Ouled ez Zlassi
Ouled Fradji
Ouled Fraji
Ouled Kacem
Ouled Negaz
Ouled Salem
Ouled Sidi Ahmed Ben Ali
Ouled Sidi Ferhatt
Ouled Slimane
Ouled Yaneg
Ouled Yanek
Ouled Zaïr
Oum Dhouil
Oum Douil
Oum el Frais
Oum es Somaa
Oum ez Zid el Kbira
Oum ez Zid es Sghira
Oum ez Zid es Srhira
Oum Semaa
Oumsetrene
Oum Soumaa
Ouseltia
Ousseltia Ouled Hedib
Ousseltia Ouled Rabat
Ousseltia
Pêcherie
Philippe-Thomas
Pichon
Pont-du-Fahs
Pont du Fas
Pontinville
Port-du-Fachs
Porto Farina
Poste de Lessouda
Potinville
Protuille
Protville
Qabes
Qabis
Qafsah
Qa`fur
Qairouan
Qairwan
Qalaa Kebira
Qal`at al Andalus
Qal`at as Sanam
Qallalah
Qamart
Qamudah
Qantarat al Fahs
Qarish al Wadi
Qartajannah
Qasabah Darinah
Qasabah Leguine
Qasabah Zamaz
Qasabat al Agoum
Qasabat al Ghardaqi
Qasabat `Ammar
Qasabat as Sabun
Qasabat Awlad Sa`idan
Qasabat az Zurqan
Qasabat Bu Nemcha
Qasabat Dafniyah
Qasabat Tannfoura
Qasr al `Ababisah
Qasr al Hadid
Qasr al Halluf
Qasr al Jawami`
Qasr al Khadim
Qasr al Kharashifah
Qasr al Kibrit
Qasr al Mu'anasah
Qasr al Muqabilah
Qasr al Murabitin
Qasr al Murrah
Qasr al Qannarah
Qasr al Qurayqiriyah
Qasr ar Rouima
Qasr ash Sharsharah
Qasr ash Shaytanah
Qasr ash Shuhban
Qasr at Tayr
Qasr Awlad `Awn
Qasr Awlad Bu `Abid
Qasr Awlad Dabbab
Qasr Awlad Mahmad
Qasr Awlad Sa`id
Qasr Awlad Sultan
Qasr `Ayyath
Qasr az Zawiyah
Qasr Bu Zayd
Qasr Bu Ziri
Qasr Chouline
Qasr Darhariet
Qasr Ghilan
Qasr Hallal
Qasr `Isa
Qasr `Izz ad Din
Qasr Maned
Qasr Mdoudja
Qasr Mehiri
Qasr Metrioua
Qasr Mezouar
Qasr Mgassa
Qasr Mihel
Qasr Nukhayf
Qasr Rebounten
Qasr Rutbat al Karashiwah
Qasr Sulayman
Qasr Talib Beldine
Qasr Tamelest
Qasr Tarcine
Qasr Umm ar Rummanat
Qasserine
Qattayah
Qatufah
Qibili
Qirmisah
Qsar Ghilan
Qsour Essaf
Quaranbaliyah
Quartier de Bab-Djazira
Quartier de Bab-Souika
Quartier de Medina
Quballat
Qulayb as Sabt
Qulaybiyah
Quranbaliyah
Qurbah
Qurbus
Qurunbaliyah
Qusaybat al Madyuni
Qusaybat Susah
Qusur al Ahnash
Qusur as Saf
Qusur Jalidat
Qusur Lireba
Rabibah
Rab` Silyanah
Rabta
Radès
Radis
Rafraf
Rahmat
Rajish
Ramadah
Ramla
Rar el Melah
Ra's al `Ayn
Ra's al Jabal
Ra's ar Raml
Ra's at Tabiyah
Ras Djebel
Ras-el-Aïne
Ras el Aïn
Ras el Djebel
Ras el Jebel
Ras el Ma
Rass el Aïne
Rass el Aïn
Rass el Djebel
Rass el Maa
Rass er Rmel
Ras Tabia
Rebaa Oulad Yahia
Rebiba
Redevef
Redevel
Redeyef
Redjal el Kroukra
Redjiche
Regueb
Rejal el Khoukha
Rejiche
Rejish
Remada
Remla
Réville
Reyville
Rhaïalif
Rhardimaou
Rhar el Fabs
Rhar el Fahs
Rhar el Melah
Rhelissa
Rhelissia
Rhennoucha
Rhennouch
Rhibma
Rhidma
Rhoumerassen
Rijal al Khukhah
Rirane
Rmel Ben Msadek
Rmel es Safsaf
Robâa Oulad Yahia
Robâa Ouled Yahia
Robbana
Rohia
Rouinat
Rous er Riba
Rsiba Sousse
Ruscania
Ruspina
Saadia
Saad
Sabalat Murnaq
Sab` Bi'ar
Sabibah
Sabria
Sabriyah
Sadaguia
Saddadah
Saddada
Sadouikch
Safaqis
Sahab-Djebel
Sahab el Djebel
Sahaline
Sahalin
Sahali
Saheb Jebel
Sahib al Jabal
Sahline
Saiadah
Saïada
Saïda
Saïd Mbarek
Sainte-Marie du Zit
Sainte-Marie
Saint-Georges
Saint-Germain
Saint Henri
Saint Laurent
Sajanan
Sajnan
Sakel
Sakiet ed Daier
Sakiet ed Daïr
Sakiet ez Zit
Sakiet Sidi Youssef
Sakiet Sidi Youssof
Sakit
Sakkel
Sakket
Salakta
Salambaw
Salambôo
Salambo
Salammbôo
Salammbô
Salaqtah
Salatah
Salines
Saluqiyah
Saminjah
Sandouk
Sanndouk
Sans-Souci
Saouaf
Saqanis
Saqiyat ad Da'ir
Saqiyat az Zayt
Saqiyat Sidi Yusuf
Sawahil
Sawani al `Adhari
Sbaïa Koubba
Sbaïa
Sbeitla
Sbiba
Sbikha
Sbikra
Sebaa Jouama
Seba Biar
Seba Regoud
Seddada
Sedjenane
Sedjoumi
Sedouikch
Sedouikeche
Sedouikech
Seftimi
Segermes
Seïada
Sejenane
Sejoumi
Sekhira
Sembat
Sened
Sennbat
Sers
Sfax
Shabikah
Shanini
Shanini
Shaqimi
Shawash
Shaylus
Sheba
Sheitla
Sherki
Shimlali
Shimtu
Shu`bat Zamalah
Shurban
Shuwat
Sicca Veneria
Sidi `Abbas
Sidi Abbès
Sidi Abd Allah Ben Saiden
Sidi `Abd Allah Bin Sa`idan
Sidi Abd Allah
Sidi `Abd Allah
Sidi `Abd al Malik
Sidi `Abd al Qadir
Sidi Abd el Kader el Abidat
Sidi Abd el Kader
Sidi Abd el Melek
Sidi Abid
Sidi Abi Sa`id
Sidi Ahmad
Sidi Ahmed
Sidi Ahmed
Sidi Ahmer
Sidi Aïch
Sidi Aïssa
Sidi al Ghudamisi
Sidi al Hani'
Sidi al Harrath
Sidi `Ali al Bahlul
Sidi `Ali al Hattab
Sidi `Ali ash Shabab
Sidi Ali Bel Hafsi
Sidi Ali Ben Abdallah
Sidi Ali Ben Abdallah
Sidi Ali Ben Nasr Allah
Sidi `Ali Bin `Abd Allah
Sidi `Ali Bin `Abd Allah
Sidi `Ali Bin Nasr Allah
Sidi Ali Chebab
Sidi Ali ech Chbab
Sidi Ali ech Chebab
Sidi Ali ech Choab
Sidi Ali el Bahioul
Sidi Ali el Bahloul
Sidi Ali el Hattab
Sidi-Ali-Narsallah
Sidi Allouane
Sidi Alluan
Sidi al Mujahid
Sidi Alouane
Sidi al `Uryan
Sidi `Amarah
Sidi Amara
Sidi Ameur Bou Hadjla
Sidi Ameur
Sidi Ameur
Sidi `Amir
Sidi Amor Ben Salem
Sidi Amor Bou Ajela
Sidi Amor Bou Hadjela
Sidi Amor Bou Hadjila
Sidi Amor Bou Hadjla
Sidi Amor Bou Hajela
Sidi Amor Bou Hajla
Sidi Amor Bou Zitouna
Sidi Amor
Sidi an Nasir
Sidi an Nu`ayjah
Sidi ash Shammakh
Sidi `Askar
Sidi Asker
Sidi as Sahibi
Sidi Athman
Sidi Atmane el Haddad
Sidi at Tarhuni
Sidi `Aysh
Sidi az Zaouem
Sidi Belal
Sidi ben Araar
Sidi Ben Nour
Sidi Ben Nur
Sidi Ben Salem
Sidi Bessari
Sidi Bilal
Sidi Bin Nur
Sidi Bou Ali
Sidi Bou Ali
Sidi Bou Alsmane
Sidi Bou Atsmane
Sidi Bou Baker
Sidi Bou Choucha
Sidi Bou Djafer
Sidi Bou Djobline
Sidi Bou Grine
Sidi Bou Haraoua
Sidi Bou Jafer
Sidi Bou Jobline
Sidi Bou Kerine
Sidi Bou Khelout
Sidi Boulbaba
Sidi Bou Nadji
Sidi Bou Rouis
Sidi Bou Saïd
Sidi Bou Saïd
Sidi Bou Zacouma
Sidi Bou Zaïrira
Sidi Bouzid
Sidi Bou Zid
Sidi Bou Zitouna
Sidi Brahim
Sidi Bu al Babah
Sidi Bu `Ali
Sidi Bu `Ali
Sidi Bu Bakr
Sidi Bu Ja`far
Sidi Bu Qurayn
Sidi Bu Ru'ays
Sidi Bu Saïd
Sidi Bu Shushah
Sidi Bu `Uthman
Sidi Bu Zaqqumah
Sidi Bu Zayd
Sidi Bu Zaytunah
Sidi Chemmakh
Sidi Chemmak
Sidi Daoud
Sidi Daoud
Sidi Da'ud
Sidi Daud
Sidi Da'ud
Sidi Djedidi
Sidi Djedid
Sidi el Ariane
Sidi el Djem
Sidi el Hani
Sidi el Harrats
Sidi el Medjahed
Sidi el Moujahed
Sidi el Rhedamsi
Sidi el Tarhouni
Sidi el Tebehi
Sidi Eluan
Sidi Emmbarek
Sidi es Sabbih
Sidi es Sahbi
Sidi et Taïari
Sidi et Tarhouni
Sidi ez Zaouem
Sidi Fath Allah
Sidi Fath Allah
Sidi Henri
Sidi Jadidi
Sidi Jedidi
Sidi Khalifa el Ferdjani
Sidi Khalifa el Ferjani
Sidi Khalifah al Farjani
Sidi Kralifa el Ferdjani
Sidi Mahmoud Ben Necib
Sidi Mansour
Sidi Marchett
Sidi Mas`ud
Sidi Messaïd
Sidi Messaoud
Sidi Mohamed Ben Messaoud
Sidi Mohamed el Aïd
Sidi Mohammed Ben Mabrouk
Sidi Mohammed Ben Messaoud
Sidi Mubarak
Sidi Muhammad al `A'id
Sidi Muhammad Bin Mabruk
Sidi Muhammad Bin Mas`ud
Sidi Naceur Allah
Sidi Naceur
Sidi Nadji
Sidi Naïja
Sidi Naji
Sidi Nasr Allah
Sidi Nasseur Allah
Sidi Nasseur
Sidi Nedja
Sidi Neja
Sidi Othman
Sidi Salem
Sidi Salem
Sidi Salim
Sidi Salim
Sidi Shemmark
Sidi Tabet
Sidi Thabit
Sidi Touil
Sidi `Ulwan
Sidi `Umar Bin Salim
Sidi `Umar Bu Hajalah
Sidi `Umar Bu Zaytunah
Sidi Youssef
Sieba
Siliana
Silyanah
Simittu
Skalba
Skanes
Skhira
Skhrira
Skira
Slata
Sleïmia
Sloughia
Slouguia
Slourhia
Smala des Souassi
Smida
Smidja
Smindja
Soliman
Somaa
Soma
Sottart Bou Lares
Souahel
Soualem
Souani el Adari
Souani
Souassi
Souhani
Souk Ben Ramdam
Souk Ben Romdane
Souk el Arba
Souk el Arba
Souk-el-Biaz
Souk el Djamaa
Souk el Djemâa
Souk el Djemaa
Souk el Djemâa
Souk El Djema
Souk el Etnine
Souk el Had
Souk el Jamaa
Souk el Jemaa
Souk el Khemis
Souk el Kremis
Souk el Kremis
Souk et Tleta
Souk et Tnine
Soukra
Souq el Arba
Sousa
Souse
Soussa
Sousse
Srira
Srireh
Station de Menzel M'heri
Steftimi
Stiftimia
Subaytilah
Sufetula
Suffetula
Sukrah
Sulayman
Suq al Arba`a'
Suq al Jum`ah
Suq al Jum`ah
Suq al Jum`ah
Suq al Khamis
Suq Bin Ramadan
Susah
Susa
Tabarca
Tabarka
Tabarqah
Tabarqa
Tabet el Kelb
Tabulbah
Tabulbu
Taburbah
Tabursuq
Tacapae
Tacape
Tadjerouine
Tadjrouïne
Tafelloune
Tafertasset
Taguelmit
Taguermess
Tajerouine
Takelsa
Taklisah
Takrouna
Takrunah
Takruna
Talah
Tala
Talmin
Tamaghzah
Tamazrat
Tamerza
Tamezred
Tamezret
Taoudjout
Taoujauo
Taoujout
Taparura
Taqilmit
Taquermess
Taraf
Tarf el Mcherga
Tarf
Tarhdimess
Tarhrizit
Tastur
Tatahouïne
Tataouine
Tatawin
Tawajin
Tawzar
Tazarka
Tazerka
Tazirkah
Tazoghrane
Tazogran
Tazorhrane
Tazughran
Teboulba
Teboulbou
Tebourba
Teboursouk
Teboursouq
Tebulba
Tebulbu
Techine
Techin
Telemine
Tell el Kebir
Telmine
Temlale
Terhalla
Testour
Thabit al Kalb
Thabraca
Thala
Thelepte
Thibar
Thonara
Thuccabor
Thysdrus
Tianest
Tibar
Tichilla
Tidjma
Tieret
Tilioune
Tinbar
Tindja
Tinjah
Tinja
Tiouadjene
Tir el Mergueb
Tobag
Tombar
Touaïri
Toudjane
Touiba
Toujane
Toukabeui
Toukabeur
Toumbar
Toungar
Tounkett
Tourki
Touza
Tozegrane
Tozesrane
Tozeur
Trabelsia
Triaga
Triffa
Tujan
Tukabur
Tunes
Tunez
Tunisi
Tunis
Tunis-Ville
Turki
Tuwaybah
Tuzah
Tuza
Uardenine
Udref
Uled Yanek
Umm Aïssa
Umm al `Ara'is
Umm as Sawma`ah
Umm Dhuwayl
`Uqlat al Djedra
Utique
Uzalis
Villa des Pins
Villa Gandolfe
Villa Gandolphe
Village de la Mine
Villejacques
Wadhraf
Wadi al Layl
Wadi az Zabib
Wadi az Zarqa'
Wadi Maliz
Wadi Sarrat
Wadran
Xiebah
Xsieba
Xuiba
Yamouna
Zaafrane
Zaafria
Za`faran
Zaghouane
Zaghouan
Zaghwan
Zahanah
Zahr al Kudyah
Zahrouni
Zala
Zamalat as Sawasi
Zana
Zannouch
Zannouk
Zannush
Zaouia Mornag
Zaouïa Sedaguia
Zaouïa Sidi Abd er Rahmane el Gara
Zaouïa Sidi Ameur
Zaouia Sidi Salah ben Jabar
Zaouia Sousse
Zaouiat Djedidi
Zaouia
Zaouia
Zaouiet Azmour
Zaouiet Bou Krim
Zaouiet Djedidi
Zaouiet el Arab
Zaouïet el Harth
Zaouiet-el-Hart
Zaouiet el Megaiz
Zaouiet el Mgaïz
Zaouiet Kountech
Zaouiet Lazmour
Zaouiet Madien
Zaouiet Medien
Zaouiet Sadaguia
Zaouïet Sidi Abdelli
Zaouiet Sidi Salah Ben Djabar
Zaouiet Sidi Salah ben Jabar
Zaouiet Sousse
Zaouiet
Zaouiet
Zaouïet
Zaouit Djedidi
Zaoula Sidi Mohammed Salah
Zaqrarin
Zarath
Zarat
Zarawah
Zarcine
Zarhouan
Zaribah
Zarsine
Zarsin
Zarzia
Zarzine
Zarzis
Zarzouna
Zarzunah
Zarzuna
Zauiet el Harth
Zawiyat al `Arab
Zawiyat al Harth
Zawiyat al Jadidi
Zawiyat al Maqqa'iz
Zawiyat as Sadaqiyah
Zawiyat az Zumur
Zawiyat Bu Karim
Zawiyat Madyan
Zawiyat Quntash
Zawiyat Sidi `Abdalli
Zawiyat Sidi `Abd ar Rahman al Qarisi
Zawiyat Sidi `Amir
Zawiyat Susah
Zebbas
Zegrarine
Zehana
Zella
Zemerten
Zeramdine
Zeramedine
Zeraoua
Zeriba
Zerig
Zhani
Zmertene
Zola
Zorgane
Zouila
Zowya
Zramedine
Zraoua
Zreg Berrania
Zriba-Village
Zriba
Zrig Berrania
Zucchara
Zuila
Zurayq Barraniyah
Zurqan
