Afa
`Ahau
Alaki
Alaki Fonua
Bagai
Bangai
Bea
Buke
Bukutala
Buleieia
Esia
Fahefa
Fakakai
Falehau
Faleloa
Faleono
Fatai
Fata`ulua
Fatuma
Fatumu
Feletoa
Folaha
Fonginonga
Fo`ui
Fua`amotu
Ha`akame
Ha`akili
Ha`alalo
Haalaufuli
Ha`ano
Ha`asini
Ha`atafu
Ha`ateiho
Haatua
Ha`avakatolo
Hamula
Hanak
Hatou
Ha`utu
Havelu
Haveluliku
Haveluloto
Hihifo
Hihifo
Hofoa
Hoi
Holobeka
Holonga
Holonga
Holopeka
Houma
Huma
Kala`au
Kanokupolu
Kolevai
Koloa
Kolofuu
Kolonga
Kolovai
Koulo
Lakepa
Lavengatonga
Leimatu`a
Logoteme
Longomabu
Longomapu
Longoteme
Lotofoa
Makauga
Makaunga
Makave
Malapo
Mangia
Manuka
Masilamea
Masitamea
Mata`aho
Matahau
Mataika
Matavai
Moa
Mu`a
Mu`a
Muitoa
Nakolo
Navea
Navutoka
Neafu
Nei-afo
Neiafu
Neiafu
Ngaakau
Niukalofa
Niutoua
Nobabu
Nopapu
Nukalofa
Nuku`alofa
Nuku`aloia
Nukuhetulu
Nukuhi
Nukuleka
Nukunuku
`Ohonua
Paa
Pangai
Pangai
Pangai
Pea
Petani
Puke
Pukotala
Pukutala
Puleieia
Sapa`ata
Ta`anea
Talafo`ou
Talafu
Te`ekiu
Tefisi
Tofoa
Tokomololo
Tongamama`o
Tuanekevale
Tu`anekivale
Tu`anuku
Tufavai
Tufurai
Tufu
Utui
`Utulau
Utulei
Vaimalo
Vaini
Vaipoa
Vaotu`u
Veitogo
Veitongo
