Adelphi
Adventure
Agostini
Anse Fourmi
Anse Noire
Arden
Arima
Arnos Vale
Arouca
Arouca Village
Auchenskeoch
Avocat
Bacolet
Bakhen
Balmain
Balmain Village
Bamboo
Bamboo Village
Barataria
Barrackpore
Barrackpore Settlement
Basse Terre
Basseterre Village
Belle Garden
Belmont
Belmont
Bethel
Biche
Biche Village
Black Rock
Blanchisseuse
Blanchisseuse Village
Boissière
Boissiere Village
Bon Accord
Bon Accord Village
Bonasse
Bonasse Village
Bonne Aventure
Bonne Terre
Bonne Terre Village
Brasso
Brasso Caparo Village
Brasso Piedra
Brasso Seco Village
Brasso Venado
Brasso Village
Brazil
Brickfield
Brickfield
Brighton
Bronte
Buccoo
Buen Intento
Buen Intento Village
Buenos Aires
Buenos Ayres
Busy Corner
Busy Corner Village
Butler
Cacandee Settlement
Caigual
Calcutta Settlement
Calder Hall
California
California Village
Cambleton
Cameron
Campbeltown
Canaan
Canaan
Cantaro
Cantaro Village
Caparo
Cap-de-Ville
Cape-de-Ville
Carapichaima
Carapo
Caratal
Cardiff
Carenage
Carmichael
Carnbee Village
Caroni
Castara
Caura
Centento
Chaguanas
Chaguanas Village
Chaguaramas
Chandernagore Settlement
Charlotteville
Charuma
Chase
Chase Village
Chatham
Cheeyou
Chickland
Chin Chin Savanna Village
Cinnamon Hill
Cipero-Sainte Croix
City of Port-of-Spain
Claxton Bay
Claxton Bay Village
Cochrane
Coco
Cocorite
Coffee
Colconda
Comparo
Concord
Concordia
Coolie Block
Corbeaux Town
Coromandel Settlement
Coryal
Coryal
Courland
Couva
Couva Savannah Village
Cove
Cuche
Culloden
Cumaca
Cumberbatch
Cumuto
Cumuto Village
Cunapo
Cunapo
Cunaripa
Cunupia
Cunupia Village
Curepe
Curepe Village
Curucaye
Dabadie
Dabadie Village
Débé
Débé Village
Delaford
Delhi Settlement
Diamond
Diamond
Diamond
Diamond Village
Dibe
Diego Martin
Diego Martin Village
Dinsley
Dow
Dowe
Dow Village
Duncan
Earthigg
East Dry River
Easterfield
Ecclesville
Ecclesville Village
Eckel Village
Eckel Ville
El Dorado
El Quemado
El Socorro
Englishman's Bay
Enterprise
Erin
Erthig
Esperance
Esperance Village
Exchange
Exchange Village
Fébeau
Felicity Hall
Fifth Company
Filette
Filette Village
Fillette
Flanagin Town
Florida
Fonrose
Fonrose Village
Forres Park
Four Roads
Four Roads
Four Roads Village
Fourth Company
Francique Village
Franklyns
Frederick Village
Freeport
Friendsfield
Friendship
Friendship
Fullarton
Fyzabad
Fyzabad Village
Gasparillo
Gasparillo Village
George Village
Glamorgan
Golconda
Golden Grove
Golden Lane
Goldsborough
Goodwood
Gordon Settlement
Grafton
Gran Couva
Grande Riviere
Grande Riviere Village
Grange
Granville
Green Hill
Green Hill
Greenhill Village
Guaico
Guaico Tamana
Guaico Village
Guamal
Guanapo
Guapo
Guaracara Junction
Guaracara Junction Village
Guarata
Guayaguayare
Guayaguayare Village
Gunapo
Hardbargain
Hart's Cut
Hasnalli
Hasnally
Haswaron
Hermitage
Hermitage
Hermitage Village
Hillsborough
Hindustan
Homard
Homard Village
Hope
Howson
Icacos
Iere
Iere Village
Indian Chain
Indian Walk
Irois
James Smart
James Stewart
Jaraysingh
Jerningham Junction
Kelly Junction
Kelly Village
Kilgwyn
King's Bay
La Basse
La Brea
La Brea Village
La Carrière
La Carrière Village
La Finette
La Lune
Lambeau
L'Anse Noire
Lapai Village
La Pastora
La Pastoria
La Retraite
Las Cuevas
Las Lomas
Laventille
La Veronica
Lendor
Lengua
Lengua Village
Les Coteaux
Libertville
Loango
Longdenville
Lopinot
Los Atajos
Los Bajos
Lothian
Lothians
Lower Fishing Pond
Lower Manzanilla
Lower Quarter
Lower Town
Lowlands
Madras Settlement
Mairad Village
Malabar Settlement
Mamon
Mamoral
Mamural
Manahambre
Manahambre Village
Marabella
Maracas Bay Village
Maracas
Maracas Village
Maraval
Mary's Hill
Mason Hall
Matelot
Matura
Maturita
Mayo
Mc Bean
Mc Bean Village
Merchiston
Mesopotamia
Mitan
Monkey Town
Monkey Town Village
Mon Plaisir
Mon Repos
Monte Video
Montgomery
Montrose
Montrose
Montserrat Village
Moos
Moque Point
Moriah
Moriah Village
Morichal
Morne Cabrite
Morne Diablo
Morne Quiton
Moruga
Moruga Village
Morvant
Mount Dillon River
Mount Grace
Mount Harris
Mount Pleasant
Mount Pleasant
Mount Saint George
Mount Saint George Village
Mount Stewart
Mount Stewart Village
Mount Thomas
Mucurapo
Mundo Nuevo
Nancoo Village
Naranjo
Navet
Nestor
New Grant
New Jersey
Noire Bay
North Manzanilla
Nutmeg Grove
Ogis
Orange Hill
Orange Valley
Orange Valley Village
Oropuche
Oropuche
Ortinola
Ouplay
Palmyra
Palmyra Village
Palo Seco
Palo Seco Village
Paradise
Parlatuvier
Parrot Hall
Parry Lands
Patience Hill
Pembroke
Peñal
Peñal Village
Pepper
Pepper Village
Peru
Peters
Petit Bourg
Petit Trou
Petit Trou Village
Petit Valley
Phoenix Park
Piarco
Piarco Savanna Village
Pierreville
Piparo
Piparo Settlement
Plaisance
Plaisance
Platanal
Pluck
Plum Mitan
Plum Mitan Settlement
Plum
Plymouth
Pointe-à-Pierre
Point Fortin
Point Ligoure
Poole
Poole
Port-au-Spain
Port Louis
Port-of-Spain
Preau
Preau Village
Preysal
Princess Town
Princes Town
Prospect
Providence
Quarry Village
Rambert
Rambert Village
Rampanagas Village
Rampanalgas
Ravin Anglais
Redhead
Redhead Village
Red Hill
Reform
Riche Plaine
Richmond
Rio Claro
Riseland
Riversdale
Robert
Rocky Vale
Roselle
Roussillac
Roussillac Settlement
Roxborough
Roxborough Village
Runnemede
Runnymede
Rushville
Sadhoowa
Sagre Chiquita
Saint Andrew
Saint Ann's
Saint Augustine
Saint Clair
Saint Croix
Sainte Croix
Sainte Croix Village
Saint Elizabeth
Sainte Madeleine
Sainte Madeleine Village
Saint Helena
Saint James
Saint John
Saint John Village
Saint Joseph
Saint Joseph
Saint Joseph
Saint Joseph Village
Saint Julien
Saint Julien Village
Saint Madeleine
Saint Madeleine Village
Saint Margaret
Saint Margaret
Saint Margaret Village
Saint Marys
Saint Mary's
Saint Mary's Village
Saint Pierre
Saint Pierre Village
Saint Thomas
Saint Thomas Village
Salibea
Salibia Village
Salybia
San Fernando
San Francique
San Francisco Settlement
Sangre Chiquita
Sangre Grande Oropuche
Sangre Grande
Sangre Grande Station
Sangre Grande Town
Sangre Grand
San Juan
San Rafael
San Rafael Village
Sans Souci
Santa Cruz
Scarborough
Shirvan
Shore Park
Sierra Leone
Siparia
Siparia Village
Sixth Company
Sixth Company Village
South Oropouche
Speyside
Speyside Village
Spring
Spring Vale
Spring Village
Starwood
Studley Park
Success
Sum Sum Hill
Tabaquite
Tabaquite Village
Tableland
Tacarigua
Talparo
The Mission
The Whim
Thick
Third Company
Toco
Todds Road
Tortuga
Town of Arima
Trois Rivieres
Tulls
Tunapuna
Tunapuna Village
Tyson Hall
Union
Union
Union Village
Unis
Upper Carapichima
Upper Fishing Pond
Upper Manzanilla
Usine
Valencia
Valencia Village
Valsayn
Vance River
Verdant Vale
Veronica Village
Vessigny
Victoria
Victoria Village
Vistabella Village
Vista Bella
Warners Village
Warners
Warren
Waterloo
Williamsville Station
Williamsville
Windsor
Woodbrook
Woodlands Village
Woodlands
Woodlands
Woodland
Zion Hill
