Abdulla
Adawani
Ahakachwamba
Ahakishake
Aimabu
Aimba
Akumawale
Akwungwasi
Ali Makuro
Alyhanya
Amani
Amani
Ambangulu
Amboni
Amushenye
Araa
Arabe
Arash
Arogongo
Aruscha
Arusha
Arusha Chini
Asumani
Aukanga
Auriole
Ausia
Azala
Babaiyo
Babala
Babati
Babayo
Babayu
Badi
Badugu
Baga
Bagai
Bagamojo
Bagamoyo
Bagamoyo
Bagamoyo
Bagamoyo
Bagamoyo
Bagamoyo
Bageza
Bahareni
Bahi
Balangai
Balayo
Baleni
Baloti
Bamba
Bambi
Banagi
Banani
Banda
Banda Baya
Banda Kuu
Banda Maji
Bandani
Bandani
Bandarini
Bandumadyi
Banemula
Bangala
Bangayega
Bangwe
Bangwe
Banya
Baoni
Barabara
Barabarani
Barangata
Barawa
Bariadi
Bariati
Barikiwa
Bariri
Barue
Basara
Bashanet
Bashay
Bashebi
Basodesh
Basotu
Basra
Bawa
Beda
Beda
Beku
Belengwa
Bendela
Berabera
Berege
Bereko
Bereku
Berikiwa
Bet-el-Mali
Bevohoye
Biaramulo
Bibainja
Bibainji
Bibi Kundenda
Bicha
Bigamiro
Bigenyi
Bigwa
Biharamulo
Bihata
Bihonzi
Biirabo
Bikoni
Bi Moja
Binga
Binguni
Birikani
Birikani
Birikao
Birikau
Birise
Biro
Bisarive
Bisariye
Bisheshe
Bismarckburg
Bitale
Bituruguru
Biyungu
Blue Ridge
Bogamoya
Bogoa
Bogogo
Bogoni
Bolisa
Bolombola
Boma
Bomalandani
Bomalangombe
Boma la Ngombe
Bomandani
Bomani
Boma ya Lindi
Boma ya Ngombe
Boma ya Ulanga
Bombo
Bombwera
Bondemali
Bondeni Boloti
Bondeni
Bondeni
Bondeni
Bondo
Bonga
Bongo
Bopwe
Borawahi
Bosa
Bosha
Boyja
Boyla
Boza
Boza
Bubada
Bubiki
Bubinza
Bububu
Bububu
Buchambi
Buchenji
Buchenzi
Bueni
Bueni
Bugala
Bugamba
Bugandika
Bugara
Bugarama
Bugene
Bugigero
Bugire
Bugogo
Bugolora
Bugomba
Bugomga
Bugoro
Bugorora
Bugorora
Bugudadi
Buguma
Bugura
Buguruka
Bugurura
Bugusa
Buguza
Buhama
Buhemba
Buhendengabo
Buhima
Buhimba
Buhinga
Buhiri
Buhoro
Buhororo
Buhungire
Buhuri
Buigiri
Buiko
Buitigu
Bujesi
Bujonde
Bujuruga
Bukandwe
Bukene
Bukike
Bukiko
Bukima
Bukindo
Bukindo
Bukiriro
Bukiroba
Bukiro
Bukoba
Bukobe
Bukokwa
Bukombe
Bukombe Kombe
Bukome
Bukondo
Bukonyo
Bukulu
Bukumbi
Bukumbi
Bukumi
Bukundi
Bukungu
Bukurumu
Bukwaya
Bukwimba
Bulahu
Bulangamilwa
Bulela
Bulembe
Buliama
Bulima
Bulima
Bulinga
Bulola
Bulombola
Bulunde
Bulungwa
Bumangi
Bumani
Bumba
Bumbire
Bumbiri
Bumbuli
Bumbuli
Bumbwi
Bumbwi Buyuni
Bumbwi Kitoroni
Bumbwi Langoni
Bumbwi Malindi
Bumbwi Mtoroveni
Bumbwini
Bumbwi Sudi
Bumera
Bunamhala
Bunazi
Bunda
Bundi Ndege
Bunduki
Bunegezi
Bunge
Bungi
Bungi
Bungu
Bungu
Bungu
Bungu
Bungulwa
Bunju
Buoni
Buragara
Buramba
Buramba Nyakasayenge
Burangare
Burieri
Burigi
Burindima
Burru
Buruma
Buruma
Burumira
Burumiro
Busagami
Busaka
Busamba
Busambe
Busanda
Busangi
Busarihu
Busasi
Busegwe
Busekera
Busenge
Buseresere
Bushasha
Bushigamhala
Bushiri
Busi
Busi
Businde
Busindi
Busirayombo
Busiri
Busisi
Busiya
Busogwa
Busondo
Busongo
Busongola
Busonzo
Busoro
Bussangi
Busulwangiri
Busumi
Butakia
Butaranda
Butemere
Butiama
Butimba
Butimore
Butu
Butu
Butuguli
Butungo
Buturi
Butuyu
Buuni Village
Buvongo
Buyagu
Buyango
Buyenzi
Buyogo
Buyonde
Buyonga
Buyoni
Buyu
Buyu Kidudu
Buyukuu
Buyungu
Buyuni
Buyuni
Buyuni
Buyuni
Buyu Pwani
Buzegwe
Buzengwe
Buzimbwe
Buzirayombo
Bwaga
Bwaga
Bwaga
Bwage
Bwakira Chini
Bwakira Juu
Bwanga
Bwanga-Bwina
Bwanjai
Bwasi
Bwassi
Bwayi
Bwegere
Bweju
Bwejuu
Bweke
Bweleo
Bwembwela
Bweni
Bweni
Bweni
Bweni
Bweranyange
Bwere
Bwere
Bwereu
Bweru
Bwili
Bwiregi
Bwiru
Bwisya
Bwiti
Campi ya Simba
Chaani Bondeni
Chaani
Chabuhora
Chabure
Chabutwa
Chabutwa
Chabutwa
Chabwe
Chaduma
Chagu
Chagulani
Chahwa
Chakachani
Chakano
Chakaschani
Chake Chake
Chakengi
Chaki Chaki
Chakola
Chakopi
Chakwa
Chakwale
Chala
Chalatila
Chale
Chaleni
Chali
Chali
Chalinze
Chamamba
Chamanga
Chamangwe
Chamba
Chambala
Chambalo
Chambezi
Chambi
Chambo
Chamchuzi
Chamgassa
Chamipulu
Chamkolomo
Chamkoroma
Chamtonya
Chamtui
Chamunyana
Chamzele
Chamzumbe
Chandama
Chandani
Chandole
Changalaweni
Changani
Changani
Changani
Changani
Changanyiko
Changaweni
Chang'hwale
Changombe
Changonyiko
Changowi
Changwahera
Changwale
Chanika
Chanika
Chanjaani
Chanjani
Chanjani
Chanjani
Chanjani
Chanje
Chankamba
Chankurongo
Chanoni
Chansangi
Chanyangabwa
Chanza
Chanzuru
Chaoni
Chapaka
Chapota
Charawe
Charumbi
Chasasa
Chasasa
Chato
Chausangi
Chavuna
Chawa
Chazi
Chechele
Checheli
Chedyu
Cheju
Chejuu
Chekea
Chema
Chemani
Chemani
Chem Chem
Chemchem
Chemka
Chemkono
Chempisi
Chemuli
Chengena
Chenzema
Chera
Cherachimu
Cherawe
Chere
Chibali
Chibe
Chibechwa Nguta
Chibole
Chibwecha Nguta
Chibwegele
Chibwi
Chichi
Chichi
Chidya
Chifule
Chigarafumi
Chigugu
Chiguluka
Chihanga
Chihi
Chihoni
Chihunungu
Chikalopolo
Chikarafumi
Chikaraku
Chikatapola
Chikola
Chikole
Chikolopola
Chikulwe
Chikundi
Chikuni
Chikuyu
Chikwembeni
Chila Chibi
Chilalo
Chilambo
Chilangala
Chilimba
Chilombola
Chilonwa
Chilulumo
Chilungula
Chimala
Chimamba
Chimande
Chimate
Chimba Mawele
Chimbe Chimbe
Chimpisi
China
Chinangali
Chindi
Chindundu
Chinganda
Chingugu
Chinjala
Chinmongwe
Chinula
Chinunje
Chinyanghuku
Chinyika
Chiola
Chiona
Chionga
Chipandi
Chipelele
Chipinga
Chipogolo
Chipogoro
Chiponda
Chipunda
Chipwa
Chirangani
Chirara
Chirugazi
Chirurumu
Chisawe
Chisenya
Chisi
Chisokwe
Chisya
Chita
Chitanda
Chitandi
Chitoholi
Chitowe
Chitwangule
Chiulu
Chiumo
Chiungutwa
Chiuta
Chiwambo
Chiwanda
Chiwanda
Chiwata
Chiwindi
Choba
Chochani
Choegoleani
Choga
Chogowale
Chokaani
Chokaningayo
Chokocho
Cholcocho
Chole
Chole
Chole
Chomachankola
Chombe
Chombeo
Chombo
Chomwino
Chona
Chonga
Chonge
Chongo
Chongoleani
Chongoliani
Chongowe
Chonjoni
Chonyonyo
Chosi
Choya
Chozina
Christu
Chuaka
Chuaka
Chubi
Chuchumile
Chuini
Chuini
Chuini
Chuini Ziwani
Chukwani
Chulwa
Chumbageni
Chumbani
Chumbuni
Chumbuni
Chumbuni
Chumbuni Dogo
Chumbuni Kubwa
Chumbuni Village
Chumo
Chumvini
Chumwe
Chundani
Chunga
Chungai
Chungu
Chunguziko
Chunja
Chununi
Chunya
Chunyu
Chunyu
Chupwe
Churuku
Chutama
Chuyuni
Chwaka
Chwaka
Chwale
Chwale
Cinyanghuku
Clalula
Combeni
Dabaga
Dabil
Daghibure
Dahmi
Daiya
Dakawa
Daluni
Dambani
Darajani
Darajini
Darambue
Dareda
Dar es Salaam
Dar es Salaam
Dar es Salam
Dargube
Darigube
Dasina
Daudi
Daura kwa Maweta
Daya
Daya
Dededi
Dedu
Degere
Dembani
Dembesi
Dembezi
Diabohika
Diambina
Didia
Digobuke
Digodigo
Digwa
Dihimba
Dikoni
Dilo
Dima
Dimbani
Dimbuni
Diminineio
Dindi
Dindila
Dindindi
Diobahika
Disa
Disunyara
Doda
Dodo
Dodoma
Dodoma
Dodoma
Dodoma
Dola
Dole
Doma
Domokaya
Dondo
Dongabesh
Donge
Donge Kewera
Donge Kichavyani
Donge Kisima Wifu
Donge Kiungani
Dongi
Dongobesh
Dongongwe
Dongongwi
Dongoni
Dongonwe
Donya
Dosidos
Dosidosi
Duamaganga
Duga
Dugunyi
Dukani Mtuba
Dukure
Dumbani
Dumbawama
Dunda
Dundua
Dundu
Dundu
Dunduki
Dunga
Dunguie
Dungunyi
Dunkuki
Dutani
Dutumi
Dutumi
Duwafu
Dyanyawonga
Dyimbo
Dzega
Elisia
Emaoi
Enaboishu
Endabash
Endagikot
Endalaghanet
Endalaghranid
Endarbash
Endasak
Endasiku
Endesh
Endoinet
Endulen
Engare Naibor
Engare Nairobi
Engare Nanyuki
Engaruka
Engassumet
Engruka
Epanko
Fafuni
Farkwa
Fela
Ferefere
Ficheni
Fiengalezia
Figulwe
Fimbo
Fimbo
Finga
Finga
Fingo
Finya
Finyeuso
Fiwaga
Fokonyani
Foraha
Frihini
Fueni
Fueni
Fufuni
Fujanguvu
Fujoni
Fukayosi
Fukuyosi
Fulo
Fulwe
Fumba
Fumbani
Fumba Uwandani
Fumwali
Fundi Mbanga
Fungatumbo
Fungoma
Fungoni
Funika
Funzi
Fuoni Chem Chem
Fuoni
Fuoni Kilimani
Fuoni Kipungani
Fuoni Miembe Miwili
Fusi
Futi
Gabu
Gagaganga
Gagalai
Gaganulwa
Gailamtungi
Gairo
Galamila
Galapo
Galappo
Gale
Galigali
Galukilo
Galukiro
Galula
Galula
Gama
Gamageni
Gamasara
Gamba
Gambani
Gando
Gare
Gasi
Gava
Gawani
Gawani
Gazija
Geiro
Geita
Gela
Gelai
Gemela
Gendi
Geninje
Gera
Gereza
Geuni
Geza
Ghatesh
Ghombon
Gidamunda
Gidamunida
Gilali
Gingama
Gingiliani
Gininiga
Giriama
Girime
Gitala
Giting
Godegode
Gofu Chini
Gofu Juu
Goima
Goman
Gomani
Gomba
Gombani
Gombani
Gombe
Gombelo
Gombelo
Gombeni
Gombero
Gombero
Gombwe
Gongaa
Gonga
Gongo
Gongo
Gongomali
Gongoni
Gongoni
Gongwe
Gonja
Gore
Goshi
Govazani
Gowani
Goweko
Gua
Guduwe
Guliguli
Gulioni
Gulube
Gulwe
Gumali
Gumanga
Gumbiro
Gumbiro ya Zamani
Gundangari
Gundu
Gunga
Gungi
Gungii
Gungu
Gunguli Lawashashi
Gusaya
Guse
Guta
Gutondwa
Gutunga
Guwalu
Gwani
Gwanzave
Gwara
Gwishanimoyo
Hakachindo
Hakaro
Hakichoo
Hakidevu
Hakigulu
Hale
Halembe
Halo
Halomo
Hamago
Hambalai
Hambayo
Hambili
Hamukoko
Handa
Handajega
Handajegu
Handali
Handei
Handeni
Haneti
Hangambali
Hanyegwa Mohana
Harui
Hasole
Hatharamote
Haubi
Hawana
Hayombom
Hdimikipiaji
Hebangwe
Hebula
Hebwewe
Hedaru
Hegoma
Hegongo
Helizaka
Heluli
Hemagoda
Hemagoma
Hemah
Hemalui
Hemalunga
Hembalai
Hembeti
Hembola
Hemedi
Hemgwiza
Hemkole
Hemwali
Hemwuti
Henangu
Hendawashi
Hepala
Heru
Heru Juu
Hiari
Himo
Himwa
Hindawashi
Hindi
Hindu
Hogoro
Holeni
Holo
Holola
Hombolo
Hombuzi
Hongi
Hosa
Humbi
Humekwa
Humwa
Hundu
Hunyari
Hurmozi
Hurui
Hurumuzi
Hurumzi
Huwe
Huzi
Iambi
Ibaba
Ibadakule
Ibadakuli
Ibaka
Ibala
Ibanda
Ibanda
Ibangi
Ibare
Ibenamtundi
Iberege
Ibeta
Ibeya
Ibibo
Ibihwa
Ibindi
Ibindo
Ibingo
Ibiri
Ibiso
Ibisu
Ibolero
Ibologero
Ibombwe
Ibondo
Iborogero
Ibowola
Ibuga
Ibugo
Ibulwa
Ibumila
Ibumu
Ibungu
Ibuswa
Ibwaga
Ibwera
Ichese
Idegesi
Idete
Idetemia
Idetemia
Idibo
Idifu
Idodi
Idodoma
Idoo
Idoselo
Idugala
Idugumbi
Idukiro
Idulo
Idunda
Iduo
Idya
Ifakara
Ifekenya
Ifema
Ifiga
Ifimbwe
Ifinga
Ifua
Ifuenga
Ifuguru
Ifunda
Ifuro
Ifwagi
Ifwambo
Igaganulwa
Igalamia
Igala Rutale
Igalele
Igali
Igalukiro
Igalukiro
Igalula
Igalula
Igalula
Igalula
Igamba
Igamba
Igambia
Igarukiro
Igata
Igaua
Igawa
Igawa
Igawilo
Igayaza
Igea
Igemba
Igembya
Igenge
Igengu
Igigwa
Igode
Igogo
Igohungila
Igoje
Igoji
Igokelo
Igoma
Igombe
Igombe
Igominyi
Igomo
Igona
Igonge
Igongo
Igongwa
Igoye
Igrumiti
Iguguno
Igugunu
Igula
Iguloka
Igululilo
Igumira
Igunda
Igunda
Igunga
Igunga
Igunzi
Igurubi
Igurunzi
Igurusi
Igusule
Igwachu
Igwamaneni
Igwamutwa
Igwisi
Ihale
Ihalele
Ihalimba
Ihalo
Ihanamilo
Ihanda
Ihanda
Ihangi
Ihango
Ihango
Ihanja
Ihanzutwa
Ihapula
Ihayabuya
Ihebo
Ihembe
Ihembe I
Ihembe II
Iheme
Ihimbe
Ihimbu
Ihimbwa
Ihoanza
Ihologero
Ihongole
Ihowanza
Ihozya
Ihugi
Ihumba
Ihumwa
Ihwa
Ijimeja
Ijinga
Ikakango
Ikama
Ikamba
Ikanango
Ikanduli
Ikanotwa
Ikasi
Ikassi
Ikenejo
Ikengeza
Ikimba
Ikina
Ikinga
Ikingula
Ikisu
Ikizu
Ikoga
Ikola
Ikolo
Ikoma
Ikomelo
Ikomogi
Ikonda
Ikonde
Ikondo
Ikondo
Ikonga
Ikongi
Ikongo
Ikongolo
Ikonse
Ikorongo
Ikorongo
Ikorungo
Ikowa
Ikuba
Ikugu
Ikula
Ikumbukwa
Ikungi
Ikungu
Ikungu
Ikungu
Ikuragusa
Ikurugushi
Ikurumi
Ikusule
Ikuti
Ikuu
Ikuwo
Ikuyu
Ikwacho
Ikwambe
Ikwavila
Ikweha
Ikwiriri
Ilagala
Ilala
Ilalangulu
Ilalansimba
Ilama
Ilambila
Ilambo
Ilangala
Ilangali
Ilase
Ilboru
Ilela
Ilembo
Ilembula
Ilemera
Ilemera
Ilemere
Ilengo
Ilewiro
Ilima
Ilindi
Ilisya
Iloba
Ilogolo
Ilola
Ilole
Ilolo
Ilolo
Ilomba
Ilonga
Ilonga
Ilongero
Ilongo
Ilongwa
Ilugolo
Ilujamate
Ilula
Ilula
Ilulu
Ilulu
Ilunde
Ilunde
Ilunga
Ilungu
Ilungu
Ilusi
Ilyanika
Image
Imagi
Imalagosi
Imala
Imalakaseko
Imalamakua
Imalinyi
Imbo
Imenya
Imesera
Inala
Inanga
Inera
Inere
Inonelwa
Inyala
Inyonga
Ipala
Ipalamwa
Ipampha
Ipande
Ipanduka
Ipangu
Ipanya
Ipata
Ipaya
Ipeja
Ipera
Ipera
Ipeta
Ipilili
Ipililo
Ipinda
Ipogoi
Ipogoro
Ipogoro
Ipokera
Ipole
Ipolomelo
Iporgoro
Ipuli
Ipunguli
Ipusuro
Ipyana
Irabiro
Iragala
Iragua
Iraku
Iramba
Irambo
Iranda
Irangali
Irangi
Iremela
Iringa
Iringa-Mvumi
Iringo
Irole
Irondo
Irongero
Irunda
Isabe
Isagenghe
Isagenhe
Isaka
Isaka
Isalala
Isalamagasi
Isambwa
Isanga
Isanga
Isanga
Isangate
Isangati
Isanghamwele
Isangwa
Isanza
Isasi
Isauke
Isawa
Isegehe
Iseke
Iselamagazi
Iselomagazi
Iseme
Isenegeza
Isenga
Isenga
Isengeja
Isenye
Isenyela
Isenyi
Iseramagazi
Isere
Iseremagazi
Ishingisha
Ishozi
Isikisia
Isimbila
Isimbira
Isinga
Isingiro
Isingisha
Isishunu
Ismani
Isoko
Isombe
Isombeka
Isome
Isome
Isonga
Isopa
Isowa
Issenye
Issui
Issuna
Issuri
Isuja
Isumba
Isuna
Isungahoro
Isungwi
Isunura
Iswangala
Itaga
Itaga
Itagata
Itahwa
Itaka
Italawe
Itale
Italike
Itamba
Itamuka
Itanderu
Itanga
Itara
Itaranganya
Itare
Itari
Itar
Itaro
Itawa
Itawa
Itele
Itende
Itengeni
Itera
Itete
Itete
Itete
Itetema
Itetemia
Itetemia
Itetemia
Itigi
Itilima
Itilma
Itimba
Itimba
Itimbia
Itindakusia
Itindakusya
Itinde
Itinje
Itiso
Itoba
Itobo
Itonga
Itongobo
Itotoe
Itoto
Itulu
Itumba
Itumba
Itunda
Itundwi
Itunge
Itungi
Itungi Port
Itununda
Itunundu
Itwalele
Itwangi
Itwanla Balumwe
Ivuma
Ivuna
Iwanda
Iwanda
Iwawi
Iwenge
Iwensate
Iwensato
Iwimbi
Iwowo
Iyembela
Iyengamulino
Iyije
Iyogi
Iyoma
Iyombo
Izambwa's
Izazi
Izigo
Izinga
Izugawima
Izumbwe
Izyomba
Jaani
Jabolo
Jafarini
Jagoma
Jaira
Jaja
Jaje
Jamat Khana
Jambaji
Jambangome
Jambiani
Jamia
Jamkola
Jamvini
Jangalo
Jangalu
Jangwani
Jangwani
Janza
Jareni
Jasini
Jasin
Jegani
Jekunje
Jelemanga
Jembiani
Jembiani Kaye
Jendele
Jendeli
Jendwe
Jengandege
Jeni
Jichwa
Jifenge
Jifunge
Jihinike
Jikangeni
Jila
Jilinge
Jimbi
Jimbo
Jinga
Jinga
Jiriwe
Jiso
Jitenge
Jitenge
Jitenge
Jiwe la Mzungu
Jiwe la Simba
Jiwe-la-Singa
Jogoi
Johannesbrucke
Johannes Bruck
Jojiro
Jojo
Jojwe
Jomba
Jombangome
Jombangoni
Jomu
Jomvu
Jondeni
Jondoli
Jongoe
Jongowe
Jongwe
Jorgoi
Jozani
Juakuu
Juamoja
Julani
Jumbakongwe
Jumbe
Jumbe-Salim's
Jumbi
Jumbo
Jundamiti
Jundsmiti
Jungaani
Junga
Jungani
Jungu
Junguni
Juu Pwani
Kaagya
Kaani
Kababa
Kabagombe
Kabale
Kabale
Kabanga
Kabanga
Kabanga
Kabare
Kabaruka
Kabashishi
Kabeba
Kabezi
Kabila
Kabinda
Kabinde
Kabingo
Kabirizi
Kabiso
Kabita
Kabondo
Kaboni
Kabuga
Kabula
Kabulela
Kabumba
Kabungo
Kabungu
Kabusa
Kabuya
Kabuye
Kabuyenzi
Kabwa
Kabwera
Kabwoba
Kacbeche
Kachambi
Kacheche
Kachongo
Kadarege
Kadashi
Kadasi
Kadida
Kadificheni
Kaekuu
Kaengesa
Kaerue
Kaeza
Kafisia
Kafua
Kafuha
Kafukola
Kafumbo
Kafunjo
Kafura
Kafuro
Kafusu
Kagando
Kagara
Kagenya
Kagenyi
Kagera
Kagera Port
Kagesi
Kagofwa
Kagoma
Kagongo
Kagonguli
Kagugu
Kagu
Kagunga
Kagunga
Kagunguli
Kagutu
Kagya
Kahafe
Kahama
Kahe
Kahengere
Kahororo
Kahunda
Kaibanja
Kainam
Kaisho
Kaiti
Kajengwa
Kajitengi
Kajumbura
Kajunguti
Kakanja
Kakanse
Kakenda
Kakesi
Kakessio
Kakesyo
Kakindu
Kakola
Kakoma
Kakoma
Kakoma
Kakonko
Kakora
Kakoro
Kakungwi
Kakuni
Kakuni
Kakunyu
Kakuraijo
Kalagwe
Kala
Kalalsi
Kalama
Kalambi
Kalambo
Kalambo
Kalambo
Kalambu
Kalanga
Kalangali
Kalangali
Kalange
Kalema
Kalembera
Kalemera
Kalenga
Kalenge
Kalengoe
Kalihanya
Kalinga
Kalinzi
Kalitu
Kaliua
Kalo
Kalole
Kaloma
Kalsoli ya Ntuzu
Kalukadjo
Kalumbaleza
Kalumbo
Kalungu
Kalya
Kamachumu
Kamagambo
Kama
Kamalampaka
Kamalulu
Kamanza
Kamarapaka
Kamba
Kambaku
Kambania
Kambasegera
Kambi
Kambi Mamwae
Kambini
Kambi ya Kanga
Kambi ya Simba
Kamboni
Kamea
Kameia
Kamena
Kamisi
Kammauya
Kampi Katoto
Kampisa
Kamsamba
Kamsenga
Kamtimbo
Kamtoli
Kamuli
Kamundi
Kamwanga
Kamwhanga
Kamyela
Kana
Kanambe
Kanambi
Kanassi
Kanazi
Kandaga
Kandali
Kandani
Kandawa
Kandawale
Kandawari
Kanderema
Kandete
Kandulu
Kandulu Yao
Kandwa
Kandwi
Kangagani
Kanga
Kanga
Kangani
Kangara
Kangaro
Kangata
Kangerawe
Kango
Kango
Kaniha
Kanjina
Kanjumjumere
Kanjumjumer
Kanjunjumere
Kankokwa
Kankowa
Kano
Kansagali
Kansanga
Kansay
Kanu
Kanyalakata
Kanyamisa
Kanyangereko
Kanyangeriko
Kanyani
Kanyasonga
Kanyato
Kanyawikombe
Kanyelele
Kanyigo
Kanyimbi
Kanyinya
Kanyiragwa
Kanyiwini
Kanyiwiri
Kanyoni
Kanyweni
Kanzu
Kaole
Kaole
Kaosha
Kapalala
Kapalamasenga
Kapande
Kapanga
Kapapa
Kapenta
Kapirulla
Kapiti
Kapompogo
Kaporoma
Kapugi
Kapula
Kapunga
Karabagaine
Karabaka
Karago
Karagwe
Karaize
Karako
Karambi
Karando
Karangai
Karange
Karange
Karatu
Karebezo
Karehe
Karema
Karema
Karenge
Karere
Karia
Karo
Karoke
Karole
Karuduma
Karukwanzi
Karumo
Karumwa
Karunde
Karundo
Karungu
Kasacasia
Kasadi
Kasagara
Kasagwe
Kasahunga
Kasaji
Kasaka
Kasa
Kasala
Kasali
Kasama
Kasamia
Kasamwa
Kasana
Kasanda
Kasandalala
Kasanga
Kasanga
Kasanga
Kasanga
Kasangwa
Kasanzo
Kasapa
Kasato
Kasawe
Kasebuzi
Kasehela
Kaseke
Kasekela
Kasekera
Kasembe
Kasenda
Kasenga
Kaseni
Kasense
Kasera
Kasesa
Kasese
Kasesema
Kashambi
Kashambya
Kashani
Kasharara
Kashasha
Kashebi
Kashenke
Kashenyi
Kasherazi
Kasiga
Kasikesi
Kasil
Kasilo
Kasimbo
Kasindaga
Kasisiwa
Kasodi
Kasoge
Kasoje
Kasoli
Kasoma
Kasombwe
Kasote
Kasoti
Kassenga
Kassulo
Kasuguti
Kasu
Kasuku
Kasulo
Kasulo
Kasulu
Kasunga
Kasungamile
Kasuno
Kaswa
Kasyeto
Kataborwa
Kataketa
Katale
Katali
Katamba
Katande
Katazi
Kate
Katema
Kate Mission
Katende
Katera
Katerero
Katesh
Katete
Katete
Katili
Katimba
Katimba
Katipeni
Katira
Katoa
Katoba
Kato
Katoke
Katok
Katoma
Katomeni
Katopeni
Katoro
Katoto
Katsuba
Katuka
Katuma
Katumba
Katumbi
Katunda
Katunda
Katundu
Katunene
Katungulu
Katunguru
Katunguru
Katunguru
Katwa Makondo
Kauni
Kavanga
Kavansa
Kavumu
Kawambwe
Kawe
Kawera
Kawetiri
Kawi
Kayanga
Kayanza
Kaye
Kaye
Kayenzi
Kayenzi
Kayombo
Kayunga
Kazadi
Kazibuzi
Kazimbani
Kazimoto
Kazimzumbwi
Kazinga
Kazita
Kazodi
Kazole
Kazunzu
Kebuteni
Kehengere
Keko Chini
Keko Juu
Keko
Kelema
Kelle
Kelwa
Kemondo Bay
Kendwa
Kendwa
Kendwa
Kendwa Mchangani
Kengege
Kengeja
Kenge
Kenkombya
Kenkombyo
Kenyamonta
Kepwani
Kerege
Kerenge
Kesi
Ketaigwa
Ketaketa
Ketumbaine
Ketumbeine
Ketwa
Keza
Kharumwa
Kiabakari
Kiachuru
Kiagata
Kiaigoni
Kiambokikuu
Kiamboni
Kiamboni
Kianga
Kianga
Kiangani
Kiangara
Kiasi
Kiassi
Kiawu
Kibaani
Kibadaga
Kibada
Kibada
Kibaha
Kibajanga
Kibakwe
Kibale
Kibali
Kibamba
Kibandai
Kibanduni
Kibanguni
Kibara
Kibare
Kibarra
Kibata
Kibati
Kibau Iyayi
Kibau
Kibaya
Kibaye
Kibayuruka
Kibazi
Kibedya
Kibele
Kibeli
Kibembawe
Kibengu
Kibeni
Kibera
Kiberashi
Kiberege
Kiberie
Kibigija
Kibimba
Kibinda
Kibindu
Kibingo
Kibiti
Kibobi
Kibodeni
Kibogoizi
Kibohehe
Kibohoni
Kiboje
Kiboje Sheha
Kibokonge
Kibokoni
Kiboma
Kibomboi
Kibombo
Kibondeni
Kibondeni
Kibondo
Kibondo
Kibondo
Kibongoto
Kibosho
Kibuko
Kibumai Mission
Kibuma
Kibumba
Kibumbiro
Kiburunzi
Kibuteni
Kibutuka
Kibuye
Kibuyo
Kibuyuni
Kibuyuni
Kibwana
Kibweni
Kibwesa
Kibwesi
Kichaka
Kichaka
Kichakani
Kichaka Nyuki
Kichaka Punda
Kicha
Kichalikani
Kichanga Jako
Kichanga
Kichangamwata
Kichangani
Kichangani
Kichange
Kichanjane
Kichanjani
Kichanjani
Kichawini
Kicheba
Kichenge
Kichikini
Kichingani
Kichiwana
Kichokoni
Kichoni
Kichungwani
Kichungwani
Kichungwani
Kichungwani
Kichuwani
Kichwele
Kidaazini
Kidabaga
Kidabu
Kidachi
Kidagoni
Kidandoni
Kidareko
Kidareko
Kidaru
Kidatu
Kidau
Kidayi
Kidedemu
Kidedi
Kidegembe
Kidegembi
Kideleko
Kidema
Kidemeni
Kidenga
Kidenge
Kidenge
Kiderega
Kidete
Kidete
Kidevu
Kidia
Kidichi
Kidichi
Kididimu
Kidifu
Kidika
Kidimni
Kidimni
Kidimui
Kidimu
Kidiro
Kidodi
Kidodi
Kidodoma
Kidogo Basi
Kidogo Bas
Kidologwai
Kidomole
Kidoo
Kidoti
Kidugallo
Kidugalo
Kidukajua
Kiduka Kongwe
Kidumba
Kidundai
Kidunda Mbaazi
Kidunda Mbazzi
Kidundani
Kidungoni
Kidunguli
Kidunguni
Kidunguni
Kidutani
Kidutani
Kidutani
Kidutani
Kidutani
Kiechuru
Kieiwani
Kiembeni
Kiembe Samaki
Kiembi Samaki
Kifigo
Kifinga
Kifmangao
Kifua
Kifula
Kifuli
Kifundi
Kifungilo
Kifung'we
Kifura
Kigaga
Kigamboni
Kiganga
Kiganga
Kiganja
Kiganza
Kigara
Kigarama
Kigeruka
Kiginga
Kigirini
Kigogo
Kigole
Kigoma
Kigomani
Kigomanunguru
Kigomasha
Kigombani
Kigombe
Kigombe
Kigombi
Kigonero
Kigongoi
Kigongo
Kigongo
Kigongo
Kigongoni
Kigongoni
Kigongoni
Kigongoni
Kigongoni
Kigonsera
Kigope
Kigora
Kigorogoro
Kigota
Kigugu
Kigulunde
Kigunda
Kigunga
Kigunguri
Kigurwe
Kiguweni
Kigwa
Kigwe
Kigwele
Kihagara
Kihanga
Kihanga
Kihanga
Kihangara
Kihangoni
Kihanunini
Kihatu Juu
Kihatu
Kihemba
Kihinda
Kihindi
Kihitu
Kihoba
Kihogoni
Kihongo
Kihongwe
Kihuhwi
Kihulila
Kihulula
Kihuma
Kihundo
Kihundu
Kihungura
Kihurio
Kijage
Kijamboni
Kijangani
Kijangwani
Kijawi
Kijeba
Kijeleshi
Kijibwa Chui
Kijibwe Chui
Kijichame
Kijichi
Kijima
Kijimoto
Kijimwili
Kijimwite
Kijinga
Kijini
Kijini
Kijipu
Kijirini
Kijiweni
Kijiweni
Kijogooni
Kijosi
Kijota
Kijuki
Kijumbura
Kijungo
Kijungu
Kijuni
Kijuuni
Kikaagoni
Kikaangoni
Kikaangoni
Kikadini
Kikalacha
Kikalala
Kikale
Kikale
Kikanda
Kikanga
Kikangoni
Kikansi
Kikaru
Kikeo
Kikoboga
Kikobweni
Kikoga
Kikoka
Kikokoni
Kikokweni
Kikola
Kikole
Kikole
Kikolo
Kikomakoma
Kikombe Tele
Kikombo
Kikomelo
Kikondo
Kikongo
Kikongo
Kikongwe
Kikonko
Kikopo
Kikore
Kikorue
Kikotiketi
Kikotiket
Kikowke
Kikozi
Kikubiji
Kikukuru
Kikundi
Kikundi
Kikungeni
Kikungwi
Kikunja
Kikunjuni
Kikutani
Kikuyu
Kikwacheni
Kikwata
Kikwate
Kikwega
Kilabela
Kilala
Kilalo
Kilama
Kilambakitali
Kilambi
Kilambwa
Kilanga
Kilangala
Kilangali
Kilangwi
Kilanze
Kilanzi
Kilawalawa
Kilehe
Kilengezi
Kilengwe
Kileti
Kilewajuni
Kilewele
Kilikilo
Kilima Cheche
Kilima Fedha
Kilimafeza
Kilimajuu
Kilima Juu
Kilima Juu Pwani
Kilimandege
Kilimangombe
Kilimanguido
Kilimangwido
Kilimani
Kilimani
Kilimani
Kilimanjaro
Kilimarondo
Kilimatinde
Kilimeza
Kilimi
Kilimni
Kilimni
Kilina Kongeni
Kilindi
Kilindi
Kilindi
Kilindi
Kilindi
Kilindini
Kilindoni
Kilingeni
Kilohilye
Kilo
Kilole
Kilolele
Kiloleli
Kiloleli
Kiloleli
Kiloleri
Kiloleri
Kiloli
Kilolo
Kilomeni
Kilonchi
Kilondo
Kilosa
Kilosa
Kilosa kwa Mpepo
Kilosa kwa Mtemera
Kilosa kwa Mtermary
Kilossa
Kilshalikani
Kilui
Kilula
Kilulu
Kilulu
Kilulu
Kilulu
Kilumbi
Kilumbwa
Kilundooni
Kilungula
Kilunguru
Kilwa
Kilwa
Kilwa
Kilwa Kisiwani
Kilwa Kivinje
Kilwa-Kiwindje
Kilwa-Kiwindsche
Kilwa Masoko
Kimaga
Kimalapamba
Kimali
Kimamba
Kimambi
Kimande
Kimanga
Kimanga
Kimangaro
Kimango
Kimani
Kimara
Kimato
Kimbago
Kimbande
Kimbanga
Kimbe
Kimbiji
Kimbini
Kimbo
Kimbuni
Kimembe
Kimenya
Kimia
Kimilawonga
Kimisi
Kimpindu
Kimpunda
Kimu
Kimu
Kimuli
Kimunyu
Kimura
Kinambeu
Kinambo
Kinampanda
Kinandi
Kinangala
Kinangali
Kinangulu
Kinani
Kinatu
Kinazini
Kinazini
Kindani
Kindimba
Kindito
Kindu
Kindunguni
Kinduni
Kinduni
Kinduni Mchonga
Kinesi
Kingali
Kinganda
Kingasini
Kinginya
Kingoje
Kingoji
Kingola
Kingolawila
Kingolowira
Kingolwira
Kingomba
Kingombe
Kingoni
Kingori
Kinguga
Kingwele
Kinhwa
Kininga
Kinjacha
Kinjumbi
Kino Cha Mdo
Kino Cha Moshi
Kinoga
Kinole
Kinondoni
Kinongo
Kinonko
Kinsasi
Kintinku
Kinu
Kinungulu
Kinuni
Kinuni
Kinununa
Kinwichiro
Kinyafungo
Kinyambuli
Kinyambwa
Kinyamsindo
Kinyangiri
Kinyasi
Kinyasini
Kinyasini
Kinyasini
Kinyasini
Kinyatu
Kinyekani
Kinyenzi
Kinyika
Kinyongi
Kinyongo
Kinza
Kioga
Kiombani
Kiomboi
Kiombo
Kiomoni
Kiona
Kiongoni
Kionwa
Kipako
Kipalapala
Kipamba
Kipampa
Kipampwa
Kipandi
Kipandoni
Kipanga
Kipanga
Kipanga
Kipanga
Kipangani
Kipange
Kipange
Kipange
Kipange
Kipangi
Kipapa
Kipapura
Kipara
Kipatimu
Kipelele
Kipembawe
Kipengele
Kipera
Kipera
Kiperani
Kiperere Juu
Kiperere
Kipeta
Kiphuju
Kipigini
Kipili
Kipili
Kipindi
Kipindimbi
Kipojora
Kipolo
Kiponda
Kiponzelo
Kipororo
Kipula
Kipule
Kipumbwe
Kipumbwi
Kipungani Fuoni
Kipungani
Kipungu
Kipupuni
Kipwe
Kiraguju
Kirambo
Kirambo
Kirando
Kiranjerange
Kiranjeranje
Kirau
Kirefu
Kirege
Kirehe
Kiriba
Kiriluni
Kiriwani
Kiroeka
Kirogwe
Kiroka
Kiromo
Kirondatal
Kirongo
Kirongo
Kirongwe
Kironjengwale
Kironjo
Kiropa
Kiroreri
Kirua
Kirua Vunjo
Kirugu
Kirui
Kiru
Kirumi
Kirumi
Kirungwi
Kiruni
Kiruruma
Kiruruma
Kirurumo
Kirusi
Kirwa
Kirwani
Kirya
Kisabo
Kisada
Kisaho
Kisaka
Kisakasaka Bondeni
Kisakasaka
Kisakasaka Pwani
Kisaki Fort
Kisaki
Kisaki
Kisa
Kisalaka
Kisalalo
Kisambi
Kisana
Kisana
Kisanga
Kisanga
Kisanga
Kisanga
Kisanga
Kisangala
Kisangala
Kisangire
Kisangwa
Kisaoni
Kisarawe
Kisasa
Kisasa
Kisasa
Kisasida
Kisasuro
Kisauke
Kisauni
Kisawasawa
Kisega
Kisengi
Kisensegere
Kiserawe
Kisere
Kisesa
Kisesa
Kisesi
Kisessa
Kisewani
Kishanda
Kishanje
Kishanji
Kishao
Kishapu
Kishi Kashi
Kish Kash
Kishogo
Kishoju
Kishoyu
Kisiju
Kisikimta
Kisi
Kisilwa
Kisima
Kisima Mchanga
Kisimani
Kisimani Mkwajuni
Kisimanyando
Kisimatui
Kisimbani
Kisindani
Kisingani
Kisingipumba
Kisingire
Kisingoni
Kisiriri
Kisisi
Kisitu
Kisitwe
Kisiwa
Kisiwani
Kisiwani
Kisiwani
Kisiwani
Kisiwani Mabaoni
Kisodji
Kisogwa
Kisomanga
Kisomo
Kisongo
Kisongoni
Kisongoni
Kisongoni
Kisoria
Kisosora
Kissaki
Kissessa
Kissio
Kisua
Kisuka
Kisumba
Kisungu
Kisuzi
Kiswago
Kiswagu
Kiswa
Kiswani
Kiswani
Kiswere
Kisweti
Kiswite
Kitabweni
Kitadini
Kitafubu
Kitagalu
Kitagasa
Kitage
Kitala
Kitalala
Kitalalo
Kitalama
Kitaloma
Kitaluni
Kitama
Kitambi
Kitambula
Kitambuni
Kitambuuni
Kitanda
Kitandi
Kitandu
Kitangafula
Kitanga
Kitanga
Kitangari
Kitango
Kitara
Kitara
Kitatalo
Kitaya
Kiteketa
Kitendaguro
Kitenge
Kitengwa
Kitera
Kitere
Kiterere
Kitete
Kitete
Kitete
Kitete
Kiteto
Kitinde
Kitisi
Kititima
Kititimo
Kitivo
Kitobo
Kitogani
Kitoko
Kitoma
Kitomanga
Kitomondo
Kitondo
Kitonga
Kitonga
Kitonga
Kitongani
Kitongani
Kitongo
Kitongwa
Kitoorve
Kitope
Kitope Mchungwani
Kitope Mchungwan
Kitope Mkumbi
Kitope Village
Kitoto
Kitshalikani
Kituli
Kitulo
Kitumba
Kitumba
Kitumbeine
Kitumbi
Kitumbini
Kitumbo
Kitunda
Kitunda
Kitunda
Kitundu Bondeni
Kitunduini
Kitundu
Kitundu
Kitundu Machangani
Kitundwini
Kitungani
Kitungole
Kitunguli
Kitungulu
Kituntu
Kituoni
Kitutia
Kitutia
Kitutui
Kitwea
Kitwechenkula
Kitwe
Kiuleula
Kiuleule
Kiuli
Kiunduu
Kiundwi
Kiungani
Kiungani
Kiungani
Kiungani
Kiuyu
Kiuyu
Kividani
Kivindani
Kivindi
Kivindo
Kivingo
Kivitaga
Kivogo
Kivokoni
Kivomoni
Kivoruga
Kivugo
Kivugo
Kivuko
Kivukoni
Kivukoni
Kivumba
Kivumiro
Kivumo
Kivumoni
Kivumoni
Kivunge
Kivungu
Kiwaa
Kiwaleni
Kiwambani
Kiwambar
Kiwanda
Kiwandani
Kiwangwa
Kiwani
Kiwani
Kiwani
Kiwanja
Kiwan
Kiwapwa
Kiwatama
Kiwavu
Kiwavu
Kiwawa
Kiwaye
Kiwe
Kiwembwa
Kiwengulo
Kiwengwa
Kiwengwo
Kiweni
Kiwere
Kiwere
Kiwira
Kiwisa
Kiwuye
Kiyaya
Kiyinza
Kizala
Kiziba
Kizi
Kizimbani
Kizimbani
Kizimbani
Kizimcheli
Kizimkazi Dembani
Kizimkazi
Kizimkazi Mkunguni
Kizimzumbi
Kizingani
Kiziramiaga
Kiziramuyaga
Kizivu
Kiziwa
Kiziwa
Kiziwamaji
Kiziwani
Kiziwa Nyambo
Kizombwa
Kizomora
Kizumba
Kizumbi
Kizumbi
Kizungu
Kizuvu
Kmumbeine
Koani
Koani Ndogo
Kobani
Kobogo
Kodian
Kofi
Koga
Kojani
Kokirie
Koko
Kokota
Kokoto
Kokoto
Kokoto
Kola
Kola
Kolasingo
Kolekero
Kolekole
Kolero
Kolo
Kolokonda
Kolomije
Kolondoto
Kolumbiri
Komakya
Komalyango
Komasi
Komba
Kombani
Kombani
Kombe
Kombeni Chuuni
Kombeni
Kombeni
Kombeni Malindi
Kombeni Uwandani
Kombeni Ziwani
Kombola
Komboni
Komkomba
Komnazi
Komonanira
Komsala
Komsiri
Komwasu
Konde
Kondoa Irangi
Kondoa
Konduchi
Kongei
Kongeni
Kongobe
Kongogo
Kongo
Kongolo
Kongomani
Kongoo
Kongoro
Kongwa
Konko
Konsay
Kopole
Korimije
Korodiga
Korogombe
Korogwe
Koromije
Korongo
Korongwe
Koswe
Kotakota
Kototo
Koveni
Kovkovu
Kowaki
Kowak
Ktoto
Kuani
Kubankoro
Kufi
Kufile
Kuhi
Kukuu
Kulasi
Kulikilo
Kulilia
Kululu
Kuluni
Kulwi
Kumahumbe
Kumahumbo
Kumba
Kumbamtoni
Kumba Uremba
Kumba Urembo
Kumbini
Kumburu
Kumsenga
Kumubuga
Kumurara
Kumuvanike
Kumwanzi
Kunagongo
Kunduchi
Kunduchini
Kunga
Kunga
Kungani
Kungeni
Kungombe
Kungoni
Kungoni
Kungumoga
Kunguni
Kunguni
Kungurwe
Kungusu
Kunguta
Kungutasi
Kungutas
Kungwe
Kungwi
Kupembe
Kurasini
Kureke
Kurio
Kurugee
Kurugeyi
Kuru
Kurumunhi
Kurutini
Kurwaki
Kuta
Kutani
Kutano
Kutsuba
Kutunga
Kuumbi
Kuuta
Kuwani
Kuwea
Kuyuni
Kwabado
Kwaba
Kwabamba
Kwabau
Kwabaya
Kwabeko
Kwabigo
Kwaboli
Kwachaga
Kwachindo
Kwachui
Kwadicheri
Kwadihinda
Kwadihombo
Kwadinguso
Kwadirema
Kwadisegi
Kwadole
Kwadundwa
Kwafungo
Kwaga
Kwagugura
Kwagunda
Kwagungwe
Kwahaga
Kwai
Kwajambi
Kwajoto
Kwakibike
Kwakifaru
Kwakimindo
Kwakirobo
Kwakoa
Kwa Kuchinia
Kwakuchinja
Kwalei
Kwale
Kwale
Kwale
Kwaluma
Kwalusonge
Kwa Luvinsia
Kwamabeto
Kwamagome
Kwamaleni
Kwamanga
Kwamanga
Kwamanyama
Kwamaromo
Kwambala
Kwambani
Kwambelwa
Kwambembe
Kwambi
Kwamema
Kwamglami
Kwamgumi
Kwamguni
Kwamgwe
Kwamhanya
Kwa Mhinda
Kwamiali
Kwamifua
Kwamkema
Kwamkembe
Kwamkole
Kwamkongo
Kwamkono
Kwamkunde
Kwamkuti
Kwamndolwa
Kwamneke
Kwamnele
Kwamnere
Kwa Moyo
Kwamsisi
Kwamsiziro
Kwamtili
Kwa Mtoro
Kwamume
Kwamunibulu
Kwamwenda
Kwanaozi
Kwandimu
Kwandolo
Kwangwazi
Kwa Njawara
Kwankonje
Kwanwande
Kwanyange
Kwanyangu
Kwaraguru
Kwarara
Kwaraza
Kware
Kwarokoka
Kwaruguru
Kwaruhombo
Kwaru
Kwaruwara
Kwasamakarawa
Kwasasa
Kwasemakarawe
Kwashemshi
Kwasigi
Kwasikitu
Kwasunga
Kwasunga
Kwasuyu
Kwata
Kwavu
Kwavungwe
Kwazemgeba
Kwazigi
Kweasasa
Kwebona
Kwebumba
Kwebwewe
Kwediboma
Kwedichele
Kwedigaso
Kwedigeri
Kwedigongo
Kwedilema
Kwedilema
Kwedilima
Kwedirema
Kwedivunda
Kwediyuye
Kwedizando
Kwediziwa
Kwegundi
Kwekanga
Kwekivu
Kwekongo
Kwelikwiji
Kwelnumba
Kwemashai
Kwemdege
Kwemdimo
Kwemgombe
Kwemiangwa
Kwemkole
Kwemkuyu
Kwemnazi
Kwemsara
Kwemula
Kwemweleti
Kwendelema
Kwengoma
Kwenjuga
Kwenjugu
Kweshoke
Kwetango
Kwevihingo
Kwezani
Kwiguta
Kwigutu
Kwikuba
Kwitaba
Kwitanda
Kwoguni
Kyabale
Kyaka
Kyakulu
Kyamboni
Kyamnyorwa
Kyamsambeta
Kyamtaga
Kyamuizide
Kyamuraire
Kyamutaga
Kyangale
Kyebisagazi
Kyela
Kyense
Kyerunga
Kyerwa
Kyerwa Syndicate
Kyimo
Kyoni
Kyoto
Laela
Lafuu
Lagosa
Lagossa
Lakalanga
Laki
Lalago
Lalangulu
Lalta
Lamba
Lambila
Landamilumba
Landanai
Landenai
Langata
Langero
Langiro
Langoni
Langoni
Langoni
Larawanda
Lariboro
Latta
Ledingombe
Legele
Legeza
Legeza
Legezamwendo
Lekuruki
Lelwa
Lembeni
Lemesikio
Lemira
Lemisikio
Lendanai
Letetungu
Lewa
Libali
Libobe
Libobi
Lichehe
Lichijiri
Lidumbe
Liele
Lienje
Lifatico
Lifatiko
Liganga
Ligembe
Ligera
Ligoma
Ligowola
Ligunga
Ligwera
Lihanika
Lihiga
Lihigo
Lihimalyao
Lihonja
Lihuhu
Likawage
Likenejo
Likokona
Likonde
Likonga
Likuena
Likumbura
Likumburu
Likuna
Likuyu Fusi
Likuyu
Likwaya
Lilala
Lilambo
Liloiya
Lilombe
Liloya
Liloya
Liloyo
Lilwale
Limanda
Limani
Limani
Limbani
Limbolimboni
Linda
Lindi
Lingaula
Lingaura
Lipagama
Liparamba
Lipateka
Lipingo
Lipumba
Lipumbulu
Lipumburu
Lipungi
Lipupuma
Lipuyu
Lipwidi
Lisekese
Lisitu
Liteho
Litembe
Litembo
Litemula
Litisha
Litola
Litoo
Lituhi
Lituhi Mission
Litumbi
Liula
Liuli
Livale
Liwale Chini
Liwale Juu
Liwale
Liwale
Liwawa
Liwuka
Loangwa
Loduma
Lofia
Logeloge
Logi
Loginya
Lohomero
Lohumbo
Loibor Serrit
Loiborsoit
Lokoma
Loleshya
Lolionde
Loliondo
Lolkisale
Lollonde
Lomango
Lombetu
Lombwe
Lomodian
Londo
Lonesome
Longa
Longa
Longido
Lowa
Loya
Luagala
Luagala
Luande
Luangwa
Luanungu
Luatala
Luatu
Lubaga
Lubalisi
Lubata
Lubembe
Lubira
Lubiri
Lubugu
Lubumba
Lubumba
Lubungo
Lubungu
Luchemi
Luchesi
Luchingu
Luchomo
Luega
Lufubu
Lufu
Lufusi
Lugaga
Lugagara
Lugala
Lugala
Lugalika
Lugalu
Luganga
Luganzo
Lugari
Lughundwa
Lugoba
Lugoda
Lugo
Lugolu
Lugombo
Lugonezi
Lugongo
Lugongo
Lugufu
Lugunda
Lugunga
Lugurt
Luguruka
Luguru
Luguru
Luguru ya Mbuga
Luguzi
Lu Hama
Luhanga
Luhira
Luhombero
Luhombo
Luhomero
Luhumbo
Luhuni
Luiche
Luika
Luisi
Lujebe
Luka
Lukamanga
Lukanga
Lukangazi
Lukare
Lukata
Lukigura
Lukinao
Lukmanga
Lukohe
Lukokoda
Lukokorome
Lukole
Lukolini
Lukoma
Lukomo
Lukosi
Lukosi
Lukula
Lukula
Lukuledi
Lukuliro
Lukumanga
Lukumbi
Lukumbule
Lukumburu
Lukundi
Lukungu
Lukungwe
Lukwamba
Lukwati
Lukwika
Lulago
Lulangulu
Lulanguru
Lulemera
Lulindi
Lulumera
Lumango
Lumba Chini
Lumbe
Lumbiji
Lumbira
Lumbwa
Lumbwa
Lumecha
Lumesule Juu
Lumesule
Lumiko
Lumoga
Lumuma
Lumumwe
Lumumwu
Lundu
Lungulo
Lunguya
Lunguza
Lungwa
Lupalilo
Lupa
Lupa Market
Lupaso
Lupata
Lupatingatinga
Lupila
Lupiro
Lupunga
Lusahanga
Lusahunga
Lusanda
Lusangwe
Lusembwa
Lusewa
Lushoto
Lushoto
Lusinde
Lusitu
Lusonge
Lusonja
Lusonje
Lusujila
Lusungi
Lusungo
Lutalawe
Lutale
Luteme
Lutende
Lutimba
Lutinde
Lutindi
Lutubigo
Lutwina
Luvubu
Luwala
Luwemba
Luwumbu
Luyangweni
Lwabanuka
Lwandai
Lwandare
Lwangi
Lyabukande
Lyabusalu
Lyagoro
Lyamungu
Lyanika
Lyele
Mababila
Mabadaga
Mabaku
Mabale
Mabama
Mabamba
Mabanda
Mabande
Mabaoni
Mabaoni
Mabaranga
Mabatini
Mabawe
Mabayani
Mabete
Mabeti
Mabibe
Mabibo
Mabira
Mabire
Maboga
Mabogo
Mabogo
Mabogwe
Maboha
Mabokweni
Mabondeni
Mabopwi
Mabosa
Maboyo
Maboyoni
Mabuki
Mabuku
Mabukweni
Mabundini
Mabungo
Mabungulo
Mabweni
Mabwen
Macafauga
Machame
Machatu
Machazo
Machemba
Machengwe
Machenya
Machiga
Machuguru
Machui
Machui
Machuma
Machungwa Miwili
Machungweni
Machwaje
Madabadaba
Madaba
Madaba
Madaba
Madalawa
Madamu
Madanga
Madangwa
Madebe
Madege
Madete
Madibira
Madimba
Madingo
Madizini
Madshui
Madudi
Maduka
Madukani
Madulwe
Madunga
Madyo
Maehame
Maelu
Mafareta
Mafere
Mafereta
Mafiga
Mafinga
Mafisa
Mafisi
Mafizi
Mafufuni
Mafwemiro
Magaga
Magagu
Magagura
Magali
Magamba
Magambo
Magana
Maganga
Maganga
Magangamatitu
Magara
Magasi
Magauni
Magawa
Magawe
Magazini
Magemani
Magena
Magesani
Mageta
Maghang
Maghumpi
Magila
Magindu
Magingira
Magiro
Magnalo
Magodi
Magoe
Magogoni
Magogoni
Magogoni
Magogoni
Magole
Magoma
Magoma
Magomani
Magombani
Magombani
Magombwe
Magome
Magomeni
Magomeni
Magonini
Magoya
Magugu
Maguguwini
Maguha
Magu Kahangara
Magula
Magulia
Magulla
Magumuchila
Magunga
Magunga
Magunga
Maguruwe
Mahaha
Mahakahas
Mahaka
Mahako
Mahambika
Mahando
Mahanga
Mahange
Mahango
Mahanje
Mahanselo
Maharaka
Maharunga
Mahauhau
Mahazi
Mahege
Mahembe
Mahenge
Mahenge
Mahinuka
Mahiwa
Mahodja
Mahonda
Mahonda
Mahonda Mkataleni
Mahonda Mwana Kombo
Mahonde
Mahondolo
Mahongole
Mahongole
Mahongoro
Mahonzelo
Mahundi Halt
Mahundi
Mahuta
Mahyaga
Maindei
Majembe
Majengo
Majimahu
Majimahuu
Majimalolo
Majimalu
Maji Mekundu
Maji Mekundu Pwani
Maji Meusi
Maji Moto
Maji Moto
Majingani
Majinoni
Majiri
Maji ya Moto
Majoka
Majombe
Majonjo
Majorwe
Makaange
Makaani
Makabe
Makadara
Makafara
Makaje
Makaka
Makalakatu
Makalonga
Makaloye
Makama
Makambako
Makambini
Makame
Makami
Makampi
Makanalika
Makancha
Makanda
Makanda
Makande
Makangaga
Makangaga South
Makangala
Makanga
Makanganyika
Makangwa
Makangwa-Makulu
Makania
Makanya
Makanya
Makaoni
Makarane
Makarima
Makasuko
Makasuku
Makata
Makatapora
Makatupora
Makayo
Makeje
Makere
Makinda
Makindu
Makirumbi
Makitikiti
Makoba
Makoba
Makojogos
Makoko
Makokoni
Makolda
Makolola
Makomba
Makombani
Makombe
Makomingomi
Makomingoni
Makonde
Makondo
Makongalosi
Makonga
Makongeni
Makongolosi
Makongolozi
Makongomi
Makongonda
Makongoni
Makoro
Makorongo
Makose
Makote
Makoveni
Makufwa
Makuge
Makuka
Makukwe
Makuliro
Makulo
Makuluga
Makuluge
Makulu
Makumbako
Makundu
Makunge
Makungulu
Makungu
Makunguwira
Makunguwiro
Makungwini
Makuras
Makuro
Makurugusi
Makuru
Makutapora
Makutupa
Makutupora
Makuugu
Makuya
Makuyuni
Makuyuni
Malagarasi
Malahi
Malala
Mala
Malambala
Malambalasi
Malamba
Malamba
Malambo
Malambo
Malambo
Malampaka
Malandala
Malangah
Malangale
Malangali
Malangali
Malangane
Malangano
Malatu
Malatu
Malaya
Malegee
Malela
Malenbera
Malenga-Malkali
Malesa
Maleza
Malialuguru
Malibui
Malibwi
Maligisu
Malijoni
Malilita
Mali
Malinde
Malindi
Malinyi
Malita
Malivundo
Maloa
Malolo
Malolo
Malolo
Malongwe
Malongwe
Malote
Maluda
Malugulo
Malugulu
Malumba
Malungu
Malungwila
Malutaute
Malwati
Malya
Mambali
Mamba
Mamba
Mambani
Mambassa
Mambilo
Mambi
Mamboleo
Mambomsije
Mamboni
Mambosasa
Mambosasa
Mambosiji
Mamboya
Mamboya
Mambozasa
Mambsasa
Mambulu
Mambwe
Mambwe
Mamembo
Mamoja
Mamoto
Mampando
Mamukara
Manako
Manamancha
Manamawa
Manangwa
Manani
Mandaka
Manda
Manda
Manda
Manda
Manda
Mandamo
Mandara
Mandarawe
Mandawa
Mandela
Mandera
Mandera
Mandera
Mandera
Mandyga
Manema
Maneromango
Mangaka
Mangalia
Mangalisa
Manga
Manga
Manga
Manga
Mangapwani
Mangapwani
Mangata
Mangola
Mangoli
Mangoloma
Mango
Mango
Mangombya
Mangonyi
Mangubu
Mangulubwida
Mangweni
Manhanya
Manikonde
Manitambo
Manjaro
Manjoni
Manka
Manka
Manoleo
Manolo
Manoni
Mansa
Mansega
Mantandi
Mantanji
Mantare
Mantema
Mantenga
Manuguyakura
Manuna
Manungu
Manununo
Manyada
Manyaga
Manyanga
Manyara
Manyeche
Manyema
Manyingwa
Manyo
Manyomwe
Manyoni
Manyovu
Manyumba
Manyumbe
Manyungwa
Manza
Manza
Mao
Maoungulu
Mapagano
Mapalinga
Mapanda
Mapanga
Maparawe
Mapeko
Mapela
Maperemehe
Mapinga
Mapiringa
Mapishimigu
Mapishimingu
Mapiti
Mapiyone
Mapogoro
Mapogoro
Mapopwe
Maposeni
Mapunga
Marago ja Kombo
Marahi
Marahubi
Marahubi Mlangoni
Mara
Mara
Mara
Maramba
Maramba
Marambo
Mara Mine
Marang
Marangu
Maratani
Marawa
Marembwe
Marendego
Marhubi
Marika
Mariza
Marombosa
Marra
Marseilles
Maruahe
Marubi
Marui
Maruku
Marumba
Marumbi
Marumbo
Marungu
Marungu
Marungu
Marwa
Masaba
Masagaloda
Masagalu
Masagati
Masagura
Masaguro
Masaguro
Masaguru
Masahunga
Masakaloda
Masaka
Masaki
Masama
Masanga
Masangania
Masanganya
Masange
Masanwa
Masanza
Masanze
Masarakha
Masasa
Masasi
Masasi
Masasi
Masatu
Masebe
Masegejuni
Masekaroda
Masek
Masela
Masemere
Masenga
Mashame
Masheshe
Mashewa
Mashigambiti
Mashimbo
Mashinde
Mashombo
Mashugu
Masia
Masikati
Masima
Masimani
Masimba
Masimba
Masimbu
Masimbwa
Masinde
Masindi
Masingini
Masiwani
Maskati
Masoko
Masoko
Masonbiti
Masora
Masoro
Masota
Massa
Massassi
Masugulu
Masuguru
Masuka
Masukulu
Masulo
Masumbwe
Masurura
Maswa
Maswaswa
Masweni
Matagoro
Matai
Matalele
Matale
Matamba
Matambare
Matambo
Matambwe
Matamondo
Matandu Chini
Matandu
Matandu
Matanga
Matanga Twani
Matangisi
Matapatapa
Matapwa
Matarawanda
Matari
Matassi
Matatemwe
Mateka
Matekwe
Matele
Matemanga
Matembo
Matemwe
Materawe
Matete
Matetemwe
Matetewa
Matetewa
Mati
Matimba
Matimbuka
Matimbwa
Matimira
Matiri
Matitima
Matiuku
Matogoro
Matombo
Matombo
Matomondo
Matondolo
Matonera
Matonga
Matongo
Matongo
Matope
Matopotopo
Matufalini
Matui
Matuli
Matumbi
Matumbirini
Matumbo
Matumbulu
Matumbwe
Matundasi
Matundas
Maturia
Matuuni
Matuzi
Maua
Mauanguru
Mau
Maundo
Maungani Kidutani
Maungani
Maungoi
Maunguni
Maurui
Mautia
Mautila
Mauzi
Mavangwe
Mavimba
Mavua
Mavului
Mavumbi
Mavumi
Mavungwa
Mavureni
Mavuti
Mawa
Mawa
Mawande
Mawani
Mawaru
Mawemeru
Maweni
Maweni
Mawerenje
Mawerenye
Maweso
Mawindi
Mawoga
Mayami
Mayanga
Mayobozi
Mayo
Mayomboni
Mayumboi
Mayumboni
Mazama
Mazelogo
Mazimba
Mazimbo
Mazimbu
Mazinde
Mazingara
Maziwa Ngombe
Maziwani
Maziwani
Maziwanna
Mazizi
Mazizini
Mazola
Mazombe
Mazomora
Mazumbai
Mazumbi
Mbagalala
Mbagala
Mbagalla
Mbage
Mbagilwa
Mbagi
Mbagui
Mbaha
Mbahi
Mbaka
Mbalagane
Mbalaia
Mbalala
Mbalamasiwa
Mbalamaziwa
Mbale
Mbale
Mbaleni
Mbaleni
Mbaleni
Mbaleni Mchenzani
Mbaleni Mkubwa
Mbaleni Zingwe Zingwe
Mbalika
Mbali
Mbalita
Mbalizi
Mbamba Bay
Mbamba
Mbamba
Mbampa
Mbangala
Mbangala
Mbangana
Mbanja
Mbanzi
Mbao
Mbaragani
Mbarali
Mbaramaziwa
Mbarangandu
Mbaro
Mbasa
Mbatama
Mbate
Mbate
Mbatimira
Mbauni
Mbawala
Mbawalla
Mbazi
Mbedi
Mbega
Mbekenyera
Mbelekese
Mbemba
Mbemba
Mbesa
Mbesegera
Mbesi
Mbeya
Mbezi
Mbezi
Mbezi
Mbiji Kiziwani
Mbiji
Mbiji
Mbinga
Mbingo
Mbingu
Mbiria
Mbirira
Mbizi
Mboamaji
Mboazi
Mboganzoya
Mbogeko
Mbogo
Mbogos
Mbogwe
Mbondo
Mbongo
Mbongora
Mboyo
Mbuba
Mbugani
Mbugani
Mbugui
Mbugu
Mbuguni
Mbugwe
Mbugw
Mbula
Mbulamtwango
Mbuli
Mbulu
Mbulu
Mbulumbulu
Mbulumtwango
Mbumi
Mbunga
Mbuni
Mbuni
Mbura
Mburu
Mburuza
Mbuta
Mbuti
Mbuti
Mbutu
Mbuye
Mbuyuni
Mbuyuni
Mbuyuni
Mbuyuni
Mbuyuni
Mbuyuni
Mbuyuni
Mbuyuni
Mbuyura
Mbuzi
Mbuzini
Mbuzini
Mbuzini
Mbwamaji
Mbwanga
Mbwawa
Mbwego
Mbwei
Mbwe
Mbweni
Mbweni
Mbweni
Mbwera
Mbwewe
Mbwikwe
Mbwiro
Mchache
Mchafu
Mchakweni
Mchamba Wima
Mchamgamle
Mchangaji
Mchanga
Mchangamdogo
Mchangamle
Mchanganenda
Mchangani
Mchangani
Mchangani
Mchangani
Mchangani
Mchangani
Mchanjani
Mchauru
Mchekeni
Mchekwa
Mchekwa
Mchenzani
Mchezato
Mchicha
Mchicheni
Mchichira
Mchikichini
Mchinga
Mchinja
Mchito
Mchochani
Mcholi
Mchomolo
Mchomoro
Mchonda
Mchonga
Mchongomani
Mchua
Mchukwi
Mchuma Janga
Mchungo
Mchungu
Mdabulo
Mdaburo
Mdagala
Mdahira
Mdambati
Mdandu
Mdawi
Mdene
Mdezui
Mdimne
Mdimuni
Mdodo Mkubwa
Mdonya
Mdudu Mdogo
Mdudu
Mdudu Mkubwa
Mdumi
Mduuni
Meda
Mehahweni
Mehezangulu
Meia Meia
Mekunde
Melangoni
Melela
Meli
Membi
Mengo
Menjamwenya
Menonji
Meongu
Merera
Mer
Merwa
Merya
Mesaula
Meza
Mfenesini Mdogo
Mfenesini Mkubwa
Mfikiwa
Mfili
Mfiri
Mfirisi
Mfisini
Mfriga
Mfrika
Mfulu
Mfuma
Mfumbili
Mfumbo
Mfumbwe
Mfumbwe
Mfumbwi
Mfumbwi
Mfumo
Mfunza
Mfuto
Mgama
Mgambo Barabarani
Mgambo Barabarini
Mgambo Kinyasini
Mgambo
Mgambo
Mgambo
Mganda
Mgandu
Mganga
Mgango
Mgani Haji
Mganzapile
Mgau
Mgawsi
Mgazini
Mgegeni
Mgende
Mgera
Mgere
Mgerere
Mgeta
Mgeta
Mgeukeni
Mgeyeni
Mgila
Mgimbini
Mgindu
Mgini
Mgnaza
Mgogo
Mgogoni
Mgogoni
Mgogoni
Mgoha
Mgohing
Mgojeni
Mgoli
Mgolole
Mgombani
Mgombasi
Mgombazi
Mgombewa
Mgombewa
Mgondo
Mgondosi
Mgondozi
Mgongila
Mgongoi
Mgongo
Mgongoni
Mgonjoni
Mgori
Mgowero
Mgulani
Mguli
Mgunda
Mgunga
Mgunga
Mgungia
Mguni
Mguzi
Mgwashi
Mgwevu
Mgwewu
Mgwezi
Mgwina
Mhalo
Mhana
Mhande
Mhango
Mhanha
Mhanira
Mheza
Mhezi
Mhindoni
Mhomoro
Mhongwe
Mhuba
Mhukuru
Mhunze
Miaroye
Mibula
Mibungo
Miburani
Miburani
Michakaini
Micha
Michamvi
Michamwi
Michenga
Michenjele
Michenzani
Michenzani
Micheweni
Michiga
Michikichini
Michingani
Michinjele
Michotwani
Midodoni
Miembe Miwili
Miembeni
Miembesaba
Miembi Miwili
Miembwe
Mienga
Miesi
Mifama
Mifulu
Mifuni
Mifuuni
Miganga
Migege
Migera
Migeregere
Migogoni
Migole
Migoli
Migombani
Migombani
Migombani
Migo
Migu
Miguruwe
Miguwa
Mihama
Mihama
Mihambwe
Mihawa
Mihema
Mihembe
Mihima
Mihogoni
Mihongoro
Mihuma
Mihumo Chini
Mihumo Kati
Mihumo
Mihunda
Mihungu
Mija
Mikalanga
Mikalanga
Mikalango
Mikameni
Mikangaula
Mikangowla
Mikaranga
Mikaratieni
Mikarofuuni
Mikenge
Mikere
Mikese
Mikidadi
Mikindani
Mikindani
Mikindani
Mikindani
Mikinduni
Mikinduni
Mikinguri
Mikituli
Mikocheni
Mikoma
Mikongweni
Mikoni
Mikono
Mikono Miwili
Mikuku
Mikumi
Mikunguni
Mikuyu
Mikweni
Mikwesi
Milagasya
Milala
Milangoni
Milangoni
Milangoni
Milapa
Milemba
Milembule
Mile
Milepa
Mileshie
Milingoni
Milola
Milumba
Milumbi
Milumbule
Milundikwa
Mima
Mimbani
Minangu
Minazi Mikinda
Minazi
Minazini
Minazini
Minazini
Minazini
Mindo
Mindo
Mindu
Mindu
Mindu Tulieni
Minganji
Mingire
Mingoyo
Mingumbi
Mingwru
Minjare
Minjari
Minje
Minyehyeni
Minyugi
Minziro
Miono
Mipande
Miparani
Mipeani
Miperani
Mipopo
Mipoponi
Mipoponi
Mipoponi
Mipopooni
Mirahi
Mirambo
Miridu
Mirui Chini
Mirumba
Misaki
Misalai
Misambo
Misange
Misansa
Misasa
Misasi
Misegi
Misete
Misha
Mishamo
Misherefonkongwe
Misherefu
Misilaka
Misima
Misobwe
Misoma
Misooni
Misoswe
Misowe
Missenyi
Missingwi
Missungwi
Misufini
Misufini
Misufini
Misughaa
Misungwi
Mitamani
Mitambwini
Mitanga
Mitanono
Mitatuni
Miteja
Mitengi
Mitengwi
Mitole Chini
Mitole
Mitomoni
Mitondoni
Mitondoni
Mitondooni
Mitondooni
Mitonono
Mitowa
Mitumba
Mitumbati
Mitumbati
Mitundavumoni
Mitundu
Mitundu
Miulani
Miuli
Miumo
Miungoni
Mivono
Mivumoni
Mivunda
Miwaleni
Miwaleni
Miwandica
Miwani
Miwareni
Miyombo
Mizingani
Mizo
Mizumbi
Mjananza
Mjembe
Mjembe
Mjenga
Mjengani
Mjengeni
Mjesani
Mjezani
Mjimkuu
Mji Mpia
Mjimwema
Mjinikiuy
Mji-wa-geni
Mjungu
Mjura
Mkadini
Mkadini
Mkadini
Mkadini
Mkafunya
Mkage
Mkalama
Mkalamo
Mkalinju
Mkalinzi
Mkalinzu
Mkamba
Mkamba
Mkangala
Mkanga
Mkanga
Mkanga
Mkange
Mkangi
Mkangira
Mkanjani
Mkanjuni
Mkanjuni
Mkanyageni
Mkanyageni
Mkanyageni
Mkanyamotos
Mkanyeni
Mkarango
Mkasama
Mkasama's
Mkasanga
Mkasu
Mkata
Mkata
Mkata
Mkata
Mkawambi
Mkembe
Mkigo
Mkimbi
Mkindani
Mkinga
Mkinga
Mkiri
Mkita
Mkiwa
Mkoani
Mkobela
Mkobe
Mkoe
Mkoe
Mkofwa
Mkoko
Mkokoni
Mkokotoni
Mkokotoni
Mkole
Mkole
Mkolye
Mkoma
Mkoma
Mkoma
Mkomani
Mkomasi
Mkomazi
Mkombagulu
Mkombe
Mkombe
Mkombora
Mkombwe
Mkomero
Mkona
Mkonde
Mkonga
Mkongo
Mkonjani
Mkonje
Mkonjouano
Mkonjowano
Mkonobagi
Mkonona
Mkonze
Mkoo
Mkoreha
Mkoripo
Mkorogo
Mkote
Mkowacha
Mkowalaanda
Mkowa
Mkowela
Mkowe
Mkowe
Mkozi
Mkuchika
Mkuiani
Mkujaa
Mkujani
Mkuku
Mkuku
Mkula
Mkulat
Mkulazi
Mkulula
Mkululu
Mkulwe
Mkumba
Mkumbara
Mkumbe
Mkumbura
Mkumburu
Mkumburu
Mkunazini
Mkunde
Mkundende
Mkundi
Mkundi
Mkundi Mtae
Mkungu
Mkungu
Mkungu
Mkunguni
Mkunguni
Mkunguni Pwani
Mkunja
Mkunsi
Mkunwa
Mkunya
Mkunya
Mkuranga
Mkuru
Mkurumusi
Mkurusi
Mkurusi
Mkusi
Mkutano
Mkutubora
Mkuu
Mkuu
Mkuuni
Mkuweni
Mkuyu
Mkuyuni
Mkuyuni
Mkuyuni Pwani
Mkuzi Katani
Mkuzi
Mkuzi Ratani
Mkwaja
Mkwaju
Mkwajuni
Mkwajuni
Mkwajuni
Mkwambi
Mkwanga
Mkwaya
Mkwedu
Mkwera
Mkwera
Mkwese
Mkwiti
Mlaguzi
Mlai
Mlale
Mlali
Mlali
Mlalo
Mlama
Mlamani
Mlambalasi
Mlamba
Mlandera
Mlandizi
Mlangali
Mlangali
Mlange
Mlangoni
Mlanguni
Mlasi
Mlaso
Mlazo
Mleha
Mlembule
Mlembwe
Mlenga
Mlengi
Mleni
Mlesa
Mlete
Mlevalo
Mlevare
Mlevaro
Mleza
Mlila
Mlima Kiwani
Mlimba
Mlindilo
Mlindi
Mlindo
Mlingano
Mlingote
Mlingoti
Mlingotini
Mlingotoni
Mloa
Mlola
Mlolo
Mlolo
Mlomboje
Mlono
Mlowa
Mlowa
Mlowas
Mlowoka
Mlowo
Mlundi
Mlunduzi
Mlungira
Mlungui
Mmekwa
Mmuhare
Mnacho Barazo
Mnacho
Mnaghana
Mnakana
Mnakiu
Mnalani
Mnali
Mnali
Mnasi
Mnavira
Mnaza Enzi
Mnazi Enzi
Mnazimmoja
Mnazi Mmoja
Mnazi
Mnazi
Mnazi
Mnechi
Mnemba
Mnenja
Mnenya
Mnero
Mngamboni
Mngazi
Mngehe
Mnima
Mnjenje
Mnolela
Mnongodi
Mnonyge
Mnowe
Mntindili
Mntindilo
Mnyambe
Mnyambe
Mnyani
Mnyanjani
Mnyanjani
Mnyimbi Mkunguni
Mnyimbi
Mnyusi
Moa
Mobwani
Mofu
Moga
Mogongo
Mohamed Goha
Mohamedi Ngupu
Mohanga
Moheza
Mohoro
Moka
Mokobye
Mokojani
Mokoko
Mole
Molongo
Mombakau
Mombani
Mombasa
Mombokali
Mombo
Mondomera
Mondo
Mondo
Mondo
Monduli
Mondwani
Monga
Monga
Mongo
Mongoroma
Mongota
Mongwe
Morembe
Morogore
Morogoro
Morogoro
Morogoro
Morogoro
Morogoro
Moschi
Moshi
Moto
Motule
Move
Mowezi
Mowo
Mowongoni
Moyo
Moyota
Mozani
Mpafu
Mpagwe
Mpaka
Mpakani
Mpakani
Mpakani
Mpakanjia
Mpalalu
Mpanda
Mpanda Ndogo
Mpandangindo
Mpandeni
Mpandeni
Mpandule
Mpanga
Mpanga
Mpanganya
Mpanyani
Mpapalar
Mpapa
Mpapa
Mpapua
Mpapura
Mpapwa
Mpara
Mpardeni
Mpatora
Mpelakiwete
Mpelembe
Mpembe
Mpembi
Mpera
Mperani
Mpeta
Mpeta
Mpigamiti
Mpigangoma
Mpiji
Mpindimbi
Mpingo
Mpipiti
Mpirane
Mpirani
Mpitimbi
Mpiyi
Mpiyiti
Mpogonjo
Mpolwe
Mpombasi
Mpona
Mponde
Mponde
Mpopwe
Mporo
Mpota
Mpuguso
Mpui
Mpulua
Mpunze
Mpurukasese
Mputu
Mputwa
Mpwape
Mpwapwa
Mrali
Mrangi
Mrembe
Mremere
Mrijo
Mrogoro
Mrogoro
Mruaraka
Mruwazi
Msaani
Msachire
Msagali
Msagamo
Msagura
Msakala
Msaka
Msalabani
Msalaka
Msalalo
Msala
Msala
Msalani
Msalani
Msalani
Msalani
Msamala
Msamalo
Msamara
Msamba
Msamba
Msamba
Msambe
Msambia
Msa Nani
Msanda
Msanga II
Msanga I
Msangamkuu
Msanga
Msangani
Msangano
Msangawales
Msangazi
Msangeni
Msanja
Msanyila
Msanza
Msanzi
Msaranga
Msasa
Msasa
Msasana
Msasani
Msata
Msata
Msechela
Msegela
Msenga
Msenga
Mseni
Msente
Msesia
Mseweni
Mshalai
Mshangai
Mshangalikwa
Mshashani
Mshepo
Mshinde
Mshindo
Msia
Msia
Msigisi
Msikimwe
Msilagembe
Msilwa
Msimbati
Msimbe
Msimbi
Msimkulu
Msindaji
Msingi
Msingu
Msisima
Msisi
Msisi
Msita
Msita
Msitu wa Mbogo
Msobwe
Msobwe
Msoga
Msolwa
Msomalo
Msombe
Msomeni
Msomsoko
Msonga
Msonga
Msonga
Msongas
Msongozi
Msorwa
Msorwa
Msorwa
Msowero
Mstuvio
Msua
Msufini
Msuka
Msuka
Msumbiji
Msumbisi
Msunga
Mswaha
Mswahe
Mswaki
Mswakini
Mswega
Mswika
Mswisu
Mtae
Mtafica
Mtafika
Mtagata
Mtai
Mtaju
Mtakahoja
Mtakakaa
Mtakao
Mtakata
Mtakuja
Mtakuja
Mtakuja
Mtakwani
Mtalikachau
Mtalika
Mtama
Mtamba
Mtambani
Mtambile
Mtambili
Mtambwe
Mtame
Mtamkuu
Mtamweni
Mtandago
Mtanda
Mtandashi
Mtandashi
Mtandasi
Mtandika
Mtandikeni
Mtandi
Mtandura
Mtanga
Mtangani
Mtangata
Mtanga Twani
Mtangu
Mtanza
Mtapatapa
Mtapaya
Mtarawanda
Mtaru
Mtatanga
Mtawalani
Mtawa
Mtawandani
Mtawanya
Mtawira
Mtegani
Mtego wa Simba
Mtegu
Mtekente
Mtekofi
Mtekofi
Mtemani
Mtemani
Mtembe
Mtembwe
Mtemei
Mtende
Mtendeni
Mtendi
Mtene
Mtera
Mteramwahi
Mteteni
Mtevule
Mtibangi
Mtika
Mtikira
Mtimba
Mtimbira
Mtimbo
Mtimbo-Ntimbo
Mtimbwani
Mti Meupe
Mtimkuu
Mtina
Mtindilo
Mtindilu
Mtindi
Mtindiro
Mtinko
Mtipa
Mtipwili
Mtita
Mtiwe
Mtoa
Mtoa
Mtolela
Mtombozi
Mtomkuu
Mtomkuu
Mtondo
Mtondo
Mtondoni
Mtongwele
Mtongwe
Mtoni Kigomeni
Mtoni
Mtoni
Mtoni
Mtoni Village
Mtonya
Mtopwa
Mtosi
Mtovelisusi
Mtowabaga
Mto wa Maji
Mto wa Mbu
Mto wa Pwani
Mtua
Mtua
Mtuba
Mtufaani
Mtukula
Mtukula
Mtulanjiwa
Mtumago
Mtumbu
Mtumbwani
Mtumbya
Mtunda
Mtundua
Mtungi
Mtungu
Mtunguru
Mtwango
Mtwanya
Mtwara
Mtwaro
Mtwikwa
Mtyangimbori
Muaja
Muali
Muango
Muansa
Muanza
Mubeza
Mu Buhenge
Mubule
Mubunda
Mubweza
Mudida
Mudimani
Muembem
Mufindi
Mugaba
Mugakorongo
Mugama
Mugana
Mugana
Muganda
Mugango
Muganza
Muganza
Mugeta
Mugewo
Mughunga
Mugoma
Mugombazi
Mugombe
Mugo
Mugongo
Mugu
Mugumu
Mugunyu
Mugunzu
Muguruka
Muhaga
Muhalala
Muhale
Muhamamoja
Muhambwe
Muhamidiwa
Muhanga
Muhanga
Muhanga
Muhange
Muhanye
Muhawa
Muheda
Muhela
Muhele
Muhembo
Muhenda
Muheza
Muheza
Muheza
Muheza
Muhigiti
Muhoro
Muhukuru
Muhura
Muhutwe
Muhweza
Muira
Muisenge
Mujira
Mukacheni
Mukafigere
Mu Kafigiri
Mu Kalinzi
Mukangasi
Mukashorogo
Mukigo
Mu Kikomero
Mukinka
Mukirengo
Mukiyonza
Mukobye
Mukoko
Mukolera
Mukombe
Mukue
Mukunu
Mukunyu
Mukutano
Mukwambani
Mulanda
Mulani
Muleba
Mulenbera
Mulengo
Multanga
Mulu
Mulundi
Mumbahi
Mumbaka
Mumbwi
Mumigunga
Mundemu
Mungaa
Mungalo
Munge
Mungopani
Munguru
Mungwe
Mungwi
Munoe
Munsalia
Munsalla
Munsalya
Munsa
Muntamba
Munwesi
Munyegera
Muoka
Muongoni
Muporu
Murambi
Murambo Namagamba
Muray
Murembwi
Mureni
Mu Rgwonza
Muriaza
Muriti
Murogoro
Murongo
Murubabi
Muruhuma
Mu Rukurazo
Murumba
Murungu
Mu Rurama
Mu Rusagamba
Murutabo
Murutanga
Muruwani
Musangano
Musanja
Musasa
Muscati
Muse
Mushasha
Mushepo
Mushozi
Musoma
Musombe
Musome
Musongali
Musosi
Mustarehe
Musughaa
Musumbo
Mutala
Mutana
Mutanga
Mutinde
Mutula
Muungoni
Muungoni
Muwale
Muwali
Muwa
Muwenye
Muwera
Muwhana
Muyungu
Muyuni
Muyuni
Muyunyu
Muze
Muzi
Muzoma
Mvaiyambuzi
Mvaya
Mvilingano
Mvimbe
Mvinjani
Mvomero
Mvomero
Mvuha
Mvuleni
Mvulen
Mvumi
Mvumi
Mvumo Cheche
Mvumoi
Mvumoni
Mvumoni
Mvungwe
Mvuni
Mwada
Mwadudu
Mwadui
Mwaghumpi
Mwaginanyi
Mwaguguli
Mwahabi
Mwahira
Mwai
Mwaja
Mwakaeza
Mwakanunzi
Mwakatemos
Mwakete
Mwakidila
Mwakijembe
Mwakiligula
Mwakilugula
Mwakilunga
Mwakimindo
Mwakinda
Mwakizega
Mwakoni
Mwakubiringa
Mwakuhenga
Mwakuni
Mwakwalei
Mwala
Mwaleni
Mwalika
Mwalili
Mwalukuliko
Mwamagaka
Mwamagigisi
Mwamampaji
Mwamanyili
Mwamara
Mwamashele
Mwamashimba
Mwambalegia Bunamhala
Mwambalegia Gabu
Mwambani
Mwambani
Mwambani
Mwambare
Mwambas
Mwambe
Mwambeni
Mwambeni
Mwambilija
Mwambo Kitupo
Mwambo
Mwamgongo
Mwamiru
Mwamisheau
Mwamisheni
Mwamishenu
Mwamkoloji
Mwamwala
Mwamwengi
Mwamwiru
Mwamza
Mwanadasi
Mwanahaza
Mwana Kerekwe
Mwana Kwerekwe
Mwana
Mwanangi
Mwanangwa
Mwanatumba
Mwanda
Mwandiga
Mwandi
Mwandolo
Mwane
Mwangaa
Mwangai
Mwangala
Mwanga
Mwanga
Mwanganzi
Mwanghanda
Mwango
Mwangoni
Mwangwi
Mwanhoro
Mwanisenga
Mwankali
Mwankoloji
Mwankulwe
Mwansa
Mwansanga
Mwansigwa
Mwantemanya
Mwantine
Mwantini
Mwanunghu
Mwanyanya
Mwanyimbwa
Mwanzagala
Mwanza
Mwanzange
Mwanzo
Mwarongo
Mwaruka
Mwasamba
Mwasa
Mwasa
Mwasa
Mwasekilago
Mwasha
Mwasita
Mwatemanya
Mwautumbati
Mwavi
Mwawindi
Mwawuchuma
Mwaya
Mwaya
Mwaya
Mwazye
Mweda Wima
Mwela
Mwele
Mwelika
Mwemba
Mwembeduka
Mwembeduka
Mwembe Kiwete
Mwembe Maepe
Mwembe
Mwembe N'gombe
Mwembeni
Mwembeni
Mwenda Shofi
Mwenda Wima
Mwendi Kati
Mwenefulu
Mwenene
Mweneza
Mwengei
Mwenge
Mwera Kidarini
Mwera Kikokani
Mwera
Mwera
Mwera
Mwera
Mwera
Mwera
Mwewe
Mwibagi
Mwibalie
Mwika
Mwika West
Mwiki
Mwili
Mwima
Mwimbi
Mwina
Mwine
Mwiseni
Mwishitereja
Mwisi
Mwita
Mwitika
Mwitika
Mwitikira
Mwivuza
Mwiwi
Mwlhalie
Mwoa
Mwombali
Mwongo
Mwote
Myambo
Myambuye
Myangayanga
Myanjani
Myonge
Myungaluko
Myuni
Myunji
Mzabibo
Mzambaraoni
Mzambarauni
Mzambia
Mzambiazi
Mzamborauni
Mzanga
Mzase
Mzawa
Mzegeni
Mzegezi
Mzenga
Mziha
Mzinga
Mzinga
Mzingani
Mzingani
Mzinge
Mzingi
Mziwaziwa
Mzizima
Mzizima
Mzizima
Mzombe
Mzumbe
Mzumbizi
Mzundu
Mzunguwazara
Mzurikaja
Nabanda
Naberera
Nachenga
Nachenjere
Nachihangi
Nachingwa
Nachingwea
Nachunyu
Nafasitele
Nagaga
Nagaga
Nagome
Nahama
Nahinga
Nahino
Nahoro
Nahukahuka
Nahukanhuka
Nahungo
Nahupa
Naidigidigo
Naihm
Nainokanoka
Nainokwe
Nairobi
Nairombe
Nairombo
Naiwangaa
Nakahaku
Nakalala
Nakalonji
Nakamwa
Nakangwenya
Nakapanya
Nakarara
Nakaronji
Nakatunguru
Nakawene
Nakiu
Nakopi
Nakulu
Nakwa
Nala
Nala
Nalasi
Nalezo
Namabengo
Namabou
Namageni
Namagondo
Namahoka
Namahonga
Namajani
Namakemba
Namala
Namalebe
Namalenga
Namalulu
Namanga
Namanima
Namanyere
Namapalo
Namaputa
Namasakata
Namasalau
Namatopa
Namatoya
Namatui
Namatunu
Namatutwe
Namaunya
Namawe
Nambahu
Nambanje
Nambanye
Nambarapi
Nambawara
Nambela
Nambinda
Nambingi
Nambiranji
Nambogo
Nambunga
Nambungu
Nambunju
Nambunju
Nambunyo
Nambuti
Nambutuka
Nambwa
Namehumba
Namembo
Namibu
Namichiga
Namidonde
Namikupa
Nami
Naminga
Namirembe
Namisange
Namisonga
Namitere
Namitwadi
Namiyonga
Namkuku
Namkunga
Nampinga
Nampungu
Namputa
Namro
Namtoti
Namtui
Namtula
Namuage
Namuda
Namuhi
Namuhura
Namunda
Namunga
Namupa
Namwele
Nanchomwa
Nandembo
Nandembo
Nandembo
Nandera
Nandete
Nandete
Nandete
Nanduli
Nandumbi
Nandwahi
Nandwaki
Nandwam
Nandwani
Nanganga
Nangano
Nangaru
Nangaruwe
Nangindwa
Nangoi
Nangoi
Nangomba
Nangombo
Nangondi
Nangoo
Nangua
Nanguimba
Nanguji
Nangulangwa
Nangumba
Nangurukuru
Nanguruwe
Nangwala
Nangwa
Nanhyanga
Nanjara
Nanjaro
Nanjaru
Nanjenga
Nanjihi
Nanjirinji
Nanola
Nansimo
Nansio
Nansore
Nanyamba
Nanyanga
Nanyanje
Nanyanji
Nanyati
Nanyindwa
Nanyumbu
Nanzapile
Nanzovu
Napacho
Naputa
Nar
Narungombe
Narunyu
Narupara
Narwara
Nasabo
Nasa
Nasanga
Nassa
Nasui
Nasulo
Nata
Naujombo
Naulendi
Nauli
Naumba
Naumbu
Nauru
Naururu
Nawagi
Nawanga
Nawigo
Nayirago
Naza
Nazua
Nchinjidi
Ncholi
Ndaburo
Ndagaa
Ndago
Ndagone
Ndagoni
Ndagoni
Ndagwa
Ndagwasa
Ndaiheya
Ndalambo
Ndala
Ndala
Ndamanyilo
Ndamanyilu
Ndambani
Ndanda
Ndapata
Ndara
Ndarara
Ndareda
Ndayambuzi
Ndechela
Ndedo
Ndege
Ndeke
Ndelema
Ndelenyuma
Ndemba
Ndembe
Ndembera
Ndembezi
Ndembo
Ndeme
Ndende
Ndene
Ndenga
Ndengele
Ndengu
Ndenyende
Nderakajo
Nderema
Ndevi
Ndewerwa
Ndibwa
Ndidyani
Ndigo
Ndihimbi
Ndijani
Ndirima
Ndizi
Ndobo
Ndogo
Ndole
Ndolera
Ndombi
Ndomo
Ndomoni
Ndona
Ndonde
Ndondo
Ndono
Ndonya
Ndovu
Nduge
Nduguti
Ndugutu
Nduli
Nduma
Ndumbi
Ndumbwe
Ndumi
Ndundatawa
Ndundu
Ndundu-Tawa
Ndungu
Nduruma Chini
Ndutuo
Ndwaniro
Ndwika
Negero
Negezi
Negoti
Neu-Langenberg
Neu-Langenburg
Newala Kisimani
Newala
New Langenberg
Newobozy
New Shelui
Ngadinda
Ngaga
Ngagau
Ngagu
Ngahaherezi
Ngahi
Ngahokoro
Ngaiti
Ngajira
Ngala
Ngalanga
Ngalimira
Ngalita
Ngalui
Ngambo
Ngambo
Ngambo
Ngambu
Ngambwa
Ngambwa
Ngamiani
Nganane
Nganda
Nganda
Nganeti
Nganga Wala
Ngangora
Ngano
Ngapa
Ngarambi
Ngara
Ngare Nanyuki
Ngarimbi
Ngasamo
Ngashele
Ngasumet
Ngata
Ngateu
Ngaumi
Ngava
Ngawsi
Ngaya
Ngaza
Ngazidja
Ngazija
Ngazi
Ngbrutojo
Ngegemu
Ngegera
Ngelema
Ngeme
Ngerengere
Ngerere
Ngeru
Ngeza
Ngezani
Ngezi
Nghambi
Nghaya
Nghese
Nghobora
Nghwanya
Ngiapanda
Ngihiyia
Ngimu
Ngingama
Ngobana
Ngogwa
Ngoheranga
Ngohingo
Ngojanpewe
Ngojeni
Ngoji
Ngoma Kazingwa
Ngoma
Ngoma
Ngomani
Ngomasasa
Ngomba
Ngombe Likeza
Ngombezi
Ngombi
Ngombo
Ngombo
Ngomeni
Ngongoi
Ngongo
Ngongoro
Ngongowele
Ngongwa
Ngonwe
Ngoreme
Ngorongoro
Ngoulanga
Ngoularga
Ngovila
Ngoywa
Ngruimi
Ngudu
Nguhi
Nguilo
Nguji
Ngulabi
Ngulakula
Nguli
Ngullo
Ngululiro
Ngulu
Ngulu
Ngulu
Ngulwi
Ngumbo
Ngundangali
Ngunga
Ngunichile
Ngunja
Nguruhe
Nguruka
Ngurumahiga
Ngurumahija
Nguvumali
Nguzo Mbili
Ngwachani
Ngwale
Ngwamala
Ngwamhala
Ngwamwili
Ngwanga
Ngwanya
Ngwasita
Ngwelo
Ngwembe
Nhaya
Nhehe
Nhobora
Nhyawa
Niamata
Niambi
Niangandu
Niapi
Nidu
Nihale
Nikanyewe
Nikunya
Nindai
Ninde
Ninjegwabugali
Nitabe
Nitakuja
Nivumamingi
Nivumomingi
Njabihale
Njagi
Njamaruta
Njambe
Njanyanza
Njawanga
Njawara
Njenga
Njengwa
Njenja
Njia Kuu
Njianne
Njiapanda
Njiapanda
Njila
Njinjo
Njirii
Njobe
Njoge
Njogonjwa
Njombe
Njoni
Njori
Njoro Neganga
Njoro
Njoro
Njuga
Njugilo
Njugiro
Njuguni
Njunga
Nkaheleze
Nkalakala
Nkalanga
Nkalinsi
Nkalinzi
Nkamba
Nkana
Nkanga
Nkanga Wala
Nkansi
Nkaya
Nkclei
Nkelei
Nkese
Nkhome
Nkindiko
Nkoanrua
Nkoaranga
Nkokwa
Nkologwe
Nkolondoto
Nkombola
Nkonde
Nkondwe
Nkongo
Nkongontha
Nkongotha
Nkonjela
Nkonko
Nkorogoma
Nkoronto
Nkota
Nkove
Nkugwi
Nkuku
Nkulu
Nkumba
Nkunde
Nkunde
Nkundi
Nkungu-Nala
Nkungwi
Nkunjila
Nkurungu
Nkururu
Nkutano
Nkwenda
Nkwera
Nkwilo
Nolage
Noli
Nondoto
Nondwa
Nondwa
Nongwe
Nsalawu
Nsato
Nshamba
Nsheshe
Nsinga
Nsonga
Nsunga
Nsungwa
Ntama
Ntandi
Ntanila
Ntankwa
Ntara
Ntawia
Ntegu
Ntendachi
Ntengeza
Ntete
Ntigu
Ntimbi
Ntitimu
Ntitumu
Ntobo
Ntoma
Ntondo
Ntorya
Ntukuju
Ntumago
Ntumba
Ntumbi
Ntungamo
Ntunganire
Ntuntu
Ntwike
Nunda
Nunda
Nunge
Nunge
Nungi
Nunguru
Nungwe
Nungwe
Nunka
Nyaagozi
Nyabangi
Nyabasenga
Nyabikurungu
Nyabirongo
Nyabirundo
Nyabishenge
Nyabiyonza
Nyabogati
Nyabugombe
Nyabuyonza
Nyabwitagi
Nyahanga
Nyahi
Nyahonge
Nyaishozii
Nyaishozi
Nyakabanga
Nyakabanya
Nyakabindi
Nyakagomba
Nyakahanga
Nyakahanga
Nyakahura
Nyakaiga
Nyaka Kangaga
Nyakakarangwa
Nyakakika
Nyakakiri
Nyakakoni
Nyakaliba
Nyakalilo
Nyakaliro
Nyakanazi
Nyakanga
Nyakanyasi
Nyakasana
Nyakasanza
Nyakasasa
Nyakasonga
Nyakasungwa
Nyakasu
Nyakaswa
Nyakatera
Nyakatolyo
Nyakato
Nyakato
Nyakatuntu
Nyakawangala
Nyakayanja
Nyakayenza
Nyakihilingita
Nyakihilingite
Nyakirunde
Nyakisasa
Nyakisiku
Nyakisogo
Nyakitanda
Nyakitasi
Nyakitonto
Nyakiziba
Nyakutokwa
Nyala
Nyalengi
Nyale
Nyalikungu
Nyalikungu
Nyali
Nyali
Nyaluhande
Nyalukangaga
Nyamaga
Nyamagonga
Nyamaguku
Nyamahale
Nyamahanga
Nyamahuna
Nyamala
Nyamanga
Nyamanzi Kazole
Nyamanzi
Nyamare
Nyamata
Nyamatoke
Nyamatutu
Nyamaziba
Nyamazugo
Nyamazugu
Nyambaga
Nyambale
Nyamba
Nyambati
Nyambitilwa
Nyambiti
Nyamboge
Nyambono
Nyambosy
Nyambosyo
Nyambui
Nyambuye
Nyamdekwa
Nyameshere
Nyametembe
Nyamgalika
Nyamhale
Nyamhali
Nyamhanga
Nyamhunda
Nyamiaga
Nyamigere
Nyamihanga
Nyamikanda
Nyamikandu
Nyamikoma
Nyamilama
Nyamilima
Nyamiranda
Nyamirembe
Nyamirembe Port
Nyamisibeye
Nyamiyaga
Nyamizi
Nyamole
Nyamondole
Nyamongo
Nyamono
Nyamougo
Nyamsitu
Nyamtereza
Nyamtiro
Nyamtowo
Nyamtukusa
Nyamtumbo
Nyamuswa
Nyamwaga
Nyamwage
Nyamwega
Nyamweza
Nyamwigura
Nyamwiru
Nyamyaga
Nyanatakara
Nyandekwa
Nyandu
Nyangai
Nyangamara
Nyangano
Nyanga
Nyangao
Nyange
Nyanghomango
Nyangiri
Nyangofa
Nyangolo
Nyangombe
Nyangombe
Nyangongo
Nyango
Nyanguge
Nyanguli
Nyangulu
Nyangwe
Nyanhanga
Nyanhanga
Nyanhemwa
Nyanhonge
Nyanhwale
Nyanjale
Nyanjani
Nyanjani
Nyanjati
Nyankalalo
Nyankambu
Nyankukulu
Nyankurukuru
Nyansalala
Nyantakara
Nyantama
Nyantungu
Nyantwiga
Nyanungu
Nyanza
Nyanzige
Nyanzimba
Nyanzovu
Nyanzoyu
Nyanzwa
Nyarabanda
Nyarakoma
Nyarambugu
Nyariguge
Nyarikungu
Nyarubele
Nyarubeli
Nyarubere
Nyarubungo
Nyarugamba
Nyarugongo
Nyarugongu
Nyaruonga
Nyaruranga
Nyarutuntu
Nyaruvanga
Nyaruzumbura
Nyarwiru
Nyasadu
Nyasa
Nyasa
Nyasaunga
Nyashano
Nyashimbi
Nyashimo
Nyasirori
Nyatama
Nyaulambo
Nyauwele
Nyavihondo
Nyaviumbu
Nyavivuye
Nyaviyumbu
Nyawizo
Nyawizu
Nyazumbura
Nybukari
Nyegezi
Nyehi
Nyehunge
Nyengedi
Nyera
Nyera
Nyerumba
Nyeue
Nyeziangumnai
Nyeziangumnani
Nyiboko
Nyida
Nyikani
Nyilumba
Nyimba
Nyinampigwe
Nyinja
Nyongamiho
Nyonga
Nyonga
Nyranga
Nyumululu
Nyundo
Nyuruandanga
Nyvihondo
Nzega
Nzege
Nzeka
Nzera
Nziga
Nzihe
Nzihi
Nzima
Nzima
Nzimba
Nzimu
Nzinge
Nzishiwe
Nzungiro
Ochuna
Ofyana
Oka
Okutani
Olalaa
Olala
Oldeani
Old Gumbiro
Oldinyo Kisale
Old Kasanga
Old Kiomboi
Old Langenburg
Old Mikindani
Old Moshi
Old Negezi
Ol Doinyo Kisale
Old Shinyanga
Ole
Ol Moloc
Ol Molog
Olmotoni
Olmotonyi
Olturoto
Omari Nyama
Omukagando
Omuruyanza
Ovada
Owero
Oyster Bay
Padye
Pagali
Pagali
Pagarli
Paguu
Pahama
Pahi
Paiama
Pajari
Paje
Pakenju
Pakine
Pakiza
Pale
Pale Villages
Pambagora
Pambani
Pamgogo
Pamkoti
Pamliwi
Pandambili
Pandambili
Pandani
Panda
Pande
Pande
Pande
Pande
Pandoni
Pando
Pandule
Pangaani
Pangala
Pangale
Pangali
Panga Maua
Pangambili
Pangamlima
Panga Nguruwe
Pangani
Pangani
Pangani
Panga
Panga Pemba
Panga Punju
Pangarawe
Pangashi
Pangawe
Pangeni
Pangeni
Pangisa
Pang'ombe
Pango
Panjalo
Panjalos
Panja
Pankonga
Pankote
Pansiansi
Papani
Paramba
Parangu
Parungu
Pasili
Pasi
Pasuta Msui
Patini
Patowa
Patshensi
Patungu
Pa Ulaya
Peete
Pejoni
Pelemehe
Pemba
Pemba
Pemba Unguja
Pembea
Pembeni
Pembera
Penya
Peramiho
Perani
Pete
Petukiza
Petu
Phagali
Piaya
Pichaka
Piganyongas
Pigogoo
Piki
Pilikano
Pingwe
Pingwi
Pipogoma
Pitanazako
Pitautumwe
Pitawole
Pito
Pitukisa
Pogwa
Pogwe
Pola
Poli
Pombwe
Pombwe
Pombwe
Pombwe
Pondeani
Ponde
Pondo
Pongwe
Pongwe
Pongwe
Pongwi
Pongwi
Poopo
Poromoka
Poro
Port Nungwe
Potea
Potoa
Potowa
Potweni
Potwe
Poyos
Pozo
Puchapucha
Puge
Pugu
Pujini
Pulumbu
Puma
Pumbaya
Pumbule
Pumusi
Punga
Pungatini
Pungua
Punguni
Pungutini
Purungu
Putini
Putire
Pwaga
Pwana
Pwana
Pwani Mchangani Mdodo
Pwani Mchangani Mdogo
Pwani Mchangani
Pwani
Pwani
Pwani
Pwela
Rabwire
Ragata
Raha
Ramla
Rande
Rango
Rasini
Ras Kazone
Rayabu
Regeza Mwendo
Regezo Mwendo
Remagwe
Remangwe
Remba
Remiti
Renza
Rigalo
Rihindi
Riroda
Roango
Robanda
Roma
Rom
Ronda
Rondo Juu
Rondo
Rosana
Ruaha
Ruamagaza
Ruamugabo
Ruanda
Ruanda
Ruanda
Ruanda
Ruangwa
Ruanlisa
Ruaruke
Ruawa
Rubafu
Rubanda
Rubare
Rubeho
Rubirizi
Rubondo
Ruboroga
Rubuga
Rubugwa
Rubungo
Rubwera
Rubwe
Rudewa
Rudewa
Rudiga
Rudi
Ruendizi
Rufiri
Rugaga
Rugale
Ruganzo
Rugarama
Rugasha
Rugasi
Rugesa
Rugezi
Rugombera
Rugosi
Rugunga
Ruhama
Ruhanga
Ruhanga
Ruhanga
Ruhangino
Ruhogo
Ruhuma
Ruhunga
Ruhuu
Ruhuwiko
Ruioka
Ruipa
Ruiwa
Rujewa
Rujewo
Rujoka
Rukajage
Rukajenge
Rukali
Rukangara
Rukindo
Rukobe
Rukora
Rukore
Rukuraijo
Rulenge
Rumbira
Runazi
Runda
Rundi
Runere
Rungwa East
Rungwa
Rungwa
Rungwa
Rungwa West
Ruo
Ruponda
Ruponde
Ruru
Rusabya
Rusako
Rusanga
Ruseko
Rusende
Rusente
Rushambya
Rushasha
Rushungi
Rushwa
Rusoli
Rusumo
Rusumu
Rususu
Rutali
Rutamba
Rutando
Rutschugiposten
Rutudiga
Rutukira
Rutumbo
Rutungura
Rutunguru
Ruvenze
Ruvoma
Ruvongo
Ruvu Remiti
Ruvu
Ruvu
Ruvu
Ruyenze
Ruyoma
Ruzinga
Rwabukagate
Rwabumuka
Rwabushoga
Rwabwere
Rwagati
Rwakiniha
Rwambaizi
Rwanyango
Rwazi
Rwengaga
Rwenkende
Rwensinga
Rwinyana
Rwoga's
Sabagusi
Sabigoma
Sadani
Sadani
Safu
Sagala
Sagalisa
Sagara
Sagasa
Sagassa
Sagata
Saja
Sakale
Sakalilo
Sakamaganga
Sakamaganga
Sakamaliwa
Sakarani
Sakare
Sakarre
Sakuma
Sakura
Salale
Salama
Salamba
Sala
Salawe
Salaya
Salehes
Salimanis
Salims
Salimu
Sali
Sali
Samanga Fungu
Samanga
Samanga
Sambala
Sambwa
Same
Sampulinugombe
Samuya
Samuye
Samvya
Sanaa
Sanani
Sandawa
Sandazi
Sangabuye
Sangalawe
Sangama
Sangamkuu
Sanga Mpuya
Sangamvya
Sanga
Sangasanga
Sangeni
Sango
Sangu
Sangusi
Sanjalanda
Sanjaranda
Sanje
Sansui
Santa Maria
Santilya
Sanya Juu
Sanza
Sanzawa
Sanze
Sanzi
Sao Hill
Saranda
Saraui
Sasajila
Sasamambo
Sasawara
Saungubweni
Sawida
Sawika
Sawoni
Sayaga
Sayaka
Saye
Saza
Saza
Scante
Schinjanga
Sconte
Sea View
Sebagusi
Sebleni
Sebleni
Sebushari
Segala
Segera
Segerere
Segoma
Sejeli
Sekenke
Seke
Sekeura
Sekilago
Sekitok
Selamhande
Selelya
Selem Mbuyuni
Selem Mdogo
Selem
Selem
Semakwede
Sembekesa
Seme
Semewani
Senegeza
Sengambia
Senga
Senga
Sengerema
Sengwa
Sense
Sepuka
Seremai
Serya
Seso
Sesso
Seya
Shagihilo
Shagihilu
Shahaje
Shahaji
Shakani
Shamba-la-Pwani
Shambalaya
Shambarai
Shamiani
Shamoto
Shangafu
Shangafu
Shangani
Shangani
Shanga
Shanga
Shanwa
Shati
Shato
Shea
Sheba
Shelui
Shembekeza
Shenejuu
Shengejuu
Sheta
Shia
Shidi
Shigara
Shigiwana
Shiguna
Shikurufumi
Shinamwenda
Shindoni
Shinema
Shingwi
Shinooni
Shinyanga
Shirati
Shirikani
Shiri
Shishia
Shishio
Shishiyu
Shitwi
Shoga
Shome
Shonge
Shongo
Shoshani
Shukeni
Shukula
Shulwa
Shumba
Shumba-Vyamboni
Shume
Shungi
Shungubweni
Shungului
Shwagoi
Sibutuni
Sibwesa
Sifala
Sigi
Sigwelo
Sikandaria
Sika
Sikiro
Sikitico
Sikitiko
Sikoke
Sikonge
Sikugunga
Sikwakwa
Sila
Silasi
Silongwe
Sima
Simba Chinzachi
Simba Nguru
Simba
Simba Uranga
Simbo
Simbo
Simbo
Simondo
Simuni
Sinawa
Sinawe
Sinawe
Sindano
Sinda
Sindeni
Singida
Singida
Singino
Singita
Singiza
Sinoni
Sintali
Sinuzi
Sinya
Sinya
Sipuka
Sipwese
Sirari
Sire
Sisimizini
Sisini
Sitahabu
Sitalike
Sitani
Sitarani
Sitarehe
Sitwa
Siwamoja
Siwani
Siwe
Soda
Sofi Majiji
Sofi
Sofu
Soga
Sokoni
Sokon
Sokota Nadwa
Sola
Solesia
Soliwaya
Soliwaya
Soliwayo
Solowajo
Solowayo
Solowu
Solulu
Solwa
Somagedi
Somanda
Somanda
Somanga Funga
Somanga
Sombwe
Songa
Songea
Songe
Songwa
Songwe
Soni
Sonja
Sonji
Sonjo
Sopa
Sororia
Soro
Sotele
Ssame
Ssamunge
Ssongea
Ssongwe
Stambuli
Stone Town
Subeti
Subutuni
Sudi
Suguta
Suguti
Suji
Suka Suka
Sukuma
Sululu
Suluti
Suma
Sumbawanga
Sumbuka
Sumbuwanga
Sumbwanga
Suna
Sunga
Sungate
Sungawula
Sungiwe
Sungusira
Sungwi
Sungwizi
Suruke
Suruki
Susa
Susi Janda
Suti
Swaila
Taandani
Tabani
Tabata Pugu
Tabata
Tabora
Tabora
Tabora
Tabora
Tabo
Tafi
Tagawi
Taif
Takao
Takao
Takasangwa
Takasa
Tambamagulu
Tambarani
Tambara
Tambaruka
Tambaruku
Tamleni
Tamota
Tamota
Tanangozi
Tandahimba
Tandala
Tandala
Tandanangoro
Tandavili
Tandika
Tangani
Tanganyika
Tanga
Tanga
Tanga
Tanga
Tangata
Tangazo
Tangeni
Tangwe
Taponi
Tarawanda
Tarime
Taroha
Taru
Tasani
Tasini
Tatanda
Tatwe
Taveta
Tawalani
Tawi
Tazari
Tebani
Tegeruka
Tekesya
Teku
Tele
Teli
Temanongea
Temanongia
Temeke
Temingombe
Temi
Tendeza
Tengeni
Tengero
Tengoni
Tengwe
Tera
Terat
Terrat
Tetemia
Tete
Tgarukiru
Thangu
Themi
Timbwa
Tinde
Tindini
Tinga Tinga
Tingi
Tiribeni
Tiriti
Tiron
Titu
Tiwuka
Tlawi
Tobugwe
Toieya
Tomali
Tomondo
Tomondwe
Tomota
Toncolo
Tondoni
Tondoni
Tondooni
Tondooni
Tondo
Tongoani
Tongoi
Tongoni
Tongoni
Tongoni
Tongora
Tongwe
Tonto
Topeni
Toronto
Totoe
Tovukuu
Towatowa
Toza
Tubugwe
Tubugwe
Tuima
Tukuru
Tukuyu
Tulasimba
Tuliana
Tuliani
Tulia
Tuli
Tuli
Tuloli
Tulo
Tumbakose
Tumba
Tumbatu
Tumbelo
Tumbe
Tumbili
Tumbili
Tumbini
Tumbi
Tumuli
Tunda
Tundaua
Tundaua
Tundoni
Tunduma
Tunduni
Tunduni
Tunduru-ja-Mwischo
Tunduru
Tunduru
Tunduru ya Mvisho
Tunduru ya Mwisho
Tundwa
Tungamaa
Tungamarenga
Tunguli
Tungun
Tunguu
Tungwa
Tungwi
Tura
Turiani
Turisanani
Tutubu
Tutu
Tuvaila
Tyeme
Ubada
Ubago
Ubamba
Ubenazomozi
Ubungo
Uburungu
Ubwari
Uchangani
Uchembe
Uchozini
Uchunga
Udekwa
Udidji
Udokwa
Udugungkitu
Udungungkitu
Ufana
Ufina
Ufinga
Uflaga
Ufune
Ugalla
Uganda
Uganda
Ugara
Ugoble
Ugoi
Ugolole
Ugowa
Ugurura
Ugwana
Ugweno
Uhominyi
Uita
Ujiji
Ujinga
Ujola
Ukamba
Ukami
Ukando
Ukaranga
Ukenju
Ukenyenge
Ukenyua
Ukereni
Ukia
Ukimbu
Ukiriguru
Ukolo
Ukonga
Ukongoroni
Ukorogo
Ukoroso
Ukubwa-wa-bure
Ukuli
Ukune
Ukunjwi
Ukutani
Ukutini
Ukwaheri
Ukwama
Ukwama
Ukwawila
Ulambo
Ulanga
Ulanga
Ulaya
Ulaya
Ulaya
Uleia
Ulemo
Ulenge
Uleni
Ulenje
Ulenji
Ulete
Ulevi
Ulewe
Uleya
Ulila
Ulimakafu
Uloda
Uloda
Ulomba
Ulombola
Ulombolo
Ulonba
Ulongwa
Ululu
Ulumi
Ulunga
Uluwani
Ulyampiti
Ulyankulu
Umati
Umbamba
Umba
Umbenazomozi
Umbuji
Umbuji
Umbulu
Umbuyi
Umfumowe
Umgano
Umungani
Unangaruwe
Undi
Ungenza
Unge
Ungi
Unguja Mkuu
Unguja Uku Pwani
Unguja Ukuu Pwani
Unguja Ukuu
Unguja
Unonio
Unyamhanda
Unyanyembe
Unyasa
Uondwe
Upale
Upale
Upenja
Upesa
Upuge
Upuni
Urambo
Urangi
Uribe
Uroa
Urua
Uru East
Urugu
Uruma
Urunda
Uru
Uruwira
Urvinsa
Usagara
Usagara
Usagari
Usahilo
Usambuzi
Usamila
Usangi
Usango
Usa River
Usase
Usasi
Usa
Usawanga
Usega
Useko
Useni
Usensula
Usevia
Usevya
Ushashi
Ushetu
Ushirombo
Ushongo Mabaoni
Ushongo Mtani
Ushongo Mtoni
Ushongu
Ushora
Usia
Usimbe
Usimbiti
Usine
Usinge
Usini
Usiya
Usogore
Usoke
Usongore
Usongo
Ussenye
Ussinge
Ussure
Usuhilo
Usule
Usule
Usule
Usungu
Usure
Usuwi
Uswaa
Utaani
Utaani
Utaga
Utambalia
Utambalila
Utanni
Uta wa Limani
Utchwa Jua
Utegi
Utembe
Utendesia
Utengule
Utengule
Utenguli
Utenguli
Utete
Utiego
Utigu
Utimbaru
Utimbe
Utindwa
Utinta
Utungwa
Uturo
Ututwa
Utuya
Utwigu
Utyatya
Uvinje
Uvinza
Uvirabi
Uvumbi
Uvumhi
Uwaani
Uwandani
Uwani
Uwanza
Uwa
Uwelini
Uwimbi
Uwindi
Uwinsa
Uwondwe
Uyagu
Uyanzi
Uyaule
Uyogo
Uyole
Uyovu
Uyowa
Uyui
Uyulo
Uyumbu
Uyuyi
Uzia
Uzima
Uzinga
Uzingwi
Uzini
Uzinza
Uzi
Uzongwe
Vamanda
Vawa
Verani
Veru
Vibambani
Vibura
Vidunda
Vigwasa
Vihingo
Vikindu
Vikole
Vikongoni
Vikongoro
Vikrouti
Vikuruti
Vingo
Visaraka
Visiga
Vitangoge
Vitonga
Vitongoge
Vitongoji
Viziwaziwa
Vizuke
Vuga
Vugiri
Vuguri
Vulehi
Vumawimbi
Vumba
Vumba
Vumbu
Vungwa
Vungwi
Vunta
Vuo
Vwawa
Vwawa
Vwembi
Vyeru
Vyogoloni
Waga
Wageni
Waida
Walanzi
Wala
Waleni
Walezo
Wamikonko
Wami
Wampembe
Wanangwa
Wanembe
Wangama
Wanga
Wangingombe
Wani
Wantindi
Wanyungu
Wapape
Wasa
Wasimbani
Wasini
Wasso
Watu
Wawi
Weani
Wegero
Welene
Weleni
Wena
Weno
Werro
Weru
Weru
Weru Weru
Wesha
Wete
Weti
Wewe
Wiedhafen
Wiedhaven
Wikongwe
Wilhelmstal
Winenekeza
Wingwi
Wino
Wino
Winza
Wishitereja
Wondwe
Wota
Wotta
Wukiro
Wulala
Wyanzi
Yabangi
Yagaba
Yaida
Yaira
Yala
Yambagomi
Yamba
Yarahini
Yasini
Yasiro
Yelayela
Yembera
Yibandeni
Yirihini
Yodzu
Yogelo
Yola
Yombo
Yombo
Yuga
Yula
Zadani
Zagayu
Zagilwa
Zagliwa
Zaizo
Zambarauni
Zame
Zanaki
Zangerawe
Zange
Zangha
Zanka
Zanzibar City
Zanzibar
Zashe
Zasi
Zawardini
Ziba
Zibobe
Zigaya
Zimba
Zimbili
Zimhali
Zimtini
Zinawe
Zinga Mulike
Zinga Nakingombe
Zinga Ngahama
Zinga
Zinga
Zingibaru
Zingi
Zingwe Zingwe
Zingwe Zingwe
Zinisa
Zipisa
Zira
Zitengeni
Ziwani
Ziwani
Ziwani
Ziwani
Ziwani
Ziwani
Ziwani
Zoboro
Zoissa
Zolovayo
Zombe
Zombo
Zongomera
Zongomero
Zozoichi
Zozoich
Zuboro
Zuguru
Zuiani
Zumbawanga
Zumbayanga
Zungukeni
Zuze
