Adelphi
Arnos Vale
Ashton
Baiabu
Barawally
Barroualie
Barrouallie
Barrualli
Bednoe
Belle Vue
Belmont
Bequia
Biabou
Brighton
Brighton Village
Byera Village
Caliaqua
Calliagda
Calliaqua
Camden Park
Chapmans
Charlestown
Chateaubelair
Chauncey
Cheltenham
Clare Valley
Clifton
Cliftons
Colonarie
Derrick
Dovers
Dubois
Edinboro
Fancy
Francois
Friendly
Friendship
Georgetown
Greathead
Greiggs
Hermitage
Kingstown
Kingstown Park
Layou
Liberty Lodge
Lovell Village
Mesopatamia
Mesopotamia
Montrose
New Sandy Bay Village
North Union
O'Briens
Old Wall
Orange Hill
Paget Farm
Pembroke
Peruvian Vale
Port-Elisabeth
Port Elizabeth
Princes Town
Questelles
Rabaca
Rabacca
Rabaka
Redemption
Ribishi
Richland Park
Richmond
Richmond Town
Richmond Vale
Rosehall
Rutland Vale
Rutland Vale Village
Sans Souci
South Rivers
Spring Village
Stubbs
Tourama
Troumaka
Turema
Union
Vermont
Wallibou
Wallibu
Waterloo
