Afega
Afenga
Afiamalu
Aganoa
Ahners
Alaloa
Amaile
Amvalea
Aopo
Apia
Asaga
Asaua
Asauana
Atoe
Auala
Aufaga
Avao
Avata
Etemuli
Eva
Faga
Fagafau
Fagaiofu
Fagali`i
Fagaloa
Fagamalo
Faiaai
Falealupo
Faleapuna
Faleapunga
Falease`ela
Faleasi`u
Faleata
Faleatiu
Falefa
Falelatai
Falelatai Reef
Falelima
Faleolo
Falepouma`a
Falepuga
Falepuna
Faleula
Faleulu
Falevai
Falevao
Falifa
Falula
Fangalii
Fasito`otai
Fasitoouta
Fasitouta
Fatuvalu
Fausaga
Foailalo
Foailuga
Foa Lalo
Foalelo
Foa Luga
Fogasavaii
Fogatuli
Fogosa Vaii
Fuailalo
Fusi
Gagaemalae
Gaitavai
Gaogao
Gataivai
Gautavai
Iliili
Iva
Lalomalava
Lalomanu
Lalomauga
Lalovi
Lanafala
Lano
Lara Lafa
Lataiuta
Lata
Lauli`i
Lauo
Leagiaga
Leagiagi
Lealaalii
Leauva`a
Leava`a
Leaveave
Lefaga
Lelepa
Lepa
Lepea
Letaupe
Letogo
Letongo
Letui
Leulumoega
Leulumoenga
Leusoalii
Levi
Lona
Lotofaga
Lotofanga
Luatuanu`u
Lufilufi
Maasina
Maauga
Mafafa
Magiagi
Magia
Malaemalu
Malaeola
Malaetele
Malauli
Malie
Malivai
Malololelei
Malua
Manase
Mangia
Maniani
Maninoa
Manunu
Masima
Matafangatele
Matafele
Matailiili
Matanofo
Matapunga
Matatufu
Matautu
Matavai
Moamoa
Moata`a
Mootaa
Motootua
Muliatele
Mulifanua
Mulinuu
Mulivai
Musumusu
Mutiatele
Nallutatu
Namoa
Namo
Naneiri
Naneivi
Nefunefu
Neiafu
Niusuatia
Nofoalii
Nuisuatia
Nu`u
Nuusuatia
Olofetu
Paia
Palauli
Papaloloa
Papa
Papaseea
Patamea
Pata
Piula
Piu
Poutasi
Pu`apu`a
Pui Pau
Puleia
Saaga
Saanapu
Saasaai
Saautaua
Safaato`a
Safa
Safatulafei
Safotulafai
Safotulafei
Safotu
Safune
Sagapolu
Sagapulo
Sagone
Saina
Saipipi
Sala`ilua
Salamumu
Salani
Saleaaumua
Salealua
Saleamua
Saleapaga
Saleaula
Saleaumua
Saleia
Saleilua
Sale`imoa
Salelavalu
Salelesi
Salelologa
Salelolonga
Salepoua`e
Salesatele
Salesulumua
Saletele
Salimu
Saluafata
Sama`i
Samalaeulu
Samamea
Samataitai
Samata
Samatau
Samauga
Samea
Samusu
Saninoga
Sanonu
Sapapalii
Sapo`e
Sapulu
Sapunaoa
Sasaai
Sasina
Satalo
Sataoa
Satapuala
Sataputu
Sataua
Satavae
Satitoa
Satoalepai
Satufia
Satuiatua
Satui
Satupa`itea
Sauago
Sauango
Sauano
Saumaga
Sauniatu
Savaia
Savai`i
Savalalo
Sili
Siu`faga
Si`umu
Siuniu
Siupapa
Siusega
Siutu
Siuvao
Sogi
Solomea
Solosolo
Songi
Suga
Taelefaga
Tafagamanu
Tafatafa
Tafitoala
Tafua
Taga
Tanugamanono
Tanumamanono
Tanuoa
Tapueleele
Taumuafa
Tiapapata
Tiapepe
Ti' Avea
Tiavi
Tifitifi
Toamua
Toloa
Tuamua
Tuana`i
Tuasavi
Tuasivi
Tufulele
Tufutafoe
Tufu
Tuiolemu
Tulivae
Tutu Tafoe
Tutu Tafu
Uafato
Uliamoa
Ulutauvalu
Ulutogia
Usoali`i
Utuali`i
Utuavanua
Utufaalalafa
Utulaelae
Utuloa
Vaiala
Vaialoa
Vaialua
Vaiasa
Vaiauau
Vaiee
Vaifoa
Vaigaga
Vaigalu
Vaijee`itai
Vaijee
Vailima
Vailoa
Vailutai
Vaimauga
Vaimoa
Vaimoso
Vaipouli
Vaipua
Vaisala
Vaitele Plantation
Vaitele
Vaitupua
Vaiula
Vaiusu
Vaivase
Vaiyee' Itai
Vaotupua
Vaovai
Vavau
Veiloa
