Accua
Acoua
Andréma
Apandzo
Bambo Est
Bambo Ouest
Bandraboua
Bandrajou
Bandrani
Bandrélé
Barakani
Bouéni
Bouilloni
Bouyouni
Chembénioumba
Chembényoumba
Chiconi
Chirongui
Choungui
Choungui Kéli
Coconi
Combani
Dapani
Djivani
Doujani
Dzaoudzi
Dzoumogne
Dzoumonyé
Florence
Foungoujou
Gnambo
Hachénoua
Hajangoua
Hamjago
Hamouro
Handréma
Hanyoundrou
Iloni
Ironi Bé
Kahani
Kangani
Kani Bé
Kani Kéli
Kaouéni
Karoni
Kavani
Kongo
Koualé
Koualé-Légion
Koungou
Labattoir
La Ferme
Longoni
Maboungani
Majikavo 1
Majikavo 2
Majikavo Koropa
Majikavo Lamir
Majiméouni
Malamani
Mambutzou
Mamoudzou
Mamoutzou
Mamutzu
Mangajou
Manyassini
Mbouéanatsa
Mbouini
Mbouyouni
M'Gombani
Miréréni
Mitséni
M'Jago
Mliha
Mouanatrindi
Mounadzini
Moutsamoudou
Moutsatoundou
Moutsoumbatsou
Mramadoudou
Mréréni Bé
Mréréni
Mronaléia
Mronyombéni
Mrowalé
Mtsahara
Mtsamboro
Mtsamgamouji
Mtsangachéhi
M'Tsangadoi
Mtsangadoua
M'Tsangamboi
Mtsangamboua
M'Tsangamouji
Mtsapéré
Musicale Plage
M'Zamboro
Mzouazia
Ngouja
Nyambadao
Nyambo
Ongojou
Ouangani
Pamandzi
Passamaïnti
Passi Kéli
Poroani
Rampe Cannelle
Sada
Sazilé
Sohoa Kavani
Sohoa Kéli
Sohoa
Tanaraki
Trévani
Trotrondjéou
Tsararano
Tsimkoura
Tsingoni
Tsoundzou 1
Tsoundzou 2
Vahibéni
