100 Acre Lots
Adylinn
Alexandra Park
Amandas
Amby
Angus Ranch
Antelope
Antelope Mine
Antenior
Arcadia
Arcadia South
Arcadia West
Arcturas
Arcturus
Ardbennie
Arlington
Arlington Estate
Ascot
Ashbrittle
Ashdown Park
Aspindale Park
Athlone
Avenues
Avoca
Avondale
Avondale Township
Avondale West
Avonlea
Avon Rise
Babblespruit
Badminton Block
Balabala
Balla Balla
Ballantyne Park
Balule
Bangamakuni
Bangamukumi
Banke
Banket
Banket Junction
Bannockburn
Barbour Fields
Barham Green
Barrington
Battlefield
Battlefields
Bauhinia
Bayi Bayi
Beatrice
Beitbridge
Belgravia
Belingwe
Bellevue
Belmont
Belmont East
Belvedere
Belvedere North
Belvedere South
Bemba
Bembesi
Bembezi
Bemthree
Beswota
Beverley
Beverley West
Bezha
Bikeni Nyemba
Bikita
Bindura
Bindura Town
Binga
Bingley
Birchenough Bridge
Bivis
Bizene
Blew Bonny
Bloomingdale
Blue Gum
Bluff Hill
Bluff Hill Park
Boli
Bolton
Bonke
Bonko
Bonkwe
Bonzo
Borrowdale
Borrowdale Brook
Borrowdale Brooke
Borrowdale Estate
Borrowdale West
Bota
Bothashof
Bradley Institute
Braeside
Brawlands
Bromley
Brooke Ridge
Bubu
Budiriro 2
Budiriro 4
Budiriro 5
Budiriro
Buffalo Range
Buhera
Bulale
Bulawayo
Bumi Hills
Burnside
Buschtick
Bushtick
Butabubili
Butabulili
Cashel
Cathleen
Cawunajena
Cement
Cement Siding
Cement Station
Centenary
Chababomera
Chabili
Chadcombe
Chafutchi
Chakara
Chakari
Chamnanga
Chancit
Chatsworth
Cheguto
Chegutu
Chemhondoro
Chereya
Chibi
Chibuwe
Chichindwe
Chief Chereya's Village
Chief Dabola
Chief Mabigwa
Chief Mabikwa
Chief Madhliwa
Chief Mahlaba
Chief Mswigana
Chief Myinga
Chief Nebiris Village
Chief Saba
Chief Sai
Chief Sikobokobo
Chief Simupas Village
Chief Sinampande
Chief Sinangatenkes Village
Chief Sinasenkwe
Chief Sinsalis Village
Chief Siposa
Chief Siposo
Chief Sivalo
Chikombu
Chikomo
Chilimanzi
Chimanimani
Chimbango
Chimsasa
Chinex
Chinhoyi
Chinoyi
Chipimfwe
Chipinga
Chipinge
Chipise
Chiporiro
Chipuriro
Chiredzi
Chirimuanzu
Chirunda
Chirundo
Chirundu
Chirundu Township
Chisipite
Chiso
Chisumbanje
Chitofa
Chitsunga
Chitsungo
Chitungwiza
Chiva
Chivhu
Chiwakanyama
Chizanje
Chomwedzi
Chulu
Churugwi
City Centre
City
Civic Centre
Claremont
Cleveland Park
Clovelly
Cold Comfort
Colleen Bawn
Colne Valley
Colray
Comet Rise
Concession
Connemara
Connemara Mine
Coronation Park
Cotswold Hills
Craigengower
Craiglee
Craigmore
Cranborne
Cranborne Park
Crawborough
Croft Mine
Crowborough North
Dabolas
Dabula
Dagamella
Dahlia
Daisyfield
Dangamvura
Darwendale
Darwin
Dawn Hill
Dawsons
Delmore
Dema Business Centre
Dema
Derbyshire Township
Dete
Dett
Dewsbury
Dhlakapiya
Dhlamini
Dingandawo
Dingindawa
Disi
Doma
Dombo
Domboshawa
Dombosnawa
Donnington
Donnybrook
Dorowa Claims
Dorowa
Dorowa Mining Lease
Douglasdale
Downlands Park
Duchess Hill
Dungarven
Dunkirk
Dunowen
Dzivareskwa
Dzorora
Eastlea
Eastlea North
Eastlea South
Eastnor
East Queens Park
Ebabeni
Ebizeni
Egagwini
Egomeni
Ehampeni
Eiffel Flats
Elandshoek
Elangeni
Eldorado
Eloana
Emakhandeni
Emanaleni
Emangweni
Emateshaneni
Ematetshaneni
Emerald Hill
Emfelabuso
Emgolweni
Emgomeni
Emkayeni
Empafeni
Empisini
Empress Mine Township
Emqolweni
Emvana
Emyana
Enhlangano
Enkeldoorn
Enqameni
Enqotsheni
Ensedhlwini
Entumbane
Epworth
Esibomvu
Esigodini
Esimbomvu
Esinganeni
Essexvale
Eversley
Excelsior
Ezanguweni
Fagadola
Fairland
Fairstar
Famona
Featherstone
Felixburg
Felixburg
Figtree
Filabusi
Filimons Village
Fishan
Folosi
Fombe
(( Forestvale ))
Fort Rixon
Fortunes Gate
Fort Usher
Fort Victoria
Four Winds
Fred Mine
Freelands
Fresnaye
Fumabatshena
Fumbatshena
Funda
Fura
Gadzema
Gagwini
Gambisa
Gambiza
Gampagalale
Gaths Mine
Gatooma
Gawa
Gempo
Georgia
Gevstein Park
Gibixegu
Glass Block
Glenavon Est
Glencoe
Glencova
Glendale
Glendevon
Glendye
Gleneagles
Glenearn
Glengarry
Glenlivet
Glen Lorne
Glen Norah
Glenview
Glenville
Glenwood
Gletwyn A
Gletwyn
Gokwe
Golden Valley
Good Hope
Goredema District Chief Camp
Gorodema
Goromonzi
Granite Park
Graniteside
Greencroft
Greendale
Green Grove
Greenhill
Greenspan
Greystone A
Greystone
Greystone
Greystone Park
Grobbie Park
Groombridge
Guinea Fowl
Gulakabili
Gulakibili
Gumtree
Gun Hill
Guruwe
Gutu
Guwa
Gwaai
Gwabalanda
Gwai
Gwanda
Gwangwari
Gwelo
Gwelutshena
Gwembgwa
Gwemga
Gweru
Gwesi
Gxobonolo
Haig Park
Halale
Hamilton
Hampeni
Handsworth
Hangapu
Harare African Township
Harare
Harari
Harrisvale
Harrisville
Hartlands
Hartley
Hatcliffe
Hatfield
Haydon
Headlands
Heany
Heany Junction
Helensvale
Hewu
Highfield
Highfield Native Village
Highlands Estate
Highlands
Highmount
Hillcrest
Hillside East
Hillside
Hillside
Hillside South
Hillside West
Hingwe
Hippo Valley
Hlananisas
Hlangano
Hogerty Hill
Homefield
Hope Valley
Hopley
Hot Springs
Houghton Park
Howard Institute
Hoyuyu
Hume Park
Hundred Acre Lots
Hunters Road
Hunts Road Halt
Hwali
Hwange
Hwe Hwe
Hyde Park Estate
Hyde Park
Iiunkub
Ilanda
Ilunkubo
Imbesu Park
Iminyela
Impampa
Impampas
Induna
Ingesi
Ingezi
Ingwe
Inkubusi
Inoro
Insiza
Insukamini
Intabayezinduna
Intini
Inyanga
Inyati
Inyazura
Ireland
Irene
Irisvale Halt
Ivorie
Jacaranda
Jakalasi
Jalume
James
Janisa
Janiza
Jawunda
Jerera
Jimila
Jirira
Jissi
Jojos Village
Jolume
Jowa
Juliasdale
Jumbo
Junction Gate
Junction Tea Room
Juru
Kadelas Village
Kadoma
Kalane
Kalugus Village
Kamativi
Kambanji
Kambuzuma
Kame
Kamitivi
Kandana
Kanukamwe School
Kanyemba
Kanyonga Camp
Kapane
Kapateni
Kapoka
Kariba
Kariyangwe
Karoi
Karoyi
Kashambi
Katoma
Kawahove
Kayisa
Kazangarare
Kelvin East
Kelvin North
Kelvin West
Kenilworth Estates
Kenilworth
Kensington
Kenyandavu Camp
Kenyandavu
Kenyungu
Keynshamburg
Kezi
Kilallo
Killarney
Kimberley Reefs
King Mine
Kingsdale
Kingsmead
Kings Mine
Kopje
Korodziba
Kubiko
Kudjwara
Kumalo
Kumalo North
Kutsaga Village
Kuwadzana 3
Kuwadzana 4
Kuwadzana
Kwekwe
Lakeside
Lalapansi
Lalapanzi
Lancaster
Legion
Legion Mine
Letombo Park
Lewisam
Lewisham
Lichendale
Limbeck
Lincoln Green
Lingombenetshankwe
Lions Den
Little Norfolk
Lobengula
Lobenvale
Lochinvar
Lockview
Logan Park
Lonely Mine
Lorelei
Lower Gwelo
Lower Nondwene
Lower Rangemore
Lubesi
Lucu
Luhonja
Luhotswa
Luipaards Vlei
Luna
Lundi
Lupando
Lupane
Lupani
Lupinde
Lupindi
Lupondo
Lusulu
Lusulu Settlement
Lutombe
Lutsha
Luveve
Luveve Native Village
Mabalanas
Mabaye
Mabele
Mabelreign
Mabiriya
Mabutweni
Mabuze
Mabvuku
Machachuta
Macheke
Machendu
Machihiri
Machiroli
Machrole
Maclear
Madadzi
Mademauli
Madhlosi
Madioma
Madona
Madonga
Madubus
Madziwa
Mafayfa
Mafusini
Mafuto
Magazi
Magodi Masili
Magunge
Magwegwe
Magwegwe North
Magwegwe West
Mahanzwa
Mahlalayedwa
Mahlosi
Mahusekwa
Mahusekwa Township
Maimi
Mainway Meadows
Majabane
Majabani
Majumi
Makabusi
Makado
Makaha
Makhaza
Makokoba
Makokwe
Mako
Makonis
Makosa Business Centre
Makosa Township
Makose
Makulugusi
Makulukusa
Makuti
Makvlela
Makwino
Makwira
Makwiro
Malanda
Malapati
Malhera
Malila
Malindela
Malindi
Maloba
Malube
Malvern
Malvulashaba
Manala
Mananzwa
Mandamambge
Mandamombge
Mandara
Mandau
Mandidzudzure
Mangula
Manguta
Mangwalu
Mangwatu
Mangwe
Mangwende
Mangwendi
Mangweni
Manjelengwa
Mankonekaze
Mankonekazi
Manningdale
Manondweni
Manresa
Manubvu
Manyati
Manzamahle
Manzemuhle
Mapengula
Mapili
Mapolisa
Mapulubusi
Maramani
Maranami
Marandellas
Marimba Park
Mari Phumbi
Marlands
Marlborough
Marondera
Marongwe
Marshbrook
Marvel A
Marvel
Maryland Junction
Maryland
Masachuta
Mashaba
Mashachuta
Mashambahaka School
Mashami
Mashava
Mashula
Mashule
Masilingana
Masole
Masvingo
Maswi
Mataga
Matapula
Matemaganya
Matemawule
Matibi
Matibis
Matidoda Park
Matinka
Matiwaza
Matoba
Matobo
Matole
Matombo
Matopos
Matorashangu
Matsai Township
Matsheumhlope Lots
Matsheumhlope
Matshobana
Matshwaheni
Matswaheni
Matswaire
Matupula
Mavele
Mayfield Park
Mazabisa
Mazabiza
Mazanzi
Mazhula
Mazibulala
Mazilingana
Mazoe
Mazowe
Mazunga
Mazunga Ranch Headquarters
Mbalabala
Mbamba
Mbanuana
Mbanyana
Mbare
Mbembezi
Mberengwa
Mbiriya
Mbiza
Mbizi
Mbizo
Mbizo
Mbizo Township
Mbungu Settlement
Mcetshwa
Melfort
Melsetter Junction
Melsetter
Melton
Mendamu
Meyrick Park
Mgadzi
Mgodi Masili
Mhanda
Mhangura
Miami
Miasi
Midlands
Miketwa
Milan
Millievale
Milton Park
Mjumi
Mkasa
Mkauzaan
Mkayeni
Mketwa
Mkoba
Mkombo
Mkubazi
Mnene
Mneni
Mon Abri
Monavale
Monema
Monovale
Montgomery
Montrose
Mormon Hill
Morningside
Mount Darwin
Mount Fura
Mount Hampden Junction
Mount Hampden
Mount Hampton
Mount Pleasant
Mount Pleasant Park
Mowonema
Moyeni
Mpafani
Mpate
Mphoeng
Mphoengs
Mphoweng
Mpilo
Mpinjwana
Mpinjwani
Mpopoma
Mpopomo South
Mpulubuzi
Mrazor
Mrewa
Msasa
Msasa Park
Msonedi
Msonneddi
Mswiganas Kraal
Mtampane
Mtawalos Village
Mtemaganyu
Mtendere
Mtepatepa
Mtoko
Mtole
Mtorashangu
Mtoroshanga
Mtshayeli
Mtsuli
Mubayira
Mubayira Township Reserve
Mucheke Township
Mucheki
Mucibwa
Mufakose
Muhlonga
Mukuvisi
Mukuvisi Park
Mukuvisi Woodlands
Mulujawane
Mulujawane Siding
Mulungwane
Munda
Munene
Munyati
Murehwa
Murewa
Muri Pumbi
Musitkwe
Musondzo
Musonza
Muswewenhede
Mutambara
Mutare
Mutepatepa
Mutoko
Mutorashanga
Muvumi
Muvuti
Mvudhlana
Mvuma
Mvundhlana
Mvurwi
Mwami
Mwanezi
Mwenezi
Mwenezi
Mzenzi
Mzilikazi
Nakabindana
Nandi Mill
Nandi
Napemando
Narakati
Narira
Nbira District Chief Camp
Nbira
Ndanga
Ndolwane
Nembe
Nembudzia
Nembudziya
Nenyuka
Nenyunka
Neuso Business Centre
New Alexandra Park
New Ardbennie
Newbiggin
New Bromley
New Hartley
Newlands
Newmansford
New Marlborough
Newton
Newton West
Ngadza
Ngesi
Ngesi
Ngezi
Ngezi Siding
Ngiki
Ngoku
Ngomahura Leper Settlement
Ngomahuru
Ngoma
Nguboyenia
Ngulalikashi
Ngundu Halt
Nigonenanse
Ningombeneshango
Ningombenonzi
Nintila
Nintili
Nizhou
Nizhowu
Njube
Nkai
Nkanzaan
Nkarakati
Nkayi
Nketa
Nkosikazi
Nkulumane
Nkwichu
Nkwisi Park
Nkwizhu
North End
Northgate
Northlea
North Lynne
North Trenance Estate
North Trenance
Northwood
Norton
Npuma
Nsukumini
Ntaba Moya
Ntabazinduna
Ntakwa
Ntampane
Ntawha
Ntulula
Ntumbuwamayi
Ntumbuyamai
Nuanetsi
Nxabamude
Nyabira
Nyadzi
Nyakatha
Nyala
Nyamandhlovu
Nyamandholovu
Nyamapanda Customs Post
Nyamapanda
Nyamapande
Nyamkoho Township
Nyamwanga
Nyamweda
Nyanda
Nyandoros
Nyanga
Nyanganyeni
Nyanganyuni
Nyangwene
Nyangweni
Nyanyadzi Business Center
Nyanyadzi
Nyariba
Nyautare
Nyazura
Nyazure
Nykasikana
Odzi
One Hundred Acre Lots
Orange Grove
Otto Beit Bridge
Oval Park
Paddonhurst
Pakana
Pambuka African Township
Pambuka
Pamula
Parklands
Park Meadowlands
Parkridge Estate
Parktown
Parkview
Pashu
Pashus
Patalika
Pearson Settlement
Pelandaba
Pelela
Pelendaba
Pembe
Pendennis
Penhalonga
Pfupajena
Philadelphia
Plumtree
Pomona
Pondo
Poomula
Poorte River
Prospect Park
Prospect
Protea
Pumula African Township
Pumula East
Pumula North
Pumula
Qedajaha
Quedajaha
Queensdale
Queensdale
Queens Mine
Que Que
Quinnington
Raffingora
Rangemore
Raylton
Redcliffe
Redcliff
Reigate
Rhodesville
Richmond
Ridgeview
Rietfontein
Rimuka
Riverside Estates
Riverside North
Riverside South
Robert Sinyoka
Robert Sinyoka Suburb
Rocky Spruit
Rolfe Valley
Rolf Valley
Romney Park
Rosa
Rosmalind
Rowa
Rowena
Rugare
Rugari
Rukodora
Runiville
Runnivale
Rupepwe
Rupisi
Rurgwe
Rurwi
Rusape
Rusapi
Rutenga
Ruwa
Rwatsumbu
Ryelands
Saba
Sablevale
Sableville
Sadza
Sahlupeka
Saint Andrews Park
Saint Martins
Saint Marys
Sakubva
Salagushle
Salankomo
Salisbury Park
Salisbury
Salukwe
Samlupeka
Sandawana
Sanyati
Sanyatwe
Sauers
Sauers Town
Sauers Township
Sauers Town West
Sava
Sawa Sawa
Sawmills
Science Park
Seboza
Sedhlwini
Seke
Seki African Township
Seki
Seki Township
Selous
Selukwe
Semawuru
Senka
Sentosa
Setana
Sewela
Shabani
Shaba
Shagari
Shamaburu
Shamva
Shangani
Shavani
Shawasha Hills
Shawila
Sheleni
Sherwood Park
Sherwood
Shingwe
Shololezhou
Shortson
Shoteli
Shurugwi
Siabuwa
Sibanjiba
Sibunkululu
Sigwini
Sihazela
Sikende
Silisi
Silobela
Silonkwe
Simchembo
Sinamatella Camp
Sinamatila Camp
Sinangeti
Sinoia
Sinyoni
Sipolilo
Sipongweni
Siqwini
Siringa
Sitambala
Sitambarara
Sitauze
Sitauzis
Siwela
Siwila
Siwile
Siyangiya
Sizinda
Sodaka
Solonkwe
Somabhula
Somabula
Somkaya
Somlata
Somlota
Somqibe
Somquibe
Sontamba
Sontambo
Sosera
Sote Source
Soti Source
Southdale
Southerton
Southwold
Spingwini
Springfontein
St. Andrews Park
Stapleford
Steeldale
St. Martins
Stortford
Strathaven
Strathmore
Stubbington Park
Suburbs
Sunningdale
Sunninghill
Sunnyside
Sunridge
Sunrise
Susmani
Susumani
Suswe
Sutskwe Township
Sweswe
Tabas Induna
Tafara
Taikoo
Tamhla
Tamuhle
Tandaai
Tandai
Tandayi
Tankahokwe
Tankahukwe
Tegela
Tembile
Tembili
Teneriffe
The Grange
The Helenvale Block
The Jungle
The Range
The Springs
Theydon
Thistle Etna
Thorngrove
Tizoras
Tjagacuhle
Tjolotjo
Tongwe
Torwood
Towla
Trelawney
Trenance
Triangle Ranch
Triangle
Tsambvi
Tsamvi
Tsetana
Tsetseri
Tshabalala
Tshabanda
Tshakapika
Tshayile
Tshefu Tshefu
Tshibizena
Tshibizina
Tshino
Tshinu
Tshitashwana
Tshitatshawa
Tshiturapadsi
Tshiyakwakiwe
Tshiyakwakwe
Tsholotsho
Tstetseri
Tswiza
Tudeley
Tulamela
Tulamila
Tuli
Tullichewan
Turk Mine
Tynwald South
Tynwald
Uhera
Umganine
Umganin
Umgusa Estate
Umgusa
Umguza Estate
Umguza
Umsweswe Siding
Umsweswe
Umtali
Umvukwes
Umvuma
Umvutcha A
Umvutcha
Umwinsidale
Uplands
Upper Glenville
Upper Rangemore
Ushehwokunze
Usher Institute
Ushewokunze
Vainona
Valencedene
Valence Dene
Vengere
Ventersburg
Verona
Victoria Falls
Villa Franca
Vozheka
Vozueka
Vrede
Vulashaba
Wallace Block
Wange
Wankie
Warren Park D
Warren Park North
Warren Park
Warren
Waterfalls
Waterfall
Waterford
Waterlea
Watsomba
Wedza
Welcome
Westgate
West Nicholson
Westondale
West Queens Park
Westwood
West Wood
Wha Wha
Whitecairns
White Star
Willowvale
Willow Vale
Willsgrove
Wilmington Park
Wilton
Winchendon
Windsor Park
Woodlands
Woodville Park
Woodville South
Woodville
Workington
Worringham
Xabamude
Xanixani
Xhani Xhani
Xoboholo
Xotjeni
Zabagwadi
Zaka
Zamqaweni
Zandile
Zandi
Zanyika
Zemalapala
Zemandana
Zemanda
Zibalonkwe
Zibunkululu
Ziga
Zikamanas Village
Zimbabwe
Zimre Park
Ziyakamanas
Zizalisari
Zuzumba
Zvishavane
