Abena
Abeni
Adaeze
Adanna
Adannaya
Adjoa
Adwoa
Afia
Afua
Akosua
Akua
Alaba
Ama
Amaka
Amara
Amarachi
Añuli
Ayo
Ayomide
Bolanle
Chiamaka
Chichi
Chidimma
Chika
Chinasa
Chinyelu
Chinyere
Chioma
Dada
Dayo
Ebele
Efua
Ekua
Ekundayo
Eniola
Esi
Fumnanya
Funanya
Gbemisola
Ife
Ige
Kunto
Lumusi
Mojisola
Monifa
Ngozi
Nkechi
Nkechinyere
Nkiru
Nkiruka
Nneka
Nnenna
Nnenne
Nwanneka
Ogechi
Ogechukwukama
Olamide
Olayinka
Olubunmi
Olufunmilayo
Olufunmilola
Oluwafunmilayo
Oluwaseyi
Oluwayemisi
Omobolanle
Omolara
Oni
Onyeka
Onyekachi
Simisola
Temitope
Thema
Titilayo
Udo
Yaa
Yejide
Yewande
