Abidemi
Abimbola
Abiodun
Abioye
Adebowale
Adegoke
Adetokunbo
Adisa
Afolabi
Akachi
Akuchi
Amadi
Amadi
Anan
Awotwi
Ayodele
Ayokunle
Ayotunde
Azubuike
Baako
Babajide
Babatunde
Bamidele
Berko
Bosede
Chi
Chibueze
Chibuike
Chibuzo
Chidi
Chidiebere
Chidiebube
Chidiegwu
Chidike
Chidubem
Chiemeka
Chijindum
Chike
Chikelu
Chikere
Chima
Chinedu
Chinonso
Chinwe
Chinweike
Chinwendu
Chinweuba
Chizoba
Chuks
Chukwudi
Chukwuemeka
Chukwuma
Dubaku
Ekene
Ekenedilichukwu
Ekwueme
Emeka
Emem
Enitan
Enu
Enyinnaya
Femi
Folami
Ibrahima
Idowu
Ikenna
Ime
Kayin
Kayode
Kobina
Kofi
Kojo
Kwabena
Kwadwo
Kwaku
Kwame
Kwasi
Kweku
Kwesi
Lekan
Mamadou
Ndidi
Nkemdilim
Nkruma
Nnamdi
Nsia
Nsonowa
Obi
Olabode
Olamilekan
Olanrewaju
Oluchi
Olufemi
Olufunke
Olujimi
Olukayode
Olumide
Oluwakanyinsola
Oluwasegun
Oluwaseun
Oluwatoyin
Onyekachukwu
Opeyemi
Uduak
Uzochi
Uzoma
Yaw
