Abena
Abeni
Aberash
Achieng
Adaeze
Adanna
Adannaya
Adhiambo
Adjoa
Adwoa
Afia
Afua
Akinyi
Akosua
Akua
Alaba
Ama
Amaka
Amara
Amarachi
Añuli
Asha
Atieno
Awiti
Ayo
Ayomide
Babirye
Boitumelo
Bolanle
Chausiku
Chiamaka
Chichi
Chidimma
Chika
Chinasa
Chinyelu
Chinyere
Chioma
Chipo
Dada
Dayo
Desta
Dikeledi
Ebele
Efua
Ekua
Ekundayo
Eniola
Eshe
Esi
Fumnanya
Funanya
Furaha
Gbemisola
Hlengiwe
Ife
Ige
Imani
Kagiso
Kamaria
Kunto
Lerato
Lesedi
Lindiwe
Lumusi
Lungile
Makena
Manyara
Marjani
Masego
Mbali
Mchumba
Mirembe
Mojisola
Monifa
Mudiwa
Mwanajuma
Nakato
Neo
Ngozi
Nia
Nkechi
Nkechinyere
Nkiru
Nkiruka
Nkosazana
Nneka
Nnenna
Nnenne
Nomusa
Nontle
Nosipho
Nosizwe
Ntombi
Nuru
Nwanneka
Nyah
Nyarai
Ogechi
Ogechukwukama
Olamide
Olayinka
Olubunmi
Olufunmilayo
Olufunmilola
Oluwafunmilayo
Oluwaseyi
Oluwayemisi
Omobolanle
Omolara
Oni
Onyeka
Onyekachi
Rufaro
Rumbidzai
Rutendo
Sanaa
Sauda
Sekai
Sethunya
Sibonakaliso
Simisola
Sithembile
Ssanyu
Subira
Taonga
Tapiwa
Tariro
Temitope
Thandiwe
Thema
Thulile
Titilayo
Tsholofelo
Udo
Worknesh
Yaa
Yejide
Yewande
Zola
Zuri
