Abidemi
Abimbola
Abiodun
Abioye
Adebowale
Adegoke
Adetokunbo
Adisa
Afolabi
Akachi
Akuchi
Amadi
Amadi
Anan
Andile
Awotwi
Ayodele
Ayokunle
Ayotunde
Azubuike
Baako
Babajide
Babatunde
Bamidele
Berko
Boipelo
Bongani
Bosede
Chi
Chibueze
Chibuike
Chibuzo
Chidi
Chidiebere
Chidiebube
Chidiegwu
Chidike
Chidubem
Chiemeka
Chijindum
Chike
Chikelu
Chikere
Chima
Chinedu
Chinonso
Chinwe
Chinweike
Chinwendu
Chinweuba
Chiumbo
Chizoba
Chuks
Chukwudi
Chukwuemeka
Chukwuma
Dakarai
Dubaku
Dumisani
Ekene
Ekenedilichukwu
Ekwueme
Emeka
Emem
Enitan
Enu
Enyinnaya
Farai
Faraji
Femi
Folami
Fungai
Gwandoya
Ibrahima
Idowu
Ikenna
Imamu
Ime
Isingoma
Itumeleng
Jelani
Jengo
Jumaane
Katlego
Kato
Kayin
Kayode
Kefilwe
Kgosi
Khamisi
Kibwe
Kirabo
Kobina
Kofi
Kojo
Kwabena
Kwadwo
Kwaku
Kwame
Kwasi
Kweku
Kwesi
Lekan
Mamadou
Masamba
Masozi
Melisizwe
Mosi
Munashe
Mwenye
Ndidi
Nkemdilim
Nkosana
Nkruma
Nnamdi
Nsia
Nsonowa
Nthanda
Obi
Ochieng
Odhiambo
Olabode
Olamilekan
Olanrewaju
Oluchi
Olufemi
Olufunke
Olujimi
Olukayode
Olumide
Oluwakanyinsola
Oluwasegun
Oluwaseun
Oluwatoyin
Onyekachukwu
Opeyemi
Otieno
Paki
Refilwe
Rudo
Sefu
Simba
Sipho
Sizwe
Tafadzwa
Tafari
Tatenda
Tau
Tendai
Tendaji
Thabo
Themba
Thulani
Tichaona
Tinashe
Tumelo
Uduak
Unathi
Uzochi
Uzoma
Wasswa
Wekesa
Xolani
Yaw
Zephania
Zuberi
