Adalheidis
Adela
Adelais
Adelina
Ælfgifu
Ælfþryð
Aelia
Aeliana
Aemilia
Aemiliana
Aenor
Æðelflæd
Æðelþryð
Agape
Agatha
Agathe
Agnes
Agrippina
Aikaterine
Alba
Albina
Alda
Aldegund
Alexandra
Alfhildr
Allovera
Amalasuintha
Amalia
Ambrosia
Amelia
Amelina
Anastasia
Anthousa
Antonia
Antonina
Aphrodisia
Apollonia
Aquilina
Aristomache
Arnbjörg
Artemisia
Ása
Ásdís
Áslaug
Aspasia
Ásta
Ástríðr
Aðalbjörg
Athanasia
Athenais
Auda
Augusta
Augustina
Aurelia
Aureliana
Ava
Avelina
Aveza
Avila
Balbina
Berengaria
Berenice
Berenike
Bergljót
Berhta
Bertha
Blandina
Boadicea
Borghildr
Boudicca
Brunhild
Brunhilde
Brunihild
Brynhildr
Brynja
Caecilia
Caelia
Caelina
Camilla
Cassia
Charis
Charmion
Chloe
Chlotichilda
Chrysanthe
Claudia
Cleopatra
Cloelia
Clothildis
Corinna
Cornelia
Cunigund
Cyneburga
Dagmær
Dagný
Decima
Demetria
Demostrate
Domitia
Domitilla
Doris
Drusa
Drusilla
Eadburga
Eadgyð
Ealdgyð
Eirene
Elpis
Emma
Eoforhild
Ermendrud
Ermingard
Erminhilt
Erminlinda
Euanthe
Eudocia
Eudokia
Eudoxia
Eugeneia
Eugenia
Eulalia
Eumelia
Eunice
Eunike
Euphemia
Euphrasia
Eupraxia
Euthalia
Euthymia
Eutropia
Eydís
Fabia
Fabiana
Fabiola
Fabricia
Fausta
Faustina
Flavia
Floriana
Frida
Fríða
Friðuswiþ
Fulvia
Gaiana
Gaiane
Galene
Genovefa
Geretrudis
Gerhild
Gerlind
Germana
Gertrud
Gisila
Godeliva
Godiva
Gratiana
Grímhildr
Grimhilt
Gunda
Gunnbjörg
Gunnhildr
Gunnvör
Guðlaug
Guðríðr
Guðrún
Gyða
Hadewig
Hadriana
Hagne
Hailwic
Hallþóra
Hatshepsut
Helena
Helene
Helewidis
Helga
Herminia
Hilaria
Hild
Hilda
Hildegard
Hildigardis
Hilditrut
Hildr
Hjördís
Horatia
Hortensia
Hrodohaidis
Hypatia
Ida
Ima
Inga
Ingibjörg
Ingigerðr
Ingríðr
Ingvildr
Irene
Irma
Ishild
Isidora
Iðunn
Iulia
Iuliana
Iunia
Jórunnr
Julia
Juliana
Junia
Kallisto
Kallistrate
Kleopatra
Korinna
Laelia
Laurentia
Laurentina
Leutgard
Ligeia
Linda
Linza
Livia
Liviana
Longina
Lucia
Luciana
Lucilla
Lucretia
Luigsech
Luitgard
Lutgardis
Lysandra
Lysistrata
Mahthildis
Marcella
Marcellina
Marcia
Mariana
Marina
Martina
Mathilda
Maxima
Maximiliana
Melissa
Melitta
Metrodora
Mildburg
Mildgyð
Mildþryð
Myrgjöl
Myrrine
Nefertari
Nefertiti
Nike
Nino
Nona
Octavia
Oda
Odila
Odilia
Olympias
Paula
Paulina
Pelagia
Petronia
Pherenike
Phile
Phoibe
Photine
Pomponia
Prisca
Priscilla
Ptolemais
Quintina
Raganhildis
Ragnbjörg
Ragnfríðr
Ragnheiðr
Ragnhildr
Regula
Rhode
Roshanak
Roslindis
Rosmunda
Rothaid
Roxana
Roxane
Roza
Rufina
Rúna
Sabina
Sappho
Saturnina
Saxa
Septima
Severina
Sigihild
Sigilind
Signý
Sigríðr
Sigrún
Sólveig
Sophia
Sostrate
Sunngifu
Svanhildr
Swanahilda
Syntyche
Tacita
Tatiana
Thais
Theodora
Theodosia
Theokleia
Theophania
Theophila
Þeudelinda
Þone
Þóra
Þórbjörg
Þórdís
Þórfríðr
Þórhildr
Þórný
Þýri
Timo
Timothea
Titiana
Tófa
Tryphaina
Tryphosa
Tullia
Unnr
Valdís
Valentina
Valeria
Valeriana
Varinia
Verginia
Vibiana
Vígdís
Virginia
Vita
Waldeburg
Wigburg
Wilburh
Xanthe
Xanthippe
Xenia
Xeno
Yngvildr
Zenais
Zenobia
Zoe
Zosime
