Acacius
Achaikos
Adalberht
Adalbern
Adalbert
Adalfuns
Adalhard
Adalwin
Adalwolf
Adelmar
Adolf
Adolphus
Áed
Áedán
Áedh
Ælfgar
Ælfheah
Ælfræd
Ælfric
Ælfwine
Aelianus
Aelius
Ælred
Aemilianus
Aemilius
Æsc
Aeschylus
Aesop
Æðelbeorht
Æðelfrið
Æðelmær
Æðelred
Æðelric
Æðelstan
Æðelwine
Agapetos
Agapetus
Agapios
Agathon
Aghi
Agmundr
Agrippa
Ahenobarbus
Ahmose
Akakios
Akhenaten
Akhenaton
Áki
Alaric
Albanus
Alberich
Albert
Albertus
Albinus
Alboin
Albus
Alcaeus
Aldegar
Aldhard
Aldo
Aldric
Áleifr
Alexander
Alexandros
Alexios
Alexis
Alexius
Alfarr
Alfbern
Alfher
Alfons
Alfwin
Alwin
Amalric
Ambrosios
Ambrosius
Amenemhet
Amenhotep
Ampelios
Ampelius
Amyntas
Anacletus
Anakletos
Anastasios
Anastasius
Anatolios
Anatolius
Anaxagoras
Andreas
Androcles
Andronikos
Angilberct
Anicetus
Aniketos
Ansehelm
Anselm
Ansgar
Ansigar
Anso
Ansobert
Antigonus
Antipater
Antoninus
Antonius
Anzo
Aphrodisios
Apollinaris
Apollodoros
Apollonios
Appius
Aquila
Aquilinus
Arcadius
Archelaos
Archelaus
Archembald
Archimedes
Archippos
Argyros
Ari
Aristarchos
Aristarchus
Aristeides
Aristides
Aristocles
Aristodemos
Aristokles
Ariston
Aristophanes
Aristoteles
Aristotle
Arkadios
Arminius
Arnold
Arnþórr
Arnviðr
Arsenios
Arsenius
Artakhshathra
Artaxerxes
Artemidoros
Artemisios
Ásbjörn
Ásgeirr
Ásketill
Asklepiades
Ásmundr
Ásvaldr
Aðalsteinn
Athanaric
Athanas
Athanasios
Athanasius
Atilius
Audamar
Audo
Audovacar
Augustinus
Augustus
Aulus
Aurelianus
Aurelius
Avitus
Babak
Baldarich
Baldomar
Baldovin
Baldwin
Basileios
Basilius
Bel-sarra-usur
Belshazzar
Berahthraban
Berahthram
Berengar
Berhtoald
Berinhard
Bernard
Bernhard
Bertram
Bertrand
Bion
Birgir
Bjarni
Bjartr
Björn
Blandinus
Blandus
Blasius
Brandr
Bréanainn
Brennus
Brian
Bricius
Bruno
Brutus
Brynjarr
Búi
Cadeyrn
Caecilius
Caelinus
Caelius
Caesar
Caius
Callias
Camillus
Caratacos
Caratacus
Carlman
Carloman
Carolus
Cassian
Cassianus
Cassius
Cato
Celsus
Cerdic
Chariovalda
Chariton
Chlodochar
Chlodovech
Chlodulf
Chlothar
Chrysanthos
Cicero
Claudius
Cleisthenes
Cleitus
Cleon
Clitus
Clodovicus
Cloelius
Clovis
Cnaeus
Conrad
Cornelius
Cosmas
Crispinus
Crispus
Cunobelinus
Cynefrið
Cyprianus
Cyrillus
Cyrus
Dagfinnr
Damianos
Damianus
Darayavahush
Dareios
Decimus
Demetrios
Demetrius
Democritus
Demon
Demosthenes
Diodoros
Diodorus
Diodotos
Diodotus
Diogenes
Diokles
Dion
Dionysios
Dionysius
Dionysodoros
Domitianus
Domitius
Draco
Drest
Drust
Drustan
Drusus
Eadberht
Eadgar
Eadmund
Eadweard
Eadwig
Eadwine
Ealdræd
Eastmund
Eberhard
Eburwin
Ecgberht
Egilhard
Egill
Egnatius
Eileifr
Eindriði
Eirenaios
Eiríkr
Ekkebert
Ekkehard
Elisedd
Emelrich
Emmerich
Engelbert
Eoforwine
Eógan
Epaphras
Epaphroditos
Epiktetos
Erasmos
Erastos
Ercanbald
Erlendr
Erlingr
Ermenrich
Erminigild
Ernust
Erwin
Euaristos
Euclid
Eugenios
Eugenius
Eukleides
Euphemios
Euphranor
Euripides
Eusebios
Eusebius
Eustachius
Eustachus
Eustathios
Eustorgios
Eustorgius
Euthymios
Euthymius
Eutropios
Eutropius
Eutychios
Eutychius
Eutychos
Evaristus
Ewald
Eysteinn
Eyvindr
Fabianus
Fabius
Fabricius
Fáelán
Faramund
Faustinus
Faustus
Fedelmid
Fedlimid
Feidlimid
Felix
Ferdinand
Festus
Filibert
Finnr
Flavianus
Flavius
Florianus
Florus
Fólki
Franco
Friduhelm
Friduric
Fridwald
Friðþjófr
Fróði
Fulco
Fulvius
Gaius
Galenos
Gallus
Gaufrid
Gautselin
Gautstafr
Gebahard
Gennadios
Gennadius
Georgios
Georgius
Gerbern
Gerfrid
Gerhard
Gerlach
Germanus
Gernot
Gerold
Gerulf
Gervas
Gervasius
Gilbert
Gisbert
Giselbert
Gisilbert
Gisilfrid
Gislenus
Gislin
Glædwine
Glaucia
Gnaeus
Godafrid
Godric
Godwine
Gordianus
Gotahard
Goteleib
Gratianus
Gulbrandr
Gumarich
Gundahar
Gundhram
Gundisalvus
Gunnarr
Guðbrandr
Guðfriðr
Guðmundr
Gwrtheyrn
Hadrianus
Hadufuns
Haerviu
Hagano
Haimo
Hákon
Hálfdan
Hallbjörn
Hallsteinn
Hallþórr
Hallvarðr
Hamilcar
Hammurabi
Hannibal
Haraldr
Hardman
Hardmod
Harduwich
Hardwin
Haribert
Hariman
Hariwald
Hariwini
Hartmut
Hartwig
Hartwin
Hasdrubal
Heimirich
Heinrich
Helgi
Heliodoros
Helmfrid
Helmo
Helmold
Helmut
Hengist
Henricus
Heracleitus
Heraclius
Herakleides
Herakleios
Herakleitos
Hereward
Hereweald
Herleifr
Herman
Hermanus
Herminius
Hermogenes
Hermokrates
Hermolaos
Hero
Herodes
Herodion
Herodotus
Heron
Hesiod
Hesperos
Hieronymos
Hieronymus
Hilarion
Hilarius
Hildebrand
Hildefons
Hildiberht
Hippocrates
Hippokrates
Hippolytos
Hjálmarr
Hludowig
Homer
Homeros
Horatius
Horsa
Hortensius
Hrafn
Hróarr
Hrodebert
Hroderich
Hrodger
Hrodland
Hrodpreht
Hrodulf
Hrœrekr
Hrolf
Hrólfr
Hroðgar
Hróðgeirr
Hróðólfr
Hubert
Hubertus
Hugleikr
Hugo
Hugubert
Huguo
Hulderic
Humbert
Hunberct
Hunfrid
Hyacinthus
Hyakinthos
Hyginos
Hyginus
Hypatos
Ianuarius
Iason
Imhotep
Ingi
Ingimárr
Ingólfr
Ingvarr
Iodocus
Iovita
Irenaeus
Ireneus
Isidoros
Isocrates
Iudicael
Iudocus
Iulianus
Iulius
Iunius
Ívarr
Ivo
Januarius
Jarl
Jodocus
Jordanes
Joscelin
Judoc
Judocus
Julius
Junius
Kallias
Kallikrates
Kallistos
Kambujiya
Karl
Karpos
Ketill
Kleisthenes
Kleitos
Kleon
Kleopatros
Knútr
Kóri
Kosmas
Kunibert
Kuno
Kurush
Kyriakos
Kyrillos
Kyros
Laelius
Lambert
Lamprecht
Landebert
Lanzo
Laurentinus
Laurentius
Leifr
Leobwin
Leofdæg
Leofric
Leofwine
Leon
Leonard
Leonidas
Leontios
Leontius
Leudagar
Leudbald
Leudoberct
Leuthar
Leutwin
Linos
Linus
Liupold
Livianus
Livius
Lóegaire
Longinus
Lothar
Loukianos
Lucianus
Lucius
Lucretius
Ludolf
Ludovicus
Lugubelenus
Lycurgus
Lycus
Lykos
Lykourgos
Lysander
Lysandros
Lysimachus
Máedóc
Máel máedóc
Máel sechlainn
Máel sechnaill
Manno
Marcellinus
Marcellus
Marcius
Marcus
Marianus
Marinus
Marius
Martialis
Martinus
Maximianus
Maximilianus
Maximinus
Maximus
Meginfrid
Meginhard
Meginrat
Meino
Meinrad
Menes
Methodios
Methodius
Metrophanes
Milo
Miltiades
Mithradatha
Mithridates
Mnason
Morcant
Myron
Neophytos
Nereus
Nero
Nerva
Nicanor
Nicolaus
Nicomedes
Nicostratus
Nikandros
Nikanor
Nikephoros
Niketas
Nikias
Nikodemos
Nikolaos
Nikomachos
Nikomedes
Nikon
Nikostratos
Ninian
Ninos
Njáll
Nonus
Norbert
Norman
Nynniaw
Octavianus
Octavius
Odalric
Odo
Odoacer
Odovacar
Óengus
Olympiodoros
Olympos
Onesimos
Onesiphoros
Osbeorn
Osberht
Osgar
Osmund
Oswald
Oswine
Othmar
Otho
Otmar
Otto
Ovidius
Pamphilos
Pancratius
Pankratios
Pantaleon
Panther
Pantheras
Papak
Paramonos
Paulinus
Paulus
Pelagios
Pelagius
Pericles
Petronius
Phaedrus
Philandros
Philippos
Philo
Philokrates
Philon
Philotheos
Phocas
Phoibos
Phokas
Photios
Pipin
Pippin
Plato
Platon
Plinius
Ploutarchos
Polycarp
Pompeius
Pompilius
Pomponius
Pontius
Porphyrios
Praxiteles
Priscus
Prochoros
Prokopios
Ptolemaios
Publius
Pyrrhos
Pyrrhus
Pythagoras
Quintillus
Quintinus
Quintus
Raban
Radulf
Raganhar
Raginald
Raginhard
Raginmund
Ragnarr
Ragnvaldr
Raimund
Rainard
Rainer
Rameses
Ramesses
Ramessu
Ramses
Randulf
Randúlfr
Ráðúlfr
Regin
Regulus
Reinald
Reiner
Reinhard
Reinhold
Riagán
Richard
Ricohard
Robert
Rocco
Rochus
Rudesind
Rufinus
Rufus
Rúni
Sabinus
Saturninus
Secundinus
Secundus
Seisyll
Seleucus
Seneca
Septimius
Septimus
Sergius
Servius
Seti
Severianus
Severinus
Severus
Sextilius
Sextus
Sigeberht
Sigfrøðr
Sigibert
Sigifrid
Sigihard
Sigimund
Sigismund
Sigiward
Sigmundr
Sigsteinn
Sigurðr
Simonides
Sindri
Siward
Snorri
Socrates
Sokrates
Solon
Somarliðr
Sophocles
Sophus
Sosigenes
Spurius
Steinn
Stephanos
Stígandr
Stigr
Straton
Suibhne
Svantepolk
Sveinn
Sverrir
Swiðhun
Tacitus
Tancred
Tatianus
Tatius
Telesphoros
Telesphorus
Te'oma
Terentius
Tertius
Teutorigos
Thales
Thankarat
Themistocles
Theobald
Theocritus
Theoderich
Þeodoard
Theodoricus
Theodoros
Theodorus
Theodosios
Theodosius
Theodotos
Theodotus
Theodoulos
Theodulus
Theokritos
Theophanes
Theophilos
Theophilus
Theophylaktos
Theothelm
Þeotman
Theron
Þeudemar
Þeudhar
Þeudobald
Þeudofrid
Theudoricus
Þeutrich
Þiudreiks
Þórbjörn
Þórgeirr
Þórgísl
Þórgnýr
Þórir
Þórketill
Þórleifr
Þórleikr
Þórmóðr
Þórsteinn
Þórvaldr
Thracius
Thucydides
Thutmose
Tiberius
Tiburtius
Timaeus
Timaios
Timon
Timoteus
Timotheos
Titianus
Titus
Traianus
Tryggvi
Tryphon
Tullius
Tutankhamon
Tycho
Tychon
Úlfr
Ulrich
Valdimárr
Valentinus
Valerianus
Valerius
Varinius
Varius
Vercingetorix
Vergilius
Verginius
Vespasianus
Vibianus
Vibius
Vinicius
Vitus
Vulferam
Vulfgang
Walahfrid
Waldhar
Waldo
Waldobert
Waldomar
Walherich
Walter
Walther
Wandal
Wandalin
Warinhari
Wendelin
Widald
Wido
Wigmar
Wilfrið
Wilheard
Wilhelm
Willabert
Willahelm
Willamar
Willifrid
Wine
Winfrið
Wolf
Wolfgang
Wulfric
Xenocrates
Xenon
Xenophon
Yeshua
Zarathushtra
Zeno
Zenobios
Zenon
Zephyros
Zopyros
Zosimos
Zosimus
Zoticus
Zotikos
