Aaliyah
Aamina
'abla
Afaf
Afra
Aida
'aisha
Akilah
Alia
Alina
Aliya
Aliyah
Aliyya
Aliyyah
Almas
Alya
Amal
Amani
Amina
Aminah
Amira
Amirah
Amna
Anisa
Aqila
Arij
Arwa
Asma
Asmaa
Atifa
Atiya
Ayda
Ayesha
Ayishah
Bahiga
Bahija
Bahiyya
Basima
Basira
Basma
Batul
Budur
Dalal
Daniyah
Dema
Dima
Djamila
Dua
Duha
Fadia
Fadila
Fahima
Fairuz
Faiza
Fakhriyya
Farida
Fariha
Farrah
Fathiyya
Fatima
Fatimah
Fatin
Fatma
Fawziya
Fawziyya
Fayruz
Fayza
Fidda
Fikriyya
Fizza
Galila
Gamila
Gathbiyya
Gauhar
Gawahir
Gazbiyya
Ghada
Ghadir
Ghaliya
Ghufran
Habiba
Hadia
Hadil
Hadiya
Hadiyya
Hadjara
Hadya
Hafsa
Hafsah
Hafza
Hagir
Haifa
Hajar
Hala
Hana
Hanaa
Hanan
Hania
Hanifa
Haniyya
Hawa
Hayfa
Hiba
Hind
Hooda
Houda
Huda
Ibtihaj
Ibtisam
Ikraam
Ikram
In'am
Inas
Isra
Israa
I'tidal
I'timad
Izdihar
Jalila
Jameela
Jamila
Jamillah
Janan
Jathbiyya
Jathibiyya
Jawahir
Jumana
Jumanah
Karima
Khadiga
Khadija
Khalida
Khalilah
Khatijah
Khayriyya
Laila
Lamis
Lamya
Lateefah
Latifa
Latifah
Lawahiz
Layla
Leila
Leyla
Lina
Lubna
Lujayn
Lulu
Maha
Malaika
Malak
Malika
Maram
Mariam
Marwa
Maryam
Midha
Mona
Mouna
Mubina
Muhsina
Mumina
Muna
Munira
Munya
Nada
Nadia
Nadira
Nadiyya
Nadra
Nadya
Naila
Na'ima
Najwa
Nashwa
Nasim
Nasira
Nawal
Nawra
Nazli
Nima
Nimat
Noor
Nuha
Nur
Nura
Rabab
Rabi'a
Rafiqa
Raisa
Raja
Rajiya
Rajya
Ramla
Rana
Randa
Raniya
Ranya
Rasha
Rashida
Rasima
Rawiya
Rawya
Ridwana
Rim
Rizwana
Ruba
Ruqayya
Ruwa
Ruya
Sa'adat
Sabah
Sabeen
Sabriyya
Sadaf
Sa'dia
Safiya
Safiyyah
Sahar
Sa'ida
Sakina
Salha
Saliha
Salima
Salma
Salwah
Samar
Sameera
Samia
Samina
Samira
Samiya
Sana
Saniyya
Sanya
Sara
Sarah
Sayyida
Selima
Shadiya
Shadya
Shafiqa
Shahira
Shahnaz
Shahrazad
Shahrizad
Shakila
Shakira
Sham'a
Sharifa
Shazi
Shukriya
Shukriyya
Shula
Soraya
Suha
Sultana
Sumayya
Suraya
Surayya
Tahira
Taliba
Tasnim
Thamina
Thana
Thurayya
Uzma
Wafiya
Waheeda
Wahida
Widad
Yasmeen
Yasmin
Yasmine
Yusra
Zaahira
Zahia
Zahida
Zahira
Zahra
Zahrah
Zaida
Zaina
Zainab
Zakiyya
Zaray
Zayna
Zaynab
Zubaida
Zulaykha
Zulekha
