Aali
'abbas
Abd-al-aziz
Abd-al-hamid
Abd-al-kader
Abd-al-karim
Abd-allah
Abd-al-latif
Abd-al-malik
Abd-al-qadir
Abd-al-rahman
Abd-al-rashid
Abdul
Abdul-aziz
Abdul-hamid
Abdullah
Abdul-rahman
Abdur-rashid
Adam
Adel
Adil
Afif
Afzal
Ahmad
Ahmed
Akeem
Ala
Ala al-din
Ali
Alim
Amin
Amir
Amjad
Anas
Anass
Anwar
Anwer
Aqil
As'ad
Asad
Asif
Asim
Ata
Atallah
Ataullah
Atuf
Ayman
Azhar
'aziz
Badr
Baha
Bahadur
Bahij
Baki
Bakr
Baqi
Baqir
Barack
Barak
Barakat
Basil
Basim
Basir
Basit
Bassam
Bassem
Bilal
Binyamin
Botros
Boulos
Boutros
Bulus
Butrus
Daud
Dawood
Dawud
Diya
Ebrahim
Esmail
Essa
Fadi
Fadil
Fadl
Fahd
Fahim
Faiz
Faizel
Fakhri
Farag
Farah
Faraj
Fareed
Farid
Faris
Farooq
Farouk
Faruq
Fathi
Fawzi
Fayiz
Faysal
Fihr
Fikri
Firdaus
Firdos
Firuz
Fouad
Fuad
Gabir
Gabr
Gafar
Galal
Gamal
Gamil
Gawdat
Ghalib
Ghassan
Ghayth
Guda
Gulzar
Habib
Hadi
Hafeez
Hafiz
Haidar
Haider
Hakeem
Hakim
Hameed
Hamid
Hamza
Hani
Hanif
Harith
Haroun
Harun
Hasan
Hashim
Hasib
Hasim
Hassan
Hatim
Hayder
Haytham
Hesham
Hikmat
Hisein
Hisham
Hosni
Houssam
Husain
Husam
Husayn
Husni
Hussain
Hussein
Hyder
Ibraheem
Ibrahim
Ihab
Ihsan
Ilyas
Imad
Imam
Iman
Imen
Imram
Imran
Imtiyaz
Iqbal
Irfan
Isa
'isam
Iskandar
Isma'il
'ismat
Issa
Izz-al-din
Izz-ud-din
Jabbar
Jabir
Jabr
Jabril
Jafar
Jaffar
Jaffer
Jalal
Jamaal
Jamal
Jameel
Jamil
Jawdat
Jibril
Jinan
Juda
Junaid
Junayd
Kader
Kamal
Kamil
Karam
Kareem
Karim
Khaled
Khaleel
Khalid
Khalifa
Khalil
Khaliq
Khayrat
Khayri
Khayyam
Latif
Lutfi
Maalik
Mahdi
Mahfuz
Mahir
Mahmood
Mahmoud
Mahmud
Mahomet
Majid
Makram
Malik
Mansoor
Mansur
Masood
Masoud
Mas'ud
Mazin
Mehdi
Mehmood
Mehmud
Midhat
Mihammad
Miraj
Mirza
Mis'id
Mohamed
Mohammad
Mohammed
Mostafa
Mubin
Mufaddal
Muhammad
Muhammed
Muhsin
Mukhtar
Munir
Murad
Murtada
Murtaza
Musa
Mus'ad
Mustafa
Mustapha
Mu'tamid
Mu'tasim
Nabil
Nader
Nadim
Nadir
Nagi
Nagib
Nail
Na'im
Naji
Najib
Naseer
Nasib
Nasir
Nasser
Naveed
Navid
Nazih
Nizar
Omar
Osama
Qadir
Qamar
Qasim
Qismat
Qusay
Rabi
Ra'd
Rafiq
Rahat
Raheem
Rahim
Rais
Rashad
Rashed
Rasheed
Rashid
Rasim
Rasul
Rauf
Raza
Riad
Riaz
Rida
Ridwan
Rizwan
Ruh
Rusul
Sabri
Sa'd
Saddam
Sa'di
Safi
Sa'id
Saif
Saif-al-din
Saiful
Saifullah
Sajjad
Sakhr
Salah
Salah-al-din
Saleem
Saleh
Salih
Salil
Salim
Salman
Samad
Sameer
Sami
Samir
Sani
Sayyid
Shad
Shadi
Shafaqat
Shafiq
Shahzad
Shakeel
Shakil
Shakir
Shareef
Shariah
Sharif
Sherif
Shihab
Shukri
Suhail
Suhayl
Sulaiman
Sulayman
Sultan
Tabassum
Tahir
Tahmid
Taj
Tamid
Tarek
Tarik
Tariq
Tawfiq
Tufayl
Umar
Usama
Usman
Uthman
Wafai
Wafi
Waheed
Wahid
Walid
Waqar
Wasi
Wasim
Wassim
Yahya
Yakub
Yaqub
Yasir
Yasser
Yousef
Youssef
Yunus
Yusef
Yushua
Yusuf
Zaahir
Zaahir
Zahi
Zahid
Zahir
Zaid
Zain
Zaki
Zaman
Zayd
Zayn
Zia
Ziad
Ziya
Ziyad
Zulfaqar
Zulfikar
Zulfiqar
Abdelhalim
Abdolhossein
Abdulkadir
Abdulmotaleb
