Aingeru
Aitor
Alesander
Amets
Ander
Andoni
Antton
Argi
Argider
Arkaitz
Arrats
Asier
Bakar
Balendin
Basajaun
Beñat
Bikendi
Bittor
Danel
Eder
Edorta
Edur
Eguzki
Ekain
Ekaitz
Endika
Eneko
Erlantz
Erramun
Estebe
Eztebe
Fermin
Fermintxo
Frantzisko
Gaizka
Ganix
Garaile
Gorka
Gotzon
Gurutz
Gutxi
Harkaitz
Hodei
Igon
Iker
Imanol
Iñaki
Ion
Itzal
Izotz
Jakes
Jokin
Jon
Joseba
Josepe
Josu
Julen
Kemen
Kepa
Kerman
Koldo
Koldobika
Luken
Markel
Marko
Martzel
Matia
Mattin
Matxin
Mikel
Mintxo
Mitxel
Nikola
Oroitz
Ortzi
Patxi
Peio
Peru
Petri
Sendoa
Txomin
Unai
Xabi
Xabier
Xanti
Ximun
Zeru
Zigor
Zorion
Zuzen
