Abigail
Abilene
Abishag
Abital
Adah
Ahinoam
Anah
Anna
Apphia
Asenath
Ashtoreth
Atarah
Athaliah
Avital
Azubah
Basemath
Bashemath
Basmath
Bathsheba
Bernice
Bethany
Bethel
Beulah
Bilhah
Bithiah
Candace
Carmel
Chloe
Claudia
Damaris
Deborah
Delilah
Dinah
Dorcas
Drusilla
Eden
Edna
Elisabeth
Elisheba
Elizabeth
Ephrath
Esther
Eunice
Eve
Gethsemane
Hadassah
Hagar
Haggith
Hannah
Havilah
Helah
Hephzibah
Hepzibah
Hodiah
Hosanna
Hulda
Huldah
Iscah
Ivah
Jael
Jahel
Jedidah
Jemima
Jerusha
Jescha
Jezebel
Joanna
Jochebed
Judith
Julia
Junia
Kandake
Keren-happuch
Keturah
Kezia
Keziah
Leah
Lois
Lydia
Magdalene
Mahalath
Mahlah
Mara
Martha
Mary
Mehetabel
Mehitabel
Merab
Michal
Milka
Miriam
Moriah
Naamah
Naomi
Noa
Noah
Orpah
Orpha
Peninnah
Persis
Phebe
Philadelphia
Phoebe
Prisca
Priscilla
Rachel
Rahab
Rebecca
Rebekah
Rhoda
Ruth
Salome
Sapphira
Sarah
Sarai
Sela
Selah
Sharon
Sherah
Shiphrah
Shulamite
Shulammite
Susanna
Susannah
Syntyche
Tabitha
Talitha
Tamar
Tarah
Tirzah
Tryphena
Tryphosa
Vashti
Zibiah
Zillah
Zilpah
Zipporah
