Aaron
Abaddon
Abednego
Abel
Abiah
Abidan
Abiel
Abihu
Abijah
Abimael
Abimelech
Abiram
Abishai
Abner
Abraham
Abram
Absalom
Achaicus
Achan
Achim
Adalia
Adam
Adina
Adino
Adlai
Adonijah
Adoniram
Agrippa
Ahab
Alexander
Allon
Alphaeus
Alvah
Amal
Amariah
Ami
Amittai
Ammiel
Amnon
Amos
Amram
Anaiah
Anan
Anani
Ananias
Anath
Andrew
Annas
Aquila
Aran
Ararat
Archelaus
Areli
Aretas
Aridai
Arieh
Ariel
Artaxerxes
Asa
Asaph
Asher
Azarel
Azaria
Azariah
Azazel
Azaziah
Azel
Azriel
Barak
Barnabas
Bartholomew
Baruch
Beelzebub
Belial
Belshazzar
Benaiah
Benjamin
Bethuel
Boaz
Buz
Caiaphas
Cain
Cainan
Caleb
Canaan
Carmi
Carpus
Cephas
Chenaniah
Cleopas
Cleophas
Clopas
Cornelius
Cyrus
Dan
Daniel
Darius
Dathan
David
Delaiah
Diklah
Dionysius
Ebenezer
Eder
Edom
Efraim
Ehud
Elam
Eldad
Eleazar
Eli
Eliakim
Eliezer
Elihu
Elijah
Elioenai
Eliphalet
Eliphelet
Elisha
Eliud
Elkanah
Elnathan
Elon
Emmanuel
Enoch
Enos
Enosh
Epaphras
Ephraim
Eran
Erastus
Esau
Esdras
Ethan
Eutychus
Ezar
Ezekiel
Ezer
Ezra
Felix
Festus
Gabriel
Gad
Gamaliel
Gedaliah
Gemariah
Gera
Gershom
Gershon
Gideon
Gilead
Goliath
Gomer
Habakkuk
Haggai
Ham
Hanan
Hananiah
Haran
Hazael
Heber
Heli
Herod
Herodion
Hezekiah
Hillel
Hirah
Hiram
Hizkiah
Hosea
Hoshea
Huri
Ichabod
Immanuel
Ira
Isaac
Isaiah
Isaias
Ishmael
Ishmerai
Ishvi
Israel
Issachar
Ithai
Ithamar
Ithiel
Ittai
Jaala
Jaasau
Jabez
Jabin
Jachin
Jacob
Jada
Jadon
Jahleel
Jahzeel
Jair
Jairus
James
Jamin
Japheth
Jared
Jason
Javan
Jedidiah
Jehiel
Jehoash
Jehoiachin
Jehoiakim
Jehonathan
Jehoram
Jehoshaphat
Jehu
Jehudi
Jephtha
Jephthah
Jeremiah
Jeremiel
Jeremy
Jeriah
Jericho
Jesse
Jesus
Jethro
Joab
Joash
Job
Joel
John
Joktan
Jonah
Jonas
Jonathan
Joram
Jordan
Josaphat
Joseph
Joses
Joshua
Josiah
Josias
Jotham
Jubal
Judah
Judas
Jude
Kenan
Kenaniah
Laban
Lael
Lamech
Lazarus
Lehi
Lemuel
Levi
Lot
Lucius
Luke
Madai
Mahalah
Mahali
Mahli
Malachi
Manasseh
Manasses
Mark
Mattan
Mattaniah
Matthan
Matthew
Matthias
Medad
Melech
Menahem
Merari
Meshach
Meshullam
Methuselah
Micah
Micaiah
Micajah
Michael
Mnason
Moab
Mordecai
Moses
Nadab
Nahor
Nahum
Naphtali
Narcissus
Nathan
Nathanael
Nathaniel
Nehemiah
Nekoda
Nereus
Neriah
Nethanel
Nethaniah
Nicodemus
Nimrod
Noah
Nogah
Obadiah
Obed
Oded
Ohad
Omar
Omri
Onesimus
Onesiphorus
Ophir
Ophrah
Oshea
Othniel
Pallu
Paul
Peleg
Peter
Philemon
Philetus
Philip
Phineas
Phinehas
Pontius
Prochorus
Ram
Raphael
Rehoboam
Reuben
Reuel
Rufus
Salathiel
Samson
Samuel
Satan
Saul
Seraiah
Seth
Shadrach
Shamgar
Sharar
Shealtiel
Sheba
Shelah
Shem
Shemaiah
Shemer
Shiloh
Silas
Silvanus
Simeon
Simon
Solomon
Stephen
Talmai
Tekoa
Teman
Temani
Terah
Thaddaeus
Thaddeus
Theophilus
Thomas
Timaeus
Timeus
Timon
Timothy
Tiras
Titus
Tobiah
Tobias
Urban
Uri
Uriah
Uriel
Uzzi
Uzziah
Uzziel
Zacchaeus
Zachariah
Zacharias
Zadok
Zalmon
Zebadiah
Zebedee
Zebulon
Zebulun
Zechariah
Zedekiah
Zelophehad
Zephaniah
Ziba
Zimri
Zion
Zuriel
