Aleksandar
Anastas
Anastasiy
Andon
Andrei
Andrey
Angel
Anton
Apostol
Asen
Atanas
Blagoy
Blagun
Blazhe
Bogdan
Bogomil
Bojidar
Boris
Borislav
Boyko
Bozhidar
Branimir
Chavdar
Damyan
Danail
Desislav
Deyan
Dimitar
Doncho
Dragan
Dragomir
Emil
Evgeni
Filip
Gavrail
Gavril
Georgi
Grigor
Grozdan
Haralambi
Hristo
Hristofor
Ilarion
Ilia
Ilija
Iliya
Ioan
Iordan
Ivailo
Ivan
Ivaylo
Ivo
Kaloyan
Kamen
Kiril
Kliment
Konstantin
Kosta
Kostadin
Krasimir
Krastio
Krastyo
Krastyu
Kuzman
Lazar
Luben
Lyuben
Lyubomir
Lyudmil
Marko
Martin
Mihail
Mikhail
Milan
Milen
Miroslav
Mitre
Mladen
Momchil
Natanail
Naum
Nayden
Nedelcho
Neofit
Nikifor
Nikola
Nikolai
Ognian
Ognyan
Paskal
Pavel
Penko
Petar
Petia
Petko
Petya
Plamen
Radko
Radomir
Radoslav
Rayko
Rayno
Rumen
Samuil
Sasho
Sava
Sergei
Sergej
Sergey
Simeon
Spas
Stanimir
Stanislav
Stanko
Stefan
Stoyan
Svetoslav
Tase
Teodor
Tihomir
Timotei
Todor
Toma
Tsvetan
Valentin
Valko
Vasil
Ventseslav
Veselin
Viktor
Vladimir
Vladislav
Yakov
Yan
Yanko
Yasen
Yavor
Yoan
Yordan
Yosif
Yulian
Zahari
Zdravko
Zhelyazko
Zhivko
Zlatan
Zlatko
