Albena
Aleksandra
Aleksandrina
Ana
Anastasiya
Anka
Anna
Bilyana
Bisera
Blagorodna
Blaguna
Bogdana
Borislava
Boyana
Boyka
Bozhidara
Branimira
Dana
Dara
Darina
Desislava
Dessislava
Donka
Ekaterina
Elena
Elisaveta
Emiliya
Eva
Evangeliya
Evdokiya
Evgeniya
Galina
Gergana
Grozda
Grozdana
Hristina
Ilina
Ioana
Irina
Iskra
Iva
Ivana
Ivanka
Ivet
Kalina
Katerina
Krasimira
Kristina
Lala
Lidiya
Liliya
Lilyana
Linda
Ludmilla
Lyubov
Lyudmila
Magdalena
Margarita
Marina
Mariya
Marta
Mila
Milena
Milka
Mira
Nadejda
Nadezhda
Nedelya
Nevena
Nikolina
Ognyana
Olga
Penka
Petra
Polina
Rada
Radka
Radoslava
Raina
Raya
Rayna
Rosa
Rosica
Rositsa
Roza
Rumena
Ruzha
Silva
Silviya
Snezhana
Sofiya
Stanislava
Stanka
Stoyanka
Svetlana
Tatiana
Teodora
Tereza
Todorka
Tsveta
Tsvetanka
Varvara
Vasilka
Veronika
Viktoriya
Violeta
Yana
Yoana
Yordana
Yordanka
Yuliana
Yuliya
Zaharina
Zaharinka
Zara
Zhaklina
Zhenya
Zhivka
Zora
Zorka
Zornitsa
