Adéla
Adriana
Agata
Albína
Alena
Alexandra
Alica
Alojzia
Alžběta
Alžbeta
Amália
Amálie
Anastázia
Anastázie
Anastazie
Anděla
Andrea
Aneta
Angela
Angelika
Anna
Antónia
Antonie
Apolena
Bára
Barbora
Beáta
Běla
Benedikta
Berta
Blanka
Bohumila
Bohuslava
Boleslava
Božena
Branislava
Braňka
Bronislava
Cecília
Cecílie
Cecilie
Dana
Danica
Daniela
Darina
Darja
Denisa
Dominika
Dorota
Doubravka
Drahomíra
Drahoslava
Dušana
Edita
Eliška
Ema
Emília
Emílie
Erika
Ester
Estera
Eulália
Eva
Františka
Gabriela
Hana
Hedviga
Hedvika
Helena
Ilona
Imriška
Irena
Irenka
Iva
Ivana
Ivanka
Iveta
Ivona
Izabela
Jana
Janička
Jarka
Jarmila
Jaroslava
Jiřina
Jitka
Johana
Jolana
Josefa
Judita
Júlia
Justína
Justina
Justýna
Kája
Kamila
Karolína
Katarína
Kateřina
Katka
Klára
Klaudia
Klaudie
Kristína
Kristina
Kristýna
Kveta
Ladislava
Lenka
Libena
Libuše
Lída
Linda
Livie
Lucia
Lucie
Ludmila
Lýdia
Lýdie
Madlenka
Magda
Magdaléna
Magdalena
Mahulena
Malena
Marcela
Margita
Mária
Mariana
Marianna
Marie
Marika
Markéta
Marta
Martina
Matilda
Matylda
Melánia
Melánie
Michaela
Michala
Mila
Milada
Milana
Milena
Miloslava
Miroslava
Monika
Naďa
Naděžda
Nadežda
Natália
Natálie
Nela
Nikol
Nikola
Nina
Noemi
Oľga
Olga
Olívia
Olivie
Olympia
Patrícia
Patricie
Paulína
Pavla
Pavlina
Petra
Petronela
Radana
Radka
Radmila
Radomila
Radomíra
Radoslava
Renáta
Renata
Romana
Růžena
Sabina
Sára
Šárka
Silvia
Silvie
Šimona
Simona
Slavěna
Sofia
Sofie
Soňa
Stanislava
Štefánia
Štěpánka
Svatava
Světlana
Svetlana
Taťána
Tatiana
Tereza
Terézia
Terezie
Václava
Valentína
Valéria
Valérie
Valerie
Vanda
Vanesa
Vendula
Věra
Veronika
Viktória
Viktorie
Vilma
Vladimíra
Vladislava
Vlasta
Vlastimila
Zdeňka
Zdenka
Zdislava
Zita
Zlata
Zlatica
Žofia
Žofie
Zora
Zorka
Zuza
Zuzana
Zuzanka
Zuzka
