Adam
Adolf
Aleš
Alexander
Alexandr
Alexej
Alois
Alojz
Anděl
Andrej
Antonín
Artur
Augustín
Augustin
Aurel
Bartoloměj
Bartolomej
Bedřich
Benjamín
Blažej
Bohdan
Bohumil
Bohumír
Bohuslav
Boleslav
Bonifác
Bořivoj
Božidar
Branislav
Branko
Bronislav
Cenek
Ctibor
Ctirad
Cyril
Dalibor
Dalimil
Dan
Daniel
Dávid
David
Denis
Dionýz
Dobromil
Dobroslav
Dominik
Drahomír
Drahoslav
Dušan
Eduard
Edvard
Emil
Erik
Eugen
Evžen
Ferdinand
Filip
František
Gabriel
Havel
Henrich
Honza
Hynek
Ignác
Imrich
Ivan
Jáchym
Jakub
Ján
Jan
Janek
Janko
Jarek
Jarmil
Jaromil
Jaromír
Jaroslav
Jindřich
Jiří
Johan
Jonáš
Josef
Jozef
Július
Juraj
Kajetán
Kamil
Karel
Karol
Kazimír
Klement
Koloman
Konrád
Kornel
Krištof
Kryštof
Ladislav
Leoš
Libor
Ľubomír
Lubomír
Ľuboš
Luboš
Luděk
Ludvík
Lukáš
Marcel
Marek
Marián
Marian
Martin
Matěj
Matej
Matouš
Matúš
Maximilián
Maxmilián
Metod
Metoděj
Michael
Michal
Mikoláš
Mikula
Mikuláš
Milan
Miloš
Miloslav
Mirek
Miroslav
Mstislav
Nikola
Oldřich
Oliver
Ondřej
Ondrej
Otakar
Otmar
Otokar
Patrik
Pavel
Pavol
Peter
Petr
Přemysl
Radek
Radim
Radko
Radomil
Radomír
Radoš
Radoslav
Radovan
Radúz
René
Richard
Robert
Roman
Rostislav
Rudolf
Samuel
Silvester
Silvestr
Šimon
Slavomír
Stanislav
Štefan
Štěpán
Tadeáš
Teodor
Theodor
Tibor
Timotej
Tomáš
Václav
Valentín
Valentin
Vavřinec
Vavrinec
Věnceslav
Vendelín
Viktor
Vilém
Viliam
Vincenc
Vincent
Vít
Vladan
Vladimír
Vladislav
Vlastimil
Vlastislav
Vojtěch
Vojtech
Vratislav
Zbygněv
Zbyněk
Zdeněk
Zdenko
Zdeno
Zdislav
Žigmund
Zikmund
