Abelone
Agathe
Agnes
Agnete
Agnetha
Agnethe
Aina
Alberte
Alexandra
Alvilda
Amanda
Andrea
Ane
Anika
Anita
Anja
Anna
Anne
Annelie
Annelise
Antonia
Åse
Asløg
Asta
Astrid
Beata
Benedikte
Bente
Berit
Bine
Birgit
Birgitta
Birgitte
Birte
Birthe
Bodil
Borghild
Brigitta
Brita
Britt
Britta
Caja
Camilla
Carina
Caroline
Cathrine
Cecilie
Charlotte
Christa
Christin
Christina
Christine
Cille
Dagmar
Dagny
Ditte
Dorete
Dorit
Dorothea
Dorte
Dorthe
Ea
Ebba
Edith
Eleonora
Eli
Elin
Elisabet
Elisabeth
Elise
Ella
Ellinor
Else
Elva
Emilia
Emilie
Emma
Erika
Ester
Eva
Frederikke
Freja
Frida
Gerd
Gerda
Gina
Grete
Grethe
Gry
Gudrun
Gull
Gunda
Gunhild
Gunhilda
Gunvor
Gyda
Hanna
Hanna
Hanne
Hanne
Hedvig
Hege
Heidi
Helena
Helene
Helga
Hella
Helle
Henriette
Henrike
Hilda
Hildegard
Hildegarde
Hjørdis
Hulda
Ida
Ina
Inga
Ingebjørg
Ingeborg
Ingegerd
Inger
Ingrid
Irene
Iris
Isabella
Jacobine
Janne
Jannicke
Jannike
Jessica
Johanna
Johanne
Jonna
Judit
Julia
Jytte
Kaja
Kamilla
Karen
Karin
Karina
Karla
Karolina
Karoline
Katarina
Katharina
Kathrine
Katja
Katrine
Kirsten
Kirstine
Klara
Kristin
Kristina
Kristine
Lærke
Laila
Laura
Lea
Lena
Lene
Lilly
Lina
Linda
Line
Lis
Lisa
Lisbet
Lise
Liselotte
Liv
Lone
Lotte
Lovise
Lucia
Lykke
Magda
Magdalene
Magdalone
Maiken
Maja
Maja
Majken
Malene
Maren
Margareta
Margarethe
Margit
Margrethe
Mari
Maria
Marianne
Marie
Marina
Marna
Martha
Martina
Mathilde
Merete
Meta
Mette
Mia
Mikaela
Milla
Mona
Monika
Nanna
Nora
Olga
Olivia
Paula
Pauline
Pernille
Petra
Pia
Ragna
Ragnhild
Rakel
Rebekka
Regina
Rikke
Rita
Rosa
Rosemarie
Runa
Ruth
Sandra
Sanne
Sara
Selma
Signe
Signy
Sigrid
Sigrun
Silje
Sille
Siri
Siv
Sofie
Solvej
Sonja
Stefanie
Stina
Stine
Susann
Susanne
Sylvia
Tea
Tekla
Teresa
Thea
Theresa
Therese
Thora
Thyra
Tine
Tora
Torborg
Tordis
Tove
Trine
Turid
Tyra
Ulla
Ulrika
Ulrike
Ursula
Vera
Veronika
Vibeke
Viktoria
Viola
Vita
Vivi
Ylva
