Aage
Adolf
Aksel
Albert
Albin
Aleksander
Alexander
Alf
Alf
Alfred
Anders
Andreas
Ansgar
Anton
Arne
Aron
Arvid
Asbjørn
Asger
Åsmund
August
Axel
Bendt
Bent
Bernhard
Bernt
Bertil
Birger
Bjarke
Bjarne
Bjoern
Bjørn
Bo
Cai
Caj
Carl
Casper
Christen
Christer
Christian
Christoffer
Claus
Dag
Dagfinn
Daniel
David
Ebbe
Edvard
Edvin
Egil
Eilert
Einar
Elias
Eluf
Emanuel
Emil
Enok
Erik
Erland
Erlend
Erling
Esben
Espen
Felix
Filip
Finn
Flemming
Folke
Frans
Frederik
Frej
Fridtjof
Fritjof
Frode
Gabriel
Georg
Gregers
Gudbrand
Gudmund
Gulbrand
Gunnar
Gunne
Gustav
Hagen
Hans
Harald
Helge
Hemming
Henning
Henrik
Herman
Hjalmar
Holger
Hugo
Ib
Inge
Ingolf
Ingvar
Ivar
Jacob
Jakob
Jan
Jannick
Jannik
Jarl
Jarle
Jens
Jeppe
Jerrik
Jesper
Joakim
Johan
Johannes
Jokum
Jon
Jonas
Jonatan
Jonathan
Jørg
Jørgen
Jørn
Josef
Kai
Kaj
Karl
Kasper
Kay
Keld
Kennet
Kenneth
Kevin
Kim
Kjeld
Klaus
Klemens
Knud
Knut
Konrad
Kresten
Kris
Kristen
Kristian
Kristoffer
Lars
Lasse
Laurits
Lauritz
Leif
Lennart
Linus
Loke
Lorens
Ludvig
Lukas
Mads
Magnus
Malte
Malthe
Marcus
Marius
Mark
Markus
Martin
Mathias
Matthias
Max
Maximilian
Mikael
Mikkel
Mogens
Morten
Niels
Nikolaj
Nikolaus
Njord
Olaf
Olav
Ole
Oliver
Oluf
Orla
Oscar
Oskar
Osvald
Otto
Ove
Palle
Paul
Peder
Peer
Per
Peter
Philip
Pontus
Poul
Preben
Ragnar
Ragnvald
Ralf
Ralph
Rasmus
Rikard
Robert
Rolf
Ruben
Rudolf
Rune
Salomon
Samuel
Sander
Sebastian
Severin
Sigmund
Sigurd
Simon
Søren
Steen
Stefan
Steffen
Sten
Stian
Stig
Svante
Sven
Svend
Tarben
Teodor
Theodor
Thomas
Thor
Thorben
Thore
Thorsten
Thorvald
Tim
Tobias
Tor
Torben
Torbjørn
Tore
Torsten
Torvald
Troels
Trygve
Tue
Tyge
Uffe
Ulf
Ulrik
Urban
Valdemar
Valentin
Valter
Vanja
Verner
Vidar
Viggo
Viktor
Vilfred
Vilhelm
Vilmar
Vincent
Vivian
Waldemar
Walter
Werner
Yngve
