Adelheid
Agnes
Albertina
Aldegonda
Aleid
Aleida
Alexandra
Alida
Amalia
Amanda
Amber
Amelia
Angela
Angelien
Angelique
Anika
Anita
Anke
Anna
Annabel
Anne
Anneke
Annelien
Annelies
Anneliese
Annemarie
Annika
Anouk
Ans
Antje
Antonia
Augusta
Beatrix
Bente
Betje
Brechtje
Brigitta
Carla
Carola
Carolien
Caroline
Catharina
Cato
Cécile
Cecilia
Chantal
Charlotte
Christina
Christine
Cilla
Claudia
Coba
Cokkie
Cornelia
Corrie
Daphne
Debora
Denise
Diana
Diantha
Dorothea
Drika
Edith
Eleonora
Elisabeth
Elise
Elke
Ellen
Elly
Elma
Els
Else
Elsje
Emma
Emmy
Esmée
Esther
Eva
Evelien
Eveline
Felicia
Feline
Femke
Filomena
Fleur
Fleurette
Floortje
Florina
Gabriëlle
Geertje
Geertruida
Gemma
Georgina
Gerarda
Gerda
Gertie
Gertrude
Gertruida
Gilberta
Gisela
Godelieve
Greet
Greetje
Griet
Gusta
Hadewych
Hanna
Hanna
Hannah
Hanne
Hannie
Hedy
Heidi
Heike
Heintje
Heleen
Heleentje
Helena
Helma
Hendrika
Hendrikje
Hendrina
Henrietta
Henriëtte
Henriette
Hilda
Hilde
Ida
Ilse
Ima
Ina
Irena
Iris
Isa
Isabella
Isabelle
Jacintha
Jacoba
Jacobina
Jacobine
Jacomina
Jana
Janna
Janneke
Jantine
Jantje
Jasmijn
Jeltje
Jeltsje
Jennigje
Jetta
Jette
Jo
Johanna
Johanneke
Jolanda
Jozefien
Julia
Juliana
Justine
Karin
Katelijn
Katelijne
Katinka
Katja
Katrien
Katrijn
Katrina
Klasina
Klazina
Kunigonde
Laura
Laurie
Lea
Lieke
Lien
Lies
Liesbeth
Liese
Liesje
Lieve
Lijsbeth
Linda
Lisa
Lisanne
Liselot
Loes
Lotte
Louise
Luus
Lysanne
Maaike
Maartje
Machteld
Madelief
Magda
Magdalena
Manon
Margareta
Margaretha
Margreet
Margriet
Maria
Marianne
Marieke
Marijke
Marijse
Marike
Marilou
Marina
Marita
Marja
Marjan
Marjolein
Marjolijn
Marleen
Marlies
Marloes
Martina
Martine
Mathilde
Maud
Mechteld
Meike
Meintje
Melanie
Melissa
Mia
Michelle
Mieke
Mien
Miep
Mies
Mina
Mirjam
Mirthe
Myrthe
Nes
Neske
Nicole
Nicolet
Nicoline
Paula
Paulien
Petra
Petronella
Pietronella
Prisca
Rebekka
Renate
Renée
Ria
Rika
Rina
Roos
Roosje
Rosa
Rosanne
Sabien
Samantha
Sandra
Sanne
Sara
Saskia
Silke
Sofie
Sophie
Stefana
Stefanie
Sterre
Stien
Susanna
Tamara
Teuna
Thera
Theresia
Thirza
Thyrza
Til
Tina
Tineke
Trees
Trijntje
Trudie
Trudy
Truus
Ursula
Vanessa
Veer
Veerke
Vera
Wilhelmina
Willemijn
Willemina
Wilma
Xandra
Zoë
