Aaliyah
Abigayle
Ainsley
Alaina
Alannah
Alayna
Alesha
Alexandrea
Alexia
Alexus
Alivia
Alysa
Alyse
Alysha
Alyssia
Anabella
Anjelica
Annabella
Annika
Ansley
Ariana
Aryana
Ashlea
Ashlee
Ashleigh
Ashlie
Ashlyn
Ashlynn
Asia
Aspen
Aubree
Aubrie
Bailee
Baylee
Becci
Bekki
Braelyn
Breana
Breann
Breanna
Breanne
Brianne
Brielle
Britney
Brittani
Brittney
Brittny
Brooklyn
Brooklynn
Bryana
Bryanna
Brynn
Cadence
Cailyn
Caitlyn
Caleigh
Camryn
Carley
Cassidy
Chanelle
Chanté
Charlize
Chelsey
Chelsie
Cheyanne
China
Chyna
Ciera
Cierra
Cristen
Cydney
Dahlia
Danika
Delaney
Desirae
Destinee
Devyn
Diamond
Eden
Elle
Emely
Emerald
Emilee
Erykah
Eryn
Essence
Fallon
Genesis
Giselle
Gisselle
Gwyneth
Hailee
Hailey
Hailie
Haleigh
Haley
Halle
Haylee
Hayleigh
Hayley
Haylie
Heaven
Ireland
Izabelle
Jadyn
Jaida
Janae
Janessa
Jaqueline
Jasmyn
Jayda
Jayde
Jayla
Jaylee
Jaylyn
Jazlyn
Jazmin
Jazmine
Jazmyn
Jeni
Jessi
Jessika
Joi
Jordyn
Jorja
Joselyn
Kacey
Kacie
Kailee
Kailey
Kailyn
Kaitlin
Kaitlyn
Kaitlynn
Kaleigh
Kaley
Kalie
Kalyn
Kamryn
Kandace
Karlee
Karly
Kasandra
Kassandra
Kassidy
Kassy
Katelin
Katelyn
Katelynn
Katlyn
Kaycee
Kaylee
Kayleigh
Kayley
Kaylie
Kaylin
Kaylyn
Kaylynn
Keanna
Keara
Keeley
Keila
Keira
Kelsi
Kelsie
Khloe
Kiara
Kiarra
Kierra
Kiersten
Kortney
Kourtney
Krysten
Krystina
Krystle
Kyleigh
Lainey
Lauryn
Lesly
Leyla
Lyndsay
Lyndsey
Lynsey
Lyric
Macey
Maddison
Madisyn
Madyson
Maegan
Makayla
Makenna
Makenzie
Maleah
Mallory
Marlee
Marley
Mckayla
Mckenna
Mckenzie
Meadow
Melany
Mikayla
Miley
Miracle
Montana
Moriah
Mya
Myranda
Natalee
Nevaeh
Paisley
Payton
Piper
Porsche
Precious
Princess
Reanna
Rhianna
Rikki
Ryann
Rylee
Rylie
Sable
Sage
Salena
Samara
Sarina
Savanna
Scarlet
Serenity
Shae
Shanae
Shanelle
Shania
Shannen
Shawnee
Shena
Shyla
Siena
Sienna
Sierra
Sky
Skye
Sommer
Stephani
Sydnie
Tamia
Tarah
Tatianna
Tatum
Tatyanna
Tawny
Tayla
Tayler
Tianna
Tiara
Treasure
Unique
Willow
Winter
Yasmin
Yasmine
Yazmin
Zara
Zaria
Zoey
Zoie
