Aden
Aidan
Aiden
Austen
Austyn
Aydan
Ayden
Blaze
Braeden
Braiden
Branson
Brayden
Bridger
Brodie
Caden
Camden
Camron
Channing
Codie
Colten
Colton
Conner
Connor
Coty
Dakota
Darion
Deacon
Deion
Denzel
Devan
Deven
Finnegan
Gage
Grayson
Greyson
Holden
Jaden
Jaiden
Jaron
Jaxon
Jayden
Jaydon
Jaylen
Jaylin
Jaylon
Jaymes
Jett
Kade
Kaden
Kaleb
Kam
Kameron
Kayden
Keaton
Kegan
Kendal
Kian
Kiefer
Koby
Kody
Kolby
Kole
Konnor
Korbin
Kyler
London
Maddox
Malakai
Nash
Paxton
Phoenix
Reilly
River
Rowan
Ryder
Ryker
Rylan
Ryley
Sawyer
Shaquille
Skylar
Skyler
Slade
Storm
Talon
Teagan
Tristen
Tristin
Triston
Tucker
Tylor
Tyrell
Xander
Xzavier
Zander
Zavier
