Abbey
Abbi
Abbie
Abby
Abigail
Ada
Addie
Addy
Adela
Adelaide
Adele
Adelia
Adeline
Adelle
Adria
Adriana
Adrianna
Adrianne
Agatha
Aggie
Agnes
Aileen
Aisha
Alana
Alanna
Alberta
Alease
Alecia
Alene
Alesia
Aleta
Aletha
Alethea
Alexa
Alexandra
Alexandria
Alexina
Alfreda
Alice
Alicia
Aline
Alisha
Alison
Alissa
Allie
Allison
Ally
Allyson
Alma
Almira
Alpha
Alvena
Alvina
Alyce
Alycia
Alys
Alysia
Alyson
Alyssa
Amanda
Amber
Amelia
America
Ami
Amie
Amy
Anastacia
Anastasia
Andi
Andra
Andrea
Angela
Angelia
Angelica
Angelina
Angie
Anissa
Anita
Ann
Anna
Annabel
Annabelle
Anne
Annette
Annice
Annie
Annis
Annmarie
Anona
Antonette
Antonia
April
Arabella
Aretha
Aria
Arleen
Arlene
Arlie
Arline
Ashley
Audie
Audra
Audrey
Augusta
Aura
Aurora
Autumn
Ava
Avis
Babs
Bambi
Barb
Barbara
Barbie
Barbra
Bea
Beatrice
Beatrix
Becca
Becka
Beckah
Becky
Bee
Belinda
Bella
Belle
Berenice
Bernadette
Bernadine
Bernetta
Bernice
Berniece
Bertha
Bertina
Beryl
Bess
Bessie
Beth
Bethany
Betsy
Bette
Bettie
Betty
Bettye
Beulah
Bev
Beverley
Beverly
Biddy
Bindy
Blanch
Blanche
Blossom
Bobbi
Bobbie
Bonita
Bonnie
Brande
Brandee
Brandi
Brandie
Brandy
Brenda
Brenna
Briana
Brianna
Bridget
Bridgette
Brittany
Brooke
Buffy
Bunny
Caitlin
Calista
Calla
Callie
Camilla
Cammie
Candace
Candi
Candice
Candida
Candis
Candy
Candyce
Cara
Caren
Cari
Carina
Carissa
Carla
Carlene
Carlie
Carly
Carlyn
Carmel
Carmella
Carmen
Carol
Carolina
Caroline
Carolyn
Carrie
Carry
Caryl
Caryn
Cass
Cassandra
Cassie
Catharine
Catherine
Cathleen
Cathryn
Cathy
Cecelia
Cecilia
Cecily
Celeste
Celestine
Celia
Chanel
Chantal
Chantel
Chantelle
Charissa
Charisse
Charity
Charla
Charleen
Charlene
Charlotte
Charmaine
Chasity
Chastity
Chelle
Chelsea
Cher
Cheri
Cherie
Cherilyn
Cherise
Cherish
Cherry
Cheryl
Cheyenne
Chloe
Chrissie
Chrissy
Christa
Christal
Christi
Christiana
Christie
Christina
Christine
Christy
Chrystal
Cicely
Cindi
Cindy
Cissy
Claire
Clara
Clare
Claribel
Clarice
Clarinda
Clarissa
Claudia
Clemence
Cleo
Clotilda
Coleen
Colleen
Connie
Constance
Cora
Coral
Cordelia
Coretta
Cori
Corie
Corina
Corine
Corinna
Corinne
Cornelia
Corrie
Corrina
Corrine
Cortney
Courtney
Cristal
Crystal
Cyndi
Cynthia
Daisy
Danette
Dani
Danica
Daniela
Daniella
Danielle
Danita
Danna
Danni
Daphne
Darcy
Daria
Darla
Darleen
Darlene
Davina
Dawn
Dayna
Deana
Deanna
Deanne
Deb
Debbi
Debbie
Debby
Debi
Deborah
Debra
Dee
Deeann
Deena
Deidra
Deidre
Deirdre
Delia
Delia
Delilah
Della
Delma
Delora
Delores
Deloris
Delphia
Delta
Demelza
Dena
Denice
Denise
Desiree
Destiny
Di
Diana
Diane
Diann
Dianna
Dianne
Dina
Dinah
Dione
Dionne
Dixie
Docia
Dodie
Dollie
Dolly
Dolores
Dona
Donna
Dora
Doreen
Doretta
Dorinda
Dorine
Doris
Dorothea
Dorothy
Dorris
Dortha
Dorthy
Dory
Dot
Dottie
Dotty
Dove
Drea
Dulcie
Dyan
Earlene
Earline
Earnestine
Eartha
Easter
Ebba
Ebony
Edie
Edith
Edna
Edwina
Edythe
Effie
Eileen
Elaine
Elea
Eleanor
Eleanora
Eleanore
Elenora
Elfreda
Elfrieda
Elinor
Elisa
Elisabeth
Elise
Elissa
Eliza
Elizabeth
Ella
Ella
Ellen
Ellie
Elly
Elmira
Elnora
Eloise
Elouise
Elsa
Elsie
Elvina
Elyse
Em
Emelia
Emily
Emma
Emmaline
Emmie
Emmy
Enola
Eppie
Erica
Ericka
Erika
Erin
Erma
Ernestine
Esmée
Esmeralda
Essie
Esta
Estella
Estelle
Esther
Ethel
Ethelyn
Etta
Ettie
Eugenia
Eula
Eulalia
Eunice
Eva
Evaline
Evalyn
Evangelina
Evangeline
Eve
Evelina
Eveline
Evelyn
Evette
Evie
Evonne
Evvie
Fae
Faith
Fannie
Fanny
Fawn
Fay
Faye
Felicia
Felicity
Femie
Fern
Ferne
Fiona
Flick
Flo
Flora
Florence
Floretta
Florrie
Flossie
Frances
Francine
Frannie
Freda
Frederica
Freida
Frieda
Frona
Gabriella
Gabrielle
Gail
Gale
Garnet
Gay
Gaye
Gayla
Gayle
Gaynor
Gemma
Gena
Geneva
Genevieve
Genie
Georgeanna
Georgene
Georgia
Georgiana
Georgie
Georgina
Geraldine
Gertie
Gertrude
Gill
Gillian
Gina
Ginger
Ginnie
Ginny
Gladys
Glenda
Glenna
Gloria
Goldie
Grace
Gracie
Greta
Gretchen
Gretta
Griselda
Gussie
Gwen
Gwenda
Gwendoline
Gwendolyn
Hadley
Hallie
Hannah
Harmony
Harper
Harriet
Harriett
Harriette
Hattie
Hatty
Haven
Hazel
Heather
Heidi
Helen
Helena
Hellen
Henrietta
Hester
Hettie
Hilary
Hilda
Hildred
Hillary
Hollie
Holly
Honora
Hope
Hortense
Ibbie
Ida
Idella
Ilene
Imogen
Imogene
Ina
India
Indiana
Inez
Iola
Iona
Ione
Irene
Iris
Irma
Isabel
Isabella
Isabelle
Isadora
Ivy
Jaci
Jacki
Jacklyn
Jaclyn
Jacqueline
Jacquelyn
Jacquetta
Jacqui
Jada
Jade
Jaime
Jaimie
Jami
Jan
Jane
Janel
Janelle
Janene
Janet
Janette
Janey
Janice
Janie
Janine
Janis
Janna
Jannette
Jasmin
Jasmine
Jaye
Jayme
Jayne
Jaynie
Jean
Jeana
Jeane
Jeanette
Jeanie
Jeanine
Jeanna
Jeanne
Jeannette
Jeannie
Jeannine
Jemima
Jemma
Jen
Jena
Jenelle
Jenifer
Jenn
Jenna
Jenni
Jennie
Jennifer
Jenny
Jeri
Jerri
Jerrie
Jessa
Jessica
Jessie
Jessye
Jewel
Jewell
Jill
Jillian
Jillie
Jilly
Jinny
Jo
Joan
Joanie
Joann
Joanna
Joanne
Jocelyn
Jodi
Jodie
Jody
Joella
Joelle
Joetta
Johanna
Johnna
Joleen
Jolene
Jolie
Joni
Jonie
Jorie
Josephine
Josie
Joss
Joy
Joyce
Joye
Judi
Judie
Judith
Judy
Jules
Julia
Juliana
Julianna
Julianne
Julie
Juliet
June
Justina
Justine
Kallie
Kandi
Kara
Karen
Karin
Karina
Karissa
Karlene
Karolyn
Karrie
Karyn
Kat
Kate
Katey
Katharine
Katharyn
Katherine
Katheryn
Kathi
Kathie
Kathleen
Kathlyn
Kathryn
Kathy
Katie
Katrina
Katy
Kay
Kaye
Kayla
Keely
Kelley
Kelli
Kellie
Kelsey
Kendra
Kennedy
Keri
Kerri
Kerrie
Kiki
Kiley
Kim
Kimberlee
Kimberley
Kimberly
Kimmie
Kimmy
Kira
Kirsten
Kitty
Kizzie
Kizzy
Kori
Krista
Kristal
Kristen
Kristi
Kristie
Kristin
Kristina
Kristy
Krystal
Kyla
Kylee
Kylie
Kyra
Lacey
Lacy
Laila
Lana
Laney
Lara
Laraine
Larissa
Laura
Laureen
Laurel
Lauren
Laurene
Laurie
Laverne
Lavina
Lavonne
Layla
Leah
Leann
Leanna
Leanne
Leatrice
Leeann
Leesa
Leigh
Leila
Lela
Lena
Lenora
Lenore
Leola
Leona
Leone
Lesia
Lesley
Leslie
Lessie
Leta
Letha
Letitia
Lettie
Letty
Lexa
Lexi
Lexia
Lexie
Lexine
Lexus
Lexy
Liana
Libby
Liberty
Liddy
Lilian
Liliana
Lilibet
Lilibeth
Lillia
Lillian
Lillie
Lilly
Lily
Lina
Linda
Lindsay
Lindsey
Linette
Linnie
Linsey
Lisa
Lise
Lisette
Lisha
Lissa
Lita
Liv
Livia
Livvy
Liz
Liza
Lizbeth
Lizette
Lizzie
Lizzy
Lois
Lola
Lora
Loraine
Lorayne
Loreen
Lorena
Lorene
Loretta
Lori
Lorie
Lorinda
Lorna
Lorraine
Lorri
Lorrie
Lottie
Lou
Louella
Louisa
Louise
Love
Luana
Luann
Luanne
Lucetta
Lucia
Lucile
Lucille
Lucinda
Lucy
Luella
Lula
Luvenia
Luvinia
Lydia
Lyn
Lynda
Lynette
Lynn
Lynne
Lynnette
Lyssa
Mabel
Mabelle
Mable
Macie
Mackenzie
Macy
Madalyn
Maddie
Maddy
Madeleine
Madeline
Madelyn
Madge
Madison
Madlyn
Madonna
Mae
Magdalen
Magdalena
Magdalene
Maggie
Magnolia
Mahala
Mahalia
Malinda
Malvina
Mamie
Mandi
Mandy
Maralyn
Marci
Marcia
Marcie
Marcy
Margaret
Margaretta
Marge
Margery
Margie
Margo
Maria
Mariah
Marian
Marianna
Marianne
Marie
Mariel
Marilou
Marilyn
Marilynn
Marinda
Marion
Marisa
Marissa
Marje
Marjorie
Marjory
Marla
Marleen
Marlena
Marlene
Marlyn
Marnie
Marsha
Martha
Martina
Marva
Mary
Maryann
Maryanne
Marybeth
Marylou
Marylyn
Mathilda
Matilda
Mattie
Maud
Maude
Maudie
Maura
Maureen
Maurine
Mavis
Maxine
May
Maya
Maybelle
Mayme
Meagan
Meaghan
Meg
Megan
Meghan
Melanie
Melba
Melina
Melinda
Melissa
Melody
Melva
Mercy
Merilyn
Merle
Merry
Meryl
Mia
Michaela
Michelle
Mikki
Mildred
Millicent
Millie
Milly
Mina
Mindy
Minerva
Minnie
Miranda
Miriam
Missie
Missy
Misti
Misty
Mo
Mollie
Molly
Mona
Monica
Monna
Moreen
Muriel
Myra
Myrtie
Myrtle
Nadia
Nan
Nancy
Nanette
Nannie
Nanny
Naomi
Narelle
Natalie
Natasha
Nelda
Nell
Nella
Nelle
Nellie
Nelly
Nena
Ness
Nessa
Netta
Nettie
Neva
Nevada
Nichola
Nichole
Nicola
Nicole
Nikki
Nikole
Nina
Nita
Noelle
Nola
Nona
Nonie
Nora
Norah
Noreen
Norene
Norma
Nova
Nyree
Octavia
Odelia
Olive
Olivia
Oneida
Opal
Ophelia
Ora
Orpha
Paige
Pam
Pamela
Pamelia
Pamella
Pansy
Patience
Patrice
Patricia
Patsy
Patti
Pattie
Patty
Paula
Pauletta
Paulina
Pauline
Pearl
Pearle
Pearlie
Peg
Peggie
Peggy
Pen
Penelope
Penny
Peta
Petra
Phebe
Phemie
Pheobe
Philippa
Phillis
Philomena
Phoebe
Phyliss
Phyllis
Pippa
Pollie
Polly
Poppy
Portia
Posie
Posy
Presley
Pris
Priscilla
Prissy
Pru
Prudence
Prue
Queen
Queenie
Rachael
Racheal
Rachel
Rachelle
Racquel
Rae
Ramona
Randi
Raquel
Raven
Reagan
Reba
Rebecca
Rebekah
Regan
Regena
Regina
Rena
Renae
Renee
Renita
Retha
Rhiannon
Rhoda
Rhonda
Richelle
Rilla
Rita
Roberta
Robyn
Rochelle
Romaine
Romy
Rona
Ronda
Roni
Ros
Rosa
Rosalind
Rosaline
Rosalyn
Rosamond
Rosanna
Rosanne
Rose
Roseann
Roseanne
Roselyn
Rosemary
Rosie
Roslyn
Rosy
Rowena
Roxana
Roxane
Roxanna
Roxanne
Roxie
Roxy
Roz
Rozanne
Ruby
Rubye
Rue
Ruth
Ruthie
Sabrina
Sadie
Sal
Salina
Sallie
Sally
Salome
Samantha
Sammie
Sandra
Sara
Sarah
Savannah
Scarlett
Selina
Selma
Serena
Serina
Shan
Shana
Shanna
Shannon
Shanon
Shantel
Shari
Sharla
Sharleen
Sharlene
Sharon
Sharron
Sharyl
Sharyn
Shauna
Shavonne
Shawna
Shawnda
Shayla
Sheena
Sheila
Shelia
Shell
Shelley
Shelly
Sheree
Sheri
Sherie
Sherilyn
Sherri
Sherrie
Sherry
Sheryl
Sheryll
Shirlee
Shirley
Shonda
Sibyl
Silvia
Simone
Sissie
Sissy
Sondra
Sonia
Sonya
Sophia
Sophie
Spring
Stacey
Staci
Stacia
Stacie
Stacy
Star
Starla
Starr
Stella
Steph
Stephania
Stephanie
Stephany
Sue
Suellen
Sukie
Summer
Sunday
Sunny
Sunshine
Susan
Susanna
Susie
Suzan
Suzanna
Suzanne
Suzi
Suzie
Suzy
Sybil
Sydney
Sylvia
Tabatha
Tabby
Tabitha
Tamara
Tameka
Tamela
Tamera
Tami
Tamika
Tammi
Tammie
Tammy
Tamra
Tamsin
Tamsyn
Tania
Tanya
Tara
Taryn
Tasha
Tatiana
Tera
Teresa
Teri
Terra
Terri
Terrie
Tess
Tessa
Tessie
Thea
Thelma
Theodora
Theresa
Thomasina
Tia
Tiana
Tibby
Tiffani
Tiffany
Tilda
Tillie
Tilly
Tina
Titty
Toni
Tonia
Tonya
Tori
Toria
Tory
Tottie
Totty
Tracee
Tracey
Traci
Tracie
Tracy
Tricia
Trina
Trinity
Trish
Trisha
Trista
Trix
Trixie
Trudi
Trudie
Trudy
Twila
Twyla
Ursula
Valarie
Valerie
Valorie
Vanessa
Velda
Velma
Velvet
Venetia
Vera
Verna
Veronica
Veva
Vi
Vicki
Vickie
Vicky
Victoria
Vikki
Viola
Violet
Virgee
Virgie
Virginia
Vonda
Wanda
Wendi
Wendy
Whitney
Wilda
Wilhelmina
Willa
Wilma
Winifred
Winnie
Winnifred
Winona
Wynona
Yolanda
Yolonda
Yvette
Yvonne
Zandra
Zanna
Zelda
Zelma
Zena
Zoe
Zoë
Zola
Zula
