Aaliyah
Abbey
Abbi
Abbie
Abby
Abegail
Abigail
Abigayle
Acacia
Ada
Adamina
Addie
Addy
Adela
Adelaide
Adele
Adelia
Adeline
Adelle
Adria
Adriana
Adrianna
Adrianne
Africa
Agatha
Aggie
Agnes
Aileen
Ainslee
Ainsley
Ainslie
Aisha
Alaina
Alana
Alanis
Alanna
Alannah
Alannis
Alayna
Alberta
Alea
Alease
Alecia
Aleesha
Alene
Alesha
Alesia
Aleta
Aletha
Alethea
Alexa
Alexandra
Alexandrea
Alexandria
Alexandrina
Alexia
Alexina
Alexus
Alfreda
Aliah
Alice
Alicia
Aline
Alise
Alisha
Alishia
Alisia
Alison
Alissa
Alisya
Alivia
Allana
Allannah
Allegra
Allegria
Allie
Allison
Allissa
Ally
Allycia
Allyson
Alma
Almira
Alpha
Alvena
Alvina
Alyce
Alycia
Alys
Alysa
Alyse
Alysha
Alysia
Alyson
Alyssa
Alyssia
Alyx
Amabel
Amanda
Amber
Ambrosine
Amelia
America
Amethyst
Ami
Amie
Amilia
Amity
Amy
Anabella
Anastacia
Anastasia
Andi
Andra
Andrea
Andriana
Andrina
Anemone
Angela
Angelia
Angelica
Angelina
Angelle
Angie
Anima
Anise
Anissa
Anita
Anjelica
Ann
Anna
Annabel
Annabella
Annabelle
Annabeth
Annalee
Anne
Anneka
Annette
Annice
Annie
Annika
Annis
Annmarie
Annora
Anona
Ansley
Antonette
Antonia
April
Arabella
Araminta
Aretha
Aria
Ariana
Ariella
Arienne
Arin
Arleen
Arlene
Arlie
Arline
Aryana
Ashlea
Ashlee
Ashleigh
Ashley
Ashlie
Ashlyn
Ashlynn
Asia
Aspen
Astra
Aubree
Aubrie
Audie
Audra
Audrea
Audrey
Augusta
Aura
Aureole
Aurora
Autumn
Ava
Avaline
Avalon
Aveline
Avice
Avila
Avis
Avril
Azalea
Azura
Azure
Babs
Bailee
Bambi
Barb
Barbara
Barbie
Barbra
Baylee
Bea
Beatrice
Beatrix
Becca
Becci
Becka
Beckah
Becky
Bee
Bekki
Belinda
Bella
Belle
Berenice
Bernadette
Bernadine
Bernetta
Bernice
Berniece
Berry
Bertha
Bertina
Beryl
Bess
Bessie
Beth
Bethanie
Bethany
Bethney
Betony
Betsy
Bette
Bettie
Betty
Bettye
Beulah
Bev
Beverley
Beverly
Biddy
Bindy
Blanch
Blanche
Blondie
Blossom
Blythe
Bobbi
Bobbie
Bonita
Bonnie
Braelyn
Branda
Brande
Brandee
Brandi
Brandie
Brandy
Breana
Breann
Breanna
Breanne
Brenda
Brenna
Briana
Brianna
Brianne
Bridget
Bridgette
Brielle
Briony
Britannia
Britney
Brittani
Brittania
Brittany
Brittney
Brittny
Brooke
Brooklyn
Brooklynn
Bryana
Bryanna
Bryanne
Brynn
Brynne
Bryony
Buffy
Bunny
Burgundy
Cadence
Caelie
Caetlin
Caileigh
Cailin
Cailyn
Caitlin
Caitlyn
Calanthe
Calanthia
Caleigh
Calista
Calla
Calleigh
Callie
Callista
Camellia
Camilla
Cammie
Camryn
Candace
Candi
Candice
Candida
Candis
Candy
Candyce
Caprice
Capricia
Cara
Careen
Caren
Cari
Carina
Caris
Carissa
Carla
Carlene
Carley
Carlie
Carlisa
Carly
Carlyn
Carmel
Carmella
Carmen
Carol
Carolina
Caroline
Carolyn
Carreen
Carrie
Carry
Caryl
Caryn
Cass
Cassandra
Cassarah
Cassidy
Cassie
Cate
Catharine
Catherin
Catherina
Catherine
Cathleen
Cathryn
Cathy
Cayley
Ceara
Cearra
Cecelia
Cecilia
Cecily
Cedar
Celandine
Celeste
Celestine
Celia
Celinda
Chalice
Chanel
Chanelle
Chantal
Chanté
Chantel
Chantelle
Charis
Charisma
Charissa
Charisse
Charity
Charla
Charleen
Charlene
Charlize
Charlotte
Charmaine
Charmian
Charnette
Chasity
Chastity
Chelle
Chelsea
Chelsey
Chelsie
Cher
Cherette
Cheri
Cherice
Cherie
Cherilyn
Cherise
Cherish
Cherokee
Cherry
Cheryl
Cheyanne
Cheyenne
China
Chloe
Chrissie
Chrissy
Christa
Christabel
Christabella
Christabelle
Christal
Christi
Christiana
Christianne
Christie
Christina
Christine
Christobel
Christy
Chrysanta
Chrystal
Chyna
Ciara
Cicely
Ciera
Cierra
Cindi
Cindra
Cindy
Cissy
Claire
Clara
Clare
Clarette
Claribel
Clarice
Clarinda
Clarissa
Clarity
Claudia
Clematis
Clemence
Clemency
Cleo
Clotilda
Clover
Coleen
Colene
Colleen
Collyn
Columbine
Comfort
Connie
Constance
Cora
Coral
Cordelia
Coreen
Coretta
Cori
Coriander
Corie
Corina
Corine
Corinna
Corinne
Cornelia
Corrie
Corrina
Corrine
Cortney
Corynn
Courtney
Cristal
Cristen
Crystal
Cyan
Cybill
Cydney
Cymone
Cyndi
Cynthia
Cyrilla
Daffodil
Dahlia
Daisy
Dalia
Danette
Dani
Danica
Daniela
Daniella
Danielle
Danika
Danita
Danna
Danni
Daphne
Darcey
Darcy
Daria
Darla
Darleen
Darlene
Davena
Davida
Davina
Davinia
Dawn
Dayna
Deana
Deanna
Deanne
Deb
Debbi
Debbie
Debby
Debi
Deborah
Debra
Dee
Deeann
Deena
Deidra
Deidre
Deirdre
Deitra
Delaney
Delia
Delia
Delice
Delicia
Delight
Delilah
Della
Delma
Delora
Delores
Deloris
Delphia
Delta
Demelza
Dena
Denice
Deniece
Denise
Deonne
Desirae
Desiree
Destinee
Destiny
Detta
Devyn
Deziree
Di
Diamond
Diana
Diane
Diann
Dianna
Dianne
Diantha
Dina
Dinah
Dione
Dionne
Divina
Dixie
Docia
Dodie
Dollie
Dolly
Dolores
Dominica
Dona
Donelle
Donna
Dora
Doreen
Doretta
Doria
Dorinda
Dorine
Doris
Dorita
Dorothea
Dorothy
Dorris
Dortha
Dorthy
Dory
Dot
Dottie
Dotty
Dove
Drea
Dreda
Drina
Duana
Dulcibella
Dulcie
Dyan
Earleen
Earlene
Earline
Earnestine
Eartha
Easter
Ebba
Ebony
Eden
Edie
Edith
Edna
Edweena
Edwena
Edwina
Edwyna
Edytha
Edythe
Effie
Eglantine
Eileen
Eireann
Elaine
Elea
Eleanor
Eleanora
Eleanore
Elenora
Eleonor
Elfleda
Elfreda
Elfrida
Elfrieda
Elicia
Elinor
Elisa
Elisabeth
Elise
Elissa
Eliza
Elizabeth
Ella
Ella
Elle
Ellen
Ellie
Elly
Elmira
Elnora
Eloise
Elouise
Elsa
Elsabeth
Elsie
Elvina
Elyse
Elyzabeth
Em
Emalee
Emelia
Emely
Emerald
Emilee
Emily
Emma
Emmaline
Emmeline
Emmie
Emmy
Enola
Epiphany
Eppie
Erica
Ericka
Erika
Erin
Erma
Ermintrude
Ernestine
Erykah
Eryn
Esmaralda
Esmée
Esmeralda
Essence
Essie
Esta
Estella
Estelle
Esther
Ethel
Ethelinda
Ethelyn
Etta
Ettie
Eugenia
Eula
Eulalia
Eunice
Eustacia
Eva
Evaline
Evalyn
Evangelina
Evangeline
Eve
Eveleen
Evelina
Eveline
Evelyn
Evette
Evie
Evonne
Evvie
Fae
Faith
Faithe
Fallon
Fancy
Fannie
Fanny
Fawn
Fay
Faye
Felicia
Felicity
Femie
Fern
Ferne
Fiona
Flannery
Fleur
Fleurette
Flick
Flo
Floella
Flora
Florence
Floretta
Florrie
Flossie
Flower
Fortune
Francene
Frances
Francine
Frannie
Freda
Frederica
Freida
Frieda
Frona
Gabriella
Gabrielle
Gae
Gaenor
Gail
Gaila
Gale
Gardenia
Garnet
Garnette
Gay
Gaye
Gayla
Gayle
Gaynor
Geena
Gemma
Gena
Genesis
Genette
Geneva
Genevieve
Genie
Georgeanna
Georgene
Georgia
Georgiana
Georgie
Georgina
Geraldine
Gertie
Gertrude
Gill
Gillian
Gina
Ginger
Ginnie
Ginny
Giselle
Gisselle
Githa
Gladys
Glenda
Glenna
Gloria
Gloriana
Glory
Goldie
Grace
Gracie
Greer
Greta
Gretchen
Gretta
Griselda
Guendolen
Gussie
Gwen
Gwenda
Gwendoline
Gwendolyn
Gwenevere
Gwyneth
Gypsy
Gytha
Hadley
Hailee
Hailey
Hailie
Haleigh
Haley
Halle
Hallie
Hannah
Happy
Harmonie
Harmony
Harper
Harriet
Harriett
Harrietta
Harriette
Hattie
Hatty
Haven
Haylee
Hayleigh
Hayley
Haylie
Haze
Hazel
Heather
Heaven
Heidi
Helen
Helena
Hellen
Henrietta
Hepsie
Hester
Hettie
Hilary
Hilda
Hildred
Hillary
Hollie
Holly
Honey
Honor
Honora
Honour
Hope
Hortense
Hyacinth
Hylda
Ibbie
Ida
Idella
Idelle
Idonea
Idony
Iesha
Ilean
Ileen
Ilene
Imogen
Imogene
Ina
India
Indiana
Indigo
Inez
Iola
Iona
Ione
Ireland
Irene
Iris
Irma
Isabel
Isabella
Isabelle
Isadora
Isbel
Isebella
Isidora
Isolde
Ivonette
Ivy
Izabelle
Jaci
Jacinda
Jacinth
Jackalyn
Jacki
Jacklyn
Jaclyn
Jacqueline
Jacquelyn
Jacquetta
Jacqui
Jada
Jade
Jadyn
Jaida
Jaime
Jaimie
Jaki
Jakki
Jami
Jan
Janae
Jancis
Jane
Janeka
Janel
Janele
Janella
Janelle
Janene
Janessa
Janet
Janetta
Janette
Janey
Janice
Janie
Janine
Janis
Janna
Jannah
Jannette
Jannine
Jaqueline
Jaquelyn
Jaslyn
Jasmin
Jasmine
Jasmyn
Jayda
Jayde
Jaye
Jayla
Jaylee
Jaylyn
Jayma
Jayme
Jayna
Jayne
Jaynie
Jazlyn
Jazmin
Jazmine
Jazmyn
Jean
Jeana
Jeane
Jeanette
Jeanie
Jeanine
Jeanna
Jeanne
Jeannette
Jeannie
Jeannine
Jemima
Jemma
Jen
Jena
Jenae
Jenelle
Jenessa
Jeni
Jenifer
Jenn
Jenna
Jenni
Jennica
Jennie
Jennifer
Jenny
Jeri
Jerri
Jerrie
Jessa
Jessalyn
Jessamine
Jessamyn
Jessi
Jessica
Jessie
Jessika
Jessye
Jewel
Jewell
Jill
Jillian
Jillie
Jilly
Jinny
Jo
Joan
Joandra
Joanie
Joann
Joanna
Joanne
Jobeth
Jocelin
Jocelyn
Jodene
Jodi
Jodie
Jody
Joella
Joelle
Joetta
Johanna
Johna
Johnna
Joi
Joisse
Joleen
Jolene
Jolie
Jonelle
Jonette
Joni
Jonie
Jonquil
Jordana
Jordyn
Jorie
Jorja
Josceline
Joselyn
Josepha
Josephina
Josephine
Josie
Joss
Josslyn
Joy
Joyce
Joye
Judi
Judie
Judith
Judy
Jules
Julia
Juliana
Julianna
Julianne
Julie
Juliet
July
June
Juniper
Justina
Justine
Kacey
Kacie
Kae
Kaelea
Kaelee
Kaety
Kailee
Kailey
Kailyn
Kaitlin
Kaitlyn
Kaitlynn
Kaleigh
Kaley
Kalie
Kalisha
Kalla
Kallie
Kalyn
Kalysta
Kamryn
Kandace
Kandi
Kara
Karaugh
Karen
Karena
Karenza
Karin
Karina
Karissa
Karlee
Karlene
Karly
Karolyn
Karrie
Karyn
Karyna
Kasandra
Kassandra
Kassia
Kassidy
Kassy
Kat
Kate
Katee
Katelin
Katelyn
Katelynn
Katey
Katharine
Katharyn
Katherina
Katherine
Katheryn
Katheryne
Kathi
Kathie
Kathleen
Kathlyn
Kathryn
Kathy
Katie
Katlyn
Katrina
Katriona
Katy
Kay
Kaycee
Kaye
Kayla
Kayleah
Kaylee
Kayleen
Kayleigh
Kayley
Kaylie
Kaylin
Kayly
Kaylyn
Kaylynn
Keanna
Keara
Keeleigh
Keeley
Keely
Keighley
Keila
Keira
Keisha
Keitha
Kelda
Kelia
Kelleigh
Kelley
Kelli
Kellie
Kelsey
Kelsi
Kelsie
Kendra
Kennedy
Kenya
Kerena
Kerensa
Kerenza
Keri
Kerri
Kerrie
Keshia
Kestrel
Keysha
Khloe
Kiana
Kiara
Kiarra
Kierra
Kiersten
Kiki
Kiley
Kilie
Kim
Kimberlee
Kimberleigh
Kimberley
Kimberly
Kimberlyn
Kimbra
Kimmie
Kimmy
Kira
Kirsten
Kisha
Kitty
Kizzie
Kizzy
Kolleen
Kori
Korrine
Kortney
Kourtney
Krista
Kristal
Kristeen
Kristel
Kristen
Kristi
Kristia
Kristie
Kristin
Kristina
Kristy
Krystal
Krystelle
Krysten
Krystina
Krystine
Krystle
Kyla
Kylee
Kyleigh
Kylie
Kym
Kyra
Kyrsten
Lacey
Lacy
Ladonna
Lagina
Laila
Lainey
Lakeisha
Lakeshia
Lakisha
Lalia
Lallie
Lally
Lana
Laney
Lara
Laraine
Larissa
Lark
Laryn
Lashawn
Lashonda
Latanya
Latasha
Latisha
Latonya
Latoya
Laura
Lauraine
Laureen
Laurel
Laurelle
Lauren
Laurena
Laurencia
Laurene
Lauressa
Laurie
Laurinda
Laurissa
Lauryn
Lavena
Lavender
Laverne
Lavina
Lavone
Lavonne
Lawanda
Layla
Leah
Leann
Leanna
Leanne
Leanora
Leatrice
Lecia
Leeann
Leesa
Leigh
Leila
Leilah
Lela
Lena
Lenora
Lenore
Leola
Leona
Leone
Leontyne
Lesia
Lesleigh
Lesley
Leslie
Lesly
Lessie
Leta
Letha
Letitia
Lettice
Lettie
Letty
Lexa
Lexi
Lexia
Lexie
Lexine
Lexus
Lexy
Leyla
Liana
Lianne
Libby
Liberty
Liddy
Lilac
Lilian
Liliana
Lilibet
Lilibeth
Lillia
Lillian
Lillie
Lilly
Lily
Lina
Linda
Lindsay
Lindsey
Lindsie
Linette
Linnaea
Linnet
Linnette
Linnie
Linsay
Linsey
Linzi
Lisa
Lise
Lisette
Lisha
Lissa
Lita
Liv
Livia
Livvy
Liz
Liza
Lizbeth
Lizette
Lizzie
Lizzy
Lois
Lola
Lolicia
Lora
Loraine
Lorainne
Lorayne
Loreen
Lorelle
Lorena
Lorene
Loretta
Lori
Lorie
Lorinda
Lorna
Lorraine
Lorri
Lorrie
Lottie
Lotus
Lou
Louella
Louisa
Louise
Love
Luana
Luann
Luanna
Luanne
Lucetta
Lucia
Lucile
Lucille
Lucinda
Lucy
Luella
Lula
Luvenia
Luvinia
Lyda
Lydia
Lyn
Lynda
Lyndi
Lyndsay
Lyndsea
Lyndsey
Lynette
Lynn
Lynna
Lynne
Lynnette
Lynsay
Lynsey
Lyric
Lysette
Lyssa
Mabel
Mabella
Mabelle
Mable
Macey
Macie
Mackenzie
Macy
Madalyn
Maddie
Maddison
Maddy
Madelaine
Madeleine
Madelina
Madeline
Madelyn
Madge
Madison
Madisyn
Madlyn
Madoline
Madonna
Madyson
Mae
Maegan
Maeghan
Magdalen
Magdalena
Magdalene
Maggie
Magnolia
Mahala
Mahalia
Makayla
Makenna
Makenzie
Malandra
Maleah
Malinda
Mallory
Malvina
Mamie
Mandi
Mandy
Maralyn
Marcelyn
Marci
Marcia
Marcie
Marcy
Maree
Margaret
Margaretta
Marge
Margery
Margie
Margo
Maria
Mariabella
Mariah
Marian
Marianna
Marianne
Marie
Mariel
Marigold
Marilou
Marilyn
Marilynn
Marinda
Marion
Maris
Marisa
Marissa
Marje
Marjorie
Marjory
Marla
Marlee
Marleen
Marlena
Marlene
Marley
Marly
Marlyn
Marnie
Marquita
Marsha
Martha
Martina
Marva
Mary
Maryann
Maryanne
Marybeth
Marylou
Marylu
Marylyn
Maryvonne
Mathilda
Matilda
Mattie
Maud
Maude
Maudie
Maura
Maureen
Maurene
Maurine
Mavis
Maxene
Maxine
May
Maya
Maybelle
Maybelline
Mayme
Mayra
Mckayla
Mckenna
Mckenzie
Meadow
Meagan
Meaghan
Meg
Megan
Meghan
Melanie
Melantha
Melany
Melba
Melicent
Melina
Melinda
Melissa
Mellony
Melody
Melva
Melyssa
Mercia
Mercy
Merideth
Meridith
Meriel
Merilyn
Merla
Merle
Merletta
Merrilyn
Merry
Meryl
Mia
Michaela
Michayla
Michelle
Michelyne
Midge
Mikayla
Mikhaila
Mikki
Mildred
Miley
Millicent
Millie
Milly
Mina
Mindy
Minerva
Minnie
Minta
Minty
Mirabelle
Miracle
Miranda
Miriam
Missie
Missy
Misti
Misty
Mo
Modesty
Mollie
Molly
Mona
Monday
Monica
Monna
Montana
Mora
Moreen
Morgana
Moriah
Muriel
Mya
Myra
Myranda
Myrtie
Myrtle
Nadia
Nan
Nancy
Nanette
Nannie
Nanny
Naomi
Narelle
Natalee
Natalie
Natasha
Natille
Natisha
Nelda
Nell
Nella
Nelle
Nellie
Nelly
Nena
Ness
Nessa
Netta
Nettie
Neva
Nevada
Nevaeh
Nichola
Nichole
Nicola
Nicole
Nigella
Nikeisha
Nikki
Nikkole
Nikole
Nina
Nita
Noelene
Noelle
Nola
Nolene
Nona
Nonie
Nora
Norah
Noreen
Norene
Norma
Normina
Nova
Nydia
Nyree
Octavia
Odelia
Odetta
Olive
Olivia
Olyvia
Oneida
Opal
Opaline
Ophelia
Ora
Oralee
Oralie
Orinda
Orpha
Ottoline
Paget
Paige
Paisley
Pam
Pamela
Pamelia
Pamella
Pamila
Pansy
Parnel
Patience
Patrice
Patricia
Patsy
Patti
Pattie
Patty
Paula
Pauleen
Paulene
Pauletta
Paulina
Pauline
Payton
Peace
Pearl
Pearle
Pearlie
Peg
Peggie
Peggy
Pen
Pene
Penelope
Penny
Peony
Permelia
Pernel
Peronel
Peta
Petra
Petrina
Petronel
Petula
Petunia
Phebe
Phemie
Pheobe
Philipa
Philippa
Philis
Phillida
Phillipa
Phillis
Philomena
Phoebe
Phyliss
Phyllida
Phyllis
Piety
Piper
Pippa
Pleasance
Pollie
Polly
Poppy
Porsche
Portia
Posie
Posy
Praise
Precious
Presley
Primrose
Primula
Princess
Pris
Priscilla
Prissy
Pru
Prudence
Prue
Prunella
Qiana
Quanna
Queen
Queenie
Quiana
Quianna
Quintella
Rachael
Racheal
Rachel
Rachelle
Rachyl
Racquel
Rae
Raelene
Raelyn
Rain
Rainbow
Raine
Ramona
Randi
Raquel
Raschelle
Raven
Ravenna
Raylene
Reagan
Reanna
Reannon
Reba
Rebecca
Rebeccah
Rebeccanne
Rebeckah
Rebekah
Reene
Reenie
Regan
Regana
Regena
Regina
Rena
Renae
Renee
Renie
Renita
Retha
Rexana
Rexanne
Rheanna
Rhetta
Rhianna
Rhiannon
Rhoda
Rhonda
Rica
Richardine
Richelle
Richmal
Rikki
Rilla
Rita
Robena
Roberta
Robina
Robyn
Robynne
Rochelle
Romaine
Romayne
Romey
Romy
Rona
Ronda
Roni
Ronnette
Ros
Rosa
Rosabel
Rosaleen
Rosalin
Rosalind
Rosaline
Rosalyn
Rosalynne
Rosamond
Rosamund
Rosanna
Rosannah
Rosanne
Rose
Roseann
Roseanne
Roselyn
Rosemary
Rosie
Roslyn
Rosy
Rowanne
Rowena
Rowina
Roxana
Roxane
Roxanna
Roxanne
Roxie
Roxy
Roz
Rozanne
Ruby
Rubye
Rue
Ruth
Ruthie
Ryana
Ryann
Ryanne
Rylee
Rylie
Sabella
Sable
Sabrina
Sabryna
Sadie
Saffron
Sage
Sal
Salena
Salina
Sallie
Sally
Salome
Samantha
Samara
Sammi
Sammie
Sandie
Sandra
Sapphire
Sara
Sarah
Saranna
Sarina
Savanna
Savannah
Scarlet
Scarlett
Scout
Seanna
Selina
Selma
September
Sequoia
Sera
Seraphina
Serena
Serenity
Serina
Serrena
Shae
Shaelyn
Shan
Shana
Shanae
Shanelle
Shanene
Shania
Shanice
Shanika
Shaniqua
Shanna
Shannah
Shannen
Shannon
Shanon
Shantae
Shantel
Shantelle
Shaquila
Sharalyn
Shari
Sharise
Sharla
Sharleen
Sharlene
Sharmaine
Sharon
Sharona
Sharron
Sharyl
Sharyn
Shauna
Shavonne
Shawna
Shawnda
Shawnee
Shaye
Shayla
Shaylyn
Sheelagh
Sheena
Sheenagh
Sheila
Shelagh
Shelena
Shelia
Shell
Shelley
Shelly
Shena
Sheree
Sheri
Sherie
Sherill
Sherilyn
Sherisse
Sherley
Sherri
Sherrie
Sherry
Sheryl
Sheryll
Shevaun
Shevon
Shirlee
Shirley
Shonda
Shyla
Sibyl
Sidony
Siena
Sienna
Sierra
Silvia
Simone
Simonette
Sindy
Sissie
Sissy
Sky
Skye
Sloan
Sloane
Sommer
Sondra
Sonia
Sonya
Sophia
Sophie
Sophy
Sorrel
Spirit
Spring
Stacee
Stacey
Staci
Stacia
Stacie
Stacy
Star
Starla
Starr
Stella
Steph
Stephani
Stephania
Stephanie
Stephany
Sue
Suellen
Sukie
Summer
Sunday
Sunny
Sunshine
Susan
Susanna
Susie
Suzan
Suzanna
Suzanne
Suzi
Suzie
Suzy
Sybella
Sybil
Sydne
Sydney
Sydnie
Sylvia
Symphony
Tabatha
Tabby
Tabitha
Tacey
Taegan
Tahnee
Tajuana
Talisha
Tallulah
Tamara
Tameka
Tamela
Tamera
Tami
Tamia
Tamika
Tammara
Tammi
Tammie
Tammy
Tamra
Tamsen
Tamsin
Tamsyn
Tamzen
Taneka
Tanesha
Tania
Tanika
Taniqua
Tanisha
Tansy
Tanya
Tanzi
Tara
Tarah
Tarina
Taryn
Tasha
Tatiana
Tatianna
Tatum
Tatyanna
Tawnee
Tawnie
Tawny
Tayla
Tayler
Teal
Teale
Temperance
Tempest
Tera
Teresa
Teri
Terra
Terri
Terrie
Tess
Tessa
Tessie
Tetty
Thankful
Thea
Thelma
Theodora
Theresa
Thomasina
Tia
Tiana
Tianna
Tiara
Tibby
Tiffani
Tiffany
Tiffiny
Tilda
Tillie
Tilly
Timotha
Tina
Tiphanie
Tisha
Titty
Toni
Tonia
Tonya
Topaz
Topsy
Tori
Toria
Tory
Tottie
Totty
Toya
Tracee
Tracey
Traci
Tracie
Tracy
Treasure
Trecia
Tresha
Tricia
Trina
Trinity
Trish
Trisha
Trista
Trix
Trixie
Trudi
Trudie
Trudy
Twila
Twyla
Ulyssa
Unice
Unique
Unity
Ursella
Ursula
Valarie
Valary
Valerie
Valorie
Vanessa
Velda
Velma
Velvet
Venetia
Vera
Verity
Verna
Veronica
Veva
Vi
Vianne
Vicki
Vickie
Vicky
Victoria
Vikki
Viola
Violet
Viona
Virgee
Virgie
Virginia
Viviette
Vivyan
Vonda
Wanda
Wenda
Wendi
Wendy
Wenona
Wenonah
Whitney
Wilda
Wilfreda
Wilhelmina
Willa
Willow
Wilma
Winifred
Winnie
Winnifred
Winona
Winter
Wisdom
Wren
Wynona
Wynonna
Wynter
Xanthia
Xavia
Xaviera
Yadira
Yasmin
Yasmine
Yazmin
Yolanda
Yolonda
Yvette
Yvonne
Zandra
Zanna
Zara
Zaria
Zavanna
Zavia
Zelda
Zelma
Zena
Zinnia
Zoe
Zoë
Zoey
Zoie
Zola
Zowie
Zula
