Aabraham
Aadolf
Aapeli
Aapo
Aarne
Aatami
Aatos
Aatto
Aatu
Ahti
Aimo
Aki
Akseli
Aku
Ale
Aleksanteri
Aleksi
Alpertti
Altti
Alvar
Anselmi
Anssi
Antero
Anton
Antti
Anttoni
Ari
Armas
Armo
Arto
Arttu
Artturi
Arvo
Aukusti
Aulis
Edvard
Edvin
Eelis
Eemeli
Eemil
Eerik
Eerikki
Eero
Eetu
Eino
Elias
Eljas
Ensio
Erik
Erkki
Erno
Esa
Filip
Frans
Fredrik
Gabriel
Hannes
Hannu
Harri
Heikki
Heino
Henri
Henrikki
Hermanni
Hesekiel
Iikka
Iiro
Iisakki
Ilari
Ilmari
Into
Ismo
Jaakkima
Jaakko
Jaakoppi
Jalmari
Jalo
Jani
Janne
Jari
Jarkko
Jarmo
Jaska
Jere
Jeremias
Joakim
Joel
Johannes
Joni
Joona
Joonas
Jooseppi
Jorma
Jouko
Jouni
Juha
Juhana
Juhani
Juho
Jukka
Jussi
Juuso
Jyri
Jyrki
Kaapo
Kaapro
Kaarle
Kaarlo
Kai
Kaleva
Kalevi
Kalle
Kari
Karl
Kauko
Kim
Kimi
Klaus
Kristian
Kristoffer
Kustaa
Kusti
Kyösti
Lari
Lars
Lasse
Lassi
Launo
Lauri
Leevi
Lennart
Luukas
Mainio
Markku
Marko
Markus
Martin
Martti
Matias
Matti
Mauno
Maunu
Mauri
Mika
Mikael
Mikko
Miska
Niilo
Niklas
Niko
Nikolaus
Nooa
Oiva
Olavi
Oliver
Olli
Onni
Oskari
Osku
Otso
Otto
Paavali
Paavo
Pasi
Pauli
Pekka
Pentti
Pertti
Perttu
Petri
Petteri
Pietari
Pyry
Raimo
Ransu
Reijo
Reima
Reino
Reko
Rikhard
Riku
Risto
Roni
Roope
Roopertti
Ruuben
Sakari
Sakke
Saku
Salomon
Sami
Sampo
Samppa
Samu
Samuel
Samuli
Santeri
Santtu
Sauli
Sebastian
Sepi
Seppo
Seppo
Severi
Simo
Sisu
Soini
Sulo
Taavetti
Taavi
Tahvo
Taisto
Taneli
Tapani
Tapio
Tarmo
Tatu
Tauno
Teemu
Teppo
Terho
Tero
Teuvo
Tiitus
Timo
Toivo
Tomi
Tommi
Toni
Topi
Topias
Torsti
Tuomas
Tuomo
Ukko
Uolevi
Urho
Usko
Väinö
Valdemar
Valto
Valtteri
Veikko
Veli
Vesa
Vilhelmi
Vilho
Viljami
Viljo
Ville
Vilppu
Voitto
Yrjänä
Yrjö
