Aamu
Adele
Adelina
Aina
Aino
Aliisa
Alina
Alli
Amalia
Amanda
Anita
Anja
Anna
Anna-liisa
Anne
Anneli
Anni
Anniina
Annika
Annikki
Annukka
Ansa
Anu
Arja
Aune
Aurora
Birgitta
Brita
Camilla
Cecilia
Dorotea
Eerika
Eeva
Eevi
Eija
Eleonoora
Eleonora
Eliina
Eliisa
Elina
Elisa
Elisabet
Elli
Elsa
Emilia
Emma
Enni
Erika
Erja
Ester
Esteri
Eveliina
Fanni
Fanny
Fredrika
Hanna
Hanna
Hannele
Heidi
Heleena
Helena
Heli
Helka
Hellä
Helmi
Henna
Henriikka
Hilja
Hillevi
Iida
Iines
Ilma
Ilona
Ilta
Impi
Inka
Inkeri
Irene
Irina
Iris
Irja
Irma
Jaana
Janina
Jenna
Jenni
Johanna
Jonna
Josefiina
Julia
Kaarina
Kaija
Kaisa
Karin
Karoliina
Kata
Katariina
Kati
Katri
Katriina
Kerttu
Kielo
Kiira
Kirsi
Kirsikka
Kirsti
Krista
Kristiina
Kukka
Kylli
Kyllikki
Lahja
Laila
Laura
Lea
Leena
Lempi
Liina
Liisa
Liisi
Lilja
Lilli
Linda
Lotta
Loviisa
Lumi
Lydia
Lyydia
Lyyti
Maaria
Maarika
Maarit
Magdalena
Maija
Malin
Margareeta
Margareta
Mari
Maria
Marianne
Marika
Marita
Maritta
Marja
Marjaana
Marjatta
Marjo
Marjukka
Marjut
Marketta
Martta
Matilda
Matleena
Meri
Merja
Miia
Miina
Mikaela
Milla
Mimmi
Minna
Minttu
Mirja
Mirjam
Mirjami
Niina
Noora
Oili
Olivia
Oona
Orvokki
Päivä
Päivi
Paula
Pauliina
Petra
Piia
Pilvi
Pinja
Piritta
Pirjo
Pirkko
Priita
Raakel
Rauha
Rebekka
Reeta
Reetta
Riika
Riikka
Riina
Riitta
Ritva
Saara
Säde
Saija
Salli
Sandra
Sari
Satu
Seija
Senja
Sigrid
Siiri
Silja
Sini
Sinikka
Sirpa
Sisko
Sofia
Sohvi
Sonja
Stiina
Suoma
Susanna
Suvi
Sylvi
Sylvia
Tähti
Taika
Taimi
Taina
Tanja
Tarja
Taru
Tatiana
Tatjana
Tea
Teija
Teresa
Terhi
Terttu
Tiia
Tiina
Tilda
Toini
Tuija
Tuula
Tuuli
Tuulikki
Tyyne
Ulla
Ulriikka
Ulrika
Ursula
Valpuri
Vanamo
Vappu
Varpu
Veera
Venla
Vieno
Viivi
Vilhelmiina
Vilhelmina
Vilma
Virva
Vuokko
