Adalheidis
Adela
Adelais
Adelina
Aenor
Alda
Aldegund
Allovera
Amalasuintha
Amalia
Amelia
Amelina
Auda
Ava
Avelina
Aveza
Avila
Berengaria
Berhta
Bertha
Brunhild
Brunhilde
Brunihild
Chlotichilda
Clothildis
Cunigund
Emma
Ermendrud
Ermingard
Erminhilt
Erminlinda
Frida
Geretrudis
Gerhild
Gerlind
Gertrud
Gisila
Godeliva
Grimhilt
Gunda
Hadewig
Hailwic
Helewidis
Hilda
Hildegard
Hildigardis
Hilditrut
Hrodohaidis
Ida
Ima
Irma
Ishild
Leutgard
Linda
Linza
Luitgard
Lutgardis
Mahthildis
Mathilda
Oda
Odila
Odilia
Raganhildis
Roslindis
Rosmunda
Rothaid
Roza
Saxa
Sigihild
Sigilind
Swanahilda
Þeudelinda
Waldeburg
Wigburg
