Adalberht
Adalbern
Adalbert
Adalfuns
Adalhard
Adalwin
Adalwolf
Adelmar
Adolf
Adolphus
Alaric
Alberich
Albert
Albertus
Alboin
Aldegar
Aldhard
Aldo
Aldric
Alfbern
Alfher
Alfons
Alfwin
Alwin
Amalric
Angilberct
Ansehelm
Anselm
Ansgar
Ansigar
Anso
Ansobert
Anzo
Archembald
Arminius
Arnold
Athanaric
Audamar
Audo
Audovacar
Baldarich
Baldomar
Baldovin
Baldwin
Berahthraban
Berahthram
Berengar
Berhtoald
Berinhard
Bernard
Bernhard
Bertram
Bertrand
Bruno
Carlman
Carloman
Carolus
Chariovalda
Chlodochar
Chlodovech
Chlodulf
Chlothar
Clodovicus
Clovis
Conrad
Eberhard
Eburwin
Egilhard
Ekkebert
Ekkehard
Emelrich
Emmerich
Engelbert
Ercanbald
Ermenrich
Erminigild
Ernust
Erwin
Ewald
Faramund
Ferdinand
Filibert
Franco
Friduhelm
Friduric
Fridwald
Fulco
Gaufrid
Gautselin
Gebahard
Gerbern
Gerfrid
Gerhard
Gerlach
Gernot
Gerold
Gerulf
Gervas
Gervasius
Gilbert
Gisbert
Giselbert
Gisilbert
Gisilfrid
Gislenus
Gislin
Godafrid
Gotahard
Goteleib
Gumarich
Gundahar
Gundhram
Gundisalvus
Hadufuns
Hagano
Haimo
Hardman
Hardmod
Harduwich
Hardwin
Haribert
Hariman
Hariwald
Hariwini
Hartmut
Hartwig
Hartwin
Heimirich
Heinrich
Helmfrid
Helmo
Helmold
Helmut
Hengist
Henricus
Herman
Hermanus
Hildebrand
Hildefons
Hildiberht
Hludowig
Horsa
Hrodebert
Hroderich
Hrodger
Hrodland
Hrodpreht
Hrodulf
Hrolf
Hubert
Hubertus
Hugo
Hugubert
Huguo
Hulderic
Humbert
Hunberct
Hunfrid
Ivo
Jordanes
Joscelin
Karl
Kunibert
Kuno
Lambert
Lamprecht
Landebert
Lanzo
Leobwin
Leonard
Leudagar
Leudbald
Leudoberct
Leuthar
Leutwin
Liupold
Lothar
Ludolf
Ludovicus
Manno
Meginfrid
Meginhard
Meginrat
Meino
Meinrad
Milo
Norbert
Norman
Odalric
Odo
Odoacer
Odovacar
Othmar
Otmar
Otto
Pipin
Pippin
Raban
Radulf
Raganhar
Raginald
Raginhard
Raginmund
Raimund
Rainard
Rainer
Randulf
Regin
Reinald
Reiner
Reinhard
Reinhold
Richard
Ricohard
Robert
Rocco
Rochus
Rudesind
Sigibert
Sigifrid
Sigihard
Sigimund
Sigismund
Sigiward
Siward
Tancred
Thankarat
Theobald
Theoderich
Þeodoard
Theodoricus
Theothelm
Þeotman
Þeudemar
Þeudhar
Þeudobald
Þeudofrid
Theudoricus
Þeutrich
Þiudreiks
Ulrich
Vulferam
Vulfgang
Walahfrid
Waldhar
Waldo
Waldobert
Waldomar
Walherich
Walter
Walther
Wandal
Wandalin
Warinhari
Wendelin
Widald
Wido
Wigmar
Wilhelm
Willabert
Willahelm
Willamar
Willifrid
Wolf
Wolfgang
