Abigail
Ada
Adele
Adelheid
Adelina
Agathe
Agnes
Albertina
Albina
Albine
Aleida
Aleit
Alena
Alexandra
Alexandrine
Alexia
Alfreda
Alida
Alina
Aloisia
Amalia
Amalie
Amanda
Amelia
Amelie
Andrea
Anelie
Angela
Angelika
Angelina
Anika
Anina
Anja
Anke
Anna
Anne
Annegret
Annelie
Annelies
Anneliese
Annemarie
Annika
Anselma
Antje
Antonia
Ariane
Astrid
Augusta
Augustine
Aurora
Ava
Barbara
Beata
Beate
Beatrix
Benedikta
Berta
Bertha
Bettina
Brigitta
Brigitte
Brunhild
Brunhilde
Cäcilia
Cäcilie
Caecilia
Cara
Carina
Carina
Carla
Carola
Carolin
Caroline
Cathrin
Catrin
Cecilia
Charlotte
Christa
Christel
Christiane
Christin
Christina
Christine
Clara
Claudia
Cora
Cordula
Corina
Corinna
Cornelia
Crescentia
Dagmar
Dana
Daniela
Debora
Diana
Dietlinde
Doris
Dorothea
Dörthe
Ebba
Edith
Elena
Eleonora
Eleonore
Elfriede
Elisa
Elisabeth
Elise
Elke
Elli
Elma
Elsa
Else
Emilie
Emma
Erika
Ermentrud
Erna
Ernestine
Eva
Evelyn
Fabiola
Felicie
Felicitas
Felizitas
Ferdinanda
Flora
Floretta
Fränze
Franzi
Franziska
Frauke
Freja
Frieda
Friede
Friederike
Fritzi
Gabi
Gabriela
Gabriele
Georgina
Gerda
Gerhild
Gerlinde
Gertraud
Gertrud
Gertrude
Gisa
Gisela
Gitta
Gitte
Gloria
Gratia
Greta
Gretchen
Grete
Gretel
Gudrun
Gunda
Gundula
Hanna
Hanna
Hannah
Hanne
Hanne
Hannelore
Hedwig
Hedy
Heida
Heidi
Heike
Heilwig
Heinrike
Helena
Helene
Helga
Hella
Helma
Helmine
Henriette
Henrike
Hermia
Hermine
Herta
Hertha
Hilda
Hilde
Hildegard
Hildegarde
Hiltraud
Hiltrud
Hiltrude
Hulda
Ida
Ilona
Ilsa
Ilse
Imke
Imma
Ina
Inga
Ingeborg
Ingrid
Irene
Iris
Irma
Irmentrud
Irmgard
Irmhild
Irmingard
Irmtraud
Irmtrud
Isa
Isabel
Isabell
Isabella
Isabelle
Isolde
Ivonne
Jana
Janina
Jasmin
Jessica
Jessika
Jo
Johanna
Jördis
Josefine
Josepha
Josephine
Judith
Julia
Juliana
Juliane
Justine
Jutta
Jutte
Karen
Karin
Karina
Karla
Karola
Karolina
Karoline
Kasimira
Katarina
Katarine
Katharina
Katharine
Käthe
Katherina
Kathrin
Katinka
Katja
Katrin
Katrina
Kerstin
Kiki
Kinge
Klara
Kora
Kornelia
Kreszentia
Kreszenz
Kriemhild
Kriemhilde
Krimhilde
Krista
Kristiane
Kristin
Kristina
Kristine
Kunigunde
Lara
Laura
Lea
Lena
Lene
Leni
Leona
Leonie
Leonore
Liane
Lies
Liesa
Liese
Liesel
Lieselotte
Liesl
Lili
Lilli
Lilo
Linda
Lisa
Lisbeth
Liselotte
Lore
Lotte
Lucia
Luise
Luitgard
Lulu
Lutgard
Luzia
Lydia
Magda
Magdalena
Magdalene
Maike
Maja
Maja
Manuela
Marcella
Mareike
Margareta
Margarete
Margaretha
Margarethe
Margrit
Maria
Marianne
Marie
Mariele
Marina
Marita
Marlen
Marlene
Marlies
Marlis
Marthe
Martina
Mathilde
Mechthild
Mechtilde
Meike
Melanie
Melitta
Meta
Mia
Michaela
Minna
Miriam
Mirjam
Mitzi
Monika
Nadja
Natalie
Nathalie
Nele
Nikola
Nina
Nora
Oda
Odilie
Olga
Olivia
Ortrun
Ottilia
Ottilie
Patricia
Paula
Pauline
Petra
Petronella
Philippa
Philippina
Philomena
Phyllis
Pia
Priska
Rachel
Raffaela
Raimunde
Raphaela
Rebekka
Regina
Regine
Regula
Reinhild
Reinhilde
Renata
Renate
Ria
Ricarda
Rike
Rita
Romy
Rosa
Rosalie
Rosemarie
Roswitha
Rut
Ruth
Sabine
Sabrina
Salome
Sandra
Sara
Sarah
Saskia
Schwanhild
Selma
Senta
Seraphina
Severina
Sibylla
Sibylle
Sidonia
Sieghild
Sieglinde
Silke
Silvia
Sofia
Sofie
Sonja
Sonje
Sophia
Sophie
Stefanie
Steffi
Steffie
Stephanie
Susann
Susanne
Suse
Susi
Svenja
Swanhild
Swanhilda
Swanhilde
Sybille
Sylvia
Tabea
Tanja
Tatjana
Teresa
Thea
Theda
Thekla
Theresa
Therese
Theresia
Thora
Trudi
Ulrika
Ulrike
Ursel
Ursula
Uschi
Ute
Valeria
Valerie
Valeska
Vanessa
Vera
Verena
Veronika
Viktoria
Vilma
Vreni
Walburga
Waltraud
Wanda
Wibke
Wiebke
Wilhelmina
Wilhelmine
Wilma
Yvonne
Zella
Zenzi
Zilla
Ziska
Zita
