Achim
Adalbert
Adam
Adelbert
Adolf
Adrian
Alban
Albert
Albrecht
Alex
Alexander
Alexis
Alfons
Alfred
Alois
Aloysius
Alwin
Amand
Andreas
Anselm
Ansgar
Anton
Arend
Armin
Arndt
Arne
Arnold
Arthur
Artur
August
Aurel
Axel
Baldur
Baptist
Barnabas
Bartholomäus
Bastian
Beat
Benedikt
Benjamin
Benno
Bernd
Bernhard
Bert
Berthold
Bertram
Björn
Bonifaz
Boris
Bruno
Burkhard
Carl
Carsten
Christian
Christoph
Claus
Clemens
Conrad
Corbinian
Cord
Cornelius
Daniel
David
Denis
Dennis
Detlef
Didi
Diederich
Dierk
Dieter
Dietfried
Diethelm
Dietmar
Dietrich
Dirk
Dominik
Ebbe
Eberhard
Eckart
Eckbert
Eckehard
Eckhard
Eckhart
Edmund
Eduard
Egon
Ekkehard
Ekkehardt
Elias
Elmo
Emanuel
Emil
Emmerich
Engel
Engelbert
Erdmann
Erhard
Erich
Erik
Ernst
Erwin
Eugen
Evert
Ewald
Fabian
Falk
Felix
Ferdi
Ferdinand
Fester
Filibert
Florian
Frank
Franz
Fred
Frej
Friedemann
Friedhelm
Friedhold
Friedrich
Fritz
Gabriel
Gebbert
Gebhard
Geert
Georg
Gerald
Gerd
Gereon
Gerfried
Gerhard
Gerhardt
Gerhold
Gernot
Gero
Gerold
Gert
Gerulf
Gervas
Gilbert
Gisbert
Gottfried
Gotthard
Gotthilf
Gotthold
Gottlieb
Gottlob
Gottschalk
Gregor
Guido
Günter
Gunter
Günther
Gunther
Guntram
Gustaf
Gustav
Hagen
Hanke
Hannes
Hans
Harald
Hartmann
Hartmut
Hartwig
Hartwin
Heiko
Heiner
Heino
Heinrich
Heinz
Helfried
Helge
Helmfried
Helmut
Helmuth
Hendrik
Henning
Henrik
Herbert
Heribert
Hermann
Hermenegild
Hieronymus
Hilbert
Hildebert
Hildebrand
Hinrich
Horst
Hubert
Hubertus
Hugo
Humbert
Huppert
Ignatz
Immanuel
Inge
Ingo
Ingolf
Isaak
Isidor
Ivo
Jakob
Jan
Jeremias
Joachim
Jochem
Jochen
Jochim
Johan
Johann
Johannes
Jonas
Jonatan
Jonathan
Jörg
Josef
Joseph
Julian
Julius
Jürgen
Justus
Kai
Karl
Karlmann
Karsten
Kasimir
Kaspar
Kay
Kayetan
Kevin
Kilian
Klaas
Klaus
Klemens
Knut
Kolman
Koloman
Konrad
Konstantin
Korbinian
Körbl
Kord
Kunibert
Kuno
Kurt
Lambert
Lammert
Lamprecht
Lanzo
Leberecht
Lennart
Lenz
Leo
Leon
Leonhard
Leopold
Linus
Lorenz
Lothar
Luca
Ludger
Ludolf
Ludwig
Luitger
Luitpold
Lukas
Lutz
Malte
Malthe
Manfred
Manfried
Manuel
Marcel
Marcell
Marcellus
Marius
Markus
Martin
Marvin
Marwin
Marzell
Mathias
Mathis
Matthäus
Matthias
Mattias
Max
Maximilian
Meinard
Meine
Meinhard
Meino
Meinrad
Menno
Merten
Michael
Michel
Michi
Moritz
Mose
Nickolaus
Nico
Nicolaus
Niklaus
Nikolaus
Norbert
Olaf
Oliver
Oral
Orel
Ortwin
Oskar
Oswald
Othmar
Otmar
Ottmar
Otto
Ottokar
Ottomar
Pankraz
Parsifal
Pascal
Patrick
Paul
Peter
Petrus
Philipp
Poldi
Quirin
Rafael
Raffael
Raimund
Rainer
Ralf
Ralph
Rambert
Raphael
Reimund
Rein
Reiner
Reinhard
Reinhold
René
Reto
Richard
Robert
Rochus
Rodolf
Roger
Roland
Rolf
Roman
Rudi
Rüdiger
Rudolf
Ruedi
Rupert
Ruprecht
Sascha
Sebastian
Sepp
Seppel
Severin
Siegbert
Siegfried
Sieghard
Siegmund
Siegward
Sigi
Sigismund
Sigiswald
Sigmund
Silvester
Simon
Sören
Stefan
Steffen
Stephan
Sven
Theodor
Theophil
Thomas
Thorben
Thorsten
Tiedemann
Till
Tillo
Tim
Timotheus
Tobias
Torben
Torsten
Traugott
Udo
Ueli
Ulrich
Urs
Utz
Uwe
Valentin
Veit
Vester
Viktor
Vinzent
Vinzenz
Volker
Waldemar
Waldo
Walter
Walther
Wendel
Wendelin
Wenzel
Wenzeslaus
Werner
Werther
Wessel
Wetzel
Wiebe
Wieland
Wilfried
Wilhelm
Willi
Willy
Wim
Winfried
Witold
Wolf
Wolfgang
Wolfram
Wulf
Xaver
Yvo
