Acantha
Adrasteia
Aegle
Aella
Agaue
Aglaea
Aglaia
Aigle
Alcippe
Alcyone
Alecto
Alexandra
Alkyone
Althea
Amalthea
Andromache
Andromeda
Anthea
Antigone
Antiope
Aoide
Aphrodite
Arachne
Arethusa
Ariadne
Artemis
Astraea
Atalanta
Athena
Athene
Atropos
Briseis
Calliope
Callisto
Calypso
Carme
Cassandra
Cassiopea
Cassiopeia
Chloe
Chloris
Chryseis
Circe
Clio
Clotho
Clytemnestra
Clytia
Cynthia
Danaë
Daphne
Delia
Demeter
Dike
Dione
Doris
Echo
Eileithyia
Eirene
Electra
Elektra
Elpis
Enyo
Eos
Erato
Eris
Euadne
Eudora
Eunomia
Euphrosyne
Europa
Europe
Eurydice
Eurydike
Euterpe
Evadne
Gaea
Gaia
Halcyone
Halkyone
Harmonia
Hebe
Hecate
Hekate
Helen
Helena
Helene
Helle
Hemera
Hera
Hermione
Hero
Hestia
Hippolyta
Hippolyte
Ianthe
Ilithyia
Io
Iole
Ione
Iphigeneia
Iphigenia
Irene
Iris
Ismene
Jocasta
Kalliope
Kallisto
Kalypso
Karme
Kassandra
Kassiopeia
Kirke
Kleio
Klotho
Klytië
Korë
Kynthia
Lachesis
Larisa
Leda
Leto
Ligeia
Maia
Medea
Medeia
Medusa
Megaera
Melaina
Melete
Melia
Melissa
Melpomene
Mneme
Mnemosyne
Nausicaa
Nausikaa
Nemesis
Nephele
Nike
Niobe
Nyx
Oenone
Oinone
Ourania
Pallas
Pandora
Parthenia
Parthenope
Penelope
Persephone
Phaedra
Philomela
Phoebe
Phoibe
Phyllis
Polyhymnia
Polymnia
Polyxena
Praxis
Psyche
Rhea
Rheia
Selena
Selene
Semele
Terpsichore
Tethys
Thalia
Theia
Themis
Tisiphone
Urania
Xanthe
