Aaron
Abdiou
Abel
Abenner
Abessa
Abessalom
Abia
Abidan
Abraam
Achaikos
Adam
Aithan
Alexandros
Alphaios
Ambakoum
Ambram
Amos
Anath
Andreas
Aod
Archelaos
Ariel
Aser
Azarias
Baltasar
Barak
Barnabas
Bartholomaios
Beniamin
Boos
Chaleb
Daniel
Dareios
Dauid
Eleazar
Eli
Elias
Eliezer
Eliou
Elisaie
Emmanouel
Enoch
Enos
Epaphras
Ephraim
Erastos
Esaias
Esau
Esdras
Eutychos
Ezekias
Gabriel
Gedeon
Hananias
Hannas
Herodes
Herodion
Iachin
Iair
Iairos
Iakobos
Iapheth
Iared
Iason
Iephthae
Ieremias
Iesous
Iezekiel
Ioab
Ioannes
Iob
Ioel
Ionas
Ionathan
Ioram
Iosaphat
Ioseph
Ioses
Iosias
Iou
Ioubal
Ioudas
Isaak
Ismael
Israel
Ithamar
Kain
Kainan
Karpos
Kephas
Kleopas
Klopas
Kreskes
Kyros
Lazaros
Leui
Loukas
Manaem
Manasses
Markos
Matthaios
Matthan
Matthias
Micha
Mikhael
Mnason
Mouses
Nadab
Naoum
Nathan
Nathanael
Neemias
Nereus
Nikodemos
Noe
Obed
Onesimos
Onesiphoros
Osee
Ourbanos
Ouri
Ourias
Ozazias
Ozi
Ozias
Oziel
Paulos
Petros
Phelix
Phestos
Philippos
Phinees
Prochoros
Raphael
Rouben
Salathiel
Salomon
Samouel
Sampson
Saoul
Sem
Seth
Silas
Silouanos
Simon
Stephanos
Symeon
Thaddaios
Thomas
Timaios
Timon
Timotheos
Titos
Tobias
Zaboulon
Zacharias
Zebedaios
