Achilles
Achilleus
Adonis
Adrastos
Aeolus
Aeson
Agamemnon
Aias
Aineias
Aiolos
Ajax
Alexander
Alexandros
Apollo
Apollon
Ares
Argus
Aristaeus
Aristodemos
Asklepios
Atlas
Bacchus
Castor
Cephalus
Cepheus
Cerberus
Charon
Chryses
Coeus
Crius
Cronus
Daedalus
Damocles
Damon
Dardanos
Deimos
Diomedes
Dionysos
Dionysus
Endymion
Epimetheus
Erebos
Erebus
Eros
Euandros
Evander
Glaucus
Glaukos
Hades
Hector
Hektor
Helios
Hephaestus
Hephaistos
Herakles
Hermes
Hippolytos
Hyacinth
Hyacinthus
Hyakinthos
Hyperion
Iacchus
Iapetos
Iason
Icarus
Jason
Koios
Kreios
Kronos
Leander
Leandros
Linos
Linus
Lycurgus
Lycus
Lykos
Lykourgos
Melanthios
Menelaos
Menelaus
Mentor
Midas
Morpheus
Narcissus
Narkissos
Neoptolemos
Neoptolemus
Nereus
Nestor
Nikephoros
Oceanus
Odysseus
Oedipus
Oidipous
Okeanos
Orestes
Orion
Orpheus
Ouranos
Pan
Paris
Patroclus
Patroklos
Pegasus
Perseus
Philander
Philandros
Phobos
Phoebus
Phoibos
Phrixos
Phrixus
Plouton
Pluto
Polydeukes
Poseidon
Priam
Prometheus
Proteus
Pyrrhos
Pyrrhus
Sarpedon
Thanatos
Theseus
Uranus
Zephyr
Zephyros
Zephyrus
Zeus
