Agape
Agatha
Agathe
Agnes
Aikaterine
Alexandra
Ambrosia
Anastasia
Anthousa
Aphrodisia
Apollonia
Aristomache
Artemisia
Aspasia
Athanasia
Athenais
Berenice
Berenike
Charis
Charmion
Chloe
Chrysanthe
Cleopatra
Corinna
Demetria
Demostrate
Doris
Eirene
Elpis
Euanthe
Eudocia
Eudokia
Eudoxia
Eugeneia
Eugenia
Eulalia
Eumelia
Eunice
Eunike
Euphemia
Euphrasia
Eupraxia
Euthalia
Euthymia
Eutropia
Gaiana
Gaiane
Galene
Hagne
Helena
Helene
Hypatia
Irene
Isidora
Kallisto
Kallistrate
Kleopatra
Korinna
Ligeia
Lysandra
Lysistrata
Melissa
Melitta
Metrodora
Myrrine
Nike
Olympias
Pelagia
Pherenike
Phile
Phoibe
Photine
Ptolemais
Rhode
Roxana
Roxane
Sappho
Sophia
Sostrate
Syntyche
Thais
Theodora
Theodosia
Theokleia
Theophania
Theophila
Timo
Timothea
Tryphaina
Tryphosa
Xanthe
Xanthippe
Xenia
Xeno
Zenais
Zenobia
Zoe
Zosime
