Acacius
Achaikos
Aeschylus
Aesop
Agapetos
Agapetus
Agapios
Agathon
Akakios
Alcaeus
Alexander
Alexandros
Alexios
Alexis
Alexius
Ambrosios
Ambrosius
Ampelios
Ampelius
Amyntas
Anacletus
Anakletos
Anastasios
Anastasius
Anatolios
Anatolius
Anaxagoras
Andreas
Androcles
Andronikos
Anicetus
Aniketos
Antigonus
Antipater
Aphrodisios
Apollinaris
Apollodoros
Apollonios
Arcadius
Archelaos
Archelaus
Archimedes
Archippos
Argyros
Aristarchos
Aristarchus
Aristeides
Aristides
Aristocles
Aristodemos
Aristokles
Ariston
Aristophanes
Aristoteles
Aristotle
Arkadios
Arsenios
Arsenius
Artemidoros
Artemisios
Asklepiades
Athanas
Athanasios
Athanasius
Basileios
Basilius
Bion
Callias
Chariton
Chrysanthos
Cleisthenes
Cleitus
Cleon
Clitus
Cosmas
Cyrillus
Cyrus
Damianos
Damianus
Dareios
Demetrios
Demetrius
Democritus
Demon
Demosthenes
Diodoros
Diodorus
Diodotos
Diodotus
Diogenes
Diokles
Dion
Dionysios
Dionysius
Dionysodoros
Draco
Eirenaios
Epaphras
Epaphroditos
Epiktetos
Erasmos
Erastos
Euaristos
Euclid
Eugenios
Eugenius
Eukleides
Euphemios
Euphranor
Euripides
Eusebios
Eusebius
Eustachius
Eustachus
Eustathios
Eustorgios
Eustorgius
Euthymios
Euthymius
Eutropios
Eutropius
Eutychios
Eutychius
Eutychos
Evaristus
Galenos
Gennadios
Gennadius
Georgios
Georgius
Heliodoros
Heracleitus
Heraclius
Herakleides
Herakleios
Herakleitos
Hermogenes
Hermokrates
Hermolaos
Hero
Herodes
Herodion
Herodotus
Heron
Hesiod
Hesperos
Hieronymos
Hieronymus
Hilarion
Hippocrates
Hippokrates
Hippolytos
Homer
Homeros
Hyacinthus
Hyakinthos
Hyginos
Hyginus
Hypatos
Iason
Irenaeus
Ireneus
Isidoros
Isocrates
Kallias
Kallikrates
Kallistos
Karpos
Kleisthenes
Kleitos
Kleon
Kleopatros
Kosmas
Kyriakos
Kyrillos
Kyros
Leon
Leonidas
Leontios
Leontius
Linos
Linus
Loukianos
Lycurgus
Lycus
Lykos
Lykourgos
Lysander
Lysandros
Lysimachus
Methodios
Methodius
Metrophanes
Miltiades
Mnason
Myron
Neophytos
Nereus
Nicanor
Nicolaus
Nicomedes
Nicostratus
Nikandros
Nikanor
Nikephoros
Niketas
Nikias
Nikodemos
Nikolaos
Nikomachos
Nikomedes
Nikon
Nikostratos
Olympiodoros
Olympos
Onesimos
Onesiphoros
Pamphilos
Pancratius
Pankratios
Pantaleon
Panther
Pantheras
Paramonos
Pelagios
Pelagius
Pericles
Phaedrus
Philandros
Philippos
Philo
Philokrates
Philon
Philotheos
Phocas
Phoibos
Phokas
Photios
Plato
Platon
Ploutarchos
Polycarp
Porphyrios
Praxiteles
Prochoros
Prokopios
Ptolemaios
Pyrrhos
Pyrrhus
Pythagoras
Seleucus
Simonides
Socrates
Sokrates
Solon
Sophocles
Sophus
Sosigenes
Stephanos
Straton
Telesphoros
Telesphorus
Thales
Themistocles
Theocritus
Theodoros
Theodorus
Theodosios
Theodosius
Theodotos
Theodotus
Theodoulos
Theodulus
Theokritos
Theophanes
Theophilos
Theophilus
Theophylaktos
Theron
Thucydides
Timaeus
Timaios
Timon
Timoteus
Timotheos
Tryphon
Tycho
Tychon
Xenocrates
Xenon
Xenophon
Zeno
Zenobios
Zenon
Zephyros
Zopyros
Zosimos
Zosimus
Zoticus
Zotikos
