Agapios
Akakios
Alexandros
Alexis
Anargyros
Anastasios
Andreas
Angelos
Aniketos
Apostolis
Apostolos
Argyris
Athanasios
Charalampos
Chrysanthos
Demetrios
Dimitrios
Dimitris
Dimosthenis
Dionysios
Dorotheos
Efstathios
Eleftherios
Elias
Emmanouil
Evangelos
Filippos
Fotios
Fotis
Gavriil
Georgios
Gerasimos
Gregorios
Gus
Iason
Ioannes
Ioannis
Iosif
Konstantinos
Kyriakos
Lavrentios
Lefteris
Leonidas
Marios
Matthias
Mikhael
Neofytos
Nicolaos
Nikodemos
Nikolaos
Nikolas
Panagiotakis
Panagiotis
Panayiotis
Panos
Paraskevas
Pavlos
Petros
Photios
Serafeim
Silas
Sotirios
Sotiris
Spiridon
Spiro
Spiros
Spyridon
Spyro
Spyros
Stamatios
Stamatis
Stathis
Stavros
Stefanos
Stelios
Stephanos
Stylianos
Takis
Thanasis
Thanos
Theodoros
Theophylaktos
Thomas
Tryphon
Vangelis
Vasilios
Vasilis
Vassilis
Vlasis
Vlassis
Yanni
Yannis
Yianni
Yiannis
Yiorgos
Yorgos
