Agape
Agathe
Aglaia
Aikaterine
Alexandra
Anastasia
Angeliki
Anna
Athanasia
Chara
Chrysanthe
Chryssa
Demi
Despina
Despoina
Diamantina
Diamanto
Dora
Efimia
Efrosyni
Efthalia
Eleftheria
Elene
Eleni
Elisavet
Elpida
Evdokia
Evgenia
Filippa
Georgia
Glykeria
Ioanna
Katerina
Katina
Kiki
Konstantina
Korina
Kyriake
Kyriaki
Louiza
Maria
Marianna
Marika
Marina
Martha
Melina
Nana
Natasa
Nikoleta
Nomiki
Olympia
Panagiota
Paraskeve
Paraskevi
Pelagia
Petra
Sara
Selene
Sibylla
Sofia
Sophia
Sotiria
Spyridoula
Stamatia
Tasia
Tasoula
Thekla
Theodora
Theodosia
Theophania
Timothea
Varvara
Vasiliki
Xene
Xenia
Zenovia
Zinovia
Zoe
