Alphege
Alphonsus
Artaxerxes
Athelstan
Attila
Aurangzeb
Bede
Bonaventure
Boris
Caedmon
Cajetan
Caligula
Cambyses
Canute
Carloman
Charlemagne
Cnut
Confucius
Constantine
Cyprian
Domitian
Fabian
Faramond
Flavian
Gall
Genghis
Gordian
Gratian
Hadrian
Hamilcar
Hammurabi
Hannibal
Hasdrubal
Hiawatha
Hrothgar
Innocent
Ives
Josephus
Justinian
Juvenal
Ladislas
Ladislaus
Leonardo
Livy
Lothair
Lucan
Mahatma
Martial
Napoleon
Octavian
Origen
Ovid
Pépin
Pliny
Plutarch
Pompey
Ptolemy
Saladin
Sargon
Spartacus
Stanislas
Swithin
Swithun
Tamerlane
Tarquin
Temujin
Theodoric
Timour
Timur
Trajan
Tully
Urban
Valerian
Vespasian
Vortigern
Wenceslas
Wenceslaus
Wolfgang
Xerxes
Zarathustra
Zoroaster
