Ábel
Ádám
Adorján
Ágoston
Ákos
Albert
Alexander
Alfréd
Álmos
Ambrus
Anasztáz
Andor
András
Andris
Antal
Arisztid
Áron
Árpád
Artúr
Attila
Aurél
Balázs
Bálint
Bandi
Barna
Barnabás
Bartal
Béla
Bence
Benedek
Benjámin
Bernát
Bertalan
Bertók
Boldizsár
Bonifác
Csaba
Dani
Dániel
Dávid
Demeter
Dénes
Dezső
Dominik
Domonkos
Dömötör
Donát
Eduárd
Edvárd
Edvin
Elek
Éliás
Emánuel
Emil
Endre
Ernő
Ervin
Etele
Fábián
Fabó
Ferdinánd
Ferenc
Feri
Ferkó
Filip
Frigyes
Fülöp
Gábor
Gábriel
Gáspár
Gazsi
Gellért
Gergely
Gergő
Géza
Gusztáv
György
Győző
Gyula
Gyuri
Henrik
Ignác
Illés
Imre
Imrus
István
Izsák
Jakab
Jákob
Jancsi
Jani
Janika
János
Jenci
Jenő
Jóska
József
Józsi
Józsua
Kajetán
Kálmán
Karcsi
Károly
Kazimír
Kázmér
Kelemen
Konrád
Konstantin
Kornél
Kristóf
Krisztián
Laci
Lajos
László
Lázár
Loránd
Lóránt
Lőrinc
Lukács
Marcell
Marián
Márk
Martin
Márton
Máté
Mátyás
Mihály
Miklós
Miksa
Misi
Miska
Móric
Mózes
Nándor
Nikola
Norbert
Ödi
Ödön
Olivér
Orbán
Oszkár
Ottó
Pál
Patrik
Péter
Peti
Pista
Pisti
Rafael
Richárd
Rikárd
Róbert
Robi
Román
Rudi
Rudolf
Salamon
Sami
Samu
Sámuel
Sándor
Sanyi
Sebestyén
Simon
Szabolcs
Szilárd
Szilveszter
Tamás
Teodor
Tibor
Tiborc
Tivadar
Tódor
Tomi
Tóni
Vencel
Vid
Vida
Viktor
Vilhelm
Vili
Vilmos
Vince
Zoltán
Zsiga
Zsigmond
Zsolt
