Ada
Adél
Adelaida
Adrienn
Ági
Ágnes
Ágota
Alberta
Alexandra
Alida
Aliz
Amália
Anasztázia
Andrea
Angyalka
Anikó
Anna
Annuska
Antónia
Aranka
Aurélia
Barbara
Beáta
Bernadett
Berta
Bianka
Blanka
Borbála
Bözsi
Brigitta
Cecília
Cili
Csenge
Csilla
Délia
Diána
Dóra
Dorika
Dorina
Dorottya
Duci
Edina
Edit
Emese
Enikő
Erika
Erzsébet
Erzsi
Eszter
Eszti
Etel
Etelka
Eufrozina
Eulália
Éva
Évike
Fanni
Felícia
Felicia
Felicitás
Flóra
Franci
Franciska
Fruzsina
Gabi
Gabriella
Gertrúd
Gizella
Gizi
Gréta
Gyöngyi
Györgyi
Györgyike
Hajna
Hajnal
Hajnalka
Heléna
Ibolya
Ida
Ildi
Ildikó
Ildó
Ili
Ilka
Ilona
Ilonka
Irén
Irma
Irmuska
Izabella
Izidóra
Jázmin
Johanna
Jola
Jolán
Jolánka
Jozefa
Judit
Juli
Júlia
Julianna
Juliska
Kamilla
Karola
Karolina
Kata
Katalin
Katalinka
Katarina
Kati
Kató
Kinga
Kitti
Klára
Klotild
Kornélia
Krisztina
Laura
Linda
Liza
Luca
Lujza
Magdaléna
Magdolna
Mara
Margaréta
Margit
Margita
Mari
Mária
Marianna
Marica
Marika
Mariska
Márta
Mártuska
Matild
Melánia
Miléna
Mónika
Natália
Nikolett
Olga
Olimpia
Olívia
Orsolya
Panni
Paula
Petra
Piri
Piroska
Ráhel
Rebeka
Renáta
Rita
Romána
Róza
Rozália
Rózsa
Rózsi
Sára
Sári
Sárika
Stefánia
Szabina
Szandra
Szilvia
Teca
Teodóra
Teréz
Terézia
Tímea
Tünde
Tündér
Valéria
Veronika
Viktória
Vilma
Virág
Zita
Zsanett
Zsazsa
Zsófia
Zsófika
Zsóka
Zsuzsa
Zsuzsanna
Zsuzsi
