Aditya
Agni
Ananta
Anil
Aniruddha
Arjuna
Aruna
Bala
Baladeva
Bharata
Bhaskara
Brahma
Brijesha
Chandra
Damodara
Devaraja
Dilipa
Dipaka
Drupada
Ganesh
Ganesha
Girisha
Gopala
Gopinatha
Gotama
Govinda
Hari
Harisha
Indra
Indrajit
Jagannatha
Jayanta
Kama
Kapila
Karna
Krishna
Kumara
Lakshmana
Madhava
Mahesha
Mani
Manu
Mohana
Mukesha
Murali
Nala
Nanda
Narayana
Padma
Pankaja
Partha
Pitambara
Prabhu
Pramoda
Purushottama
Raghu
Rama
Ramachandra
Ramesha
Ravi
Sachin
Sanjaya
Savitr
Shankara
Shantanu
Shiva
Shripati
Shyama
Skanda
Sundara
Suresha
Surya
Vasanta
Vasu
Vayu
Vijaya
Vikrama
Vishnu
Yama
