Abha
Abhilasha
Aditi
Aishwarya
Akanksha
Amala
Amita
Amrita
Ananda
Anandi
Anila
Anima
Anjali
Ankita
Anuja
Anupama
Aparajita
Aradhana
Archana
Arundhati
Asha
Avani
Avanti
Chandana
Chandrakanta
Chetana
Damayanti
Darshana
Deepali
Deepti
Devi
Devika
Dipali
Dipika
Dipti
Divya
Draupadi
Drishti
Durga
Esha
Gauri
Gita
Gowri
Ila
Indira
Indrani
Indu
Jaswinder
Jaya
Jayanti
Jayashri
Jyoti
Jyotsana
Jyotsna
Kajal
Kala
Kali
Kalpana
Kalyani
Kamala
Kamini
Kanchana
Kanta
Kanti
Karishma
Kashi
Kasi
Kaur
Kausalya
Kaveri
Kavita
Kirtida
Kishori
Kshitija
Kumari
Kunti
Lakshmi
Lalita
Lata
Lavanya
Laxmi
Leela
Lila
Lilavati
Lina
Lochana
Madhavi
Madhu
Madhur
Madhuri
Mala
Malati
Malini
Manisha
Manju
Manjula
Manjusha
Maya
Meena
Meera
Mina
Minali
Mira
Mohini
Mridula
Mukta
Nalini
Nandita
Neela
Neha
Nikhila
Nila
Nilima
Nirmala
Nirupama
Nisha
Nitika
Padmavati
Padmini
Parvati
Poornima
Pratibha
Pratima
Preeti
Prema
Pritha
Priti
Priya
Purnima
Pushpa
Rachana
Rachna
Radha
Rajani
Rajkumari
Rajni
Rani
Rashmi
Rati
Ratna
Reena
Reshmi
Reva
Rina
Ritika
Riya
Roshanara
Roshni
Rukmini
Rupinder
Sandhya
Sanjana
Sarala
Saraswati
Sarika
Sarita
Sati
Savitri
Seema
Seeta
Seetha
Shailaja
Shakti
Shakuntala
Shanta
Shanti
Sharmila
Sheela
Shila
Shivali
Shobha
Shreya
Shri
Shweta
Shyamala
Sima
Sita
Sitara
Sonal
Sri
Sudarshana
Sulabha
Sumati
Sunita
Sunitha
Suniti
Susheela
Sushila
Swati
Tara
Trishna
Uma
Upasana
Urvi
Usha
Ushas
Vasanti
Vasuda
Vasudha
Vasundhara
Veda
Vena
Vidya
Vimala
Vina
Yami
Yamuna
