Alborz
Arash
Arastoo
Ardashir
Ardeshir
Babak
Bahadur
Bahman
Bahram
Baraz
Behnam
Behram
Behrooz
Behrouz
Behruz
Dara
Dariush
Daryush
Delshad
Dilshad
Ebrahim
Eskandar
Esmail
Faridoon
Fereydoon
Fereydoun
Firdaus
Firoz
Firuz
Gulzar
Heydar
Jahan
Jahangir
Jamshad
Jamshed
Jamsheed
Jamshid
Javed
Kaveh
Khodadad
Khorshid
Khurshid
Khwaja
Kianoush
Masood
Masoud
Massoud
Mas'ud
Mehrdad
Mirza
Naveed
Navid
Nima
Omid
Parvaiz
Parviz
Parwiz
Payam
Roshan
Rostam
Rustam
Shaheen
Shahin
Shahjahan
Shahpur
Shahriar
Shahriyar
Shahrokh
Shahzad
Shapur
Sher
Shir
Siavash
Siavush
Sohrab
Zartosht
Zhubin
Zubin
