Arezoo
Arezou
Arezu
Atefeh
Ava
Azar
Bahar
Banu
Darya
Elaheh
Fairuza
Firoozeh
Firouzeh
Firuza
Firuzeh
Ghoncheh
Gul
Gulbahar
Jaleh
Laleh
Mahin
Mahine
Mahtab
Mahvash
Maryam
Minoo
Minu
Mojgan
Morvarid
Naheed
Nahid
Narges
Nasrin
Nilofer
Niloofar
Niloufar
Niusha
Nousha
Paniz
Parastoo
Parastu
Pari
Parisa
Parvana
Parvaneh
Parveen
Parvin
Roshanak
Roshanara
Roshni
Sahar
Sanaz
Shabnam
Shadi
Shahnaz
Shahrazad
Shahrizad
Shahrzad
Shereen
Shideh
Shireen
Shirin
Shohre
Shohreh
Shokufeh
Simin
Yasamin
Yasmeen
Yasmin
Yasmina
Yasmine
Zareen
Zhaleh
Ziba
