Africa
Aideen
Aifric
Aignéis
Ailbhe
Aileen
Ailís
Áine
Aingeal
Aislin
Aisling
Aislinn
Aithne
Alannah
Alastríona
Aoibhe
Aoibheann
Aoibhín
Aoife
Aran
Ashling
Assumpta
Báirbre
Bébhinn
Bébhionn
Bébinn
Bedelia
Béibhinn
Bevin
Biddy
Bidelia
Bláithín
Blanid
Bláthnaid
Bláthnat
Breda
Bree
Brianna
Bríd
Bride
Bridget
Bridie
Brígh
Brighid
Brigid
Brónach
Bronagh
Cáit
Caitlín
Caitlin
Caitria
Caitríona
Caoileann
Caoilfhionn
Caoilinn
Caoimhe
Cathleen
Catrina
Catriona
Chevonne
Ciannait
Ciara
Cleena
Clíodhna
Clíona
Clodagh
Concepta
Dáiríne
Damhnait
Darina
Dearbháil
Deirbhile
Deirdre
Delma
Derval
Dervila
Dervla
Devnet
Doireann
Dorean
Dymphna
Dympna
Éabha
Eadan
Éadaoin
Eavan
Edna
Eibhlín
Eileen
Eilís
Eilish
Eimear
Éimhear
Eireann
Eireen
Eithne
Elva
Emer
Ena
Ennis
Enya
Erin
Ethna
Ethne
Etna
Fedelma
Feidhelm
Fidelma
Finnguala
Finnuala
Finola
Fíona
Fionnghuala
Fionnuala
Fionola
Gobinet
Gobnait
Gobnet
Gormflaith
Gormlaith
Gráinne
Grania
Granya
Honora
Íde
Immaculata
Isibéal
Ita
Iúile
Kathleen
Keavy
Keelan
Keelin
Keeva
Kennedy
Kiera
Laoise
Léan
Líadáin
Líadan
Líle
Luíseach
Madailéin
Maeve
Máire
Mairéad
Mairenn
Máirín
Mallaidh
Maura
Maureen
Maurine
Mave
Mavourneen
Méabh
Meadhbh
Meave
Moira
Móirín
Mona
Monat
Mór
Moreen
Morna
Moyna
Moyra
Muadhnait
Muireann
Muirenn
Muirgel
Muirgen
Muirgheal
Muirín
Muriel
Murna
Myrna
Nainsí
Naomh
Neasa
Neassa
Nessa
Neve
Niamh
Nóirín
Nola
Nóra
Nora
Norah
Noreen
Norene
Nuala
Odharnait
Onóra
Oona
Oonagh
Órfhlaith
Orla
Orlagh
Órlaith
Orna
Ornat
Pádraigín
Patsy
Raghnailt
Ráichéal
Rathnait
Reagan
Ríona
Ríonach
Róis
Róisín
Ronit
Rosheen
Sadb
Sadbh
Sadhbh
Saibh
Saoirse
Saraid
Séarlait
Shavonne
Sheila
Shevaun
Shevon
Sibéal
Síle
Síne
Sinéad
Siobhan
Siofra
Síomha
Síthmaith
Sive
Sláine
Sorcha
Talulla
Toiréasa
Treasa
Úna
