Abbán
Ádhamh
Aengus
Aidan
Ailill
Ailín
Aindréas
Aindriú
Alaois
Alastar
Alby
Amhlaoibh
Angus
Anraí
Aodh
Aodhagán
Aodhán
Aonghus
Ardal
Ardghal
Bairre
Barra
Barrfhionn
Barrfind
Barrie
Barry
Bearach
Berach
Braden
Brady
Bran
Breandán
Brendan
Brendanus
Brennan
Brian
Brodie
Brody
Brogan
Cadogan
Cahal
Cahir
Cainneach
Cairbre
Calbhach
Calvagh
Caoimhín
Caolán
Carbrey
Carbry
Carey
Carrol
Carroll
Carson
Cathair
Cathal
Cathán
Cathaoir
Cavan
Ceallach
Ceallachán
Ceallagh
Cearbhall
Christie
Christy
Cian
Cianán
Ciar
Ciarán
Ciardha
Cillian
Cillín
Cináed
Cionaodh
Clancy
Cody
Cóemgein
Coilean
Coleman
Colin
Colm
Colmán
Colum
Columban
Comgal
Comgall
Comgan
Comhghall
Comhghán
Conall
Conan
Conchobhar
Conchúr
Conleth
Conley
Conn
Connor
Conor
Conrí
Cormac
Cowal
Cuán
Dáire
Dáithí
Daithí
Daley
Daly
Damhán
Dara
Darach
Daragh
Darragh
Deasún
Declan
Dermot
Derry
Desmond
Devin
Diarmaid
Diarmuid
Domhnall
Domnall
Donagh
Dónal
Donal
Donnchad
Donnchadh
Donovan
Doran
Dougal
Doyle
Driscoll
Duane
Dubhán
Dubhghall
Dubhghlas
Eachann
Eadbhárd
Eamon
Éamonn
Éanna
Edan
Éibhear
Éibhir
Éimhín
Einrí
Enda
Énna
Eoghan
Eoin
Erskine
Fachtna
Faolán
Farquhar
Fearchar
Feardorcha
Fearghal
Fearghas
Fechín
Feichín
Feidhlim
Feidhlimidh
Felim
Fergal
Fergus
Fiachna
Fiachra
Fillin
Finbar
Finbarr
Finlay
Finley
Finn
Finnagán
Finnán
Finnbar
Finnbarr
Finnegan
Finnén
Finnian
Fintan
Fion
Fionn
Fionnán
Fionnbarra
Fionnbharr
Fionnlagh
Fionntan
Flaithrí
Flann
Flannán
Florry
Flurry
Gallagher
Garbhán
Garvan
Gearalt
Gearóid
Gilroy
Gobán
Gofraidh
Grady
Gréagóir
Heber
Iarfhlaith
Iarlaith
Íomhar
Ionatán
Ivor
Jarlath
Kane
Kean
Keane
Keefe
Keegan
Keenan
Kegan
Kelan
Kelly
Kevan
Kevin
Kieran
Kieron
Kilian
Killian
Kyran
Labhrás
Lachtna
Laoghaire
Leachlainn
Leary
Liam
Lochlainn
Lochlann
Lomán
Lommán
Lonán
Lorcán
Lorccán
Lúcás
Lughaidh
Maeleachlainn
Mahon
Mainchín
Mairtín
Maitiú
Malachy
Mannix
Manus
Marcas
Mathúin
Meallán
Mellan
Mícheál
Muirchertach
Muireadhach
Muiredach
Muiris
Murchadh
Murdoch
Murphy
Murrough
Murtagh
Naoise
Naomhán
Neil
Nevan
Niall
Ninian
Nioclás
Nolan
Odhrán
Odran
Oisín
Oran
Orrin
Oscar
Osheen
Owen
Paddy
Pádraic
Pádraig
Patrick
Peadar
Phelan
Phelim
Piaras
Pilib
Pól
Proinsias
Quinn
Raghnall
Réamann
Rearden
Redmond
Redmund
Rían
Ríoghnán
Riordan
Risteárd
Roibeard
Rónán
Rórdán
Rorie
Rory
Rowan
Ruadh
Ruadhán
Ruaidhrí
Ruaidrí
Ruairí
Ruarc
Ryan
Sé
Seachlann
Seachnall
Séafra
Séaghdha
Séamas
Séamus
Seán
Sean
Seanán
Séarlas
Sechnall
Senan
Seoirse
Seosamh
Shamus
Shane
Shay
Shea
Sheamus
Siothrún
Somhairle
Sorley
Stiofán
Suibhne
Suibne
Sweeney
Tadg
Tadhg
Teague
Teige
Teigue
Tiarnach
Tiarnán
Tiernan
Tierney
Tigernach
Tigernán
Tighe
Tighearnach
Tighearnán
Toal
Toirdhealbhach
Tomás
Torin
Tuathal
Turlough
Uaithne
Uilleag
Uilliam
Uinseann
Ulick
Ultan
