Ada
Adelaide
Adele
Adelina
Adriana
Agata
Agnese
Agostina
Alba
Alberta
Albertina
Albina
Alda
Alessa
Alessandra
Alessia
Alfonsina
Alfreda
Alice
Alina
Allegra
Amalia
Amanda
Amaranta
Ambra
Amedea
Amelia
Andreina
Angela
Angelica
Angelina
Anna
Annabella
Annalisa
Annetta
Annunciata
Annunziata
Anselma
Antonella
Antonia
Antonietta
Antonina
Arianna
Armida
Asia
Assunta
Augusta
Aurelia
Aureliana
Aurora
Azzurra
Barbara
Beatrice
Benedetta
Benigna
Berenice
Bernardetta
Bernardina
Berta
Bettina
Bianca
Bibiana
Bice
Brigida
Bruna
Brunella
Brunilda
Calogera
Camilla
Carla
Carlotta
Carmela
Carmen
Carmina
Carola
Carolina
Catarina
Caterina
Cecilia
Celeste
Celestina
Celia
Cesarina
Chiara
Chiarina
Cinzia
Clara
Claretta
Clarissa
Claudia
Clelia
Clementina
Clio
Colomba
Colombina
Concetta
Concettina
Consolata
Cornelia
Cosima
Cristiana
Cristina
Crocetta
Crocifissa
Dafne
Damiana
Daniela
Daria
Debora
Delfina
Delia
Desideria
Diana
Dina
Domenica
Domitilla
Donata
Donatella
Dorotea
Edda
Edmonda
Edvige
Elda
Elena
Eleonora
Elettra
Eliana
Elisa
Elisabetta
Eloisa
Emanuela
Emilia
Emiliana
Emma
Enrica
Ermelinda
Erminia
Ernesta
Ersilia
Eufemia
Eugenia
Eulalia
Eva
Evelina
Fabia
Fabiana
Fabiola
Fabrizia
Fausta
Faustina
Federica
Feliciana
Felìcita
Ferdinanda
Fernanda
Fiammetta
Filippa
Filomena
Fina
Fioralba
Fiorella
Fiorenza
Flavia
Flora
Floriana
Fortunata
Franca
Francesca
Fulvia
Gabriella
Gaetana
Gaia
Geltrude
Gemma
Genoveffa
Germana
Gessica
Gia
Giachetta
Giacinta
Giada
Gianna
Giannina
Gilda
Gina
Ginevra
Gioconda
Gioia
Giorgia
Giorgina
Giosetta
Giovanna
Giovannetta
Gisella
Giuditta
Giulia
Giuliana
Giulietta
Giuseppa
Giuseppina
Giustina
Gloria
Grazia
Graziana
Graziella
Ida
Ilaria
Ilda
Imelda
Immacolata
Ines
Iolanda
Irene
Irma
Isa
Isabella
Isidora
Isotta
Itala
Italia
Jessica
Jolanda
Laura
Lauretta
Leandra
Lelia
Lena
Leonora
Leontina
Letizia
Lia
Lia
Liana
Liboria
Lidia
Liliana
Lina
Linda
Lisa
Livia
Liviana
Lora
Loredana
Lorena
Lorenza
Loreta
Loreto
Loretta
Lorita
Luana
Luce
Lucia
Luciana
Lucilla
Lucrezia
Ludovica
Luigia
Luigina
Luisa
Luisella
Maddalena
Mafalda
Manuela
Marcella
Margherita
Maria
Mariangela
Marianna
Mariella
Marietta
Marilena
Marina
Marinella
Marisa
Marta
Martina
Marzia
Matilde
Maura
Melania
Micaela
Michela
Michelangela
Michelina
Milena
Mimi
Mirabella
Mirella
Monica
Nadia
Narcisa
Natalia
Nerina
Nicoletta
Nicolina
Nina
Nives
Noemi
Nora
Norina
Norma
Nunzia
Nunziatina
Ofelia
Olimpia
Olivia
Oria
Oriana
Orlanda
Ornella
Orsina
Orsola
Osanna
Ottavia
Palmira
Paola
Paolina
Pasqualina
Patrizia
Perla
Perlita
Petronilla
Pia
Piera
Pierina
Pietra
Pietrina
Pina
Placida
Priscilla
Rachele
Raffaella
Raimonda
Rebecca
Regina
Renata
Riccarda
Rina
Rita
Roberta
Robertina
Romana
Romilda
Romina
Romola
Rosa
Rosabella
Rosalba
Rosalia
Rosalinda
Rosangela
Rosanna
Rosaria
Rosario
Rosella
Rosetta
Rosina
Rossana
Rossella
Rubina
Rut
Sabina
Sabrina
Salvatrice
Samanta
Samantha
Samuela
Sandra
Santa
Santuzza
Sara
Saveria
Savina
Scilla
Sebastiana
Selvaggia
Serafina
Serena
Severina
Sibilla
Silvana
Silvestra
Silvia
Simona
Simonetta
Sofia
Sonia
Stefania
Susana
Susanna
Sveva
Taide
Tatiana
Tecla
Teodora
Teofila
Teresa
Tina
Tiziana
Tonina
Tullia
Urbana
Valentina
Valeria
Vanessa
Vanna
Velia
Veronica
Vincenza
Viola
Violetta
Virginia
Vitalia
Vittoria
Viviana
Zaira
Zita
