Abele
Achille
Adalberto
Adamo
Adolfo
Adriano
Agapito
Agostino
Albano
Alberico
Alberto
Aldo
Alessandro
Alessio
Alfeo
Alfonso
Alfredo
Alonzo
Alvise
Amadeo
Amando
Amato
Ambrogino
Ambrogio
Amedeo
Amerigo
Amilcare
Ampelio
Anacleto
Anastasio
Andrea
Angelino
Angelo
Annibale
Annunziato
Anselmo
Antonello
Antonino
Antonio
Arcangelo
Arduino
Aristide
Armando
Arnaldo
Aroldo
Arrigo
Arsenio
Arturo
Attilio
Augusto
Aureliano
Aurelio
Baldassare
Baldo
Baldovino
Bartolomeo
Basilio
Battista
Benedetto
Beniamino
Benigno
Benito
Benvenuto
Beppe
Bernardino
Bernardo
Bertoldo
Bertrando
Bettino
Biaggio
Biagino
Biagio
Bonaventura
Bonifacio
Bruno
Callisto
Calogero
Camillo
Carlo
Carmelo
Carmine
Casimiro
Cecilio
Celestino
Celino
Celio
Celso
Cesare
Cesarino
Cipriano
Ciriaco
Cirillo
Cirino
Ciro
Claudio
Clemente
Cleto
Colombano
Colombo
Concetto
Cornelio
Corrado
Cosimo
Cosma
Costantino
Costanzo
Crescenzo
Cristiano
Cristoforo
Damiano
Daniele
Danilo
Dante
Dario
Davide
Demetrio
Desiderio
Dino
Dionisio
Domenico
Donatello
Donato
Doriano
Duilio
Durante
Edmondo
Edoardo
Efisio
Egidio
Elia
Eligio
Elio
Eliseo
Elmo
Elpidio
Emanuele
Emidio
Emiliano
Emilio
Ennio
Enrico
Enzo
Erasmo
Ercole
Ermanno
Ermenegildo
Ermete
Erminio
Ernesto
Ettore
Eugenio
Eusebio
Eustachio
Eustorgio
Evaristo
Ezio
Fabiano
Fabio
Fabrizio
Faustino
Fausto
Fedele
Federico
Federigo
Felice
Feliciano
Ferdinando
Ferruccio
Filiberto
Filippo
Fiorenzo
Fiorino
Firmino
Flavio
Floriano
Fortunato
Francesco
Franco
Frediano
Fredo
Fulgenzio
Fulvio
Gabriele
Gaetano
Gaspare
Gasparo
Gavino
Gennaro
Gerardo
Germano
Gerolamo
Geronimo
Gervasio
Giacinto
Giacobbe
Giacomo
Giambattista
Giampaolo
Giampiero
Gian
Giancarlo
Gianfranco
Gianluca
Gianluigi
Gianmarco
Gianmaria
Gianni
Giannino
Gianpaolo
Gianpiero
Gilberto
Gino
Gioacchino
Gioachino
Giordano
Giorgino
Giorgio
Giosuè
Giotto
Giovanni
Giraldo
Girolamo
Giuliano
Giulio
Giuseppe
Giustino
Glauco
Goffredo
Graziano
Gregorio
Gualtiero
Guerino
Guglielmo
Guido
Gustavo
Iacopo
Ignazio
Ilario
Innocenzo
Ippolito
Isaia
Isidoro
Italo
Jacopo
Ladislao
Lapo
Lauro
Lazzaro
Leandro
Lelio
Leonardo
Leone
Leonzio
Leopoldo
Liberatore
Liborio
Lino
Livio
Lodovico
Lorenzo
Loris
Lotario
Luca
Luciano
Lucio
Ludovico
Luigi
Luigino
Manfredo
Manlio
Manuel
Marcellino
Marcello
Marco
Mariano
Marino
Mario
Martino
Marzio
Massimiliano
Massimo
Matteo
Mattia
Maurizio
Mauro
Melchiorre
Michelangelo
Michele
Modesto
Naldo
Narciso
Natale
Natanaele
Nazario
Nazzareno
Nerio
Nero
Nestore
Nevio
Niccolò
Nico
Nicodemo
Nicola
Nicolò
Nicomedo
Nicostrato
Nino
Nunzio
Oliviero
Orazio
Orfeo
Orlando
Orsino
Orso
Osvaldo
Ottaviano
Ottavio
Ovidio
Palmiro
Pancrazio
Panfilo
Pantaleone
Paolino
Paolo
Paride
Pasquale
Pasqualino
Patrizio
Pellegrino
Peppe
Peppi
Peppino
Piero
Pietro
Pino
Pio
Placido
Plinio
Pompeo
Ponzio
Porfirio
Primo
Prospero
Prudenzio
Quirino
Raffaele
Raffaello
Raimondo
Raniero
Raul
Remigio
Remo
Renato
Renzo
Riccardo
Rico
Rinaldo
Rino
Roberto
Rocco
Rodolfo
Rodrigo
Rolando
Romano
Romeo
Romolo
Rufino
Ruggero
Ruggiero
Sabino
Salvatore
Samuele
Sandro
Sansone
Santino
Santo
Saturnino
Saverio
Savino
Savio
Scevola
Sebastiano
Serafino
Sergio
Sesto
Settimio
Severiano
Severino
Severo
Silvano
Silvestro
Silvio
Simone
Stefano
Tacito
Taddeo
Tammaro
Tancredi
Teo
Teobaldo
Teodoro
Teodosio
Teofilo
Terenzio
Terzo
Timoteo
Tino
Tito
Tiziano
Tommaso
Tonino
Tonio
Tore
Tullio
Uberto
Ugo
Ulderico
Ulisse
Umberto
Urbano
Valentino
Valerio
Vanni
Vasco
Venceslao
Vespasiano
Vico
Vilfredo
Vincente
Vincenzo
Vinicio
Virgilio
Vitale
Vito
Vittore
Vittorino
Vittorio
Walter
