Akio
Akira
Arata
Ayumu
Daichi
Daiki
Daisuke
Goro
Gorou
Hachiro
Hachirou
Haru
Haruki
Haruto
Hayate
Hayato
Hibiki
Hideaki
Hideki
Hideyoshi
Hikaru
Hiraku
Hiroshi
Hiroto
Hotaka
Ichiro
Ichirou
Isamu
Itsuki
Jiro
Jirou
Juro
Jurou
Kaito
Katashi
Katsu
Katsuo
Katsuro
Katsurou
Kazuki
Kazuo
Ken
Ken'ichi
Kenji
Kenshin
Kenta
Kichiro
Kichirou
Kiyoshi
Kouki
Kouta
Kuro
Kurou
Kyo
Kyou
Makoto
Masaru
Michi
Minoru
Naoki
Noboru
Nobu
Noburu
Nobuyuki
Nori
Osamu
Ren
Riku
Rikuto
Rokuro
Rokurou
Ryo
Ryoichi
Ryota
Ryou
Ryouichi
Ryouta
Ryuu
Ryuunosuke
Saburo
Saburou
Shichiro
Shichirou
Shin
Shiro
Shirou
Sho
Shou
Shouta
Souta
Susumu
Taichi
Taiki
Takahiro
Takashi
Takehiko
Takeshi
Takuma
Takumi
Taro
Tarou
Tsubasa
Yamato
Yori
Yoshi
Yoshiro
Yoshirou
Youta
Yuu
Yuudai
Yuuki
Yuuma
Yuuta
Yuuto
Yoshinori
Yoshihiro
Yoshiharu
