Ai
Aiko
Aimi
Aina
Airi
Akane
Akemi
Aki
Akiko
Ami
Aoi
Asuka
Atsuko
Aya
Ayaka
Ayako
Ayame
Ayane
Ayano
Chika
Chikako
Chinatsu
Chiyo
Chiyoko
Cho
Chou
Chouko
Emi
Etsuko
Hana
Hanako
Haruka
Haruko
Haruna
Hikari
Hina
Hinata
Hiroko
Hitomi
Honoka
Hoshi
Hoshiko
Hotaru
Izumi
Junko
Kaede
Kanon
Kaori
Kaoru
Kasumi
Kazue
Kazuko
Keiko
Kiku
Kimiko
Kiyoko
Kohaku
Kokoro
Kotone
Kumiko
Mai
Mami
Manami
Mao
Mariko
Masami
Masuyo
Mayu
Megumi
Mei
Michiko
Midori
Mika
Miki
Miku
Minako
Mio
Misaki
Mitsuko
Miu
Miyako
Miyu
Mizuki
Moe
Momoka
Momoko
Moriko
Nana
Nanami
Naoko
Naomi
Natsuki
Natsuko
Natsumi
Noa
Noriko
Ran
Rei
Riko
Rin
Rina
Rio
Sachiko
Saki
Sakura
Sakurako
Satomi
Sayuri
Setsuko
Shinju
Shinobu
Shiori
Shizuka
Shun
Sora
Sumiko
Suzu
Suzume
Takako
Takara
Tamiko
Tomiko
Tomoko
Tomomi
Tsubaki
Tsubame
Tsukiko
Ume
Umeko
Wakana
Yasu
Yoko
Yoshiko
Youko
Yua
Yui
Yuina
Yuki
Yukiko
Yuko
Yumi
Yumiko
Yuri
Yuuka
Yuuko
Yuuna
Yuzuki
