Abe
Abraham
Adam
Adina
Adir
Aharon
Akiba
Akiva
Almog
Alon
Amichai
Amir
Amit
Amnon
Amos
Ari
Arieh
Ariel
Arik
Aryeh
Asa
Asaf
Asher
Avi
Avidan
Avihu
Aviram
Avishai
Aviv
Aviya
Avner
Avraham
Avram
Ayal
Barak
Baruch
Barukh
Binyamin
Boaz
Chaim
Chayim
Chayyim
Daniel
David
Dekel
Deror
Dikla
Diklah
Dor
Dori
Doron
Dov
Dror
Efraim
Ehud
Eiran
Eitan
Eli
Eli
Eliezer
Elijah
Elior
Eliyahu
Eliyyahu
Elkan
Erez
Eyal
Eytan
Ezra
Gavriel
Gideon
Gid'on
Gil
Gilad
Haim
Hayim
Hayyim
Hebel
Hed
Hevel
Hillel
Hyam
Idan
Ilan
Immanuel
Ira
Isidore
Itai
Itamar
Itzhak
Iyov
Jaffe
Keshet
Kfir
Lavi
Lev
Levi
Lior
Liron
Malachi
Maor
Matan
Mattithyahu
Mattityahu
Meir
Melech
Melek
Menachem
Menahem
Menashe
Meshulam
Meshullam
Mikha'el
Mordecai
Mordechai
Moshe
Moss
Nachum
Nadav
Natan
Nir
Nitzan
Niv
Noach
Noam
Nogah
Ofek
Ofer
Ofir
Ofra
Omer
Omri
Or
Oren
Ori
Osher
Ovadia
Oved
Oz
Peleg
Pinchas
Raanan
Ravid
Raz
Reuben
Reuven
Roi
Ron
Ronen
Rotem
Sagi
Shai
Shalev
Shalom
Shay
Sheraga
Shimon
Shimshon
Shlomo
Shmuel
Shraga
Sol
Solly
Tal
Tamir
Tom
Tomer
Tovia
Tuvya
Tzafrir
Tzion
Tzvi
Udi
Uri
Uriel
Uzi
Uzzi
Uzziel
Wolf
Yaakov
Yachin
Yafe
Yaffe
Yair
Yakov
Yaniv
Yarden
Yaron
Yechezkel
Yehiel
Yehoshua
Yehudah
Yehudi
Yishai
Yisra'el
Yissakhar
Yitzhak
Yoav
Yochanan
Yoel
Yonah
Yonatan
Yoni
Yoram
Yosef
Yuval
Zeev
Zev
Ziv
Zohar
Zvi
