'adalya'
Adam
'adinah
Adlai
'adoniyah
Aharon
'amaryahu
Amnon
Amos
Amram
Anaiah
Aran
Arieh
'ari'el
Asa
Asaf
Asher
Avidan
'avi'el
Avihu
'avima'el
'avimelekh
Aviram
'avishay
'aviyah
Avner
Avraham
Avram
'avshalom
'azaryah
'azazyahu
'azri'el
Barak
Barukh
Belshatzzar
Benayahu
Binyamin
Boaz
Chananyah
Chanokh
Chavaqquq
Chizqiyahu
Dan
Daniyyel
Daryawesh
Dawid
Delayahu
Diklah
'efrayim
Ehud
Eiran
Eitan
'el'azar
Eli
'eli'ezer
'elifalet
'elifelet
Elihu
Elisha
Eliyyahu
Elkanah
Enosh
'esaw
Ezer
'ezra'
Gavri'el
Gedalyahu
Gemaryahu
Gershom
Gershon
Gid'on
Gilad
Haran
Hevel
Hillel
Hiram
Hoshea
Immanuel
'ira'
Itamar
'ittay
'iyyov
Kalev
Kayin
Keinan
Kenanyahu
Koresh
Lemuel
Lewi
Lot
Machli
Mal'akhi
Mattan
Mattanyahu
Mattityahu
Melech
Menachem
Menashsheh
Meshullam
Mikha'el
Mikhah
Mikhayhu
Mordokhay
Moshe
Nachum
Nadav
Natan
Nechemyah
Neriah
Netanyahu
Nethanel
Noach
Nogah
Ofir
'ofrah
Omri
'ovadyah
Oved
Peleg
Pinchas
Rafa'el
Reuven
Satan
Seraiah
Sha'ul
She'alti'el
Shelomoh
Shem
Shema'yah
Shemu'el
Shet
Shimon
Shimshon
Talmai
Terach
Toviyyah
Tzefanyah
Tzidkiyahu
Tzion
Tzivah
'uri
'uriyah
'uriy'el
Uzzi
Uzziel
'uzziyyah
Yaakov
Yachin
Yadon
Yair
Yared
Yechezkel
Yechi'el
Yedidyah
Yefet
Yeho'ash
Yehochanan
Yehonatan
Yehoram
Yehoshafat
Yehoshua
Yehoyakhin
Yehoyakim
Yehu'
Yehudah
Yehudi
Yered
Yeriyahu
Yesha'yahu
Yeshua
Yiftach
Yirmiyahu
Yishai
Yishma'el
Yishmeray
Yisra'el
Yissakhar
Yitzhak
Yo'ash
Yoav
Yochanan
Yoel
Yonah
Yonatan
Yoram
Yosef
Yoshiyahu
Yotam
Yuval
Zekharyah
Zevadyah
Zevulun
