Achinoam
Adara
Adena
Adi
Adva
Agam
Ahava
Ahuva
Aliya
Aliyah
Aliza
Alona
Amira
Anat
Atalia
Atara
Atarah
Avia
Avigail
Avishag
Aviva
Ayala
Ayelet
Ayla
Bashe
Basia
Basya
Batel
Batsheva
Batya
Batyah
Beracha
Bosmat
Bracha
Chanah
Channah
Chava
Chaya
Chesed
Dafna
Dalia
Dalit
Dalya
Danya
Dara
Dassah
Deborah
Derorit
Devorah
Dorit
Drorit
Dvorah
Efrat
Elah
Eliana
Eliora
Elisheva
Elke
Estee
Gal
Galia
Galit
Geula
Gilah
Gili
Hadar
Hadas
Hadassah
Hagit
Hannah
Hava
Herut
Hila
Idriya
Ilana
Ilanit
Inbal
Inbar
Irit
Kelila
Keren
Leah
Li
Liat
Libi
Lihi
Liora
Liorit
Livna
Livnat
Maayan
Malka
Margalit
Margalita
Marganita
Marni
Marnie
Maya
Maytal
Meira
Meirit
Meital
Menuha
Merav
Mica
Michal
Miriam
Mor
Moran
Naamah
Nahal
Naomi
Nava
Nessa
Neta
Nissa
Nitza
Noa
Noga
Noy
Noya
Nurit
Ora
Orah
Orit
Orli
Orly
Orna
Paz
Rachel
Rani
Raziela
Reut
Rina
Riva
Rivka
Rona
Roni
Ronit
Sapir
Sarah
Sarit
Shachar
Shahar
Shaked
Shamira
Shani
Shifra
Shir
Shira
Shiri
Shlomit
Shoshana
Shoshannah
Shulamit
Shulamith
Shulammit
Shulammite
Sigal
Sigalit
Simcha
Smadar
Tahlia
Tali
Talia
Talya
Tamar
Tehila
Tikva
Tirtzah
Tova
Tovah
Tziporah
Tzipporah
Tzivya
Tzofiya
Tzufit
Varda
Vardah
Vered
Yachna
Yael
Yaen
Yafa
Yaffa
Yakira
Yardena
Yarona
Yehudit
Yemima
Yocheved
Yonina
Yonit
Zahara
Zakiah
Zipporah
Ziva
Zivit
