Achinoam
Adara
Adena
Adi
Adva
Agam
Ahava
Ahuva
Aliya
Aliyah
Aliza
Alona
Alte
Amira
Anat
Atalia
Atara
Atarah
Avia
Avigail
Avishag
Aviva
Ayala
Ayelet
Ayla
Baila
Bashe
Basia
Basya
Batel
Batsheva
Batya
Batyah
Beracha
Beylke
Bluma
Bosmat
Bracha
Breindel
Chanah
Channah
Charna
Chava
Chaya
Chesed
Dafna
Dalia
Dalit
Dalya
Danya
Dara
Dassah
Deborah
Derorit
Devorah
Dorit
Drorit
Dvorah
Efrat
Eidel
Elah
Eliana
Eliora
Elisheva
Elke
Estee
Esther
Faiga
Faigel
Feige
Freyde
Fruma
Gal
Galia
Galit
Geula
Gilah
Gili
Gittel
Gluke
Glukel
Golda
Goldie
Hadar
Hadas
Hadassah
Hagit
Hannah
Hava
Hena
Henda
Hendel
Hene
Henye
Herut
Hila
Hode
Hodel
Hudes
Idriya
Ilana
Ilanit
Inbal
Inbar
Irit
Judith
Kaila
Kayla
Kelila
Keren
Kreindel
Kreine
Leah
Leeba
Li
Liat
Libi
Lihi
Liora
Liorit
Livna
Livnat
Maayan
Malka
Margalit
Margalita
Marganita
Marni
Marnie
Maya
Maytal
Meira
Meirit
Meital
Menuha
Merav
Mica
Michal
Mirele
Miriam
Mor
Moran
Naamah
Nahal
Naomi
Nava
Nessa
Neta
Nissa
Nitza
Noa
Noga
Noy
Noya
Nurit
Ora
Orah
Orit
Orli
Orly
Orna
Paz
Perele
Perle
Rachel
Raisa
Raisel
Rani
Rayna
Raziela
Reina
Reut
Rifka
Rina
Riva
Rivka
Rona
Roni
Ronit
Ruchel
Sapir
Sarah
Sarit
Shachar
Shahar
Shaina
Shaindel
Shaked
Shamira
Shani
Shayna
Shaynah
Sheine
Shifra
Shir
Shira
Shiri
Shlomit
Shoshana
Shoshannah
Shprintza
Shprintze
Shprintzel
Shulamit
Shulamith
Shulammit
Shulammite
Sigal
Sigalit
Simcha
Sisel
Smadar
Suri
Tahlia
Tali
Talia
Talya
Tamar
Tehila
Tikva
Tirtzah
Toiba
Tova
Tovah
Tzeitel
Tziporah
Tzipporah
Tzivya
Tzofiya
Tzufit
Varda
Vardah
Velvela
Vered
Yachna
Yael
Yaen
Yafa
Yaffa
Yakira
Yardena
Yarona
Yehudit
Yemima
Yente
Yentl
Yocheved
Yonina
Yonit
Yutke
Zahara
Zakiah
Zelda
Zelde
Zipporah
Zisel
Ziva
Zivit
Zlota
Zusa
