Abe
Abraham
Adam
Adina
Adir
Aharon
Akiba
Akiva
Almog
Alon
Alter
Amichai
Amir
Amit
Amnon
Amos
Anshel
Ari
Arieh
Ariel
Arik
Aryeh
Asa
Asaf
Asher
Avi
Avidan
Avihu
Aviram
Avishai
Aviv
Aviya
Avner
Avraham
Avram
Avrum
Ayal
Barak
Baruch
Barukh
Benesh
Ber
Binyamin
Boaz
Chaim
Chatzkel
Chayim
Chayyim
Daniel
David
Dekel
Deror
Dikla
Diklah
Dor
Dori
Doron
Dov
Dovid
Dror
Dudel
Efraim
Ehud
Eiran
Eitan
Eli
Eli
Eliezer
Elijah
Elior
Eliyahu
Eliyyahu
Elkan
Ephraim
Erez
Ethan
Evron
Eyal
Eytan
Ezra
Faivish
Falk
Fayvel
Feibush
Feivel
Fishel
Fishke
Gavrel
Gavriel
Gideon
Gid'on
Gil
Gilad
Haim
Haskel
Hayim
Hayyim
Hebel
Hed
Herschel
Hersh
Hershel
Heshel
Hevel
Hillel
Hirsh
Hirshel
Hyam
Hyman
Hymie
Idan
Ilan
Immanuel
Ira
Isaac
Isaiah
Iser
Isidore
Israel
Issur
Itai
Itamar
Itzhak
Iyov
Jaffe
Kapel
Keshet
Kfir
Koppel
Lavi
Lazer
Lev
Levi
Lieber
Lior
Liron
Malachi
Maor
Matan
Mattithyahu
Mattityahu
Meir
Melech
Melek
Menachem
Menahem
Menashe
Mendel
Meshulam
Meshullam
Meyer
Mikha'el
Moishe
Mordecai
Mordechai
Moshe
Moss
Motel
Motke
Nachum
Nadav
Natan
Nir
Nitzan
Niv
Noach
Noam
Nogah
Ofek
Ofer
Ofir
Ofra
Omer
Omri
Or
Oren
Ori
Osher
Ovadia
Oved
Oz
Peleg
Pinchas
Raanan
Ravid
Raz
Reuben
Reuven
Roi
Ron
Ronen
Rotem
Sagi
Saul
Sekel
Selig
Sender
Shai
Shalev
Shalom
Shay
Sheraga
Shimmel
Shimon
Shimshon
Shlomo
Shmuel
Shraga
Sol
Solly
Solomon
Sroel
Tal
Tamir
Teivel
Tevye
Tom
Tomer
Tovia
Tuvya
Tzafrir
Tzion
Tzvi
Udi
Uri
Uriel
Uzi
Uzzi
Uzziel
Velvel
Wolf
Yaakov
Yachin
Yafe
Yaffe
Yair
Yakov
Yaniv
Yankel
Yarden
Yaron
Yechezkel
Yehiel
Yehoshua
Yehudah
Yehudi
Yidel
Yishai
Yisra'el
Yissakhar
Yitzhak
Yoav
Yochanan
Yoel
Yonah
Yonatan
Yoni
Yoram
Yosef
Yudel
Yussel
Yuval
Zalman
Zeev
Zelig
Zev
Zion
Ziv
Zohar
Zusman
Zvi
