Adomas
Aleksandras
Andrius
Antanas
Aras
Artūras
Augustas
Augustinas
Ąžuolas
Bronislovas
Bronius
Danielius
Darijus
Darius
Dominykas
Dovydas
Gabrielius
Giedrius
Gintaras
Gvidas
Henrikas
Herkus
Ignas
Jokūbas
Jonas
Juozapas
Juozas
Jurgis
Justinas
Karolis
Kazimeras
Kęstutis
Leonas
Linas
Liudvikas
Lukas
Marijus
Martynas
Matas
Mindaugas
Modestas
Mykolas
Nojus
Paulius
Petras
Pranciškus
Raimondas
Ramūnas
Saulius
Steponas
Tomas
Valdas
Valdemaras
Viktoras
Vilhelmas
Viltautas
Vincentas
Virgilijus
Visvaldas
Vitalijus
Voldemaras
Vytautas
Žydrūnas
