Ace
Adam
Aleksandar
Andon
Andrej
Angel
Angjelko
Anton
Antonij
Apostol
Atanas
Atanasij
Blagoj
Blagun
Blazhe
Bogdan
Bogomil
Bojan
Boris
Bozhidar
Branislav
Branko
Damjan
Daniel
Darko
David
Dejan
Dimitar
Dimitrij
Doncho
Dragan
Dušan
Dzvezdan
Dzvonimir
Dzvonko
Elisie
Emil
Evgenij
Filip
Gavril
Gerasim
Gjorgji
Goran
Gordan
Gorgi
Grigor
Grozdan
Hristijan
Hristo
Hristofor
Igor
Ilarion
Ilija
Isaija
Isidor
Ivan
Ivo
Jakov
Joakim
Jordan
Josif
Jovan
Kire
Kiril
Kiro
Kliment
Konstantin
Kristijan
Kuzman
Lazar
Leonid
Ljube
Ljuben
Ljubomir
Ljudmil
Ljupcho
Luka
Maksim
Marin
Marko
Matej
Metodij
Metodija
Mihail
Milan
Mile
Miloš
Mirko
Miroslav
Mitre
Mladen
Najden
Natanail
Naum
Nedelko
Neofit
Neven
Nikifor
Nikita
Nikodim
Nikola
Nikolche
Ognen
Oliver
Paskal
Pavle
Pece
Petar
Petko
Petre
Radoslav
Rafael
Risto
Rumen
Sasho
Serafim
Sime
Simeon
Simon
Slobodan
Stefan
Stojan
Tase
Teodor
Timotej
Todor
Toma
Toše
Toshe
Valentin
Vasil
Venijamin
Veselin
Vladimir
Vlastimir
Vlatko
Zdravko
Zharko
Zhivko
Zlatan
Zlatko
Zoran
