Agnija
Aleksandra
Ana
Anamarija
Anastasija
Angela
Angelina
Atanasija
Biljana
Bisera
Bistra
Blagica
Blagorodna
Blaguna
Bogdana
Bojana
Dafina
Damjana
Dana
Danica
Dara
Dijana
Domnika
Dragana
Dzvezda
Ekaterina
Elena
Elisaveta
Emilija
Eva
Evangelija
Evgenija
Filimena
Gordana
Gorica
Grozda
Grozdana
Hristina
Ilinka
Irina
Isidora
Iskra
Iva
Ivana
Jaga
Jagoda
Jasmina
Jasna
Jovana
Julijana
Kalina
Karolina
Katerina
Katina
Klimentina
Lidija
Liljana
Ljuba
Ljubena
Ljubica
Magdalena
Marija
Marijana
Marina
Marta
Melanija
Mihaela
Mihaila
Mila
Milena
Milica
Milka
Mira
Miroslava
Mitrodora
Nada
Nadezhda
Natalija
Nataša
Nedelka
Nevena
Nikolina
Ognena
Olga
Olgica
Olivera
Paraskeva
Pavlina
Petra
Rada
Radoslava
Rafaela
Roza
Rozalija
Rumena
Ruzha
Sandra
Sara
Serafima
Simona
Slavica
Snezhana
Sofija
Sonja
Stefanija
Suzana
Svetlana
Tamara
Tatjana
Teodora
Todorka
Trena
Trendafilka
Valentina
Vana
Vangelija
Varvara
Vasilija
Vasilka
Vera
Veronika
Vesela
Vesna
Violeta
Zaharina
Zaharinka
Zhaklina
Zhivka
Zlata
Zoja
Zora
Zorica
Zorka
