Aleksandru
Amé
Amis
Athanasi
Boguslav
Borisu
Bronimir
Chestibor
Chestirad
Chestislav
Col
Didacus
Dmitrei
Elis
Elric
Ermo
Estienne
Eudes
Geoffroi
Georgei
Gidie
Gostislav
Grigorii
Guiscard
Hankin
Hann
Hob
Hopkin
Hudde
Jackin
Jan
Jankin
Jehan
Josse
Jurian
Kresimir
Kyrilu
Lorencio
Mack
Milosh
Nikola
Noll
Ode
Onfroi
Piers
Premisl
Randel
Roul
Sans
Stace
Svetopolk
Temüjin
Temür
Tenney
Tielo
Vasilii
Veceslav
Vecheslavu
Velasco
Venceslaus
Vladimeru
Voitsech
Volodimeru
Volodislavu
Wilky
Wilmot
Wybert
Wymond
Ximeno
Yrian
Zbignev
Zuan
