Acantha
Aditi
Adrasteia
Aegle
Aella
Aeron
Agaue
Aglaea
Aglaia
Agrona
Aigle
Aino
Alcippe
Alcyone
Alecto
Alexandra
Alkyone
Althea
Amalthea
Amaterasu
Ameretat
Amordad
Amurdad
Anahita
Anaitis
Anat
Anath
Anatu
Andraste
Andromache
Andromeda
Angerona
Angharad
Anthea
Antigone
Antiope
Aoide
Aoife
Aphrodite
Arachne
Aranrhod
Arethusa
Ariadne
Arianrhod
Artemis
Arundhati
Asherah
Ashtad
'ashtoret
Ashtoreth
Astarte
Astraea
Atalanta
Athena
Athene
Atropos
Aurora
Austėja
Bast
Bastet
Bébinn
Bellona
Bláthnat
Blodeuwedd
Borghild
Borghildr
Branwen
Bridget
Brighid
Brigid
Brigit
Briseis
Brunhild
Brynhildr
Calliope
Callisto
Calypso
Camilla
Cardea
Carme
Cassandra
Cassiopea
Cassiopeia
Céibhfhionn
Ceres
Ceridwen
Chalchiuhticue
Chloe
Chloris
Chryseis
Circe
Clídna
Clio
Clíodhna
Clotho
Clytemnestra
Clytia
Concordia
Cybele
Cynthia
Dalia
Damayanti
Danaë
Daphne
Deirdre
Delia
Demeter
Derdriu
Devi
Diana
Dido
Dike
Dione
Doris
Draupadi
Durga
Echo
Eileithyia
Éimhear
Eir
Eirene
Elaine
Electra
Elektra
Elissa
Elpis
Embla
Emer
Enid
Enyo
Eos
Epona
Erato
Ereshkigal
Eris
Étaín
Euadne
Eudora
Eunomia
Euphrosyne
Europa
Europe
Eurydice
Eurydike
Euterpe
Evadne
Fauna
Fedelm
Feidelm
Felicitas
Finnguala
Finnuala
Fionnghuala
Fionnuala
Flora
Frea
Freya
Freyja
Frige
Frigg
Gabija
Gaea
Gaia
Gauri
Gerd
Gráinne
Grid
Grímhildr
Grimhilt
Gudrun
Guenevere
Guinevere
Guðrún
Gwenhwyfar
Halcyone
Halkyone
Harmonia
Hathor
Haurvatat
Hebe
Hecate
Heidrun
Hekate
Hel
Helen
Helena
Helene
Helle
Hemera
Hera
Hermione
Hero
Hersilia
Hestia
Hildr
Hippolyta
Hippolyte
Huld
Hulda
Ianthe
Idun
Igraine
Ilithyia
Ilmatar
Inanna
Indira
Indrani
Io
Iole
Ione
Iphigeneia
Iphigenia
Irene
Iris
Iset
Iseult
Ishtar
Isis
Ismene
Isolda
Isolde
Iðunn
Iuno
Ixchel
Izanami
Jaya
Jayanti
Jocasta
Juno
Juturna
Juventas
Kali
Kalliope
Kallisto
Kalyani
Kalypso
Kamala
Kanti
Karme
Kassandra
Kassiopeia
Khordad
Kirke
Kleio
Klotho
Klytië
Korë
Kriemhild
Kumari
Kunti
Kyllikki
Kynthia
Lachesis
Laima
Lakshmi
Lalita
Larisa
Lauma
Laverna
Lavinia
Leda
Leto
Libitina
Ligeia
Lilith
Lorelei
Louhi
Loviatar
Lucina
Lucretia
Luna
Luned
Lunete
Madhavi
Maeve
Maia
Maia
Marama
Maya
Méabh
Meadhbh
Medb
Medea
Medeia
Medusa
Megaera
Melaina
Melete
Melia
Melissa
Melpomene
Melusine
Mielikki
Milda
Mina
Minerva
Mneme
Mnemosyne
Mohini
Mokosh
Morana
Mordad
Morgaine
Morgan
Morgen
Morrigan
Mórríghan
Mór ríoghain
Muirenn
Muirgen
Muirne
Naenia
Nanaea
Nanaia
Nausicaa
Nausikaa
Neas
Neasa
Neith
Nemesis
Nephele
Nephthys
Nerthus
Ness
Nessa
Niamh
Nike
Nimue
Nina
Niobe
Nit
Nona
Nyx
Oenone
Oinone
Ourania
Padmavati
Pallas
Pandora
Papa
Parthenia
Parthenope
Parvati
Pax
Pele
Penelope
Persephone
Phaedra
Philomela
Phoebe
Phoibe
Phyllis
Polyhymnia
Polymnia
Polyxena
Pomona
Praxis
Pritha
Priya
Proserpina
Proserpine
Psyche
Radha
Rajani
Rati
Reva
Rhea
Rheia
Rhiannon
Rigantona
Ríghnach
Ríoghnach
Rukmini
Sabia
Sadb
Sadbh
Sadhbh
Saga
Salacia
Sandhya
Saraswati
Sati
Saule
Saulė
Sauliā
Savitri
Sedna
Selena
Selene
Semele
Shailaja
Shakti
Shanta
Shivali
Shri
Sieglinde
Sif
Signý
Sigrún
Silvia
Sita
Siv
Šiwa
Skaði
Skuld
Sri
Sumati
Sunita
Sushila
Svanhild
Svanhildr
Tanis
Tanit
Tanith
Tara
Tellervo
Terpsichore
Tethys
Thalia
Theia
Themis
Tiamat
Tisiphone
Tuulikki
Uma
Urania
Urd
Usha
Ushas
Valli
Vellamo
Venus
Verdandi
Vesta
Victoria
Vidya
Xanthe
Xochiquetzal
Yami
Ysolt
Zaramama
Živa
