Agathe
Agnes
Agnetha
Ågot
Aina
Alexandra
Alfhild
Alva
Amanda
Andrea
Anita
Anja
Anna
Annbjørg
Anne
Annelie
Anniken
Antonia
Arnbjørg
Åse
Aslaug
Asta
Astrid
Audhild
Beata
Benedikte
Bergliot
Bergljot
Berit
Birgit
Birgitta
Bjørg
Bodil
Borghild
Brigitta
Brit
Brita
Britt
Britta
Brynhild
Camilla
Carina
Caroline
Cathrine
Cecilie
Charlotte
Christin
Christina
Christine
Dagmar
Dagny
Dagrun
Dorothea
Ea
Ebba
Edith
Eira
Eleonora
Eli
Elin
Elisabet
Elisabeth
Elise
Ella
Ellinor
Else
Emilia
Emilie
Emma
Erika
Erle
Ester
Eva
Frida
Frøya
Gerd
Gerda
Gina
Grete
Grethe
Gro
Gry
Gudrun
Gull
Gunda
Gunhild
Gunhilda
Gunnhild
Gunnvor
Gunvor
Hanna
Hanna
Hanne
Hanne
Hedda
Hedvig
Hege
Heidi
Helena
Helene
Helga
Hella
Henriette
Henrike
Hilda
Hildegard
Hildegarde
Hildur
Hjørdis
Hulda
Ida
Ina
Inga
Ingebjørg
Ingeborg
Ingegerd
Inger
Ingrid
Ingvild
Irene
Iris
Isabella
Jacobine
Janne
Jannicke
Jannike
Jessica
Johanna
Johanne
Jorun
Jorunn
Judit
Julia
Kaia
Kaja
Kamilla
Karen
Kari
Karin
Karina
Karine
Karla
Karolina
Karoline
Katarina
Katharina
Kathrine
Katja
Katrine
Kirsten
Kjellfrid
Kjersti
Kjerstin
Klara
Kristin
Kristina
Kristine
Laila
Laura
Lea
Lena
Lene
Lilly
Lina
Linda
Line
Lis
Lisa
Lisbet
Lise
Liv
Lovise
Lucia
Magda
Magdalena
Magnhild
Maiken
Maja
Maja
Malene
Malin
Maren
Margareta
Margit
Margrete
Margrethe
Mari
Maria
Marianne
Marie
Marina
Marit
Marita
Marta
Marte
Martha
Martina
Mathilde
Meta
Mette
Mia
Mikaela
Milla
Milly
Mona
Monika
Nanna
Nora
Olga
Olivia
Paula
Pauline
Pernille
Petra
Pia
Ragna
Ragnhild
Rakel
Rebekka
Regina
Regine
Renate
Rita
Rosa
Rosemarie
Runa
Ruth
Sandra
Sara
Selma
Sigfrid
Signe
Signy
Sigrid
Sigrun
Silje
Siri
Siv
Sofia
Solveig
Sølvi
Sonja
Stina
Stine
Sunniva
Susann
Susanne
Svanhild
Sylvi
Sylvia
Synnøve
Tea
Tekla
Teresa
Thea
Theresa
Therese
Thora
Thyra
Tine
Tone
Tora
Torbjørg
Torborg
Tordis
Torhild
Toril
Torny
Torø
Tove
Turid
Tuva
Tyra
Ulla
Ulrika
Ursula
Vera
Veronika
Veslemøy
Vibeke
Viktoria
Viola
Vivi
Ylva
