Aage
Adolf
Åge
Aksel
Albert
Albin
Aleksander
Alexander
Alf
Alf
Alfred
Alv
Amund
Anders
Andor
Andreas
Ansgar
Anton
Arne
Aron
Arvid
Asbjørn
Asgeir
Åsmund
August
Axel
Bernhard
Bernt
Bertil
Birger
Bjarne
Bjarte
Bjoern
Bjørn
Brynjar
Cai
Caj
Carl
Casper
Christen
Christian
Christoffer
Dag
Dagfinn
Daniel
David
Ebbe
Edvard
Edvin
Egil
Eilert
Einar
Eindride
Eirik
Elias
Emanuel
Emil
Endre
Enok
Erik
Erlend
Erling
Esben
Espen
Felix
Filip
Finn
Folke
Frans
Fredrik
Fridtjof
Fritjof
Frode
Gabriel
Geir
Georg
Gjurd
Godtfred
Gøran
Gregers
Gudbrand
Gudmund
Gulbrand
Gunnar
Gunne
Gustav
Haakon
Håkon
Haldor
Halldor
Halle
Hallvard
Halstein
Halvard
Halvdan
Halvor
Hans
Harald
Håvard
Helge
Hemming
Henning
Henrik
Herleif
Herman
Hjalmar
Holger
Hugo
Inge
Ingolf
Ingvar
Ivar
Jacob
Jakob
Jan
Jarl
Jarle
Jens
Joakim
Johan
Johannes
Jon
Jonas
Jonatan
Jonathan
Jørg
Jørgen
Jørn
Josef
Kai
Kaj
Kåre
Karl
Kasper
Kay
Kennet
Kenneth
Kevin
Kim
Kjell
Kjetil
Klaus
Knut
Knute
Konrad
Kristen
Kristian
Kristoffer
Lars
Lasse
Laurits
Lauritz
Leif
Leiv
Lennart
Linus
Loke
Lorens
Ludvig
Lukas
Magnus
Marcus
Marius
Mark
Markus
Martin
Mathias
Mats
Matteus
Matthias
Max
Maximilian
Mikael
Mikkel
Morten
Nikolaus
Nils
Njål
Njord
Odd
Oddmund
Ola
Olaf
Olav
Ole
Oliver
Ørjan
Oscar
Oskar
Osvald
Otto
Ove
Øystein
Øyvind
Pål
Paul
Peder
Peer
Per
Peter
Petter
Philip
Pontus
Ragnar
Ragnvald
Ralf
Ralph
Rasmus
Rikard
Roald
Roar
Robert
Rolf
Ruben
Rudolf
Rune
Salomon
Samuel
Sander
Sebastian
Severin
Sigmund
Sigurd
Simen
Simon
Sindre
Sjurd
Snorre
Søren
Stefan
Steffen
Stein
Sten
Stian
Stig
Svante
Svein
Sven
Sverre
Tallak
Teodor
Terje
Theodor
Thomas
Thor
Thorbjørn
Thore
Thorstein
Thorvald
Tim
Tobias
Tollak
Tomas
Tor
Torbjørn
Tore
Torgeir
Torger
Torgils
Torleif
Tormod
Torstein
Torvald
Truls
Trygve
Ulf
Ulrik
Valdemar
Valentin
Valter
Vanja
Varg
Verner
Vidar
Viggo
Viktor
Vilhelm
Vilmar
Vivian
Waldemar
Walter
Werner
Yngvar
Yngve
