Ada
Adela
Adelajda
Adriana
Adrianna
Agata
Agnieszka
Alberta
Albina
Aldona
Aleksandra
Alfreda
Alicja
Alina
Amelia
Anastazja
Anatola
Andżelika
Angelika
Angelina
Ania
Aniela
Anielka
Anita
Anka
Anna
Antonia
Antonina
Apolonia
Ariadna
Asia
Augusta
Augustyna
Aurelia
Barbara
Basia
Beata
Beatrycze
Benedykta
Berta
Blanka
Bogdana
Bogna
Bogumiła
Bogusława
Bolesława
Bożena
Bronisława
Brygida
Cecylia
Celestyna
Celina
Czesława
Daniela
Danuta
Daria
Dobrosława
Dominika
Dorota
Dosia
Edyta
Eleonora
Eligia
Eliza
Elżbieta
Emilia
Estera
Eugenia
Ewa
Felicja
Felicyta
Filipa
Filipina
Franciszka
Fryderyka
Gabriela
Genowefa
Gertruda
Gloria
Gracja
Grażyna
Halina
Hania
Hanna
Helena
Henryka
Honorata
Iga
Ignacja
Ilona
Irena
Irenka
Iwona
Izabela
Izabella
Izolda
Jadwiga
Jadzia
Jagienka
Jagna
Jagoda
Jagusia
Janina
Jarosława
Joanna
Joasia
Jolanta
Jowita
Józefa
Józefina
Judyta
Julia
Julianna
Julita
Justyna
Kaja
Kamila
Karina
Karolina
Kasandra
Kasia
Katarzyna
Kazia
Kazimiera
Kinga
Klara
Klaudia
Klementyna
Konstancja
Kornelia
Krysia
Krystiana
Krystyna
Ksenia
Kunegunda
Laura
Lechosława
Lena
Leokadia
Lesława
Lidia
Liliana
Longina
Łucja
Lucja
Lucyna
Ludmiła
Ludwika
Luiza
Magda
Magdalena
Maja
Maja
Małgorzata
Malina
Malwina
Marcela
Marcelina
Maria
Marianna
Marika
Marlena
Marta
Martyna
Maryla
Marzena
Matylda
Melania
Michalina
Mieczysława
Milena
Mira
Mirosława
Monika
Nadzieja
Natalia
Natalka
Natasza
Nikola
Nina
Ola
Olga
Olimpia
Oliwia
Otylia
Patrycja
Paula
Paulina
Pelagia
Pia
Pola
Radomiła
Radosława
Regina
Renata
Roksana
Romana
Róża
Ruta
Sabina
Salomea
Sara
Serafina
Seweryna
Sławomira
Sobiesława
Stanisława
Stefania
Stefcia
Sybilla
Sylwia
Tatiana
Tekla
Teodora
Teodozja
Teofila
Teresa
Tola
Tosia
Urszula
Wacława
Walentyna
Waleria
Wanda
Wera
Weronika
Wiesława
Wiktoria
Wilhelmina
Wiola
Wioleta
Wioletta
Wisława
Władysława
Wojciecha
Żaklina
Zdzisława
Zofia
Zoja
Zosia
Zula
Zuza
Zuzanna
Zuzia
Zyta
