Adelina
Adriana
Águeda
Albertina
Alda
Alexandra
Alice
Alícia
Aline
Amália
Amanda
Amélia
América
Ana
Anabela
Andréa
Andréia
Andreia
Ângela
Angélica
Anita
Antónia
Antônia
Apolónia
Apolônia
Assunção
Augusta
Aurora
Bárbara
Beatriz
Belinha
Benedita
Benigna
Bernarda
Bia
Branca
Brígida
Bruna
Brunilda
Calista
Calixta
Camila
Carla
Carlota
Carolina
Catarina
Cátia
Cecília
Célia
Chica
Cíntia
Clara
Clarissa
Cláudia
Clementina
Cloé
Constança
Constância
Cristiana
Cristina
Cruz
Daniela
Débora
Délia
Desidéria
Diana
Domitila
Dores
Dorotéia
Doroteia
Dulce
Edite
Eduarda
Efigénia
Efigênia
Elisa
Elisabete
Ema
Emília
Emiliana
Érica
Esmeralda
Estefânia
Estela
Ester
Eufemia
Eugênia
Eulália
Eva
Fábia
Fabiana
Fátima
Felícia
Felicidade
Fernanda
Filipa
Filomena
Flávia
Fortunata
Francisca
Frederica
Gabriela
Genoveva
Gertrudes
Gilda
Gisela
Gláucia
Gloria
Graça
Graciana
Gracília
Helena
Hermínia
Ida
Imaculada
Inês
Iolanda
Irene
Iria
Íris
Isabel
Isabela
Isaura
Isidora
Jacinta
Joana
Joaninha
Jordana
Josefa
Josefina
Jovita
Judite
Júlia
Juliana
Julinha
Laura
Leandra
Leocádia
Leonor
Leticia
Lia
Liana
Lídia
Lígia
Lílian
Liliana
Lívia
Lorena
Lúcia
Luciana
Lucinda
Luísa
Luiza
Lurdes
Luzia
Lygia
Madalena
Mafalda
Magda
Manoela
Manuela
Márcia
Margarida
Maria
Mariana
Marianita
Mariazinha
Marina
Marisa
Marta
Martina
Matilde
Micaela
Miguela
Mônica
Monica
Narcisa
Natália
Nathália
Nela
Nelinha
Neves
Nilda
Noemí
Noêmia
Núria
Octávia
Ofélia
Olga
Olívia
Otávia
Palmira
Patrícia
Paula
Priscila
Rafaela
Raquel
Rebeca
Renata
Rita
Rosa
Rosalina
Rosana
Rosário
Rosinha
Rute
Sabina
Salomé
Sandra
Sara
Serafina
Severina
Sílvia
Silvia
Sofia
Sol
Sonia
Susana
Suzana
Tânia
Tatiana
Telma
Teodora
Teresa
Teresinha
Tereza
Terezinha
Úrsula
Valéria
Vera
Verônica
Virginia
Vitória
Zita
