Abel
Abílio
Adalberto
Adão
Adriano
Afonso
Agostinho
Alberto
Aldo
Aleixo
Alex
Alexandre
Alfredo
Aloisio
Álvaro
Amancio
Amando
Ambrosio
Américo
Amílcar
Anacleto
André
Aníbal
Anselmo
António
Antônio
Armando
Arsenio
Artur
Atílio
Augusto
Aurelio
Balduíno
Bartolomeu
Benedito
Benigno
Benjamim
Bento
Bernardino
Bernardo
Bonifacio
Bras
Breno
Bruno
Caetano
Calisto
Calixto
Camilo
Carlinhos
Carlito
Carlitos
Carlos
Carmo
Casimiro
Cecilio
Celestino
Celio
Celso
César
Cézar
Cezar
Chico
Cipriano
Cláudio
Cleto
Cornélio
Cosme
Cristiano
Cristóvão
Daniel
Danilo
Davi
David
Demétrio
Desidério
Dimas
Dinis
Diniz
Diogo
Dionísio
Domingos
Donato
Duarte
Edmundo
Eduardo
Egídio
Elder
Eleuterio
Elias
Elpidio
Emilio
Enéas
Erasmo
Érico
Ernesto
Estevão
Eugênio
Eusébio
Eustaquio
Evaristo
Ezequiel
Fabiano
Fábio
Fabricio
Faustino
Fausto
Feliciano
Felipe
Felipinho
Félix
Fernando
Fernão
Filipe
Flávio
Florencio
Fortunato
Francisco
Fred
Frederico
Gabriel
Gaspar
Geraldo
Germano
Gervasio
Gil
Gilberto
Gláucio
Glauco
Godofredo
Gonçalo
Graciano
Gualberto
Guálter
Guilherme
Guiomar
Gustavo
Heitor
Hélder
Helder
Heliodoro
Henrique
Herberto
Heriberto
Hermenegildo
Hermínio
Hipólito
Horácio
Hugo
Iago
Inácio
Jacinto
Jacó
Jaime
Jeremias
Jerónimo
Jerônimo
João
Joãozinho
Joaquim
Jordão
Jorge
Jorginho
José
Josué
Julio
Leandro
Leonardo
Leopoldo
Lino
Lourenço
Lucas
Luciano
Lúcio
Luís
Luisinho
Luiz
Manoel
Manuel
Marcelinho
Marcelino
Marcelo
Márcio
Marco
Marcos
Mariano
Marinho
Mário
Marquinhos
Martim
Martinho
Mateus
Matheus
Matias
Maurício
Mauro
Maximiano
Maximiliano
Maximino
Miguel
Miguelito
Modesto
Moisés
Narciso
Natanael
Nataniel
Nelinho
Netuno
Nico
Nicodemo
Nicolau
Noé
Nuno
Octávio
Odilon
Olavo
Olegário
Óscar
Oscar
Osvaldo
Otávio
Ovídio
Patrício
Paulinho
Paulino
Paulo
Pedrinho
Pedro
Pio
Plácido
Plínio
Primo
Quim
Quirino
Rafael
Rafinha
Raimundo
Raul
Raymundo
Régulo
Reinaldo
Remigio
Renato
Reynaldo
Ricardo
Roberto
Rodolfo
Rodrigo
Rogério
Rolando
Roldão
Ronaldo
Roque
Rufino
Rui
Ruy
Salomão
Samuel
Santiago
Saturnino
Sebastião
Sergio
Severino
Silvio
Simão
Tacito
Tadeu
Telmo
Téo
Teobaldo
Teodoro
Teodósio
Teófilo
Thiago
Tiago
Tiburcio
Timoteo
Tito
Tomás
Tomé
Toninho
Tristão
Ulisses
Valerio
Valter
Vasco
Veríssimo
Vicente
Victor
Victorino
Vinícius
Virgílio
Viriato
Vítor
Xandinho
Xavier
Zé
Zeferino
Zezé
