Adela
Adelina
Adriana
Alexandra
Alina
Amalia
Ana
Anca
Andreea
Angela
Angelica
Aurelia
Aurora
Bianca
Bogdana
Brândușa
Camelia
Carmen
Cătălina
Catina
Clara
Claudia
Constanta
Corina
Cornelia
Cosmina
Crina
Cristina
Daciana
Dana
Daniela
Daria
Denisa
Diana
Doina
Dorina
Ecaterina
Elena
Elisabeta
Emilia
Eugenia
Felicia
Flavia
Florina
Gabi
Gabriela
Georgeta
Ileana
Ilinca
Ioana
Iolanda
Ionela
Irina
Isabela
Isabella
Iulia
Iuliana
Laura
Lavinia
Lenuța
Liliana
Livia
Loredana
Lucia
Luminița
Mădălina
Magda
Magdalena
Manuela
Marcela
Margareta
Maria
Mariana
Marilena
Marina
Marta
Mihaela
Mirela
Miruna
Monica
Narcisa
Nicoleta
Oana
Olga
Olimpia
Paula
Petronela
Rahela
Raluca
Ramona
Rodica
Roxana
Ruxandra
Sabina
Sanda
Silvia
Simona
Sonia
Sorina
Ștefania
Stela
Tatiana
Teodora
Tereza
Valentina
Valeria
Veronica
Victoria
Violeta
Viorica
Virginia
