Adam
Adrian
Alexandru
Alin
Andrei
Anton
Artur
Augustin
Aurel
Beniamin
Bogdan
Carol
Cătălin
Cezar
Ciprian
Claudiu
Constantin
Cornel
Corneliu
Cosmin
Costel
Costică
Costin
Cristi
Cristian
Dan
Daniel
Dănuț
Decebal
Denis
Dinu
Dionisie
Dorin
Doru
Dragomir
Dragos
Dragoș
Dumitru
Eduard
Emanuel
Emil
Emilian
Eugen
Fane
Felix
Filip
Flaviu
Florin
Gabriel
Gavril
George
Ghenadie
Gheorghe
Grigore
Haralamb
Horațiu
Horea
Horia
Iancu
Ilie
Ioan
Ion
Ionel
Ionuț
Iosif
Iulian
Iuliu
Laurențiu
Liviu
Luca
Lucian
Manuel
Marcel
Marian
Marin
Marius
Martin
Mihai
Mihail
Mihaita
Mircea
Mitica
Neculai
Nelu
Nicolae
Nicu
Nicușor
Octavian
Ovidiu
Paul
Petre
Petrica
Petru
Pompiliu
Radu
Răzvan
Remus
Robert
Sandu
Sebastian
Serafim
Serghei
Sergiu
Silviu
Simion
Simon
Sorin
Ștefan
Stelian
Teodor
Theodor
Tiberiu
Timotei
Toma
Traian
Tudor
Valentin
Valeriu
Vali
Vasile
Vasilica
Veaceslav
Victor
Viorel
Virgil
Virgiliu
Vlad
