Aelia
Aeliana
Aemilia
Aemiliana
Agrippina
Alba
Albina
Antonia
Antonina
Aquilina
Augusta
Augustina
Aurelia
Aureliana
Balbina
Blandina
Caecilia
Caelia
Caelina
Camilla
Cassia
Claudia
Cloelia
Cornelia
Decima
Domitia
Domitilla
Drusa
Drusilla
Fabia
Fabiana
Fabiola
Fabricia
Fausta
Faustina
Flavia
Floriana
Fulvia
Germana
Gratiana
Hadriana
Herminia
Hilaria
Horatia
Hortensia
Iulia
Iuliana
Iunia
Julia
Juliana
Junia
Laelia
Laurentia
Laurentina
Livia
Liviana
Longina
Lucia
Luciana
Lucilla
Lucretia
Marcella
Marcellina
Marcia
Mariana
Marina
Martina
Maxima
Maximiliana
Nona
Octavia
Paula
Paulina
Petronia
Pomponia
Prisca
Priscilla
Quintina
Regula
Rufina
Sabina
Saturnina
Septima
Severina
Tacita
Tatiana
Titiana
Tullia
Valentina
Valeria
Valeriana
Varinia
Verginia
Vibiana
Virginia
Vita
