Aaron
Abacuc
Abdias
Abel
Abia
Abidan
Abisai
Abner
Abraham
Absalom
Achaicus
Adam
Ahoth
Alphaeus
Amos
Amram
Ananias
Anath
Andreas
Annas
Archelaus
Arihel
Aser
Azarias
Azazias
Baltassar
Barnabas
Bartholomeus
Belial
Beniamin
Booz
Cain
Cainan
Carpus
Cephas
Chaleb
Cleopas
Crescens
Cyrus
Danihel
Darius
David
Eleazar
Elias
Eliezer
Eliseus
Emmanuhel
Enoch
Enos
Epaphras
Ephraim
Erastus
Esaias
Esau
Ethan
Eutychus
Ezechias
Ezechiel
Ezras
Felix
Festus
Finees
Gabriel
Gedeon
Habacuc
Heli
Helias
Herodes
Herodion
Hieremias
Hieu
Hiezecihel
Iachin
Iacobus
Iafeth
Iair
Iairus
Iared
Iason
Iepthae
Iesus
Ioab
Iob
Iohannes
Iohel
Iona
Ionas
Ionathan
Ioram
Iosaphat
Ioseph
Iosias
Iosue
Isaac
Ismahel
Israhel
Ithamar
Iudas
Lazarus
Levi
Lucas
Malachi
Manahem
Manasses
Marcus
Matthan
Mattheus
Matthias
Micha
Michael
Mnason
Moses
Moyses
Nadab
Nathan
Nathanahel
Neemias
Nereus
Nicodemus
Noe
Obed
Onesimus
Onesiphorus
Osee
Ozi
Ozias
Ozihel
Paulus
Petrus
Philippus
Prochorus
Raphael
Ruben
Salathihel
Salomon
Samson
Samuhel
Saul
Sem
Seth
Silas
Silvanus
Simon
Stephanus
Symeon
Thaddeus
Thomas
Timaeus
Timon
Timotheus
Titus
Tobias
Urbanus
Uri
Urias
Zabulon
Zaccharias
