Adeodatus
Aegidius
Amabilis
Amadeus
Amandus
Amantius
Amator
Amatus
Angelus
Baptista
Beatus
Benedictus
Benignus
Bonifatius
Caelestinus
Caelestis
Caesarius
Caietanus
Calixtus
Callistus
Callixtus
Calogerus
Christianus
Christophorus
Clarus
Clemens
Clementius
Columba
Columbanus
Constans
Constantinus
Constantius
Corbinianus
Crescens
Crescentius
Cyriacus
Delphinus
Deodatus
Desideratus
Desiderius
Deusdedit
Dominicus
Donatianus
Donatus
Dorotheus
Durans
Eligius
Emerentius
Emygdius
Ephesius
Felicianus
Felicius
Felinus
Fidelis
Firminus
Florentinus
Florentius
Florinus
Fortunatus
Franciscus
Frigidianus
Fulgentius
Gabinus
Gerontius
Honoratus
Honorinus
Honorius
Iacomus
Ieronimus
Ignatius
Innocentius
Iosephus
Isaurus
Isidorus
Iustinianus
Iustinus
Iustus
Jacobus
Joannes
Johannes
Justus
Laurus
Leo
Leocadius
Leonius
Liberius
Liborius
Lupus
Magnus
Mauritius
Maurus
Modestus
Narcissus
Natalius
Nazarius
Paschalis
Pastor
Patricius
Peregrinus
Pius
Placidus
Primitivus
Primus
Prosperus
Prudentius
Quirinus
Remigius
Renatus
Romanus
Sabellius
Salvator
Sanctius
Sebastianus
Seraphinus
Servatius
Sidonius
Silvester
Silvius
Urbanus
Ursinus
Ursus
Verissimus
Viator
Victor
Victorinus
Victorius
Vincentius
Virgilius
Vitalis
Vivianus
Zephyrinus
