Afra
Amabilia
Amanda
Amata
Anatolia
Angela
Barbara
Beata
Beatrix
Benedicta
Benigna
Bibiana
Candida
Christiana
Clara
Claritia
Clementia
Constantia
Constantina
Crescentia
Cyriaca
Delphina
Desiderata
Desideria
Dionysia
Dominica
Eligia
Felicia
Feliciana
Felicitas
Felina
Florentia
Florentina
Florina
Fortunata
Francisca
Honorata
Honoria
Honorina
Isaura
Iustina
Johanna
Justina
Katerina
Laetitia
Laura
Leocadia
Leonia
Leontina
Liberia
Margarita
Matrona
Maura
Melania
Modesta
Monica
Narcissa
Natalia
Oliva
Patricia
Petronilla
Pia
Placida
Primitiva
Quirina
Regina
Renata
Romana
Rosalia
Salvatrix
Scholastica
Seraphina
Serena
Sibylla
Sidonia
Silvia
Sollemnia
Sperantia
Sybilla
Therasia
Ursa
Ursula
Verena
Veronica
Viatrix
Victoria
Victorina
Violante
Viviana
