Aelianus
Aelius
Aemilianus
Aemilius
Agrippa
Ahenobarbus
Albanus
Albinus
Albus
Antoninus
Antonius
Appius
Aquila
Aquilinus
Atilius
Augustinus
Augustus
Aulus
Aurelianus
Aurelius
Avitus
Blandinus
Blandus
Blasius
Brutus
Caecilius
Caelinus
Caelius
Caesar
Caius
Camillus
Cassian
Cassianus
Cassius
Cato
Celsus
Cicero
Claudius
Cloelius
Cnaeus
Cornelius
Crispinus
Crispus
Cyprianus
Decimus
Domitianus
Domitius
Drusus
Egnatius
Fabianus
Fabius
Fabricius
Faustinus
Faustus
Felix
Festus
Flavianus
Flavius
Florianus
Florus
Fulvius
Gaius
Gallus
Germanus
Glaucia
Gnaeus
Gordianus
Gratianus
Hadrianus
Herminius
Hilarius
Horatius
Hortensius
Ianuarius
Iovita
Iulianus
Iulius
Iunius
Januarius
Julius
Junius
Laelius
Laurentinus
Laurentius
Livianus
Livius
Longinus
Lucianus
Lucius
Lucretius
Marcellinus
Marcellus
Marcius
Marcus
Marianus
Marinus
Marius
Martialis
Martinus
Maximianus
Maximilianus
Maximinus
Maximus
Nero
Nerva
Nonus
Octavianus
Octavius
Otho
Ovidius
Paulinus
Paulus
Petronius
Plinius
Pompeius
Pompilius
Pomponius
Pontius
Priscus
Publius
Quintillus
Quintinus
Quintus
Regulus
Rufinus
Rufus
Sabinus
Saturninus
Secundinus
Secundus
Seneca
Septimius
Septimus
Sergius
Servius
Severianus
Severinus
Severus
Sextilius
Sextus
Spurius
Tacitus
Tatianus
Tatius
Terentius
Tertius
Thracius
Tiberius
Tiburtius
Titianus
Titus
Traianus
Tullius
Valentinus
Valerianus
Valerius
Varinius
Varius
Vergilius
Verginius
Vespasianus
Vibianus
Vibius
Vinicius
Vitus
