Agafya
Agata
Aglaya
Agnessa
Agrafena
Akilina
Aksinya
Akulina
Aleksandra
Aleksandrina
Alisa
Alla
Allochka
Alyona
Anastasia
Anastasiya
Anfisa
Angela
Angelina
Ania
Anna
Annushka
Antonina
Anushka
Anya
Anzhela
Anzhelina
Apollinariya
Arina
Arisha
Asya
Avdotya
Bogdana
Boleslava
Borislava
Bronislava
Darya
Diana
Dominika
Dunya
Dunyasha
Ekaterina
Elena
Elizaveta
Esfir
Eva
Evdokiya
Evgeniya
Evpraksiya
Faina
Fedora
Feodora
Filippa
Gala
Galina
Galya
Gavriila
Gennadiya
Grusha
Inga
Inna
Ira
Irina
Irinushka
Isidora
Ivanna
Jekaterina
Karina
Katenka
Katerina
Katia
Katya
Kira
Klara
Klava
Klavdiya
Kristina
Kseniya
Lana
Lara
Larisa
Lena
Lesya
Lidiya
Lidochka
Lilia
Liliya
Lilya
Liouba
Liza
Lizaveta
Luba
Ludmilla
Lyuba
Lyubochka
Lyubov
Lyudmila
Manya
Marfa
Margarita
Marina
Mariya
Marya
Maryana
Masha
Matrona
Matryona
Milena
Miloslava
Miroslava
Nadejda
Nadezhda
Nadya
Nastasia
Nastasya
Nastya
Nata
Nataliya
Natalya
Natasha
Nika
Nina
Nina
Ninel
Nonna
Oksana
Olga
Olya
Oxana
Pelageya
Polina
Praskoviya
Praskovya
Rada
Radoslava
Raisa
Roksana
Roza
Ruf
Rufina
Sabina
Selena
Serafima
Shura
Snezhana
Sofiya
Sofya
Sonya
Stanislava
Stasya
Susanna
Sveta
Svetlana
Syuzanna
Taisiya
Tamara
Tanya
Tasha
Tatiana
Tatyana
Tekla
Toma
Tsetsiliya
Uliana
Ustinya
Valentina
Valeriya
Varvara
Varya
Vasilisa
Vera
Verochka
Veronika
Verusha
Viktoriya
Violetta
Vitaliya
Vladimira
Vladislava
Yana
Yaroslava
Yekaterina
Yelena
Yelizaveta
Yesfir
Yeva
Yevdokiya
Yevgeniya
Yevpraksiya
Yulia
Yuliana
Yulianna
Yuliya
Yustina
Zhanna
Zhannochka
Zhenya
Zina
Zinaida
Zinoviya
Zlata
Zoya
