Aghi
Agmundr
Áki
Áleifr
Alfarr
Ari
Arnþórr
Arnviðr
Ásbjörn
Ásgeirr
Ásketill
Ásmundr
Ásvaldr
Aðalsteinn
Birgir
Bjarni
Bjartr
Björn
Brandr
Brynjarr
Búi
Dagfinnr
Egill
Eileifr
Eindriði
Eiríkr
Erlendr
Erlingr
Eysteinn
Eyvindr
Finnr
Fólki
Friðþjófr
Fróði
Gautstafr
Gulbrandr
Gunnarr
Guðbrandr
Guðfriðr
Guðmundr
Hákon
Hálfdan
Hallbjörn
Hallsteinn
Hallþórr
Hallvarðr
Haraldr
Helgi
Herleifr
Hjálmarr
Hrafn
Hróarr
Hrœrekr
Hrólfr
Hróðgeirr
Hróðólfr
Hugleikr
Ingi
Ingimárr
Ingólfr
Ingvarr
Ívarr
Jarl
Ketill
Knútr
Kóri
Leifr
Njáll
Ragnarr
Ragnvaldr
Randúlfr
Ráðúlfr
Rúni
Sigfrøðr
Sigmundr
Sigsteinn
Sigurðr
Sindri
Snorri
Somarliðr
Steinn
Stígandr
Stigr
Svantepolk
Sveinn
Sverrir
Þórbjörn
Þórgeirr
Þórgísl
Þórgnýr
Þórir
Þórketill
Þórleifr
Þórleikr
Þórmóðr
Þórsteinn
Þórvaldr
Tryggvi
Úlfr
Valdimárr
