Abi
Africa
Aifric
Aileas
Aileen
Ailsa
Ainsley
Annag
Barabal
Beathag
Beileag
Beitris
Cairistìona
Caitrìona
Caoimhe
Catrina
Catriona
Deòiridh
Donalda
Donaldina
Donella
Ealasaid
Edna
Effie
Eilidh
Eilionoir
Eimhir
Eithne
Elspet
Elspeth
Fenella
Finella
Finola
Fiona
Fionola
Frangag
Glenna
Gormlaith
Greer
Griselda
Grizel
Iona
Iseabail
Ishbel
Isla
Isobel
Jamesina
Jean
Jessie
Keavy
Keitha
Kenina
Kenna
Kennedy
Kirsteen
Kirstie
Kirstin
Kirsty
Lachina
Lileas
Lilias
Lillias
Lindsay
Lindsey
Liùsaidh
Lorna
Maighread
Mairead
Màiri
Maisie
Malina
Malvina
Marsaili
Maura
Mhairi
Moira
Mór
Morag
Morna
Morven
Moyna
Moyra
Muireall
Murdag
Murron
Mysie
Nandag
Neilina
Oighrig
Peigi
Raghnaid
Rhona
Rodina
Ronalda
Saundra
Senga
Seona
Seonag
Seònaid
Sheena
Sheona
Shona
Sìleas
Sìne
Sìneag
Slàine
Sorcha
Teàrlag
Teasag
Ùna
