Aidan
Ailpein
Aindrea
Alan
Alasdair
Alastair
Alistair
Alister
Allan
Allen
Alpin
Amhlaidh
Angus
Aodh
Aodhagán
Aodhán
Aonghas
Aonghus
Archibald
Archie
Arran
Artair
Athol
Aulay
Barclay
Beathan
Bhaltair
Bhàtair
Blair
Boyd
Bruce
Cailean
Cairbre
Callum
Calum
Cameron
Campbell
Carbrey
Carbry
Carson
Christie
Christy
Cináed
Coinneach
Colin
Conall
Cormag
Craig
Dàibhidh
Daividh
Dand
Deòrsa
Dermid
Diarmad
Domhnall
Domnall
Donald
Donnchad
Donnchadh
Dougal
Douglas
Dubhghall
Dubhghlas
Duff
Dugald
Duncan
Eachann
Eallair
Eanraig
Edan
Eideard
Ellar
Eoghan
Eoin
Erskine
Euan
Evander
Ewan
Ewen
Farquhar
Fearchar
Fearghas
Fergie
Fergus
Fife
Filib
Findlay
Fingal
Fingall
Finlay
Finley
Fionnghall
Fionnlagh
Fionntan
Forbes
Frang
Fraser
Frazier
Fyfe
Gavin
Gilchrist
Gillespie
Gilroy
Glen
Glenn
Goraidh
Gordon
Graeme
Graham
Grahame
Grant
Gregor
Greig
Griogair
Gus
Hamish
Heck
Heckie
Hendry
Iagan
Iain
Ian
Innes
Iomhar
Irvine
Irving
Islay
Ivor
Jamie
Jock
Jockie
Jocky
Keir
Keith
Kenneth
Kenny
Kentigern
Kerr
Kester
Labhrainn
Lachie
Lachlan
Lauchlan
Lennon
Lennox
Lenox
Lockie
Logan
Máel coluim
Malcolm
Maoilios
Marcas
Mìcheal
Micheil
Monroe
Moray
Muir
Muireadhach
Mungo
Munro
Munroe
Murchadh
Murdo
Murray
Naoise
Naomhán
Neacel
Neil
Niall
Nichol
Nicol
Ninian
Niven
Pàdraig
Pàl
Peadar
Pòl
Rab
Rabbie
Raghnall
Raibeart
Ramsay
Ranald
Ranulf
Ranulph
Roddy
Roderick
Ronald
Rorie
Rory
Ross
Roy
Ruadh
Ruairi
Ruairidh
Ruaraidh
Ruaridh
Sachairi
Sawney
Scot
Scott
Scottie
Scotty
Seaghdh
Seoc
Seòras
Seòsaidh
Seumas
Shaw
Sholto
Shug
Sìoltach
Somerled
Somhairle
Sorley
Steafan
Steaphan
Steenie
Stuart
Suibhne
Sweeney
Tadg
Tadhg
Tam
Tàmhas
Tasgall
Taskill
Tavish
Teàrlach
Tòmas
Torcuil
Torquil
Ualan
Uilleam
Ùisdean
Wallace
