Adrijana
Agata
Agneza
Agnija
Aleksandra
Alma
Alojzija
Amalija
Ana
Anamarija
Anastasija
Anastazija
Anđa
Anđela
Anđelka
Andjela
Andrea
Andreja
Andrijana
Anica
Anita
Anja
Anka
Ankica
Antica
Antonela
Antonija
Atanasija
Bara
Barbara
Barica
Bernarda
Biljana
Biserka
Blanka
Blaženka
Bogdana
Bojana
Borislava
Božena
Božica
Božidarka
Branimira
Branislava
Branka
Brankica
Brigita
Bruna
Cecilija
Cila
Cvijeta
Cvita
Dajana
Daliborka
Damjana
Danica
Danijela
Daria
Darija
Darinka
Davorka
Dejana
Dijana
Dora
Doris
Dorotea
Doroteja
Draga
Dragana
Dragica
Dragoslava
Draženka
Dubravka
Dunja
Đurđa
Đurđica
Dušana
Edita
Elena
Eleonora
Elizabeta
Ema
Emanuela
Emilija
Ena
Erika
Eva
Filipa
Finka
Franka
Gabriela
Gabrijela
Goranka
Gordana
Hana
Helena
Ida
Ilinka
Ina
Ines
Irena
Isidora
Iskra
Iva
Ivana
Ivančica
Ivanka
Ivka
Ivona
Jadranka
Jaga
Jagoda
Jana
Janja
Jasmina
Jasminka
Jasna
Jela
Jelena
Jelica
Jelisaveta
Jelka
Jolanda
Josipa
Jovana
Jovanka
Jozefina
Jožica
Julija
Julijana
Karla
Karmela
Karmen
Karolina
Kata
Katarina
Kate
Katica
Klara
Klaudija
Klementina
Krešimira
Kristina
Ksenija
Lana
Lara
Larisa
Laura
Lea
Lidija
Lina
Linda
Ljerka
Ljiljana
Ljuba
Ljubica
Lorena
Luca
Lucija
Magda
Magdalena
Maja
Maja
Majda
Manda
Mandica
Mara
Mare
Margareta
Marica
Marija
Marijana
Marina
Marinela
Marjana
Marta
Martina
Maša
Matea
Mateja
Melanija
Mihaela
Mila
Milana
Milanka
Milena
Milica
Milka
Mira
Mirela
Mirjam
Mirjana
Mirna
Miroslava
Mirta
Mladenka
Mojca
Monika
Morana
Nada
Nadežda
Nadica
Naida
Natalija
Nataša
Neda
Nedeljka
Nediljka
Nedjeljka
Nela
Nensi
Nevena
Nevenka
Nika
Nikolina
Nina
Nives
Olga
Olgica
Olivera
Patricija
Paula
Paulina
Pavica
Petra
Radmila
Radomira
Radoslava
Ranka
Renata
Romana
Rozalija
Rozika
Ruža
Ružica
Sabina
Sandra
Sanela
Sanja
Sanjica
Sara
Senka
Severina
Silvija
Slađana
Sladjana
Slavica
Slavka
Slobodanka
Smiljana
Snežana
Snježana
Sofija
Sonja
Spomenka
Stana
Stanislava
Stanka
Štefanija
Štefica
Stoja
Sunčana
Sunčica
Suzana
Svetlana
Svjetlana
Tajana
Tanja
Tatjana
Tea
Tena
Teodosija
Terezija
Tihana
Tijana
Tina
Tomislava
Tonka
Valentina
Valerija
Vasilija
Veca
Vedrana
Vera
Verica
Veronika
Vesela
Vesna
Viktorija
Vilma
Vinka
Violeta
Višnja
Vjekoslava
Vladimira
Vlasta
Vlatka
Žaklina
Žana
Zdenka
Zdravka
Željka
Zlata
Zlatica
Zora
Zorica
Zorka
Zrinka
Zvezdana
Zvjezdana
Zvonimira
