Adam
Aleksandar
Alen
Aljoša
Alojz
Alojzije
Anđelko
Anđelo
Andrej
Andrija
Andro
Ante
Anto
Anton
Antonije
Antonijo
Antonio
Antun
Atanasije
Augustin
Bartol
Bartolomej
Berislav
Bernard
Blago
Blagoje
Blaž
Bogdan
Bojan
Boris
Borislav
Borko
Borna
Boro
Boško
Boža
Božidar
Božo
Branimir
Branislav
Branko
Bratislav
Bruno
Čedomir
Dalibor
Damir
Damjan
Daniel
Danijel
Danilo
Danko
Darijo
Dario
Darko
David
Davor
Davorin
Dejan
Denis
Dimitrije
Dinko
Dino
Djordje
Djuradj
Dmitar
Dobroslav
Domagoj
Dominik
Đorđe
Dorijan
Dragan
Drago
Dragomir
Dragoslav
Dragutin
Draško
Dražen
Dubravko
Đurađ
Đuro
Dušan
Duško
Edi
Eduard
Emanuel
Emil
Erik
Ervin
Eugen
Fabijan
Filip
Florijan
Fran
Frane
Franjo
Franko
Gabrijel
Goran
Gordan
Grga
Grgur
Henrik
Hrvoje
Igor
Ilija
Isaija
Ivan
Ivica
Ivo
Jadran
Jadranko
Jakob
Jakov
Jakša
Janko
Javor
Jerko
Jeronim
Jevrem
Joakim
Josif
Josip
Joško
Joso
Jovan
Jozo
Juraj
Jure
Jurica
Juro
Karlo
Klaudio
Konstantin
Krešimir
Krešo
Kristijan
Kristofor
Krsto
Kruno
Krunoslav
Kuzman
Ladislav
Lazar
Leo
Leon
Ljuban
Ljubo
Ljubomir
Lovre
Lovrenco
Lovro
Lucijan
Luka
Marijan
Marijo
Marin
Marinko
Mario
Marjan
Marko
Martin
Mate
Matej
Mateja
Mateo
Matija
Matko
Mato
Mihael
Mihailo
Mihajlo
Miho
Mihovil
Mijo
Milan
Mile
Milenko
Milivoj
Miljenko
Miloje
Milojica
Milorad
Miloš
Miodrag
Mirko
Miro
Miroslav
Mislav
Mladen
Nebojša
Nedeljko
Nediljko
Nedjeljko
Nemanja
Nenad
Neno
Neven
Nikica
Niko
Nikola
Nikša
Obrad
Ognjan
Ognjen
Oliver
Paškal
Paško
Patrik
Pavao
Pavle
Pavo
Pejo
Perica
Pero
Petar
Plamen
Predrag
Rade
Radmilo
Radomir
Radoslav
Radovan
Rajko
Ranko
Ratimir
Ratko
Renato
Robert
Roko
Roman
Rudolf
Sandi
Sanel
Sanjin
Saša
Sava
Sebastijan
Silvijo
Silvio
Šime
Šimo
Simo
Šimun
Siniša
Slava
Slaven
Slavko
Slavomir
Slobodan
Srećko
Stanimir
Stanislav
Stanko
Štefan
Stefan
Stevan
Stevo
Stipan
Stipe
Stipo
Stjepan
Stojan
Svetomir
Tadija
Teodor
Tihomir
Tin
Todor
Toma
Tomica
Tomislav
Tomo
Tonći
Tonči
Toni
Tvrtko
Uros
Uroš
Valent
Valentin
Vanja
Vasilije
Vedran
Velibor
Velimir
Veljko
Veselko
Vid
Vikentije
Viktor
Vilim
Vilko
Vinko
Vitomir
Vjeko
Vjekoslav
Vladan
Vladimir
Vladislav
Vlado
Vlaho
Vlastimir
Vlatko
Vuk
Vukašin
Žarko
Zdenko
Zdeslav
Zdravko
Želimir
Željko
Živko
Zlatan
Zlatko
Zoran
Zvonimir
Zvonko
