Albert
Albin
Aleks
Aleksander
Aleksej
Alen
Aleš
Alfonz
Aljaž
Aljoša
Alojz
Alojzij
Amadej
Ambrož
Andraž
Andrej
Anej
Anton
Anže
Artur
Avgust
Avguštin
Bernard
Blaž
Bogdan
Bogomir
Bojan
Bor
Boris
Borislav
Borut
Boško
Boštjan
Božidar
Branimir
Branislav
Branko
Ciril
Črt
Črtomir
Cvetko
Dalibor
Damijan
Damir
Damjan
Daniel
Danijel
Danilo
Darko
David
Davor
Dejan
Denis
Dimitrij
Domen
Dominik
Dragan
Drago
Dragomir
Dragoslav
Dragutin
Dušan
Edi
Edvard
Emil
Enej
Erazem
Erik
Ernest
Fabijan
Feliks
Ferdinand
Filip
Fran
Franc
Frančišek
Friderik
Gašper
Goran
Gregor
Henrik
Herbert
Herman
Ignac
Ignacij
Igor
Ivan
Izidor
Jaka
Jakob
Jan
Janez
Janko
Jaša
Javor
Jernej
Josip
Jošt
Jože
Jožef
Julij
Jure
Jurica
Jurij
Justin
Karel
Karol
Klemen
Konrad
Kristijan
Kristjan
Krištof
Ladislav
Lenart
Leon
Leopold
Lojze
Lovrenc
Lovro
Ludvik
Luka
Maj
Marijan
Marjan
Marko
Martin
Matej
Matevž
Matic
Matija
Matjaž
Metod
Miha
Mihael
Miklavž
Milan
Milivoj
Miloš
Miran
Mirko
Miro
Miroslav
Mitja
Mladen
Nace
Nejc
Nik
Niko
Nikola
Nikolaj
Oskar
Ožbalt
Ožbej
Pavel
Peter
Primož
Rafael
Rajmund
Rihard
Robert
Rok
Roman
Rudolf
Samo
Sandi
Saša
Sašo
Sebastijan
Sebastjan
Silvester
Simon
Slava
Slavko
Srečko
Stanislav
Stanko
Štefan
Stojan
Tadej
Teodor
Tim
Timotej
Tinek
Tjaž
Tomaž
Tomislav
Tone
Urban
Urh
Uroš
Valentin
Valter
Vid
Viktor
Vili
Viljem
Vilko
Vincenc
Vinko
Vladimir
Vladislav
Žan
Zdenko
Zdravko
Željko
Žiga
Zlatan
Zlatko
Zoran
