Abigaíl
Adela
Adelaida
Adelia
Adelina
Adelita
Adora
Adriana
Agata
Águeda
Agustina
Alba
Alejandra
Alexandra
Alicia
Alita
Alma
Almudena
Alondra
Amada
Amalia
Amanda
Amaranta
Amarilis
Amaya
Amelia
América
Amparo
Ana
Anabel
Anastasia
Ángela
Angélica
Angelina
Angelita
Anita
Anselma
Antonia
Anunciación
Araceli
Aracelis
Aracely
Arcelia
Ariadna
Armida
Ascensión
Asun
Asunción
Aurora
Azeneth
Azucena
Beatriz
Belén
Benigna
Benita
Bernardita
Berta
Bethania
Bibiana
Bienvenida
Blanca
Brigida
Brunilda
Calista
Calixta
Camila
Cande
Candela
Candelaria
Candelas
Caridad
Carla
Carlota
Carmela
Carmelita
Carmen
Carmina
Carolina
Catalina
Cecilia
Celestina
Celia
Charo
Chelo
Chita
Clara
Clarisa
Claudia
Clementina
Cloe
Concepción
Concha
Conchita
Constanza
Consuela
Consuelo
Crescencia
Cristina
Cruz
Cruzita
Custodia
Dalia
Dania
Daniela
Débora
Delfina
Delia
Desideria
Diana
Dolores
Dominga
Domitila
Dora
Dorita
Dorotea
Dulce
Edelmira
Elena
Eliana
Elisa
Elodia
Eloísa
Elvira
Ema
Emelina
Emigdia
Emilia
Emiliana
Emperatriz
Encarna
Encarnación
Encarnita
Ercilia
Ernesta
Ernestina
Esmeralda
Esperanza
Estefanía
Estela
Ester
Esther
Estrella
Etelvina
Eufemia
Eugenia
Eulalia
Eva
Evangelina
Evelia
Evita
Fabiana
Fabiola
Fátima
Felicia
Feliciana
Felicidad
Felipa
Fernanda
Fidela
Fidelia
Filomena
Flavia
Florentina
Florina
Florinda
Fortunata
Francisca
Gabriela
Genoveva
Georgina
Gertrudis
Gisela
Gloria
Gracia
Graciana
Graciela
Griselda
Guadalupe
Haydée
Herminia
Hilaria
Hilda
Hortensia
Ida
Idoya
Ileana
Iliana
Imelda
Inés
Inmaculada
Irene
Iris
Irma
Isa
Isabel
Isabela
Isabella
Isaura
Isidora
Itziar
Ivette
Jacinta
Jesenia
Jessenia
Jesusa
Jimena
Joaquina
Jordana
Josefa
Josefina
Jovita
Juana
Juanita
Judit
Judith
Julia
Juliana
Laura
Laurita
Leandra
Leocadia
Leonor
Leticia
Lidia
Liliana
Loida
Lola
Lolita
Lorena
Lorenza
Lourdes
Lucía
Luciana
Lucila
Luisa
Luisina
Lupe
Lupita
Luz
Macarena
Macaria
Magdalena
Maite
Malena
Manola
Manuela
Manuelita
Marcela
Marcia
Margarita
María
Mariana
Marianela
Marianita
Maribel
Maricela
Maricruz
Marina
Marisa
Marisela
Marisol
Maristela
Marita
Maritza
Marta
Martina
Martirio
Martita
Matilde
Maura
Máxima
Mayra
Mayte
Melania
Melisa
Mercedes
Merche
Micaela
Miguela
Milagros
Mireia
Mireya
Modesta
Mónica
Narcisa
Natalia
Nereida
Nicolasa
Nidia
Nieve
Nieves
Nilda
Noelia
Noemí
Nohemi
Nuria
Nydia
Obdulia
Octavia
Odalis
Odalys
Ofelia
Olalla
Olga
Olimpia
Olivia
Paca
Pacífica
Palmira
Paloma
Paola
Paquita
Pascuala
Pastora
Patricia
Paula
Paulina
Paz
Pepita
Perla
Perlita
Perpetua
Petrona
Pía
Piedad
Pilar
Pili
Primitiva
Priscila
Prudencia
Rafaela
Ramona
Raquel
Rayen
Rebeca
Reina
Remedios
Renata
Reyes
Reyna
Ricarda
Rita
Roberta
Robertina
Rocío
Rosa
Rosalina
Rosalinda
Rosalva
Rosario
Rosenda
Rosita
Roxana
Rufina
Ruperta
Rut
Sabina
Salud
Sancha
Sanchia
Sara
Sarita
Saturnina
Selena
Septima
Silvia
Socorro
Sofía
Sol
Soledad
Sonia
Susana
Susanita
Tatiana
Tecla
Telma
Teodora
Teófila
Tere
Teresa
Teresita
Tomasa
Trini
Trinidad
Ursula
Valencia
Valentina
Valeria
Varinia
Verónica
Victoria
Vilma
Violeta
Virginia
Visitación
Viviana
Ximena
Xiomara
Xochilt
Xochitl
Yadira
Yamila
Yesenia
Yessenia
Yolanda
Ysabel
Zoraida
