Aarón
Abel
Adalberto
Adán
Adolfito
Adolfo
Adrián
Agapito
Agustín
Alberto
Alejandro
Alejo
Alfonso
Alfredo
Alonso
Álvaro
Amado
Amancio
Amando
Ambrosio
Américo
Amílcar
Anacleto
Anastasio
Andrés
Ángel
Angelino
Aníbal
Anselmo
Antonio
Apolinar
Armando
Arsenio
Arturo
Asdrubal
Atilio
Augusto
Aureliano
Aurelio
Baldomero
Balduino
Baltasar
Bartolomé
Basilio
Baudelio
Bautista
Benigno
Benito
Benjamín
Bernardino
Bernardo
Blas
Bolívar
Bonifacio
Bruno
Buenaventura
Calisto
Calixto
Camilo
Candelario
Carlito
Carlitos
Carlos
Carmelo
Casimiro
Cayetano
Cebrián
Cecilio
Ceferino
Celestino
Celino
Celio
Celso
César
Che
Chimo
Chucho
Chus
Chuy
Cipriano
Ciríaco
Ciriaco
Cirino
Ciro
Claudio
Clemente
Cleto
Clímaco
Conrado
Cornelio
Cristián
Cristóbal
Curro
Custodio
Daniel
Danilo
Darío
David
Demetrio
Desi
Desiderio
Diego
Dimas
Dionisio
Domingo
Donato
Eberardo
Edelmiro
Edgardo
Edmundo
Eduardo
Efraín
Eladio
Eleuterio
Elías
Eligio
Eliseo
Eloy
Elpidio
Emigdio
Emiliano
Emilio
Enrique
Epifanio
Erasmo
Ernesto
Espiridión
Estavan
Esteban
Eugenio
Eusebio
Eustaquio
Eutimio
Eutropio
Evaristo
Ezequiel
Fabio
Fabricio
Faustino
Fausto
Federico
Feliciano
Felipe
Félix
Fermín
Fernando
Fidel
Fito
Flavio
Florencio
Florentino
Fortunato
Fran
Francisco
Fulgencio
Gabino
Gabriel
Galo
Gaspar
Geraldo
Gerardo
Germán
Gervasio
Gil
Gilberto
Glauco
Godofredo
Gonzalo
Goyo
Graciano
Gregorio
Gualterio
Guillermo
Guiomar
Gustavo
Héctor
Heliodoro
Heraclio
Herberto
Heriberto
Hermenegildo
Herminio
Hernán
Hernando
Hipólito
Horacio
Hugo
Ignacio
Ildefonso
Íñigo
Inocencio
Isidoro
Isidro
Ismael
Iván
Jacinto
Jacobo
Jafet
Jaime
Javier
Jenaro
Jeremías
Jerónimo
Jesús
Jimeno
Joaquín
Jordán
Jorge
José
Josué
Juan
Juanito
Julián
Julio
Lalo
Leandro
Leocadio
León
Leonardo
Leoncio
Leopoldo
Lino
Lisandro
Lope
Lorenzo
Lucas
Luciano
Lucio
Luis
Macario
Manolo
Manuel
Marcelino
Marcelo
Marcial
Marcio
Marco
Marcos
Mariano
Mario
Martín
Mateo
Matías
Mauricio
Maximiano
Maximiliano
Maximino
Máximo
Melchor
Miguel
Miguelito
Modesto
Moisés
Nacho
Nacio
Nando
Narciso
Natalio
Natanael
Nataniel
Nazario
Nico
Nicodemo
Nicolao
Nicolás
Noé
Octavio
Olegario
Orfeo
Óscar
Osvaldo
Ovidio
Pablo
Paco
Pancho
Pánfilo
Paquito
Pascual
Pastor
Patricio
Paulino
Pedro
Pepe
Pepito
Pío
Plácido
Plinio
Poncio
Porfirio
Primitivo
Primo
Prospero
Prudencio
Quique
Quirino
Rafa
Rafael
Raimundo
Rainerio
Ramiro
Ramón
Raúl
Raymundo
Régulo
Reinaldo
Remigio
Renato
René
Reynaldo
Ricardo
Rico
Roberto
Rodolfito
Rodolfo
Rodrigo
Rogelio
Rolando
Roldán
Roque
Rosendo
Rubén
Rufino
Ruperto
Ruy
Sabas
Salomón
Salvador
Samuel
Sancho
Sandalio
Santiago
Santos
Saturnino
Sebastián
Sergio
Seve
Severiano
Severino
Severo
Silvestre
Silvio
Simón
Sofronio
Sosimo
Tacito
Tadeo
Tancredo
Telmo
Teo
Teobaldo
Teodoro
Teodosio
Teódulo
Teófilo
Tercero
Tiburcio
Timoteo
Tito
Tomás
Toño
Toribio
Tristán
Ulises
Urbano
Valentín
Valerio
Vasco
Venceslás
Vicente
Víctor
Victorino
Vidal
Vinicio
Virgilio
Vito
Wilfredo
Xavier
Xuan
Yago
Zacarías
