Arzu
Asli
Asuman
Aygül
Ayla
Aylin
Ayşe
Aysel
Aysu
Aysun
Bahar
Banu
Başak
Behiye
Belgin
Berna
Berrak
Beste
Beyza
Bihter
Burçin
Burcu
Çağla
Çağri
Canan
Ceren
Damla
Deniz
Derya
Dilara
Dilek
Ebru
Ece
Eda
Ekin
Elif
Elmas
Elvan
Emel
Emine
Esen
Eser
Esin
Fatma
Feray
Feriha
Fidan
Filiz
Funda
Fusun
Gamze
Gaye
Gizem
Gonca
Gözde
Gül
Gülay
Gülbahar
Gülden
Gülistan
Gülten
Handan
Hande
Havva
Hazan
Hülya
İlkay
İlknur
İpek
İrmak
Kader
Kadriye
Kelebek
Kiraz
Makbule
Mehtap
Melek
Meltem
Meryem
Müge
Naz
Nergis
Nermin
Nesrin
Nilüfer
Nilüfer
Nimet
Nur
Nuray
Nurgül
Nurten
Özge
Özlem
Pembe
Pinar
Reyhan
Sanem
Şebnem
Seda
Semiha
Şenay
Şermin
Serpil
Sevda
Sevgi
Sevil
Sidika
Simge
Su
Şule
Tülay
Tutku
Ülkü
Ulviye
Yağmur
Yasemin
Yeşim
Yeter
Yildiz
Yonca
Zeynep
Ziynet
