Adem
Ahmed
Ahmet
Alp
Altan
Asil
Aslan
Ata
Ayberk
Aydin
Aytaç
Bariş
Bayram
Berk
Berkant
Berker
Bilge
Bora
Buğra
Bulut
Bünyamin
Burak
Çağatay
Can
Cemal
Cemil
Cengiz
Cenk
Cihan
Coskun
Cumhur
Devrim
Direnç
Doruk
Duygu
Ediz
Egemen
Ekrem
Emin
Emir
Emre
Ender
Engin
Enis
Enver
Erdem
Eren
Erol
Evren
Fahri
Feridun
Ferit
Firat
Fuat
Galip
Göker
Gürsel
Hakan
Halil
Halim
Haluk
Hayati
Hayri
Hikmet
İbrahim
İhsan
İlhami
İlhan
İlker
İlkin
İskender
İzzet
Kadir
Kadri
Koray
Kudret
Kuzey
Levent
Mahzun
Mazhar
Mehmed
Mehmet
Mert
Metin
Mücahit
Muhammet
Murat
Musa
Ömer
Onur
Orhan
Osman
Ozan
Özgür
Savaş
Selim
Serhan
Serhat
Serkan
Soner
Süleiman
Süleyman
Tahir
Taner
Taylan
Temel
Tolga
Tunç
Tuncay
Turgay
Ufuk
Uğur
Ulvi
Ümit
Umut
Utku
Volkan
Yahya
Yakup
Yavuz
Yiğit
Yilmaz
Yunus
Yusuf
Zeki
