Aderyn
Aerona
Aeronwen
Aeronwy
Afanen
Afon
Alis
Angharad
Anwen
Aranrhod
Arianrhod
Bethan
Betrys
Blodeuwedd
Blodeuyn
Blodwen
Braith
Branwen
Briallen
Bron
Bronwen
Bronwyn
Cadi
Caron
Carys
Catrin
Ceinwen
Ceri
Ceridwen
Cerridwen
Cerridwyn
Cerys
Crystin
Delyth
Deryn
Dilwen
Dilys
Disgleirio
Dylis
Efa
Eiluned
Eilwen
Eira
Eirian
Eirlys
Eirwen
Elain
Elen
Eleri
Elin
Eluned
Enid
Esyllt
Eurwen
Ffion
Fflur
Ffraid
Gladys
Glenda
Glenice
Glenys
Glynis
Gwawr
Gwen
Gwenda
Gwendolen
Gwendoline
Gwendolyn
Gweneth
Gwenfrewi
Gwenith
Gwenllian
Gwenneth
Gwenyth
Gwladus
Gwynedd
Gwyneira
Gwyneth
Haf
Hefina
Heledd
Heulog
Heulwen
Hyledd
Lewella
Lleucu
Llewella
Llinos
Lowri
Luned
Mabyn
Mair
Mairwen
Mallt
Mared
Marged
Mari
Megan
Meinir
Meinwen
Meiriona
Mererid
Morwen
Morwenna
Myf
Myfanwy
Nerys
Nest
Nesta
Nia
Non
Olwen
Olwin
Olwyn
Owena
Paderau
Rhian
Rhiannon
Rhianon
Rhianu
Rhonwen
Rhosyn
Riannon
Seren
Siân
Siana
Siani
Sioned
Siwan
Tegan
Tegwen
Tesni
Tiwlip
Winifred
Winnifred
